started GEBSort at we have 9 arguments
1... -input
will take input from disk
file size is 53602940288 bytes or 52346 MBytes

4... -rootfile
rootfile name specified on command line
__will store spectra in rootfile: /lcrc/project/HELIOS/gretinafma/root_data/run193.root
will recreate root file
7... -chat
core file size          (blocks, -c) unlimited
data seg size           (kbytes, -d) unlimited
scheduling priority             (-e) 0
file size               (blocks, -f) unlimited
pending signals                 (-i) 510315
max locked memory       (kbytes, -l) unlimited
max memory size         (kbytes, -m) 128769024
open files                      (-n) 51200
pipe size            (512 bytes, -p) 8
POSIX message queues     (bytes, -q) 819200
real-time priority              (-r) 0
stack size              (kbytes, -s) unlimited
cpu time               (seconds, -t) unlimited
max user processes              (-u) 4096
virtual memory          (kbytes, -v) unlimited
file locks                      (-x) unlimited
will read sorting instructions from chatfile: GEBSort.chat

executing UserDeclare.h code


GEBsort running on: 

initializing

crmat.LINUX is open (input) binary format
read 7936 bytes into Pars.crmat
chat file: <GEBSort.chat> open

will sort a max of 1410065408 events
will sort a max of 1000000 events
will sort 86400 minutes of data
will print details of the first 10 events
will use Pars.Beta (v/c) correction of 0.033000
will sort using a time window of 150
Pars.do_bin_mode2=1
Pars.do_bin_mode3=1
will accept second interaction range between 10.000000 and 500.000000 mm
"1-200"
detector   1 is ENABLED
detector   2 is ENABLED
detector   3 is ENABLED
detector   4 is ENABLED
detector   5 is ENABLED
detector   6 is ENABLED
detector   7 is ENABLED
detector   8 is ENABLED
detector   9 is ENABLED
detector  10 is ENABLED
detector  11 is ENABLED
detector  12 is ENABLED
detector  13 is ENABLED
detector  14 is ENABLED
detector  15 is ENABLED
detector  16 is ENABLED
detector  17 is ENABLED
detector  18 is ENABLED
detector  19 is ENABLED
detector  20 is ENABLED
detector  21 is ENABLED
detector  22 is ENABLED
detector  23 is ENABLED
detector  24 is ENABLED
detector  25 is ENABLED
detector  26 is ENABLED
detector  27 is ENABLED
detector  28 is ENABLED
detector  29 is ENABLED
detector  30 is ENABLED
detector  31 is ENABLED
detector  32 is ENABLED
detector  33 is ENABLED
detector  34 is ENABLED
detector  35 is ENABLED
detector  36 is ENABLED
detector  37 is ENABLED
detector  38 is ENABLED
detector  39 is ENABLED
detector  40 is ENABLED
detector  41 is ENABLED
detector  42 is ENABLED
detector  43 is ENABLED
detector  44 is ENABLED
detector  45 is ENABLED
detector  46 is ENABLED
detector  47 is ENABLED
detector  48 is ENABLED
detector  49 is ENABLED
detector  50 is ENABLED
detector  51 is ENABLED
detector  52 is ENABLED
detector  53 is ENABLED
detector  54 is ENABLED
detector  55 is ENABLED
detector  56 is ENABLED
detector  57 is ENABLED
detector  58 is ENABLED
detector  59 is ENABLED
detector  60 is ENABLED
detector  61 is ENABLED
detector  62 is ENABLED
detector  63 is ENABLED
detector  64 is ENABLED
detector  65 is ENABLED
detector  66 is ENABLED
detector  67 is ENABLED
detector  68 is ENABLED
detector  69 is ENABLED
detector  70 is ENABLED
detector  71 is ENABLED
detector  72 is ENABLED
detector  73 is ENABLED
detector  74 is ENABLED
detector  75 is ENABLED
detector  76 is ENABLED
detector  77 is ENABLED
detector  78 is ENABLED
detector  79 is ENABLED
detector  80 is ENABLED
detector  81 is ENABLED
detector  82 is ENABLED
detector  83 is ENABLED
detector  84 is ENABLED
detector  85 is ENABLED
detector  86 is ENABLED
detector  87 is ENABLED
detector  88 is ENABLED
detector  89 is ENABLED
detector  90 is ENABLED
detector  91 is ENABLED
detector  92 is ENABLED
detector  93 is ENABLED
detector  94 is ENABLED
detector  95 is ENABLED
detector  96 is ENABLED
detector  97 is ENABLED
detector  98 is ENABLED
detector  99 is ENABLED
detector 100 is ENABLED
detector 101 is ENABLED
detector 102 is ENABLED
detector 103 is ENABLED
detector 104 is ENABLED
detector 105 is ENABLED
detector 106 is ENABLED
detector 107 is ENABLED
detector 108 is ENABLED
detector 109 is ENABLED
detector 110 is ENABLED
detector 111 is ENABLED
detector 112 is ENABLED
detector 113 is ENABLED
detector 114 is ENABLED
detector 115 is ENABLED
detector 116 is ENABLED
detector 117 is ENABLED
detector 118 is ENABLED
detector 119 is ENABLED
detector 120 is ENABLED
detector 121 is ENABLED
detector 122 is ENABLED
detector 123 is ENABLED
detector 124 is ENABLED
detector 125 is ENABLED
detector 126 is ENABLED
detector 127 is ENABLED
detector 128 is ENABLED
detector 129 is ENABLED
detector 130 is ENABLED
detector 131 is ENABLED
detector 132 is ENABLED
detector 133 is ENABLED
detector 134 is ENABLED
detector 135 is ENABLED
detector 136 is ENABLED
detector 137 is ENABLED
detector 138 is ENABLED
detector 139 is ENABLED
detector 140 is ENABLED
detector 141 is ENABLED
detector 142 is ENABLED
detector 143 is ENABLED
detector 144 is ENABLED
detector 145 is ENABLED
detector 146 is ENABLED
detector 147 is ENABLED
detector 148 is ENABLED
detector 149 is ENABLED
detector 150 is ENABLED
detector 151 is ENABLED
detector 152 is ENABLED
detector 153 is ENABLED
detector 154 is ENABLED
detector 155 is ENABLED
detector 156 is ENABLED
detector 157 is ENABLED
detector 158 is ENABLED
detector 159 is ENABLED
detector 160 is ENABLED
detector 161 is ENABLED
detector 162 is ENABLED
detector 163 is ENABLED
detector 164 is ENABLED
detector 165 is ENABLED
detector 166 is ENABLED
detector 167 is ENABLED
detector 168 is ENABLED
detector 169 is ENABLED
detector 170 is ENABLED
detector 171 is ENABLED
detector 172 is ENABLED
detector 173 is ENABLED
detector 174 is ENABLED
detector 175 is ENABLED
detector 176 is ENABLED
detector 177 is ENABLED
detector 178 is ENABLED
detector 179 is ENABLED
detector 180 is ENABLED
detector 181 is ENABLED
detector 182 is ENABLED
detector 183 is ENABLED
detector 184 is ENABLED
detector 185 is ENABLED
detector 186 is ENABLED
detector 187 is ENABLED
detector 188 is ENABLED
detector 189 is ENABLED
detector 190 is ENABLED
detector 191 is ENABLED
detector 192 is ENABLED
detector 193 is ENABLED
detector 194 is ENABLED
detector 195 is ENABLED
detector 196 is ENABLED
detector 197 is ENABLED
detector 198 is ENABLED
detector 199 is ENABLED
WARNING: could not open CCcal file "CCenergy.cal", quit
will use beam direction 0.000000 0.000000 1.000000
vector length= 1.000000, normalizing
will use beam direction 0.000000 0.000000 1.000000
Pars.ndetlimlo=1,Pars.ndetlimhi=8
will require mult bt: 1 20
fomlimits, 1, 0.00 ..to.. 0.80
fomlimits, 2, 0.00 ..to.. 0.80
fomlimits, 3, 0.00 ..to.. 0.80
fomlimits, 4, 0.00 ..to.. 0.80
fomlimits, 5, 0.00 ..to.. 0.80
fomlimits, 6, 0.00 ..to.. 0.80
fomlimits, 7, 0.00 ..to.. 0.80
will use M= 350.000000 in bin_dgs
will use PZ file "dgs_pz.cal" in bin_dgs
will use ecal file "dgs_ehi.cal" in bin_dgs
will skip rest of chat file

chat file: <GEBSort.chat> closed
processed 39 sort instructions and 198 lines


sorting this:
Pars.do_bin_mode3 = 1
Pars.do_bin_mode2 = 1
Pars.do_bin_mode1 = 0
Pars.do_bin_dgs = 0
Pars.do_bin_dfma = 0
Pars.do_bin_gtcal = 0
Pars.do_bin_template = 0
Pars.do_bin_final = 0
Pars.do_bin_angcor = 0
Pars.do_bin_angdis = 0
checking proper input of chat file...
input file "/lcrc/project/HELIOS/gretinafma/merged_data/GEBMerged_run193.gtd_000" is open, inData=0x264e1a60
file size is 2063332736 bytes or 2014 MBs 
input source is set up, supposedly

xyz offset values:

executing ShareMemFileUserInit.h code

deleted \rm -f GEBSort.command
root file </lcrc/project/HELIOS/gretinafma/root_data/run193.root>
base=</lcrc/project/HELIOS/gretinafma/root_data/run193.root:/>
TFile: name=/lcrc/project/HELIOS/gretinafma/root_data/run193.root, title=, option=CREATE

executing UserInit.h code

Created Object "dtbtev", 0x27537200
Created Object "T0", 0x27537610
, "T0"Created Object "hitpat", 0x27537a00
, "hitpat"Created Object "numHitArray2", 0x275384c0
, "numHitArray2"Created Object "CCmult", 0x27538ff0
, "CC Multiplicity"Created Object "CCsum", 0x2780a780
, "CCsum"Created Object "hit2", 0x2781a590
, "hit2"Created Object "hit3", 0x2782a3a0
, "hit3"Created Object "hit4", 0x2783a1b0
, "hit4"Created Object "CCsum_nodop", 0x27849fc0
, "CCsum_nodop"Created Object "CCadd", 0x27859dd0
, "CCadd"Created Object "SEGadd_FPGA", 0x27869be0
Created Object "SEGadd_PSA", 0x27869ff0
Created Object "SEGsum_FPGA", 0x2786a400
Created Object "SEGsum_PSA", 0x2786a810
Created Object "radius_all", 0x2786ac20
, "radius (all points)"Created Object "rate_mode2_min", 0x27873030
, "rate_mode2_min headers"Created Object "rate_mode2_sec", 0x27876140
, "rate_mode2_sec headers"Created Object "rate_mode2_intp", 0x27879250
, "rate_mode2 interaction points"Created Object "cdtbtev", 0x2787c500
Created Object "evsr_all", 0x279424e0
Created Object "SMAP_allhits", 0x27942a20
Created Object "SMAP_allhits_sq", 0x27a423b0
Created Object "seghitpat", 0x27b41d40
Created Object "CCe", 0x27b4a140
Created Object "ggCC", 0x27b4a6f0
Created Object "z_plot", 0x27b4aca0
Created Object "crystal_hit", 0x27bfe370
Created Object "SegE", 0x27bfe940
Created Object "crXcr", 0x27bfee80
MAXDETPOS=180
Created Object "eCC_a", 0x27cec9e0
Created Object "eCC_b", 0x27cecdf0
Created Object "eCC_c", 0x27ced260
Created Object "eCC_d", 0x27ced810
Created Object "eSeg", 0x27cedd50
Created Object "mode3_hitpat", 0x27cee300
, "mode3_hitpat"Created Object "mode3_hitpat_chan", 0x27ceec70
, "mode3_hitpat_chan"Created Object "chan0", 0x27cef3a0
, "chan0"Created Object "module", 0x27d031d0
, "module"Created Object "chan", 0x27d17000
Created Object "l", 0x27d8c920
, "l"Created Object "r", 0x27da0750
, "r"Created Object "up", 0x27db4510
, "up"Created Object "down", 0x27dc82d0
, "down"Created Object "sumlr", 0x27ddc100
, "sumlr"Created Object "sumud", 0x27deff30
, "sumud"Created Object "x", 0x27e03d60
, "x"Created Object "y", 0x27e17b90
, "y"Created Object "de1", 0x27e2b9c0
, "de1"Created Object "de2", 0x27e3f780
, "de2"Created Object "de3", 0x27e53540
, "de3"Created Object "de12", 0x27e67370
, "de12"Created Object "etot", 0x27e7b1a0
, "etot"Created Object "rftof", 0x27e8ef60
, "rftof"Created Object "lr", 0x27ea2d20
Created Object "ud", 0x27ea3260
Created Object "ede1", 0x27ea37a0
Created Object "ede1g", 0x27ea3ce0
Created Object "ede2", 0x27ea4290
Created Object "ede12", 0x27ea4840
Created Object "xde1", 0x27ea4df0
Created Object "erftof", 0x27ea5330
Created Object "erftofg", 0x27ea5870
Created Object "sumehi", 0x27ea5e20
, "sumehi"Created Object "tgppac", 0x27eb9be0
, "tgppac"Created Object "tgppacg", 0x27ee1290
, "tgppacg"Created Object "xehi1", 0x27f08940
Created Object "xehi1g", 0x27f08e80
Created Object "de1ehi", 0x27f09430
Created Object "de1ehig", 0x27f09970
Created Object "ng", 0x27f09eb0
, "ng"Created Object "ehiz1", 0x27f1dc70
, "ehiz1"Created Object "ehiz2", 0x27f31a30
, "ehiz2"Created Object "ehiz3", 0x27f45860
, "ehiz3"Created Object "ehiz4", 0x27f59690
, "ehiz4"Created Object "ehiz5", 0x27f6d4c0
, "ehiz5"Created Object "gg_dt", 0x27f81280
, "gg_dt"Created Object "gg", 0x27f856b0
Created Object "gg_z1", 0x27f85c60
Created Object "gg_z2", 0x27f86210
Created Object "gg_z3", 0x27f867c0
Created Object "gg_z4", 0x27f86d70
Created Object "gg_z5", 0x27f872b0
we have define the following ROOT spectra:
Collection name='THashList', class='THashList', size=84
 TH1.Print Name  = dtbtev, Entries= 0, Total sum= 0
 TH1.Print Name  = T0, Entries= 0, Total sum= 0
 TH1.Print Name  = hitpat, Entries= 0, Total sum= 0
 TH1.Print Name  = numHitArray2, Entries= 0, Total sum= 0
 TH1.Print Name  = CCmult, Entries= 0, Total sum= 0
 TH1.Print Name  = CCsum, Entries= 0, Total sum= 0
 TH1.Print Name  = hit2, Entries= 0, Total sum= 0
 TH1.Print Name  = hit3, Entries= 0, Total sum= 0
 TH1.Print Name  = hit4, Entries= 0, Total sum= 0
 TH1.Print Name  = CCsum_nodop, Entries= 0, Total sum= 0
 TH1.Print Name  = CCadd, Entries= 0, Total sum= 0
 TH1.Print Name  = SEGadd_FPGA, Entries= 0, Total sum= 0
 TH1.Print Name  = SEGadd_PSA, Entries= 0, Total sum= 0
 TH1.Print Name  = SEGsum_FPGA, Entries= 0, Total sum= 0
 TH1.Print Name  = SEGsum_PSA, Entries= 0, Total sum= 0
 TH1.Print Name  = radius_all, Entries= 0, Total sum= 0
 TH1.Print Name  = rate_mode2_min, Entries= 0, Total sum= 0
 TH1.Print Name  = rate_mode2_sec, Entries= 0, Total sum= 0
 TH1.Print Name  = rate_mode2_intp, Entries= 0, Total sum= 0
 TH1.Print Name  = cdtbtev, Entries= 0, Total sum= 0
 TH1.Print Name  = evsr_all, Entries= 0, Total sum= 0
 TH1.Print Name  = SMAP_allhits, Entries= 0, Total sum= 0
 TH1.Print Name  = SMAP_allhits_sq, Entries= 0, Total sum= 0
 TH1.Print Name  = seghitpat, Entries= 0, Total sum= 0
 TH1.Print Name  = CCe, Entries= 0, Total sum= 0
 TH1.Print Name  = ggCC, Entries= 0, Total sum= 0
 TH1.Print Name  = z_plot, Entries= 0, Total sum= 0
 TH1.Print Name  = crystal_hit, Entries= 0, Total sum= 0
 TH1.Print Name  = SegE, Entries= 0, Total sum= 0
 TH1.Print Name  = crXcr, Entries= 0, Total sum= 0
 ******************************************************************************
*Tree    :tree      : tree                                                   *
*Entries :        0 : Total =            8461 bytes  File  Size =          0 *
*        :          : Tree compression factor =   1.00                       *
******************************************************************************
*Br    0 :runNumber : runNumber/I                                            *
*Entries :        0 : Total  Size=        501 bytes  One basket in memory    *
*Baskets :        0 : Basket Size=      32000 bytes  Compression=   1.00     *
*............................................................................*
*Br    1 :numHits   : numHits/I                                              *
*Entries :        0 : Total  Size=        493 bytes  One basket in memory    *
*Baskets :        0 : Basket Size=      32000 bytes  Compression=   1.00     *
*............................................................................*
*Br    2 :left      : left[numHits]/F                                        *
*Entries :        0 : Total  Size=        580 bytes  One basket in memory    *
*Baskets :        0 : Basket Size=      32000 bytes  Compression=   1.00     *
*............................................................................*
*Br    3 :right     : right[numHits]/F                                       *
*Entries :        0 : Total  Size=        584 bytes  One basket in memory    *
*Baskets :        0 : Basket Size=      32000 bytes  Compression=   1.00     *
*............................................................................*
*Br    4 :up        : up[numHits]/F                                          *
*Entries :        0 : Total  Size=        572 bytes  One basket in memory    *
*Baskets :        0 : Basket Size=      32000 bytes  Compression=   1.00     *
*............................................................................*
*Br    5 :down      : down[numHits]/F                                        *
*Entries :        0 : Total  Size=        580 bytes  One basket in memory    *
*Baskets :        0 : Basket Size=      32000 bytes  Compression=   1.00     *
*............................................................................*
*Br    6 :e1        : e1[numHits]/F                                          *
*Entries :        0 : Total  Size=        572 bytes  One basket in memory    *
*Baskets :        0 : Basket Size=      32000 bytes  Compression=   1.00     *
*............................................................................*
*Br    7 :e2        : e2[numHits]/F                                          *
*Entries :        0 : Total  Size=        572 bytes  One basket in memory    *
*Baskets :        0 : Basket Size=      32000 bytes  Compression=   1.00     *
*............................................................................*
*Br    8 :e3        : e3[numHits]/F                                          *
*Entries :        0 : Total  Size=        572 bytes  One basket in memory    *
*Baskets :        0 : Basket Size=      32000 bytes  Compression=   1.00     *
*............................................................................*
*Br    9 :tac       : tac[numHits]/F                                         *
*Entries :        0 : Total  Size=        576 bytes  One basket in memory    *
*Baskets :        0 : Basket Size=      32000 bytes  Compression=   1.00     *
*............................................................................*
*Br   10 :fmaDeltaTime : fmaDeltaTime[numHits]/F                             *
*Entries :        0 : Total  Size=        612 bytes  One basket in memory    *
*Baskets :        0 : Basket Size=      32000 bytes  Compression=   1.00     *
*............................................................................*
*Br   11 :fmaMult   : fmaMult[10]/I                                          *
*Entries :        0 : Total  Size=        501 bytes  One basket in memory    *
*Baskets :        0 : Basket Size=      32000 bytes  Compression=   1.00     *
*............................................................................*
*Br   12 :gammaMult : gammaMult/I                                            *
*Entries :        0 : Total  Size=        501 bytes  One basket in memory    *
*Baskets :        0 : Basket Size=      32000 bytes  Compression=   1.00     *
*............................................................................*
*Br   13 :gammaEnergy : gammaEnergy[gammaMult]/F                             *
*Entries :        0 : Total  Size=        616 bytes  One basket in memory    *
*Baskets :        0 : Basket Size=      32000 bytes  Compression=   1.00     *
*............................................................................*
*Br   14 :gammaTimestamp : gammaTimestamp[gammaMult]/F                       *
*Entries :        0 : Total  Size=        628 bytes  One basket in memory    *
*Baskets :        0 : Basket Size=      32000 bytes  Compression=   1.00     *
*............................................................................*
*Br   15 :deltaTime : deltaTime[gammaMult]/F                                 *
*Entries :        0 : Total  Size=        608 bytes  One basket in memory    *
*Baskets :        0 : Basket Size=      32000 bytes  Compression=   1.00     *
*............................................................................*
 TH1.Print Name  = eCC_a, Entries= 0, Total sum= 0
 TH1.Print Name  = eCC_b, Entries= 0, Total sum= 0
 TH1.Print Name  = eCC_c, Entries= 0, Total sum= 0
 TH1.Print Name  = eCC_d, Entries= 0, Total sum= 0
 TH1.Print Name  = eSeg, Entries= 0, Total sum= 0
 TH1.Print Name  = mode3_hitpat, Entries= 0, Total sum= 0
 TH1.Print Name  = mode3_hitpat_chan, Entries= 0, Total sum= 0
 TH1.Print Name  = chan0, Entries= 0, Total sum= 0
 TH1.Print Name  = module, Entries= 0, Total sum= 0
 TH1.Print Name  = chan, Entries= 0, Total sum= 0
 TH1.Print Name  = l, Entries= 0, Total sum= 0
 TH1.Print Name  = r, Entries= 0, Total sum= 0
 TH1.Print Name  = up, Entries= 0, Total sum= 0
 TH1.Print Name  = down, Entries= 0, Total sum= 0
 TH1.Print Name  = sumlr, Entries= 0, Total sum= 0
 TH1.Print Name  = sumud, Entries= 0, Total sum= 0
 TH1.Print Name  = x, Entries= 0, Total sum= 0
 TH1.Print Name  = y, Entries= 0, Total sum= 0
 TH1.Print Name  = de1, Entries= 0, Total sum= 0
 TH1.Print Name  = de2, Entries= 0, Total sum= 0
 TH1.Print Name  = de3, Entries= 0, Total sum= 0
 TH1.Print Name  = de12, Entries= 0, Total sum= 0
 TH1.Print Name  = etot, Entries= 0, Total sum= 0
 TH1.Print Name  = rftof, Entries= 0, Total sum= 0
 TH1.Print Name  = lr, Entries= 0, Total sum= 0
 TH1.Print Name  = ud, Entries= 0, Total sum= 0
 TH1.Print Name  = ede1, Entries= 0, Total sum= 0
 TH1.Print Name  = ede1g, Entries= 0, Total sum= 0
 TH1.Print Name  = ede2, Entries= 0, Total sum= 0
 TH1.Print Name  = ede12, Entries= 0, Total sum= 0
 TH1.Print Name  = xde1, Entries= 0, Total sum= 0
 TH1.Print Name  = erftof, Entries= 0, Total sum= 0
 TH1.Print Name  = erftofg, Entries= 0, Total sum= 0
 TH1.Print Name  = sumehi, Entries= 0, Total sum= 0
 TH1.Print Name  = tgppac, Entries= 0, Total sum= 0
 TH1.Print Name  = tgppacg, Entries= 0, Total sum= 0
 TH1.Print Name  = xehi1, Entries= 0, Total sum= 0
 TH1.Print Name  = xehi1g, Entries= 0, Total sum= 0
 TH1.Print Name  = de1ehi, Entries= 0, Total sum= 0
 TH1.Print Name  = de1ehig, Entries= 0, Total sum= 0
 TH1.Print Name  = ng, Entries= 0, Total sum= 0
 TH1.Print Name  = ehiz1, Entries= 0, Total sum= 0
 TH1.Print Name  = ehiz2, Entries= 0, Total sum= 0
 TH1.Print Name  = ehiz3, Entries= 0, Total sum= 0
 TH1.Print Name  = ehiz4, Entries= 0, Total sum= 0
 TH1.Print Name  = ehiz5, Entries= 0, Total sum= 0
 TH1.Print Name  = gg_dt, Entries= 0, Total sum= 0
 TH1.Print Name  = gg, Entries= 0, Total sum= 0
 TH1.Print Name  = gg_z1, Entries= 0, Total sum= 0
 TH1.Print Name  = gg_z2, Entries= 0, Total sum= 0
 TH1.Print Name  = gg_z3, Entries= 0, Total sum= 0
 TH1.Print Name  = gg_z4, Entries= 0, Total sum= 0
 TH1.Print Name  = gg_z5, Entries= 0, Total sum= 0
GRETINA detector angles
mod  1, crystal 0 [  4]: ( 10.07   3.58  15.10) pol   35.30 ,  azi   13.35; pol   35.30 ,  azi   19.58; modCCdopfac[4] 1.0271
mod  1, crystal 1 [  5]: ( 10.11   9.19  12.47) pol   47.60 ,  azi   36.39; pol   47.60 ,  azi   42.30; modCCdopfac[5] 1.0222
mod  1, crystal 2 [  6]: (  5.44   7.69  15.92) pol   30.60 ,  azi   25.77; pol   30.60 ,  azi   54.72; modCCdopfac[6] 1.0287
mod  1, crystal 3 [  7]: (  4.99   1.78  17.72) pol   16.65 ,  azi    5.72; pol   16.65 ,  azi   19.58; modCCdopfac[7] 1.0321
mod  2, crystal 0 [  8]: ( -0.29  10.69  15.10) pol   35.30 ,  azi   35.29; pol   35.30 ,  azi   91.58; modCCdopfac[8] 1.0271
mod  2, crystal 1 [  9]: ( -5.62  12.45  12.47) pol   47.60 ,  azi   44.95; pol   47.60 ,  azi  114.30; modCCdopfac[9] 1.0222
mod  2, crystal 2 [ 10]: ( -5.63   7.55  15.92) pol   30.60 ,  azi   25.36; pol   30.60 ,  azi  126.72; modCCdopfac[10] 1.0287
mod  2, crystal 3 [ 11]: ( -0.15   5.30  17.72) pol   16.65 ,  azi   16.64; pol   16.65 ,  azi   91.58; modCCdopfac[11] 1.0321
mod  3, crystal 0 [ 12]: (-10.25   3.02  15.10) pol   35.30 ,  azi   11.32; pol   35.30 ,  azi  163.58; modCCdopfac[12] 1.0271
mod  3, crystal 1 [ 13]: (-13.58  -1.50  12.47) pol   47.60 ,  azi   -6.85; pol   47.60 ,  azi -173.70; modCCdopfac[13] 1.0222
mod  3, crystal 2 [ 14]: ( -8.92  -3.02  15.92) pol   30.60 ,  azi  -10.75; pol   30.60 ,  azi -161.28; modCCdopfac[14] 1.0287
mod  3, crystal 3 [ 15]: ( -5.08   1.50  17.72) pol   16.65 ,  azi    4.83; pol   16.65 ,  azi  163.58; modCCdopfac[15] 1.0321
mod  4, crystal 0 [ 16]: ( -6.04  -8.82  15.10) pol   35.30 ,  azi  -30.29; pol   35.30 ,  azi -124.42; modCCdopfac[16] 1.0271
mod  4, crystal 1 [ 17]: ( -2.77 -13.38  12.47) pol   47.60 ,  azi  -47.00; pol   47.60 ,  azi -101.70; modCCdopfac[17] 1.0222
mod  4, crystal 2 [ 18]: (  0.12  -9.42  15.92) pol   30.60 ,  azi  -30.60; pol   30.60 ,  azi  -89.28; modCCdopfac[18] 1.0287
mod  4, crystal 3 [ 19]: ( -3.00  -4.37  17.72) pol   16.65 ,  azi  -13.86; pol   16.65 ,  azi -124.42; modCCdopfac[19] 1.0321
mod  5, crystal 0 [ 20]: (  6.52  -8.47  15.10) pol   35.30 ,  azi  -29.30; pol   35.30 ,  azi  -52.42; modCCdopfac[20] 1.0271
mod  5, crystal 1 [ 21]: ( 11.87  -6.77  12.47) pol   47.60 ,  azi  -28.49; pol   47.60 ,  azi  -29.70; modCCdopfac[21] 1.0222
mod  5, crystal 2 [ 22]: (  8.99  -2.80  15.92) pol   30.60 ,  azi   -9.96; pol   30.60 ,  azi  -17.28; modCCdopfac[22] 1.0287
mod  5, crystal 3 [ 23]: (  3.23  -4.20  17.72) pol   16.65 ,  azi  -13.33; pol   16.65 ,  azi  -52.42; modCCdopfac[23] 1.0321
mod  6, crystal 0 [ 24]: (  4.54  16.51   7.02) pol   67.71 ,  azi   66.97; pol   67.71 ,  azi   74.63; modCCdopfac[24] 1.0121
mod  6, crystal 1 [ 25]: ( -0.33  15.15  10.61) pol   55.02 ,  azi   55.01; pol   55.02 ,  azi   91.23; modCCdopfac[25] 1.0187
mod  6, crystal 2 [ 26]: (  5.05  13.00  12.16) pol   48.92 ,  azi   46.92; pol   48.92 ,  azi   68.77; modCCdopfac[26] 1.0216
mod  6, crystal 3 [ 27]: (  9.66  13.57   8.06) pol   64.18 ,  azi   59.29; pol   64.18 ,  azi   54.55; modCCdopfac[27] 1.0140
mod  7, crystal 0 [ 28]: (-14.30   9.42   7.02) pol   67.71 ,  azi   53.31; pol   67.71 ,  azi  146.63; modCCdopfac[28] 1.0121
mod  7, crystal 1 [ 29]: (-14.51   4.37  10.61) pol   55.02 ,  azi   22.40; pol   55.02 ,  azi  163.23; modCCdopfac[29] 1.0187
mod  7, crystal 2 [ 30]: (-10.80   8.82  12.16) pol   48.92 ,  azi   35.96; pol   48.92 ,  azi  140.77; modCCdopfac[30] 1.0216
mod  7, crystal 3 [ 31]: ( -9.92  13.38   8.06) pol   64.18 ,  azi   58.94; pol   64.18 ,  azi  126.55; modCCdopfac[31] 1.0140
mod  8, crystal 0 [ 32]: (-13.37 -10.69   7.02) pol   67.71 ,  azi  -56.71; pol   67.71 ,  azi -141.37; modCCdopfac[32] 1.0121
mod  8, crystal 1 [ 33]: ( -8.64 -12.45  10.61) pol   55.02 ,  azi  -49.58; pol   55.02 ,  azi -124.77; modCCdopfac[33] 1.0187
mod  8, crystal 2 [ 34]: (-11.73  -7.55  12.16) pol   48.92 ,  azi  -31.84; pol   48.92 ,  azi -147.23; modCCdopfac[34] 1.0216
mod  8, crystal 3 [ 35]: (-15.79  -5.30   8.06) pol   64.18 ,  azi  -33.33; pol   64.18 ,  azi -161.45; modCCdopfac[35] 1.0140
mod  9, crystal 0 [ 36]: (  6.03 -16.02   7.02) pol   67.71 ,  azi  -66.35; pol   67.71 ,  azi  -69.37; modCCdopfac[36] 1.0121
mod  9, crystal 1 [ 37]: (  9.17 -12.07  10.61) pol   55.02 ,  azi  -48.69; pol   55.02 ,  azi  -52.77; modCCdopfac[37] 1.0187
mod  9, crystal 2 [ 38]: (  3.56 -13.48  12.16) pol   48.92 ,  azi  -47.96; pol   48.92 ,  azi  -75.23; modCCdopfac[38] 1.0216
mod  9, crystal 3 [ 39]: (  0.16 -16.65   8.06) pol   64.18 ,  azi  -64.18; pol   64.18 ,  azi  -89.45; modCCdopfac[39] 1.0140
mod 10, crystal 0 [ 40]: ( 17.10   0.79   7.02) pol   67.71 ,  azi    6.39; pol   67.71 ,  azi    2.63; modCCdopfac[40] 1.0121
mod 10, crystal 1 [ 41]: ( 14.31   4.99  10.61) pol   55.02 ,  azi   25.21; pol   55.02 ,  azi   19.23; modCCdopfac[41] 1.0187
mod 10, crystal 2 [ 42]: ( 13.92  -0.79  12.16) pol   48.92 ,  azi   -3.70; pol   48.92 ,  azi   -3.23; modCCdopfac[42] 1.0216
mod 10, crystal 3 [ 43]: ( 15.89  -4.99   8.06) pol   64.18 ,  azi  -31.79; pol   64.18 ,  azi  -17.45; modCCdopfac[43] 1.0140
mod 11, crystal 0 [ 44]: ( 18.26   2.80   0.92) pol   87.15 ,  azi   71.78; pol   87.15 ,  azi    8.71; modCCdopfac[44] 1.0011
mod 11, crystal 1 [ 45]: ( 17.30   4.20  -5.04) pol  105.79 ,  azi  140.16; pol  105.79 ,  azi   13.65; modCCdopfac[45] 0.9906
mod 11, crystal 2 [ 46]: ( 16.42   8.47  -0.92) pol   92.85 ,  azi   96.20; pol   92.85 ,  azi   27.29; modCCdopfac[46] 0.9978
mod 11, crystal 3 [ 47]: ( 16.46   6.77   5.04) pol   74.21 ,  azi   53.36; pol   74.21 ,  azi   22.35; modCCdopfac[47] 1.0085
mod 12, crystal 0 [ 48]: ( 12.46  13.48  -2.26) pol   97.01 ,  azi   99.50; pol   97.01 ,  azi   47.25; modCCdopfac[48] 0.9954
mod 12, crystal 1 [ 49]: (  7.28  16.65  -3.46) pol  100.78 ,  azi  101.74; pol  100.78 ,  azi   66.39; modCCdopfac[49] 0.9933
mod 12, crystal 2 [ 50]: (  8.97  16.02   2.26) pol   82.99 ,  azi   81.98; pol   82.99 ,  azi   60.75; modCCdopfac[50] 1.0035
mod 12, crystal 3 [ 51]: ( 13.59  12.07   3.46) pol   79.22 ,  azi   74.00; pol   79.22 ,  azi   41.61; modCCdopfac[51] 1.0057
mod 13, crystal 0 [ 52]: (  2.98  18.23   0.92) pol   87.15 ,  azi   87.11; pol   87.15 ,  azi   80.71; modCCdopfac[52] 1.0011
mod 13, crystal 1 [ 53]: (  1.35  17.75  -5.04) pol  105.79 ,  azi  105.84; pol  105.79 ,  azi   85.65; modCCdopfac[53] 0.9906
mod 13, crystal 2 [ 54]: ( -2.98  18.23  -0.92) pol   92.85 ,  azi   92.89; pol   92.85 ,  azi   99.29; modCCdopfac[54] 0.9978
mod 13, crystal 3 [ 55]: ( -1.35  17.75   5.04) pol   74.21 ,  azi   74.16; pol   74.21 ,  azi   94.35; modCCdopfac[55] 1.0085
mod 14, crystal 0 [ 56]: ( -8.97  16.02  -2.26) pol   97.01 ,  azi   98.02; pol   97.01 ,  azi  119.25; modCCdopfac[56] 0.9954
mod 14, crystal 1 [ 57]: (-13.59  12.07  -3.46) pol  100.78 ,  azi  106.00; pol  100.78 ,  azi  138.39; modCCdopfac[57] 0.9933
mod 14, crystal 2 [ 58]: (-12.46  13.48   2.26) pol   82.99 ,  azi   80.50; pol   82.99 ,  azi  132.75; modCCdopfac[58] 1.0035
mod 14, crystal 3 [ 59]: ( -7.28  16.65   3.46) pol   79.22 ,  azi   78.26; pol   79.22 ,  azi  113.61; modCCdopfac[59] 1.0057
mod 15, crystal 0 [ 60]: (-16.42   8.47   0.92) pol   87.15 ,  azi   83.80; pol   87.15 ,  azi  152.71; modCCdopfac[60] 1.0011
mod 15, crystal 1 [ 61]: (-16.46   6.77  -5.04) pol  105.79 ,  azi  126.64; pol  105.79 ,  azi  157.65; modCCdopfac[61] 0.9906
mod 15, crystal 2 [ 62]: (-18.26   2.80  -0.92) pol   92.85 ,  azi  108.22; pol   92.85 ,  azi  171.29; modCCdopfac[62] 0.9978
mod 15, crystal 3 [ 63]: (-17.30   4.20   5.04) pol   74.21 ,  azi   39.84; pol   74.21 ,  azi  166.35; modCCdopfac[63] 1.0085
mod 16, crystal 0 [ 64]: (-18.01  -3.58  -2.26) pol   97.01 ,  azi -122.21; pol   97.01 ,  azi -168.75; modCCdopfac[64] 0.9954
mod 16, crystal 1 [ 65]: (-15.68  -9.19  -3.46) pol  100.78 ,  azi -110.62; pol  100.78 ,  azi -149.61; modCCdopfac[65] 0.9933
mod 16, crystal 2 [ 66]: (-16.68  -7.69   2.26) pol   82.99 ,  azi  -73.64; pol   82.99 ,  azi -155.25; modCCdopfac[66] 1.0035
mod 16, crystal 3 [ 67]: (-18.09  -1.78   3.46) pol   79.22 ,  azi  -27.18; pol   79.22 ,  azi -174.39; modCCdopfac[67] 1.0057
mod 17, crystal 0 [ 68]: (-13.13 -13.00   0.92) pol   87.15 ,  azi  -85.95; pol   87.15 ,  azi -135.29; modCCdopfac[68] 1.0011
mod 17, crystal 1 [ 69]: (-11.53 -13.57  -5.04) pol  105.79 ,  azi -110.36; pol  105.79 ,  azi -130.35; modCCdopfac[69] 0.9906
mod 17, crystal 2 [ 70]: ( -8.30 -16.51  -0.92) pol   92.85 ,  azi  -93.19; pol   92.85 ,  azi -116.71; modCCdopfac[70] 0.9978
mod 17, crystal 3 [ 71]: ( -9.34 -15.15   5.04) pol   74.21 ,  azi  -71.62; pol   74.21 ,  azi -121.65; modCCdopfac[71] 1.0085
mod 18, crystal 0 [ 72]: ( -2.16 -18.23  -2.26) pol   97.01 ,  azi  -97.05; pol   97.01 ,  azi  -96.75; modCCdopfac[72] 0.9954
mod 18, crystal 1 [ 73]: (  3.90 -17.75  -3.46) pol  100.78 ,  azi -101.03; pol  100.78 ,  azi  -77.61; modCCdopfac[73] 0.9933
mod 18, crystal 2 [ 74]: (  2.16 -18.23   2.26) pol   82.99 ,  azi  -82.95; pol   82.99 ,  azi  -83.25; modCCdopfac[74] 1.0035
mod 18, crystal 3 [ 75]: ( -3.90 -17.75   3.46) pol   79.22 ,  azi  -78.97; pol   79.22 ,  azi -102.39; modCCdopfac[75] 1.0057
mod 19, crystal 0 [ 76]: (  8.30 -16.51   0.92) pol   87.15 ,  azi  -86.81; pol   87.15 ,  azi  -63.29; modCCdopfac[76] 1.0011
mod 19, crystal 1 [ 77]: (  9.34 -15.15  -5.04) pol  105.79 ,  azi -108.38; pol  105.79 ,  azi  -58.35; modCCdopfac[77] 0.9906
mod 19, crystal 2 [ 78]: ( 13.13 -13.00  -0.92) pol   92.85 ,  azi  -94.05; pol   92.85 ,  azi  -44.71; modCCdopfac[78] 0.9978
mod 19, crystal 3 [ 79]: ( 11.53 -13.57   5.04) pol   74.21 ,  azi  -69.64; pol   74.21 ,  azi  -49.65; modCCdopfac[79] 1.0085
mod 20, crystal 0 [ 80]: ( 16.68  -7.69  -2.26) pol   97.01 ,  azi -106.36; pol   97.01 ,  azi  -24.75; modCCdopfac[80] 0.9954
mod 20, crystal 1 [ 81]: ( 18.09  -1.78  -3.46) pol  100.78 ,  azi -152.82; pol  100.78 ,  azi   -5.61; modCCdopfac[81] 0.9933
mod 20, crystal 2 [ 82]: ( 18.01  -3.58   2.26) pol   82.99 ,  azi  -57.79; pol   82.99 ,  azi  -11.25; modCCdopfac[82] 1.0035
mod 20, crystal 3 [ 83]: ( 15.68  -9.19   3.46) pol   79.22 ,  azi  -69.38; pol   79.22 ,  azi  -30.39; modCCdopfac[83] 1.0057
mod 21, crystal 0 [ 84]: ( 14.30   9.42  -7.02) pol  112.29 ,  azi  126.69; pol  112.29 ,  azi   33.37; modCCdopfac[84] 0.9871
mod 21, crystal 1 [ 85]: ( 14.51   4.37 -10.61) pol  124.98 ,  azi  157.60; pol  124.98 ,  azi   16.77; modCCdopfac[85] 0.9809
mod 21, crystal 2 [ 86]: ( 10.80   8.82 -12.16) pol  131.08 ,  azi  144.04; pol  131.08 ,  azi   39.23; modCCdopfac[86] 0.9782
mod 21, crystal 3 [ 87]: (  9.92  13.38  -8.06) pol  115.82 ,  azi  121.06; pol  115.82 ,  azi   53.45; modCCdopfac[87] 0.9853
mod 22, crystal 0 [ 88]: ( -4.54  16.51  -7.02) pol  112.29 ,  azi  113.03; pol  112.29 ,  azi  105.37; modCCdopfac[88] 0.9871
mod 22, crystal 1 [ 89]: (  0.33  15.15 -10.61) pol  124.98 ,  azi  124.99; pol  124.98 ,  azi   88.77; modCCdopfac[89] 0.9809
mod 22, crystal 2 [ 90]: ( -5.05  13.00 -12.16) pol  131.08 ,  azi  133.08; pol  131.08 ,  azi  111.23; modCCdopfac[90] 0.9782
mod 22, crystal 3 [ 91]: ( -9.66  13.57  -8.06) pol  115.82 ,  azi  120.71; pol  115.82 ,  azi  125.45; modCCdopfac[91] 0.9853
mod 23, crystal 0 [ 92]: (-17.10   0.79  -7.02) pol  112.29 ,  azi  173.61; pol  112.29 ,  azi  177.37; modCCdopfac[92] 0.9871
mod 23, crystal 1 [ 93]: (-14.31   4.99 -10.61) pol  124.98 ,  azi  154.79; pol  124.98 ,  azi  160.77; modCCdopfac[93] 0.9809
mod 23, crystal 2 [ 94]: (-13.92  -0.79 -12.16) pol  131.08 ,  azi -176.30; pol  131.08 ,  azi -176.77; modCCdopfac[94] 0.9782
mod 23, crystal 3 [ 95]: (-15.89  -4.99  -8.06) pol  115.82 ,  azi -148.21; pol  115.82 ,  azi -162.55; modCCdopfac[95] 0.9853
mod 24, crystal 0 [ 96]: ( -6.03 -16.02  -7.02) pol  112.29 ,  azi -113.65; pol  112.29 ,  azi -110.63; modCCdopfac[96] 0.9871
mod 24, crystal 1 [ 97]: ( -9.17 -12.07 -10.61) pol  124.98 ,  azi -131.31; pol  124.98 ,  azi -127.23; modCCdopfac[97] 0.9809
mod 24, crystal 2 [ 98]: ( -3.56 -13.48 -12.16) pol  131.08 ,  azi -132.04; pol  131.08 ,  azi -104.77; modCCdopfac[98] 0.9782
mod 24, crystal 3 [ 99]: ( -0.16 -16.65  -8.06) pol  115.82 ,  azi -115.82; pol  115.82 ,  azi  -90.55; modCCdopfac[99] 0.9853
mod 25, crystal 0 [100]: ( 13.37 -10.69  -7.02) pol  112.29 ,  azi -123.29; pol  112.29 ,  azi  -38.63; modCCdopfac[100] 0.9871
mod 25, crystal 1 [101]: (  8.64 -12.45 -10.61) pol  124.98 ,  azi -130.42; pol  124.98 ,  azi  -55.23; modCCdopfac[101] 0.9809
mod 25, crystal 2 [102]: ( 11.73  -7.55 -12.16) pol  131.08 ,  azi -148.16; pol  131.08 ,  azi  -32.77; modCCdopfac[102] 0.9782
mod 25, crystal 3 [103]: ( 15.79  -5.30  -8.06) pol  115.82 ,  azi -146.67; pol  115.82 ,  azi  -18.55; modCCdopfac[103] 0.9853
mod 26, crystal 0 [104]: (  0.29  10.69 -15.10) pol  144.70 ,  azi  144.71; pol  144.70 ,  azi   88.42; modCCdopfac[104] 0.9732
mod 26, crystal 1 [105]: (  5.62  12.45 -12.47) pol  132.40 ,  azi  135.05; pol  132.40 ,  azi   65.70; modCCdopfac[105] 0.9777
mod 26, crystal 2 [106]: (  5.63   7.55 -15.92) pol  149.40 ,  azi  154.64; pol  149.40 ,  azi   53.28; modCCdopfac[106] 0.9718
mod 26, crystal 3 [107]: (  0.15   5.30 -17.72) pol  163.35 ,  azi  163.36; pol  163.35 ,  azi   88.42; modCCdopfac[107] 0.9688
mod 27, crystal 0 [108]: (-10.07   3.58 -15.10) pol  144.70 ,  azi  166.65; pol  144.70 ,  azi  160.42; modCCdopfac[108] 0.9732
mod 27, crystal 1 [109]: (-10.11   9.19 -12.47) pol  132.40 ,  azi  143.61; pol  132.40 ,  azi  137.70; modCCdopfac[109] 0.9777
mod 27, crystal 2 [110]: ( -5.44   7.69 -15.92) pol  149.40 ,  azi  154.23; pol  149.40 ,  azi  125.28; modCCdopfac[110] 0.9718
mod 27, crystal 3 [111]: ( -4.99   1.78 -17.72) pol  163.35 ,  azi  174.28; pol  163.35 ,  azi  160.42; modCCdopfac[111] 0.9688
mod 28, crystal 0 [112]: ( -6.52  -8.47 -15.10) pol  144.70 ,  azi -150.70; pol  144.70 ,  azi -127.58; modCCdopfac[112] 0.9732
mod 28, crystal 1 [113]: (-11.87  -6.77 -12.47) pol  132.40 ,  azi -151.51; pol  132.40 ,  azi -150.30; modCCdopfac[113] 0.9777
mod 28, crystal 2 [114]: ( -8.99  -2.80 -15.92) pol  149.40 ,  azi -170.04; pol  149.40 ,  azi -162.72; modCCdopfac[114] 0.9718
mod 28, crystal 3 [115]: ( -3.23  -4.20 -17.72) pol  163.35 ,  azi -166.67; pol  163.35 ,  azi -127.58; modCCdopfac[115] 0.9688
mod 29, crystal 0 [116]: (  6.04  -8.82 -15.10) pol  144.70 ,  azi -149.71; pol  144.70 ,  azi  -55.58; modCCdopfac[116] 0.9732
mod 29, crystal 1 [117]: (  2.77 -13.38 -12.47) pol  132.40 ,  azi -133.00; pol  132.40 ,  azi  -78.30; modCCdopfac[117] 0.9777
mod 29, crystal 2 [118]: ( -0.12  -9.42 -15.92) pol  149.40 ,  azi -149.40; pol  149.40 ,  azi  -90.72; modCCdopfac[118] 0.9718
mod 29, crystal 3 [119]: (  3.00  -4.37 -17.72) pol  163.35 ,  azi -166.14; pol  163.35 ,  azi  -55.58; modCCdopfac[119] 0.9688
mod 30, crystal 0 [120]: ( 10.25   3.02 -15.10) pol  144.70 ,  azi  168.68; pol  144.70 ,  azi   16.42; modCCdopfac[120] 0.9732
mod 30, crystal 1 [121]: ( 13.58  -1.50 -12.47) pol  132.40 ,  azi -173.15; pol  132.40 ,  azi   -6.30; modCCdopfac[121] 0.9777
mod 30, crystal 2 [122]: (  8.92  -3.02 -15.92) pol  149.40 ,  azi -169.25; pol  149.40 ,  azi  -18.72; modCCdopfac[122] 0.9718
mod 30, crystal 3 [123]: (  5.08   1.50 -17.72) pol  163.35 ,  azi  175.17; pol  163.35 ,  azi   16.42; modCCdopfac[123] 0.9688
setup signal catcher
started sorting... from disk...

Pars.maxTS=4611686018427387904
got initial header, TS=238839025445 ID: 1 length: 464
read initial payload of siz=464 into event position 1
__ptgd[0]->type= 0; ptgd[0]->length=   0; ptgd[0]->timestamp=0
initial ii=1, nn=1
ev#     0 GEB_TYPE_DECOMP        464Bytes TS=238839147151 curTS=238839025445 dTS= 121706
t0=238839025445
first event: GEB_event.mult=1
   0/ 0: ( 1,GEB_TYPE_DECOMP      ) TS=        238839025445; dT=0
maxTS=8878839025445
that is 86400.0 seconds or 24h0m0s minutes of sorting
GEBGetEv returned st=0
we have read 960 bytes; CurEvNo=1

+++++++++++++++++++++++++++++++
*start event # 1 with multiplicity 1 looks like this:
 0>  1, GEB_TYPE_DECOMP      , TS=238839025445
entered bin_mode2: 1/10
ptinp->pad= 6, (ptinp->pad&0x000000ff)= 6
updated CCadd with    0.00
total number of hits in array: 0
exit bin_mode2
entered bin_mode3 @ event number: 1 
exit bin_mode3
*end of event # 1
+++++++++++++++++++++++++++++++
ev#     1 GEB_TYPE_DECOMP        464Bytes TS=238839147855 curTS=238839147151 dTS= 704
GEBGetEv returned st=0
we have read 1440 bytes; CurEvNo=2

+++++++++++++++++++++++++++++++
*start event # 2 with multiplicity 1 looks like this:
 0>  1, GEB_TYPE_DECOMP      , TS=238839147151
entered bin_mode2: 2/10
ptinp->pad= 6, (ptinp->pad&0x000000ff)= 6
updated CCadd with    0.00
total number of hits in array: 0
exit bin_mode2
entered bin_mode3 @ event number: 2 
exit bin_mode3
*end of event # 2
+++++++++++++++++++++++++++++++
ev#     2 GEB_TYPE_DECOMP        464Bytes TS=238839147861 curTS=238839147855 dTS= 6
ev#     2 GEB_TYPE_DECOMP        464Bytes TS=238839148187 curTS=238839147855 dTS= 332
GEBGetEv returned st=0
we have read 2400 bytes; CurEvNo=3

+++++++++++++++++++++++++++++++
*start event # 3 with multiplicity 2 looks like this:
 0>  1, GEB_TYPE_DECOMP      , TS=238839147855
 1>  1, GEB_TYPE_DECOMP      , TS=238839147861
entered bin_mode2: 3/10
ptinp->pad= 6, (ptinp->pad&0x000000ff)= 6
ptinp->pad= 6, (ptinp->pad&0x000000ff)= 6
updated CCadd with    0.00
total number of hits in array: 0
exit bin_mode2
entered bin_mode3 @ event number: 3 
exit bin_mode3
*end of event # 3
+++++++++++++++++++++++++++++++
ev#     3 GEB_TYPE_DECOMP        464Bytes TS=238839167281 curTS=238839148187 dTS= 19094
GEBGetEv returned st=0
we have read 2880 bytes; CurEvNo=4

+++++++++++++++++++++++++++++++
*start event # 4 with multiplicity 1 looks like this:
 0>  1, GEB_TYPE_DECOMP      , TS=238839148187
entered bin_mode2: 4/10
ptinp->pad= 6, (ptinp->pad&0x000000ff)= 6
updated CCadd with    0.00
total number of hits in array: 0
exit bin_mode2
entered bin_mode3 @ event number: 4 
exit bin_mode3
*end of event # 4
+++++++++++++++++++++++++++++++
ev#     4 GEB_TYPE_DECOMP        464Bytes TS=238839171139 curTS=238839167281 dTS= 3858
GEBGetEv returned st=0
we have read 3360 bytes; CurEvNo=5

+++++++++++++++++++++++++++++++
*start event # 5 with multiplicity 1 looks like this:
 0>  1, GEB_TYPE_DECOMP      , TS=238839167281
entered bin_mode2: 5/10
ptinp->pad= 6, (ptinp->pad&0x000000ff)= 6
updated CCadd with    0.00
total number of hits in array: 0
exit bin_mode2
entered bin_mode3 @ event number: 5 
exit bin_mode3
*end of event # 5
+++++++++++++++++++++++++++++++
ev#     5 GEB_TYPE_DECOMP        464Bytes TS=238839187065 curTS=238839171139 dTS= 15926
GEBGetEv returned st=0
we have read 3840 bytes; CurEvNo=6

+++++++++++++++++++++++++++++++
*start event # 6 with multiplicity 1 looks like this:
 0>  1, GEB_TYPE_DECOMP      , TS=238839171139
entered bin_mode2: 6/10
ptinp->pad= 6, (ptinp->pad&0x000000ff)= 6
updated CCadd with    0.00
total number of hits in array: 0
exit bin_mode2
entered bin_mode3 @ event number: 6 
exit bin_mode3
*end of event # 6
+++++++++++++++++++++++++++++++
ev#     6 GEB_TYPE_DECOMP        464Bytes TS=238839214313 curTS=238839187065 dTS= 27248
GEBGetEv returned st=0
we have read 4320 bytes; CurEvNo=7

+++++++++++++++++++++++++++++++
*start event # 7 with multiplicity 1 looks like this:
 0>  1, GEB_TYPE_DECOMP      , TS=238839187065
entered bin_mode2: 7/10
ptinp->pad= 6, (ptinp->pad&0x000000ff)= 6
updated CCadd with    0.00
total number of hits in array: 0
exit bin_mode2
entered bin_mode3 @ event number: 7 
exit bin_mode3
*end of event # 7
+++++++++++++++++++++++++++++++
ev#     7 GEB_TYPE_DECOMP        464Bytes TS=238839214315 curTS=238839214313 dTS= 2
ev#     7 GEB_TYPE_DECOMP        464Bytes TS=238839221103 curTS=238839214313 dTS= 6790
GEBGetEv returned st=0
we have read 5280 bytes; CurEvNo=8

+++++++++++++++++++++++++++++++
*start event # 8 with multiplicity 2 looks like this:
 0>  1, GEB_TYPE_DECOMP      , TS=238839214313
 1>  1, GEB_TYPE_DECOMP      , TS=238839214315
entered bin_mode2: 8/10
ptinp->pad= 6, (ptinp->pad&0x000000ff)= 6
ptinp->pad= 6, (ptinp->pad&0x000000ff)= 6
updated CCadd with    0.00
total number of hits in array: 0
exit bin_mode2
entered bin_mode3 @ event number: 8 
exit bin_mode3
*end of event # 8
+++++++++++++++++++++++++++++++
ev#     8 GEB_TYPE_DECOMP        464Bytes TS=238839252543 curTS=238839221103 dTS= 31440
GEBGetEv returned st=0
we have read 5760 bytes; CurEvNo=9

+++++++++++++++++++++++++++++++
*start event # 9 with multiplicity 1 looks like this:
 0>  1, GEB_TYPE_DECOMP      , TS=238839221103
entered bin_mode2: 9/10
ptinp->pad= 6, (ptinp->pad&0x000000ff)= 6
updated CCadd with    0.00
total number of hits in array: 0
exit bin_mode2
entered bin_mode3 @ event number: 9 
exit bin_mode3
*end of event # 9
+++++++++++++++++++++++++++++++
ev#     9 GEB_TYPE_DECOMP        464Bytes TS=238839252545 curTS=238839252543 dTS= 2
ev#     9 GEB_TYPE_DECOMP        464Bytes TS=238839258565 curTS=238839252543 dTS= 6022
GEBGetEv returned st=0
we have read 6720 bytes; CurEvNo=10

+++++++++++++++++++++++++++++++
*start event # 10 with multiplicity 2 looks like this:
 0>  1, GEB_TYPE_DECOMP      , TS=238839252543
 1>  1, GEB_TYPE_DECOMP      , TS=238839252545
entered bin_mode2: 10/10
ptinp->pad= 0, (ptinp->pad&0x000000ff)= 0
good pad value
mode2 data:  0>  1, GEB_TYPE_DECOMP      , TS=238839252543
number of hits: 3
* 0/2, is GEB_TYPE_DECOMP: num=3
__detno: 107, module: 26, crystalNumber: 3
CCenergies[0]=2954.70
* 0:   13.13, -10.97,  45.50 --> GT:   -0.01,   8.23, -21.60
* 1:   12.82,  -6.52,  39.70 --> GT:    0.34,   7.81, -21.12
* 2:   19.66,  -5.38,  39.87 --> GT:    0.81,   8.30, -20.98
ptinp->pad= 6, (ptinp->pad&0x000000ff)= 6
updated CCadd with 2954.70
total number of hits in array: 3
exit bin_mode2
entered bin_mode3 @ event number: 10 
exit bin_mode3
*end of event # 10
+++++++++++++++++++++++++++++++
ev#    10 GEB_TYPE_DECOMP        464Bytes TS=238839258567 curTS=238839258565 dTS= 2
ev#    10 GEB_TYPE_DECOMP        464Bytes TS=238839258569 curTS=238839258565 dTS= 4
ev#    10 GEB_TYPE_DECOMP        464Bytes TS=238839299997 curTS=238839258565 dTS= 41432
ev# 50000 GEB_TYPE_DECOMP        464Bytes TS=239424091049 curTS=239424051227 dTS= 39822
ev# 100000 GEB_TYPE_DECOMP        464Bytes TS=240026206303 curTS=240026206303 dTS= 0
ev# 100000 GEB_TYPE_DECOMP        464Bytes TS=240026206307 curTS=240026206303 dTS= 4
ev# 100000 GEB_TYPE_DECOMP        464Bytes TS=240026210831 curTS=240026206303 dTS= 4528
ev# 150000 GEB_TYPE_DECOMP        464Bytes TS=240615006577 curTS=240615006247 dTS= 330
ev# 200000 GEB_TYPE_DECOMP        464Bytes TS=241185773303 curTS=241185773301 dTS= 2
ev# 200000 GEB_TYPE_DECOMP        464Bytes TS=241185773781 curTS=241185773301 dTS= 480
ev# 250000 GEB_TYPE_GT_MOD29      440Bytes TS=241751375983 curTS=241751375417 dTS= 566
ev# 300000 GEB_TYPE_DECOMP        464Bytes TS=242341782793 curTS=242341773943 dTS= 8850
ev# 350000 GEB_TYPE_GT_MOD29      440Bytes TS=242933049685 curTS=242933049217 dTS= 468
ev# 400000 GEB_TYPE_GT_MOD29      440Bytes TS=243495728457 curTS=243495728373 dTS= 84
ev# 400000 GEB_TYPE_DECOMP        464Bytes TS=243495762879 curTS=243495728373 dTS= 34506
ev# 450000 GEB_TYPE_DECOMP        464Bytes TS=244056543317 curTS=244056543317 dTS= 0
ev# 450000 GEB_TYPE_DECOMP        464Bytes TS=244056543319 curTS=244056543317 dTS= 2
ev# 450000 GEB_TYPE_DECOMP        464Bytes TS=244056543319 curTS=244056543317 dTS= 2
ev# 450000 GEB_TYPE_DECOMP        464Bytes TS=244056543321 curTS=244056543317 dTS= 4
ev# 450000 GEB_TYPE_DECOMP        464Bytes TS=244056543329 curTS=244056543317 dTS= 12
ev# 450000 GEB_TYPE_DECOMP        464Bytes TS=244056543463 curTS=244056543317 dTS= 146
ev# 450000 GEB_TYPE_DECOMP        464Bytes TS=244056543465 curTS=244056543317 dTS= 148
ev# 450000 GEB_TYPE_DECOMP        464Bytes TS=244056543465 curTS=244056543317 dTS= 148
ev# 450000 GEB_TYPE_GT_MOD29      440Bytes TS=244056543807 curTS=244056543317 dTS= 490
ev# 500000 GEB_TYPE_DECOMP        464Bytes TS=244624566277 curTS=244624565915 dTS= 362
ev# 550000 GEB_TYPE_DECOMP        464Bytes TS=245178731655 curTS=245178731655 dTS= 0
ev# 550000 GEB_TYPE_DECOMP        464Bytes TS=245178731657 curTS=245178731655 dTS= 2
ev# 550000 GEB_TYPE_DECOMP        464Bytes TS=245178731659 curTS=245178731655 dTS= 4
ev# 550000 GEB_TYPE_DECOMP        464Bytes TS=245178731659 curTS=245178731655 dTS= 4
ev# 550000 GEB_TYPE_DECOMP        464Bytes TS=245178731661 curTS=245178731655 dTS= 6
ev# 550000 GEB_TYPE_DECOMP        464Bytes TS=245178731733 curTS=245178731655 dTS= 78
ev# 550000 GEB_TYPE_DECOMP        464Bytes TS=245178762257 curTS=245178731655 dTS= 30602
ev# 600000 GEB_TYPE_DECOMP        464Bytes TS=245759656623 curTS=245759643035 dTS= 13588
ev# 650000 GEB_TYPE_DECOMP        464Bytes TS=246360222011 curTS=246360222009 dTS= 2
ev# 650000 GEB_TYPE_DECOMP        464Bytes TS=246360222413 curTS=246360222009 dTS= 404
ev# 700000 GEB_TYPE_DECOMP        464Bytes TS=246979534451 curTS=246979534073 dTS= 378
ev# 750000 GEB_TYPE_DECOMP        464Bytes TS=247574561651 curTS=247574561561 dTS= 90
ev# 750000 GEB_TYPE_DECOMP        464Bytes TS=247574561845 curTS=247574561561 dTS= 284
ev# 800000 GEB_TYPE_DECOMP        464Bytes TS=248185726957 curTS=248185726957 dTS= 0
ev# 800000 GEB_TYPE_DECOMP        464Bytes TS=248185760621 curTS=248185726957 dTS= 33664
ev# 850000 GEB_TYPE_DECOMP        464Bytes TS=248771229091 curTS=248771228953 dTS= 138
ev# 850000 GEB_TYPE_DECOMP        464Bytes TS=248771258717 curTS=248771228953 dTS= 29764
ev# 900000 GEB_TYPE_DECOMP        464Bytes TS=249351255887 curTS=249351223379 dTS= 32508
ev# 950000 GEB_TYPE_DECOMP        464Bytes TS=249929945721 curTS=249929945437 dTS= 284

Sorting is done
attempting to save root or map file



mean observed polar and azimuth angles
for the detectors we saw (module,crystal)

------------------------------------------
mean pol/azi angle for detector  56 are   96.74/ 119.48
mean pol/azi angle for detector  57 are  100.41/ 138.31
mean pol/azi angle for detector  58 are   83.37/ 132.67
mean pol/azi angle for detector  59 are   79.52/ 114.03
mean pol/azi angle for detector  60 are   87.43/ 152.63
mean pol/azi angle for detector  61 are  105.21/ 157.69
mean pol/azi angle for detector  62 are   93.19/ 168.07
mean pol/azi angle for detector  63 are   73.81/ 166.01
mean pol/azi angle for detector  68 are   87.13/-134.97
mean pol/azi angle for detector  69 are  105.30/-129.98
mean pol/azi angle for detector  70 are   92.89/-116.91
mean pol/azi angle for detector  71 are   74.10/-121.80
mean pol/azi angle for detector  76 are   87.44/ -63.17
mean pol/azi angle for detector  77 are  105.28/ -58.09
mean pol/azi angle for detector  78 are   92.96/ -45.02
mean pol/azi angle for detector  79 are   74.27/ -49.84
mean pol/azi angle for detector  84 are  112.28/  33.58
mean pol/azi angle for detector  85 are  125.18/  17.33
mean pol/azi angle for detector  86 are  130.65/  39.23
mean pol/azi angle for detector  87 are  115.94/  52.90
mean pol/azi angle for detector  88 are  112.41/ 105.54
mean pol/azi angle for detector  89 are  124.96/  89.36
mean pol/azi angle for detector  90 are  130.74/ 111.12
mean pol/azi angle for detector  91 are  115.76/ 125.02
mean pol/azi angle for detector  96 are  112.58/-110.68
mean pol/azi angle for detector  97 are  124.81/-126.61
mean pol/azi angle for detector  98 are  130.89/-104.93
mean pol/azi angle for detector  99 are  115.82/ -91.01
mean pol/azi angle for detector 100 are  112.40/ -38.62
mean pol/azi angle for detector 101 are  124.69/ -54.98
mean pol/azi angle for detector 102 are  130.69/ -32.99
mean pol/azi angle for detector 103 are  115.78/ -19.11
mean pol/azi angle for detector 104 are  144.46/  88.21
mean pol/azi angle for detector 105 are  132.71/  65.88
mean pol/azi angle for detector 106 are  148.90/  53.87
mean pol/azi angle for detector 107 are  162.34/  88.22
mean pol/azi angle for detector 108 are  144.74/ 160.22
mean pol/azi angle for detector 109 are  132.69/ 138.03
mean pol/azi angle for detector 110 are  149.54/ 125.46
mean pol/azi angle for detector 111 are  162.28/ 109.63
mean pol/azi angle for detector 116 are  144.39/ -55.93
mean pol/azi angle for detector 117 are  132.51/ -78.29
mean pol/azi angle for detector 118 are  148.99/ -90.37
mean pol/azi angle for detector 119 are  162.41/ -56.21
we found 44 crystals
------------------------------------------

minimum pol angle between crystals is  18.65
compactness =  64.39%, 85 of 264
module hit statistics
module  14, crystal 0 was hit     106251 times
module  14, crystal 1 was hit     115345 times
module  14, crystal 2 was hit     111859 times
module  14, crystal 3 was hit     100317 times
module  15, crystal 0 was hit     112690 times
module  15, crystal 1 was hit     104203 times
module  15, crystal 2 was hit      96798 times
module  15, crystal 3 was hit     101943 times
module  17, crystal 0 was hit      85904 times
module  17, crystal 1 was hit      84516 times
module  17, crystal 2 was hit      85020 times
module  17, crystal 3 was hit      86774 times
module  19, crystal 0 was hit      81093 times
module  19, crystal 1 was hit      83747 times
module  19, crystal 2 was hit     100303 times
module  19, crystal 3 was hit      95345 times
module  21, crystal 0 was hit      98198 times
module  21, crystal 1 was hit      84495 times
module  21, crystal 2 was hit     101367 times
module  21, crystal 3 was hit      97075 times
module  22, crystal 0 was hit     105637 times
module  22, crystal 1 was hit      98443 times
module  22, crystal 2 was hit     110688 times
module  22, crystal 3 was hit     103144 times
module  24, crystal 0 was hit      90025 times
module  24, crystal 1 was hit      86318 times
module  24, crystal 2 was hit      91290 times
module  24, crystal 3 was hit      84089 times
module  25, crystal 0 was hit      86666 times
module  25, crystal 1 was hit      87576 times
module  25, crystal 2 was hit      85053 times
module  25, crystal 3 was hit      83265 times
module  26, crystal 0 was hit      97571 times
module  26, crystal 1 was hit      96165 times
module  26, crystal 2 was hit      95332 times
module  26, crystal 3 was hit      89928 times
module  27, crystal 0 was hit     102732 times
module  27, crystal 1 was hit      98775 times
module  27, crystal 2 was hit     101207 times
module  27, crystal 3 was hit      93748 times
module  29, crystal 0 was hit      84007 times
module  29, crystal 1 was hit      82775 times
module  29, crystal 2 was hit      92208 times
module  29, crystal 3 was hit      81471 times

bin_mode2: pad distribution
__id   0,      1806634, 93.37%
__id   2,          212,  0.01%
__id   3,          505,  0.03%
__id   4,          617,  0.03%
__id   5,         3670,  0.19%
__id   6,        11799,  0.61%
__id 128,       111290,  5.75%
__id 133,          232,  0.01%

bin_mode2 calculated mean CCsum energy to be  756.761 keV
bin_mode2 calculated mean CCadd energy to be 1385.958 keV
attempting to close root file...
Pars.f1->Write();
Pars.f1->Print();
TFile: name=/lcrc/project/HELIOS/gretinafma/root_data/run193.root, title=, option=CREATE
TH1.Print Name  = dtbtev, Entries= 2091334, Total sum= 2.09133e+06
TH1.Print Name  = T0, Entries= 0, Total sum= 0
TH1.Print Name  = hitpat, Entries= 1806634, Total sum= 1.80663e+06
TH1.Print Name  = numHitArray2, Entries= 1000000, Total sum= 883952
TH1.Print Name  = CCmult, Entries= 1000000, Total sum= 999999
TH1.Print Name  = CCsum, Entries= 4161203, Total sum= 1.8066e+06
TH1.Print Name  = hit2, Entries= 198993, Total sum= 198769
TH1.Print Name  = hit3, Entries= 109302, Total sum= 108530
TH1.Print Name  = hit4, Entries= 61053, Total sum= 59539
TH1.Print Name  = CCsum_nodop, Entries= 4161203, Total sum= 1.8066e+06
TH1.Print Name  = CCadd, Entries= 1000000, Total sum= 872678
TH1.Print Name  = SEGadd_FPGA, Entries= 200000000, Total sum= 1.80581e+06
TH1.Print Name  = SEGadd_PSA, Entries= 200000000, Total sum= 1.79661e+06
TH1.Print Name  = SEGsum_FPGA, Entries= 2800340, Total sum= 2.79979e+06
TH1.Print Name  = SEGsum_PSA, Entries= 4161356, Total sum= 4.1273e+06
TH1.Print Name  = radius_all, Entries= 4161355, Total sum= 4.16136e+06
TH1.Print Name  = rate_mode2_min, Entries= 1806633, Total sum= 30110.5
TH1.Print Name  = rate_mode2_sec, Entries= 1806633, Total sum= 1.80663e+06
TH1.Print Name  = rate_mode2_intp, Entries= 1806633, Total sum= 69355.9
TH1.Print Name  = cdtbtev, Entries= 544390, Total sum= 544390
TH1.Print Name  = evsr_all, Entries= 4161355, Total sum= 4.06319e+06
TH1.Print Name  = SMAP_allhits, Entries= 4161356, Total sum= 4.16136e+06
TH1.Print Name  = SMAP_allhits_sq, Entries= 4161356, Total sum= 4.16136e+06
TH1.Print Name  = seghitpat, Entries= 4161356, Total sum= 4.16136e+06
TH1.Print Name  = CCe, Entries= 4161203, Total sum= 1.8066e+06
TH1.Print Name  = ggCC, Entries= 3801314, Total sum= 3.32265e+06
TH1.Print Name  = z_plot, Entries= 4161356, Total sum= 4.15748e+06
TH1.Print Name  = crystal_hit, Entries= 0, Total sum= 0
TH1.Print Name  = SegE, Entries= 4160529, Total sum= 4.16053e+06
TH1.Print Name  = crXcr, Entries= 1901122, Total sum= 1.90112e+06
******************************************************************************
*Tree    :tree      : tree                                                   *
*Entries :  1000000 : Total =       158280597 bytes  File  Size =   33426473 *
*        :          : Tree compression factor =   4.74                       *
******************************************************************************
*Br    0 :runNumber : runNumber/I                                            *
*Entries :  1000000 : Total  Size=    4011625 bytes  File Size  =      32075 *
*Baskets :      113 : Basket Size=    1297920 bytes  Compression= 124.98     *
*............................................................................*
*Br    1 :numHits   : numHits/I                                              *
*Entries :  1000000 : Total  Size=    4011391 bytes  File Size  =      31846 *
*Baskets :      113 : Basket Size=    1297920 bytes  Compression= 125.87     *
*............................................................................*
*Br    2 :left      : left[numHits]/F                                        *
*Entries :  1000000 : Total  Size=    8035012 bytes  File Size  =    2104086 *
*Baskets :      336 : Basket Size=    9711104 bytes  Compression=   3.81     *
*............................................................................*
*Br    3 :right     : right[numHits]/F                                       *
*Entries :  1000000 : Total  Size=    8035352 bytes  File Size  =    2075997 *
*Baskets :      336 : Basket Size=    9711104 bytes  Compression=   3.87     *
*............................................................................*
*Br    4 :up        : up[numHits]/F                                          *
*Entries :  1000000 : Total  Size=    8034332 bytes  File Size  =    2102625 *
*Baskets :      336 : Basket Size=    9710592 bytes  Compression=   3.82     *
*............................................................................*
*Br    5 :down      : down[numHits]/F                                        *
*Entries :  1000000 : Total  Size=    8035012 bytes  File Size  =    2084871 *
*Baskets :      336 : Basket Size=    9711104 bytes  Compression=   3.85     *
*............................................................................*
*Br    6 :e1        : e1[numHits]/F                                          *
*Entries :  1000000 : Total  Size=    8034332 bytes  File Size  =    2011221 *
*Baskets :      336 : Basket Size=    9710592 bytes  Compression=   3.99     *
*............................................................................*
*Br    7 :e2        : e2[numHits]/F                                          *
*Entries :  1000000 : Total  Size=    8034332 bytes  File Size  =    2000805 *
*Baskets :      336 : Basket Size=    9710592 bytes  Compression=   4.01     *
*............................................................................*
*Br    8 :e3        : e3[numHits]/F                                          *
*Entries :  1000000 : Total  Size=    8034332 bytes  File Size  =    1997663 *
*Baskets :      336 : Basket Size=    9710592 bytes  Compression=   4.02     *
*............................................................................*
*Br    9 :tac       : tac[numHits]/F                                         *
*Entries :  1000000 : Total  Size=    8034672 bytes  File Size  =    2123741 *
*Baskets :      336 : Basket Size=    9710592 bytes  Compression=   3.78     *
*............................................................................*
*Br   10 :fmaDeltaTime : fmaDeltaTime[numHits]/F                             *
*Entries :  1000000 : Total  Size=    8037732 bytes  File Size  =    2203432 *
*Baskets :      336 : Basket Size=    9712128 bytes  Compression=   3.64     *
*............................................................................*
*Br   11 :fmaMult   : fmaMult[10]/I                                          *
*Entries :  1000000 : Total  Size=   40109693 bytes  File Size  =     786536 *
*Baskets :     1116 : Basket Size=   25600000 bytes  Compression=  50.96     *
*............................................................................*
*Br   12 :gammaMult : gammaMult/I                                            *
*Entries :  1000000 : Total  Size=    4011625 bytes  File Size  =     706960 *
*Baskets :      113 : Basket Size=    1297920 bytes  Compression=   5.67     *
*............................................................................*
*Br   13 :gammaEnergy : gammaEnergy[gammaMult]/F                             *
*Entries :  1000000 : Total  Size=   11273726 bytes  File Size  =    8295826 *
*Baskets :      425 : Basket Size=   25600000 bytes  Compression=   1.36     *
*............................................................................*
*Br   14 :gammaTimestamp : gammaTimestamp[gammaMult]/F                       *
*Entries :  1000000 : Total  Size=   11275126 bytes  File Size  =    2926467 *
*Baskets :      426 : Basket Size=   25600000 bytes  Compression=   3.85     *
*............................................................................*
*Br   15 :deltaTime : deltaTime[gammaMult]/F                                 *
*Entries :  1000000 : Total  Size=   11272868 bytes  File Size  =    1893869 *
*Baskets :      425 : Basket Size=   25600000 bytes  Compression=   5.95     *
*............................................................................*
TH1.Print Name  = eCC_a, Entries= 0, Total sum= 0
TH1.Print Name  = eCC_b, Entries= 0, Total sum= 0
TH1.Print Name  = eCC_c, Entries= 0, Total sum= 0
TH1.Print Name  = eCC_d, Entries= 154169, Total sum= 0
TH1.Print Name  = eSeg, Entries= 0, Total sum= 0
TH1.Print Name  = mode3_hitpat, Entries= 1560368, Total sum= 0
TH1.Print Name  = mode3_hitpat_chan, Entries= 1560368, Total sum= 1.56037e+06
TH1.Print Name  = chan0, Entries= 0, Total sum= 0
TH1.Print Name  = module, Entries= 1560368, Total sum= 1.56037e+06
TH1.Print Name  = chan, Entries= 1560368, Total sum= 1.55796e+06
TH1.Print Name  = l, Entries= 156036, Total sum= 156014
TH1.Print Name  = r, Entries= 156037, Total sum= 156035
TH1.Print Name  = up, Entries= 156037, Total sum= 156035
TH1.Print Name  = down, Entries= 156037, Total sum= 156037
TH1.Print Name  = sumlr, Entries= 152396, Total sum= 152396
TH1.Print Name  = sumud, Entries= 147232, Total sum= 147232
TH1.Print Name  = x, Entries= 152396, Total sum= 152396
TH1.Print Name  = y, Entries= 147232, Total sum= 147232
TH1.Print Name  = de1, Entries= 156037, Total sum= 156018
TH1.Print Name  = de2, Entries= 156037, Total sum= 156037
TH1.Print Name  = de3, Entries= 156037, Total sum= 155773
TH1.Print Name  = de12, Entries= 138245, Total sum= 138245
TH1.Print Name  = etot, Entries= 138245, Total sum= 138245
TH1.Print Name  = rftof, Entries= 156037, Total sum= 154169
TH1.Print Name  = lr, Entries= 1000000, Total sum= 999976
TH1.Print Name  = ud, Entries= 1000000, Total sum= 999998
TH1.Print Name  = ede1, Entries= 138245, Total sum= 138245
TH1.Print Name  = ede1g, Entries= 17585, Total sum= 17581
TH1.Print Name  = ede2, Entries= 138245, Total sum= 138245
TH1.Print Name  = ede12, Entries= 138245, Total sum= 138245
TH1.Print Name  = xde1, Entries= 138245, Total sum= 138245
TH1.Print Name  = erftof, Entries= 1000000, Total sum= 998132
TH1.Print Name  = erftofg, Entries= 7262, Total sum= 7164
TH1.Print Name  = sumehi, Entries= 1806634, Total sum= 1.80662e+06
TH1.Print Name  = tgppac, Entries= 1806634, Total sum= 140259
TH1.Print Name  = tgppacg, Entries= 17585, Total sum= 17585
TH1.Print Name  = xehi1, Entries= 1806634, Total sum= 1.80662e+06
TH1.Print Name  = xehi1g, Entries= 17585, Total sum= 17585
TH1.Print Name  = de1ehi, Entries= 1806634, Total sum= 1.80659e+06
TH1.Print Name  = de1ehig, Entries= 17585, Total sum= 17581
TH1.Print Name  = ng, Entries= 1000000, Total sum= 1e+06
TH1.Print Name  = ehiz1, Entries= 0, Total sum= 0
TH1.Print Name  = ehiz2, Entries= 0, Total sum= 0
TH1.Print Name  = ehiz3, Entries= 0, Total sum= 0
TH1.Print Name  = ehiz4, Entries= 0, Total sum= 0
TH1.Print Name  = ehiz5, Entries= 0, Total sum= 0
TH1.Print Name  = gg_dt, Entries= 17236, Total sum= 17236
TH1.Print Name  = gg, Entries= 34472, Total sum= 34030
TH1.Print Name  = gg_z1, Entries= 0, Total sum= 0
TH1.Print Name  = gg_z2, Entries= 0, Total sum= 0
TH1.Print Name  = gg_z3, Entries= 0, Total sum= 0
TH1.Print Name  = gg_z4, Entries= 0, Total sum= 0
TH1.Print Name  = gg_z5, Entries= 0, Total sum= 0
Pars.f1->Close();
done saving rootfile "/lcrc/project/HELIOS/gretinafma/root_data/run193.root


read 1000000 events; Pars.beta=0.0330; time since last update 1 minutes
CommandFileName="GEBSort.command"

sorted timestamp range 238839025445-->250505302091: 11666276646
that is 116.7 seconds or 0h1m56s
^^^^^ any timestamp jumps will upset this accounting

hit statistics per type
 1 GEB_TYPE_DECOMP          1934959 ;  16585.92 Hz 
 8 GEB_TYPE_GT_MOD29         156375 ;   1340.40 Hz 
read a total of              2091334 ; header/payloads


nn1=0
nn2=2091335
nn3=2091335

nok_validate= 1000000, ntot_validate=1000000; validate fraction 100.00%

bytes read=999938992, 953.616135 MB

boniva sancta! ...GEBSort (unexpectedly) did not crash!

 ** GEBSort is done at 
