started GEBSort at we have 9 arguments
1... -input
will take input from disk
file size is 32312892428 bytes or 31555 MBytes

4... -rootfile
rootfile name specified on command line
__will store spectra in rootfile: /lcrc/project/HELIOS/gretinafma/root_data/run156.root
will recreate root file
7... -chat
core file size          (blocks, -c) unlimited
data seg size           (kbytes, -d) unlimited
scheduling priority             (-e) 0
file size               (blocks, -f) unlimited
pending signals                 (-i) 510315
max locked memory       (kbytes, -l) unlimited
max memory size         (kbytes, -m) 128769024
open files                      (-n) 51200
pipe size            (512 bytes, -p) 8
POSIX message queues     (bytes, -q) 819200
real-time priority              (-r) 0
stack size              (kbytes, -s) unlimited
cpu time               (seconds, -t) unlimited
max user processes              (-u) 4096
virtual memory          (kbytes, -v) unlimited
file locks                      (-x) unlimited
will read sorting instructions from chatfile: GEBSort.chat

executing UserDeclare.h code


GEBsort running on: 

initializing

crmat.LINUX is open (input) binary format
read 7936 bytes into Pars.crmat
chat file: <GEBSort.chat> open

will sort a max of 1410065408 events
will sort a max of 1000000 events
will sort 86400 minutes of data
will print details of the first 10 events
will use Pars.Beta (v/c) correction of 0.033000
will sort using a time window of 150
Pars.do_bin_mode2=1
Pars.do_bin_mode3=1
will accept second interaction range between 10.000000 and 500.000000 mm
"1-200"
detector   1 is ENABLED
detector   2 is ENABLED
detector   3 is ENABLED
detector   4 is ENABLED
detector   5 is ENABLED
detector   6 is ENABLED
detector   7 is ENABLED
detector   8 is ENABLED
detector   9 is ENABLED
detector  10 is ENABLED
detector  11 is ENABLED
detector  12 is ENABLED
detector  13 is ENABLED
detector  14 is ENABLED
detector  15 is ENABLED
detector  16 is ENABLED
detector  17 is ENABLED
detector  18 is ENABLED
detector  19 is ENABLED
detector  20 is ENABLED
detector  21 is ENABLED
detector  22 is ENABLED
detector  23 is ENABLED
detector  24 is ENABLED
detector  25 is ENABLED
detector  26 is ENABLED
detector  27 is ENABLED
detector  28 is ENABLED
detector  29 is ENABLED
detector  30 is ENABLED
detector  31 is ENABLED
detector  32 is ENABLED
detector  33 is ENABLED
detector  34 is ENABLED
detector  35 is ENABLED
detector  36 is ENABLED
detector  37 is ENABLED
detector  38 is ENABLED
detector  39 is ENABLED
detector  40 is ENABLED
detector  41 is ENABLED
detector  42 is ENABLED
detector  43 is ENABLED
detector  44 is ENABLED
detector  45 is ENABLED
detector  46 is ENABLED
detector  47 is ENABLED
detector  48 is ENABLED
detector  49 is ENABLED
detector  50 is ENABLED
detector  51 is ENABLED
detector  52 is ENABLED
detector  53 is ENABLED
detector  54 is ENABLED
detector  55 is ENABLED
detector  56 is ENABLED
detector  57 is ENABLED
detector  58 is ENABLED
detector  59 is ENABLED
detector  60 is ENABLED
detector  61 is ENABLED
detector  62 is ENABLED
detector  63 is ENABLED
detector  64 is ENABLED
detector  65 is ENABLED
detector  66 is ENABLED
detector  67 is ENABLED
detector  68 is ENABLED
detector  69 is ENABLED
detector  70 is ENABLED
detector  71 is ENABLED
detector  72 is ENABLED
detector  73 is ENABLED
detector  74 is ENABLED
detector  75 is ENABLED
detector  76 is ENABLED
detector  77 is ENABLED
detector  78 is ENABLED
detector  79 is ENABLED
detector  80 is ENABLED
detector  81 is ENABLED
detector  82 is ENABLED
detector  83 is ENABLED
detector  84 is ENABLED
detector  85 is ENABLED
detector  86 is ENABLED
detector  87 is ENABLED
detector  88 is ENABLED
detector  89 is ENABLED
detector  90 is ENABLED
detector  91 is ENABLED
detector  92 is ENABLED
detector  93 is ENABLED
detector  94 is ENABLED
detector  95 is ENABLED
detector  96 is ENABLED
detector  97 is ENABLED
detector  98 is ENABLED
detector  99 is ENABLED
detector 100 is ENABLED
detector 101 is ENABLED
detector 102 is ENABLED
detector 103 is ENABLED
detector 104 is ENABLED
detector 105 is ENABLED
detector 106 is ENABLED
detector 107 is ENABLED
detector 108 is ENABLED
detector 109 is ENABLED
detector 110 is ENABLED
detector 111 is ENABLED
detector 112 is ENABLED
detector 113 is ENABLED
detector 114 is ENABLED
detector 115 is ENABLED
detector 116 is ENABLED
detector 117 is ENABLED
detector 118 is ENABLED
detector 119 is ENABLED
detector 120 is ENABLED
detector 121 is ENABLED
detector 122 is ENABLED
detector 123 is ENABLED
detector 124 is ENABLED
detector 125 is ENABLED
detector 126 is ENABLED
detector 127 is ENABLED
detector 128 is ENABLED
detector 129 is ENABLED
detector 130 is ENABLED
detector 131 is ENABLED
detector 132 is ENABLED
detector 133 is ENABLED
detector 134 is ENABLED
detector 135 is ENABLED
detector 136 is ENABLED
detector 137 is ENABLED
detector 138 is ENABLED
detector 139 is ENABLED
detector 140 is ENABLED
detector 141 is ENABLED
detector 142 is ENABLED
detector 143 is ENABLED
detector 144 is ENABLED
detector 145 is ENABLED
detector 146 is ENABLED
detector 147 is ENABLED
detector 148 is ENABLED
detector 149 is ENABLED
detector 150 is ENABLED
detector 151 is ENABLED
detector 152 is ENABLED
detector 153 is ENABLED
detector 154 is ENABLED
detector 155 is ENABLED
detector 156 is ENABLED
detector 157 is ENABLED
detector 158 is ENABLED
detector 159 is ENABLED
detector 160 is ENABLED
detector 161 is ENABLED
detector 162 is ENABLED
detector 163 is ENABLED
detector 164 is ENABLED
detector 165 is ENABLED
detector 166 is ENABLED
detector 167 is ENABLED
detector 168 is ENABLED
detector 169 is ENABLED
detector 170 is ENABLED
detector 171 is ENABLED
detector 172 is ENABLED
detector 173 is ENABLED
detector 174 is ENABLED
detector 175 is ENABLED
detector 176 is ENABLED
detector 177 is ENABLED
detector 178 is ENABLED
detector 179 is ENABLED
detector 180 is ENABLED
detector 181 is ENABLED
detector 182 is ENABLED
detector 183 is ENABLED
detector 184 is ENABLED
detector 185 is ENABLED
detector 186 is ENABLED
detector 187 is ENABLED
detector 188 is ENABLED
detector 189 is ENABLED
detector 190 is ENABLED
detector 191 is ENABLED
detector 192 is ENABLED
detector 193 is ENABLED
detector 194 is ENABLED
detector 195 is ENABLED
detector 196 is ENABLED
detector 197 is ENABLED
detector 198 is ENABLED
detector 199 is ENABLED
WARNING: could not open CCcal file "CCenergy.cal", quit
will use beam direction 0.000000 0.000000 1.000000
vector length= 1.000000, normalizing
will use beam direction 0.000000 0.000000 1.000000
Pars.ndetlimlo=1,Pars.ndetlimhi=8
will require mult bt: 1 20
fomlimits, 1, 0.00 ..to.. 0.80
fomlimits, 2, 0.00 ..to.. 0.80
fomlimits, 3, 0.00 ..to.. 0.80
fomlimits, 4, 0.00 ..to.. 0.80
fomlimits, 5, 0.00 ..to.. 0.80
fomlimits, 6, 0.00 ..to.. 0.80
fomlimits, 7, 0.00 ..to.. 0.80
will use M= 350.000000 in bin_dgs
will use PZ file "dgs_pz.cal" in bin_dgs
will use ecal file "dgs_ehi.cal" in bin_dgs
will skip rest of chat file

chat file: <GEBSort.chat> closed
processed 39 sort instructions and 198 lines


sorting this:
Pars.do_bin_mode3 = 1
Pars.do_bin_mode2 = 1
Pars.do_bin_mode1 = 0
Pars.do_bin_dgs = 0
Pars.do_bin_dfma = 0
Pars.do_bin_gtcal = 0
Pars.do_bin_template = 0
Pars.do_bin_final = 0
Pars.do_bin_angcor = 0
Pars.do_bin_angdis = 0
checking proper input of chat file...
input file "/lcrc/project/HELIOS/gretinafma/merged_data/GEBMerged_run156.gtd_000" is open, inData=0x249f5a60
file size is -2046845940 bytes or -1998 MBs 
input source is set up, supposedly

xyz offset values:

executing ShareMemFileUserInit.h code

deleted \rm -f GEBSort.command
root file </lcrc/project/HELIOS/gretinafma/root_data/run156.root>
base=</lcrc/project/HELIOS/gretinafma/root_data/run156.root:/>
TFile: name=/lcrc/project/HELIOS/gretinafma/root_data/run156.root, title=, option=CREATE

executing UserInit.h code

Created Object "dtbtev", 0x25a495c0
Created Object "T0", 0x25a4bc60
, "T0"Created Object "hitpat", 0x25a4c050
, "hitpat"Created Object "numHitArray2", 0x25a4caa0
, "numHitArray2"Created Object "CCmult", 0x25a4d560
, "CC Multiplicity"Created Object "CCsum", 0x25a4da70
, "CCsum"Created Object "hit2", 0x25d2eab0
, "hit2"Created Object "hit3", 0x25d3e8c0
, "hit3"Created Object "hit4", 0x25d4e6d0
, "hit4"Created Object "CCsum_nodop", 0x25d5e4e0
, "CCsum_nodop"Created Object "CCadd", 0x25d6e2f0
, "CCadd"Created Object "SEGadd_FPGA", 0x25d7e100
Created Object "SEGadd_PSA", 0x25d7e510
Created Object "SEGsum_FPGA", 0x25d7e920
Created Object "SEGsum_PSA", 0x25d7ed30
Created Object "radius_all", 0x25d7f140
, "radius (all points)"Created Object "rate_mode2_min", 0x25d87550
, "rate_mode2_min headers"Created Object "rate_mode2_sec", 0x25d8a660
, "rate_mode2_sec headers"Created Object "rate_mode2_intp", 0x25d8d770
, "rate_mode2 interaction points"Created Object "cdtbtev", 0x25d90880
Created Object "evsr_all", 0x25e567f0
Created Object "SMAP_allhits", 0x25e56d30
Created Object "SMAP_allhits_sq", 0x25f566c0
Created Object "seghitpat", 0x26056050
Created Object "CCe", 0x2605e450
Created Object "ggCC", 0x2605ea00
Created Object "z_plot", 0x2605efb0
Created Object "crystal_hit", 0x26112680
Created Object "SegE", 0x26112c50
Created Object "crXcr", 0x26113190
MAXDETPOS=180
Created Object "eCC_a", 0x26200b70
Created Object "eCC_b", 0x26200f80
Created Object "eCC_c", 0x262013f0
Created Object "eCC_d", 0x262019a0
Created Object "eSeg", 0x26201ee0
Created Object "mode3_hitpat", 0x26202490
, "mode3_hitpat"Created Object "mode3_hitpat_chan", 0x26202e00
, "mode3_hitpat_chan"Created Object "chan0", 0x26203530
, "chan0"Created Object "module", 0x26217360
, "module"Created Object "chan", 0x2622b190
Created Object "l", 0x262a0ab0
, "l"Created Object "r", 0x262b48e0
, "r"Created Object "up", 0x262c86a0
, "up"Created Object "down", 0x262dc460
, "down"Created Object "sumlr", 0x262f0290
, "sumlr"Created Object "sumud", 0x263040c0
, "sumud"Created Object "x", 0x26317ef0
, "x"Created Object "y", 0x2632bd20
, "y"Created Object "de1", 0x2633fb50
, "de1"Created Object "de2", 0x26353910
, "de2"Created Object "de3", 0x263676d0
, "de3"Created Object "de12", 0x2637b500
, "de12"Created Object "etot", 0x2638f330
, "etot"Created Object "rftof", 0x263a30f0
, "rftof"Created Object "lr", 0x263b6eb0
Created Object "ud", 0x263b73f0
Created Object "ede1", 0x263b7930
Created Object "ede1g", 0x263b7e70
Created Object "ede2", 0x263b8420
Created Object "ede12", 0x263b89d0
Created Object "xde1", 0x263b8f80
Created Object "erftof", 0x263b94c0
Created Object "erftofg", 0x263b9a00
Created Object "sumehi", 0x263b9fb0
, "sumehi"Created Object "tgppac", 0x263cdd70
, "tgppac"Created Object "tgppacg", 0x263f5420
, "tgppacg"Created Object "xehi1", 0x2641cad0
Created Object "xehi1g", 0x2641d010
Created Object "de1ehi", 0x2641d5c0
Created Object "de1ehig", 0x2641db00
Created Object "ng", 0x2641e040
, "ng"Created Object "ehiz1", 0x26431e00
, "ehiz1"Created Object "ehiz2", 0x26445bc0
, "ehiz2"Created Object "ehiz3", 0x264599f0
, "ehiz3"Created Object "ehiz4", 0x2646d820
, "ehiz4"Created Object "ehiz5", 0x26481650
, "ehiz5"Created Object "gg_dt", 0x26495410
, "gg_dt"Created Object "gg", 0x26499840
Created Object "gg_z1", 0x26499df0
Created Object "gg_z2", 0x2649a3a0
Created Object "gg_z3", 0x2649a950
Created Object "gg_z4", 0x2649af00
Created Object "gg_z5", 0x2649b440
we have define the following ROOT spectra:
Collection name='THashList', class='THashList', size=84
 TH1.Print Name  = dtbtev, Entries= 0, Total sum= 0
 TH1.Print Name  = T0, Entries= 0, Total sum= 0
 TH1.Print Name  = hitpat, Entries= 0, Total sum= 0
 TH1.Print Name  = numHitArray2, Entries= 0, Total sum= 0
 TH1.Print Name  = CCmult, Entries= 0, Total sum= 0
 TH1.Print Name  = CCsum, Entries= 0, Total sum= 0
 TH1.Print Name  = hit2, Entries= 0, Total sum= 0
 TH1.Print Name  = hit3, Entries= 0, Total sum= 0
 TH1.Print Name  = hit4, Entries= 0, Total sum= 0
 TH1.Print Name  = CCsum_nodop, Entries= 0, Total sum= 0
 TH1.Print Name  = CCadd, Entries= 0, Total sum= 0
 TH1.Print Name  = SEGadd_FPGA, Entries= 0, Total sum= 0
 TH1.Print Name  = SEGadd_PSA, Entries= 0, Total sum= 0
 TH1.Print Name  = SEGsum_FPGA, Entries= 0, Total sum= 0
 TH1.Print Name  = SEGsum_PSA, Entries= 0, Total sum= 0
 TH1.Print Name  = radius_all, Entries= 0, Total sum= 0
 TH1.Print Name  = rate_mode2_min, Entries= 0, Total sum= 0
 TH1.Print Name  = rate_mode2_sec, Entries= 0, Total sum= 0
 TH1.Print Name  = rate_mode2_intp, Entries= 0, Total sum= 0
 TH1.Print Name  = cdtbtev, Entries= 0, Total sum= 0
 TH1.Print Name  = evsr_all, Entries= 0, Total sum= 0
 TH1.Print Name  = SMAP_allhits, Entries= 0, Total sum= 0
 TH1.Print Name  = SMAP_allhits_sq, Entries= 0, Total sum= 0
 TH1.Print Name  = seghitpat, Entries= 0, Total sum= 0
 TH1.Print Name  = CCe, Entries= 0, Total sum= 0
 TH1.Print Name  = ggCC, Entries= 0, Total sum= 0
 TH1.Print Name  = z_plot, Entries= 0, Total sum= 0
 TH1.Print Name  = crystal_hit, Entries= 0, Total sum= 0
 TH1.Print Name  = SegE, Entries= 0, Total sum= 0
 TH1.Print Name  = crXcr, Entries= 0, Total sum= 0
 ******************************************************************************
*Tree    :tree      : tree                                                   *
*Entries :        0 : Total =            8461 bytes  File  Size =          0 *
*        :          : Tree compression factor =   1.00                       *
******************************************************************************
*Br    0 :runNumber : runNumber/I                                            *
*Entries :        0 : Total  Size=        501 bytes  One basket in memory    *
*Baskets :        0 : Basket Size=      32000 bytes  Compression=   1.00     *
*............................................................................*
*Br    1 :numHits   : numHits/I                                              *
*Entries :        0 : Total  Size=        493 bytes  One basket in memory    *
*Baskets :        0 : Basket Size=      32000 bytes  Compression=   1.00     *
*............................................................................*
*Br    2 :left      : left[numHits]/F                                        *
*Entries :        0 : Total  Size=        580 bytes  One basket in memory    *
*Baskets :        0 : Basket Size=      32000 bytes  Compression=   1.00     *
*............................................................................*
*Br    3 :right     : right[numHits]/F                                       *
*Entries :        0 : Total  Size=        584 bytes  One basket in memory    *
*Baskets :        0 : Basket Size=      32000 bytes  Compression=   1.00     *
*............................................................................*
*Br    4 :up        : up[numHits]/F                                          *
*Entries :        0 : Total  Size=        572 bytes  One basket in memory    *
*Baskets :        0 : Basket Size=      32000 bytes  Compression=   1.00     *
*............................................................................*
*Br    5 :down      : down[numHits]/F                                        *
*Entries :        0 : Total  Size=        580 bytes  One basket in memory    *
*Baskets :        0 : Basket Size=      32000 bytes  Compression=   1.00     *
*............................................................................*
*Br    6 :e1        : e1[numHits]/F                                          *
*Entries :        0 : Total  Size=        572 bytes  One basket in memory    *
*Baskets :        0 : Basket Size=      32000 bytes  Compression=   1.00     *
*............................................................................*
*Br    7 :e2        : e2[numHits]/F                                          *
*Entries :        0 : Total  Size=        572 bytes  One basket in memory    *
*Baskets :        0 : Basket Size=      32000 bytes  Compression=   1.00     *
*............................................................................*
*Br    8 :e3        : e3[numHits]/F                                          *
*Entries :        0 : Total  Size=        572 bytes  One basket in memory    *
*Baskets :        0 : Basket Size=      32000 bytes  Compression=   1.00     *
*............................................................................*
*Br    9 :tac       : tac[numHits]/F                                         *
*Entries :        0 : Total  Size=        576 bytes  One basket in memory    *
*Baskets :        0 : Basket Size=      32000 bytes  Compression=   1.00     *
*............................................................................*
*Br   10 :fmaDeltaTime : fmaDeltaTime[numHits]/F                             *
*Entries :        0 : Total  Size=        612 bytes  One basket in memory    *
*Baskets :        0 : Basket Size=      32000 bytes  Compression=   1.00     *
*............................................................................*
*Br   11 :fmaMult   : fmaMult[10]/I                                          *
*Entries :        0 : Total  Size=        501 bytes  One basket in memory    *
*Baskets :        0 : Basket Size=      32000 bytes  Compression=   1.00     *
*............................................................................*
*Br   12 :gammaMult : gammaMult/I                                            *
*Entries :        0 : Total  Size=        501 bytes  One basket in memory    *
*Baskets :        0 : Basket Size=      32000 bytes  Compression=   1.00     *
*............................................................................*
*Br   13 :gammaEnergy : gammaEnergy[gammaMult]/F                             *
*Entries :        0 : Total  Size=        616 bytes  One basket in memory    *
*Baskets :        0 : Basket Size=      32000 bytes  Compression=   1.00     *
*............................................................................*
*Br   14 :gammaTimestamp : gammaTimestamp[gammaMult]/F                       *
*Entries :        0 : Total  Size=        628 bytes  One basket in memory    *
*Baskets :        0 : Basket Size=      32000 bytes  Compression=   1.00     *
*............................................................................*
*Br   15 :deltaTime : deltaTime[gammaMult]/F                                 *
*Entries :        0 : Total  Size=        608 bytes  One basket in memory    *
*Baskets :        0 : Basket Size=      32000 bytes  Compression=   1.00     *
*............................................................................*
 TH1.Print Name  = eCC_a, Entries= 0, Total sum= 0
 TH1.Print Name  = eCC_b, Entries= 0, Total sum= 0
 TH1.Print Name  = eCC_c, Entries= 0, Total sum= 0
 TH1.Print Name  = eCC_d, Entries= 0, Total sum= 0
 TH1.Print Name  = eSeg, Entries= 0, Total sum= 0
 TH1.Print Name  = mode3_hitpat, Entries= 0, Total sum= 0
 TH1.Print Name  = mode3_hitpat_chan, Entries= 0, Total sum= 0
 TH1.Print Name  = chan0, Entries= 0, Total sum= 0
 TH1.Print Name  = module, Entries= 0, Total sum= 0
 TH1.Print Name  = chan, Entries= 0, Total sum= 0
 TH1.Print Name  = l, Entries= 0, Total sum= 0
 TH1.Print Name  = r, Entries= 0, Total sum= 0
 TH1.Print Name  = up, Entries= 0, Total sum= 0
 TH1.Print Name  = down, Entries= 0, Total sum= 0
 TH1.Print Name  = sumlr, Entries= 0, Total sum= 0
 TH1.Print Name  = sumud, Entries= 0, Total sum= 0
 TH1.Print Name  = x, Entries= 0, Total sum= 0
 TH1.Print Name  = y, Entries= 0, Total sum= 0
 TH1.Print Name  = de1, Entries= 0, Total sum= 0
 TH1.Print Name  = de2, Entries= 0, Total sum= 0
 TH1.Print Name  = de3, Entries= 0, Total sum= 0
 TH1.Print Name  = de12, Entries= 0, Total sum= 0
 TH1.Print Name  = etot, Entries= 0, Total sum= 0
 TH1.Print Name  = rftof, Entries= 0, Total sum= 0
 TH1.Print Name  = lr, Entries= 0, Total sum= 0
 TH1.Print Name  = ud, Entries= 0, Total sum= 0
 TH1.Print Name  = ede1, Entries= 0, Total sum= 0
 TH1.Print Name  = ede1g, Entries= 0, Total sum= 0
 TH1.Print Name  = ede2, Entries= 0, Total sum= 0
 TH1.Print Name  = ede12, Entries= 0, Total sum= 0
 TH1.Print Name  = xde1, Entries= 0, Total sum= 0
 TH1.Print Name  = erftof, Entries= 0, Total sum= 0
 TH1.Print Name  = erftofg, Entries= 0, Total sum= 0
 TH1.Print Name  = sumehi, Entries= 0, Total sum= 0
 TH1.Print Name  = tgppac, Entries= 0, Total sum= 0
 TH1.Print Name  = tgppacg, Entries= 0, Total sum= 0
 TH1.Print Name  = xehi1, Entries= 0, Total sum= 0
 TH1.Print Name  = xehi1g, Entries= 0, Total sum= 0
 TH1.Print Name  = de1ehi, Entries= 0, Total sum= 0
 TH1.Print Name  = de1ehig, Entries= 0, Total sum= 0
 TH1.Print Name  = ng, Entries= 0, Total sum= 0
 TH1.Print Name  = ehiz1, Entries= 0, Total sum= 0
 TH1.Print Name  = ehiz2, Entries= 0, Total sum= 0
 TH1.Print Name  = ehiz3, Entries= 0, Total sum= 0
 TH1.Print Name  = ehiz4, Entries= 0, Total sum= 0
 TH1.Print Name  = ehiz5, Entries= 0, Total sum= 0
 TH1.Print Name  = gg_dt, Entries= 0, Total sum= 0
 TH1.Print Name  = gg, Entries= 0, Total sum= 0
 TH1.Print Name  = gg_z1, Entries= 0, Total sum= 0
 TH1.Print Name  = gg_z2, Entries= 0, Total sum= 0
 TH1.Print Name  = gg_z3, Entries= 0, Total sum= 0
 TH1.Print Name  = gg_z4, Entries= 0, Total sum= 0
 TH1.Print Name  = gg_z5, Entries= 0, Total sum= 0
GRETINA detector angles
mod  1, crystal 0 [  4]: ( 10.07   3.58  15.10) pol   35.30 ,  azi   13.35; pol   35.30 ,  azi   19.58; modCCdopfac[4] 1.0271
mod  1, crystal 1 [  5]: ( 10.11   9.19  12.47) pol   47.60 ,  azi   36.39; pol   47.60 ,  azi   42.30; modCCdopfac[5] 1.0222
mod  1, crystal 2 [  6]: (  5.44   7.69  15.92) pol   30.60 ,  azi   25.77; pol   30.60 ,  azi   54.72; modCCdopfac[6] 1.0287
mod  1, crystal 3 [  7]: (  4.99   1.78  17.72) pol   16.65 ,  azi    5.72; pol   16.65 ,  azi   19.58; modCCdopfac[7] 1.0321
mod  2, crystal 0 [  8]: ( -0.29  10.69  15.10) pol   35.30 ,  azi   35.29; pol   35.30 ,  azi   91.58; modCCdopfac[8] 1.0271
mod  2, crystal 1 [  9]: ( -5.62  12.45  12.47) pol   47.60 ,  azi   44.95; pol   47.60 ,  azi  114.30; modCCdopfac[9] 1.0222
mod  2, crystal 2 [ 10]: ( -5.63   7.55  15.92) pol   30.60 ,  azi   25.36; pol   30.60 ,  azi  126.72; modCCdopfac[10] 1.0287
mod  2, crystal 3 [ 11]: ( -0.15   5.30  17.72) pol   16.65 ,  azi   16.64; pol   16.65 ,  azi   91.58; modCCdopfac[11] 1.0321
mod  3, crystal 0 [ 12]: (-10.25   3.02  15.10) pol   35.30 ,  azi   11.32; pol   35.30 ,  azi  163.58; modCCdopfac[12] 1.0271
mod  3, crystal 1 [ 13]: (-13.58  -1.50  12.47) pol   47.60 ,  azi   -6.85; pol   47.60 ,  azi -173.70; modCCdopfac[13] 1.0222
mod  3, crystal 2 [ 14]: ( -8.92  -3.02  15.92) pol   30.60 ,  azi  -10.75; pol   30.60 ,  azi -161.28; modCCdopfac[14] 1.0287
mod  3, crystal 3 [ 15]: ( -5.08   1.50  17.72) pol   16.65 ,  azi    4.83; pol   16.65 ,  azi  163.58; modCCdopfac[15] 1.0321
mod  4, crystal 0 [ 16]: ( -6.04  -8.82  15.10) pol   35.30 ,  azi  -30.29; pol   35.30 ,  azi -124.42; modCCdopfac[16] 1.0271
mod  4, crystal 1 [ 17]: ( -2.77 -13.38  12.47) pol   47.60 ,  azi  -47.00; pol   47.60 ,  azi -101.70; modCCdopfac[17] 1.0222
mod  4, crystal 2 [ 18]: (  0.12  -9.42  15.92) pol   30.60 ,  azi  -30.60; pol   30.60 ,  azi  -89.28; modCCdopfac[18] 1.0287
mod  4, crystal 3 [ 19]: ( -3.00  -4.37  17.72) pol   16.65 ,  azi  -13.86; pol   16.65 ,  azi -124.42; modCCdopfac[19] 1.0321
mod  5, crystal 0 [ 20]: (  6.52  -8.47  15.10) pol   35.30 ,  azi  -29.30; pol   35.30 ,  azi  -52.42; modCCdopfac[20] 1.0271
mod  5, crystal 1 [ 21]: ( 11.87  -6.77  12.47) pol   47.60 ,  azi  -28.49; pol   47.60 ,  azi  -29.70; modCCdopfac[21] 1.0222
mod  5, crystal 2 [ 22]: (  8.99  -2.80  15.92) pol   30.60 ,  azi   -9.96; pol   30.60 ,  azi  -17.28; modCCdopfac[22] 1.0287
mod  5, crystal 3 [ 23]: (  3.23  -4.20  17.72) pol   16.65 ,  azi  -13.33; pol   16.65 ,  azi  -52.42; modCCdopfac[23] 1.0321
mod  6, crystal 0 [ 24]: (  4.54  16.51   7.02) pol   67.71 ,  azi   66.97; pol   67.71 ,  azi   74.63; modCCdopfac[24] 1.0121
mod  6, crystal 1 [ 25]: ( -0.33  15.15  10.61) pol   55.02 ,  azi   55.01; pol   55.02 ,  azi   91.23; modCCdopfac[25] 1.0187
mod  6, crystal 2 [ 26]: (  5.05  13.00  12.16) pol   48.92 ,  azi   46.92; pol   48.92 ,  azi   68.77; modCCdopfac[26] 1.0216
mod  6, crystal 3 [ 27]: (  9.66  13.57   8.06) pol   64.18 ,  azi   59.29; pol   64.18 ,  azi   54.55; modCCdopfac[27] 1.0140
mod  7, crystal 0 [ 28]: (-14.30   9.42   7.02) pol   67.71 ,  azi   53.31; pol   67.71 ,  azi  146.63; modCCdopfac[28] 1.0121
mod  7, crystal 1 [ 29]: (-14.51   4.37  10.61) pol   55.02 ,  azi   22.40; pol   55.02 ,  azi  163.23; modCCdopfac[29] 1.0187
mod  7, crystal 2 [ 30]: (-10.80   8.82  12.16) pol   48.92 ,  azi   35.96; pol   48.92 ,  azi  140.77; modCCdopfac[30] 1.0216
mod  7, crystal 3 [ 31]: ( -9.92  13.38   8.06) pol   64.18 ,  azi   58.94; pol   64.18 ,  azi  126.55; modCCdopfac[31] 1.0140
mod  8, crystal 0 [ 32]: (-13.37 -10.69   7.02) pol   67.71 ,  azi  -56.71; pol   67.71 ,  azi -141.37; modCCdopfac[32] 1.0121
mod  8, crystal 1 [ 33]: ( -8.64 -12.45  10.61) pol   55.02 ,  azi  -49.58; pol   55.02 ,  azi -124.77; modCCdopfac[33] 1.0187
mod  8, crystal 2 [ 34]: (-11.73  -7.55  12.16) pol   48.92 ,  azi  -31.84; pol   48.92 ,  azi -147.23; modCCdopfac[34] 1.0216
mod  8, crystal 3 [ 35]: (-15.79  -5.30   8.06) pol   64.18 ,  azi  -33.33; pol   64.18 ,  azi -161.45; modCCdopfac[35] 1.0140
mod  9, crystal 0 [ 36]: (  6.03 -16.02   7.02) pol   67.71 ,  azi  -66.35; pol   67.71 ,  azi  -69.37; modCCdopfac[36] 1.0121
mod  9, crystal 1 [ 37]: (  9.17 -12.07  10.61) pol   55.02 ,  azi  -48.69; pol   55.02 ,  azi  -52.77; modCCdopfac[37] 1.0187
mod  9, crystal 2 [ 38]: (  3.56 -13.48  12.16) pol   48.92 ,  azi  -47.96; pol   48.92 ,  azi  -75.23; modCCdopfac[38] 1.0216
mod  9, crystal 3 [ 39]: (  0.16 -16.65   8.06) pol   64.18 ,  azi  -64.18; pol   64.18 ,  azi  -89.45; modCCdopfac[39] 1.0140
mod 10, crystal 0 [ 40]: ( 17.10   0.79   7.02) pol   67.71 ,  azi    6.39; pol   67.71 ,  azi    2.63; modCCdopfac[40] 1.0121
mod 10, crystal 1 [ 41]: ( 14.31   4.99  10.61) pol   55.02 ,  azi   25.21; pol   55.02 ,  azi   19.23; modCCdopfac[41] 1.0187
mod 10, crystal 2 [ 42]: ( 13.92  -0.79  12.16) pol   48.92 ,  azi   -3.70; pol   48.92 ,  azi   -3.23; modCCdopfac[42] 1.0216
mod 10, crystal 3 [ 43]: ( 15.89  -4.99   8.06) pol   64.18 ,  azi  -31.79; pol   64.18 ,  azi  -17.45; modCCdopfac[43] 1.0140
mod 11, crystal 0 [ 44]: ( 18.26   2.80   0.92) pol   87.15 ,  azi   71.78; pol   87.15 ,  azi    8.71; modCCdopfac[44] 1.0011
mod 11, crystal 1 [ 45]: ( 17.30   4.20  -5.04) pol  105.79 ,  azi  140.16; pol  105.79 ,  azi   13.65; modCCdopfac[45] 0.9906
mod 11, crystal 2 [ 46]: ( 16.42   8.47  -0.92) pol   92.85 ,  azi   96.20; pol   92.85 ,  azi   27.29; modCCdopfac[46] 0.9978
mod 11, crystal 3 [ 47]: ( 16.46   6.77   5.04) pol   74.21 ,  azi   53.36; pol   74.21 ,  azi   22.35; modCCdopfac[47] 1.0085
mod 12, crystal 0 [ 48]: ( 12.46  13.48  -2.26) pol   97.01 ,  azi   99.50; pol   97.01 ,  azi   47.25; modCCdopfac[48] 0.9954
mod 12, crystal 1 [ 49]: (  7.28  16.65  -3.46) pol  100.78 ,  azi  101.74; pol  100.78 ,  azi   66.39; modCCdopfac[49] 0.9933
mod 12, crystal 2 [ 50]: (  8.97  16.02   2.26) pol   82.99 ,  azi   81.98; pol   82.99 ,  azi   60.75; modCCdopfac[50] 1.0035
mod 12, crystal 3 [ 51]: ( 13.59  12.07   3.46) pol   79.22 ,  azi   74.00; pol   79.22 ,  azi   41.61; modCCdopfac[51] 1.0057
mod 13, crystal 0 [ 52]: (  2.98  18.23   0.92) pol   87.15 ,  azi   87.11; pol   87.15 ,  azi   80.71; modCCdopfac[52] 1.0011
mod 13, crystal 1 [ 53]: (  1.35  17.75  -5.04) pol  105.79 ,  azi  105.84; pol  105.79 ,  azi   85.65; modCCdopfac[53] 0.9906
mod 13, crystal 2 [ 54]: ( -2.98  18.23  -0.92) pol   92.85 ,  azi   92.89; pol   92.85 ,  azi   99.29; modCCdopfac[54] 0.9978
mod 13, crystal 3 [ 55]: ( -1.35  17.75   5.04) pol   74.21 ,  azi   74.16; pol   74.21 ,  azi   94.35; modCCdopfac[55] 1.0085
mod 14, crystal 0 [ 56]: ( -8.97  16.02  -2.26) pol   97.01 ,  azi   98.02; pol   97.01 ,  azi  119.25; modCCdopfac[56] 0.9954
mod 14, crystal 1 [ 57]: (-13.59  12.07  -3.46) pol  100.78 ,  azi  106.00; pol  100.78 ,  azi  138.39; modCCdopfac[57] 0.9933
mod 14, crystal 2 [ 58]: (-12.46  13.48   2.26) pol   82.99 ,  azi   80.50; pol   82.99 ,  azi  132.75; modCCdopfac[58] 1.0035
mod 14, crystal 3 [ 59]: ( -7.28  16.65   3.46) pol   79.22 ,  azi   78.26; pol   79.22 ,  azi  113.61; modCCdopfac[59] 1.0057
mod 15, crystal 0 [ 60]: (-16.42   8.47   0.92) pol   87.15 ,  azi   83.80; pol   87.15 ,  azi  152.71; modCCdopfac[60] 1.0011
mod 15, crystal 1 [ 61]: (-16.46   6.77  -5.04) pol  105.79 ,  azi  126.64; pol  105.79 ,  azi  157.65; modCCdopfac[61] 0.9906
mod 15, crystal 2 [ 62]: (-18.26   2.80  -0.92) pol   92.85 ,  azi  108.22; pol   92.85 ,  azi  171.29; modCCdopfac[62] 0.9978
mod 15, crystal 3 [ 63]: (-17.30   4.20   5.04) pol   74.21 ,  azi   39.84; pol   74.21 ,  azi  166.35; modCCdopfac[63] 1.0085
mod 16, crystal 0 [ 64]: (-18.01  -3.58  -2.26) pol   97.01 ,  azi -122.21; pol   97.01 ,  azi -168.75; modCCdopfac[64] 0.9954
mod 16, crystal 1 [ 65]: (-15.68  -9.19  -3.46) pol  100.78 ,  azi -110.62; pol  100.78 ,  azi -149.61; modCCdopfac[65] 0.9933
mod 16, crystal 2 [ 66]: (-16.68  -7.69   2.26) pol   82.99 ,  azi  -73.64; pol   82.99 ,  azi -155.25; modCCdopfac[66] 1.0035
mod 16, crystal 3 [ 67]: (-18.09  -1.78   3.46) pol   79.22 ,  azi  -27.18; pol   79.22 ,  azi -174.39; modCCdopfac[67] 1.0057
mod 17, crystal 0 [ 68]: (-13.13 -13.00   0.92) pol   87.15 ,  azi  -85.95; pol   87.15 ,  azi -135.29; modCCdopfac[68] 1.0011
mod 17, crystal 1 [ 69]: (-11.53 -13.57  -5.04) pol  105.79 ,  azi -110.36; pol  105.79 ,  azi -130.35; modCCdopfac[69] 0.9906
mod 17, crystal 2 [ 70]: ( -8.30 -16.51  -0.92) pol   92.85 ,  azi  -93.19; pol   92.85 ,  azi -116.71; modCCdopfac[70] 0.9978
mod 17, crystal 3 [ 71]: ( -9.34 -15.15   5.04) pol   74.21 ,  azi  -71.62; pol   74.21 ,  azi -121.65; modCCdopfac[71] 1.0085
mod 18, crystal 0 [ 72]: ( -2.16 -18.23  -2.26) pol   97.01 ,  azi  -97.05; pol   97.01 ,  azi  -96.75; modCCdopfac[72] 0.9954
mod 18, crystal 1 [ 73]: (  3.90 -17.75  -3.46) pol  100.78 ,  azi -101.03; pol  100.78 ,  azi  -77.61; modCCdopfac[73] 0.9933
mod 18, crystal 2 [ 74]: (  2.16 -18.23   2.26) pol   82.99 ,  azi  -82.95; pol   82.99 ,  azi  -83.25; modCCdopfac[74] 1.0035
mod 18, crystal 3 [ 75]: ( -3.90 -17.75   3.46) pol   79.22 ,  azi  -78.97; pol   79.22 ,  azi -102.39; modCCdopfac[75] 1.0057
mod 19, crystal 0 [ 76]: (  8.30 -16.51   0.92) pol   87.15 ,  azi  -86.81; pol   87.15 ,  azi  -63.29; modCCdopfac[76] 1.0011
mod 19, crystal 1 [ 77]: (  9.34 -15.15  -5.04) pol  105.79 ,  azi -108.38; pol  105.79 ,  azi  -58.35; modCCdopfac[77] 0.9906
mod 19, crystal 2 [ 78]: ( 13.13 -13.00  -0.92) pol   92.85 ,  azi  -94.05; pol   92.85 ,  azi  -44.71; modCCdopfac[78] 0.9978
mod 19, crystal 3 [ 79]: ( 11.53 -13.57   5.04) pol   74.21 ,  azi  -69.64; pol   74.21 ,  azi  -49.65; modCCdopfac[79] 1.0085
mod 20, crystal 0 [ 80]: ( 16.68  -7.69  -2.26) pol   97.01 ,  azi -106.36; pol   97.01 ,  azi  -24.75; modCCdopfac[80] 0.9954
mod 20, crystal 1 [ 81]: ( 18.09  -1.78  -3.46) pol  100.78 ,  azi -152.82; pol  100.78 ,  azi   -5.61; modCCdopfac[81] 0.9933
mod 20, crystal 2 [ 82]: ( 18.01  -3.58   2.26) pol   82.99 ,  azi  -57.79; pol   82.99 ,  azi  -11.25; modCCdopfac[82] 1.0035
mod 20, crystal 3 [ 83]: ( 15.68  -9.19   3.46) pol   79.22 ,  azi  -69.38; pol   79.22 ,  azi  -30.39; modCCdopfac[83] 1.0057
mod 21, crystal 0 [ 84]: ( 14.30   9.42  -7.02) pol  112.29 ,  azi  126.69; pol  112.29 ,  azi   33.37; modCCdopfac[84] 0.9871
mod 21, crystal 1 [ 85]: ( 14.51   4.37 -10.61) pol  124.98 ,  azi  157.60; pol  124.98 ,  azi   16.77; modCCdopfac[85] 0.9809
mod 21, crystal 2 [ 86]: ( 10.80   8.82 -12.16) pol  131.08 ,  azi  144.04; pol  131.08 ,  azi   39.23; modCCdopfac[86] 0.9782
mod 21, crystal 3 [ 87]: (  9.92  13.38  -8.06) pol  115.82 ,  azi  121.06; pol  115.82 ,  azi   53.45; modCCdopfac[87] 0.9853
mod 22, crystal 0 [ 88]: ( -4.54  16.51  -7.02) pol  112.29 ,  azi  113.03; pol  112.29 ,  azi  105.37; modCCdopfac[88] 0.9871
mod 22, crystal 1 [ 89]: (  0.33  15.15 -10.61) pol  124.98 ,  azi  124.99; pol  124.98 ,  azi   88.77; modCCdopfac[89] 0.9809
mod 22, crystal 2 [ 90]: ( -5.05  13.00 -12.16) pol  131.08 ,  azi  133.08; pol  131.08 ,  azi  111.23; modCCdopfac[90] 0.9782
mod 22, crystal 3 [ 91]: ( -9.66  13.57  -8.06) pol  115.82 ,  azi  120.71; pol  115.82 ,  azi  125.45; modCCdopfac[91] 0.9853
mod 23, crystal 0 [ 92]: (-17.10   0.79  -7.02) pol  112.29 ,  azi  173.61; pol  112.29 ,  azi  177.37; modCCdopfac[92] 0.9871
mod 23, crystal 1 [ 93]: (-14.31   4.99 -10.61) pol  124.98 ,  azi  154.79; pol  124.98 ,  azi  160.77; modCCdopfac[93] 0.9809
mod 23, crystal 2 [ 94]: (-13.92  -0.79 -12.16) pol  131.08 ,  azi -176.30; pol  131.08 ,  azi -176.77; modCCdopfac[94] 0.9782
mod 23, crystal 3 [ 95]: (-15.89  -4.99  -8.06) pol  115.82 ,  azi -148.21; pol  115.82 ,  azi -162.55; modCCdopfac[95] 0.9853
mod 24, crystal 0 [ 96]: ( -6.03 -16.02  -7.02) pol  112.29 ,  azi -113.65; pol  112.29 ,  azi -110.63; modCCdopfac[96] 0.9871
mod 24, crystal 1 [ 97]: ( -9.17 -12.07 -10.61) pol  124.98 ,  azi -131.31; pol  124.98 ,  azi -127.23; modCCdopfac[97] 0.9809
mod 24, crystal 2 [ 98]: ( -3.56 -13.48 -12.16) pol  131.08 ,  azi -132.04; pol  131.08 ,  azi -104.77; modCCdopfac[98] 0.9782
mod 24, crystal 3 [ 99]: ( -0.16 -16.65  -8.06) pol  115.82 ,  azi -115.82; pol  115.82 ,  azi  -90.55; modCCdopfac[99] 0.9853
mod 25, crystal 0 [100]: ( 13.37 -10.69  -7.02) pol  112.29 ,  azi -123.29; pol  112.29 ,  azi  -38.63; modCCdopfac[100] 0.9871
mod 25, crystal 1 [101]: (  8.64 -12.45 -10.61) pol  124.98 ,  azi -130.42; pol  124.98 ,  azi  -55.23; modCCdopfac[101] 0.9809
mod 25, crystal 2 [102]: ( 11.73  -7.55 -12.16) pol  131.08 ,  azi -148.16; pol  131.08 ,  azi  -32.77; modCCdopfac[102] 0.9782
mod 25, crystal 3 [103]: ( 15.79  -5.30  -8.06) pol  115.82 ,  azi -146.67; pol  115.82 ,  azi  -18.55; modCCdopfac[103] 0.9853
mod 26, crystal 0 [104]: (  0.29  10.69 -15.10) pol  144.70 ,  azi  144.71; pol  144.70 ,  azi   88.42; modCCdopfac[104] 0.9732
mod 26, crystal 1 [105]: (  5.62  12.45 -12.47) pol  132.40 ,  azi  135.05; pol  132.40 ,  azi   65.70; modCCdopfac[105] 0.9777
mod 26, crystal 2 [106]: (  5.63   7.55 -15.92) pol  149.40 ,  azi  154.64; pol  149.40 ,  azi   53.28; modCCdopfac[106] 0.9718
mod 26, crystal 3 [107]: (  0.15   5.30 -17.72) pol  163.35 ,  azi  163.36; pol  163.35 ,  azi   88.42; modCCdopfac[107] 0.9688
mod 27, crystal 0 [108]: (-10.07   3.58 -15.10) pol  144.70 ,  azi  166.65; pol  144.70 ,  azi  160.42; modCCdopfac[108] 0.9732
mod 27, crystal 1 [109]: (-10.11   9.19 -12.47) pol  132.40 ,  azi  143.61; pol  132.40 ,  azi  137.70; modCCdopfac[109] 0.9777
mod 27, crystal 2 [110]: ( -5.44   7.69 -15.92) pol  149.40 ,  azi  154.23; pol  149.40 ,  azi  125.28; modCCdopfac[110] 0.9718
mod 27, crystal 3 [111]: ( -4.99   1.78 -17.72) pol  163.35 ,  azi  174.28; pol  163.35 ,  azi  160.42; modCCdopfac[111] 0.9688
mod 28, crystal 0 [112]: ( -6.52  -8.47 -15.10) pol  144.70 ,  azi -150.70; pol  144.70 ,  azi -127.58; modCCdopfac[112] 0.9732
mod 28, crystal 1 [113]: (-11.87  -6.77 -12.47) pol  132.40 ,  azi -151.51; pol  132.40 ,  azi -150.30; modCCdopfac[113] 0.9777
mod 28, crystal 2 [114]: ( -8.99  -2.80 -15.92) pol  149.40 ,  azi -170.04; pol  149.40 ,  azi -162.72; modCCdopfac[114] 0.9718
mod 28, crystal 3 [115]: ( -3.23  -4.20 -17.72) pol  163.35 ,  azi -166.67; pol  163.35 ,  azi -127.58; modCCdopfac[115] 0.9688
mod 29, crystal 0 [116]: (  6.04  -8.82 -15.10) pol  144.70 ,  azi -149.71; pol  144.70 ,  azi  -55.58; modCCdopfac[116] 0.9732
mod 29, crystal 1 [117]: (  2.77 -13.38 -12.47) pol  132.40 ,  azi -133.00; pol  132.40 ,  azi  -78.30; modCCdopfac[117] 0.9777
mod 29, crystal 2 [118]: ( -0.12  -9.42 -15.92) pol  149.40 ,  azi -149.40; pol  149.40 ,  azi  -90.72; modCCdopfac[118] 0.9718
mod 29, crystal 3 [119]: (  3.00  -4.37 -17.72) pol  163.35 ,  azi -166.14; pol  163.35 ,  azi  -55.58; modCCdopfac[119] 0.9688
mod 30, crystal 0 [120]: ( 10.25   3.02 -15.10) pol  144.70 ,  azi  168.68; pol  144.70 ,  azi   16.42; modCCdopfac[120] 0.9732
mod 30, crystal 1 [121]: ( 13.58  -1.50 -12.47) pol  132.40 ,  azi -173.15; pol  132.40 ,  azi   -6.30; modCCdopfac[121] 0.9777
mod 30, crystal 2 [122]: (  8.92  -3.02 -15.92) pol  149.40 ,  azi -169.25; pol  149.40 ,  azi  -18.72; modCCdopfac[122] 0.9718
mod 30, crystal 3 [123]: (  5.08   1.50 -17.72) pol  163.35 ,  azi  175.17; pol  163.35 ,  azi   16.42; modCCdopfac[123] 0.9688
setup signal catcher
started sorting... from disk...

Pars.maxTS=4611686018427387904
got initial header, TS=2443542127287 ID: 1 length: 464
read initial payload of siz=464 into event position 1
__ptgd[0]->type= 0; ptgd[0]->length=   0; ptgd[0]->timestamp=0
initial ii=1, nn=1
ev#     0 GEB_TYPE_DECOMP        464Bytes TS=2443542127413 curTS=2443542127287 dTS= 126
ev#     0 GEB_TYPE_DECOMP        464Bytes TS=2443542141719 curTS=2443542127287 dTS= 14432
t0=2443542127287
first event: GEB_event.mult=2
   0/ 0: ( 1,GEB_TYPE_DECOMP      ) TS=       2443542127287; dT=-126
   0/ 1: ( 1,GEB_TYPE_DECOMP      ) TS=       2443542127413; dT=0
maxTS=11083542127287
that is 86400.0 seconds or 24h0m0s minutes of sorting
GEBGetEv returned st=0
we have read 1440 bytes; CurEvNo=1

+++++++++++++++++++++++++++++++
*start event # 1 with multiplicity 2 looks like this:
 0>  1, GEB_TYPE_DECOMP      , TS=2443542127287
 1>  1, GEB_TYPE_DECOMP      , TS=2443542127413
entered bin_mode2: 1/10
ptinp->pad= 6, (ptinp->pad&0x000000ff)= 6
ptinp->pad= 6, (ptinp->pad&0x000000ff)= 6
updated CCadd with    0.00
total number of hits in array: 0
exit bin_mode2
entered bin_mode3 @ event number: 1 
exit bin_mode3
*end of event # 1
+++++++++++++++++++++++++++++++
ev#     1 GEB_TYPE_DECOMP        464Bytes TS=2443542200555 curTS=2443542141719 dTS= 58836
GEBGetEv returned st=0
we have read 1920 bytes; CurEvNo=2

+++++++++++++++++++++++++++++++
*start event # 2 with multiplicity 1 looks like this:
 0>  1, GEB_TYPE_DECOMP      , TS=2443542141719
entered bin_mode2: 2/10
ptinp->pad= 6, (ptinp->pad&0x000000ff)= 6
updated CCadd with    0.00
total number of hits in array: 0
exit bin_mode2
entered bin_mode3 @ event number: 2 
exit bin_mode3
*end of event # 2
+++++++++++++++++++++++++++++++
ev#     2 GEB_TYPE_DECOMP        464Bytes TS=2443542200557 curTS=2443542200555 dTS= 2
ev#     2 GEB_TYPE_DECOMP        464Bytes TS=2443542200735 curTS=2443542200555 dTS= 180
GEBGetEv returned st=0
we have read 2880 bytes; CurEvNo=3

+++++++++++++++++++++++++++++++
*start event # 3 with multiplicity 2 looks like this:
 0>  1, GEB_TYPE_DECOMP      , TS=2443542200555
 1>  1, GEB_TYPE_DECOMP      , TS=2443542200557
entered bin_mode2: 3/10
ptinp->pad= 6, (ptinp->pad&0x000000ff)= 6
ptinp->pad= 6, (ptinp->pad&0x000000ff)= 6
updated CCadd with    0.00
total number of hits in array: 0
exit bin_mode2
entered bin_mode3 @ event number: 3 
exit bin_mode3
*end of event # 3
+++++++++++++++++++++++++++++++
ev#     3 GEB_TYPE_DECOMP        464Bytes TS=2443542300385 curTS=2443542200735 dTS= 99650
GEBGetEv returned st=0
we have read 3360 bytes; CurEvNo=4

+++++++++++++++++++++++++++++++
*start event # 4 with multiplicity 1 looks like this:
 0>  1, GEB_TYPE_DECOMP      , TS=2443542200735
entered bin_mode2: 4/10
ptinp->pad= 6, (ptinp->pad&0x000000ff)= 6
updated CCadd with    0.00
total number of hits in array: 0
exit bin_mode2
entered bin_mode3 @ event number: 4 
exit bin_mode3
*end of event # 4
+++++++++++++++++++++++++++++++
ev#     4 GEB_TYPE_DECOMP        464Bytes TS=2443542300385 curTS=2443542300385 dTS= 0
ev#     4 GEB_TYPE_DECOMP        464Bytes TS=2443542339791 curTS=2443542300385 dTS= 39406
GEBGetEv returned st=0
we have read 4320 bytes; CurEvNo=5

+++++++++++++++++++++++++++++++
*start event # 5 with multiplicity 2 looks like this:
 0>  1, GEB_TYPE_DECOMP      , TS=2443542300385
 1>  1, GEB_TYPE_DECOMP      , TS=2443542300385
entered bin_mode2: 5/10
ptinp->pad= 6, (ptinp->pad&0x000000ff)= 6
ptinp->pad= 6, (ptinp->pad&0x000000ff)= 6
updated CCadd with    0.00
total number of hits in array: 0
exit bin_mode2
entered bin_mode3 @ event number: 5 
exit bin_mode3
*end of event # 5
+++++++++++++++++++++++++++++++
ev#     5 GEB_TYPE_GT_MOD29      440Bytes TS=2443542340083 curTS=2443542339791 dTS= 292
GEBGetEv returned st=0
we have read 4776 bytes; CurEvNo=6

+++++++++++++++++++++++++++++++
*start event # 6 with multiplicity 1 looks like this:
 0>  1, GEB_TYPE_DECOMP      , TS=2443542339791
entered bin_mode2: 6/10
ptinp->pad= 0, (ptinp->pad&0x000000ff)= 0
good pad value
mode2 data:  0>  1, GEB_TYPE_DECOMP      , TS=2443542339791
number of hits: 1
* 0/1, is GEB_TYPE_DECOMP: num=1
__detno: 110, module: 27, crystalNumber: 2
CCenergies[0]= 850.22
* 0:   -1.01, -22.88,  23.42 --> GT:   -4.86,   7.15, -19.10
updated CCadd with  850.22
total number of hits in array: 1
exit bin_mode2
entered bin_mode3 @ event number: 6 
exit bin_mode3
*end of event # 6
+++++++++++++++++++++++++++++++
ev#     6 GEB_TYPE_GT_MOD29      440Bytes TS=2443542356959 curTS=2443542340083 dTS= 16876
GEBGetEv returned st=0
we have read 5232 bytes; CurEvNo=7

+++++++++++++++++++++++++++++++
*start event # 7 with multiplicity 1 looks like this:
 0>  8, GEB_TYPE_GT_MOD29    , TS=2443542340083
entered bin_mode2: 7/10
updated CCadd with    0.00
total number of hits in array: 0
exit bin_mode2
entered bin_mode3 @ event number: 7 

bin_mode3:  0>  8, GEB_TYPE_GT_MOD29    , TS=2443542340083, 0x238ee7921f3; payload length: 440 bytes

---------
new GTheader at pos=0 or 0 words (8):
Event.hdr[ 0]=0x1f34,   7988
Event.hdr[ 1]=0x300a,  12298
Event.hdr[ 2]=0x21f3,   8691
Event.hdr[ 3]=0xee79,  61049
Event.hdr[ 4]=0x0238,    568
Event.hdr[ 5]=0x0035,     53
Event.hdr[ 6]=0x0e00,   3584
Event.hdr[ 7]=0x0000,      0
Event.hdr[ 8]=0x35d1,  13777
Event.hdr[ 9]=0x0003,      3
Event.hdr[10]=0x6c00,  27648
Event.hdr[11]=0xffff,  65535
Event.hdr[12]=0xffff,  65535
Event.hdr[13]=0x07ff,   2047
Event.len=  44, Event.traceLen=  12 (in Bytes)
Event.len=  22, Event.traceLen=   6 (in 16 bit words)
Event.len=  11, Event.traceLen=   3 (in 32 bit words)
next start: 0xaaaaaaaa, pos= 44
0x1f34 module_id = 31 crystal_id = 0 digitizer_id = 3 chan_id = 4 ge_id = 124 channel = 34  -> is segment
open superpulse_007_00_01.xy at Event.chan_id = 4
open CCpulse_007_00_01.xy at Event.chan_id = 4
ncrystal=1
wrote trace to CCpulse_007_00_01.xy
two's comp tempE  ::         53         53 0x00000035 |0000|0000|0000|0000|0000|0000|0011|0101|
rawE              ::         53         53 0x00000035 |0000|0000|0000|0000|0000|0000|0011|0101|
rawE (sign change)::         53         53 0x00000035 |0000|0000|0000|0000|0000|0000|0011|0101|
Event.ehi=               1 0x00000001
Event.ehi=0 (gain changed)
Event.LEDts =        2443542340083
Event.CFDts =         261997068300

---------
new GTheader at pos=44 or 22 words (30):
Event.hdr[ 0]=0x1f35,   7989
Event.hdr[ 1]=0x300a,  12298
Event.hdr[ 2]=0x21f3,   8691
Event.hdr[ 3]=0xee79,  61049
Event.hdr[ 4]=0x0238,    568
Event.hdr[ 5]=0x8657,  34391
Event.hdr[ 6]=0x4e09,  19977
Event.hdr[ 7]=0x0000,      0
Event.hdr[ 8]=0x35d1,  13777
Event.hdr[ 9]=0x842f,  33839
Event.hdr[10]=0xa009,  40969
Event.hdr[11]=0x1013,   4115
Event.hdr[12]=0x6b18,  27416
Event.hdr[13]=0x0023,     35
Event.len=  44, Event.traceLen=  12 (in Bytes)
Event.len=  22, Event.traceLen=   6 (in 16 bit words)
Event.len=  11, Event.traceLen=   3 (in 32 bit words)
next start: 0xaaaaaaaa, pos= 88
0x1f35 module_id = 31 crystal_id = 0 digitizer_id = 3 chan_id = 5 ge_id = 124 channel = 35  -> is segment
ncrystal=1
wrote trace to CCpulse_007_00_01.xy
two's comp tempE  ::     624215     624215 0x00098657 |0000|0000|0000|1001|1000|0110|0101|0111|
rawE              ::     624215     624215 0x00098657 |0000|0000|0000|1001|1000|0110|0101|0111|
rawE (sign change)::     624215     624215 0x00098657 |0000|0000|0000|1001|1000|0110|0101|0111|
Event.ehi=           19506 0x00004c32
Event.ehi=1950 (gain changed)
Event.LEDts =        2443542340083
Event.CFDts =      268272045916172

---------
new GTheader at pos=88 or 44 words (52):
Event.hdr[ 0]=0x1f36,   7990
Event.hdr[ 1]=0x300a,  12298
Event.hdr[ 2]=0x21f3,   8691
Event.hdr[ 3]=0xee79,  61049
Event.hdr[ 4]=0x0238,    568
Event.hdr[ 5]=0xad76,  44406
Event.hdr[ 6]=0x0e07,   3591
Event.hdr[ 7]=0x0000,      0
Event.hdr[ 8]=0x35d1,  13777
Event.hdr[ 9]=0xcb50,  52048
Event.hdr[10]=0x9205,  37381
Event.hdr[11]=0x005a,     90
Event.hdr[12]=0x4d18,  19736
Event.hdr[13]=0x000c,     12
Event.len=  44, Event.traceLen=  12 (in Bytes)
Event.len=  22, Event.traceLen=   6 (in 16 bit words)
Event.len=  11, Event.traceLen=   3 (in 32 bit words)
next start: 0xaaaaaaaa, pos= 132
0x1f36 module_id = 31 crystal_id = 0 digitizer_id = 3 chan_id = 6 ge_id = 124 channel = 36  -> is segment
ncrystal=1
wrote trace to CCpulse_007_00_01.xy
two's comp tempE  ::     503158     503158 0x0007ad76 |0000|0000|0000|0111|1010|1101|0111|0110|
rawE              ::     503158     503158 0x0007ad76 |0000|0000|0000|0111|1010|1101|0111|0110|
rawE (sign change)::     503158     503158 0x0007ad76 |0000|0000|0000|0111|1010|1101|0111|0110|
Event.ehi=           15723 0x00003d6b
Event.ehi=1572 (gain changed)
Event.LEDts =        2443542340083
Event.CFDts =      281363305791500

---------
new GTheader at pos=132 or 66 words (74):
Event.hdr[ 0]=0x1f37,   7991
Event.hdr[ 1]=0x300a,  12298
Event.hdr[ 2]=0x21f3,   8691
Event.hdr[ 3]=0xee79,  61049
Event.hdr[ 4]=0x0238,    568
Event.hdr[ 5]=0x29b0,  10672
Event.hdr[ 6]=0x0e07,   3591
Event.hdr[ 7]=0x0000,      0
Event.hdr[ 8]=0x35d1,  13777
Event.hdr[ 9]=0xa2b2,  41650
Event.hdr[10]=0xe404,  58372
Event.hdr[11]=0x002c,     44
Event.hdr[12]=0xee34,  60980
Event.hdr[13]=0x0003,      3
Event.len=  44, Event.traceLen=  12 (in Bytes)
Event.len=  22, Event.traceLen=   6 (in 16 bit words)
Event.len=  11, Event.traceLen=   3 (in 32 bit words)
next start: 0xaaaaaaaa, pos= 176
0x1f37 module_id = 31 crystal_id = 0 digitizer_id = 3 chan_id = 7 ge_id = 124 channel = 37  -> is segment
ncrystal=1
wrote trace to CCpulse_007_00_01.xy
two's comp tempE  ::     469424     469424 0x000729b0 |0000|0000|0000|0111|0010|1001|1011|0000|
rawE              ::     469424     469424 0x000729b0 |0000|0000|0000|0111|0010|1001|1011|0000|
rawE (sign change)::     469424     469424 0x000729b0 |0000|0000|0000|0111|0010|1001|1011|0000|
Event.ehi=           14669 0x0000394d
Event.ehi=1466 (gain changed)
Event.LEDts =        2443542340083
Event.CFDts =           4295098380

---------
new GTheader at pos=176 or 88 words (96):
Event.hdr[ 0]=0x1f38,   7992
Event.hdr[ 1]=0x300a,  12298
Event.hdr[ 2]=0x21f3,   8691
Event.hdr[ 3]=0xee79,  61049
Event.hdr[ 4]=0x0238,    568
Event.hdr[ 5]=0x8f7a,  36730
Event.hdr[ 6]=0x1ff9,   8185
Event.hdr[ 7]=0x0000,      0
Event.hdr[ 8]=0x35d1,  13777
Event.hdr[ 9]=0xb24b,  45643
Event.hdr[10]=0xeffc,  61436
Event.hdr[11]=0xf98f,  63887
Event.hdr[12]=0x95ef,  38383
Event.hdr[13]=0x07f3,   2035
Event.len=  44, Event.traceLen=  12 (in Bytes)
Event.len=  22, Event.traceLen=   6 (in 16 bit words)
Event.len=  11, Event.traceLen=   3 (in 32 bit words)
next start: 0xaaaaaaaa, pos= 220
0x1f38 module_id = 31 crystal_id = 0 digitizer_id = 3 chan_id = 8 ge_id = 124 channel = 38  -> is segment
ncrystal=1
wrote trace to CCpulse_007_00_01.xy
two's comp tempE  ::   16355194   16355194 0x00f98f7a |0000|0000|1111|1001|1000|1111|0111|1010|
rawE              :: 4294545274    -422022 0xfff98f7a |1111|1111|1111|1001|1000|1111|0111|1010|
rawE (sign change)::     422022     422022 0x00067086 |0000|0000|0000|0110|0111|0000|1000|0110|
Event.ehi=           13188 0x00003384
Event.ehi=1318 (gain changed)
Event.LEDts =        2443542340083
Event.CFDts =         584127479820

---------
new GTheader at pos=220 or 110 words (118):
Event.hdr[ 0]=0x1f39,   7993
Event.hdr[ 1]=0x300a,  12298
Event.hdr[ 2]=0x21f3,   8691
Event.hdr[ 3]=0xee79,  61049
Event.hdr[ 4]=0x0238,    568
Event.hdr[ 5]=0x0031,     49
Event.hdr[ 6]=0x0e00,   3584
Event.hdr[ 7]=0x0000,      0
Event.hdr[ 8]=0x35d1,  13777
Event.hdr[ 9]=0xf260,  62048
Event.hdr[10]=0x95ff,  38399
Event.hdr[11]=0xffec,  65516
Event.hdr[12]=0x7a3b,  31291
Event.hdr[13]=0x0039,     57
Event.len=  44, Event.traceLen=  12 (in Bytes)
Event.len=  22, Event.traceLen=   6 (in 16 bit words)
Event.len=  11, Event.traceLen=   3 (in 32 bit words)
next start: 0xaaaaaaaa, pos= 264
0x1f39 module_id = 31 crystal_id = 0 digitizer_id = 3 chan_id = 9 ge_id = 124 channel = 39  -> is CC
ncrystal=1
wrote trace to CCpulse_007_00_01.xy
two's comp tempE  ::         49         49 0x00000031 |0000|0000|0000|0000|0000|0000|0011|0001|
rawE              ::         49         49 0x00000031 |0000|0000|0000|0000|0000|0000|0011|0001|
rawE (sign change)::         49         49 0x00000031 |0000|0000|0000|0000|0000|0000|0011|0001|
Event.ehi=               1 0x00000001
Event.ehi=0 (gain changed)
Event.LEDts =        2443542340083
Event.CFDts =         236226674700

---------
new GTheader at pos=264 or 132 words (140):
Event.hdr[ 0]=0x1f30,   7984
Event.hdr[ 1]=0x300a,  12298
Event.hdr[ 2]=0x21f3,   8691
Event.hdr[ 3]=0xee79,  61049
Event.hdr[ 4]=0x0238,    568
Event.hdr[ 5]=0x9194,  37268
Event.hdr[ 6]=0x4e0a,  19978
Event.hdr[ 7]=0x0000,      0
Event.hdr[ 8]=0x35d1,  13777
Event.hdr[ 9]=0x8fbd,  36797
Event.hdr[10]=0xb40a,  46090
Event.hdr[11]=0x1933,   6451
Event.hdr[12]=0x7b00,  31488
Event.hdr[13]=0x0030,     48
Event.len=  44, Event.traceLen=  12 (in Bytes)
Event.len=  22, Event.traceLen=   6 (in 16 bit words)
Event.len=  11, Event.traceLen=   3 (in 32 bit words)
next start: 0xaaaaaaaa, pos= 308
0x1f30 module_id = 31 crystal_id = 0 digitizer_id = 3 chan_id = 0 ge_id = 124 channel = 30  -> is segment
ncrystal=1
wrote trace to CCpulse_007_00_01.xy
two's comp tempE  ::     692628     692628 0x000a9194 |0000|0000|0000|1010|1001|0001|1001|0100|
rawE              ::     692628     692628 0x000a9194 |0000|0000|0000|1010|1001|0001|1001|0100|
rawE (sign change)::     692628     692628 0x000a9194 |0000|0000|0000|1010|1001|0001|1001|0100|
Event.ehi=           21644 0x0000548c
Event.ehi=2164 (gain changed)
Event.LEDts =        2443542340083
Event.CFDts =      266970650771468

---------
new GTheader at pos=308 or 154 words (162):
Event.hdr[ 0]=0x1f31,   7985
Event.hdr[ 1]=0x300a,  12298
Event.hdr[ 2]=0x21f3,   8691
Event.hdr[ 3]=0xee79,  61049
Event.hdr[ 4]=0x0238,    568
Event.hdr[ 5]=0x7bee,  31726
Event.hdr[ 6]=0x4e08,  19976
Event.hdr[ 7]=0x0000,      0
Event.hdr[ 8]=0x35d1,  13777
Event.hdr[ 9]=0x7a45,  31301
Event.hdr[10]=0x2008,   8200
Event.hdr[11]=0x13f2,   5106
Event.hdr[12]=0x65f8,  26104
Event.hdr[13]=0x0024,     36
Event.len=  44, Event.traceLen=  12 (in Bytes)
Event.len=  22, Event.traceLen=   6 (in 16 bit words)
Event.len=  11, Event.traceLen=   3 (in 32 bit words)
next start: 0xaaaaaaaa, pos= 352
0x1f31 module_id = 31 crystal_id = 0 digitizer_id = 3 chan_id = 1 ge_id = 124 channel = 31  -> is segment
ncrystal=1
wrote trace to CCpulse_007_00_01.xy
two's comp tempE  ::     556014     556014 0x00087bee |0000|0000|0000|1000|0111|1011|1110|1110|
rawE              ::     556014     556014 0x00087bee |0000|0000|0000|1000|0111|1011|1110|1110|
rawE (sign change)::     556014     556014 0x00087bee |0000|0000|0000|1000|0111|1011|1110|1110|
Event.ehi=           17375 0x000043df
Event.ehi=1737 (gain changed)
Event.LEDts =        2443542340083
Event.CFDts =      270956441305100

---------
new GTheader at pos=352 or 176 words (184):
Event.hdr[ 0]=0x1f32,   7986
Event.hdr[ 1]=0x300a,  12298
Event.hdr[ 2]=0x21f3,   8691
Event.hdr[ 3]=0xee79,  61049
Event.hdr[ 4]=0x0238,    568
Event.hdr[ 5]=0x5d0e,  23822
Event.hdr[ 6]=0x0e0e,   3598
Event.hdr[ 7]=0x0000,      0
Event.hdr[ 8]=0x35d1,  13777
Event.hdr[ 9]=0xe3a9,  58281
Event.hdr[10]=0x6007,  24583
Event.hdr[11]=0x000a,     10
Event.hdr[12]=0x8948,  35144
Event.hdr[13]=0x0000,      0
Event.len=  44, Event.traceLen=  12 (in Bytes)
Event.len=  22, Event.traceLen=   6 (in 16 bit words)
Event.len=  11, Event.traceLen=   3 (in 32 bit words)
next start: 0xaaaaaaaa, pos= 396
0x1f32 module_id = 31 crystal_id = 0 digitizer_id = 3 chan_id = 2 ge_id = 124 channel = 32  -> is segment
ncrystal=1
wrote trace to CCpulse_007_00_01.xy
two's comp tempE  ::     941326     941326 0x000e5d0e |0000|0000|0000|1110|0101|1101|0000|1110|
rawE              ::     941326     941326 0x000e5d0e |0000|0000|0000|1110|0101|1101|0000|1110|
rawE (sign change)::     941326     941326 0x000e5d0e |0000|0000|0000|1110|0101|1101|0000|1110|
Event.ehi=           29416 0x000072e8
Event.ehi=2941 (gain changed)
Event.LEDts =        2443542340083
Event.CFDts =      281414846054412

---------
new GTheader at pos=396 or 198 words (206):
Event.hdr[ 0]=0x1f33,   7987
Event.hdr[ 1]=0x300a,  12298
Event.hdr[ 2]=0x21f3,   8691
Event.hdr[ 3]=0xee79,  61049
Event.hdr[ 4]=0x0238,    568
Event.hdr[ 5]=0x6bea,  27626
Event.hdr[ 6]=0x4e0c,  19980
Event.hdr[ 7]=0x0000,      0
Event.hdr[ 8]=0x35d1,  13777
Event.hdr[ 9]=0x6ae7,  27367
Event.hdr[10]=0x9a0c,  39436
Event.hdr[11]=0x1558,   5464
Event.hdr[12]=0xc0a4,  49316
Event.hdr[13]=0x002b,     43
Event.len=  44, Event.traceLen=  12 (in Bytes)
Event.len=  22, Event.traceLen=   6 (in 16 bit words)
Event.len=  11, Event.traceLen=   3 (in 32 bit words)
0x1f33 module_id = 31 crystal_id = 0 digitizer_id = 3 chan_id = 3 ge_id = 124 channel = 33  -> is segment
ncrystal=1
wrote trace to CCpulse_007_00_01.xy
two's comp tempE  ::     814058     814058 0x000c6bea |0000|0000|0000|1100|0110|1011|1110|1010|
rawE              ::     814058     814058 0x000c6bea |0000|0000|0000|1100|0110|1011|1110|1010|
rawE (sign change)::     814058     814058 0x000c6bea |0000|0000|0000|1100|0110|1011|1110|1010|
Event.ehi=           25439 0x0000635f
Event.ehi=2543 (gain changed)
Event.LEDts =        2443542340083
Event.CFDts =      264432286367756
exit bin_mode3
*end of event # 7
+++++++++++++++++++++++++++++++
ev#     7 GEB_TYPE_DECOMP        464Bytes TS=2443542377797 curTS=2443542356959 dTS= 20838
GEBGetEv returned st=0
we have read 5712 bytes; CurEvNo=8

+++++++++++++++++++++++++++++++
*start event # 8 with multiplicity 1 looks like this:
 0>  8, GEB_TYPE_GT_MOD29    , TS=2443542356959
entered bin_mode2: 8/10
updated CCadd with    0.00
total number of hits in array: 0
exit bin_mode2
entered bin_mode3 @ event number: 8 

bin_mode3:  0>  8, GEB_TYPE_GT_MOD29    , TS=2443542356959, 0x238ee7963df; payload length: 440 bytes

---------
new GTheader at pos=0 or 0 words (8):
Event.hdr[ 0]=0x1f30,   7984
Event.hdr[ 1]=0x300a,  12298
Event.hdr[ 2]=0x63df,  25567
Event.hdr[ 3]=0xee79,  61049
Event.hdr[ 4]=0x0238,    568
Event.hdr[ 5]=0x60ff,  24831
Event.hdr[ 6]=0x4e0b,  19979
Event.hdr[ 7]=0x41eb,  16875
Event.hdr[ 8]=0x0000,      0
Event.hdr[ 9]=0x60ac,  24748
Event.hdr[10]=0x7a0b,  31243
Event.hdr[11]=0x151f,   5407
Event.hdr[12]=0x6768,  26472
Event.hdr[13]=0x0032,     50
Event.len=  44, Event.traceLen=  12 (in Bytes)
Event.len=  22, Event.traceLen=   6 (in 16 bit words)
Event.len=  11, Event.traceLen=   3 (in 32 bit words)
next start: 0xaaaaaaaa, pos= 44
0x1f30 module_id = 31 crystal_id = 0 digitizer_id = 3 chan_id = 0 ge_id = 124 channel = 30  -> is segment
open superpulse_008_00_01.xy at Event.chan_id = 0
open CCpulse_008_00_01.xy at Event.chan_id = 0
ncrystal=1
wrote trace to CCpulse_008_00_01.xy
two's comp tempE  ::     745727     745727 0x000b60ff |0000|0000|0000|1011|0110|0000|1111|1111|
rawE              ::     745727     745727 0x000b60ff |0000|0000|0000|1011|0110|0000|1111|1111|
rawE (sign change)::     745727     745727 0x000b60ff |0000|0000|0000|1011|0110|0000|1111|1111|
Event.ehi=           23303 0x00005b07
Event.ehi=2330 (gain changed)
Event.LEDts =        2443542356959
Event.CFDts =      265858237267980

---------
new GTheader at pos=44 or 22 words (30):
Event.hdr[ 0]=0x1f31,   7985
Event.hdr[ 1]=0x300a,  12298
Event.hdr[ 2]=0x63df,  25567
Event.hdr[ 3]=0xee79,  61049
Event.hdr[ 4]=0x0238,    568
Event.hdr[ 5]=0x7257,  29271
Event.hdr[ 6]=0x4e08,  19976
Event.hdr[ 7]=0x41eb,  16875
Event.hdr[ 8]=0x0000,      0
Event.hdr[ 9]=0x6ebe,  28350
Event.hdr[10]=0x8a08,  35336
Event.hdr[11]=0x10f4,   4340
Event.hdr[12]=0xe440,  58432
Event.hdr[13]=0x0027,     39
Event.len=  44, Event.traceLen=  12 (in Bytes)
Event.len=  22, Event.traceLen=   6 (in 16 bit words)
Event.len=  11, Event.traceLen=   3 (in 32 bit words)
next start: 0xaaaaaaaa, pos= 88
0x1f31 module_id = 31 crystal_id = 0 digitizer_id = 3 chan_id = 1 ge_id = 124 channel = 31  -> is segment
ncrystal=1
wrote trace to CCpulse_008_00_01.xy
two's comp tempE  ::     553559     553559 0x00087257 |0000|0000|0000|1000|0111|0010|0101|0111|
rawE              ::     553559     553559 0x00087257 |0000|0000|0000|1000|0111|0010|0101|0111|
rawE (sign change)::     553559     553559 0x00087257 |0000|0000|0000|1000|0111|0010|0101|0111|
Event.ehi=           17298 0x00004392
Event.ehi=1729 (gain changed)
Event.LEDts =        2443542356959
Event.CFDts =      271059522289676

---------
new GTheader at pos=88 or 44 words (52):
Event.hdr[ 0]=0x1f32,   7986
Event.hdr[ 1]=0x300a,  12298
Event.hdr[ 2]=0x63df,  25567
Event.hdr[ 3]=0xee79,  61049
Event.hdr[ 4]=0x0238,    568
Event.hdr[ 5]=0x62c3,  25283
Event.hdr[ 6]=0x0e00,   3584
Event.hdr[ 7]=0x41eb,  16875
Event.hdr[ 8]=0x0000,      0
Event.hdr[ 9]=0x1e8c,   7820
Event.hdr[10]=0x5200,  20992
Event.hdr[11]=0x0fc7,   4039
Event.hdr[12]=0x14c0,   5312
Event.hdr[13]=0x0000,      0
Event.len=  44, Event.traceLen=  12 (in Bytes)
Event.len=  22, Event.traceLen=   6 (in 16 bit words)
Event.len=  11, Event.traceLen=   3 (in 32 bit words)
next start: 0xaaaaaaaa, pos= 132
0x1f32 module_id = 31 crystal_id = 0 digitizer_id = 3 chan_id = 2 ge_id = 124 channel = 32  -> is segment
ncrystal=1
wrote trace to CCpulse_008_00_01.xy
two's comp tempE  ::      25283      25283 0x000062c3 |0000|0000|0000|0000|0110|0010|1100|0011|
rawE              ::      25283      25283 0x000062c3 |0000|0000|0000|0000|0110|0010|1100|0011|
rawE (sign change)::      25283      25283 0x000062c3 |0000|0000|0000|0000|0110|0010|1100|0011|
Event.ehi=             790 0x00000316
Event.ehi=79 (gain changed)
Event.LEDts =        2443542356959
Event.CFDts =      281436321415180

---------
new GTheader at pos=132 or 66 words (74):
Event.hdr[ 0]=0x1f33,   7987
Event.hdr[ 1]=0x300a,  12298
Event.hdr[ 2]=0x63df,  25567
Event.hdr[ 3]=0xee79,  61049
Event.hdr[ 4]=0x0238,    568
Event.hdr[ 5]=0x90cc,  37068
Event.hdr[ 6]=0x4e0c,  19980
Event.hdr[ 7]=0x41eb,  16875
Event.hdr[ 8]=0x0000,      0
Event.hdr[ 9]=0x9095,  37013
Event.hdr[10]=0xce0c,  52748
Event.hdr[11]=0x18d5,   6357
Event.hdr[12]=0xb134,  45364
Event.hdr[13]=0x002a,     42
Event.len=  44, Event.traceLen=  12 (in Bytes)
Event.len=  22, Event.traceLen=   6 (in 16 bit words)
Event.len=  11, Event.traceLen=   3 (in 32 bit words)
next start: 0xaaaaaaaa, pos= 176
0x1f33 module_id = 31 crystal_id = 0 digitizer_id = 3 chan_id = 3 ge_id = 124 channel = 33  -> is segment
ncrystal=1
wrote trace to CCpulse_008_00_01.xy
two's comp tempE  ::     823500     823500 0x000c90cc |0000|0000|0000|1100|1001|0000|1100|1100|
rawE              ::     823500     823500 0x000c90cc |0000|0000|0000|1100|1001|0000|1100|1100|
rawE (sign change)::     823500     823500 0x000c90cc |0000|0000|0000|1100|1001|0000|1100|1100|
Event.ehi=           25734 0x00006486
Event.ehi=2573 (gain changed)
Event.LEDts =        2443542356959
Event.CFDts =      264234714726412

---------
new GTheader at pos=176 or 88 words (96):
Event.hdr[ 0]=0x1f34,   7988
Event.hdr[ 1]=0x300a,  12298
Event.hdr[ 2]=0x63df,  25567
Event.hdr[ 3]=0xee79,  61049
Event.hdr[ 4]=0x0238,    568
Event.hdr[ 5]=0x004a,     74
Event.hdr[ 6]=0x0e00,   3584
Event.hdr[ 7]=0x41eb,  16875
Event.hdr[ 8]=0x0000,      0
Event.hdr[ 9]=0xfffd,  65533
Event.hdr[10]=0x07ff,   2047
Event.hdr[11]=0x0000,      0
Event.hdr[12]=0xfed8,  65240
Event.hdr[13]=0x07ff,   2047
Event.len=  44, Event.traceLen=  12 (in Bytes)
Event.len=  22, Event.traceLen=   6 (in 16 bit words)
Event.len=  11, Event.traceLen=   3 (in 32 bit words)
next start: 0xaaaaaaaa, pos= 220
0x1f34 module_id = 31 crystal_id = 0 digitizer_id = 3 chan_id = 4 ge_id = 124 channel = 34  -> is segment
ncrystal=1
wrote trace to CCpulse_008_00_01.xy
two's comp tempE  ::         74         74 0x0000004a |0000|0000|0000|0000|0000|0000|0100|1010|
rawE              ::         74         74 0x0000004a |0000|0000|0000|0000|0000|0000|0100|1010|
rawE (sign change)::         74         74 0x0000004a |0000|0000|0000|0000|0000|0000|0100|1010|
Event.ehi=               2 0x00000002
Event.ehi=0 (gain changed)
Event.LEDts =        2443542356959
Event.CFDts =         249111969804

---------
new GTheader at pos=220 or 110 words (118):
Event.hdr[ 0]=0x1f35,   7989
Event.hdr[ 1]=0x300a,  12298
Event.hdr[ 2]=0x63df,  25567
Event.hdr[ 3]=0xee79,  61049
Event.hdr[ 4]=0x0238,    568
Event.hdr[ 5]=0x8a42,  35394
Event.hdr[ 6]=0x4e09,  19977
Event.hdr[ 7]=0x41eb,  16875
Event.hdr[ 8]=0x0000,      0
Event.hdr[ 9]=0x8913,  35091
Event.hdr[10]=0x5e09,  24073
Event.hdr[11]=0x1308,   4872
Event.hdr[12]=0x2740,  10048
Event.hdr[13]=0x0020,     32
Event.len=  44, Event.traceLen=  12 (in Bytes)
Event.len=  22, Event.traceLen=   6 (in 16 bit words)
Event.len=  11, Event.traceLen=   3 (in 32 bit words)
next start: 0xaaaaaaaa, pos= 264
0x1f35 module_id = 31 crystal_id = 0 digitizer_id = 3 chan_id = 5 ge_id = 124 channel = 35  -> is segment
ncrystal=1
wrote trace to CCpulse_008_00_01.xy
two's comp tempE  ::     625218     625218 0x00098a42 |0000|0000|0000|1001|1000|1010|0100|0010|
rawE              ::     625218     625218 0x00098a42 |0000|0000|0000|1001|1000|1010|0100|0010|
rawE (sign change)::     625218     625218 0x00098a42 |0000|0000|0000|1001|1000|1010|0100|0010|
Event.ehi=           19538 0x00004c52
Event.ehi=1953 (gain changed)
Event.LEDts =        2443542356959
Event.CFDts =      268216210292748

---------
new GTheader at pos=264 or 132 words (140):
Event.hdr[ 0]=0x1f36,   7990
Event.hdr[ 1]=0x300a,  12298
Event.hdr[ 2]=0x63df,  25567
Event.hdr[ 3]=0xee79,  61049
Event.hdr[ 4]=0x0238,    568
Event.hdr[ 5]=0x1f99,   8089
Event.hdr[ 6]=0x0e03,   3587
Event.hdr[ 7]=0x41eb,  16875
Event.hdr[ 8]=0x0000,      0
Event.hdr[ 9]=0x2626,   9766
Event.hdr[10]=0xa002,  40962
Event.hdr[11]=0x0b96,   2966
Event.hdr[12]=0xb524,  46372
Event.hdr[13]=0x0000,      0
Event.len=  44, Event.traceLen=  12 (in Bytes)
Event.len=  22, Event.traceLen=   6 (in 16 bit words)
Event.len=  11, Event.traceLen=   3 (in 32 bit words)
next start: 0xaaaaaaaa, pos= 308
0x1f36 module_id = 31 crystal_id = 0 digitizer_id = 3 chan_id = 6 ge_id = 124 channel = 36  -> is segment
ncrystal=1
wrote trace to CCpulse_008_00_01.xy
two's comp tempE  ::     204697     204697 0x00031f99 |0000|0000|0000|0011|0001|1111|1001|1001|
rawE              ::     204697     204697 0x00031f99 |0000|0000|0000|0011|0001|1111|1001|1001|
rawE (sign change)::     204697     204697 0x00031f99 |0000|0000|0000|0011|0001|1111|1001|1001|
Event.ehi=            6396 0x000018fc
Event.ehi=639 (gain changed)
Event.LEDts =        2443542356959
Event.CFDts =      281294585266188

---------
new GTheader at pos=308 or 154 words (162):
Event.hdr[ 0]=0x1f37,   7991
Event.hdr[ 1]=0x300a,  12298
Event.hdr[ 2]=0x63df,  25567
Event.hdr[ 3]=0xee79,  61049
Event.hdr[ 4]=0x0238,    568
Event.hdr[ 5]=0x2a0e,  10766
Event.hdr[ 6]=0x0e01,   3585
Event.hdr[ 7]=0x41eb,  16875
Event.hdr[ 8]=0x0000,      0
Event.hdr[ 9]=0x9db7,  40375
Event.hdr[10]=0x6400,  25600
Event.hdr[11]=0x0945,   2373
Event.hdr[12]=0x59c8,  22984
Event.hdr[13]=0x0000,      0
Event.len=  44, Event.traceLen=  12 (in Bytes)
Event.len=  22, Event.traceLen=   6 (in 16 bit words)
Event.len=  11, Event.traceLen=   3 (in 32 bit words)
next start: 0xaaaaaaaa, pos= 352
0x1f37 module_id = 31 crystal_id = 0 digitizer_id = 3 chan_id = 7 ge_id = 124 channel = 37  -> is segment
ncrystal=1
wrote trace to CCpulse_008_00_01.xy
two's comp tempE  ::      76302      76302 0x00012a0e |0000|0000|0000|0001|0010|1010|0000|1110|
rawE              ::      76302      76302 0x00012a0e |0000|0000|0000|0001|0010|1010|0000|1110|
rawE (sign change)::      76302      76302 0x00012a0e |0000|0000|0000|0001|0010|1010|0000|1110|
Event.ehi=            2384 0x00000950
Event.ehi=238 (gain changed)
Event.LEDts =        2443542356959
Event.CFDts =          21474967564

---------
new GTheader at pos=352 or 176 words (184):
Event.hdr[ 0]=0x1f38,   7992
Event.hdr[ 1]=0x300a,  12298
Event.hdr[ 2]=0x63df,  25567
Event.hdr[ 3]=0xee79,  61049
Event.hdr[ 4]=0x0238,    568
Event.hdr[ 5]=0x8d0a,  36106
Event.hdr[ 6]=0x1ff9,   8185
Event.hdr[ 7]=0x41eb,  16875
Event.hdr[ 8]=0x0000,      0
Event.hdr[ 9]=0xe1ae,  57774
Event.hdr[10]=0x97fc,  38908
Event.hdr[11]=0xf964,  63844
Event.hdr[12]=0x1fdf,   8159
Event.hdr[13]=0x07f3,   2035
Event.len=  44, Event.traceLen=  12 (in Bytes)
Event.len=  22, Event.traceLen=   6 (in 16 bit words)
Event.len=  11, Event.traceLen=   3 (in 32 bit words)
next start: 0xaaaaaaaa, pos= 396
0x1f38 module_id = 31 crystal_id = 0 digitizer_id = 3 chan_id = 8 ge_id = 124 channel = 38  -> is segment
ncrystal=1
wrote trace to CCpulse_008_00_01.xy
two's comp tempE  ::   16354570   16354570 0x00f98d0a |0000|0000|1111|1001|1000|1101|0000|1010|
rawE              :: 4294544650    -422646 0xfff98d0a |1111|1111|1111|1001|1000|1101|0000|1010|
rawE (sign change)::     422646     422646 0x000672f6 |0000|0000|0000|0110|0111|0010|1111|0110|
Event.ehi=           13207 0x00003397
Event.ehi=1320 (gain changed)
Event.LEDts =        2443542356959
Event.CFDts =         365079756812

---------
new GTheader at pos=396 or 198 words (206):
Event.hdr[ 0]=0x1f39,   7993
Event.hdr[ 1]=0x300a,  12298
Event.hdr[ 2]=0x63df,  25567
Event.hdr[ 3]=0xee79,  61049
Event.hdr[ 4]=0x0238,    568
Event.hdr[ 5]=0x0036,     54
Event.hdr[ 6]=0x0e00,   3584
Event.hdr[ 7]=0x41eb,  16875
Event.hdr[ 8]=0x0000,      0
Event.hdr[ 9]=0xf280,  62080
Event.hdr[10]=0xc1ff,  49663
Event.hdr[11]=0xffe4,  65508
Event.hdr[12]=0xd92b,  55595
Event.hdr[13]=0x07ff,   2047
Event.len=  44, Event.traceLen=  12 (in Bytes)
Event.len=  22, Event.traceLen=   6 (in 16 bit words)
Event.len=  11, Event.traceLen=   3 (in 32 bit words)
0x1f39 module_id = 31 crystal_id = 0 digitizer_id = 3 chan_id = 9 ge_id = 124 channel = 39  -> is CC
ncrystal=1
wrote trace to CCpulse_008_00_01.xy
two's comp tempE  ::         54         54 0x00000036 |0000|0000|0000|0000|0000|0000|0011|0110|
rawE              ::         54         54 0x00000036 |0000|0000|0000|0000|0000|0000|0011|0110|
rawE (sign change)::         54         54 0x00000036 |0000|0000|0000|0000|0000|0000|0011|0110|
Event.ehi=               1 0x00000001
Event.ehi=0 (gain changed)
Event.LEDts =        2443542356959
Event.CFDts =         236226740236
exit bin_mode3
*end of event # 8
+++++++++++++++++++++++++++++++
ev#     8 GEB_TYPE_DECOMP        464Bytes TS=2443542378065 curTS=2443542377797 dTS= 268
GEBGetEv returned st=0
we have read 6192 bytes; CurEvNo=9

+++++++++++++++++++++++++++++++
*start event # 9 with multiplicity 1 looks like this:
 0>  1, GEB_TYPE_DECOMP      , TS=2443542377797
entered bin_mode2: 9/10
ptinp->pad= 6, (ptinp->pad&0x000000ff)= 6
updated CCadd with    0.00
total number of hits in array: 0
exit bin_mode2
entered bin_mode3 @ event number: 9 
exit bin_mode3
*end of event # 9
+++++++++++++++++++++++++++++++
ev#     9 GEB_TYPE_GT_MOD29      440Bytes TS=2443542378397 curTS=2443542378065 dTS= 332
GEBGetEv returned st=0
we have read 6648 bytes; CurEvNo=10

+++++++++++++++++++++++++++++++
*start event # 10 with multiplicity 1 looks like this:
 0>  1, GEB_TYPE_DECOMP      , TS=2443542378065
entered bin_mode2: 10/10
ptinp->pad= 0, (ptinp->pad&0x000000ff)= 0
good pad value
mode2 data:  0>  1, GEB_TYPE_DECOMP      , TS=2443542378065
number of hits: 1
* 0/1, is GEB_TYPE_DECOMP: num=1
__detno: 71, module: 17, crystalNumber: 3
CCenergies[0]=1701.47
* 0:    1.99,  28.11,   7.09 --> GT:   -7.58, -17.35,   4.32
updated CCadd with 1701.47
total number of hits in array: 1
exit bin_mode2
entered bin_mode3 @ event number: 10 
exit bin_mode3
*end of event # 10
+++++++++++++++++++++++++++++++
ev#    10 GEB_TYPE_GT_MOD29      440Bytes TS=2443542380623 curTS=2443542378397 dTS= 2226
ev# 50000 GEB_TYPE_DECOMP        464Bytes TS=2444132902807 curTS=2444132902551 dTS= 256
ev# 100000 GEB_TYPE_DECOMP        464Bytes TS=2444712189181 curTS=2444712189179 dTS= 2
ev# 100000 GEB_TYPE_DECOMP        464Bytes TS=2444712189193 curTS=2444712189179 dTS= 14
ev# 100000 GEB_TYPE_DECOMP        464Bytes TS=2444712189253 curTS=2444712189179 dTS= 74
ev# 100000 GEB_TYPE_DECOMP        464Bytes TS=2444712230645 curTS=2444712189179 dTS= 41466
ev# 150000 GEB_TYPE_DECOMP        464Bytes TS=2445299032421 curTS=2445299032313 dTS= 108
ev# 150000 GEB_TYPE_DECOMP        464Bytes TS=2445299039531 curTS=2445299032313 dTS= 7218
ev# 200000 GEB_TYPE_DECOMP        464Bytes TS=2445853354451 curTS=2445853294937 dTS= 59514
ev# 250000 GEB_TYPE_DECOMP        464Bytes TS=2446418534833 curTS=2446418534573 dTS= 260
ev# 300000 GEB_TYPE_DECOMP        464Bytes TS=2446985740233 curTS=2446985740225 dTS= 8
ev# 300000 GEB_TYPE_GT_MOD29      440Bytes TS=2446985740735 curTS=2446985740225 dTS= 510
ev# 350000 GEB_TYPE_GT_MOD29      440Bytes TS=2447540832291 curTS=2447540832129 dTS= 162
ev# 400000 GEB_TYPE_GT_MOD29      440Bytes TS=2448110592365 curTS=2448110592053 dTS= 312
ev# 450000 GEB_TYPE_DECOMP        464Bytes TS=2448677548167 curTS=2448677527409 dTS= 20758
ev# 500000 GEB_TYPE_DECOMP        464Bytes TS=2449281434071 curTS=2449281434069 dTS= 2
ev# 500000 GEB_TYPE_DECOMP        464Bytes TS=2449281434073 curTS=2449281434069 dTS= 4
ev# 500000 GEB_TYPE_DECOMP        464Bytes TS=2449281434083 curTS=2449281434069 dTS= 14
ev# 500000 GEB_TYPE_GT_MOD29      440Bytes TS=2449281434367 curTS=2449281434069 dTS= 298
ev# 550000 GEB_TYPE_DECOMP        464Bytes TS=2449864871033 curTS=2449864871031 dTS= 2
ev# 550000 GEB_TYPE_DECOMP        464Bytes TS=2449864871143 curTS=2449864871031 dTS= 112
ev# 550000 GEB_TYPE_DECOMP        464Bytes TS=2449864871143 curTS=2449864871031 dTS= 112
ev# 550000 GEB_TYPE_DECOMP        464Bytes TS=2449864871147 curTS=2449864871031 dTS= 116
ev# 550000 GEB_TYPE_DECOMP        464Bytes TS=2449864871195 curTS=2449864871031 dTS= 164
ev# 600000 GEB_TYPE_DECOMP        464Bytes TS=2450430244219 curTS=2450430244219 dTS= 0
ev# 600000 GEB_TYPE_DECOMP        464Bytes TS=2450430244303 curTS=2450430244219 dTS= 84
ev# 600000 GEB_TYPE_GT_MOD29      440Bytes TS=2450430244893 curTS=2450430244219 dTS= 674
ev# 650000 GEB_TYPE_GT_MOD29      440Bytes TS=2450973379005 curTS=2450973378915 dTS= 90
ev# 650000 GEB_TYPE_DECOMP        464Bytes TS=2450973385771 curTS=2450973378915 dTS= 6856
ev# 700000 GEB_TYPE_GT_MOD29      440Bytes TS=2451510902883 curTS=2451510902749 dTS= 134
ev# 700000 GEB_TYPE_DECOMP        464Bytes TS=2451510918963 curTS=2451510902749 dTS= 16214
ev# 750000 GEB_TYPE_DECOMP        464Bytes TS=2452060970141 curTS=2452060960747 dTS= 9394
ev# 800000 GEB_TYPE_DECOMP        464Bytes TS=2452607743353 curTS=2452607742123 dTS= 1230
ev# 850000 GEB_TYPE_DECOMP        464Bytes TS=2453150047993 curTS=2453150028821 dTS= 19172
ev# 900000 GEB_TYPE_DECOMP        464Bytes TS=2453691343971 curTS=2453691343883 dTS= 88
ev# 900000 GEB_TYPE_DECOMP        464Bytes TS=2453691343973 curTS=2453691343883 dTS= 90
ev# 900000 GEB_TYPE_DECOMP        464Bytes TS=2453691344073 curTS=2453691343883 dTS= 190
ev# 950000 GEB_TYPE_DECOMP        464Bytes TS=2454227113779 curTS=2454227077829 dTS= 35950

Sorting is done
attempting to save root or map file



mean observed polar and azimuth angles
for the detectors we saw (module,crystal)

------------------------------------------
mean pol/azi angle for detector  56 are   96.71/ 119.47
mean pol/azi angle for detector  57 are  100.37/ 138.30
mean pol/azi angle for detector  58 are   83.38/ 132.64
mean pol/azi angle for detector  59 are   79.57/ 114.02
mean pol/azi angle for detector  60 are   87.39/ 152.65
mean pol/azi angle for detector  61 are  105.24/ 157.69
mean pol/azi angle for detector  62 are   93.19/ 168.45
mean pol/azi angle for detector  63 are   73.85/ 166.00
mean pol/azi angle for detector  68 are   87.15/-134.91
mean pol/azi angle for detector  69 are  105.25/-129.98
mean pol/azi angle for detector  70 are   92.94/-116.90
mean pol/azi angle for detector  71 are   74.09/-121.78
mean pol/azi angle for detector  76 are   87.46/ -63.16
mean pol/azi angle for detector  77 are  105.26/ -58.13
mean pol/azi angle for detector  78 are   92.93/ -45.01
mean pol/azi angle for detector  79 are   74.19/ -49.85
mean pol/azi angle for detector  84 are  112.29/  33.60
mean pol/azi angle for detector  85 are  125.17/  17.38
mean pol/azi angle for detector  86 are  130.68/  39.28
mean pol/azi angle for detector  87 are  115.90/  52.95
mean pol/azi angle for detector  88 are  112.39/ 105.50
mean pol/azi angle for detector  89 are  124.92/  89.32
mean pol/azi angle for detector  90 are  130.78/ 111.13
mean pol/azi angle for detector  91 are  115.82/ 125.03
mean pol/azi angle for detector  96 are  112.60/-110.64
mean pol/azi angle for detector  97 are  124.79/-126.56
mean pol/azi angle for detector  98 are  130.88/-104.93
mean pol/azi angle for detector  99 are  115.81/ -90.98
mean pol/azi angle for detector 100 are  112.41/ -38.60
mean pol/azi angle for detector 101 are  124.74/ -55.05
mean pol/azi angle for detector 102 are  130.69/ -33.02
mean pol/azi angle for detector 103 are  115.79/ -19.06
mean pol/azi angle for detector 104 are  144.42/  88.25
mean pol/azi angle for detector 105 are  132.69/  65.83
mean pol/azi angle for detector 106 are  148.87/  53.90
mean pol/azi angle for detector 107 are  162.35/  88.23
mean pol/azi angle for detector 108 are  144.72/ 160.14
mean pol/azi angle for detector 109 are  132.68/ 137.94
mean pol/azi angle for detector 110 are  149.55/ 125.48
mean pol/azi angle for detector 111 are  162.29/ 110.51
mean pol/azi angle for detector 116 are  144.39/ -55.95
mean pol/azi angle for detector 117 are  132.53/ -78.23
mean pol/azi angle for detector 118 are  148.94/ -90.34
mean pol/azi angle for detector 119 are  162.37/ -56.07
we found 44 crystals
------------------------------------------

minimum pol angle between crystals is  18.65
compactness =  64.39%, 85 of 264
module hit statistics
module  14, crystal 0 was hit      84966 times
module  14, crystal 1 was hit      92364 times
module  14, crystal 2 was hit      90391 times
module  14, crystal 3 was hit      80254 times
module  15, crystal 0 was hit      90473 times
module  15, crystal 1 was hit      83527 times
module  15, crystal 2 was hit      78220 times
module  15, crystal 3 was hit      81852 times
module  17, crystal 0 was hit      68845 times
module  17, crystal 1 was hit      67129 times
module  17, crystal 2 was hit      67210 times
module  17, crystal 3 was hit      69841 times
module  19, crystal 0 was hit      65123 times
module  19, crystal 1 was hit      66319 times
module  19, crystal 2 was hit      78965 times
module  19, crystal 3 was hit      76125 times
module  21, crystal 0 was hit      78158 times
module  21, crystal 1 was hit      68292 times
module  21, crystal 2 was hit      81639 times
module  21, crystal 3 was hit      77608 times
module  22, crystal 0 was hit      84157 times
module  22, crystal 1 was hit      78509 times
module  22, crystal 2 was hit      87449 times
module  22, crystal 3 was hit      82603 times
module  24, crystal 0 was hit      71354 times
module  24, crystal 1 was hit      68789 times
module  24, crystal 2 was hit      72173 times
module  24, crystal 3 was hit      67108 times
module  25, crystal 0 was hit      68430 times
module  25, crystal 1 was hit      70196 times
module  25, crystal 2 was hit      67499 times
module  25, crystal 3 was hit      66517 times
module  26, crystal 0 was hit      77942 times
module  26, crystal 1 was hit      76722 times
module  26, crystal 2 was hit      76503 times
module  26, crystal 3 was hit      71995 times
module  27, crystal 0 was hit      81350 times
module  27, crystal 1 was hit      79187 times
module  27, crystal 2 was hit      80840 times
module  27, crystal 3 was hit      74199 times
module  29, crystal 0 was hit      66791 times
module  29, crystal 1 was hit      65950 times
module  29, crystal 2 was hit      72117 times
module  29, crystal 3 was hit      65500 times

bin_mode2: pad distribution
__id   0,      1442429, 93.93%
__id   2,          150,  0.01%
__id   3,          417,  0.03%
__id   4,          472,  0.03%
__id   5,         2948,  0.19%
__id   6,         7886,  0.51%
__id 128,        81218,  5.29%
__id 133,          153,  0.01%

bin_mode2 calculated mean CCsum energy to be  754.951 keV
bin_mode2 calculated mean CCadd energy to be 1103.892 keV
attempting to close root file...
Pars.f1->Write();
Pars.f1->Print();
TFile: name=/lcrc/project/HELIOS/gretinafma/root_data/run156.root, title=, option=CREATE
TH1.Print Name  = dtbtev, Entries= 1983459, Total sum= 1.98346e+06
TH1.Print Name  = T0, Entries= 0, Total sum= 0
TH1.Print Name  = hitpat, Entries= 1442429, Total sum= 1.44243e+06
TH1.Print Name  = numHitArray2, Entries= 1000000, Total sum= 722533
TH1.Print Name  = CCmult, Entries= 1000000, Total sum= 999998
TH1.Print Name  = CCsum, Entries= 3321080, Total sum= 1.44241e+06
TH1.Print Name  = hit2, Entries= 159822, Total sum= 159631
TH1.Print Name  = hit3, Entries= 86485, Total sum= 85860
TH1.Print Name  = hit4, Entries= 47903, Total sum= 46758
TH1.Print Name  = CCsum_nodop, Entries= 3321080, Total sum= 1.44241e+06
TH1.Print Name  = CCadd, Entries= 1000000, Total sum= 713948
TH1.Print Name  = SEGadd_FPGA, Entries= 200000000, Total sum= 1.44177e+06
TH1.Print Name  = SEGadd_PSA, Entries= 200000000, Total sum= 1.43456e+06
TH1.Print Name  = SEGsum_FPGA, Entries= 2234204, Total sum= 2.23376e+06
TH1.Print Name  = SEGsum_PSA, Entries= 3321181, Total sum= 3.29501e+06
TH1.Print Name  = radius_all, Entries= 3321181, Total sum= 3.32118e+06
TH1.Print Name  = rate_mode2_min, Entries= 1442428, Total sum= 24040.5
TH1.Print Name  = rate_mode2_sec, Entries= 1442428, Total sum= 1.44243e+06
TH1.Print Name  = rate_mode2_intp, Entries= 1442428, Total sum= 55353
TH1.Print Name  = cdtbtev, Entries= 371770, Total sum= 371770
TH1.Print Name  = evsr_all, Entries= 3321181, Total sum= 3.24426e+06
TH1.Print Name  = SMAP_allhits, Entries= 3321181, Total sum= 3.32118e+06
TH1.Print Name  = SMAP_allhits_sq, Entries= 3321181, Total sum= 3.32118e+06
TH1.Print Name  = seghitpat, Entries= 3321181, Total sum= 3.32118e+06
TH1.Print Name  = CCe, Entries= 3321080, Total sum= 1.44241e+06
TH1.Print Name  = ggCC, Entries= 2933320, Total sum= 2.5663e+06
TH1.Print Name  = z_plot, Entries= 3321181, Total sum= 3.31815e+06
TH1.Print Name  = crystal_hit, Entries= 0, Total sum= 0
TH1.Print Name  = SegE, Entries= 3320496, Total sum= 3.3205e+06
TH1.Print Name  = crXcr, Entries= 1467146, Total sum= 1.46715e+06
******************************************************************************
*Tree    :tree      : tree                                                   *
*Entries :  1000000 : Total =       153833149 bytes  File  Size =   37042674 *
*        :          : Tree compression factor =   4.15                       *
******************************************************************************
*Br    0 :runNumber : runNumber/I                                            *
*Entries :  1000000 : Total  Size=    4010425 bytes  File Size  =      30727 *
*Baskets :      101 : Basket Size=    1335296 bytes  Compression= 130.43     *
*............................................................................*
*Br    1 :numHits   : numHits/I                                              *
*Entries :  1000000 : Total  Size=    4010215 bytes  File Size  =      30523 *
*Baskets :      101 : Basket Size=    1335296 bytes  Compression= 131.29     *
*............................................................................*
*Br    2 :left      : left[numHits]/F                                        *
*Entries :  1000000 : Total  Size=    8031201 bytes  File Size  =    2894481 *
*Baskets :      299 : Basket Size=    9015296 bytes  Compression=   2.77     *
*............................................................................*
*Br    3 :right     : right[numHits]/F                                       *
*Entries :  1000000 : Total  Size=    8031504 bytes  File Size  =    2873122 *
*Baskets :      299 : Basket Size=    9015808 bytes  Compression=   2.79     *
*............................................................................*
*Br    4 :up        : up[numHits]/F                                          *
*Entries :  1000000 : Total  Size=    8030595 bytes  File Size  =    2876112 *
*Baskets :      299 : Basket Size=    9015296 bytes  Compression=   2.79     *
*............................................................................*
*Br    5 :down      : down[numHits]/F                                        *
*Entries :  1000000 : Total  Size=    8031201 bytes  File Size  =    2877607 *
*Baskets :      299 : Basket Size=    9015296 bytes  Compression=   2.79     *
*............................................................................*
*Br    6 :e1        : e1[numHits]/F                                          *
*Entries :  1000000 : Total  Size=    8030595 bytes  File Size  =    2772997 *
*Baskets :      299 : Basket Size=    9015296 bytes  Compression=   2.89     *
*............................................................................*
*Br    7 :e2        : e2[numHits]/F                                          *
*Entries :  1000000 : Total  Size=    8030595 bytes  File Size  =    2734516 *
*Baskets :      299 : Basket Size=    9015296 bytes  Compression=   2.93     *
*............................................................................*
*Br    8 :e3        : e3[numHits]/F                                          *
*Entries :  1000000 : Total  Size=    8030595 bytes  File Size  =    2706467 *
*Baskets :      299 : Basket Size=    9015296 bytes  Compression=   2.96     *
*............................................................................*
*Br    9 :tac       : tac[numHits]/F                                         *
*Entries :  1000000 : Total  Size=    8030898 bytes  File Size  =    2450469 *
*Baskets :      299 : Basket Size=    9015296 bytes  Compression=   3.27     *
*............................................................................*
*Br   10 :fmaDeltaTime : fmaDeltaTime[numHits]/F                             *
*Entries :  1000000 : Total  Size=    8033625 bytes  File Size  =    2107906 *
*Baskets :      299 : Basket Size=    9016320 bytes  Compression=   3.81     *
*............................................................................*
*Br   11 :fmaMult   : fmaMult[10]/I                                          *
*Entries :  1000000 : Total  Size=   40097835 bytes  File Size  =    1059001 *
*Baskets :      995 : Basket Size=   25600000 bytes  Compression=  37.84     *
*............................................................................*
*Br   12 :gammaMult : gammaMult/I                                            *
*Entries :  1000000 : Total  Size=    4010425 bytes  File Size  =     705715 *
*Baskets :      101 : Basket Size=    1335296 bytes  Compression=   5.68     *
*............................................................................*
*Br   13 :gammaEnergy : gammaEnergy[gammaMult]/F                             *
*Entries :  1000000 : Total  Size=    9807886 bytes  File Size  =    6885701 *
*Baskets :      343 : Basket Size=    9602048 bytes  Compression=   1.42     *
*............................................................................*
*Br   14 :gammaTimestamp : gammaTimestamp[gammaMult]/F                       *
*Entries :  1000000 : Total  Size=    9808927 bytes  File Size  =    1617157 *
*Baskets :      343 : Basket Size=    9602560 bytes  Compression=   6.06     *
*............................................................................*
*Br   15 :deltaTime : deltaTime[gammaMult]/F                                 *
*Entries :  1000000 : Total  Size=    9807192 bytes  File Size  =    2377935 *
*Baskets :      343 : Basket Size=    9601536 bytes  Compression=   4.12     *
*............................................................................*
TH1.Print Name  = eCC_a, Entries= 0, Total sum= 0
TH1.Print Name  = eCC_b, Entries= 0, Total sum= 0
TH1.Print Name  = eCC_c, Entries= 0, Total sum= 0
TH1.Print Name  = eCC_d, Entries= 130840, Total sum= 0
TH1.Print Name  = eSeg, Entries= 0, Total sum= 0
TH1.Print Name  = mode3_hitpat, Entries= 4452776, Total sum= 0
TH1.Print Name  = mode3_hitpat_chan, Entries= 4452776, Total sum= 4.45278e+06
TH1.Print Name  = chan0, Entries= 0, Total sum= 0
TH1.Print Name  = module, Entries= 4452776, Total sum= 4.45278e+06
TH1.Print Name  = chan, Entries= 4452776, Total sum= 4.44999e+06
TH1.Print Name  = l, Entries= 445278, Total sum= 445236
TH1.Print Name  = r, Entries= 445278, Total sum= 445273
TH1.Print Name  = up, Entries= 445277, Total sum= 445276
TH1.Print Name  = down, Entries= 445278, Total sum= 445277
TH1.Print Name  = sumlr, Entries= 432986, Total sum= 432986
TH1.Print Name  = sumud, Entries= 419108, Total sum= 419108
TH1.Print Name  = x, Entries= 432986, Total sum= 432986
TH1.Print Name  = y, Entries= 419108, Total sum= 419108
TH1.Print Name  = de1, Entries= 445278, Total sum= 445254
TH1.Print Name  = de2, Entries= 445277, Total sum= 445277
TH1.Print Name  = de3, Entries= 445277, Total sum= 444319
TH1.Print Name  = de12, Entries= 388551, Total sum= 388551
TH1.Print Name  = etot, Entries= 388551, Total sum= 388551
TH1.Print Name  = rftof, Entries= 445277, Total sum= 443776
TH1.Print Name  = lr, Entries= 1000000, Total sum= 999956
TH1.Print Name  = ud, Entries= 1000000, Total sum= 999999
TH1.Print Name  = ede1, Entries= 388551, Total sum= 388551
TH1.Print Name  = ede1g, Entries= 70855, Total sum= 70837
TH1.Print Name  = ede2, Entries= 388551, Total sum= 388551
TH1.Print Name  = ede12, Entries= 388551, Total sum= 388551
TH1.Print Name  = xde1, Entries= 388551, Total sum= 388551
TH1.Print Name  = erftof, Entries= 1000000, Total sum= 998499
TH1.Print Name  = erftofg, Entries= 30316, Total sum= 30257
TH1.Print Name  = sumehi, Entries= 1442429, Total sum= 1.44242e+06
TH1.Print Name  = tgppac, Entries= 1442429, Total sum= 378662
TH1.Print Name  = tgppacg, Entries= 70855, Total sum= 70855
TH1.Print Name  = xehi1, Entries= 1442429, Total sum= 1.44242e+06
TH1.Print Name  = xehi1g, Entries= 70855, Total sum= 70854
TH1.Print Name  = de1ehi, Entries= 1442429, Total sum= 1.44238e+06
TH1.Print Name  = de1ehig, Entries= 70855, Total sum= 70836
TH1.Print Name  = ng, Entries= 1000000, Total sum= 1e+06
TH1.Print Name  = ehiz1, Entries= 0, Total sum= 0
TH1.Print Name  = ehiz2, Entries= 0, Total sum= 0
TH1.Print Name  = ehiz3, Entries= 0, Total sum= 0
TH1.Print Name  = ehiz4, Entries= 0, Total sum= 0
TH1.Print Name  = ehiz5, Entries= 0, Total sum= 0
TH1.Print Name  = gg_dt, Entries= 87158, Total sum= 87158
TH1.Print Name  = gg, Entries= 174316, Total sum= 172044
TH1.Print Name  = gg_z1, Entries= 0, Total sum= 0
TH1.Print Name  = gg_z2, Entries= 0, Total sum= 0
TH1.Print Name  = gg_z3, Entries= 0, Total sum= 0
TH1.Print Name  = gg_z4, Entries= 0, Total sum= 0
TH1.Print Name  = gg_z5, Entries= 0, Total sum= 0
Pars.f1->Close();
done saving rootfile "/lcrc/project/HELIOS/gretinafma/root_data/run156.root


read 1000000 events; Pars.beta=0.0330; time since last update 1 minutes
CommandFileName="GEBSort.command"

sorted timestamp range 2443542127287-->2454788375697: 11246248410
that is 112.5 seconds or 0h1m52s
^^^^^ any timestamp jumps will upset this accounting

hit statistics per type
 1 GEB_TYPE_DECOMP          1535673 ;  13654.98 Hz 
 8 GEB_TYPE_GT_MOD29         447786 ;   3981.65 Hz 
read a total of              1983459 ; header/payloads


nn1=0
nn2=1983460
nn3=1983460

nok_validate= 1000000, ntot_validate=1000000; validate fraction 100.00%

bytes read=940210240, 896.654358 MB

boniva sancta! ...GEBSort (unexpectedly) did not crash!

 ** GEBSort is done at 
