started GEBSort at we have 9 arguments
1... -input
will take input from disk
file size is 35505448952 bytes or 34673 MBytes

4... -rootfile
rootfile name specified on command line
__will store spectra in rootfile: /lcrc/project/HELIOS/gretinafma/root_data/run120.root
will recreate root file
7... -chat
core file size          (blocks, -c) unlimited
data seg size           (kbytes, -d) unlimited
scheduling priority             (-e) 0
file size               (blocks, -f) unlimited
pending signals                 (-i) 510315
max locked memory       (kbytes, -l) unlimited
max memory size         (kbytes, -m) 128769024
open files                      (-n) 51200
pipe size            (512 bytes, -p) 8
POSIX message queues     (bytes, -q) 819200
real-time priority              (-r) 0
stack size              (kbytes, -s) unlimited
cpu time               (seconds, -t) unlimited
max user processes              (-u) 4096
virtual memory          (kbytes, -v) unlimited
file locks                      (-x) unlimited
will read sorting instructions from chatfile: GEBSort.chat

executing UserDeclare.h code


GEBsort running on: 

initializing

crmat.LINUX is open (input) binary format
read 7936 bytes into Pars.crmat
chat file: <GEBSort.chat> open

will sort a max of 1410065408 events
will sort a max of 1000000 events
will sort 86400 minutes of data
will print details of the first 10 events
will use Pars.Beta (v/c) correction of 0.033000
will sort using a time window of 150
Pars.do_bin_mode2=1
Pars.do_bin_mode3=1
will accept second interaction range between 10.000000 and 500.000000 mm
"1-200"
detector   1 is ENABLED
detector   2 is ENABLED
detector   3 is ENABLED
detector   4 is ENABLED
detector   5 is ENABLED
detector   6 is ENABLED
detector   7 is ENABLED
detector   8 is ENABLED
detector   9 is ENABLED
detector  10 is ENABLED
detector  11 is ENABLED
detector  12 is ENABLED
detector  13 is ENABLED
detector  14 is ENABLED
detector  15 is ENABLED
detector  16 is ENABLED
detector  17 is ENABLED
detector  18 is ENABLED
detector  19 is ENABLED
detector  20 is ENABLED
detector  21 is ENABLED
detector  22 is ENABLED
detector  23 is ENABLED
detector  24 is ENABLED
detector  25 is ENABLED
detector  26 is ENABLED
detector  27 is ENABLED
detector  28 is ENABLED
detector  29 is ENABLED
detector  30 is ENABLED
detector  31 is ENABLED
detector  32 is ENABLED
detector  33 is ENABLED
detector  34 is ENABLED
detector  35 is ENABLED
detector  36 is ENABLED
detector  37 is ENABLED
detector  38 is ENABLED
detector  39 is ENABLED
detector  40 is ENABLED
detector  41 is ENABLED
detector  42 is ENABLED
detector  43 is ENABLED
detector  44 is ENABLED
detector  45 is ENABLED
detector  46 is ENABLED
detector  47 is ENABLED
detector  48 is ENABLED
detector  49 is ENABLED
detector  50 is ENABLED
detector  51 is ENABLED
detector  52 is ENABLED
detector  53 is ENABLED
detector  54 is ENABLED
detector  55 is ENABLED
detector  56 is ENABLED
detector  57 is ENABLED
detector  58 is ENABLED
detector  59 is ENABLED
detector  60 is ENABLED
detector  61 is ENABLED
detector  62 is ENABLED
detector  63 is ENABLED
detector  64 is ENABLED
detector  65 is ENABLED
detector  66 is ENABLED
detector  67 is ENABLED
detector  68 is ENABLED
detector  69 is ENABLED
detector  70 is ENABLED
detector  71 is ENABLED
detector  72 is ENABLED
detector  73 is ENABLED
detector  74 is ENABLED
detector  75 is ENABLED
detector  76 is ENABLED
detector  77 is ENABLED
detector  78 is ENABLED
detector  79 is ENABLED
detector  80 is ENABLED
detector  81 is ENABLED
detector  82 is ENABLED
detector  83 is ENABLED
detector  84 is ENABLED
detector  85 is ENABLED
detector  86 is ENABLED
detector  87 is ENABLED
detector  88 is ENABLED
detector  89 is ENABLED
detector  90 is ENABLED
detector  91 is ENABLED
detector  92 is ENABLED
detector  93 is ENABLED
detector  94 is ENABLED
detector  95 is ENABLED
detector  96 is ENABLED
detector  97 is ENABLED
detector  98 is ENABLED
detector  99 is ENABLED
detector 100 is ENABLED
detector 101 is ENABLED
detector 102 is ENABLED
detector 103 is ENABLED
detector 104 is ENABLED
detector 105 is ENABLED
detector 106 is ENABLED
detector 107 is ENABLED
detector 108 is ENABLED
detector 109 is ENABLED
detector 110 is ENABLED
detector 111 is ENABLED
detector 112 is ENABLED
detector 113 is ENABLED
detector 114 is ENABLED
detector 115 is ENABLED
detector 116 is ENABLED
detector 117 is ENABLED
detector 118 is ENABLED
detector 119 is ENABLED
detector 120 is ENABLED
detector 121 is ENABLED
detector 122 is ENABLED
detector 123 is ENABLED
detector 124 is ENABLED
detector 125 is ENABLED
detector 126 is ENABLED
detector 127 is ENABLED
detector 128 is ENABLED
detector 129 is ENABLED
detector 130 is ENABLED
detector 131 is ENABLED
detector 132 is ENABLED
detector 133 is ENABLED
detector 134 is ENABLED
detector 135 is ENABLED
detector 136 is ENABLED
detector 137 is ENABLED
detector 138 is ENABLED
detector 139 is ENABLED
detector 140 is ENABLED
detector 141 is ENABLED
detector 142 is ENABLED
detector 143 is ENABLED
detector 144 is ENABLED
detector 145 is ENABLED
detector 146 is ENABLED
detector 147 is ENABLED
detector 148 is ENABLED
detector 149 is ENABLED
detector 150 is ENABLED
detector 151 is ENABLED
detector 152 is ENABLED
detector 153 is ENABLED
detector 154 is ENABLED
detector 155 is ENABLED
detector 156 is ENABLED
detector 157 is ENABLED
detector 158 is ENABLED
detector 159 is ENABLED
detector 160 is ENABLED
detector 161 is ENABLED
detector 162 is ENABLED
detector 163 is ENABLED
detector 164 is ENABLED
detector 165 is ENABLED
detector 166 is ENABLED
detector 167 is ENABLED
detector 168 is ENABLED
detector 169 is ENABLED
detector 170 is ENABLED
detector 171 is ENABLED
detector 172 is ENABLED
detector 173 is ENABLED
detector 174 is ENABLED
detector 175 is ENABLED
detector 176 is ENABLED
detector 177 is ENABLED
detector 178 is ENABLED
detector 179 is ENABLED
detector 180 is ENABLED
detector 181 is ENABLED
detector 182 is ENABLED
detector 183 is ENABLED
detector 184 is ENABLED
detector 185 is ENABLED
detector 186 is ENABLED
detector 187 is ENABLED
detector 188 is ENABLED
detector 189 is ENABLED
detector 190 is ENABLED
detector 191 is ENABLED
detector 192 is ENABLED
detector 193 is ENABLED
detector 194 is ENABLED
detector 195 is ENABLED
detector 196 is ENABLED
detector 197 is ENABLED
detector 198 is ENABLED
detector 199 is ENABLED
WARNING: could not open CCcal file "CCenergy.cal", quit
will use beam direction 0.000000 0.000000 1.000000
vector length= 1.000000, normalizing
will use beam direction 0.000000 0.000000 1.000000
Pars.ndetlimlo=1,Pars.ndetlimhi=8
will require mult bt: 1 20
fomlimits, 1, 0.00 ..to.. 0.80
fomlimits, 2, 0.00 ..to.. 0.80
fomlimits, 3, 0.00 ..to.. 0.80
fomlimits, 4, 0.00 ..to.. 0.80
fomlimits, 5, 0.00 ..to.. 0.80
fomlimits, 6, 0.00 ..to.. 0.80
fomlimits, 7, 0.00 ..to.. 0.80
will use M= 350.000000 in bin_dgs
will use PZ file "dgs_pz.cal" in bin_dgs
will use ecal file "dgs_ehi.cal" in bin_dgs
will skip rest of chat file

chat file: <GEBSort.chat> closed
processed 39 sort instructions and 198 lines


sorting this:
Pars.do_bin_mode3 = 1
Pars.do_bin_mode2 = 1
Pars.do_bin_mode1 = 0
Pars.do_bin_dgs = 0
Pars.do_bin_dfma = 0
Pars.do_bin_gtcal = 0
Pars.do_bin_template = 0
Pars.do_bin_final = 0
Pars.do_bin_angcor = 0
Pars.do_bin_angdis = 0
checking proper input of chat file...
input file "/lcrc/project/HELIOS/gretinafma/merged_data/GEBMerged_run120.gtd_000" is open, inData=0x24faaa60
file size is 1145710584 bytes or 1118 MBs 
input source is set up, supposedly

xyz offset values:

executing ShareMemFileUserInit.h code

deleted \rm -f GEBSort.command
root file </lcrc/project/HELIOS/gretinafma/root_data/run120.root>
base=</lcrc/project/HELIOS/gretinafma/root_data/run120.root:/>
TFile: name=/lcrc/project/HELIOS/gretinafma/root_data/run120.root, title=, option=CREATE

executing UserInit.h code

Created Object "dtbtev", 0x26000000
Created Object "T0", 0x26000410
, "T0"Created Object "hitpat", 0x26000800
, "hitpat"Created Object "numHitArray2", 0x26001250
, "numHitArray2"Created Object "CCmult", 0x26001d10
, "CC Multiplicity"Created Object "CCsum", 0x262d3960
, "CCsum"Created Object "hit2", 0x262e3770
, "hit2"Created Object "hit3", 0x262f3580
, "hit3"Created Object "hit4", 0x26303390
, "hit4"Created Object "CCsum_nodop", 0x263131a0
, "CCsum_nodop"Created Object "CCadd", 0x26322fb0
, "CCadd"Created Object "SEGadd_FPGA", 0x26332dc0
Created Object "SEGadd_PSA", 0x263331d0
Created Object "SEGsum_FPGA", 0x263335e0
Created Object "SEGsum_PSA", 0x263339f0
Created Object "radius_all", 0x26333e00
, "radius (all points)"Created Object "rate_mode2_min", 0x2633c210
, "rate_mode2_min headers"Created Object "rate_mode2_sec", 0x2633f320
, "rate_mode2_sec headers"Created Object "rate_mode2_intp", 0x26342430
, "rate_mode2 interaction points"Created Object "cdtbtev", 0x26345540
Created Object "evsr_all", 0x2640b520
Created Object "SMAP_allhits", 0x2640ba60
Created Object "SMAP_allhits_sq", 0x2650b3f0
Created Object "seghitpat", 0x2660ad80
Created Object "CCe", 0x26613180
Created Object "ggCC", 0x26613730
Created Object "z_plot", 0x26613ce0
Created Object "crystal_hit", 0x266c73b0
Created Object "SegE", 0x266c7980
Created Object "crXcr", 0x266c7ec0
MAXDETPOS=180
Created Object "eCC_a", 0x267b5980
Created Object "eCC_b", 0x267b5d90
Created Object "eCC_c", 0x267b6200
Created Object "eCC_d", 0x267b67b0
Created Object "eSeg", 0x267b6cf0
Created Object "mode3_hitpat", 0x267b72a0
, "mode3_hitpat"Created Object "mode3_hitpat_chan", 0x267b7c10
, "mode3_hitpat_chan"Created Object "chan0", 0x267b8340
, "chan0"Created Object "module", 0x267cc170
, "module"Created Object "chan", 0x267dffa0
Created Object "l", 0x268558c0
, "l"Created Object "r", 0x268696f0
, "r"Created Object "up", 0x2687d4b0
, "up"Created Object "down", 0x26891270
, "down"Created Object "sumlr", 0x268a50a0
, "sumlr"Created Object "sumud", 0x268b8ed0
, "sumud"Created Object "x", 0x268ccd00
, "x"Created Object "y", 0x268e0b30
, "y"Created Object "de1", 0x268f4960
, "de1"Created Object "de2", 0x26908720
, "de2"Created Object "de3", 0x2691c4e0
, "de3"Created Object "de12", 0x26930310
, "de12"Created Object "etot", 0x26944140
, "etot"Created Object "rftof", 0x26957f00
, "rftof"Created Object "lr", 0x2696bcc0
Created Object "ud", 0x2696c200
Created Object "ede1", 0x2696c740
Created Object "ede1g", 0x2696cc80
Created Object "ede2", 0x2696d230
Created Object "ede12", 0x2696d7e0
Created Object "xde1", 0x2696dd90
Created Object "erftof", 0x2696e2d0
Created Object "erftofg", 0x2696e810
Created Object "sumehi", 0x2696edc0
, "sumehi"Created Object "tgppac", 0x26982b80
, "tgppac"Created Object "tgppacg", 0x269aa230
, "tgppacg"Created Object "xehi1", 0x269d18e0
Created Object "xehi1g", 0x269d1e20
Created Object "de1ehi", 0x269d23d0
Created Object "de1ehig", 0x269d2910
Created Object "ng", 0x269d2e50
, "ng"Created Object "ehiz1", 0x269e6c10
, "ehiz1"Created Object "ehiz2", 0x269fa9d0
, "ehiz2"Created Object "ehiz3", 0x26a0e800
, "ehiz3"Created Object "ehiz4", 0x26a22630
, "ehiz4"Created Object "ehiz5", 0x26a36460
, "ehiz5"Created Object "gg_dt", 0x26a4a220
, "gg_dt"Created Object "gg", 0x26a4e650
Created Object "gg_z1", 0x26a4ec00
Created Object "gg_z2", 0x26a4f1b0
Created Object "gg_z3", 0x26a4f760
Created Object "gg_z4", 0x26a4fd10
Created Object "gg_z5", 0x26a50250
we have define the following ROOT spectra:
Collection name='THashList', class='THashList', size=84
 TH1.Print Name  = dtbtev, Entries= 0, Total sum= 0
 TH1.Print Name  = T0, Entries= 0, Total sum= 0
 TH1.Print Name  = hitpat, Entries= 0, Total sum= 0
 TH1.Print Name  = numHitArray2, Entries= 0, Total sum= 0
 TH1.Print Name  = CCmult, Entries= 0, Total sum= 0
 TH1.Print Name  = CCsum, Entries= 0, Total sum= 0
 TH1.Print Name  = hit2, Entries= 0, Total sum= 0
 TH1.Print Name  = hit3, Entries= 0, Total sum= 0
 TH1.Print Name  = hit4, Entries= 0, Total sum= 0
 TH1.Print Name  = CCsum_nodop, Entries= 0, Total sum= 0
 TH1.Print Name  = CCadd, Entries= 0, Total sum= 0
 TH1.Print Name  = SEGadd_FPGA, Entries= 0, Total sum= 0
 TH1.Print Name  = SEGadd_PSA, Entries= 0, Total sum= 0
 TH1.Print Name  = SEGsum_FPGA, Entries= 0, Total sum= 0
 TH1.Print Name  = SEGsum_PSA, Entries= 0, Total sum= 0
 TH1.Print Name  = radius_all, Entries= 0, Total sum= 0
 TH1.Print Name  = rate_mode2_min, Entries= 0, Total sum= 0
 TH1.Print Name  = rate_mode2_sec, Entries= 0, Total sum= 0
 TH1.Print Name  = rate_mode2_intp, Entries= 0, Total sum= 0
 TH1.Print Name  = cdtbtev, Entries= 0, Total sum= 0
 TH1.Print Name  = evsr_all, Entries= 0, Total sum= 0
 TH1.Print Name  = SMAP_allhits, Entries= 0, Total sum= 0
 TH1.Print Name  = SMAP_allhits_sq, Entries= 0, Total sum= 0
 TH1.Print Name  = seghitpat, Entries= 0, Total sum= 0
 TH1.Print Name  = CCe, Entries= 0, Total sum= 0
 TH1.Print Name  = ggCC, Entries= 0, Total sum= 0
 TH1.Print Name  = z_plot, Entries= 0, Total sum= 0
 TH1.Print Name  = crystal_hit, Entries= 0, Total sum= 0
 TH1.Print Name  = SegE, Entries= 0, Total sum= 0
 TH1.Print Name  = crXcr, Entries= 0, Total sum= 0
 ******************************************************************************
*Tree    :tree      : tree                                                   *
*Entries :        0 : Total =            8461 bytes  File  Size =          0 *
*        :          : Tree compression factor =   1.00                       *
******************************************************************************
*Br    0 :runNumber : runNumber/I                                            *
*Entries :        0 : Total  Size=        501 bytes  One basket in memory    *
*Baskets :        0 : Basket Size=      32000 bytes  Compression=   1.00     *
*............................................................................*
*Br    1 :numHits   : numHits/I                                              *
*Entries :        0 : Total  Size=        493 bytes  One basket in memory    *
*Baskets :        0 : Basket Size=      32000 bytes  Compression=   1.00     *
*............................................................................*
*Br    2 :left      : left[numHits]/F                                        *
*Entries :        0 : Total  Size=        580 bytes  One basket in memory    *
*Baskets :        0 : Basket Size=      32000 bytes  Compression=   1.00     *
*............................................................................*
*Br    3 :right     : right[numHits]/F                                       *
*Entries :        0 : Total  Size=        584 bytes  One basket in memory    *
*Baskets :        0 : Basket Size=      32000 bytes  Compression=   1.00     *
*............................................................................*
*Br    4 :up        : up[numHits]/F                                          *
*Entries :        0 : Total  Size=        572 bytes  One basket in memory    *
*Baskets :        0 : Basket Size=      32000 bytes  Compression=   1.00     *
*............................................................................*
*Br    5 :down      : down[numHits]/F                                        *
*Entries :        0 : Total  Size=        580 bytes  One basket in memory    *
*Baskets :        0 : Basket Size=      32000 bytes  Compression=   1.00     *
*............................................................................*
*Br    6 :e1        : e1[numHits]/F                                          *
*Entries :        0 : Total  Size=        572 bytes  One basket in memory    *
*Baskets :        0 : Basket Size=      32000 bytes  Compression=   1.00     *
*............................................................................*
*Br    7 :e2        : e2[numHits]/F                                          *
*Entries :        0 : Total  Size=        572 bytes  One basket in memory    *
*Baskets :        0 : Basket Size=      32000 bytes  Compression=   1.00     *
*............................................................................*
*Br    8 :e3        : e3[numHits]/F                                          *
*Entries :        0 : Total  Size=        572 bytes  One basket in memory    *
*Baskets :        0 : Basket Size=      32000 bytes  Compression=   1.00     *
*............................................................................*
*Br    9 :tac       : tac[numHits]/F                                         *
*Entries :        0 : Total  Size=        576 bytes  One basket in memory    *
*Baskets :        0 : Basket Size=      32000 bytes  Compression=   1.00     *
*............................................................................*
*Br   10 :fmaDeltaTime : fmaDeltaTime[numHits]/F                             *
*Entries :        0 : Total  Size=        612 bytes  One basket in memory    *
*Baskets :        0 : Basket Size=      32000 bytes  Compression=   1.00     *
*............................................................................*
*Br   11 :fmaMult   : fmaMult[10]/I                                          *
*Entries :        0 : Total  Size=        501 bytes  One basket in memory    *
*Baskets :        0 : Basket Size=      32000 bytes  Compression=   1.00     *
*............................................................................*
*Br   12 :gammaMult : gammaMult/I                                            *
*Entries :        0 : Total  Size=        501 bytes  One basket in memory    *
*Baskets :        0 : Basket Size=      32000 bytes  Compression=   1.00     *
*............................................................................*
*Br   13 :gammaEnergy : gammaEnergy[gammaMult]/F                             *
*Entries :        0 : Total  Size=        616 bytes  One basket in memory    *
*Baskets :        0 : Basket Size=      32000 bytes  Compression=   1.00     *
*............................................................................*
*Br   14 :gammaTimestamp : gammaTimestamp[gammaMult]/F                       *
*Entries :        0 : Total  Size=        628 bytes  One basket in memory    *
*Baskets :        0 : Basket Size=      32000 bytes  Compression=   1.00     *
*............................................................................*
*Br   15 :deltaTime : deltaTime[gammaMult]/F                                 *
*Entries :        0 : Total  Size=        608 bytes  One basket in memory    *
*Baskets :        0 : Basket Size=      32000 bytes  Compression=   1.00     *
*............................................................................*
 TH1.Print Name  = eCC_a, Entries= 0, Total sum= 0
 TH1.Print Name  = eCC_b, Entries= 0, Total sum= 0
 TH1.Print Name  = eCC_c, Entries= 0, Total sum= 0
 TH1.Print Name  = eCC_d, Entries= 0, Total sum= 0
 TH1.Print Name  = eSeg, Entries= 0, Total sum= 0
 TH1.Print Name  = mode3_hitpat, Entries= 0, Total sum= 0
 TH1.Print Name  = mode3_hitpat_chan, Entries= 0, Total sum= 0
 TH1.Print Name  = chan0, Entries= 0, Total sum= 0
 TH1.Print Name  = module, Entries= 0, Total sum= 0
 TH1.Print Name  = chan, Entries= 0, Total sum= 0
 TH1.Print Name  = l, Entries= 0, Total sum= 0
 TH1.Print Name  = r, Entries= 0, Total sum= 0
 TH1.Print Name  = up, Entries= 0, Total sum= 0
 TH1.Print Name  = down, Entries= 0, Total sum= 0
 TH1.Print Name  = sumlr, Entries= 0, Total sum= 0
 TH1.Print Name  = sumud, Entries= 0, Total sum= 0
 TH1.Print Name  = x, Entries= 0, Total sum= 0
 TH1.Print Name  = y, Entries= 0, Total sum= 0
 TH1.Print Name  = de1, Entries= 0, Total sum= 0
 TH1.Print Name  = de2, Entries= 0, Total sum= 0
 TH1.Print Name  = de3, Entries= 0, Total sum= 0
 TH1.Print Name  = de12, Entries= 0, Total sum= 0
 TH1.Print Name  = etot, Entries= 0, Total sum= 0
 TH1.Print Name  = rftof, Entries= 0, Total sum= 0
 TH1.Print Name  = lr, Entries= 0, Total sum= 0
 TH1.Print Name  = ud, Entries= 0, Total sum= 0
 TH1.Print Name  = ede1, Entries= 0, Total sum= 0
 TH1.Print Name  = ede1g, Entries= 0, Total sum= 0
 TH1.Print Name  = ede2, Entries= 0, Total sum= 0
 TH1.Print Name  = ede12, Entries= 0, Total sum= 0
 TH1.Print Name  = xde1, Entries= 0, Total sum= 0
 TH1.Print Name  = erftof, Entries= 0, Total sum= 0
 TH1.Print Name  = erftofg, Entries= 0, Total sum= 0
 TH1.Print Name  = sumehi, Entries= 0, Total sum= 0
 TH1.Print Name  = tgppac, Entries= 0, Total sum= 0
 TH1.Print Name  = tgppacg, Entries= 0, Total sum= 0
 TH1.Print Name  = xehi1, Entries= 0, Total sum= 0
 TH1.Print Name  = xehi1g, Entries= 0, Total sum= 0
 TH1.Print Name  = de1ehi, Entries= 0, Total sum= 0
 TH1.Print Name  = de1ehig, Entries= 0, Total sum= 0
 TH1.Print Name  = ng, Entries= 0, Total sum= 0
 TH1.Print Name  = ehiz1, Entries= 0, Total sum= 0
 TH1.Print Name  = ehiz2, Entries= 0, Total sum= 0
 TH1.Print Name  = ehiz3, Entries= 0, Total sum= 0
 TH1.Print Name  = ehiz4, Entries= 0, Total sum= 0
 TH1.Print Name  = ehiz5, Entries= 0, Total sum= 0
 TH1.Print Name  = gg_dt, Entries= 0, Total sum= 0
 TH1.Print Name  = gg, Entries= 0, Total sum= 0
 TH1.Print Name  = gg_z1, Entries= 0, Total sum= 0
 TH1.Print Name  = gg_z2, Entries= 0, Total sum= 0
 TH1.Print Name  = gg_z3, Entries= 0, Total sum= 0
 TH1.Print Name  = gg_z4, Entries= 0, Total sum= 0
 TH1.Print Name  = gg_z5, Entries= 0, Total sum= 0
GRETINA detector angles
mod  1, crystal 0 [  4]: ( 10.07   3.58  15.10) pol   35.30 ,  azi   13.35; pol   35.30 ,  azi   19.58; modCCdopfac[4] 1.0271
mod  1, crystal 1 [  5]: ( 10.11   9.19  12.47) pol   47.60 ,  azi   36.39; pol   47.60 ,  azi   42.30; modCCdopfac[5] 1.0222
mod  1, crystal 2 [  6]: (  5.44   7.69  15.92) pol   30.60 ,  azi   25.77; pol   30.60 ,  azi   54.72; modCCdopfac[6] 1.0287
mod  1, crystal 3 [  7]: (  4.99   1.78  17.72) pol   16.65 ,  azi    5.72; pol   16.65 ,  azi   19.58; modCCdopfac[7] 1.0321
mod  2, crystal 0 [  8]: ( -0.29  10.69  15.10) pol   35.30 ,  azi   35.29; pol   35.30 ,  azi   91.58; modCCdopfac[8] 1.0271
mod  2, crystal 1 [  9]: ( -5.62  12.45  12.47) pol   47.60 ,  azi   44.95; pol   47.60 ,  azi  114.30; modCCdopfac[9] 1.0222
mod  2, crystal 2 [ 10]: ( -5.63   7.55  15.92) pol   30.60 ,  azi   25.36; pol   30.60 ,  azi  126.72; modCCdopfac[10] 1.0287
mod  2, crystal 3 [ 11]: ( -0.15   5.30  17.72) pol   16.65 ,  azi   16.64; pol   16.65 ,  azi   91.58; modCCdopfac[11] 1.0321
mod  3, crystal 0 [ 12]: (-10.25   3.02  15.10) pol   35.30 ,  azi   11.32; pol   35.30 ,  azi  163.58; modCCdopfac[12] 1.0271
mod  3, crystal 1 [ 13]: (-13.58  -1.50  12.47) pol   47.60 ,  azi   -6.85; pol   47.60 ,  azi -173.70; modCCdopfac[13] 1.0222
mod  3, crystal 2 [ 14]: ( -8.92  -3.02  15.92) pol   30.60 ,  azi  -10.75; pol   30.60 ,  azi -161.28; modCCdopfac[14] 1.0287
mod  3, crystal 3 [ 15]: ( -5.08   1.50  17.72) pol   16.65 ,  azi    4.83; pol   16.65 ,  azi  163.58; modCCdopfac[15] 1.0321
mod  4, crystal 0 [ 16]: ( -6.04  -8.82  15.10) pol   35.30 ,  azi  -30.29; pol   35.30 ,  azi -124.42; modCCdopfac[16] 1.0271
mod  4, crystal 1 [ 17]: ( -2.77 -13.38  12.47) pol   47.60 ,  azi  -47.00; pol   47.60 ,  azi -101.70; modCCdopfac[17] 1.0222
mod  4, crystal 2 [ 18]: (  0.12  -9.42  15.92) pol   30.60 ,  azi  -30.60; pol   30.60 ,  azi  -89.28; modCCdopfac[18] 1.0287
mod  4, crystal 3 [ 19]: ( -3.00  -4.37  17.72) pol   16.65 ,  azi  -13.86; pol   16.65 ,  azi -124.42; modCCdopfac[19] 1.0321
mod  5, crystal 0 [ 20]: (  6.52  -8.47  15.10) pol   35.30 ,  azi  -29.30; pol   35.30 ,  azi  -52.42; modCCdopfac[20] 1.0271
mod  5, crystal 1 [ 21]: ( 11.87  -6.77  12.47) pol   47.60 ,  azi  -28.49; pol   47.60 ,  azi  -29.70; modCCdopfac[21] 1.0222
mod  5, crystal 2 [ 22]: (  8.99  -2.80  15.92) pol   30.60 ,  azi   -9.96; pol   30.60 ,  azi  -17.28; modCCdopfac[22] 1.0287
mod  5, crystal 3 [ 23]: (  3.23  -4.20  17.72) pol   16.65 ,  azi  -13.33; pol   16.65 ,  azi  -52.42; modCCdopfac[23] 1.0321
mod  6, crystal 0 [ 24]: (  4.54  16.51   7.02) pol   67.71 ,  azi   66.97; pol   67.71 ,  azi   74.63; modCCdopfac[24] 1.0121
mod  6, crystal 1 [ 25]: ( -0.33  15.15  10.61) pol   55.02 ,  azi   55.01; pol   55.02 ,  azi   91.23; modCCdopfac[25] 1.0187
mod  6, crystal 2 [ 26]: (  5.05  13.00  12.16) pol   48.92 ,  azi   46.92; pol   48.92 ,  azi   68.77; modCCdopfac[26] 1.0216
mod  6, crystal 3 [ 27]: (  9.66  13.57   8.06) pol   64.18 ,  azi   59.29; pol   64.18 ,  azi   54.55; modCCdopfac[27] 1.0140
mod  7, crystal 0 [ 28]: (-14.30   9.42   7.02) pol   67.71 ,  azi   53.31; pol   67.71 ,  azi  146.63; modCCdopfac[28] 1.0121
mod  7, crystal 1 [ 29]: (-14.51   4.37  10.61) pol   55.02 ,  azi   22.40; pol   55.02 ,  azi  163.23; modCCdopfac[29] 1.0187
mod  7, crystal 2 [ 30]: (-10.80   8.82  12.16) pol   48.92 ,  azi   35.96; pol   48.92 ,  azi  140.77; modCCdopfac[30] 1.0216
mod  7, crystal 3 [ 31]: ( -9.92  13.38   8.06) pol   64.18 ,  azi   58.94; pol   64.18 ,  azi  126.55; modCCdopfac[31] 1.0140
mod  8, crystal 0 [ 32]: (-13.37 -10.69   7.02) pol   67.71 ,  azi  -56.71; pol   67.71 ,  azi -141.37; modCCdopfac[32] 1.0121
mod  8, crystal 1 [ 33]: ( -8.64 -12.45  10.61) pol   55.02 ,  azi  -49.58; pol   55.02 ,  azi -124.77; modCCdopfac[33] 1.0187
mod  8, crystal 2 [ 34]: (-11.73  -7.55  12.16) pol   48.92 ,  azi  -31.84; pol   48.92 ,  azi -147.23; modCCdopfac[34] 1.0216
mod  8, crystal 3 [ 35]: (-15.79  -5.30   8.06) pol   64.18 ,  azi  -33.33; pol   64.18 ,  azi -161.45; modCCdopfac[35] 1.0140
mod  9, crystal 0 [ 36]: (  6.03 -16.02   7.02) pol   67.71 ,  azi  -66.35; pol   67.71 ,  azi  -69.37; modCCdopfac[36] 1.0121
mod  9, crystal 1 [ 37]: (  9.17 -12.07  10.61) pol   55.02 ,  azi  -48.69; pol   55.02 ,  azi  -52.77; modCCdopfac[37] 1.0187
mod  9, crystal 2 [ 38]: (  3.56 -13.48  12.16) pol   48.92 ,  azi  -47.96; pol   48.92 ,  azi  -75.23; modCCdopfac[38] 1.0216
mod  9, crystal 3 [ 39]: (  0.16 -16.65   8.06) pol   64.18 ,  azi  -64.18; pol   64.18 ,  azi  -89.45; modCCdopfac[39] 1.0140
mod 10, crystal 0 [ 40]: ( 17.10   0.79   7.02) pol   67.71 ,  azi    6.39; pol   67.71 ,  azi    2.63; modCCdopfac[40] 1.0121
mod 10, crystal 1 [ 41]: ( 14.31   4.99  10.61) pol   55.02 ,  azi   25.21; pol   55.02 ,  azi   19.23; modCCdopfac[41] 1.0187
mod 10, crystal 2 [ 42]: ( 13.92  -0.79  12.16) pol   48.92 ,  azi   -3.70; pol   48.92 ,  azi   -3.23; modCCdopfac[42] 1.0216
mod 10, crystal 3 [ 43]: ( 15.89  -4.99   8.06) pol   64.18 ,  azi  -31.79; pol   64.18 ,  azi  -17.45; modCCdopfac[43] 1.0140
mod 11, crystal 0 [ 44]: ( 18.26   2.80   0.92) pol   87.15 ,  azi   71.78; pol   87.15 ,  azi    8.71; modCCdopfac[44] 1.0011
mod 11, crystal 1 [ 45]: ( 17.30   4.20  -5.04) pol  105.79 ,  azi  140.16; pol  105.79 ,  azi   13.65; modCCdopfac[45] 0.9906
mod 11, crystal 2 [ 46]: ( 16.42   8.47  -0.92) pol   92.85 ,  azi   96.20; pol   92.85 ,  azi   27.29; modCCdopfac[46] 0.9978
mod 11, crystal 3 [ 47]: ( 16.46   6.77   5.04) pol   74.21 ,  azi   53.36; pol   74.21 ,  azi   22.35; modCCdopfac[47] 1.0085
mod 12, crystal 0 [ 48]: ( 12.46  13.48  -2.26) pol   97.01 ,  azi   99.50; pol   97.01 ,  azi   47.25; modCCdopfac[48] 0.9954
mod 12, crystal 1 [ 49]: (  7.28  16.65  -3.46) pol  100.78 ,  azi  101.74; pol  100.78 ,  azi   66.39; modCCdopfac[49] 0.9933
mod 12, crystal 2 [ 50]: (  8.97  16.02   2.26) pol   82.99 ,  azi   81.98; pol   82.99 ,  azi   60.75; modCCdopfac[50] 1.0035
mod 12, crystal 3 [ 51]: ( 13.59  12.07   3.46) pol   79.22 ,  azi   74.00; pol   79.22 ,  azi   41.61; modCCdopfac[51] 1.0057
mod 13, crystal 0 [ 52]: (  2.98  18.23   0.92) pol   87.15 ,  azi   87.11; pol   87.15 ,  azi   80.71; modCCdopfac[52] 1.0011
mod 13, crystal 1 [ 53]: (  1.35  17.75  -5.04) pol  105.79 ,  azi  105.84; pol  105.79 ,  azi   85.65; modCCdopfac[53] 0.9906
mod 13, crystal 2 [ 54]: ( -2.98  18.23  -0.92) pol   92.85 ,  azi   92.89; pol   92.85 ,  azi   99.29; modCCdopfac[54] 0.9978
mod 13, crystal 3 [ 55]: ( -1.35  17.75   5.04) pol   74.21 ,  azi   74.16; pol   74.21 ,  azi   94.35; modCCdopfac[55] 1.0085
mod 14, crystal 0 [ 56]: ( -8.97  16.02  -2.26) pol   97.01 ,  azi   98.02; pol   97.01 ,  azi  119.25; modCCdopfac[56] 0.9954
mod 14, crystal 1 [ 57]: (-13.59  12.07  -3.46) pol  100.78 ,  azi  106.00; pol  100.78 ,  azi  138.39; modCCdopfac[57] 0.9933
mod 14, crystal 2 [ 58]: (-12.46  13.48   2.26) pol   82.99 ,  azi   80.50; pol   82.99 ,  azi  132.75; modCCdopfac[58] 1.0035
mod 14, crystal 3 [ 59]: ( -7.28  16.65   3.46) pol   79.22 ,  azi   78.26; pol   79.22 ,  azi  113.61; modCCdopfac[59] 1.0057
mod 15, crystal 0 [ 60]: (-16.42   8.47   0.92) pol   87.15 ,  azi   83.80; pol   87.15 ,  azi  152.71; modCCdopfac[60] 1.0011
mod 15, crystal 1 [ 61]: (-16.46   6.77  -5.04) pol  105.79 ,  azi  126.64; pol  105.79 ,  azi  157.65; modCCdopfac[61] 0.9906
mod 15, crystal 2 [ 62]: (-18.26   2.80  -0.92) pol   92.85 ,  azi  108.22; pol   92.85 ,  azi  171.29; modCCdopfac[62] 0.9978
mod 15, crystal 3 [ 63]: (-17.30   4.20   5.04) pol   74.21 ,  azi   39.84; pol   74.21 ,  azi  166.35; modCCdopfac[63] 1.0085
mod 16, crystal 0 [ 64]: (-18.01  -3.58  -2.26) pol   97.01 ,  azi -122.21; pol   97.01 ,  azi -168.75; modCCdopfac[64] 0.9954
mod 16, crystal 1 [ 65]: (-15.68  -9.19  -3.46) pol  100.78 ,  azi -110.62; pol  100.78 ,  azi -149.61; modCCdopfac[65] 0.9933
mod 16, crystal 2 [ 66]: (-16.68  -7.69   2.26) pol   82.99 ,  azi  -73.64; pol   82.99 ,  azi -155.25; modCCdopfac[66] 1.0035
mod 16, crystal 3 [ 67]: (-18.09  -1.78   3.46) pol   79.22 ,  azi  -27.18; pol   79.22 ,  azi -174.39; modCCdopfac[67] 1.0057
mod 17, crystal 0 [ 68]: (-13.13 -13.00   0.92) pol   87.15 ,  azi  -85.95; pol   87.15 ,  azi -135.29; modCCdopfac[68] 1.0011
mod 17, crystal 1 [ 69]: (-11.53 -13.57  -5.04) pol  105.79 ,  azi -110.36; pol  105.79 ,  azi -130.35; modCCdopfac[69] 0.9906
mod 17, crystal 2 [ 70]: ( -8.30 -16.51  -0.92) pol   92.85 ,  azi  -93.19; pol   92.85 ,  azi -116.71; modCCdopfac[70] 0.9978
mod 17, crystal 3 [ 71]: ( -9.34 -15.15   5.04) pol   74.21 ,  azi  -71.62; pol   74.21 ,  azi -121.65; modCCdopfac[71] 1.0085
mod 18, crystal 0 [ 72]: ( -2.16 -18.23  -2.26) pol   97.01 ,  azi  -97.05; pol   97.01 ,  azi  -96.75; modCCdopfac[72] 0.9954
mod 18, crystal 1 [ 73]: (  3.90 -17.75  -3.46) pol  100.78 ,  azi -101.03; pol  100.78 ,  azi  -77.61; modCCdopfac[73] 0.9933
mod 18, crystal 2 [ 74]: (  2.16 -18.23   2.26) pol   82.99 ,  azi  -82.95; pol   82.99 ,  azi  -83.25; modCCdopfac[74] 1.0035
mod 18, crystal 3 [ 75]: ( -3.90 -17.75   3.46) pol   79.22 ,  azi  -78.97; pol   79.22 ,  azi -102.39; modCCdopfac[75] 1.0057
mod 19, crystal 0 [ 76]: (  8.30 -16.51   0.92) pol   87.15 ,  azi  -86.81; pol   87.15 ,  azi  -63.29; modCCdopfac[76] 1.0011
mod 19, crystal 1 [ 77]: (  9.34 -15.15  -5.04) pol  105.79 ,  azi -108.38; pol  105.79 ,  azi  -58.35; modCCdopfac[77] 0.9906
mod 19, crystal 2 [ 78]: ( 13.13 -13.00  -0.92) pol   92.85 ,  azi  -94.05; pol   92.85 ,  azi  -44.71; modCCdopfac[78] 0.9978
mod 19, crystal 3 [ 79]: ( 11.53 -13.57   5.04) pol   74.21 ,  azi  -69.64; pol   74.21 ,  azi  -49.65; modCCdopfac[79] 1.0085
mod 20, crystal 0 [ 80]: ( 16.68  -7.69  -2.26) pol   97.01 ,  azi -106.36; pol   97.01 ,  azi  -24.75; modCCdopfac[80] 0.9954
mod 20, crystal 1 [ 81]: ( 18.09  -1.78  -3.46) pol  100.78 ,  azi -152.82; pol  100.78 ,  azi   -5.61; modCCdopfac[81] 0.9933
mod 20, crystal 2 [ 82]: ( 18.01  -3.58   2.26) pol   82.99 ,  azi  -57.79; pol   82.99 ,  azi  -11.25; modCCdopfac[82] 1.0035
mod 20, crystal 3 [ 83]: ( 15.68  -9.19   3.46) pol   79.22 ,  azi  -69.38; pol   79.22 ,  azi  -30.39; modCCdopfac[83] 1.0057
mod 21, crystal 0 [ 84]: ( 14.30   9.42  -7.02) pol  112.29 ,  azi  126.69; pol  112.29 ,  azi   33.37; modCCdopfac[84] 0.9871
mod 21, crystal 1 [ 85]: ( 14.51   4.37 -10.61) pol  124.98 ,  azi  157.60; pol  124.98 ,  azi   16.77; modCCdopfac[85] 0.9809
mod 21, crystal 2 [ 86]: ( 10.80   8.82 -12.16) pol  131.08 ,  azi  144.04; pol  131.08 ,  azi   39.23; modCCdopfac[86] 0.9782
mod 21, crystal 3 [ 87]: (  9.92  13.38  -8.06) pol  115.82 ,  azi  121.06; pol  115.82 ,  azi   53.45; modCCdopfac[87] 0.9853
mod 22, crystal 0 [ 88]: ( -4.54  16.51  -7.02) pol  112.29 ,  azi  113.03; pol  112.29 ,  azi  105.37; modCCdopfac[88] 0.9871
mod 22, crystal 1 [ 89]: (  0.33  15.15 -10.61) pol  124.98 ,  azi  124.99; pol  124.98 ,  azi   88.77; modCCdopfac[89] 0.9809
mod 22, crystal 2 [ 90]: ( -5.05  13.00 -12.16) pol  131.08 ,  azi  133.08; pol  131.08 ,  azi  111.23; modCCdopfac[90] 0.9782
mod 22, crystal 3 [ 91]: ( -9.66  13.57  -8.06) pol  115.82 ,  azi  120.71; pol  115.82 ,  azi  125.45; modCCdopfac[91] 0.9853
mod 23, crystal 0 [ 92]: (-17.10   0.79  -7.02) pol  112.29 ,  azi  173.61; pol  112.29 ,  azi  177.37; modCCdopfac[92] 0.9871
mod 23, crystal 1 [ 93]: (-14.31   4.99 -10.61) pol  124.98 ,  azi  154.79; pol  124.98 ,  azi  160.77; modCCdopfac[93] 0.9809
mod 23, crystal 2 [ 94]: (-13.92  -0.79 -12.16) pol  131.08 ,  azi -176.30; pol  131.08 ,  azi -176.77; modCCdopfac[94] 0.9782
mod 23, crystal 3 [ 95]: (-15.89  -4.99  -8.06) pol  115.82 ,  azi -148.21; pol  115.82 ,  azi -162.55; modCCdopfac[95] 0.9853
mod 24, crystal 0 [ 96]: ( -6.03 -16.02  -7.02) pol  112.29 ,  azi -113.65; pol  112.29 ,  azi -110.63; modCCdopfac[96] 0.9871
mod 24, crystal 1 [ 97]: ( -9.17 -12.07 -10.61) pol  124.98 ,  azi -131.31; pol  124.98 ,  azi -127.23; modCCdopfac[97] 0.9809
mod 24, crystal 2 [ 98]: ( -3.56 -13.48 -12.16) pol  131.08 ,  azi -132.04; pol  131.08 ,  azi -104.77; modCCdopfac[98] 0.9782
mod 24, crystal 3 [ 99]: ( -0.16 -16.65  -8.06) pol  115.82 ,  azi -115.82; pol  115.82 ,  azi  -90.55; modCCdopfac[99] 0.9853
mod 25, crystal 0 [100]: ( 13.37 -10.69  -7.02) pol  112.29 ,  azi -123.29; pol  112.29 ,  azi  -38.63; modCCdopfac[100] 0.9871
mod 25, crystal 1 [101]: (  8.64 -12.45 -10.61) pol  124.98 ,  azi -130.42; pol  124.98 ,  azi  -55.23; modCCdopfac[101] 0.9809
mod 25, crystal 2 [102]: ( 11.73  -7.55 -12.16) pol  131.08 ,  azi -148.16; pol  131.08 ,  azi  -32.77; modCCdopfac[102] 0.9782
mod 25, crystal 3 [103]: ( 15.79  -5.30  -8.06) pol  115.82 ,  azi -146.67; pol  115.82 ,  azi  -18.55; modCCdopfac[103] 0.9853
mod 26, crystal 0 [104]: (  0.29  10.69 -15.10) pol  144.70 ,  azi  144.71; pol  144.70 ,  azi   88.42; modCCdopfac[104] 0.9732
mod 26, crystal 1 [105]: (  5.62  12.45 -12.47) pol  132.40 ,  azi  135.05; pol  132.40 ,  azi   65.70; modCCdopfac[105] 0.9777
mod 26, crystal 2 [106]: (  5.63   7.55 -15.92) pol  149.40 ,  azi  154.64; pol  149.40 ,  azi   53.28; modCCdopfac[106] 0.9718
mod 26, crystal 3 [107]: (  0.15   5.30 -17.72) pol  163.35 ,  azi  163.36; pol  163.35 ,  azi   88.42; modCCdopfac[107] 0.9688
mod 27, crystal 0 [108]: (-10.07   3.58 -15.10) pol  144.70 ,  azi  166.65; pol  144.70 ,  azi  160.42; modCCdopfac[108] 0.9732
mod 27, crystal 1 [109]: (-10.11   9.19 -12.47) pol  132.40 ,  azi  143.61; pol  132.40 ,  azi  137.70; modCCdopfac[109] 0.9777
mod 27, crystal 2 [110]: ( -5.44   7.69 -15.92) pol  149.40 ,  azi  154.23; pol  149.40 ,  azi  125.28; modCCdopfac[110] 0.9718
mod 27, crystal 3 [111]: ( -4.99   1.78 -17.72) pol  163.35 ,  azi  174.28; pol  163.35 ,  azi  160.42; modCCdopfac[111] 0.9688
mod 28, crystal 0 [112]: ( -6.52  -8.47 -15.10) pol  144.70 ,  azi -150.70; pol  144.70 ,  azi -127.58; modCCdopfac[112] 0.9732
mod 28, crystal 1 [113]: (-11.87  -6.77 -12.47) pol  132.40 ,  azi -151.51; pol  132.40 ,  azi -150.30; modCCdopfac[113] 0.9777
mod 28, crystal 2 [114]: ( -8.99  -2.80 -15.92) pol  149.40 ,  azi -170.04; pol  149.40 ,  azi -162.72; modCCdopfac[114] 0.9718
mod 28, crystal 3 [115]: ( -3.23  -4.20 -17.72) pol  163.35 ,  azi -166.67; pol  163.35 ,  azi -127.58; modCCdopfac[115] 0.9688
mod 29, crystal 0 [116]: (  6.04  -8.82 -15.10) pol  144.70 ,  azi -149.71; pol  144.70 ,  azi  -55.58; modCCdopfac[116] 0.9732
mod 29, crystal 1 [117]: (  2.77 -13.38 -12.47) pol  132.40 ,  azi -133.00; pol  132.40 ,  azi  -78.30; modCCdopfac[117] 0.9777
mod 29, crystal 2 [118]: ( -0.12  -9.42 -15.92) pol  149.40 ,  azi -149.40; pol  149.40 ,  azi  -90.72; modCCdopfac[118] 0.9718
mod 29, crystal 3 [119]: (  3.00  -4.37 -17.72) pol  163.35 ,  azi -166.14; pol  163.35 ,  azi  -55.58; modCCdopfac[119] 0.9688
mod 30, crystal 0 [120]: ( 10.25   3.02 -15.10) pol  144.70 ,  azi  168.68; pol  144.70 ,  azi   16.42; modCCdopfac[120] 0.9732
mod 30, crystal 1 [121]: ( 13.58  -1.50 -12.47) pol  132.40 ,  azi -173.15; pol  132.40 ,  azi   -6.30; modCCdopfac[121] 0.9777
mod 30, crystal 2 [122]: (  8.92  -3.02 -15.92) pol  149.40 ,  azi -169.25; pol  149.40 ,  azi  -18.72; modCCdopfac[122] 0.9718
mod 30, crystal 3 [123]: (  5.08   1.50 -17.72) pol  163.35 ,  azi  175.17; pol  163.35 ,  azi   16.42; modCCdopfac[123] 0.9688
setup signal catcher
started sorting... from disk...

Pars.maxTS=4611686018427387904
got initial header, TS=4654994491 ID: 1 length: 464
read initial payload of siz=464 into event position 1
__ptgd[0]->type= 0; ptgd[0]->length=   0; ptgd[0]->timestamp=0
initial ii=1, nn=1
ev#     0 GEB_TYPE_DECOMP        464Bytes TS=4655000725 curTS=4654994491 dTS= 6234
t0=4654994491
first event: GEB_event.mult=1
   0/ 0: ( 1,GEB_TYPE_DECOMP      ) TS=          4654994491; dT=0
maxTS=8644654994491
that is 86400.0 seconds or 24h0m0s minutes of sorting
GEBGetEv returned st=0
we have read 960 bytes; CurEvNo=1

+++++++++++++++++++++++++++++++
*start event # 1 with multiplicity 1 looks like this:
 0>  1, GEB_TYPE_DECOMP      , TS=4654994491
entered bin_mode2: 1/10
ptinp->pad= 6, (ptinp->pad&0x000000ff)= 6
updated CCadd with    0.00
total number of hits in array: 0
exit bin_mode2
entered bin_mode3 @ event number: 1 
exit bin_mode3
*end of event # 1
+++++++++++++++++++++++++++++++
ev#     1 GEB_TYPE_DECOMP        464Bytes TS=4655000739 curTS=4655000725 dTS= 14
ev#     1 GEB_TYPE_DECOMP        464Bytes TS=4655023809 curTS=4655000725 dTS= 23084
GEBGetEv returned st=0
we have read 1920 bytes; CurEvNo=2

+++++++++++++++++++++++++++++++
*start event # 2 with multiplicity 2 looks like this:
 0>  1, GEB_TYPE_DECOMP      , TS=4655000725
 1>  1, GEB_TYPE_DECOMP      , TS=4655000739
entered bin_mode2: 2/10
ptinp->pad= 6, (ptinp->pad&0x000000ff)= 6
ptinp->pad= 6, (ptinp->pad&0x000000ff)= 6
updated CCadd with    0.00
total number of hits in array: 0
exit bin_mode2
entered bin_mode3 @ event number: 2 
exit bin_mode3
*end of event # 2
+++++++++++++++++++++++++++++++
ev#     2 GEB_TYPE_DECOMP        464Bytes TS=4655024599 curTS=4655023809 dTS= 790
GEBGetEv returned st=0
we have read 2400 bytes; CurEvNo=3

+++++++++++++++++++++++++++++++
*start event # 3 with multiplicity 1 looks like this:
 0>  1, GEB_TYPE_DECOMP      , TS=4655023809
entered bin_mode2: 3/10
ptinp->pad= 6, (ptinp->pad&0x000000ff)= 6
updated CCadd with    0.00
total number of hits in array: 0
exit bin_mode2
entered bin_mode3 @ event number: 3 
exit bin_mode3
*end of event # 3
+++++++++++++++++++++++++++++++
ev#     3 GEB_TYPE_DECOMP        464Bytes TS=4655048841 curTS=4655024599 dTS= 24242
GEBGetEv returned st=0
we have read 2880 bytes; CurEvNo=4

+++++++++++++++++++++++++++++++
*start event # 4 with multiplicity 1 looks like this:
 0>  1, GEB_TYPE_DECOMP      , TS=4655024599
entered bin_mode2: 4/10
ptinp->pad= 6, (ptinp->pad&0x000000ff)= 6
updated CCadd with    0.00
total number of hits in array: 0
exit bin_mode2
entered bin_mode3 @ event number: 4 
exit bin_mode3
*end of event # 4
+++++++++++++++++++++++++++++++
ev#     4 GEB_TYPE_DECOMP        464Bytes TS=4655094973 curTS=4655048841 dTS= 46132
GEBGetEv returned st=0
we have read 3360 bytes; CurEvNo=5

+++++++++++++++++++++++++++++++
*start event # 5 with multiplicity 1 looks like this:
 0>  1, GEB_TYPE_DECOMP      , TS=4655048841
entered bin_mode2: 5/10
ptinp->pad= 6, (ptinp->pad&0x000000ff)= 6
updated CCadd with    0.00
total number of hits in array: 0
exit bin_mode2
entered bin_mode3 @ event number: 5 
exit bin_mode3
*end of event # 5
+++++++++++++++++++++++++++++++
ev#     5 GEB_TYPE_DECOMP        464Bytes TS=4655095085 curTS=4655094973 dTS= 112
ev#     5 GEB_TYPE_GT_MOD29      440Bytes TS=4655095569 curTS=4655094973 dTS= 596
GEBGetEv returned st=0
we have read 4296 bytes; CurEvNo=6

+++++++++++++++++++++++++++++++
*start event # 6 with multiplicity 2 looks like this:
 0>  1, GEB_TYPE_DECOMP      , TS=4655094973
 1>  1, GEB_TYPE_DECOMP      , TS=4655095085
entered bin_mode2: 6/10
ptinp->pad= 6, (ptinp->pad&0x000000ff)= 6
ptinp->pad= 6, (ptinp->pad&0x000000ff)= 6
updated CCadd with    0.00
total number of hits in array: 0
exit bin_mode2
entered bin_mode3 @ event number: 6 
exit bin_mode3
*end of event # 6
+++++++++++++++++++++++++++++++
ev#     6 GEB_TYPE_DECOMP        464Bytes TS=4655099899 curTS=4655095569 dTS= 4330
GEBGetEv returned st=0
we have read 4776 bytes; CurEvNo=7

+++++++++++++++++++++++++++++++
*start event # 7 with multiplicity 1 looks like this:
 0>  8, GEB_TYPE_GT_MOD29    , TS=4655095569
entered bin_mode2: 7/10
updated CCadd with    0.00
total number of hits in array: 0
exit bin_mode2
entered bin_mode3 @ event number: 7 

bin_mode3:  0>  8, GEB_TYPE_GT_MOD29    , TS=4655095569, 0x115771f11; payload length: 440 bytes

---------
new GTheader at pos=0 or 0 words (8):
Event.hdr[ 0]=0x1f36,   7990
Event.hdr[ 1]=0x300a,  12298
Event.hdr[ 2]=0x1f11,   7953
Event.hdr[ 3]=0x1577,   5495
Event.hdr[ 4]=0x0001,      1
Event.hdr[ 5]=0x236d,   9069
Event.hdr[ 6]=0x0e00,   3584
Event.hdr[ 7]=0x0000,      0
Event.hdr[ 8]=0x2105,   8453
Event.hdr[ 9]=0x07c0,   1984
Event.hdr[10]=0x0e00,   3584
Event.hdr[11]=0x0492,   1170
Event.hdr[12]=0x1b68,   7016
Event.hdr[13]=0x0000,      0
Event.len=  44, Event.traceLen=  12 (in Bytes)
Event.len=  22, Event.traceLen=   6 (in 16 bit words)
Event.len=  11, Event.traceLen=   3 (in 32 bit words)
next start: 0xaaaaaaaa, pos= 44
0x1f36 module_id = 31 crystal_id = 0 digitizer_id = 3 chan_id = 6 ge_id = 124 channel = 36  -> is segment
open superpulse_007_00_01.xy at Event.chan_id = 6
open CCpulse_007_00_01.xy at Event.chan_id = 6
ncrystal=1
wrote trace to CCpulse_007_00_01.xy
two's comp tempE  ::       9069       9069 0x0000236d |0000|0000|0000|0000|0010|0011|0110|1101|
rawE              ::       9069       9069 0x0000236d |0000|0000|0000|0000|0010|0011|0110|1101|
rawE (sign change)::       9069       9069 0x0000236d |0000|0000|0000|0000|0010|0011|0110|1101|
Event.ehi=             283 0x0000011b
Event.ehi=28 (gain changed)
Event.LEDts =           4655095569
Event.CFDts =      281457796579340

---------
new GTheader at pos=44 or 22 words (30):
Event.hdr[ 0]=0x1f37,   7991
Event.hdr[ 1]=0x300a,  12298
Event.hdr[ 2]=0x1f11,   7953
Event.hdr[ 3]=0x1577,   5495
Event.hdr[ 4]=0x0001,      1
Event.hdr[ 5]=0x2324,   8996
Event.hdr[ 6]=0x0e00,   3584
Event.hdr[ 7]=0x0000,      0
Event.hdr[ 8]=0x2105,   8453
Event.hdr[ 9]=0x2072,   8306
Event.hdr[10]=0x6c00,  27648
Event.hdr[11]=0x0159,    345
Event.hdr[12]=0xe664,  58980
Event.hdr[13]=0x07ff,   2047
Event.len=  44, Event.traceLen=  12 (in Bytes)
Event.len=  22, Event.traceLen=   6 (in 16 bit words)
Event.len=  11, Event.traceLen=   3 (in 32 bit words)
next start: 0xaaaaaaaa, pos= 88
0x1f37 module_id = 31 crystal_id = 0 digitizer_id = 3 chan_id = 7 ge_id = 124 channel = 37  -> is segment
ncrystal=1
wrote trace to CCpulse_007_00_01.xy
two's comp tempE  ::       8996       8996 0x00002324 |0000|0000|0000|0000|0010|0011|0010|0100|
rawE              ::       8996       8996 0x00002324 |0000|0000|0000|0000|0010|0011|0010|0100|
rawE (sign change)::       8996       8996 0x00002324 |0000|0000|0000|0000|0010|0011|0010|0100|
Event.ehi=             281 0x00000119
Event.ehi=28 (gain changed)
Event.LEDts =           4655095569
Event.CFDts =      281393371152396

---------
new GTheader at pos=88 or 44 words (52):
Event.hdr[ 0]=0x1f38,   7992
Event.hdr[ 1]=0x300a,  12298
Event.hdr[ 2]=0x1f11,   7953
Event.hdr[ 3]=0x1577,   5495
Event.hdr[ 4]=0x0001,      1
Event.hdr[ 5]=0x8e2b,  36395
Event.hdr[ 6]=0x1ff9,   8185
Event.hdr[ 7]=0x0000,      0
Event.hdr[ 8]=0x2105,   8453
Event.hdr[ 9]=0xe65f,  58975
Event.hdr[10]=0x93fc,  37884
Event.hdr[11]=0xf987,  63879
Event.hdr[12]=0xba03,  47619
Event.hdr[13]=0x07f2,   2034
Event.len=  44, Event.traceLen=  12 (in Bytes)
Event.len=  22, Event.traceLen=   6 (in 16 bit words)
Event.len=  11, Event.traceLen=   3 (in 32 bit words)
next start: 0xaaaaaaaa, pos= 132
0x1f38 module_id = 31 crystal_id = 0 digitizer_id = 3 chan_id = 8 ge_id = 124 channel = 38  -> is segment
ncrystal=1
wrote trace to CCpulse_007_00_01.xy
two's comp tempE  ::   16354859   16354859 0x00f98e2b |0000|0000|1111|1001|1000|1110|0010|1011|
rawE              :: 4294544939    -422357 0xfff98e2b |1111|1111|1111|1001|1000|1110|0010|1011|
rawE (sign change)::     422357     422357 0x000671d5 |0000|0000|0000|0110|0111|0001|1101|0101|
Event.ehi=           13198 0x0000338e
Event.ehi=1319 (gain changed)
Event.LEDts =           4655095569
Event.CFDts =         356489625612

---------
new GTheader at pos=132 or 66 words (74):
Event.hdr[ 0]=0x1f39,   7993
Event.hdr[ 1]=0x300a,  12298
Event.hdr[ 2]=0x1f11,   7953
Event.hdr[ 3]=0x1577,   5495
Event.hdr[ 4]=0x0001,      1
Event.hdr[ 5]=0x0000,      0
Event.hdr[ 6]=0x0e00,   3584
Event.hdr[ 7]=0x0000,      0
Event.hdr[ 8]=0x2105,   8453
Event.hdr[ 9]=0xfaad,  64173
Event.hdr[10]=0xe1ff,  57855
Event.hdr[11]=0x1954,   6484
Event.hdr[12]=0xdc08,  56328
Event.hdr[13]=0x07ff,   2047
Event.len=  44, Event.traceLen=  12 (in Bytes)
Event.len=  22, Event.traceLen=   6 (in 16 bit words)
Event.len=  11, Event.traceLen=   3 (in 32 bit words)
next start: 0xaaaaaaaa, pos= 176
0x1f39 module_id = 31 crystal_id = 0 digitizer_id = 3 chan_id = 9 ge_id = 124 channel = 39  -> is CC
ncrystal=1
wrote trace to CCpulse_007_00_01.xy
two's comp tempE  ::          0          0 0x00000000 |0000|0000|0000|0000|0000|0000|0000|0000|
rawE              ::          0          0 0x00000000 |0000|0000|0000|0000|0000|0000|0000|0000|
rawE (sign change)::          0          0 0x00000000 |0000|0000|0000|0000|0000|0000|0000|0000|
Event.ehi=               0 0x00000000
Event.ehi=0 (gain changed)
Event.LEDts =           4655095569
Event.CFDts =         274882166796

---------
new GTheader at pos=176 or 88 words (96):
Event.hdr[ 0]=0x1f30,   7984
Event.hdr[ 1]=0x300a,  12298
Event.hdr[ 2]=0x1f11,   7953
Event.hdr[ 3]=0x1577,   5495
Event.hdr[ 4]=0x0001,      1
Event.hdr[ 5]=0x2afc,  11004
Event.hdr[ 6]=0x4e0b,  19979
Event.hdr[ 7]=0x0000,      0
Event.hdr[ 8]=0x2105,   8453
Event.hdr[ 9]=0x2a5a,  10842
Event.hdr[10]=0x9a0b,  39435
Event.hdr[11]=0x1834,   6196
Event.hdr[12]=0x9218,  37400
Event.hdr[13]=0x002f,     47
Event.len=  44, Event.traceLen=  12 (in Bytes)
Event.len=  22, Event.traceLen=   6 (in 16 bit words)
Event.len=  11, Event.traceLen=   3 (in 32 bit words)
next start: 0xaaaaaaaa, pos= 220
0x1f30 module_id = 31 crystal_id = 0 digitizer_id = 3 chan_id = 0 ge_id = 124 channel = 30  -> is segment
ncrystal=1
wrote trace to CCpulse_007_00_01.xy
two's comp tempE  ::     731900     731900 0x000b2afc |0000|0000|0000|1011|0010|1010|1111|1100|
rawE              ::     731900     731900 0x000b2afc |0000|0000|0000|1011|0010|1010|1111|1100|
rawE (sign change)::     731900     731900 0x000b2afc |0000|0000|0000|1011|0010|1010|1111|1100|
Event.ehi=           22871 0x00005957
Event.ehi=2287 (gain changed)
Event.LEDts =           4655095569
Event.CFDts =      266171774599180

---------
new GTheader at pos=220 or 110 words (118):
Event.hdr[ 0]=0x1f31,   7985
Event.hdr[ 1]=0x300a,  12298
Event.hdr[ 2]=0x1f11,   7953
Event.hdr[ 3]=0x1577,   5495
Event.hdr[ 4]=0x0001,      1
Event.hdr[ 5]=0x0239,    569
Event.hdr[ 6]=0x0e00,   3584
Event.hdr[ 7]=0x0000,      0
Event.hdr[ 8]=0x2105,   8453
Event.hdr[ 9]=0xeca0,  60576
Event.hdr[10]=0x2dff,  11775
Event.hdr[11]=0x10e2,   4322
Event.hdr[12]=0x6a48,  27208
Event.hdr[13]=0x0028,     40
Event.len=  44, Event.traceLen=  12 (in Bytes)
Event.len=  22, Event.traceLen=   6 (in 16 bit words)
Event.len=  11, Event.traceLen=   3 (in 32 bit words)
next start: 0xaaaaaaaa, pos= 264
0x1f31 module_id = 31 crystal_id = 0 digitizer_id = 3 chan_id = 1 ge_id = 124 channel = 31  -> is segment
ncrystal=1
wrote trace to CCpulse_007_00_01.xy
two's comp tempE  ::        569        569 0x00000239 |0000|0000|0000|0000|0000|0010|0011|1001|
rawE              ::        569        569 0x00000239 |0000|0000|0000|0000|0000|0010|0011|1001|
rawE (sign change)::        569        569 0x00000239 |0000|0000|0000|0000|0000|0010|0011|1001|
Event.ehi=              17 0x00000011
Event.ehi=1 (gain changed)
Event.LEDts =           4655095569
Event.CFDts =      281264520232972

---------
new GTheader at pos=264 or 132 words (140):
Event.hdr[ 0]=0x1f32,   7986
Event.hdr[ 1]=0x300a,  12298
Event.hdr[ 2]=0x1f11,   7953
Event.hdr[ 3]=0x1577,   5495
Event.hdr[ 4]=0x0001,      1
Event.hdr[ 5]=0x0f6a,   3946
Event.hdr[ 6]=0x0e00,   3584
Event.hdr[ 7]=0x0000,      0
Event.hdr[ 8]=0x2105,   8453
Event.hdr[ 9]=0xfb8a,  64394
Event.hdr[10]=0x85ff,  34303
Event.hdr[11]=0x0035,     53
Event.hdr[12]=0x93b8,  37816
Event.hdr[13]=0x07ff,   2047
Event.len=  44, Event.traceLen=  12 (in Bytes)
Event.len=  22, Event.traceLen=   6 (in 16 bit words)
Event.len=  11, Event.traceLen=   3 (in 32 bit words)
next start: 0xaaaaaaaa, pos= 308
0x1f32 module_id = 31 crystal_id = 0 digitizer_id = 3 chan_id = 2 ge_id = 124 channel = 32  -> is segment
ncrystal=1
wrote trace to CCpulse_007_00_01.xy
two's comp tempE  ::       3946       3946 0x00000f6a |0000|0000|0000|0000|0000|1111|0110|1010|
rawE              ::       3946       3946 0x00000f6a |0000|0000|0000|0000|0000|1111|0110|1010|
rawE (sign change)::       3946       3946 0x00000f6a |0000|0000|0000|0000|0000|1111|0110|1010|
Event.ehi=             123 0x0000007b
Event.ehi=12 (gain changed)
Event.LEDts =           4655095569
Event.CFDts =      281414846251020

---------
new GTheader at pos=308 or 154 words (162):
Event.hdr[ 0]=0x1f33,   7987
Event.hdr[ 1]=0x300a,  12298
Event.hdr[ 2]=0x1f11,   7953
Event.hdr[ 3]=0x1577,   5495
Event.hdr[ 4]=0x0001,      1
Event.hdr[ 5]=0x465c,  18012
Event.hdr[ 6]=0x4e0c,  19980
Event.hdr[ 7]=0x0000,      0
Event.hdr[ 8]=0x2105,   8453
Event.hdr[ 9]=0x4545,  17733
Event.hdr[10]=0x660c,  26124
Event.hdr[11]=0x15fc,   5628
Event.hdr[12]=0x9e74,  40564
Event.hdr[13]=0x002d,     45
Event.len=  44, Event.traceLen=  12 (in Bytes)
Event.len=  22, Event.traceLen=   6 (in 16 bit words)
Event.len=  11, Event.traceLen=   3 (in 32 bit words)
next start: 0xaaaaaaaa, pos= 352
0x1f33 module_id = 31 crystal_id = 0 digitizer_id = 3 chan_id = 3 ge_id = 124 channel = 33  -> is segment
ncrystal=1
wrote trace to CCpulse_007_00_01.xy
two's comp tempE  ::     804444     804444 0x000c465c |0000|0000|0000|1100|0100|0110|0101|1100|
rawE              ::     804444     804444 0x000c465c |0000|0000|0000|1100|0100|0110|0101|1100|
rawE (sign change)::     804444     804444 0x000c465c |0000|0000|0000|1100|0100|0110|0101|1100|
Event.ehi=           25138 0x00006232
Event.ehi=2513 (gain changed)
Event.LEDts =           4655095569
Event.CFDts =      264677103304716

---------
new GTheader at pos=352 or 176 words (184):
Event.hdr[ 0]=0x1f34,   7988
Event.hdr[ 1]=0x300a,  12298
Event.hdr[ 2]=0x1f11,   7953
Event.hdr[ 3]=0x1577,   5495
Event.hdr[ 4]=0x0001,      1
Event.hdr[ 5]=0x0022,     34
Event.hdr[ 6]=0x0e00,   3584
Event.hdr[ 7]=0x0000,      0
Event.hdr[ 8]=0x2105,   8453
Event.hdr[ 9]=0xffef,  65519
Event.hdr[10]=0x17ff,   6143
Event.hdr[11]=0x0000,      0
Event.hdr[12]=0xfec8,  65224
Event.hdr[13]=0x07ff,   2047
Event.len=  44, Event.traceLen=  12 (in Bytes)
Event.len=  22, Event.traceLen=   6 (in 16 bit words)
Event.len=  11, Event.traceLen=   3 (in 32 bit words)
next start: 0xaaaaaaaa, pos= 396
0x1f34 module_id = 31 crystal_id = 0 digitizer_id = 3 chan_id = 4 ge_id = 124 channel = 34  -> is segment
ncrystal=1
wrote trace to CCpulse_007_00_01.xy
two's comp tempE  ::         34         34 0x00000022 |0000|0000|0000|0000|0000|0000|0010|0010|
rawE              ::         34         34 0x00000022 |0000|0000|0000|0000|0000|0000|0010|0010|
rawE (sign change)::         34         34 0x00000022 |0000|0000|0000|0000|0000|0000|0010|0010|
Event.ehi=               1 0x00000001
Event.ehi=0 (gain changed)
Event.LEDts =           4655095569
Event.CFDts =         257701969932

---------
new GTheader at pos=396 or 198 words (206):
Event.hdr[ 0]=0x1f35,   7989
Event.hdr[ 1]=0x300a,  12298
Event.hdr[ 2]=0x1f11,   7953
Event.hdr[ 3]=0x1577,   5495
Event.hdr[ 4]=0x0001,      1
Event.hdr[ 5]=0xd07c,  53372
Event.hdr[ 6]=0x4e07,  19975
Event.hdr[ 7]=0x0000,      0
Event.hdr[ 8]=0x2105,   8453
Event.hdr[ 9]=0xcf50,  53072
Event.hdr[10]=0x2807,  10247
Event.hdr[11]=0x136c,   4972
Event.hdr[12]=0x54dc,  21724
Event.hdr[13]=0x0020,     32
Event.len=  44, Event.traceLen=  12 (in Bytes)
Event.len=  22, Event.traceLen=   6 (in 16 bit words)
Event.len=  11, Event.traceLen=   3 (in 32 bit words)
0x1f35 module_id = 31 crystal_id = 0 digitizer_id = 3 chan_id = 5 ge_id = 124 channel = 35  -> is segment
ncrystal=1
wrote trace to CCpulse_007_00_01.xy
two's comp tempE  ::     512124     512124 0x0007d07c |0000|0000|0000|0111|1101|0000|0111|1100|
rawE              ::     512124     512124 0x0007d07c |0000|0000|0000|0111|1101|0000|0111|1100|
rawE (sign change)::     512124     512124 0x0007d07c |0000|0000|0000|0111|1101|0000|0111|1100|
Event.ehi=           16003 0x00003e83
Event.ehi=1600 (gain changed)
Event.LEDts =           4655095569
Event.CFDts =      270630018613260
exit bin_mode3
*end of event # 7
+++++++++++++++++++++++++++++++
ev#     7 GEB_TYPE_GT_MOD29      440Bytes TS=4655100227 curTS=4655099899 dTS= 328
GEBGetEv returned st=0
we have read 5232 bytes; CurEvNo=8

+++++++++++++++++++++++++++++++
*start event # 8 with multiplicity 1 looks like this:
 0>  1, GEB_TYPE_DECOMP      , TS=4655099899
entered bin_mode2: 8/10
ptinp->pad= 6, (ptinp->pad&0x000000ff)= 6
updated CCadd with    0.00
total number of hits in array: 0
exit bin_mode2
entered bin_mode3 @ event number: 8 
exit bin_mode3
*end of event # 8
+++++++++++++++++++++++++++++++
ev#     8 GEB_TYPE_DECOMP        464Bytes TS=4655118171 curTS=4655100227 dTS= 17944
GEBGetEv returned st=0
we have read 5712 bytes; CurEvNo=9

+++++++++++++++++++++++++++++++
*start event # 9 with multiplicity 1 looks like this:
 0>  8, GEB_TYPE_GT_MOD29    , TS=4655100227
entered bin_mode2: 9/10
updated CCadd with    0.00
total number of hits in array: 0
exit bin_mode2
entered bin_mode3 @ event number: 9 

bin_mode3:  0>  8, GEB_TYPE_GT_MOD29    , TS=4655100227, 0x115773143; payload length: 440 bytes

---------
new GTheader at pos=0 or 0 words (8):
Event.hdr[ 0]=0x1f32,   7986
Event.hdr[ 1]=0x300a,  12298
Event.hdr[ 2]=0x3143,  12611
Event.hdr[ 3]=0x1577,   5495
Event.hdr[ 4]=0x0001,      1
Event.hdr[ 5]=0x1e00,   7680
Event.hdr[ 6]=0x0e00,   3584
Event.hdr[ 7]=0x1231,   4657
Event.hdr[ 8]=0x0000,      0
Event.hdr[ 9]=0xf0ea,  61674
Event.hdr[10]=0x15ff,   5631
Event.hdr[11]=0xfff7,  65527
Event.hdr[12]=0x6b0b,  27403
Event.hdr[13]=0x0000,      0
Event.len=  44, Event.traceLen=  12 (in Bytes)
Event.len=  22, Event.traceLen=   6 (in 16 bit words)
Event.len=  11, Event.traceLen=   3 (in 32 bit words)
next start: 0xaaaaaaaa, pos= 44
0x1f32 module_id = 31 crystal_id = 0 digitizer_id = 3 chan_id = 2 ge_id = 124 channel = 32  -> is segment
open superpulse_009_00_01.xy at Event.chan_id = 2
open CCpulse_009_00_01.xy at Event.chan_id = 2
ncrystal=1
wrote trace to CCpulse_009_00_01.xy
two's comp tempE  ::       7680       7680 0x00001e00 |0000|0000|0000|0000|0001|1110|0000|0000|
rawE              ::       7680       7680 0x00001e00 |0000|0000|0000|0000|0001|1110|0000|0000|
rawE (sign change)::       7680       7680 0x00001e00 |0000|0000|0000|0000|0001|1110|0000|0000|
Event.ehi=             240 0x000000f0
Event.ehi=24 (gain changed)
Event.LEDts =           4655100227
Event.CFDts =      281432025858060

---------
new GTheader at pos=44 or 22 words (30):
Event.hdr[ 0]=0x1f33,   7987
Event.hdr[ 1]=0x300a,  12298
Event.hdr[ 2]=0x3143,  12611
Event.hdr[ 3]=0x1577,   5495
Event.hdr[ 4]=0x0001,      1
Event.hdr[ 5]=0x1cfc,   7420
Event.hdr[ 6]=0x4e0c,  19980
Event.hdr[ 7]=0x1231,   4657
Event.hdr[ 8]=0x0000,      0
Event.hdr[ 9]=0x1c8e,   7310
Event.hdr[10]=0x8a0c,  35340
Event.hdr[11]=0x188a,   6282
Event.hdr[12]=0xf8cc,  63692
Event.hdr[13]=0x002b,     43
Event.len=  44, Event.traceLen=  12 (in Bytes)
Event.len=  22, Event.traceLen=   6 (in 16 bit words)
Event.len=  11, Event.traceLen=   3 (in 32 bit words)
next start: 0xaaaaaaaa, pos= 88
0x1f33 module_id = 31 crystal_id = 0 digitizer_id = 3 chan_id = 3 ge_id = 124 channel = 33  -> is segment
ncrystal=1
wrote trace to CCpulse_009_00_01.xy
two's comp tempE  ::     793852     793852 0x000c1cfc |0000|0000|0000|1100|0001|1100|1111|1100|
rawE              ::     793852     793852 0x000c1cfc |0000|0000|0000|1100|0001|1100|1111|1100|
rawE (sign change)::     793852     793852 0x000c1cfc |0000|0000|0000|1100|0001|1100|1111|1100|
Event.ehi=           24807 0x000060e7
Event.ehi=2480 (gain changed)
Event.LEDts =           4655100227
Event.CFDts =      264810249453580

---------
new GTheader at pos=88 or 44 words (52):
Event.hdr[ 0]=0x1f34,   7988
Event.hdr[ 1]=0x300a,  12298
Event.hdr[ 2]=0x3143,  12611
Event.hdr[ 3]=0x1577,   5495
Event.hdr[ 4]=0x0001,      1
Event.hdr[ 5]=0x0055,     85
Event.hdr[ 6]=0x0e00,   3584
Event.hdr[ 7]=0x1231,   4657
Event.hdr[ 8]=0x0000,      0
Event.hdr[ 9]=0xfffe,  65534
Event.hdr[10]=0xdfff,  57343
Event.hdr[11]=0xffff,  65535
Event.hdr[12]=0x002f,     47
Event.hdr[13]=0x0000,      0
Event.len=  44, Event.traceLen=  12 (in Bytes)
Event.len=  22, Event.traceLen=   6 (in 16 bit words)
Event.len=  11, Event.traceLen=   3 (in 32 bit words)
next start: 0xaaaaaaaa, pos= 132
0x1f34 module_id = 31 crystal_id = 0 digitizer_id = 3 chan_id = 4 ge_id = 124 channel = 34  -> is segment
ncrystal=1
wrote trace to CCpulse_009_00_01.xy
two's comp tempE  ::         85         85 0x00000055 |0000|0000|0000|0000|0000|0000|0101|0101|
rawE              ::         85         85 0x00000055 |0000|0000|0000|0000|0000|0000|0101|0101|
rawE (sign change)::         85         85 0x00000055 |0000|0000|0000|0000|0000|0000|0101|0101|
Event.ehi=               2 0x00000002
Event.ehi=0 (gain changed)
Event.LEDts =           4655100227
Event.CFDts =         244817133580

---------
new GTheader at pos=132 or 66 words (74):
Event.hdr[ 0]=0x1f35,   7989
Event.hdr[ 1]=0x300a,  12298
Event.hdr[ 2]=0x3143,  12611
Event.hdr[ 3]=0x1577,   5495
Event.hdr[ 4]=0x0001,      1
Event.hdr[ 5]=0x2e26,  11814
Event.hdr[ 6]=0x4e0a,  19978
Event.hdr[ 7]=0x1231,   4657
Event.hdr[ 8]=0x0000,      0
Event.hdr[ 9]=0x2c9b,  11419
Event.hdr[10]=0xa00a,  40970
Event.hdr[11]=0x0f9e,   3998
Event.hdr[12]=0xd850,  55376
Event.hdr[13]=0x0026,     38
Event.len=  44, Event.traceLen=  12 (in Bytes)
Event.len=  22, Event.traceLen=   6 (in 16 bit words)
Event.len=  11, Event.traceLen=   3 (in 32 bit words)
next start: 0xaaaaaaaa, pos= 176
0x1f35 module_id = 31 crystal_id = 0 digitizer_id = 3 chan_id = 5 ge_id = 124 channel = 35  -> is segment
ncrystal=1
wrote trace to CCpulse_009_00_01.xy
two's comp tempE  ::     667174     667174 0x000a2e26 |0000|0000|0000|1010|0010|1110|0010|0110|
rawE              ::     667174     667174 0x000a2e26 |0000|0000|0000|1010|0010|1110|0010|0110|
rawE (sign change)::     667174     667174 0x000a2e26 |0000|0000|0000|1010|0010|1110|0010|0110|
Event.ehi=           20849 0x00005171
Event.ehi=2084 (gain changed)
Event.LEDts =           4655100227
Event.CFDts =      267335728627724

---------
new GTheader at pos=176 or 88 words (96):
Event.hdr[ 0]=0x1f36,   7990
Event.hdr[ 1]=0x300a,  12298
Event.hdr[ 2]=0x3143,  12611
Event.hdr[ 3]=0x1577,   5495
Event.hdr[ 4]=0x0001,      1
Event.hdr[ 5]=0x21f0,   8688
Event.hdr[ 6]=0x0e00,   3584
Event.hdr[ 7]=0x1231,   4657
Event.hdr[ 8]=0x0000,      0
Event.hdr[ 9]=0x01db,    475
Event.hdr[10]=0x8000,  32768
Event.hdr[11]=0x000f,     15
Event.hdr[12]=0x241c,   9244
Event.hdr[13]=0x0009,      9
Event.len=  44, Event.traceLen=  12 (in Bytes)
Event.len=  22, Event.traceLen=   6 (in 16 bit words)
Event.len=  11, Event.traceLen=   3 (in 32 bit words)
next start: 0xaaaaaaaa, pos= 220
0x1f36 module_id = 31 crystal_id = 0 digitizer_id = 3 chan_id = 6 ge_id = 124 channel = 36  -> is segment
ncrystal=1
wrote trace to CCpulse_009_00_01.xy
two's comp tempE  ::       8688       8688 0x000021f0 |0000|0000|0000|0000|0010|0001|1111|0000|
rawE              ::       8688       8688 0x000021f0 |0000|0000|0000|0000|0010|0001|1111|0000|
rawE (sign change)::       8688       8688 0x000021f0 |0000|0000|0000|0000|0010|0001|1111|0000|
Event.ehi=             271 0x0000010f
Event.ehi=27 (gain changed)
Event.LEDts =           4655100227
Event.CFDts =      281350420824076

---------
new GTheader at pos=220 or 110 words (118):
Event.hdr[ 0]=0x1f37,   7991
Event.hdr[ 1]=0x300a,  12298
Event.hdr[ 2]=0x3143,  12611
Event.hdr[ 3]=0x1577,   5495
Event.hdr[ 4]=0x0001,      1
Event.hdr[ 5]=0x24be,   9406
Event.hdr[ 6]=0x0e00,   3584
Event.hdr[ 7]=0x1231,   4657
Event.hdr[ 8]=0x0000,      0
Event.hdr[ 9]=0x02b7,    695
Event.hdr[10]=0xe400,  58368
Event.hdr[11]=0x0040,     64
Event.hdr[12]=0xb2d8,  45784
Event.hdr[13]=0x0002,      2
Event.len=  44, Event.traceLen=  12 (in Bytes)
Event.len=  22, Event.traceLen=   6 (in 16 bit words)
Event.len=  11, Event.traceLen=   3 (in 32 bit words)
next start: 0xaaaaaaaa, pos= 264
0x1f37 module_id = 31 crystal_id = 0 digitizer_id = 3 chan_id = 7 ge_id = 124 channel = 37  -> is segment
ncrystal=1
wrote trace to CCpulse_009_00_01.xy
two's comp tempE  ::       9406       9406 0x000024be |0000|0000|0000|0000|0010|0100|1011|1110|
rawE              ::       9406       9406 0x000024be |0000|0000|0000|0000|0010|0100|1011|1110|
rawE (sign change)::       9406       9406 0x000024be |0000|0000|0000|0000|0010|0100|1011|1110|
Event.ehi=             293 0x00000125
Event.ehi=29 (gain changed)
Event.LEDts =           4655100227
Event.CFDts =      281346125463564

---------
new GTheader at pos=264 or 132 words (140):
Event.hdr[ 0]=0x1f38,   7992
Event.hdr[ 1]=0x300a,  12298
Event.hdr[ 2]=0x3143,  12611
Event.hdr[ 3]=0x1577,   5495
Event.hdr[ 4]=0x0001,      1
Event.hdr[ 5]=0x8c28,  35880
Event.hdr[ 6]=0x1ff9,   8185
Event.hdr[ 7]=0x1231,   4657
Event.hdr[ 8]=0x0000,      0
Event.hdr[ 9]=0xe090,  57488
Event.hdr[10]=0xbffc,  49148
Event.hdr[11]=0xf9cc,  63948
Event.hdr[12]=0x0f27,   3879
Event.hdr[13]=0x07f3,   2035
Event.len=  44, Event.traceLen=  12 (in Bytes)
Event.len=  22, Event.traceLen=   6 (in 16 bit words)
Event.len=  11, Event.traceLen=   3 (in 32 bit words)
next start: 0xaaaaaaaa, pos= 308
0x1f38 module_id = 31 crystal_id = 0 digitizer_id = 3 chan_id = 8 ge_id = 124 channel = 38  -> is segment
ncrystal=1
wrote trace to CCpulse_009_00_01.xy
two's comp tempE  ::   16354344   16354344 0x00f98c28 |0000|0000|1111|1001|1000|1100|0010|1000|
rawE              :: 4294544424    -422872 0xfff98c28 |1111|1111|1111|1001|1000|1100|0010|1000|
rawE (sign change)::     422872     422872 0x000673d8 |0000|0000|0000|0110|0111|0011|1101|1000|
Event.ehi=           13214 0x0000339e
Event.ehi=1321 (gain changed)
Event.LEDts =           4655100227
Event.CFDts =         386554986508

---------
new GTheader at pos=308 or 154 words (162):
Event.hdr[ 0]=0x1f39,   7993
Event.hdr[ 1]=0x300a,  12298
Event.hdr[ 2]=0x3143,  12611
Event.hdr[ 3]=0x1577,   5495
Event.hdr[ 4]=0x0001,      1
Event.hdr[ 5]=0xff03,  65283
Event.hdr[ 6]=0x4e0c,  19980
Event.hdr[ 7]=0x1231,   4657
Event.hdr[ 8]=0x0000,      0
Event.hdr[ 9]=0xfd08,  64776
Event.hdr[10]=0x5a0c,  23052
Event.hdr[11]=0xfff5,  65525
Event.hdr[12]=0xa9c3,  43459
Event.hdr[13]=0x0032,     50
Event.len=  44, Event.traceLen=  12 (in Bytes)
Event.len=  22, Event.traceLen=   6 (in 16 bit words)
Event.len=  11, Event.traceLen=   3 (in 32 bit words)
next start: 0xaaaaaaaa, pos= 352
0x1f39 module_id = 31 crystal_id = 0 digitizer_id = 3 chan_id = 9 ge_id = 124 channel = 39  -> is CC
ncrystal=1
wrote trace to CCpulse_009_00_01.xy
two's comp tempE  ::     851715     851715 0x000cff03 |0000|0000|0000|1100|1111|1111|0000|0011|
rawE              ::     851715     851715 0x000cff03 |0000|0000|0000|1100|1111|1111|0000|0011|
rawE (sign change)::     851715     851715 0x000cff03 |0000|0000|0000|1100|1111|1111|0000|0011|
Event.ehi=           26616 0x000067f8
Event.ehi=2661 (gain changed)
Event.LEDts =           4655100227
Event.CFDts =       17691240038412

---------
new GTheader at pos=352 or 176 words (184):
Event.hdr[ 0]=0x1f30,   7984
Event.hdr[ 1]=0x300a,  12298
Event.hdr[ 2]=0x3143,  12611
Event.hdr[ 3]=0x1577,   5495
Event.hdr[ 4]=0x0001,      1
Event.hdr[ 5]=0x3029,  12329
Event.hdr[ 6]=0x4e0b,  19979
Event.hdr[ 7]=0x1231,   4657
Event.hdr[ 8]=0x0000,      0
Event.hdr[ 9]=0x2fc2,  12226
Event.hdr[10]=0xb40b,  46091
Event.hdr[11]=0x1654,   5716
Event.hdr[12]=0x6934,  26932
Event.hdr[13]=0x0030,     48
Event.len=  44, Event.traceLen=  12 (in Bytes)
Event.len=  22, Event.traceLen=   6 (in 16 bit words)
Event.len=  11, Event.traceLen=   3 (in 32 bit words)
next start: 0xaaaaaaaa, pos= 396
0x1f30 module_id = 31 crystal_id = 0 digitizer_id = 3 chan_id = 0 ge_id = 124 channel = 30  -> is segment
ncrystal=1
wrote trace to CCpulse_009_00_01.xy
two's comp tempE  ::     733225     733225 0x000b3029 |0000|0000|0000|1011|0011|0000|0010|1001|
rawE              ::     733225     733225 0x000b3029 |0000|0000|0000|1011|0011|0000|0010|1001|
rawE (sign change)::     733225     733225 0x000b3029 |0000|0000|0000|1011|0011|0000|0010|1001|
Event.ehi=           22913 0x00005981
Event.ehi=2291 (gain changed)
Event.LEDts =           4655100227
Event.CFDts =      266064399106060

---------
new GTheader at pos=396 or 198 words (206):
Event.hdr[ 0]=0x1f31,   7985
Event.hdr[ 1]=0x300a,  12298
Event.hdr[ 2]=0x3143,  12611
Event.hdr[ 3]=0x1577,   5495
Event.hdr[ 4]=0x0001,      1
Event.hdr[ 5]=0xe202,  57858
Event.hdr[ 6]=0x4e07,  19975
Event.hdr[ 7]=0x1231,   4657
Event.hdr[ 8]=0x0000,      0
Event.hdr[ 9]=0xe0f1,  57585
Event.hdr[10]=0x4007,  16391
Event.hdr[11]=0xffd9,  65497
Event.hdr[12]=0xc45b,  50267
Event.hdr[13]=0x0021,     33
Event.len=  44, Event.traceLen=  12 (in Bytes)
Event.len=  22, Event.traceLen=   6 (in 16 bit words)
Event.len=  11, Event.traceLen=   3 (in 32 bit words)
0x1f31 module_id = 31 crystal_id = 0 digitizer_id = 3 chan_id = 1 ge_id = 124 channel = 31  -> is segment
ncrystal=1
wrote trace to CCpulse_009_00_01.xy
two's comp tempE  ::     516610     516610 0x0007e202 |0000|0000|0000|0111|1110|0010|0000|0010|
rawE              ::     516610     516610 0x0007e202 |0000|0000|0000|0111|1110|0010|0000|0010|
rawE (sign change)::     516610     516610 0x0007e202 |0000|0000|0000|0111|1110|0010|0000|0010|
Event.ehi=           16144 0x00003f10
Event.ehi=1614 (gain changed)
Event.LEDts =           4655100227
Event.CFDts =      270840475418636
exit bin_mode3
*end of event # 9
+++++++++++++++++++++++++++++++
ev#     9 GEB_TYPE_GT_MOD29      440Bytes TS=4655118247 curTS=4655118171 dTS= 76
ev#     9 GEB_TYPE_DECOMP        464Bytes TS=4655118281 curTS=4655118171 dTS= 110
ev#     9 GEB_TYPE_DECOMP        464Bytes TS=4655130391 curTS=4655118171 dTS= 12220
GEBGetEv returned st=0
we have read 7128 bytes; CurEvNo=10

+++++++++++++++++++++++++++++++
*start event # 10 with multiplicity 3 looks like this:
 0>  1, GEB_TYPE_DECOMP      , TS=4655118171
 1>  8, GEB_TYPE_GT_MOD29    , TS=4655118247
 2>  1, GEB_TYPE_DECOMP      , TS=4655118281
entered bin_mode2: 10/10
ptinp->pad= 6, (ptinp->pad&0x000000ff)= 6
ptinp->pad= 6, (ptinp->pad&0x000000ff)= 6
updated CCadd with    0.00
total number of hits in array: 0
exit bin_mode2
entered bin_mode3 @ event number: 10 

bin_mode3:  1>  8, GEB_TYPE_GT_MOD29    , TS=4655118247, 0x1157777a7; payload length: 440 bytes

---------
new GTheader at pos=0 or 0 words (8):
Event.hdr[ 0]=0x1f30,   7984
Event.hdr[ 1]=0x300a,  12298
Event.hdr[ 2]=0x77a7,  30631
Event.hdr[ 3]=0x1577,   5495
Event.hdr[ 4]=0x0001,      1
Event.hdr[ 5]=0x9246,  37446
Event.hdr[ 6]=0x4e0b,  19979
Event.hdr[ 7]=0x4663,  18019
Event.hdr[ 8]=0x1231,   4657
Event.hdr[ 9]=0x91c3,  37315
Event.hdr[10]=0x840b,  33803
Event.hdr[11]=0x165f,   5727
Event.hdr[12]=0xa968,  43368
Event.hdr[13]=0x002c,     44
Event.len=  44, Event.traceLen=  12 (in Bytes)
Event.len=  22, Event.traceLen=   6 (in 16 bit words)
Event.len=  11, Event.traceLen=   3 (in 32 bit words)
next start: 0xaaaaaaaa, pos= 44
0x1f30 module_id = 31 crystal_id = 0 digitizer_id = 3 chan_id = 0 ge_id = 124 channel = 30  -> is segment
open superpulse_010_01_01.xy at Event.chan_id = 0
open CCpulse_010_01_01.xy at Event.chan_id = 0
ncrystal=1
wrote trace to CCpulse_010_01_01.xy
two's comp tempE  ::     758342     758342 0x000b9246 |0000|0000|0000|1011|1001|0010|0100|0110|
rawE              ::     758342     758342 0x000b9246 |0000|0000|0000|1011|1001|0010|0100|0110|
rawE (sign change)::     758342     758342 0x000b9246 |0000|0000|0000|1011|1001|0010|0100|0110|
Event.ehi=           23698 0x00005c92
Event.ehi=2369 (gain changed)
Event.LEDts =           4655118247
Event.CFDts =      265501750263820

---------
new GTheader at pos=44 or 22 words (30):
Event.hdr[ 0]=0x1f31,   7985
Event.hdr[ 1]=0x300a,  12298
Event.hdr[ 2]=0x77a7,  30631
Event.hdr[ 3]=0x1577,   5495
Event.hdr[ 4]=0x0001,      1
Event.hdr[ 5]=0xbb13,  47891
Event.hdr[ 6]=0x4e08,  19976
Event.hdr[ 7]=0x4663,  18019
Event.hdr[ 8]=0x1231,   4657
Event.hdr[ 9]=0xb976,  47478
Event.hdr[10]=0xe208,  57864
Event.hdr[11]=0x0fc1,   4033
Event.hdr[12]=0xb280,  45696
Event.hdr[13]=0x07ff,   2047
Event.len=  44, Event.traceLen=  12 (in Bytes)
Event.len=  22, Event.traceLen=   6 (in 16 bit words)
Event.len=  11, Event.traceLen=   3 (in 32 bit words)
next start: 0xaaaaaaaa, pos= 88
0x1f31 module_id = 31 crystal_id = 0 digitizer_id = 3 chan_id = 1 ge_id = 124 channel = 31  -> is segment
ncrystal=1
wrote trace to CCpulse_010_01_01.xy
two's comp tempE  ::     572179     572179 0x0008bb13 |0000|0000|0000|1000|1011|1011|0001|0011|
rawE              ::     572179     572179 0x0008bb13 |0000|0000|0000|1000|1011|1011|0001|0011|
rawE (sign change)::     572179     572179 0x0008bb13 |0000|0000|0000|1000|1011|1011|0001|0011|
Event.ehi=           17880 0x000045d8
Event.ehi=1788 (gain changed)
Event.LEDts =           4655118247
Event.CFDts =      269732357275660

---------
new GTheader at pos=88 or 44 words (52):
Event.hdr[ 0]=0x1f32,   7986
Event.hdr[ 1]=0x300a,  12298
Event.hdr[ 2]=0x77a7,  30631
Event.hdr[ 3]=0x1577,   5495
Event.hdr[ 4]=0x0001,      1
Event.hdr[ 5]=0x726d,  29293
Event.hdr[ 6]=0x0e00,   3584
Event.hdr[ 7]=0x4663,  18019
Event.hdr[ 8]=0x1231,   4657
Event.hdr[ 9]=0x1033,   4147
Event.hdr[10]=0xd400,  54272
Event.hdr[11]=0xffe1,  65505
Event.hdr[12]=0xee2b,  60971
Event.hdr[13]=0x07ff,   2047
Event.len=  44, Event.traceLen=  12 (in Bytes)
Event.len=  22, Event.traceLen=   6 (in 16 bit words)
Event.len=  11, Event.traceLen=   3 (in 32 bit words)
next start: 0xaaaaaaaa, pos= 132
0x1f32 module_id = 31 crystal_id = 0 digitizer_id = 3 chan_id = 2 ge_id = 124 channel = 32  -> is segment
ncrystal=1
wrote trace to CCpulse_010_01_01.xy
two's comp tempE  ::      29293      29293 0x0000726d |0000|0000|0000|0000|0111|0010|0110|1101|
rawE              ::      29293      29293 0x0000726d |0000|0000|0000|0000|0111|0010|0110|1101|
rawE (sign change)::      29293      29293 0x0000726d |0000|0000|0000|0000|0111|0010|0110|1101|
Event.ehi=             915 0x00000393
Event.ehi=91 (gain changed)
Event.LEDts =           4655118247
Event.CFDts =          12885360652

---------
new GTheader at pos=132 or 66 words (74):
Event.hdr[ 0]=0x1f33,   7987
Event.hdr[ 1]=0x300a,  12298
Event.hdr[ 2]=0x77a7,  30631
Event.hdr[ 3]=0x1577,   5495
Event.hdr[ 4]=0x0001,      1
Event.hdr[ 5]=0x5038,  20536
Event.hdr[ 6]=0x4e0b,  19979
Event.hdr[ 7]=0x4663,  18019
Event.hdr[ 8]=0x1231,   4657
Event.hdr[ 9]=0x4f77,  20343
Event.hdr[10]=0x1c0b,   7179
Event.hdr[11]=0x1839,   6201
Event.hdr[12]=0x1514,   5396
Event.hdr[13]=0x0031,     49
Event.len=  44, Event.traceLen=  12 (in Bytes)
Event.len=  22, Event.traceLen=   6 (in 16 bit words)
Event.len=  11, Event.traceLen=   3 (in 32 bit words)
next start: 0xaaaaaaaa, pos= 176
0x1f33 module_id = 31 crystal_id = 0 digitizer_id = 3 chan_id = 3 ge_id = 124 channel = 33  -> is segment
ncrystal=1
wrote trace to CCpulse_010_01_01.xy
two's comp tempE  ::     741432     741432 0x000b5038 |0000|0000|0000|1011|0101|0000|0011|1000|
rawE              ::     741432     741432 0x000b5038 |0000|0000|0000|1011|0101|0000|0011|1000|
rawE (sign change)::     741432     741432 0x000b5038 |0000|0000|0000|1011|0101|0000|0011|1000|
Event.ehi=           23169 0x00005a81
Event.ehi=2316 (gain changed)
Event.LEDts =           4655118247
Event.CFDts =      265901187530764

---------
new GTheader at pos=176 or 88 words (96):
Event.hdr[ 0]=0x1f34,   7988
Event.hdr[ 1]=0x300a,  12298
Event.hdr[ 2]=0x77a7,  30631
Event.hdr[ 3]=0x1577,   5495
Event.hdr[ 4]=0x0001,      1
Event.hdr[ 5]=0x003c,     60
Event.hdr[ 6]=0x0e00,   3584
Event.hdr[ 7]=0x4663,  18019
Event.hdr[ 8]=0x1231,   4657
Event.hdr[ 9]=0xffcb,  65483
Event.hdr[10]=0xfdff,  65023
Event.hdr[11]=0xffff,  65535
Event.hdr[12]=0xffbf,  65471
Event.hdr[13]=0x07ff,   2047
Event.len=  44, Event.traceLen=  12 (in Bytes)
Event.len=  22, Event.traceLen=   6 (in 16 bit words)
Event.len=  11, Event.traceLen=   3 (in 32 bit words)
next start: 0xaaaaaaaa, pos= 220
0x1f34 module_id = 31 crystal_id = 0 digitizer_id = 3 chan_id = 4 ge_id = 124 channel = 34  -> is segment
ncrystal=1
wrote trace to CCpulse_010_01_01.xy
two's comp tempE  ::         60         60 0x0000003c |0000|0000|0000|0000|0000|0000|0011|1100|
rawE              ::         60         60 0x0000003c |0000|0000|0000|0000|0000|0000|0011|1100|
rawE (sign change)::         60         60 0x0000003c |0000|0000|0000|0000|0000|0000|0011|1100|
Event.ehi=               1 0x00000001
Event.ehi=0 (gain changed)
Event.LEDts =           4655118247
Event.CFDts =         236227330060

---------
new GTheader at pos=220 or 110 words (118):
Event.hdr[ 0]=0x1f35,   7989
Event.hdr[ 1]=0x300a,  12298
Event.hdr[ 2]=0x77a7,  30631
Event.hdr[ 3]=0x1577,   5495
Event.hdr[ 4]=0x0001,      1
Event.hdr[ 5]=0xe403,  58371
Event.hdr[ 6]=0x4e08,  19976
Event.hdr[ 7]=0x4663,  18019
Event.hdr[ 8]=0x1231,   4657
Event.hdr[ 9]=0xe20a,  57866
Event.hdr[10]=0x3608,  13832
Event.hdr[11]=0x1459,   5209
Event.hdr[12]=0x3d40,  15680
Event.hdr[13]=0x001f,     31
Event.len=  44, Event.traceLen=  12 (in Bytes)
Event.len=  22, Event.traceLen=   6 (in 16 bit words)
Event.len=  11, Event.traceLen=   3 (in 32 bit words)
next start: 0xaaaaaaaa, pos= 264
0x1f35 module_id = 31 crystal_id = 0 digitizer_id = 3 chan_id = 5 ge_id = 124 channel = 35  -> is segment
ncrystal=1
wrote trace to CCpulse_010_01_01.xy
two's comp tempE  ::     582659     582659 0x0008e403 |0000|0000|0000|1000|1110|0100|0000|0011|
rawE              ::     582659     582659 0x0008e403 |0000|0000|0000|1000|1110|0100|0000|0011|
rawE (sign change)::     582659     582659 0x0008e403 |0000|0000|0000|1000|1110|0100|0000|0011|
Event.ehi=           18208 0x00004720
Event.ehi=1820 (gain changed)
Event.LEDts =           4655118247
Event.CFDts =      269096692088844

---------
new GTheader at pos=264 or 132 words (140):
Event.hdr[ 0]=0x1f36,   7990
Event.hdr[ 1]=0x300a,  12298
Event.hdr[ 2]=0x77a7,  30631
Event.hdr[ 3]=0x1577,   5495
Event.hdr[ 4]=0x0001,      1
Event.hdr[ 5]=0x8e7b,  36475
Event.hdr[ 6]=0x4e03,  19971
Event.hdr[ 7]=0x4663,  18019
Event.hdr[ 8]=0x1231,   4657
Event.hdr[ 9]=0xbee8,  48872
Event.hdr[10]=0xb602,  46594
Event.hdr[11]=0x0003,      3
Event.hdr[12]=0x1f00,   7936
Event.hdr[13]=0x0000,      0
Event.len=  44, Event.traceLen=  12 (in Bytes)
Event.len=  22, Event.traceLen=   6 (in 16 bit words)
Event.len=  11, Event.traceLen=   3 (in 32 bit words)
next start: 0xaaaaaaaa, pos= 308
0x1f36 module_id = 31 crystal_id = 0 digitizer_id = 3 chan_id = 6 ge_id = 124 channel = 36  -> is segment
ncrystal=1
wrote trace to CCpulse_010_01_01.xy
two's comp tempE  ::     233083     233083 0x00038e7b |0000|0000|0000|0011|1000|1110|0111|1011|
rawE              ::     233083     233083 0x00038e7b |0000|0000|0000|0011|1000|1110|0111|1011|
rawE (sign change)::     233083     233083 0x00038e7b |0000|0000|0000|0011|1000|1110|0111|1011|
Event.ehi=            7283 0x00001c73
Event.ehi=728 (gain changed)
Event.LEDts =           4655118247
Event.CFDts =      281380486053900

---------
new GTheader at pos=308 or 154 words (162):
Event.hdr[ 0]=0x1f37,   7991
Event.hdr[ 1]=0x300a,  12298
Event.hdr[ 2]=0x77a7,  30631
Event.hdr[ 3]=0x1577,   5495
Event.hdr[ 4]=0x0001,      1
Event.hdr[ 5]=0x3c09,  15369
Event.hdr[ 6]=0x0e01,   3585
Event.hdr[ 7]=0x4663,  18019
Event.hdr[ 8]=0x1231,   4657
Event.hdr[ 9]=0xd975,  55669
Event.hdr[10]=0x6e00,  28160
Event.hdr[11]=0x0005,      5
Event.hdr[12]=0x81c8,  33224
Event.hdr[13]=0x0000,      0
Event.len=  44, Event.traceLen=  12 (in Bytes)
Event.len=  22, Event.traceLen=   6 (in 16 bit words)
Event.len=  11, Event.traceLen=   3 (in 32 bit words)
next start: 0xaaaaaaaa, pos= 352
0x1f37 module_id = 31 crystal_id = 0 digitizer_id = 3 chan_id = 7 ge_id = 124 channel = 37  -> is segment
ncrystal=1
wrote trace to CCpulse_010_01_01.xy
two's comp tempE  ::      80905      80905 0x00013c09 |0000|0000|0000|0001|0011|1100|0000|1001|
rawE              ::      80905      80905 0x00013c09 |0000|0000|0000|0001|0011|1100|0000|1001|
rawE (sign change)::      80905      80905 0x00013c09 |0000|0000|0000|0001|0011|1100|0000|1001|
Event.ehi=            2528 0x000009e0
Event.ehi=252 (gain changed)
Event.LEDts =           4655118247
Event.CFDts =      281449206317068

---------
new GTheader at pos=352 or 176 words (184):
Event.hdr[ 0]=0x1f38,   7992
Event.hdr[ 1]=0x300a,  12298
Event.hdr[ 2]=0x77a7,  30631
Event.hdr[ 3]=0x1577,   5495
Event.hdr[ 4]=0x0001,      1
Event.hdr[ 5]=0x8b92,  35730
Event.hdr[ 6]=0x1ff9,   8185
Event.hdr[ 7]=0x4663,  18019
Event.hdr[ 8]=0x1231,   4657
Event.hdr[ 9]=0xc90c,  51468
Event.hdr[10]=0x21fc,   8700
Event.hdr[11]=0xf9c1,  63937
Event.hdr[12]=0x997f,  39295
Event.hdr[13]=0x07f3,   2035
Event.len=  44, Event.traceLen=  12 (in Bytes)
Event.len=  22, Event.traceLen=   6 (in 16 bit words)
Event.len=  11, Event.traceLen=   3 (in 32 bit words)
next start: 0xaaaaaaaa, pos= 396
0x1f38 module_id = 31 crystal_id = 0 digitizer_id = 3 chan_id = 8 ge_id = 124 channel = 38  -> is segment
ncrystal=1
wrote trace to CCpulse_010_01_01.xy
two's comp tempE  ::   16354194   16354194 0x00f98b92 |0000|0000|1111|1001|1000|1011|1001|0010|
rawE              :: 4294544274    -423022 0xfff98b92 |1111|1111|1111|1001|1000|1011|1001|0010|
rawE (sign change)::     423022     423022 0x0006746e |0000|0000|0000|0110|0111|0100|0110|1110|
Event.ehi=           13219 0x000033a3
Event.ehi=1321 (gain changed)
Event.LEDts =           4655118247
Event.CFDts =         476751331340

---------
new GTheader at pos=396 or 198 words (206):
Event.hdr[ 0]=0x1f39,   7993
Event.hdr[ 1]=0x300a,  12298
Event.hdr[ 2]=0x77a7,  30631
Event.hdr[ 3]=0x1577,   5495
Event.hdr[ 4]=0x0001,      1
Event.hdr[ 5]=0xec43,  60483
Event.hdr[ 6]=0x4e0d,  19981
Event.hdr[ 7]=0x4663,  18019
Event.hdr[ 8]=0x1231,   4657
Event.hdr[ 9]=0xea2f,  59951
Event.hdr[10]=0x100d,   4109
Event.hdr[11]=0x19fa,   6650
Event.hdr[12]=0xeab4,  60084
Event.hdr[13]=0x07ff,   2047
Event.len=  44, Event.traceLen=  12 (in Bytes)
Event.len=  22, Event.traceLen=   6 (in 16 bit words)
Event.len=  11, Event.traceLen=   3 (in 32 bit words)
0x1f39 module_id = 31 crystal_id = 0 digitizer_id = 3 chan_id = 9 ge_id = 124 channel = 39  -> is CC
ncrystal=1
wrote trace to CCpulse_010_01_01.xy
two's comp tempE  ::     912451     912451 0x000dec43 |0000|0000|0000|1101|1110|1100|0100|0011|
rawE              ::     912451     912451 0x000dec43 |0000|0000|0000|1101|1110|1100|0100|0011|
rawE (sign change)::     912451     912451 0x000dec43 |0000|0000|0000|1101|1110|1100|0100|0011|
Event.ehi=           28514 0x00006f62
Event.ehi=2851 (gain changed)
Event.LEDts =           4655118247
Event.CFDts =       18915324657676
exit bin_mode3
*end of event # 10
+++++++++++++++++++++++++++++++
ev#    10 GEB_TYPE_GT_MOD29      440Bytes TS=4655131009 curTS=4655130391 dTS= 618
ev# 50000 GEB_TYPE_DECOMP        464Bytes TS=5226054727 curTS=5226024699 dTS= 30028
ev# 100000 GEB_TYPE_DECOMP        464Bytes TS=5763018073 curTS=5763017993 dTS= 80
ev# 100000 GEB_TYPE_DECOMP        464Bytes TS=5763018111 curTS=5763017993 dTS= 118
ev# 100000 GEB_TYPE_DECOMP        464Bytes TS=5763018111 curTS=5763017993 dTS= 118
ev# 100000 GEB_TYPE_DECOMP        464Bytes TS=5763018117 curTS=5763017993 dTS= 124
ev# 100000 GEB_TYPE_DECOMP        464Bytes TS=5763018125 curTS=5763017993 dTS= 132
ev# 100000 GEB_TYPE_GT_MOD29      440Bytes TS=5763018197 curTS=5763017993 dTS= 204
ev# 150000 GEB_TYPE_DECOMP        464Bytes TS=6303215429 curTS=6303215325 dTS= 104
ev# 150000 GEB_TYPE_DECOMP        464Bytes TS=6303219957 curTS=6303215325 dTS= 4632
ev# 200000 GEB_TYPE_DECOMP        464Bytes TS=6860842941 curTS=6860825777 dTS= 17164
ev# 250000 GEB_TYPE_GT_MOD29      440Bytes TS=7431128161 curTS=7431124727 dTS= 3434
ev# 300000 GEB_TYPE_DECOMP        464Bytes TS=8006530589 curTS=8006516297 dTS= 14292
ev# 350000 GEB_TYPE_GT_MOD29      440Bytes TS=8553096761 curTS=8553096551 dTS= 210
ev# 400000 GEB_TYPE_DECOMP        464Bytes TS=9099543745 curTS=9099543573 dTS= 172
ev# 450000 GEB_TYPE_GT_MOD29      440Bytes TS=9636087021 curTS=9636086475 dTS= 546
ev# 500000 GEB_TYPE_DECOMP        464Bytes TS=10169503227 curTS=10169503075 dTS= 152
batflag:: TS<Pars.curTS, reset it at event # 523884
TS=4218375693, Pars.curTS=10429420499, DT=-6211044806
new Pars.curTS=4218375693
we have read 490586256 bytes so far
ev# 550000 GEB_TYPE_DECOMP        464Bytes TS=10699638029 curTS=10699638029 dTS= 0
ev# 550000 GEB_TYPE_DECOMP        464Bytes TS=10699638381 curTS=10699638029 dTS= 352
ev# 600000 GEB_TYPE_DECOMP        464Bytes TS=11234119931 curTS=11234119929 dTS= 2
ev# 600000 GEB_TYPE_DECOMP        464Bytes TS=11234145657 curTS=11234119929 dTS= 25728
ev# 650000 GEB_TYPE_DECOMP        464Bytes TS=11774696235 curTS=11774696027 dTS= 208
ev# 700000 GEB_TYPE_DECOMP        464Bytes TS=12311014121 curTS=12311014115 dTS= 6
ev# 700000 GEB_TYPE_DECOMP        464Bytes TS=12311034923 curTS=12311014115 dTS= 20808
ev# 750000 GEB_TYPE_DECOMP        464Bytes TS=12860363591 curTS=12860363587 dTS= 4
ev# 750000 GEB_TYPE_DECOMP        464Bytes TS=12860363591 curTS=12860363587 dTS= 4
ev# 750000 GEB_TYPE_GT_MOD29      440Bytes TS=12860364259 curTS=12860363587 dTS= 672
ev# 800000 GEB_TYPE_GT_MOD29      440Bytes TS=13403278255 curTS=13403277727 dTS= 528
ev# 850000 GEB_TYPE_DECOMP        464Bytes TS=13933045705 curTS=13933042167 dTS= 3538
ev# 900000 GEB_TYPE_DECOMP        464Bytes TS=14467229869 curTS=14467229757 dTS= 112
ev# 900000 GEB_TYPE_DECOMP        464Bytes TS=14467229871 curTS=14467229757 dTS= 114
ev# 900000 GEB_TYPE_DECOMP        464Bytes TS=14467229873 curTS=14467229757 dTS= 116
ev# 900000 GEB_TYPE_DECOMP        464Bytes TS=14467229875 curTS=14467229757 dTS= 118
ev# 900000 GEB_TYPE_DECOMP        464Bytes TS=14467254201 curTS=14467229757 dTS= 24444
ev# 950000 GEB_TYPE_DECOMP        464Bytes TS=15011344871 curTS=15011344559 dTS= 312

Sorting is done
attempting to save root or map file



mean observed polar and azimuth angles
for the detectors we saw (module,crystal)

------------------------------------------
mean pol/azi angle for detector  56 are   96.76/ 119.52
mean pol/azi angle for detector  57 are  100.38/ 138.28
mean pol/azi angle for detector  58 are   83.41/ 132.67
mean pol/azi angle for detector  59 are   79.61/ 114.05
mean pol/azi angle for detector  60 are   87.41/ 152.62
mean pol/azi angle for detector  61 are  105.28/ 157.69
mean pol/azi angle for detector  62 are   93.14/ 168.55
mean pol/azi angle for detector  63 are   73.82/ 165.98
mean pol/azi angle for detector  68 are   87.15/-134.94
mean pol/azi angle for detector  69 are  105.29/-130.01
mean pol/azi angle for detector  70 are   92.92/-116.89
mean pol/azi angle for detector  71 are   74.14/-121.82
mean pol/azi angle for detector  76 are   87.44/ -63.17
mean pol/azi angle for detector  77 are  105.26/ -58.12
mean pol/azi angle for detector  78 are   92.95/ -44.97
mean pol/azi angle for detector  79 are   74.21/ -49.87
mean pol/azi angle for detector  84 are  112.30/  33.60
mean pol/azi angle for detector  85 are  125.18/  17.39
mean pol/azi angle for detector  86 are  130.68/  39.18
mean pol/azi angle for detector  87 are  115.90/  52.97
mean pol/azi angle for detector  88 are  112.40/ 105.51
mean pol/azi angle for detector  89 are  124.96/  89.33
mean pol/azi angle for detector  90 are  130.77/ 111.19
mean pol/azi angle for detector  91 are  115.83/ 124.99
mean pol/azi angle for detector  96 are  112.64/-110.66
mean pol/azi angle for detector  97 are  124.79/-126.66
mean pol/azi angle for detector  98 are  130.91/-104.92
mean pol/azi angle for detector  99 are  115.85/ -91.00
mean pol/azi angle for detector 100 are  112.39/ -38.56
mean pol/azi angle for detector 101 are  124.76/ -55.00
mean pol/azi angle for detector 102 are  130.61/ -33.05
mean pol/azi angle for detector 103 are  115.76/ -19.06
mean pol/azi angle for detector 104 are  144.43/  88.20
mean pol/azi angle for detector 105 are  132.73/  65.87
mean pol/azi angle for detector 106 are  148.81/  53.92
mean pol/azi angle for detector 107 are  162.34/  88.20
mean pol/azi angle for detector 108 are  144.77/ 160.14
mean pol/azi angle for detector 109 are  132.71/ 137.96
mean pol/azi angle for detector 110 are  149.55/ 125.56
mean pol/azi angle for detector 111 are  162.27/ 110.24
mean pol/azi angle for detector 116 are  144.43/ -55.90
mean pol/azi angle for detector 117 are  132.57/ -78.28
mean pol/azi angle for detector 118 are  148.95/ -90.36
mean pol/azi angle for detector 119 are  162.37/ -56.05
we found 44 crystals
------------------------------------------

minimum pol angle between crystals is  18.65
compactness =  64.39%, 85 of 264
module hit statistics
module  14, crystal 0 was hit      85487 times
module  14, crystal 1 was hit      92707 times
module  14, crystal 2 was hit      89485 times
module  14, crystal 3 was hit      78808 times
module  15, crystal 0 was hit      91514 times
module  15, crystal 1 was hit      82475 times
module  15, crystal 2 was hit      78197 times
module  15, crystal 3 was hit      80555 times
module  17, crystal 0 was hit      67933 times
module  17, crystal 1 was hit      66077 times
module  17, crystal 2 was hit      68089 times
module  17, crystal 3 was hit      68922 times
module  19, crystal 0 was hit      63922 times
module  19, crystal 1 was hit      66402 times
module  19, crystal 2 was hit      78242 times
module  19, crystal 3 was hit      75336 times
module  21, crystal 0 was hit      77907 times
module  21, crystal 1 was hit      67820 times
module  21, crystal 2 was hit      80820 times
module  21, crystal 3 was hit      76887 times
module  22, crystal 0 was hit      83822 times
module  22, crystal 1 was hit      78250 times
module  22, crystal 2 was hit      88556 times
module  22, crystal 3 was hit      81536 times
module  24, crystal 0 was hit      71115 times
module  24, crystal 1 was hit      68054 times
module  24, crystal 2 was hit      71627 times
module  24, crystal 3 was hit      65362 times
module  25, crystal 0 was hit      67849 times
module  25, crystal 1 was hit      69574 times
module  25, crystal 2 was hit      67736 times
module  25, crystal 3 was hit      65967 times
module  26, crystal 0 was hit      77450 times
module  26, crystal 1 was hit      76582 times
module  26, crystal 2 was hit      76109 times
module  26, crystal 3 was hit      71240 times
module  27, crystal 0 was hit      80886 times
module  27, crystal 1 was hit      78576 times
module  27, crystal 2 was hit      79558 times
module  27, crystal 3 was hit      74588 times
module  29, crystal 0 was hit      66154 times
module  29, crystal 1 was hit      65438 times
module  29, crystal 2 was hit      71846 times
module  29, crystal 3 was hit      64786 times

bin_mode2: pad distribution
__id   0,      1439043, 93.92%
__id   2,          174,  0.01%
__id   3,          437,  0.03%
__id   4,          473,  0.03%
__id   5,         2848,  0.19%
__id   6,         7942,  0.52%
__id 128,        81057,  5.29%
__id 133,          152,  0.01%

bin_mode2 calculated mean CCsum energy to be  745.568 keV
bin_mode2 calculated mean CCadd energy to be 1087.592 keV
attempting to close root file...
Pars.f1->Write();
Pars.f1->Print();
TFile: name=/lcrc/project/HELIOS/gretinafma/root_data/run120.root, title=, option=CREATE
TH1.Print Name  = dtbtev, Entries= 1979017, Total sum= 1.97902e+06
TH1.Print Name  = T0, Entries= 0, Total sum= 0
TH1.Print Name  = hitpat, Entries= 1439043, Total sum= 1.43904e+06
TH1.Print Name  = numHitArray2, Entries= 1000000, Total sum= 723061
TH1.Print Name  = CCmult, Entries= 1000000, Total sum= 1e+06
TH1.Print Name  = CCsum, Entries= 3300128, Total sum= 1.43902e+06
TH1.Print Name  = hit2, Entries= 159041, Total sum= 158850
TH1.Print Name  = hit3, Entries= 85112, Total sum= 84535
TH1.Print Name  = hit4, Entries= 47701, Total sum= 46597
TH1.Print Name  = CCsum_nodop, Entries= 3300128, Total sum= 1.43902e+06
TH1.Print Name  = CCadd, Entries= 1000000, Total sum= 714645
TH1.Print Name  = SEGadd_FPGA, Entries= 200000000, Total sum= 1.43842e+06
TH1.Print Name  = SEGadd_PSA, Entries= 200000000, Total sum= 1.43133e+06
TH1.Print Name  = SEGsum_FPGA, Entries= 2221650, Total sum= 2.22124e+06
TH1.Print Name  = SEGsum_PSA, Entries= 3300246, Total sum= 3.27478e+06
TH1.Print Name  = radius_all, Entries= 3300245, Total sum= 3.30024e+06
TH1.Print Name  = rate_mode2_min, Entries= 1439042, Total sum= 23984
TH1.Print Name  = rate_mode2_sec, Entries= 1439042, Total sum= 1.43904e+06
TH1.Print Name  = rate_mode2_intp, Entries= 1439042, Total sum= 55004.1
TH1.Print Name  = cdtbtev, Entries= 380017, Total sum= 380017
TH1.Print Name  = evsr_all, Entries= 3300245, Total sum= 3.22475e+06
TH1.Print Name  = SMAP_allhits, Entries= 3300246, Total sum= 3.30025e+06
TH1.Print Name  = SMAP_allhits_sq, Entries= 3300246, Total sum= 3.30025e+06
TH1.Print Name  = seghitpat, Entries= 3300246, Total sum= 3.30025e+06
TH1.Print Name  = CCe, Entries= 3300128, Total sum= 1.43902e+06
TH1.Print Name  = ggCC, Entries= 2924688, Total sum= 2.56116e+06
TH1.Print Name  = z_plot, Entries= 3300246, Total sum= 3.29722e+06
TH1.Print Name  = crystal_hit, Entries= 0, Total sum= 0
TH1.Print Name  = SegE, Entries= 3299597, Total sum= 3.2996e+06
TH1.Print Name  = crXcr, Entries= 1462344, Total sum= 1.46234e+06
******************************************************************************
*Tree    :tree      : tree                                                   *
*Entries :  1000000 : Total =       153765154 bytes  File  Size =   38837747 *
*        :          : Tree compression factor =   3.96                       *
******************************************************************************
*Br    0 :runNumber : runNumber/I                                            *
*Entries :  1000000 : Total  Size=    4009925 bytes  File Size  =      30157 *
*Baskets :       96 : Basket Size=    1335296 bytes  Compression= 132.88     *
*............................................................................*
*Br    1 :numHits   : numHits/I                                              *
*Entries :  1000000 : Total  Size=    4009725 bytes  File Size  =      29960 *
*Baskets :       96 : Basket Size=    1335296 bytes  Compression= 133.75     *
*............................................................................*
*Br    2 :left      : left[numHits]/F                                        *
*Entries :  1000000 : Total  Size=    8029553 bytes  File Size  =    2874943 *
*Baskets :      283 : Basket Size=    8677376 bytes  Compression=   2.79     *
*............................................................................*
*Br    3 :right     : right[numHits]/F                                       *
*Entries :  1000000 : Total  Size=    8029840 bytes  File Size  =    2854047 *
*Baskets :      283 : Basket Size=    8677376 bytes  Compression=   2.81     *
*............................................................................*
*Br    4 :up        : up[numHits]/F                                          *
*Entries :  1000000 : Total  Size=    8028979 bytes  File Size  =    2832856 *
*Baskets :      283 : Basket Size=    8677376 bytes  Compression=   2.83     *
*............................................................................*
*Br    5 :down      : down[numHits]/F                                        *
*Entries :  1000000 : Total  Size=    8029553 bytes  File Size  =    2858892 *
*Baskets :      283 : Basket Size=    8677376 bytes  Compression=   2.81     *
*............................................................................*
*Br    6 :e1        : e1[numHits]/F                                          *
*Entries :  1000000 : Total  Size=    8028979 bytes  File Size  =    2755829 *
*Baskets :      283 : Basket Size=    8677376 bytes  Compression=   2.91     *
*............................................................................*
*Br    7 :e2        : e2[numHits]/F                                          *
*Entries :  1000000 : Total  Size=    8028979 bytes  File Size  =    2722194 *
*Baskets :      283 : Basket Size=    8677376 bytes  Compression=   2.95     *
*............................................................................*
*Br    8 :e3        : e3[numHits]/F                                          *
*Entries :  1000000 : Total  Size=    8028979 bytes  File Size  =    2674134 *
*Baskets :      283 : Basket Size=    8677376 bytes  Compression=   3.00     *
*............................................................................*
*Br    9 :tac       : tac[numHits]/F                                         *
*Entries :  1000000 : Total  Size=    8029266 bytes  File Size  =    2439255 *
*Baskets :      283 : Basket Size=    8677376 bytes  Compression=   3.29     *
*............................................................................*
*Br   10 :fmaDeltaTime : fmaDeltaTime[numHits]/F                             *
*Entries :  1000000 : Total  Size=    8031960 bytes  File Size  =    2986782 *
*Baskets :      284 : Basket Size=    8678400 bytes  Compression=   2.69     *
*............................................................................*
*Br   11 :fmaMult   : fmaMult[10]/I                                          *
*Entries :  1000000 : Total  Size=   40092641 bytes  File Size  =    1047180 *
*Baskets :      942 : Basket Size=   25600000 bytes  Compression=  38.26     *
*............................................................................*
*Br   12 :gammaMult : gammaMult/I                                            *
*Entries :  1000000 : Total  Size=    4009925 bytes  File Size  =     703772 *
*Baskets :       96 : Basket Size=    1335296 bytes  Compression=   5.69     *
*............................................................................*
*Br   13 :gammaEnergy : gammaEnergy[gammaMult]/F                             *
*Entries :  1000000 : Total  Size=    9792362 bytes  File Size  =    6854732 *
*Baskets :      325 : Basket Size=    9262592 bytes  Compression=   1.43     *
*............................................................................*
*Br   14 :gammaTimestamp : gammaTimestamp[gammaMult]/F                       *
*Entries :  1000000 : Total  Size=    9793349 bytes  File Size  =    3047332 *
*Baskets :      325 : Basket Size=    9263104 bytes  Compression=   3.21     *
*............................................................................*
*Br   15 :deltaTime : deltaTime[gammaMult]/F                                 *
*Entries :  1000000 : Total  Size=    9791704 bytes  File Size  =    2085316 *
*Baskets :      325 : Basket Size=    9262080 bytes  Compression=   4.69     *
*............................................................................*
TH1.Print Name  = eCC_a, Entries= 0, Total sum= 0
TH1.Print Name  = eCC_b, Entries= 0, Total sum= 0
TH1.Print Name  = eCC_c, Entries= 0, Total sum= 0
TH1.Print Name  = eCC_d, Entries= 130025, Total sum= 0
TH1.Print Name  = eSeg, Entries= 0, Total sum= 0
TH1.Print Name  = mode3_hitpat, Entries= 4443549, Total sum= 0
TH1.Print Name  = mode3_hitpat_chan, Entries= 4443549, Total sum= 4.44355e+06
TH1.Print Name  = chan0, Entries= 0, Total sum= 0
TH1.Print Name  = module, Entries= 4443549, Total sum= 4.44355e+06
TH1.Print Name  = chan, Entries= 4443549, Total sum= 4.4404e+06
TH1.Print Name  = l, Entries= 444354, Total sum= 444265
TH1.Print Name  = r, Entries= 444355, Total sum= 444352
TH1.Print Name  = up, Entries= 444355, Total sum= 444352
TH1.Print Name  = down, Entries= 444355, Total sum= 444353
TH1.Print Name  = sumlr, Entries= 432264, Total sum= 432264
TH1.Print Name  = sumud, Entries= 414199, Total sum= 414199
TH1.Print Name  = x, Entries= 432264, Total sum= 432264
TH1.Print Name  = y, Entries= 414199, Total sum= 414199
TH1.Print Name  = de1, Entries= 444355, Total sum= 444338
TH1.Print Name  = de2, Entries= 444355, Total sum= 444355
TH1.Print Name  = de3, Entries= 444355, Total sum= 443314
TH1.Print Name  = de12, Entries= 384356, Total sum= 384356
TH1.Print Name  = etot, Entries= 384356, Total sum= 384356
TH1.Print Name  = rftof, Entries= 444355, Total sum= 442682
TH1.Print Name  = lr, Entries= 1000000, Total sum= 999910
TH1.Print Name  = ud, Entries= 1000000, Total sum= 999997
TH1.Print Name  = ede1, Entries= 384356, Total sum= 384356
TH1.Print Name  = ede1g, Entries= 71946, Total sum= 71924
TH1.Print Name  = ede2, Entries= 384356, Total sum= 384356
TH1.Print Name  = ede12, Entries= 384356, Total sum= 384356
TH1.Print Name  = xde1, Entries= 384356, Total sum= 384356
TH1.Print Name  = erftof, Entries= 1000000, Total sum= 998327
TH1.Print Name  = erftofg, Entries= 29251, Total sum= 29199
TH1.Print Name  = sumehi, Entries= 1439043, Total sum= 1.43903e+06
TH1.Print Name  = tgppac, Entries= 1439043, Total sum= 378222
TH1.Print Name  = tgppacg, Entries= 71946, Total sum= 71946
TH1.Print Name  = xehi1, Entries= 1439043, Total sum= 1.43903e+06
TH1.Print Name  = xehi1g, Entries= 71946, Total sum= 71946
TH1.Print Name  = de1ehi, Entries= 1439043, Total sum= 1.43899e+06
TH1.Print Name  = de1ehig, Entries= 71946, Total sum= 71924
TH1.Print Name  = ng, Entries= 1000000, Total sum= 1e+06
TH1.Print Name  = ehiz1, Entries= 0, Total sum= 0
TH1.Print Name  = ehiz2, Entries= 0, Total sum= 0
TH1.Print Name  = ehiz3, Entries= 0, Total sum= 0
TH1.Print Name  = ehiz4, Entries= 0, Total sum= 0
TH1.Print Name  = ehiz5, Entries= 0, Total sum= 0
TH1.Print Name  = gg_dt, Entries= 87791, Total sum= 87791
TH1.Print Name  = gg, Entries= 175582, Total sum= 173144
TH1.Print Name  = gg_z1, Entries= 0, Total sum= 0
TH1.Print Name  = gg_z2, Entries= 0, Total sum= 0
TH1.Print Name  = gg_z3, Entries= 0, Total sum= 0
TH1.Print Name  = gg_z4, Entries= 0, Total sum= 0
TH1.Print Name  = gg_z5, Entries= 0, Total sum= 0
Pars.f1->Close();
done saving rootfile "/lcrc/project/HELIOS/gretinafma/root_data/run120.root


read 1000000 events; Pars.beta=0.0330; time since last update 1 minutes
CommandFileName="GEBSort.command"

sorted timestamp range 4654994491-->15561776297: 10906781806
that is 109.1 seconds or 0h1m49s
^^^^^ any timestamp jumps will upset this accounting

hit statistics per type
 1 GEB_TYPE_DECOMP          1532126 ;  14047.46 Hz 
 8 GEB_TYPE_GT_MOD29         446892 ;   4097.38 Hz 
read a total of              1979018 ; header/payloads


nn1=0
nn2=1979019
nn3=1979019

nok_validate= 1000000, ntot_validate=1000000; validate fraction 100.00%

bytes read=938087364, 894.629826 MB

boniva sancta! ...GEBSort (unexpectedly) did not crash!

 ** GEBSort is done at 
