started GEBSort at we have 9 arguments
1... -input
will take input from disk
file size is 34224870292 bytes or 33422 MBytes

4... -rootfile
rootfile name specified on command line
__will store spectra in rootfile: /lcrc/project/HELIOS/gretinafma/root_data/run153.root
will recreate root file
7... -chat
core file size          (blocks, -c) unlimited
data seg size           (kbytes, -d) unlimited
scheduling priority             (-e) 0
file size               (blocks, -f) unlimited
pending signals                 (-i) 510315
max locked memory       (kbytes, -l) unlimited
max memory size         (kbytes, -m) 128769024
open files                      (-n) 51200
pipe size            (512 bytes, -p) 8
POSIX message queues     (bytes, -q) 819200
real-time priority              (-r) 0
stack size              (kbytes, -s) unlimited
cpu time               (seconds, -t) unlimited
max user processes              (-u) 4096
virtual memory          (kbytes, -v) unlimited
file locks                      (-x) unlimited
will read sorting instructions from chatfile: GEBSort.chat

executing UserDeclare.h code


GEBsort running on: 

initializing

crmat.LINUX is open (input) binary format
read 7936 bytes into Pars.crmat
chat file: <GEBSort.chat> open

will sort a max of 1410065408 events
will sort a max of 1000000 events
will sort 86400 minutes of data
will print details of the first 10 events
will use Pars.Beta (v/c) correction of 0.033000
will sort using a time window of 150
Pars.do_bin_mode2=1
Pars.do_bin_mode3=1
will accept second interaction range between 10.000000 and 500.000000 mm
"1-200"
detector   1 is ENABLED
detector   2 is ENABLED
detector   3 is ENABLED
detector   4 is ENABLED
detector   5 is ENABLED
detector   6 is ENABLED
detector   7 is ENABLED
detector   8 is ENABLED
detector   9 is ENABLED
detector  10 is ENABLED
detector  11 is ENABLED
detector  12 is ENABLED
detector  13 is ENABLED
detector  14 is ENABLED
detector  15 is ENABLED
detector  16 is ENABLED
detector  17 is ENABLED
detector  18 is ENABLED
detector  19 is ENABLED
detector  20 is ENABLED
detector  21 is ENABLED
detector  22 is ENABLED
detector  23 is ENABLED
detector  24 is ENABLED
detector  25 is ENABLED
detector  26 is ENABLED
detector  27 is ENABLED
detector  28 is ENABLED
detector  29 is ENABLED
detector  30 is ENABLED
detector  31 is ENABLED
detector  32 is ENABLED
detector  33 is ENABLED
detector  34 is ENABLED
detector  35 is ENABLED
detector  36 is ENABLED
detector  37 is ENABLED
detector  38 is ENABLED
detector  39 is ENABLED
detector  40 is ENABLED
detector  41 is ENABLED
detector  42 is ENABLED
detector  43 is ENABLED
detector  44 is ENABLED
detector  45 is ENABLED
detector  46 is ENABLED
detector  47 is ENABLED
detector  48 is ENABLED
detector  49 is ENABLED
detector  50 is ENABLED
detector  51 is ENABLED
detector  52 is ENABLED
detector  53 is ENABLED
detector  54 is ENABLED
detector  55 is ENABLED
detector  56 is ENABLED
detector  57 is ENABLED
detector  58 is ENABLED
detector  59 is ENABLED
detector  60 is ENABLED
detector  61 is ENABLED
detector  62 is ENABLED
detector  63 is ENABLED
detector  64 is ENABLED
detector  65 is ENABLED
detector  66 is ENABLED
detector  67 is ENABLED
detector  68 is ENABLED
detector  69 is ENABLED
detector  70 is ENABLED
detector  71 is ENABLED
detector  72 is ENABLED
detector  73 is ENABLED
detector  74 is ENABLED
detector  75 is ENABLED
detector  76 is ENABLED
detector  77 is ENABLED
detector  78 is ENABLED
detector  79 is ENABLED
detector  80 is ENABLED
detector  81 is ENABLED
detector  82 is ENABLED
detector  83 is ENABLED
detector  84 is ENABLED
detector  85 is ENABLED
detector  86 is ENABLED
detector  87 is ENABLED
detector  88 is ENABLED
detector  89 is ENABLED
detector  90 is ENABLED
detector  91 is ENABLED
detector  92 is ENABLED
detector  93 is ENABLED
detector  94 is ENABLED
detector  95 is ENABLED
detector  96 is ENABLED
detector  97 is ENABLED
detector  98 is ENABLED
detector  99 is ENABLED
detector 100 is ENABLED
detector 101 is ENABLED
detector 102 is ENABLED
detector 103 is ENABLED
detector 104 is ENABLED
detector 105 is ENABLED
detector 106 is ENABLED
detector 107 is ENABLED
detector 108 is ENABLED
detector 109 is ENABLED
detector 110 is ENABLED
detector 111 is ENABLED
detector 112 is ENABLED
detector 113 is ENABLED
detector 114 is ENABLED
detector 115 is ENABLED
detector 116 is ENABLED
detector 117 is ENABLED
detector 118 is ENABLED
detector 119 is ENABLED
detector 120 is ENABLED
detector 121 is ENABLED
detector 122 is ENABLED
detector 123 is ENABLED
detector 124 is ENABLED
detector 125 is ENABLED
detector 126 is ENABLED
detector 127 is ENABLED
detector 128 is ENABLED
detector 129 is ENABLED
detector 130 is ENABLED
detector 131 is ENABLED
detector 132 is ENABLED
detector 133 is ENABLED
detector 134 is ENABLED
detector 135 is ENABLED
detector 136 is ENABLED
detector 137 is ENABLED
detector 138 is ENABLED
detector 139 is ENABLED
detector 140 is ENABLED
detector 141 is ENABLED
detector 142 is ENABLED
detector 143 is ENABLED
detector 144 is ENABLED
detector 145 is ENABLED
detector 146 is ENABLED
detector 147 is ENABLED
detector 148 is ENABLED
detector 149 is ENABLED
detector 150 is ENABLED
detector 151 is ENABLED
detector 152 is ENABLED
detector 153 is ENABLED
detector 154 is ENABLED
detector 155 is ENABLED
detector 156 is ENABLED
detector 157 is ENABLED
detector 158 is ENABLED
detector 159 is ENABLED
detector 160 is ENABLED
detector 161 is ENABLED
detector 162 is ENABLED
detector 163 is ENABLED
detector 164 is ENABLED
detector 165 is ENABLED
detector 166 is ENABLED
detector 167 is ENABLED
detector 168 is ENABLED
detector 169 is ENABLED
detector 170 is ENABLED
detector 171 is ENABLED
detector 172 is ENABLED
detector 173 is ENABLED
detector 174 is ENABLED
detector 175 is ENABLED
detector 176 is ENABLED
detector 177 is ENABLED
detector 178 is ENABLED
detector 179 is ENABLED
detector 180 is ENABLED
detector 181 is ENABLED
detector 182 is ENABLED
detector 183 is ENABLED
detector 184 is ENABLED
detector 185 is ENABLED
detector 186 is ENABLED
detector 187 is ENABLED
detector 188 is ENABLED
detector 189 is ENABLED
detector 190 is ENABLED
detector 191 is ENABLED
detector 192 is ENABLED
detector 193 is ENABLED
detector 194 is ENABLED
detector 195 is ENABLED
detector 196 is ENABLED
detector 197 is ENABLED
detector 198 is ENABLED
detector 199 is ENABLED
WARNING: could not open CCcal file "CCenergy.cal", quit
will use beam direction 0.000000 0.000000 1.000000
vector length= 1.000000, normalizing
will use beam direction 0.000000 0.000000 1.000000
Pars.ndetlimlo=1,Pars.ndetlimhi=8
will require mult bt: 1 20
fomlimits, 1, 0.00 ..to.. 0.80
fomlimits, 2, 0.00 ..to.. 0.80
fomlimits, 3, 0.00 ..to.. 0.80
fomlimits, 4, 0.00 ..to.. 0.80
fomlimits, 5, 0.00 ..to.. 0.80
fomlimits, 6, 0.00 ..to.. 0.80
fomlimits, 7, 0.00 ..to.. 0.80
will use M= 350.000000 in bin_dgs
will use PZ file "dgs_pz.cal" in bin_dgs
will use ecal file "dgs_ehi.cal" in bin_dgs
will skip rest of chat file

chat file: <GEBSort.chat> closed
processed 39 sort instructions and 198 lines


sorting this:
Pars.do_bin_mode3 = 1
Pars.do_bin_mode2 = 1
Pars.do_bin_mode1 = 0
Pars.do_bin_dgs = 0
Pars.do_bin_dfma = 0
Pars.do_bin_gtcal = 0
Pars.do_bin_template = 0
Pars.do_bin_final = 0
Pars.do_bin_angcor = 0
Pars.do_bin_angdis = 0
checking proper input of chat file...
input file "/lcrc/project/HELIOS/gretinafma/merged_data/GEBMerged_run153.gtd_000" is open, inData=0x269b5a60
file size is -134868076 bytes or -131 MBs 
input source is set up, supposedly

xyz offset values:

executing ShareMemFileUserInit.h code

deleted \rm -f GEBSort.command
root file </lcrc/project/HELIOS/gretinafma/root_data/run153.root>
base=</lcrc/project/HELIOS/gretinafma/root_data/run153.root:/>
TFile: name=/lcrc/project/HELIOS/gretinafma/root_data/run153.root, title=, option=CREATE

executing UserInit.h code

Created Object "dtbtev", 0x27a0bb90
Created Object "T0", 0x27a0bfa0
, "T0"Created Object "hitpat", 0x27a0c390
, "hitpat"Created Object "numHitArray2", 0x27a0cde0
, "numHitArray2"Created Object "CCmult", 0x27a0d8a0
, "CC Multiplicity"Created Object "CCsum", 0x27cdea70
, "CCsum"Created Object "hit2", 0x27cee880
, "hit2"Created Object "hit3", 0x27cfe690
, "hit3"Created Object "hit4", 0x27d0e4a0
, "hit4"Created Object "CCsum_nodop", 0x27d1e2b0
, "CCsum_nodop"Created Object "CCadd", 0x27d2e0c0
, "CCadd"Created Object "SEGadd_FPGA", 0x27d3ded0
Created Object "SEGadd_PSA", 0x27d3e2e0
Created Object "SEGsum_FPGA", 0x27d3e6f0
Created Object "SEGsum_PSA", 0x27d3eb00
Created Object "radius_all", 0x27d3ef10
, "radius (all points)"Created Object "rate_mode2_min", 0x27d47320
, "rate_mode2_min headers"Created Object "rate_mode2_sec", 0x27d4a430
, "rate_mode2_sec headers"Created Object "rate_mode2_intp", 0x27d4d540
, "rate_mode2 interaction points"Created Object "cdtbtev", 0x27d50650
Created Object "evsr_all", 0x27e16630
Created Object "SMAP_allhits", 0x27e16b70
Created Object "SMAP_allhits_sq", 0x27f16500
Created Object "seghitpat", 0x28015e90
Created Object "CCe", 0x2801e290
Created Object "ggCC", 0x2801e840
Created Object "z_plot", 0x2801edf0
Created Object "crystal_hit", 0x280d24c0
Created Object "SegE", 0x280d2a90
Created Object "crXcr", 0x280d2fd0
MAXDETPOS=180
Created Object "eCC_a", 0x281c0af0
Created Object "eCC_b", 0x281c0f00
Created Object "eCC_c", 0x281c1370
Created Object "eCC_d", 0x281c1920
Created Object "eSeg", 0x281c1e60
Created Object "mode3_hitpat", 0x281c2410
, "mode3_hitpat"Created Object "mode3_hitpat_chan", 0x281c2d80
, "mode3_hitpat_chan"Created Object "chan0", 0x281c34b0
, "chan0"Created Object "module", 0x281d72e0
, "module"Created Object "chan", 0x281eb110
Created Object "l", 0x28260a30
, "l"Created Object "r", 0x28274860
, "r"Created Object "up", 0x28288620
, "up"Created Object "down", 0x2829c3e0
, "down"Created Object "sumlr", 0x282b0210
, "sumlr"Created Object "sumud", 0x282c4040
, "sumud"Created Object "x", 0x282d7e70
, "x"Created Object "y", 0x282ebca0
, "y"Created Object "de1", 0x282ffad0
, "de1"Created Object "de2", 0x28313890
, "de2"Created Object "de3", 0x28327650
, "de3"Created Object "de12", 0x2833b480
, "de12"Created Object "etot", 0x2834f2b0
, "etot"Created Object "rftof", 0x28363070
, "rftof"Created Object "lr", 0x28376e30
Created Object "ud", 0x28377370
Created Object "ede1", 0x283778b0
Created Object "ede1g", 0x28377df0
Created Object "ede2", 0x283783a0
Created Object "ede12", 0x28378950
Created Object "xde1", 0x28378f00
Created Object "erftof", 0x28379440
Created Object "erftofg", 0x28379980
Created Object "sumehi", 0x28379f30
, "sumehi"Created Object "tgppac", 0x2838dcf0
, "tgppac"Created Object "tgppacg", 0x283b53a0
, "tgppacg"Created Object "xehi1", 0x283dca50
Created Object "xehi1g", 0x283dcf90
Created Object "de1ehi", 0x283dd540
Created Object "de1ehig", 0x283dda80
Created Object "ng", 0x283ddfc0
, "ng"Created Object "ehiz1", 0x283f1d80
, "ehiz1"Created Object "ehiz2", 0x28405b40
, "ehiz2"Created Object "ehiz3", 0x28419970
, "ehiz3"Created Object "ehiz4", 0x2842d7a0
, "ehiz4"Created Object "ehiz5", 0x284415d0
, "ehiz5"Created Object "gg_dt", 0x28455390
, "gg_dt"Created Object "gg", 0x284597c0
Created Object "gg_z1", 0x28459d70
Created Object "gg_z2", 0x2845a320
Created Object "gg_z3", 0x2845a8d0
Created Object "gg_z4", 0x2845ae80
Created Object "gg_z5", 0x2845b3c0
we have define the following ROOT spectra:
Collection name='THashList', class='THashList', size=84
 TH1.Print Name  = dtbtev, Entries= 0, Total sum= 0
 TH1.Print Name  = T0, Entries= 0, Total sum= 0
 TH1.Print Name  = hitpat, Entries= 0, Total sum= 0
 TH1.Print Name  = numHitArray2, Entries= 0, Total sum= 0
 TH1.Print Name  = CCmult, Entries= 0, Total sum= 0
 TH1.Print Name  = CCsum, Entries= 0, Total sum= 0
 TH1.Print Name  = hit2, Entries= 0, Total sum= 0
 TH1.Print Name  = hit3, Entries= 0, Total sum= 0
 TH1.Print Name  = hit4, Entries= 0, Total sum= 0
 TH1.Print Name  = CCsum_nodop, Entries= 0, Total sum= 0
 TH1.Print Name  = CCadd, Entries= 0, Total sum= 0
 TH1.Print Name  = SEGadd_FPGA, Entries= 0, Total sum= 0
 TH1.Print Name  = SEGadd_PSA, Entries= 0, Total sum= 0
 TH1.Print Name  = SEGsum_FPGA, Entries= 0, Total sum= 0
 TH1.Print Name  = SEGsum_PSA, Entries= 0, Total sum= 0
 TH1.Print Name  = radius_all, Entries= 0, Total sum= 0
 TH1.Print Name  = rate_mode2_min, Entries= 0, Total sum= 0
 TH1.Print Name  = rate_mode2_sec, Entries= 0, Total sum= 0
 TH1.Print Name  = rate_mode2_intp, Entries= 0, Total sum= 0
 TH1.Print Name  = cdtbtev, Entries= 0, Total sum= 0
 TH1.Print Name  = evsr_all, Entries= 0, Total sum= 0
 TH1.Print Name  = SMAP_allhits, Entries= 0, Total sum= 0
 TH1.Print Name  = SMAP_allhits_sq, Entries= 0, Total sum= 0
 TH1.Print Name  = seghitpat, Entries= 0, Total sum= 0
 TH1.Print Name  = CCe, Entries= 0, Total sum= 0
 TH1.Print Name  = ggCC, Entries= 0, Total sum= 0
 TH1.Print Name  = z_plot, Entries= 0, Total sum= 0
 TH1.Print Name  = crystal_hit, Entries= 0, Total sum= 0
 TH1.Print Name  = SegE, Entries= 0, Total sum= 0
 TH1.Print Name  = crXcr, Entries= 0, Total sum= 0
 ******************************************************************************
*Tree    :tree      : tree                                                   *
*Entries :        0 : Total =            8461 bytes  File  Size =          0 *
*        :          : Tree compression factor =   1.00                       *
******************************************************************************
*Br    0 :runNumber : runNumber/I                                            *
*Entries :        0 : Total  Size=        501 bytes  One basket in memory    *
*Baskets :        0 : Basket Size=      32000 bytes  Compression=   1.00     *
*............................................................................*
*Br    1 :numHits   : numHits/I                                              *
*Entries :        0 : Total  Size=        493 bytes  One basket in memory    *
*Baskets :        0 : Basket Size=      32000 bytes  Compression=   1.00     *
*............................................................................*
*Br    2 :left      : left[numHits]/F                                        *
*Entries :        0 : Total  Size=        580 bytes  One basket in memory    *
*Baskets :        0 : Basket Size=      32000 bytes  Compression=   1.00     *
*............................................................................*
*Br    3 :right     : right[numHits]/F                                       *
*Entries :        0 : Total  Size=        584 bytes  One basket in memory    *
*Baskets :        0 : Basket Size=      32000 bytes  Compression=   1.00     *
*............................................................................*
*Br    4 :up        : up[numHits]/F                                          *
*Entries :        0 : Total  Size=        572 bytes  One basket in memory    *
*Baskets :        0 : Basket Size=      32000 bytes  Compression=   1.00     *
*............................................................................*
*Br    5 :down      : down[numHits]/F                                        *
*Entries :        0 : Total  Size=        580 bytes  One basket in memory    *
*Baskets :        0 : Basket Size=      32000 bytes  Compression=   1.00     *
*............................................................................*
*Br    6 :e1        : e1[numHits]/F                                          *
*Entries :        0 : Total  Size=        572 bytes  One basket in memory    *
*Baskets :        0 : Basket Size=      32000 bytes  Compression=   1.00     *
*............................................................................*
*Br    7 :e2        : e2[numHits]/F                                          *
*Entries :        0 : Total  Size=        572 bytes  One basket in memory    *
*Baskets :        0 : Basket Size=      32000 bytes  Compression=   1.00     *
*............................................................................*
*Br    8 :e3        : e3[numHits]/F                                          *
*Entries :        0 : Total  Size=        572 bytes  One basket in memory    *
*Baskets :        0 : Basket Size=      32000 bytes  Compression=   1.00     *
*............................................................................*
*Br    9 :tac       : tac[numHits]/F                                         *
*Entries :        0 : Total  Size=        576 bytes  One basket in memory    *
*Baskets :        0 : Basket Size=      32000 bytes  Compression=   1.00     *
*............................................................................*
*Br   10 :fmaDeltaTime : fmaDeltaTime[numHits]/F                             *
*Entries :        0 : Total  Size=        612 bytes  One basket in memory    *
*Baskets :        0 : Basket Size=      32000 bytes  Compression=   1.00     *
*............................................................................*
*Br   11 :fmaMult   : fmaMult[10]/I                                          *
*Entries :        0 : Total  Size=        501 bytes  One basket in memory    *
*Baskets :        0 : Basket Size=      32000 bytes  Compression=   1.00     *
*............................................................................*
*Br   12 :gammaMult : gammaMult/I                                            *
*Entries :        0 : Total  Size=        501 bytes  One basket in memory    *
*Baskets :        0 : Basket Size=      32000 bytes  Compression=   1.00     *
*............................................................................*
*Br   13 :gammaEnergy : gammaEnergy[gammaMult]/F                             *
*Entries :        0 : Total  Size=        616 bytes  One basket in memory    *
*Baskets :        0 : Basket Size=      32000 bytes  Compression=   1.00     *
*............................................................................*
*Br   14 :gammaTimestamp : gammaTimestamp[gammaMult]/F                       *
*Entries :        0 : Total  Size=        628 bytes  One basket in memory    *
*Baskets :        0 : Basket Size=      32000 bytes  Compression=   1.00     *
*............................................................................*
*Br   15 :deltaTime : deltaTime[gammaMult]/F                                 *
*Entries :        0 : Total  Size=        608 bytes  One basket in memory    *
*Baskets :        0 : Basket Size=      32000 bytes  Compression=   1.00     *
*............................................................................*
 TH1.Print Name  = eCC_a, Entries= 0, Total sum= 0
 TH1.Print Name  = eCC_b, Entries= 0, Total sum= 0
 TH1.Print Name  = eCC_c, Entries= 0, Total sum= 0
 TH1.Print Name  = eCC_d, Entries= 0, Total sum= 0
 TH1.Print Name  = eSeg, Entries= 0, Total sum= 0
 TH1.Print Name  = mode3_hitpat, Entries= 0, Total sum= 0
 TH1.Print Name  = mode3_hitpat_chan, Entries= 0, Total sum= 0
 TH1.Print Name  = chan0, Entries= 0, Total sum= 0
 TH1.Print Name  = module, Entries= 0, Total sum= 0
 TH1.Print Name  = chan, Entries= 0, Total sum= 0
 TH1.Print Name  = l, Entries= 0, Total sum= 0
 TH1.Print Name  = r, Entries= 0, Total sum= 0
 TH1.Print Name  = up, Entries= 0, Total sum= 0
 TH1.Print Name  = down, Entries= 0, Total sum= 0
 TH1.Print Name  = sumlr, Entries= 0, Total sum= 0
 TH1.Print Name  = sumud, Entries= 0, Total sum= 0
 TH1.Print Name  = x, Entries= 0, Total sum= 0
 TH1.Print Name  = y, Entries= 0, Total sum= 0
 TH1.Print Name  = de1, Entries= 0, Total sum= 0
 TH1.Print Name  = de2, Entries= 0, Total sum= 0
 TH1.Print Name  = de3, Entries= 0, Total sum= 0
 TH1.Print Name  = de12, Entries= 0, Total sum= 0
 TH1.Print Name  = etot, Entries= 0, Total sum= 0
 TH1.Print Name  = rftof, Entries= 0, Total sum= 0
 TH1.Print Name  = lr, Entries= 0, Total sum= 0
 TH1.Print Name  = ud, Entries= 0, Total sum= 0
 TH1.Print Name  = ede1, Entries= 0, Total sum= 0
 TH1.Print Name  = ede1g, Entries= 0, Total sum= 0
 TH1.Print Name  = ede2, Entries= 0, Total sum= 0
 TH1.Print Name  = ede12, Entries= 0, Total sum= 0
 TH1.Print Name  = xde1, Entries= 0, Total sum= 0
 TH1.Print Name  = erftof, Entries= 0, Total sum= 0
 TH1.Print Name  = erftofg, Entries= 0, Total sum= 0
 TH1.Print Name  = sumehi, Entries= 0, Total sum= 0
 TH1.Print Name  = tgppac, Entries= 0, Total sum= 0
 TH1.Print Name  = tgppacg, Entries= 0, Total sum= 0
 TH1.Print Name  = xehi1, Entries= 0, Total sum= 0
 TH1.Print Name  = xehi1g, Entries= 0, Total sum= 0
 TH1.Print Name  = de1ehi, Entries= 0, Total sum= 0
 TH1.Print Name  = de1ehig, Entries= 0, Total sum= 0
 TH1.Print Name  = ng, Entries= 0, Total sum= 0
 TH1.Print Name  = ehiz1, Entries= 0, Total sum= 0
 TH1.Print Name  = ehiz2, Entries= 0, Total sum= 0
 TH1.Print Name  = ehiz3, Entries= 0, Total sum= 0
 TH1.Print Name  = ehiz4, Entries= 0, Total sum= 0
 TH1.Print Name  = ehiz5, Entries= 0, Total sum= 0
 TH1.Print Name  = gg_dt, Entries= 0, Total sum= 0
 TH1.Print Name  = gg, Entries= 0, Total sum= 0
 TH1.Print Name  = gg_z1, Entries= 0, Total sum= 0
 TH1.Print Name  = gg_z2, Entries= 0, Total sum= 0
 TH1.Print Name  = gg_z3, Entries= 0, Total sum= 0
 TH1.Print Name  = gg_z4, Entries= 0, Total sum= 0
 TH1.Print Name  = gg_z5, Entries= 0, Total sum= 0
GRETINA detector angles
mod  1, crystal 0 [  4]: ( 10.07   3.58  15.10) pol   35.30 ,  azi   13.35; pol   35.30 ,  azi   19.58; modCCdopfac[4] 1.0271
mod  1, crystal 1 [  5]: ( 10.11   9.19  12.47) pol   47.60 ,  azi   36.39; pol   47.60 ,  azi   42.30; modCCdopfac[5] 1.0222
mod  1, crystal 2 [  6]: (  5.44   7.69  15.92) pol   30.60 ,  azi   25.77; pol   30.60 ,  azi   54.72; modCCdopfac[6] 1.0287
mod  1, crystal 3 [  7]: (  4.99   1.78  17.72) pol   16.65 ,  azi    5.72; pol   16.65 ,  azi   19.58; modCCdopfac[7] 1.0321
mod  2, crystal 0 [  8]: ( -0.29  10.69  15.10) pol   35.30 ,  azi   35.29; pol   35.30 ,  azi   91.58; modCCdopfac[8] 1.0271
mod  2, crystal 1 [  9]: ( -5.62  12.45  12.47) pol   47.60 ,  azi   44.95; pol   47.60 ,  azi  114.30; modCCdopfac[9] 1.0222
mod  2, crystal 2 [ 10]: ( -5.63   7.55  15.92) pol   30.60 ,  azi   25.36; pol   30.60 ,  azi  126.72; modCCdopfac[10] 1.0287
mod  2, crystal 3 [ 11]: ( -0.15   5.30  17.72) pol   16.65 ,  azi   16.64; pol   16.65 ,  azi   91.58; modCCdopfac[11] 1.0321
mod  3, crystal 0 [ 12]: (-10.25   3.02  15.10) pol   35.30 ,  azi   11.32; pol   35.30 ,  azi  163.58; modCCdopfac[12] 1.0271
mod  3, crystal 1 [ 13]: (-13.58  -1.50  12.47) pol   47.60 ,  azi   -6.85; pol   47.60 ,  azi -173.70; modCCdopfac[13] 1.0222
mod  3, crystal 2 [ 14]: ( -8.92  -3.02  15.92) pol   30.60 ,  azi  -10.75; pol   30.60 ,  azi -161.28; modCCdopfac[14] 1.0287
mod  3, crystal 3 [ 15]: ( -5.08   1.50  17.72) pol   16.65 ,  azi    4.83; pol   16.65 ,  azi  163.58; modCCdopfac[15] 1.0321
mod  4, crystal 0 [ 16]: ( -6.04  -8.82  15.10) pol   35.30 ,  azi  -30.29; pol   35.30 ,  azi -124.42; modCCdopfac[16] 1.0271
mod  4, crystal 1 [ 17]: ( -2.77 -13.38  12.47) pol   47.60 ,  azi  -47.00; pol   47.60 ,  azi -101.70; modCCdopfac[17] 1.0222
mod  4, crystal 2 [ 18]: (  0.12  -9.42  15.92) pol   30.60 ,  azi  -30.60; pol   30.60 ,  azi  -89.28; modCCdopfac[18] 1.0287
mod  4, crystal 3 [ 19]: ( -3.00  -4.37  17.72) pol   16.65 ,  azi  -13.86; pol   16.65 ,  azi -124.42; modCCdopfac[19] 1.0321
mod  5, crystal 0 [ 20]: (  6.52  -8.47  15.10) pol   35.30 ,  azi  -29.30; pol   35.30 ,  azi  -52.42; modCCdopfac[20] 1.0271
mod  5, crystal 1 [ 21]: ( 11.87  -6.77  12.47) pol   47.60 ,  azi  -28.49; pol   47.60 ,  azi  -29.70; modCCdopfac[21] 1.0222
mod  5, crystal 2 [ 22]: (  8.99  -2.80  15.92) pol   30.60 ,  azi   -9.96; pol   30.60 ,  azi  -17.28; modCCdopfac[22] 1.0287
mod  5, crystal 3 [ 23]: (  3.23  -4.20  17.72) pol   16.65 ,  azi  -13.33; pol   16.65 ,  azi  -52.42; modCCdopfac[23] 1.0321
mod  6, crystal 0 [ 24]: (  4.54  16.51   7.02) pol   67.71 ,  azi   66.97; pol   67.71 ,  azi   74.63; modCCdopfac[24] 1.0121
mod  6, crystal 1 [ 25]: ( -0.33  15.15  10.61) pol   55.02 ,  azi   55.01; pol   55.02 ,  azi   91.23; modCCdopfac[25] 1.0187
mod  6, crystal 2 [ 26]: (  5.05  13.00  12.16) pol   48.92 ,  azi   46.92; pol   48.92 ,  azi   68.77; modCCdopfac[26] 1.0216
mod  6, crystal 3 [ 27]: (  9.66  13.57   8.06) pol   64.18 ,  azi   59.29; pol   64.18 ,  azi   54.55; modCCdopfac[27] 1.0140
mod  7, crystal 0 [ 28]: (-14.30   9.42   7.02) pol   67.71 ,  azi   53.31; pol   67.71 ,  azi  146.63; modCCdopfac[28] 1.0121
mod  7, crystal 1 [ 29]: (-14.51   4.37  10.61) pol   55.02 ,  azi   22.40; pol   55.02 ,  azi  163.23; modCCdopfac[29] 1.0187
mod  7, crystal 2 [ 30]: (-10.80   8.82  12.16) pol   48.92 ,  azi   35.96; pol   48.92 ,  azi  140.77; modCCdopfac[30] 1.0216
mod  7, crystal 3 [ 31]: ( -9.92  13.38   8.06) pol   64.18 ,  azi   58.94; pol   64.18 ,  azi  126.55; modCCdopfac[31] 1.0140
mod  8, crystal 0 [ 32]: (-13.37 -10.69   7.02) pol   67.71 ,  azi  -56.71; pol   67.71 ,  azi -141.37; modCCdopfac[32] 1.0121
mod  8, crystal 1 [ 33]: ( -8.64 -12.45  10.61) pol   55.02 ,  azi  -49.58; pol   55.02 ,  azi -124.77; modCCdopfac[33] 1.0187
mod  8, crystal 2 [ 34]: (-11.73  -7.55  12.16) pol   48.92 ,  azi  -31.84; pol   48.92 ,  azi -147.23; modCCdopfac[34] 1.0216
mod  8, crystal 3 [ 35]: (-15.79  -5.30   8.06) pol   64.18 ,  azi  -33.33; pol   64.18 ,  azi -161.45; modCCdopfac[35] 1.0140
mod  9, crystal 0 [ 36]: (  6.03 -16.02   7.02) pol   67.71 ,  azi  -66.35; pol   67.71 ,  azi  -69.37; modCCdopfac[36] 1.0121
mod  9, crystal 1 [ 37]: (  9.17 -12.07  10.61) pol   55.02 ,  azi  -48.69; pol   55.02 ,  azi  -52.77; modCCdopfac[37] 1.0187
mod  9, crystal 2 [ 38]: (  3.56 -13.48  12.16) pol   48.92 ,  azi  -47.96; pol   48.92 ,  azi  -75.23; modCCdopfac[38] 1.0216
mod  9, crystal 3 [ 39]: (  0.16 -16.65   8.06) pol   64.18 ,  azi  -64.18; pol   64.18 ,  azi  -89.45; modCCdopfac[39] 1.0140
mod 10, crystal 0 [ 40]: ( 17.10   0.79   7.02) pol   67.71 ,  azi    6.39; pol   67.71 ,  azi    2.63; modCCdopfac[40] 1.0121
mod 10, crystal 1 [ 41]: ( 14.31   4.99  10.61) pol   55.02 ,  azi   25.21; pol   55.02 ,  azi   19.23; modCCdopfac[41] 1.0187
mod 10, crystal 2 [ 42]: ( 13.92  -0.79  12.16) pol   48.92 ,  azi   -3.70; pol   48.92 ,  azi   -3.23; modCCdopfac[42] 1.0216
mod 10, crystal 3 [ 43]: ( 15.89  -4.99   8.06) pol   64.18 ,  azi  -31.79; pol   64.18 ,  azi  -17.45; modCCdopfac[43] 1.0140
mod 11, crystal 0 [ 44]: ( 18.26   2.80   0.92) pol   87.15 ,  azi   71.78; pol   87.15 ,  azi    8.71; modCCdopfac[44] 1.0011
mod 11, crystal 1 [ 45]: ( 17.30   4.20  -5.04) pol  105.79 ,  azi  140.16; pol  105.79 ,  azi   13.65; modCCdopfac[45] 0.9906
mod 11, crystal 2 [ 46]: ( 16.42   8.47  -0.92) pol   92.85 ,  azi   96.20; pol   92.85 ,  azi   27.29; modCCdopfac[46] 0.9978
mod 11, crystal 3 [ 47]: ( 16.46   6.77   5.04) pol   74.21 ,  azi   53.36; pol   74.21 ,  azi   22.35; modCCdopfac[47] 1.0085
mod 12, crystal 0 [ 48]: ( 12.46  13.48  -2.26) pol   97.01 ,  azi   99.50; pol   97.01 ,  azi   47.25; modCCdopfac[48] 0.9954
mod 12, crystal 1 [ 49]: (  7.28  16.65  -3.46) pol  100.78 ,  azi  101.74; pol  100.78 ,  azi   66.39; modCCdopfac[49] 0.9933
mod 12, crystal 2 [ 50]: (  8.97  16.02   2.26) pol   82.99 ,  azi   81.98; pol   82.99 ,  azi   60.75; modCCdopfac[50] 1.0035
mod 12, crystal 3 [ 51]: ( 13.59  12.07   3.46) pol   79.22 ,  azi   74.00; pol   79.22 ,  azi   41.61; modCCdopfac[51] 1.0057
mod 13, crystal 0 [ 52]: (  2.98  18.23   0.92) pol   87.15 ,  azi   87.11; pol   87.15 ,  azi   80.71; modCCdopfac[52] 1.0011
mod 13, crystal 1 [ 53]: (  1.35  17.75  -5.04) pol  105.79 ,  azi  105.84; pol  105.79 ,  azi   85.65; modCCdopfac[53] 0.9906
mod 13, crystal 2 [ 54]: ( -2.98  18.23  -0.92) pol   92.85 ,  azi   92.89; pol   92.85 ,  azi   99.29; modCCdopfac[54] 0.9978
mod 13, crystal 3 [ 55]: ( -1.35  17.75   5.04) pol   74.21 ,  azi   74.16; pol   74.21 ,  azi   94.35; modCCdopfac[55] 1.0085
mod 14, crystal 0 [ 56]: ( -8.97  16.02  -2.26) pol   97.01 ,  azi   98.02; pol   97.01 ,  azi  119.25; modCCdopfac[56] 0.9954
mod 14, crystal 1 [ 57]: (-13.59  12.07  -3.46) pol  100.78 ,  azi  106.00; pol  100.78 ,  azi  138.39; modCCdopfac[57] 0.9933
mod 14, crystal 2 [ 58]: (-12.46  13.48   2.26) pol   82.99 ,  azi   80.50; pol   82.99 ,  azi  132.75; modCCdopfac[58] 1.0035
mod 14, crystal 3 [ 59]: ( -7.28  16.65   3.46) pol   79.22 ,  azi   78.26; pol   79.22 ,  azi  113.61; modCCdopfac[59] 1.0057
mod 15, crystal 0 [ 60]: (-16.42   8.47   0.92) pol   87.15 ,  azi   83.80; pol   87.15 ,  azi  152.71; modCCdopfac[60] 1.0011
mod 15, crystal 1 [ 61]: (-16.46   6.77  -5.04) pol  105.79 ,  azi  126.64; pol  105.79 ,  azi  157.65; modCCdopfac[61] 0.9906
mod 15, crystal 2 [ 62]: (-18.26   2.80  -0.92) pol   92.85 ,  azi  108.22; pol   92.85 ,  azi  171.29; modCCdopfac[62] 0.9978
mod 15, crystal 3 [ 63]: (-17.30   4.20   5.04) pol   74.21 ,  azi   39.84; pol   74.21 ,  azi  166.35; modCCdopfac[63] 1.0085
mod 16, crystal 0 [ 64]: (-18.01  -3.58  -2.26) pol   97.01 ,  azi -122.21; pol   97.01 ,  azi -168.75; modCCdopfac[64] 0.9954
mod 16, crystal 1 [ 65]: (-15.68  -9.19  -3.46) pol  100.78 ,  azi -110.62; pol  100.78 ,  azi -149.61; modCCdopfac[65] 0.9933
mod 16, crystal 2 [ 66]: (-16.68  -7.69   2.26) pol   82.99 ,  azi  -73.64; pol   82.99 ,  azi -155.25; modCCdopfac[66] 1.0035
mod 16, crystal 3 [ 67]: (-18.09  -1.78   3.46) pol   79.22 ,  azi  -27.18; pol   79.22 ,  azi -174.39; modCCdopfac[67] 1.0057
mod 17, crystal 0 [ 68]: (-13.13 -13.00   0.92) pol   87.15 ,  azi  -85.95; pol   87.15 ,  azi -135.29; modCCdopfac[68] 1.0011
mod 17, crystal 1 [ 69]: (-11.53 -13.57  -5.04) pol  105.79 ,  azi -110.36; pol  105.79 ,  azi -130.35; modCCdopfac[69] 0.9906
mod 17, crystal 2 [ 70]: ( -8.30 -16.51  -0.92) pol   92.85 ,  azi  -93.19; pol   92.85 ,  azi -116.71; modCCdopfac[70] 0.9978
mod 17, crystal 3 [ 71]: ( -9.34 -15.15   5.04) pol   74.21 ,  azi  -71.62; pol   74.21 ,  azi -121.65; modCCdopfac[71] 1.0085
mod 18, crystal 0 [ 72]: ( -2.16 -18.23  -2.26) pol   97.01 ,  azi  -97.05; pol   97.01 ,  azi  -96.75; modCCdopfac[72] 0.9954
mod 18, crystal 1 [ 73]: (  3.90 -17.75  -3.46) pol  100.78 ,  azi -101.03; pol  100.78 ,  azi  -77.61; modCCdopfac[73] 0.9933
mod 18, crystal 2 [ 74]: (  2.16 -18.23   2.26) pol   82.99 ,  azi  -82.95; pol   82.99 ,  azi  -83.25; modCCdopfac[74] 1.0035
mod 18, crystal 3 [ 75]: ( -3.90 -17.75   3.46) pol   79.22 ,  azi  -78.97; pol   79.22 ,  azi -102.39; modCCdopfac[75] 1.0057
mod 19, crystal 0 [ 76]: (  8.30 -16.51   0.92) pol   87.15 ,  azi  -86.81; pol   87.15 ,  azi  -63.29; modCCdopfac[76] 1.0011
mod 19, crystal 1 [ 77]: (  9.34 -15.15  -5.04) pol  105.79 ,  azi -108.38; pol  105.79 ,  azi  -58.35; modCCdopfac[77] 0.9906
mod 19, crystal 2 [ 78]: ( 13.13 -13.00  -0.92) pol   92.85 ,  azi  -94.05; pol   92.85 ,  azi  -44.71; modCCdopfac[78] 0.9978
mod 19, crystal 3 [ 79]: ( 11.53 -13.57   5.04) pol   74.21 ,  azi  -69.64; pol   74.21 ,  azi  -49.65; modCCdopfac[79] 1.0085
mod 20, crystal 0 [ 80]: ( 16.68  -7.69  -2.26) pol   97.01 ,  azi -106.36; pol   97.01 ,  azi  -24.75; modCCdopfac[80] 0.9954
mod 20, crystal 1 [ 81]: ( 18.09  -1.78  -3.46) pol  100.78 ,  azi -152.82; pol  100.78 ,  azi   -5.61; modCCdopfac[81] 0.9933
mod 20, crystal 2 [ 82]: ( 18.01  -3.58   2.26) pol   82.99 ,  azi  -57.79; pol   82.99 ,  azi  -11.25; modCCdopfac[82] 1.0035
mod 20, crystal 3 [ 83]: ( 15.68  -9.19   3.46) pol   79.22 ,  azi  -69.38; pol   79.22 ,  azi  -30.39; modCCdopfac[83] 1.0057
mod 21, crystal 0 [ 84]: ( 14.30   9.42  -7.02) pol  112.29 ,  azi  126.69; pol  112.29 ,  azi   33.37; modCCdopfac[84] 0.9871
mod 21, crystal 1 [ 85]: ( 14.51   4.37 -10.61) pol  124.98 ,  azi  157.60; pol  124.98 ,  azi   16.77; modCCdopfac[85] 0.9809
mod 21, crystal 2 [ 86]: ( 10.80   8.82 -12.16) pol  131.08 ,  azi  144.04; pol  131.08 ,  azi   39.23; modCCdopfac[86] 0.9782
mod 21, crystal 3 [ 87]: (  9.92  13.38  -8.06) pol  115.82 ,  azi  121.06; pol  115.82 ,  azi   53.45; modCCdopfac[87] 0.9853
mod 22, crystal 0 [ 88]: ( -4.54  16.51  -7.02) pol  112.29 ,  azi  113.03; pol  112.29 ,  azi  105.37; modCCdopfac[88] 0.9871
mod 22, crystal 1 [ 89]: (  0.33  15.15 -10.61) pol  124.98 ,  azi  124.99; pol  124.98 ,  azi   88.77; modCCdopfac[89] 0.9809
mod 22, crystal 2 [ 90]: ( -5.05  13.00 -12.16) pol  131.08 ,  azi  133.08; pol  131.08 ,  azi  111.23; modCCdopfac[90] 0.9782
mod 22, crystal 3 [ 91]: ( -9.66  13.57  -8.06) pol  115.82 ,  azi  120.71; pol  115.82 ,  azi  125.45; modCCdopfac[91] 0.9853
mod 23, crystal 0 [ 92]: (-17.10   0.79  -7.02) pol  112.29 ,  azi  173.61; pol  112.29 ,  azi  177.37; modCCdopfac[92] 0.9871
mod 23, crystal 1 [ 93]: (-14.31   4.99 -10.61) pol  124.98 ,  azi  154.79; pol  124.98 ,  azi  160.77; modCCdopfac[93] 0.9809
mod 23, crystal 2 [ 94]: (-13.92  -0.79 -12.16) pol  131.08 ,  azi -176.30; pol  131.08 ,  azi -176.77; modCCdopfac[94] 0.9782
mod 23, crystal 3 [ 95]: (-15.89  -4.99  -8.06) pol  115.82 ,  azi -148.21; pol  115.82 ,  azi -162.55; modCCdopfac[95] 0.9853
mod 24, crystal 0 [ 96]: ( -6.03 -16.02  -7.02) pol  112.29 ,  azi -113.65; pol  112.29 ,  azi -110.63; modCCdopfac[96] 0.9871
mod 24, crystal 1 [ 97]: ( -9.17 -12.07 -10.61) pol  124.98 ,  azi -131.31; pol  124.98 ,  azi -127.23; modCCdopfac[97] 0.9809
mod 24, crystal 2 [ 98]: ( -3.56 -13.48 -12.16) pol  131.08 ,  azi -132.04; pol  131.08 ,  azi -104.77; modCCdopfac[98] 0.9782
mod 24, crystal 3 [ 99]: ( -0.16 -16.65  -8.06) pol  115.82 ,  azi -115.82; pol  115.82 ,  azi  -90.55; modCCdopfac[99] 0.9853
mod 25, crystal 0 [100]: ( 13.37 -10.69  -7.02) pol  112.29 ,  azi -123.29; pol  112.29 ,  azi  -38.63; modCCdopfac[100] 0.9871
mod 25, crystal 1 [101]: (  8.64 -12.45 -10.61) pol  124.98 ,  azi -130.42; pol  124.98 ,  azi  -55.23; modCCdopfac[101] 0.9809
mod 25, crystal 2 [102]: ( 11.73  -7.55 -12.16) pol  131.08 ,  azi -148.16; pol  131.08 ,  azi  -32.77; modCCdopfac[102] 0.9782
mod 25, crystal 3 [103]: ( 15.79  -5.30  -8.06) pol  115.82 ,  azi -146.67; pol  115.82 ,  azi  -18.55; modCCdopfac[103] 0.9853
mod 26, crystal 0 [104]: (  0.29  10.69 -15.10) pol  144.70 ,  azi  144.71; pol  144.70 ,  azi   88.42; modCCdopfac[104] 0.9732
mod 26, crystal 1 [105]: (  5.62  12.45 -12.47) pol  132.40 ,  azi  135.05; pol  132.40 ,  azi   65.70; modCCdopfac[105] 0.9777
mod 26, crystal 2 [106]: (  5.63   7.55 -15.92) pol  149.40 ,  azi  154.64; pol  149.40 ,  azi   53.28; modCCdopfac[106] 0.9718
mod 26, crystal 3 [107]: (  0.15   5.30 -17.72) pol  163.35 ,  azi  163.36; pol  163.35 ,  azi   88.42; modCCdopfac[107] 0.9688
mod 27, crystal 0 [108]: (-10.07   3.58 -15.10) pol  144.70 ,  azi  166.65; pol  144.70 ,  azi  160.42; modCCdopfac[108] 0.9732
mod 27, crystal 1 [109]: (-10.11   9.19 -12.47) pol  132.40 ,  azi  143.61; pol  132.40 ,  azi  137.70; modCCdopfac[109] 0.9777
mod 27, crystal 2 [110]: ( -5.44   7.69 -15.92) pol  149.40 ,  azi  154.23; pol  149.40 ,  azi  125.28; modCCdopfac[110] 0.9718
mod 27, crystal 3 [111]: ( -4.99   1.78 -17.72) pol  163.35 ,  azi  174.28; pol  163.35 ,  azi  160.42; modCCdopfac[111] 0.9688
mod 28, crystal 0 [112]: ( -6.52  -8.47 -15.10) pol  144.70 ,  azi -150.70; pol  144.70 ,  azi -127.58; modCCdopfac[112] 0.9732
mod 28, crystal 1 [113]: (-11.87  -6.77 -12.47) pol  132.40 ,  azi -151.51; pol  132.40 ,  azi -150.30; modCCdopfac[113] 0.9777
mod 28, crystal 2 [114]: ( -8.99  -2.80 -15.92) pol  149.40 ,  azi -170.04; pol  149.40 ,  azi -162.72; modCCdopfac[114] 0.9718
mod 28, crystal 3 [115]: ( -3.23  -4.20 -17.72) pol  163.35 ,  azi -166.67; pol  163.35 ,  azi -127.58; modCCdopfac[115] 0.9688
mod 29, crystal 0 [116]: (  6.04  -8.82 -15.10) pol  144.70 ,  azi -149.71; pol  144.70 ,  azi  -55.58; modCCdopfac[116] 0.9732
mod 29, crystal 1 [117]: (  2.77 -13.38 -12.47) pol  132.40 ,  azi -133.00; pol  132.40 ,  azi  -78.30; modCCdopfac[117] 0.9777
mod 29, crystal 2 [118]: ( -0.12  -9.42 -15.92) pol  149.40 ,  azi -149.40; pol  149.40 ,  azi  -90.72; modCCdopfac[118] 0.9718
mod 29, crystal 3 [119]: (  3.00  -4.37 -17.72) pol  163.35 ,  azi -166.14; pol  163.35 ,  azi  -55.58; modCCdopfac[119] 0.9688
mod 30, crystal 0 [120]: ( 10.25   3.02 -15.10) pol  144.70 ,  azi  168.68; pol  144.70 ,  azi   16.42; modCCdopfac[120] 0.9732
mod 30, crystal 1 [121]: ( 13.58  -1.50 -12.47) pol  132.40 ,  azi -173.15; pol  132.40 ,  azi   -6.30; modCCdopfac[121] 0.9777
mod 30, crystal 2 [122]: (  8.92  -3.02 -15.92) pol  149.40 ,  azi -169.25; pol  149.40 ,  azi  -18.72; modCCdopfac[122] 0.9718
mod 30, crystal 3 [123]: (  5.08   1.50 -17.72) pol  163.35 ,  azi  175.17; pol  163.35 ,  azi   16.42; modCCdopfac[123] 0.9688
setup signal catcher
started sorting... from disk...

Pars.maxTS=4611686018427387904
got initial header, TS=1154352439329 ID: 1 length: 464
read initial payload of siz=464 into event position 1
__ptgd[0]->type= 0; ptgd[0]->length=   0; ptgd[0]->timestamp=0
initial ii=1, nn=1
ev#     0 GEB_TYPE_DECOMP        464Bytes TS=1154352480579 curTS=1154352439329 dTS= 41250
t0=1154352439329
first event: GEB_event.mult=1
   0/ 0: ( 1,GEB_TYPE_DECOMP      ) TS=       1154352439329; dT=0
maxTS=9794352439329
that is 86400.0 seconds or 24h0m0s minutes of sorting
GEBGetEv returned st=0
we have read 960 bytes; CurEvNo=1

+++++++++++++++++++++++++++++++
*start event # 1 with multiplicity 1 looks like this:
 0>  1, GEB_TYPE_DECOMP      , TS=1154352439329
entered bin_mode2: 1/10
ptinp->pad= 6, (ptinp->pad&0x000000ff)= 6
updated CCadd with    0.00
total number of hits in array: 0
exit bin_mode2
entered bin_mode3 @ event number: 1 
exit bin_mode3
*end of event # 1
+++++++++++++++++++++++++++++++
ev#     1 GEB_TYPE_DECOMP        464Bytes TS=1154352489675 curTS=1154352480579 dTS= 9096
GEBGetEv returned st=0
we have read 1440 bytes; CurEvNo=2

+++++++++++++++++++++++++++++++
*start event # 2 with multiplicity 1 looks like this:
 0>  1, GEB_TYPE_DECOMP      , TS=1154352480579
entered bin_mode2: 2/10
ptinp->pad= 6, (ptinp->pad&0x000000ff)= 6
updated CCadd with    0.00
total number of hits in array: 0
exit bin_mode2
entered bin_mode3 @ event number: 2 
exit bin_mode3
*end of event # 2
+++++++++++++++++++++++++++++++
ev#     2 GEB_TYPE_DECOMP        464Bytes TS=1154352489681 curTS=1154352489675 dTS= 6
ev#     2 GEB_TYPE_DECOMP        464Bytes TS=1154352489683 curTS=1154352489675 dTS= 8
ev#     2 GEB_TYPE_DECOMP        464Bytes TS=1154352492927 curTS=1154352489675 dTS= 3252
GEBGetEv returned st=0
we have read 2880 bytes; CurEvNo=3

+++++++++++++++++++++++++++++++
*start event # 3 with multiplicity 3 looks like this:
 0>  1, GEB_TYPE_DECOMP      , TS=1154352489675
 1>  1, GEB_TYPE_DECOMP      , TS=1154352489681
 2>  1, GEB_TYPE_DECOMP      , TS=1154352489683
entered bin_mode2: 3/10
ptinp->pad= 6, (ptinp->pad&0x000000ff)= 6
ptinp->pad= 6, (ptinp->pad&0x000000ff)= 6
ptinp->pad= 6, (ptinp->pad&0x000000ff)= 6
updated CCadd with    0.00
total number of hits in array: 0
exit bin_mode2
entered bin_mode3 @ event number: 3 
exit bin_mode3
*end of event # 3
+++++++++++++++++++++++++++++++
ev#     3 GEB_TYPE_DECOMP        464Bytes TS=1154352492929 curTS=1154352492927 dTS= 2
ev#     3 GEB_TYPE_DECOMP        464Bytes TS=1154352502009 curTS=1154352492927 dTS= 9082
GEBGetEv returned st=0
we have read 3840 bytes; CurEvNo=4

+++++++++++++++++++++++++++++++
*start event # 4 with multiplicity 2 looks like this:
 0>  1, GEB_TYPE_DECOMP      , TS=1154352492927
 1>  1, GEB_TYPE_DECOMP      , TS=1154352492929
entered bin_mode2: 4/10
ptinp->pad= 6, (ptinp->pad&0x000000ff)= 6
ptinp->pad= 6, (ptinp->pad&0x000000ff)= 6
updated CCadd with    0.00
total number of hits in array: 0
exit bin_mode2
entered bin_mode3 @ event number: 4 
exit bin_mode3
*end of event # 4
+++++++++++++++++++++++++++++++
ev#     4 GEB_TYPE_DECOMP        464Bytes TS=1154352502257 curTS=1154352502009 dTS= 248
GEBGetEv returned st=0
we have read 4320 bytes; CurEvNo=5

+++++++++++++++++++++++++++++++
*start event # 5 with multiplicity 1 looks like this:
 0>  1, GEB_TYPE_DECOMP      , TS=1154352502009
entered bin_mode2: 5/10
ptinp->pad= 6, (ptinp->pad&0x000000ff)= 6
updated CCadd with    0.00
total number of hits in array: 0
exit bin_mode2
entered bin_mode3 @ event number: 5 
exit bin_mode3
*end of event # 5
+++++++++++++++++++++++++++++++
ev#     5 GEB_TYPE_DECOMP        464Bytes TS=1154352502949 curTS=1154352502257 dTS= 692
GEBGetEv returned st=0
we have read 4800 bytes; CurEvNo=6

+++++++++++++++++++++++++++++++
*start event # 6 with multiplicity 1 looks like this:
 0>  1, GEB_TYPE_DECOMP      , TS=1154352502257
entered bin_mode2: 6/10
ptinp->pad= 6, (ptinp->pad&0x000000ff)= 6
updated CCadd with    0.00
total number of hits in array: 0
exit bin_mode2
entered bin_mode3 @ event number: 6 
exit bin_mode3
*end of event # 6
+++++++++++++++++++++++++++++++
ev#     6 GEB_TYPE_DECOMP        464Bytes TS=1154352612163 curTS=1154352502949 dTS= 109214
GEBGetEv returned st=0
we have read 5280 bytes; CurEvNo=7

+++++++++++++++++++++++++++++++
*start event # 7 with multiplicity 1 looks like this:
 0>  1, GEB_TYPE_DECOMP      , TS=1154352502949
entered bin_mode2: 7/10
ptinp->pad= 6, (ptinp->pad&0x000000ff)= 6
updated CCadd with    0.00
total number of hits in array: 0
exit bin_mode2
entered bin_mode3 @ event number: 7 
exit bin_mode3
*end of event # 7
+++++++++++++++++++++++++++++++
ev#     7 GEB_TYPE_GT_MOD29      440Bytes TS=1154352612449 curTS=1154352612163 dTS= 286
GEBGetEv returned st=0
we have read 5736 bytes; CurEvNo=8

+++++++++++++++++++++++++++++++
*start event # 8 with multiplicity 1 looks like this:
 0>  1, GEB_TYPE_DECOMP      , TS=1154352612163
entered bin_mode2: 8/10
ptinp->pad= 0, (ptinp->pad&0x000000ff)= 0
good pad value
mode2 data:  0>  1, GEB_TYPE_DECOMP      , TS=1154352612163
number of hits: 1
* 0/1, is GEB_TYPE_DECOMP: num=1
__detno: 109, module: 27, crystalNumber: 1
CCenergies[0]=  58.60
* 0:   19.03, -14.83,   8.57 --> GT:   -8.78,   9.42, -14.65
updated CCadd with   58.60
total number of hits in array: 1
exit bin_mode2
entered bin_mode3 @ event number: 8 
exit bin_mode3
*end of event # 8
+++++++++++++++++++++++++++++++
ev#     8 GEB_TYPE_DECOMP        464Bytes TS=1154352612517 curTS=1154352612449 dTS= 68
ev#     8 GEB_TYPE_DECOMP        464Bytes TS=1154352616075 curTS=1154352612449 dTS= 3626
GEBGetEv returned st=0
we have read 6696 bytes; CurEvNo=9

+++++++++++++++++++++++++++++++
*start event # 9 with multiplicity 2 looks like this:
 0>  8, GEB_TYPE_GT_MOD29    , TS=1154352612449
 1>  1, GEB_TYPE_DECOMP      , TS=1154352612517
entered bin_mode2: 9/10
ptinp->pad= 6, (ptinp->pad&0x000000ff)= 6
updated CCadd with    0.00
total number of hits in array: 0
exit bin_mode2
entered bin_mode3 @ event number: 9 

bin_mode3:  0>  8, GEB_TYPE_GT_MOD29    , TS=1154352612449, 0x10cc4c70461; payload length: 440 bytes

---------
new GTheader at pos=0 or 0 words (8):
Event.hdr[ 0]=0x1f33,   7987
Event.hdr[ 1]=0x300a,  12298
Event.hdr[ 2]=0x0461,   1121
Event.hdr[ 3]=0xc4c7,  50375
Event.hdr[ 4]=0x010c,    268
Event.hdr[ 5]=0x95d4,  38356
Event.hdr[ 6]=0x4e0c,  19980
Event.hdr[ 7]=0x0000,      0
Event.hdr[ 8]=0x9d11,  40209
Event.hdr[ 9]=0x9582,  38274
Event.hdr[10]=0xc00c,  49164
Event.hdr[11]=0x19ea,   6634
Event.hdr[12]=0x47f8,  18424
Event.hdr[13]=0x002b,     43
Event.len=  44, Event.traceLen=  12 (in Bytes)
Event.len=  22, Event.traceLen=   6 (in 16 bit words)
Event.len=  11, Event.traceLen=   3 (in 32 bit words)
next start: 0xaaaaaaaa, pos= 44
0x1f33 module_id = 31 crystal_id = 0 digitizer_id = 3 chan_id = 3 ge_id = 124 channel = 33  -> is segment
open superpulse_009_00_01.xy at Event.chan_id = 3
open CCpulse_009_00_01.xy at Event.chan_id = 3
ncrystal=1
wrote trace to CCpulse_009_00_01.xy
two's comp tempE  ::     824788     824788 0x000c95d4 |0000|0000|0000|1100|1001|0101|1101|0100|
rawE              ::     824788     824788 0x000c95d4 |0000|0000|0000|1100|1001|0101|1101|0100|
rawE (sign change)::     824788     824788 0x000c95d4 |0000|0000|0000|1100|1001|0101|1101|0100|
Event.ehi=           25774 0x000064ae
Event.ehi=2577 (gain changed)
Event.LEDts =        1154352612449
Event.CFDts =      264329205645324

---------
new GTheader at pos=44 or 22 words (30):
Event.hdr[ 0]=0x1f34,   7988
Event.hdr[ 1]=0x300a,  12298
Event.hdr[ 2]=0x0461,   1121
Event.hdr[ 3]=0xc4c7,  50375
Event.hdr[ 4]=0x010c,    268
Event.hdr[ 5]=0x0051,     81
Event.hdr[ 6]=0x0e00,   3584
Event.hdr[ 7]=0x0000,      0
Event.hdr[ 8]=0x9d11,  40209
Event.hdr[ 9]=0x001c,     28
Event.hdr[10]=0x2200,   8704
Event.hdr[11]=0x0000,      0
Event.hdr[12]=0x008c,    140
Event.hdr[13]=0x0000,      0
Event.len=  44, Event.traceLen=  12 (in Bytes)
Event.len=  22, Event.traceLen=   6 (in 16 bit words)
Event.len=  11, Event.traceLen=   3 (in 32 bit words)
next start: 0xaaaaaaaa, pos= 88
0x1f34 module_id = 31 crystal_id = 0 digitizer_id = 3 chan_id = 4 ge_id = 124 channel = 34  -> is segment
ncrystal=1
wrote trace to CCpulse_009_00_01.xy
two's comp tempE  ::         81         81 0x00000051 |0000|0000|0000|0000|0000|0000|0101|0001|
rawE              ::         81         81 0x00000051 |0000|0000|0000|0000|0000|0000|0101|0001|
rawE (sign change)::         81         81 0x00000051 |0000|0000|0000|0000|0000|0000|0101|0001|
Event.ehi=               2 0x00000002
Event.ehi=0 (gain changed)
Event.LEDts =        1154352612449
Event.CFDts =         257701707788

---------
new GTheader at pos=88 or 44 words (52):
Event.hdr[ 0]=0x1f35,   7989
Event.hdr[ 1]=0x300a,  12298
Event.hdr[ 2]=0x0461,   1121
Event.hdr[ 3]=0xc4c7,  50375
Event.hdr[ 4]=0x010c,    268
Event.hdr[ 5]=0xbac0,  47808
Event.hdr[ 6]=0x4e09,  19977
Event.hdr[ 7]=0x0000,      0
Event.hdr[ 8]=0x9d11,  40209
Event.hdr[ 9]=0xb964,  47460
Event.hdr[10]=0x4c09,  19465
Event.hdr[11]=0x120b,   4619
Event.hdr[12]=0x913c,  37180
Event.hdr[13]=0x0020,     32
Event.len=  44, Event.traceLen=  12 (in Bytes)
Event.len=  22, Event.traceLen=   6 (in 16 bit words)
Event.len=  11, Event.traceLen=   3 (in 32 bit words)
next start: 0xaaaaaaaa, pos= 132
0x1f35 module_id = 31 crystal_id = 0 digitizer_id = 3 chan_id = 5 ge_id = 124 channel = 35  -> is segment
ncrystal=1
wrote trace to CCpulse_009_00_01.xy
two's comp tempE  ::     637632     637632 0x0009bac0 |0000|0000|0000|1001|1011|1010|1100|0000|
rawE              ::     637632     637632 0x0009bac0 |0000|0000|0000|1001|1011|1010|1100|0000|
rawE (sign change)::     637632     637632 0x0009bac0 |0000|0000|0000|1001|1011|1010|1100|0000|
Event.ehi=           19926 0x00004dd6
Event.ehi=1992 (gain changed)
Event.LEDts =        1154352612449
Event.CFDts =      268083064143884

---------
new GTheader at pos=132 or 66 words (74):
Event.hdr[ 0]=0x1f36,   7990
Event.hdr[ 1]=0x300a,  12298
Event.hdr[ 2]=0x0461,   1121
Event.hdr[ 3]=0xc4c7,  50375
Event.hdr[ 4]=0x010c,    268
Event.hdr[ 5]=0x0b2d,   2861
Event.hdr[ 6]=0x0e00,   3584
Event.hdr[ 7]=0x0000,      0
Event.hdr[ 8]=0x9d11,  40209
Event.hdr[ 9]=0xf1d0,  61904
Event.hdr[10]=0x2fff,  12287
Event.hdr[11]=0xffda,  65498
Event.hdr[12]=0xc543,  50499
Event.hdr[13]=0x07ff,   2047
Event.len=  44, Event.traceLen=  12 (in Bytes)
Event.len=  22, Event.traceLen=   6 (in 16 bit words)
Event.len=  11, Event.traceLen=   3 (in 32 bit words)
next start: 0xaaaaaaaa, pos= 176
0x1f36 module_id = 31 crystal_id = 0 digitizer_id = 3 chan_id = 6 ge_id = 124 channel = 36  -> is segment
ncrystal=1
wrote trace to CCpulse_009_00_01.xy
two's comp tempE  ::       2861       2861 0x00000b2d |0000|0000|0000|0000|0000|1011|0010|1101|
rawE              ::       2861       2861 0x00000b2d |0000|0000|0000|0000|0000|1011|0010|1101|
rawE (sign change)::       2861       2861 0x00000b2d |0000|0000|0000|0000|0000|1011|0010|1101|
Event.ehi=              89 0x00000059
Event.ehi=8 (gain changed)
Event.LEDts =        1154352612449
Event.CFDts =      281397665923084

---------
new GTheader at pos=176 or 88 words (96):
Event.hdr[ 0]=0x1f37,   7991
Event.hdr[ 1]=0x300a,  12298
Event.hdr[ 2]=0x0461,   1121
Event.hdr[ 3]=0xc4c7,  50375
Event.hdr[ 4]=0x010c,    268
Event.hdr[ 5]=0x01f2,    498
Event.hdr[ 6]=0x0e00,   3584
Event.hdr[ 7]=0x0000,      0
Event.hdr[ 8]=0x9d11,  40209
Event.hdr[ 9]=0xf584,  62852
Event.hdr[10]=0x53ff,  21503
Event.hdr[11]=0xffc3,  65475
Event.hdr[12]=0x5aa3,  23203
Event.hdr[13]=0x0000,      0
Event.len=  44, Event.traceLen=  12 (in Bytes)
Event.len=  22, Event.traceLen=   6 (in 16 bit words)
Event.len=  11, Event.traceLen=   3 (in 32 bit words)
next start: 0xaaaaaaaa, pos= 220
0x1f37 module_id = 31 crystal_id = 0 digitizer_id = 3 chan_id = 7 ge_id = 124 channel = 37  -> is segment
ncrystal=1
wrote trace to CCpulse_009_00_01.xy
two's comp tempE  ::        498        498 0x000001f2 |0000|0000|0000|0000|0000|0001|1111|0010|
rawE              ::        498        498 0x000001f2 |0000|0000|0000|0000|0000|0001|1111|0010|
rawE (sign change)::        498        498 0x000001f2 |0000|0000|0000|0000|0000|0001|1111|0010|
Event.ehi=              15 0x0000000f
Event.ehi=1 (gain changed)
Event.LEDts =        1154352612449
Event.CFDts =      281436321349644

---------
new GTheader at pos=220 or 110 words (118):
Event.hdr[ 0]=0x1f38,   7992
Event.hdr[ 1]=0x300a,  12298
Event.hdr[ 2]=0x0461,   1121
Event.hdr[ 3]=0xc4c7,  50375
Event.hdr[ 4]=0x010c,    268
Event.hdr[ 5]=0x8d89,  36233
Event.hdr[ 6]=0x1ff9,   8185
Event.hdr[ 7]=0x0000,      0
Event.hdr[ 8]=0x9d11,  40209
Event.hdr[ 9]=0xcd22,  52514
Event.hdr[10]=0xaffc,  45052
Event.hdr[11]=0xf95b,  63835
Event.hdr[12]=0x0f47,   3911
Event.hdr[13]=0x07f3,   2035
Event.len=  44, Event.traceLen=  12 (in Bytes)
Event.len=  22, Event.traceLen=   6 (in 16 bit words)
Event.len=  11, Event.traceLen=   3 (in 32 bit words)
next start: 0xaaaaaaaa, pos= 264
0x1f38 module_id = 31 crystal_id = 0 digitizer_id = 3 chan_id = 8 ge_id = 124 channel = 38  -> is segment
ncrystal=1
wrote trace to CCpulse_009_00_01.xy
two's comp tempE  ::   16354697   16354697 0x00f98d89 |0000|0000|1111|1001|1000|1101|1000|1001|
rawE              :: 4294544777    -422519 0xfff98d89 |1111|1111|1111|1001|1000|1101|1000|1001|
rawE (sign change)::     422519     422519 0x00067277 |0000|0000|0000|0110|0111|0010|0111|0111|
Event.ehi=           13203 0x00003393
Event.ehi=1320 (gain changed)
Event.LEDts =        1154352612449
Event.CFDts =         408030216204

---------
new GTheader at pos=264 or 132 words (140):
Event.hdr[ 0]=0x1f39,   7993
Event.hdr[ 1]=0x300a,  12298
Event.hdr[ 2]=0x0461,   1121
Event.hdr[ 3]=0xc4c7,  50375
Event.hdr[ 4]=0x010c,    268
Event.hdr[ 5]=0x0204,    516
Event.hdr[ 6]=0x0e00,   3584
Event.hdr[ 7]=0x0000,      0
Event.hdr[ 8]=0x9d11,  40209
Event.hdr[ 9]=0xf694,  63124
Event.hdr[10]=0x47ff,  18431
Event.hdr[11]=0x1a90,   6800
Event.hdr[12]=0xdc6c,  56428
Event.hdr[13]=0x07ff,   2047
Event.len=  44, Event.traceLen=  12 (in Bytes)
Event.len=  22, Event.traceLen=   6 (in 16 bit words)
Event.len=  11, Event.traceLen=   3 (in 32 bit words)
next start: 0xaaaaaaaa, pos= 308
0x1f39 module_id = 31 crystal_id = 0 digitizer_id = 3 chan_id = 9 ge_id = 124 channel = 39  -> is CC
ncrystal=1
wrote trace to CCpulse_009_00_01.xy
two's comp tempE  ::        516        516 0x00000204 |0000|0000|0000|0000|0000|0010|0000|0100|
rawE              ::        516        516 0x00000204 |0000|0000|0000|0000|0000|0010|0000|0100|
rawE (sign change)::        516        516 0x00000204 |0000|0000|0000|0000|0000|0010|0000|0100|
Event.ehi=              16 0x00000010
Event.ehi=1 (gain changed)
Event.LEDts =        1154352612449
Event.CFDts =         158916476940

---------
new GTheader at pos=308 or 154 words (162):
Event.hdr[ 0]=0x1f30,   7984
Event.hdr[ 1]=0x300a,  12298
Event.hdr[ 2]=0x0461,   1121
Event.hdr[ 3]=0xc4c7,  50375
Event.hdr[ 4]=0x010c,    268
Event.hdr[ 5]=0x8661,  34401
Event.hdr[ 6]=0x4e0a,  19978
Event.hdr[ 7]=0x0000,      0
Event.hdr[ 8]=0x9d11,  40209
Event.hdr[ 9]=0x85e9,  34281
Event.hdr[10]=0x0e0a,   3594
Event.hdr[11]=0x1563,   5475
Event.hdr[12]=0xf050,  61520
Event.hdr[13]=0x0030,     48
Event.len=  44, Event.traceLen=  12 (in Bytes)
Event.len=  22, Event.traceLen=   6 (in 16 bit words)
Event.len=  11, Event.traceLen=   3 (in 32 bit words)
next start: 0xaaaaaaaa, pos= 352
0x1f30 module_id = 31 crystal_id = 0 digitizer_id = 3 chan_id = 0 ge_id = 124 channel = 30  -> is segment
ncrystal=1
wrote trace to CCpulse_009_00_01.xy
two's comp tempE  ::     689761     689761 0x000a8661 |0000|0000|0000|1010|1000|0110|0110|0001|
rawE              ::     689761     689761 0x000a8661 |0000|0000|0000|1010|1000|0110|0110|0001|
rawE (sign change)::     689761     689761 0x000a8661 |0000|0000|0000|1010|1000|0110|0110|0001|
Event.ehi=           21555 0x00005433
Event.ehi=2155 (gain changed)
Event.LEDts =        1154352612449
Event.CFDts =      267073731624972

---------
new GTheader at pos=352 or 176 words (184):
Event.hdr[ 0]=0x1f31,   7985
Event.hdr[ 1]=0x300a,  12298
Event.hdr[ 2]=0x0461,   1121
Event.hdr[ 3]=0xc4c7,  50375
Event.hdr[ 4]=0x010c,    268
Event.hdr[ 5]=0x2efe,  12030
Event.hdr[ 6]=0x4e08,  19976
Event.hdr[ 7]=0x0000,      0
Event.hdr[ 8]=0x9d11,  40209
Event.hdr[ 9]=0x2d43,  11587
Event.hdr[10]=0xac08,  44040
Event.hdr[11]=0x11c6,   4550
Event.hdr[12]=0xc7c4,  51140
Event.hdr[13]=0x0027,     39
Event.len=  44, Event.traceLen=  12 (in Bytes)
Event.len=  22, Event.traceLen=   6 (in 16 bit words)
Event.len=  11, Event.traceLen=   3 (in 32 bit words)
next start: 0xaaaaaaaa, pos= 396
0x1f31 module_id = 31 crystal_id = 0 digitizer_id = 3 chan_id = 1 ge_id = 124 channel = 31  -> is segment
ncrystal=1
wrote trace to CCpulse_009_00_01.xy
two's comp tempE  ::     536318     536318 0x00082efe |0000|0000|0000|1000|0010|1110|1111|1110|
rawE              ::     536318     536318 0x00082efe |0000|0000|0000|1000|0010|1110|1111|1110|
rawE (sign change)::     536318     536318 0x00082efe |0000|0000|0000|1000|0010|1110|1111|1110|
Event.ehi=           16759 0x00004177
Event.ehi=1675 (gain changed)
Event.LEDts =        1154352612449
Event.CFDts =      270608543711244

---------
new GTheader at pos=396 or 198 words (206):
Event.hdr[ 0]=0x1f32,   7986
Event.hdr[ 1]=0x300a,  12298
Event.hdr[ 2]=0x0461,   1121
Event.hdr[ 3]=0xc4c7,  50375
Event.hdr[ 4]=0x010c,    268
Event.hdr[ 5]=0x12d4,   4820
Event.hdr[ 6]=0x0e00,   3584
Event.hdr[ 7]=0x0000,      0
Event.hdr[ 8]=0x9d11,  40209
Event.hdr[ 9]=0xd58e,  54670
Event.hdr[10]=0x35ff,  13823
Event.hdr[11]=0x0004,      4
Event.hdr[12]=0xa058,  41048
Event.hdr[13]=0x07ff,   2047
Event.len=  44, Event.traceLen=  12 (in Bytes)
Event.len=  22, Event.traceLen=   6 (in 16 bit words)
Event.len=  11, Event.traceLen=   3 (in 32 bit words)
0x1f32 module_id = 31 crystal_id = 0 digitizer_id = 3 chan_id = 2 ge_id = 124 channel = 32  -> is segment
ncrystal=1
wrote trace to CCpulse_009_00_01.xy
two's comp tempE  ::       4820       4820 0x000012d4 |0000|0000|0000|0000|0001|0010|1101|0100|
rawE              ::       4820       4820 0x000012d4 |0000|0000|0000|0000|0001|0010|1101|0100|
rawE (sign change)::       4820       4820 0x000012d4 |0000|0000|0000|0000|0001|0010|1101|0100|
Event.ehi=             150 0x00000096
Event.ehi=15 (gain changed)
Event.LEDts =        1154352612449
Event.CFDts =      281453501284364
exit bin_mode3
*end of event # 9
+++++++++++++++++++++++++++++++
ev#     9 GEB_TYPE_GT_MOD29      440Bytes TS=1154352616743 curTS=1154352616075 dTS= 668
GEBGetEv returned st=0
we have read 7152 bytes; CurEvNo=10

+++++++++++++++++++++++++++++++
*start event # 10 with multiplicity 1 looks like this:
 0>  1, GEB_TYPE_DECOMP      , TS=1154352616075
entered bin_mode2: 10/10
ptinp->pad= 6, (ptinp->pad&0x000000ff)= 6
updated CCadd with    0.00
total number of hits in array: 0
exit bin_mode2
entered bin_mode3 @ event number: 10 
exit bin_mode3
*end of event # 10
+++++++++++++++++++++++++++++++
ev#    10 GEB_TYPE_GT_MOD29      440Bytes TS=1154352624111 curTS=1154352616743 dTS= 7368
ev# 50000 GEB_TYPE_DECOMP        464Bytes TS=1154915581147 curTS=1154915581099 dTS= 48
ev# 50000 GEB_TYPE_GT_MOD29      440Bytes TS=1154915598835 curTS=1154915581099 dTS= 17736
ev# 100000 GEB_TYPE_DECOMP        464Bytes TS=1155517018839 curTS=1155517005337 dTS= 13502
ev# 150000 GEB_TYPE_DECOMP        464Bytes TS=1156101755895 curTS=1156101754575 dTS= 1320
ev# 200000 GEB_TYPE_DECOMP        464Bytes TS=1156677402737 curTS=1156677397329 dTS= 5408
ev# 250000 GEB_TYPE_DECOMP        464Bytes TS=1157248193139 curTS=1157248155543 dTS= 37596
ev# 300000 GEB_TYPE_DECOMP        464Bytes TS=1157808654575 curTS=1157808654573 dTS= 2
ev# 300000 GEB_TYPE_DECOMP        464Bytes TS=1157808654575 curTS=1157808654573 dTS= 2
ev# 300000 GEB_TYPE_DECOMP        464Bytes TS=1157808654577 curTS=1157808654573 dTS= 4
ev# 300000 GEB_TYPE_DECOMP        464Bytes TS=1157808654579 curTS=1157808654573 dTS= 6
ev# 300000 GEB_TYPE_DECOMP        464Bytes TS=1157808654581 curTS=1157808654573 dTS= 8
ev# 300000 GEB_TYPE_DECOMP        464Bytes TS=1157808654583 curTS=1157808654573 dTS= 10
ev# 300000 GEB_TYPE_DECOMP        464Bytes TS=1157808654691 curTS=1157808654573 dTS= 118
ev# 300000 GEB_TYPE_DECOMP        464Bytes TS=1157808655419 curTS=1157808654573 dTS= 846
ev# 350000 GEB_TYPE_GT_MOD29      440Bytes TS=1158356402875 curTS=1158356402433 dTS= 442
ev# 400000 GEB_TYPE_DECOMP        464Bytes TS=1158904644281 curTS=1158904607365 dTS= 36916
ev# 450000 GEB_TYPE_GT_MOD29      440Bytes TS=1159446529543 curTS=1159446529395 dTS= 148
ev# 450000 GEB_TYPE_DECOMP        464Bytes TS=1159446529585 curTS=1159446529395 dTS= 190
ev# 500000 GEB_TYPE_DECOMP        464Bytes TS=1159984864005 curTS=1159984861037 dTS= 2968
ev# 550000 GEB_TYPE_DECOMP        464Bytes TS=1160528824463 curTS=1160528824259 dTS= 204
ev# 600000 GEB_TYPE_DECOMP        464Bytes TS=1161087756545 curTS=1161087756543 dTS= 2
ev# 600000 GEB_TYPE_DECOMP        464Bytes TS=1161087756755 curTS=1161087756543 dTS= 212
ev# 650000 GEB_TYPE_DECOMP        464Bytes TS=1161634481551 curTS=1161634481347 dTS= 204
ev# 700000 GEB_TYPE_GT_MOD29      440Bytes TS=1162174097837 curTS=1162174097835 dTS= 2
ev# 700000 GEB_TYPE_DECOMP        464Bytes TS=1162174105007 curTS=1162174097835 dTS= 7172
ev# 750000 GEB_TYPE_DECOMP        464Bytes TS=1162725288749 curTS=1162725288747 dTS= 2
ev# 750000 GEB_TYPE_DECOMP        464Bytes TS=1162725288749 curTS=1162725288747 dTS= 2
ev# 750000 GEB_TYPE_DECOMP        464Bytes TS=1162725288749 curTS=1162725288747 dTS= 2
ev# 750000 GEB_TYPE_DECOMP        464Bytes TS=1162725288751 curTS=1162725288747 dTS= 4
ev# 750000 GEB_TYPE_DECOMP        464Bytes TS=1162725288751 curTS=1162725288747 dTS= 4
ev# 750000 GEB_TYPE_DECOMP        464Bytes TS=1162725288751 curTS=1162725288747 dTS= 4
ev# 750000 GEB_TYPE_DECOMP        464Bytes TS=1162725289103 curTS=1162725288747 dTS= 356
ev# 800000 GEB_TYPE_DECOMP        464Bytes TS=1163274048195 curTS=1163274048189 dTS= 6
ev# 800000 GEB_TYPE_DECOMP        464Bytes TS=1163274048197 curTS=1163274048189 dTS= 8
ev# 800000 GEB_TYPE_DECOMP        464Bytes TS=1163274049407 curTS=1163274048189 dTS= 1218
ev# 850000 GEB_TYPE_DECOMP        464Bytes TS=1163838748263 curTS=1163838748079 dTS= 184
ev# 900000 GEB_TYPE_DECOMP        464Bytes TS=1164395397971 curTS=1164395394763 dTS= 3208
ev# 950000 GEB_TYPE_GT_MOD29      440Bytes TS=1164953780179 curTS=1164953779531 dTS= 648

Sorting is done
attempting to save root or map file



mean observed polar and azimuth angles
for the detectors we saw (module,crystal)

------------------------------------------
mean pol/azi angle for detector  56 are   96.72/ 119.48
mean pol/azi angle for detector  57 are  100.37/ 138.31
mean pol/azi angle for detector  58 are   83.37/ 132.66
mean pol/azi angle for detector  59 are   79.60/ 114.05
mean pol/azi angle for detector  60 are   87.39/ 152.65
mean pol/azi angle for detector  61 are  105.26/ 157.69
mean pol/azi angle for detector  62 are   93.18/ 168.27
mean pol/azi angle for detector  63 are   73.82/ 165.95
mean pol/azi angle for detector  68 are   87.14/-134.97
mean pol/azi angle for detector  69 are  105.33/-129.96
mean pol/azi angle for detector  70 are   92.88/-116.88
mean pol/azi angle for detector  71 are   74.19/-121.83
mean pol/azi angle for detector  76 are   87.45/ -63.19
mean pol/azi angle for detector  77 are  105.29/ -58.17
mean pol/azi angle for detector  78 are   92.98/ -44.98
mean pol/azi angle for detector  79 are   74.19/ -49.88
mean pol/azi angle for detector  84 are  112.29/  33.62
mean pol/azi angle for detector  85 are  125.23/  17.35
mean pol/azi angle for detector  86 are  130.64/  39.23
mean pol/azi angle for detector  87 are  115.92/  52.93
mean pol/azi angle for detector  88 are  112.41/ 105.53
mean pol/azi angle for detector  89 are  124.92/  89.32
mean pol/azi angle for detector  90 are  130.77/ 111.10
mean pol/azi angle for detector  91 are  115.76/ 124.96
mean pol/azi angle for detector  96 are  112.57/-110.67
mean pol/azi angle for detector  97 are  124.82/-126.59
mean pol/azi angle for detector  98 are  130.89/-104.93
mean pol/azi angle for detector  99 are  115.86/ -91.02
mean pol/azi angle for detector 100 are  112.43/ -38.52
mean pol/azi angle for detector 101 are  124.74/ -55.06
mean pol/azi angle for detector 102 are  130.64/ -33.05
mean pol/azi angle for detector 103 are  115.78/ -19.11
mean pol/azi angle for detector 104 are  144.44/  88.29
mean pol/azi angle for detector 105 are  132.68/  65.83
mean pol/azi angle for detector 106 are  148.88/  53.87
mean pol/azi angle for detector 107 are  162.33/  88.33
mean pol/azi angle for detector 108 are  144.76/ 160.17
mean pol/azi angle for detector 109 are  132.66/ 137.94
mean pol/azi angle for detector 110 are  149.57/ 125.50
mean pol/azi angle for detector 111 are  162.28/ 110.11
mean pol/azi angle for detector 116 are  144.28/ -55.96
mean pol/azi angle for detector 117 are  132.57/ -78.25
mean pol/azi angle for detector 118 are  148.94/ -90.32
mean pol/azi angle for detector 119 are  162.41/ -55.98
we found 44 crystals
------------------------------------------

minimum pol angle between crystals is  18.65
compactness =  64.39%, 85 of 264
module hit statistics
module  14, crystal 0 was hit      85901 times
module  14, crystal 1 was hit      92594 times
module  14, crystal 2 was hit      90756 times
module  14, crystal 3 was hit      81034 times
module  15, crystal 0 was hit      91193 times
module  15, crystal 1 was hit      84129 times
module  15, crystal 2 was hit      78473 times
module  15, crystal 3 was hit      81792 times
module  17, crystal 0 was hit      68188 times
module  17, crystal 1 was hit      67519 times
module  17, crystal 2 was hit      67609 times
module  17, crystal 3 was hit      69560 times
module  19, crystal 0 was hit      64205 times
module  19, crystal 1 was hit      66445 times
module  19, crystal 2 was hit      78599 times
module  19, crystal 3 was hit      75582 times
module  21, crystal 0 was hit      78457 times
module  21, crystal 1 was hit      68844 times
module  21, crystal 2 was hit      81502 times
module  21, crystal 3 was hit      77966 times
module  22, crystal 0 was hit      84964 times
module  22, crystal 1 was hit      78561 times
module  22, crystal 2 was hit      89419 times
module  22, crystal 3 was hit      82912 times
module  24, crystal 0 was hit      72161 times
module  24, crystal 1 was hit      69111 times
module  24, crystal 2 was hit      72365 times
module  24, crystal 3 was hit      65228 times
module  25, crystal 0 was hit      68056 times
module  25, crystal 1 was hit      70814 times
module  25, crystal 2 was hit      67861 times
module  25, crystal 3 was hit      66398 times
module  26, crystal 0 was hit      78074 times
module  26, crystal 1 was hit      76486 times
module  26, crystal 2 was hit      76232 times
module  26, crystal 3 was hit      72133 times
module  27, crystal 0 was hit      81910 times
module  27, crystal 1 was hit      78617 times
module  27, crystal 2 was hit      81353 times
module  27, crystal 3 was hit      74578 times
module  29, crystal 0 was hit      66897 times
module  29, crystal 1 was hit      66321 times
module  29, crystal 2 was hit      72901 times
module  29, crystal 3 was hit      65958 times

bin_mode2: pad distribution
__id   0,      1446953, 93.90%
__id   2,          163,  0.01%
__id   3,          456,  0.03%
__id   4,          485,  0.03%
__id   5,         2836,  0.18%
__id   6,         7904,  0.51%
__id 128,        81942,  5.32%
__id 133,          164,  0.01%

bin_mode2 calculated mean CCsum energy to be  753.353 keV
bin_mode2 calculated mean CCadd energy to be 1104.997 keV
attempting to close root file...
Pars.f1->Write();
Pars.f1->Print();
TFile: name=/lcrc/project/HELIOS/gretinafma/root_data/run153.root, title=, option=CREATE
TH1.Print Name  = dtbtev, Entries= 1987298, Total sum= 1.9873e+06
TH1.Print Name  = T0, Entries= 0, Total sum= 0
TH1.Print Name  = hitpat, Entries= 1446953, Total sum= 1.44695e+06
TH1.Print Name  = numHitArray2, Entries= 1000000, Total sum= 724060
TH1.Print Name  = CCmult, Entries= 1000000, Total sum= 1e+06
TH1.Print Name  = CCsum, Entries= 3329519, Total sum= 1.44693e+06
TH1.Print Name  = hit2, Entries= 160405, Total sum= 160195
TH1.Print Name  = hit3, Entries= 86256, Total sum= 85624
TH1.Print Name  = hit4, Entries= 48134, Total sum= 47026
TH1.Print Name  = CCsum_nodop, Entries= 3329519, Total sum= 1.44692e+06
TH1.Print Name  = CCadd, Entries= 1000000, Total sum= 715460
TH1.Print Name  = SEGadd_FPGA, Entries= 200000000, Total sum= 1.44634e+06
TH1.Print Name  = SEGadd_PSA, Entries= 200000000, Total sum= 1.43926e+06
TH1.Print Name  = SEGsum_FPGA, Entries= 2240547, Total sum= 2.24015e+06
TH1.Print Name  = SEGsum_PSA, Entries= 3329658, Total sum= 3.30393e+06
TH1.Print Name  = radius_all, Entries= 3329656, Total sum= 3.32966e+06
TH1.Print Name  = rate_mode2_min, Entries= 1446952, Total sum= 24115.9
TH1.Print Name  = rate_mode2_sec, Entries= 1446952, Total sum= 1.44695e+06
TH1.Print Name  = rate_mode2_intp, Entries= 1446952, Total sum= 55494.3
TH1.Print Name  = cdtbtev, Entries= 376274, Total sum= 376274
TH1.Print Name  = evsr_all, Entries= 3329656, Total sum= 3.25307e+06
TH1.Print Name  = SMAP_allhits, Entries= 3329658, Total sum= 3.32966e+06
TH1.Print Name  = SMAP_allhits_sq, Entries= 3329658, Total sum= 3.32966e+06
TH1.Print Name  = seghitpat, Entries= 3329658, Total sum= 3.32966e+06
TH1.Print Name  = CCe, Entries= 3329519, Total sum= 1.44693e+06
TH1.Print Name  = ggCC, Entries= 2950304, Total sum= 2.58113e+06
TH1.Print Name  = z_plot, Entries= 3329658, Total sum= 3.32657e+06
TH1.Print Name  = crystal_hit, Entries= 0, Total sum= 0
TH1.Print Name  = SegE, Entries= 3329039, Total sum= 3.32904e+06
TH1.Print Name  = crXcr, Entries= 1475152, Total sum= 1.47515e+06
******************************************************************************
*Tree    :tree      : tree                                                   *
*Entries :  1000000 : Total =       153882609 bytes  File  Size =   37358283 *
*        :          : Tree compression factor =   4.12                       *
******************************************************************************
*Br    0 :runNumber : runNumber/I                                            *
*Entries :  1000000 : Total  Size=    4010325 bytes  File Size  =      30614 *
*Baskets :      100 : Basket Size=    1334784 bytes  Compression= 130.91     *
*............................................................................*
*Br    1 :numHits   : numHits/I                                              *
*Entries :  1000000 : Total  Size=    4010117 bytes  File Size  =      30413 *
*Baskets :      100 : Basket Size=    1334272 bytes  Compression= 131.77     *
*............................................................................*
*Br    2 :left      : left[numHits]/F                                        *
*Entries :  1000000 : Total  Size=    8030892 bytes  File Size  =    2886860 *
*Baskets :      296 : Basket Size=    8952320 bytes  Compression=   2.78     *
*............................................................................*
*Br    3 :right     : right[numHits]/F                                       *
*Entries :  1000000 : Total  Size=    8031192 bytes  File Size  =    2866768 *
*Baskets :      296 : Basket Size=    8952320 bytes  Compression=   2.80     *
*............................................................................*
*Br    4 :up        : up[numHits]/F                                          *
*Entries :  1000000 : Total  Size=    8030292 bytes  File Size  =    2845713 *
*Baskets :      296 : Basket Size=    8951808 bytes  Compression=   2.82     *
*............................................................................*
*Br    5 :down      : down[numHits]/F                                        *
*Entries :  1000000 : Total  Size=    8030892 bytes  File Size  =    2871817 *
*Baskets :      296 : Basket Size=    8952320 bytes  Compression=   2.79     *
*............................................................................*
*Br    6 :e1        : e1[numHits]/F                                          *
*Entries :  1000000 : Total  Size=    8030292 bytes  File Size  =    2770511 *
*Baskets :      296 : Basket Size=    8951808 bytes  Compression=   2.90     *
*............................................................................*
*Br    7 :e2        : e2[numHits]/F                                          *
*Entries :  1000000 : Total  Size=    8030292 bytes  File Size  =    2734039 *
*Baskets :      296 : Basket Size=    8951808 bytes  Compression=   2.93     *
*............................................................................*
*Br    8 :e3        : e3[numHits]/F                                          *
*Entries :  1000000 : Total  Size=    8030292 bytes  File Size  =    2672345 *
*Baskets :      296 : Basket Size=    8951808 bytes  Compression=   3.00     *
*............................................................................*
*Br    9 :tac       : tac[numHits]/F                                         *
*Entries :  1000000 : Total  Size=    8030592 bytes  File Size  =    2451698 *
*Baskets :      296 : Basket Size=    8952320 bytes  Compression=   3.27     *
*............................................................................*
*Br   10 :fmaDeltaTime : fmaDeltaTime[numHits]/F                             *
*Entries :  1000000 : Total  Size=    8033403 bytes  File Size  =    2293076 *
*Baskets :      297 : Basket Size=    8953344 bytes  Compression=   3.50     *
*............................................................................*
*Br   11 :fmaMult   : fmaMult[10]/I                                          *
*Entries :  1000000 : Total  Size=   40096855 bytes  File Size  =    1053755 *
*Baskets :      985 : Basket Size=   25600000 bytes  Compression=  38.03     *
*............................................................................*
*Br   12 :gammaMult : gammaMult/I                                            *
*Entries :  1000000 : Total  Size=    4010325 bytes  File Size  =     705922 *
*Baskets :      100 : Basket Size=    1334784 bytes  Compression=   5.68     *
*............................................................................*
*Br   13 :gammaEnergy : gammaEnergy[gammaMult]/F                             *
*Entries :  1000000 : Total  Size=    9825652 bytes  File Size  =    6899851 *
*Baskets :      340 : Basket Size=    9548800 bytes  Compression=   1.42     *
*............................................................................*
*Br   14 :gammaTimestamp : gammaTimestamp[gammaMult]/F                       *
*Entries :  1000000 : Total  Size=    9826797 bytes  File Size  =    1819469 *
*Baskets :      341 : Basket Size=    9549312 bytes  Compression=   5.40     *
*............................................................................*
*Br   15 :deltaTime : deltaTime[gammaMult]/F                                 *
*Entries :  1000000 : Total  Size=    9824964 bytes  File Size  =    2383584 *
*Baskets :      340 : Basket Size=    9548800 bytes  Compression=   4.12     *
*............................................................................*
TH1.Print Name  = eCC_a, Entries= 0, Total sum= 0
TH1.Print Name  = eCC_b, Entries= 0, Total sum= 0
TH1.Print Name  = eCC_c, Entries= 0, Total sum= 0
TH1.Print Name  = eCC_d, Entries= 130971, Total sum= 0
TH1.Print Name  = eSeg, Entries= 0, Total sum= 0
TH1.Print Name  = mode3_hitpat, Entries= 4438967, Total sum= 0
TH1.Print Name  = mode3_hitpat_chan, Entries= 4438967, Total sum= 4.43897e+06
TH1.Print Name  = chan0, Entries= 0, Total sum= 0
TH1.Print Name  = module, Entries= 4438967, Total sum= 4.43897e+06
TH1.Print Name  = chan, Entries= 4438967, Total sum= 4.43644e+06
TH1.Print Name  = l, Entries= 443897, Total sum= 443854
TH1.Print Name  = r, Entries= 443897, Total sum= 443896
TH1.Print Name  = up, Entries= 443897, Total sum= 443896
TH1.Print Name  = down, Entries= 443897, Total sum= 443897
TH1.Print Name  = sumlr, Entries= 431527, Total sum= 431527
TH1.Print Name  = sumud, Entries= 413602, Total sum= 413602
TH1.Print Name  = x, Entries= 431527, Total sum= 431527
TH1.Print Name  = y, Entries= 413602, Total sum= 413602
TH1.Print Name  = de1, Entries= 443896, Total sum= 443867
TH1.Print Name  = de2, Entries= 443896, Total sum= 443896
TH1.Print Name  = de3, Entries= 443897, Total sum= 443029
TH1.Print Name  = de12, Entries= 381921, Total sum= 381921
TH1.Print Name  = etot, Entries= 381921, Total sum= 381921
TH1.Print Name  = rftof, Entries= 443897, Total sum= 442472
TH1.Print Name  = lr, Entries= 1000000, Total sum= 999956
TH1.Print Name  = ud, Entries= 1000000, Total sum= 999999
TH1.Print Name  = ede1, Entries= 381921, Total sum= 381921
TH1.Print Name  = ede1g, Entries= 71098, Total sum= 71082
TH1.Print Name  = ede2, Entries= 381921, Total sum= 381921
TH1.Print Name  = ede12, Entries= 381921, Total sum= 381921
TH1.Print Name  = xde1, Entries= 381921, Total sum= 381921
TH1.Print Name  = erftof, Entries= 1000000, Total sum= 998575
TH1.Print Name  = erftofg, Entries= 29761, Total sum= 29697
TH1.Print Name  = sumehi, Entries= 1446953, Total sum= 1.44694e+06
TH1.Print Name  = tgppac, Entries= 1446953, Total sum= 379155
TH1.Print Name  = tgppacg, Entries= 71098, Total sum= 71098
TH1.Print Name  = xehi1, Entries= 1446953, Total sum= 1.44694e+06
TH1.Print Name  = xehi1g, Entries= 71098, Total sum= 71098
TH1.Print Name  = de1ehi, Entries= 1446953, Total sum= 1.44691e+06
TH1.Print Name  = de1ehig, Entries= 71098, Total sum= 71082
TH1.Print Name  = ng, Entries= 1000000, Total sum= 1e+06
TH1.Print Name  = ehiz1, Entries= 0, Total sum= 0
TH1.Print Name  = ehiz2, Entries= 0, Total sum= 0
TH1.Print Name  = ehiz3, Entries= 0, Total sum= 0
TH1.Print Name  = ehiz4, Entries= 0, Total sum= 0
TH1.Print Name  = ehiz5, Entries= 0, Total sum= 0
TH1.Print Name  = gg_dt, Entries= 87487, Total sum= 87487
TH1.Print Name  = gg, Entries= 174974, Total sum= 172496
TH1.Print Name  = gg_z1, Entries= 0, Total sum= 0
TH1.Print Name  = gg_z2, Entries= 0, Total sum= 0
TH1.Print Name  = gg_z3, Entries= 0, Total sum= 0
TH1.Print Name  = gg_z4, Entries= 0, Total sum= 0
TH1.Print Name  = gg_z5, Entries= 0, Total sum= 0
Pars.f1->Close();
done saving rootfile "/lcrc/project/HELIOS/gretinafma/root_data/run153.root


read 1000000 events; Pars.beta=0.0330; time since last update 1 minutes
CommandFileName="GEBSort.command"

sorted timestamp range 1154352439329-->1165526743399: 11174304070
that is 111.7 seconds or 0h1m51s
^^^^^ any timestamp jumps will upset this accounting

hit statistics per type
 1 GEB_TYPE_DECOMP          1540903 ;  13789.70 Hz 
 8 GEB_TYPE_GT_MOD29         446395 ;   3994.83 Hz 
read a total of              1987298 ; header/payloads


nn1=0
nn2=1987299
nn3=1987299

nok_validate= 1000000, ntot_validate=1000000; validate fraction 100.00%

bytes read=942090788, 898.447788 MB

boniva sancta! ...GEBSort (unexpectedly) did not crash!

 ** GEBSort is done at 
