started GEBSort at we have 9 arguments
1... -input
will take input from disk
file size is 27913689868 bytes or 27259 MBytes

4... -rootfile
rootfile name specified on command line
__will store spectra in rootfile: /lcrc/project/HELIOS/gretinafma/root_data/run168.root
will recreate root file
7... -chat
core file size          (blocks, -c) unlimited
data seg size           (kbytes, -d) unlimited
scheduling priority             (-e) 0
file size               (blocks, -f) unlimited
pending signals                 (-i) 510315
max locked memory       (kbytes, -l) unlimited
max memory size         (kbytes, -m) 128769024
open files                      (-n) 51200
pipe size            (512 bytes, -p) 8
POSIX message queues     (bytes, -q) 819200
real-time priority              (-r) 0
stack size              (kbytes, -s) unlimited
cpu time               (seconds, -t) unlimited
max user processes              (-u) 4096
virtual memory          (kbytes, -v) unlimited
file locks                      (-x) unlimited
will read sorting instructions from chatfile: GEBSort.chat

executing UserDeclare.h code


GEBsort running on: 

initializing

crmat.LINUX is open (input) binary format
read 7936 bytes into Pars.crmat
chat file: <GEBSort.chat> open

will sort a max of 1410065408 events
will sort a max of 1000000 events
will sort 86400 minutes of data
will print details of the first 10 events
will use Pars.Beta (v/c) correction of 0.033000
will sort using a time window of 150
Pars.do_bin_mode2=1
Pars.do_bin_mode3=1
will accept second interaction range between 10.000000 and 500.000000 mm
"1-200"
detector   1 is ENABLED
detector   2 is ENABLED
detector   3 is ENABLED
detector   4 is ENABLED
detector   5 is ENABLED
detector   6 is ENABLED
detector   7 is ENABLED
detector   8 is ENABLED
detector   9 is ENABLED
detector  10 is ENABLED
detector  11 is ENABLED
detector  12 is ENABLED
detector  13 is ENABLED
detector  14 is ENABLED
detector  15 is ENABLED
detector  16 is ENABLED
detector  17 is ENABLED
detector  18 is ENABLED
detector  19 is ENABLED
detector  20 is ENABLED
detector  21 is ENABLED
detector  22 is ENABLED
detector  23 is ENABLED
detector  24 is ENABLED
detector  25 is ENABLED
detector  26 is ENABLED
detector  27 is ENABLED
detector  28 is ENABLED
detector  29 is ENABLED
detector  30 is ENABLED
detector  31 is ENABLED
detector  32 is ENABLED
detector  33 is ENABLED
detector  34 is ENABLED
detector  35 is ENABLED
detector  36 is ENABLED
detector  37 is ENABLED
detector  38 is ENABLED
detector  39 is ENABLED
detector  40 is ENABLED
detector  41 is ENABLED
detector  42 is ENABLED
detector  43 is ENABLED
detector  44 is ENABLED
detector  45 is ENABLED
detector  46 is ENABLED
detector  47 is ENABLED
detector  48 is ENABLED
detector  49 is ENABLED
detector  50 is ENABLED
detector  51 is ENABLED
detector  52 is ENABLED
detector  53 is ENABLED
detector  54 is ENABLED
detector  55 is ENABLED
detector  56 is ENABLED
detector  57 is ENABLED
detector  58 is ENABLED
detector  59 is ENABLED
detector  60 is ENABLED
detector  61 is ENABLED
detector  62 is ENABLED
detector  63 is ENABLED
detector  64 is ENABLED
detector  65 is ENABLED
detector  66 is ENABLED
detector  67 is ENABLED
detector  68 is ENABLED
detector  69 is ENABLED
detector  70 is ENABLED
detector  71 is ENABLED
detector  72 is ENABLED
detector  73 is ENABLED
detector  74 is ENABLED
detector  75 is ENABLED
detector  76 is ENABLED
detector  77 is ENABLED
detector  78 is ENABLED
detector  79 is ENABLED
detector  80 is ENABLED
detector  81 is ENABLED
detector  82 is ENABLED
detector  83 is ENABLED
detector  84 is ENABLED
detector  85 is ENABLED
detector  86 is ENABLED
detector  87 is ENABLED
detector  88 is ENABLED
detector  89 is ENABLED
detector  90 is ENABLED
detector  91 is ENABLED
detector  92 is ENABLED
detector  93 is ENABLED
detector  94 is ENABLED
detector  95 is ENABLED
detector  96 is ENABLED
detector  97 is ENABLED
detector  98 is ENABLED
detector  99 is ENABLED
detector 100 is ENABLED
detector 101 is ENABLED
detector 102 is ENABLED
detector 103 is ENABLED
detector 104 is ENABLED
detector 105 is ENABLED
detector 106 is ENABLED
detector 107 is ENABLED
detector 108 is ENABLED
detector 109 is ENABLED
detector 110 is ENABLED
detector 111 is ENABLED
detector 112 is ENABLED
detector 113 is ENABLED
detector 114 is ENABLED
detector 115 is ENABLED
detector 116 is ENABLED
detector 117 is ENABLED
detector 118 is ENABLED
detector 119 is ENABLED
detector 120 is ENABLED
detector 121 is ENABLED
detector 122 is ENABLED
detector 123 is ENABLED
detector 124 is ENABLED
detector 125 is ENABLED
detector 126 is ENABLED
detector 127 is ENABLED
detector 128 is ENABLED
detector 129 is ENABLED
detector 130 is ENABLED
detector 131 is ENABLED
detector 132 is ENABLED
detector 133 is ENABLED
detector 134 is ENABLED
detector 135 is ENABLED
detector 136 is ENABLED
detector 137 is ENABLED
detector 138 is ENABLED
detector 139 is ENABLED
detector 140 is ENABLED
detector 141 is ENABLED
detector 142 is ENABLED
detector 143 is ENABLED
detector 144 is ENABLED
detector 145 is ENABLED
detector 146 is ENABLED
detector 147 is ENABLED
detector 148 is ENABLED
detector 149 is ENABLED
detector 150 is ENABLED
detector 151 is ENABLED
detector 152 is ENABLED
detector 153 is ENABLED
detector 154 is ENABLED
detector 155 is ENABLED
detector 156 is ENABLED
detector 157 is ENABLED
detector 158 is ENABLED
detector 159 is ENABLED
detector 160 is ENABLED
detector 161 is ENABLED
detector 162 is ENABLED
detector 163 is ENABLED
detector 164 is ENABLED
detector 165 is ENABLED
detector 166 is ENABLED
detector 167 is ENABLED
detector 168 is ENABLED
detector 169 is ENABLED
detector 170 is ENABLED
detector 171 is ENABLED
detector 172 is ENABLED
detector 173 is ENABLED
detector 174 is ENABLED
detector 175 is ENABLED
detector 176 is ENABLED
detector 177 is ENABLED
detector 178 is ENABLED
detector 179 is ENABLED
detector 180 is ENABLED
detector 181 is ENABLED
detector 182 is ENABLED
detector 183 is ENABLED
detector 184 is ENABLED
detector 185 is ENABLED
detector 186 is ENABLED
detector 187 is ENABLED
detector 188 is ENABLED
detector 189 is ENABLED
detector 190 is ENABLED
detector 191 is ENABLED
detector 192 is ENABLED
detector 193 is ENABLED
detector 194 is ENABLED
detector 195 is ENABLED
detector 196 is ENABLED
detector 197 is ENABLED
detector 198 is ENABLED
detector 199 is ENABLED
WARNING: could not open CCcal file "CCenergy.cal", quit
will use beam direction 0.000000 0.000000 1.000000
vector length= 1.000000, normalizing
will use beam direction 0.000000 0.000000 1.000000
Pars.ndetlimlo=1,Pars.ndetlimhi=8
will require mult bt: 1 20
fomlimits, 1, 0.00 ..to.. 0.80
fomlimits, 2, 0.00 ..to.. 0.80
fomlimits, 3, 0.00 ..to.. 0.80
fomlimits, 4, 0.00 ..to.. 0.80
fomlimits, 5, 0.00 ..to.. 0.80
fomlimits, 6, 0.00 ..to.. 0.80
fomlimits, 7, 0.00 ..to.. 0.80
will use M= 350.000000 in bin_dgs
will use PZ file "dgs_pz.cal" in bin_dgs
will use ecal file "dgs_ehi.cal" in bin_dgs
will skip rest of chat file

chat file: <GEBSort.chat> closed
processed 39 sort instructions and 198 lines


sorting this:
Pars.do_bin_mode3 = 1
Pars.do_bin_mode2 = 1
Pars.do_bin_mode1 = 0
Pars.do_bin_dgs = 0
Pars.do_bin_dfma = 0
Pars.do_bin_gtcal = 0
Pars.do_bin_template = 0
Pars.do_bin_final = 0
Pars.do_bin_angcor = 0
Pars.do_bin_angdis = 0
checking proper input of chat file...
input file "/lcrc/project/HELIOS/gretinafma/merged_data/GEBMerged_run168.gtd_000" is open, inData=0x267c5a60
file size is 2143886092 bytes or 2093 MBs 
input source is set up, supposedly

xyz offset values:

executing ShareMemFileUserInit.h code

deleted \rm -f GEBSort.command
root file </lcrc/project/HELIOS/gretinafma/root_data/run168.root>
base=</lcrc/project/HELIOS/gretinafma/root_data/run168.root:/>
TFile: name=/lcrc/project/HELIOS/gretinafma/root_data/run168.root, title=, option=CREATE

executing UserInit.h code

Created Object "dtbtev", 0x2781adf0
Created Object "T0", 0x2781b200
, "T0"Created Object "hitpat", 0x2781b5f0
, "hitpat"Created Object "numHitArray2", 0x2781c040
, "numHitArray2"Created Object "CCmult", 0x2781cb00
, "CC Multiplicity"Created Object "CCsum", 0x27aee9d0
, "CCsum"Created Object "hit2", 0x27afe7e0
, "hit2"Created Object "hit3", 0x27b0e5f0
, "hit3"Created Object "hit4", 0x27b1e400
, "hit4"Created Object "CCsum_nodop", 0x27b2e210
, "CCsum_nodop"Created Object "CCadd", 0x27b3e020
, "CCadd"Created Object "SEGadd_FPGA", 0x27b4de30
Created Object "SEGadd_PSA", 0x27b4e240
Created Object "SEGsum_FPGA", 0x27b4e650
Created Object "SEGsum_PSA", 0x27b4ea60
Created Object "radius_all", 0x27b4ee70
, "radius (all points)"Created Object "rate_mode2_min", 0x27b57280
, "rate_mode2_min headers"Created Object "rate_mode2_sec", 0x27b5a390
, "rate_mode2_sec headers"Created Object "rate_mode2_intp", 0x27b5d4a0
, "rate_mode2 interaction points"Created Object "cdtbtev", 0x27b605b0
Created Object "evsr_all", 0x27c26460
Created Object "SMAP_allhits", 0x27c26930
Created Object "SMAP_allhits_sq", 0x27d262c0
Created Object "seghitpat", 0x27e25c50
Created Object "CCe", 0x27e2e050
Created Object "ggCC", 0x27e2e600
Created Object "z_plot", 0x27e2ebb0
Created Object "crystal_hit", 0x27ee2280
Created Object "SegE", 0x27ee2850
Created Object "crXcr", 0x27ee2d90
MAXDETPOS=180
Created Object "eCC_a", 0x27fd09d0
Created Object "eCC_b", 0x27fd0de0
Created Object "eCC_c", 0x27fd1250
Created Object "eCC_d", 0x27fd1800
Created Object "eSeg", 0x27fd1d40
Created Object "mode3_hitpat", 0x27fd22f0
, "mode3_hitpat"Created Object "mode3_hitpat_chan", 0x27fd2c60
, "mode3_hitpat_chan"Created Object "chan0", 0x27fd3390
, "chan0"Created Object "module", 0x27fe71c0
, "module"Created Object "chan", 0x27ffaff0
Created Object "l", 0x28070910
, "l"Created Object "r", 0x28084740
, "r"Created Object "up", 0x28098500
, "up"Created Object "down", 0x280ac2c0
, "down"Created Object "sumlr", 0x280c00f0
, "sumlr"Created Object "sumud", 0x280d3f20
, "sumud"Created Object "x", 0x280e7d50
, "x"Created Object "y", 0x280fbb80
, "y"Created Object "de1", 0x2810f9b0
, "de1"Created Object "de2", 0x28123770
, "de2"Created Object "de3", 0x28137530
, "de3"Created Object "de12", 0x2814b360
, "de12"Created Object "etot", 0x2815f190
, "etot"Created Object "rftof", 0x28172f50
, "rftof"Created Object "lr", 0x28186d10
Created Object "ud", 0x28187250
Created Object "ede1", 0x28187790
Created Object "ede1g", 0x28187cd0
Created Object "ede2", 0x28188280
Created Object "ede12", 0x28188830
Created Object "xde1", 0x28188de0
Created Object "erftof", 0x28189320
Created Object "erftofg", 0x28189860
Created Object "sumehi", 0x28189e10
, "sumehi"Created Object "tgppac", 0x2819dbd0
, "tgppac"Created Object "tgppacg", 0x281c5280
, "tgppacg"Created Object "xehi1", 0x281ec930
Created Object "xehi1g", 0x281ece70
Created Object "de1ehi", 0x281ed420
Created Object "de1ehig", 0x281ed960
Created Object "ng", 0x281edea0
, "ng"Created Object "ehiz1", 0x28201c60
, "ehiz1"Created Object "ehiz2", 0x28215a20
, "ehiz2"Created Object "ehiz3", 0x28229850
, "ehiz3"Created Object "ehiz4", 0x2823d680
, "ehiz4"Created Object "ehiz5", 0x282514b0
, "ehiz5"Created Object "gg_dt", 0x28265270
, "gg_dt"Created Object "gg", 0x282696a0
Created Object "gg_z1", 0x28269c50
Created Object "gg_z2", 0x2826a200
Created Object "gg_z3", 0x2826a7b0
Created Object "gg_z4", 0x2826ad60
Created Object "gg_z5", 0x2826b2a0
we have define the following ROOT spectra:
Collection name='THashList', class='THashList', size=84
 TH1.Print Name  = dtbtev, Entries= 0, Total sum= 0
 TH1.Print Name  = T0, Entries= 0, Total sum= 0
 TH1.Print Name  = hitpat, Entries= 0, Total sum= 0
 TH1.Print Name  = numHitArray2, Entries= 0, Total sum= 0
 TH1.Print Name  = CCmult, Entries= 0, Total sum= 0
 TH1.Print Name  = CCsum, Entries= 0, Total sum= 0
 TH1.Print Name  = hit2, Entries= 0, Total sum= 0
 TH1.Print Name  = hit3, Entries= 0, Total sum= 0
 TH1.Print Name  = hit4, Entries= 0, Total sum= 0
 TH1.Print Name  = CCsum_nodop, Entries= 0, Total sum= 0
 TH1.Print Name  = CCadd, Entries= 0, Total sum= 0
 TH1.Print Name  = SEGadd_FPGA, Entries= 0, Total sum= 0
 TH1.Print Name  = SEGadd_PSA, Entries= 0, Total sum= 0
 TH1.Print Name  = SEGsum_FPGA, Entries= 0, Total sum= 0
 TH1.Print Name  = SEGsum_PSA, Entries= 0, Total sum= 0
 TH1.Print Name  = radius_all, Entries= 0, Total sum= 0
 TH1.Print Name  = rate_mode2_min, Entries= 0, Total sum= 0
 TH1.Print Name  = rate_mode2_sec, Entries= 0, Total sum= 0
 TH1.Print Name  = rate_mode2_intp, Entries= 0, Total sum= 0
 TH1.Print Name  = cdtbtev, Entries= 0, Total sum= 0
 TH1.Print Name  = evsr_all, Entries= 0, Total sum= 0
 TH1.Print Name  = SMAP_allhits, Entries= 0, Total sum= 0
 TH1.Print Name  = SMAP_allhits_sq, Entries= 0, Total sum= 0
 TH1.Print Name  = seghitpat, Entries= 0, Total sum= 0
 TH1.Print Name  = CCe, Entries= 0, Total sum= 0
 TH1.Print Name  = ggCC, Entries= 0, Total sum= 0
 TH1.Print Name  = z_plot, Entries= 0, Total sum= 0
 TH1.Print Name  = crystal_hit, Entries= 0, Total sum= 0
 TH1.Print Name  = SegE, Entries= 0, Total sum= 0
 TH1.Print Name  = crXcr, Entries= 0, Total sum= 0
 ******************************************************************************
*Tree    :tree      : tree                                                   *
*Entries :        0 : Total =            8461 bytes  File  Size =          0 *
*        :          : Tree compression factor =   1.00                       *
******************************************************************************
*Br    0 :runNumber : runNumber/I                                            *
*Entries :        0 : Total  Size=        501 bytes  One basket in memory    *
*Baskets :        0 : Basket Size=      32000 bytes  Compression=   1.00     *
*............................................................................*
*Br    1 :numHits   : numHits/I                                              *
*Entries :        0 : Total  Size=        493 bytes  One basket in memory    *
*Baskets :        0 : Basket Size=      32000 bytes  Compression=   1.00     *
*............................................................................*
*Br    2 :left      : left[numHits]/F                                        *
*Entries :        0 : Total  Size=        580 bytes  One basket in memory    *
*Baskets :        0 : Basket Size=      32000 bytes  Compression=   1.00     *
*............................................................................*
*Br    3 :right     : right[numHits]/F                                       *
*Entries :        0 : Total  Size=        584 bytes  One basket in memory    *
*Baskets :        0 : Basket Size=      32000 bytes  Compression=   1.00     *
*............................................................................*
*Br    4 :up        : up[numHits]/F                                          *
*Entries :        0 : Total  Size=        572 bytes  One basket in memory    *
*Baskets :        0 : Basket Size=      32000 bytes  Compression=   1.00     *
*............................................................................*
*Br    5 :down      : down[numHits]/F                                        *
*Entries :        0 : Total  Size=        580 bytes  One basket in memory    *
*Baskets :        0 : Basket Size=      32000 bytes  Compression=   1.00     *
*............................................................................*
*Br    6 :e1        : e1[numHits]/F                                          *
*Entries :        0 : Total  Size=        572 bytes  One basket in memory    *
*Baskets :        0 : Basket Size=      32000 bytes  Compression=   1.00     *
*............................................................................*
*Br    7 :e2        : e2[numHits]/F                                          *
*Entries :        0 : Total  Size=        572 bytes  One basket in memory    *
*Baskets :        0 : Basket Size=      32000 bytes  Compression=   1.00     *
*............................................................................*
*Br    8 :e3        : e3[numHits]/F                                          *
*Entries :        0 : Total  Size=        572 bytes  One basket in memory    *
*Baskets :        0 : Basket Size=      32000 bytes  Compression=   1.00     *
*............................................................................*
*Br    9 :tac       : tac[numHits]/F                                         *
*Entries :        0 : Total  Size=        576 bytes  One basket in memory    *
*Baskets :        0 : Basket Size=      32000 bytes  Compression=   1.00     *
*............................................................................*
*Br   10 :fmaDeltaTime : fmaDeltaTime[numHits]/F                             *
*Entries :        0 : Total  Size=        612 bytes  One basket in memory    *
*Baskets :        0 : Basket Size=      32000 bytes  Compression=   1.00     *
*............................................................................*
*Br   11 :fmaMult   : fmaMult[10]/I                                          *
*Entries :        0 : Total  Size=        501 bytes  One basket in memory    *
*Baskets :        0 : Basket Size=      32000 bytes  Compression=   1.00     *
*............................................................................*
*Br   12 :gammaMult : gammaMult/I                                            *
*Entries :        0 : Total  Size=        501 bytes  One basket in memory    *
*Baskets :        0 : Basket Size=      32000 bytes  Compression=   1.00     *
*............................................................................*
*Br   13 :gammaEnergy : gammaEnergy[gammaMult]/F                             *
*Entries :        0 : Total  Size=        616 bytes  One basket in memory    *
*Baskets :        0 : Basket Size=      32000 bytes  Compression=   1.00     *
*............................................................................*
*Br   14 :gammaTimestamp : gammaTimestamp[gammaMult]/F                       *
*Entries :        0 : Total  Size=        628 bytes  One basket in memory    *
*Baskets :        0 : Basket Size=      32000 bytes  Compression=   1.00     *
*............................................................................*
*Br   15 :deltaTime : deltaTime[gammaMult]/F                                 *
*Entries :        0 : Total  Size=        608 bytes  One basket in memory    *
*Baskets :        0 : Basket Size=      32000 bytes  Compression=   1.00     *
*............................................................................*
 TH1.Print Name  = eCC_a, Entries= 0, Total sum= 0
 TH1.Print Name  = eCC_b, Entries= 0, Total sum= 0
 TH1.Print Name  = eCC_c, Entries= 0, Total sum= 0
 TH1.Print Name  = eCC_d, Entries= 0, Total sum= 0
 TH1.Print Name  = eSeg, Entries= 0, Total sum= 0
 TH1.Print Name  = mode3_hitpat, Entries= 0, Total sum= 0
 TH1.Print Name  = mode3_hitpat_chan, Entries= 0, Total sum= 0
 TH1.Print Name  = chan0, Entries= 0, Total sum= 0
 TH1.Print Name  = module, Entries= 0, Total sum= 0
 TH1.Print Name  = chan, Entries= 0, Total sum= 0
 TH1.Print Name  = l, Entries= 0, Total sum= 0
 TH1.Print Name  = r, Entries= 0, Total sum= 0
 TH1.Print Name  = up, Entries= 0, Total sum= 0
 TH1.Print Name  = down, Entries= 0, Total sum= 0
 TH1.Print Name  = sumlr, Entries= 0, Total sum= 0
 TH1.Print Name  = sumud, Entries= 0, Total sum= 0
 TH1.Print Name  = x, Entries= 0, Total sum= 0
 TH1.Print Name  = y, Entries= 0, Total sum= 0
 TH1.Print Name  = de1, Entries= 0, Total sum= 0
 TH1.Print Name  = de2, Entries= 0, Total sum= 0
 TH1.Print Name  = de3, Entries= 0, Total sum= 0
 TH1.Print Name  = de12, Entries= 0, Total sum= 0
 TH1.Print Name  = etot, Entries= 0, Total sum= 0
 TH1.Print Name  = rftof, Entries= 0, Total sum= 0
 TH1.Print Name  = lr, Entries= 0, Total sum= 0
 TH1.Print Name  = ud, Entries= 0, Total sum= 0
 TH1.Print Name  = ede1, Entries= 0, Total sum= 0
 TH1.Print Name  = ede1g, Entries= 0, Total sum= 0
 TH1.Print Name  = ede2, Entries= 0, Total sum= 0
 TH1.Print Name  = ede12, Entries= 0, Total sum= 0
 TH1.Print Name  = xde1, Entries= 0, Total sum= 0
 TH1.Print Name  = erftof, Entries= 0, Total sum= 0
 TH1.Print Name  = erftofg, Entries= 0, Total sum= 0
 TH1.Print Name  = sumehi, Entries= 0, Total sum= 0
 TH1.Print Name  = tgppac, Entries= 0, Total sum= 0
 TH1.Print Name  = tgppacg, Entries= 0, Total sum= 0
 TH1.Print Name  = xehi1, Entries= 0, Total sum= 0
 TH1.Print Name  = xehi1g, Entries= 0, Total sum= 0
 TH1.Print Name  = de1ehi, Entries= 0, Total sum= 0
 TH1.Print Name  = de1ehig, Entries= 0, Total sum= 0
 TH1.Print Name  = ng, Entries= 0, Total sum= 0
 TH1.Print Name  = ehiz1, Entries= 0, Total sum= 0
 TH1.Print Name  = ehiz2, Entries= 0, Total sum= 0
 TH1.Print Name  = ehiz3, Entries= 0, Total sum= 0
 TH1.Print Name  = ehiz4, Entries= 0, Total sum= 0
 TH1.Print Name  = ehiz5, Entries= 0, Total sum= 0
 TH1.Print Name  = gg_dt, Entries= 0, Total sum= 0
 TH1.Print Name  = gg, Entries= 0, Total sum= 0
 TH1.Print Name  = gg_z1, Entries= 0, Total sum= 0
 TH1.Print Name  = gg_z2, Entries= 0, Total sum= 0
 TH1.Print Name  = gg_z3, Entries= 0, Total sum= 0
 TH1.Print Name  = gg_z4, Entries= 0, Total sum= 0
 TH1.Print Name  = gg_z5, Entries= 0, Total sum= 0
GRETINA detector angles
mod  1, crystal 0 [  4]: ( 10.07   3.58  15.10) pol   35.30 ,  azi   13.35; pol   35.30 ,  azi   19.58; modCCdopfac[4] 1.0271
mod  1, crystal 1 [  5]: ( 10.11   9.19  12.47) pol   47.60 ,  azi   36.39; pol   47.60 ,  azi   42.30; modCCdopfac[5] 1.0222
mod  1, crystal 2 [  6]: (  5.44   7.69  15.92) pol   30.60 ,  azi   25.77; pol   30.60 ,  azi   54.72; modCCdopfac[6] 1.0287
mod  1, crystal 3 [  7]: (  4.99   1.78  17.72) pol   16.65 ,  azi    5.72; pol   16.65 ,  azi   19.58; modCCdopfac[7] 1.0321
mod  2, crystal 0 [  8]: ( -0.29  10.69  15.10) pol   35.30 ,  azi   35.29; pol   35.30 ,  azi   91.58; modCCdopfac[8] 1.0271
mod  2, crystal 1 [  9]: ( -5.62  12.45  12.47) pol   47.60 ,  azi   44.95; pol   47.60 ,  azi  114.30; modCCdopfac[9] 1.0222
mod  2, crystal 2 [ 10]: ( -5.63   7.55  15.92) pol   30.60 ,  azi   25.36; pol   30.60 ,  azi  126.72; modCCdopfac[10] 1.0287
mod  2, crystal 3 [ 11]: ( -0.15   5.30  17.72) pol   16.65 ,  azi   16.64; pol   16.65 ,  azi   91.58; modCCdopfac[11] 1.0321
mod  3, crystal 0 [ 12]: (-10.25   3.02  15.10) pol   35.30 ,  azi   11.32; pol   35.30 ,  azi  163.58; modCCdopfac[12] 1.0271
mod  3, crystal 1 [ 13]: (-13.58  -1.50  12.47) pol   47.60 ,  azi   -6.85; pol   47.60 ,  azi -173.70; modCCdopfac[13] 1.0222
mod  3, crystal 2 [ 14]: ( -8.92  -3.02  15.92) pol   30.60 ,  azi  -10.75; pol   30.60 ,  azi -161.28; modCCdopfac[14] 1.0287
mod  3, crystal 3 [ 15]: ( -5.08   1.50  17.72) pol   16.65 ,  azi    4.83; pol   16.65 ,  azi  163.58; modCCdopfac[15] 1.0321
mod  4, crystal 0 [ 16]: ( -6.04  -8.82  15.10) pol   35.30 ,  azi  -30.29; pol   35.30 ,  azi -124.42; modCCdopfac[16] 1.0271
mod  4, crystal 1 [ 17]: ( -2.77 -13.38  12.47) pol   47.60 ,  azi  -47.00; pol   47.60 ,  azi -101.70; modCCdopfac[17] 1.0222
mod  4, crystal 2 [ 18]: (  0.12  -9.42  15.92) pol   30.60 ,  azi  -30.60; pol   30.60 ,  azi  -89.28; modCCdopfac[18] 1.0287
mod  4, crystal 3 [ 19]: ( -3.00  -4.37  17.72) pol   16.65 ,  azi  -13.86; pol   16.65 ,  azi -124.42; modCCdopfac[19] 1.0321
mod  5, crystal 0 [ 20]: (  6.52  -8.47  15.10) pol   35.30 ,  azi  -29.30; pol   35.30 ,  azi  -52.42; modCCdopfac[20] 1.0271
mod  5, crystal 1 [ 21]: ( 11.87  -6.77  12.47) pol   47.60 ,  azi  -28.49; pol   47.60 ,  azi  -29.70; modCCdopfac[21] 1.0222
mod  5, crystal 2 [ 22]: (  8.99  -2.80  15.92) pol   30.60 ,  azi   -9.96; pol   30.60 ,  azi  -17.28; modCCdopfac[22] 1.0287
mod  5, crystal 3 [ 23]: (  3.23  -4.20  17.72) pol   16.65 ,  azi  -13.33; pol   16.65 ,  azi  -52.42; modCCdopfac[23] 1.0321
mod  6, crystal 0 [ 24]: (  4.54  16.51   7.02) pol   67.71 ,  azi   66.97; pol   67.71 ,  azi   74.63; modCCdopfac[24] 1.0121
mod  6, crystal 1 [ 25]: ( -0.33  15.15  10.61) pol   55.02 ,  azi   55.01; pol   55.02 ,  azi   91.23; modCCdopfac[25] 1.0187
mod  6, crystal 2 [ 26]: (  5.05  13.00  12.16) pol   48.92 ,  azi   46.92; pol   48.92 ,  azi   68.77; modCCdopfac[26] 1.0216
mod  6, crystal 3 [ 27]: (  9.66  13.57   8.06) pol   64.18 ,  azi   59.29; pol   64.18 ,  azi   54.55; modCCdopfac[27] 1.0140
mod  7, crystal 0 [ 28]: (-14.30   9.42   7.02) pol   67.71 ,  azi   53.31; pol   67.71 ,  azi  146.63; modCCdopfac[28] 1.0121
mod  7, crystal 1 [ 29]: (-14.51   4.37  10.61) pol   55.02 ,  azi   22.40; pol   55.02 ,  azi  163.23; modCCdopfac[29] 1.0187
mod  7, crystal 2 [ 30]: (-10.80   8.82  12.16) pol   48.92 ,  azi   35.96; pol   48.92 ,  azi  140.77; modCCdopfac[30] 1.0216
mod  7, crystal 3 [ 31]: ( -9.92  13.38   8.06) pol   64.18 ,  azi   58.94; pol   64.18 ,  azi  126.55; modCCdopfac[31] 1.0140
mod  8, crystal 0 [ 32]: (-13.37 -10.69   7.02) pol   67.71 ,  azi  -56.71; pol   67.71 ,  azi -141.37; modCCdopfac[32] 1.0121
mod  8, crystal 1 [ 33]: ( -8.64 -12.45  10.61) pol   55.02 ,  azi  -49.58; pol   55.02 ,  azi -124.77; modCCdopfac[33] 1.0187
mod  8, crystal 2 [ 34]: (-11.73  -7.55  12.16) pol   48.92 ,  azi  -31.84; pol   48.92 ,  azi -147.23; modCCdopfac[34] 1.0216
mod  8, crystal 3 [ 35]: (-15.79  -5.30   8.06) pol   64.18 ,  azi  -33.33; pol   64.18 ,  azi -161.45; modCCdopfac[35] 1.0140
mod  9, crystal 0 [ 36]: (  6.03 -16.02   7.02) pol   67.71 ,  azi  -66.35; pol   67.71 ,  azi  -69.37; modCCdopfac[36] 1.0121
mod  9, crystal 1 [ 37]: (  9.17 -12.07  10.61) pol   55.02 ,  azi  -48.69; pol   55.02 ,  azi  -52.77; modCCdopfac[37] 1.0187
mod  9, crystal 2 [ 38]: (  3.56 -13.48  12.16) pol   48.92 ,  azi  -47.96; pol   48.92 ,  azi  -75.23; modCCdopfac[38] 1.0216
mod  9, crystal 3 [ 39]: (  0.16 -16.65   8.06) pol   64.18 ,  azi  -64.18; pol   64.18 ,  azi  -89.45; modCCdopfac[39] 1.0140
mod 10, crystal 0 [ 40]: ( 17.10   0.79   7.02) pol   67.71 ,  azi    6.39; pol   67.71 ,  azi    2.63; modCCdopfac[40] 1.0121
mod 10, crystal 1 [ 41]: ( 14.31   4.99  10.61) pol   55.02 ,  azi   25.21; pol   55.02 ,  azi   19.23; modCCdopfac[41] 1.0187
mod 10, crystal 2 [ 42]: ( 13.92  -0.79  12.16) pol   48.92 ,  azi   -3.70; pol   48.92 ,  azi   -3.23; modCCdopfac[42] 1.0216
mod 10, crystal 3 [ 43]: ( 15.89  -4.99   8.06) pol   64.18 ,  azi  -31.79; pol   64.18 ,  azi  -17.45; modCCdopfac[43] 1.0140
mod 11, crystal 0 [ 44]: ( 18.26   2.80   0.92) pol   87.15 ,  azi   71.78; pol   87.15 ,  azi    8.71; modCCdopfac[44] 1.0011
mod 11, crystal 1 [ 45]: ( 17.30   4.20  -5.04) pol  105.79 ,  azi  140.16; pol  105.79 ,  azi   13.65; modCCdopfac[45] 0.9906
mod 11, crystal 2 [ 46]: ( 16.42   8.47  -0.92) pol   92.85 ,  azi   96.20; pol   92.85 ,  azi   27.29; modCCdopfac[46] 0.9978
mod 11, crystal 3 [ 47]: ( 16.46   6.77   5.04) pol   74.21 ,  azi   53.36; pol   74.21 ,  azi   22.35; modCCdopfac[47] 1.0085
mod 12, crystal 0 [ 48]: ( 12.46  13.48  -2.26) pol   97.01 ,  azi   99.50; pol   97.01 ,  azi   47.25; modCCdopfac[48] 0.9954
mod 12, crystal 1 [ 49]: (  7.28  16.65  -3.46) pol  100.78 ,  azi  101.74; pol  100.78 ,  azi   66.39; modCCdopfac[49] 0.9933
mod 12, crystal 2 [ 50]: (  8.97  16.02   2.26) pol   82.99 ,  azi   81.98; pol   82.99 ,  azi   60.75; modCCdopfac[50] 1.0035
mod 12, crystal 3 [ 51]: ( 13.59  12.07   3.46) pol   79.22 ,  azi   74.00; pol   79.22 ,  azi   41.61; modCCdopfac[51] 1.0057
mod 13, crystal 0 [ 52]: (  2.98  18.23   0.92) pol   87.15 ,  azi   87.11; pol   87.15 ,  azi   80.71; modCCdopfac[52] 1.0011
mod 13, crystal 1 [ 53]: (  1.35  17.75  -5.04) pol  105.79 ,  azi  105.84; pol  105.79 ,  azi   85.65; modCCdopfac[53] 0.9906
mod 13, crystal 2 [ 54]: ( -2.98  18.23  -0.92) pol   92.85 ,  azi   92.89; pol   92.85 ,  azi   99.29; modCCdopfac[54] 0.9978
mod 13, crystal 3 [ 55]: ( -1.35  17.75   5.04) pol   74.21 ,  azi   74.16; pol   74.21 ,  azi   94.35; modCCdopfac[55] 1.0085
mod 14, crystal 0 [ 56]: ( -8.97  16.02  -2.26) pol   97.01 ,  azi   98.02; pol   97.01 ,  azi  119.25; modCCdopfac[56] 0.9954
mod 14, crystal 1 [ 57]: (-13.59  12.07  -3.46) pol  100.78 ,  azi  106.00; pol  100.78 ,  azi  138.39; modCCdopfac[57] 0.9933
mod 14, crystal 2 [ 58]: (-12.46  13.48   2.26) pol   82.99 ,  azi   80.50; pol   82.99 ,  azi  132.75; modCCdopfac[58] 1.0035
mod 14, crystal 3 [ 59]: ( -7.28  16.65   3.46) pol   79.22 ,  azi   78.26; pol   79.22 ,  azi  113.61; modCCdopfac[59] 1.0057
mod 15, crystal 0 [ 60]: (-16.42   8.47   0.92) pol   87.15 ,  azi   83.80; pol   87.15 ,  azi  152.71; modCCdopfac[60] 1.0011
mod 15, crystal 1 [ 61]: (-16.46   6.77  -5.04) pol  105.79 ,  azi  126.64; pol  105.79 ,  azi  157.65; modCCdopfac[61] 0.9906
mod 15, crystal 2 [ 62]: (-18.26   2.80  -0.92) pol   92.85 ,  azi  108.22; pol   92.85 ,  azi  171.29; modCCdopfac[62] 0.9978
mod 15, crystal 3 [ 63]: (-17.30   4.20   5.04) pol   74.21 ,  azi   39.84; pol   74.21 ,  azi  166.35; modCCdopfac[63] 1.0085
mod 16, crystal 0 [ 64]: (-18.01  -3.58  -2.26) pol   97.01 ,  azi -122.21; pol   97.01 ,  azi -168.75; modCCdopfac[64] 0.9954
mod 16, crystal 1 [ 65]: (-15.68  -9.19  -3.46) pol  100.78 ,  azi -110.62; pol  100.78 ,  azi -149.61; modCCdopfac[65] 0.9933
mod 16, crystal 2 [ 66]: (-16.68  -7.69   2.26) pol   82.99 ,  azi  -73.64; pol   82.99 ,  azi -155.25; modCCdopfac[66] 1.0035
mod 16, crystal 3 [ 67]: (-18.09  -1.78   3.46) pol   79.22 ,  azi  -27.18; pol   79.22 ,  azi -174.39; modCCdopfac[67] 1.0057
mod 17, crystal 0 [ 68]: (-13.13 -13.00   0.92) pol   87.15 ,  azi  -85.95; pol   87.15 ,  azi -135.29; modCCdopfac[68] 1.0011
mod 17, crystal 1 [ 69]: (-11.53 -13.57  -5.04) pol  105.79 ,  azi -110.36; pol  105.79 ,  azi -130.35; modCCdopfac[69] 0.9906
mod 17, crystal 2 [ 70]: ( -8.30 -16.51  -0.92) pol   92.85 ,  azi  -93.19; pol   92.85 ,  azi -116.71; modCCdopfac[70] 0.9978
mod 17, crystal 3 [ 71]: ( -9.34 -15.15   5.04) pol   74.21 ,  azi  -71.62; pol   74.21 ,  azi -121.65; modCCdopfac[71] 1.0085
mod 18, crystal 0 [ 72]: ( -2.16 -18.23  -2.26) pol   97.01 ,  azi  -97.05; pol   97.01 ,  azi  -96.75; modCCdopfac[72] 0.9954
mod 18, crystal 1 [ 73]: (  3.90 -17.75  -3.46) pol  100.78 ,  azi -101.03; pol  100.78 ,  azi  -77.61; modCCdopfac[73] 0.9933
mod 18, crystal 2 [ 74]: (  2.16 -18.23   2.26) pol   82.99 ,  azi  -82.95; pol   82.99 ,  azi  -83.25; modCCdopfac[74] 1.0035
mod 18, crystal 3 [ 75]: ( -3.90 -17.75   3.46) pol   79.22 ,  azi  -78.97; pol   79.22 ,  azi -102.39; modCCdopfac[75] 1.0057
mod 19, crystal 0 [ 76]: (  8.30 -16.51   0.92) pol   87.15 ,  azi  -86.81; pol   87.15 ,  azi  -63.29; modCCdopfac[76] 1.0011
mod 19, crystal 1 [ 77]: (  9.34 -15.15  -5.04) pol  105.79 ,  azi -108.38; pol  105.79 ,  azi  -58.35; modCCdopfac[77] 0.9906
mod 19, crystal 2 [ 78]: ( 13.13 -13.00  -0.92) pol   92.85 ,  azi  -94.05; pol   92.85 ,  azi  -44.71; modCCdopfac[78] 0.9978
mod 19, crystal 3 [ 79]: ( 11.53 -13.57   5.04) pol   74.21 ,  azi  -69.64; pol   74.21 ,  azi  -49.65; modCCdopfac[79] 1.0085
mod 20, crystal 0 [ 80]: ( 16.68  -7.69  -2.26) pol   97.01 ,  azi -106.36; pol   97.01 ,  azi  -24.75; modCCdopfac[80] 0.9954
mod 20, crystal 1 [ 81]: ( 18.09  -1.78  -3.46) pol  100.78 ,  azi -152.82; pol  100.78 ,  azi   -5.61; modCCdopfac[81] 0.9933
mod 20, crystal 2 [ 82]: ( 18.01  -3.58   2.26) pol   82.99 ,  azi  -57.79; pol   82.99 ,  azi  -11.25; modCCdopfac[82] 1.0035
mod 20, crystal 3 [ 83]: ( 15.68  -9.19   3.46) pol   79.22 ,  azi  -69.38; pol   79.22 ,  azi  -30.39; modCCdopfac[83] 1.0057
mod 21, crystal 0 [ 84]: ( 14.30   9.42  -7.02) pol  112.29 ,  azi  126.69; pol  112.29 ,  azi   33.37; modCCdopfac[84] 0.9871
mod 21, crystal 1 [ 85]: ( 14.51   4.37 -10.61) pol  124.98 ,  azi  157.60; pol  124.98 ,  azi   16.77; modCCdopfac[85] 0.9809
mod 21, crystal 2 [ 86]: ( 10.80   8.82 -12.16) pol  131.08 ,  azi  144.04; pol  131.08 ,  azi   39.23; modCCdopfac[86] 0.9782
mod 21, crystal 3 [ 87]: (  9.92  13.38  -8.06) pol  115.82 ,  azi  121.06; pol  115.82 ,  azi   53.45; modCCdopfac[87] 0.9853
mod 22, crystal 0 [ 88]: ( -4.54  16.51  -7.02) pol  112.29 ,  azi  113.03; pol  112.29 ,  azi  105.37; modCCdopfac[88] 0.9871
mod 22, crystal 1 [ 89]: (  0.33  15.15 -10.61) pol  124.98 ,  azi  124.99; pol  124.98 ,  azi   88.77; modCCdopfac[89] 0.9809
mod 22, crystal 2 [ 90]: ( -5.05  13.00 -12.16) pol  131.08 ,  azi  133.08; pol  131.08 ,  azi  111.23; modCCdopfac[90] 0.9782
mod 22, crystal 3 [ 91]: ( -9.66  13.57  -8.06) pol  115.82 ,  azi  120.71; pol  115.82 ,  azi  125.45; modCCdopfac[91] 0.9853
mod 23, crystal 0 [ 92]: (-17.10   0.79  -7.02) pol  112.29 ,  azi  173.61; pol  112.29 ,  azi  177.37; modCCdopfac[92] 0.9871
mod 23, crystal 1 [ 93]: (-14.31   4.99 -10.61) pol  124.98 ,  azi  154.79; pol  124.98 ,  azi  160.77; modCCdopfac[93] 0.9809
mod 23, crystal 2 [ 94]: (-13.92  -0.79 -12.16) pol  131.08 ,  azi -176.30; pol  131.08 ,  azi -176.77; modCCdopfac[94] 0.9782
mod 23, crystal 3 [ 95]: (-15.89  -4.99  -8.06) pol  115.82 ,  azi -148.21; pol  115.82 ,  azi -162.55; modCCdopfac[95] 0.9853
mod 24, crystal 0 [ 96]: ( -6.03 -16.02  -7.02) pol  112.29 ,  azi -113.65; pol  112.29 ,  azi -110.63; modCCdopfac[96] 0.9871
mod 24, crystal 1 [ 97]: ( -9.17 -12.07 -10.61) pol  124.98 ,  azi -131.31; pol  124.98 ,  azi -127.23; modCCdopfac[97] 0.9809
mod 24, crystal 2 [ 98]: ( -3.56 -13.48 -12.16) pol  131.08 ,  azi -132.04; pol  131.08 ,  azi -104.77; modCCdopfac[98] 0.9782
mod 24, crystal 3 [ 99]: ( -0.16 -16.65  -8.06) pol  115.82 ,  azi -115.82; pol  115.82 ,  azi  -90.55; modCCdopfac[99] 0.9853
mod 25, crystal 0 [100]: ( 13.37 -10.69  -7.02) pol  112.29 ,  azi -123.29; pol  112.29 ,  azi  -38.63; modCCdopfac[100] 0.9871
mod 25, crystal 1 [101]: (  8.64 -12.45 -10.61) pol  124.98 ,  azi -130.42; pol  124.98 ,  azi  -55.23; modCCdopfac[101] 0.9809
mod 25, crystal 2 [102]: ( 11.73  -7.55 -12.16) pol  131.08 ,  azi -148.16; pol  131.08 ,  azi  -32.77; modCCdopfac[102] 0.9782
mod 25, crystal 3 [103]: ( 15.79  -5.30  -8.06) pol  115.82 ,  azi -146.67; pol  115.82 ,  azi  -18.55; modCCdopfac[103] 0.9853
mod 26, crystal 0 [104]: (  0.29  10.69 -15.10) pol  144.70 ,  azi  144.71; pol  144.70 ,  azi   88.42; modCCdopfac[104] 0.9732
mod 26, crystal 1 [105]: (  5.62  12.45 -12.47) pol  132.40 ,  azi  135.05; pol  132.40 ,  azi   65.70; modCCdopfac[105] 0.9777
mod 26, crystal 2 [106]: (  5.63   7.55 -15.92) pol  149.40 ,  azi  154.64; pol  149.40 ,  azi   53.28; modCCdopfac[106] 0.9718
mod 26, crystal 3 [107]: (  0.15   5.30 -17.72) pol  163.35 ,  azi  163.36; pol  163.35 ,  azi   88.42; modCCdopfac[107] 0.9688
mod 27, crystal 0 [108]: (-10.07   3.58 -15.10) pol  144.70 ,  azi  166.65; pol  144.70 ,  azi  160.42; modCCdopfac[108] 0.9732
mod 27, crystal 1 [109]: (-10.11   9.19 -12.47) pol  132.40 ,  azi  143.61; pol  132.40 ,  azi  137.70; modCCdopfac[109] 0.9777
mod 27, crystal 2 [110]: ( -5.44   7.69 -15.92) pol  149.40 ,  azi  154.23; pol  149.40 ,  azi  125.28; modCCdopfac[110] 0.9718
mod 27, crystal 3 [111]: ( -4.99   1.78 -17.72) pol  163.35 ,  azi  174.28; pol  163.35 ,  azi  160.42; modCCdopfac[111] 0.9688
mod 28, crystal 0 [112]: ( -6.52  -8.47 -15.10) pol  144.70 ,  azi -150.70; pol  144.70 ,  azi -127.58; modCCdopfac[112] 0.9732
mod 28, crystal 1 [113]: (-11.87  -6.77 -12.47) pol  132.40 ,  azi -151.51; pol  132.40 ,  azi -150.30; modCCdopfac[113] 0.9777
mod 28, crystal 2 [114]: ( -8.99  -2.80 -15.92) pol  149.40 ,  azi -170.04; pol  149.40 ,  azi -162.72; modCCdopfac[114] 0.9718
mod 28, crystal 3 [115]: ( -3.23  -4.20 -17.72) pol  163.35 ,  azi -166.67; pol  163.35 ,  azi -127.58; modCCdopfac[115] 0.9688
mod 29, crystal 0 [116]: (  6.04  -8.82 -15.10) pol  144.70 ,  azi -149.71; pol  144.70 ,  azi  -55.58; modCCdopfac[116] 0.9732
mod 29, crystal 1 [117]: (  2.77 -13.38 -12.47) pol  132.40 ,  azi -133.00; pol  132.40 ,  azi  -78.30; modCCdopfac[117] 0.9777
mod 29, crystal 2 [118]: ( -0.12  -9.42 -15.92) pol  149.40 ,  azi -149.40; pol  149.40 ,  azi  -90.72; modCCdopfac[118] 0.9718
mod 29, crystal 3 [119]: (  3.00  -4.37 -17.72) pol  163.35 ,  azi -166.14; pol  163.35 ,  azi  -55.58; modCCdopfac[119] 0.9688
mod 30, crystal 0 [120]: ( 10.25   3.02 -15.10) pol  144.70 ,  azi  168.68; pol  144.70 ,  azi   16.42; modCCdopfac[120] 0.9732
mod 30, crystal 1 [121]: ( 13.58  -1.50 -12.47) pol  132.40 ,  azi -173.15; pol  132.40 ,  azi   -6.30; modCCdopfac[121] 0.9777
mod 30, crystal 2 [122]: (  8.92  -3.02 -15.92) pol  149.40 ,  azi -169.25; pol  149.40 ,  azi  -18.72; modCCdopfac[122] 0.9718
mod 30, crystal 3 [123]: (  5.08   1.50 -17.72) pol  163.35 ,  azi  175.17; pol  163.35 ,  azi   16.42; modCCdopfac[123] 0.9688
setup signal catcher
started sorting... from disk...

Pars.maxTS=4611686018427387904
got initial header, TS=430638002579 ID: 1 length: 464
read initial payload of siz=464 into event position 1
__ptgd[0]->type= 0; ptgd[0]->length=   0; ptgd[0]->timestamp=0
initial ii=1, nn=1
ev#     0 GEB_TYPE_DECOMP        464Bytes TS=430638003331 curTS=430638002579 dTS= 752
t0=430638002579
first event: GEB_event.mult=1
   0/ 0: ( 1,GEB_TYPE_DECOMP      ) TS=        430638002579; dT=0
maxTS=9070638002579
that is 86400.0 seconds or 24h0m0s minutes of sorting
GEBGetEv returned st=0
we have read 960 bytes; CurEvNo=1

+++++++++++++++++++++++++++++++
*start event # 1 with multiplicity 1 looks like this:
 0>  1, GEB_TYPE_DECOMP      , TS=430638002579
entered bin_mode2: 1/10
ptinp->pad= 6, (ptinp->pad&0x000000ff)= 6
updated CCadd with    0.00
total number of hits in array: 0
exit bin_mode2
entered bin_mode3 @ event number: 1 
exit bin_mode3
*end of event # 1
+++++++++++++++++++++++++++++++
ev#     1 GEB_TYPE_DECOMP        464Bytes TS=430638022281 curTS=430638003331 dTS= 18950
GEBGetEv returned st=0
we have read 1440 bytes; CurEvNo=2

+++++++++++++++++++++++++++++++
*start event # 2 with multiplicity 1 looks like this:
 0>  1, GEB_TYPE_DECOMP      , TS=430638003331
entered bin_mode2: 2/10
ptinp->pad= 6, (ptinp->pad&0x000000ff)= 6
updated CCadd with    0.00
total number of hits in array: 0
exit bin_mode2
entered bin_mode3 @ event number: 2 
exit bin_mode3
*end of event # 2
+++++++++++++++++++++++++++++++
ev#     2 GEB_TYPE_DECOMP        464Bytes TS=430638055231 curTS=430638022281 dTS= 32950
GEBGetEv returned st=0
we have read 1920 bytes; CurEvNo=3

+++++++++++++++++++++++++++++++
*start event # 3 with multiplicity 1 looks like this:
 0>  1, GEB_TYPE_DECOMP      , TS=430638022281
entered bin_mode2: 3/10
ptinp->pad= 6, (ptinp->pad&0x000000ff)= 6
updated CCadd with    0.00
total number of hits in array: 0
exit bin_mode2
entered bin_mode3 @ event number: 3 
exit bin_mode3
*end of event # 3
+++++++++++++++++++++++++++++++
ev#     3 GEB_TYPE_DECOMP        464Bytes TS=430638055233 curTS=430638055231 dTS= 2
ev#     3 GEB_TYPE_DECOMP        464Bytes TS=430638072021 curTS=430638055231 dTS= 16790
GEBGetEv returned st=0
we have read 2880 bytes; CurEvNo=4

+++++++++++++++++++++++++++++++
*start event # 4 with multiplicity 2 looks like this:
 0>  1, GEB_TYPE_DECOMP      , TS=430638055231
 1>  1, GEB_TYPE_DECOMP      , TS=430638055233
entered bin_mode2: 4/10
ptinp->pad= 6, (ptinp->pad&0x000000ff)= 6
ptinp->pad= 6, (ptinp->pad&0x000000ff)= 6
updated CCadd with    0.00
total number of hits in array: 0
exit bin_mode2
entered bin_mode3 @ event number: 4 
exit bin_mode3
*end of event # 4
+++++++++++++++++++++++++++++++
ev#     4 GEB_TYPE_DECOMP        464Bytes TS=430638072023 curTS=430638072021 dTS= 2
ev#     4 GEB_TYPE_GT_MOD29       88Bytes TS=430638126459 curTS=430638072021 dTS= 54438
GEBGetEv returned st=0
we have read 3464 bytes; CurEvNo=5

+++++++++++++++++++++++++++++++
*start event # 5 with multiplicity 2 looks like this:
 0>  1, GEB_TYPE_DECOMP      , TS=430638072021
 1>  1, GEB_TYPE_DECOMP      , TS=430638072023
entered bin_mode2: 5/10
ptinp->pad= 6, (ptinp->pad&0x000000ff)= 6
ptinp->pad= 6, (ptinp->pad&0x000000ff)= 6
updated CCadd with    0.00
total number of hits in array: 0
exit bin_mode2
entered bin_mode3 @ event number: 5 
exit bin_mode3
*end of event # 5
+++++++++++++++++++++++++++++++
ev#     5 GEB_TYPE_DECOMP        464Bytes TS=430638132855 curTS=430638126459 dTS= 6396
GEBGetEv returned st=0
we have read 3944 bytes; CurEvNo=6

+++++++++++++++++++++++++++++++
*start event # 6 with multiplicity 1 looks like this:
 0>  8, GEB_TYPE_GT_MOD29    , TS=430638126459
entered bin_mode2: 6/10
updated CCadd with    0.00
total number of hits in array: 0
exit bin_mode2
entered bin_mode3 @ event number: 6 

bin_mode3:  0>  8, GEB_TYPE_GT_MOD29    , TS=430638126459, 0x644408557b; payload length: 88 bytes

---------
new GTheader at pos=0 or 0 words (8):
Event.hdr[ 0]=0x1f37,   7991
Event.hdr[ 1]=0x300a,  12298
Event.hdr[ 2]=0x557b,  21883
Event.hdr[ 3]=0x4408,  17416
Event.hdr[ 4]=0x0064,    100
Event.hdr[ 5]=0x20a7,   8359
Event.hdr[ 6]=0x0e00,   3584
Event.hdr[ 7]=0x0000,      0
Event.hdr[ 8]=0x0000,      0
Event.hdr[ 9]=0x0983,   2435
Event.hdr[10]=0x2a00,  10752
Event.hdr[11]=0x0227,    551
Event.hdr[12]=0x7e1c,  32284
Event.hdr[13]=0x07ff,   2047
Event.len=  44, Event.traceLen=  12 (in Bytes)
Event.len=  22, Event.traceLen=   6 (in 16 bit words)
Event.len=  11, Event.traceLen=   3 (in 32 bit words)
next start: 0xaaaaaaaa, pos= 44
0x1f37 module_id = 31 crystal_id = 0 digitizer_id = 3 chan_id = 7 ge_id = 124 channel = 37  -> is segment
open superpulse_006_00_01.xy at Event.chan_id = 7
open CCpulse_006_00_01.xy at Event.chan_id = 7
ncrystal=1
wrote trace to CCpulse_006_00_01.xy
two's comp tempE  ::       8359       8359 0x000020a7 |0000|0000|0000|0000|0010|0000|1010|0111|
rawE              ::       8359       8359 0x000020a7 |0000|0000|0000|0000|0010|0000|1010|0111|
rawE (sign change)::       8359       8359 0x000020a7 |0000|0000|0000|0000|0010|0000|1010|0111|
Event.ehi=             261 0x00000105
Event.ehi=26 (gain changed)
Event.LEDts =         430638126459
Event.CFDts =      281462091546636

---------
new GTheader at pos=44 or 22 words (30):
Event.hdr[ 0]=0x1f38,   7992
Event.hdr[ 1]=0x300a,  12298
Event.hdr[ 2]=0x557b,  21883
Event.hdr[ 3]=0x4408,  17416
Event.hdr[ 4]=0x0064,    100
Event.hdr[ 5]=0x8da3,  36259
Event.hdr[ 6]=0x1ff9,   8185
Event.hdr[ 7]=0x0000,      0
Event.hdr[ 8]=0x0000,      0
Event.hdr[ 9]=0xb4fc,  46332
Event.hdr[10]=0x53fc,  21500
Event.hdr[11]=0xf96f,  63855
Event.hdr[12]=0xb4eb,  46315
Event.hdr[13]=0x07f2,   2034
Event.len=  44, Event.traceLen=  12 (in Bytes)
Event.len=  22, Event.traceLen=   6 (in 16 bit words)
Event.len=  11, Event.traceLen=   3 (in 32 bit words)
0x1f38 module_id = 31 crystal_id = 0 digitizer_id = 3 chan_id = 8 ge_id = 124 channel = 38  -> is segment
ncrystal=1
wrote trace to CCpulse_006_00_01.xy
two's comp tempE  ::   16354723   16354723 0x00f98da3 |0000|0000|1111|1001|1000|1101|1010|0011|
rawE              :: 4294544803    -422493 0xfff98da3 |1111|1111|1111|1001|1000|1101|1010|0011|
rawE (sign change)::     422493     422493 0x0006725d |0000|0000|0000|0110|0111|0010|0101|1101|
Event.ehi=           13202 0x00003392
Event.ehi=1320 (gain changed)
Event.LEDts =         430638126459
Event.CFDts =         545471987724
exit bin_mode3
*end of event # 6
+++++++++++++++++++++++++++++++
ev#     6 GEB_TYPE_GT_MOD29      220Bytes TS=430638133319 curTS=430638132855 dTS= 464
GEBGetEv returned st=0
we have read 4180 bytes; CurEvNo=7

+++++++++++++++++++++++++++++++
*start event # 7 with multiplicity 1 looks like this:
 0>  1, GEB_TYPE_DECOMP      , TS=430638132855
entered bin_mode2: 7/10
ptinp->pad= 6, (ptinp->pad&0x000000ff)= 6
updated CCadd with    0.00
total number of hits in array: 0
exit bin_mode2
entered bin_mode3 @ event number: 7 
exit bin_mode3
*end of event # 7
+++++++++++++++++++++++++++++++
ev#     7 GEB_TYPE_GT_MOD29      440Bytes TS=430638180663 curTS=430638133319 dTS= 47344
GEBGetEv returned st=0
we have read 4636 bytes; CurEvNo=8

+++++++++++++++++++++++++++++++
*start event # 8 with multiplicity 1 looks like this:
 0>  8, GEB_TYPE_GT_MOD29    , TS=430638133319
entered bin_mode2: 8/10
updated CCadd with    0.00
total number of hits in array: 0
exit bin_mode2
entered bin_mode3 @ event number: 8 

bin_mode3:  0>  8, GEB_TYPE_GT_MOD29    , TS=430638133319, 0x6444087047; payload length: 220 bytes

---------
new GTheader at pos=0 or 0 words (8):
Event.hdr[ 0]=0x1f34,   7988
Event.hdr[ 1]=0x300a,  12298
Event.hdr[ 2]=0x7047,  28743
Event.hdr[ 3]=0x4408,  17416
Event.hdr[ 4]=0x0064,    100
Event.hdr[ 5]=0x0048,     72
Event.hdr[ 6]=0x0e00,   3584
Event.hdr[ 7]=0x1acb,   6859
Event.hdr[ 8]=0x0000,      0
Event.hdr[ 9]=0x0024,     36
Event.hdr[10]=0xd400,  54272
Event.hdr[11]=0xffff,  65535
Event.hdr[12]=0xffdb,  65499
Event.hdr[13]=0x07ff,   2047
Event.len=  44, Event.traceLen=  12 (in Bytes)
Event.len=  22, Event.traceLen=   6 (in 16 bit words)
Event.len=  11, Event.traceLen=   3 (in 32 bit words)
next start: 0xaaaaaaaa, pos= 44
0x1f34 module_id = 31 crystal_id = 0 digitizer_id = 3 chan_id = 4 ge_id = 124 channel = 34  -> is segment
open superpulse_008_00_01.xy at Event.chan_id = 4
open CCpulse_008_00_01.xy at Event.chan_id = 4
ncrystal=1
wrote trace to CCpulse_008_00_01.xy
two's comp tempE  ::         72         72 0x00000048 |0000|0000|0000|0000|0000|0000|0100|1000|
rawE              ::         72         72 0x00000048 |0000|0000|0000|0000|0000|0000|0100|1000|
rawE (sign change)::         72         72 0x00000048 |0000|0000|0000|0000|0000|0000|0100|1000|
Event.ehi=               2 0x00000002
Event.ehi=0 (gain changed)
Event.LEDts =         430638133319
Event.CFDts =         261996740620

---------
new GTheader at pos=44 or 22 words (30):
Event.hdr[ 0]=0x1f35,   7989
Event.hdr[ 1]=0x300a,  12298
Event.hdr[ 2]=0x7047,  28743
Event.hdr[ 3]=0x4408,  17416
Event.hdr[ 4]=0x0064,    100
Event.hdr[ 5]=0xc94d,  51533
Event.hdr[ 6]=0x4e09,  19977
Event.hdr[ 7]=0x1acb,   6859
Event.hdr[ 8]=0x0000,      0
Event.hdr[ 9]=0xc853,  51283
Event.hdr[10]=0x7e09,  32265
Event.hdr[11]=0x1157,   4439
Event.hdr[12]=0x71e0,  29152
Event.hdr[13]=0x0025,     37
Event.len=  44, Event.traceLen=  12 (in Bytes)
Event.len=  22, Event.traceLen=   6 (in 16 bit words)
Event.len=  11, Event.traceLen=   3 (in 32 bit words)
next start: 0xaaaaaaaa, pos= 88
0x1f35 module_id = 31 crystal_id = 0 digitizer_id = 3 chan_id = 5 ge_id = 124 channel = 35  -> is segment
ncrystal=1
wrote trace to CCpulse_008_00_01.xy
two's comp tempE  ::     641357     641357 0x0009c94d |0000|0000|0000|1001|1100|1001|0100|1101|
rawE              ::     641357     641357 0x0009c94d |0000|0000|0000|1001|1100|1001|0100|1101|
rawE (sign change)::     641357     641357 0x0009c94d |0000|0000|0000|1001|1100|1001|0100|1101|
Event.ehi=           20042 0x00004e4a
Event.ehi=2004 (gain changed)
Event.LEDts =         430638133319
Event.CFDts =      267967098454028

---------
new GTheader at pos=88 or 44 words (52):
Event.hdr[ 0]=0x1f36,   7990
Event.hdr[ 1]=0x300a,  12298
Event.hdr[ 2]=0x7047,  28743
Event.hdr[ 3]=0x4408,  17416
Event.hdr[ 4]=0x0064,    100
Event.hdr[ 5]=0x297a,  10618
Event.hdr[ 6]=0x0e04,   3588
Event.hdr[ 7]=0x1acb,   6859
Event.hdr[ 8]=0x0000,      0
Event.hdr[ 9]=0xc9c1,  51649
Event.hdr[10]=0xa002,  40962
Event.hdr[11]=0x001f,     31
Event.hdr[12]=0xa8dc,  43228
Event.hdr[13]=0x000d,     13
Event.len=  44, Event.traceLen=  12 (in Bytes)
Event.len=  22, Event.traceLen=   6 (in 16 bit words)
Event.len=  11, Event.traceLen=   3 (in 32 bit words)
next start: 0xaaaaaaaa, pos= 132
0x1f36 module_id = 31 crystal_id = 0 digitizer_id = 3 chan_id = 6 ge_id = 124 channel = 36  -> is segment
ncrystal=1
wrote trace to CCpulse_008_00_01.xy
two's comp tempE  ::     272762     272762 0x0004297a |0000|0000|0000|0100|0010|1001|0111|1010|
rawE              ::     272762     272762 0x0004297a |0000|0000|0000|0100|0010|1001|0111|1010|
rawE (sign change)::     272762     272762 0x0004297a |0000|0000|0000|0100|0010|1001|0111|1010|
Event.ehi=            8523 0x0000214b
Event.ehi=852 (gain changed)
Event.LEDts =         430638133319
Event.CFDts =          47245557772

---------
new GTheader at pos=132 or 66 words (74):
Event.hdr[ 0]=0x1f37,   7991
Event.hdr[ 1]=0x300a,  12298
Event.hdr[ 2]=0x7047,  28743
Event.hdr[ 3]=0x4408,  17416
Event.hdr[ 4]=0x0064,    100
Event.hdr[ 5]=0x7279,  29305
Event.hdr[ 6]=0x0e01,   3585
Event.hdr[ 7]=0x1acb,   6859
Event.hdr[ 8]=0x0000,      0
Event.hdr[ 9]=0xa063,  41059
Event.hdr[10]=0x0600,   1536
Event.hdr[11]=0x0013,     19
Event.hdr[12]=0x4e54,  20052
Event.hdr[13]=0x0004,      4
Event.len=  44, Event.traceLen=  12 (in Bytes)
Event.len=  22, Event.traceLen=   6 (in 16 bit words)
Event.len=  11, Event.traceLen=   3 (in 32 bit words)
next start: 0xaaaaaaaa, pos= 176
0x1f37 module_id = 31 crystal_id = 0 digitizer_id = 3 chan_id = 7 ge_id = 124 channel = 37  -> is segment
ncrystal=1
wrote trace to CCpulse_008_00_01.xy
two's comp tempE  ::      94841      94841 0x00017279 |0000|0000|0000|0001|0111|0010|0111|1001|
rawE              ::      94841      94841 0x00017279 |0000|0000|0000|0001|0111|0010|0111|1001|
rawE (sign change)::      94841      94841 0x00017279 |0000|0000|0000|0001|0111|0010|0111|1001|
Event.ehi=            2963 0x00000b93
Event.ehi=296 (gain changed)
Event.LEDts =         430638133319
Event.CFDts =      281389075922956

---------
new GTheader at pos=176 or 88 words (96):
Event.hdr[ 0]=0x1f38,   7992
Event.hdr[ 1]=0x300a,  12298
Event.hdr[ 2]=0x7047,  28743
Event.hdr[ 3]=0x4408,  17416
Event.hdr[ 4]=0x0064,    100
Event.hdr[ 5]=0x8a04,  35332
Event.hdr[ 6]=0x1ff9,   8185
Event.hdr[ 7]=0x1acb,   6859
Event.hdr[ 8]=0x0000,      0
Event.hdr[ 9]=0xe59a,  58778
Event.hdr[10]=0xf9fc,  63996
Event.hdr[11]=0xf969,  63849
Event.hdr[12]=0xdea7,  56999
Event.hdr[13]=0x07f2,   2034
Event.len=  44, Event.traceLen=  12 (in Bytes)
Event.len=  22, Event.traceLen=   6 (in 16 bit words)
Event.len=  11, Event.traceLen=   3 (in 32 bit words)
0x1f38 module_id = 31 crystal_id = 0 digitizer_id = 3 chan_id = 8 ge_id = 124 channel = 38  -> is segment
ncrystal=1
wrote trace to CCpulse_008_00_01.xy
two's comp tempE  ::   16353796   16353796 0x00f98a04 |0000|0000|1111|1001|1000|1010|0000|0100|
rawE              :: 4294543876    -423420 0xfff98a04 |1111|1111|1111|1001|1000|1010|0000|0100|
rawE (sign change)::     423420     423420 0x000675fc |0000|0000|0000|0110|0111|0101|1111|1100|
Event.ehi=           13231 0x000033af
Event.ehi=1323 (gain changed)
Event.LEDts =         430638133319
Event.CFDts =         347899428876
exit bin_mode3
*end of event # 8
+++++++++++++++++++++++++++++++
ev#     8 GEB_TYPE_DECOMP        464Bytes TS=430638180683 curTS=430638180663 dTS= 20
ev#     8 GEB_TYPE_GT_MOD29      440Bytes TS=430638217853 curTS=430638180663 dTS= 37190
GEBGetEv returned st=0
we have read 5572 bytes; CurEvNo=9

+++++++++++++++++++++++++++++++
*start event # 9 with multiplicity 2 looks like this:
 0>  8, GEB_TYPE_GT_MOD29    , TS=430638180663
 1>  1, GEB_TYPE_DECOMP      , TS=430638180683
entered bin_mode2: 9/10
ptinp->pad= 6, (ptinp->pad&0x000000ff)= 6
updated CCadd with    0.00
total number of hits in array: 0
exit bin_mode2
entered bin_mode3 @ event number: 9 

bin_mode3:  0>  8, GEB_TYPE_GT_MOD29    , TS=430638180663, 0x6444092937; payload length: 440 bytes

---------
new GTheader at pos=0 or 0 words (8):
Event.hdr[ 0]=0x1f35,   7989
Event.hdr[ 1]=0x300a,  12298
Event.hdr[ 2]=0x2937,  10551
Event.hdr[ 3]=0x4409,  17417
Event.hdr[ 4]=0x0064,    100
Event.hdr[ 5]=0x1fda,   8154
Event.hdr[ 6]=0x4e09,  19977
Event.hdr[ 7]=0xb8ef,  47343
Event.hdr[ 8]=0x1acb,   6859
Event.hdr[ 9]=0x1e3b,   7739
Event.hdr[10]=0xa609,  42505
Event.hdr[11]=0x1390,   5008
Event.hdr[12]=0xaefc,  44796
Event.hdr[13]=0x0022,     34
Event.len=  44, Event.traceLen=  12 (in Bytes)
Event.len=  22, Event.traceLen=   6 (in 16 bit words)
Event.len=  11, Event.traceLen=   3 (in 32 bit words)
next start: 0xaaaaaaaa, pos= 44
0x1f35 module_id = 31 crystal_id = 0 digitizer_id = 3 chan_id = 5 ge_id = 124 channel = 35  -> is segment
open superpulse_009_00_01.xy at Event.chan_id = 5
open CCpulse_009_00_01.xy at Event.chan_id = 5
ncrystal=1
wrote trace to CCpulse_009_00_01.xy
two's comp tempE  ::     597978     597978 0x00091fda |0000|0000|0000|1001|0001|1111|1101|1010|
rawE              ::     597978     597978 0x00091fda |0000|0000|0000|1001|0001|1111|1101|1010|
rawE (sign change)::     597978     597978 0x00091fda |0000|0000|0000|1001|0001|1111|1101|1010|
Event.ehi=           18686 0x000048fe
Event.ehi=1868 (gain changed)
Event.LEDts =         430638180663
Event.CFDts =      268860465348620

---------
new GTheader at pos=44 or 22 words (30):
Event.hdr[ 0]=0x1f36,   7990
Event.hdr[ 1]=0x300a,  12298
Event.hdr[ 2]=0x2937,  10551
Event.hdr[ 3]=0x4409,  17417
Event.hdr[ 4]=0x0064,    100
Event.hdr[ 5]=0x6e09,  28169
Event.hdr[ 6]=0x0e03,   3587
Event.hdr[ 7]=0xb8ef,  47343
Event.hdr[ 8]=0x1acb,   6859
Event.hdr[ 9]=0x996d,  39277
Event.hdr[10]=0x8202,  33282
Event.hdr[11]=0x0593,   1427
Event.hdr[12]=0x3f40,  16192
Event.hdr[13]=0x0000,      0
Event.len=  44, Event.traceLen=  12 (in Bytes)
Event.len=  22, Event.traceLen=   6 (in 16 bit words)
Event.len=  11, Event.traceLen=   3 (in 32 bit words)
next start: 0xaaaaaaaa, pos= 88
0x1f36 module_id = 31 crystal_id = 0 digitizer_id = 3 chan_id = 6 ge_id = 124 channel = 36  -> is segment
ncrystal=1
wrote trace to CCpulse_009_00_01.xy
two's comp tempE  ::     224777     224777 0x00036e09 |0000|0000|0000|0011|0110|1110|0000|1001|
rawE              ::     224777     224777 0x00036e09 |0000|0000|0000|0011|0110|1110|0000|1001|
rawE (sign change)::     224777     224777 0x00036e09 |0000|0000|0000|0011|0110|1110|0000|1001|
Event.ehi=            7024 0x00001b70
Event.ehi=702 (gain changed)
Event.LEDts =         430638180663
Event.CFDts =      281346125660172

---------
new GTheader at pos=88 or 44 words (52):
Event.hdr[ 0]=0x1f37,   7991
Event.hdr[ 1]=0x300a,  12298
Event.hdr[ 2]=0x2937,  10551
Event.hdr[ 3]=0x4409,  17417
Event.hdr[ 4]=0x0064,    100
Event.hdr[ 5]=0x2f23,  12067
Event.hdr[ 6]=0x0e01,   3585
Event.hdr[ 7]=0xb8ef,  47343
Event.hdr[ 8]=0x1acb,   6859
Event.hdr[ 9]=0xbb7c,  47996
Event.hdr[10]=0xc600,  50688
Event.hdr[11]=0x0140,    320
Event.hdr[12]=0x260c,   9740
Event.hdr[13]=0x0000,      0
Event.len=  44, Event.traceLen=  12 (in Bytes)
Event.len=  22, Event.traceLen=   6 (in 16 bit words)
Event.len=  11, Event.traceLen=   3 (in 32 bit words)
next start: 0xaaaaaaaa, pos= 132
0x1f37 module_id = 31 crystal_id = 0 digitizer_id = 3 chan_id = 7 ge_id = 124 channel = 37  -> is segment
ncrystal=1
wrote trace to CCpulse_009_00_01.xy
two's comp tempE  ::      77603      77603 0x00012f23 |0000|0000|0000|0001|0010|1111|0010|0011|
rawE              ::      77603      77603 0x00012f23 |0000|0000|0000|0001|0010|1111|0010|0011|
rawE (sign change)::      77603      77603 0x00012f23 |0000|0000|0000|0001|0010|1111|0010|0011|
Event.ehi=            2425 0x00000979
Event.ehi=242 (gain changed)
Event.LEDts =         430638180663
Event.CFDts =               196620

---------
new GTheader at pos=132 or 66 words (74):
Event.hdr[ 0]=0x1f38,   7992
Event.hdr[ 1]=0x300a,  12298
Event.hdr[ 2]=0x2937,  10551
Event.hdr[ 3]=0x4409,  17417
Event.hdr[ 4]=0x0064,    100
Event.hdr[ 5]=0x8cc5,  36037
Event.hdr[ 6]=0x1ff9,   8185
Event.hdr[ 7]=0xb8ef,  47343
Event.hdr[ 8]=0x1acb,   6859
Event.hdr[ 9]=0xd39f,  54175
Event.hdr[10]=0x35fc,  13820
Event.hdr[11]=0xf9cb,  63947
Event.hdr[12]=0xd3f3,  54259
Event.hdr[13]=0x07f2,   2034
Event.len=  44, Event.traceLen=  12 (in Bytes)
Event.len=  22, Event.traceLen=   6 (in 16 bit words)
Event.len=  11, Event.traceLen=   3 (in 32 bit words)
next start: 0xaaaaaaaa, pos= 176
0x1f38 module_id = 31 crystal_id = 0 digitizer_id = 3 chan_id = 8 ge_id = 124 channel = 38  -> is segment
ncrystal=1
wrote trace to CCpulse_009_00_01.xy
two's comp tempE  ::   16354501   16354501 0x00f98cc5 |0000|0000|1111|1001|1000|1100|1100|0101|
rawE              :: 4294544581    -422715 0xfff98cc5 |1111|1111|1111|1001|1000|1100|1100|0101|
rawE (sign change)::     422715     422715 0x0006733b |0000|0000|0000|0110|0111|0011|0011|1011|
Event.ehi=           13209 0x00003399
Event.ehi=1320 (gain changed)
Event.LEDts =         430638180663
Event.CFDts =         390850281484

---------
new GTheader at pos=176 or 88 words (96):
Event.hdr[ 0]=0x1f39,   7993
Event.hdr[ 1]=0x300a,  12298
Event.hdr[ 2]=0x2937,  10551
Event.hdr[ 3]=0x4409,  17417
Event.hdr[ 4]=0x0064,    100
Event.hdr[ 5]=0x0a00,   2560
Event.hdr[ 6]=0x4e0d,  19981
Event.hdr[ 7]=0xb8ef,  47343
Event.hdr[ 8]=0x1acb,   6859
Event.hdr[ 9]=0x0888,   2184
Event.hdr[10]=0x420d,  16909
Event.hdr[11]=0xfff9,  65529
Event.hdr[12]=0xd757,  55127
Event.hdr[13]=0x07ff,   2047
Event.len=  44, Event.traceLen=  12 (in Bytes)
Event.len=  22, Event.traceLen=   6 (in 16 bit words)
Event.len=  11, Event.traceLen=   3 (in 32 bit words)
next start: 0xaaaaaaaa, pos= 220
0x1f39 module_id = 31 crystal_id = 0 digitizer_id = 3 chan_id = 9 ge_id = 124 channel = 39  -> is CC
ncrystal=1
wrote trace to CCpulse_009_00_01.xy
two's comp tempE  ::     854528     854528 0x000d0a00 |0000|0000|0000|1101|0000|1010|0000|0000|
rawE              ::     854528     854528 0x000d0a00 |0000|0000|0000|1101|0000|1010|0000|0000|
rawE (sign change)::     854528     854528 0x000d0a00 |0000|0000|0000|1101|0000|1010|0000|0000|
Event.ehi=           26704 0x00006850
Event.ehi=2670 (gain changed)
Event.LEDts =         430638180663
Event.CFDts =       17648289316876

---------
new GTheader at pos=220 or 110 words (118):
Event.hdr[ 0]=0x1f30,   7984
Event.hdr[ 1]=0x300a,  12298
Event.hdr[ 2]=0x2937,  10551
Event.hdr[ 3]=0x4409,  17417
Event.hdr[ 4]=0x0064,    100
Event.hdr[ 5]=0x0800,   2048
Event.hdr[ 6]=0x4e0b,  19979
Event.hdr[ 7]=0xb8ef,  47343
Event.hdr[ 8]=0x1acb,   6859
Event.hdr[ 9]=0x07ba,   1978
Event.hdr[10]=0x0e0b,   3595
Event.hdr[11]=0x1698,   5784
Event.hdr[12]=0xaf2c,  44844
Event.hdr[13]=0x002e,     46
Event.len=  44, Event.traceLen=  12 (in Bytes)
Event.len=  22, Event.traceLen=   6 (in 16 bit words)
Event.len=  11, Event.traceLen=   3 (in 32 bit words)
next start: 0xaaaaaaaa, pos= 264
0x1f30 module_id = 31 crystal_id = 0 digitizer_id = 3 chan_id = 0 ge_id = 124 channel = 30  -> is segment
ncrystal=1
wrote trace to CCpulse_009_00_01.xy
two's comp tempE  ::     722944     722944 0x000b0800 |0000|0000|0000|1011|0000|1000|0000|0000|
rawE              ::     722944     722944 0x000b0800 |0000|0000|0000|1011|0000|1000|0000|0000|
rawE (sign change)::     722944     722944 0x000b0800 |0000|0000|0000|1011|0000|1000|0000|0000|
Event.ehi=           22592 0x00005840
Event.ehi=2259 (gain changed)
Event.LEDts =         430638180663
Event.CFDts =      266352165912588

---------
new GTheader at pos=264 or 132 words (140):
Event.hdr[ 0]=0x1f31,   7985
Event.hdr[ 1]=0x300a,  12298
Event.hdr[ 2]=0x2937,  10551
Event.hdr[ 3]=0x4409,  17417
Event.hdr[ 4]=0x0064,    100
Event.hdr[ 5]=0x0c7a,   3194
Event.hdr[ 6]=0x4e09,  19977
Event.hdr[ 7]=0xb8ef,  47343
Event.hdr[ 8]=0x1acb,   6859
Event.hdr[ 9]=0x08f4,   2292
Event.hdr[10]=0xba09,  47625
Event.hdr[11]=0x10aa,   4266
Event.hdr[12]=0xf720,  63264
Event.hdr[13]=0x0026,     38
Event.len=  44, Event.traceLen=  12 (in Bytes)
Event.len=  22, Event.traceLen=   6 (in 16 bit words)
Event.len=  11, Event.traceLen=   3 (in 32 bit words)
next start: 0xaaaaaaaa, pos= 308
0x1f31 module_id = 31 crystal_id = 0 digitizer_id = 3 chan_id = 1 ge_id = 124 channel = 31  -> is segment
ncrystal=1
wrote trace to CCpulse_009_00_01.xy
two's comp tempE  ::     593018     593018 0x00090c7a |0000|0000|0000|1001|0000|1100|0111|1010|
rawE              ::     593018     593018 0x00090c7a |0000|0000|0000|1001|0000|1100|0111|1010|
rawE (sign change)::     593018     593018 0x00090c7a |0000|0000|0000|1001|0000|1100|0111|1010|
Event.ehi=           18531 0x00004863
Event.ehi=1853 (gain changed)
Event.LEDts =         430638180663
Event.CFDts =      270531233120268

---------
new GTheader at pos=308 or 154 words (162):
Event.hdr[ 0]=0x1f32,   7986
Event.hdr[ 1]=0x300a,  12298
Event.hdr[ 2]=0x2937,  10551
Event.hdr[ 3]=0x4409,  17417
Event.hdr[ 4]=0x0064,    100
Event.hdr[ 5]=0x508d,  20621
Event.hdr[ 6]=0x0e00,   3584
Event.hdr[ 7]=0xb8ef,  47343
Event.hdr[ 8]=0x1acb,   6859
Event.hdr[ 9]=0xffa9,  65449
Event.hdr[10]=0x0fff,   4095
Event.hdr[11]=0x0042,     66
Event.hdr[12]=0xfbf8,  64504
Event.hdr[13]=0x07ff,   2047
Event.len=  44, Event.traceLen=  12 (in Bytes)
Event.len=  22, Event.traceLen=   6 (in 16 bit words)
Event.len=  11, Event.traceLen=   3 (in 32 bit words)
next start: 0xaaaaaaaa, pos= 352
0x1f32 module_id = 31 crystal_id = 0 digitizer_id = 3 chan_id = 2 ge_id = 124 channel = 32  -> is segment
ncrystal=1
wrote trace to CCpulse_009_00_01.xy
two's comp tempE  ::      20621      20621 0x0000508d |0000|0000|0000|0000|0101|0000|1000|1101|
rawE              ::      20621      20621 0x0000508d |0000|0000|0000|0000|0101|0000|1000|1101|
rawE (sign change)::      20621      20621 0x0000508d |0000|0000|0000|0000|0101|0000|1000|1101|
Event.ehi=             644 0x00000284
Event.ehi=64 (gain changed)
Event.LEDts =         430638180663
Event.CFDts =          30065360908

---------
new GTheader at pos=352 or 176 words (184):
Event.hdr[ 0]=0x1f33,   7987
Event.hdr[ 1]=0x300a,  12298
Event.hdr[ 2]=0x2937,  10551
Event.hdr[ 3]=0x4409,  17417
Event.hdr[ 4]=0x0064,    100
Event.hdr[ 5]=0x3b3e,  15166
Event.hdr[ 6]=0x4e0c,  19980
Event.hdr[ 7]=0xb8ef,  47343
Event.hdr[ 8]=0x1acb,   6859
Event.hdr[ 9]=0x3b00,  15104
Event.hdr[10]=0x6e0c,  28172
Event.hdr[11]=0x179d,   6045
Event.hdr[12]=0xa8bc,  43196
Event.hdr[13]=0x002f,     47
Event.len=  44, Event.traceLen=  12 (in Bytes)
Event.len=  22, Event.traceLen=   6 (in 16 bit words)
Event.len=  11, Event.traceLen=   3 (in 32 bit words)
next start: 0xaaaaaaaa, pos= 396
0x1f33 module_id = 31 crystal_id = 0 digitizer_id = 3 chan_id = 3 ge_id = 124 channel = 33  -> is segment
ncrystal=1
wrote trace to CCpulse_009_00_01.xy
two's comp tempE  ::     801598     801598 0x000c3b3e |0000|0000|0000|1100|0011|1011|0011|1110|
rawE              ::     801598     801598 0x000c3b3e |0000|0000|0000|1100|0011|1011|0011|1110|
rawE (sign change)::     801598     801598 0x000c3b3e |0000|0000|0000|1100|0011|1011|0011|1110|
Event.ehi=           25049 0x000061d9
Event.ehi=2504 (gain changed)
Event.LEDts =         430638180663
Event.CFDts =      264793069256716

---------
new GTheader at pos=396 or 198 words (206):
Event.hdr[ 0]=0x1f34,   7988
Event.hdr[ 1]=0x300a,  12298
Event.hdr[ 2]=0x2937,  10551
Event.hdr[ 3]=0x4409,  17417
Event.hdr[ 4]=0x0064,    100
Event.hdr[ 5]=0x0042,     66
Event.hdr[ 6]=0x0e00,   3584
Event.hdr[ 7]=0xb8ef,  47343
Event.hdr[ 8]=0x1acb,   6859
Event.hdr[ 9]=0xffea,  65514
Event.hdr[10]=0x49ff,  18943
Event.hdr[11]=0x0000,      0
Event.hdr[12]=0xffa8,  65448
Event.hdr[13]=0x07ff,   2047
Event.len=  44, Event.traceLen=  12 (in Bytes)
Event.len=  22, Event.traceLen=   6 (in 16 bit words)
Event.len=  11, Event.traceLen=   3 (in 32 bit words)
0x1f34 module_id = 31 crystal_id = 0 digitizer_id = 3 chan_id = 4 ge_id = 124 channel = 34  -> is segment
ncrystal=1
wrote trace to CCpulse_009_00_01.xy
two's comp tempE  ::         66         66 0x00000042 |0000|0000|0000|0000|0000|0000|0100|0010|
rawE              ::         66         66 0x00000042 |0000|0000|0000|0000|0000|0000|0100|0010|
rawE (sign change)::         66         66 0x00000042 |0000|0000|0000|0000|0000|0000|0100|0010|
Event.ehi=               2 0x00000002
Event.ehi=0 (gain changed)
Event.LEDts =         430638180663
Event.CFDts =         261996806156
exit bin_mode3
*end of event # 9
+++++++++++++++++++++++++++++++
ev#     9 GEB_TYPE_GT_MOD29      440Bytes TS=430638225761 curTS=430638217853 dTS= 7908
GEBGetEv returned st=0
we have read 6028 bytes; CurEvNo=10

+++++++++++++++++++++++++++++++
*start event # 10 with multiplicity 1 looks like this:
 0>  8, GEB_TYPE_GT_MOD29    , TS=430638217853
entered bin_mode2: 10/10
updated CCadd with    0.00
total number of hits in array: 0
exit bin_mode2
entered bin_mode3 @ event number: 10 

bin_mode3:  0>  8, GEB_TYPE_GT_MOD29    , TS=430638217853, 0x644409ba7d; payload length: 440 bytes

---------
new GTheader at pos=0 or 0 words (8):
Event.hdr[ 0]=0x1f34,   7988
Event.hdr[ 1]=0x300a,  12298
Event.hdr[ 2]=0xba7d,  47741
Event.hdr[ 3]=0x4409,  17417
Event.hdr[ 4]=0x0064,    100
Event.hdr[ 5]=0x0062,     98
Event.hdr[ 6]=0x0e00,   3584
Event.hdr[ 7]=0x9145,  37189
Event.hdr[ 8]=0xb8ef,  47343
Event.hdr[ 9]=0x0051,     81
Event.hdr[10]=0xd400,  54272
Event.hdr[11]=0xffff,  65535
Event.hdr[12]=0x0093,    147
Event.hdr[13]=0x0000,      0
Event.len=  44, Event.traceLen=  12 (in Bytes)
Event.len=  22, Event.traceLen=   6 (in 16 bit words)
Event.len=  11, Event.traceLen=   3 (in 32 bit words)
next start: 0xaaaaaaaa, pos= 44
0x1f34 module_id = 31 crystal_id = 0 digitizer_id = 3 chan_id = 4 ge_id = 124 channel = 34  -> is segment
open superpulse_010_00_01.xy at Event.chan_id = 4
open CCpulse_010_00_01.xy at Event.chan_id = 4
ncrystal=1
wrote trace to CCpulse_010_00_01.xy
two's comp tempE  ::         98         98 0x00000062 |0000|0000|0000|0000|0000|0000|0110|0010|
rawE              ::         98         98 0x00000062 |0000|0000|0000|0000|0000|0000|0110|0010|
rawE (sign change)::         98         98 0x00000062 |0000|0000|0000|0000|0000|0000|0110|0010|
Event.ehi=               3 0x00000003
Event.ehi=0 (gain changed)
Event.LEDts =         430638217853
Event.CFDts =         261997133836

---------
new GTheader at pos=44 or 22 words (30):
Event.hdr[ 0]=0x1f35,   7989
Event.hdr[ 1]=0x300a,  12298
Event.hdr[ 2]=0xba7d,  47741
Event.hdr[ 3]=0x4409,  17417
Event.hdr[ 4]=0x0064,    100
Event.hdr[ 5]=0xe965,  59749
Event.hdr[ 6]=0x4e09,  19977
Event.hdr[ 7]=0x9145,  37189
Event.hdr[ 8]=0xb8ef,  47343
Event.hdr[ 9]=0xe738,  59192
Event.hdr[10]=0x7609,  30217
Event.hdr[11]=0x123c,   4668
Event.hdr[12]=0x214c,   8524
Event.hdr[13]=0x0027,     39
Event.len=  44, Event.traceLen=  12 (in Bytes)
Event.len=  22, Event.traceLen=   6 (in 16 bit words)
Event.len=  11, Event.traceLen=   3 (in 32 bit words)
next start: 0xaaaaaaaa, pos= 88
0x1f35 module_id = 31 crystal_id = 0 digitizer_id = 3 chan_id = 5 ge_id = 124 channel = 35  -> is segment
ncrystal=1
wrote trace to CCpulse_010_00_01.xy
two's comp tempE  ::     649573     649573 0x0009e965 |0000|0000|0000|1001|1110|1001|0110|0101|
rawE              ::     649573     649573 0x0009e965 |0000|0000|0000|1001|1110|1001|0110|0101|
rawE (sign change)::     649573     649573 0x0009e965 |0000|0000|0000|1001|1110|1001|0110|0101|
Event.ehi=           20299 0x00004f4b
Event.ehi=2029 (gain changed)
Event.LEDts =         430638217853
Event.CFDts =      267816772370444

---------
new GTheader at pos=88 or 44 words (52):
Event.hdr[ 0]=0x1f36,   7990
Event.hdr[ 1]=0x300a,  12298
Event.hdr[ 2]=0xba7d,  47741
Event.hdr[ 3]=0x4409,  17417
Event.hdr[ 4]=0x0064,    100
Event.hdr[ 5]=0xd1c3,  53699
Event.hdr[ 6]=0x0e08,   3592
Event.hdr[ 7]=0x9145,  37189
Event.hdr[ 8]=0xb8ef,  47343
Event.hdr[ 9]=0x2597,   9623
Event.hdr[10]=0xda06,  55814
Event.hdr[11]=0x0532,   1330
Event.hdr[12]=0x2704,   9988
Event.hdr[13]=0x000b,     11
Event.len=  44, Event.traceLen=  12 (in Bytes)
Event.len=  22, Event.traceLen=   6 (in 16 bit words)
Event.len=  11, Event.traceLen=   3 (in 32 bit words)
next start: 0xaaaaaaaa, pos= 132
0x1f36 module_id = 31 crystal_id = 0 digitizer_id = 3 chan_id = 6 ge_id = 124 channel = 36  -> is segment
ncrystal=1
wrote trace to CCpulse_010_00_01.xy
two's comp tempE  ::     577987     577987 0x0008d1c3 |0000|0000|0000|1000|1101|0001|1100|0011|
rawE              ::     577987     577987 0x0008d1c3 |0000|0000|0000|1000|1101|0001|1100|0011|
rawE (sign change)::     577987     577987 0x0008d1c3 |0000|0000|0000|1000|1101|0001|1100|0011|
Event.ehi=           18062 0x0000468e
Event.ehi=1806 (gain changed)
Event.LEDts =         430638217853
Event.CFDts =      281414846185484

---------
new GTheader at pos=132 or 66 words (74):
Event.hdr[ 0]=0x1f37,   7991
Event.hdr[ 1]=0x300a,  12298
Event.hdr[ 2]=0xba7d,  47741
Event.hdr[ 3]=0x4409,  17417
Event.hdr[ 4]=0x0064,    100
Event.hdr[ 5]=0x9fa9,  40873
Event.hdr[ 6]=0x0e06,   3590
Event.hdr[ 7]=0x9145,  37189
Event.hdr[ 8]=0xb8ef,  47343
Event.hdr[ 9]=0xcc1d,  52253
Event.hdr[10]=0xf803,  63491
Event.hdr[11]=0x0176,    374
Event.hdr[12]=0x818c,  33164
Event.hdr[13]=0x0002,      2
Event.len=  44, Event.traceLen=  12 (in Bytes)
Event.len=  22, Event.traceLen=   6 (in 16 bit words)
Event.len=  11, Event.traceLen=   3 (in 32 bit words)
next start: 0xaaaaaaaa, pos= 176
0x1f37 module_id = 31 crystal_id = 0 digitizer_id = 3 chan_id = 7 ge_id = 124 channel = 37  -> is segment
ncrystal=1
wrote trace to CCpulse_010_00_01.xy
two's comp tempE  ::     434089     434089 0x00069fa9 |0000|0000|0000|0110|1001|1111|1010|1001|
rawE              ::     434089     434089 0x00069fa9 |0000|0000|0000|0110|1001|1111|1010|1001|
rawE (sign change)::     434089     434089 0x00069fa9 |0000|0000|0000|0110|1001|1111|1010|1001|
Event.ehi=           13565 0x000034fd
Event.ehi=1356 (gain changed)
Event.LEDts =         430638217853
Event.CFDts =      281436321546252

---------
new GTheader at pos=176 or 88 words (96):
Event.hdr[ 0]=0x1f38,   7992
Event.hdr[ 1]=0x300a,  12298
Event.hdr[ 2]=0xba7d,  47741
Event.hdr[ 3]=0x4409,  17417
Event.hdr[ 4]=0x0064,    100
Event.hdr[ 5]=0x8d35,  36149
Event.hdr[ 6]=0x1ff9,   8185
Event.hdr[ 7]=0x9145,  37189
Event.hdr[ 8]=0xb8ef,  47343
Event.hdr[ 9]=0xbb54,  47956
Event.hdr[10]=0x3ffc,  16380
Event.hdr[11]=0xf9a7,  63911
Event.hdr[12]=0x966b,  38507
Event.hdr[13]=0x07f3,   2035
Event.len=  44, Event.traceLen=  12 (in Bytes)
Event.len=  22, Event.traceLen=   6 (in 16 bit words)
Event.len=  11, Event.traceLen=   3 (in 32 bit words)
next start: 0xaaaaaaaa, pos= 220
0x1f38 module_id = 31 crystal_id = 0 digitizer_id = 3 chan_id = 8 ge_id = 124 channel = 38  -> is segment
ncrystal=1
wrote trace to CCpulse_010_00_01.xy
two's comp tempE  ::   16354613   16354613 0x00f98d35 |0000|0000|1111|1001|1000|1101|0011|0101|
rawE              :: 4294544693    -422603 0xfff98d35 |1111|1111|1111|1001|1000|1101|0011|0101|
rawE (sign change)::     422603     422603 0x000672cb |0000|0000|0000|0110|0111|0010|1100|1011|
Event.ehi=           13206 0x00003396
Event.ehi=1320 (gain changed)
Event.LEDts =         430638217853
Event.CFDts =         485341724684

---------
new GTheader at pos=220 or 110 words (118):
Event.hdr[ 0]=0x1f39,   7993
Event.hdr[ 1]=0x300a,  12298
Event.hdr[ 2]=0xba7d,  47741
Event.hdr[ 3]=0x4409,  17417
Event.hdr[ 4]=0x0064,    100
Event.hdr[ 5]=0x0204,    516
Event.hdr[ 6]=0x0e00,   3584
Event.hdr[ 7]=0x9145,  37189
Event.hdr[ 8]=0xb8ef,  47343
Event.hdr[ 9]=0xf1bb,  61883
Event.hdr[10]=0x11ff,   4607
Event.hdr[11]=0x1a11,   6673
Event.hdr[12]=0xf284,  62084
Event.hdr[13]=0x07ff,   2047
Event.len=  44, Event.traceLen=  12 (in Bytes)
Event.len=  22, Event.traceLen=   6 (in 16 bit words)
Event.len=  11, Event.traceLen=   3 (in 32 bit words)
next start: 0xaaaaaaaa, pos= 264
0x1f39 module_id = 31 crystal_id = 0 digitizer_id = 3 chan_id = 9 ge_id = 124 channel = 39  -> is CC
ncrystal=1
wrote trace to CCpulse_010_00_01.xy
two's comp tempE  ::        516        516 0x00000204 |0000|0000|0000|0000|0000|0010|0000|0100|
rawE              ::        516        516 0x00000204 |0000|0000|0000|0000|0000|0010|0000|0100|
rawE (sign change)::        516        516 0x00000204 |0000|0000|0000|0000|0000|0010|0000|0100|
Event.ehi=              16 0x00000010
Event.ehi=1 (gain changed)
Event.LEDts =         430638217853
Event.CFDts =         150326214668

---------
new GTheader at pos=264 or 132 words (140):
Event.hdr[ 0]=0x1f30,   7984
Event.hdr[ 1]=0x300a,  12298
Event.hdr[ 2]=0xba7d,  47741
Event.hdr[ 3]=0x4409,  17417
Event.hdr[ 4]=0x0064,    100
Event.hdr[ 5]=0xdad3,  56019
Event.hdr[ 6]=0x4e09,  19977
Event.hdr[ 7]=0x9145,  37189
Event.hdr[ 8]=0xb8ef,  47343
Event.hdr[ 9]=0xd8b0,  55472
Event.hdr[10]=0x7409,  29705
Event.hdr[11]=0x160f,   5647
Event.hdr[12]=0x301c,  12316
Event.hdr[13]=0x002d,     45
Event.len=  44, Event.traceLen=  12 (in Bytes)
Event.len=  22, Event.traceLen=   6 (in 16 bit words)
Event.len=  11, Event.traceLen=   3 (in 32 bit words)
next start: 0xaaaaaaaa, pos= 308
0x1f30 module_id = 31 crystal_id = 0 digitizer_id = 3 chan_id = 0 ge_id = 124 channel = 30  -> is segment
ncrystal=1
wrote trace to CCpulse_010_00_01.xy
two's comp tempE  ::     645843     645843 0x0009dad3 |0000|0000|0000|1001|1101|1010|1101|0011|
rawE              ::     645843     645843 0x0009dad3 |0000|0000|0000|1001|1101|1010|1101|0011|
rawE (sign change)::     645843     645843 0x0009dad3 |0000|0000|0000|1001|1101|1010|1101|0011|
Event.ehi=           20182 0x00004ed6
Event.ehi=2018 (gain changed)
Event.LEDts =         430638217853
Event.CFDts =      267958508650508

---------
new GTheader at pos=308 or 154 words (162):
Event.hdr[ 0]=0x1f31,   7985
Event.hdr[ 1]=0x300a,  12298
Event.hdr[ 2]=0xba7d,  47741
Event.hdr[ 3]=0x4409,  17417
Event.hdr[ 4]=0x0064,    100
Event.hdr[ 5]=0x16f0,   5872
Event.hdr[ 6]=0x4e08,  19976
Event.hdr[ 7]=0x9145,  37189
Event.hdr[ 8]=0xb8ef,  47343
Event.hdr[ 9]=0x15a9,   5545
Event.hdr[10]=0xe808,  59400
Event.hdr[11]=0x1211,   4625
Event.hdr[12]=0x5574,  21876
Event.hdr[13]=0x0021,     33
Event.len=  44, Event.traceLen=  12 (in Bytes)
Event.len=  22, Event.traceLen=   6 (in 16 bit words)
Event.len=  11, Event.traceLen=   3 (in 32 bit words)
next start: 0xaaaaaaaa, pos= 352
0x1f31 module_id = 31 crystal_id = 0 digitizer_id = 3 chan_id = 1 ge_id = 124 channel = 31  -> is segment
ncrystal=1
wrote trace to CCpulse_010_00_01.xy
two's comp tempE  ::     530160     530160 0x000816f0 |0000|0000|0000|1000|0001|0110|1111|0000|
rawE              ::     530160     530160 0x000816f0 |0000|0000|0000|1000|0001|0110|1111|0000|
rawE (sign change)::     530160     530160 0x000816f0 |0000|0000|0000|1000|0001|0110|1111|0000|
Event.ehi=           16567 0x000040b7
Event.ehi=1656 (gain changed)
Event.LEDts =         430638217853
Event.CFDts =      271592106295308

---------
new GTheader at pos=352 or 176 words (184):
Event.hdr[ 0]=0x1f32,   7986
Event.hdr[ 1]=0x300a,  12298
Event.hdr[ 2]=0xba7d,  47741
Event.hdr[ 3]=0x4409,  17417
Event.hdr[ 4]=0x0064,    100
Event.hdr[ 5]=0x4895,  18581
Event.hdr[ 6]=0x0e0a,   3594
Event.hdr[ 7]=0x9145,  37189
Event.hdr[ 8]=0xb8ef,  47343
Event.hdr[ 9]=0xd090,  53392
Event.hdr[10]=0x5204,  20996
Event.hdr[11]=0xffff,  65535
Event.hdr[12]=0x841f,  33823
Event.hdr[13]=0x0000,      0
Event.len=  44, Event.traceLen=  12 (in Bytes)
Event.len=  22, Event.traceLen=   6 (in 16 bit words)
Event.len=  11, Event.traceLen=   3 (in 32 bit words)
next start: 0xaaaaaaaa, pos= 396
0x1f32 module_id = 31 crystal_id = 0 digitizer_id = 3 chan_id = 2 ge_id = 124 channel = 32  -> is segment
ncrystal=1
wrote trace to CCpulse_010_00_01.xy
two's comp tempE  ::     673941     673941 0x000a4895 |0000|0000|0000|1010|0100|1000|1001|0101|
rawE              ::     673941     673941 0x000a4895 |0000|0000|0000|1010|0100|1000|1001|0101|
rawE (sign change)::     673941     673941 0x000a4895 |0000|0000|0000|1010|0100|1000|1001|0101|
Event.ehi=           21060 0x00005244
Event.ehi=2106 (gain changed)
Event.LEDts =         430638217853
Event.CFDts =         124555952140

---------
new GTheader at pos=396 or 198 words (206):
Event.hdr[ 0]=0x1f33,   7987
Event.hdr[ 1]=0x300a,  12298
Event.hdr[ 2]=0xba7d,  47741
Event.hdr[ 3]=0x4409,  17417
Event.hdr[ 4]=0x0064,    100
Event.hdr[ 5]=0x43c7,  17351
Event.hdr[ 6]=0x4e0d,  19981
Event.hdr[ 7]=0x9145,  37189
Event.hdr[ 8]=0xb8ef,  47343
Event.hdr[ 9]=0x42b1,  17073
Event.hdr[10]=0x000d,     13
Event.hdr[11]=0x1876,   6262
Event.hdr[12]=0x3adc,  15068
Event.hdr[13]=0x002f,     47
Event.len=  44, Event.traceLen=  12 (in Bytes)
Event.len=  22, Event.traceLen=   6 (in 16 bit words)
Event.len=  11, Event.traceLen=   3 (in 32 bit words)
0x1f33 module_id = 31 crystal_id = 0 digitizer_id = 3 chan_id = 3 ge_id = 124 channel = 33  -> is segment
ncrystal=1
wrote trace to CCpulse_010_00_01.xy
two's comp tempE  ::     869319     869319 0x000d43c7 |0000|0000|0000|1101|0100|0011|1100|0111|
rawE              ::     869319     869319 0x000d43c7 |0000|0000|0000|1101|0100|0011|1100|0111|
rawE (sign change)::     869319     869319 0x000d43c7 |0000|0000|0000|1101|0100|0011|1100|0111|
Event.ehi=           27166 0x00006a1e
Event.ehi=2716 (gain changed)
Event.LEDts =         430638217853
Event.CFDts =      263341348225036
exit bin_mode3
*end of event # 10
+++++++++++++++++++++++++++++++
ev#    10 GEB_TYPE_GT_MOD29      440Bytes TS=430638256159 curTS=430638225761 dTS= 30398
ev# 50000 GEB_TYPE_DECOMP        464Bytes TS=431147614497 curTS=431147614493 dTS= 4
ev# 50000 GEB_TYPE_DECOMP        464Bytes TS=431147614551 curTS=431147614493 dTS= 58
ev# 50000 GEB_TYPE_DECOMP        464Bytes TS=431147614553 curTS=431147614493 dTS= 60
ev# 50000 GEB_TYPE_DECOMP        464Bytes TS=431147614575 curTS=431147614493 dTS= 82
ev# 50000 GEB_TYPE_DECOMP        464Bytes TS=431147614715 curTS=431147614493 dTS= 222
ev# 100000 GEB_TYPE_DECOMP        464Bytes TS=431658372107 curTS=431658372105 dTS= 2
ev# 100000 GEB_TYPE_DECOMP        464Bytes TS=431658372377 curTS=431658372105 dTS= 272
ev# 150000 GEB_TYPE_DECOMP        464Bytes TS=432166520833 curTS=432166520749 dTS= 84
ev# 150000 GEB_TYPE_DECOMP        464Bytes TS=432166538691 curTS=432166520749 dTS= 17942
ev# 200000 GEB_TYPE_DECOMP        464Bytes TS=432669840663 curTS=432669840629 dTS= 34
ev# 200000 GEB_TYPE_GT_MOD29      440Bytes TS=432669840851 curTS=432669840629 dTS= 222
ev# 250000 GEB_TYPE_DECOMP        464Bytes TS=433167401489 curTS=433167356247 dTS= 45242
ev# 300000 GEB_TYPE_DECOMP        464Bytes TS=433674890461 curTS=433674890457 dTS= 4
ev# 300000 GEB_TYPE_GT_MOD29      440Bytes TS=433674890815 curTS=433674890457 dTS= 358
ev# 350000 GEB_TYPE_GT_MOD29      440Bytes TS=434160185423 curTS=434160185367 dTS= 56
ev# 350000 GEB_TYPE_DECOMP        464Bytes TS=434160195905 curTS=434160185367 dTS= 10538
ev# 400000 GEB_TYPE_GT_MOD29      440Bytes TS=434652036439 curTS=434652036061 dTS= 378
ev# 450000 GEB_TYPE_DECOMP        464Bytes TS=435137228769 curTS=435137228769 dTS= 0
ev# 450000 GEB_TYPE_DECOMP        464Bytes TS=435137228773 curTS=435137228769 dTS= 4
ev# 450000 GEB_TYPE_DECOMP        464Bytes TS=435137228775 curTS=435137228769 dTS= 6
ev# 450000 GEB_TYPE_DECOMP        464Bytes TS=435137228947 curTS=435137228769 dTS= 178
ev# 500000 GEB_TYPE_DECOMP        464Bytes TS=435646426243 curTS=435646371207 dTS= 55036
ev# 550000 GEB_TYPE_DECOMP        464Bytes TS=436160882997 curTS=436160882847 dTS= 150
ev# 600000 GEB_TYPE_DECOMP        464Bytes TS=436689956451 curTS=436689956431 dTS= 20
ev# 600000 GEB_TYPE_DECOMP        464Bytes TS=436689956505 curTS=436689956431 dTS= 74
ev# 600000 GEB_TYPE_DECOMP        464Bytes TS=436689956511 curTS=436689956431 dTS= 80
ev# 600000 GEB_TYPE_GT_MOD29      440Bytes TS=436689956521 curTS=436689956431 dTS= 90
ev# 600000 GEB_TYPE_DECOMP        464Bytes TS=436689956573 curTS=436689956431 dTS= 142
ev# 600000 GEB_TYPE_DECOMP        464Bytes TS=436689956577 curTS=436689956431 dTS= 146
ev# 600000 GEB_TYPE_DECOMP        464Bytes TS=436689956577 curTS=436689956431 dTS= 146
ev# 600000 GEB_TYPE_DECOMP        464Bytes TS=436690043655 curTS=436689956431 dTS= 87224
ev# 650000 GEB_TYPE_DECOMP        464Bytes TS=437195322935 curTS=437195322927 dTS= 8
ev# 650000 GEB_TYPE_DECOMP        464Bytes TS=437195322949 curTS=437195322927 dTS= 22
ev# 650000 GEB_TYPE_DECOMP        464Bytes TS=437195322981 curTS=437195322927 dTS= 54
ev# 650000 GEB_TYPE_GT_MOD29      440Bytes TS=437195323129 curTS=437195322927 dTS= 202
ev# 700000 GEB_TYPE_DECOMP        464Bytes TS=437682207535 curTS=437682204517 dTS= 3018
ev# 750000 GEB_TYPE_GT_MOD29      440Bytes TS=438210068135 curTS=438210068087 dTS= 48
ev# 750000 GEB_TYPE_DECOMP        464Bytes TS=438210068427 curTS=438210068087 dTS= 340
ev# 800000 GEB_TYPE_GT_MOD29      440Bytes TS=438737581853 curTS=438737581345 dTS= 508
ev# 850000 GEB_TYPE_GT_MOD29      440Bytes TS=439249012173 curTS=439249012115 dTS= 58
ev# 850000 GEB_TYPE_DECOMP        464Bytes TS=439249013959 curTS=439249012115 dTS= 1844
ev# 900000 GEB_TYPE_DECOMP        464Bytes TS=439755959179 curTS=439755958891 dTS= 288
ev# 950000 GEB_TYPE_DECOMP        464Bytes TS=440269460735 curTS=440269431067 dTS= 29668

Sorting is done
attempting to save root or map file



mean observed polar and azimuth angles
for the detectors we saw (module,crystal)

------------------------------------------
mean pol/azi angle for detector  56 are   96.79/ 119.46
mean pol/azi angle for detector  57 are  100.43/ 138.35
mean pol/azi angle for detector  58 are   83.38/ 132.62
mean pol/azi angle for detector  59 are   79.58/ 114.03
mean pol/azi angle for detector  60 are   87.38/ 152.65
mean pol/azi angle for detector  61 are  105.26/ 157.69
mean pol/azi angle for detector  62 are   93.15/ 168.33
mean pol/azi angle for detector  63 are   73.84/ 165.97
mean pol/azi angle for detector  68 are   87.15/-134.97
mean pol/azi angle for detector  69 are  105.31/-129.96
mean pol/azi angle for detector  70 are   92.92/-116.88
mean pol/azi angle for detector  71 are   74.16/-121.85
mean pol/azi angle for detector  76 are   87.43/ -63.21
mean pol/azi angle for detector  77 are  105.29/ -58.11
mean pol/azi angle for detector  78 are   92.98/ -45.02
mean pol/azi angle for detector  79 are   74.27/ -49.86
mean pol/azi angle for detector  84 are  112.28/  33.64
mean pol/azi angle for detector  85 are  125.19/  17.38
mean pol/azi angle for detector  86 are  130.68/  39.16
mean pol/azi angle for detector  87 are  115.92/  52.95
mean pol/azi angle for detector  88 are  112.39/ 105.55
mean pol/azi angle for detector  89 are  124.95/  89.31
mean pol/azi angle for detector  90 are  130.79/ 111.17
mean pol/azi angle for detector  91 are  115.81/ 124.99
mean pol/azi angle for detector  96 are  112.60/-110.68
mean pol/azi angle for detector  97 are  124.77/-126.62
mean pol/azi angle for detector  98 are  130.92/-104.96
mean pol/azi angle for detector  99 are  115.83/ -91.03
mean pol/azi angle for detector 100 are  112.41/ -38.58
mean pol/azi angle for detector 101 are  124.75/ -54.99
mean pol/azi angle for detector 102 are  130.66/ -33.01
mean pol/azi angle for detector 103 are  115.83/ -19.08
mean pol/azi angle for detector 104 are  144.43/  88.24
mean pol/azi angle for detector 105 are  132.68/  65.86
mean pol/azi angle for detector 106 are  148.86/  53.91
mean pol/azi angle for detector 107 are  162.35/  88.27
mean pol/azi angle for detector 108 are  144.76/ 160.22
mean pol/azi angle for detector 109 are  132.73/ 137.99
mean pol/azi angle for detector 110 are  149.58/ 125.49
mean pol/azi angle for detector 111 are  162.24/ 110.97
mean pol/azi angle for detector 116 are  144.41/ -55.96
mean pol/azi angle for detector 117 are  132.56/ -78.28
mean pol/azi angle for detector 118 are  148.97/ -90.37
mean pol/azi angle for detector 119 are  162.35/ -56.24
we found 44 crystals
------------------------------------------

minimum pol angle between crystals is  18.65
compactness =  64.39%, 85 of 264
module hit statistics
module  14, crystal 0 was hit      87909 times
module  14, crystal 1 was hit      94871 times
module  14, crystal 2 was hit      91307 times
module  14, crystal 3 was hit      81530 times
module  15, crystal 0 was hit      93518 times
module  15, crystal 1 was hit      86552 times
module  15, crystal 2 was hit      80313 times
module  15, crystal 3 was hit      83358 times
module  17, crystal 0 was hit      71056 times
module  17, crystal 1 was hit      69985 times
module  17, crystal 2 was hit      70137 times
module  17, crystal 3 was hit      72413 times
module  19, crystal 0 was hit      66498 times
module  19, crystal 1 was hit      68997 times
module  19, crystal 2 was hit      80740 times
module  19, crystal 3 was hit      78398 times
module  21, crystal 0 was hit      80613 times
module  21, crystal 1 was hit      70136 times
module  21, crystal 2 was hit      82848 times
module  21, crystal 3 was hit      79047 times
module  22, crystal 0 was hit      87119 times
module  22, crystal 1 was hit      80897 times
module  22, crystal 2 was hit      90925 times
module  22, crystal 3 was hit      84376 times
module  24, crystal 0 was hit      73779 times
module  24, crystal 1 was hit      70975 times
module  24, crystal 2 was hit      74559 times
module  24, crystal 3 was hit      68360 times
module  25, crystal 0 was hit      70502 times
module  25, crystal 1 was hit      72262 times
module  25, crystal 2 was hit      69497 times
module  25, crystal 3 was hit      68943 times
module  26, crystal 0 was hit      80682 times
module  26, crystal 1 was hit      79543 times
module  26, crystal 2 was hit      78584 times
module  26, crystal 3 was hit      74569 times
module  27, crystal 0 was hit      83580 times
module  27, crystal 1 was hit      81443 times
module  27, crystal 2 was hit      82893 times
module  27, crystal 3 was hit      76864 times
module  29, crystal 0 was hit      68351 times
module  29, crystal 1 was hit      67953 times
module  29, crystal 2 was hit      75431 times
module  29, crystal 3 was hit      67660 times

bin_mode2: pad distribution
__id   0,      1484904, 93.49%
__id   2,          192,  0.01%
__id   3,          476,  0.03%
__id   4,          474,  0.03%
__id   5,         3129,  0.20%
__id   6,         9350,  0.59%
__id 128,        89596,  5.64%
__id 133,          152,  0.01%

bin_mode2 calculated mean CCsum energy to be  756.673 keV
bin_mode2 calculated mean CCadd energy to be 1139.006 keV
attempting to close root file...
Pars.f1->Write();
Pars.f1->Print();
TFile: name=/lcrc/project/HELIOS/gretinafma/root_data/run168.root, title=, option=CREATE
TH1.Print Name  = dtbtev, Entries= 2022004, Total sum= 2.022e+06
TH1.Print Name  = T0, Entries= 0, Total sum= 0
TH1.Print Name  = hitpat, Entries= 1484904, Total sum= 1.4849e+06
TH1.Print Name  = numHitArray2, Entries= 1000000, Total sum= 736982
TH1.Print Name  = CCmult, Entries= 1000000, Total sum= 999999
TH1.Print Name  = CCsum, Entries= 3419817, Total sum= 1.48487e+06
TH1.Print Name  = hit2, Entries= 165083, Total sum= 164887
TH1.Print Name  = hit3, Entries= 89737, Total sum= 89089
TH1.Print Name  = hit4, Entries= 49625, Total sum= 48425
TH1.Print Name  = CCsum_nodop, Entries= 3419817, Total sum= 1.48487e+06
TH1.Print Name  = CCadd, Entries= 1000000, Total sum= 727976
TH1.Print Name  = SEGadd_FPGA, Entries= 200000000, Total sum= 1.48419e+06
TH1.Print Name  = SEGadd_PSA, Entries= 200000000, Total sum= 1.47655e+06
TH1.Print Name  = SEGsum_FPGA, Entries= 2302503, Total sum= 2.30205e+06
TH1.Print Name  = SEGsum_PSA, Entries= 3419973, Total sum= 3.39232e+06
TH1.Print Name  = radius_all, Entries= 3419971, Total sum= 3.41997e+06
TH1.Print Name  = rate_mode2_min, Entries= 1484903, Total sum= 24748.4
TH1.Print Name  = rate_mode2_sec, Entries= 1484903, Total sum= 1.4849e+06
TH1.Print Name  = rate_mode2_intp, Entries= 1484903, Total sum= 56999.5
TH1.Print Name  = cdtbtev, Entries= 429666, Total sum= 429666
TH1.Print Name  = evsr_all, Entries= 3419971, Total sum= 3.33936e+06
TH1.Print Name  = SMAP_allhits, Entries= 3419973, Total sum= 3.41997e+06
TH1.Print Name  = SMAP_allhits_sq, Entries= 3419973, Total sum= 3.41997e+06
TH1.Print Name  = seghitpat, Entries= 3419973, Total sum= 3.41997e+06
TH1.Print Name  = CCe, Entries= 3419817, Total sum= 1.48487e+06
TH1.Print Name  = ggCC, Entries= 3053630, Total sum= 2.66871e+06
TH1.Print Name  = z_plot, Entries= 3419973, Total sum= 3.41687e+06
TH1.Print Name  = crystal_hit, Entries= 0, Total sum= 0
TH1.Print Name  = SegE, Entries= 3419279, Total sum= 3.41928e+06
TH1.Print Name  = crXcr, Entries= 1526815, Total sum= 1.52682e+06
******************************************************************************
*Tree    :tree      : tree                                                   *
*Entries :  1000000 : Total =       154330778 bytes  File  Size =   37903549 *
*        :          : Tree compression factor =   4.07                       *
******************************************************************************
*Br    0 :runNumber : runNumber/I                                            *
*Entries :  1000000 : Total  Size=    4010125 bytes  File Size  =      30389 *
*Baskets :       98 : Basket Size=    1330176 bytes  Compression= 131.87     *
*............................................................................*
*Br    1 :numHits   : numHits/I                                              *
*Entries :  1000000 : Total  Size=    4009921 bytes  File Size  =      30192 *
*Baskets :       98 : Basket Size=    1330176 bytes  Compression= 132.73     *
*............................................................................*
*Br    2 :left      : left[numHits]/F                                        *
*Entries :  1000000 : Total  Size=    8030377 bytes  File Size  =    2856471 *
*Baskets :      291 : Basket Size=    8837120 bytes  Compression=   2.81     *
*............................................................................*
*Br    3 :right     : right[numHits]/F                                       *
*Entries :  1000000 : Total  Size=    8030672 bytes  File Size  =    2835440 *
*Baskets :      291 : Basket Size=    8837632 bytes  Compression=   2.83     *
*............................................................................*
*Br    4 :up        : up[numHits]/F                                          *
*Entries :  1000000 : Total  Size=    8029787 bytes  File Size  =    2844434 *
*Baskets :      291 : Basket Size=    8837120 bytes  Compression=   2.82     *
*............................................................................*
*Br    5 :down      : down[numHits]/F                                        *
*Entries :  1000000 : Total  Size=    8030377 bytes  File Size  =    2838737 *
*Baskets :      291 : Basket Size=    8837120 bytes  Compression=   2.83     *
*............................................................................*
*Br    6 :e1        : e1[numHits]/F                                          *
*Entries :  1000000 : Total  Size=    8029787 bytes  File Size  =    2736945 *
*Baskets :      291 : Basket Size=    8837120 bytes  Compression=   2.93     *
*............................................................................*
*Br    7 :e2        : e2[numHits]/F                                          *
*Entries :  1000000 : Total  Size=    8029787 bytes  File Size  =    2709766 *
*Baskets :      291 : Basket Size=    8837120 bytes  Compression=   2.96     *
*............................................................................*
*Br    8 :e3        : e3[numHits]/F                                          *
*Entries :  1000000 : Total  Size=    8029787 bytes  File Size  =    2679669 *
*Baskets :      291 : Basket Size=    8837120 bytes  Compression=   2.99     *
*............................................................................*
*Br    9 :tac       : tac[numHits]/F                                         *
*Entries :  1000000 : Total  Size=    8030082 bytes  File Size  =    2417629 *
*Baskets :      291 : Basket Size=    8837120 bytes  Compression=   3.32     *
*............................................................................*
*Br   10 :fmaDeltaTime : fmaDeltaTime[numHits]/F                             *
*Entries :  1000000 : Total  Size=    8032848 bytes  File Size  =    2647004 *
*Baskets :      292 : Basket Size=    8838144 bytes  Compression=   3.03     *
*............................................................................*
*Br   11 :fmaMult   : fmaMult[10]/I                                          *
*Entries :  1000000 : Total  Size=   40095287 bytes  File Size  =    1042311 *
*Baskets :      969 : Basket Size=   25600000 bytes  Compression=  38.45     *
*............................................................................*
*Br   12 :gammaMult : gammaMult/I                                            *
*Entries :  1000000 : Total  Size=    4010125 bytes  File Size  =     708809 *
*Baskets :       98 : Basket Size=    1330176 bytes  Compression=   5.65     *
*............................................................................*
*Br   13 :gammaEnergy : gammaEnergy[gammaMult]/F                             *
*Entries :  1000000 : Total  Size=    9977346 bytes  File Size  =    7039059 *
*Baskets :      339 : Basket Size=    9486336 bytes  Compression=   1.42     *
*............................................................................*
*Br   14 :gammaTimestamp : gammaTimestamp[gammaMult]/F                       *
*Entries :  1000000 : Total  Size=    9978375 bytes  File Size  =    2323479 *
*Baskets :      339 : Basket Size=    9486848 bytes  Compression=   4.29     *
*............................................................................*
*Br   15 :deltaTime : deltaTime[gammaMult]/F                                 *
*Entries :  1000000 : Total  Size=    9976660 bytes  File Size  =    2121659 *
*Baskets :      339 : Basket Size=    9486336 bytes  Compression=   4.70     *
*............................................................................*
TH1.Print Name  = eCC_a, Entries= 0, Total sum= 0
TH1.Print Name  = eCC_b, Entries= 0, Total sum= 0
TH1.Print Name  = eCC_c, Entries= 0, Total sum= 0
TH1.Print Name  = eCC_d, Entries= 125702, Total sum= 0
TH1.Print Name  = eSeg, Entries= 0, Total sum= 0
TH1.Print Name  = mode3_hitpat, Entries= 4312156, Total sum= 0
TH1.Print Name  = mode3_hitpat_chan, Entries= 4312156, Total sum= 4.31216e+06
TH1.Print Name  = chan0, Entries= 0, Total sum= 0
TH1.Print Name  = module, Entries= 4312156, Total sum= 4.31216e+06
TH1.Print Name  = chan, Entries= 4312156, Total sum= 4.30949e+06
TH1.Print Name  = l, Entries= 431215, Total sum= 431172
TH1.Print Name  = r, Entries= 431215, Total sum= 431211
TH1.Print Name  = up, Entries= 431215, Total sum= 431215
TH1.Print Name  = down, Entries= 431216, Total sum= 431215
TH1.Print Name  = sumlr, Entries= 419324, Total sum= 419324
TH1.Print Name  = sumud, Entries= 407193, Total sum= 407193
TH1.Print Name  = x, Entries= 419324, Total sum= 419324
TH1.Print Name  = y, Entries= 407193, Total sum= 407193
TH1.Print Name  = de1, Entries= 431216, Total sum= 431185
TH1.Print Name  = de2, Entries= 431217, Total sum= 431217
TH1.Print Name  = de3, Entries= 431214, Total sum= 430246
TH1.Print Name  = de12, Entries= 380447, Total sum= 380447
TH1.Print Name  = etot, Entries= 380447, Total sum= 380447
TH1.Print Name  = rftof, Entries= 431215, Total sum= 429792
TH1.Print Name  = lr, Entries= 1000000, Total sum= 999954
TH1.Print Name  = ud, Entries= 1000000, Total sum= 999999
TH1.Print Name  = ede1, Entries= 380447, Total sum= 380447
TH1.Print Name  = ede1g, Entries= 70302, Total sum= 70298
TH1.Print Name  = ede2, Entries= 380447, Total sum= 380447
TH1.Print Name  = ede12, Entries= 380447, Total sum= 380447
TH1.Print Name  = xde1, Entries= 380447, Total sum= 380447
TH1.Print Name  = erftof, Entries= 1000000, Total sum= 998577
TH1.Print Name  = erftofg, Entries= 28910, Total sum= 28831
TH1.Print Name  = sumehi, Entries= 1484904, Total sum= 1.48489e+06
TH1.Print Name  = tgppac, Entries= 1484904, Total sum= 383882
TH1.Print Name  = tgppacg, Entries= 70302, Total sum= 70302
TH1.Print Name  = xehi1, Entries= 1484904, Total sum= 1.48489e+06
TH1.Print Name  = xehi1g, Entries= 70302, Total sum= 70302
TH1.Print Name  = de1ehi, Entries= 1484904, Total sum= 1.48488e+06
TH1.Print Name  = de1ehig, Entries= 70302, Total sum= 70298
TH1.Print Name  = ng, Entries= 1000000, Total sum= 1e+06
TH1.Print Name  = ehiz1, Entries= 0, Total sum= 0
TH1.Print Name  = ehiz2, Entries= 0, Total sum= 0
TH1.Print Name  = ehiz3, Entries= 0, Total sum= 0
TH1.Print Name  = ehiz4, Entries= 0, Total sum= 0
TH1.Print Name  = ehiz5, Entries= 0, Total sum= 0
TH1.Print Name  = gg_dt, Entries= 85538, Total sum= 85538
TH1.Print Name  = gg, Entries= 171076, Total sum= 168440
TH1.Print Name  = gg_z1, Entries= 0, Total sum= 0
TH1.Print Name  = gg_z2, Entries= 0, Total sum= 0
TH1.Print Name  = gg_z3, Entries= 0, Total sum= 0
TH1.Print Name  = gg_z4, Entries= 0, Total sum= 0
TH1.Print Name  = gg_z5, Entries= 0, Total sum= 0
Pars.f1->Close();
done saving rootfile "/lcrc/project/HELIOS/gretinafma/root_data/run168.root


read 1000000 events; Pars.beta=0.0330; time since last update 1 minutes
CommandFileName="GEBSort.command"

sorted timestamp range 430638002579-->440813191069: 10175188490
that is 101.8 seconds or 0h1m41s
^^^^^ any timestamp jumps will upset this accounting

hit statistics per type
 1 GEB_TYPE_DECOMP          1588273 ;  15609.27 Hz 
 8 GEB_TYPE_GT_MOD29         433731 ;   4262.63 Hz 
read a total of              2022004 ; header/payloads


nn1=0
nn2=2022005
nn3=2022005

nok_validate= 1000000, ntot_validate=1000000; validate fraction 100.00%

bytes read=959046080, 914.617615 MB

boniva sancta! ...GEBSort (unexpectedly) did not crash!

 ** GEBSort is done at 
