started GEBSort at we have 9 arguments
1... -input
will take input from disk
file size is 40218256344 bytes or 39275 MBytes

4... -rootfile
rootfile name specified on command line
__will store spectra in rootfile: /lcrc/project/HELIOS/gretinafma/root_data/run240.root
will recreate root file
7... -chat
core file size          (blocks, -c) unlimited
data seg size           (kbytes, -d) unlimited
scheduling priority             (-e) 0
file size               (blocks, -f) unlimited
pending signals                 (-i) 510315
max locked memory       (kbytes, -l) unlimited
max memory size         (kbytes, -m) 128769024
open files                      (-n) 51200
pipe size            (512 bytes, -p) 8
POSIX message queues     (bytes, -q) 819200
real-time priority              (-r) 0
stack size              (kbytes, -s) unlimited
cpu time               (seconds, -t) unlimited
max user processes              (-u) 4096
virtual memory          (kbytes, -v) unlimited
file locks                      (-x) unlimited
will read sorting instructions from chatfile: GEBSort.chat

executing UserDeclare.h code


GEBsort running on: 

initializing

crmat.LINUX is open (input) binary format
read 7936 bytes into Pars.crmat
chat file: <GEBSort.chat> open

will sort a max of 1410065408 events
will sort a max of 1000000 events
will sort 86400 minutes of data
will print details of the first 10 events
will use Pars.Beta (v/c) correction of 0.033000
will sort using a time window of 150
Pars.do_bin_mode2=1
Pars.do_bin_mode3=1
will accept second interaction range between 10.000000 and 500.000000 mm
"1-200"
detector   1 is ENABLED
detector   2 is ENABLED
detector   3 is ENABLED
detector   4 is ENABLED
detector   5 is ENABLED
detector   6 is ENABLED
detector   7 is ENABLED
detector   8 is ENABLED
detector   9 is ENABLED
detector  10 is ENABLED
detector  11 is ENABLED
detector  12 is ENABLED
detector  13 is ENABLED
detector  14 is ENABLED
detector  15 is ENABLED
detector  16 is ENABLED
detector  17 is ENABLED
detector  18 is ENABLED
detector  19 is ENABLED
detector  20 is ENABLED
detector  21 is ENABLED
detector  22 is ENABLED
detector  23 is ENABLED
detector  24 is ENABLED
detector  25 is ENABLED
detector  26 is ENABLED
detector  27 is ENABLED
detector  28 is ENABLED
detector  29 is ENABLED
detector  30 is ENABLED
detector  31 is ENABLED
detector  32 is ENABLED
detector  33 is ENABLED
detector  34 is ENABLED
detector  35 is ENABLED
detector  36 is ENABLED
detector  37 is ENABLED
detector  38 is ENABLED
detector  39 is ENABLED
detector  40 is ENABLED
detector  41 is ENABLED
detector  42 is ENABLED
detector  43 is ENABLED
detector  44 is ENABLED
detector  45 is ENABLED
detector  46 is ENABLED
detector  47 is ENABLED
detector  48 is ENABLED
detector  49 is ENABLED
detector  50 is ENABLED
detector  51 is ENABLED
detector  52 is ENABLED
detector  53 is ENABLED
detector  54 is ENABLED
detector  55 is ENABLED
detector  56 is ENABLED
detector  57 is ENABLED
detector  58 is ENABLED
detector  59 is ENABLED
detector  60 is ENABLED
detector  61 is ENABLED
detector  62 is ENABLED
detector  63 is ENABLED
detector  64 is ENABLED
detector  65 is ENABLED
detector  66 is ENABLED
detector  67 is ENABLED
detector  68 is ENABLED
detector  69 is ENABLED
detector  70 is ENABLED
detector  71 is ENABLED
detector  72 is ENABLED
detector  73 is ENABLED
detector  74 is ENABLED
detector  75 is ENABLED
detector  76 is ENABLED
detector  77 is ENABLED
detector  78 is ENABLED
detector  79 is ENABLED
detector  80 is ENABLED
detector  81 is ENABLED
detector  82 is ENABLED
detector  83 is ENABLED
detector  84 is ENABLED
detector  85 is ENABLED
detector  86 is ENABLED
detector  87 is ENABLED
detector  88 is ENABLED
detector  89 is ENABLED
detector  90 is ENABLED
detector  91 is ENABLED
detector  92 is ENABLED
detector  93 is ENABLED
detector  94 is ENABLED
detector  95 is ENABLED
detector  96 is ENABLED
detector  97 is ENABLED
detector  98 is ENABLED
detector  99 is ENABLED
detector 100 is ENABLED
detector 101 is ENABLED
detector 102 is ENABLED
detector 103 is ENABLED
detector 104 is ENABLED
detector 105 is ENABLED
detector 106 is ENABLED
detector 107 is ENABLED
detector 108 is ENABLED
detector 109 is ENABLED
detector 110 is ENABLED
detector 111 is ENABLED
detector 112 is ENABLED
detector 113 is ENABLED
detector 114 is ENABLED
detector 115 is ENABLED
detector 116 is ENABLED
detector 117 is ENABLED
detector 118 is ENABLED
detector 119 is ENABLED
detector 120 is ENABLED
detector 121 is ENABLED
detector 122 is ENABLED
detector 123 is ENABLED
detector 124 is ENABLED
detector 125 is ENABLED
detector 126 is ENABLED
detector 127 is ENABLED
detector 128 is ENABLED
detector 129 is ENABLED
detector 130 is ENABLED
detector 131 is ENABLED
detector 132 is ENABLED
detector 133 is ENABLED
detector 134 is ENABLED
detector 135 is ENABLED
detector 136 is ENABLED
detector 137 is ENABLED
detector 138 is ENABLED
detector 139 is ENABLED
detector 140 is ENABLED
detector 141 is ENABLED
detector 142 is ENABLED
detector 143 is ENABLED
detector 144 is ENABLED
detector 145 is ENABLED
detector 146 is ENABLED
detector 147 is ENABLED
detector 148 is ENABLED
detector 149 is ENABLED
detector 150 is ENABLED
detector 151 is ENABLED
detector 152 is ENABLED
detector 153 is ENABLED
detector 154 is ENABLED
detector 155 is ENABLED
detector 156 is ENABLED
detector 157 is ENABLED
detector 158 is ENABLED
detector 159 is ENABLED
detector 160 is ENABLED
detector 161 is ENABLED
detector 162 is ENABLED
detector 163 is ENABLED
detector 164 is ENABLED
detector 165 is ENABLED
detector 166 is ENABLED
detector 167 is ENABLED
detector 168 is ENABLED
detector 169 is ENABLED
detector 170 is ENABLED
detector 171 is ENABLED
detector 172 is ENABLED
detector 173 is ENABLED
detector 174 is ENABLED
detector 175 is ENABLED
detector 176 is ENABLED
detector 177 is ENABLED
detector 178 is ENABLED
detector 179 is ENABLED
detector 180 is ENABLED
detector 181 is ENABLED
detector 182 is ENABLED
detector 183 is ENABLED
detector 184 is ENABLED
detector 185 is ENABLED
detector 186 is ENABLED
detector 187 is ENABLED
detector 188 is ENABLED
detector 189 is ENABLED
detector 190 is ENABLED
detector 191 is ENABLED
detector 192 is ENABLED
detector 193 is ENABLED
detector 194 is ENABLED
detector 195 is ENABLED
detector 196 is ENABLED
detector 197 is ENABLED
detector 198 is ENABLED
detector 199 is ENABLED
WARNING: could not open CCcal file "CCenergy.cal", quit
will use beam direction 0.000000 0.000000 1.000000
vector length= 1.000000, normalizing
will use beam direction 0.000000 0.000000 1.000000
Pars.ndetlimlo=1,Pars.ndetlimhi=8
will require mult bt: 1 20
fomlimits, 1, 0.00 ..to.. 0.80
fomlimits, 2, 0.00 ..to.. 0.80
fomlimits, 3, 0.00 ..to.. 0.80
fomlimits, 4, 0.00 ..to.. 0.80
fomlimits, 5, 0.00 ..to.. 0.80
fomlimits, 6, 0.00 ..to.. 0.80
fomlimits, 7, 0.00 ..to.. 0.80
will use M= 350.000000 in bin_dgs
will use PZ file "dgs_pz.cal" in bin_dgs
will use ecal file "dgs_ehi.cal" in bin_dgs
will skip rest of chat file

chat file: <GEBSort.chat> closed
processed 39 sort instructions and 198 lines


sorting this:
Pars.do_bin_mode3 = 1
Pars.do_bin_mode2 = 1
Pars.do_bin_mode1 = 0
Pars.do_bin_dgs = 0
Pars.do_bin_dfma = 0
Pars.do_bin_gtcal = 0
Pars.do_bin_template = 0
Pars.do_bin_final = 0
Pars.do_bin_angcor = 0
Pars.do_bin_angdis = 0
checking proper input of chat file...
input file "/lcrc/project/HELIOS/gretinafma/merged_data/GEBMerged_run240.gtd_000" is open, inData=0x25878a60
file size is 1563550680 bytes or 1526 MBs 
input source is set up, supposedly

xyz offset values:

executing ShareMemFileUserInit.h code

deleted \rm -f GEBSort.command
root file </lcrc/project/HELIOS/gretinafma/root_data/run240.root>
base=</lcrc/project/HELIOS/gretinafma/root_data/run240.root:/>
TFile: name=/lcrc/project/HELIOS/gretinafma/root_data/run240.root, title=, option=CREATE

executing UserInit.h code

Created Object "dtbtev", 0x268ce280
Created Object "T0", 0x268ce690
, "T0"Created Object "hitpat", 0x268cea80
, "hitpat"Created Object "numHitArray2", 0x268cf4d0
, "numHitArray2"Created Object "CCmult", 0x268d0000
, "CC Multiplicity"Created Object "CCsum", 0x26ba18b0
, "CCsum"Created Object "hit2", 0x26bb16c0
, "hit2"Created Object "hit3", 0x26bc14d0
, "hit3"Created Object "hit4", 0x26bd12e0
, "hit4"Created Object "CCsum_nodop", 0x26be10f0
, "CCsum_nodop"Created Object "CCadd", 0x26bf0f00
, "CCadd"Created Object "SEGadd_FPGA", 0x26c00d10
Created Object "SEGadd_PSA", 0x26c01120
Created Object "SEGsum_FPGA", 0x26c01530
Created Object "SEGsum_PSA", 0x26c01940
Created Object "radius_all", 0x26c01d50
, "radius (all points)"Created Object "rate_mode2_min", 0x26c0a160
, "rate_mode2_min headers"Created Object "rate_mode2_sec", 0x26c0d270
, "rate_mode2_sec headers"Created Object "rate_mode2_intp", 0x26c10380
, "rate_mode2 interaction points"Created Object "cdtbtev", 0x26c13630
Created Object "evsr_all", 0x26cd9610
Created Object "SMAP_allhits", 0x26cd9b50
Created Object "SMAP_allhits_sq", 0x26dd94e0
Created Object "seghitpat", 0x26ed8e70
Created Object "CCe", 0x26ee1270
Created Object "ggCC", 0x26ee1820
Created Object "z_plot", 0x26ee1dd0
Created Object "crystal_hit", 0x26f954a0
Created Object "SegE", 0x26f95a70
Created Object "crXcr", 0x26f95fb0
MAXDETPOS=180
Created Object "eCC_a", 0x27083b10
Created Object "eCC_b", 0x27083f20
Created Object "eCC_c", 0x27084390
Created Object "eCC_d", 0x27084940
Created Object "eSeg", 0x27084e80
Created Object "mode3_hitpat", 0x27085430
, "mode3_hitpat"Created Object "mode3_hitpat_chan", 0x27085da0
, "mode3_hitpat_chan"Created Object "chan0", 0x270864d0
, "chan0"Created Object "module", 0x2709a300
, "module"Created Object "chan", 0x270ae130
Created Object "l", 0x27123a50
, "l"Created Object "r", 0x27137880
, "r"Created Object "up", 0x2714b640
, "up"Created Object "down", 0x2715f400
, "down"Created Object "sumlr", 0x27173230
, "sumlr"Created Object "sumud", 0x27187060
, "sumud"Created Object "x", 0x2719ae90
, "x"Created Object "y", 0x271aecc0
, "y"Created Object "de1", 0x271c2af0
, "de1"Created Object "de2", 0x271d68b0
, "de2"Created Object "de3", 0x271ea670
, "de3"Created Object "de12", 0x271fe4a0
, "de12"Created Object "etot", 0x272122d0
, "etot"Created Object "rftof", 0x27226090
, "rftof"Created Object "lr", 0x27239e50
Created Object "ud", 0x2723a390
Created Object "ede1", 0x2723a8d0
Created Object "ede1g", 0x2723ae10
Created Object "ede2", 0x2723b3c0
Created Object "ede12", 0x2723b970
Created Object "xde1", 0x2723bf20
Created Object "erftof", 0x2723c460
Created Object "erftofg", 0x2723c9a0
Created Object "sumehi", 0x2723cf50
, "sumehi"Created Object "tgppac", 0x27250d10
, "tgppac"Created Object "tgppacg", 0x272783c0
, "tgppacg"Created Object "xehi1", 0x2729fa70
Created Object "xehi1g", 0x2729ffb0
Created Object "de1ehi", 0x272a0560
Created Object "de1ehig", 0x272a0aa0
Created Object "ng", 0x272a0fe0
, "ng"Created Object "ehiz1", 0x272b4da0
, "ehiz1"Created Object "ehiz2", 0x272c8b60
, "ehiz2"Created Object "ehiz3", 0x272dc990
, "ehiz3"Created Object "ehiz4", 0x272f07c0
, "ehiz4"Created Object "ehiz5", 0x273045f0
, "ehiz5"Created Object "gg_dt", 0x273183b0
, "gg_dt"Created Object "gg", 0x2731c7e0
Created Object "gg_z1", 0x2731cd90
Created Object "gg_z2", 0x2731d340
Created Object "gg_z3", 0x2731d8f0
Created Object "gg_z4", 0x2731dea0
Created Object "gg_z5", 0x2731e3e0
we have define the following ROOT spectra:
Collection name='THashList', class='THashList', size=84
 TH1.Print Name  = dtbtev, Entries= 0, Total sum= 0
 TH1.Print Name  = T0, Entries= 0, Total sum= 0
 TH1.Print Name  = hitpat, Entries= 0, Total sum= 0
 TH1.Print Name  = numHitArray2, Entries= 0, Total sum= 0
 TH1.Print Name  = CCmult, Entries= 0, Total sum= 0
 TH1.Print Name  = CCsum, Entries= 0, Total sum= 0
 TH1.Print Name  = hit2, Entries= 0, Total sum= 0
 TH1.Print Name  = hit3, Entries= 0, Total sum= 0
 TH1.Print Name  = hit4, Entries= 0, Total sum= 0
 TH1.Print Name  = CCsum_nodop, Entries= 0, Total sum= 0
 TH1.Print Name  = CCadd, Entries= 0, Total sum= 0
 TH1.Print Name  = SEGadd_FPGA, Entries= 0, Total sum= 0
 TH1.Print Name  = SEGadd_PSA, Entries= 0, Total sum= 0
 TH1.Print Name  = SEGsum_FPGA, Entries= 0, Total sum= 0
 TH1.Print Name  = SEGsum_PSA, Entries= 0, Total sum= 0
 TH1.Print Name  = radius_all, Entries= 0, Total sum= 0
 TH1.Print Name  = rate_mode2_min, Entries= 0, Total sum= 0
 TH1.Print Name  = rate_mode2_sec, Entries= 0, Total sum= 0
 TH1.Print Name  = rate_mode2_intp, Entries= 0, Total sum= 0
 TH1.Print Name  = cdtbtev, Entries= 0, Total sum= 0
 TH1.Print Name  = evsr_all, Entries= 0, Total sum= 0
 TH1.Print Name  = SMAP_allhits, Entries= 0, Total sum= 0
 TH1.Print Name  = SMAP_allhits_sq, Entries= 0, Total sum= 0
 TH1.Print Name  = seghitpat, Entries= 0, Total sum= 0
 TH1.Print Name  = CCe, Entries= 0, Total sum= 0
 TH1.Print Name  = ggCC, Entries= 0, Total sum= 0
 TH1.Print Name  = z_plot, Entries= 0, Total sum= 0
 TH1.Print Name  = crystal_hit, Entries= 0, Total sum= 0
 TH1.Print Name  = SegE, Entries= 0, Total sum= 0
 TH1.Print Name  = crXcr, Entries= 0, Total sum= 0
 ******************************************************************************
*Tree    :tree      : tree                                                   *
*Entries :        0 : Total =            8461 bytes  File  Size =          0 *
*        :          : Tree compression factor =   1.00                       *
******************************************************************************
*Br    0 :runNumber : runNumber/I                                            *
*Entries :        0 : Total  Size=        501 bytes  One basket in memory    *
*Baskets :        0 : Basket Size=      32000 bytes  Compression=   1.00     *
*............................................................................*
*Br    1 :numHits   : numHits/I                                              *
*Entries :        0 : Total  Size=        493 bytes  One basket in memory    *
*Baskets :        0 : Basket Size=      32000 bytes  Compression=   1.00     *
*............................................................................*
*Br    2 :left      : left[numHits]/F                                        *
*Entries :        0 : Total  Size=        580 bytes  One basket in memory    *
*Baskets :        0 : Basket Size=      32000 bytes  Compression=   1.00     *
*............................................................................*
*Br    3 :right     : right[numHits]/F                                       *
*Entries :        0 : Total  Size=        584 bytes  One basket in memory    *
*Baskets :        0 : Basket Size=      32000 bytes  Compression=   1.00     *
*............................................................................*
*Br    4 :up        : up[numHits]/F                                          *
*Entries :        0 : Total  Size=        572 bytes  One basket in memory    *
*Baskets :        0 : Basket Size=      32000 bytes  Compression=   1.00     *
*............................................................................*
*Br    5 :down      : down[numHits]/F                                        *
*Entries :        0 : Total  Size=        580 bytes  One basket in memory    *
*Baskets :        0 : Basket Size=      32000 bytes  Compression=   1.00     *
*............................................................................*
*Br    6 :e1        : e1[numHits]/F                                          *
*Entries :        0 : Total  Size=        572 bytes  One basket in memory    *
*Baskets :        0 : Basket Size=      32000 bytes  Compression=   1.00     *
*............................................................................*
*Br    7 :e2        : e2[numHits]/F                                          *
*Entries :        0 : Total  Size=        572 bytes  One basket in memory    *
*Baskets :        0 : Basket Size=      32000 bytes  Compression=   1.00     *
*............................................................................*
*Br    8 :e3        : e3[numHits]/F                                          *
*Entries :        0 : Total  Size=        572 bytes  One basket in memory    *
*Baskets :        0 : Basket Size=      32000 bytes  Compression=   1.00     *
*............................................................................*
*Br    9 :tac       : tac[numHits]/F                                         *
*Entries :        0 : Total  Size=        576 bytes  One basket in memory    *
*Baskets :        0 : Basket Size=      32000 bytes  Compression=   1.00     *
*............................................................................*
*Br   10 :fmaDeltaTime : fmaDeltaTime[numHits]/F                             *
*Entries :        0 : Total  Size=        612 bytes  One basket in memory    *
*Baskets :        0 : Basket Size=      32000 bytes  Compression=   1.00     *
*............................................................................*
*Br   11 :fmaMult   : fmaMult[10]/I                                          *
*Entries :        0 : Total  Size=        501 bytes  One basket in memory    *
*Baskets :        0 : Basket Size=      32000 bytes  Compression=   1.00     *
*............................................................................*
*Br   12 :gammaMult : gammaMult/I                                            *
*Entries :        0 : Total  Size=        501 bytes  One basket in memory    *
*Baskets :        0 : Basket Size=      32000 bytes  Compression=   1.00     *
*............................................................................*
*Br   13 :gammaEnergy : gammaEnergy[gammaMult]/F                             *
*Entries :        0 : Total  Size=        616 bytes  One basket in memory    *
*Baskets :        0 : Basket Size=      32000 bytes  Compression=   1.00     *
*............................................................................*
*Br   14 :gammaTimestamp : gammaTimestamp[gammaMult]/F                       *
*Entries :        0 : Total  Size=        628 bytes  One basket in memory    *
*Baskets :        0 : Basket Size=      32000 bytes  Compression=   1.00     *
*............................................................................*
*Br   15 :deltaTime : deltaTime[gammaMult]/F                                 *
*Entries :        0 : Total  Size=        608 bytes  One basket in memory    *
*Baskets :        0 : Basket Size=      32000 bytes  Compression=   1.00     *
*............................................................................*
 TH1.Print Name  = eCC_a, Entries= 0, Total sum= 0
 TH1.Print Name  = eCC_b, Entries= 0, Total sum= 0
 TH1.Print Name  = eCC_c, Entries= 0, Total sum= 0
 TH1.Print Name  = eCC_d, Entries= 0, Total sum= 0
 TH1.Print Name  = eSeg, Entries= 0, Total sum= 0
 TH1.Print Name  = mode3_hitpat, Entries= 0, Total sum= 0
 TH1.Print Name  = mode3_hitpat_chan, Entries= 0, Total sum= 0
 TH1.Print Name  = chan0, Entries= 0, Total sum= 0
 TH1.Print Name  = module, Entries= 0, Total sum= 0
 TH1.Print Name  = chan, Entries= 0, Total sum= 0
 TH1.Print Name  = l, Entries= 0, Total sum= 0
 TH1.Print Name  = r, Entries= 0, Total sum= 0
 TH1.Print Name  = up, Entries= 0, Total sum= 0
 TH1.Print Name  = down, Entries= 0, Total sum= 0
 TH1.Print Name  = sumlr, Entries= 0, Total sum= 0
 TH1.Print Name  = sumud, Entries= 0, Total sum= 0
 TH1.Print Name  = x, Entries= 0, Total sum= 0
 TH1.Print Name  = y, Entries= 0, Total sum= 0
 TH1.Print Name  = de1, Entries= 0, Total sum= 0
 TH1.Print Name  = de2, Entries= 0, Total sum= 0
 TH1.Print Name  = de3, Entries= 0, Total sum= 0
 TH1.Print Name  = de12, Entries= 0, Total sum= 0
 TH1.Print Name  = etot, Entries= 0, Total sum= 0
 TH1.Print Name  = rftof, Entries= 0, Total sum= 0
 TH1.Print Name  = lr, Entries= 0, Total sum= 0
 TH1.Print Name  = ud, Entries= 0, Total sum= 0
 TH1.Print Name  = ede1, Entries= 0, Total sum= 0
 TH1.Print Name  = ede1g, Entries= 0, Total sum= 0
 TH1.Print Name  = ede2, Entries= 0, Total sum= 0
 TH1.Print Name  = ede12, Entries= 0, Total sum= 0
 TH1.Print Name  = xde1, Entries= 0, Total sum= 0
 TH1.Print Name  = erftof, Entries= 0, Total sum= 0
 TH1.Print Name  = erftofg, Entries= 0, Total sum= 0
 TH1.Print Name  = sumehi, Entries= 0, Total sum= 0
 TH1.Print Name  = tgppac, Entries= 0, Total sum= 0
 TH1.Print Name  = tgppacg, Entries= 0, Total sum= 0
 TH1.Print Name  = xehi1, Entries= 0, Total sum= 0
 TH1.Print Name  = xehi1g, Entries= 0, Total sum= 0
 TH1.Print Name  = de1ehi, Entries= 0, Total sum= 0
 TH1.Print Name  = de1ehig, Entries= 0, Total sum= 0
 TH1.Print Name  = ng, Entries= 0, Total sum= 0
 TH1.Print Name  = ehiz1, Entries= 0, Total sum= 0
 TH1.Print Name  = ehiz2, Entries= 0, Total sum= 0
 TH1.Print Name  = ehiz3, Entries= 0, Total sum= 0
 TH1.Print Name  = ehiz4, Entries= 0, Total sum= 0
 TH1.Print Name  = ehiz5, Entries= 0, Total sum= 0
 TH1.Print Name  = gg_dt, Entries= 0, Total sum= 0
 TH1.Print Name  = gg, Entries= 0, Total sum= 0
 TH1.Print Name  = gg_z1, Entries= 0, Total sum= 0
 TH1.Print Name  = gg_z2, Entries= 0, Total sum= 0
 TH1.Print Name  = gg_z3, Entries= 0, Total sum= 0
 TH1.Print Name  = gg_z4, Entries= 0, Total sum= 0
 TH1.Print Name  = gg_z5, Entries= 0, Total sum= 0
GRETINA detector angles
mod  1, crystal 0 [  4]: ( 10.07   3.58  15.10) pol   35.30 ,  azi   13.35; pol   35.30 ,  azi   19.58; modCCdopfac[4] 1.0271
mod  1, crystal 1 [  5]: ( 10.11   9.19  12.47) pol   47.60 ,  azi   36.39; pol   47.60 ,  azi   42.30; modCCdopfac[5] 1.0222
mod  1, crystal 2 [  6]: (  5.44   7.69  15.92) pol   30.60 ,  azi   25.77; pol   30.60 ,  azi   54.72; modCCdopfac[6] 1.0287
mod  1, crystal 3 [  7]: (  4.99   1.78  17.72) pol   16.65 ,  azi    5.72; pol   16.65 ,  azi   19.58; modCCdopfac[7] 1.0321
mod  2, crystal 0 [  8]: ( -0.29  10.69  15.10) pol   35.30 ,  azi   35.29; pol   35.30 ,  azi   91.58; modCCdopfac[8] 1.0271
mod  2, crystal 1 [  9]: ( -5.62  12.45  12.47) pol   47.60 ,  azi   44.95; pol   47.60 ,  azi  114.30; modCCdopfac[9] 1.0222
mod  2, crystal 2 [ 10]: ( -5.63   7.55  15.92) pol   30.60 ,  azi   25.36; pol   30.60 ,  azi  126.72; modCCdopfac[10] 1.0287
mod  2, crystal 3 [ 11]: ( -0.15   5.30  17.72) pol   16.65 ,  azi   16.64; pol   16.65 ,  azi   91.58; modCCdopfac[11] 1.0321
mod  3, crystal 0 [ 12]: (-10.25   3.02  15.10) pol   35.30 ,  azi   11.32; pol   35.30 ,  azi  163.58; modCCdopfac[12] 1.0271
mod  3, crystal 1 [ 13]: (-13.58  -1.50  12.47) pol   47.60 ,  azi   -6.85; pol   47.60 ,  azi -173.70; modCCdopfac[13] 1.0222
mod  3, crystal 2 [ 14]: ( -8.92  -3.02  15.92) pol   30.60 ,  azi  -10.75; pol   30.60 ,  azi -161.28; modCCdopfac[14] 1.0287
mod  3, crystal 3 [ 15]: ( -5.08   1.50  17.72) pol   16.65 ,  azi    4.83; pol   16.65 ,  azi  163.58; modCCdopfac[15] 1.0321
mod  4, crystal 0 [ 16]: ( -6.04  -8.82  15.10) pol   35.30 ,  azi  -30.29; pol   35.30 ,  azi -124.42; modCCdopfac[16] 1.0271
mod  4, crystal 1 [ 17]: ( -2.77 -13.38  12.47) pol   47.60 ,  azi  -47.00; pol   47.60 ,  azi -101.70; modCCdopfac[17] 1.0222
mod  4, crystal 2 [ 18]: (  0.12  -9.42  15.92) pol   30.60 ,  azi  -30.60; pol   30.60 ,  azi  -89.28; modCCdopfac[18] 1.0287
mod  4, crystal 3 [ 19]: ( -3.00  -4.37  17.72) pol   16.65 ,  azi  -13.86; pol   16.65 ,  azi -124.42; modCCdopfac[19] 1.0321
mod  5, crystal 0 [ 20]: (  6.52  -8.47  15.10) pol   35.30 ,  azi  -29.30; pol   35.30 ,  azi  -52.42; modCCdopfac[20] 1.0271
mod  5, crystal 1 [ 21]: ( 11.87  -6.77  12.47) pol   47.60 ,  azi  -28.49; pol   47.60 ,  azi  -29.70; modCCdopfac[21] 1.0222
mod  5, crystal 2 [ 22]: (  8.99  -2.80  15.92) pol   30.60 ,  azi   -9.96; pol   30.60 ,  azi  -17.28; modCCdopfac[22] 1.0287
mod  5, crystal 3 [ 23]: (  3.23  -4.20  17.72) pol   16.65 ,  azi  -13.33; pol   16.65 ,  azi  -52.42; modCCdopfac[23] 1.0321
mod  6, crystal 0 [ 24]: (  4.54  16.51   7.02) pol   67.71 ,  azi   66.97; pol   67.71 ,  azi   74.63; modCCdopfac[24] 1.0121
mod  6, crystal 1 [ 25]: ( -0.33  15.15  10.61) pol   55.02 ,  azi   55.01; pol   55.02 ,  azi   91.23; modCCdopfac[25] 1.0187
mod  6, crystal 2 [ 26]: (  5.05  13.00  12.16) pol   48.92 ,  azi   46.92; pol   48.92 ,  azi   68.77; modCCdopfac[26] 1.0216
mod  6, crystal 3 [ 27]: (  9.66  13.57   8.06) pol   64.18 ,  azi   59.29; pol   64.18 ,  azi   54.55; modCCdopfac[27] 1.0140
mod  7, crystal 0 [ 28]: (-14.30   9.42   7.02) pol   67.71 ,  azi   53.31; pol   67.71 ,  azi  146.63; modCCdopfac[28] 1.0121
mod  7, crystal 1 [ 29]: (-14.51   4.37  10.61) pol   55.02 ,  azi   22.40; pol   55.02 ,  azi  163.23; modCCdopfac[29] 1.0187
mod  7, crystal 2 [ 30]: (-10.80   8.82  12.16) pol   48.92 ,  azi   35.96; pol   48.92 ,  azi  140.77; modCCdopfac[30] 1.0216
mod  7, crystal 3 [ 31]: ( -9.92  13.38   8.06) pol   64.18 ,  azi   58.94; pol   64.18 ,  azi  126.55; modCCdopfac[31] 1.0140
mod  8, crystal 0 [ 32]: (-13.37 -10.69   7.02) pol   67.71 ,  azi  -56.71; pol   67.71 ,  azi -141.37; modCCdopfac[32] 1.0121
mod  8, crystal 1 [ 33]: ( -8.64 -12.45  10.61) pol   55.02 ,  azi  -49.58; pol   55.02 ,  azi -124.77; modCCdopfac[33] 1.0187
mod  8, crystal 2 [ 34]: (-11.73  -7.55  12.16) pol   48.92 ,  azi  -31.84; pol   48.92 ,  azi -147.23; modCCdopfac[34] 1.0216
mod  8, crystal 3 [ 35]: (-15.79  -5.30   8.06) pol   64.18 ,  azi  -33.33; pol   64.18 ,  azi -161.45; modCCdopfac[35] 1.0140
mod  9, crystal 0 [ 36]: (  6.03 -16.02   7.02) pol   67.71 ,  azi  -66.35; pol   67.71 ,  azi  -69.37; modCCdopfac[36] 1.0121
mod  9, crystal 1 [ 37]: (  9.17 -12.07  10.61) pol   55.02 ,  azi  -48.69; pol   55.02 ,  azi  -52.77; modCCdopfac[37] 1.0187
mod  9, crystal 2 [ 38]: (  3.56 -13.48  12.16) pol   48.92 ,  azi  -47.96; pol   48.92 ,  azi  -75.23; modCCdopfac[38] 1.0216
mod  9, crystal 3 [ 39]: (  0.16 -16.65   8.06) pol   64.18 ,  azi  -64.18; pol   64.18 ,  azi  -89.45; modCCdopfac[39] 1.0140
mod 10, crystal 0 [ 40]: ( 17.10   0.79   7.02) pol   67.71 ,  azi    6.39; pol   67.71 ,  azi    2.63; modCCdopfac[40] 1.0121
mod 10, crystal 1 [ 41]: ( 14.31   4.99  10.61) pol   55.02 ,  azi   25.21; pol   55.02 ,  azi   19.23; modCCdopfac[41] 1.0187
mod 10, crystal 2 [ 42]: ( 13.92  -0.79  12.16) pol   48.92 ,  azi   -3.70; pol   48.92 ,  azi   -3.23; modCCdopfac[42] 1.0216
mod 10, crystal 3 [ 43]: ( 15.89  -4.99   8.06) pol   64.18 ,  azi  -31.79; pol   64.18 ,  azi  -17.45; modCCdopfac[43] 1.0140
mod 11, crystal 0 [ 44]: ( 18.26   2.80   0.92) pol   87.15 ,  azi   71.78; pol   87.15 ,  azi    8.71; modCCdopfac[44] 1.0011
mod 11, crystal 1 [ 45]: ( 17.30   4.20  -5.04) pol  105.79 ,  azi  140.16; pol  105.79 ,  azi   13.65; modCCdopfac[45] 0.9906
mod 11, crystal 2 [ 46]: ( 16.42   8.47  -0.92) pol   92.85 ,  azi   96.20; pol   92.85 ,  azi   27.29; modCCdopfac[46] 0.9978
mod 11, crystal 3 [ 47]: ( 16.46   6.77   5.04) pol   74.21 ,  azi   53.36; pol   74.21 ,  azi   22.35; modCCdopfac[47] 1.0085
mod 12, crystal 0 [ 48]: ( 12.46  13.48  -2.26) pol   97.01 ,  azi   99.50; pol   97.01 ,  azi   47.25; modCCdopfac[48] 0.9954
mod 12, crystal 1 [ 49]: (  7.28  16.65  -3.46) pol  100.78 ,  azi  101.74; pol  100.78 ,  azi   66.39; modCCdopfac[49] 0.9933
mod 12, crystal 2 [ 50]: (  8.97  16.02   2.26) pol   82.99 ,  azi   81.98; pol   82.99 ,  azi   60.75; modCCdopfac[50] 1.0035
mod 12, crystal 3 [ 51]: ( 13.59  12.07   3.46) pol   79.22 ,  azi   74.00; pol   79.22 ,  azi   41.61; modCCdopfac[51] 1.0057
mod 13, crystal 0 [ 52]: (  2.98  18.23   0.92) pol   87.15 ,  azi   87.11; pol   87.15 ,  azi   80.71; modCCdopfac[52] 1.0011
mod 13, crystal 1 [ 53]: (  1.35  17.75  -5.04) pol  105.79 ,  azi  105.84; pol  105.79 ,  azi   85.65; modCCdopfac[53] 0.9906
mod 13, crystal 2 [ 54]: ( -2.98  18.23  -0.92) pol   92.85 ,  azi   92.89; pol   92.85 ,  azi   99.29; modCCdopfac[54] 0.9978
mod 13, crystal 3 [ 55]: ( -1.35  17.75   5.04) pol   74.21 ,  azi   74.16; pol   74.21 ,  azi   94.35; modCCdopfac[55] 1.0085
mod 14, crystal 0 [ 56]: ( -8.97  16.02  -2.26) pol   97.01 ,  azi   98.02; pol   97.01 ,  azi  119.25; modCCdopfac[56] 0.9954
mod 14, crystal 1 [ 57]: (-13.59  12.07  -3.46) pol  100.78 ,  azi  106.00; pol  100.78 ,  azi  138.39; modCCdopfac[57] 0.9933
mod 14, crystal 2 [ 58]: (-12.46  13.48   2.26) pol   82.99 ,  azi   80.50; pol   82.99 ,  azi  132.75; modCCdopfac[58] 1.0035
mod 14, crystal 3 [ 59]: ( -7.28  16.65   3.46) pol   79.22 ,  azi   78.26; pol   79.22 ,  azi  113.61; modCCdopfac[59] 1.0057
mod 15, crystal 0 [ 60]: (-16.42   8.47   0.92) pol   87.15 ,  azi   83.80; pol   87.15 ,  azi  152.71; modCCdopfac[60] 1.0011
mod 15, crystal 1 [ 61]: (-16.46   6.77  -5.04) pol  105.79 ,  azi  126.64; pol  105.79 ,  azi  157.65; modCCdopfac[61] 0.9906
mod 15, crystal 2 [ 62]: (-18.26   2.80  -0.92) pol   92.85 ,  azi  108.22; pol   92.85 ,  azi  171.29; modCCdopfac[62] 0.9978
mod 15, crystal 3 [ 63]: (-17.30   4.20   5.04) pol   74.21 ,  azi   39.84; pol   74.21 ,  azi  166.35; modCCdopfac[63] 1.0085
mod 16, crystal 0 [ 64]: (-18.01  -3.58  -2.26) pol   97.01 ,  azi -122.21; pol   97.01 ,  azi -168.75; modCCdopfac[64] 0.9954
mod 16, crystal 1 [ 65]: (-15.68  -9.19  -3.46) pol  100.78 ,  azi -110.62; pol  100.78 ,  azi -149.61; modCCdopfac[65] 0.9933
mod 16, crystal 2 [ 66]: (-16.68  -7.69   2.26) pol   82.99 ,  azi  -73.64; pol   82.99 ,  azi -155.25; modCCdopfac[66] 1.0035
mod 16, crystal 3 [ 67]: (-18.09  -1.78   3.46) pol   79.22 ,  azi  -27.18; pol   79.22 ,  azi -174.39; modCCdopfac[67] 1.0057
mod 17, crystal 0 [ 68]: (-13.13 -13.00   0.92) pol   87.15 ,  azi  -85.95; pol   87.15 ,  azi -135.29; modCCdopfac[68] 1.0011
mod 17, crystal 1 [ 69]: (-11.53 -13.57  -5.04) pol  105.79 ,  azi -110.36; pol  105.79 ,  azi -130.35; modCCdopfac[69] 0.9906
mod 17, crystal 2 [ 70]: ( -8.30 -16.51  -0.92) pol   92.85 ,  azi  -93.19; pol   92.85 ,  azi -116.71; modCCdopfac[70] 0.9978
mod 17, crystal 3 [ 71]: ( -9.34 -15.15   5.04) pol   74.21 ,  azi  -71.62; pol   74.21 ,  azi -121.65; modCCdopfac[71] 1.0085
mod 18, crystal 0 [ 72]: ( -2.16 -18.23  -2.26) pol   97.01 ,  azi  -97.05; pol   97.01 ,  azi  -96.75; modCCdopfac[72] 0.9954
mod 18, crystal 1 [ 73]: (  3.90 -17.75  -3.46) pol  100.78 ,  azi -101.03; pol  100.78 ,  azi  -77.61; modCCdopfac[73] 0.9933
mod 18, crystal 2 [ 74]: (  2.16 -18.23   2.26) pol   82.99 ,  azi  -82.95; pol   82.99 ,  azi  -83.25; modCCdopfac[74] 1.0035
mod 18, crystal 3 [ 75]: ( -3.90 -17.75   3.46) pol   79.22 ,  azi  -78.97; pol   79.22 ,  azi -102.39; modCCdopfac[75] 1.0057
mod 19, crystal 0 [ 76]: (  8.30 -16.51   0.92) pol   87.15 ,  azi  -86.81; pol   87.15 ,  azi  -63.29; modCCdopfac[76] 1.0011
mod 19, crystal 1 [ 77]: (  9.34 -15.15  -5.04) pol  105.79 ,  azi -108.38; pol  105.79 ,  azi  -58.35; modCCdopfac[77] 0.9906
mod 19, crystal 2 [ 78]: ( 13.13 -13.00  -0.92) pol   92.85 ,  azi  -94.05; pol   92.85 ,  azi  -44.71; modCCdopfac[78] 0.9978
mod 19, crystal 3 [ 79]: ( 11.53 -13.57   5.04) pol   74.21 ,  azi  -69.64; pol   74.21 ,  azi  -49.65; modCCdopfac[79] 1.0085
mod 20, crystal 0 [ 80]: ( 16.68  -7.69  -2.26) pol   97.01 ,  azi -106.36; pol   97.01 ,  azi  -24.75; modCCdopfac[80] 0.9954
mod 20, crystal 1 [ 81]: ( 18.09  -1.78  -3.46) pol  100.78 ,  azi -152.82; pol  100.78 ,  azi   -5.61; modCCdopfac[81] 0.9933
mod 20, crystal 2 [ 82]: ( 18.01  -3.58   2.26) pol   82.99 ,  azi  -57.79; pol   82.99 ,  azi  -11.25; modCCdopfac[82] 1.0035
mod 20, crystal 3 [ 83]: ( 15.68  -9.19   3.46) pol   79.22 ,  azi  -69.38; pol   79.22 ,  azi  -30.39; modCCdopfac[83] 1.0057
mod 21, crystal 0 [ 84]: ( 14.30   9.42  -7.02) pol  112.29 ,  azi  126.69; pol  112.29 ,  azi   33.37; modCCdopfac[84] 0.9871
mod 21, crystal 1 [ 85]: ( 14.51   4.37 -10.61) pol  124.98 ,  azi  157.60; pol  124.98 ,  azi   16.77; modCCdopfac[85] 0.9809
mod 21, crystal 2 [ 86]: ( 10.80   8.82 -12.16) pol  131.08 ,  azi  144.04; pol  131.08 ,  azi   39.23; modCCdopfac[86] 0.9782
mod 21, crystal 3 [ 87]: (  9.92  13.38  -8.06) pol  115.82 ,  azi  121.06; pol  115.82 ,  azi   53.45; modCCdopfac[87] 0.9853
mod 22, crystal 0 [ 88]: ( -4.54  16.51  -7.02) pol  112.29 ,  azi  113.03; pol  112.29 ,  azi  105.37; modCCdopfac[88] 0.9871
mod 22, crystal 1 [ 89]: (  0.33  15.15 -10.61) pol  124.98 ,  azi  124.99; pol  124.98 ,  azi   88.77; modCCdopfac[89] 0.9809
mod 22, crystal 2 [ 90]: ( -5.05  13.00 -12.16) pol  131.08 ,  azi  133.08; pol  131.08 ,  azi  111.23; modCCdopfac[90] 0.9782
mod 22, crystal 3 [ 91]: ( -9.66  13.57  -8.06) pol  115.82 ,  azi  120.71; pol  115.82 ,  azi  125.45; modCCdopfac[91] 0.9853
mod 23, crystal 0 [ 92]: (-17.10   0.79  -7.02) pol  112.29 ,  azi  173.61; pol  112.29 ,  azi  177.37; modCCdopfac[92] 0.9871
mod 23, crystal 1 [ 93]: (-14.31   4.99 -10.61) pol  124.98 ,  azi  154.79; pol  124.98 ,  azi  160.77; modCCdopfac[93] 0.9809
mod 23, crystal 2 [ 94]: (-13.92  -0.79 -12.16) pol  131.08 ,  azi -176.30; pol  131.08 ,  azi -176.77; modCCdopfac[94] 0.9782
mod 23, crystal 3 [ 95]: (-15.89  -4.99  -8.06) pol  115.82 ,  azi -148.21; pol  115.82 ,  azi -162.55; modCCdopfac[95] 0.9853
mod 24, crystal 0 [ 96]: ( -6.03 -16.02  -7.02) pol  112.29 ,  azi -113.65; pol  112.29 ,  azi -110.63; modCCdopfac[96] 0.9871
mod 24, crystal 1 [ 97]: ( -9.17 -12.07 -10.61) pol  124.98 ,  azi -131.31; pol  124.98 ,  azi -127.23; modCCdopfac[97] 0.9809
mod 24, crystal 2 [ 98]: ( -3.56 -13.48 -12.16) pol  131.08 ,  azi -132.04; pol  131.08 ,  azi -104.77; modCCdopfac[98] 0.9782
mod 24, crystal 3 [ 99]: ( -0.16 -16.65  -8.06) pol  115.82 ,  azi -115.82; pol  115.82 ,  azi  -90.55; modCCdopfac[99] 0.9853
mod 25, crystal 0 [100]: ( 13.37 -10.69  -7.02) pol  112.29 ,  azi -123.29; pol  112.29 ,  azi  -38.63; modCCdopfac[100] 0.9871
mod 25, crystal 1 [101]: (  8.64 -12.45 -10.61) pol  124.98 ,  azi -130.42; pol  124.98 ,  azi  -55.23; modCCdopfac[101] 0.9809
mod 25, crystal 2 [102]: ( 11.73  -7.55 -12.16) pol  131.08 ,  azi -148.16; pol  131.08 ,  azi  -32.77; modCCdopfac[102] 0.9782
mod 25, crystal 3 [103]: ( 15.79  -5.30  -8.06) pol  115.82 ,  azi -146.67; pol  115.82 ,  azi  -18.55; modCCdopfac[103] 0.9853
mod 26, crystal 0 [104]: (  0.29  10.69 -15.10) pol  144.70 ,  azi  144.71; pol  144.70 ,  azi   88.42; modCCdopfac[104] 0.9732
mod 26, crystal 1 [105]: (  5.62  12.45 -12.47) pol  132.40 ,  azi  135.05; pol  132.40 ,  azi   65.70; modCCdopfac[105] 0.9777
mod 26, crystal 2 [106]: (  5.63   7.55 -15.92) pol  149.40 ,  azi  154.64; pol  149.40 ,  azi   53.28; modCCdopfac[106] 0.9718
mod 26, crystal 3 [107]: (  0.15   5.30 -17.72) pol  163.35 ,  azi  163.36; pol  163.35 ,  azi   88.42; modCCdopfac[107] 0.9688
mod 27, crystal 0 [108]: (-10.07   3.58 -15.10) pol  144.70 ,  azi  166.65; pol  144.70 ,  azi  160.42; modCCdopfac[108] 0.9732
mod 27, crystal 1 [109]: (-10.11   9.19 -12.47) pol  132.40 ,  azi  143.61; pol  132.40 ,  azi  137.70; modCCdopfac[109] 0.9777
mod 27, crystal 2 [110]: ( -5.44   7.69 -15.92) pol  149.40 ,  azi  154.23; pol  149.40 ,  azi  125.28; modCCdopfac[110] 0.9718
mod 27, crystal 3 [111]: ( -4.99   1.78 -17.72) pol  163.35 ,  azi  174.28; pol  163.35 ,  azi  160.42; modCCdopfac[111] 0.9688
mod 28, crystal 0 [112]: ( -6.52  -8.47 -15.10) pol  144.70 ,  azi -150.70; pol  144.70 ,  azi -127.58; modCCdopfac[112] 0.9732
mod 28, crystal 1 [113]: (-11.87  -6.77 -12.47) pol  132.40 ,  azi -151.51; pol  132.40 ,  azi -150.30; modCCdopfac[113] 0.9777
mod 28, crystal 2 [114]: ( -8.99  -2.80 -15.92) pol  149.40 ,  azi -170.04; pol  149.40 ,  azi -162.72; modCCdopfac[114] 0.9718
mod 28, crystal 3 [115]: ( -3.23  -4.20 -17.72) pol  163.35 ,  azi -166.67; pol  163.35 ,  azi -127.58; modCCdopfac[115] 0.9688
mod 29, crystal 0 [116]: (  6.04  -8.82 -15.10) pol  144.70 ,  azi -149.71; pol  144.70 ,  azi  -55.58; modCCdopfac[116] 0.9732
mod 29, crystal 1 [117]: (  2.77 -13.38 -12.47) pol  132.40 ,  azi -133.00; pol  132.40 ,  azi  -78.30; modCCdopfac[117] 0.9777
mod 29, crystal 2 [118]: ( -0.12  -9.42 -15.92) pol  149.40 ,  azi -149.40; pol  149.40 ,  azi  -90.72; modCCdopfac[118] 0.9718
mod 29, crystal 3 [119]: (  3.00  -4.37 -17.72) pol  163.35 ,  azi -166.14; pol  163.35 ,  azi  -55.58; modCCdopfac[119] 0.9688
mod 30, crystal 0 [120]: ( 10.25   3.02 -15.10) pol  144.70 ,  azi  168.68; pol  144.70 ,  azi   16.42; modCCdopfac[120] 0.9732
mod 30, crystal 1 [121]: ( 13.58  -1.50 -12.47) pol  132.40 ,  azi -173.15; pol  132.40 ,  azi   -6.30; modCCdopfac[121] 0.9777
mod 30, crystal 2 [122]: (  8.92  -3.02 -15.92) pol  149.40 ,  azi -169.25; pol  149.40 ,  azi  -18.72; modCCdopfac[122] 0.9718
mod 30, crystal 3 [123]: (  5.08   1.50 -17.72) pol  163.35 ,  azi  175.17; pol  163.35 ,  azi   16.42; modCCdopfac[123] 0.9688
setup signal catcher
started sorting... from disk...

Pars.maxTS=4611686018427387904
got initial header, TS=3741858977 ID: 1 length: 464
read initial payload of siz=464 into event position 1
__ptgd[0]->type= 0; ptgd[0]->length=   0; ptgd[0]->timestamp=0
initial ii=1, nn=1
ev#     0 GEB_TYPE_DECOMP        464Bytes TS=3741932423 curTS=3741858977 dTS= 73446
t0=3741858977
first event: GEB_event.mult=1
   0/ 0: ( 1,GEB_TYPE_DECOMP      ) TS=          3741858977; dT=0
maxTS=8643741858977
that is 86400.0 seconds or 24h0m0s minutes of sorting
GEBGetEv returned st=0
we have read 960 bytes; CurEvNo=1

+++++++++++++++++++++++++++++++
*start event # 1 with multiplicity 1 looks like this:
 0>  1, GEB_TYPE_DECOMP      , TS=3741858977
entered bin_mode2: 1/10
ptinp->pad= 6, (ptinp->pad&0x000000ff)= 6
updated CCadd with    0.00
total number of hits in array: 0
exit bin_mode2
entered bin_mode3 @ event number: 1 
exit bin_mode3
*end of event # 1
+++++++++++++++++++++++++++++++
ev#     1 GEB_TYPE_DECOMP        464Bytes TS=3741932965 curTS=3741932423 dTS= 542
GEBGetEv returned st=0
we have read 1440 bytes; CurEvNo=2

+++++++++++++++++++++++++++++++
*start event # 2 with multiplicity 1 looks like this:
 0>  1, GEB_TYPE_DECOMP      , TS=3741932423
entered bin_mode2: 2/10
ptinp->pad= 6, (ptinp->pad&0x000000ff)= 6
updated CCadd with    0.00
total number of hits in array: 0
exit bin_mode2
entered bin_mode3 @ event number: 2 
exit bin_mode3
*end of event # 2
+++++++++++++++++++++++++++++++
ev#     2 GEB_TYPE_DECOMP        464Bytes TS=3741959099 curTS=3741932965 dTS= 26134
GEBGetEv returned st=0
we have read 1920 bytes; CurEvNo=3

+++++++++++++++++++++++++++++++
*start event # 3 with multiplicity 1 looks like this:
 0>  1, GEB_TYPE_DECOMP      , TS=3741932965
entered bin_mode2: 3/10
ptinp->pad= 6, (ptinp->pad&0x000000ff)= 6
updated CCadd with    0.00
total number of hits in array: 0
exit bin_mode2
entered bin_mode3 @ event number: 3 
exit bin_mode3
*end of event # 3
+++++++++++++++++++++++++++++++
ev#     3 GEB_TYPE_DECOMP        464Bytes TS=3741986789 curTS=3741959099 dTS= 27690
GEBGetEv returned st=0
we have read 2400 bytes; CurEvNo=4

+++++++++++++++++++++++++++++++
*start event # 4 with multiplicity 1 looks like this:
 0>  1, GEB_TYPE_DECOMP      , TS=3741959099
entered bin_mode2: 4/10
ptinp->pad= 6, (ptinp->pad&0x000000ff)= 6
updated CCadd with    0.00
total number of hits in array: 0
exit bin_mode2
entered bin_mode3 @ event number: 4 
exit bin_mode3
*end of event # 4
+++++++++++++++++++++++++++++++
ev#     4 GEB_TYPE_DECOMP        464Bytes TS=3741987079 curTS=3741986789 dTS= 290
GEBGetEv returned st=0
we have read 2880 bytes; CurEvNo=5

+++++++++++++++++++++++++++++++
*start event # 5 with multiplicity 1 looks like this:
 0>  1, GEB_TYPE_DECOMP      , TS=3741986789
entered bin_mode2: 5/10
ptinp->pad= 6, (ptinp->pad&0x000000ff)= 6
updated CCadd with    0.00
total number of hits in array: 0
exit bin_mode2
entered bin_mode3 @ event number: 5 
exit bin_mode3
*end of event # 5
+++++++++++++++++++++++++++++++
ev#     5 GEB_TYPE_DECOMP        464Bytes TS=3741987101 curTS=3741987079 dTS= 22
ev#     5 GEB_TYPE_GT_MOD29      440Bytes TS=3742028579 curTS=3741987079 dTS= 41500
GEBGetEv returned st=0
we have read 3816 bytes; CurEvNo=6

+++++++++++++++++++++++++++++++
*start event # 6 with multiplicity 2 looks like this:
 0>  1, GEB_TYPE_DECOMP      , TS=3741987079
 1>  1, GEB_TYPE_DECOMP      , TS=3741987101
entered bin_mode2: 6/10
ptinp->pad= 6, (ptinp->pad&0x000000ff)= 6
ptinp->pad= 6, (ptinp->pad&0x000000ff)= 6
updated CCadd with    0.00
total number of hits in array: 0
exit bin_mode2
entered bin_mode3 @ event number: 6 
exit bin_mode3
*end of event # 6
+++++++++++++++++++++++++++++++
ev#     6 GEB_TYPE_DECOMP        464Bytes TS=3742028831 curTS=3742028579 dTS= 252
GEBGetEv returned st=0
we have read 4296 bytes; CurEvNo=7

+++++++++++++++++++++++++++++++
*start event # 7 with multiplicity 1 looks like this:
 0>  8, GEB_TYPE_GT_MOD29    , TS=3742028579
entered bin_mode2: 7/10
updated CCadd with    0.00
total number of hits in array: 0
exit bin_mode2
entered bin_mode3 @ event number: 7 

bin_mode3:  0>  8, GEB_TYPE_GT_MOD29    , TS=3742028579, 0xdf0ad323; payload length: 440 bytes

---------
new GTheader at pos=0 or 0 words (8):
Event.hdr[ 0]=0x1f31,   7985
Event.hdr[ 1]=0x300a,  12298
Event.hdr[ 2]=0xd323,  54051
Event.hdr[ 3]=0xdf0a,  57098
Event.hdr[ 4]=0x0000,      0
Event.hdr[ 5]=0x9ac6,  39622
Event.hdr[ 6]=0x4e07,  19975
Event.hdr[ 7]=0x0000,      0
Event.hdr[ 8]=0x0000,      0
Event.hdr[ 9]=0x987d,  39037
Event.hdr[10]=0x0007,      7
Event.hdr[11]=0x0000,      0
Event.hdr[12]=0x0000,      0
Event.hdr[13]=0x0000,      0
Event.len=  44, Event.traceLen=  12 (in Bytes)
Event.len=  22, Event.traceLen=   6 (in 16 bit words)
Event.len=  11, Event.traceLen=   3 (in 32 bit words)
next start: 0xaaaaaaaa, pos= 44
0x1f31 module_id = 31 crystal_id = 0 digitizer_id = 3 chan_id = 1 ge_id = 124 channel = 31  -> is segment
open superpulse_007_00_01.xy at Event.chan_id = 1
open CCpulse_007_00_01.xy at Event.chan_id = 1
ncrystal=1
wrote trace to CCpulse_007_00_01.xy
two's comp tempE  ::     498374     498374 0x00079ac6 |0000|0000|0000|0111|1001|1010|1100|0110|
rawE              ::     498374     498374 0x00079ac6 |0000|0000|0000|0111|1001|1010|1100|0110|
rawE (sign change)::     498374     498374 0x00079ac6 |0000|0000|0000|0111|1001|1010|1100|0110|
Event.ehi=           15574 0x00003cd6
Event.ehi=1557 (gain changed)
Event.LEDts =           3742028579
Event.CFDts =      271519090606092

---------
new GTheader at pos=44 or 22 words (30):
Event.hdr[ 0]=0x1f32,   7986
Event.hdr[ 1]=0x300a,  12298
Event.hdr[ 2]=0xd323,  54051
Event.hdr[ 3]=0xdf0a,  57098
Event.hdr[ 4]=0x0000,      0
Event.hdr[ 5]=0x195f,   6495
Event.hdr[ 6]=0x0e00,   3584
Event.hdr[ 7]=0x0000,      0
Event.hdr[ 8]=0x0000,      0
Event.hdr[ 9]=0xf721,  63265
Event.hdr[10]=0x01ff,    511
Event.hdr[11]=0x0000,      0
Event.hdr[12]=0x0000,      0
Event.hdr[13]=0x0000,      0
Event.len=  44, Event.traceLen=  12 (in Bytes)
Event.len=  22, Event.traceLen=   6 (in 16 bit words)
Event.len=  11, Event.traceLen=   3 (in 32 bit words)
next start: 0xaaaaaaaa, pos= 88
0x1f32 module_id = 31 crystal_id = 0 digitizer_id = 3 chan_id = 2 ge_id = 124 channel = 32  -> is segment
ncrystal=1
wrote trace to CCpulse_007_00_01.xy
two's comp tempE  ::       6495       6495 0x0000195f |0000|0000|0000|0000|0001|1001|0101|1111|
rawE              ::       6495       6495 0x0000195f |0000|0000|0000|0000|0001|1001|0101|1111|
rawE (sign change)::       6495       6495 0x0000195f |0000|0000|0000|0000|0001|1001|0101|1111|
Event.ehi=             202 0x000000ca
Event.ehi=20 (gain changed)
Event.LEDts =           3742028579
Event.CFDts =          38655098892

---------
new GTheader at pos=88 or 44 words (52):
Event.hdr[ 0]=0x1f33,   7987
Event.hdr[ 1]=0x300a,  12298
Event.hdr[ 2]=0xd323,  54051
Event.hdr[ 3]=0xdf0a,  57098
Event.hdr[ 4]=0x0000,      0
Event.hdr[ 5]=0x571a,  22298
Event.hdr[ 6]=0x4e0b,  19979
Event.hdr[ 7]=0x0000,      0
Event.hdr[ 8]=0x0000,      0
Event.hdr[ 9]=0x569f,  22175
Event.hdr[10]=0x000b,     11
Event.hdr[11]=0x0000,      0
Event.hdr[12]=0x0000,      0
Event.hdr[13]=0x0000,      0
Event.len=  44, Event.traceLen=  12 (in Bytes)
Event.len=  22, Event.traceLen=   6 (in 16 bit words)
Event.len=  11, Event.traceLen=   3 (in 32 bit words)
next start: 0xaaaaaaaa, pos= 132
0x1f33 module_id = 31 crystal_id = 0 digitizer_id = 3 chan_id = 3 ge_id = 124 channel = 33  -> is segment
ncrystal=1
wrote trace to CCpulse_007_00_01.xy
two's comp tempE  ::     743194     743194 0x000b571a |0000|0000|0000|1011|0101|0111|0001|1010|
rawE              ::     743194     743194 0x000b571a |0000|0000|0000|1011|0101|0111|0001|1010|
rawE (sign change)::     743194     743194 0x000b571a |0000|0000|0000|1011|0101|0111|0001|1010|
Event.ehi=           23224 0x00005ab8
Event.ehi=2322 (gain changed)
Event.LEDts =           3742028579
Event.CFDts =      266017153417228

---------
new GTheader at pos=132 or 66 words (74):
Event.hdr[ 0]=0x1f34,   7988
Event.hdr[ 1]=0x300a,  12298
Event.hdr[ 2]=0xd323,  54051
Event.hdr[ 3]=0xdf0a,  57098
Event.hdr[ 4]=0x0000,      0
Event.hdr[ 5]=0x0040,     64
Event.hdr[ 6]=0x0e00,   3584
Event.hdr[ 7]=0x0000,      0
Event.hdr[ 8]=0x0000,      0
Event.hdr[ 9]=0xfffd,  65533
Event.hdr[10]=0x01ff,    511
Event.hdr[11]=0x0000,      0
Event.hdr[12]=0x0000,      0
Event.hdr[13]=0x0000,      0
Event.len=  44, Event.traceLen=  12 (in Bytes)
Event.len=  22, Event.traceLen=   6 (in 16 bit words)
Event.len=  11, Event.traceLen=   3 (in 32 bit words)
next start: 0xaaaaaaaa, pos= 176
0x1f34 module_id = 31 crystal_id = 0 digitizer_id = 3 chan_id = 4 ge_id = 124 channel = 34  -> is segment
ncrystal=1
wrote trace to CCpulse_007_00_01.xy
two's comp tempE  ::         64         64 0x00000040 |0000|0000|0000|0000|0000|0000|0100|0000|
rawE              ::         64         64 0x00000040 |0000|0000|0000|0000|0000|0000|0100|0000|
rawE (sign change)::         64         64 0x00000040 |0000|0000|0000|0000|0000|0000|0100|0000|
Event.ehi=               2 0x00000002
Event.ehi=0 (gain changed)
Event.LEDts =           3742028579
Event.CFDts =         257702035468

---------
new GTheader at pos=176 or 88 words (96):
Event.hdr[ 0]=0x1f35,   7989
Event.hdr[ 1]=0x300a,  12298
Event.hdr[ 2]=0xd323,  54051
Event.hdr[ 3]=0xdf0a,  57098
Event.hdr[ 4]=0x0000,      0
Event.hdr[ 5]=0x943d,  37949
Event.hdr[ 6]=0x4e0a,  19978
Event.hdr[ 7]=0x0000,      0
Event.hdr[ 8]=0x0000,      0
Event.hdr[ 9]=0x92c8,  37576
Event.hdr[10]=0x000a,     10
Event.hdr[11]=0x0000,      0
Event.hdr[12]=0x0000,      0
Event.hdr[13]=0x0000,      0
Event.len=  44, Event.traceLen=  12 (in Bytes)
Event.len=  22, Event.traceLen=   6 (in 16 bit words)
Event.len=  11, Event.traceLen=   3 (in 32 bit words)
next start: 0xaaaaaaaa, pos= 220
0x1f35 module_id = 31 crystal_id = 0 digitizer_id = 3 chan_id = 5 ge_id = 124 channel = 35  -> is segment
ncrystal=1
wrote trace to CCpulse_007_00_01.xy
two's comp tempE  ::     693309     693309 0x000a943d |0000|0000|0000|1010|1001|0100|0011|1101|
rawE              ::     693309     693309 0x000a943d |0000|0000|0000|1010|1001|0100|0011|1101|
rawE (sign change)::     693309     693309 0x000a943d |0000|0000|0000|1010|1001|0100|0011|1101|
Event.ehi=           21665 0x000054a1
Event.ehi=2166 (gain changed)
Event.LEDts =           3742028579
Event.CFDts =      266893340114956

---------
new GTheader at pos=220 or 110 words (118):
Event.hdr[ 0]=0x1f36,   7990
Event.hdr[ 1]=0x300a,  12298
Event.hdr[ 2]=0xd323,  54051
Event.hdr[ 3]=0xdf0a,  57098
Event.hdr[ 4]=0x0000,      0
Event.hdr[ 5]=0x09e6,   2534
Event.hdr[ 6]=0x0e00,   3584
Event.hdr[ 7]=0x0000,      0
Event.hdr[ 8]=0x0000,      0
Event.hdr[ 9]=0xf0f3,  61683
Event.hdr[10]=0x01ff,    511
Event.hdr[11]=0x0000,      0
Event.hdr[12]=0x0000,      0
Event.hdr[13]=0x0000,      0
Event.len=  44, Event.traceLen=  12 (in Bytes)
Event.len=  22, Event.traceLen=   6 (in 16 bit words)
Event.len=  11, Event.traceLen=   3 (in 32 bit words)
next start: 0xaaaaaaaa, pos= 264
0x1f36 module_id = 31 crystal_id = 0 digitizer_id = 3 chan_id = 6 ge_id = 124 channel = 36  -> is segment
ncrystal=1
wrote trace to CCpulse_007_00_01.xy
two's comp tempE  ::       2534       2534 0x000009e6 |0000|0000|0000|0000|0000|1001|1110|0110|
rawE              ::       2534       2534 0x000009e6 |0000|0000|0000|0000|0000|1001|1110|0110|
rawE (sign change)::       2534       2534 0x000009e6 |0000|0000|0000|0000|0000|1001|1110|0110|
Event.ehi=              79 0x0000004f
Event.ehi=7 (gain changed)
Event.LEDts =           3742028579
Event.CFDts =      281406256250892

---------
new GTheader at pos=264 or 132 words (140):
Event.hdr[ 0]=0x1f37,   7991
Event.hdr[ 1]=0x300a,  12298
Event.hdr[ 2]=0xd323,  54051
Event.hdr[ 3]=0xdf0a,  57098
Event.hdr[ 4]=0x0000,      0
Event.hdr[ 5]=0x0eae,   3758
Event.hdr[ 6]=0x0e00,   3584
Event.hdr[ 7]=0x0000,      0
Event.hdr[ 8]=0x0000,      0
Event.hdr[ 9]=0xe968,  59752
Event.hdr[10]=0x01ff,    511
Event.hdr[11]=0x0000,      0
Event.hdr[12]=0x0000,      0
Event.hdr[13]=0x0000,      0
Event.len=  44, Event.traceLen=  12 (in Bytes)
Event.len=  22, Event.traceLen=   6 (in 16 bit words)
Event.len=  11, Event.traceLen=   3 (in 32 bit words)
next start: 0xaaaaaaaa, pos= 308
0x1f37 module_id = 31 crystal_id = 0 digitizer_id = 3 chan_id = 7 ge_id = 124 channel = 37  -> is segment
ncrystal=1
wrote trace to CCpulse_007_00_01.xy
two's comp tempE  ::       3758       3758 0x00000eae |0000|0000|0000|0000|0000|1110|1010|1110|
rawE              ::       3758       3758 0x00000eae |0000|0000|0000|0000|0000|1110|1010|1110|
rawE (sign change)::       3758       3758 0x00000eae |0000|0000|0000|0000|0000|1110|1010|1110|
Event.ehi=             117 0x00000075
Event.ehi=11 (gain changed)
Event.LEDts =           3742028579
Event.CFDts =         171801313292

---------
new GTheader at pos=308 or 154 words (162):
Event.hdr[ 0]=0x1f38,   7992
Event.hdr[ 1]=0x300a,  12298
Event.hdr[ 2]=0xd323,  54051
Event.hdr[ 3]=0xdf0a,  57098
Event.hdr[ 4]=0x0000,      0
Event.hdr[ 5]=0x8da8,  36264
Event.hdr[ 6]=0x1ff9,   8185
Event.hdr[ 7]=0x0000,      0
Event.hdr[ 8]=0x0000,      0
Event.hdr[ 9]=0xcf8f,  53135
Event.hdr[10]=0x01fc,    508
Event.hdr[11]=0x0000,      0
Event.hdr[12]=0x0000,      0
Event.hdr[13]=0x0000,      0
Event.len=  44, Event.traceLen=  12 (in Bytes)
Event.len=  22, Event.traceLen=   6 (in 16 bit words)
Event.len=  11, Event.traceLen=   3 (in 32 bit words)
next start: 0xaaaaaaaa, pos= 352
0x1f38 module_id = 31 crystal_id = 0 digitizer_id = 3 chan_id = 8 ge_id = 124 channel = 38  -> is segment
ncrystal=1
wrote trace to CCpulse_007_00_01.xy
two's comp tempE  ::   16354728   16354728 0x00f98da8 |0000|0000|1111|1001|1000|1101|1010|1000|
rawE              :: 4294544808    -422488 0xfff98da8 |1111|1111|1111|1001|1000|1101|1010|1000|
rawE (sign change)::     422488     422488 0x00067258 |0000|0000|0000|0110|0111|0010|0101|1000|
Event.ehi=           13202 0x00003392
Event.ehi=1320 (gain changed)
Event.LEDts =           3742028579
Event.CFDts =         390850609164

---------
new GTheader at pos=352 or 176 words (184):
Event.hdr[ 0]=0x1f39,   7993
Event.hdr[ 1]=0x300a,  12298
Event.hdr[ 2]=0xd323,  54051
Event.hdr[ 3]=0xdf0a,  57098
Event.hdr[ 4]=0x0000,      0
Event.hdr[ 5]=0x989f,  39071
Event.hdr[ 6]=0x4e0d,  19981
Event.hdr[ 7]=0x0000,      0
Event.hdr[ 8]=0x0000,      0
Event.hdr[ 9]=0x96c3,  38595
Event.hdr[10]=0x000d,     13
Event.hdr[11]=0x0000,      0
Event.hdr[12]=0x0000,      0
Event.hdr[13]=0x0000,      0
Event.len=  44, Event.traceLen=  12 (in Bytes)
Event.len=  22, Event.traceLen=   6 (in 16 bit words)
Event.len=  11, Event.traceLen=   3 (in 32 bit words)
next start: 0xaaaaaaaa, pos= 396
0x1f39 module_id = 31 crystal_id = 0 digitizer_id = 3 chan_id = 9 ge_id = 124 channel = 39  -> is CC
ncrystal=1
wrote trace to CCpulse_007_00_01.xy
two's comp tempE  ::     891039     891039 0x000d989f |0000|0000|0000|1101|1001|1000|1001|1111|
rawE              ::     891039     891039 0x000d989f |0000|0000|0000|1101|1001|1000|1001|1111|
rawE (sign change)::     891039     891039 0x000d989f |0000|0000|0000|1101|1001|1000|1001|1111|
Event.ehi=           27844 0x00006cc4
Event.ehi=2784 (gain changed)
Event.LEDts =           3742028579
Event.CFDts =       18356970127372

---------
new GTheader at pos=396 or 198 words (206):
Event.hdr[ 0]=0x1f30,   7984
Event.hdr[ 1]=0x300a,  12298
Event.hdr[ 2]=0xd323,  54051
Event.hdr[ 3]=0xdf0a,  57098
Event.hdr[ 4]=0x0000,      0
Event.hdr[ 5]=0xd4ad,  54445
Event.hdr[ 6]=0x4e0b,  19979
Event.hdr[ 7]=0x0000,      0
Event.hdr[ 8]=0x0000,      0
Event.hdr[ 9]=0xd427,  54311
Event.hdr[10]=0x000b,     11
Event.hdr[11]=0x0000,      0
Event.hdr[12]=0x0000,      0
Event.hdr[13]=0x0000,      0
Event.len=  44, Event.traceLen=  12 (in Bytes)
Event.len=  22, Event.traceLen=   6 (in 16 bit words)
Event.len=  11, Event.traceLen=   3 (in 32 bit words)
0x1f30 module_id = 31 crystal_id = 0 digitizer_id = 3 chan_id = 0 ge_id = 124 channel = 30  -> is segment
ncrystal=1
wrote trace to CCpulse_007_00_01.xy
two's comp tempE  ::     775341     775341 0x000bd4ad |0000|0000|0000|1011|1101|0100|1010|1101|
rawE              ::     775341     775341 0x000bd4ad |0000|0000|0000|1011|1101|0100|1010|1101|
rawE (sign change)::     775341     775341 0x000bd4ad |0000|0000|0000|1011|1101|0100|1010|1101|
Event.ehi=           24229 0x00005ea5
Event.ehi=2422 (gain changed)
Event.LEDts =           3742028579
Event.CFDts =      265325653262348
exit bin_mode3
*end of event # 7
+++++++++++++++++++++++++++++++
ev#     7 GEB_TYPE_DECOMP        464Bytes TS=3742042029 curTS=3742028831 dTS= 13198
GEBGetEv returned st=0
we have read 4776 bytes; CurEvNo=8

+++++++++++++++++++++++++++++++
*start event # 8 with multiplicity 1 looks like this:
 0>  1, GEB_TYPE_DECOMP      , TS=3742028831
entered bin_mode2: 8/10
ptinp->pad= 6, (ptinp->pad&0x000000ff)= 6
updated CCadd with    0.00
total number of hits in array: 0
exit bin_mode2
entered bin_mode3 @ event number: 8 
exit bin_mode3
*end of event # 8
+++++++++++++++++++++++++++++++
ev#     8 GEB_TYPE_DECOMP        464Bytes TS=3742042033 curTS=3742042029 dTS= 4
ev#     8 GEB_TYPE_GT_MOD29      440Bytes TS=3742042687 curTS=3742042029 dTS= 658
GEBGetEv returned st=0
we have read 5712 bytes; CurEvNo=9

+++++++++++++++++++++++++++++++
*start event # 9 with multiplicity 2 looks like this:
 0>  1, GEB_TYPE_DECOMP      , TS=3742042029
 1>  1, GEB_TYPE_DECOMP      , TS=3742042033
entered bin_mode2: 9/10
ptinp->pad= 6, (ptinp->pad&0x000000ff)= 6
ptinp->pad= 6, (ptinp->pad&0x000000ff)= 6
updated CCadd with    0.00
total number of hits in array: 0
exit bin_mode2
entered bin_mode3 @ event number: 9 
exit bin_mode3
*end of event # 9
+++++++++++++++++++++++++++++++
ev#     9 GEB_TYPE_DECOMP        464Bytes TS=3742042945 curTS=3742042687 dTS= 258
GEBGetEv returned st=0
we have read 6192 bytes; CurEvNo=10

+++++++++++++++++++++++++++++++
*start event # 10 with multiplicity 1 looks like this:
 0>  8, GEB_TYPE_GT_MOD29    , TS=3742042687
entered bin_mode2: 10/10
updated CCadd with    0.00
total number of hits in array: 0
exit bin_mode2
entered bin_mode3 @ event number: 10 

bin_mode3:  0>  8, GEB_TYPE_GT_MOD29    , TS=3742042687, 0xdf0b0a3f; payload length: 440 bytes

---------
new GTheader at pos=0 or 0 words (8):
Event.hdr[ 0]=0x1f33,   7987
Event.hdr[ 1]=0x300a,  12298
Event.hdr[ 2]=0x0a3f,   2623
Event.hdr[ 3]=0xdf0b,  57099
Event.hdr[ 4]=0x0000,      0
Event.hdr[ 5]=0x1b67,   7015
Event.hdr[ 6]=0x4e0c,  19980
Event.hdr[ 7]=0x371b,  14107
Event.hdr[ 8]=0x0000,      0
Event.hdr[ 9]=0x1b1a,   6938
Event.hdr[10]=0x3e0c,  15884
Event.hdr[11]=0x16ad,   5805
Event.hdr[12]=0x0000,      0
Event.hdr[13]=0x0000,      0
Event.len=  44, Event.traceLen=  12 (in Bytes)
Event.len=  22, Event.traceLen=   6 (in 16 bit words)
Event.len=  11, Event.traceLen=   3 (in 32 bit words)
next start: 0xaaaaaaaa, pos= 44
0x1f33 module_id = 31 crystal_id = 0 digitizer_id = 3 chan_id = 3 ge_id = 124 channel = 33  -> is segment
open superpulse_010_00_01.xy at Event.chan_id = 3
open CCpulse_010_00_01.xy at Event.chan_id = 3
ncrystal=1
wrote trace to CCpulse_010_00_01.xy
two's comp tempE  ::     793447     793447 0x000c1b67 |0000|0000|0000|1100|0001|1011|0110|0111|
rawE              ::     793447     793447 0x000c1b67 |0000|0000|0000|1100|0001|1011|0110|0111|
rawE (sign change)::     793447     793447 0x000c1b67 |0000|0000|0000|1100|0001|1011|0110|0111|
Event.ehi=           24795 0x000060db
Event.ehi=2479 (gain changed)
Event.LEDts =           3742042687
Event.CFDts =      264990640635916

---------
new GTheader at pos=44 or 22 words (30):
Event.hdr[ 0]=0x1f34,   7988
Event.hdr[ 1]=0x300a,  12298
Event.hdr[ 2]=0x0a3f,   2623
Event.hdr[ 3]=0xdf0b,  57099
Event.hdr[ 4]=0x0000,      0
Event.hdr[ 5]=0x003c,     60
Event.hdr[ 6]=0x0e00,   3584
Event.hdr[ 7]=0x371b,  14107
Event.hdr[ 8]=0x0000,      0
Event.hdr[ 9]=0x0029,     41
Event.hdr[10]=0xfa00,  64000
Event.hdr[11]=0xffff,  65535
Event.hdr[12]=0x0003,      3
Event.hdr[13]=0x0000,      0
Event.len=  44, Event.traceLen=  12 (in Bytes)
Event.len=  22, Event.traceLen=   6 (in 16 bit words)
Event.len=  11, Event.traceLen=   3 (in 32 bit words)
next start: 0xaaaaaaaa, pos= 88
0x1f34 module_id = 31 crystal_id = 0 digitizer_id = 3 chan_id = 4 ge_id = 124 channel = 34  -> is segment
ncrystal=1
wrote trace to CCpulse_010_00_01.xy
two's comp tempE  ::         60         60 0x0000003c |0000|0000|0000|0000|0000|0000|0011|1100|
rawE              ::         60         60 0x0000003c |0000|0000|0000|0000|0000|0000|0011|1100|
rawE (sign change)::         60         60 0x0000003c |0000|0000|0000|0000|0000|0000|0011|1100|
Event.ehi=               1 0x00000001
Event.ehi=0 (gain changed)
Event.LEDts =           3742042687
Event.CFDts =         249112035340

---------
new GTheader at pos=88 or 44 words (52):
Event.hdr[ 0]=0x1f35,   7989
Event.hdr[ 1]=0x300a,  12298
Event.hdr[ 2]=0x0a3f,   2623
Event.hdr[ 3]=0xdf0b,  57099
Event.hdr[ 4]=0x0000,      0
Event.hdr[ 5]=0x8a97,  35479
Event.hdr[ 6]=0x4e09,  19977
Event.hdr[ 7]=0x371b,  14107
Event.hdr[ 8]=0x0000,      0
Event.hdr[ 9]=0x8924,  35108
Event.hdr[10]=0x9009,  36873
Event.hdr[11]=0x1525,   5413
Event.hdr[12]=0x0000,      0
Event.hdr[13]=0x0000,      0
Event.len=  44, Event.traceLen=  12 (in Bytes)
Event.len=  22, Event.traceLen=   6 (in 16 bit words)
Event.len=  11, Event.traceLen=   3 (in 32 bit words)
next start: 0xaaaaaaaa, pos= 132
0x1f35 module_id = 31 crystal_id = 0 digitizer_id = 3 chan_id = 5 ge_id = 124 channel = 35  -> is segment
ncrystal=1
wrote trace to CCpulse_010_00_01.xy
two's comp tempE  ::     625303     625303 0x00098a97 |0000|0000|0000|1001|1000|1010|1001|0111|
rawE              ::     625303     625303 0x00098a97 |0000|0000|0000|1001|1000|1010|1001|0111|
rawE (sign change)::     625303     625303 0x00098a97 |0000|0000|0000|1001|1000|1010|1001|0111|
Event.ehi=           19540 0x00004c54
Event.ehi=1954 (gain changed)
Event.LEDts =           3742042687
Event.CFDts =      268314996310028

---------
new GTheader at pos=132 or 66 words (74):
Event.hdr[ 0]=0x1f36,   7990
Event.hdr[ 1]=0x300a,  12298
Event.hdr[ 2]=0x0a3f,   2623
Event.hdr[ 3]=0xdf0b,  57099
Event.hdr[ 4]=0x0000,      0
Event.hdr[ 5]=0xf8d8,  63704
Event.hdr[ 6]=0x0e04,   3588
Event.hdr[ 7]=0x371b,  14107
Event.hdr[ 8]=0x0000,      0
Event.hdr[ 9]=0x374c,  14156
Event.hdr[10]=0xe603,  58883
Event.hdr[11]=0xffe1,  65505
Event.hdr[12]=0x0003,      3
Event.hdr[13]=0x0000,      0
Event.len=  44, Event.traceLen=  12 (in Bytes)
Event.len=  22, Event.traceLen=   6 (in 16 bit words)
Event.len=  11, Event.traceLen=   3 (in 32 bit words)
next start: 0xaaaaaaaa, pos= 176
0x1f36 module_id = 31 crystal_id = 0 digitizer_id = 3 chan_id = 6 ge_id = 124 channel = 36  -> is segment
ncrystal=1
wrote trace to CCpulse_010_00_01.xy
two's comp tempE  ::     325848     325848 0x0004f8d8 |0000|0000|0000|0100|1111|1000|1101|1000|
rawE              ::     325848     325848 0x0004f8d8 |0000|0000|0000|0100|1111|1000|1101|1000|
rawE (sign change)::     325848     325848 0x0004f8d8 |0000|0000|0000|0100|1111|1000|1101|1000|
Event.ehi=           10182 0x000027c6
Event.ehi=1018 (gain changed)
Event.LEDts =           3742042687
Event.CFDts =      281350420561932

---------
new GTheader at pos=176 or 88 words (96):
Event.hdr[ 0]=0x1f37,   7991
Event.hdr[ 1]=0x300a,  12298
Event.hdr[ 2]=0x0a3f,   2623
Event.hdr[ 3]=0xdf0b,  57099
Event.hdr[ 4]=0x0000,      0
Event.hdr[ 5]=0xf141,  61761
Event.hdr[ 6]=0x0e01,   3585
Event.hdr[ 7]=0x371b,  14107
Event.hdr[ 8]=0x0000,      0
Event.hdr[ 9]=0xe612,  58898
Event.hdr[10]=0xd000,  53248
Event.hdr[11]=0xffd2,  65490
Event.hdr[12]=0x0003,      3
Event.hdr[13]=0x0000,      0
Event.len=  44, Event.traceLen=  12 (in Bytes)
Event.len=  22, Event.traceLen=   6 (in 16 bit words)
Event.len=  11, Event.traceLen=   3 (in 32 bit words)
next start: 0xaaaaaaaa, pos= 220
0x1f37 module_id = 31 crystal_id = 0 digitizer_id = 3 chan_id = 7 ge_id = 124 channel = 37  -> is segment
ncrystal=1
wrote trace to CCpulse_010_00_01.xy
two's comp tempE  ::     127297     127297 0x0001f141 |0000|0000|0000|0001|1111|0001|0100|0001|
rawE              ::     127297     127297 0x0001f141 |0000|0000|0000|0001|1111|0001|0100|0001|
rawE (sign change)::     127297     127297 0x0001f141 |0000|0000|0000|0001|1111|0001|0100|0001|
Event.ehi=            3978 0x00000f8a
Event.ehi=397 (gain changed)
Event.LEDts =           3742042687
Event.CFDts =          55835623436

---------
new GTheader at pos=220 or 110 words (118):
Event.hdr[ 0]=0x1f38,   7992
Event.hdr[ 1]=0x300a,  12298
Event.hdr[ 2]=0x0a3f,   2623
Event.hdr[ 3]=0xdf0b,  57099
Event.hdr[ 4]=0x0000,      0
Event.hdr[ 5]=0x8be0,  35808
Event.hdr[ 6]=0x1ff9,   8185
Event.hdr[ 7]=0x371b,  14107
Event.hdr[ 8]=0x0000,      0
Event.hdr[ 9]=0xcba1,  52129
Event.hdr[10]=0x1ffc,   8188
Event.hdr[11]=0xf99f,  63903
Event.hdr[12]=0x0003,      3
Event.hdr[13]=0x0000,      0
Event.len=  44, Event.traceLen=  12 (in Bytes)
Event.len=  22, Event.traceLen=   6 (in 16 bit words)
Event.len=  11, Event.traceLen=   3 (in 32 bit words)
next start: 0xaaaaaaaa, pos= 264
0x1f38 module_id = 31 crystal_id = 0 digitizer_id = 3 chan_id = 8 ge_id = 124 channel = 38  -> is segment
ncrystal=1
wrote trace to CCpulse_010_00_01.xy
two's comp tempE  ::   16354272   16354272 0x00f98be0 |0000|0000|1111|1001|1000|1011|1110|0000|
rawE              :: 4294544352    -422944 0xfff98be0 |1111|1111|1111|1001|1000|1011|1110|0000|
rawE (sign change)::     422944     422944 0x00067420 |0000|0000|0000|0110|0111|0100|0010|0000|
Event.ehi=           13217 0x000033a1
Event.ehi=1321 (gain changed)
Event.LEDts =           3742042687
Event.CFDts =         416620609548

---------
new GTheader at pos=264 or 132 words (140):
Event.hdr[ 0]=0x1f39,   7993
Event.hdr[ 1]=0x300a,  12298
Event.hdr[ 2]=0x0a3f,   2623
Event.hdr[ 3]=0xdf0b,  57099
Event.hdr[ 4]=0x0000,      0
Event.hdr[ 5]=0x047c,   1148
Event.hdr[ 6]=0x0e00,   3584
Event.hdr[ 7]=0x371b,  14107
Event.hdr[ 8]=0x0000,      0
Event.hdr[ 9]=0xf679,  63097
Event.hdr[10]=0x87ff,  34815
Event.hdr[11]=0x1b2d,   6957
Event.hdr[12]=0x0000,      0
Event.hdr[13]=0x0000,      0
Event.len=  44, Event.traceLen=  12 (in Bytes)
Event.len=  22, Event.traceLen=   6 (in 16 bit words)
Event.len=  11, Event.traceLen=   3 (in 32 bit words)
next start: 0xaaaaaaaa, pos= 308
0x1f39 module_id = 31 crystal_id = 0 digitizer_id = 3 chan_id = 9 ge_id = 124 channel = 39  -> is CC
ncrystal=1
wrote trace to CCpulse_010_00_01.xy
two's comp tempE  ::       1148       1148 0x0000047c |0000|0000|0000|0000|0000|0100|0111|1100|
rawE              ::       1148       1148 0x0000047c |0000|0000|0000|0000|0000|0100|0111|1100|
rawE (sign change)::       1148       1148 0x0000047c |0000|0000|0000|0000|0000|0100|0111|1100|
Event.ehi=              35 0x00000023
Event.ehi=3 (gain changed)
Event.LEDts =           3742042687
Event.CFDts =         167506149388

---------
new GTheader at pos=308 or 154 words (162):
Event.hdr[ 0]=0x1f30,   7984
Event.hdr[ 1]=0x300a,  12298
Event.hdr[ 2]=0x0a3f,   2623
Event.hdr[ 3]=0xdf0b,  57099
Event.hdr[ 4]=0x0000,      0
Event.hdr[ 5]=0x2bb3,  11187
Event.hdr[ 6]=0x4e0b,  19979
Event.hdr[ 7]=0x371b,  14107
Event.hdr[ 8]=0x0000,      0
Event.hdr[ 9]=0x2ae9,  10985
Event.hdr[10]=0x4e0b,  19979
Event.hdr[11]=0x17a8,   6056
Event.hdr[12]=0x0000,      0
Event.hdr[13]=0x0000,      0
Event.len=  44, Event.traceLen=  12 (in Bytes)
Event.len=  22, Event.traceLen=   6 (in 16 bit words)
Event.len=  11, Event.traceLen=   3 (in 32 bit words)
next start: 0xaaaaaaaa, pos= 352
0x1f30 module_id = 31 crystal_id = 0 digitizer_id = 3 chan_id = 0 ge_id = 124 channel = 30  -> is segment
ncrystal=1
wrote trace to CCpulse_010_00_01.xy
two's comp tempE  ::     732083     732083 0x000b2bb3 |0000|0000|0000|1011|0010|1011|1011|0011|
rawE              ::     732083     732083 0x000b2bb3 |0000|0000|0000|1011|0010|1011|1011|0011|
rawE (sign change)::     732083     732083 0x000b2bb3 |0000|0000|0000|1011|0010|1011|1011|0011|
Event.ehi=           22877 0x0000595d
Event.ehi=2287 (gain changed)
Event.LEDts =           3742042687
Event.CFDts =      266193249959948

---------
new GTheader at pos=352 or 176 words (184):
Event.hdr[ 0]=0x1f31,   7985
Event.hdr[ 1]=0x300a,  12298
Event.hdr[ 2]=0x0a3f,   2623
Event.hdr[ 3]=0xdf0b,  57099
Event.hdr[ 4]=0x0000,      0
Event.hdr[ 5]=0x6b0c,  27404
Event.hdr[ 6]=0x4e08,  19976
Event.hdr[ 7]=0x371b,  14107
Event.hdr[ 8]=0x0000,      0
Event.hdr[ 9]=0x6876,  26742
Event.hdr[10]=0xfa08,  64008
Event.hdr[11]=0x0f30,   3888
Event.hdr[12]=0x0000,      0
Event.hdr[13]=0x0000,      0
Event.len=  44, Event.traceLen=  12 (in Bytes)
Event.len=  22, Event.traceLen=   6 (in 16 bit words)
Event.len=  11, Event.traceLen=   3 (in 32 bit words)
next start: 0xaaaaaaaa, pos= 396
0x1f31 module_id = 31 crystal_id = 0 digitizer_id = 3 chan_id = 1 ge_id = 124 channel = 31  -> is segment
ncrystal=1
wrote trace to CCpulse_010_00_01.xy
two's comp tempE  ::     551692     551692 0x00086b0c |0000|0000|0000|1000|0110|1011|0000|1100|
rawE              ::     551692     551692 0x00086b0c |0000|0000|0000|1000|0110|1011|0000|1100|
rawE (sign change)::     551692     551692 0x00086b0c |0000|0000|0000|1000|0110|1011|0000|1100|
Event.ehi=           17240 0x00004358
Event.ehi=1724 (gain changed)
Event.LEDts =           3742042687
Event.CFDts =      270496872857612

---------
new GTheader at pos=396 or 198 words (206):
Event.hdr[ 0]=0x1f32,   7986
Event.hdr[ 1]=0x300a,  12298
Event.hdr[ 2]=0x0a3f,   2623
Event.hdr[ 3]=0xdf0b,  57099
Event.hdr[ 4]=0x0000,      0
Event.hdr[ 5]=0xbd4f,  48463
Event.hdr[ 6]=0x0e00,   3584
Event.hdr[ 7]=0x371b,  14107
Event.hdr[ 8]=0x0000,      0
Event.hdr[ 9]=0x5020,  20512
Event.hdr[10]=0x4200,  16896
Event.hdr[11]=0xffee,  65518
Event.hdr[12]=0x0003,      3
Event.hdr[13]=0x0000,      0
Event.len=  44, Event.traceLen=  12 (in Bytes)
Event.len=  22, Event.traceLen=   6 (in 16 bit words)
Event.len=  11, Event.traceLen=   3 (in 32 bit words)
0x1f32 module_id = 31 crystal_id = 0 digitizer_id = 3 chan_id = 2 ge_id = 124 channel = 32  -> is segment
ncrystal=1
wrote trace to CCpulse_010_00_01.xy
two's comp tempE  ::      48463      48463 0x0000bd4f |0000|0000|0000|0000|1011|1101|0100|1111|
rawE              ::      48463      48463 0x0000bd4f |0000|0000|0000|0000|1011|1101|0100|1111|
rawE (sign change)::      48463      48463 0x0000bd4f |0000|0000|0000|0000|1011|1101|0100|1111|
Event.ehi=            1514 0x000005ea
Event.ehi=151 (gain changed)
Event.LEDts =           3742042687
Event.CFDts =      281410551152652
exit bin_mode3
*end of event # 10
+++++++++++++++++++++++++++++++
ev#    10 GEB_TYPE_GT_MOD29      440Bytes TS=3742048549 curTS=3742042945 dTS= 5604
ev# 50000 GEB_TYPE_DECOMP        464Bytes TS=4208668715 curTS=4208668709 dTS= 6
ev# 50000 GEB_TYPE_GT_MOD29      440Bytes TS=4208739695 curTS=4208668709 dTS= 70986
ev# 100000 GEB_TYPE_DECOMP        464Bytes TS=4675149107 curTS=4675148459 dTS= 648
ev# 150000 GEB_TYPE_DECOMP        464Bytes TS=5143470853 curTS=5143456473 dTS= 14380
ev# 200000 GEB_TYPE_DECOMP        464Bytes TS=5607803229 curTS=5607803227 dTS= 2
ev# 200000 GEB_TYPE_GT_MOD29      440Bytes TS=5607803343 curTS=5607803227 dTS= 116
ev# 200000 GEB_TYPE_DECOMP        464Bytes TS=5607812779 curTS=5607803227 dTS= 9552
ev# 250000 GEB_TYPE_DECOMP        464Bytes TS=6082646467 curTS=6082643255 dTS= 3212
ev# 300000 GEB_TYPE_DECOMP        464Bytes TS=6550976579 curTS=6550976573 dTS= 6
ev# 300000 GEB_TYPE_GT_MOD29      440Bytes TS=6550976769 curTS=6550976573 dTS= 196
ev# 350000 GEB_TYPE_DECOMP        464Bytes TS=7022446017 curTS=7022421905 dTS= 24112
ev# 400000 GEB_TYPE_GT_MOD29      440Bytes TS=7483377531 curTS=7483377115 dTS= 416
ev# 450000 GEB_TYPE_GT_MOD29      440Bytes TS=7943159863 curTS=7943159671 dTS= 192
ev# 500000 GEB_TYPE_DECOMP        464Bytes TS=8402256701 curTS=8402256699 dTS= 2
ev# 500000 GEB_TYPE_DECOMP        464Bytes TS=8402256701 curTS=8402256699 dTS= 2
ev# 500000 GEB_TYPE_DECOMP        464Bytes TS=8402256703 curTS=8402256699 dTS= 4
ev# 500000 GEB_TYPE_DECOMP        464Bytes TS=8402256703 curTS=8402256699 dTS= 4
ev# 500000 GEB_TYPE_DECOMP        464Bytes TS=8402257159 curTS=8402256699 dTS= 460
ev# 550000 GEB_TYPE_DECOMP        464Bytes TS=8864640839 curTS=8864640837 dTS= 2
ev# 550000 GEB_TYPE_DECOMP        464Bytes TS=8864640889 curTS=8864640837 dTS= 52
ev# 550000 GEB_TYPE_DECOMP        464Bytes TS=8864641497 curTS=8864640837 dTS= 660
ev# 600000 GEB_TYPE_GT_MOD29      440Bytes TS=9331346125 curTS=9331345883 dTS= 242
ev# 650000 GEB_TYPE_DECOMP        464Bytes TS=9789974455 curTS=9789945443 dTS= 29012
ev# 700000 GEB_TYPE_GT_MOD29      440Bytes TS=10254701853 curTS=10254701645 dTS= 208
ev# 750000 GEB_TYPE_DECOMP        464Bytes TS=10713263569 curTS=10713224173 dTS= 39396
ev# 800000 GEB_TYPE_DECOMP        464Bytes TS=11172897411 curTS=11172897409 dTS= 2
ev# 800000 GEB_TYPE_DECOMP        464Bytes TS=11172897411 curTS=11172897409 dTS= 2
ev# 800000 GEB_TYPE_DECOMP        464Bytes TS=11172897413 curTS=11172897409 dTS= 4
ev# 800000 GEB_TYPE_DECOMP        464Bytes TS=11172897417 curTS=11172897409 dTS= 8
ev# 800000 GEB_TYPE_DECOMP        464Bytes TS=11172899465 curTS=11172897409 dTS= 2056
ev# 850000 GEB_TYPE_DECOMP        464Bytes TS=11638822201 curTS=11638814365 dTS= 7836
ev# 900000 GEB_TYPE_DECOMP        464Bytes TS=12101580063 curTS=12101579773 dTS= 290
ev# 950000 GEB_TYPE_DECOMP        464Bytes TS=12565132343 curTS=12565132315 dTS= 28
ev# 950000 GEB_TYPE_DECOMP        464Bytes TS=12565132345 curTS=12565132315 dTS= 30
ev# 950000 GEB_TYPE_DECOMP        464Bytes TS=12565132347 curTS=12565132315 dTS= 32
ev# 950000 GEB_TYPE_DECOMP        464Bytes TS=12565132347 curTS=12565132315 dTS= 32
ev# 950000 GEB_TYPE_DECOMP        464Bytes TS=12565132737 curTS=12565132315 dTS= 422

Sorting is done
attempting to save root or map file



mean observed polar and azimuth angles
for the detectors we saw (module,crystal)

------------------------------------------
mean pol/azi angle for detector  56 are   96.73/ 119.50
mean pol/azi angle for detector  57 are  100.40/ 138.28
mean pol/azi angle for detector  58 are   83.36/ 132.66
mean pol/azi angle for detector  59 are   79.64/ 114.03
mean pol/azi angle for detector  60 are   87.32/ 152.66
mean pol/azi angle for detector  61 are  105.25/ 157.72
mean pol/azi angle for detector  62 are   93.06/ 168.41
mean pol/azi angle for detector  63 are   73.93/ 165.95
mean pol/azi angle for detector  68 are   87.14/-135.01
mean pol/azi angle for detector  69 are  105.28/-130.05
mean pol/azi angle for detector  70 are   92.91/-116.88
mean pol/azi angle for detector  71 are   74.21/-121.85
mean pol/azi angle for detector  76 are   87.40/ -63.21
mean pol/azi angle for detector  77 are  105.25/ -58.09
mean pol/azi angle for detector  78 are   93.00/ -45.04
mean pol/azi angle for detector  79 are   74.28/ -49.87
mean pol/azi angle for detector  84 are  112.33/  33.61
mean pol/azi angle for detector  85 are  125.16/  17.34
mean pol/azi angle for detector  86 are  130.63/  39.20
mean pol/azi angle for detector  87 are  115.98/  52.95
mean pol/azi angle for detector  88 are  112.40/ 105.50
mean pol/azi angle for detector  89 are  124.92/  89.36
mean pol/azi angle for detector  90 are  130.76/ 111.14
mean pol/azi angle for detector  91 are  115.81/ 125.02
mean pol/azi angle for detector  96 are  112.58/-110.61
mean pol/azi angle for detector  97 are  124.82/-126.68
mean pol/azi angle for detector  98 are  130.92/-104.95
mean pol/azi angle for detector  99 are  115.83/ -91.01
mean pol/azi angle for detector 100 are  112.43/ -38.58
mean pol/azi angle for detector 101 are  124.72/ -55.00
mean pol/azi angle for detector 102 are  130.65/ -32.97
mean pol/azi angle for detector 103 are  115.79/ -19.05
mean pol/azi angle for detector 104 are  144.44/  88.25
mean pol/azi angle for detector 105 are  132.75/  65.83
mean pol/azi angle for detector 106 are  148.86/  53.96
mean pol/azi angle for detector 107 are  162.36/  88.36
mean pol/azi angle for detector 108 are  144.70/ 160.11
mean pol/azi angle for detector 109 are  132.73/ 137.97
mean pol/azi angle for detector 110 are  149.60/ 125.44
mean pol/azi angle for detector 111 are  162.26/ 109.97
mean pol/azi angle for detector 116 are  144.38/ -55.93
mean pol/azi angle for detector 117 are  132.60/ -78.28
mean pol/azi angle for detector 118 are  148.96/ -90.28
mean pol/azi angle for detector 119 are  162.44/ -56.12
we found 44 crystals
------------------------------------------

minimum pol angle between crystals is  18.65
compactness =  64.39%, 85 of 264
module hit statistics
module  14, crystal 0 was hit      90108 times
module  14, crystal 1 was hit      97525 times
module  14, crystal 2 was hit      95709 times
module  14, crystal 3 was hit      84845 times
module  15, crystal 0 was hit      97722 times
module  15, crystal 1 was hit      88327 times
module  15, crystal 2 was hit      83314 times
module  15, crystal 3 was hit      85485 times
module  17, crystal 0 was hit      71393 times
module  17, crystal 1 was hit      70322 times
module  17, crystal 2 was hit      71322 times
module  17, crystal 3 was hit      73619 times
module  19, crystal 0 was hit      68067 times
module  19, crystal 1 was hit      69991 times
module  19, crystal 2 was hit      81951 times
module  19, crystal 3 was hit      79205 times
module  21, crystal 0 was hit      82507 times
module  21, crystal 1 was hit      72718 times
module  21, crystal 2 was hit      85672 times
module  21, crystal 3 was hit      82449 times
module  22, crystal 0 was hit      89744 times
module  22, crystal 1 was hit      82472 times
module  22, crystal 2 was hit      93939 times
module  22, crystal 3 was hit      86154 times
module  24, crystal 0 was hit      75714 times
module  24, crystal 1 was hit      71480 times
module  24, crystal 2 was hit      76234 times
module  24, crystal 3 was hit      69912 times
module  25, crystal 0 was hit      71701 times
module  25, crystal 1 was hit      73867 times
module  25, crystal 2 was hit      71138 times
module  25, crystal 3 was hit      69530 times
module  26, crystal 0 was hit      82779 times
module  26, crystal 1 was hit      81426 times
module  26, crystal 2 was hit      80616 times
module  26, crystal 3 was hit      75851 times
module  27, crystal 0 was hit      84894 times
module  27, crystal 1 was hit      83093 times
module  27, crystal 2 was hit      85171 times
module  27, crystal 3 was hit      78339 times
module  29, crystal 0 was hit      70515 times
module  29, crystal 1 was hit      66994 times
module  29, crystal 2 was hit      76300 times
module  29, crystal 3 was hit      69054 times

bin_mode2: pad distribution
__id   0,      1517531, 93.19%
__id   2,          200,  0.01%
__id   3,          442,  0.03%
__id   4,          480,  0.03%
__id   5,         3223,  0.20%
__id   6,        11274,  0.69%
__id 128,        95071,  5.84%
__id 133,          175,  0.01%

bin_mode2 calculated mean CCsum energy to be  756.103 keV
bin_mode2 calculated mean CCadd energy to be 1163.144 keV
attempting to close root file...
Pars.f1->Write();
Pars.f1->Print();
TFile: name=/lcrc/project/HELIOS/gretinafma/root_data/run240.root, title=, option=CREATE
TH1.Print Name  = dtbtev, Entries= 2051627, Total sum= 2.05163e+06
TH1.Print Name  = T0, Entries= 0, Total sum= 0
TH1.Print Name  = hitpat, Entries= 1517531, Total sum= 1.51753e+06
TH1.Print Name  = numHitArray2, Entries= 1000000, Total sum= 747084
TH1.Print Name  = CCmult, Entries= 1000000, Total sum= 999999
TH1.Print Name  = CCsum, Entries= 3499036, Total sum= 1.51751e+06
TH1.Print Name  = hit2, Entries= 167969, Total sum= 167779
TH1.Print Name  = hit3, Entries= 91907, Total sum= 91239
TH1.Print Name  = hit4, Entries= 51075, Total sum= 49830
TH1.Print Name  = CCsum_nodop, Entries= 3499036, Total sum= 1.5175e+06
TH1.Print Name  = CCadd, Entries= 1000000, Total sum= 737921
TH1.Print Name  = SEGadd_FPGA, Entries= 200000000, Total sum= 1.51691e+06
TH1.Print Name  = SEGadd_PSA, Entries= 200000000, Total sum= 1.50921e+06
TH1.Print Name  = SEGsum_FPGA, Entries= 2351071, Total sum= 2.3507e+06
TH1.Print Name  = SEGsum_PSA, Entries= 3499168, Total sum= 3.47088e+06
TH1.Print Name  = radius_all, Entries= 3499167, Total sum= 3.49917e+06
TH1.Print Name  = rate_mode2_min, Entries= 1517530, Total sum= 25292.2
TH1.Print Name  = rate_mode2_sec, Entries= 1517530, Total sum= 1.51753e+06
TH1.Print Name  = rate_mode2_intp, Entries= 1517530, Total sum= 58319.4
TH1.Print Name  = cdtbtev, Entries= 478622, Total sum= 478622
TH1.Print Name  = evsr_all, Entries= 3499167, Total sum= 3.41728e+06
TH1.Print Name  = SMAP_allhits, Entries= 3499168, Total sum= 3.49917e+06
TH1.Print Name  = SMAP_allhits_sq, Entries= 3499168, Total sum= 3.49917e+06
TH1.Print Name  = seghitpat, Entries= 3499168, Total sum= 3.49917e+06
TH1.Print Name  = CCe, Entries= 3499036, Total sum= 1.51751e+06
TH1.Print Name  = ggCC, Entries= 3156824, Total sum= 2.76576e+06
TH1.Print Name  = z_plot, Entries= 3499168, Total sum= 3.49582e+06
TH1.Print Name  = crystal_hit, Entries= 0, Total sum= 0
TH1.Print Name  = SegE, Entries= 3498579, Total sum= 3.49858e+06
TH1.Print Name  = crXcr, Entries= 1578622, Total sum= 1.57862e+06
******************************************************************************
*Tree    :tree      : tree                                                   *
*Entries :  1000000 : Total =       154709327 bytes  File  Size =   38865952 *
*        :          : Tree compression factor =   3.98                       *
******************************************************************************
*Br    0 :runNumber : runNumber/I                                            *
*Entries :  1000000 : Total  Size=    4009925 bytes  File Size  =      30157 *
*Baskets :       96 : Basket Size=    1327104 bytes  Compression= 132.88     *
*............................................................................*
*Br    1 :numHits   : numHits/I                                              *
*Entries :  1000000 : Total  Size=    4009725 bytes  File Size  =      29960 *
*Baskets :       96 : Basket Size=    1327104 bytes  Compression= 133.75     *
*............................................................................*
*Br    2 :left      : left[numHits]/F                                        *
*Entries :  1000000 : Total  Size=    8029553 bytes  File Size  =    2827075 *
*Baskets :      283 : Basket Size=    8660480 bytes  Compression=   2.84     *
*............................................................................*
*Br    3 :right     : right[numHits]/F                                       *
*Entries :  1000000 : Total  Size=    8029840 bytes  File Size  =    2804859 *
*Baskets :      283 : Basket Size=    8660992 bytes  Compression=   2.86     *
*............................................................................*
*Br    4 :up        : up[numHits]/F                                          *
*Entries :  1000000 : Total  Size=    8028979 bytes  File Size  =    2782679 *
*Baskets :      283 : Basket Size=    8660480 bytes  Compression=   2.88     *
*............................................................................*
*Br    5 :down      : down[numHits]/F                                        *
*Entries :  1000000 : Total  Size=    8029553 bytes  File Size  =    2805443 *
*Baskets :      283 : Basket Size=    8660480 bytes  Compression=   2.86     *
*............................................................................*
*Br    6 :e1        : e1[numHits]/F                                          *
*Entries :  1000000 : Total  Size=    8028979 bytes  File Size  =    2711845 *
*Baskets :      283 : Basket Size=    8660480 bytes  Compression=   2.96     *
*............................................................................*
*Br    7 :e2        : e2[numHits]/F                                          *
*Entries :  1000000 : Total  Size=    8028979 bytes  File Size  =    2681540 *
*Baskets :      283 : Basket Size=    8660480 bytes  Compression=   2.99     *
*............................................................................*
*Br    8 :e3        : e3[numHits]/F                                          *
*Entries :  1000000 : Total  Size=    8028979 bytes  File Size  =    2623776 *
*Baskets :      283 : Basket Size=    8660480 bytes  Compression=   3.06     *
*............................................................................*
*Br    9 :tac       : tac[numHits]/F                                         *
*Entries :  1000000 : Total  Size=    8029266 bytes  File Size  =    2392204 *
*Baskets :      283 : Basket Size=    8660480 bytes  Compression=   3.35     *
*............................................................................*
*Br   10 :fmaDeltaTime : fmaDeltaTime[numHits]/F                             *
*Entries :  1000000 : Total  Size=    8031960 bytes  File Size  =    2938885 *
*Baskets :      284 : Basket Size=    8661504 bytes  Compression=   2.73     *
*............................................................................*
*Br   11 :fmaMult   : fmaMult[10]/I                                          *
*Entries :  1000000 : Total  Size=   40092641 bytes  File Size  =    1032957 *
*Baskets :      942 : Basket Size=   25600000 bytes  Compression=  38.79     *
*............................................................................*
*Br   12 :gammaMult : gammaMult/I                                            *
*Entries :  1000000 : Total  Size=    4009925 bytes  File Size  =     710925 *
*Baskets :       96 : Basket Size=    1327104 bytes  Compression=   5.64     *
*............................................................................*
*Br   13 :gammaEnergy : gammaEnergy[gammaMult]/F                             *
*Entries :  1000000 : Total  Size=   10107084 bytes  File Size  =    7153972 *
*Baskets :      332 : Basket Size=    9349120 bytes  Compression=   1.41     *
*............................................................................*
*Br   14 :gammaTimestamp : gammaTimestamp[gammaMult]/F                       *
*Entries :  1000000 : Total  Size=   10108092 bytes  File Size  =    3161959 *
*Baskets :      332 : Basket Size=    9349632 bytes  Compression=   3.19     *
*............................................................................*
*Br   15 :deltaTime : deltaTime[gammaMult]/F                                 *
*Entries :  1000000 : Total  Size=   10106412 bytes  File Size  =    2137165 *
*Baskets :      332 : Basket Size=    9348608 bytes  Compression=   4.72     *
*............................................................................*
TH1.Print Name  = eCC_a, Entries= 0, Total sum= 0
TH1.Print Name  = eCC_b, Entries= 0, Total sum= 0
TH1.Print Name  = eCC_c, Entries= 0, Total sum= 0
TH1.Print Name  = eCC_d, Entries= 120093, Total sum= 0
TH1.Print Name  = eSeg, Entries= 0, Total sum= 0
TH1.Print Name  = mode3_hitpat, Entries= 4207220, Total sum= 0
TH1.Print Name  = mode3_hitpat_chan, Entries= 4207220, Total sum= 4.20722e+06
TH1.Print Name  = chan0, Entries= 0, Total sum= 0
TH1.Print Name  = module, Entries= 4207220, Total sum= 4.20722e+06
TH1.Print Name  = chan, Entries= 4207220, Total sum= 4.20459e+06
TH1.Print Name  = l, Entries= 420722, Total sum= 420670
TH1.Print Name  = r, Entries= 420722, Total sum= 420717
TH1.Print Name  = up, Entries= 420722, Total sum= 420718
TH1.Print Name  = down, Entries= 420722, Total sum= 420719
TH1.Print Name  = sumlr, Entries= 408766, Total sum= 408766
TH1.Print Name  = sumud, Entries= 390846, Total sum= 390846
TH1.Print Name  = x, Entries= 408766, Total sum= 408766
TH1.Print Name  = y, Entries= 390846, Total sum= 390846
TH1.Print Name  = de1, Entries= 420722, Total sum= 420688
TH1.Print Name  = de2, Entries= 420722, Total sum= 420722
TH1.Print Name  = de3, Entries= 420722, Total sum= 419959
TH1.Print Name  = de12, Entries= 366690, Total sum= 366690
TH1.Print Name  = etot, Entries= 366690, Total sum= 366690
TH1.Print Name  = rftof, Entries= 420722, Total sum= 419248
TH1.Print Name  = lr, Entries= 1000000, Total sum= 999943
TH1.Print Name  = ud, Entries= 1000000, Total sum= 999996
TH1.Print Name  = ede1, Entries= 366690, Total sum= 366690
TH1.Print Name  = ede1g, Entries= 70824, Total sum= 70810
TH1.Print Name  = ede2, Entries= 366690, Total sum= 366690
TH1.Print Name  = ede12, Entries= 366690, Total sum= 366690
TH1.Print Name  = xde1, Entries= 366690, Total sum= 366690
TH1.Print Name  = erftof, Entries= 1000000, Total sum= 998526
TH1.Print Name  = erftofg, Entries= 28814, Total sum= 28751
TH1.Print Name  = sumehi, Entries= 1517531, Total sum= 1.51752e+06
TH1.Print Name  = tgppac, Entries= 1517531, Total sum= 386925
TH1.Print Name  = tgppacg, Entries= 70824, Total sum= 70824
TH1.Print Name  = xehi1, Entries= 1517531, Total sum= 1.51752e+06
TH1.Print Name  = xehi1g, Entries= 70824, Total sum= 70822
TH1.Print Name  = de1ehi, Entries= 1517531, Total sum= 1.51748e+06
TH1.Print Name  = de1ehig, Entries= 70824, Total sum= 70808
TH1.Print Name  = ng, Entries= 1000000, Total sum= 1e+06
TH1.Print Name  = ehiz1, Entries= 0, Total sum= 0
TH1.Print Name  = ehiz2, Entries= 0, Total sum= 0
TH1.Print Name  = ehiz3, Entries= 0, Total sum= 0
TH1.Print Name  = ehiz4, Entries= 0, Total sum= 0
TH1.Print Name  = ehiz5, Entries= 0, Total sum= 0
TH1.Print Name  = gg_dt, Entries= 83167, Total sum= 83167
TH1.Print Name  = gg, Entries= 166334, Total sum= 163940
TH1.Print Name  = gg_z1, Entries= 0, Total sum= 0
TH1.Print Name  = gg_z2, Entries= 0, Total sum= 0
TH1.Print Name  = gg_z3, Entries= 0, Total sum= 0
TH1.Print Name  = gg_z4, Entries= 0, Total sum= 0
TH1.Print Name  = gg_z5, Entries= 0, Total sum= 0
Pars.f1->Close();
done saving rootfile "/lcrc/project/HELIOS/gretinafma/root_data/run240.root


read 1000000 events; Pars.beta=0.0330; time since last update 1 minutes
CommandFileName="GEBSort.command"

sorted timestamp range 3741858977-->13022628937: 9280769960
that is 92.8 seconds or 0h1m32s
^^^^^ any timestamp jumps will upset this accounting

hit statistics per type
 1 GEB_TYPE_DECOMP          1628396 ;  17545.91 Hz 
 8 GEB_TYPE_GT_MOD29         423231 ;   4560.30 Hz 
read a total of              2051627 ; header/payloads


nn1=0
nn2=2051628
nn3=2051628

nok_validate= 1000000, ntot_validate=1000000; validate fraction 100.00%

bytes read=973519936, 928.420959 MB

boniva sancta! ...GEBSort (unexpectedly) did not crash!

 ** GEBSort is done at 
