started GEBSort at we have 9 arguments
1... -input
will take input from disk
file size is 34006138116 bytes or 33209 MBytes

4... -rootfile
rootfile name specified on command line
__will store spectra in rootfile: /lcrc/project/HELIOS/gretinafma/root_data/run122.root
will recreate root file
7... -chat
core file size          (blocks, -c) unlimited
data seg size           (kbytes, -d) unlimited
scheduling priority             (-e) 0
file size               (blocks, -f) unlimited
pending signals                 (-i) 510315
max locked memory       (kbytes, -l) unlimited
max memory size         (kbytes, -m) 128769024
open files                      (-n) 51200
pipe size            (512 bytes, -p) 8
POSIX message queues     (bytes, -q) 819200
real-time priority              (-r) 0
stack size              (kbytes, -s) unlimited
cpu time               (seconds, -t) unlimited
max user processes              (-u) 4096
virtual memory          (kbytes, -v) unlimited
file locks                      (-x) unlimited
will read sorting instructions from chatfile: GEBSort.chat

executing UserDeclare.h code


GEBsort running on: 

initializing

crmat.LINUX is open (input) binary format
read 7936 bytes into Pars.crmat
chat file: <GEBSort.chat> open

will sort a max of 1410065408 events
will sort a max of 1000000 events
will sort 86400 minutes of data
will print details of the first 10 events
will use Pars.Beta (v/c) correction of 0.033000
will sort using a time window of 150
Pars.do_bin_mode2=1
Pars.do_bin_mode3=1
will accept second interaction range between 10.000000 and 500.000000 mm
"1-200"
detector   1 is ENABLED
detector   2 is ENABLED
detector   3 is ENABLED
detector   4 is ENABLED
detector   5 is ENABLED
detector   6 is ENABLED
detector   7 is ENABLED
detector   8 is ENABLED
detector   9 is ENABLED
detector  10 is ENABLED
detector  11 is ENABLED
detector  12 is ENABLED
detector  13 is ENABLED
detector  14 is ENABLED
detector  15 is ENABLED
detector  16 is ENABLED
detector  17 is ENABLED
detector  18 is ENABLED
detector  19 is ENABLED
detector  20 is ENABLED
detector  21 is ENABLED
detector  22 is ENABLED
detector  23 is ENABLED
detector  24 is ENABLED
detector  25 is ENABLED
detector  26 is ENABLED
detector  27 is ENABLED
detector  28 is ENABLED
detector  29 is ENABLED
detector  30 is ENABLED
detector  31 is ENABLED
detector  32 is ENABLED
detector  33 is ENABLED
detector  34 is ENABLED
detector  35 is ENABLED
detector  36 is ENABLED
detector  37 is ENABLED
detector  38 is ENABLED
detector  39 is ENABLED
detector  40 is ENABLED
detector  41 is ENABLED
detector  42 is ENABLED
detector  43 is ENABLED
detector  44 is ENABLED
detector  45 is ENABLED
detector  46 is ENABLED
detector  47 is ENABLED
detector  48 is ENABLED
detector  49 is ENABLED
detector  50 is ENABLED
detector  51 is ENABLED
detector  52 is ENABLED
detector  53 is ENABLED
detector  54 is ENABLED
detector  55 is ENABLED
detector  56 is ENABLED
detector  57 is ENABLED
detector  58 is ENABLED
detector  59 is ENABLED
detector  60 is ENABLED
detector  61 is ENABLED
detector  62 is ENABLED
detector  63 is ENABLED
detector  64 is ENABLED
detector  65 is ENABLED
detector  66 is ENABLED
detector  67 is ENABLED
detector  68 is ENABLED
detector  69 is ENABLED
detector  70 is ENABLED
detector  71 is ENABLED
detector  72 is ENABLED
detector  73 is ENABLED
detector  74 is ENABLED
detector  75 is ENABLED
detector  76 is ENABLED
detector  77 is ENABLED
detector  78 is ENABLED
detector  79 is ENABLED
detector  80 is ENABLED
detector  81 is ENABLED
detector  82 is ENABLED
detector  83 is ENABLED
detector  84 is ENABLED
detector  85 is ENABLED
detector  86 is ENABLED
detector  87 is ENABLED
detector  88 is ENABLED
detector  89 is ENABLED
detector  90 is ENABLED
detector  91 is ENABLED
detector  92 is ENABLED
detector  93 is ENABLED
detector  94 is ENABLED
detector  95 is ENABLED
detector  96 is ENABLED
detector  97 is ENABLED
detector  98 is ENABLED
detector  99 is ENABLED
detector 100 is ENABLED
detector 101 is ENABLED
detector 102 is ENABLED
detector 103 is ENABLED
detector 104 is ENABLED
detector 105 is ENABLED
detector 106 is ENABLED
detector 107 is ENABLED
detector 108 is ENABLED
detector 109 is ENABLED
detector 110 is ENABLED
detector 111 is ENABLED
detector 112 is ENABLED
detector 113 is ENABLED
detector 114 is ENABLED
detector 115 is ENABLED
detector 116 is ENABLED
detector 117 is ENABLED
detector 118 is ENABLED
detector 119 is ENABLED
detector 120 is ENABLED
detector 121 is ENABLED
detector 122 is ENABLED
detector 123 is ENABLED
detector 124 is ENABLED
detector 125 is ENABLED
detector 126 is ENABLED
detector 127 is ENABLED
detector 128 is ENABLED
detector 129 is ENABLED
detector 130 is ENABLED
detector 131 is ENABLED
detector 132 is ENABLED
detector 133 is ENABLED
detector 134 is ENABLED
detector 135 is ENABLED
detector 136 is ENABLED
detector 137 is ENABLED
detector 138 is ENABLED
detector 139 is ENABLED
detector 140 is ENABLED
detector 141 is ENABLED
detector 142 is ENABLED
detector 143 is ENABLED
detector 144 is ENABLED
detector 145 is ENABLED
detector 146 is ENABLED
detector 147 is ENABLED
detector 148 is ENABLED
detector 149 is ENABLED
detector 150 is ENABLED
detector 151 is ENABLED
detector 152 is ENABLED
detector 153 is ENABLED
detector 154 is ENABLED
detector 155 is ENABLED
detector 156 is ENABLED
detector 157 is ENABLED
detector 158 is ENABLED
detector 159 is ENABLED
detector 160 is ENABLED
detector 161 is ENABLED
detector 162 is ENABLED
detector 163 is ENABLED
detector 164 is ENABLED
detector 165 is ENABLED
detector 166 is ENABLED
detector 167 is ENABLED
detector 168 is ENABLED
detector 169 is ENABLED
detector 170 is ENABLED
detector 171 is ENABLED
detector 172 is ENABLED
detector 173 is ENABLED
detector 174 is ENABLED
detector 175 is ENABLED
detector 176 is ENABLED
detector 177 is ENABLED
detector 178 is ENABLED
detector 179 is ENABLED
detector 180 is ENABLED
detector 181 is ENABLED
detector 182 is ENABLED
detector 183 is ENABLED
detector 184 is ENABLED
detector 185 is ENABLED
detector 186 is ENABLED
detector 187 is ENABLED
detector 188 is ENABLED
detector 189 is ENABLED
detector 190 is ENABLED
detector 191 is ENABLED
detector 192 is ENABLED
detector 193 is ENABLED
detector 194 is ENABLED
detector 195 is ENABLED
detector 196 is ENABLED
detector 197 is ENABLED
detector 198 is ENABLED
detector 199 is ENABLED
WARNING: could not open CCcal file "CCenergy.cal", quit
will use beam direction 0.000000 0.000000 1.000000
vector length= 1.000000, normalizing
will use beam direction 0.000000 0.000000 1.000000
Pars.ndetlimlo=1,Pars.ndetlimhi=8
will require mult bt: 1 20
fomlimits, 1, 0.00 ..to.. 0.80
fomlimits, 2, 0.00 ..to.. 0.80
fomlimits, 3, 0.00 ..to.. 0.80
fomlimits, 4, 0.00 ..to.. 0.80
fomlimits, 5, 0.00 ..to.. 0.80
fomlimits, 6, 0.00 ..to.. 0.80
fomlimits, 7, 0.00 ..to.. 0.80
will use M= 350.000000 in bin_dgs
will use PZ file "dgs_pz.cal" in bin_dgs
will use ecal file "dgs_ehi.cal" in bin_dgs
will skip rest of chat file

chat file: <GEBSort.chat> closed
processed 39 sort instructions and 198 lines


sorting this:
Pars.do_bin_mode3 = 1
Pars.do_bin_mode2 = 1
Pars.do_bin_mode1 = 0
Pars.do_bin_dgs = 0
Pars.do_bin_dfma = 0
Pars.do_bin_gtcal = 0
Pars.do_bin_template = 0
Pars.do_bin_final = 0
Pars.do_bin_angcor = 0
Pars.do_bin_angdis = 0
checking proper input of chat file...
input file "/lcrc/project/HELIOS/gretinafma/merged_data/GEBMerged_run122.gtd_000" is open, inData=0x250d3a60
file size is -353600252 bytes or -345 MBs 
input source is set up, supposedly

xyz offset values:

executing ShareMemFileUserInit.h code

deleted \rm -f GEBSort.command
root file </lcrc/project/HELIOS/gretinafma/root_data/run122.root>
base=</lcrc/project/HELIOS/gretinafma/root_data/run122.root:/>
TFile: name=/lcrc/project/HELIOS/gretinafma/root_data/run122.root, title=, option=CREATE

executing UserInit.h code

Created Object "dtbtev", 0x261290e0
Created Object "T0", 0x261294f0
, "T0"Created Object "hitpat", 0x261298e0
, "hitpat"Created Object "numHitArray2", 0x2612a330
, "numHitArray2"Created Object "CCmult", 0x2612adf0
, "CC Multiplicity"Created Object "CCsum", 0x263fc780
, "CCsum"Created Object "hit2", 0x2640c590
, "hit2"Created Object "hit3", 0x2641c3a0
, "hit3"Created Object "hit4", 0x2642c1b0
, "hit4"Created Object "CCsum_nodop", 0x2643bfc0
, "CCsum_nodop"Created Object "CCadd", 0x2644bdd0
, "CCadd"Created Object "SEGadd_FPGA", 0x2645bbe0
Created Object "SEGadd_PSA", 0x2645bff0
Created Object "SEGsum_FPGA", 0x2645c400
Created Object "SEGsum_PSA", 0x2645c810
Created Object "radius_all", 0x2645cc20
, "radius (all points)"Created Object "rate_mode2_min", 0x26465030
, "rate_mode2_min headers"Created Object "rate_mode2_sec", 0x26468140
, "rate_mode2_sec headers"Created Object "rate_mode2_intp", 0x2646b250
, "rate_mode2 interaction points"Created Object "cdtbtev", 0x2646e490
Created Object "evsr_all", 0x26534470
Created Object "SMAP_allhits", 0x265349b0
Created Object "SMAP_allhits_sq", 0x26634340
Created Object "seghitpat", 0x26733cd0
Created Object "CCe", 0x2673c0d0
Created Object "ggCC", 0x2673c680
Created Object "z_plot", 0x2673cc30
Created Object "crystal_hit", 0x267f0300
Created Object "SegE", 0x267f08d0
Created Object "crXcr", 0x267f0e10
MAXDETPOS=180
Created Object "eCC_a", 0x268de9d0
Created Object "eCC_b", 0x268dede0
Created Object "eCC_c", 0x268df250
Created Object "eCC_d", 0x268df800
Created Object "eSeg", 0x268dfd40
Created Object "mode3_hitpat", 0x268e02f0
, "mode3_hitpat"Created Object "mode3_hitpat_chan", 0x268e0c60
, "mode3_hitpat_chan"Created Object "chan0", 0x268e1390
, "chan0"Created Object "module", 0x268f51c0
, "module"Created Object "chan", 0x26908ff0
Created Object "l", 0x2697e910
, "l"Created Object "r", 0x26992740
, "r"Created Object "up", 0x269a6500
, "up"Created Object "down", 0x269ba2c0
, "down"Created Object "sumlr", 0x269ce0f0
, "sumlr"Created Object "sumud", 0x269e1f20
, "sumud"Created Object "x", 0x269f5d50
, "x"Created Object "y", 0x26a09b80
, "y"Created Object "de1", 0x26a1d9b0
, "de1"Created Object "de2", 0x26a31770
, "de2"Created Object "de3", 0x26a45530
, "de3"Created Object "de12", 0x26a59360
, "de12"Created Object "etot", 0x26a6d190
, "etot"Created Object "rftof", 0x26a80f50
, "rftof"Created Object "lr", 0x26a94d10
Created Object "ud", 0x26a95250
Created Object "ede1", 0x26a95790
Created Object "ede1g", 0x26a95cd0
Created Object "ede2", 0x26a96280
Created Object "ede12", 0x26a96830
Created Object "xde1", 0x26a96de0
Created Object "erftof", 0x26a97320
Created Object "erftofg", 0x26a97860
Created Object "sumehi", 0x26a97e10
, "sumehi"Created Object "tgppac", 0x26aabbd0
, "tgppac"Created Object "tgppacg", 0x26ad3280
, "tgppacg"Created Object "xehi1", 0x26afa930
Created Object "xehi1g", 0x26afae70
Created Object "de1ehi", 0x26afb420
Created Object "de1ehig", 0x26afb960
Created Object "ng", 0x26afbea0
, "ng"Created Object "ehiz1", 0x26b0fc60
, "ehiz1"Created Object "ehiz2", 0x26b23a20
, "ehiz2"Created Object "ehiz3", 0x26b37850
, "ehiz3"Created Object "ehiz4", 0x26b4b680
, "ehiz4"Created Object "ehiz5", 0x26b5f4b0
, "ehiz5"Created Object "gg_dt", 0x26b73270
, "gg_dt"Created Object "gg", 0x26b776a0
Created Object "gg_z1", 0x26b77c50
Created Object "gg_z2", 0x26b78200
Created Object "gg_z3", 0x26b787b0
Created Object "gg_z4", 0x26b78d60
Created Object "gg_z5", 0x26b792a0
we have define the following ROOT spectra:
Collection name='THashList', class='THashList', size=84
 TH1.Print Name  = dtbtev, Entries= 0, Total sum= 0
 TH1.Print Name  = T0, Entries= 0, Total sum= 0
 TH1.Print Name  = hitpat, Entries= 0, Total sum= 0
 TH1.Print Name  = numHitArray2, Entries= 0, Total sum= 0
 TH1.Print Name  = CCmult, Entries= 0, Total sum= 0
 TH1.Print Name  = CCsum, Entries= 0, Total sum= 0
 TH1.Print Name  = hit2, Entries= 0, Total sum= 0
 TH1.Print Name  = hit3, Entries= 0, Total sum= 0
 TH1.Print Name  = hit4, Entries= 0, Total sum= 0
 TH1.Print Name  = CCsum_nodop, Entries= 0, Total sum= 0
 TH1.Print Name  = CCadd, Entries= 0, Total sum= 0
 TH1.Print Name  = SEGadd_FPGA, Entries= 0, Total sum= 0
 TH1.Print Name  = SEGadd_PSA, Entries= 0, Total sum= 0
 TH1.Print Name  = SEGsum_FPGA, Entries= 0, Total sum= 0
 TH1.Print Name  = SEGsum_PSA, Entries= 0, Total sum= 0
 TH1.Print Name  = radius_all, Entries= 0, Total sum= 0
 TH1.Print Name  = rate_mode2_min, Entries= 0, Total sum= 0
 TH1.Print Name  = rate_mode2_sec, Entries= 0, Total sum= 0
 TH1.Print Name  = rate_mode2_intp, Entries= 0, Total sum= 0
 TH1.Print Name  = cdtbtev, Entries= 0, Total sum= 0
 TH1.Print Name  = evsr_all, Entries= 0, Total sum= 0
 TH1.Print Name  = SMAP_allhits, Entries= 0, Total sum= 0
 TH1.Print Name  = SMAP_allhits_sq, Entries= 0, Total sum= 0
 TH1.Print Name  = seghitpat, Entries= 0, Total sum= 0
 TH1.Print Name  = CCe, Entries= 0, Total sum= 0
 TH1.Print Name  = ggCC, Entries= 0, Total sum= 0
 TH1.Print Name  = z_plot, Entries= 0, Total sum= 0
 TH1.Print Name  = crystal_hit, Entries= 0, Total sum= 0
 TH1.Print Name  = SegE, Entries= 0, Total sum= 0
 TH1.Print Name  = crXcr, Entries= 0, Total sum= 0
 ******************************************************************************
*Tree    :tree      : tree                                                   *
*Entries :        0 : Total =            8461 bytes  File  Size =          0 *
*        :          : Tree compression factor =   1.00                       *
******************************************************************************
*Br    0 :runNumber : runNumber/I                                            *
*Entries :        0 : Total  Size=        501 bytes  One basket in memory    *
*Baskets :        0 : Basket Size=      32000 bytes  Compression=   1.00     *
*............................................................................*
*Br    1 :numHits   : numHits/I                                              *
*Entries :        0 : Total  Size=        493 bytes  One basket in memory    *
*Baskets :        0 : Basket Size=      32000 bytes  Compression=   1.00     *
*............................................................................*
*Br    2 :left      : left[numHits]/F                                        *
*Entries :        0 : Total  Size=        580 bytes  One basket in memory    *
*Baskets :        0 : Basket Size=      32000 bytes  Compression=   1.00     *
*............................................................................*
*Br    3 :right     : right[numHits]/F                                       *
*Entries :        0 : Total  Size=        584 bytes  One basket in memory    *
*Baskets :        0 : Basket Size=      32000 bytes  Compression=   1.00     *
*............................................................................*
*Br    4 :up        : up[numHits]/F                                          *
*Entries :        0 : Total  Size=        572 bytes  One basket in memory    *
*Baskets :        0 : Basket Size=      32000 bytes  Compression=   1.00     *
*............................................................................*
*Br    5 :down      : down[numHits]/F                                        *
*Entries :        0 : Total  Size=        580 bytes  One basket in memory    *
*Baskets :        0 : Basket Size=      32000 bytes  Compression=   1.00     *
*............................................................................*
*Br    6 :e1        : e1[numHits]/F                                          *
*Entries :        0 : Total  Size=        572 bytes  One basket in memory    *
*Baskets :        0 : Basket Size=      32000 bytes  Compression=   1.00     *
*............................................................................*
*Br    7 :e2        : e2[numHits]/F                                          *
*Entries :        0 : Total  Size=        572 bytes  One basket in memory    *
*Baskets :        0 : Basket Size=      32000 bytes  Compression=   1.00     *
*............................................................................*
*Br    8 :e3        : e3[numHits]/F                                          *
*Entries :        0 : Total  Size=        572 bytes  One basket in memory    *
*Baskets :        0 : Basket Size=      32000 bytes  Compression=   1.00     *
*............................................................................*
*Br    9 :tac       : tac[numHits]/F                                         *
*Entries :        0 : Total  Size=        576 bytes  One basket in memory    *
*Baskets :        0 : Basket Size=      32000 bytes  Compression=   1.00     *
*............................................................................*
*Br   10 :fmaDeltaTime : fmaDeltaTime[numHits]/F                             *
*Entries :        0 : Total  Size=        612 bytes  One basket in memory    *
*Baskets :        0 : Basket Size=      32000 bytes  Compression=   1.00     *
*............................................................................*
*Br   11 :fmaMult   : fmaMult[10]/I                                          *
*Entries :        0 : Total  Size=        501 bytes  One basket in memory    *
*Baskets :        0 : Basket Size=      32000 bytes  Compression=   1.00     *
*............................................................................*
*Br   12 :gammaMult : gammaMult/I                                            *
*Entries :        0 : Total  Size=        501 bytes  One basket in memory    *
*Baskets :        0 : Basket Size=      32000 bytes  Compression=   1.00     *
*............................................................................*
*Br   13 :gammaEnergy : gammaEnergy[gammaMult]/F                             *
*Entries :        0 : Total  Size=        616 bytes  One basket in memory    *
*Baskets :        0 : Basket Size=      32000 bytes  Compression=   1.00     *
*............................................................................*
*Br   14 :gammaTimestamp : gammaTimestamp[gammaMult]/F                       *
*Entries :        0 : Total  Size=        628 bytes  One basket in memory    *
*Baskets :        0 : Basket Size=      32000 bytes  Compression=   1.00     *
*............................................................................*
*Br   15 :deltaTime : deltaTime[gammaMult]/F                                 *
*Entries :        0 : Total  Size=        608 bytes  One basket in memory    *
*Baskets :        0 : Basket Size=      32000 bytes  Compression=   1.00     *
*............................................................................*
 TH1.Print Name  = eCC_a, Entries= 0, Total sum= 0
 TH1.Print Name  = eCC_b, Entries= 0, Total sum= 0
 TH1.Print Name  = eCC_c, Entries= 0, Total sum= 0
 TH1.Print Name  = eCC_d, Entries= 0, Total sum= 0
 TH1.Print Name  = eSeg, Entries= 0, Total sum= 0
 TH1.Print Name  = mode3_hitpat, Entries= 0, Total sum= 0
 TH1.Print Name  = mode3_hitpat_chan, Entries= 0, Total sum= 0
 TH1.Print Name  = chan0, Entries= 0, Total sum= 0
 TH1.Print Name  = module, Entries= 0, Total sum= 0
 TH1.Print Name  = chan, Entries= 0, Total sum= 0
 TH1.Print Name  = l, Entries= 0, Total sum= 0
 TH1.Print Name  = r, Entries= 0, Total sum= 0
 TH1.Print Name  = up, Entries= 0, Total sum= 0
 TH1.Print Name  = down, Entries= 0, Total sum= 0
 TH1.Print Name  = sumlr, Entries= 0, Total sum= 0
 TH1.Print Name  = sumud, Entries= 0, Total sum= 0
 TH1.Print Name  = x, Entries= 0, Total sum= 0
 TH1.Print Name  = y, Entries= 0, Total sum= 0
 TH1.Print Name  = de1, Entries= 0, Total sum= 0
 TH1.Print Name  = de2, Entries= 0, Total sum= 0
 TH1.Print Name  = de3, Entries= 0, Total sum= 0
 TH1.Print Name  = de12, Entries= 0, Total sum= 0
 TH1.Print Name  = etot, Entries= 0, Total sum= 0
 TH1.Print Name  = rftof, Entries= 0, Total sum= 0
 TH1.Print Name  = lr, Entries= 0, Total sum= 0
 TH1.Print Name  = ud, Entries= 0, Total sum= 0
 TH1.Print Name  = ede1, Entries= 0, Total sum= 0
 TH1.Print Name  = ede1g, Entries= 0, Total sum= 0
 TH1.Print Name  = ede2, Entries= 0, Total sum= 0
 TH1.Print Name  = ede12, Entries= 0, Total sum= 0
 TH1.Print Name  = xde1, Entries= 0, Total sum= 0
 TH1.Print Name  = erftof, Entries= 0, Total sum= 0
 TH1.Print Name  = erftofg, Entries= 0, Total sum= 0
 TH1.Print Name  = sumehi, Entries= 0, Total sum= 0
 TH1.Print Name  = tgppac, Entries= 0, Total sum= 0
 TH1.Print Name  = tgppacg, Entries= 0, Total sum= 0
 TH1.Print Name  = xehi1, Entries= 0, Total sum= 0
 TH1.Print Name  = xehi1g, Entries= 0, Total sum= 0
 TH1.Print Name  = de1ehi, Entries= 0, Total sum= 0
 TH1.Print Name  = de1ehig, Entries= 0, Total sum= 0
 TH1.Print Name  = ng, Entries= 0, Total sum= 0
 TH1.Print Name  = ehiz1, Entries= 0, Total sum= 0
 TH1.Print Name  = ehiz2, Entries= 0, Total sum= 0
 TH1.Print Name  = ehiz3, Entries= 0, Total sum= 0
 TH1.Print Name  = ehiz4, Entries= 0, Total sum= 0
 TH1.Print Name  = ehiz5, Entries= 0, Total sum= 0
 TH1.Print Name  = gg_dt, Entries= 0, Total sum= 0
 TH1.Print Name  = gg, Entries= 0, Total sum= 0
 TH1.Print Name  = gg_z1, Entries= 0, Total sum= 0
 TH1.Print Name  = gg_z2, Entries= 0, Total sum= 0
 TH1.Print Name  = gg_z3, Entries= 0, Total sum= 0
 TH1.Print Name  = gg_z4, Entries= 0, Total sum= 0
 TH1.Print Name  = gg_z5, Entries= 0, Total sum= 0
GRETINA detector angles
mod  1, crystal 0 [  4]: ( 10.07   3.58  15.10) pol   35.30 ,  azi   13.35; pol   35.30 ,  azi   19.58; modCCdopfac[4] 1.0271
mod  1, crystal 1 [  5]: ( 10.11   9.19  12.47) pol   47.60 ,  azi   36.39; pol   47.60 ,  azi   42.30; modCCdopfac[5] 1.0222
mod  1, crystal 2 [  6]: (  5.44   7.69  15.92) pol   30.60 ,  azi   25.77; pol   30.60 ,  azi   54.72; modCCdopfac[6] 1.0287
mod  1, crystal 3 [  7]: (  4.99   1.78  17.72) pol   16.65 ,  azi    5.72; pol   16.65 ,  azi   19.58; modCCdopfac[7] 1.0321
mod  2, crystal 0 [  8]: ( -0.29  10.69  15.10) pol   35.30 ,  azi   35.29; pol   35.30 ,  azi   91.58; modCCdopfac[8] 1.0271
mod  2, crystal 1 [  9]: ( -5.62  12.45  12.47) pol   47.60 ,  azi   44.95; pol   47.60 ,  azi  114.30; modCCdopfac[9] 1.0222
mod  2, crystal 2 [ 10]: ( -5.63   7.55  15.92) pol   30.60 ,  azi   25.36; pol   30.60 ,  azi  126.72; modCCdopfac[10] 1.0287
mod  2, crystal 3 [ 11]: ( -0.15   5.30  17.72) pol   16.65 ,  azi   16.64; pol   16.65 ,  azi   91.58; modCCdopfac[11] 1.0321
mod  3, crystal 0 [ 12]: (-10.25   3.02  15.10) pol   35.30 ,  azi   11.32; pol   35.30 ,  azi  163.58; modCCdopfac[12] 1.0271
mod  3, crystal 1 [ 13]: (-13.58  -1.50  12.47) pol   47.60 ,  azi   -6.85; pol   47.60 ,  azi -173.70; modCCdopfac[13] 1.0222
mod  3, crystal 2 [ 14]: ( -8.92  -3.02  15.92) pol   30.60 ,  azi  -10.75; pol   30.60 ,  azi -161.28; modCCdopfac[14] 1.0287
mod  3, crystal 3 [ 15]: ( -5.08   1.50  17.72) pol   16.65 ,  azi    4.83; pol   16.65 ,  azi  163.58; modCCdopfac[15] 1.0321
mod  4, crystal 0 [ 16]: ( -6.04  -8.82  15.10) pol   35.30 ,  azi  -30.29; pol   35.30 ,  azi -124.42; modCCdopfac[16] 1.0271
mod  4, crystal 1 [ 17]: ( -2.77 -13.38  12.47) pol   47.60 ,  azi  -47.00; pol   47.60 ,  azi -101.70; modCCdopfac[17] 1.0222
mod  4, crystal 2 [ 18]: (  0.12  -9.42  15.92) pol   30.60 ,  azi  -30.60; pol   30.60 ,  azi  -89.28; modCCdopfac[18] 1.0287
mod  4, crystal 3 [ 19]: ( -3.00  -4.37  17.72) pol   16.65 ,  azi  -13.86; pol   16.65 ,  azi -124.42; modCCdopfac[19] 1.0321
mod  5, crystal 0 [ 20]: (  6.52  -8.47  15.10) pol   35.30 ,  azi  -29.30; pol   35.30 ,  azi  -52.42; modCCdopfac[20] 1.0271
mod  5, crystal 1 [ 21]: ( 11.87  -6.77  12.47) pol   47.60 ,  azi  -28.49; pol   47.60 ,  azi  -29.70; modCCdopfac[21] 1.0222
mod  5, crystal 2 [ 22]: (  8.99  -2.80  15.92) pol   30.60 ,  azi   -9.96; pol   30.60 ,  azi  -17.28; modCCdopfac[22] 1.0287
mod  5, crystal 3 [ 23]: (  3.23  -4.20  17.72) pol   16.65 ,  azi  -13.33; pol   16.65 ,  azi  -52.42; modCCdopfac[23] 1.0321
mod  6, crystal 0 [ 24]: (  4.54  16.51   7.02) pol   67.71 ,  azi   66.97; pol   67.71 ,  azi   74.63; modCCdopfac[24] 1.0121
mod  6, crystal 1 [ 25]: ( -0.33  15.15  10.61) pol   55.02 ,  azi   55.01; pol   55.02 ,  azi   91.23; modCCdopfac[25] 1.0187
mod  6, crystal 2 [ 26]: (  5.05  13.00  12.16) pol   48.92 ,  azi   46.92; pol   48.92 ,  azi   68.77; modCCdopfac[26] 1.0216
mod  6, crystal 3 [ 27]: (  9.66  13.57   8.06) pol   64.18 ,  azi   59.29; pol   64.18 ,  azi   54.55; modCCdopfac[27] 1.0140
mod  7, crystal 0 [ 28]: (-14.30   9.42   7.02) pol   67.71 ,  azi   53.31; pol   67.71 ,  azi  146.63; modCCdopfac[28] 1.0121
mod  7, crystal 1 [ 29]: (-14.51   4.37  10.61) pol   55.02 ,  azi   22.40; pol   55.02 ,  azi  163.23; modCCdopfac[29] 1.0187
mod  7, crystal 2 [ 30]: (-10.80   8.82  12.16) pol   48.92 ,  azi   35.96; pol   48.92 ,  azi  140.77; modCCdopfac[30] 1.0216
mod  7, crystal 3 [ 31]: ( -9.92  13.38   8.06) pol   64.18 ,  azi   58.94; pol   64.18 ,  azi  126.55; modCCdopfac[31] 1.0140
mod  8, crystal 0 [ 32]: (-13.37 -10.69   7.02) pol   67.71 ,  azi  -56.71; pol   67.71 ,  azi -141.37; modCCdopfac[32] 1.0121
mod  8, crystal 1 [ 33]: ( -8.64 -12.45  10.61) pol   55.02 ,  azi  -49.58; pol   55.02 ,  azi -124.77; modCCdopfac[33] 1.0187
mod  8, crystal 2 [ 34]: (-11.73  -7.55  12.16) pol   48.92 ,  azi  -31.84; pol   48.92 ,  azi -147.23; modCCdopfac[34] 1.0216
mod  8, crystal 3 [ 35]: (-15.79  -5.30   8.06) pol   64.18 ,  azi  -33.33; pol   64.18 ,  azi -161.45; modCCdopfac[35] 1.0140
mod  9, crystal 0 [ 36]: (  6.03 -16.02   7.02) pol   67.71 ,  azi  -66.35; pol   67.71 ,  azi  -69.37; modCCdopfac[36] 1.0121
mod  9, crystal 1 [ 37]: (  9.17 -12.07  10.61) pol   55.02 ,  azi  -48.69; pol   55.02 ,  azi  -52.77; modCCdopfac[37] 1.0187
mod  9, crystal 2 [ 38]: (  3.56 -13.48  12.16) pol   48.92 ,  azi  -47.96; pol   48.92 ,  azi  -75.23; modCCdopfac[38] 1.0216
mod  9, crystal 3 [ 39]: (  0.16 -16.65   8.06) pol   64.18 ,  azi  -64.18; pol   64.18 ,  azi  -89.45; modCCdopfac[39] 1.0140
mod 10, crystal 0 [ 40]: ( 17.10   0.79   7.02) pol   67.71 ,  azi    6.39; pol   67.71 ,  azi    2.63; modCCdopfac[40] 1.0121
mod 10, crystal 1 [ 41]: ( 14.31   4.99  10.61) pol   55.02 ,  azi   25.21; pol   55.02 ,  azi   19.23; modCCdopfac[41] 1.0187
mod 10, crystal 2 [ 42]: ( 13.92  -0.79  12.16) pol   48.92 ,  azi   -3.70; pol   48.92 ,  azi   -3.23; modCCdopfac[42] 1.0216
mod 10, crystal 3 [ 43]: ( 15.89  -4.99   8.06) pol   64.18 ,  azi  -31.79; pol   64.18 ,  azi  -17.45; modCCdopfac[43] 1.0140
mod 11, crystal 0 [ 44]: ( 18.26   2.80   0.92) pol   87.15 ,  azi   71.78; pol   87.15 ,  azi    8.71; modCCdopfac[44] 1.0011
mod 11, crystal 1 [ 45]: ( 17.30   4.20  -5.04) pol  105.79 ,  azi  140.16; pol  105.79 ,  azi   13.65; modCCdopfac[45] 0.9906
mod 11, crystal 2 [ 46]: ( 16.42   8.47  -0.92) pol   92.85 ,  azi   96.20; pol   92.85 ,  azi   27.29; modCCdopfac[46] 0.9978
mod 11, crystal 3 [ 47]: ( 16.46   6.77   5.04) pol   74.21 ,  azi   53.36; pol   74.21 ,  azi   22.35; modCCdopfac[47] 1.0085
mod 12, crystal 0 [ 48]: ( 12.46  13.48  -2.26) pol   97.01 ,  azi   99.50; pol   97.01 ,  azi   47.25; modCCdopfac[48] 0.9954
mod 12, crystal 1 [ 49]: (  7.28  16.65  -3.46) pol  100.78 ,  azi  101.74; pol  100.78 ,  azi   66.39; modCCdopfac[49] 0.9933
mod 12, crystal 2 [ 50]: (  8.97  16.02   2.26) pol   82.99 ,  azi   81.98; pol   82.99 ,  azi   60.75; modCCdopfac[50] 1.0035
mod 12, crystal 3 [ 51]: ( 13.59  12.07   3.46) pol   79.22 ,  azi   74.00; pol   79.22 ,  azi   41.61; modCCdopfac[51] 1.0057
mod 13, crystal 0 [ 52]: (  2.98  18.23   0.92) pol   87.15 ,  azi   87.11; pol   87.15 ,  azi   80.71; modCCdopfac[52] 1.0011
mod 13, crystal 1 [ 53]: (  1.35  17.75  -5.04) pol  105.79 ,  azi  105.84; pol  105.79 ,  azi   85.65; modCCdopfac[53] 0.9906
mod 13, crystal 2 [ 54]: ( -2.98  18.23  -0.92) pol   92.85 ,  azi   92.89; pol   92.85 ,  azi   99.29; modCCdopfac[54] 0.9978
mod 13, crystal 3 [ 55]: ( -1.35  17.75   5.04) pol   74.21 ,  azi   74.16; pol   74.21 ,  azi   94.35; modCCdopfac[55] 1.0085
mod 14, crystal 0 [ 56]: ( -8.97  16.02  -2.26) pol   97.01 ,  azi   98.02; pol   97.01 ,  azi  119.25; modCCdopfac[56] 0.9954
mod 14, crystal 1 [ 57]: (-13.59  12.07  -3.46) pol  100.78 ,  azi  106.00; pol  100.78 ,  azi  138.39; modCCdopfac[57] 0.9933
mod 14, crystal 2 [ 58]: (-12.46  13.48   2.26) pol   82.99 ,  azi   80.50; pol   82.99 ,  azi  132.75; modCCdopfac[58] 1.0035
mod 14, crystal 3 [ 59]: ( -7.28  16.65   3.46) pol   79.22 ,  azi   78.26; pol   79.22 ,  azi  113.61; modCCdopfac[59] 1.0057
mod 15, crystal 0 [ 60]: (-16.42   8.47   0.92) pol   87.15 ,  azi   83.80; pol   87.15 ,  azi  152.71; modCCdopfac[60] 1.0011
mod 15, crystal 1 [ 61]: (-16.46   6.77  -5.04) pol  105.79 ,  azi  126.64; pol  105.79 ,  azi  157.65; modCCdopfac[61] 0.9906
mod 15, crystal 2 [ 62]: (-18.26   2.80  -0.92) pol   92.85 ,  azi  108.22; pol   92.85 ,  azi  171.29; modCCdopfac[62] 0.9978
mod 15, crystal 3 [ 63]: (-17.30   4.20   5.04) pol   74.21 ,  azi   39.84; pol   74.21 ,  azi  166.35; modCCdopfac[63] 1.0085
mod 16, crystal 0 [ 64]: (-18.01  -3.58  -2.26) pol   97.01 ,  azi -122.21; pol   97.01 ,  azi -168.75; modCCdopfac[64] 0.9954
mod 16, crystal 1 [ 65]: (-15.68  -9.19  -3.46) pol  100.78 ,  azi -110.62; pol  100.78 ,  azi -149.61; modCCdopfac[65] 0.9933
mod 16, crystal 2 [ 66]: (-16.68  -7.69   2.26) pol   82.99 ,  azi  -73.64; pol   82.99 ,  azi -155.25; modCCdopfac[66] 1.0035
mod 16, crystal 3 [ 67]: (-18.09  -1.78   3.46) pol   79.22 ,  azi  -27.18; pol   79.22 ,  azi -174.39; modCCdopfac[67] 1.0057
mod 17, crystal 0 [ 68]: (-13.13 -13.00   0.92) pol   87.15 ,  azi  -85.95; pol   87.15 ,  azi -135.29; modCCdopfac[68] 1.0011
mod 17, crystal 1 [ 69]: (-11.53 -13.57  -5.04) pol  105.79 ,  azi -110.36; pol  105.79 ,  azi -130.35; modCCdopfac[69] 0.9906
mod 17, crystal 2 [ 70]: ( -8.30 -16.51  -0.92) pol   92.85 ,  azi  -93.19; pol   92.85 ,  azi -116.71; modCCdopfac[70] 0.9978
mod 17, crystal 3 [ 71]: ( -9.34 -15.15   5.04) pol   74.21 ,  azi  -71.62; pol   74.21 ,  azi -121.65; modCCdopfac[71] 1.0085
mod 18, crystal 0 [ 72]: ( -2.16 -18.23  -2.26) pol   97.01 ,  azi  -97.05; pol   97.01 ,  azi  -96.75; modCCdopfac[72] 0.9954
mod 18, crystal 1 [ 73]: (  3.90 -17.75  -3.46) pol  100.78 ,  azi -101.03; pol  100.78 ,  azi  -77.61; modCCdopfac[73] 0.9933
mod 18, crystal 2 [ 74]: (  2.16 -18.23   2.26) pol   82.99 ,  azi  -82.95; pol   82.99 ,  azi  -83.25; modCCdopfac[74] 1.0035
mod 18, crystal 3 [ 75]: ( -3.90 -17.75   3.46) pol   79.22 ,  azi  -78.97; pol   79.22 ,  azi -102.39; modCCdopfac[75] 1.0057
mod 19, crystal 0 [ 76]: (  8.30 -16.51   0.92) pol   87.15 ,  azi  -86.81; pol   87.15 ,  azi  -63.29; modCCdopfac[76] 1.0011
mod 19, crystal 1 [ 77]: (  9.34 -15.15  -5.04) pol  105.79 ,  azi -108.38; pol  105.79 ,  azi  -58.35; modCCdopfac[77] 0.9906
mod 19, crystal 2 [ 78]: ( 13.13 -13.00  -0.92) pol   92.85 ,  azi  -94.05; pol   92.85 ,  azi  -44.71; modCCdopfac[78] 0.9978
mod 19, crystal 3 [ 79]: ( 11.53 -13.57   5.04) pol   74.21 ,  azi  -69.64; pol   74.21 ,  azi  -49.65; modCCdopfac[79] 1.0085
mod 20, crystal 0 [ 80]: ( 16.68  -7.69  -2.26) pol   97.01 ,  azi -106.36; pol   97.01 ,  azi  -24.75; modCCdopfac[80] 0.9954
mod 20, crystal 1 [ 81]: ( 18.09  -1.78  -3.46) pol  100.78 ,  azi -152.82; pol  100.78 ,  azi   -5.61; modCCdopfac[81] 0.9933
mod 20, crystal 2 [ 82]: ( 18.01  -3.58   2.26) pol   82.99 ,  azi  -57.79; pol   82.99 ,  azi  -11.25; modCCdopfac[82] 1.0035
mod 20, crystal 3 [ 83]: ( 15.68  -9.19   3.46) pol   79.22 ,  azi  -69.38; pol   79.22 ,  azi  -30.39; modCCdopfac[83] 1.0057
mod 21, crystal 0 [ 84]: ( 14.30   9.42  -7.02) pol  112.29 ,  azi  126.69; pol  112.29 ,  azi   33.37; modCCdopfac[84] 0.9871
mod 21, crystal 1 [ 85]: ( 14.51   4.37 -10.61) pol  124.98 ,  azi  157.60; pol  124.98 ,  azi   16.77; modCCdopfac[85] 0.9809
mod 21, crystal 2 [ 86]: ( 10.80   8.82 -12.16) pol  131.08 ,  azi  144.04; pol  131.08 ,  azi   39.23; modCCdopfac[86] 0.9782
mod 21, crystal 3 [ 87]: (  9.92  13.38  -8.06) pol  115.82 ,  azi  121.06; pol  115.82 ,  azi   53.45; modCCdopfac[87] 0.9853
mod 22, crystal 0 [ 88]: ( -4.54  16.51  -7.02) pol  112.29 ,  azi  113.03; pol  112.29 ,  azi  105.37; modCCdopfac[88] 0.9871
mod 22, crystal 1 [ 89]: (  0.33  15.15 -10.61) pol  124.98 ,  azi  124.99; pol  124.98 ,  azi   88.77; modCCdopfac[89] 0.9809
mod 22, crystal 2 [ 90]: ( -5.05  13.00 -12.16) pol  131.08 ,  azi  133.08; pol  131.08 ,  azi  111.23; modCCdopfac[90] 0.9782
mod 22, crystal 3 [ 91]: ( -9.66  13.57  -8.06) pol  115.82 ,  azi  120.71; pol  115.82 ,  azi  125.45; modCCdopfac[91] 0.9853
mod 23, crystal 0 [ 92]: (-17.10   0.79  -7.02) pol  112.29 ,  azi  173.61; pol  112.29 ,  azi  177.37; modCCdopfac[92] 0.9871
mod 23, crystal 1 [ 93]: (-14.31   4.99 -10.61) pol  124.98 ,  azi  154.79; pol  124.98 ,  azi  160.77; modCCdopfac[93] 0.9809
mod 23, crystal 2 [ 94]: (-13.92  -0.79 -12.16) pol  131.08 ,  azi -176.30; pol  131.08 ,  azi -176.77; modCCdopfac[94] 0.9782
mod 23, crystal 3 [ 95]: (-15.89  -4.99  -8.06) pol  115.82 ,  azi -148.21; pol  115.82 ,  azi -162.55; modCCdopfac[95] 0.9853
mod 24, crystal 0 [ 96]: ( -6.03 -16.02  -7.02) pol  112.29 ,  azi -113.65; pol  112.29 ,  azi -110.63; modCCdopfac[96] 0.9871
mod 24, crystal 1 [ 97]: ( -9.17 -12.07 -10.61) pol  124.98 ,  azi -131.31; pol  124.98 ,  azi -127.23; modCCdopfac[97] 0.9809
mod 24, crystal 2 [ 98]: ( -3.56 -13.48 -12.16) pol  131.08 ,  azi -132.04; pol  131.08 ,  azi -104.77; modCCdopfac[98] 0.9782
mod 24, crystal 3 [ 99]: ( -0.16 -16.65  -8.06) pol  115.82 ,  azi -115.82; pol  115.82 ,  azi  -90.55; modCCdopfac[99] 0.9853
mod 25, crystal 0 [100]: ( 13.37 -10.69  -7.02) pol  112.29 ,  azi -123.29; pol  112.29 ,  azi  -38.63; modCCdopfac[100] 0.9871
mod 25, crystal 1 [101]: (  8.64 -12.45 -10.61) pol  124.98 ,  azi -130.42; pol  124.98 ,  azi  -55.23; modCCdopfac[101] 0.9809
mod 25, crystal 2 [102]: ( 11.73  -7.55 -12.16) pol  131.08 ,  azi -148.16; pol  131.08 ,  azi  -32.77; modCCdopfac[102] 0.9782
mod 25, crystal 3 [103]: ( 15.79  -5.30  -8.06) pol  115.82 ,  azi -146.67; pol  115.82 ,  azi  -18.55; modCCdopfac[103] 0.9853
mod 26, crystal 0 [104]: (  0.29  10.69 -15.10) pol  144.70 ,  azi  144.71; pol  144.70 ,  azi   88.42; modCCdopfac[104] 0.9732
mod 26, crystal 1 [105]: (  5.62  12.45 -12.47) pol  132.40 ,  azi  135.05; pol  132.40 ,  azi   65.70; modCCdopfac[105] 0.9777
mod 26, crystal 2 [106]: (  5.63   7.55 -15.92) pol  149.40 ,  azi  154.64; pol  149.40 ,  azi   53.28; modCCdopfac[106] 0.9718
mod 26, crystal 3 [107]: (  0.15   5.30 -17.72) pol  163.35 ,  azi  163.36; pol  163.35 ,  azi   88.42; modCCdopfac[107] 0.9688
mod 27, crystal 0 [108]: (-10.07   3.58 -15.10) pol  144.70 ,  azi  166.65; pol  144.70 ,  azi  160.42; modCCdopfac[108] 0.9732
mod 27, crystal 1 [109]: (-10.11   9.19 -12.47) pol  132.40 ,  azi  143.61; pol  132.40 ,  azi  137.70; modCCdopfac[109] 0.9777
mod 27, crystal 2 [110]: ( -5.44   7.69 -15.92) pol  149.40 ,  azi  154.23; pol  149.40 ,  azi  125.28; modCCdopfac[110] 0.9718
mod 27, crystal 3 [111]: ( -4.99   1.78 -17.72) pol  163.35 ,  azi  174.28; pol  163.35 ,  azi  160.42; modCCdopfac[111] 0.9688
mod 28, crystal 0 [112]: ( -6.52  -8.47 -15.10) pol  144.70 ,  azi -150.70; pol  144.70 ,  azi -127.58; modCCdopfac[112] 0.9732
mod 28, crystal 1 [113]: (-11.87  -6.77 -12.47) pol  132.40 ,  azi -151.51; pol  132.40 ,  azi -150.30; modCCdopfac[113] 0.9777
mod 28, crystal 2 [114]: ( -8.99  -2.80 -15.92) pol  149.40 ,  azi -170.04; pol  149.40 ,  azi -162.72; modCCdopfac[114] 0.9718
mod 28, crystal 3 [115]: ( -3.23  -4.20 -17.72) pol  163.35 ,  azi -166.67; pol  163.35 ,  azi -127.58; modCCdopfac[115] 0.9688
mod 29, crystal 0 [116]: (  6.04  -8.82 -15.10) pol  144.70 ,  azi -149.71; pol  144.70 ,  azi  -55.58; modCCdopfac[116] 0.9732
mod 29, crystal 1 [117]: (  2.77 -13.38 -12.47) pol  132.40 ,  azi -133.00; pol  132.40 ,  azi  -78.30; modCCdopfac[117] 0.9777
mod 29, crystal 2 [118]: ( -0.12  -9.42 -15.92) pol  149.40 ,  azi -149.40; pol  149.40 ,  azi  -90.72; modCCdopfac[118] 0.9718
mod 29, crystal 3 [119]: (  3.00  -4.37 -17.72) pol  163.35 ,  azi -166.14; pol  163.35 ,  azi  -55.58; modCCdopfac[119] 0.9688
mod 30, crystal 0 [120]: ( 10.25   3.02 -15.10) pol  144.70 ,  azi  168.68; pol  144.70 ,  azi   16.42; modCCdopfac[120] 0.9732
mod 30, crystal 1 [121]: ( 13.58  -1.50 -12.47) pol  132.40 ,  azi -173.15; pol  132.40 ,  azi   -6.30; modCCdopfac[121] 0.9777
mod 30, crystal 2 [122]: (  8.92  -3.02 -15.92) pol  149.40 ,  azi -169.25; pol  149.40 ,  azi  -18.72; modCCdopfac[122] 0.9718
mod 30, crystal 3 [123]: (  5.08   1.50 -17.72) pol  163.35 ,  azi  175.17; pol  163.35 ,  azi   16.42; modCCdopfac[123] 0.9688
setup signal catcher
started sorting... from disk...

Pars.maxTS=4611686018427387904
got initial header, TS=908245102283 ID: 1 length: 464
read initial payload of siz=464 into event position 1
__ptgd[0]->type= 0; ptgd[0]->length=   0; ptgd[0]->timestamp=0
initial ii=1, nn=1
ev#     0 GEB_TYPE_DECOMP        464Bytes TS=908245194429 curTS=908245102283 dTS= 92146
t0=908245102283
first event: GEB_event.mult=1
   0/ 0: ( 1,GEB_TYPE_DECOMP      ) TS=        908245102283; dT=0
maxTS=9548245102283
that is 86400.0 seconds or 24h0m0s minutes of sorting
GEBGetEv returned st=0
we have read 960 bytes; CurEvNo=1

+++++++++++++++++++++++++++++++
*start event # 1 with multiplicity 1 looks like this:
 0>  1, GEB_TYPE_DECOMP      , TS=908245102283
entered bin_mode2: 1/10
ptinp->pad= 6, (ptinp->pad&0x000000ff)= 6
updated CCadd with    0.00
total number of hits in array: 0
exit bin_mode2
entered bin_mode3 @ event number: 1 
exit bin_mode3
*end of event # 1
+++++++++++++++++++++++++++++++
ev#     1 GEB_TYPE_DECOMP        464Bytes TS=908245346939 curTS=908245194429 dTS= 152510
GEBGetEv returned st=0
we have read 1440 bytes; CurEvNo=2

+++++++++++++++++++++++++++++++
*start event # 2 with multiplicity 1 looks like this:
 0>  1, GEB_TYPE_DECOMP      , TS=908245194429
entered bin_mode2: 2/10
ptinp->pad= 6, (ptinp->pad&0x000000ff)= 6
updated CCadd with    0.00
total number of hits in array: 0
exit bin_mode2
entered bin_mode3 @ event number: 2 
exit bin_mode3
*end of event # 2
+++++++++++++++++++++++++++++++
ev#     2 GEB_TYPE_DECOMP        464Bytes TS=908245519261 curTS=908245346939 dTS= 172322
GEBGetEv returned st=0
we have read 1920 bytes; CurEvNo=3

+++++++++++++++++++++++++++++++
*start event # 3 with multiplicity 1 looks like this:
 0>  1, GEB_TYPE_DECOMP      , TS=908245346939
entered bin_mode2: 3/10
ptinp->pad= 0, (ptinp->pad&0x000000ff)= 0
good pad value
mode2 data:  0>  1, GEB_TYPE_DECOMP      , TS=908245346939
number of hits: 1
* 0/1, is GEB_TYPE_DECOMP: num=1
__detno: 91, module: 22, crystalNumber: 3
CCenergies[0]=  94.29
* 0:    4.91,  30.56,  35.96 --> GT:  -11.48,  14.65, -12.30
updated CCadd with   94.29
total number of hits in array: 1
exit bin_mode2
entered bin_mode3 @ event number: 3 
exit bin_mode3
*end of event # 3
+++++++++++++++++++++++++++++++
ev#     3 GEB_TYPE_DECOMP        464Bytes TS=908245528943 curTS=908245519261 dTS= 9682
GEBGetEv returned st=0
we have read 2400 bytes; CurEvNo=4

+++++++++++++++++++++++++++++++
*start event # 4 with multiplicity 1 looks like this:
 0>  1, GEB_TYPE_DECOMP      , TS=908245519261
entered bin_mode2: 4/10
ptinp->pad= 6, (ptinp->pad&0x000000ff)= 6
updated CCadd with    0.00
total number of hits in array: 0
exit bin_mode2
entered bin_mode3 @ event number: 4 
exit bin_mode3
*end of event # 4
+++++++++++++++++++++++++++++++
ev#     4 GEB_TYPE_DECOMP        464Bytes TS=908245528949 curTS=908245528943 dTS= 6
ev#     4 GEB_TYPE_DECOMP        464Bytes TS=908245528955 curTS=908245528943 dTS= 12
ev#     4 GEB_TYPE_DECOMP        464Bytes TS=908245529375 curTS=908245528943 dTS= 432
GEBGetEv returned st=0
we have read 3840 bytes; CurEvNo=5

+++++++++++++++++++++++++++++++
*start event # 5 with multiplicity 3 looks like this:
 0>  1, GEB_TYPE_DECOMP      , TS=908245528943
 1>  1, GEB_TYPE_DECOMP      , TS=908245528949
 2>  1, GEB_TYPE_DECOMP      , TS=908245528955
entered bin_mode2: 5/10
ptinp->pad= 0, (ptinp->pad&0x000000ff)= 0
good pad value
mode2 data:  0>  1, GEB_TYPE_DECOMP      , TS=908245528943
number of hits: 3
* 0/3, is GEB_TYPE_DECOMP: num=3
__detno: 56, module: 14, crystalNumber: 0
CCenergies[0]=2244.83
* 0:   32.48,  -1.63,  21.46 --> GT:  -12.22,  16.95,  -0.32
* 1:   33.40,  -5.98,  18.78 --> GT:  -12.40,  16.51,  -0.52
* 2:  -21.83,  10.82,  18.05 --> GT:   -7.80,  18.62,  -3.28
ptinp->pad= 0, (ptinp->pad&0x000000ff)= 0
good pad value
mode2 data:  1>  1, GEB_TYPE_DECOMP      , TS=908245528949
number of hits: 2
* 1/3, is GEB_TYPE_DECOMP: num=2
__detno: 71, module: 17, crystalNumber: 3
CCenergies[1]= 360.55
* 0:   -5.85, -12.95,  37.77 --> GT:  -12.05, -17.46,   6.94
* 1:   -1.87,  -6.17,  34.18 --> GT:  -11.48, -17.59,   6.30
ptinp->pad= 6, (ptinp->pad&0x000000ff)= 6
updated CCadd with 2605.39
total number of hits in array: 5
exit bin_mode2
entered bin_mode3 @ event number: 5 
exit bin_mode3
*end of event # 5
+++++++++++++++++++++++++++++++
ev#     5 GEB_TYPE_DECOMP        464Bytes TS=908245529383 curTS=908245529375 dTS= 8
ev#     5 GEB_TYPE_GT_MOD29      440Bytes TS=908245654241 curTS=908245529375 dTS= 124866
GEBGetEv returned st=0
we have read 4776 bytes; CurEvNo=6

+++++++++++++++++++++++++++++++
*start event # 6 with multiplicity 2 looks like this:
 0>  1, GEB_TYPE_DECOMP      , TS=908245529375
 1>  1, GEB_TYPE_DECOMP      , TS=908245529383
entered bin_mode2: 6/10
ptinp->pad= 6, (ptinp->pad&0x000000ff)= 6
ptinp->pad= 0, (ptinp->pad&0x000000ff)= 0
good pad value
mode2 data:  1>  1, GEB_TYPE_DECOMP      , TS=908245529383
number of hits: 2
* 1/2, is GEB_TYPE_DECOMP: num=2
__detno: 62, module: 15, crystalNumber: 2
CCenergies[0]= 128.26
* 0:    2.32,  24.08,  39.39 --> GT:  -21.90,   4.29,  -3.35
* 1:   -0.06,   8.82,  40.49 --> GT:  -22.18,   3.65,  -1.97
updated CCadd with  128.26
total number of hits in array: 2
exit bin_mode2
entered bin_mode3 @ event number: 6 
exit bin_mode3
*end of event # 6
+++++++++++++++++++++++++++++++
ev#     6 GEB_TYPE_GT_MOD29      440Bytes TS=908245658525 curTS=908245654241 dTS= 4284
GEBGetEv returned st=0
we have read 5232 bytes; CurEvNo=7

+++++++++++++++++++++++++++++++
*start event # 7 with multiplicity 1 looks like this:
 0>  8, GEB_TYPE_GT_MOD29    , TS=908245654241
entered bin_mode2: 7/10
updated CCadd with    0.00
total number of hits in array: 0
exit bin_mode2
entered bin_mode3 @ event number: 7 

bin_mode3:  0>  8, GEB_TYPE_GT_MOD29    , TS=908245654241, 0xd377a8dae1; payload length: 440 bytes

---------
new GTheader at pos=0 or 0 words (8):
Event.hdr[ 0]=0x1f34,   7988
Event.hdr[ 1]=0x300a,  12298
Event.hdr[ 2]=0xdae1,  56033
Event.hdr[ 3]=0x77a8,  30632
Event.hdr[ 4]=0x00d3,    211
Event.hdr[ 5]=0x0051,     81
Event.hdr[ 6]=0x0e00,   3584
Event.hdr[ 7]=0x0000,      0
Event.hdr[ 8]=0x4237,  16951
Event.hdr[ 9]=0x0014,     20
Event.hdr[10]=0x3400,  13312
Event.hdr[11]=0x0000,      0
Event.hdr[12]=0x0064,    100
Event.hdr[13]=0x0000,      0
Event.len=  44, Event.traceLen=  12 (in Bytes)
Event.len=  22, Event.traceLen=   6 (in 16 bit words)
Event.len=  11, Event.traceLen=   3 (in 32 bit words)
next start: 0xaaaaaaaa, pos= 44
0x1f34 module_id = 31 crystal_id = 0 digitizer_id = 3 chan_id = 4 ge_id = 124 channel = 34  -> is segment
open superpulse_007_00_01.xy at Event.chan_id = 4
open CCpulse_007_00_01.xy at Event.chan_id = 4
ncrystal=1
wrote trace to CCpulse_007_00_01.xy
two's comp tempE  ::         81         81 0x00000051 |0000|0000|0000|0000|0000|0000|0101|0001|
rawE              ::         81         81 0x00000051 |0000|0000|0000|0000|0000|0000|0101|0001|
rawE (sign change)::         81         81 0x00000051 |0000|0000|0000|0000|0000|0000|0101|0001|
Event.ehi=               2 0x00000002
Event.ehi=0 (gain changed)
Event.LEDts =         908245654241
Event.CFDts =         249111969804

---------
new GTheader at pos=44 or 22 words (30):
Event.hdr[ 0]=0x1f35,   7989
Event.hdr[ 1]=0x300a,  12298
Event.hdr[ 2]=0xdae1,  56033
Event.hdr[ 3]=0x77a8,  30632
Event.hdr[ 4]=0x00d3,    211
Event.hdr[ 5]=0xfaa0,  64160
Event.hdr[ 6]=0x4e08,  19976
Event.hdr[ 7]=0x0000,      0
Event.hdr[ 8]=0x4237,  16951
Event.hdr[ 9]=0xf905,  63749
Event.hdr[10]=0x3208,  12808
Event.hdr[11]=0x13e0,   5088
Event.hdr[12]=0xa340,  41792
Event.hdr[13]=0x0024,     36
Event.len=  44, Event.traceLen=  12 (in Bytes)
Event.len=  22, Event.traceLen=   6 (in 16 bit words)
Event.len=  11, Event.traceLen=   3 (in 32 bit words)
next start: 0xaaaaaaaa, pos= 88
0x1f35 module_id = 31 crystal_id = 0 digitizer_id = 3 chan_id = 5 ge_id = 124 channel = 35  -> is segment
ncrystal=1
wrote trace to CCpulse_007_00_01.xy
two's comp tempE  ::     588448     588448 0x0008faa0 |0000|0000|0000|1000|1111|1010|1010|0000|
rawE              ::     588448     588448 0x0008faa0 |0000|0000|0000|1000|1111|1010|1010|0000|
rawE (sign change)::     588448     588448 0x0008faa0 |0000|0000|0000|1000|1111|1010|1010|0000|
Event.ehi=           18389 0x000047d5
Event.ehi=1838 (gain changed)
Event.LEDts =         908245654241
Event.CFDts =      269075217186828

---------
new GTheader at pos=88 or 44 words (52):
Event.hdr[ 0]=0x1f36,   7990
Event.hdr[ 1]=0x300a,  12298
Event.hdr[ 2]=0xdae1,  56033
Event.hdr[ 3]=0x77a8,  30632
Event.hdr[ 4]=0x00d3,    211
Event.hdr[ 5]=0x4a52,  19026
Event.hdr[ 6]=0x0e03,   3587
Event.hdr[ 7]=0x0000,      0
Event.hdr[ 8]=0x4237,  16951
Event.hdr[ 9]=0xa0a1,  41121
Event.hdr[10]=0x4002,  16386
Event.hdr[11]=0xfffd,  65533
Event.hdr[12]=0x5267,  21095
Event.hdr[13]=0x001a,     26
Event.len=  44, Event.traceLen=  12 (in Bytes)
Event.len=  22, Event.traceLen=   6 (in 16 bit words)
Event.len=  11, Event.traceLen=   3 (in 32 bit words)
next start: 0xaaaaaaaa, pos= 132
0x1f36 module_id = 31 crystal_id = 0 digitizer_id = 3 chan_id = 6 ge_id = 124 channel = 36  -> is segment
ncrystal=1
wrote trace to CCpulse_007_00_01.xy
two's comp tempE  ::     215634     215634 0x00034a52 |0000|0000|0000|0011|0100|1010|0101|0010|
rawE              ::     215634     215634 0x00034a52 |0000|0000|0000|0011|0100|1010|0101|0010|
rawE (sign change)::     215634     215634 0x00034a52 |0000|0000|0000|0011|0100|1010|0101|0010|
Event.ehi=            6738 0x00001a52
Event.ehi=673 (gain changed)
Event.LEDts =         908245654241
Event.CFDts =      281397666054156

---------
new GTheader at pos=132 or 66 words (74):
Event.hdr[ 0]=0x1f37,   7991
Event.hdr[ 1]=0x300a,  12298
Event.hdr[ 2]=0xdae1,  56033
Event.hdr[ 3]=0x77a8,  30632
Event.hdr[ 4]=0x00d3,    211
Event.hdr[ 5]=0x18f4,   6388
Event.hdr[ 6]=0x0e01,   3585
Event.hdr[ 7]=0x0000,      0
Event.hdr[ 8]=0x4237,  16951
Event.hdr[ 9]=0xd208,  53768
Event.hdr[10]=0x2000,   8192
Event.hdr[11]=0xfff4,  65524
Event.hdr[12]=0x13ab,   5035
Event.hdr[13]=0x0012,     18
Event.len=  44, Event.traceLen=  12 (in Bytes)
Event.len=  22, Event.traceLen=   6 (in 16 bit words)
Event.len=  11, Event.traceLen=   3 (in 32 bit words)
next start: 0xaaaaaaaa, pos= 176
0x1f37 module_id = 31 crystal_id = 0 digitizer_id = 3 chan_id = 7 ge_id = 124 channel = 37  -> is segment
ncrystal=1
wrote trace to CCpulse_007_00_01.xy
two's comp tempE  ::      71924      71924 0x000118f4 |0000|0000|0000|0001|0001|1000|1111|0100|
rawE              ::      71924      71924 0x000118f4 |0000|0000|0000|0001|0001|1000|1111|0100|
rawE (sign change)::      71924      71924 0x000118f4 |0000|0000|0000|0001|0001|1000|1111|0100|
Event.ehi=            2247 0x000008c7
Event.ehi=224 (gain changed)
Event.LEDts =         908245654241
Event.CFDts =          21475360780

---------
new GTheader at pos=176 or 88 words (96):
Event.hdr[ 0]=0x1f38,   7992
Event.hdr[ 1]=0x300a,  12298
Event.hdr[ 2]=0xdae1,  56033
Event.hdr[ 3]=0x77a8,  30632
Event.hdr[ 4]=0x00d3,    211
Event.hdr[ 5]=0x8b31,  35633
Event.hdr[ 6]=0x1ff9,   8185
Event.hdr[ 7]=0x0000,      0
Event.hdr[ 8]=0x4237,  16951
Event.hdr[ 9]=0xe53c,  58684
Event.hdr[10]=0x7dfc,  32252
Event.hdr[11]=0xf997,  63895
Event.hdr[12]=0xbbef,  48111
Event.hdr[13]=0x07f2,   2034
Event.len=  44, Event.traceLen=  12 (in Bytes)
Event.len=  22, Event.traceLen=   6 (in 16 bit words)
Event.len=  11, Event.traceLen=   3 (in 32 bit words)
next start: 0xaaaaaaaa, pos= 220
0x1f38 module_id = 31 crystal_id = 0 digitizer_id = 3 chan_id = 8 ge_id = 124 channel = 38  -> is segment
ncrystal=1
wrote trace to CCpulse_007_00_01.xy
two's comp tempE  ::   16354097   16354097 0x00f98b31 |0000|0000|1111|1001|1000|1011|0011|0001|
rawE              :: 4294544177    -423119 0xfff98b31 |1111|1111|1111|1001|1000|1011|0011|0001|
rawE (sign change)::     423119     423119 0x000674cf |0000|0000|0000|0110|0111|0100|1100|1111|
Event.ehi=           13222 0x000033a6
Event.ehi=1322 (gain changed)
Event.LEDts =         908245654241
Event.CFDts =         313539428364

---------
new GTheader at pos=220 or 110 words (118):
Event.hdr[ 0]=0x1f39,   7993
Event.hdr[ 1]=0x300a,  12298
Event.hdr[ 2]=0xdae1,  56033
Event.hdr[ 3]=0x77a8,  30632
Event.hdr[ 4]=0x00d3,    211
Event.hdr[ 5]=0x03d3,    979
Event.hdr[ 6]=0x0e00,   3584
Event.hdr[ 7]=0x0000,      0
Event.hdr[ 8]=0x4237,  16951
Event.hdr[ 9]=0xf64f,  63055
Event.hdr[10]=0xbfff,  49151
Event.hdr[11]=0x1fac,   8108
Event.hdr[12]=0xcc40,  52288
Event.hdr[13]=0x07ff,   2047
Event.len=  44, Event.traceLen=  12 (in Bytes)
Event.len=  22, Event.traceLen=   6 (in 16 bit words)
Event.len=  11, Event.traceLen=   3 (in 32 bit words)
next start: 0xaaaaaaaa, pos= 264
0x1f39 module_id = 31 crystal_id = 0 digitizer_id = 3 chan_id = 9 ge_id = 124 channel = 39  -> is CC
ncrystal=1
wrote trace to CCpulse_007_00_01.xy
two's comp tempE  ::        979        979 0x000003d3 |0000|0000|0000|0000|0000|0011|1101|0011|
rawE              ::        979        979 0x000003d3 |0000|0000|0000|0000|0000|0011|1101|0011|
rawE (sign change)::        979        979 0x000003d3 |0000|0000|0000|0000|0000|0011|1101|0011|
Event.ehi=              30 0x0000001e
Event.ehi=3 (gain changed)
Event.LEDts =         908245654241
Event.CFDts =         150326083596

---------
new GTheader at pos=264 or 132 words (140):
Event.hdr[ 0]=0x1f30,   7984
Event.hdr[ 1]=0x300a,  12298
Event.hdr[ 2]=0xdae1,  56033
Event.hdr[ 3]=0x77a8,  30632
Event.hdr[ 4]=0x00d3,    211
Event.hdr[ 5]=0xde65,  56933
Event.hdr[ 6]=0x4e0a,  19978
Event.hdr[ 7]=0x0000,      0
Event.hdr[ 8]=0x4237,  16951
Event.hdr[ 9]=0xddb1,  56753
Event.hdr[10]=0x5c0a,  23562
Event.hdr[11]=0x15a5,   5541
Event.hdr[12]=0x8944,  35140
Event.hdr[13]=0x0029,     41
Event.len=  44, Event.traceLen=  12 (in Bytes)
Event.len=  22, Event.traceLen=   6 (in 16 bit words)
Event.len=  11, Event.traceLen=   3 (in 32 bit words)
next start: 0xaaaaaaaa, pos= 308
0x1f30 module_id = 31 crystal_id = 0 digitizer_id = 3 chan_id = 0 ge_id = 124 channel = 30  -> is segment
ncrystal=1
wrote trace to CCpulse_007_00_01.xy
two's comp tempE  ::     712293     712293 0x000ade65 |0000|0000|0000|1010|1101|1110|0110|0101|
rawE              ::     712293     712293 0x000ade65 |0000|0000|0000|1010|1101|1110|0110|0101|
rawE (sign change)::     712293     712293 0x000ade65 |0000|0000|0000|1010|1101|1110|0110|0101|
Event.ehi=           22259 0x000056f3
Event.ehi=2225 (gain changed)
Event.LEDts =         908245654241
Event.CFDts =      266648523636748

---------
new GTheader at pos=308 or 154 words (162):
Event.hdr[ 0]=0x1f31,   7985
Event.hdr[ 1]=0x300a,  12298
Event.hdr[ 2]=0xdae1,  56033
Event.hdr[ 3]=0x77a8,  30632
Event.hdr[ 4]=0x00d3,    211
Event.hdr[ 5]=0xe9b6,  59830
Event.hdr[ 6]=0x4e08,  19976
Event.hdr[ 7]=0x0000,      0
Event.hdr[ 8]=0x4237,  16951
Event.hdr[ 9]=0xe658,  58968
Event.hdr[10]=0x6008,  24584
Event.hdr[11]=0x0ff3,   4083
Event.hdr[12]=0xe268,  57960
Event.hdr[13]=0x0023,     35
Event.len=  44, Event.traceLen=  12 (in Bytes)
Event.len=  22, Event.traceLen=   6 (in 16 bit words)
Event.len=  11, Event.traceLen=   3 (in 32 bit words)
next start: 0xaaaaaaaa, pos= 352
0x1f31 module_id = 31 crystal_id = 0 digitizer_id = 3 chan_id = 1 ge_id = 124 channel = 31  -> is segment
ncrystal=1
wrote trace to CCpulse_007_00_01.xy
two's comp tempE  ::     584118     584118 0x0008e9b6 |0000|0000|0000|1000|1110|1001|1011|0110|
rawE              ::     584118     584118 0x0008e9b6 |0000|0000|0000|1000|1110|1001|1011|0110|
rawE (sign change)::     584118     584118 0x0008e9b6 |0000|0000|0000|1000|1110|1001|1011|0110|
Event.ehi=           18253 0x0000474d
Event.ehi=1825 (gain changed)
Event.LEDts =         908245654241
Event.CFDts =      270157565132812

---------
new GTheader at pos=352 or 176 words (184):
Event.hdr[ 0]=0x1f32,   7986
Event.hdr[ 1]=0x300a,  12298
Event.hdr[ 2]=0xdae1,  56033
Event.hdr[ 3]=0x77a8,  30632
Event.hdr[ 4]=0x00d3,    211
Event.hdr[ 5]=0x5b1c,  23324
Event.hdr[ 6]=0x0e00,   3584
Event.hdr[ 7]=0x0000,      0
Event.hdr[ 8]=0x4237,  16951
Event.hdr[ 9]=0x054c,   1356
Event.hdr[10]=0x9600,  38400
Event.hdr[11]=0xffd9,  65497
Event.hdr[12]=0x2a3f,  10815
Event.hdr[13]=0x001a,     26
Event.len=  44, Event.traceLen=  12 (in Bytes)
Event.len=  22, Event.traceLen=   6 (in 16 bit words)
Event.len=  11, Event.traceLen=   3 (in 32 bit words)
next start: 0xaaaaaaaa, pos= 396
0x1f32 module_id = 31 crystal_id = 0 digitizer_id = 3 chan_id = 2 ge_id = 124 channel = 32  -> is segment
ncrystal=1
wrote trace to CCpulse_007_00_01.xy
two's comp tempE  ::      23324      23324 0x00005b1c |0000|0000|0000|0000|0101|1011|0001|1100|
rawE              ::      23324      23324 0x00005b1c |0000|0000|0000|0000|0101|1011|0001|1100|
rawE (sign change)::      23324      23324 0x00005b1c |0000|0000|0000|0000|0101|1011|0001|1100|
Event.ehi=             728 0x000002d8
Event.ehi=72 (gain changed)
Event.LEDts =         908245654241
Event.CFDts =          85900853260

---------
new GTheader at pos=396 or 198 words (206):
Event.hdr[ 0]=0x1f33,   7987
Event.hdr[ 1]=0x300a,  12298
Event.hdr[ 2]=0xdae1,  56033
Event.hdr[ 3]=0x77a8,  30632
Event.hdr[ 4]=0x00d3,    211
Event.hdr[ 5]=0x488f,  18575
Event.hdr[ 6]=0x4e0c,  19980
Event.hdr[ 7]=0x0000,      0
Event.hdr[ 8]=0x4237,  16951
Event.hdr[ 9]=0x4844,  18500
Event.hdr[10]=0xfe0c,  65036
Event.hdr[11]=0x1899,   6297
Event.hdr[12]=0xee88,  61064
Event.hdr[13]=0x0033,     51
Event.len=  44, Event.traceLen=  12 (in Bytes)
Event.len=  22, Event.traceLen=   6 (in 16 bit words)
Event.len=  11, Event.traceLen=   3 (in 32 bit words)
0x1f33 module_id = 31 crystal_id = 0 digitizer_id = 3 chan_id = 3 ge_id = 124 channel = 33  -> is segment
ncrystal=1
wrote trace to CCpulse_007_00_01.xy
two's comp tempE  ::     805007     805007 0x000c488f |0000|0000|0000|1100|0100|1000|1000|1111|
rawE              ::     805007     805007 0x000c488f |0000|0000|0000|1100|0100|1000|1000|1111|
rawE (sign change)::     805007     805007 0x000c488f |0000|0000|0000|1100|0100|1000|1000|1111|
Event.ehi=           25156 0x00006244
Event.ehi=2515 (gain changed)
Event.LEDts =         908245654241
Event.CFDts =      264689988206604
exit bin_mode3
*end of event # 7
+++++++++++++++++++++++++++++++
ev#     7 GEB_TYPE_DECOMP        464Bytes TS=908245675449 curTS=908245658525 dTS= 16924
GEBGetEv returned st=0
we have read 5712 bytes; CurEvNo=8

+++++++++++++++++++++++++++++++
*start event # 8 with multiplicity 1 looks like this:
 0>  8, GEB_TYPE_GT_MOD29    , TS=908245658525
entered bin_mode2: 8/10
updated CCadd with    0.00
total number of hits in array: 0
exit bin_mode2
entered bin_mode3 @ event number: 8 

bin_mode3:  0>  8, GEB_TYPE_GT_MOD29    , TS=908245658525, 0xd377a8eb9d; payload length: 440 bytes

---------
new GTheader at pos=0 or 0 words (8):
Event.hdr[ 0]=0x1f38,   7992
Event.hdr[ 1]=0x300a,  12298
Event.hdr[ 2]=0xeb9d,  60317
Event.hdr[ 3]=0x77a8,  30632
Event.hdr[ 4]=0x00d3,    211
Event.hdr[ 5]=0x8876,  34934
Event.hdr[ 6]=0x1ff9,   8185
Event.hdr[ 7]=0x10bb,   4283
Event.hdr[ 8]=0x0000,      0
Event.hdr[ 9]=0xe360,  58208
Event.hdr[10]=0x79fc,  31228
Event.hdr[11]=0xf9ca,  63946
Event.hdr[12]=0x2efb,  12027
Event.hdr[13]=0x07f3,   2035
Event.len=  44, Event.traceLen=  12 (in Bytes)
Event.len=  22, Event.traceLen=   6 (in 16 bit words)
Event.len=  11, Event.traceLen=   3 (in 32 bit words)
next start: 0xaaaaaaaa, pos= 44
0x1f38 module_id = 31 crystal_id = 0 digitizer_id = 3 chan_id = 8 ge_id = 124 channel = 38  -> is segment
open superpulse_008_00_01.xy at Event.chan_id = 8
open CCpulse_008_00_01.xy at Event.chan_id = 8
ncrystal=1
wrote trace to CCpulse_008_00_01.xy
two's comp tempE  ::   16353398   16353398 0x00f98876 |0000|0000|1111|1001|1000|1000|0111|0110|
rawE              :: 4294543478    -423818 0xfff98876 |1111|1111|1111|1001|1000|1000|0111|0110|
rawE (sign change)::     423818     423818 0x0006778a |0000|0000|0000|0110|0111|0111|1000|1010|
Event.ehi=           13244 0x000033bc
Event.ehi=1324 (gain changed)
Event.LEDts =         908245658525
Event.CFDts =         335014461452

---------
new GTheader at pos=44 or 22 words (30):
Event.hdr[ 0]=0x1f39,   7993
Event.hdr[ 1]=0x300a,  12298
Event.hdr[ 2]=0xeb9d,  60317
Event.hdr[ 3]=0x77a8,  30632
Event.hdr[ 4]=0x00d3,    211
Event.hdr[ 5]=0x019a,    410
Event.hdr[ 6]=0x0e00,   3584
Event.hdr[ 7]=0x10bb,   4283
Event.hdr[ 8]=0x0000,      0
Event.hdr[ 9]=0xf53e,  62782
Event.hdr[10]=0x9fff,  40959
Event.hdr[11]=0xffec,  65516
Event.hdr[12]=0x597f,  22911
Event.hdr[13]=0x003f,     63
Event.len=  44, Event.traceLen=  12 (in Bytes)
Event.len=  22, Event.traceLen=   6 (in 16 bit words)
Event.len=  11, Event.traceLen=   3 (in 32 bit words)
next start: 0xaaaaaaaa, pos= 88
0x1f39 module_id = 31 crystal_id = 0 digitizer_id = 3 chan_id = 9 ge_id = 124 channel = 39  -> is CC
ncrystal=1
wrote trace to CCpulse_008_00_01.xy
two's comp tempE  ::        410        410 0x0000019a |0000|0000|0000|0000|0000|0001|1001|1010|
rawE              ::        410        410 0x0000019a |0000|0000|0000|0000|0000|0001|1001|1010|
rawE (sign change)::        410        410 0x0000019a |0000|0000|0000|0000|0000|0001|1001|1010|
Event.ehi=              12 0x0000000c
Event.ehi=1 (gain changed)
Event.LEDts =         908245658525
Event.CFDts =         154621378572

---------
new GTheader at pos=88 or 44 words (52):
Event.hdr[ 0]=0x1f30,   7984
Event.hdr[ 1]=0x300a,  12298
Event.hdr[ 2]=0xeb9d,  60317
Event.hdr[ 3]=0x77a8,  30632
Event.hdr[ 4]=0x00d3,    211
Event.hdr[ 5]=0x6c5a,  27738
Event.hdr[ 6]=0x4e0b,  19979
Event.hdr[ 7]=0x10bb,   4283
Event.hdr[ 8]=0x0000,      0
Event.hdr[ 9]=0x6c06,  27654
Event.hdr[10]=0x620b,  25099
Event.hdr[11]=0x15bb,   5563
Event.hdr[12]=0x4ab8,  19128
Event.hdr[13]=0x002b,     43
Event.len=  44, Event.traceLen=  12 (in Bytes)
Event.len=  22, Event.traceLen=   6 (in 16 bit words)
Event.len=  11, Event.traceLen=   3 (in 32 bit words)
next start: 0xaaaaaaaa, pos= 132
0x1f30 module_id = 31 crystal_id = 0 digitizer_id = 3 chan_id = 0 ge_id = 124 channel = 30  -> is segment
ncrystal=1
wrote trace to CCpulse_008_00_01.xy
two's comp tempE  ::     748634     748634 0x000b6c5a |0000|0000|0000|1011|0110|1100|0101|1010|
rawE              ::     748634     748634 0x000b6c5a |0000|0000|0000|1011|0110|1100|0101|1010|
rawE (sign change)::     748634     748634 0x000b6c5a |0000|0000|0000|1011|0110|1100|0101|1010|
Event.ehi=           23394 0x00005b62
Event.ehi=2339 (gain changed)
Event.LEDts =         908245658525
Event.CFDts =      265884007530508

---------
new GTheader at pos=132 or 66 words (74):
Event.hdr[ 0]=0x1f31,   7985
Event.hdr[ 1]=0x300a,  12298
Event.hdr[ 2]=0xeb9d,  60317
Event.hdr[ 3]=0x77a8,  30632
Event.hdr[ 4]=0x00d3,    211
Event.hdr[ 5]=0xd4d9,  54489
Event.hdr[ 6]=0x4e08,  19976
Event.hdr[ 7]=0x10bb,   4283
Event.hdr[ 8]=0x0000,      0
Event.hdr[ 9]=0xd0f1,  53489
Event.hdr[10]=0xb008,  45064
Event.hdr[11]=0x11cc,   4556
Event.hdr[12]=0xe6c0,  59072
Event.hdr[13]=0x001f,     31
Event.len=  44, Event.traceLen=  12 (in Bytes)
Event.len=  22, Event.traceLen=   6 (in 16 bit words)
Event.len=  11, Event.traceLen=   3 (in 32 bit words)
next start: 0xaaaaaaaa, pos= 176
0x1f31 module_id = 31 crystal_id = 0 digitizer_id = 3 chan_id = 1 ge_id = 124 channel = 31  -> is segment
ncrystal=1
wrote trace to CCpulse_008_00_01.xy
two's comp tempE  ::     578777     578777 0x0008d4d9 |0000|0000|0000|1000|1101|0100|1101|1001|
rawE              ::     578777     578777 0x0008d4d9 |0000|0000|0000|1000|1101|0100|1101|1001|
rawE (sign change)::     578777     578777 0x0008d4d9 |0000|0000|0000|1000|1101|0100|1101|1001|
Event.ehi=           18086 0x000046a6
Event.ehi=1808 (gain changed)
Event.LEDts =         908245658525
Event.CFDts =      270260646313996

---------
new GTheader at pos=176 or 88 words (96):
Event.hdr[ 0]=0x1f32,   7986
Event.hdr[ 1]=0x300a,  12298
Event.hdr[ 2]=0xeb9d,  60317
Event.hdr[ 3]=0x77a8,  30632
Event.hdr[ 4]=0x00d3,    211
Event.hdr[ 5]=0x2e01,  11777
Event.hdr[ 6]=0x0e00,   3584
Event.hdr[ 7]=0x10bb,   4283
Event.hdr[ 8]=0x0000,      0
Event.hdr[ 9]=0x235d,   9053
Event.hdr[10]=0x9800,  38912
Event.hdr[11]=0x000a,     10
Event.hdr[12]=0xb32c,  45868
Event.hdr[13]=0x07ff,   2047
Event.len=  44, Event.traceLen=  12 (in Bytes)
Event.len=  22, Event.traceLen=   6 (in 16 bit words)
Event.len=  11, Event.traceLen=   3 (in 32 bit words)
next start: 0xaaaaaaaa, pos= 220
0x1f32 module_id = 31 crystal_id = 0 digitizer_id = 3 chan_id = 2 ge_id = 124 channel = 32  -> is segment
ncrystal=1
wrote trace to CCpulse_008_00_01.xy
two's comp tempE  ::      11777      11777 0x00002e01 |0000|0000|0000|0000|0010|1110|0000|0001|
rawE              ::      11777      11777 0x00002e01 |0000|0000|0000|0000|0010|1110|0000|0001|
rawE (sign change)::      11777      11777 0x00002e01 |0000|0000|0000|0000|0010|1110|0000|0001|
Event.ehi=             368 0x00000170
Event.ehi=36 (gain changed)
Event.LEDts =         908245658525
Event.CFDts =           4295294988

---------
new GTheader at pos=220 or 110 words (118):
Event.hdr[ 0]=0x1f33,   7987
Event.hdr[ 1]=0x300a,  12298
Event.hdr[ 2]=0xeb9d,  60317
Event.hdr[ 3]=0x77a8,  30632
Event.hdr[ 4]=0x00d3,    211
Event.hdr[ 5]=0x4d8a,  19850
Event.hdr[ 6]=0x4e0b,  19979
Event.hdr[ 7]=0x10bb,   4283
Event.hdr[ 8]=0x0000,      0
Event.hdr[ 9]=0x4d27,  19751
Event.hdr[10]=0x880b,  34827
Event.hdr[11]=0x1890,   6288
Event.hdr[12]=0x33fc,  13308
Event.hdr[13]=0x0031,     49
Event.len=  44, Event.traceLen=  12 (in Bytes)
Event.len=  22, Event.traceLen=   6 (in 16 bit words)
Event.len=  11, Event.traceLen=   3 (in 32 bit words)
next start: 0xaaaaaaaa, pos= 264
0x1f33 module_id = 31 crystal_id = 0 digitizer_id = 3 chan_id = 3 ge_id = 124 channel = 33  -> is segment
ncrystal=1
wrote trace to CCpulse_008_00_01.xy
two's comp tempE  ::     740746     740746 0x000b4d8a |0000|0000|0000|1011|0100|1101|1000|1010|
rawE              ::     740746     740746 0x000b4d8a |0000|0000|0000|1011|0100|1101|1000|1010|
rawE (sign change)::     740746     740746 0x000b4d8a |0000|0000|0000|1011|0100|1101|1000|1010|
Event.ehi=           23148 0x00005a6c
Event.ehi=2314 (gain changed)
Event.LEDts =         908245658525
Event.CFDts =      266038628777996

---------
new GTheader at pos=264 or 132 words (140):
Event.hdr[ 0]=0x1f34,   7988
Event.hdr[ 1]=0x300a,  12298
Event.hdr[ 2]=0xeb9d,  60317
Event.hdr[ 3]=0x77a8,  30632
Event.hdr[ 4]=0x00d3,    211
Event.hdr[ 5]=0x000d,     13
Event.hdr[ 6]=0x0e00,   3584
Event.hdr[ 7]=0x10bb,   4283
Event.hdr[ 8]=0x0000,      0
Event.hdr[ 9]=0xffe4,  65508
Event.hdr[10]=0x29ff,  10751
Event.hdr[11]=0x0000,      0
Event.hdr[12]=0x0068,    104
Event.hdr[13]=0x0000,      0
Event.len=  44, Event.traceLen=  12 (in Bytes)
Event.len=  22, Event.traceLen=   6 (in 16 bit words)
Event.len=  11, Event.traceLen=   3 (in 32 bit words)
next start: 0xaaaaaaaa, pos= 308
0x1f34 module_id = 31 crystal_id = 0 digitizer_id = 3 chan_id = 4 ge_id = 124 channel = 34  -> is segment
ncrystal=1
wrote trace to CCpulse_008_00_01.xy
two's comp tempE  ::         13         13 0x0000000d |0000|0000|0000|0000|0000|0000|0000|1101|
rawE              ::         13         13 0x0000000d |0000|0000|0000|0000|0000|0000|0000|1101|
rawE (sign change)::         13         13 0x0000000d |0000|0000|0000|0000|0000|0000|0000|1101|
Event.ehi=               0 0x00000000
Event.ehi=0 (gain changed)
Event.LEDts =         908245658525
Event.CFDts =         244816871436

---------
new GTheader at pos=308 or 154 words (162):
Event.hdr[ 0]=0x1f35,   7989
Event.hdr[ 1]=0x300a,  12298
Event.hdr[ 2]=0xeb9d,  60317
Event.hdr[ 3]=0x77a8,  30632
Event.hdr[ 4]=0x00d3,    211
Event.hdr[ 5]=0x2c19,  11289
Event.hdr[ 6]=0x4e09,  19977
Event.hdr[ 7]=0x10bb,   4283
Event.hdr[ 8]=0x0000,      0
Event.hdr[ 9]=0x2b36,  11062
Event.hdr[10]=0x0a09,   2569
Event.hdr[11]=0x11f2,   4594
Event.hdr[12]=0xc064,  49252
Event.hdr[13]=0x0027,     39
Event.len=  44, Event.traceLen=  12 (in Bytes)
Event.len=  22, Event.traceLen=   6 (in 16 bit words)
Event.len=  11, Event.traceLen=   3 (in 32 bit words)
next start: 0xaaaaaaaa, pos= 352
0x1f35 module_id = 31 crystal_id = 0 digitizer_id = 3 chan_id = 5 ge_id = 124 channel = 35  -> is segment
ncrystal=1
wrote trace to CCpulse_008_00_01.xy
two's comp tempE  ::     601113     601113 0x00092c19 |0000|0000|0000|1001|0010|1100|0001|1001|
rawE              ::     601113     601113 0x00092c19 |0000|0000|0000|1001|0010|1100|0001|1001|
rawE (sign change)::     601113     601113 0x00092c19 |0000|0000|0000|1001|0010|1100|0001|1001|
Event.ehi=           18784 0x00004960
Event.ehi=1878 (gain changed)
Event.LEDts =         908245658525
Event.CFDts =      268821809790988

---------
new GTheader at pos=352 or 176 words (184):
Event.hdr[ 0]=0x1f36,   7990
Event.hdr[ 1]=0x300a,  12298
Event.hdr[ 2]=0xeb9d,  60317
Event.hdr[ 3]=0x77a8,  30632
Event.hdr[ 4]=0x00d3,    211
Event.hdr[ 5]=0x1fff,   8191
Event.hdr[ 6]=0x0e00,   3584
Event.hdr[ 7]=0x10bb,   4283
Event.hdr[ 8]=0x0000,      0
Event.hdr[ 9]=0x0da7,   3495
Event.hdr[10]=0x4200,  16896
Event.hdr[11]=0x0541,   1345
Event.hdr[12]=0xfa80,  64128
Event.hdr[13]=0x07ff,   2047
Event.len=  44, Event.traceLen=  12 (in Bytes)
Event.len=  22, Event.traceLen=   6 (in 16 bit words)
Event.len=  11, Event.traceLen=   3 (in 32 bit words)
next start: 0xaaaaaaaa, pos= 396
0x1f36 module_id = 31 crystal_id = 0 digitizer_id = 3 chan_id = 6 ge_id = 124 channel = 36  -> is segment
ncrystal=1
wrote trace to CCpulse_008_00_01.xy
two's comp tempE  ::       8191       8191 0x00001fff |0000|0000|0000|0000|0001|1111|1111|1111|
rawE              ::       8191       8191 0x00001fff |0000|0000|0000|0000|0001|1111|1111|1111|
rawE (sign change)::       8191       8191 0x00001fff |0000|0000|0000|0000|0001|1111|1111|1111|
Event.ehi=             255 0x000000ff
Event.ehi=25 (gain changed)
Event.LEDts =         908245658525
Event.CFDts =      281466386645004

---------
new GTheader at pos=396 or 198 words (206):
Event.hdr[ 0]=0x1f37,   7991
Event.hdr[ 1]=0x300a,  12298
Event.hdr[ 2]=0xeb9d,  60317
Event.hdr[ 3]=0x77a8,  30632
Event.hdr[ 4]=0x00d3,    211
Event.hdr[ 5]=0x130f,   4879
Event.hdr[ 6]=0x0e00,   3584
Event.hdr[ 7]=0x10bb,   4283
Event.hdr[ 8]=0x0000,      0
Event.hdr[ 9]=0xd797,  55191
Event.hdr[10]=0x11ff,   4607
Event.hdr[11]=0x01a4,    420
Event.hdr[12]=0xe840,  59456
Event.hdr[13]=0x07ff,   2047
Event.len=  44, Event.traceLen=  12 (in Bytes)
Event.len=  22, Event.traceLen=   6 (in 16 bit words)
Event.len=  11, Event.traceLen=   3 (in 32 bit words)
0x1f37 module_id = 31 crystal_id = 0 digitizer_id = 3 chan_id = 7 ge_id = 124 channel = 37  -> is segment
ncrystal=1
wrote trace to CCpulse_008_00_01.xy
two's comp tempE  ::       4879       4879 0x0000130f |0000|0000|0000|0000|0001|0011|0000|1111|
rawE              ::       4879       4879 0x0000130f |0000|0000|0000|0000|0001|0011|0000|1111|
rawE (sign change)::       4879       4879 0x0000130f |0000|0000|0000|0000|0001|0011|0000|1111|
Event.ehi=             152 0x00000098
Event.ehi=15 (gain changed)
Event.LEDts =         908245658525
Event.CFDts =           4295360524
exit bin_mode3
*end of event # 8
+++++++++++++++++++++++++++++++
ev#     8 GEB_TYPE_DECOMP        464Bytes TS=908245675759 curTS=908245675449 dTS= 310
GEBGetEv returned st=0
we have read 6192 bytes; CurEvNo=9

+++++++++++++++++++++++++++++++
*start event # 9 with multiplicity 1 looks like this:
 0>  1, GEB_TYPE_DECOMP      , TS=908245675449
entered bin_mode2: 9/10
ptinp->pad= 0, (ptinp->pad&0x000000ff)= 0
good pad value
mode2 data:  0>  1, GEB_TYPE_DECOMP      , TS=908245675449
number of hits: 1
* 0/1, is GEB_TYPE_DECOMP: num=1
__detno: 87, module: 21, crystalNumber: 3
CCenergies[0]= 135.76
* 0:   14.74,  11.15,   3.40 --> GT:   10.37,  12.54,  -9.68
updated CCadd with  135.76
total number of hits in array: 1
exit bin_mode2
entered bin_mode3 @ event number: 9 
exit bin_mode3
*end of event # 9
+++++++++++++++++++++++++++++++
ev#     9 GEB_TYPE_GT_MOD29      440Bytes TS=908245676037 curTS=908245675759 dTS= 278
GEBGetEv returned st=0
we have read 6648 bytes; CurEvNo=10

+++++++++++++++++++++++++++++++
*start event # 10 with multiplicity 1 looks like this:
 0>  1, GEB_TYPE_DECOMP      , TS=908245675759
entered bin_mode2: 10/10
ptinp->pad= 6, (ptinp->pad&0x000000ff)= 6
updated CCadd with    0.00
total number of hits in array: 0
exit bin_mode2
entered bin_mode3 @ event number: 10 
exit bin_mode3
*end of event # 10
+++++++++++++++++++++++++++++++
ev#    10 GEB_TYPE_DECOMP        464Bytes TS=908245682951 curTS=908245676037 dTS= 6914
ev# 50000 GEB_TYPE_DECOMP        464Bytes TS=908820612593 curTS=908820612021 dTS= 572
ev# 100000 GEB_TYPE_DECOMP        464Bytes TS=909639029131 curTS=909639029069 dTS= 62
ev# 100000 GEB_TYPE_DECOMP        464Bytes TS=909639029133 curTS=909639029069 dTS= 64
ev# 100000 GEB_TYPE_DECOMP        464Bytes TS=909639062337 curTS=909639029069 dTS= 33268
ev# 150000 GEB_TYPE_GT_MOD29      440Bytes TS=910187309377 curTS=910187309133 dTS= 244
ev# 200000 GEB_TYPE_DECOMP        464Bytes TS=910745639203 curTS=910745639155 dTS= 48
ev# 200000 GEB_TYPE_DECOMP        464Bytes TS=910745639305 curTS=910745639155 dTS= 150
ev# 250000 GEB_TYPE_DECOMP        464Bytes TS=911290883889 curTS=911290845415 dTS= 38474
ev# 300000 GEB_TYPE_GT_MOD29      440Bytes TS=911834357093 curTS=911834356947 dTS= 146
ev# 300000 GEB_TYPE_GT_MOD29      440Bytes TS=911834358517 curTS=911834356947 dTS= 1570
ev# 350000 GEB_TYPE_DECOMP        464Bytes TS=912385347473 curTS=912385347335 dTS= 138
ev# 350000 GEB_TYPE_DECOMP        464Bytes TS=912385354933 curTS=912385347335 dTS= 7598
ev# 400000 GEB_TYPE_DECOMP        464Bytes TS=912931738779 curTS=912931639377 dTS= 99402
ev# 450000 GEB_TYPE_DECOMP        464Bytes TS=913482907185 curTS=913482866377 dTS= 40808
ev# 500000 GEB_TYPE_DECOMP        464Bytes TS=914041710619 curTS=914041703069 dTS= 7550
ev# 550000 GEB_TYPE_DECOMP        464Bytes TS=914600395831 curTS=914600391139 dTS= 4692
ev# 600000 GEB_TYPE_DECOMP        464Bytes TS=915153829469 curTS=915153828897 dTS= 572
ev# 650000 GEB_TYPE_DECOMP        464Bytes TS=915752914977 curTS=915752914833 dTS= 144
ev# 650000 GEB_TYPE_GT_MOD29      440Bytes TS=915752915123 curTS=915752914833 dTS= 290
ev# 700000 GEB_TYPE_DECOMP        464Bytes TS=916345359007 curTS=916345358943 dTS= 64
ev# 700000 GEB_TYPE_DECOMP        464Bytes TS=916345359009 curTS=916345358943 dTS= 66
ev# 700000 GEB_TYPE_GT_MOD29      440Bytes TS=916345359391 curTS=916345358943 dTS= 448
ev# 750000 GEB_TYPE_DECOMP        464Bytes TS=916922006963 curTS=916922006961 dTS= 2
ev# 750000 GEB_TYPE_DECOMP        464Bytes TS=916922006963 curTS=916922006961 dTS= 2
ev# 750000 GEB_TYPE_DECOMP        464Bytes TS=916922006993 curTS=916922006961 dTS= 32
ev# 750000 GEB_TYPE_GT_MOD29      440Bytes TS=916922007315 curTS=916922006961 dTS= 354
ev# 800000 GEB_TYPE_DECOMP        464Bytes TS=917499357355 curTS=917499357153 dTS= 202
ev# 850000 GEB_TYPE_DECOMP        464Bytes TS=918081485627 curTS=918081481547 dTS= 4080
ev# 900000 GEB_TYPE_DECOMP        464Bytes TS=918674058013 curTS=918674045845 dTS= 12168
ev# 950000 GEB_TYPE_DECOMP        464Bytes TS=919245348969 curTS=919245348965 dTS= 4
ev# 950000 GEB_TYPE_DECOMP        464Bytes TS=919245349381 curTS=919245348965 dTS= 416

Sorting is done
attempting to save root or map file



mean observed polar and azimuth angles
for the detectors we saw (module,crystal)

------------------------------------------
mean pol/azi angle for detector  56 are   96.73/ 119.51
mean pol/azi angle for detector  57 are  100.39/ 138.24
mean pol/azi angle for detector  58 are   83.40/ 132.65
mean pol/azi angle for detector  59 are   79.60/ 114.08
mean pol/azi angle for detector  60 are   87.42/ 152.62
mean pol/azi angle for detector  61 are  105.25/ 157.70
mean pol/azi angle for detector  62 are   93.17/ 168.28
mean pol/azi angle for detector  63 are   73.84/ 165.98
mean pol/azi angle for detector  68 are   87.18/-134.97
mean pol/azi angle for detector  69 are  105.30/-129.97
mean pol/azi angle for detector  70 are   92.84/-116.90
mean pol/azi angle for detector  71 are   74.15/-121.83
mean pol/azi angle for detector  76 are   87.43/ -63.17
mean pol/azi angle for detector  77 are  105.31/ -58.12
mean pol/azi angle for detector  78 are   92.94/ -44.96
mean pol/azi angle for detector  79 are   74.18/ -49.89
mean pol/azi angle for detector  84 are  112.32/  33.67
mean pol/azi angle for detector  85 are  125.20/  17.37
mean pol/azi angle for detector  86 are  130.66/  39.17
mean pol/azi angle for detector  87 are  115.89/  52.94
mean pol/azi angle for detector  88 are  112.41/ 105.53
mean pol/azi angle for detector  89 are  124.93/  89.33
mean pol/azi angle for detector  90 are  130.74/ 111.12
mean pol/azi angle for detector  91 are  115.77/ 124.99
mean pol/azi angle for detector  96 are  112.58/-110.71
mean pol/azi angle for detector  97 are  124.77/-126.66
mean pol/azi angle for detector  98 are  130.91/-104.92
mean pol/azi angle for detector  99 are  115.84/ -90.94
mean pol/azi angle for detector 100 are  112.37/ -38.55
mean pol/azi angle for detector 101 are  124.72/ -54.99
mean pol/azi angle for detector 102 are  130.68/ -32.99
mean pol/azi angle for detector 103 are  115.79/ -19.09
mean pol/azi angle for detector 104 are  144.49/  88.25
mean pol/azi angle for detector 105 are  132.71/  65.87
mean pol/azi angle for detector 106 are  148.90/  53.91
mean pol/azi angle for detector 107 are  162.36/  88.31
mean pol/azi angle for detector 108 are  144.72/ 160.19
mean pol/azi angle for detector 109 are  132.72/ 137.99
mean pol/azi angle for detector 110 are  149.55/ 125.43
mean pol/azi angle for detector 111 are  162.30/ 110.75
mean pol/azi angle for detector 116 are  144.40/ -55.84
mean pol/azi angle for detector 117 are  132.55/ -78.25
mean pol/azi angle for detector 118 are  148.97/ -90.31
mean pol/azi angle for detector 119 are  162.40/ -56.22
we found 44 crystals
------------------------------------------

minimum pol angle between crystals is  18.65
compactness =  64.39%, 85 of 264
module hit statistics
module  14, crystal 0 was hit      84528 times
module  14, crystal 1 was hit      91351 times
module  14, crystal 2 was hit      88721 times
module  14, crystal 3 was hit      79234 times
module  15, crystal 0 was hit      89665 times
module  15, crystal 1 was hit      82103 times
module  15, crystal 2 was hit      76642 times
module  15, crystal 3 was hit      80717 times
module  17, crystal 0 was hit      67305 times
module  17, crystal 1 was hit      66334 times
module  17, crystal 2 was hit      65964 times
module  17, crystal 3 was hit      68422 times
module  19, crystal 0 was hit      63796 times
module  19, crystal 1 was hit      65778 times
module  19, crystal 2 was hit      78384 times
module  19, crystal 3 was hit      75071 times
module  21, crystal 0 was hit      76097 times
module  21, crystal 1 was hit      68115 times
module  21, crystal 2 was hit      81154 times
module  21, crystal 3 was hit      77301 times
module  22, crystal 0 was hit      83713 times
module  22, crystal 1 was hit      76916 times
module  22, crystal 2 was hit      87408 times
module  22, crystal 3 was hit      81513 times
module  24, crystal 0 was hit      70442 times
module  24, crystal 1 was hit      67383 times
module  24, crystal 2 was hit      70540 times
module  24, crystal 3 was hit      64363 times
module  25, crystal 0 was hit      67385 times
module  25, crystal 1 was hit      69780 times
module  25, crystal 2 was hit      66469 times
module  25, crystal 3 was hit      65284 times
module  26, crystal 0 was hit      77134 times
module  26, crystal 1 was hit      75767 times
module  26, crystal 2 was hit      76157 times
module  26, crystal 3 was hit      70911 times
module  27, crystal 0 was hit      80316 times
module  27, crystal 1 was hit      77806 times
module  27, crystal 2 was hit      80134 times
module  27, crystal 3 was hit      74093 times
module  29, crystal 0 was hit      65697 times
module  29, crystal 1 was hit      64952 times
module  29, crystal 2 was hit      71479 times
module  29, crystal 3 was hit      64404 times

bin_mode2: pad distribution
__id   0,      1428715, 94.03%
__id   2,          185,  0.01%
__id   3,          426,  0.03%
__id   4,          451,  0.03%
__id   5,         2749,  0.18%
__id   6,         7679,  0.51%
__id 128,        79080,  5.20%
__id 133,          128,  0.01%

bin_mode2 calculated mean CCsum energy to be  746.744 keV
bin_mode2 calculated mean CCadd energy to be 1081.499 keV
attempting to close root file...
Pars.f1->Write();
Pars.f1->Print();
TFile: name=/lcrc/project/HELIOS/gretinafma/root_data/run122.root, title=, option=CREATE
TH1.Print Name  = dtbtev, Entries= 1970549, Total sum= 1.97055e+06
TH1.Print Name  = T0, Entries= 0, Total sum= 0
TH1.Print Name  = hitpat, Entries= 1428715, Total sum= 1.42872e+06
TH1.Print Name  = numHitArray2, Entries= 1000000, Total sum= 719720
TH1.Print Name  = CCmult, Entries= 1000000, Total sum= 999999
TH1.Print Name  = CCsum, Entries= 3276576, Total sum= 1.42869e+06
TH1.Print Name  = hit2, Entries= 158284, Total sum= 158090
TH1.Print Name  = hit3, Entries= 84580, Total sum= 84011
TH1.Print Name  = hit4, Entries= 47051, Total sum= 45921
TH1.Print Name  = CCsum_nodop, Entries= 3276576, Total sum= 1.42869e+06
TH1.Print Name  = CCadd, Entries= 1000000, Total sum= 711349
TH1.Print Name  = SEGadd_FPGA, Entries= 200000000, Total sum= 1.42806e+06
TH1.Print Name  = SEGadd_PSA, Entries= 200000000, Total sum= 1.42094e+06
TH1.Print Name  = SEGsum_FPGA, Entries= 2205534, Total sum= 2.2051e+06
TH1.Print Name  = SEGsum_PSA, Entries= 3276728, Total sum= 3.25108e+06
TH1.Print Name  = radius_all, Entries= 3276726, Total sum= 3.27673e+06
TH1.Print Name  = rate_mode2_min, Entries= 1428714, Total sum= 23811.9
TH1.Print Name  = rate_mode2_sec, Entries= 1428714, Total sum= 1.42871e+06
TH1.Print Name  = rate_mode2_intp, Entries= 1428714, Total sum= 54612.1
TH1.Print Name  = cdtbtev, Entries= 363633, Total sum= 363633
TH1.Print Name  = evsr_all, Entries= 3276726, Total sum= 3.20139e+06
TH1.Print Name  = SMAP_allhits, Entries= 3276728, Total sum= 3.27673e+06
TH1.Print Name  = SMAP_allhits_sq, Entries= 3276728, Total sum= 3.27673e+06
TH1.Print Name  = seghitpat, Entries= 3276728, Total sum= 3.27673e+06
TH1.Print Name  = CCe, Entries= 3276576, Total sum= 1.42869e+06
TH1.Print Name  = ggCC, Entries= 2891302, Total sum= 2.53167e+06
TH1.Print Name  = z_plot, Entries= 3276728, Total sum= 3.2737e+06
TH1.Print Name  = crystal_hit, Entries= 0, Total sum= 0
TH1.Print Name  = SegE, Entries= 3276078, Total sum= 3.27608e+06
TH1.Print Name  = crXcr, Entries= 1445861, Total sum= 1.44586e+06
******************************************************************************
*Tree    :tree      : tree                                                   *
*Entries :  1000000 : Total =       153656374 bytes  File  Size =   37795244 *
*        :          : Tree compression factor =   4.07                       *
******************************************************************************
*Br    0 :runNumber : runNumber/I                                            *
*Entries :  1000000 : Total  Size=    4010225 bytes  File Size  =      30494 *
*Baskets :       99 : Basket Size=    1336320 bytes  Compression= 131.42     *
*............................................................................*
*Br    1 :numHits   : numHits/I                                              *
*Entries :  1000000 : Total  Size=    4010019 bytes  File Size  =      30291 *
*Baskets :       99 : Basket Size=    1336320 bytes  Compression= 132.29     *
*............................................................................*
*Br    2 :left      : left[numHits]/F                                        *
*Entries :  1000000 : Total  Size=    8030480 bytes  File Size  =    2891855 *
*Baskets :      292 : Basket Size=    8870400 bytes  Compression=   2.77     *
*............................................................................*
*Br    3 :right     : right[numHits]/F                                       *
*Entries :  1000000 : Total  Size=    8030776 bytes  File Size  =    2871509 *
*Baskets :      292 : Basket Size=    8870400 bytes  Compression=   2.79     *
*............................................................................*
*Br    4 :up        : up[numHits]/F                                          *
*Entries :  1000000 : Total  Size=    8029888 bytes  File Size  =    2859059 *
*Baskets :      292 : Basket Size=    8870400 bytes  Compression=   2.81     *
*............................................................................*
*Br    5 :down      : down[numHits]/F                                        *
*Entries :  1000000 : Total  Size=    8030480 bytes  File Size  =    2877969 *
*Baskets :      292 : Basket Size=    8870400 bytes  Compression=   2.79     *
*............................................................................*
*Br    6 :e1        : e1[numHits]/F                                          *
*Entries :  1000000 : Total  Size=    8029888 bytes  File Size  =    2772330 *
*Baskets :      292 : Basket Size=    8870400 bytes  Compression=   2.89     *
*............................................................................*
*Br    7 :e2        : e2[numHits]/F                                          *
*Entries :  1000000 : Total  Size=    8029888 bytes  File Size  =    2739144 *
*Baskets :      292 : Basket Size=    8870400 bytes  Compression=   2.93     *
*............................................................................*
*Br    8 :e3        : e3[numHits]/F                                          *
*Entries :  1000000 : Total  Size=    8029888 bytes  File Size  =    2707730 *
*Baskets :      292 : Basket Size=    8870400 bytes  Compression=   2.96     *
*............................................................................*
*Br    9 :tac       : tac[numHits]/F                                         *
*Entries :  1000000 : Total  Size=    8030184 bytes  File Size  =    2450895 *
*Baskets :      292 : Basket Size=    8870400 bytes  Compression=   3.27     *
*............................................................................*
*Br   10 :fmaDeltaTime : fmaDeltaTime[numHits]/F                             *
*Entries :  1000000 : Total  Size=    8032959 bytes  File Size  =    2500785 *
*Baskets :      293 : Basket Size=    8871424 bytes  Compression=   3.21     *
*............................................................................*
*Br   11 :fmaMult   : fmaMult[10]/I                                          *
*Entries :  1000000 : Total  Size=   40095581 bytes  File Size  =    1054856 *
*Baskets :      972 : Basket Size=   25600000 bytes  Compression=  37.99     *
*............................................................................*
*Br   12 :gammaMult : gammaMult/I                                            *
*Entries :  1000000 : Total  Size=    4010225 bytes  File Size  =     703060 *
*Baskets :       99 : Basket Size=    1336320 bytes  Compression=   5.70     *
*............................................................................*
*Br   13 :gammaEnergy : gammaEnergy[gammaMult]/F                             *
*Entries :  1000000 : Total  Size=    9752040 bytes  File Size  =    6822401 *
*Baskets :      334 : Basket Size=    9446400 bytes  Compression=   1.43     *
*............................................................................*
*Br   14 :gammaTimestamp : gammaTimestamp[gammaMult]/F                       *
*Entries :  1000000 : Total  Size=    9753054 bytes  File Size  =    2074766 *
*Baskets :      334 : Basket Size=    9446912 bytes  Compression=   4.70     *
*............................................................................*
*Br   15 :deltaTime : deltaTime[gammaMult]/F                                 *
*Entries :  1000000 : Total  Size=    9751364 bytes  File Size  =    2366231 *
*Baskets :      334 : Basket Size=    9445888 bytes  Compression=   4.12     *
*............................................................................*
TH1.Print Name  = eCC_a, Entries= 0, Total sum= 0
TH1.Print Name  = eCC_b, Entries= 0, Total sum= 0
TH1.Print Name  = eCC_c, Entries= 0, Total sum= 0
TH1.Print Name  = eCC_d, Entries= 131455, Total sum= 0
TH1.Print Name  = eSeg, Entries= 0, Total sum= 0
TH1.Print Name  = mode3_hitpat, Entries= 4485867, Total sum= 0
TH1.Print Name  = mode3_hitpat_chan, Entries= 4485867, Total sum= 4.48587e+06
TH1.Print Name  = chan0, Entries= 0, Total sum= 0
TH1.Print Name  = module, Entries= 4485867, Total sum= 4.48587e+06
TH1.Print Name  = chan, Entries= 4485867, Total sum= 4.48252e+06
TH1.Print Name  = l, Entries= 448587, Total sum= 448500
TH1.Print Name  = r, Entries= 448586, Total sum= 448580
TH1.Print Name  = up, Entries= 448586, Total sum= 448584
TH1.Print Name  = down, Entries= 448587, Total sum= 448584
TH1.Print Name  = sumlr, Entries= 436129, Total sum= 436129
TH1.Print Name  = sumud, Entries= 419104, Total sum= 419104
TH1.Print Name  = x, Entries= 436129, Total sum= 436129
TH1.Print Name  = y, Entries= 419104, Total sum= 419104
TH1.Print Name  = de1, Entries= 448587, Total sum= 448568
TH1.Print Name  = de2, Entries= 448586, Total sum= 448585
TH1.Print Name  = de3, Entries= 448587, Total sum= 447443
TH1.Print Name  = de12, Entries= 391299, Total sum= 391299
TH1.Print Name  = etot, Entries= 391299, Total sum= 391299
TH1.Print Name  = rftof, Entries= 448587, Total sum= 446798
TH1.Print Name  = lr, Entries= 1000000, Total sum= 999909
TH1.Print Name  = ud, Entries= 1000000, Total sum= 999997
TH1.Print Name  = ede1, Entries= 391299, Total sum= 391299
TH1.Print Name  = ede1g, Entries= 71655, Total sum= 71644
TH1.Print Name  = ede2, Entries= 391299, Total sum= 391299
TH1.Print Name  = ede12, Entries= 391299, Total sum= 391299
TH1.Print Name  = xde1, Entries= 391299, Total sum= 391299
TH1.Print Name  = erftof, Entries= 1000000, Total sum= 998211
TH1.Print Name  = erftofg, Entries= 29570, Total sum= 29509
TH1.Print Name  = sumehi, Entries= 1428715, Total sum= 1.4287e+06
TH1.Print Name  = tgppac, Entries= 1428715, Total sum= 377387
TH1.Print Name  = tgppacg, Entries= 71655, Total sum= 71655
TH1.Print Name  = xehi1, Entries= 1428715, Total sum= 1.4287e+06
TH1.Print Name  = xehi1g, Entries= 71655, Total sum= 71653
TH1.Print Name  = de1ehi, Entries= 1428715, Total sum= 1.42868e+06
TH1.Print Name  = de1ehig, Entries= 71655, Total sum= 71642
TH1.Print Name  = ng, Entries= 1000000, Total sum= 1e+06
TH1.Print Name  = ehiz1, Entries= 0, Total sum= 0
TH1.Print Name  = ehiz2, Entries= 0, Total sum= 0
TH1.Print Name  = ehiz3, Entries= 0, Total sum= 0
TH1.Print Name  = ehiz4, Entries= 0, Total sum= 0
TH1.Print Name  = ehiz5, Entries= 0, Total sum= 0
TH1.Print Name  = gg_dt, Entries= 87711, Total sum= 87711
TH1.Print Name  = gg, Entries= 175422, Total sum= 172778
TH1.Print Name  = gg_z1, Entries= 0, Total sum= 0
TH1.Print Name  = gg_z2, Entries= 0, Total sum= 0
TH1.Print Name  = gg_z3, Entries= 0, Total sum= 0
TH1.Print Name  = gg_z4, Entries= 0, Total sum= 0
TH1.Print Name  = gg_z5, Entries= 0, Total sum= 0
Pars.f1->Close();
done saving rootfile "/lcrc/project/HELIOS/gretinafma/root_data/run122.root


read 1000000 events; Pars.beta=0.0330; time since last update 1 minutes
CommandFileName="GEBSort.command"

sorted timestamp range 908245102283-->919796001277: 11550898994
that is 115.5 seconds or 0h1m55s
^^^^^ any timestamp jumps will upset this accounting

hit statistics per type
 1 GEB_TYPE_DECOMP          1519413 ;  13154.07 Hz 
 8 GEB_TYPE_GT_MOD29         451136 ;   3905.64 Hz 
read a total of              1970549 ; header/payloads


nn1=0
nn2=1970550
nn3=1970550

nok_validate= 1000000, ntot_validate=1000000; validate fraction 100.00%

bytes read=933915044, 890.650791 MB

boniva sancta! ...GEBSort (unexpectedly) did not crash!

 ** GEBSort is done at 
