started GEBSort at we have 9 arguments
1... -input
will take input from disk
file size is 24855773908 bytes or 24273 MBytes

4... -rootfile
rootfile name specified on command line
__will store spectra in rootfile: /lcrc/project/HELIOS/gretinafma/root_data/run292.root
will recreate root file
7... -chat
core file size          (blocks, -c) unlimited
data seg size           (kbytes, -d) unlimited
scheduling priority             (-e) 0
file size               (blocks, -f) unlimited
pending signals                 (-i) 510315
max locked memory       (kbytes, -l) unlimited
max memory size         (kbytes, -m) 128769024
open files                      (-n) 51200
pipe size            (512 bytes, -p) 8
POSIX message queues     (bytes, -q) 819200
real-time priority              (-r) 0
stack size              (kbytes, -s) unlimited
cpu time               (seconds, -t) unlimited
max user processes              (-u) 4096
virtual memory          (kbytes, -v) unlimited
file locks                      (-x) unlimited
will read sorting instructions from chatfile: GEBSort.chat

executing UserDeclare.h code


GEBsort running on: 

initializing

crmat.LINUX is open (input) binary format
read 7936 bytes into Pars.crmat
chat file: <GEBSort.chat> open

will sort a max of 1410065408 events
will sort a max of 1000000 events
will sort 86400 minutes of data
will print details of the first 10 events
will use Pars.Beta (v/c) correction of 0.033000
will sort using a time window of 150
Pars.do_bin_mode2=1
Pars.do_bin_mode3=1
will accept second interaction range between 10.000000 and 500.000000 mm
"1-200"
detector   1 is ENABLED
detector   2 is ENABLED
detector   3 is ENABLED
detector   4 is ENABLED
detector   5 is ENABLED
detector   6 is ENABLED
detector   7 is ENABLED
detector   8 is ENABLED
detector   9 is ENABLED
detector  10 is ENABLED
detector  11 is ENABLED
detector  12 is ENABLED
detector  13 is ENABLED
detector  14 is ENABLED
detector  15 is ENABLED
detector  16 is ENABLED
detector  17 is ENABLED
detector  18 is ENABLED
detector  19 is ENABLED
detector  20 is ENABLED
detector  21 is ENABLED
detector  22 is ENABLED
detector  23 is ENABLED
detector  24 is ENABLED
detector  25 is ENABLED
detector  26 is ENABLED
detector  27 is ENABLED
detector  28 is ENABLED
detector  29 is ENABLED
detector  30 is ENABLED
detector  31 is ENABLED
detector  32 is ENABLED
detector  33 is ENABLED
detector  34 is ENABLED
detector  35 is ENABLED
detector  36 is ENABLED
detector  37 is ENABLED
detector  38 is ENABLED
detector  39 is ENABLED
detector  40 is ENABLED
detector  41 is ENABLED
detector  42 is ENABLED
detector  43 is ENABLED
detector  44 is ENABLED
detector  45 is ENABLED
detector  46 is ENABLED
detector  47 is ENABLED
detector  48 is ENABLED
detector  49 is ENABLED
detector  50 is ENABLED
detector  51 is ENABLED
detector  52 is ENABLED
detector  53 is ENABLED
detector  54 is ENABLED
detector  55 is ENABLED
detector  56 is ENABLED
detector  57 is ENABLED
detector  58 is ENABLED
detector  59 is ENABLED
detector  60 is ENABLED
detector  61 is ENABLED
detector  62 is ENABLED
detector  63 is ENABLED
detector  64 is ENABLED
detector  65 is ENABLED
detector  66 is ENABLED
detector  67 is ENABLED
detector  68 is ENABLED
detector  69 is ENABLED
detector  70 is ENABLED
detector  71 is ENABLED
detector  72 is ENABLED
detector  73 is ENABLED
detector  74 is ENABLED
detector  75 is ENABLED
detector  76 is ENABLED
detector  77 is ENABLED
detector  78 is ENABLED
detector  79 is ENABLED
detector  80 is ENABLED
detector  81 is ENABLED
detector  82 is ENABLED
detector  83 is ENABLED
detector  84 is ENABLED
detector  85 is ENABLED
detector  86 is ENABLED
detector  87 is ENABLED
detector  88 is ENABLED
detector  89 is ENABLED
detector  90 is ENABLED
detector  91 is ENABLED
detector  92 is ENABLED
detector  93 is ENABLED
detector  94 is ENABLED
detector  95 is ENABLED
detector  96 is ENABLED
detector  97 is ENABLED
detector  98 is ENABLED
detector  99 is ENABLED
detector 100 is ENABLED
detector 101 is ENABLED
detector 102 is ENABLED
detector 103 is ENABLED
detector 104 is ENABLED
detector 105 is ENABLED
detector 106 is ENABLED
detector 107 is ENABLED
detector 108 is ENABLED
detector 109 is ENABLED
detector 110 is ENABLED
detector 111 is ENABLED
detector 112 is ENABLED
detector 113 is ENABLED
detector 114 is ENABLED
detector 115 is ENABLED
detector 116 is ENABLED
detector 117 is ENABLED
detector 118 is ENABLED
detector 119 is ENABLED
detector 120 is ENABLED
detector 121 is ENABLED
detector 122 is ENABLED
detector 123 is ENABLED
detector 124 is ENABLED
detector 125 is ENABLED
detector 126 is ENABLED
detector 127 is ENABLED
detector 128 is ENABLED
detector 129 is ENABLED
detector 130 is ENABLED
detector 131 is ENABLED
detector 132 is ENABLED
detector 133 is ENABLED
detector 134 is ENABLED
detector 135 is ENABLED
detector 136 is ENABLED
detector 137 is ENABLED
detector 138 is ENABLED
detector 139 is ENABLED
detector 140 is ENABLED
detector 141 is ENABLED
detector 142 is ENABLED
detector 143 is ENABLED
detector 144 is ENABLED
detector 145 is ENABLED
detector 146 is ENABLED
detector 147 is ENABLED
detector 148 is ENABLED
detector 149 is ENABLED
detector 150 is ENABLED
detector 151 is ENABLED
detector 152 is ENABLED
detector 153 is ENABLED
detector 154 is ENABLED
detector 155 is ENABLED
detector 156 is ENABLED
detector 157 is ENABLED
detector 158 is ENABLED
detector 159 is ENABLED
detector 160 is ENABLED
detector 161 is ENABLED
detector 162 is ENABLED
detector 163 is ENABLED
detector 164 is ENABLED
detector 165 is ENABLED
detector 166 is ENABLED
detector 167 is ENABLED
detector 168 is ENABLED
detector 169 is ENABLED
detector 170 is ENABLED
detector 171 is ENABLED
detector 172 is ENABLED
detector 173 is ENABLED
detector 174 is ENABLED
detector 175 is ENABLED
detector 176 is ENABLED
detector 177 is ENABLED
detector 178 is ENABLED
detector 179 is ENABLED
detector 180 is ENABLED
detector 181 is ENABLED
detector 182 is ENABLED
detector 183 is ENABLED
detector 184 is ENABLED
detector 185 is ENABLED
detector 186 is ENABLED
detector 187 is ENABLED
detector 188 is ENABLED
detector 189 is ENABLED
detector 190 is ENABLED
detector 191 is ENABLED
detector 192 is ENABLED
detector 193 is ENABLED
detector 194 is ENABLED
detector 195 is ENABLED
detector 196 is ENABLED
detector 197 is ENABLED
detector 198 is ENABLED
detector 199 is ENABLED
WARNING: could not open CCcal file "CCenergy.cal", quit
will use beam direction 0.000000 0.000000 1.000000
vector length= 1.000000, normalizing
will use beam direction 0.000000 0.000000 1.000000
Pars.ndetlimlo=1,Pars.ndetlimhi=8
will require mult bt: 1 20
fomlimits, 1, 0.00 ..to.. 0.80
fomlimits, 2, 0.00 ..to.. 0.80
fomlimits, 3, 0.00 ..to.. 0.80
fomlimits, 4, 0.00 ..to.. 0.80
fomlimits, 5, 0.00 ..to.. 0.80
fomlimits, 6, 0.00 ..to.. 0.80
fomlimits, 7, 0.00 ..to.. 0.80
will use M= 350.000000 in bin_dgs
will use PZ file "dgs_pz.cal" in bin_dgs
will use ecal file "dgs_ehi.cal" in bin_dgs
will skip rest of chat file

chat file: <GEBSort.chat> closed
processed 39 sort instructions and 198 lines


sorting this:
Pars.do_bin_mode3 = 1
Pars.do_bin_mode2 = 1
Pars.do_bin_mode1 = 0
Pars.do_bin_dgs = 0
Pars.do_bin_dfma = 0
Pars.do_bin_gtcal = 0
Pars.do_bin_template = 0
Pars.do_bin_final = 0
Pars.do_bin_angcor = 0
Pars.do_bin_angdis = 0
checking proper input of chat file...
input file "/lcrc/project/HELIOS/gretinafma/merged_data/GEBMerged_run292.gtd_000" is open, inData=0x26162a60
file size is -914029868 bytes or -892 MBs 
input source is set up, supposedly

xyz offset values:

executing ShareMemFileUserInit.h code

deleted \rm -f GEBSort.command
root file </lcrc/project/HELIOS/gretinafma/root_data/run292.root>
base=</lcrc/project/HELIOS/gretinafma/root_data/run292.root:/>
TFile: name=/lcrc/project/HELIOS/gretinafma/root_data/run292.root, title=, option=CREATE

executing UserInit.h code

Created Object "dtbtev", 0x271b8cb0
Created Object "T0", 0x271b90c0
, "T0"Created Object "hitpat", 0x271b94b0
, "hitpat"Created Object "numHitArray2", 0x271b9f70
, "numHitArray2"Created Object "CCmult", 0x271baaa0
, "CC Multiplicity"Created Object "CCsum", 0x2748ba60
, "CCsum"Created Object "hit2", 0x2749b870
, "hit2"Created Object "hit3", 0x274ab680
, "hit3"Created Object "hit4", 0x274bb490
, "hit4"Created Object "CCsum_nodop", 0x274cb2a0
, "CCsum_nodop"Created Object "CCadd", 0x274db0b0
, "CCadd"Created Object "SEGadd_FPGA", 0x274eaec0
Created Object "SEGadd_PSA", 0x274eb2d0
Created Object "SEGsum_FPGA", 0x274eb6e0
Created Object "SEGsum_PSA", 0x274ebaf0
Created Object "radius_all", 0x274ebf00
, "radius (all points)"Created Object "rate_mode2_min", 0x274f4310
, "rate_mode2_min headers"Created Object "rate_mode2_sec", 0x274f7420
, "rate_mode2_sec headers"Created Object "rate_mode2_intp", 0x274fa530
, "rate_mode2 interaction points"Created Object "cdtbtev", 0x274fd710
Created Object "evsr_all", 0x275c36f0
Created Object "SMAP_allhits", 0x275c3c30
Created Object "SMAP_allhits_sq", 0x276c35c0
Created Object "seghitpat", 0x277c2f50
Created Object "CCe", 0x277cb350
Created Object "ggCC", 0x277cb900
Created Object "z_plot", 0x277cbeb0
Created Object "crystal_hit", 0x2787f580
Created Object "SegE", 0x2787fb50
Created Object "crXcr", 0x27880090
MAXDETPOS=180
Created Object "eCC_a", 0x2796db90
Created Object "eCC_b", 0x2796dfa0
Created Object "eCC_c", 0x2796e410
Created Object "eCC_d", 0x2796e9c0
Created Object "eSeg", 0x2796ef00
Created Object "mode3_hitpat", 0x2796f4b0
, "mode3_hitpat"Created Object "mode3_hitpat_chan", 0x2796fe20
, "mode3_hitpat_chan"Created Object "chan0", 0x27970550
, "chan0"Created Object "module", 0x27984380
, "module"Created Object "chan", 0x279981b0
Created Object "l", 0x27a0dad0
, "l"Created Object "r", 0x27a21900
, "r"Created Object "up", 0x27a356c0
, "up"Created Object "down", 0x27a49480
, "down"Created Object "sumlr", 0x27a5d2b0
, "sumlr"Created Object "sumud", 0x27a710e0
, "sumud"Created Object "x", 0x27a84f10
, "x"Created Object "y", 0x27a98d40
, "y"Created Object "de1", 0x27aacb70
, "de1"Created Object "de2", 0x27ac0930
, "de2"Created Object "de3", 0x27ad46f0
, "de3"Created Object "de12", 0x27ae8520
, "de12"Created Object "etot", 0x27afc350
, "etot"Created Object "rftof", 0x27b10110
, "rftof"Created Object "lr", 0x27b23ed0
Created Object "ud", 0x27b24410
Created Object "ede1", 0x27b24950
Created Object "ede1g", 0x27b24e90
Created Object "ede2", 0x27b25440
Created Object "ede12", 0x27b259f0
Created Object "xde1", 0x27b25fa0
Created Object "erftof", 0x27b264e0
Created Object "erftofg", 0x27b26a20
Created Object "sumehi", 0x27b26fd0
, "sumehi"Created Object "tgppac", 0x27b3ad90
, "tgppac"Created Object "tgppacg", 0x27b62440
, "tgppacg"Created Object "xehi1", 0x27b89af0
Created Object "xehi1g", 0x27b8a030
Created Object "de1ehi", 0x27b8a5e0
Created Object "de1ehig", 0x27b8ab20
Created Object "ng", 0x27b8b060
, "ng"Created Object "ehiz1", 0x27b9ee20
, "ehiz1"Created Object "ehiz2", 0x27bb2be0
, "ehiz2"Created Object "ehiz3", 0x27bc6a10
, "ehiz3"Created Object "ehiz4", 0x27bda840
, "ehiz4"Created Object "ehiz5", 0x27bee670
, "ehiz5"Created Object "gg_dt", 0x27c02430
, "gg_dt"Created Object "gg", 0x27c06860
Created Object "gg_z1", 0x27c06e10
Created Object "gg_z2", 0x27c073c0
Created Object "gg_z3", 0x27c07970
Created Object "gg_z4", 0x27c07f20
Created Object "gg_z5", 0x27c08460
we have define the following ROOT spectra:
Collection name='THashList', class='THashList', size=84
 TH1.Print Name  = dtbtev, Entries= 0, Total sum= 0
 TH1.Print Name  = T0, Entries= 0, Total sum= 0
 TH1.Print Name  = hitpat, Entries= 0, Total sum= 0
 TH1.Print Name  = numHitArray2, Entries= 0, Total sum= 0
 TH1.Print Name  = CCmult, Entries= 0, Total sum= 0
 TH1.Print Name  = CCsum, Entries= 0, Total sum= 0
 TH1.Print Name  = hit2, Entries= 0, Total sum= 0
 TH1.Print Name  = hit3, Entries= 0, Total sum= 0
 TH1.Print Name  = hit4, Entries= 0, Total sum= 0
 TH1.Print Name  = CCsum_nodop, Entries= 0, Total sum= 0
 TH1.Print Name  = CCadd, Entries= 0, Total sum= 0
 TH1.Print Name  = SEGadd_FPGA, Entries= 0, Total sum= 0
 TH1.Print Name  = SEGadd_PSA, Entries= 0, Total sum= 0
 TH1.Print Name  = SEGsum_FPGA, Entries= 0, Total sum= 0
 TH1.Print Name  = SEGsum_PSA, Entries= 0, Total sum= 0
 TH1.Print Name  = radius_all, Entries= 0, Total sum= 0
 TH1.Print Name  = rate_mode2_min, Entries= 0, Total sum= 0
 TH1.Print Name  = rate_mode2_sec, Entries= 0, Total sum= 0
 TH1.Print Name  = rate_mode2_intp, Entries= 0, Total sum= 0
 TH1.Print Name  = cdtbtev, Entries= 0, Total sum= 0
 TH1.Print Name  = evsr_all, Entries= 0, Total sum= 0
 TH1.Print Name  = SMAP_allhits, Entries= 0, Total sum= 0
 TH1.Print Name  = SMAP_allhits_sq, Entries= 0, Total sum= 0
 TH1.Print Name  = seghitpat, Entries= 0, Total sum= 0
 TH1.Print Name  = CCe, Entries= 0, Total sum= 0
 TH1.Print Name  = ggCC, Entries= 0, Total sum= 0
 TH1.Print Name  = z_plot, Entries= 0, Total sum= 0
 TH1.Print Name  = crystal_hit, Entries= 0, Total sum= 0
 TH1.Print Name  = SegE, Entries= 0, Total sum= 0
 TH1.Print Name  = crXcr, Entries= 0, Total sum= 0
 ******************************************************************************
*Tree    :tree      : tree                                                   *
*Entries :        0 : Total =            8461 bytes  File  Size =          0 *
*        :          : Tree compression factor =   1.00                       *
******************************************************************************
*Br    0 :runNumber : runNumber/I                                            *
*Entries :        0 : Total  Size=        501 bytes  One basket in memory    *
*Baskets :        0 : Basket Size=      32000 bytes  Compression=   1.00     *
*............................................................................*
*Br    1 :numHits   : numHits/I                                              *
*Entries :        0 : Total  Size=        493 bytes  One basket in memory    *
*Baskets :        0 : Basket Size=      32000 bytes  Compression=   1.00     *
*............................................................................*
*Br    2 :left      : left[numHits]/F                                        *
*Entries :        0 : Total  Size=        580 bytes  One basket in memory    *
*Baskets :        0 : Basket Size=      32000 bytes  Compression=   1.00     *
*............................................................................*
*Br    3 :right     : right[numHits]/F                                       *
*Entries :        0 : Total  Size=        584 bytes  One basket in memory    *
*Baskets :        0 : Basket Size=      32000 bytes  Compression=   1.00     *
*............................................................................*
*Br    4 :up        : up[numHits]/F                                          *
*Entries :        0 : Total  Size=        572 bytes  One basket in memory    *
*Baskets :        0 : Basket Size=      32000 bytes  Compression=   1.00     *
*............................................................................*
*Br    5 :down      : down[numHits]/F                                        *
*Entries :        0 : Total  Size=        580 bytes  One basket in memory    *
*Baskets :        0 : Basket Size=      32000 bytes  Compression=   1.00     *
*............................................................................*
*Br    6 :e1        : e1[numHits]/F                                          *
*Entries :        0 : Total  Size=        572 bytes  One basket in memory    *
*Baskets :        0 : Basket Size=      32000 bytes  Compression=   1.00     *
*............................................................................*
*Br    7 :e2        : e2[numHits]/F                                          *
*Entries :        0 : Total  Size=        572 bytes  One basket in memory    *
*Baskets :        0 : Basket Size=      32000 bytes  Compression=   1.00     *
*............................................................................*
*Br    8 :e3        : e3[numHits]/F                                          *
*Entries :        0 : Total  Size=        572 bytes  One basket in memory    *
*Baskets :        0 : Basket Size=      32000 bytes  Compression=   1.00     *
*............................................................................*
*Br    9 :tac       : tac[numHits]/F                                         *
*Entries :        0 : Total  Size=        576 bytes  One basket in memory    *
*Baskets :        0 : Basket Size=      32000 bytes  Compression=   1.00     *
*............................................................................*
*Br   10 :fmaDeltaTime : fmaDeltaTime[numHits]/F                             *
*Entries :        0 : Total  Size=        612 bytes  One basket in memory    *
*Baskets :        0 : Basket Size=      32000 bytes  Compression=   1.00     *
*............................................................................*
*Br   11 :fmaMult   : fmaMult[10]/I                                          *
*Entries :        0 : Total  Size=        501 bytes  One basket in memory    *
*Baskets :        0 : Basket Size=      32000 bytes  Compression=   1.00     *
*............................................................................*
*Br   12 :gammaMult : gammaMult/I                                            *
*Entries :        0 : Total  Size=        501 bytes  One basket in memory    *
*Baskets :        0 : Basket Size=      32000 bytes  Compression=   1.00     *
*............................................................................*
*Br   13 :gammaEnergy : gammaEnergy[gammaMult]/F                             *
*Entries :        0 : Total  Size=        616 bytes  One basket in memory    *
*Baskets :        0 : Basket Size=      32000 bytes  Compression=   1.00     *
*............................................................................*
*Br   14 :gammaTimestamp : gammaTimestamp[gammaMult]/F                       *
*Entries :        0 : Total  Size=        628 bytes  One basket in memory    *
*Baskets :        0 : Basket Size=      32000 bytes  Compression=   1.00     *
*............................................................................*
*Br   15 :deltaTime : deltaTime[gammaMult]/F                                 *
*Entries :        0 : Total  Size=        608 bytes  One basket in memory    *
*Baskets :        0 : Basket Size=      32000 bytes  Compression=   1.00     *
*............................................................................*
 TH1.Print Name  = eCC_a, Entries= 0, Total sum= 0
 TH1.Print Name  = eCC_b, Entries= 0, Total sum= 0
 TH1.Print Name  = eCC_c, Entries= 0, Total sum= 0
 TH1.Print Name  = eCC_d, Entries= 0, Total sum= 0
 TH1.Print Name  = eSeg, Entries= 0, Total sum= 0
 TH1.Print Name  = mode3_hitpat, Entries= 0, Total sum= 0
 TH1.Print Name  = mode3_hitpat_chan, Entries= 0, Total sum= 0
 TH1.Print Name  = chan0, Entries= 0, Total sum= 0
 TH1.Print Name  = module, Entries= 0, Total sum= 0
 TH1.Print Name  = chan, Entries= 0, Total sum= 0
 TH1.Print Name  = l, Entries= 0, Total sum= 0
 TH1.Print Name  = r, Entries= 0, Total sum= 0
 TH1.Print Name  = up, Entries= 0, Total sum= 0
 TH1.Print Name  = down, Entries= 0, Total sum= 0
 TH1.Print Name  = sumlr, Entries= 0, Total sum= 0
 TH1.Print Name  = sumud, Entries= 0, Total sum= 0
 TH1.Print Name  = x, Entries= 0, Total sum= 0
 TH1.Print Name  = y, Entries= 0, Total sum= 0
 TH1.Print Name  = de1, Entries= 0, Total sum= 0
 TH1.Print Name  = de2, Entries= 0, Total sum= 0
 TH1.Print Name  = de3, Entries= 0, Total sum= 0
 TH1.Print Name  = de12, Entries= 0, Total sum= 0
 TH1.Print Name  = etot, Entries= 0, Total sum= 0
 TH1.Print Name  = rftof, Entries= 0, Total sum= 0
 TH1.Print Name  = lr, Entries= 0, Total sum= 0
 TH1.Print Name  = ud, Entries= 0, Total sum= 0
 TH1.Print Name  = ede1, Entries= 0, Total sum= 0
 TH1.Print Name  = ede1g, Entries= 0, Total sum= 0
 TH1.Print Name  = ede2, Entries= 0, Total sum= 0
 TH1.Print Name  = ede12, Entries= 0, Total sum= 0
 TH1.Print Name  = xde1, Entries= 0, Total sum= 0
 TH1.Print Name  = erftof, Entries= 0, Total sum= 0
 TH1.Print Name  = erftofg, Entries= 0, Total sum= 0
 TH1.Print Name  = sumehi, Entries= 0, Total sum= 0
 TH1.Print Name  = tgppac, Entries= 0, Total sum= 0
 TH1.Print Name  = tgppacg, Entries= 0, Total sum= 0
 TH1.Print Name  = xehi1, Entries= 0, Total sum= 0
 TH1.Print Name  = xehi1g, Entries= 0, Total sum= 0
 TH1.Print Name  = de1ehi, Entries= 0, Total sum= 0
 TH1.Print Name  = de1ehig, Entries= 0, Total sum= 0
 TH1.Print Name  = ng, Entries= 0, Total sum= 0
 TH1.Print Name  = ehiz1, Entries= 0, Total sum= 0
 TH1.Print Name  = ehiz2, Entries= 0, Total sum= 0
 TH1.Print Name  = ehiz3, Entries= 0, Total sum= 0
 TH1.Print Name  = ehiz4, Entries= 0, Total sum= 0
 TH1.Print Name  = ehiz5, Entries= 0, Total sum= 0
 TH1.Print Name  = gg_dt, Entries= 0, Total sum= 0
 TH1.Print Name  = gg, Entries= 0, Total sum= 0
 TH1.Print Name  = gg_z1, Entries= 0, Total sum= 0
 TH1.Print Name  = gg_z2, Entries= 0, Total sum= 0
 TH1.Print Name  = gg_z3, Entries= 0, Total sum= 0
 TH1.Print Name  = gg_z4, Entries= 0, Total sum= 0
 TH1.Print Name  = gg_z5, Entries= 0, Total sum= 0
GRETINA detector angles
mod  1, crystal 0 [  4]: ( 10.07   3.58  15.10) pol   35.30 ,  azi   13.35; pol   35.30 ,  azi   19.58; modCCdopfac[4] 1.0271
mod  1, crystal 1 [  5]: ( 10.11   9.19  12.47) pol   47.60 ,  azi   36.39; pol   47.60 ,  azi   42.30; modCCdopfac[5] 1.0222
mod  1, crystal 2 [  6]: (  5.44   7.69  15.92) pol   30.60 ,  azi   25.77; pol   30.60 ,  azi   54.72; modCCdopfac[6] 1.0287
mod  1, crystal 3 [  7]: (  4.99   1.78  17.72) pol   16.65 ,  azi    5.72; pol   16.65 ,  azi   19.58; modCCdopfac[7] 1.0321
mod  2, crystal 0 [  8]: ( -0.29  10.69  15.10) pol   35.30 ,  azi   35.29; pol   35.30 ,  azi   91.58; modCCdopfac[8] 1.0271
mod  2, crystal 1 [  9]: ( -5.62  12.45  12.47) pol   47.60 ,  azi   44.95; pol   47.60 ,  azi  114.30; modCCdopfac[9] 1.0222
mod  2, crystal 2 [ 10]: ( -5.63   7.55  15.92) pol   30.60 ,  azi   25.36; pol   30.60 ,  azi  126.72; modCCdopfac[10] 1.0287
mod  2, crystal 3 [ 11]: ( -0.15   5.30  17.72) pol   16.65 ,  azi   16.64; pol   16.65 ,  azi   91.58; modCCdopfac[11] 1.0321
mod  3, crystal 0 [ 12]: (-10.25   3.02  15.10) pol   35.30 ,  azi   11.32; pol   35.30 ,  azi  163.58; modCCdopfac[12] 1.0271
mod  3, crystal 1 [ 13]: (-13.58  -1.50  12.47) pol   47.60 ,  azi   -6.85; pol   47.60 ,  azi -173.70; modCCdopfac[13] 1.0222
mod  3, crystal 2 [ 14]: ( -8.92  -3.02  15.92) pol   30.60 ,  azi  -10.75; pol   30.60 ,  azi -161.28; modCCdopfac[14] 1.0287
mod  3, crystal 3 [ 15]: ( -5.08   1.50  17.72) pol   16.65 ,  azi    4.83; pol   16.65 ,  azi  163.58; modCCdopfac[15] 1.0321
mod  4, crystal 0 [ 16]: ( -6.04  -8.82  15.10) pol   35.30 ,  azi  -30.29; pol   35.30 ,  azi -124.42; modCCdopfac[16] 1.0271
mod  4, crystal 1 [ 17]: ( -2.77 -13.38  12.47) pol   47.60 ,  azi  -47.00; pol   47.60 ,  azi -101.70; modCCdopfac[17] 1.0222
mod  4, crystal 2 [ 18]: (  0.12  -9.42  15.92) pol   30.60 ,  azi  -30.60; pol   30.60 ,  azi  -89.28; modCCdopfac[18] 1.0287
mod  4, crystal 3 [ 19]: ( -3.00  -4.37  17.72) pol   16.65 ,  azi  -13.86; pol   16.65 ,  azi -124.42; modCCdopfac[19] 1.0321
mod  5, crystal 0 [ 20]: (  6.52  -8.47  15.10) pol   35.30 ,  azi  -29.30; pol   35.30 ,  azi  -52.42; modCCdopfac[20] 1.0271
mod  5, crystal 1 [ 21]: ( 11.87  -6.77  12.47) pol   47.60 ,  azi  -28.49; pol   47.60 ,  azi  -29.70; modCCdopfac[21] 1.0222
mod  5, crystal 2 [ 22]: (  8.99  -2.80  15.92) pol   30.60 ,  azi   -9.96; pol   30.60 ,  azi  -17.28; modCCdopfac[22] 1.0287
mod  5, crystal 3 [ 23]: (  3.23  -4.20  17.72) pol   16.65 ,  azi  -13.33; pol   16.65 ,  azi  -52.42; modCCdopfac[23] 1.0321
mod  6, crystal 0 [ 24]: (  4.54  16.51   7.02) pol   67.71 ,  azi   66.97; pol   67.71 ,  azi   74.63; modCCdopfac[24] 1.0121
mod  6, crystal 1 [ 25]: ( -0.33  15.15  10.61) pol   55.02 ,  azi   55.01; pol   55.02 ,  azi   91.23; modCCdopfac[25] 1.0187
mod  6, crystal 2 [ 26]: (  5.05  13.00  12.16) pol   48.92 ,  azi   46.92; pol   48.92 ,  azi   68.77; modCCdopfac[26] 1.0216
mod  6, crystal 3 [ 27]: (  9.66  13.57   8.06) pol   64.18 ,  azi   59.29; pol   64.18 ,  azi   54.55; modCCdopfac[27] 1.0140
mod  7, crystal 0 [ 28]: (-14.30   9.42   7.02) pol   67.71 ,  azi   53.31; pol   67.71 ,  azi  146.63; modCCdopfac[28] 1.0121
mod  7, crystal 1 [ 29]: (-14.51   4.37  10.61) pol   55.02 ,  azi   22.40; pol   55.02 ,  azi  163.23; modCCdopfac[29] 1.0187
mod  7, crystal 2 [ 30]: (-10.80   8.82  12.16) pol   48.92 ,  azi   35.96; pol   48.92 ,  azi  140.77; modCCdopfac[30] 1.0216
mod  7, crystal 3 [ 31]: ( -9.92  13.38   8.06) pol   64.18 ,  azi   58.94; pol   64.18 ,  azi  126.55; modCCdopfac[31] 1.0140
mod  8, crystal 0 [ 32]: (-13.37 -10.69   7.02) pol   67.71 ,  azi  -56.71; pol   67.71 ,  azi -141.37; modCCdopfac[32] 1.0121
mod  8, crystal 1 [ 33]: ( -8.64 -12.45  10.61) pol   55.02 ,  azi  -49.58; pol   55.02 ,  azi -124.77; modCCdopfac[33] 1.0187
mod  8, crystal 2 [ 34]: (-11.73  -7.55  12.16) pol   48.92 ,  azi  -31.84; pol   48.92 ,  azi -147.23; modCCdopfac[34] 1.0216
mod  8, crystal 3 [ 35]: (-15.79  -5.30   8.06) pol   64.18 ,  azi  -33.33; pol   64.18 ,  azi -161.45; modCCdopfac[35] 1.0140
mod  9, crystal 0 [ 36]: (  6.03 -16.02   7.02) pol   67.71 ,  azi  -66.35; pol   67.71 ,  azi  -69.37; modCCdopfac[36] 1.0121
mod  9, crystal 1 [ 37]: (  9.17 -12.07  10.61) pol   55.02 ,  azi  -48.69; pol   55.02 ,  azi  -52.77; modCCdopfac[37] 1.0187
mod  9, crystal 2 [ 38]: (  3.56 -13.48  12.16) pol   48.92 ,  azi  -47.96; pol   48.92 ,  azi  -75.23; modCCdopfac[38] 1.0216
mod  9, crystal 3 [ 39]: (  0.16 -16.65   8.06) pol   64.18 ,  azi  -64.18; pol   64.18 ,  azi  -89.45; modCCdopfac[39] 1.0140
mod 10, crystal 0 [ 40]: ( 17.10   0.79   7.02) pol   67.71 ,  azi    6.39; pol   67.71 ,  azi    2.63; modCCdopfac[40] 1.0121
mod 10, crystal 1 [ 41]: ( 14.31   4.99  10.61) pol   55.02 ,  azi   25.21; pol   55.02 ,  azi   19.23; modCCdopfac[41] 1.0187
mod 10, crystal 2 [ 42]: ( 13.92  -0.79  12.16) pol   48.92 ,  azi   -3.70; pol   48.92 ,  azi   -3.23; modCCdopfac[42] 1.0216
mod 10, crystal 3 [ 43]: ( 15.89  -4.99   8.06) pol   64.18 ,  azi  -31.79; pol   64.18 ,  azi  -17.45; modCCdopfac[43] 1.0140
mod 11, crystal 0 [ 44]: ( 18.26   2.80   0.92) pol   87.15 ,  azi   71.78; pol   87.15 ,  azi    8.71; modCCdopfac[44] 1.0011
mod 11, crystal 1 [ 45]: ( 17.30   4.20  -5.04) pol  105.79 ,  azi  140.16; pol  105.79 ,  azi   13.65; modCCdopfac[45] 0.9906
mod 11, crystal 2 [ 46]: ( 16.42   8.47  -0.92) pol   92.85 ,  azi   96.20; pol   92.85 ,  azi   27.29; modCCdopfac[46] 0.9978
mod 11, crystal 3 [ 47]: ( 16.46   6.77   5.04) pol   74.21 ,  azi   53.36; pol   74.21 ,  azi   22.35; modCCdopfac[47] 1.0085
mod 12, crystal 0 [ 48]: ( 12.46  13.48  -2.26) pol   97.01 ,  azi   99.50; pol   97.01 ,  azi   47.25; modCCdopfac[48] 0.9954
mod 12, crystal 1 [ 49]: (  7.28  16.65  -3.46) pol  100.78 ,  azi  101.74; pol  100.78 ,  azi   66.39; modCCdopfac[49] 0.9933
mod 12, crystal 2 [ 50]: (  8.97  16.02   2.26) pol   82.99 ,  azi   81.98; pol   82.99 ,  azi   60.75; modCCdopfac[50] 1.0035
mod 12, crystal 3 [ 51]: ( 13.59  12.07   3.46) pol   79.22 ,  azi   74.00; pol   79.22 ,  azi   41.61; modCCdopfac[51] 1.0057
mod 13, crystal 0 [ 52]: (  2.98  18.23   0.92) pol   87.15 ,  azi   87.11; pol   87.15 ,  azi   80.71; modCCdopfac[52] 1.0011
mod 13, crystal 1 [ 53]: (  1.35  17.75  -5.04) pol  105.79 ,  azi  105.84; pol  105.79 ,  azi   85.65; modCCdopfac[53] 0.9906
mod 13, crystal 2 [ 54]: ( -2.98  18.23  -0.92) pol   92.85 ,  azi   92.89; pol   92.85 ,  azi   99.29; modCCdopfac[54] 0.9978
mod 13, crystal 3 [ 55]: ( -1.35  17.75   5.04) pol   74.21 ,  azi   74.16; pol   74.21 ,  azi   94.35; modCCdopfac[55] 1.0085
mod 14, crystal 0 [ 56]: ( -8.97  16.02  -2.26) pol   97.01 ,  azi   98.02; pol   97.01 ,  azi  119.25; modCCdopfac[56] 0.9954
mod 14, crystal 1 [ 57]: (-13.59  12.07  -3.46) pol  100.78 ,  azi  106.00; pol  100.78 ,  azi  138.39; modCCdopfac[57] 0.9933
mod 14, crystal 2 [ 58]: (-12.46  13.48   2.26) pol   82.99 ,  azi   80.50; pol   82.99 ,  azi  132.75; modCCdopfac[58] 1.0035
mod 14, crystal 3 [ 59]: ( -7.28  16.65   3.46) pol   79.22 ,  azi   78.26; pol   79.22 ,  azi  113.61; modCCdopfac[59] 1.0057
mod 15, crystal 0 [ 60]: (-16.42   8.47   0.92) pol   87.15 ,  azi   83.80; pol   87.15 ,  azi  152.71; modCCdopfac[60] 1.0011
mod 15, crystal 1 [ 61]: (-16.46   6.77  -5.04) pol  105.79 ,  azi  126.64; pol  105.79 ,  azi  157.65; modCCdopfac[61] 0.9906
mod 15, crystal 2 [ 62]: (-18.26   2.80  -0.92) pol   92.85 ,  azi  108.22; pol   92.85 ,  azi  171.29; modCCdopfac[62] 0.9978
mod 15, crystal 3 [ 63]: (-17.30   4.20   5.04) pol   74.21 ,  azi   39.84; pol   74.21 ,  azi  166.35; modCCdopfac[63] 1.0085
mod 16, crystal 0 [ 64]: (-18.01  -3.58  -2.26) pol   97.01 ,  azi -122.21; pol   97.01 ,  azi -168.75; modCCdopfac[64] 0.9954
mod 16, crystal 1 [ 65]: (-15.68  -9.19  -3.46) pol  100.78 ,  azi -110.62; pol  100.78 ,  azi -149.61; modCCdopfac[65] 0.9933
mod 16, crystal 2 [ 66]: (-16.68  -7.69   2.26) pol   82.99 ,  azi  -73.64; pol   82.99 ,  azi -155.25; modCCdopfac[66] 1.0035
mod 16, crystal 3 [ 67]: (-18.09  -1.78   3.46) pol   79.22 ,  azi  -27.18; pol   79.22 ,  azi -174.39; modCCdopfac[67] 1.0057
mod 17, crystal 0 [ 68]: (-13.13 -13.00   0.92) pol   87.15 ,  azi  -85.95; pol   87.15 ,  azi -135.29; modCCdopfac[68] 1.0011
mod 17, crystal 1 [ 69]: (-11.53 -13.57  -5.04) pol  105.79 ,  azi -110.36; pol  105.79 ,  azi -130.35; modCCdopfac[69] 0.9906
mod 17, crystal 2 [ 70]: ( -8.30 -16.51  -0.92) pol   92.85 ,  azi  -93.19; pol   92.85 ,  azi -116.71; modCCdopfac[70] 0.9978
mod 17, crystal 3 [ 71]: ( -9.34 -15.15   5.04) pol   74.21 ,  azi  -71.62; pol   74.21 ,  azi -121.65; modCCdopfac[71] 1.0085
mod 18, crystal 0 [ 72]: ( -2.16 -18.23  -2.26) pol   97.01 ,  azi  -97.05; pol   97.01 ,  azi  -96.75; modCCdopfac[72] 0.9954
mod 18, crystal 1 [ 73]: (  3.90 -17.75  -3.46) pol  100.78 ,  azi -101.03; pol  100.78 ,  azi  -77.61; modCCdopfac[73] 0.9933
mod 18, crystal 2 [ 74]: (  2.16 -18.23   2.26) pol   82.99 ,  azi  -82.95; pol   82.99 ,  azi  -83.25; modCCdopfac[74] 1.0035
mod 18, crystal 3 [ 75]: ( -3.90 -17.75   3.46) pol   79.22 ,  azi  -78.97; pol   79.22 ,  azi -102.39; modCCdopfac[75] 1.0057
mod 19, crystal 0 [ 76]: (  8.30 -16.51   0.92) pol   87.15 ,  azi  -86.81; pol   87.15 ,  azi  -63.29; modCCdopfac[76] 1.0011
mod 19, crystal 1 [ 77]: (  9.34 -15.15  -5.04) pol  105.79 ,  azi -108.38; pol  105.79 ,  azi  -58.35; modCCdopfac[77] 0.9906
mod 19, crystal 2 [ 78]: ( 13.13 -13.00  -0.92) pol   92.85 ,  azi  -94.05; pol   92.85 ,  azi  -44.71; modCCdopfac[78] 0.9978
mod 19, crystal 3 [ 79]: ( 11.53 -13.57   5.04) pol   74.21 ,  azi  -69.64; pol   74.21 ,  azi  -49.65; modCCdopfac[79] 1.0085
mod 20, crystal 0 [ 80]: ( 16.68  -7.69  -2.26) pol   97.01 ,  azi -106.36; pol   97.01 ,  azi  -24.75; modCCdopfac[80] 0.9954
mod 20, crystal 1 [ 81]: ( 18.09  -1.78  -3.46) pol  100.78 ,  azi -152.82; pol  100.78 ,  azi   -5.61; modCCdopfac[81] 0.9933
mod 20, crystal 2 [ 82]: ( 18.01  -3.58   2.26) pol   82.99 ,  azi  -57.79; pol   82.99 ,  azi  -11.25; modCCdopfac[82] 1.0035
mod 20, crystal 3 [ 83]: ( 15.68  -9.19   3.46) pol   79.22 ,  azi  -69.38; pol   79.22 ,  azi  -30.39; modCCdopfac[83] 1.0057
mod 21, crystal 0 [ 84]: ( 14.30   9.42  -7.02) pol  112.29 ,  azi  126.69; pol  112.29 ,  azi   33.37; modCCdopfac[84] 0.9871
mod 21, crystal 1 [ 85]: ( 14.51   4.37 -10.61) pol  124.98 ,  azi  157.60; pol  124.98 ,  azi   16.77; modCCdopfac[85] 0.9809
mod 21, crystal 2 [ 86]: ( 10.80   8.82 -12.16) pol  131.08 ,  azi  144.04; pol  131.08 ,  azi   39.23; modCCdopfac[86] 0.9782
mod 21, crystal 3 [ 87]: (  9.92  13.38  -8.06) pol  115.82 ,  azi  121.06; pol  115.82 ,  azi   53.45; modCCdopfac[87] 0.9853
mod 22, crystal 0 [ 88]: ( -4.54  16.51  -7.02) pol  112.29 ,  azi  113.03; pol  112.29 ,  azi  105.37; modCCdopfac[88] 0.9871
mod 22, crystal 1 [ 89]: (  0.33  15.15 -10.61) pol  124.98 ,  azi  124.99; pol  124.98 ,  azi   88.77; modCCdopfac[89] 0.9809
mod 22, crystal 2 [ 90]: ( -5.05  13.00 -12.16) pol  131.08 ,  azi  133.08; pol  131.08 ,  azi  111.23; modCCdopfac[90] 0.9782
mod 22, crystal 3 [ 91]: ( -9.66  13.57  -8.06) pol  115.82 ,  azi  120.71; pol  115.82 ,  azi  125.45; modCCdopfac[91] 0.9853
mod 23, crystal 0 [ 92]: (-17.10   0.79  -7.02) pol  112.29 ,  azi  173.61; pol  112.29 ,  azi  177.37; modCCdopfac[92] 0.9871
mod 23, crystal 1 [ 93]: (-14.31   4.99 -10.61) pol  124.98 ,  azi  154.79; pol  124.98 ,  azi  160.77; modCCdopfac[93] 0.9809
mod 23, crystal 2 [ 94]: (-13.92  -0.79 -12.16) pol  131.08 ,  azi -176.30; pol  131.08 ,  azi -176.77; modCCdopfac[94] 0.9782
mod 23, crystal 3 [ 95]: (-15.89  -4.99  -8.06) pol  115.82 ,  azi -148.21; pol  115.82 ,  azi -162.55; modCCdopfac[95] 0.9853
mod 24, crystal 0 [ 96]: ( -6.03 -16.02  -7.02) pol  112.29 ,  azi -113.65; pol  112.29 ,  azi -110.63; modCCdopfac[96] 0.9871
mod 24, crystal 1 [ 97]: ( -9.17 -12.07 -10.61) pol  124.98 ,  azi -131.31; pol  124.98 ,  azi -127.23; modCCdopfac[97] 0.9809
mod 24, crystal 2 [ 98]: ( -3.56 -13.48 -12.16) pol  131.08 ,  azi -132.04; pol  131.08 ,  azi -104.77; modCCdopfac[98] 0.9782
mod 24, crystal 3 [ 99]: ( -0.16 -16.65  -8.06) pol  115.82 ,  azi -115.82; pol  115.82 ,  azi  -90.55; modCCdopfac[99] 0.9853
mod 25, crystal 0 [100]: ( 13.37 -10.69  -7.02) pol  112.29 ,  azi -123.29; pol  112.29 ,  azi  -38.63; modCCdopfac[100] 0.9871
mod 25, crystal 1 [101]: (  8.64 -12.45 -10.61) pol  124.98 ,  azi -130.42; pol  124.98 ,  azi  -55.23; modCCdopfac[101] 0.9809
mod 25, crystal 2 [102]: ( 11.73  -7.55 -12.16) pol  131.08 ,  azi -148.16; pol  131.08 ,  azi  -32.77; modCCdopfac[102] 0.9782
mod 25, crystal 3 [103]: ( 15.79  -5.30  -8.06) pol  115.82 ,  azi -146.67; pol  115.82 ,  azi  -18.55; modCCdopfac[103] 0.9853
mod 26, crystal 0 [104]: (  0.29  10.69 -15.10) pol  144.70 ,  azi  144.71; pol  144.70 ,  azi   88.42; modCCdopfac[104] 0.9732
mod 26, crystal 1 [105]: (  5.62  12.45 -12.47) pol  132.40 ,  azi  135.05; pol  132.40 ,  azi   65.70; modCCdopfac[105] 0.9777
mod 26, crystal 2 [106]: (  5.63   7.55 -15.92) pol  149.40 ,  azi  154.64; pol  149.40 ,  azi   53.28; modCCdopfac[106] 0.9718
mod 26, crystal 3 [107]: (  0.15   5.30 -17.72) pol  163.35 ,  azi  163.36; pol  163.35 ,  azi   88.42; modCCdopfac[107] 0.9688
mod 27, crystal 0 [108]: (-10.07   3.58 -15.10) pol  144.70 ,  azi  166.65; pol  144.70 ,  azi  160.42; modCCdopfac[108] 0.9732
mod 27, crystal 1 [109]: (-10.11   9.19 -12.47) pol  132.40 ,  azi  143.61; pol  132.40 ,  azi  137.70; modCCdopfac[109] 0.9777
mod 27, crystal 2 [110]: ( -5.44   7.69 -15.92) pol  149.40 ,  azi  154.23; pol  149.40 ,  azi  125.28; modCCdopfac[110] 0.9718
mod 27, crystal 3 [111]: ( -4.99   1.78 -17.72) pol  163.35 ,  azi  174.28; pol  163.35 ,  azi  160.42; modCCdopfac[111] 0.9688
mod 28, crystal 0 [112]: ( -6.52  -8.47 -15.10) pol  144.70 ,  azi -150.70; pol  144.70 ,  azi -127.58; modCCdopfac[112] 0.9732
mod 28, crystal 1 [113]: (-11.87  -6.77 -12.47) pol  132.40 ,  azi -151.51; pol  132.40 ,  azi -150.30; modCCdopfac[113] 0.9777
mod 28, crystal 2 [114]: ( -8.99  -2.80 -15.92) pol  149.40 ,  azi -170.04; pol  149.40 ,  azi -162.72; modCCdopfac[114] 0.9718
mod 28, crystal 3 [115]: ( -3.23  -4.20 -17.72) pol  163.35 ,  azi -166.67; pol  163.35 ,  azi -127.58; modCCdopfac[115] 0.9688
mod 29, crystal 0 [116]: (  6.04  -8.82 -15.10) pol  144.70 ,  azi -149.71; pol  144.70 ,  azi  -55.58; modCCdopfac[116] 0.9732
mod 29, crystal 1 [117]: (  2.77 -13.38 -12.47) pol  132.40 ,  azi -133.00; pol  132.40 ,  azi  -78.30; modCCdopfac[117] 0.9777
mod 29, crystal 2 [118]: ( -0.12  -9.42 -15.92) pol  149.40 ,  azi -149.40; pol  149.40 ,  azi  -90.72; modCCdopfac[118] 0.9718
mod 29, crystal 3 [119]: (  3.00  -4.37 -17.72) pol  163.35 ,  azi -166.14; pol  163.35 ,  azi  -55.58; modCCdopfac[119] 0.9688
mod 30, crystal 0 [120]: ( 10.25   3.02 -15.10) pol  144.70 ,  azi  168.68; pol  144.70 ,  azi   16.42; modCCdopfac[120] 0.9732
mod 30, crystal 1 [121]: ( 13.58  -1.50 -12.47) pol  132.40 ,  azi -173.15; pol  132.40 ,  azi   -6.30; modCCdopfac[121] 0.9777
mod 30, crystal 2 [122]: (  8.92  -3.02 -15.92) pol  149.40 ,  azi -169.25; pol  149.40 ,  azi  -18.72; modCCdopfac[122] 0.9718
mod 30, crystal 3 [123]: (  5.08   1.50 -17.72) pol  163.35 ,  azi  175.17; pol  163.35 ,  azi   16.42; modCCdopfac[123] 0.9688
setup signal catcher
started sorting... from disk...

Pars.maxTS=4611686018427387904
got initial header, TS=863193418283 ID: 1 length: 464
read initial payload of siz=464 into event position 1
__ptgd[0]->type= 0; ptgd[0]->length=   0; ptgd[0]->timestamp=0
initial ii=1, nn=1
ev#     0 GEB_TYPE_DECOMP        464Bytes TS=863193451007 curTS=863193418283 dTS= 32724
t0=863193418283
first event: GEB_event.mult=1
   0/ 0: ( 1,GEB_TYPE_DECOMP      ) TS=        863193418283; dT=0
maxTS=9503193418283
that is 86400.0 seconds or 24h0m0s minutes of sorting
GEBGetEv returned st=0
we have read 960 bytes; CurEvNo=1

+++++++++++++++++++++++++++++++
*start event # 1 with multiplicity 1 looks like this:
 0>  1, GEB_TYPE_DECOMP      , TS=863193418283
entered bin_mode2: 1/10
ptinp->pad= 6, (ptinp->pad&0x000000ff)= 6
updated CCadd with    0.00
total number of hits in array: 0
exit bin_mode2
entered bin_mode3 @ event number: 1 
exit bin_mode3
*end of event # 1
+++++++++++++++++++++++++++++++
ev#     1 GEB_TYPE_DECOMP        464Bytes TS=863193491109 curTS=863193451007 dTS= 40102
GEBGetEv returned st=0
we have read 1440 bytes; CurEvNo=2

+++++++++++++++++++++++++++++++
*start event # 2 with multiplicity 1 looks like this:
 0>  1, GEB_TYPE_DECOMP      , TS=863193451007
entered bin_mode2: 2/10
ptinp->pad= 6, (ptinp->pad&0x000000ff)= 6
updated CCadd with    0.00
total number of hits in array: 0
exit bin_mode2
entered bin_mode3 @ event number: 2 
exit bin_mode3
*end of event # 2
+++++++++++++++++++++++++++++++
ev#     2 GEB_TYPE_DECOMP        464Bytes TS=863193505379 curTS=863193491109 dTS= 14270
GEBGetEv returned st=0
we have read 1920 bytes; CurEvNo=3

+++++++++++++++++++++++++++++++
*start event # 3 with multiplicity 1 looks like this:
 0>  1, GEB_TYPE_DECOMP      , TS=863193491109
entered bin_mode2: 3/10
ptinp->pad= 6, (ptinp->pad&0x000000ff)= 6
updated CCadd with    0.00
total number of hits in array: 0
exit bin_mode2
entered bin_mode3 @ event number: 3 
exit bin_mode3
*end of event # 3
+++++++++++++++++++++++++++++++
ev#     3 GEB_TYPE_DECOMP        464Bytes TS=863193505383 curTS=863193505379 dTS= 4
ev#     3 GEB_TYPE_DECOMP        464Bytes TS=863193505507 curTS=863193505379 dTS= 128
ev#     3 GEB_TYPE_DECOMP        464Bytes TS=863193540261 curTS=863193505379 dTS= 34882
GEBGetEv returned st=0
we have read 3360 bytes; CurEvNo=4

+++++++++++++++++++++++++++++++
*start event # 4 with multiplicity 3 looks like this:
 0>  1, GEB_TYPE_DECOMP      , TS=863193505379
 1>  1, GEB_TYPE_DECOMP      , TS=863193505383
 2>  1, GEB_TYPE_DECOMP      , TS=863193505507
entered bin_mode2: 4/10
ptinp->pad= 6, (ptinp->pad&0x000000ff)= 6
ptinp->pad= 6, (ptinp->pad&0x000000ff)= 6
ptinp->pad= 0, (ptinp->pad&0x000000ff)= 0
good pad value
mode2 data:  2>  1, GEB_TYPE_DECOMP      , TS=863193505507
number of hits: 2
* 2/3, is GEB_TYPE_DECOMP: num=2
__detno: 96, module: 24, crystalNumber: 0
CCenergies[0]= 264.73
* 0:   34.05,   1.36,  22.02 --> GT:   -5.45, -17.09, -10.89
* 1:   28.83,  12.16,  22.21 --> GT:   -4.69, -17.70, -10.19
updated CCadd with  264.73
total number of hits in array: 2
exit bin_mode2
entered bin_mode3 @ event number: 4 
exit bin_mode3
*end of event # 4
+++++++++++++++++++++++++++++++
ev#     4 GEB_TYPE_DECOMP        464Bytes TS=863193546665 curTS=863193540261 dTS= 6404
GEBGetEv returned st=0
we have read 3840 bytes; CurEvNo=5

+++++++++++++++++++++++++++++++
*start event # 5 with multiplicity 1 looks like this:
 0>  1, GEB_TYPE_DECOMP      , TS=863193540261
entered bin_mode2: 5/10
ptinp->pad= 0, (ptinp->pad&0x000000ff)= 0
good pad value
mode2 data:  0>  1, GEB_TYPE_DECOMP      , TS=863193540261
number of hits: 2
* 0/1, is GEB_TYPE_DECOMP: num=2
__detno: 96, module: 24, crystalNumber: 0
CCenergies[0]=1257.64
* 0:    6.79, -14.54,  13.42 --> GT:   -7.51, -16.39,  -8.45
* 1:    2.07,  -6.20,  15.08 --> GT:   -7.00, -17.01,  -7.91
updated CCadd with 1257.64
total number of hits in array: 2
exit bin_mode2
entered bin_mode3 @ event number: 5 
exit bin_mode3
*end of event # 5
+++++++++++++++++++++++++++++++
ev#     5 GEB_TYPE_DECOMP        464Bytes TS=863193641711 curTS=863193546665 dTS= 95046
GEBGetEv returned st=0
we have read 4320 bytes; CurEvNo=6

+++++++++++++++++++++++++++++++
*start event # 6 with multiplicity 1 looks like this:
 0>  1, GEB_TYPE_DECOMP      , TS=863193546665
entered bin_mode2: 6/10
ptinp->pad= 6, (ptinp->pad&0x000000ff)= 6
updated CCadd with    0.00
total number of hits in array: 0
exit bin_mode2
entered bin_mode3 @ event number: 6 
exit bin_mode3
*end of event # 6
+++++++++++++++++++++++++++++++
ev#     6 GEB_TYPE_GT_MOD29      396Bytes TS=863193690565 curTS=863193641711 dTS= 48854
GEBGetEv returned st=0
we have read 4732 bytes; CurEvNo=7

+++++++++++++++++++++++++++++++
*start event # 7 with multiplicity 1 looks like this:
 0>  1, GEB_TYPE_DECOMP      , TS=863193641711
entered bin_mode2: 7/10
ptinp->pad= 0, (ptinp->pad&0x000000ff)= 0
good pad value
mode2 data:  0>  1, GEB_TYPE_DECOMP      , TS=863193641711
number of hits: 5
* 0/1, is GEB_TYPE_DECOMP: num=5
__detno: 96, module: 24, crystalNumber: 0
CCenergies[0]=2683.55
* 0:   12.35, -15.72,  47.07 --> GT:   -8.52, -19.10, -10.25
* 1:   12.68,  -5.58,  47.28 --> GT:   -7.62, -19.54, -10.07
* 2:   20.46,  -5.48,  10.09 --> GT:   -6.13, -16.12,  -9.36
* 3:   22.96,  -9.19,  85.26 --> GT:   -8.82, -22.41, -12.51
* 4:   28.44,  -4.55,  55.77 --> GT:   -7.26, -19.91, -11.79
updated CCadd with 2683.55
total number of hits in array: 5
exit bin_mode2
entered bin_mode3 @ event number: 7 
exit bin_mode3
*end of event # 7
+++++++++++++++++++++++++++++++
ev#     7 GEB_TYPE_GT_MOD29      440Bytes TS=863193700355 curTS=863193690565 dTS= 9790
GEBGetEv returned st=0
we have read 5188 bytes; CurEvNo=8

+++++++++++++++++++++++++++++++
*start event # 8 with multiplicity 1 looks like this:
 0>  8, GEB_TYPE_GT_MOD29    , TS=863193690565
entered bin_mode2: 8/10
updated CCadd with    0.00
total number of hits in array: 0
exit bin_mode2
entered bin_mode3 @ event number: 8 

bin_mode3:  0>  8, GEB_TYPE_GT_MOD29    , TS=863193690565, 0xc8fa5a71c5; payload length: 396 bytes

---------
new GTheader at pos=0 or 0 words (8):
Event.hdr[ 0]=0x1f30,   7984
Event.hdr[ 1]=0x300a,  12298
Event.hdr[ 2]=0x71c5,  29125
Event.hdr[ 3]=0xfa5a,  64090
Event.hdr[ 4]=0x00c8,    200
Event.hdr[ 5]=0xc22b,  49707
Event.hdr[ 6]=0x4e0a,  19978
Event.hdr[ 7]=0x0000,      0
Event.hdr[ 8]=0x0593,   1427
Event.hdr[ 9]=0xc1c9,  49609
Event.hdr[10]=0x8a0a,  35338
Event.hdr[11]=0x17d9,   6105
Event.hdr[12]=0x5890,  22672
Event.hdr[13]=0x002e,     46
Event.len=  44, Event.traceLen=  12 (in Bytes)
Event.len=  22, Event.traceLen=   6 (in 16 bit words)
Event.len=  11, Event.traceLen=   3 (in 32 bit words)
next start: 0xaaaaaaaa, pos= 44
0x1f30 module_id = 31 crystal_id = 0 digitizer_id = 3 chan_id = 0 ge_id = 124 channel = 30  -> is segment
open superpulse_008_00_01.xy at Event.chan_id = 0
open CCpulse_008_00_01.xy at Event.chan_id = 0
ncrystal=1
wrote trace to CCpulse_008_00_01.xy
two's comp tempE  ::     705067     705067 0x000ac22b |0000|0000|0000|1010|1100|0010|0010|1011|
rawE              ::     705067     705067 0x000ac22b |0000|0000|0000|1010|1100|0010|0010|1011|
rawE (sign change)::     705067     705067 0x000ac22b |0000|0000|0000|1010|1100|0010|0010|1011|
Event.ehi=           22033 0x00005611
Event.ehi=2203 (gain changed)
Event.LEDts =         863193690565
Event.CFDts =      266777374490636

---------
new GTheader at pos=44 or 22 words (30):
Event.hdr[ 0]=0x1f31,   7985
Event.hdr[ 1]=0x300a,  12298
Event.hdr[ 2]=0x71c5,  29125
Event.hdr[ 3]=0xfa5a,  64090
Event.hdr[ 4]=0x00c8,    200
Event.hdr[ 5]=0x219a,   8602
Event.hdr[ 6]=0x4e0a,  19978
Event.hdr[ 7]=0x0000,      0
Event.hdr[ 8]=0x0593,   1427
Event.hdr[ 9]=0x1dee,   7662
Event.hdr[10]=0x900a,  36874
Event.hdr[11]=0x12d0,   4816
Event.hdr[12]=0x602c,  24620
Event.hdr[13]=0x0026,     38
Event.len=  44, Event.traceLen=  12 (in Bytes)
Event.len=  22, Event.traceLen=   6 (in 16 bit words)
Event.len=  11, Event.traceLen=   3 (in 32 bit words)
next start: 0xaaaaaaaa, pos= 88
0x1f31 module_id = 31 crystal_id = 0 digitizer_id = 3 chan_id = 1 ge_id = 124 channel = 31  -> is segment
ncrystal=1
wrote trace to CCpulse_008_00_01.xy
two's comp tempE  ::     663962     663962 0x000a219a |0000|0000|0000|1010|0010|0001|1001|1010|
rawE              ::     663962     663962 0x000a219a |0000|0000|0000|1010|0010|0001|1001|1010|
rawE (sign change)::     663962     663962 0x000a219a |0000|0000|0000|1010|0010|0001|1001|1010|
Event.ehi=           20748 0x0000510c
Event.ehi=2074 (gain changed)
Event.LEDts =         863193690565
Event.CFDts =      268156079767564

---------
new GTheader at pos=88 or 44 words (52):
Event.hdr[ 0]=0x1f32,   7986
Event.hdr[ 1]=0x300a,  12298
Event.hdr[ 2]=0x71c5,  29125
Event.hdr[ 3]=0xfa5a,  64090
Event.hdr[ 4]=0x00c8,    200
Event.hdr[ 5]=0x0c55,   3157
Event.hdr[ 6]=0x0e00,   3584
Event.hdr[ 7]=0x0000,      0
Event.hdr[ 8]=0x0593,   1427
Event.hdr[ 9]=0xdcb5,  56501
Event.hdr[10]=0x39ff,  14847
Event.hdr[11]=0xffce,  65486
Event.hdr[12]=0x95db,  38363
Event.hdr[13]=0x07ff,   2047
Event.len=  44, Event.traceLen=  12 (in Bytes)
Event.len=  22, Event.traceLen=   6 (in 16 bit words)
Event.len=  11, Event.traceLen=   3 (in 32 bit words)
next start: 0xaaaaaaaa, pos= 132
0x1f32 module_id = 31 crystal_id = 0 digitizer_id = 3 chan_id = 2 ge_id = 124 channel = 32  -> is segment
ncrystal=1
wrote trace to CCpulse_008_00_01.xy
two's comp tempE  ::       3157       3157 0x00000c55 |0000|0000|0000|0000|0000|1100|0101|0101|
rawE              ::       3157       3157 0x00000c55 |0000|0000|0000|0000|0000|1100|0101|0101|
rawE (sign change)::       3157       3157 0x00000c55 |0000|0000|0000|0000|0000|1100|0101|0101|
Event.ehi=              98 0x00000062
Event.ehi=9 (gain changed)
Event.LEDts =         863193690565
Event.CFDts =      281423436316684

---------
new GTheader at pos=132 or 66 words (74):
Event.hdr[ 0]=0x1f33,   7987
Event.hdr[ 1]=0x300a,  12298
Event.hdr[ 2]=0x71c5,  29125
Event.hdr[ 3]=0xfa5a,  64090
Event.hdr[ 4]=0x00c8,    200
Event.hdr[ 5]=0x85b4,  34228
Event.hdr[ 6]=0x4e0c,  19980
Event.hdr[ 7]=0x0000,      0
Event.hdr[ 8]=0x0593,   1427
Event.hdr[ 9]=0x8549,  34121
Event.hdr[10]=0x380c,  14348
Event.hdr[11]=0x15a7,   5543
Event.hdr[12]=0x7fe0,  32736
Event.hdr[13]=0x002f,     47
Event.len=  44, Event.traceLen=  12 (in Bytes)
Event.len=  22, Event.traceLen=   6 (in 16 bit words)
Event.len=  11, Event.traceLen=   3 (in 32 bit words)
next start: 0xaaaaaaaa, pos= 176
0x1f33 module_id = 31 crystal_id = 0 digitizer_id = 3 chan_id = 3 ge_id = 124 channel = 33  -> is segment
ncrystal=1
wrote trace to CCpulse_008_00_01.xy
two's comp tempE  ::     820660     820660 0x000c85b4 |0000|0000|0000|1100|1000|0101|1011|0100|
rawE              ::     820660     820660 0x000c85b4 |0000|0000|0000|1100|1000|0101|1011|0100|
rawE (sign change)::     820660     820660 0x000c85b4 |0000|0000|0000|1100|1000|0101|1011|0100|
Event.ehi=           25645 0x0000642d
Event.ehi=2564 (gain changed)
Event.LEDts =         863193690565
Event.CFDts =      264316320546828

---------
new GTheader at pos=176 or 88 words (96):
Event.hdr[ 0]=0x1f34,   7988
Event.hdr[ 1]=0x300a,  12298
Event.hdr[ 2]=0x71c5,  29125
Event.hdr[ 3]=0xfa5a,  64090
Event.hdr[ 4]=0x00c8,    200
Event.hdr[ 5]=0x005c,     92
Event.hdr[ 6]=0x0e00,   3584
Event.hdr[ 7]=0x0000,      0
Event.hdr[ 8]=0x0593,   1427
Event.hdr[ 9]=0xffbb,  65467
Event.hdr[10]=0x8fff,  36863
Event.hdr[11]=0x0000,      0
Event.hdr[12]=0x0030,     48
Event.hdr[13]=0x0000,      0
Event.len=  44, Event.traceLen=  12 (in Bytes)
Event.len=  22, Event.traceLen=   6 (in 16 bit words)
Event.len=  11, Event.traceLen=   3 (in 32 bit words)
next start: 0xaaaaaaaa, pos= 220
0x1f34 module_id = 31 crystal_id = 0 digitizer_id = 3 chan_id = 4 ge_id = 124 channel = 34  -> is segment
ncrystal=1
wrote trace to CCpulse_008_00_01.xy
two's comp tempE  ::         92         92 0x0000005c |0000|0000|0000|0000|0000|0000|0101|1100|
rawE              ::         92         92 0x0000005c |0000|0000|0000|0000|0000|0000|0101|1100|
rawE (sign change)::         92         92 0x0000005c |0000|0000|0000|0000|0000|0000|0101|1100|
Event.ehi=               2 0x00000002
Event.ehi=0 (gain changed)
Event.LEDts =         863193690565
Event.CFDts =         253406871564

---------
new GTheader at pos=220 or 110 words (118):
Event.hdr[ 0]=0x1f35,   7989
Event.hdr[ 1]=0x300a,  12298
Event.hdr[ 2]=0x71c5,  29125
Event.hdr[ 3]=0xfa5a,  64090
Event.hdr[ 4]=0x00c8,    200
Event.hdr[ 5]=0xf08b,  61579
Event.hdr[ 6]=0x4e07,  19975
Event.hdr[ 7]=0x0000,      0
Event.hdr[ 8]=0x0593,   1427
Event.hdr[ 9]=0xefb2,  61362
Event.hdr[10]=0x1a07,   6663
Event.hdr[11]=0x1101,   4353
Event.hdr[12]=0x21e0,   8672
Event.hdr[13]=0x0022,     34
Event.len=  44, Event.traceLen=  12 (in Bytes)
Event.len=  22, Event.traceLen=   6 (in 16 bit words)
Event.len=  11, Event.traceLen=   3 (in 32 bit words)
next start: 0xaaaaaaaa, pos= 264
0x1f35 module_id = 31 crystal_id = 0 digitizer_id = 3 chan_id = 5 ge_id = 124 channel = 35  -> is segment
ncrystal=1
wrote trace to CCpulse_008_00_01.xy
two's comp tempE  ::     520331     520331 0x0007f08b |0000|0000|0000|0111|1111|0000|1000|1011|
rawE              ::     520331     520331 0x0007f08b |0000|0000|0000|0111|1111|0000|1000|1011|
rawE (sign change)::     520331     520331 0x0007f08b |0000|0000|0000|0111|1111|0000|1000|1011|
Event.ehi=           16260 0x00003f84
Event.ehi=1626 (gain changed)
Event.LEDts =         863193690565
Event.CFDts =      270415267430412

---------
new GTheader at pos=264 or 132 words (140):
Event.hdr[ 0]=0x1f36,   7990
Event.hdr[ 1]=0x300a,  12298
Event.hdr[ 2]=0x71c5,  29125
Event.hdr[ 3]=0xfa5a,  64090
Event.hdr[ 4]=0x00c8,    200
Event.hdr[ 5]=0x32aa,  12970
Event.hdr[ 6]=0x0e00,   3584
Event.hdr[ 7]=0x0000,      0
Event.hdr[ 8]=0x0593,   1427
Event.hdr[ 9]=0x1027,   4135
Event.hdr[10]=0xe000,  57344
Event.hdr[11]=0xfffb,  65531
Event.hdr[12]=0x38b7,  14519
Event.hdr[13]=0x0000,      0
Event.len=  44, Event.traceLen=  12 (in Bytes)
Event.len=  22, Event.traceLen=   6 (in 16 bit words)
Event.len=  11, Event.traceLen=   3 (in 32 bit words)
next start: 0xaaaaaaaa, pos= 308
0x1f36 module_id = 31 crystal_id = 0 digitizer_id = 3 chan_id = 6 ge_id = 124 channel = 36  -> is segment
ncrystal=1
wrote trace to CCpulse_008_00_01.xy
two's comp tempE  ::      12970      12970 0x000032aa |0000|0000|0000|0000|0011|0010|1010|1010|
rawE              ::      12970      12970 0x000032aa |0000|0000|0000|0000|0011|0010|1010|1010|
rawE (sign change)::      12970      12970 0x000032aa |0000|0000|0000|0000|0011|0010|1010|1010|
Event.ehi=             405 0x00000195
Event.ehi=40 (gain changed)
Event.LEDts =         863193690565
Event.CFDts =      281316060168204

---------
new GTheader at pos=308 or 154 words (162):
Event.hdr[ 0]=0x1f37,   7991
Event.hdr[ 1]=0x300a,  12298
Event.hdr[ 2]=0x71c5,  29125
Event.hdr[ 3]=0xfa5a,  64090
Event.hdr[ 4]=0x00c8,    200
Event.hdr[ 5]=0x1452,   5202
Event.hdr[ 6]=0x0e00,   3584
Event.hdr[ 7]=0x0000,      0
Event.hdr[ 8]=0x0593,   1427
Event.hdr[ 9]=0x0133,    307
Event.hdr[10]=0x8c00,  35840
Event.hdr[11]=0xffcb,  65483
Event.hdr[12]=0x07eb,   2027
Event.hdr[13]=0x0000,      0
Event.len=  44, Event.traceLen=  12 (in Bytes)
Event.len=  22, Event.traceLen=   6 (in 16 bit words)
Event.len=  11, Event.traceLen=   3 (in 32 bit words)
next start: 0xaaaaaaaa, pos= 352
0x1f37 module_id = 31 crystal_id = 0 digitizer_id = 3 chan_id = 7 ge_id = 124 channel = 37  -> is segment
ncrystal=1
wrote trace to CCpulse_008_00_01.xy
two's comp tempE  ::       5202       5202 0x00001452 |0000|0000|0000|0000|0001|0100|0101|0010|
rawE              ::       5202       5202 0x00001452 |0000|0000|0000|0000|0001|0100|0101|0010|
rawE (sign change)::       5202       5202 0x00001452 |0000|0000|0000|0000|0001|0100|0101|0010|
Event.ehi=             162 0x000000a2
Event.ehi=16 (gain changed)
Event.LEDts =         863193690565
Event.CFDts =      281410550890508

---------
new GTheader at pos=352 or 176 words (184):
Event.hdr[ 0]=0x1f38,   7992
Event.hdr[ 1]=0x300a,  12298
Event.hdr[ 2]=0x71c5,  29125
Event.hdr[ 3]=0xfa5a,  64090
Event.hdr[ 4]=0x00c8,    200
Event.hdr[ 5]=0x8a4c,  35404
Event.hdr[ 6]=0x1ff9,   8185
Event.hdr[ 7]=0x0000,      0
Event.hdr[ 8]=0x0593,   1427
Event.hdr[ 9]=0xc8e3,  51427
Event.hdr[10]=0xd3fc,  54268
Event.hdr[11]=0xf99e,  63902
Event.hdr[12]=0xcebb,  52923
Event.hdr[13]=0x07f2,   2034
Event.len=  44, Event.traceLen=  12 (in Bytes)
Event.len=  22, Event.traceLen=   6 (in 16 bit words)
Event.len=  11, Event.traceLen=   3 (in 32 bit words)
0x1f38 module_id = 31 crystal_id = 0 digitizer_id = 3 chan_id = 8 ge_id = 124 channel = 38  -> is segment
ncrystal=1
wrote trace to CCpulse_008_00_01.xy
two's comp tempE  ::   16353868   16353868 0x00f98a4c |0000|0000|1111|1001|1000|1010|0100|1100|
rawE              :: 4294543948    -423348 0xfff98a4c |1111|1111|1111|1001|1000|1010|0100|1100|
rawE (sign change)::     423348     423348 0x000675b4 |0000|0000|0000|0110|0111|0101|1011|0100|
Event.ehi=           13229 0x000033ad
Event.ehi=1322 (gain changed)
Event.LEDts =         863193690565
Event.CFDts =         463866101772
exit bin_mode3
*end of event # 8
+++++++++++++++++++++++++++++++
ev#     8 GEB_TYPE_DECOMP        464Bytes TS=863193761199 curTS=863193700355 dTS= 60844
GEBGetEv returned st=0
we have read 5668 bytes; CurEvNo=9

+++++++++++++++++++++++++++++++
*start event # 9 with multiplicity 1 looks like this:
 0>  8, GEB_TYPE_GT_MOD29    , TS=863193700355
entered bin_mode2: 9/10
updated CCadd with    0.00
total number of hits in array: 0
exit bin_mode2
entered bin_mode3 @ event number: 9 

bin_mode3:  0>  8, GEB_TYPE_GT_MOD29    , TS=863193700355, 0xc8fa5a9803; payload length: 440 bytes

---------
new GTheader at pos=0 or 0 words (8):
Event.hdr[ 0]=0x1f30,   7984
Event.hdr[ 1]=0x300a,  12298
Event.hdr[ 2]=0x9803,  38915
Event.hdr[ 3]=0xfa5a,  64090
Event.hdr[ 4]=0x00c8,    200
Event.hdr[ 5]=0xa885,  43141
Event.hdr[ 6]=0x4e0a,  19978
Event.hdr[ 7]=0x263d,   9789
Event.hdr[ 8]=0x0000,      0
Event.hdr[ 9]=0xa7fc,  43004
Event.hdr[10]=0x920a,  37386
Event.hdr[11]=0x1583,   5507
Event.hdr[12]=0xb314,  45844
Event.hdr[13]=0x002f,     47
Event.len=  44, Event.traceLen=  12 (in Bytes)
Event.len=  22, Event.traceLen=   6 (in 16 bit words)
Event.len=  11, Event.traceLen=   3 (in 32 bit words)
next start: 0xaaaaaaaa, pos= 44
0x1f30 module_id = 31 crystal_id = 0 digitizer_id = 3 chan_id = 0 ge_id = 124 channel = 30  -> is segment
open superpulse_009_00_01.xy at Event.chan_id = 0
open CCpulse_009_00_01.xy at Event.chan_id = 0
ncrystal=1
wrote trace to CCpulse_009_00_01.xy
two's comp tempE  ::     698501     698501 0x000aa885 |0000|0000|0000|1010|1010|1000|1000|0101|
rawE              ::     698501     698501 0x000aa885 |0000|0000|0000|1010|1010|1000|1000|0101|
rawE (sign change)::     698501     698501 0x000aa885 |0000|0000|0000|1010|1010|1000|1000|0101|
Event.ehi=           21828 0x00005544
Event.ehi=2182 (gain changed)
Event.LEDts =         863193700355
Event.CFDts =      266824619786252

---------
new GTheader at pos=44 or 22 words (30):
Event.hdr[ 0]=0x1f31,   7985
Event.hdr[ 1]=0x300a,  12298
Event.hdr[ 2]=0x9803,  38915
Event.hdr[ 3]=0xfa5a,  64090
Event.hdr[ 4]=0x00c8,    200
Event.hdr[ 5]=0xe28e,  57998
Event.hdr[ 6]=0x4e08,  19976
Event.hdr[ 7]=0x263d,   9789
Event.hdr[ 8]=0x0000,      0
Event.hdr[ 9]=0xe018,  57368
Event.hdr[10]=0xdc08,  56328
Event.hdr[11]=0x143b,   5179
Event.hdr[12]=0xa120,  41248
Event.hdr[13]=0x0025,     37
Event.len=  44, Event.traceLen=  12 (in Bytes)
Event.len=  22, Event.traceLen=   6 (in 16 bit words)
Event.len=  11, Event.traceLen=   3 (in 32 bit words)
next start: 0xaaaaaaaa, pos= 88
0x1f31 module_id = 31 crystal_id = 0 digitizer_id = 3 chan_id = 1 ge_id = 124 channel = 31  -> is segment
ncrystal=1
wrote trace to CCpulse_009_00_01.xy
two's comp tempE  ::     582286     582286 0x0008e28e |0000|0000|0000|1000|1110|0010|1000|1110|
rawE              ::     582286     582286 0x0008e28e |0000|0000|0000|1000|1110|0010|1000|1110|
rawE (sign change)::     582286     582286 0x0008e28e |0000|0000|0000|1000|1110|0010|1000|1110|
Event.ehi=           18196 0x00004714
Event.ehi=1819 (gain changed)
Event.LEDts =         863193700355
Event.CFDts =      269723767013388

---------
new GTheader at pos=88 or 44 words (52):
Event.hdr[ 0]=0x1f32,   7986
Event.hdr[ 1]=0x300a,  12298
Event.hdr[ 2]=0x9803,  38915
Event.hdr[ 3]=0xfa5a,  64090
Event.hdr[ 4]=0x00c8,    200
Event.hdr[ 5]=0x1ebc,   7868
Event.hdr[ 6]=0x0e00,   3584
Event.hdr[ 7]=0x263d,   9789
Event.hdr[ 8]=0x0000,      0
Event.hdr[ 9]=0xd6ff,  55039
Event.hdr[10]=0x6bff,  27647
Event.hdr[11]=0xffb9,  65465
Event.hdr[12]=0x9c73,  40051
Event.hdr[13]=0x07ff,   2047
Event.len=  44, Event.traceLen=  12 (in Bytes)
Event.len=  22, Event.traceLen=   6 (in 16 bit words)
Event.len=  11, Event.traceLen=   3 (in 32 bit words)
next start: 0xaaaaaaaa, pos= 132
0x1f32 module_id = 31 crystal_id = 0 digitizer_id = 3 chan_id = 2 ge_id = 124 channel = 32  -> is segment
ncrystal=1
wrote trace to CCpulse_009_00_01.xy
two's comp tempE  ::       7868       7868 0x00001ebc |0000|0000|0000|0000|0001|1110|1011|1100|
rawE              ::       7868       7868 0x00001ebc |0000|0000|0000|0000|0001|1110|1011|1100|
rawE (sign change)::       7868       7868 0x00001ebc |0000|0000|0000|0000|0001|1110|1011|1100|
Event.ehi=             245 0x000000f5
Event.ehi=24 (gain changed)
Event.LEDts =         863193700355
Event.CFDts =          34360590348

---------
new GTheader at pos=132 or 66 words (74):
Event.hdr[ 0]=0x1f33,   7987
Event.hdr[ 1]=0x300a,  12298
Event.hdr[ 2]=0x9803,  38915
Event.hdr[ 3]=0xfa5a,  64090
Event.hdr[ 4]=0x00c8,    200
Event.hdr[ 5]=0x1efd,   7933
Event.hdr[ 6]=0x4e0c,  19980
Event.hdr[ 7]=0x263d,   9789
Event.hdr[ 8]=0x0000,      0
Event.hdr[ 9]=0x1de7,   7655
Event.hdr[10]=0x920c,  37388
Event.hdr[11]=0x190a,   6410
Event.hdr[12]=0x4e70,  20080
Event.hdr[13]=0x002b,     43
Event.len=  44, Event.traceLen=  12 (in Bytes)
Event.len=  22, Event.traceLen=   6 (in 16 bit words)
Event.len=  11, Event.traceLen=   3 (in 32 bit words)
next start: 0xaaaaaaaa, pos= 176
0x1f33 module_id = 31 crystal_id = 0 digitizer_id = 3 chan_id = 3 ge_id = 124 channel = 33  -> is segment
ncrystal=1
wrote trace to CCpulse_009_00_01.xy
two's comp tempE  ::     794365     794365 0x000c1efd |0000|0000|0000|1100|0001|1110|1111|1101|
rawE              ::     794365     794365 0x000c1efd |0000|0000|0000|1100|0001|1110|1111|1101|
rawE (sign change)::     794365     794365 0x000c1efd |0000|0000|0000|1100|0001|1110|1111|1101|
Event.ehi=           24823 0x000060f7
Event.ehi=2482 (gain changed)
Event.LEDts =         863193700355
Event.CFDts =      264857494618124

---------
new GTheader at pos=176 or 88 words (96):
Event.hdr[ 0]=0x1f34,   7988
Event.hdr[ 1]=0x300a,  12298
Event.hdr[ 2]=0x9803,  38915
Event.hdr[ 3]=0xfa5a,  64090
Event.hdr[ 4]=0x00c8,    200
Event.hdr[ 5]=0x0020,     32
Event.hdr[ 6]=0x0e00,   3584
Event.hdr[ 7]=0x263d,   9789
Event.hdr[ 8]=0x0000,      0
Event.hdr[ 9]=0xfff4,  65524
Event.hdr[10]=0x77ff,  30719
Event.hdr[11]=0xffff,  65535
Event.hdr[12]=0x011f,    287
Event.hdr[13]=0x0000,      0
Event.len=  44, Event.traceLen=  12 (in Bytes)
Event.len=  22, Event.traceLen=   6 (in 16 bit words)
Event.len=  11, Event.traceLen=   3 (in 32 bit words)
next start: 0xaaaaaaaa, pos= 220
0x1f34 module_id = 31 crystal_id = 0 digitizer_id = 3 chan_id = 4 ge_id = 124 channel = 34  -> is segment
ncrystal=1
wrote trace to CCpulse_009_00_01.xy
two's comp tempE  ::         32         32 0x00000020 |0000|0000|0000|0000|0000|0000|0010|0000|
rawE              ::         32         32 0x00000020 |0000|0000|0000|0000|0000|0000|0010|0000|
rawE (sign change)::         32         32 0x00000020 |0000|0000|0000|0000|0000|0000|0010|0000|
Event.ehi=               1 0x00000001
Event.ehi=0 (gain changed)
Event.LEDts =         863193700355
Event.CFDts =         244817133580

---------
new GTheader at pos=220 or 110 words (118):
Event.hdr[ 0]=0x1f35,   7989
Event.hdr[ 1]=0x300a,  12298
Event.hdr[ 2]=0x9803,  38915
Event.hdr[ 3]=0xfa5a,  64090
Event.hdr[ 4]=0x00c8,    200
Event.hdr[ 5]=0xf48b,  62603
Event.hdr[ 6]=0x4e08,  19976
Event.hdr[ 7]=0x263d,   9789
Event.hdr[ 8]=0x0000,      0
Event.hdr[ 9]=0xf3a7,  62375
Event.hdr[10]=0x6408,  25608
Event.hdr[11]=0x0fdf,   4063
Event.hdr[12]=0x0234,    564
Event.hdr[13]=0x0022,     34
Event.len=  44, Event.traceLen=  12 (in Bytes)
Event.len=  22, Event.traceLen=   6 (in 16 bit words)
Event.len=  11, Event.traceLen=   3 (in 32 bit words)
next start: 0xaaaaaaaa, pos= 264
0x1f35 module_id = 31 crystal_id = 0 digitizer_id = 3 chan_id = 5 ge_id = 124 channel = 35  -> is segment
ncrystal=1
wrote trace to CCpulse_009_00_01.xy
two's comp tempE  ::     586891     586891 0x0008f48b |0000|0000|0000|1000|1111|0100|1000|1011|
rawE              ::     586891     586891 0x0008f48b |0000|0000|0000|1000|1111|0100|1000|1011|
rawE (sign change)::     586891     586891 0x0008f48b |0000|0000|0000|1000|1111|0100|1000|1011|
Event.ehi=           18340 0x000047a4
Event.ehi=1834 (gain changed)
Event.LEDts =         863193700355
Event.CFDts =      269070922219532

---------
new GTheader at pos=264 or 132 words (140):
Event.hdr[ 0]=0x1f36,   7990
Event.hdr[ 1]=0x300a,  12298
Event.hdr[ 2]=0x9803,  38915
Event.hdr[ 3]=0xfa5a,  64090
Event.hdr[ 4]=0x00c8,    200
Event.hdr[ 5]=0x1a74,   6772
Event.hdr[ 6]=0x0e00,   3584
Event.hdr[ 7]=0x263d,   9789
Event.hdr[ 8]=0x0000,      0
Event.hdr[ 9]=0xe5d7,  58839
Event.hdr[10]=0x4fff,  20479
Event.hdr[11]=0x0020,     32
Event.hdr[12]=0xf7c0,  63424
Event.hdr[13]=0x07ff,   2047
Event.len=  44, Event.traceLen=  12 (in Bytes)
Event.len=  22, Event.traceLen=   6 (in 16 bit words)
Event.len=  11, Event.traceLen=   3 (in 32 bit words)
next start: 0xaaaaaaaa, pos= 308
0x1f36 module_id = 31 crystal_id = 0 digitizer_id = 3 chan_id = 6 ge_id = 124 channel = 36  -> is segment
ncrystal=1
wrote trace to CCpulse_009_00_01.xy
two's comp tempE  ::       6772       6772 0x00001a74 |0000|0000|0000|0000|0001|1010|0111|0100|
rawE              ::       6772       6772 0x00001a74 |0000|0000|0000|0000|0001|1010|0111|0100|
rawE (sign change)::       6772       6772 0x00001a74 |0000|0000|0000|0000|0001|1010|0111|0100|
Event.ehi=             211 0x000000d3
Event.ehi=21 (gain changed)
Event.LEDts =         863193700355
Event.CFDts =      281333240627212

---------
new GTheader at pos=308 or 154 words (162):
Event.hdr[ 0]=0x1f37,   7991
Event.hdr[ 1]=0x300a,  12298
Event.hdr[ 2]=0x9803,  38915
Event.hdr[ 3]=0xfa5a,  64090
Event.hdr[ 4]=0x00c8,    200
Event.hdr[ 5]=0x075e,   1886
Event.hdr[ 6]=0x0e00,   3584
Event.hdr[ 7]=0x263d,   9789
Event.hdr[ 8]=0x0000,      0
Event.hdr[ 9]=0xe8a6,  59558
Event.hdr[10]=0x67ff,  26623
Event.hdr[11]=0x0002,      2
Event.hdr[12]=0x9718,  38680
Event.hdr[13]=0x07ff,   2047
Event.len=  44, Event.traceLen=  12 (in Bytes)
Event.len=  22, Event.traceLen=   6 (in 16 bit words)
Event.len=  11, Event.traceLen=   3 (in 32 bit words)
next start: 0xaaaaaaaa, pos= 352
0x1f37 module_id = 31 crystal_id = 0 digitizer_id = 3 chan_id = 7 ge_id = 124 channel = 37  -> is segment
ncrystal=1
wrote trace to CCpulse_009_00_01.xy
two's comp tempE  ::       1886       1886 0x0000075e |0000|0000|0000|0000|0000|0111|0101|1110|
rawE              ::       1886       1886 0x0000075e |0000|0000|0000|0000|0000|0111|0101|1110|
rawE (sign change)::       1886       1886 0x0000075e |0000|0000|0000|0000|0000|0111|0101|1110|
Event.ehi=              58 0x0000003a
Event.ehi=5 (gain changed)
Event.LEDts =         863193700355
Event.CFDts =      281401961086988

---------
new GTheader at pos=352 or 176 words (184):
Event.hdr[ 0]=0x1f38,   7992
Event.hdr[ 1]=0x300a,  12298
Event.hdr[ 2]=0x9803,  38915
Event.hdr[ 3]=0xfa5a,  64090
Event.hdr[ 4]=0x00c8,    200
Event.hdr[ 5]=0x8a26,  35366
Event.hdr[ 6]=0x1ff9,   8185
Event.hdr[ 7]=0x263d,   9789
Event.hdr[ 8]=0x0000,      0
Event.hdr[ 9]=0xe189,  57737
Event.hdr[10]=0xc7fc,  51196
Event.hdr[11]=0xf991,  63889
Event.hdr[12]=0x3da7,  15783
Event.hdr[13]=0x07f3,   2035
Event.len=  44, Event.traceLen=  12 (in Bytes)
Event.len=  22, Event.traceLen=   6 (in 16 bit words)
Event.len=  11, Event.traceLen=   3 (in 32 bit words)
next start: 0xaaaaaaaa, pos= 396
0x1f38 module_id = 31 crystal_id = 0 digitizer_id = 3 chan_id = 8 ge_id = 124 channel = 38  -> is segment
ncrystal=1
wrote trace to CCpulse_009_00_01.xy
two's comp tempE  ::   16353830   16353830 0x00f98a26 |0000|0000|1111|1001|1000|1010|0010|0110|
rawE              :: 4294543910    -423386 0xfff98a26 |1111|1111|1111|1001|1000|1010|0010|0110|
rawE (sign change)::     423386     423386 0x000675da |0000|0000|0000|0110|0111|0101|1101|1010|
Event.ehi=           13230 0x000033ae
Event.ehi=1323 (gain changed)
Event.LEDts =         863193700355
Event.CFDts =         386555117580

---------
new GTheader at pos=396 or 198 words (206):
Event.hdr[ 0]=0x1f39,   7993
Event.hdr[ 1]=0x300a,  12298
Event.hdr[ 2]=0x9803,  38915
Event.hdr[ 3]=0xfa5a,  64090
Event.hdr[ 4]=0x00c8,    200
Event.hdr[ 5]=0x027f,    639
Event.hdr[ 6]=0x0e00,   3584
Event.hdr[ 7]=0x263d,   9789
Event.hdr[ 8]=0x0000,      0
Event.hdr[ 9]=0xf82d,  63533
Event.hdr[10]=0x4dff,  19967
Event.hdr[11]=0xfff4,  65524
Event.hdr[12]=0xd41f,  54303
Event.hdr[13]=0x07ff,   2047
Event.len=  44, Event.traceLen=  12 (in Bytes)
Event.len=  22, Event.traceLen=   6 (in 16 bit words)
Event.len=  11, Event.traceLen=   3 (in 32 bit words)
0x1f39 module_id = 31 crystal_id = 0 digitizer_id = 3 chan_id = 9 ge_id = 124 channel = 39  -> is CC
ncrystal=1
wrote trace to CCpulse_009_00_01.xy
two's comp tempE  ::        639        639 0x0000027f |0000|0000|0000|0000|0000|0010|0111|1111|
rawE              ::        639        639 0x0000027f |0000|0000|0000|0000|0000|0010|0111|1111|
rawE (sign change)::        639        639 0x0000027f |0000|0000|0000|0000|0000|0010|0111|1111|
Event.ehi=              19 0x00000013
Event.ehi=1 (gain changed)
Event.LEDts =         863193700355
Event.CFDts =         300652429324
exit bin_mode3
*end of event # 9
+++++++++++++++++++++++++++++++
ev#     9 GEB_TYPE_GT_MOD29      440Bytes TS=863193761855 curTS=863193761199 dTS= 656
GEBGetEv returned st=0
we have read 6124 bytes; CurEvNo=10

+++++++++++++++++++++++++++++++
*start event # 10 with multiplicity 1 looks like this:
 0>  1, GEB_TYPE_DECOMP      , TS=863193761199
entered bin_mode2: 10/10
ptinp->pad= 6, (ptinp->pad&0x000000ff)= 6
updated CCadd with    0.00
total number of hits in array: 0
exit bin_mode2
entered bin_mode3 @ event number: 10 
exit bin_mode3
*end of event # 10
+++++++++++++++++++++++++++++++
ev#    10 GEB_TYPE_DECOMP        464Bytes TS=863193762127 curTS=863193761855 dTS= 272
ev# 50000 GEB_TYPE_DECOMP        464Bytes TS=863573249159 curTS=863573230917 dTS= 18242
ev# 100000 GEB_TYPE_DECOMP        464Bytes TS=863961127709 curTS=863961127707 dTS= 2
ev# 100000 GEB_TYPE_DECOMP        464Bytes TS=863961127711 curTS=863961127707 dTS= 4
ev# 100000 GEB_TYPE_DECOMP        464Bytes TS=863961127763 curTS=863961127707 dTS= 56
ev# 100000 GEB_TYPE_DECOMP        464Bytes TS=863961127863 curTS=863961127707 dTS= 156
ev# 150000 GEB_TYPE_GT_MOD29      440Bytes TS=864358773637 curTS=864358772947 dTS= 690
ev# 200000 GEB_TYPE_DECOMP        464Bytes TS=864754655889 curTS=864754655885 dTS= 4
ev# 200000 GEB_TYPE_DECOMP        464Bytes TS=864754655951 curTS=864754655885 dTS= 66
ev# 200000 GEB_TYPE_DECOMP        464Bytes TS=864754656041 curTS=864754655885 dTS= 156
ev# 250000 GEB_TYPE_DECOMP        464Bytes TS=865152409675 curTS=865152409543 dTS= 132
ev# 250000 GEB_TYPE_DECOMP        464Bytes TS=865152409857 curTS=865152409543 dTS= 314
ev# 300000 GEB_TYPE_DECOMP        464Bytes TS=865555264321 curTS=865555264315 dTS= 6
ev# 300000 GEB_TYPE_GT_MOD29      440Bytes TS=865555264331 curTS=865555264315 dTS= 16
ev# 300000 GEB_TYPE_DECOMP        464Bytes TS=865555264425 curTS=865555264315 dTS= 110
ev# 300000 GEB_TYPE_DECOMP        464Bytes TS=865555264455 curTS=865555264315 dTS= 140
ev# 300000 GEB_TYPE_DECOMP        464Bytes TS=865555283263 curTS=865555264315 dTS= 18948
ev# 350000 GEB_TYPE_DECOMP        464Bytes TS=865954168109 curTS=865954165973 dTS= 2136
ev# 400000 GEB_TYPE_DECOMP        464Bytes TS=866343328529 curTS=866343328525 dTS= 4
ev# 400000 GEB_TYPE_GT_MOD29      440Bytes TS=866343328871 curTS=866343328525 dTS= 346
ev# 450000 GEB_TYPE_DECOMP        464Bytes TS=866741570631 curTS=866741570479 dTS= 152
ev# 500000 GEB_TYPE_DECOMP        464Bytes TS=867138729515 curTS=867138725167 dTS= 4348
ev# 550000 GEB_TYPE_DECOMP        464Bytes TS=867534316205 curTS=867534316201 dTS= 4
ev# 550000 GEB_TYPE_GT_MOD29      440Bytes TS=867534316749 curTS=867534316201 dTS= 548
ev# 600000 GEB_TYPE_DECOMP        464Bytes TS=867922152689 curTS=867922126915 dTS= 25774
ev# 650000 GEB_TYPE_DECOMP        464Bytes TS=868313045021 curTS=868313045021 dTS= 0
ev# 650000 GEB_TYPE_DECOMP        464Bytes TS=868313045023 curTS=868313045021 dTS= 2
ev# 650000 GEB_TYPE_DECOMP        464Bytes TS=868313045027 curTS=868313045021 dTS= 6
ev# 650000 GEB_TYPE_DECOMP        464Bytes TS=868313045037 curTS=868313045021 dTS= 16
ev# 650000 GEB_TYPE_DECOMP        464Bytes TS=868313045103 curTS=868313045021 dTS= 82
ev# 650000 GEB_TYPE_DECOMP        464Bytes TS=868313045107 curTS=868313045021 dTS= 86
ev# 650000 GEB_TYPE_DECOMP        464Bytes TS=868313045107 curTS=868313045021 dTS= 86
ev# 650000 GEB_TYPE_DECOMP        464Bytes TS=868313080709 curTS=868313045021 dTS= 35688
ev# 700000 GEB_TYPE_DECOMP        464Bytes TS=868696112621 curTS=868696112617 dTS= 4
ev# 700000 GEB_TYPE_DECOMP        464Bytes TS=868696112621 curTS=868696112617 dTS= 4
ev# 700000 GEB_TYPE_DECOMP        464Bytes TS=868696113169 curTS=868696112617 dTS= 552
ev# 750000 GEB_TYPE_DECOMP        464Bytes TS=869090795417 curTS=869090792297 dTS= 3120
ev# 800000 GEB_TYPE_GT_MOD29      440Bytes TS=869480495229 curTS=869480425307 dTS= 69922
ev# 850000 GEB_TYPE_DECOMP        464Bytes TS=869864986617 curTS=869864981073 dTS= 5544
ev# 900000 GEB_TYPE_DECOMP        464Bytes TS=870252614425 curTS=870252614407 dTS= 18
ev# 900000 GEB_TYPE_DECOMP        464Bytes TS=870252615133 curTS=870252614407 dTS= 726
ev# 950000 GEB_TYPE_DECOMP        464Bytes TS=870643405223 curTS=870643405221 dTS= 2
ev# 950000 GEB_TYPE_DECOMP        464Bytes TS=870643405225 curTS=870643405221 dTS= 4
ev# 950000 GEB_TYPE_DECOMP        464Bytes TS=870643405229 curTS=870643405221 dTS= 8
ev# 950000 GEB_TYPE_DECOMP        464Bytes TS=870643405247 curTS=870643405221 dTS= 26
ev# 950000 GEB_TYPE_GT_MOD29      440Bytes TS=870643405361 curTS=870643405221 dTS= 140
ev# 950000 GEB_TYPE_DECOMP        464Bytes TS=870643405453 curTS=870643405221 dTS= 232

Sorting is done
attempting to save root or map file



mean observed polar and azimuth angles
for the detectors we saw (module,crystal)

------------------------------------------
mean pol/azi angle for detector  56 are   96.73/ 119.52
mean pol/azi angle for detector  57 are  100.42/ 138.27
mean pol/azi angle for detector  58 are   83.35/ 132.61
mean pol/azi angle for detector  59 are   79.60/ 114.03
mean pol/azi angle for detector  60 are   87.28/ 152.70
mean pol/azi angle for detector  61 are  105.23/ 157.71
mean pol/azi angle for detector  62 are   93.10/ 168.28
mean pol/azi angle for detector  63 are   73.91/ 165.98
mean pol/azi angle for detector  68 are   87.19/-134.97
mean pol/azi angle for detector  69 are  105.31/-130.04
mean pol/azi angle for detector  70 are   92.86/-116.90
mean pol/azi angle for detector  71 are   74.20/-121.85
mean pol/azi angle for detector  76 are   87.43/ -63.19
mean pol/azi angle for detector  77 are  105.31/ -58.10
mean pol/azi angle for detector  78 are   93.00/ -45.03
mean pol/azi angle for detector  79 are   74.24/ -49.85
mean pol/azi angle for detector  84 are  112.26/  33.62
mean pol/azi angle for detector  85 are  125.18/  17.34
mean pol/azi angle for detector  86 are  130.64/  39.23
mean pol/azi angle for detector  87 are  115.88/  52.91
mean pol/azi angle for detector  88 are  112.39/ 105.51
mean pol/azi angle for detector  89 are  124.94/  89.38
mean pol/azi angle for detector  90 are  130.76/ 111.16
mean pol/azi angle for detector  91 are  115.73/ 125.03
mean pol/azi angle for detector  96 are  112.58/-110.67
mean pol/azi angle for detector  97 are  124.80/-126.69
mean pol/azi angle for detector  98 are  130.89/-104.92
mean pol/azi angle for detector  99 are  115.79/ -91.05
mean pol/azi angle for detector 100 are  112.40/ -38.57
mean pol/azi angle for detector 101 are  124.73/ -55.00
mean pol/azi angle for detector 102 are  130.65/ -33.06
mean pol/azi angle for detector 103 are  115.77/ -19.09
mean pol/azi angle for detector 104 are  144.45/  88.26
mean pol/azi angle for detector 105 are  132.69/  65.81
mean pol/azi angle for detector 106 are  148.85/  53.85
mean pol/azi angle for detector 107 are  162.30/  88.26
mean pol/azi angle for detector 108 are  144.73/ 160.10
mean pol/azi angle for detector 109 are  132.74/ 137.98
mean pol/azi angle for detector 110 are  149.56/ 125.48
mean pol/azi angle for detector 111 are  162.26/ 109.57
mean pol/azi angle for detector 116 are  144.39/ -55.89
mean pol/azi angle for detector 117 are  132.57/ -78.25
mean pol/azi angle for detector 118 are  148.94/ -90.31
mean pol/azi angle for detector 119 are  162.43/ -56.01
we found 44 crystals
------------------------------------------

minimum pol angle between crystals is  18.65
compactness =  64.39%, 85 of 264
module hit statistics
module  14, crystal 0 was hit      94691 times
module  14, crystal 1 was hit     101274 times
module  14, crystal 2 was hit     101383 times
module  14, crystal 3 was hit      89787 times
module  15, crystal 0 was hit     102428 times
module  15, crystal 1 was hit      92534 times
module  15, crystal 2 was hit      87267 times
module  15, crystal 3 was hit      91256 times
module  17, crystal 0 was hit      77611 times
module  17, crystal 1 was hit      75464 times
module  17, crystal 2 was hit      75418 times
module  17, crystal 3 was hit      78060 times
module  19, crystal 0 was hit      70831 times
module  19, crystal 1 was hit      74027 times
module  19, crystal 2 was hit      87564 times
module  19, crystal 3 was hit      84164 times
module  21, crystal 0 was hit      87198 times
module  21, crystal 1 was hit      75997 times
module  21, crystal 2 was hit      89861 times
module  21, crystal 3 was hit      86499 times
module  22, crystal 0 was hit      94281 times
module  22, crystal 1 was hit      86862 times
module  22, crystal 2 was hit      98005 times
module  22, crystal 3 was hit      91743 times
module  24, crystal 0 was hit      80172 times
module  24, crystal 1 was hit      76861 times
module  24, crystal 2 was hit      80623 times
module  24, crystal 3 was hit      75021 times
module  25, crystal 0 was hit      75974 times
module  25, crystal 1 was hit      78598 times
module  25, crystal 2 was hit      74758 times
module  25, crystal 3 was hit      74239 times
module  26, crystal 0 was hit      86142 times
module  26, crystal 1 was hit      85849 times
module  26, crystal 2 was hit      84360 times
module  26, crystal 3 was hit      79872 times
module  27, crystal 0 was hit      91276 times
module  27, crystal 1 was hit      87978 times
module  27, crystal 2 was hit      90814 times
module  27, crystal 3 was hit      81904 times
module  29, crystal 0 was hit      75581 times
module  29, crystal 1 was hit      72818 times
module  29, crystal 2 was hit      80430 times
module  29, crystal 3 was hit      73116 times

bin_mode2: pad distribution
__id   0,      1598999, 92.37%
__id   2,          193,  0.01%
__id   3,          440,  0.03%
__id   4,          508,  0.03%
__id   5,         3457,  0.20%
__id   6,        13913,  0.80%
__id 128,       113345,  6.55%
__id 133,          211,  0.01%

bin_mode2 calculated mean CCsum energy to be  764.529 keV
bin_mode2 calculated mean CCadd energy to be 1239.231 keV
attempting to close root file...
Pars.f1->Write();
Pars.f1->Print();
TFile: name=/lcrc/project/HELIOS/gretinafma/root_data/run292.root, title=, option=CREATE
TH1.Print Name  = dtbtev, Entries= 2130010, Total sum= 2.13001e+06
TH1.Print Name  = T0, Entries= 0, Total sum= 0
TH1.Print Name  = hitpat, Entries= 1598999, Total sum= 1.599e+06
TH1.Print Name  = numHitArray2, Entries= 1000000, Total sum= 770277
TH1.Print Name  = CCmult, Entries= 1000000, Total sum= 999999
TH1.Print Name  = CCsum, Entries= 3700415, Total sum= 1.59897e+06
TH1.Print Name  = hit2, Entries= 176848, Total sum= 176612
TH1.Print Name  = hit3, Entries= 97937, Total sum= 97205
TH1.Print Name  = hit4, Entries= 55290, Total sum= 53920
TH1.Print Name  = CCsum_nodop, Entries= 3700415, Total sum= 1.59897e+06
TH1.Print Name  = CCadd, Entries= 1000000, Total sum= 759876
TH1.Print Name  = SEGadd_FPGA, Entries= 200000000, Total sum= 1.59829e+06
TH1.Print Name  = SEGadd_PSA, Entries= 200000000, Total sum= 1.58976e+06
TH1.Print Name  = SEGsum_FPGA, Entries= 2487023, Total sum= 2.48661e+06
TH1.Print Name  = SEGsum_PSA, Entries= 3700591, Total sum= 3.66864e+06
TH1.Print Name  = radius_all, Entries= 3700589, Total sum= 3.70059e+06
TH1.Print Name  = rate_mode2_min, Entries= 1598998, Total sum= 26650
TH1.Print Name  = rate_mode2_sec, Entries= 1598998, Total sum= 1.599e+06
TH1.Print Name  = rate_mode2_intp, Entries= 1598998, Total sum= 61676.5
TH1.Print Name  = cdtbtev, Entries= 599359, Total sum= 599359
TH1.Print Name  = evsr_all, Entries= 3700589, Total sum= 3.61058e+06
TH1.Print Name  = SMAP_allhits, Entries= 3700591, Total sum= 3.70059e+06
TH1.Print Name  = SMAP_allhits_sq, Entries= 3700591, Total sum= 3.70059e+06
TH1.Print Name  = seghitpat, Entries= 3700591, Total sum= 3.70059e+06
TH1.Print Name  = CCe, Entries= 3700415, Total sum= 1.59897e+06
TH1.Print Name  = ggCC, Entries= 3420714, Total sum= 2.99214e+06
TH1.Print Name  = z_plot, Entries= 3700591, Total sum= 3.69705e+06
TH1.Print Name  = crystal_hit, Entries= 0, Total sum= 0
TH1.Print Name  = SegE, Entries= 3699967, Total sum= 3.69997e+06
TH1.Print Name  = crXcr, Entries= 1710357, Total sum= 1.71036e+06
******************************************************************************
*Tree    :tree      : tree                                                   *
*Entries :  1000000 : Total =       155709954 bytes  File  Size =   37497652 *
*        :          : Tree compression factor =   4.15                       *
******************************************************************************
*Br    0 :runNumber : runNumber/I                                            *
*Entries :  1000000 : Total  Size=    4010225 bytes  File Size  =      30502 *
*Baskets :       99 : Basket Size=    1318912 bytes  Compression= 131.39     *
*............................................................................*
*Br    1 :numHits   : numHits/I                                              *
*Entries :  1000000 : Total  Size=    4010019 bytes  File Size  =      30302 *
*Baskets :       99 : Basket Size=    1318912 bytes  Compression= 132.25     *
*............................................................................*
*Br    2 :left      : left[numHits]/F                                        *
*Entries :  1000000 : Total  Size=    8030789 bytes  File Size  =    2785110 *
*Baskets :      295 : Basket Size=    8897536 bytes  Compression=   2.88     *
*............................................................................*
*Br    3 :right     : right[numHits]/F                                       *
*Entries :  1000000 : Total  Size=    8031088 bytes  File Size  =    2764501 *
*Baskets :      295 : Basket Size=    8897536 bytes  Compression=   2.90     *
*............................................................................*
*Br    4 :up        : up[numHits]/F                                          *
*Entries :  1000000 : Total  Size=    8030191 bytes  File Size  =    2742407 *
*Baskets :      295 : Basket Size=    8897536 bytes  Compression=   2.93     *
*............................................................................*
*Br    5 :down      : down[numHits]/F                                        *
*Entries :  1000000 : Total  Size=    8030789 bytes  File Size  =    2767967 *
*Baskets :      295 : Basket Size=    8897536 bytes  Compression=   2.90     *
*............................................................................*
*Br    6 :e1        : e1[numHits]/F                                          *
*Entries :  1000000 : Total  Size=    8030191 bytes  File Size  =    2676241 *
*Baskets :      295 : Basket Size=    8897536 bytes  Compression=   3.00     *
*............................................................................*
*Br    7 :e2        : e2[numHits]/F                                          *
*Entries :  1000000 : Total  Size=    8030191 bytes  File Size  =    2633544 *
*Baskets :      295 : Basket Size=    8897536 bytes  Compression=   3.05     *
*............................................................................*
*Br    8 :e3        : e3[numHits]/F                                          *
*Entries :  1000000 : Total  Size=    8030191 bytes  File Size  =    2563610 *
*Baskets :      295 : Basket Size=    8897536 bytes  Compression=   3.13     *
*............................................................................*
*Br    9 :tac       : tac[numHits]/F                                         *
*Entries :  1000000 : Total  Size=    8030490 bytes  File Size  =    2378748 *
*Baskets :      295 : Basket Size=    8897536 bytes  Compression=   3.37     *
*............................................................................*
*Br   10 :fmaDeltaTime : fmaDeltaTime[numHits]/F                             *
*Entries :  1000000 : Total  Size=    8033181 bytes  File Size  =    2357898 *
*Baskets :      295 : Basket Size=    8898560 bytes  Compression=   3.40     *
*............................................................................*
*Br   11 :fmaMult   : fmaMult[10]/I                                          *
*Entries :  1000000 : Total  Size=   40096463 bytes  File Size  =    1018057 *
*Baskets :      981 : Basket Size=   25600000 bytes  Compression=  39.36     *
*............................................................................*
*Br   12 :gammaMult : gammaMult/I                                            *
*Entries :  1000000 : Total  Size=    4010225 bytes  File Size  =     718052 *
*Baskets :       99 : Basket Size=    1318912 bytes  Compression=   5.58     *
*............................................................................*
*Br   13 :gammaEnergy : gammaEnergy[gammaMult]/F                             *
*Entries :  1000000 : Total  Size=   10435376 bytes  File Size  =    7470919 *
*Baskets :      354 : Basket Size=    9686016 bytes  Compression=   1.40     *
*............................................................................*
*Br   14 :gammaTimestamp : gammaTimestamp[gammaMult]/F                       *
*Entries :  1000000 : Total  Size=   10436450 bytes  File Size  =    2009174 *
*Baskets :      354 : Basket Size=    9686528 bytes  Compression=   5.19     *
*............................................................................*
*Br   15 :deltaTime : deltaTime[gammaMult]/F                                 *
*Entries :  1000000 : Total  Size=   10434660 bytes  File Size  =    2508428 *
*Baskets :      354 : Basket Size=    9686016 bytes  Compression=   4.16     *
*............................................................................*
TH1.Print Name  = eCC_a, Entries= 0, Total sum= 0
TH1.Print Name  = eCC_b, Entries= 0, Total sum= 0
TH1.Print Name  = eCC_c, Entries= 0, Total sum= 0
TH1.Print Name  = eCC_d, Entries= 112781, Total sum= 0
TH1.Print Name  = eSeg, Entries= 0, Total sum= 0
TH1.Print Name  = mode3_hitpat, Entries= 3965709, Total sum= 0
TH1.Print Name  = mode3_hitpat_chan, Entries= 3965709, Total sum= 3.96571e+06
TH1.Print Name  = chan0, Entries= 0, Total sum= 0
TH1.Print Name  = module, Entries= 3965709, Total sum= 3.96571e+06
TH1.Print Name  = chan, Entries= 3965709, Total sum= 3.96343e+06
TH1.Print Name  = l, Entries= 396571, Total sum= 396519
TH1.Print Name  = r, Entries= 396571, Total sum= 396567
TH1.Print Name  = up, Entries= 396571, Total sum= 396569
TH1.Print Name  = down, Entries= 396571, Total sum= 396568
TH1.Print Name  = sumlr, Entries= 384176, Total sum= 384176
TH1.Print Name  = sumud, Entries= 368344, Total sum= 368344
TH1.Print Name  = x, Entries= 384176, Total sum= 384176
TH1.Print Name  = y, Entries= 368344, Total sum= 368344
TH1.Print Name  = de1, Entries= 396571, Total sum= 396532
TH1.Print Name  = de2, Entries= 396571, Total sum= 396570
TH1.Print Name  = de3, Entries= 396571, Total sum= 395980
TH1.Print Name  = de12, Entries= 342547, Total sum= 342547
TH1.Print Name  = etot, Entries= 342547, Total sum= 342547
TH1.Print Name  = rftof, Entries= 396570, Total sum= 395216
TH1.Print Name  = lr, Entries= 1000000, Total sum= 999945
TH1.Print Name  = ud, Entries= 1000000, Total sum= 999996
TH1.Print Name  = ede1, Entries= 342547, Total sum= 342547
TH1.Print Name  = ede1g, Entries= 69600, Total sum= 69595
TH1.Print Name  = ede2, Entries= 342547, Total sum= 342547
TH1.Print Name  = ede12, Entries= 342547, Total sum= 342547
TH1.Print Name  = xde1, Entries= 342547, Total sum= 342547
TH1.Print Name  = erftof, Entries= 1000000, Total sum= 998646
TH1.Print Name  = erftofg, Entries= 26575, Total sum= 26498
TH1.Print Name  = sumehi, Entries= 1598999, Total sum= 1.59899e+06
TH1.Print Name  = tgppac, Entries= 1598999, Total sum= 397989
TH1.Print Name  = tgppacg, Entries= 69600, Total sum= 69600
TH1.Print Name  = xehi1, Entries= 1598999, Total sum= 1.59899e+06
TH1.Print Name  = xehi1g, Entries= 69600, Total sum= 69598
TH1.Print Name  = de1ehi, Entries= 1598999, Total sum= 1.59895e+06
TH1.Print Name  = de1ehig, Entries= 69600, Total sum= 69593
TH1.Print Name  = ng, Entries= 1000000, Total sum= 1e+06
TH1.Print Name  = ehiz1, Entries= 0, Total sum= 0
TH1.Print Name  = ehiz2, Entries= 0, Total sum= 0
TH1.Print Name  = ehiz3, Entries= 0, Total sum= 0
TH1.Print Name  = ehiz4, Entries= 0, Total sum= 0
TH1.Print Name  = ehiz5, Entries= 0, Total sum= 0
TH1.Print Name  = gg_dt, Entries= 82620, Total sum= 82620
TH1.Print Name  = gg, Entries= 165240, Total sum= 162820
TH1.Print Name  = gg_z1, Entries= 0, Total sum= 0
TH1.Print Name  = gg_z2, Entries= 0, Total sum= 0
TH1.Print Name  = gg_z3, Entries= 0, Total sum= 0
TH1.Print Name  = gg_z4, Entries= 0, Total sum= 0
TH1.Print Name  = gg_z5, Entries= 0, Total sum= 0
Pars.f1->Close();
done saving rootfile "/lcrc/project/HELIOS/gretinafma/root_data/run292.root


read 1000000 events; Pars.beta=0.0330; time since last update 1 minutes
CommandFileName="GEBSort.command"

sorted timestamp range 863193418283-->871039886323: 7846468040
that is 78.5 seconds or 0h1m18s
^^^^^ any timestamp jumps will upset this accounting

hit statistics per type
 1 GEB_TYPE_DECOMP          1731066 ;  22061.72 Hz 
 8 GEB_TYPE_GT_MOD29         398944 ;   5084.38 Hz 
read a total of              2130010 ; header/payloads


nn1=0
nn2=2130011
nn3=2130011

nok_validate= 1000000, ntot_validate=1000000; validate fraction 100.00%

bytes read=1011786436, 964.914738 MB

boniva sancta! ...GEBSort (unexpectedly) did not crash!

 ** GEBSort is done at 
