started GEBSort at we have 9 arguments
1... -input
will take input from disk
file size is 41636511460 bytes or 40660 MBytes

4... -rootfile
rootfile name specified on command line
__will store spectra in rootfile: /lcrc/project/HELIOS/gretinafma/root_data/run172.root
will recreate root file
7... -chat
core file size          (blocks, -c) unlimited
data seg size           (kbytes, -d) unlimited
scheduling priority             (-e) 0
file size               (blocks, -f) unlimited
pending signals                 (-i) 510315
max locked memory       (kbytes, -l) unlimited
max memory size         (kbytes, -m) 128769024
open files                      (-n) 51200
pipe size            (512 bytes, -p) 8
POSIX message queues     (bytes, -q) 819200
real-time priority              (-r) 0
stack size              (kbytes, -s) unlimited
cpu time               (seconds, -t) unlimited
max user processes              (-u) 4096
virtual memory          (kbytes, -v) unlimited
file locks                      (-x) unlimited
will read sorting instructions from chatfile: GEBSort.chat

executing UserDeclare.h code


GEBsort running on: 

initializing

crmat.LINUX is open (input) binary format
read 7936 bytes into Pars.crmat
chat file: <GEBSort.chat> open

will sort a max of 1410065408 events
will sort a max of 1000000 events
will sort 86400 minutes of data
will print details of the first 10 events
will use Pars.Beta (v/c) correction of 0.033000
will sort using a time window of 150
Pars.do_bin_mode2=1
Pars.do_bin_mode3=1
will accept second interaction range between 10.000000 and 500.000000 mm
"1-200"
detector   1 is ENABLED
detector   2 is ENABLED
detector   3 is ENABLED
detector   4 is ENABLED
detector   5 is ENABLED
detector   6 is ENABLED
detector   7 is ENABLED
detector   8 is ENABLED
detector   9 is ENABLED
detector  10 is ENABLED
detector  11 is ENABLED
detector  12 is ENABLED
detector  13 is ENABLED
detector  14 is ENABLED
detector  15 is ENABLED
detector  16 is ENABLED
detector  17 is ENABLED
detector  18 is ENABLED
detector  19 is ENABLED
detector  20 is ENABLED
detector  21 is ENABLED
detector  22 is ENABLED
detector  23 is ENABLED
detector  24 is ENABLED
detector  25 is ENABLED
detector  26 is ENABLED
detector  27 is ENABLED
detector  28 is ENABLED
detector  29 is ENABLED
detector  30 is ENABLED
detector  31 is ENABLED
detector  32 is ENABLED
detector  33 is ENABLED
detector  34 is ENABLED
detector  35 is ENABLED
detector  36 is ENABLED
detector  37 is ENABLED
detector  38 is ENABLED
detector  39 is ENABLED
detector  40 is ENABLED
detector  41 is ENABLED
detector  42 is ENABLED
detector  43 is ENABLED
detector  44 is ENABLED
detector  45 is ENABLED
detector  46 is ENABLED
detector  47 is ENABLED
detector  48 is ENABLED
detector  49 is ENABLED
detector  50 is ENABLED
detector  51 is ENABLED
detector  52 is ENABLED
detector  53 is ENABLED
detector  54 is ENABLED
detector  55 is ENABLED
detector  56 is ENABLED
detector  57 is ENABLED
detector  58 is ENABLED
detector  59 is ENABLED
detector  60 is ENABLED
detector  61 is ENABLED
detector  62 is ENABLED
detector  63 is ENABLED
detector  64 is ENABLED
detector  65 is ENABLED
detector  66 is ENABLED
detector  67 is ENABLED
detector  68 is ENABLED
detector  69 is ENABLED
detector  70 is ENABLED
detector  71 is ENABLED
detector  72 is ENABLED
detector  73 is ENABLED
detector  74 is ENABLED
detector  75 is ENABLED
detector  76 is ENABLED
detector  77 is ENABLED
detector  78 is ENABLED
detector  79 is ENABLED
detector  80 is ENABLED
detector  81 is ENABLED
detector  82 is ENABLED
detector  83 is ENABLED
detector  84 is ENABLED
detector  85 is ENABLED
detector  86 is ENABLED
detector  87 is ENABLED
detector  88 is ENABLED
detector  89 is ENABLED
detector  90 is ENABLED
detector  91 is ENABLED
detector  92 is ENABLED
detector  93 is ENABLED
detector  94 is ENABLED
detector  95 is ENABLED
detector  96 is ENABLED
detector  97 is ENABLED
detector  98 is ENABLED
detector  99 is ENABLED
detector 100 is ENABLED
detector 101 is ENABLED
detector 102 is ENABLED
detector 103 is ENABLED
detector 104 is ENABLED
detector 105 is ENABLED
detector 106 is ENABLED
detector 107 is ENABLED
detector 108 is ENABLED
detector 109 is ENABLED
detector 110 is ENABLED
detector 111 is ENABLED
detector 112 is ENABLED
detector 113 is ENABLED
detector 114 is ENABLED
detector 115 is ENABLED
detector 116 is ENABLED
detector 117 is ENABLED
detector 118 is ENABLED
detector 119 is ENABLED
detector 120 is ENABLED
detector 121 is ENABLED
detector 122 is ENABLED
detector 123 is ENABLED
detector 124 is ENABLED
detector 125 is ENABLED
detector 126 is ENABLED
detector 127 is ENABLED
detector 128 is ENABLED
detector 129 is ENABLED
detector 130 is ENABLED
detector 131 is ENABLED
detector 132 is ENABLED
detector 133 is ENABLED
detector 134 is ENABLED
detector 135 is ENABLED
detector 136 is ENABLED
detector 137 is ENABLED
detector 138 is ENABLED
detector 139 is ENABLED
detector 140 is ENABLED
detector 141 is ENABLED
detector 142 is ENABLED
detector 143 is ENABLED
detector 144 is ENABLED
detector 145 is ENABLED
detector 146 is ENABLED
detector 147 is ENABLED
detector 148 is ENABLED
detector 149 is ENABLED
detector 150 is ENABLED
detector 151 is ENABLED
detector 152 is ENABLED
detector 153 is ENABLED
detector 154 is ENABLED
detector 155 is ENABLED
detector 156 is ENABLED
detector 157 is ENABLED
detector 158 is ENABLED
detector 159 is ENABLED
detector 160 is ENABLED
detector 161 is ENABLED
detector 162 is ENABLED
detector 163 is ENABLED
detector 164 is ENABLED
detector 165 is ENABLED
detector 166 is ENABLED
detector 167 is ENABLED
detector 168 is ENABLED
detector 169 is ENABLED
detector 170 is ENABLED
detector 171 is ENABLED
detector 172 is ENABLED
detector 173 is ENABLED
detector 174 is ENABLED
detector 175 is ENABLED
detector 176 is ENABLED
detector 177 is ENABLED
detector 178 is ENABLED
detector 179 is ENABLED
detector 180 is ENABLED
detector 181 is ENABLED
detector 182 is ENABLED
detector 183 is ENABLED
detector 184 is ENABLED
detector 185 is ENABLED
detector 186 is ENABLED
detector 187 is ENABLED
detector 188 is ENABLED
detector 189 is ENABLED
detector 190 is ENABLED
detector 191 is ENABLED
detector 192 is ENABLED
detector 193 is ENABLED
detector 194 is ENABLED
detector 195 is ENABLED
detector 196 is ENABLED
detector 197 is ENABLED
detector 198 is ENABLED
detector 199 is ENABLED
WARNING: could not open CCcal file "CCenergy.cal", quit
will use beam direction 0.000000 0.000000 1.000000
vector length= 1.000000, normalizing
will use beam direction 0.000000 0.000000 1.000000
Pars.ndetlimlo=1,Pars.ndetlimhi=8
will require mult bt: 1 20
fomlimits, 1, 0.00 ..to.. 0.80
fomlimits, 2, 0.00 ..to.. 0.80
fomlimits, 3, 0.00 ..to.. 0.80
fomlimits, 4, 0.00 ..to.. 0.80
fomlimits, 5, 0.00 ..to.. 0.80
fomlimits, 6, 0.00 ..to.. 0.80
fomlimits, 7, 0.00 ..to.. 0.80
will use M= 350.000000 in bin_dgs
will use PZ file "dgs_pz.cal" in bin_dgs
will use ecal file "dgs_ehi.cal" in bin_dgs
will skip rest of chat file

chat file: <GEBSort.chat> closed
processed 39 sort instructions and 198 lines


sorting this:
Pars.do_bin_mode3 = 1
Pars.do_bin_mode2 = 1
Pars.do_bin_mode1 = 0
Pars.do_bin_dgs = 0
Pars.do_bin_dfma = 0
Pars.do_bin_gtcal = 0
Pars.do_bin_template = 0
Pars.do_bin_final = 0
Pars.do_bin_angcor = 0
Pars.do_bin_angdis = 0
checking proper input of chat file...
input file "/lcrc/project/HELIOS/gretinafma/merged_data/GEBMerged_run172.gtd_000" is open, inData=0x25deaa60
file size is -1313161500 bytes or -1282 MBs 
input source is set up, supposedly

xyz offset values:

executing ShareMemFileUserInit.h code

deleted \rm -f GEBSort.command
root file </lcrc/project/HELIOS/gretinafma/root_data/run172.root>
base=</lcrc/project/HELIOS/gretinafma/root_data/run172.root:/>
TFile: name=/lcrc/project/HELIOS/gretinafma/root_data/run172.root, title=, option=CREATE

executing UserInit.h code

Created Object "dtbtev", 0x26e40210
Created Object "T0", 0x26e40620
, "T0"Created Object "hitpat", 0x26e40a10
, "hitpat"Created Object "numHitArray2", 0x26e41460
, "numHitArray2"Created Object "CCmult", 0x26e41eb0
, "CC Multiplicity"Created Object "CCsum", 0x27113590
, "CCsum"Created Object "hit2", 0x271233a0
, "hit2"Created Object "hit3", 0x271331b0
, "hit3"Created Object "hit4", 0x27142fc0
, "hit4"Created Object "CCsum_nodop", 0x27152dd0
, "CCsum_nodop"Created Object "CCadd", 0x27162be0
, "CCadd"Created Object "SEGadd_FPGA", 0x271729f0
Created Object "SEGadd_PSA", 0x27172e00
Created Object "SEGsum_FPGA", 0x27173210
Created Object "SEGsum_PSA", 0x27173620
Created Object "radius_all", 0x27173a30
, "radius (all points)"Created Object "rate_mode2_min", 0x2717be40
, "rate_mode2_min headers"Created Object "rate_mode2_sec", 0x2717ef50
, "rate_mode2_sec headers"Created Object "rate_mode2_intp", 0x27182190
, "rate_mode2 interaction points"Created Object "cdtbtev", 0x27185440
Created Object "evsr_all", 0x2724b420
Created Object "SMAP_allhits", 0x2724b960
Created Object "SMAP_allhits_sq", 0x2734b2f0
Created Object "seghitpat", 0x2744ac80
Created Object "CCe", 0x27453080
Created Object "ggCC", 0x27453630
Created Object "z_plot", 0x27453be0
Created Object "crystal_hit", 0x275072b0
Created Object "SegE", 0x27507880
Created Object "crXcr", 0x27507dc0
MAXDETPOS=180
Created Object "eCC_a", 0x275f5940
Created Object "eCC_b", 0x275f5d50
Created Object "eCC_c", 0x275f61c0
Created Object "eCC_d", 0x275f6770
Created Object "eSeg", 0x275f6cb0
Created Object "mode3_hitpat", 0x275f7260
, "mode3_hitpat"Created Object "mode3_hitpat_chan", 0x275f7bd0
, "mode3_hitpat_chan"Created Object "chan0", 0x275f8300
, "chan0"Created Object "module", 0x2760c130
, "module"Created Object "chan", 0x2761ff60
Created Object "l", 0x27695880
, "l"Created Object "r", 0x276a96b0
, "r"Created Object "up", 0x276bd470
, "up"Created Object "down", 0x276d1230
, "down"Created Object "sumlr", 0x276e5060
, "sumlr"Created Object "sumud", 0x276f8e90
, "sumud"Created Object "x", 0x2770ccc0
, "x"Created Object "y", 0x27720af0
, "y"Created Object "de1", 0x27734920
, "de1"Created Object "de2", 0x277486e0
, "de2"Created Object "de3", 0x2775c4a0
, "de3"Created Object "de12", 0x277702d0
, "de12"Created Object "etot", 0x27784100
, "etot"Created Object "rftof", 0x27797ec0
, "rftof"Created Object "lr", 0x277abc80
Created Object "ud", 0x277ac1c0
Created Object "ede1", 0x277ac700
Created Object "ede1g", 0x277acc40
Created Object "ede2", 0x277ad1f0
Created Object "ede12", 0x277ad7a0
Created Object "xde1", 0x277add50
Created Object "erftof", 0x277ae290
Created Object "erftofg", 0x277ae7d0
Created Object "sumehi", 0x277aed80
, "sumehi"Created Object "tgppac", 0x277c2b40
, "tgppac"Created Object "tgppacg", 0x277ea1f0
, "tgppacg"Created Object "xehi1", 0x278118a0
Created Object "xehi1g", 0x27811de0
Created Object "de1ehi", 0x27812390
Created Object "de1ehig", 0x278128d0
Created Object "ng", 0x27812e10
, "ng"Created Object "ehiz1", 0x27826bd0
, "ehiz1"Created Object "ehiz2", 0x2783a990
, "ehiz2"Created Object "ehiz3", 0x2784e7c0
, "ehiz3"Created Object "ehiz4", 0x278625f0
, "ehiz4"Created Object "ehiz5", 0x27876420
, "ehiz5"Created Object "gg_dt", 0x2788a1e0
, "gg_dt"Created Object "gg", 0x2788e610
Created Object "gg_z1", 0x2788ebc0
Created Object "gg_z2", 0x2788f170
Created Object "gg_z3", 0x2788f720
Created Object "gg_z4", 0x2788fcd0
Created Object "gg_z5", 0x27890210
we have define the following ROOT spectra:
Collection name='THashList', class='THashList', size=84
 TH1.Print Name  = dtbtev, Entries= 0, Total sum= 0
 TH1.Print Name  = T0, Entries= 0, Total sum= 0
 TH1.Print Name  = hitpat, Entries= 0, Total sum= 0
 TH1.Print Name  = numHitArray2, Entries= 0, Total sum= 0
 TH1.Print Name  = CCmult, Entries= 0, Total sum= 0
 TH1.Print Name  = CCsum, Entries= 0, Total sum= 0
 TH1.Print Name  = hit2, Entries= 0, Total sum= 0
 TH1.Print Name  = hit3, Entries= 0, Total sum= 0
 TH1.Print Name  = hit4, Entries= 0, Total sum= 0
 TH1.Print Name  = CCsum_nodop, Entries= 0, Total sum= 0
 TH1.Print Name  = CCadd, Entries= 0, Total sum= 0
 TH1.Print Name  = SEGadd_FPGA, Entries= 0, Total sum= 0
 TH1.Print Name  = SEGadd_PSA, Entries= 0, Total sum= 0
 TH1.Print Name  = SEGsum_FPGA, Entries= 0, Total sum= 0
 TH1.Print Name  = SEGsum_PSA, Entries= 0, Total sum= 0
 TH1.Print Name  = radius_all, Entries= 0, Total sum= 0
 TH1.Print Name  = rate_mode2_min, Entries= 0, Total sum= 0
 TH1.Print Name  = rate_mode2_sec, Entries= 0, Total sum= 0
 TH1.Print Name  = rate_mode2_intp, Entries= 0, Total sum= 0
 TH1.Print Name  = cdtbtev, Entries= 0, Total sum= 0
 TH1.Print Name  = evsr_all, Entries= 0, Total sum= 0
 TH1.Print Name  = SMAP_allhits, Entries= 0, Total sum= 0
 TH1.Print Name  = SMAP_allhits_sq, Entries= 0, Total sum= 0
 TH1.Print Name  = seghitpat, Entries= 0, Total sum= 0
 TH1.Print Name  = CCe, Entries= 0, Total sum= 0
 TH1.Print Name  = ggCC, Entries= 0, Total sum= 0
 TH1.Print Name  = z_plot, Entries= 0, Total sum= 0
 TH1.Print Name  = crystal_hit, Entries= 0, Total sum= 0
 TH1.Print Name  = SegE, Entries= 0, Total sum= 0
 TH1.Print Name  = crXcr, Entries= 0, Total sum= 0
 ******************************************************************************
*Tree    :tree      : tree                                                   *
*Entries :        0 : Total =            8461 bytes  File  Size =          0 *
*        :          : Tree compression factor =   1.00                       *
******************************************************************************
*Br    0 :runNumber : runNumber/I                                            *
*Entries :        0 : Total  Size=        501 bytes  One basket in memory    *
*Baskets :        0 : Basket Size=      32000 bytes  Compression=   1.00     *
*............................................................................*
*Br    1 :numHits   : numHits/I                                              *
*Entries :        0 : Total  Size=        493 bytes  One basket in memory    *
*Baskets :        0 : Basket Size=      32000 bytes  Compression=   1.00     *
*............................................................................*
*Br    2 :left      : left[numHits]/F                                        *
*Entries :        0 : Total  Size=        580 bytes  One basket in memory    *
*Baskets :        0 : Basket Size=      32000 bytes  Compression=   1.00     *
*............................................................................*
*Br    3 :right     : right[numHits]/F                                       *
*Entries :        0 : Total  Size=        584 bytes  One basket in memory    *
*Baskets :        0 : Basket Size=      32000 bytes  Compression=   1.00     *
*............................................................................*
*Br    4 :up        : up[numHits]/F                                          *
*Entries :        0 : Total  Size=        572 bytes  One basket in memory    *
*Baskets :        0 : Basket Size=      32000 bytes  Compression=   1.00     *
*............................................................................*
*Br    5 :down      : down[numHits]/F                                        *
*Entries :        0 : Total  Size=        580 bytes  One basket in memory    *
*Baskets :        0 : Basket Size=      32000 bytes  Compression=   1.00     *
*............................................................................*
*Br    6 :e1        : e1[numHits]/F                                          *
*Entries :        0 : Total  Size=        572 bytes  One basket in memory    *
*Baskets :        0 : Basket Size=      32000 bytes  Compression=   1.00     *
*............................................................................*
*Br    7 :e2        : e2[numHits]/F                                          *
*Entries :        0 : Total  Size=        572 bytes  One basket in memory    *
*Baskets :        0 : Basket Size=      32000 bytes  Compression=   1.00     *
*............................................................................*
*Br    8 :e3        : e3[numHits]/F                                          *
*Entries :        0 : Total  Size=        572 bytes  One basket in memory    *
*Baskets :        0 : Basket Size=      32000 bytes  Compression=   1.00     *
*............................................................................*
*Br    9 :tac       : tac[numHits]/F                                         *
*Entries :        0 : Total  Size=        576 bytes  One basket in memory    *
*Baskets :        0 : Basket Size=      32000 bytes  Compression=   1.00     *
*............................................................................*
*Br   10 :fmaDeltaTime : fmaDeltaTime[numHits]/F                             *
*Entries :        0 : Total  Size=        612 bytes  One basket in memory    *
*Baskets :        0 : Basket Size=      32000 bytes  Compression=   1.00     *
*............................................................................*
*Br   11 :fmaMult   : fmaMult[10]/I                                          *
*Entries :        0 : Total  Size=        501 bytes  One basket in memory    *
*Baskets :        0 : Basket Size=      32000 bytes  Compression=   1.00     *
*............................................................................*
*Br   12 :gammaMult : gammaMult/I                                            *
*Entries :        0 : Total  Size=        501 bytes  One basket in memory    *
*Baskets :        0 : Basket Size=      32000 bytes  Compression=   1.00     *
*............................................................................*
*Br   13 :gammaEnergy : gammaEnergy[gammaMult]/F                             *
*Entries :        0 : Total  Size=        616 bytes  One basket in memory    *
*Baskets :        0 : Basket Size=      32000 bytes  Compression=   1.00     *
*............................................................................*
*Br   14 :gammaTimestamp : gammaTimestamp[gammaMult]/F                       *
*Entries :        0 : Total  Size=        628 bytes  One basket in memory    *
*Baskets :        0 : Basket Size=      32000 bytes  Compression=   1.00     *
*............................................................................*
*Br   15 :deltaTime : deltaTime[gammaMult]/F                                 *
*Entries :        0 : Total  Size=        608 bytes  One basket in memory    *
*Baskets :        0 : Basket Size=      32000 bytes  Compression=   1.00     *
*............................................................................*
 TH1.Print Name  = eCC_a, Entries= 0, Total sum= 0
 TH1.Print Name  = eCC_b, Entries= 0, Total sum= 0
 TH1.Print Name  = eCC_c, Entries= 0, Total sum= 0
 TH1.Print Name  = eCC_d, Entries= 0, Total sum= 0
 TH1.Print Name  = eSeg, Entries= 0, Total sum= 0
 TH1.Print Name  = mode3_hitpat, Entries= 0, Total sum= 0
 TH1.Print Name  = mode3_hitpat_chan, Entries= 0, Total sum= 0
 TH1.Print Name  = chan0, Entries= 0, Total sum= 0
 TH1.Print Name  = module, Entries= 0, Total sum= 0
 TH1.Print Name  = chan, Entries= 0, Total sum= 0
 TH1.Print Name  = l, Entries= 0, Total sum= 0
 TH1.Print Name  = r, Entries= 0, Total sum= 0
 TH1.Print Name  = up, Entries= 0, Total sum= 0
 TH1.Print Name  = down, Entries= 0, Total sum= 0
 TH1.Print Name  = sumlr, Entries= 0, Total sum= 0
 TH1.Print Name  = sumud, Entries= 0, Total sum= 0
 TH1.Print Name  = x, Entries= 0, Total sum= 0
 TH1.Print Name  = y, Entries= 0, Total sum= 0
 TH1.Print Name  = de1, Entries= 0, Total sum= 0
 TH1.Print Name  = de2, Entries= 0, Total sum= 0
 TH1.Print Name  = de3, Entries= 0, Total sum= 0
 TH1.Print Name  = de12, Entries= 0, Total sum= 0
 TH1.Print Name  = etot, Entries= 0, Total sum= 0
 TH1.Print Name  = rftof, Entries= 0, Total sum= 0
 TH1.Print Name  = lr, Entries= 0, Total sum= 0
 TH1.Print Name  = ud, Entries= 0, Total sum= 0
 TH1.Print Name  = ede1, Entries= 0, Total sum= 0
 TH1.Print Name  = ede1g, Entries= 0, Total sum= 0
 TH1.Print Name  = ede2, Entries= 0, Total sum= 0
 TH1.Print Name  = ede12, Entries= 0, Total sum= 0
 TH1.Print Name  = xde1, Entries= 0, Total sum= 0
 TH1.Print Name  = erftof, Entries= 0, Total sum= 0
 TH1.Print Name  = erftofg, Entries= 0, Total sum= 0
 TH1.Print Name  = sumehi, Entries= 0, Total sum= 0
 TH1.Print Name  = tgppac, Entries= 0, Total sum= 0
 TH1.Print Name  = tgppacg, Entries= 0, Total sum= 0
 TH1.Print Name  = xehi1, Entries= 0, Total sum= 0
 TH1.Print Name  = xehi1g, Entries= 0, Total sum= 0
 TH1.Print Name  = de1ehi, Entries= 0, Total sum= 0
 TH1.Print Name  = de1ehig, Entries= 0, Total sum= 0
 TH1.Print Name  = ng, Entries= 0, Total sum= 0
 TH1.Print Name  = ehiz1, Entries= 0, Total sum= 0
 TH1.Print Name  = ehiz2, Entries= 0, Total sum= 0
 TH1.Print Name  = ehiz3, Entries= 0, Total sum= 0
 TH1.Print Name  = ehiz4, Entries= 0, Total sum= 0
 TH1.Print Name  = ehiz5, Entries= 0, Total sum= 0
 TH1.Print Name  = gg_dt, Entries= 0, Total sum= 0
 TH1.Print Name  = gg, Entries= 0, Total sum= 0
 TH1.Print Name  = gg_z1, Entries= 0, Total sum= 0
 TH1.Print Name  = gg_z2, Entries= 0, Total sum= 0
 TH1.Print Name  = gg_z3, Entries= 0, Total sum= 0
 TH1.Print Name  = gg_z4, Entries= 0, Total sum= 0
 TH1.Print Name  = gg_z5, Entries= 0, Total sum= 0
GRETINA detector angles
mod  1, crystal 0 [  4]: ( 10.07   3.58  15.10) pol   35.30 ,  azi   13.35; pol   35.30 ,  azi   19.58; modCCdopfac[4] 1.0271
mod  1, crystal 1 [  5]: ( 10.11   9.19  12.47) pol   47.60 ,  azi   36.39; pol   47.60 ,  azi   42.30; modCCdopfac[5] 1.0222
mod  1, crystal 2 [  6]: (  5.44   7.69  15.92) pol   30.60 ,  azi   25.77; pol   30.60 ,  azi   54.72; modCCdopfac[6] 1.0287
mod  1, crystal 3 [  7]: (  4.99   1.78  17.72) pol   16.65 ,  azi    5.72; pol   16.65 ,  azi   19.58; modCCdopfac[7] 1.0321
mod  2, crystal 0 [  8]: ( -0.29  10.69  15.10) pol   35.30 ,  azi   35.29; pol   35.30 ,  azi   91.58; modCCdopfac[8] 1.0271
mod  2, crystal 1 [  9]: ( -5.62  12.45  12.47) pol   47.60 ,  azi   44.95; pol   47.60 ,  azi  114.30; modCCdopfac[9] 1.0222
mod  2, crystal 2 [ 10]: ( -5.63   7.55  15.92) pol   30.60 ,  azi   25.36; pol   30.60 ,  azi  126.72; modCCdopfac[10] 1.0287
mod  2, crystal 3 [ 11]: ( -0.15   5.30  17.72) pol   16.65 ,  azi   16.64; pol   16.65 ,  azi   91.58; modCCdopfac[11] 1.0321
mod  3, crystal 0 [ 12]: (-10.25   3.02  15.10) pol   35.30 ,  azi   11.32; pol   35.30 ,  azi  163.58; modCCdopfac[12] 1.0271
mod  3, crystal 1 [ 13]: (-13.58  -1.50  12.47) pol   47.60 ,  azi   -6.85; pol   47.60 ,  azi -173.70; modCCdopfac[13] 1.0222
mod  3, crystal 2 [ 14]: ( -8.92  -3.02  15.92) pol   30.60 ,  azi  -10.75; pol   30.60 ,  azi -161.28; modCCdopfac[14] 1.0287
mod  3, crystal 3 [ 15]: ( -5.08   1.50  17.72) pol   16.65 ,  azi    4.83; pol   16.65 ,  azi  163.58; modCCdopfac[15] 1.0321
mod  4, crystal 0 [ 16]: ( -6.04  -8.82  15.10) pol   35.30 ,  azi  -30.29; pol   35.30 ,  azi -124.42; modCCdopfac[16] 1.0271
mod  4, crystal 1 [ 17]: ( -2.77 -13.38  12.47) pol   47.60 ,  azi  -47.00; pol   47.60 ,  azi -101.70; modCCdopfac[17] 1.0222
mod  4, crystal 2 [ 18]: (  0.12  -9.42  15.92) pol   30.60 ,  azi  -30.60; pol   30.60 ,  azi  -89.28; modCCdopfac[18] 1.0287
mod  4, crystal 3 [ 19]: ( -3.00  -4.37  17.72) pol   16.65 ,  azi  -13.86; pol   16.65 ,  azi -124.42; modCCdopfac[19] 1.0321
mod  5, crystal 0 [ 20]: (  6.52  -8.47  15.10) pol   35.30 ,  azi  -29.30; pol   35.30 ,  azi  -52.42; modCCdopfac[20] 1.0271
mod  5, crystal 1 [ 21]: ( 11.87  -6.77  12.47) pol   47.60 ,  azi  -28.49; pol   47.60 ,  azi  -29.70; modCCdopfac[21] 1.0222
mod  5, crystal 2 [ 22]: (  8.99  -2.80  15.92) pol   30.60 ,  azi   -9.96; pol   30.60 ,  azi  -17.28; modCCdopfac[22] 1.0287
mod  5, crystal 3 [ 23]: (  3.23  -4.20  17.72) pol   16.65 ,  azi  -13.33; pol   16.65 ,  azi  -52.42; modCCdopfac[23] 1.0321
mod  6, crystal 0 [ 24]: (  4.54  16.51   7.02) pol   67.71 ,  azi   66.97; pol   67.71 ,  azi   74.63; modCCdopfac[24] 1.0121
mod  6, crystal 1 [ 25]: ( -0.33  15.15  10.61) pol   55.02 ,  azi   55.01; pol   55.02 ,  azi   91.23; modCCdopfac[25] 1.0187
mod  6, crystal 2 [ 26]: (  5.05  13.00  12.16) pol   48.92 ,  azi   46.92; pol   48.92 ,  azi   68.77; modCCdopfac[26] 1.0216
mod  6, crystal 3 [ 27]: (  9.66  13.57   8.06) pol   64.18 ,  azi   59.29; pol   64.18 ,  azi   54.55; modCCdopfac[27] 1.0140
mod  7, crystal 0 [ 28]: (-14.30   9.42   7.02) pol   67.71 ,  azi   53.31; pol   67.71 ,  azi  146.63; modCCdopfac[28] 1.0121
mod  7, crystal 1 [ 29]: (-14.51   4.37  10.61) pol   55.02 ,  azi   22.40; pol   55.02 ,  azi  163.23; modCCdopfac[29] 1.0187
mod  7, crystal 2 [ 30]: (-10.80   8.82  12.16) pol   48.92 ,  azi   35.96; pol   48.92 ,  azi  140.77; modCCdopfac[30] 1.0216
mod  7, crystal 3 [ 31]: ( -9.92  13.38   8.06) pol   64.18 ,  azi   58.94; pol   64.18 ,  azi  126.55; modCCdopfac[31] 1.0140
mod  8, crystal 0 [ 32]: (-13.37 -10.69   7.02) pol   67.71 ,  azi  -56.71; pol   67.71 ,  azi -141.37; modCCdopfac[32] 1.0121
mod  8, crystal 1 [ 33]: ( -8.64 -12.45  10.61) pol   55.02 ,  azi  -49.58; pol   55.02 ,  azi -124.77; modCCdopfac[33] 1.0187
mod  8, crystal 2 [ 34]: (-11.73  -7.55  12.16) pol   48.92 ,  azi  -31.84; pol   48.92 ,  azi -147.23; modCCdopfac[34] 1.0216
mod  8, crystal 3 [ 35]: (-15.79  -5.30   8.06) pol   64.18 ,  azi  -33.33; pol   64.18 ,  azi -161.45; modCCdopfac[35] 1.0140
mod  9, crystal 0 [ 36]: (  6.03 -16.02   7.02) pol   67.71 ,  azi  -66.35; pol   67.71 ,  azi  -69.37; modCCdopfac[36] 1.0121
mod  9, crystal 1 [ 37]: (  9.17 -12.07  10.61) pol   55.02 ,  azi  -48.69; pol   55.02 ,  azi  -52.77; modCCdopfac[37] 1.0187
mod  9, crystal 2 [ 38]: (  3.56 -13.48  12.16) pol   48.92 ,  azi  -47.96; pol   48.92 ,  azi  -75.23; modCCdopfac[38] 1.0216
mod  9, crystal 3 [ 39]: (  0.16 -16.65   8.06) pol   64.18 ,  azi  -64.18; pol   64.18 ,  azi  -89.45; modCCdopfac[39] 1.0140
mod 10, crystal 0 [ 40]: ( 17.10   0.79   7.02) pol   67.71 ,  azi    6.39; pol   67.71 ,  azi    2.63; modCCdopfac[40] 1.0121
mod 10, crystal 1 [ 41]: ( 14.31   4.99  10.61) pol   55.02 ,  azi   25.21; pol   55.02 ,  azi   19.23; modCCdopfac[41] 1.0187
mod 10, crystal 2 [ 42]: ( 13.92  -0.79  12.16) pol   48.92 ,  azi   -3.70; pol   48.92 ,  azi   -3.23; modCCdopfac[42] 1.0216
mod 10, crystal 3 [ 43]: ( 15.89  -4.99   8.06) pol   64.18 ,  azi  -31.79; pol   64.18 ,  azi  -17.45; modCCdopfac[43] 1.0140
mod 11, crystal 0 [ 44]: ( 18.26   2.80   0.92) pol   87.15 ,  azi   71.78; pol   87.15 ,  azi    8.71; modCCdopfac[44] 1.0011
mod 11, crystal 1 [ 45]: ( 17.30   4.20  -5.04) pol  105.79 ,  azi  140.16; pol  105.79 ,  azi   13.65; modCCdopfac[45] 0.9906
mod 11, crystal 2 [ 46]: ( 16.42   8.47  -0.92) pol   92.85 ,  azi   96.20; pol   92.85 ,  azi   27.29; modCCdopfac[46] 0.9978
mod 11, crystal 3 [ 47]: ( 16.46   6.77   5.04) pol   74.21 ,  azi   53.36; pol   74.21 ,  azi   22.35; modCCdopfac[47] 1.0085
mod 12, crystal 0 [ 48]: ( 12.46  13.48  -2.26) pol   97.01 ,  azi   99.50; pol   97.01 ,  azi   47.25; modCCdopfac[48] 0.9954
mod 12, crystal 1 [ 49]: (  7.28  16.65  -3.46) pol  100.78 ,  azi  101.74; pol  100.78 ,  azi   66.39; modCCdopfac[49] 0.9933
mod 12, crystal 2 [ 50]: (  8.97  16.02   2.26) pol   82.99 ,  azi   81.98; pol   82.99 ,  azi   60.75; modCCdopfac[50] 1.0035
mod 12, crystal 3 [ 51]: ( 13.59  12.07   3.46) pol   79.22 ,  azi   74.00; pol   79.22 ,  azi   41.61; modCCdopfac[51] 1.0057
mod 13, crystal 0 [ 52]: (  2.98  18.23   0.92) pol   87.15 ,  azi   87.11; pol   87.15 ,  azi   80.71; modCCdopfac[52] 1.0011
mod 13, crystal 1 [ 53]: (  1.35  17.75  -5.04) pol  105.79 ,  azi  105.84; pol  105.79 ,  azi   85.65; modCCdopfac[53] 0.9906
mod 13, crystal 2 [ 54]: ( -2.98  18.23  -0.92) pol   92.85 ,  azi   92.89; pol   92.85 ,  azi   99.29; modCCdopfac[54] 0.9978
mod 13, crystal 3 [ 55]: ( -1.35  17.75   5.04) pol   74.21 ,  azi   74.16; pol   74.21 ,  azi   94.35; modCCdopfac[55] 1.0085
mod 14, crystal 0 [ 56]: ( -8.97  16.02  -2.26) pol   97.01 ,  azi   98.02; pol   97.01 ,  azi  119.25; modCCdopfac[56] 0.9954
mod 14, crystal 1 [ 57]: (-13.59  12.07  -3.46) pol  100.78 ,  azi  106.00; pol  100.78 ,  azi  138.39; modCCdopfac[57] 0.9933
mod 14, crystal 2 [ 58]: (-12.46  13.48   2.26) pol   82.99 ,  azi   80.50; pol   82.99 ,  azi  132.75; modCCdopfac[58] 1.0035
mod 14, crystal 3 [ 59]: ( -7.28  16.65   3.46) pol   79.22 ,  azi   78.26; pol   79.22 ,  azi  113.61; modCCdopfac[59] 1.0057
mod 15, crystal 0 [ 60]: (-16.42   8.47   0.92) pol   87.15 ,  azi   83.80; pol   87.15 ,  azi  152.71; modCCdopfac[60] 1.0011
mod 15, crystal 1 [ 61]: (-16.46   6.77  -5.04) pol  105.79 ,  azi  126.64; pol  105.79 ,  azi  157.65; modCCdopfac[61] 0.9906
mod 15, crystal 2 [ 62]: (-18.26   2.80  -0.92) pol   92.85 ,  azi  108.22; pol   92.85 ,  azi  171.29; modCCdopfac[62] 0.9978
mod 15, crystal 3 [ 63]: (-17.30   4.20   5.04) pol   74.21 ,  azi   39.84; pol   74.21 ,  azi  166.35; modCCdopfac[63] 1.0085
mod 16, crystal 0 [ 64]: (-18.01  -3.58  -2.26) pol   97.01 ,  azi -122.21; pol   97.01 ,  azi -168.75; modCCdopfac[64] 0.9954
mod 16, crystal 1 [ 65]: (-15.68  -9.19  -3.46) pol  100.78 ,  azi -110.62; pol  100.78 ,  azi -149.61; modCCdopfac[65] 0.9933
mod 16, crystal 2 [ 66]: (-16.68  -7.69   2.26) pol   82.99 ,  azi  -73.64; pol   82.99 ,  azi -155.25; modCCdopfac[66] 1.0035
mod 16, crystal 3 [ 67]: (-18.09  -1.78   3.46) pol   79.22 ,  azi  -27.18; pol   79.22 ,  azi -174.39; modCCdopfac[67] 1.0057
mod 17, crystal 0 [ 68]: (-13.13 -13.00   0.92) pol   87.15 ,  azi  -85.95; pol   87.15 ,  azi -135.29; modCCdopfac[68] 1.0011
mod 17, crystal 1 [ 69]: (-11.53 -13.57  -5.04) pol  105.79 ,  azi -110.36; pol  105.79 ,  azi -130.35; modCCdopfac[69] 0.9906
mod 17, crystal 2 [ 70]: ( -8.30 -16.51  -0.92) pol   92.85 ,  azi  -93.19; pol   92.85 ,  azi -116.71; modCCdopfac[70] 0.9978
mod 17, crystal 3 [ 71]: ( -9.34 -15.15   5.04) pol   74.21 ,  azi  -71.62; pol   74.21 ,  azi -121.65; modCCdopfac[71] 1.0085
mod 18, crystal 0 [ 72]: ( -2.16 -18.23  -2.26) pol   97.01 ,  azi  -97.05; pol   97.01 ,  azi  -96.75; modCCdopfac[72] 0.9954
mod 18, crystal 1 [ 73]: (  3.90 -17.75  -3.46) pol  100.78 ,  azi -101.03; pol  100.78 ,  azi  -77.61; modCCdopfac[73] 0.9933
mod 18, crystal 2 [ 74]: (  2.16 -18.23   2.26) pol   82.99 ,  azi  -82.95; pol   82.99 ,  azi  -83.25; modCCdopfac[74] 1.0035
mod 18, crystal 3 [ 75]: ( -3.90 -17.75   3.46) pol   79.22 ,  azi  -78.97; pol   79.22 ,  azi -102.39; modCCdopfac[75] 1.0057
mod 19, crystal 0 [ 76]: (  8.30 -16.51   0.92) pol   87.15 ,  azi  -86.81; pol   87.15 ,  azi  -63.29; modCCdopfac[76] 1.0011
mod 19, crystal 1 [ 77]: (  9.34 -15.15  -5.04) pol  105.79 ,  azi -108.38; pol  105.79 ,  azi  -58.35; modCCdopfac[77] 0.9906
mod 19, crystal 2 [ 78]: ( 13.13 -13.00  -0.92) pol   92.85 ,  azi  -94.05; pol   92.85 ,  azi  -44.71; modCCdopfac[78] 0.9978
mod 19, crystal 3 [ 79]: ( 11.53 -13.57   5.04) pol   74.21 ,  azi  -69.64; pol   74.21 ,  azi  -49.65; modCCdopfac[79] 1.0085
mod 20, crystal 0 [ 80]: ( 16.68  -7.69  -2.26) pol   97.01 ,  azi -106.36; pol   97.01 ,  azi  -24.75; modCCdopfac[80] 0.9954
mod 20, crystal 1 [ 81]: ( 18.09  -1.78  -3.46) pol  100.78 ,  azi -152.82; pol  100.78 ,  azi   -5.61; modCCdopfac[81] 0.9933
mod 20, crystal 2 [ 82]: ( 18.01  -3.58   2.26) pol   82.99 ,  azi  -57.79; pol   82.99 ,  azi  -11.25; modCCdopfac[82] 1.0035
mod 20, crystal 3 [ 83]: ( 15.68  -9.19   3.46) pol   79.22 ,  azi  -69.38; pol   79.22 ,  azi  -30.39; modCCdopfac[83] 1.0057
mod 21, crystal 0 [ 84]: ( 14.30   9.42  -7.02) pol  112.29 ,  azi  126.69; pol  112.29 ,  azi   33.37; modCCdopfac[84] 0.9871
mod 21, crystal 1 [ 85]: ( 14.51   4.37 -10.61) pol  124.98 ,  azi  157.60; pol  124.98 ,  azi   16.77; modCCdopfac[85] 0.9809
mod 21, crystal 2 [ 86]: ( 10.80   8.82 -12.16) pol  131.08 ,  azi  144.04; pol  131.08 ,  azi   39.23; modCCdopfac[86] 0.9782
mod 21, crystal 3 [ 87]: (  9.92  13.38  -8.06) pol  115.82 ,  azi  121.06; pol  115.82 ,  azi   53.45; modCCdopfac[87] 0.9853
mod 22, crystal 0 [ 88]: ( -4.54  16.51  -7.02) pol  112.29 ,  azi  113.03; pol  112.29 ,  azi  105.37; modCCdopfac[88] 0.9871
mod 22, crystal 1 [ 89]: (  0.33  15.15 -10.61) pol  124.98 ,  azi  124.99; pol  124.98 ,  azi   88.77; modCCdopfac[89] 0.9809
mod 22, crystal 2 [ 90]: ( -5.05  13.00 -12.16) pol  131.08 ,  azi  133.08; pol  131.08 ,  azi  111.23; modCCdopfac[90] 0.9782
mod 22, crystal 3 [ 91]: ( -9.66  13.57  -8.06) pol  115.82 ,  azi  120.71; pol  115.82 ,  azi  125.45; modCCdopfac[91] 0.9853
mod 23, crystal 0 [ 92]: (-17.10   0.79  -7.02) pol  112.29 ,  azi  173.61; pol  112.29 ,  azi  177.37; modCCdopfac[92] 0.9871
mod 23, crystal 1 [ 93]: (-14.31   4.99 -10.61) pol  124.98 ,  azi  154.79; pol  124.98 ,  azi  160.77; modCCdopfac[93] 0.9809
mod 23, crystal 2 [ 94]: (-13.92  -0.79 -12.16) pol  131.08 ,  azi -176.30; pol  131.08 ,  azi -176.77; modCCdopfac[94] 0.9782
mod 23, crystal 3 [ 95]: (-15.89  -4.99  -8.06) pol  115.82 ,  azi -148.21; pol  115.82 ,  azi -162.55; modCCdopfac[95] 0.9853
mod 24, crystal 0 [ 96]: ( -6.03 -16.02  -7.02) pol  112.29 ,  azi -113.65; pol  112.29 ,  azi -110.63; modCCdopfac[96] 0.9871
mod 24, crystal 1 [ 97]: ( -9.17 -12.07 -10.61) pol  124.98 ,  azi -131.31; pol  124.98 ,  azi -127.23; modCCdopfac[97] 0.9809
mod 24, crystal 2 [ 98]: ( -3.56 -13.48 -12.16) pol  131.08 ,  azi -132.04; pol  131.08 ,  azi -104.77; modCCdopfac[98] 0.9782
mod 24, crystal 3 [ 99]: ( -0.16 -16.65  -8.06) pol  115.82 ,  azi -115.82; pol  115.82 ,  azi  -90.55; modCCdopfac[99] 0.9853
mod 25, crystal 0 [100]: ( 13.37 -10.69  -7.02) pol  112.29 ,  azi -123.29; pol  112.29 ,  azi  -38.63; modCCdopfac[100] 0.9871
mod 25, crystal 1 [101]: (  8.64 -12.45 -10.61) pol  124.98 ,  azi -130.42; pol  124.98 ,  azi  -55.23; modCCdopfac[101] 0.9809
mod 25, crystal 2 [102]: ( 11.73  -7.55 -12.16) pol  131.08 ,  azi -148.16; pol  131.08 ,  azi  -32.77; modCCdopfac[102] 0.9782
mod 25, crystal 3 [103]: ( 15.79  -5.30  -8.06) pol  115.82 ,  azi -146.67; pol  115.82 ,  azi  -18.55; modCCdopfac[103] 0.9853
mod 26, crystal 0 [104]: (  0.29  10.69 -15.10) pol  144.70 ,  azi  144.71; pol  144.70 ,  azi   88.42; modCCdopfac[104] 0.9732
mod 26, crystal 1 [105]: (  5.62  12.45 -12.47) pol  132.40 ,  azi  135.05; pol  132.40 ,  azi   65.70; modCCdopfac[105] 0.9777
mod 26, crystal 2 [106]: (  5.63   7.55 -15.92) pol  149.40 ,  azi  154.64; pol  149.40 ,  azi   53.28; modCCdopfac[106] 0.9718
mod 26, crystal 3 [107]: (  0.15   5.30 -17.72) pol  163.35 ,  azi  163.36; pol  163.35 ,  azi   88.42; modCCdopfac[107] 0.9688
mod 27, crystal 0 [108]: (-10.07   3.58 -15.10) pol  144.70 ,  azi  166.65; pol  144.70 ,  azi  160.42; modCCdopfac[108] 0.9732
mod 27, crystal 1 [109]: (-10.11   9.19 -12.47) pol  132.40 ,  azi  143.61; pol  132.40 ,  azi  137.70; modCCdopfac[109] 0.9777
mod 27, crystal 2 [110]: ( -5.44   7.69 -15.92) pol  149.40 ,  azi  154.23; pol  149.40 ,  azi  125.28; modCCdopfac[110] 0.9718
mod 27, crystal 3 [111]: ( -4.99   1.78 -17.72) pol  163.35 ,  azi  174.28; pol  163.35 ,  azi  160.42; modCCdopfac[111] 0.9688
mod 28, crystal 0 [112]: ( -6.52  -8.47 -15.10) pol  144.70 ,  azi -150.70; pol  144.70 ,  azi -127.58; modCCdopfac[112] 0.9732
mod 28, crystal 1 [113]: (-11.87  -6.77 -12.47) pol  132.40 ,  azi -151.51; pol  132.40 ,  azi -150.30; modCCdopfac[113] 0.9777
mod 28, crystal 2 [114]: ( -8.99  -2.80 -15.92) pol  149.40 ,  azi -170.04; pol  149.40 ,  azi -162.72; modCCdopfac[114] 0.9718
mod 28, crystal 3 [115]: ( -3.23  -4.20 -17.72) pol  163.35 ,  azi -166.67; pol  163.35 ,  azi -127.58; modCCdopfac[115] 0.9688
mod 29, crystal 0 [116]: (  6.04  -8.82 -15.10) pol  144.70 ,  azi -149.71; pol  144.70 ,  azi  -55.58; modCCdopfac[116] 0.9732
mod 29, crystal 1 [117]: (  2.77 -13.38 -12.47) pol  132.40 ,  azi -133.00; pol  132.40 ,  azi  -78.30; modCCdopfac[117] 0.9777
mod 29, crystal 2 [118]: ( -0.12  -9.42 -15.92) pol  149.40 ,  azi -149.40; pol  149.40 ,  azi  -90.72; modCCdopfac[118] 0.9718
mod 29, crystal 3 [119]: (  3.00  -4.37 -17.72) pol  163.35 ,  azi -166.14; pol  163.35 ,  azi  -55.58; modCCdopfac[119] 0.9688
mod 30, crystal 0 [120]: ( 10.25   3.02 -15.10) pol  144.70 ,  azi  168.68; pol  144.70 ,  azi   16.42; modCCdopfac[120] 0.9732
mod 30, crystal 1 [121]: ( 13.58  -1.50 -12.47) pol  132.40 ,  azi -173.15; pol  132.40 ,  azi   -6.30; modCCdopfac[121] 0.9777
mod 30, crystal 2 [122]: (  8.92  -3.02 -15.92) pol  149.40 ,  azi -169.25; pol  149.40 ,  azi  -18.72; modCCdopfac[122] 0.9718
mod 30, crystal 3 [123]: (  5.08   1.50 -17.72) pol  163.35 ,  azi  175.17; pol  163.35 ,  azi   16.42; modCCdopfac[123] 0.9688
setup signal catcher
started sorting... from disk...

Pars.maxTS=4611686018427387904
got initial header, TS=739437445989 ID: 1 length: 464
read initial payload of siz=464 into event position 1
__ptgd[0]->type= 0; ptgd[0]->length=   0; ptgd[0]->timestamp=0
initial ii=1, nn=1
ev#     0 GEB_TYPE_DECOMP        464Bytes TS=739437473051 curTS=739437445989 dTS= 27062
t0=739437445989
first event: GEB_event.mult=1
   0/ 0: ( 1,GEB_TYPE_DECOMP      ) TS=        739437445989; dT=0
maxTS=9379437445989
that is 86400.0 seconds or 24h0m0s minutes of sorting
GEBGetEv returned st=0
we have read 960 bytes; CurEvNo=1

+++++++++++++++++++++++++++++++
*start event # 1 with multiplicity 1 looks like this:
 0>  1, GEB_TYPE_DECOMP      , TS=739437445989
entered bin_mode2: 1/10
ptinp->pad= 6, (ptinp->pad&0x000000ff)= 6
updated CCadd with    0.00
total number of hits in array: 0
exit bin_mode2
entered bin_mode3 @ event number: 1 
exit bin_mode3
*end of event # 1
+++++++++++++++++++++++++++++++
ev#     1 GEB_TYPE_DECOMP        464Bytes TS=739437526215 curTS=739437473051 dTS= 53164
GEBGetEv returned st=0
we have read 1440 bytes; CurEvNo=2

+++++++++++++++++++++++++++++++
*start event # 2 with multiplicity 1 looks like this:
 0>  1, GEB_TYPE_DECOMP      , TS=739437473051
entered bin_mode2: 2/10
ptinp->pad= 6, (ptinp->pad&0x000000ff)= 6
updated CCadd with    0.00
total number of hits in array: 0
exit bin_mode2
entered bin_mode3 @ event number: 2 
exit bin_mode3
*end of event # 2
+++++++++++++++++++++++++++++++
ev#     2 GEB_TYPE_DECOMP        464Bytes TS=739437526327 curTS=739437526215 dTS= 112
ev#     2 GEB_TYPE_DECOMP        464Bytes TS=739437626235 curTS=739437526215 dTS= 100020
GEBGetEv returned st=0
we have read 2400 bytes; CurEvNo=3

+++++++++++++++++++++++++++++++
*start event # 3 with multiplicity 2 looks like this:
 0>  1, GEB_TYPE_DECOMP      , TS=739437526215
 1>  1, GEB_TYPE_DECOMP      , TS=739437526327
entered bin_mode2: 3/10
ptinp->pad= 6, (ptinp->pad&0x000000ff)= 6
ptinp->pad= 6, (ptinp->pad&0x000000ff)= 6
updated CCadd with    0.00
total number of hits in array: 0
exit bin_mode2
entered bin_mode3 @ event number: 3 
exit bin_mode3
*end of event # 3
+++++++++++++++++++++++++++++++
ev#     3 GEB_TYPE_DECOMP        464Bytes TS=739437633483 curTS=739437626235 dTS= 7248
GEBGetEv returned st=0
we have read 2880 bytes; CurEvNo=4

+++++++++++++++++++++++++++++++
*start event # 4 with multiplicity 1 looks like this:
 0>  1, GEB_TYPE_DECOMP      , TS=739437626235
entered bin_mode2: 4/10
ptinp->pad= 6, (ptinp->pad&0x000000ff)= 6
updated CCadd with    0.00
total number of hits in array: 0
exit bin_mode2
entered bin_mode3 @ event number: 4 
exit bin_mode3
*end of event # 4
+++++++++++++++++++++++++++++++
ev#     4 GEB_TYPE_DECOMP        464Bytes TS=739437659631 curTS=739437633483 dTS= 26148
GEBGetEv returned st=0
we have read 3360 bytes; CurEvNo=5

+++++++++++++++++++++++++++++++
*start event # 5 with multiplicity 1 looks like this:
 0>  1, GEB_TYPE_DECOMP      , TS=739437633483
entered bin_mode2: 5/10
ptinp->pad= 6, (ptinp->pad&0x000000ff)= 6
updated CCadd with    0.00
total number of hits in array: 0
exit bin_mode2
entered bin_mode3 @ event number: 5 
exit bin_mode3
*end of event # 5
+++++++++++++++++++++++++++++++
ev#     5 GEB_TYPE_DECOMP        464Bytes TS=739437659631 curTS=739437659631 dTS= 0
ev#     5 GEB_TYPE_GT_MOD29      308Bytes TS=739437659885 curTS=739437659631 dTS= 254
GEBGetEv returned st=0
we have read 4164 bytes; CurEvNo=6

+++++++++++++++++++++++++++++++
*start event # 6 with multiplicity 2 looks like this:
 0>  1, GEB_TYPE_DECOMP      , TS=739437659631
 1>  1, GEB_TYPE_DECOMP      , TS=739437659631
entered bin_mode2: 6/10
ptinp->pad= 128, (ptinp->pad&0x000000ff)= 128
ptinp->pad= 6, (ptinp->pad&0x000000ff)= 6
updated CCadd with    0.00
total number of hits in array: 0
exit bin_mode2
entered bin_mode3 @ event number: 6 
exit bin_mode3
*end of event # 6
+++++++++++++++++++++++++++++++
ev#     6 GEB_TYPE_DECOMP        464Bytes TS=739437700531 curTS=739437659885 dTS= 40646
GEBGetEv returned st=0
we have read 4644 bytes; CurEvNo=7

+++++++++++++++++++++++++++++++
*start event # 7 with multiplicity 1 looks like this:
 0>  8, GEB_TYPE_GT_MOD29    , TS=739437659885
entered bin_mode2: 7/10
updated CCadd with    0.00
total number of hits in array: 0
exit bin_mode2
entered bin_mode3 @ event number: 7 

bin_mode3:  0>  8, GEB_TYPE_GT_MOD29    , TS=739437659885, 0xac29eb46ed; payload length: 308 bytes

---------
new GTheader at pos=0 or 0 words (8):
Event.hdr[ 0]=0x1f32,   7986
Event.hdr[ 1]=0x300a,  12298
Event.hdr[ 2]=0x46ed,  18157
Event.hdr[ 3]=0x29eb,  10731
Event.hdr[ 4]=0x00ac,    172
Event.hdr[ 5]=0x478e,  18318
Event.hdr[ 6]=0x0e00,   3584
Event.hdr[ 7]=0x0000,      0
Event.hdr[ 8]=0x5c9f,  23711
Event.hdr[ 9]=0xf648,  63048
Event.hdr[10]=0x0bff,   3071
Event.hdr[11]=0x0098,    152
Event.hdr[12]=0x68e0,  26848
Event.hdr[13]=0x0002,      2
Event.len=  44, Event.traceLen=  12 (in Bytes)
Event.len=  22, Event.traceLen=   6 (in 16 bit words)
Event.len=  11, Event.traceLen=   3 (in 32 bit words)
next start: 0xaaaaaaaa, pos= 44
0x1f32 module_id = 31 crystal_id = 0 digitizer_id = 3 chan_id = 2 ge_id = 124 channel = 32  -> is segment
open superpulse_007_00_01.xy at Event.chan_id = 2
open CCpulse_007_00_01.xy at Event.chan_id = 2
ncrystal=1
wrote trace to CCpulse_007_00_01.xy
two's comp tempE  ::      18318      18318 0x0000478e |0000|0000|0000|0000|0100|0111|1000|1110|
rawE              ::      18318      18318 0x0000478e |0000|0000|0000|0000|0100|0111|1000|1110|
rawE (sign change)::      18318      18318 0x0000478e |0000|0000|0000|0000|0100|0111|1000|1110|
Event.ehi=             572 0x0000023c
Event.ehi=57 (gain changed)
Event.LEDts =         739437659885
Event.CFDts =      281410551414796

---------
new GTheader at pos=44 or 22 words (30):
Event.hdr[ 0]=0x1f33,   7987
Event.hdr[ 1]=0x300a,  12298
Event.hdr[ 2]=0x46ed,  18157
Event.hdr[ 3]=0x29eb,  10731
Event.hdr[ 4]=0x00ac,    172
Event.hdr[ 5]=0xcd3a,  52538
Event.hdr[ 6]=0x4e0a,  19978
Event.hdr[ 7]=0x0000,      0
Event.hdr[ 8]=0x5c9f,  23711
Event.hdr[ 9]=0xccd8,  52440
Event.hdr[10]=0x9e0a,  40458
Event.hdr[11]=0x197d,   6525
Event.hdr[12]=0xbd40,  48448
Event.hdr[13]=0x0033,     51
Event.len=  44, Event.traceLen=  12 (in Bytes)
Event.len=  22, Event.traceLen=   6 (in 16 bit words)
Event.len=  11, Event.traceLen=   3 (in 32 bit words)
next start: 0xaaaaaaaa, pos= 88
0x1f33 module_id = 31 crystal_id = 0 digitizer_id = 3 chan_id = 3 ge_id = 124 channel = 33  -> is segment
ncrystal=1
wrote trace to CCpulse_007_00_01.xy
two's comp tempE  ::     707898     707898 0x000acd3a |0000|0000|0000|1010|1100|1101|0011|1010|
rawE              ::     707898     707898 0x000acd3a |0000|0000|0000|1010|1100|1101|0011|1010|
rawE (sign change)::     707898     707898 0x000acd3a |0000|0000|0000|1010|1100|1101|0011|1010|
Event.ehi=           22121 0x00005669
Event.ehi=2212 (gain changed)
Event.LEDts =         739437659885
Event.CFDts =      266627048013836

---------
new GTheader at pos=88 or 44 words (52):
Event.hdr[ 0]=0x1f34,   7988
Event.hdr[ 1]=0x300a,  12298
Event.hdr[ 2]=0x46ed,  18157
Event.hdr[ 3]=0x29eb,  10731
Event.hdr[ 4]=0x00ac,    172
Event.hdr[ 5]=0x0019,     25
Event.hdr[ 6]=0x0e00,   3584
Event.hdr[ 7]=0x0000,      0
Event.hdr[ 8]=0x5c9f,  23711
Event.hdr[ 9]=0xffda,  65498
Event.hdr[10]=0x41ff,  16895
Event.hdr[11]=0x0000,      0
Event.hdr[12]=0xff70,  65392
Event.hdr[13]=0x07ff,   2047
Event.len=  44, Event.traceLen=  12 (in Bytes)
Event.len=  22, Event.traceLen=   6 (in 16 bit words)
Event.len=  11, Event.traceLen=   3 (in 32 bit words)
next start: 0xaaaaaaaa, pos= 132
0x1f34 module_id = 31 crystal_id = 0 digitizer_id = 3 chan_id = 4 ge_id = 124 channel = 34  -> is segment
ncrystal=1
wrote trace to CCpulse_007_00_01.xy
two's comp tempE  ::         25         25 0x00000019 |0000|0000|0000|0000|0000|0000|0001|1001|
rawE              ::         25         25 0x00000019 |0000|0000|0000|0000|0000|0000|0001|1001|
rawE (sign change)::         25         25 0x00000019 |0000|0000|0000|0000|0000|0000|0001|1001|
Event.ehi=               0 0x00000000
Event.ehi=0 (gain changed)
Event.LEDts =         739437659885
Event.CFDts =         244817068044

---------
new GTheader at pos=132 or 66 words (74):
Event.hdr[ 0]=0x1f35,   7989
Event.hdr[ 1]=0x300a,  12298
Event.hdr[ 2]=0x46ed,  18157
Event.hdr[ 3]=0x29eb,  10731
Event.hdr[ 4]=0x00ac,    172
Event.hdr[ 5]=0x4640,  17984
Event.hdr[ 6]=0x4e09,  19977
Event.hdr[ 7]=0x0000,      0
Event.hdr[ 8]=0x5c9f,  23711
Event.hdr[ 9]=0x44e2,  17634
Event.hdr[10]=0xb009,  45065
Event.hdr[11]=0x115a,   4442
Event.hdr[12]=0x92cc,  37580
Event.hdr[13]=0x0021,     33
Event.len=  44, Event.traceLen=  12 (in Bytes)
Event.len=  22, Event.traceLen=   6 (in 16 bit words)
Event.len=  11, Event.traceLen=   3 (in 32 bit words)
next start: 0xaaaaaaaa, pos= 176
0x1f35 module_id = 31 crystal_id = 0 digitizer_id = 3 chan_id = 5 ge_id = 124 channel = 35  -> is segment
ncrystal=1
wrote trace to CCpulse_007_00_01.xy
two's comp tempE  ::     607808     607808 0x00094640 |0000|0000|0000|1001|0100|0110|0100|0000|
rawE              ::     607808     607808 0x00094640 |0000|0000|0000|1001|0100|0110|0100|0000|
rawE (sign change)::     607808     607808 0x00094640 |0000|0000|0000|1001|0100|0110|0100|0000|
Event.ehi=           18994 0x00004a32
Event.ehi=1899 (gain changed)
Event.LEDts =         739437659885
Event.CFDts =      268564108148748

---------
new GTheader at pos=176 or 88 words (96):
Event.hdr[ 0]=0x1f36,   7990
Event.hdr[ 1]=0x300a,  12298
Event.hdr[ 2]=0x46ed,  18157
Event.hdr[ 3]=0x29eb,  10731
Event.hdr[ 4]=0x00ac,    172
Event.hdr[ 5]=0x73ff,  29695
Event.hdr[ 6]=0x0e03,   3587
Event.hdr[ 7]=0x0000,      0
Event.hdr[ 8]=0x5c9f,  23711
Event.hdr[ 9]=0x5e83,  24195
Event.hdr[10]=0x5402,  21506
Event.hdr[11]=0x0876,   2166
Event.hdr[12]=0x38dc,  14556
Event.hdr[13]=0x0010,     16
Event.len=  44, Event.traceLen=  12 (in Bytes)
Event.len=  22, Event.traceLen=   6 (in 16 bit words)
Event.len=  11, Event.traceLen=   3 (in 32 bit words)
next start: 0xaaaaaaaa, pos= 220
0x1f36 module_id = 31 crystal_id = 0 digitizer_id = 3 chan_id = 6 ge_id = 124 channel = 36  -> is segment
ncrystal=1
wrote trace to CCpulse_007_00_01.xy
two's comp tempE  ::     226303     226303 0x000373ff |0000|0000|0000|0011|0111|0011|1111|1111|
rawE              ::     226303     226303 0x000373ff |0000|0000|0000|0011|0111|0011|1111|1111|
rawE (sign change)::     226303     226303 0x000373ff |0000|0000|0000|0011|0111|0011|1111|1111|
Event.ehi=            7071 0x00001b9f
Event.ehi=707 (gain changed)
Event.LEDts =         739437659885
Event.CFDts =      281384781283340

---------
new GTheader at pos=220 or 110 words (118):
Event.hdr[ 0]=0x1f37,   7991
Event.hdr[ 1]=0x300a,  12298
Event.hdr[ 2]=0x46ed,  18157
Event.hdr[ 3]=0x29eb,  10731
Event.hdr[ 4]=0x00ac,    172
Event.hdr[ 5]=0x30a4,  12452
Event.hdr[ 6]=0x0e01,   3585
Event.hdr[ 7]=0x0000,      0
Event.hdr[ 8]=0x5c9f,  23711
Event.hdr[ 9]=0x8845,  34885
Event.hdr[10]=0x8a00,  35328
Event.hdr[11]=0x0369,    873
Event.hdr[12]=0xa890,  43152
Event.hdr[13]=0x0005,      5
Event.len=  44, Event.traceLen=  12 (in Bytes)
Event.len=  22, Event.traceLen=   6 (in 16 bit words)
Event.len=  11, Event.traceLen=   3 (in 32 bit words)
next start: 0xaaaaaaaa, pos= 264
0x1f37 module_id = 31 crystal_id = 0 digitizer_id = 3 chan_id = 7 ge_id = 124 channel = 37  -> is segment
ncrystal=1
wrote trace to CCpulse_007_00_01.xy
two's comp tempE  ::      77988      77988 0x000130a4 |0000|0000|0000|0001|0011|0000|1010|0100|
rawE              ::      77988      77988 0x000130a4 |0000|0000|0000|0001|0011|0000|1010|0100|
rawE (sign change)::      77988      77988 0x000130a4 |0000|0000|0000|0001|0011|0000|1010|0100|
Event.ehi=            2437 0x00000985
Event.ehi=243 (gain changed)
Event.LEDts =         739437659885
Event.CFDts =      281440616382476

---------
new GTheader at pos=264 or 132 words (140):
Event.hdr[ 0]=0x1f38,   7992
Event.hdr[ 1]=0x300a,  12298
Event.hdr[ 2]=0x46ed,  18157
Event.hdr[ 3]=0x29eb,  10731
Event.hdr[ 4]=0x00ac,    172
Event.hdr[ 5]=0x8b51,  35665
Event.hdr[ 6]=0x1ff9,   8185
Event.hdr[ 7]=0x0000,      0
Event.hdr[ 8]=0x5c9f,  23711
Event.hdr[ 9]=0xc74d,  51021
Event.hdr[10]=0xcbfc,  52220
Event.hdr[11]=0xf95d,  63837
Event.hdr[12]=0xa543,  42307
Event.hdr[13]=0x07f2,   2034
Event.len=  44, Event.traceLen=  12 (in Bytes)
Event.len=  22, Event.traceLen=   6 (in 16 bit words)
Event.len=  11, Event.traceLen=   3 (in 32 bit words)
0x1f38 module_id = 31 crystal_id = 0 digitizer_id = 3 chan_id = 8 ge_id = 124 channel = 38  -> is segment
ncrystal=1
wrote trace to CCpulse_007_00_01.xy
two's comp tempE  ::   16354129   16354129 0x00f98b51 |0000|0000|1111|1001|1000|1011|0101|0001|
rawE              :: 4294544209    -423087 0xfff98b51 |1111|1111|1111|1001|1000|1011|0101|0001|
rawE (sign change)::     423087     423087 0x000674af |0000|0000|0000|0110|0111|0100|1010|1111|
Event.ehi=           13221 0x000033a5
Event.ehi=1322 (gain changed)
Event.LEDts =         739437659885
Event.CFDts =         489636364300
exit bin_mode3
*end of event # 7
+++++++++++++++++++++++++++++++
ev#     7 GEB_TYPE_DECOMP        464Bytes TS=739437700539 curTS=739437700531 dTS= 8
ev#     7 GEB_TYPE_GT_MOD29      440Bytes TS=739437701165 curTS=739437700531 dTS= 634
GEBGetEv returned st=0
we have read 5580 bytes; CurEvNo=8

+++++++++++++++++++++++++++++++
*start event # 8 with multiplicity 2 looks like this:
 0>  1, GEB_TYPE_DECOMP      , TS=739437700531
 1>  1, GEB_TYPE_DECOMP      , TS=739437700539
entered bin_mode2: 8/10
ptinp->pad= 0, (ptinp->pad&0x000000ff)= 0
good pad value
mode2 data:  0>  1, GEB_TYPE_DECOMP      , TS=739437700531
number of hits: 3
* 0/2, is GEB_TYPE_DECOMP: num=3
__detno: 98, module: 24, crystalNumber: 2
CCenergies[0]= 457.48
* 0:   10.63,  38.43,  65.71 --> GT:   -8.66, -17.21, -16.53
* 1:   16.71,  32.99,  63.13 --> GT:   -8.40, -17.58, -15.80
* 2:   33.64,  20.61,  34.50 --> GT:   -7.49, -16.93, -12.43
ptinp->pad= 6, (ptinp->pad&0x000000ff)= 6
updated CCadd with  457.48
total number of hits in array: 3
exit bin_mode2
entered bin_mode3 @ event number: 8 
exit bin_mode3
*end of event # 8
+++++++++++++++++++++++++++++++
ev#     8 GEB_TYPE_DECOMP        464Bytes TS=739437701251 curTS=739437701165 dTS= 86
ev#     8 GEB_TYPE_DECOMP        464Bytes TS=739437716173 curTS=739437701165 dTS= 15008
GEBGetEv returned st=0
we have read 6540 bytes; CurEvNo=9

+++++++++++++++++++++++++++++++
*start event # 9 with multiplicity 2 looks like this:
 0>  8, GEB_TYPE_GT_MOD29    , TS=739437701165
 1>  1, GEB_TYPE_DECOMP      , TS=739437701251
entered bin_mode2: 9/10
ptinp->pad= 6, (ptinp->pad&0x000000ff)= 6
updated CCadd with    0.00
total number of hits in array: 0
exit bin_mode2
entered bin_mode3 @ event number: 9 

bin_mode3:  0>  8, GEB_TYPE_GT_MOD29    , TS=739437701165, 0xac29ebe82d; payload length: 440 bytes

---------
new GTheader at pos=0 or 0 words (8):
Event.hdr[ 0]=0x1f36,   7990
Event.hdr[ 1]=0x300a,  12298
Event.hdr[ 2]=0xe82d,  59437
Event.hdr[ 3]=0x29eb,  10731
Event.hdr[ 4]=0x00ac,    172
Event.hdr[ 5]=0x253b,   9531
Event.hdr[ 6]=0x0e00,   3584
Event.hdr[ 7]=0xa13f,  41279
Event.hdr[ 8]=0x0000,      0
Event.hdr[ 9]=0xf870,  63600
Event.hdr[10]=0x07ff,   2047
Event.hdr[11]=0x04bd,   1213
Event.hdr[12]=0xeca8,  60584
Event.hdr[13]=0x0010,     16
Event.len=  44, Event.traceLen=  12 (in Bytes)
Event.len=  22, Event.traceLen=   6 (in 16 bit words)
Event.len=  11, Event.traceLen=   3 (in 32 bit words)
next start: 0xaaaaaaaa, pos= 44
0x1f36 module_id = 31 crystal_id = 0 digitizer_id = 3 chan_id = 6 ge_id = 124 channel = 36  -> is segment
open superpulse_009_00_01.xy at Event.chan_id = 6
open CCpulse_009_00_01.xy at Event.chan_id = 6
ncrystal=1
wrote trace to CCpulse_009_00_01.xy
two's comp tempE  ::       9531       9531 0x0000253b |0000|0000|0000|0000|0010|0101|0011|1011|
rawE              ::       9531       9531 0x0000253b |0000|0000|0000|0000|0010|0101|0011|1011|
rawE (sign change)::       9531       9531 0x0000253b |0000|0000|0000|0000|0010|0101|0011|1011|
Event.ehi=             297 0x00000129
Event.ehi=29 (gain changed)
Event.LEDts =         739437701165
Event.CFDts =      281376190889996

---------
new GTheader at pos=44 or 22 words (30):
Event.hdr[ 0]=0x1f37,   7991
Event.hdr[ 1]=0x300a,  12298
Event.hdr[ 2]=0xe82d,  59437
Event.hdr[ 3]=0x29eb,  10731
Event.hdr[ 4]=0x00ac,    172
Event.hdr[ 5]=0x2a5a,  10842
Event.hdr[ 6]=0x0e00,   3584
Event.hdr[ 7]=0xa13f,  41279
Event.hdr[ 8]=0x0000,      0
Event.hdr[ 9]=0xf265,  62053
Event.hdr[10]=0x8bff,  35839
Event.hdr[11]=0x0110,    272
Event.hdr[12]=0xd314,  54036
Event.hdr[13]=0x0006,      6
Event.len=  44, Event.traceLen=  12 (in Bytes)
Event.len=  22, Event.traceLen=   6 (in 16 bit words)
Event.len=  11, Event.traceLen=   3 (in 32 bit words)
next start: 0xaaaaaaaa, pos= 88
0x1f37 module_id = 31 crystal_id = 0 digitizer_id = 3 chan_id = 7 ge_id = 124 channel = 37  -> is segment
ncrystal=1
wrote trace to CCpulse_009_00_01.xy
two's comp tempE  ::      10842      10842 0x00002a5a |0000|0000|0000|0000|0010|1010|0101|1010|
rawE              ::      10842      10842 0x00002a5a |0000|0000|0000|0000|0010|1010|0101|1010|
rawE (sign change)::      10842      10842 0x00002a5a |0000|0000|0000|0000|0010|1010|0101|1010|
Event.ehi=             338 0x00000152
Event.ehi=33 (gain changed)
Event.LEDts =         739437701165
Event.CFDts =      281255929970700

---------
new GTheader at pos=88 or 44 words (52):
Event.hdr[ 0]=0x1f38,   7992
Event.hdr[ 1]=0x300a,  12298
Event.hdr[ 2]=0xe82d,  59437
Event.hdr[ 3]=0x29eb,  10731
Event.hdr[ 4]=0x00ac,    172
Event.hdr[ 5]=0x8928,  35112
Event.hdr[ 6]=0x1ff9,   8185
Event.hdr[ 7]=0xa13f,  41279
Event.hdr[ 8]=0x0000,      0
Event.hdr[ 9]=0xe08c,  57484
Event.hdr[10]=0x9bfc,  39932
Event.hdr[11]=0xf98e,  63886
Event.hdr[12]=0xbb97,  48023
Event.hdr[13]=0x07f2,   2034
Event.len=  44, Event.traceLen=  12 (in Bytes)
Event.len=  22, Event.traceLen=   6 (in 16 bit words)
Event.len=  11, Event.traceLen=   3 (in 32 bit words)
next start: 0xaaaaaaaa, pos= 132
0x1f38 module_id = 31 crystal_id = 0 digitizer_id = 3 chan_id = 8 ge_id = 124 channel = 38  -> is segment
ncrystal=1
wrote trace to CCpulse_009_00_01.xy
two's comp tempE  ::   16353576   16353576 0x00f98928 |0000|0000|1111|1001|1000|1001|0010|1000|
rawE              :: 4294543656    -423640 0xfff98928 |1111|1111|1111|1001|1000|1001|0010|1000|
rawE (sign change)::     423640     423640 0x000676d8 |0000|0000|0000|0110|0111|0110|1101|1000|
Event.ehi=           13238 0x000033b6
Event.ehi=1323 (gain changed)
Event.LEDts =         739437701165
Event.CFDts =         373669888012

---------
new GTheader at pos=132 or 66 words (74):
Event.hdr[ 0]=0x1f39,   7993
Event.hdr[ 1]=0x300a,  12298
Event.hdr[ 2]=0xe82d,  59437
Event.hdr[ 3]=0x29eb,  10731
Event.hdr[ 4]=0x00ac,    172
Event.hdr[ 5]=0x1e04,   7684
Event.hdr[ 6]=0x4e0e,  19982
Event.hdr[ 7]=0xa13f,  41279
Event.hdr[ 8]=0x0000,      0
Event.hdr[ 9]=0x1c22,   7202
Event.hdr[10]=0x0a0e,   2574
Event.hdr[11]=0x19ae,   6574
Event.hdr[12]=0xcbb0,  52144
Event.hdr[13]=0x07ff,   2047
Event.len=  44, Event.traceLen=  12 (in Bytes)
Event.len=  22, Event.traceLen=   6 (in 16 bit words)
Event.len=  11, Event.traceLen=   3 (in 32 bit words)
next start: 0xaaaaaaaa, pos= 176
0x1f39 module_id = 31 crystal_id = 0 digitizer_id = 3 chan_id = 9 ge_id = 124 channel = 39  -> is CC
ncrystal=1
wrote trace to CCpulse_009_00_01.xy
two's comp tempE  ::     925188     925188 0x000e1e04 |0000|0000|0000|1110|0001|1110|0000|0100|
rawE              ::     925188     925188 0x000e1e04 |0000|0000|0000|1110|0001|1110|0000|0100|
rawE (sign change)::     925188     925188 0x000e1e04 |0000|0000|0000|1110|0001|1110|0000|0100|
Event.ehi=           28912 0x000070f0
Event.ehi=2891 (gain changed)
Event.LEDts =         739437701165
Event.CFDts =       19194501726220

---------
new GTheader at pos=176 or 88 words (96):
Event.hdr[ 0]=0x1f30,   7984
Event.hdr[ 1]=0x300a,  12298
Event.hdr[ 2]=0xe82d,  59437
Event.hdr[ 3]=0x29eb,  10731
Event.hdr[ 4]=0x00ac,    172
Event.hdr[ 5]=0xbc56,  48214
Event.hdr[ 6]=0xce0b,  52747
Event.hdr[ 7]=0xa13f,  41279
Event.hdr[ 8]=0x0000,      0
Event.hdr[ 9]=0xbb8c,  48012
Event.hdr[10]=0x840b,  33803
Event.hdr[11]=0x1878,   6264
Event.hdr[12]=0xc4a0,  50336
Event.hdr[13]=0x0028,     40
Event.len=  44, Event.traceLen=  12 (in Bytes)
Event.len=  22, Event.traceLen=   6 (in 16 bit words)
Event.len=  11, Event.traceLen=   3 (in 32 bit words)
next start: 0xaaaaaaaa, pos= 220
0x1f30 module_id = 31 crystal_id = 0 digitizer_id = 3 chan_id = 0 ge_id = 124 channel = 30  -> is segment
ncrystal=1
wrote trace to CCpulse_009_00_01.xy
two's comp tempE  ::     769110     769110 0x000bbc56 |0000|0000|0000|1011|1011|1100|0101|0110|
rawE              ::     769110     769110 0x000bbc56 |0000|0000|0000|1011|1011|1100|0101|0110|
rawE (sign change)::     769110     769110 0x000bbc56 |0000|0000|0000|1011|1011|1100|0101|0110|
Event.ehi=           24034 0x00005de2
Event.ehi=2403 (gain changed)
Event.LEDts =         739437701165
Event.CFDts =      265291292934156

---------
new GTheader at pos=220 or 110 words (118):
Event.hdr[ 0]=0x1f31,   7985
Event.hdr[ 1]=0x300a,  12298
Event.hdr[ 2]=0xe82d,  59437
Event.hdr[ 3]=0x29eb,  10731
Event.hdr[ 4]=0x00ac,    172
Event.hdr[ 5]=0xcc9d,  52381
Event.hdr[ 6]=0x4e07,  19975
Event.hdr[ 7]=0xa13f,  41279
Event.hdr[ 8]=0x0000,      0
Event.hdr[ 9]=0xc971,  51569
Event.hdr[10]=0x8007,  32775
Event.hdr[11]=0x1190,   4496
Event.hdr[12]=0x70f0,  28912
Event.hdr[13]=0x0025,     37
Event.len=  44, Event.traceLen=  12 (in Bytes)
Event.len=  22, Event.traceLen=   6 (in 16 bit words)
Event.len=  11, Event.traceLen=   3 (in 32 bit words)
next start: 0xaaaaaaaa, pos= 264
0x1f31 module_id = 31 crystal_id = 0 digitizer_id = 3 chan_id = 1 ge_id = 124 channel = 31  -> is segment
ncrystal=1
wrote trace to CCpulse_009_00_01.xy
two's comp tempE  ::     511133     511133 0x0007cc9d |0000|0000|0000|0111|1100|1100|1001|1101|
rawE              ::     511133     511133 0x0007cc9d |0000|0000|0000|0111|1100|1100|1001|1101|
rawE (sign change)::     511133     511133 0x0007cc9d |0000|0000|0000|0111|1100|1100|1001|1101|
Event.ehi=           15972 0x00003e64
Event.ehi=1597 (gain changed)
Event.LEDts =         739437701165
Event.CFDts =      271690892443660

---------
new GTheader at pos=264 or 132 words (140):
Event.hdr[ 0]=0x1f32,   7986
Event.hdr[ 1]=0x300a,  12298
Event.hdr[ 2]=0xe82d,  59437
Event.hdr[ 3]=0x29eb,  10731
Event.hdr[ 4]=0x00ac,    172
Event.hdr[ 5]=0x43c3,  17347
Event.hdr[ 6]=0x0e00,   3584
Event.hdr[ 7]=0xa13f,  41279
Event.hdr[ 8]=0x0000,      0
Event.hdr[ 9]=0x0703,   1795
Event.hdr[10]=0x9000,  36864
Event.hdr[11]=0xffec,  65516
Event.hdr[12]=0x3017,  12311
Event.hdr[13]=0x0001,      1
Event.len=  44, Event.traceLen=  12 (in Bytes)
Event.len=  22, Event.traceLen=   6 (in 16 bit words)
Event.len=  11, Event.traceLen=   3 (in 32 bit words)
next start: 0xaaaaaaaa, pos= 308
0x1f32 module_id = 31 crystal_id = 0 digitizer_id = 3 chan_id = 2 ge_id = 124 channel = 32  -> is segment
ncrystal=1
wrote trace to CCpulse_009_00_01.xy
two's comp tempE  ::      17347      17347 0x000043c3 |0000|0000|0000|0000|0100|0011|1100|0011|
rawE              ::      17347      17347 0x000043c3 |0000|0000|0000|0000|0100|0011|1100|0011|
rawE (sign change)::      17347      17347 0x000043c3 |0000|0000|0000|0000|0100|0011|1100|0011|
Event.ehi=             542 0x0000021e
Event.ehi=54 (gain changed)
Event.LEDts =         739437701165
Event.CFDts =         107375951884

---------
new GTheader at pos=308 or 154 words (162):
Event.hdr[ 0]=0x1f33,   7987
Event.hdr[ 1]=0x300a,  12298
Event.hdr[ 2]=0xe82d,  59437
Event.hdr[ 3]=0x29eb,  10731
Event.hdr[ 4]=0x00ac,    172
Event.hdr[ 5]=0x2a13,  10771
Event.hdr[ 6]=0x4e0b,  19979
Event.hdr[ 7]=0xa13f,  41279
Event.hdr[ 8]=0x0000,      0
Event.hdr[ 9]=0x299c,  10652
Event.hdr[10]=0xb00b,  45067
Event.hdr[11]=0x1599,   5529
Event.hdr[12]=0xfb3c,  64316
Event.hdr[13]=0x0032,     50
Event.len=  44, Event.traceLen=  12 (in Bytes)
Event.len=  22, Event.traceLen=   6 (in 16 bit words)
Event.len=  11, Event.traceLen=   3 (in 32 bit words)
next start: 0xaaaaaaaa, pos= 352
0x1f33 module_id = 31 crystal_id = 0 digitizer_id = 3 chan_id = 3 ge_id = 124 channel = 33  -> is segment
ncrystal=1
wrote trace to CCpulse_009_00_01.xy
two's comp tempE  ::     731667     731667 0x000b2a13 |0000|0000|0000|1011|0010|1010|0001|0011|
rawE              ::     731667     731667 0x000b2a13 |0000|0000|0000|1011|0010|1010|0001|0011|
rawE (sign change)::     731667     731667 0x000b2a13 |0000|0000|0000|1011|0010|1010|0001|0011|
Event.ehi=           22864 0x00005950
Event.ehi=2286 (gain changed)
Event.LEDts =         739437701165
Event.CFDts =      266124529303564

---------
new GTheader at pos=352 or 176 words (184):
Event.hdr[ 0]=0x1f34,   7988
Event.hdr[ 1]=0x300a,  12298
Event.hdr[ 2]=0xe82d,  59437
Event.hdr[ 3]=0x29eb,  10731
Event.hdr[ 4]=0x00ac,    172
Event.hdr[ 5]=0x001e,     30
Event.hdr[ 6]=0x0e00,   3584
Event.hdr[ 7]=0xa13f,  41279
Event.hdr[ 8]=0x0000,      0
Event.hdr[ 9]=0xfff3,  65523
Event.hdr[10]=0xb5ff,  46591
Event.hdr[11]=0xffff,  65535
Event.hdr[12]=0x0083,    131
Event.hdr[13]=0x0000,      0
Event.len=  44, Event.traceLen=  12 (in Bytes)
Event.len=  22, Event.traceLen=   6 (in 16 bit words)
Event.len=  11, Event.traceLen=   3 (in 32 bit words)
next start: 0xaaaaaaaa, pos= 396
0x1f34 module_id = 31 crystal_id = 0 digitizer_id = 3 chan_id = 4 ge_id = 124 channel = 34  -> is segment
ncrystal=1
wrote trace to CCpulse_009_00_01.xy
two's comp tempE  ::         30         30 0x0000001e |0000|0000|0000|0000|0000|0000|0001|1110|
rawE              ::         30         30 0x0000001e |0000|0000|0000|0000|0000|0000|0001|1110|
rawE (sign change)::         30         30 0x0000001e |0000|0000|0000|0000|0000|0000|0001|1110|
Event.ehi=               0 0x00000000
Event.ehi=0 (gain changed)
Event.LEDts =         739437701165
Event.CFDts =         253407002636

---------
new GTheader at pos=396 or 198 words (206):
Event.hdr[ 0]=0x1f35,   7989
Event.hdr[ 1]=0x300a,  12298
Event.hdr[ 2]=0xe82d,  59437
Event.hdr[ 3]=0x29eb,  10731
Event.hdr[ 4]=0x00ac,    172
Event.hdr[ 5]=0x2324,   8996
Event.hdr[ 6]=0x4e0a,  19978
Event.hdr[ 7]=0xa13f,  41279
Event.hdr[ 8]=0x0000,      0
Event.hdr[ 9]=0x2143,   8515
Event.hdr[10]=0xc40a,  50186
Event.hdr[11]=0x1289,   4745
Event.hdr[12]=0xb560,  46432
Event.hdr[13]=0x0022,     34
Event.len=  44, Event.traceLen=  12 (in Bytes)
Event.len=  22, Event.traceLen=   6 (in 16 bit words)
Event.len=  11, Event.traceLen=   3 (in 32 bit words)
0x1f35 module_id = 31 crystal_id = 0 digitizer_id = 3 chan_id = 5 ge_id = 124 channel = 35  -> is segment
ncrystal=1
wrote trace to CCpulse_009_00_01.xy
two's comp tempE  ::     664356     664356 0x000a2324 |0000|0000|0000|1010|0010|0011|0010|0100|
rawE              ::     664356     664356 0x000a2324 |0000|0000|0000|1010|0010|0011|0010|0100|
rawE (sign change)::     664356     664356 0x000a2324 |0000|0000|0000|1010|0010|0011|0010|0100|
Event.ehi=           20761 0x00005119
Event.ehi=2076 (gain changed)
Event.LEDts =         739437701165
Event.CFDts =      267387268956172
exit bin_mode3
*end of event # 9
+++++++++++++++++++++++++++++++
ev#     9 GEB_TYPE_DECOMP        464Bytes TS=739437716349 curTS=739437716173 dTS= 176
GEBGetEv returned st=0
we have read 7020 bytes; CurEvNo=10

+++++++++++++++++++++++++++++++
*start event # 10 with multiplicity 1 looks like this:
 0>  1, GEB_TYPE_DECOMP      , TS=739437716173
entered bin_mode2: 10/10
ptinp->pad= 6, (ptinp->pad&0x000000ff)= 6
updated CCadd with    0.00
total number of hits in array: 0
exit bin_mode2
entered bin_mode3 @ event number: 10 
exit bin_mode3
*end of event # 10
+++++++++++++++++++++++++++++++
ev#    10 GEB_TYPE_DECOMP        464Bytes TS=739437716599 curTS=739437716349 dTS= 250
ev# 50000 GEB_TYPE_GT_MOD29      440Bytes TS=739847671085 curTS=739847671023 dTS= 62
ev# 50000 GEB_TYPE_DECOMP        464Bytes TS=739847671399 curTS=739847671023 dTS= 376
ev# 100000 GEB_TYPE_DECOMP        464Bytes TS=740257148483 curTS=740257148207 dTS= 276
ev# 150000 GEB_TYPE_GT_MOD29      440Bytes TS=740664410929 curTS=740664410885 dTS= 44
ev# 150000 GEB_TYPE_DECOMP        464Bytes TS=740664414553 curTS=740664410885 dTS= 3668
ev# 200000 GEB_TYPE_DECOMP        464Bytes TS=741074207635 curTS=741074207625 dTS= 10
ev# 200000 GEB_TYPE_DECOMP        464Bytes TS=741074207653 curTS=741074207625 dTS= 28
ev# 200000 GEB_TYPE_DECOMP        464Bytes TS=741074207653 curTS=741074207625 dTS= 28
ev# 200000 GEB_TYPE_DECOMP        464Bytes TS=741074207655 curTS=741074207625 dTS= 30
ev# 200000 GEB_TYPE_DECOMP        464Bytes TS=741074207793 curTS=741074207625 dTS= 168
ev# 250000 GEB_TYPE_DECOMP        464Bytes TS=741482798607 curTS=741482798605 dTS= 2
ev# 250000 GEB_TYPE_DECOMP        464Bytes TS=741482798607 curTS=741482798605 dTS= 2
ev# 250000 GEB_TYPE_DECOMP        464Bytes TS=741482798681 curTS=741482798605 dTS= 76
ev# 250000 GEB_TYPE_DECOMP        464Bytes TS=741482798683 curTS=741482798605 dTS= 78
ev# 250000 GEB_TYPE_GT_MOD29      440Bytes TS=741482798751 curTS=741482798605 dTS= 146
ev# 250000 GEB_TYPE_DECOMP        464Bytes TS=741482798813 curTS=741482798605 dTS= 208
ev# 300000 GEB_TYPE_GT_MOD29      440Bytes TS=741900505619 curTS=741900499961 dTS= 5658
ev# 350000 GEB_TYPE_DECOMP        464Bytes TS=742315915381 curTS=742315915377 dTS= 4
ev# 350000 GEB_TYPE_DECOMP        464Bytes TS=742315934749 curTS=742315915377 dTS= 19372
ev# 400000 GEB_TYPE_DECOMP        464Bytes TS=742730910863 curTS=742730910697 dTS= 166
ev# 450000 GEB_TYPE_DECOMP        464Bytes TS=743141416933 curTS=743141416931 dTS= 2
ev# 450000 GEB_TYPE_DECOMP        464Bytes TS=743141417309 curTS=743141416931 dTS= 378
ev# 500000 GEB_TYPE_DECOMP        464Bytes TS=743558505241 curTS=743558491329 dTS= 13912
ev# 550000 GEB_TYPE_GT_MOD29      440Bytes TS=743972268769 curTS=743972268571 dTS= 198
ev# 600000 GEB_TYPE_DECOMP        464Bytes TS=744388510489 curTS=744388499759 dTS= 10730
ev# 650000 GEB_TYPE_DECOMP        464Bytes TS=744805442237 curTS=744805442141 dTS= 96
ev# 650000 GEB_TYPE_DECOMP        464Bytes TS=744805442457 curTS=744805442141 dTS= 316
ev# 700000 GEB_TYPE_DECOMP        464Bytes TS=745222617689 curTS=745222617689 dTS= 0
ev# 700000 GEB_TYPE_GT_MOD29      440Bytes TS=745222617891 curTS=745222617689 dTS= 202
ev# 750000 GEB_TYPE_GT_MOD29      440Bytes TS=745639252859 curTS=745639252503 dTS= 356
ev# 800000 GEB_TYPE_DECOMP        464Bytes TS=746059293251 curTS=746059262453 dTS= 30798
ev# 850000 GEB_TYPE_DECOMP        464Bytes TS=746471601045 curTS=746471600859 dTS= 186
ev# 900000 GEB_TYPE_DECOMP        464Bytes TS=746888914545 curTS=746888914541 dTS= 4
ev# 900000 GEB_TYPE_DECOMP        464Bytes TS=746888914547 curTS=746888914541 dTS= 6
ev# 900000 GEB_TYPE_DECOMP        464Bytes TS=746888914863 curTS=746888914541 dTS= 322
ev# 950000 GEB_TYPE_DECOMP        464Bytes TS=747307101359 curTS=747307100967 dTS= 392

Sorting is done
attempting to save root or map file



mean observed polar and azimuth angles
for the detectors we saw (module,crystal)

------------------------------------------
mean pol/azi angle for detector  56 are   96.74/ 119.50
mean pol/azi angle for detector  57 are  100.44/ 138.23
mean pol/azi angle for detector  58 are   83.37/ 132.63
mean pol/azi angle for detector  59 are   79.52/ 114.04
mean pol/azi angle for detector  60 are   87.44/ 152.68
mean pol/azi angle for detector  61 are  105.23/ 157.72
mean pol/azi angle for detector  62 are   93.19/ 168.34
mean pol/azi angle for detector  63 are   73.81/ 165.95
mean pol/azi angle for detector  68 are   87.17/-134.97
mean pol/azi angle for detector  69 are  105.29/-130.01
mean pol/azi angle for detector  70 are   92.88/-116.91
mean pol/azi angle for detector  71 are   74.16/-121.84
mean pol/azi angle for detector  76 are   87.50/ -63.13
mean pol/azi angle for detector  77 are  105.28/ -58.12
mean pol/azi angle for detector  78 are   92.97/ -44.99
mean pol/azi angle for detector  79 are   74.23/ -49.87
mean pol/azi angle for detector  84 are  112.27/  33.60
mean pol/azi angle for detector  85 are  125.23/  17.38
mean pol/azi angle for detector  86 are  130.66/  39.16
mean pol/azi angle for detector  87 are  115.89/  52.98
mean pol/azi angle for detector  88 are  112.40/ 105.47
mean pol/azi angle for detector  89 are  124.93/  89.33
mean pol/azi angle for detector  90 are  130.77/ 111.21
mean pol/azi angle for detector  91 are  115.78/ 125.01
mean pol/azi angle for detector  96 are  112.58/-110.70
mean pol/azi angle for detector  97 are  124.80/-126.65
mean pol/azi angle for detector  98 are  130.87/-104.99
mean pol/azi angle for detector  99 are  115.79/ -90.96
mean pol/azi angle for detector 100 are  112.42/ -38.61
mean pol/azi angle for detector 101 are  124.71/ -55.07
mean pol/azi angle for detector 102 are  130.67/ -33.02
mean pol/azi angle for detector 103 are  115.79/ -19.08
mean pol/azi angle for detector 104 are  144.44/  88.22
mean pol/azi angle for detector 105 are  132.72/  65.85
mean pol/azi angle for detector 106 are  148.86/  53.92
mean pol/azi angle for detector 107 are  162.36/  88.39
mean pol/azi angle for detector 108 are  144.75/ 160.23
mean pol/azi angle for detector 109 are  132.69/ 137.95
mean pol/azi angle for detector 110 are  149.59/ 125.46
mean pol/azi angle for detector 111 are  162.30/ 108.65
mean pol/azi angle for detector 116 are  144.42/ -55.87
mean pol/azi angle for detector 117 are  132.53/ -78.29
mean pol/azi angle for detector 118 are  148.97/ -90.28
mean pol/azi angle for detector 119 are  162.37/ -56.12
we found 44 crystals
------------------------------------------

minimum pol angle between crystals is  18.65
compactness =  64.39%, 85 of 264
module hit statistics
module  14, crystal 0 was hit      92607 times
module  14, crystal 1 was hit      99362 times
module  14, crystal 2 was hit      97063 times
module  14, crystal 3 was hit      87397 times
module  15, crystal 0 was hit      97876 times
module  15, crystal 1 was hit      90130 times
module  15, crystal 2 was hit      84930 times
module  15, crystal 3 was hit      88713 times
module  17, crystal 0 was hit      75413 times
module  17, crystal 1 was hit      74278 times
module  17, crystal 2 was hit      73418 times
module  17, crystal 3 was hit      75596 times
module  19, crystal 0 was hit      70058 times
module  19, crystal 1 was hit      74488 times
module  19, crystal 2 was hit      86490 times
module  19, crystal 3 was hit      82303 times
module  21, crystal 0 was hit      84885 times
module  21, crystal 1 was hit      75403 times
module  21, crystal 2 was hit      87695 times
module  21, crystal 3 was hit      84468 times
module  22, crystal 0 was hit      91855 times
module  22, crystal 1 was hit      85262 times
module  22, crystal 2 was hit      96928 times
module  22, crystal 3 was hit      90114 times
module  24, crystal 0 was hit      79100 times
module  24, crystal 1 was hit      75543 times
module  24, crystal 2 was hit      77987 times
module  24, crystal 3 was hit      72586 times
module  25, crystal 0 was hit      74157 times
module  25, crystal 1 was hit      76346 times
module  25, crystal 2 was hit      74505 times
module  25, crystal 3 was hit      72971 times
module  26, crystal 0 was hit      85545 times
module  26, crystal 1 was hit      83637 times
module  26, crystal 2 was hit      83024 times
module  26, crystal 3 was hit      78189 times
module  27, crystal 0 was hit      88851 times
module  27, crystal 1 was hit      86704 times
module  27, crystal 2 was hit      89049 times
module  27, crystal 3 was hit      81439 times
module  29, crystal 0 was hit      72822 times
module  29, crystal 1 was hit      72009 times
module  29, crystal 2 was hit      79523 times
module  29, crystal 3 was hit      71912 times

bin_mode2: pad distribution
__id   0,      1573069, 92.63%
__id   2,          188,  0.01%
__id   3,          503,  0.03%
__id   4,          490,  0.03%
__id   5,         3487,  0.21%
__id   6,        12962,  0.76%
__id 128,       107263,  6.32%
__id 133,          227,  0.01%

bin_mode2 calculated mean CCsum energy to be  755.442 keV
bin_mode2 calculated mean CCadd energy to be 1204.693 keV
attempting to close root file...
Pars.f1->Write();
Pars.f1->Print();
TFile: name=/lcrc/project/HELIOS/gretinafma/root_data/run172.root, title=, option=CREATE
TH1.Print Name  = dtbtev, Entries= 2103845, Total sum= 2.10384e+06
TH1.Print Name  = T0, Entries= 0, Total sum= 0
TH1.Print Name  = hitpat, Entries= 1573069, Total sum= 1.57307e+06
TH1.Print Name  = numHitArray2, Entries= 1000000, Total sum= 764006
TH1.Print Name  = CCmult, Entries= 1000000, Total sum= 1e+06
TH1.Print Name  = CCsum, Entries= 3622485, Total sum= 1.57304e+06
TH1.Print Name  = hit2, Entries= 174086, Total sum= 173850
TH1.Print Name  = hit3, Entries= 95409, Total sum= 94725
TH1.Print Name  = hit4, Entries= 53613, Total sum= 52402
TH1.Print Name  = CCsum_nodop, Entries= 3622485, Total sum= 1.57304e+06
TH1.Print Name  = CCadd, Entries= 1000000, Total sum= 754068
TH1.Print Name  = SEGadd_FPGA, Entries= 200000000, Total sum= 1.57235e+06
TH1.Print Name  = SEGadd_PSA, Entries= 200000000, Total sum= 1.56401e+06
TH1.Print Name  = SEGsum_FPGA, Entries= 2438205, Total sum= 2.43772e+06
TH1.Print Name  = SEGsum_PSA, Entries= 3622631, Total sum= 3.59195e+06
TH1.Print Name  = radius_all, Entries= 3622631, Total sum= 3.62263e+06
TH1.Print Name  = rate_mode2_min, Entries= 1573068, Total sum= 26217.8
TH1.Print Name  = rate_mode2_sec, Entries= 1573068, Total sum= 1.57307e+06
TH1.Print Name  = rate_mode2_intp, Entries= 1573068, Total sum= 60377.1
TH1.Print Name  = cdtbtev, Entries= 558270, Total sum= 558270
TH1.Print Name  = evsr_all, Entries= 3622631, Total sum= 3.53566e+06
TH1.Print Name  = SMAP_allhits, Entries= 3622631, Total sum= 3.62263e+06
TH1.Print Name  = SMAP_allhits_sq, Entries= 3622631, Total sum= 3.62263e+06
TH1.Print Name  = seghitpat, Entries= 3622631, Total sum= 3.62263e+06
TH1.Print Name  = CCe, Entries= 3622485, Total sum= 1.57304e+06
TH1.Print Name  = ggCC, Entries= 3340870, Total sum= 2.92558e+06
TH1.Print Name  = z_plot, Entries= 3622631, Total sum= 3.61911e+06
TH1.Print Name  = crystal_hit, Entries= 0, Total sum= 0
TH1.Print Name  = SegE, Entries= 3621881, Total sum= 3.62188e+06
TH1.Print Name  = crXcr, Entries= 1670435, Total sum= 1.67044e+06
******************************************************************************
*Tree    :tree      : tree                                                   *
*Entries :  1000000 : Total =       155396691 bytes  File  Size =   37582218 *
*        :          : Tree compression factor =   4.14                       *
******************************************************************************
*Br    0 :runNumber : runNumber/I                                            *
*Entries :  1000000 : Total  Size=    4010225 bytes  File Size  =      30502 *
*Baskets :       99 : Basket Size=    1321472 bytes  Compression= 131.39     *
*............................................................................*
*Br    1 :numHits   : numHits/I                                              *
*Entries :  1000000 : Total  Size=    4010019 bytes  File Size  =      30303 *
*Baskets :       99 : Basket Size=    1320960 bytes  Compression= 132.24     *
*............................................................................*
*Br    2 :left      : left[numHits]/F                                        *
*Entries :  1000000 : Total  Size=    8030686 bytes  File Size  =    2801719 *
*Baskets :      294 : Basket Size=    8883200 bytes  Compression=   2.86     *
*............................................................................*
*Br    3 :right     : right[numHits]/F                                       *
*Entries :  1000000 : Total  Size=    8030984 bytes  File Size  =    2779233 *
*Baskets :      294 : Basket Size=    8883200 bytes  Compression=   2.89     *
*............................................................................*
*Br    4 :up        : up[numHits]/F                                          *
*Entries :  1000000 : Total  Size=    8030090 bytes  File Size  =    2781191 *
*Baskets :      294 : Basket Size=    8882688 bytes  Compression=   2.88     *
*............................................................................*
*Br    5 :down      : down[numHits]/F                                        *
*Entries :  1000000 : Total  Size=    8030686 bytes  File Size  =    2784138 *
*Baskets :      294 : Basket Size=    8883200 bytes  Compression=   2.88     *
*............................................................................*
*Br    6 :e1        : e1[numHits]/F                                          *
*Entries :  1000000 : Total  Size=    8030090 bytes  File Size  =    2682399 *
*Baskets :      294 : Basket Size=    8882688 bytes  Compression=   2.99     *
*............................................................................*
*Br    7 :e2        : e2[numHits]/F                                          *
*Entries :  1000000 : Total  Size=    8030090 bytes  File Size  =    2651721 *
*Baskets :      294 : Basket Size=    8882688 bytes  Compression=   3.03     *
*............................................................................*
*Br    8 :e3        : e3[numHits]/F                                          *
*Entries :  1000000 : Total  Size=    8030090 bytes  File Size  =    2617835 *
*Baskets :      294 : Basket Size=    8882688 bytes  Compression=   3.06     *
*............................................................................*
*Br    9 :tac       : tac[numHits]/F                                         *
*Entries :  1000000 : Total  Size=    8030388 bytes  File Size  =    2379597 *
*Baskets :      294 : Basket Size=    8882688 bytes  Compression=   3.37     *
*............................................................................*
*Br   10 :fmaDeltaTime : fmaDeltaTime[numHits]/F                             *
*Entries :  1000000 : Total  Size=    8033181 bytes  File Size  =    2379897 *
*Baskets :      295 : Basket Size=    8884224 bytes  Compression=   3.37     *
*............................................................................*
*Br   11 :fmaMult   : fmaMult[10]/I                                          *
*Entries :  1000000 : Total  Size=   40096169 bytes  File Size  =    1023625 *
*Baskets :      978 : Basket Size=   25600000 bytes  Compression=  39.15     *
*............................................................................*
*Br   12 :gammaMult : gammaMult/I                                            *
*Entries :  1000000 : Total  Size=    4010225 bytes  File Size  =     716049 *
*Baskets :       99 : Basket Size=    1321472 bytes  Compression=   5.60     *
*............................................................................*
*Br   13 :gammaEnergy : gammaEnergy[gammaMult]/F                             *
*Entries :  1000000 : Total  Size=   10331326 bytes  File Size  =    7372706 *
*Baskets :      351 : Basket Size=    9643520 bytes  Compression=   1.40     *
*............................................................................*
*Br   14 :gammaTimestamp : gammaTimestamp[gammaMult]/F                       *
*Entries :  1000000 : Total  Size=   10332391 bytes  File Size  =    2019835 *
*Baskets :      351 : Basket Size=    9644032 bytes  Compression=   5.11     *
*............................................................................*
*Br   15 :deltaTime : deltaTime[gammaMult]/F                                 *
*Entries :  1000000 : Total  Size=   10330616 bytes  File Size  =    2489256 *
*Baskets :      351 : Basket Size=    9643008 bytes  Compression=   4.15     *
*............................................................................*
TH1.Print Name  = eCC_a, Entries= 0, Total sum= 0
TH1.Print Name  = eCC_b, Entries= 0, Total sum= 0
TH1.Print Name  = eCC_c, Entries= 0, Total sum= 0
TH1.Print Name  = eCC_d, Entries= 118963, Total sum= 0
TH1.Print Name  = eSeg, Entries= 0, Total sum= 0
TH1.Print Name  = mode3_hitpat, Entries= 4032247, Total sum= 0
TH1.Print Name  = mode3_hitpat_chan, Entries= 4032247, Total sum= 4.03225e+06
TH1.Print Name  = chan0, Entries= 0, Total sum= 0
TH1.Print Name  = module, Entries= 4032247, Total sum= 4.03225e+06
TH1.Print Name  = chan, Entries= 4032247, Total sum= 4.03018e+06
TH1.Print Name  = l, Entries= 403225, Total sum= 403191
TH1.Print Name  = r, Entries= 403224, Total sum= 403223
TH1.Print Name  = up, Entries= 403224, Total sum= 403223
TH1.Print Name  = down, Entries= 403225, Total sum= 403225
TH1.Print Name  = sumlr, Entries= 392787, Total sum= 392787
TH1.Print Name  = sumud, Entries= 379417, Total sum= 379417
TH1.Print Name  = x, Entries= 392787, Total sum= 392787
TH1.Print Name  = y, Entries= 379417, Total sum= 379417
TH1.Print Name  = de1, Entries= 403225, Total sum= 403194
TH1.Print Name  = de2, Entries= 403225, Total sum= 403225
TH1.Print Name  = de3, Entries= 403225, Total sum= 402622
TH1.Print Name  = de12, Entries= 355243, Total sum= 355243
TH1.Print Name  = etot, Entries= 355243, Total sum= 355243
TH1.Print Name  = rftof, Entries= 403224, Total sum= 401997
TH1.Print Name  = lr, Entries= 1000000, Total sum= 999965
TH1.Print Name  = ud, Entries= 1000000, Total sum= 999999
TH1.Print Name  = ede1, Entries= 355243, Total sum= 355243
TH1.Print Name  = ede1g, Entries= 69354, Total sum= 69347
TH1.Print Name  = ede2, Entries= 355243, Total sum= 355243
TH1.Print Name  = ede12, Entries= 355243, Total sum= 355243
TH1.Print Name  = xde1, Entries= 355243, Total sum= 355243
TH1.Print Name  = erftof, Entries= 1000000, Total sum= 998773
TH1.Print Name  = erftofg, Entries= 26383, Total sum= 26292
TH1.Print Name  = sumehi, Entries= 1573069, Total sum= 1.57306e+06
TH1.Print Name  = tgppac, Entries= 1573069, Total sum= 395045
TH1.Print Name  = tgppacg, Entries= 69354, Total sum= 69354
TH1.Print Name  = xehi1, Entries= 1573069, Total sum= 1.57306e+06
TH1.Print Name  = xehi1g, Entries= 69354, Total sum= 69354
TH1.Print Name  = de1ehi, Entries= 1573069, Total sum= 1.57303e+06
TH1.Print Name  = de1ehig, Entries= 69354, Total sum= 69347
TH1.Print Name  = ng, Entries= 1000000, Total sum= 1e+06
TH1.Print Name  = ehiz1, Entries= 0, Total sum= 0
TH1.Print Name  = ehiz2, Entries= 0, Total sum= 0
TH1.Print Name  = ehiz3, Entries= 0, Total sum= 0
TH1.Print Name  = ehiz4, Entries= 0, Total sum= 0
TH1.Print Name  = ehiz5, Entries= 0, Total sum= 0
TH1.Print Name  = gg_dt, Entries= 83459, Total sum= 83459
TH1.Print Name  = gg, Entries= 166918, Total sum= 164254
TH1.Print Name  = gg_z1, Entries= 0, Total sum= 0
TH1.Print Name  = gg_z2, Entries= 0, Total sum= 0
TH1.Print Name  = gg_z3, Entries= 0, Total sum= 0
TH1.Print Name  = gg_z4, Entries= 0, Total sum= 0
TH1.Print Name  = gg_z5, Entries= 0, Total sum= 0
Pars.f1->Close();
done saving rootfile "/lcrc/project/HELIOS/gretinafma/root_data/run172.root


read 1000000 events; Pars.beta=0.0330; time since last update 1 minutes
CommandFileName="GEBSort.command"

sorted timestamp range 739437445989-->747725014859: 8287568870
that is 82.9 seconds or 0h1m22s
^^^^^ any timestamp jumps will upset this accounting

hit statistics per type
 1 GEB_TYPE_DECOMP          1698189 ;  20490.80 Hz 
 8 GEB_TYPE_GT_MOD29         405656 ;   4894.75 Hz 
read a total of              2103845 ; header/payloads


nn1=0
nn2=2103846
nn3=2103846

nok_validate= 1000000, ntot_validate=1000000; validate fraction 100.00%

bytes read=999040564, 952.759327 MB

boniva sancta! ...GEBSort (unexpectedly) did not crash!

 ** GEBSort is done at 
