started GEBSort at we have 9 arguments
1... -input
will take input from disk
file size is 3266730768 bytes or 3190 MBytes

4... -rootfile
rootfile name specified on command line
__will store spectra in rootfile: /lcrc/project/HELIOS/gretinafma/root_data/run221.root
will recreate root file
7... -chat
core file size          (blocks, -c) unlimited
data seg size           (kbytes, -d) unlimited
scheduling priority             (-e) 0
file size               (blocks, -f) unlimited
pending signals                 (-i) 510313
max locked memory       (kbytes, -l) unlimited
max memory size         (kbytes, -m) 128769024
open files                      (-n) 51200
pipe size            (512 bytes, -p) 8
POSIX message queues     (bytes, -q) 819200
real-time priority              (-r) 0
stack size              (kbytes, -s) unlimited
cpu time               (seconds, -t) unlimited
max user processes              (-u) 4096
virtual memory          (kbytes, -v) unlimited
file locks                      (-x) unlimited
will read sorting instructions from chatfile: GEBSort.chat

executing UserDeclare.h code


GEBsort running on: 

initializing

crmat.LINUX is open (input) binary format
read 7936 bytes into Pars.crmat
chat file: <GEBSort.chat> open

will sort a max of 1410065408 events
will sort 86400 minutes of data
will print details of the first 10 events
will use Pars.Beta (v/c) correction of 0.033000
will sort using a time window of 150
Pars.do_bin_mode2=1
Pars.do_bin_mode3=1
will accept second interaction range between 10.000000 and 500.000000 mm
"1-200"
detector   1 is ENABLED
detector   2 is ENABLED
detector   3 is ENABLED
detector   4 is ENABLED
detector   5 is ENABLED
detector   6 is ENABLED
detector   7 is ENABLED
detector   8 is ENABLED
detector   9 is ENABLED
detector  10 is ENABLED
detector  11 is ENABLED
detector  12 is ENABLED
detector  13 is ENABLED
detector  14 is ENABLED
detector  15 is ENABLED
detector  16 is ENABLED
detector  17 is ENABLED
detector  18 is ENABLED
detector  19 is ENABLED
detector  20 is ENABLED
detector  21 is ENABLED
detector  22 is ENABLED
detector  23 is ENABLED
detector  24 is ENABLED
detector  25 is ENABLED
detector  26 is ENABLED
detector  27 is ENABLED
detector  28 is ENABLED
detector  29 is ENABLED
detector  30 is ENABLED
detector  31 is ENABLED
detector  32 is ENABLED
detector  33 is ENABLED
detector  34 is ENABLED
detector  35 is ENABLED
detector  36 is ENABLED
detector  37 is ENABLED
detector  38 is ENABLED
detector  39 is ENABLED
detector  40 is ENABLED
detector  41 is ENABLED
detector  42 is ENABLED
detector  43 is ENABLED
detector  44 is ENABLED
detector  45 is ENABLED
detector  46 is ENABLED
detector  47 is ENABLED
detector  48 is ENABLED
detector  49 is ENABLED
detector  50 is ENABLED
detector  51 is ENABLED
detector  52 is ENABLED
detector  53 is ENABLED
detector  54 is ENABLED
detector  55 is ENABLED
detector  56 is ENABLED
detector  57 is ENABLED
detector  58 is ENABLED
detector  59 is ENABLED
detector  60 is ENABLED
detector  61 is ENABLED
detector  62 is ENABLED
detector  63 is ENABLED
detector  64 is ENABLED
detector  65 is ENABLED
detector  66 is ENABLED
detector  67 is ENABLED
detector  68 is ENABLED
detector  69 is ENABLED
detector  70 is ENABLED
detector  71 is ENABLED
detector  72 is ENABLED
detector  73 is ENABLED
detector  74 is ENABLED
detector  75 is ENABLED
detector  76 is ENABLED
detector  77 is ENABLED
detector  78 is ENABLED
detector  79 is ENABLED
detector  80 is ENABLED
detector  81 is ENABLED
detector  82 is ENABLED
detector  83 is ENABLED
detector  84 is ENABLED
detector  85 is ENABLED
detector  86 is ENABLED
detector  87 is ENABLED
detector  88 is ENABLED
detector  89 is ENABLED
detector  90 is ENABLED
detector  91 is ENABLED
detector  92 is ENABLED
detector  93 is ENABLED
detector  94 is ENABLED
detector  95 is ENABLED
detector  96 is ENABLED
detector  97 is ENABLED
detector  98 is ENABLED
detector  99 is ENABLED
detector 100 is ENABLED
detector 101 is ENABLED
detector 102 is ENABLED
detector 103 is ENABLED
detector 104 is ENABLED
detector 105 is ENABLED
detector 106 is ENABLED
detector 107 is ENABLED
detector 108 is ENABLED
detector 109 is ENABLED
detector 110 is ENABLED
detector 111 is ENABLED
detector 112 is ENABLED
detector 113 is ENABLED
detector 114 is ENABLED
detector 115 is ENABLED
detector 116 is ENABLED
detector 117 is ENABLED
detector 118 is ENABLED
detector 119 is ENABLED
detector 120 is ENABLED
detector 121 is ENABLED
detector 122 is ENABLED
detector 123 is ENABLED
detector 124 is ENABLED
detector 125 is ENABLED
detector 126 is ENABLED
detector 127 is ENABLED
detector 128 is ENABLED
detector 129 is ENABLED
detector 130 is ENABLED
detector 131 is ENABLED
detector 132 is ENABLED
detector 133 is ENABLED
detector 134 is ENABLED
detector 135 is ENABLED
detector 136 is ENABLED
detector 137 is ENABLED
detector 138 is ENABLED
detector 139 is ENABLED
detector 140 is ENABLED
detector 141 is ENABLED
detector 142 is ENABLED
detector 143 is ENABLED
detector 144 is ENABLED
detector 145 is ENABLED
detector 146 is ENABLED
detector 147 is ENABLED
detector 148 is ENABLED
detector 149 is ENABLED
detector 150 is ENABLED
detector 151 is ENABLED
detector 152 is ENABLED
detector 153 is ENABLED
detector 154 is ENABLED
detector 155 is ENABLED
detector 156 is ENABLED
detector 157 is ENABLED
detector 158 is ENABLED
detector 159 is ENABLED
detector 160 is ENABLED
detector 161 is ENABLED
detector 162 is ENABLED
detector 163 is ENABLED
detector 164 is ENABLED
detector 165 is ENABLED
detector 166 is ENABLED
detector 167 is ENABLED
detector 168 is ENABLED
detector 169 is ENABLED
detector 170 is ENABLED
detector 171 is ENABLED
detector 172 is ENABLED
detector 173 is ENABLED
detector 174 is ENABLED
detector 175 is ENABLED
detector 176 is ENABLED
detector 177 is ENABLED
detector 178 is ENABLED
detector 179 is ENABLED
detector 180 is ENABLED
detector 181 is ENABLED
detector 182 is ENABLED
detector 183 is ENABLED
detector 184 is ENABLED
detector 185 is ENABLED
detector 186 is ENABLED
detector 187 is ENABLED
detector 188 is ENABLED
detector 189 is ENABLED
detector 190 is ENABLED
detector 191 is ENABLED
detector 192 is ENABLED
detector 193 is ENABLED
detector 194 is ENABLED
detector 195 is ENABLED
detector 196 is ENABLED
detector 197 is ENABLED
detector 198 is ENABLED
detector 199 is ENABLED
WARNING: could not open CCcal file "CCenergy.cal", quit
will use beam direction 0.000000 0.000000 1.000000
vector length= 1.000000, normalizing
will use beam direction 0.000000 0.000000 1.000000
Pars.ndetlimlo=1,Pars.ndetlimhi=8
will require mult bt: 1 20
fomlimits, 1, 0.00 ..to.. 0.80
fomlimits, 2, 0.00 ..to.. 0.80
fomlimits, 3, 0.00 ..to.. 0.80
fomlimits, 4, 0.00 ..to.. 0.80
fomlimits, 5, 0.00 ..to.. 0.80
fomlimits, 6, 0.00 ..to.. 0.80
fomlimits, 7, 0.00 ..to.. 0.80
will use M= 350.000000 in bin_dgs
will use PZ file "dgs_pz.cal" in bin_dgs
will use ecal file "dgs_ehi.cal" in bin_dgs
will skip rest of chat file

chat file: <GEBSort.chat> closed
processed 38 sort instructions and 197 lines


sorting this:
Pars.do_bin_mode3 = 1
Pars.do_bin_mode2 = 1
Pars.do_bin_mode1 = 0
Pars.do_bin_dgs = 0
Pars.do_bin_dfma = 0
Pars.do_bin_gtcal = 0
Pars.do_bin_template = 0
Pars.do_bin_final = 0
Pars.do_bin_angcor = 0
Pars.do_bin_angdis = 0
checking proper input of chat file...
input file "/lcrc/project/HELIOS/gretinafma/merged_data/GEBMerged_run221.gtd_000" is open, inData=0x259a2a60
file size is -1028236528 bytes or -1004 MBs 
input source is set up, supposedly

xyz offset values:

executing ShareMemFileUserInit.h code

deleted \rm -f GEBSort.command
root file </lcrc/project/HELIOS/gretinafma/root_data/run221.root>
base=</lcrc/project/HELIOS/gretinafma/root_data/run221.root:/>
TFile: name=/lcrc/project/HELIOS/gretinafma/root_data/run221.root, title=, option=CREATE

executing UserInit.h code

Created Object "dtbtev", 0x269f8200
Created Object "T0", 0x269f8610
, "T0"Created Object "hitpat", 0x269f8a00
, "hitpat"Created Object "numHitArray2", 0x269f9450
, "numHitArray2"Created Object "CCmult", 0x269f9f10
, "CC Multiplicity"Created Object "CCsum", 0x26ccb810
, "CCsum"Created Object "hit2", 0x26cdb620
, "hit2"Created Object "hit3", 0x26ceb430
, "hit3"Created Object "hit4", 0x26cfb240
, "hit4"Created Object "CCsum_nodop", 0x26d0b050
, "CCsum_nodop"Created Object "CCadd", 0x26d1ae60
, "CCadd"Created Object "SEGadd_FPGA", 0x26d2ac70
Created Object "SEGadd_PSA", 0x26d2b080
Created Object "SEGsum_FPGA", 0x26d2b490
Created Object "SEGsum_PSA", 0x26d2b8a0
Created Object "radius_all", 0x26d2bcb0
, "radius (all points)"Created Object "rate_mode2_min", 0x26d340c0
, "rate_mode2_min headers"Created Object "rate_mode2_sec", 0x26d371d0
, "rate_mode2_sec headers"Created Object "rate_mode2_intp", 0x26d3a2e0
, "rate_mode2 interaction points"Created Object "cdtbtev", 0x26d3d520
Created Object "evsr_all", 0x26e03500
Created Object "SMAP_allhits", 0x26e03a40
Created Object "SMAP_allhits_sq", 0x26f033d0
Created Object "seghitpat", 0x27002d60
Created Object "CCe", 0x2700b160
Created Object "ggCC", 0x2700b710
Created Object "z_plot", 0x2700bcc0
Created Object "crystal_hit", 0x270bf390
Created Object "SegE", 0x270bf960
Created Object "crXcr", 0x270bfea0
MAXDETPOS=180
Created Object "eCC_a", 0x271ada60
Created Object "eCC_b", 0x271ade70
Created Object "eCC_c", 0x271ae2e0
Created Object "eCC_d", 0x271ae890
Created Object "eSeg", 0x271aedd0
Created Object "mode3_hitpat", 0x271af380
, "mode3_hitpat"Created Object "mode3_hitpat_chan", 0x271afcf0
, "mode3_hitpat_chan"Created Object "chan0", 0x271b0420
, "chan0"Created Object "module", 0x271c4250
, "module"Created Object "chan", 0x271d8080
Created Object "l", 0x2724d9a0
, "l"Created Object "r", 0x272617d0
, "r"Created Object "up", 0x27275590
, "up"Created Object "down", 0x27289350
, "down"Created Object "sumlr", 0x2729d180
, "sumlr"Created Object "sumud", 0x272b0fb0
, "sumud"Created Object "x", 0x272c4de0
, "x"Created Object "y", 0x272d8c10
, "y"Created Object "de1", 0x272eca40
, "de1"Created Object "de2", 0x27300800
, "de2"Created Object "de3", 0x273145c0
, "de3"Created Object "de12", 0x273283f0
, "de12"Created Object "etot", 0x2733c220
, "etot"Created Object "rftof", 0x2734ffe0
, "rftof"Created Object "lr", 0x27363da0
Created Object "ud", 0x273642e0
Created Object "ede1", 0x27364820
Created Object "ede1g", 0x27364d60
Created Object "ede2", 0x27365310
Created Object "ede12", 0x273658c0
Created Object "xde1", 0x27365e70
Created Object "erftof", 0x273663b0
Created Object "erftofg", 0x273668f0
Created Object "sumehi", 0x27366ea0
, "sumehi"Created Object "tgppac", 0x2737ac60
, "tgppac"Created Object "tgppacg", 0x273a2310
, "tgppacg"Created Object "xehi1", 0x273c99c0
Created Object "xehi1g", 0x273c9f00
Created Object "de1ehi", 0x273ca4b0
Created Object "de1ehig", 0x273ca9f0
Created Object "ng", 0x273caf30
, "ng"Created Object "ehiz1", 0x273decf0
, "ehiz1"Created Object "ehiz2", 0x273f2ab0
, "ehiz2"Created Object "ehiz3", 0x274068e0
, "ehiz3"Created Object "ehiz4", 0x2741a710
, "ehiz4"Created Object "ehiz5", 0x2742e540
, "ehiz5"Created Object "gg_dt", 0x27442300
, "gg_dt"Created Object "gg", 0x27446730
Created Object "gg_z1", 0x27446ce0
Created Object "gg_z2", 0x27447290
Created Object "gg_z3", 0x27447840
Created Object "gg_z4", 0x27447df0
Created Object "gg_z5", 0x27448330
we have define the following ROOT spectra:
Collection name='THashList', class='THashList', size=84
 TH1.Print Name  = dtbtev, Entries= 0, Total sum= 0
 TH1.Print Name  = T0, Entries= 0, Total sum= 0
 TH1.Print Name  = hitpat, Entries= 0, Total sum= 0
 TH1.Print Name  = numHitArray2, Entries= 0, Total sum= 0
 TH1.Print Name  = CCmult, Entries= 0, Total sum= 0
 TH1.Print Name  = CCsum, Entries= 0, Total sum= 0
 TH1.Print Name  = hit2, Entries= 0, Total sum= 0
 TH1.Print Name  = hit3, Entries= 0, Total sum= 0
 TH1.Print Name  = hit4, Entries= 0, Total sum= 0
 TH1.Print Name  = CCsum_nodop, Entries= 0, Total sum= 0
 TH1.Print Name  = CCadd, Entries= 0, Total sum= 0
 TH1.Print Name  = SEGadd_FPGA, Entries= 0, Total sum= 0
 TH1.Print Name  = SEGadd_PSA, Entries= 0, Total sum= 0
 TH1.Print Name  = SEGsum_FPGA, Entries= 0, Total sum= 0
 TH1.Print Name  = SEGsum_PSA, Entries= 0, Total sum= 0
 TH1.Print Name  = radius_all, Entries= 0, Total sum= 0
 TH1.Print Name  = rate_mode2_min, Entries= 0, Total sum= 0
 TH1.Print Name  = rate_mode2_sec, Entries= 0, Total sum= 0
 TH1.Print Name  = rate_mode2_intp, Entries= 0, Total sum= 0
 TH1.Print Name  = cdtbtev, Entries= 0, Total sum= 0
 TH1.Print Name  = evsr_all, Entries= 0, Total sum= 0
 TH1.Print Name  = SMAP_allhits, Entries= 0, Total sum= 0
 TH1.Print Name  = SMAP_allhits_sq, Entries= 0, Total sum= 0
 TH1.Print Name  = seghitpat, Entries= 0, Total sum= 0
 TH1.Print Name  = CCe, Entries= 0, Total sum= 0
 TH1.Print Name  = ggCC, Entries= 0, Total sum= 0
 TH1.Print Name  = z_plot, Entries= 0, Total sum= 0
 TH1.Print Name  = crystal_hit, Entries= 0, Total sum= 0
 TH1.Print Name  = SegE, Entries= 0, Total sum= 0
 TH1.Print Name  = crXcr, Entries= 0, Total sum= 0
 ******************************************************************************
*Tree    :tree      : tree                                                   *
*Entries :        0 : Total =            8461 bytes  File  Size =          0 *
*        :          : Tree compression factor =   1.00                       *
******************************************************************************
*Br    0 :runNumber : runNumber/I                                            *
*Entries :        0 : Total  Size=        501 bytes  One basket in memory    *
*Baskets :        0 : Basket Size=      32000 bytes  Compression=   1.00     *
*............................................................................*
*Br    1 :numHits   : numHits/I                                              *
*Entries :        0 : Total  Size=        493 bytes  One basket in memory    *
*Baskets :        0 : Basket Size=      32000 bytes  Compression=   1.00     *
*............................................................................*
*Br    2 :left      : left[numHits]/F                                        *
*Entries :        0 : Total  Size=        580 bytes  One basket in memory    *
*Baskets :        0 : Basket Size=      32000 bytes  Compression=   1.00     *
*............................................................................*
*Br    3 :right     : right[numHits]/F                                       *
*Entries :        0 : Total  Size=        584 bytes  One basket in memory    *
*Baskets :        0 : Basket Size=      32000 bytes  Compression=   1.00     *
*............................................................................*
*Br    4 :up        : up[numHits]/F                                          *
*Entries :        0 : Total  Size=        572 bytes  One basket in memory    *
*Baskets :        0 : Basket Size=      32000 bytes  Compression=   1.00     *
*............................................................................*
*Br    5 :down      : down[numHits]/F                                        *
*Entries :        0 : Total  Size=        580 bytes  One basket in memory    *
*Baskets :        0 : Basket Size=      32000 bytes  Compression=   1.00     *
*............................................................................*
*Br    6 :e1        : e1[numHits]/F                                          *
*Entries :        0 : Total  Size=        572 bytes  One basket in memory    *
*Baskets :        0 : Basket Size=      32000 bytes  Compression=   1.00     *
*............................................................................*
*Br    7 :e2        : e2[numHits]/F                                          *
*Entries :        0 : Total  Size=        572 bytes  One basket in memory    *
*Baskets :        0 : Basket Size=      32000 bytes  Compression=   1.00     *
*............................................................................*
*Br    8 :e3        : e3[numHits]/F                                          *
*Entries :        0 : Total  Size=        572 bytes  One basket in memory    *
*Baskets :        0 : Basket Size=      32000 bytes  Compression=   1.00     *
*............................................................................*
*Br    9 :tac       : tac[numHits]/F                                         *
*Entries :        0 : Total  Size=        576 bytes  One basket in memory    *
*Baskets :        0 : Basket Size=      32000 bytes  Compression=   1.00     *
*............................................................................*
*Br   10 :fmaDeltaTime : fmaDeltaTime[numHits]/F                             *
*Entries :        0 : Total  Size=        612 bytes  One basket in memory    *
*Baskets :        0 : Basket Size=      32000 bytes  Compression=   1.00     *
*............................................................................*
*Br   11 :fmaMult   : fmaMult[10]/I                                          *
*Entries :        0 : Total  Size=        501 bytes  One basket in memory    *
*Baskets :        0 : Basket Size=      32000 bytes  Compression=   1.00     *
*............................................................................*
*Br   12 :gammaMult : gammaMult/I                                            *
*Entries :        0 : Total  Size=        501 bytes  One basket in memory    *
*Baskets :        0 : Basket Size=      32000 bytes  Compression=   1.00     *
*............................................................................*
*Br   13 :gammaEnergy : gammaEnergy[gammaMult]/F                             *
*Entries :        0 : Total  Size=        616 bytes  One basket in memory    *
*Baskets :        0 : Basket Size=      32000 bytes  Compression=   1.00     *
*............................................................................*
*Br   14 :gammaTimestamp : gammaTimestamp[gammaMult]/F                       *
*Entries :        0 : Total  Size=        628 bytes  One basket in memory    *
*Baskets :        0 : Basket Size=      32000 bytes  Compression=   1.00     *
*............................................................................*
*Br   15 :deltaTime : deltaTime[gammaMult]/F                                 *
*Entries :        0 : Total  Size=        608 bytes  One basket in memory    *
*Baskets :        0 : Basket Size=      32000 bytes  Compression=   1.00     *
*............................................................................*
 TH1.Print Name  = eCC_a, Entries= 0, Total sum= 0
 TH1.Print Name  = eCC_b, Entries= 0, Total sum= 0
 TH1.Print Name  = eCC_c, Entries= 0, Total sum= 0
 TH1.Print Name  = eCC_d, Entries= 0, Total sum= 0
 TH1.Print Name  = eSeg, Entries= 0, Total sum= 0
 TH1.Print Name  = mode3_hitpat, Entries= 0, Total sum= 0
 TH1.Print Name  = mode3_hitpat_chan, Entries= 0, Total sum= 0
 TH1.Print Name  = chan0, Entries= 0, Total sum= 0
 TH1.Print Name  = module, Entries= 0, Total sum= 0
 TH1.Print Name  = chan, Entries= 0, Total sum= 0
 TH1.Print Name  = l, Entries= 0, Total sum= 0
 TH1.Print Name  = r, Entries= 0, Total sum= 0
 TH1.Print Name  = up, Entries= 0, Total sum= 0
 TH1.Print Name  = down, Entries= 0, Total sum= 0
 TH1.Print Name  = sumlr, Entries= 0, Total sum= 0
 TH1.Print Name  = sumud, Entries= 0, Total sum= 0
 TH1.Print Name  = x, Entries= 0, Total sum= 0
 TH1.Print Name  = y, Entries= 0, Total sum= 0
 TH1.Print Name  = de1, Entries= 0, Total sum= 0
 TH1.Print Name  = de2, Entries= 0, Total sum= 0
 TH1.Print Name  = de3, Entries= 0, Total sum= 0
 TH1.Print Name  = de12, Entries= 0, Total sum= 0
 TH1.Print Name  = etot, Entries= 0, Total sum= 0
 TH1.Print Name  = rftof, Entries= 0, Total sum= 0
 TH1.Print Name  = lr, Entries= 0, Total sum= 0
 TH1.Print Name  = ud, Entries= 0, Total sum= 0
 TH1.Print Name  = ede1, Entries= 0, Total sum= 0
 TH1.Print Name  = ede1g, Entries= 0, Total sum= 0
 TH1.Print Name  = ede2, Entries= 0, Total sum= 0
 TH1.Print Name  = ede12, Entries= 0, Total sum= 0
 TH1.Print Name  = xde1, Entries= 0, Total sum= 0
 TH1.Print Name  = erftof, Entries= 0, Total sum= 0
 TH1.Print Name  = erftofg, Entries= 0, Total sum= 0
 TH1.Print Name  = sumehi, Entries= 0, Total sum= 0
 TH1.Print Name  = tgppac, Entries= 0, Total sum= 0
 TH1.Print Name  = tgppacg, Entries= 0, Total sum= 0
 TH1.Print Name  = xehi1, Entries= 0, Total sum= 0
 TH1.Print Name  = xehi1g, Entries= 0, Total sum= 0
 TH1.Print Name  = de1ehi, Entries= 0, Total sum= 0
 TH1.Print Name  = de1ehig, Entries= 0, Total sum= 0
 TH1.Print Name  = ng, Entries= 0, Total sum= 0
 TH1.Print Name  = ehiz1, Entries= 0, Total sum= 0
 TH1.Print Name  = ehiz2, Entries= 0, Total sum= 0
 TH1.Print Name  = ehiz3, Entries= 0, Total sum= 0
 TH1.Print Name  = ehiz4, Entries= 0, Total sum= 0
 TH1.Print Name  = ehiz5, Entries= 0, Total sum= 0
 TH1.Print Name  = gg_dt, Entries= 0, Total sum= 0
 TH1.Print Name  = gg, Entries= 0, Total sum= 0
 TH1.Print Name  = gg_z1, Entries= 0, Total sum= 0
 TH1.Print Name  = gg_z2, Entries= 0, Total sum= 0
 TH1.Print Name  = gg_z3, Entries= 0, Total sum= 0
 TH1.Print Name  = gg_z4, Entries= 0, Total sum= 0
 TH1.Print Name  = gg_z5, Entries= 0, Total sum= 0
GRETINA detector angles
mod  1, crystal 0 [  4]: ( 10.07   3.58  15.10) pol   35.30 ,  azi   13.35; pol   35.30 ,  azi   19.58; modCCdopfac[4] 1.0271
mod  1, crystal 1 [  5]: ( 10.11   9.19  12.47) pol   47.60 ,  azi   36.39; pol   47.60 ,  azi   42.30; modCCdopfac[5] 1.0222
mod  1, crystal 2 [  6]: (  5.44   7.69  15.92) pol   30.60 ,  azi   25.77; pol   30.60 ,  azi   54.72; modCCdopfac[6] 1.0287
mod  1, crystal 3 [  7]: (  4.99   1.78  17.72) pol   16.65 ,  azi    5.72; pol   16.65 ,  azi   19.58; modCCdopfac[7] 1.0321
mod  2, crystal 0 [  8]: ( -0.29  10.69  15.10) pol   35.30 ,  azi   35.29; pol   35.30 ,  azi   91.58; modCCdopfac[8] 1.0271
mod  2, crystal 1 [  9]: ( -5.62  12.45  12.47) pol   47.60 ,  azi   44.95; pol   47.60 ,  azi  114.30; modCCdopfac[9] 1.0222
mod  2, crystal 2 [ 10]: ( -5.63   7.55  15.92) pol   30.60 ,  azi   25.36; pol   30.60 ,  azi  126.72; modCCdopfac[10] 1.0287
mod  2, crystal 3 [ 11]: ( -0.15   5.30  17.72) pol   16.65 ,  azi   16.64; pol   16.65 ,  azi   91.58; modCCdopfac[11] 1.0321
mod  3, crystal 0 [ 12]: (-10.25   3.02  15.10) pol   35.30 ,  azi   11.32; pol   35.30 ,  azi  163.58; modCCdopfac[12] 1.0271
mod  3, crystal 1 [ 13]: (-13.58  -1.50  12.47) pol   47.60 ,  azi   -6.85; pol   47.60 ,  azi -173.70; modCCdopfac[13] 1.0222
mod  3, crystal 2 [ 14]: ( -8.92  -3.02  15.92) pol   30.60 ,  azi  -10.75; pol   30.60 ,  azi -161.28; modCCdopfac[14] 1.0287
mod  3, crystal 3 [ 15]: ( -5.08   1.50  17.72) pol   16.65 ,  azi    4.83; pol   16.65 ,  azi  163.58; modCCdopfac[15] 1.0321
mod  4, crystal 0 [ 16]: ( -6.04  -8.82  15.10) pol   35.30 ,  azi  -30.29; pol   35.30 ,  azi -124.42; modCCdopfac[16] 1.0271
mod  4, crystal 1 [ 17]: ( -2.77 -13.38  12.47) pol   47.60 ,  azi  -47.00; pol   47.60 ,  azi -101.70; modCCdopfac[17] 1.0222
mod  4, crystal 2 [ 18]: (  0.12  -9.42  15.92) pol   30.60 ,  azi  -30.60; pol   30.60 ,  azi  -89.28; modCCdopfac[18] 1.0287
mod  4, crystal 3 [ 19]: ( -3.00  -4.37  17.72) pol   16.65 ,  azi  -13.86; pol   16.65 ,  azi -124.42; modCCdopfac[19] 1.0321
mod  5, crystal 0 [ 20]: (  6.52  -8.47  15.10) pol   35.30 ,  azi  -29.30; pol   35.30 ,  azi  -52.42; modCCdopfac[20] 1.0271
mod  5, crystal 1 [ 21]: ( 11.87  -6.77  12.47) pol   47.60 ,  azi  -28.49; pol   47.60 ,  azi  -29.70; modCCdopfac[21] 1.0222
mod  5, crystal 2 [ 22]: (  8.99  -2.80  15.92) pol   30.60 ,  azi   -9.96; pol   30.60 ,  azi  -17.28; modCCdopfac[22] 1.0287
mod  5, crystal 3 [ 23]: (  3.23  -4.20  17.72) pol   16.65 ,  azi  -13.33; pol   16.65 ,  azi  -52.42; modCCdopfac[23] 1.0321
mod  6, crystal 0 [ 24]: (  4.54  16.51   7.02) pol   67.71 ,  azi   66.97; pol   67.71 ,  azi   74.63; modCCdopfac[24] 1.0121
mod  6, crystal 1 [ 25]: ( -0.33  15.15  10.61) pol   55.02 ,  azi   55.01; pol   55.02 ,  azi   91.23; modCCdopfac[25] 1.0187
mod  6, crystal 2 [ 26]: (  5.05  13.00  12.16) pol   48.92 ,  azi   46.92; pol   48.92 ,  azi   68.77; modCCdopfac[26] 1.0216
mod  6, crystal 3 [ 27]: (  9.66  13.57   8.06) pol   64.18 ,  azi   59.29; pol   64.18 ,  azi   54.55; modCCdopfac[27] 1.0140
mod  7, crystal 0 [ 28]: (-14.30   9.42   7.02) pol   67.71 ,  azi   53.31; pol   67.71 ,  azi  146.63; modCCdopfac[28] 1.0121
mod  7, crystal 1 [ 29]: (-14.51   4.37  10.61) pol   55.02 ,  azi   22.40; pol   55.02 ,  azi  163.23; modCCdopfac[29] 1.0187
mod  7, crystal 2 [ 30]: (-10.80   8.82  12.16) pol   48.92 ,  azi   35.96; pol   48.92 ,  azi  140.77; modCCdopfac[30] 1.0216
mod  7, crystal 3 [ 31]: ( -9.92  13.38   8.06) pol   64.18 ,  azi   58.94; pol   64.18 ,  azi  126.55; modCCdopfac[31] 1.0140
mod  8, crystal 0 [ 32]: (-13.37 -10.69   7.02) pol   67.71 ,  azi  -56.71; pol   67.71 ,  azi -141.37; modCCdopfac[32] 1.0121
mod  8, crystal 1 [ 33]: ( -8.64 -12.45  10.61) pol   55.02 ,  azi  -49.58; pol   55.02 ,  azi -124.77; modCCdopfac[33] 1.0187
mod  8, crystal 2 [ 34]: (-11.73  -7.55  12.16) pol   48.92 ,  azi  -31.84; pol   48.92 ,  azi -147.23; modCCdopfac[34] 1.0216
mod  8, crystal 3 [ 35]: (-15.79  -5.30   8.06) pol   64.18 ,  azi  -33.33; pol   64.18 ,  azi -161.45; modCCdopfac[35] 1.0140
mod  9, crystal 0 [ 36]: (  6.03 -16.02   7.02) pol   67.71 ,  azi  -66.35; pol   67.71 ,  azi  -69.37; modCCdopfac[36] 1.0121
mod  9, crystal 1 [ 37]: (  9.17 -12.07  10.61) pol   55.02 ,  azi  -48.69; pol   55.02 ,  azi  -52.77; modCCdopfac[37] 1.0187
mod  9, crystal 2 [ 38]: (  3.56 -13.48  12.16) pol   48.92 ,  azi  -47.96; pol   48.92 ,  azi  -75.23; modCCdopfac[38] 1.0216
mod  9, crystal 3 [ 39]: (  0.16 -16.65   8.06) pol   64.18 ,  azi  -64.18; pol   64.18 ,  azi  -89.45; modCCdopfac[39] 1.0140
mod 10, crystal 0 [ 40]: ( 17.10   0.79   7.02) pol   67.71 ,  azi    6.39; pol   67.71 ,  azi    2.63; modCCdopfac[40] 1.0121
mod 10, crystal 1 [ 41]: ( 14.31   4.99  10.61) pol   55.02 ,  azi   25.21; pol   55.02 ,  azi   19.23; modCCdopfac[41] 1.0187
mod 10, crystal 2 [ 42]: ( 13.92  -0.79  12.16) pol   48.92 ,  azi   -3.70; pol   48.92 ,  azi   -3.23; modCCdopfac[42] 1.0216
mod 10, crystal 3 [ 43]: ( 15.89  -4.99   8.06) pol   64.18 ,  azi  -31.79; pol   64.18 ,  azi  -17.45; modCCdopfac[43] 1.0140
mod 11, crystal 0 [ 44]: ( 18.26   2.80   0.92) pol   87.15 ,  azi   71.78; pol   87.15 ,  azi    8.71; modCCdopfac[44] 1.0011
mod 11, crystal 1 [ 45]: ( 17.30   4.20  -5.04) pol  105.79 ,  azi  140.16; pol  105.79 ,  azi   13.65; modCCdopfac[45] 0.9906
mod 11, crystal 2 [ 46]: ( 16.42   8.47  -0.92) pol   92.85 ,  azi   96.20; pol   92.85 ,  azi   27.29; modCCdopfac[46] 0.9978
mod 11, crystal 3 [ 47]: ( 16.46   6.77   5.04) pol   74.21 ,  azi   53.36; pol   74.21 ,  azi   22.35; modCCdopfac[47] 1.0085
mod 12, crystal 0 [ 48]: ( 12.46  13.48  -2.26) pol   97.01 ,  azi   99.50; pol   97.01 ,  azi   47.25; modCCdopfac[48] 0.9954
mod 12, crystal 1 [ 49]: (  7.28  16.65  -3.46) pol  100.78 ,  azi  101.74; pol  100.78 ,  azi   66.39; modCCdopfac[49] 0.9933
mod 12, crystal 2 [ 50]: (  8.97  16.02   2.26) pol   82.99 ,  azi   81.98; pol   82.99 ,  azi   60.75; modCCdopfac[50] 1.0035
mod 12, crystal 3 [ 51]: ( 13.59  12.07   3.46) pol   79.22 ,  azi   74.00; pol   79.22 ,  azi   41.61; modCCdopfac[51] 1.0057
mod 13, crystal 0 [ 52]: (  2.98  18.23   0.92) pol   87.15 ,  azi   87.11; pol   87.15 ,  azi   80.71; modCCdopfac[52] 1.0011
mod 13, crystal 1 [ 53]: (  1.35  17.75  -5.04) pol  105.79 ,  azi  105.84; pol  105.79 ,  azi   85.65; modCCdopfac[53] 0.9906
mod 13, crystal 2 [ 54]: ( -2.98  18.23  -0.92) pol   92.85 ,  azi   92.89; pol   92.85 ,  azi   99.29; modCCdopfac[54] 0.9978
mod 13, crystal 3 [ 55]: ( -1.35  17.75   5.04) pol   74.21 ,  azi   74.16; pol   74.21 ,  azi   94.35; modCCdopfac[55] 1.0085
mod 14, crystal 0 [ 56]: ( -8.97  16.02  -2.26) pol   97.01 ,  azi   98.02; pol   97.01 ,  azi  119.25; modCCdopfac[56] 0.9954
mod 14, crystal 1 [ 57]: (-13.59  12.07  -3.46) pol  100.78 ,  azi  106.00; pol  100.78 ,  azi  138.39; modCCdopfac[57] 0.9933
mod 14, crystal 2 [ 58]: (-12.46  13.48   2.26) pol   82.99 ,  azi   80.50; pol   82.99 ,  azi  132.75; modCCdopfac[58] 1.0035
mod 14, crystal 3 [ 59]: ( -7.28  16.65   3.46) pol   79.22 ,  azi   78.26; pol   79.22 ,  azi  113.61; modCCdopfac[59] 1.0057
mod 15, crystal 0 [ 60]: (-16.42   8.47   0.92) pol   87.15 ,  azi   83.80; pol   87.15 ,  azi  152.71; modCCdopfac[60] 1.0011
mod 15, crystal 1 [ 61]: (-16.46   6.77  -5.04) pol  105.79 ,  azi  126.64; pol  105.79 ,  azi  157.65; modCCdopfac[61] 0.9906
mod 15, crystal 2 [ 62]: (-18.26   2.80  -0.92) pol   92.85 ,  azi  108.22; pol   92.85 ,  azi  171.29; modCCdopfac[62] 0.9978
mod 15, crystal 3 [ 63]: (-17.30   4.20   5.04) pol   74.21 ,  azi   39.84; pol   74.21 ,  azi  166.35; modCCdopfac[63] 1.0085
mod 16, crystal 0 [ 64]: (-18.01  -3.58  -2.26) pol   97.01 ,  azi -122.21; pol   97.01 ,  azi -168.75; modCCdopfac[64] 0.9954
mod 16, crystal 1 [ 65]: (-15.68  -9.19  -3.46) pol  100.78 ,  azi -110.62; pol  100.78 ,  azi -149.61; modCCdopfac[65] 0.9933
mod 16, crystal 2 [ 66]: (-16.68  -7.69   2.26) pol   82.99 ,  azi  -73.64; pol   82.99 ,  azi -155.25; modCCdopfac[66] 1.0035
mod 16, crystal 3 [ 67]: (-18.09  -1.78   3.46) pol   79.22 ,  azi  -27.18; pol   79.22 ,  azi -174.39; modCCdopfac[67] 1.0057
mod 17, crystal 0 [ 68]: (-13.13 -13.00   0.92) pol   87.15 ,  azi  -85.95; pol   87.15 ,  azi -135.29; modCCdopfac[68] 1.0011
mod 17, crystal 1 [ 69]: (-11.53 -13.57  -5.04) pol  105.79 ,  azi -110.36; pol  105.79 ,  azi -130.35; modCCdopfac[69] 0.9906
mod 17, crystal 2 [ 70]: ( -8.30 -16.51  -0.92) pol   92.85 ,  azi  -93.19; pol   92.85 ,  azi -116.71; modCCdopfac[70] 0.9978
mod 17, crystal 3 [ 71]: ( -9.34 -15.15   5.04) pol   74.21 ,  azi  -71.62; pol   74.21 ,  azi -121.65; modCCdopfac[71] 1.0085
mod 18, crystal 0 [ 72]: ( -2.16 -18.23  -2.26) pol   97.01 ,  azi  -97.05; pol   97.01 ,  azi  -96.75; modCCdopfac[72] 0.9954
mod 18, crystal 1 [ 73]: (  3.90 -17.75  -3.46) pol  100.78 ,  azi -101.03; pol  100.78 ,  azi  -77.61; modCCdopfac[73] 0.9933
mod 18, crystal 2 [ 74]: (  2.16 -18.23   2.26) pol   82.99 ,  azi  -82.95; pol   82.99 ,  azi  -83.25; modCCdopfac[74] 1.0035
mod 18, crystal 3 [ 75]: ( -3.90 -17.75   3.46) pol   79.22 ,  azi  -78.97; pol   79.22 ,  azi -102.39; modCCdopfac[75] 1.0057
mod 19, crystal 0 [ 76]: (  8.30 -16.51   0.92) pol   87.15 ,  azi  -86.81; pol   87.15 ,  azi  -63.29; modCCdopfac[76] 1.0011
mod 19, crystal 1 [ 77]: (  9.34 -15.15  -5.04) pol  105.79 ,  azi -108.38; pol  105.79 ,  azi  -58.35; modCCdopfac[77] 0.9906
mod 19, crystal 2 [ 78]: ( 13.13 -13.00  -0.92) pol   92.85 ,  azi  -94.05; pol   92.85 ,  azi  -44.71; modCCdopfac[78] 0.9978
mod 19, crystal 3 [ 79]: ( 11.53 -13.57   5.04) pol   74.21 ,  azi  -69.64; pol   74.21 ,  azi  -49.65; modCCdopfac[79] 1.0085
mod 20, crystal 0 [ 80]: ( 16.68  -7.69  -2.26) pol   97.01 ,  azi -106.36; pol   97.01 ,  azi  -24.75; modCCdopfac[80] 0.9954
mod 20, crystal 1 [ 81]: ( 18.09  -1.78  -3.46) pol  100.78 ,  azi -152.82; pol  100.78 ,  azi   -5.61; modCCdopfac[81] 0.9933
mod 20, crystal 2 [ 82]: ( 18.01  -3.58   2.26) pol   82.99 ,  azi  -57.79; pol   82.99 ,  azi  -11.25; modCCdopfac[82] 1.0035
mod 20, crystal 3 [ 83]: ( 15.68  -9.19   3.46) pol   79.22 ,  azi  -69.38; pol   79.22 ,  azi  -30.39; modCCdopfac[83] 1.0057
mod 21, crystal 0 [ 84]: ( 14.30   9.42  -7.02) pol  112.29 ,  azi  126.69; pol  112.29 ,  azi   33.37; modCCdopfac[84] 0.9871
mod 21, crystal 1 [ 85]: ( 14.51   4.37 -10.61) pol  124.98 ,  azi  157.60; pol  124.98 ,  azi   16.77; modCCdopfac[85] 0.9809
mod 21, crystal 2 [ 86]: ( 10.80   8.82 -12.16) pol  131.08 ,  azi  144.04; pol  131.08 ,  azi   39.23; modCCdopfac[86] 0.9782
mod 21, crystal 3 [ 87]: (  9.92  13.38  -8.06) pol  115.82 ,  azi  121.06; pol  115.82 ,  azi   53.45; modCCdopfac[87] 0.9853
mod 22, crystal 0 [ 88]: ( -4.54  16.51  -7.02) pol  112.29 ,  azi  113.03; pol  112.29 ,  azi  105.37; modCCdopfac[88] 0.9871
mod 22, crystal 1 [ 89]: (  0.33  15.15 -10.61) pol  124.98 ,  azi  124.99; pol  124.98 ,  azi   88.77; modCCdopfac[89] 0.9809
mod 22, crystal 2 [ 90]: ( -5.05  13.00 -12.16) pol  131.08 ,  azi  133.08; pol  131.08 ,  azi  111.23; modCCdopfac[90] 0.9782
mod 22, crystal 3 [ 91]: ( -9.66  13.57  -8.06) pol  115.82 ,  azi  120.71; pol  115.82 ,  azi  125.45; modCCdopfac[91] 0.9853
mod 23, crystal 0 [ 92]: (-17.10   0.79  -7.02) pol  112.29 ,  azi  173.61; pol  112.29 ,  azi  177.37; modCCdopfac[92] 0.9871
mod 23, crystal 1 [ 93]: (-14.31   4.99 -10.61) pol  124.98 ,  azi  154.79; pol  124.98 ,  azi  160.77; modCCdopfac[93] 0.9809
mod 23, crystal 2 [ 94]: (-13.92  -0.79 -12.16) pol  131.08 ,  azi -176.30; pol  131.08 ,  azi -176.77; modCCdopfac[94] 0.9782
mod 23, crystal 3 [ 95]: (-15.89  -4.99  -8.06) pol  115.82 ,  azi -148.21; pol  115.82 ,  azi -162.55; modCCdopfac[95] 0.9853
mod 24, crystal 0 [ 96]: ( -6.03 -16.02  -7.02) pol  112.29 ,  azi -113.65; pol  112.29 ,  azi -110.63; modCCdopfac[96] 0.9871
mod 24, crystal 1 [ 97]: ( -9.17 -12.07 -10.61) pol  124.98 ,  azi -131.31; pol  124.98 ,  azi -127.23; modCCdopfac[97] 0.9809
mod 24, crystal 2 [ 98]: ( -3.56 -13.48 -12.16) pol  131.08 ,  azi -132.04; pol  131.08 ,  azi -104.77; modCCdopfac[98] 0.9782
mod 24, crystal 3 [ 99]: ( -0.16 -16.65  -8.06) pol  115.82 ,  azi -115.82; pol  115.82 ,  azi  -90.55; modCCdopfac[99] 0.9853
mod 25, crystal 0 [100]: ( 13.37 -10.69  -7.02) pol  112.29 ,  azi -123.29; pol  112.29 ,  azi  -38.63; modCCdopfac[100] 0.9871
mod 25, crystal 1 [101]: (  8.64 -12.45 -10.61) pol  124.98 ,  azi -130.42; pol  124.98 ,  azi  -55.23; modCCdopfac[101] 0.9809
mod 25, crystal 2 [102]: ( 11.73  -7.55 -12.16) pol  131.08 ,  azi -148.16; pol  131.08 ,  azi  -32.77; modCCdopfac[102] 0.9782
mod 25, crystal 3 [103]: ( 15.79  -5.30  -8.06) pol  115.82 ,  azi -146.67; pol  115.82 ,  azi  -18.55; modCCdopfac[103] 0.9853
mod 26, crystal 0 [104]: (  0.29  10.69 -15.10) pol  144.70 ,  azi  144.71; pol  144.70 ,  azi   88.42; modCCdopfac[104] 0.9732
mod 26, crystal 1 [105]: (  5.62  12.45 -12.47) pol  132.40 ,  azi  135.05; pol  132.40 ,  azi   65.70; modCCdopfac[105] 0.9777
mod 26, crystal 2 [106]: (  5.63   7.55 -15.92) pol  149.40 ,  azi  154.64; pol  149.40 ,  azi   53.28; modCCdopfac[106] 0.9718
mod 26, crystal 3 [107]: (  0.15   5.30 -17.72) pol  163.35 ,  azi  163.36; pol  163.35 ,  azi   88.42; modCCdopfac[107] 0.9688
mod 27, crystal 0 [108]: (-10.07   3.58 -15.10) pol  144.70 ,  azi  166.65; pol  144.70 ,  azi  160.42; modCCdopfac[108] 0.9732
mod 27, crystal 1 [109]: (-10.11   9.19 -12.47) pol  132.40 ,  azi  143.61; pol  132.40 ,  azi  137.70; modCCdopfac[109] 0.9777
mod 27, crystal 2 [110]: ( -5.44   7.69 -15.92) pol  149.40 ,  azi  154.23; pol  149.40 ,  azi  125.28; modCCdopfac[110] 0.9718
mod 27, crystal 3 [111]: ( -4.99   1.78 -17.72) pol  163.35 ,  azi  174.28; pol  163.35 ,  azi  160.42; modCCdopfac[111] 0.9688
mod 28, crystal 0 [112]: ( -6.52  -8.47 -15.10) pol  144.70 ,  azi -150.70; pol  144.70 ,  azi -127.58; modCCdopfac[112] 0.9732
mod 28, crystal 1 [113]: (-11.87  -6.77 -12.47) pol  132.40 ,  azi -151.51; pol  132.40 ,  azi -150.30; modCCdopfac[113] 0.9777
mod 28, crystal 2 [114]: ( -8.99  -2.80 -15.92) pol  149.40 ,  azi -170.04; pol  149.40 ,  azi -162.72; modCCdopfac[114] 0.9718
mod 28, crystal 3 [115]: ( -3.23  -4.20 -17.72) pol  163.35 ,  azi -166.67; pol  163.35 ,  azi -127.58; modCCdopfac[115] 0.9688
mod 29, crystal 0 [116]: (  6.04  -8.82 -15.10) pol  144.70 ,  azi -149.71; pol  144.70 ,  azi  -55.58; modCCdopfac[116] 0.9732
mod 29, crystal 1 [117]: (  2.77 -13.38 -12.47) pol  132.40 ,  azi -133.00; pol  132.40 ,  azi  -78.30; modCCdopfac[117] 0.9777
mod 29, crystal 2 [118]: ( -0.12  -9.42 -15.92) pol  149.40 ,  azi -149.40; pol  149.40 ,  azi  -90.72; modCCdopfac[118] 0.9718
mod 29, crystal 3 [119]: (  3.00  -4.37 -17.72) pol  163.35 ,  azi -166.14; pol  163.35 ,  azi  -55.58; modCCdopfac[119] 0.9688
mod 30, crystal 0 [120]: ( 10.25   3.02 -15.10) pol  144.70 ,  azi  168.68; pol  144.70 ,  azi   16.42; modCCdopfac[120] 0.9732
mod 30, crystal 1 [121]: ( 13.58  -1.50 -12.47) pol  132.40 ,  azi -173.15; pol  132.40 ,  azi   -6.30; modCCdopfac[121] 0.9777
mod 30, crystal 2 [122]: (  8.92  -3.02 -15.92) pol  149.40 ,  azi -169.25; pol  149.40 ,  azi  -18.72; modCCdopfac[122] 0.9718
mod 30, crystal 3 [123]: (  5.08   1.50 -17.72) pol  163.35 ,  azi  175.17; pol  163.35 ,  azi   16.42; modCCdopfac[123] 0.9688
setup signal catcher
started sorting... from disk...

Pars.maxTS=4611686018427387904
got initial header, TS=2526549633 ID: 1 length: 464
read initial payload of siz=464 into event position 1
__ptgd[0]->type= 0; ptgd[0]->length=   0; ptgd[0]->timestamp=0
initial ii=1, nn=1
ev#     0 GEB_TYPE_DECOMP        464Bytes TS=2526550483 curTS=2526549633 dTS= 850
t0=2526549633
first event: GEB_event.mult=1
   0/ 0: ( 1,GEB_TYPE_DECOMP      ) TS=          2526549633; dT=0
maxTS=8642526549633
that is 86400.0 seconds or 24h0m0s minutes of sorting
GEBGetEv returned st=0
we have read 960 bytes; CurEvNo=1

+++++++++++++++++++++++++++++++
*start event # 1 with multiplicity 1 looks like this:
 0>  1, GEB_TYPE_DECOMP      , TS=2526549633
entered bin_mode2: 1/10
ptinp->pad= 6, (ptinp->pad&0x000000ff)= 6
updated CCadd with    0.00
total number of hits in array: 0
exit bin_mode2
entered bin_mode3 @ event number: 1 
exit bin_mode3
*end of event # 1
+++++++++++++++++++++++++++++++
ev#     1 GEB_TYPE_DECOMP        464Bytes TS=2526594581 curTS=2526550483 dTS= 44098
GEBGetEv returned st=0
we have read 1440 bytes; CurEvNo=2

+++++++++++++++++++++++++++++++
*start event # 2 with multiplicity 1 looks like this:
 0>  1, GEB_TYPE_DECOMP      , TS=2526550483
entered bin_mode2: 2/10
ptinp->pad= 6, (ptinp->pad&0x000000ff)= 6
updated CCadd with    0.00
total number of hits in array: 0
exit bin_mode2
entered bin_mode3 @ event number: 2 
exit bin_mode3
*end of event # 2
+++++++++++++++++++++++++++++++
ev#     2 GEB_TYPE_DECOMP        464Bytes TS=2526594583 curTS=2526594581 dTS= 2
ev#     2 GEB_TYPE_DECOMP        464Bytes TS=2526594585 curTS=2526594581 dTS= 4
ev#     2 GEB_TYPE_DECOMP        464Bytes TS=2526594645 curTS=2526594581 dTS= 64
ev#     2 GEB_TYPE_DECOMP        464Bytes TS=2526594721 curTS=2526594581 dTS= 140
ev#     2 GEB_TYPE_DECOMP        464Bytes TS=2526620269 curTS=2526594581 dTS= 25688
GEBGetEv returned st=0
we have read 3840 bytes; CurEvNo=3

+++++++++++++++++++++++++++++++
*start event # 3 with multiplicity 5 looks like this:
 0>  1, GEB_TYPE_DECOMP      , TS=2526594581
 1>  1, GEB_TYPE_DECOMP      , TS=2526594583
 2>  1, GEB_TYPE_DECOMP      , TS=2526594585
 3>  1, GEB_TYPE_DECOMP      , TS=2526594645
 4>  1, GEB_TYPE_DECOMP      , TS=2526594721
entered bin_mode2: 3/10
ptinp->pad= 6, (ptinp->pad&0x000000ff)= 6
ptinp->pad= 6, (ptinp->pad&0x000000ff)= 6
ptinp->pad= 6, (ptinp->pad&0x000000ff)= 6
ptinp->pad= 6, (ptinp->pad&0x000000ff)= 6
ptinp->pad= 6, (ptinp->pad&0x000000ff)= 6
updated CCadd with    0.00
total number of hits in array: 0
exit bin_mode2
entered bin_mode3 @ event number: 3 
exit bin_mode3
*end of event # 3
+++++++++++++++++++++++++++++++
ev#     3 GEB_TYPE_DECOMP        464Bytes TS=2526620369 curTS=2526620269 dTS= 100
ev#     3 GEB_TYPE_DECOMP        464Bytes TS=2526628803 curTS=2526620269 dTS= 8534
GEBGetEv returned st=0
we have read 4800 bytes; CurEvNo=4

+++++++++++++++++++++++++++++++
*start event # 4 with multiplicity 2 looks like this:
 0>  1, GEB_TYPE_DECOMP      , TS=2526620269
 1>  1, GEB_TYPE_DECOMP      , TS=2526620369
entered bin_mode2: 4/10
ptinp->pad= 6, (ptinp->pad&0x000000ff)= 6
ptinp->pad= 6, (ptinp->pad&0x000000ff)= 6
updated CCadd with    0.00
total number of hits in array: 0
exit bin_mode2
entered bin_mode3 @ event number: 4 
exit bin_mode3
*end of event # 4
+++++++++++++++++++++++++++++++
ev#     4 GEB_TYPE_DECOMP        464Bytes TS=2526628807 curTS=2526628803 dTS= 4
ev#     4 GEB_TYPE_DECOMP        464Bytes TS=2526628823 curTS=2526628803 dTS= 20
ev#     4 GEB_TYPE_DECOMP        464Bytes TS=2526629419 curTS=2526628803 dTS= 616
GEBGetEv returned st=0
we have read 6240 bytes; CurEvNo=5

+++++++++++++++++++++++++++++++
*start event # 5 with multiplicity 3 looks like this:
 0>  1, GEB_TYPE_DECOMP      , TS=2526628803
 1>  1, GEB_TYPE_DECOMP      , TS=2526628807
 2>  1, GEB_TYPE_DECOMP      , TS=2526628823
entered bin_mode2: 5/10
ptinp->pad= 6, (ptinp->pad&0x000000ff)= 6
ptinp->pad= 6, (ptinp->pad&0x000000ff)= 6
ptinp->pad= 6, (ptinp->pad&0x000000ff)= 6
updated CCadd with    0.00
total number of hits in array: 0
exit bin_mode2
entered bin_mode3 @ event number: 5 
exit bin_mode3
*end of event # 5
+++++++++++++++++++++++++++++++
ev#     5 GEB_TYPE_DECOMP        464Bytes TS=2526672177 curTS=2526629419 dTS= 42758
GEBGetEv returned st=0
we have read 6720 bytes; CurEvNo=6

+++++++++++++++++++++++++++++++
*start event # 6 with multiplicity 1 looks like this:
 0>  1, GEB_TYPE_DECOMP      , TS=2526629419
entered bin_mode2: 6/10
ptinp->pad= 0, (ptinp->pad&0x000000ff)= 0
good pad value
mode2 data:  0>  1, GEB_TYPE_DECOMP      , TS=2526629419
number of hits: 3
* 0/1, is GEB_TYPE_DECOMP: num=3
__detno: 69, module: 17, crystalNumber: 1
CCenergies[0]=2110.05
* 0:    3.93,   8.44,   3.50 --> GT:  -12.39, -13.49,  -4.55
* 1:   19.42,   4.96,  10.69 --> GT:  -12.51, -14.80,  -3.40
* 2:   -6.00,   0.03,  28.03 --> GT:  -13.30, -15.40,  -6.35
updated CCadd with 2110.05
total number of hits in array: 3
exit bin_mode2
entered bin_mode3 @ event number: 6 
exit bin_mode3
*end of event # 6
+++++++++++++++++++++++++++++++
ev#     6 GEB_TYPE_DECOMP        464Bytes TS=2526684597 curTS=2526672177 dTS= 12420
GEBGetEv returned st=0
we have read 7200 bytes; CurEvNo=7

+++++++++++++++++++++++++++++++
*start event # 7 with multiplicity 1 looks like this:
 0>  1, GEB_TYPE_DECOMP      , TS=2526672177
entered bin_mode2: 7/10
ptinp->pad= 6, (ptinp->pad&0x000000ff)= 6
updated CCadd with    0.00
total number of hits in array: 0
exit bin_mode2
entered bin_mode3 @ event number: 7 
exit bin_mode3
*end of event # 7
+++++++++++++++++++++++++++++++
ev#     7 GEB_TYPE_DECOMP        464Bytes TS=2526684653 curTS=2526684597 dTS= 56
ev#     7 GEB_TYPE_DECOMP        464Bytes TS=2526686747 curTS=2526684597 dTS= 2150
GEBGetEv returned st=0
we have read 8160 bytes; CurEvNo=8

+++++++++++++++++++++++++++++++
*start event # 8 with multiplicity 2 looks like this:
 0>  1, GEB_TYPE_DECOMP      , TS=2526684597
 1>  1, GEB_TYPE_DECOMP      , TS=2526684653
entered bin_mode2: 8/10
ptinp->pad= 6, (ptinp->pad&0x000000ff)= 6
ptinp->pad= 6, (ptinp->pad&0x000000ff)= 6
updated CCadd with    0.00
total number of hits in array: 0
exit bin_mode2
entered bin_mode3 @ event number: 8 
exit bin_mode3
*end of event # 8
+++++++++++++++++++++++++++++++
ev#     8 GEB_TYPE_DECOMP        464Bytes TS=2526686839 curTS=2526686747 dTS= 92
ev#     8 GEB_TYPE_DECOMP        464Bytes TS=2526729695 curTS=2526686747 dTS= 42948
GEBGetEv returned st=0
we have read 9120 bytes; CurEvNo=9

+++++++++++++++++++++++++++++++
*start event # 9 with multiplicity 2 looks like this:
 0>  1, GEB_TYPE_DECOMP      , TS=2526686747
 1>  1, GEB_TYPE_DECOMP      , TS=2526686839
entered bin_mode2: 9/10
ptinp->pad= 0, (ptinp->pad&0x000000ff)= 0
good pad value
mode2 data:  0>  1, GEB_TYPE_DECOMP      , TS=2526686747
number of hits: 3
* 0/2, is GEB_TYPE_DECOMP: num=3
__detno: 118, module: 29, crystalNumber: 2
CCenergies[0]=3361.21
* 0:   32.73,   0.79,  79.44 --> GT:    3.11, -13.49, -22.77
* 1:   20.89,  15.53,  89.54 --> GT:    1.94, -15.29, -22.87
* 2:    3.41,  17.64,  62.90 --> GT:    0.21, -14.13, -20.45
ptinp->pad= 6, (ptinp->pad&0x000000ff)= 6
updated CCadd with 3361.21
total number of hits in array: 3
exit bin_mode2
entered bin_mode3 @ event number: 9 
exit bin_mode3
*end of event # 9
+++++++++++++++++++++++++++++++
ev#     9 GEB_TYPE_DECOMP        464Bytes TS=2526741973 curTS=2526729695 dTS= 12278
GEBGetEv returned st=0
we have read 9600 bytes; CurEvNo=10

+++++++++++++++++++++++++++++++
*start event # 10 with multiplicity 1 looks like this:
 0>  1, GEB_TYPE_DECOMP      , TS=2526729695
entered bin_mode2: 10/10
ptinp->pad= 6, (ptinp->pad&0x000000ff)= 6
updated CCadd with    0.00
total number of hits in array: 0
exit bin_mode2
entered bin_mode3 @ event number: 10 
exit bin_mode3
*end of event # 10
+++++++++++++++++++++++++++++++
ev#    10 GEB_TYPE_DECOMP        464Bytes TS=2526742041 curTS=2526741973 dTS= 68
ev#    10 GEB_TYPE_DECOMP        464Bytes TS=2526753021 curTS=2526741973 dTS= 11048
ev# 50000 GEB_TYPE_DECOMP        464Bytes TS=2970134241 curTS=2970096675 dTS= 37566
ev# 100000 GEB_TYPE_DECOMP        464Bytes TS=3413776169 curTS=3413766685 dTS= 9484
ev# 150000 GEB_TYPE_DECOMP        464Bytes TS=3857654493 curTS=3857634021 dTS= 20472
ev# 200000 GEB_TYPE_GT_MOD29      440Bytes TS=4297083493 curTS=4297083277 dTS= 216
ev# 250000 GEB_TYPE_DECOMP        464Bytes TS=4731961425 curTS=4731961289 dTS= 136
ev# 250000 GEB_TYPE_DECOMP        464Bytes TS=4731975497 curTS=4731961289 dTS= 14208
ev# 300000 GEB_TYPE_DECOMP        464Bytes TS=5166276007 curTS=5166267021 dTS= 8986
ev# 350000 GEB_TYPE_GT_MOD29       88Bytes TS=5605028201 curTS=5605028201 dTS= 0
ev# 350000 GEB_TYPE_DECOMP        464Bytes TS=5605028243 curTS=5605028201 dTS= 42
ev# 350000 GEB_TYPE_DECOMP        464Bytes TS=5605028243 curTS=5605028201 dTS= 42
ev# 350000 GEB_TYPE_DECOMP        464Bytes TS=5605028245 curTS=5605028201 dTS= 44
ev# 350000 GEB_TYPE_GT_MOD29      440Bytes TS=5605047053 curTS=5605028201 dTS= 18852
ev# 400000 GEB_TYPE_GT_MOD29      440Bytes TS=6042403245 curTS=6042402957 dTS= 288
ev# 450000 GEB_TYPE_DECOMP        464Bytes TS=6486827663 curTS=6486822997 dTS= 4666
ev# 500000 GEB_TYPE_DECOMP        464Bytes TS=6926728791 curTS=6926728587 dTS= 204
ev# 550000 GEB_TYPE_DECOMP        464Bytes TS=7367120963 curTS=7367120731 dTS= 232
ev# 600000 GEB_TYPE_DECOMP        464Bytes TS=7800338745 curTS=7800338375 dTS= 370
ev# 650000 GEB_TYPE_DECOMP        464Bytes TS=8239181011 curTS=8239180825 dTS= 186
ev# 700000 GEB_TYPE_DECOMP        464Bytes TS=8672268697 curTS=8672265533 dTS= 3164
ev# 750000 GEB_TYPE_DECOMP        464Bytes TS=9111609937 curTS=9111609935 dTS= 2
ev# 750000 GEB_TYPE_DECOMP        464Bytes TS=9111610189 curTS=9111609935 dTS= 254
ev# 800000 GEB_TYPE_DECOMP        464Bytes TS=9557016213 curTS=9557016211 dTS= 2
ev# 800000 GEB_TYPE_DECOMP        464Bytes TS=9557016213 curTS=9557016211 dTS= 2
ev# 800000 GEB_TYPE_DECOMP        464Bytes TS=9557016215 curTS=9557016211 dTS= 4
ev# 800000 GEB_TYPE_DECOMP        464Bytes TS=9557023069 curTS=9557016211 dTS= 6858
ev# 850000 GEB_TYPE_DECOMP        464Bytes TS=10003985705 curTS=10003985591 dTS= 114
ev# 850000 GEB_TYPE_GT_MOD29      440Bytes TS=10004026637 curTS=10003985591 dTS= 41046
ev# 900000 GEB_TYPE_DECOMP        464Bytes TS=10458148441 curTS=10458141521 dTS= 6920
ev# 950000 GEB_TYPE_DECOMP        464Bytes TS=10898358895 curTS=10898358829 dTS= 66
ev# 950000 GEB_TYPE_DECOMP        464Bytes TS=10898358909 curTS=10898358829 dTS= 80
ev# 950000 GEB_TYPE_DECOMP        464Bytes TS=10898358927 curTS=10898358829 dTS= 98
ev# 950000 GEB_TYPE_GT_MOD29      440Bytes TS=10898359215 curTS=10898358829 dTS= 386
ev# 1000000 GEB_TYPE_GT_MOD29      440Bytes TS=11346727487 curTS=11346727361 dTS= 126
ev# 1000000 GEB_TYPE_DECOMP        464Bytes TS=11346727641 curTS=11346727361 dTS= 280
ev# 1050000 GEB_TYPE_DECOMP        464Bytes TS=11795269709 curTS=11795269665 dTS= 44
ev# 1050000 GEB_TYPE_GT_MOD29      440Bytes TS=11795269723 curTS=11795269665 dTS= 58
ev# 1050000 GEB_TYPE_DECOMP        464Bytes TS=11795269795 curTS=11795269665 dTS= 130
ev# 1050000 GEB_TYPE_DECOMP        464Bytes TS=11795270893 curTS=11795269665 dTS= 1228
ev# 1100000 GEB_TYPE_GT_MOD29      440Bytes TS=12237789363 curTS=12237789133 dTS= 230
ev# 1150000 GEB_TYPE_DECOMP        464Bytes TS=12684748607 curTS=12684748553 dTS= 54
ev# 1150000 GEB_TYPE_DECOMP        464Bytes TS=12684748641 curTS=12684748553 dTS= 88
ev# 1150000 GEB_TYPE_DECOMP        464Bytes TS=12684748643 curTS=12684748553 dTS= 90
ev# 1150000 GEB_TYPE_GT_MOD29      440Bytes TS=12684749171 curTS=12684748553 dTS= 618
ev# 1200000 GEB_TYPE_GT_MOD29      440Bytes TS=13125406865 curTS=13125406799 dTS= 66
ev# 1200000 GEB_TYPE_DECOMP        464Bytes TS=13125406869 curTS=13125406799 dTS= 70
ev# 1200000 GEB_TYPE_DECOMP        464Bytes TS=13125406869 curTS=13125406799 dTS= 70
ev# 1200000 GEB_TYPE_DECOMP        464Bytes TS=13125406875 curTS=13125406799 dTS= 76
ev# 1200000 GEB_TYPE_DECOMP        464Bytes TS=13125406877 curTS=13125406799 dTS= 78
ev# 1200000 GEB_TYPE_DECOMP        464Bytes TS=13125468363 curTS=13125406799 dTS= 61564
ev# 1250000 GEB_TYPE_DECOMP        464Bytes TS=13571585855 curTS=13571585733 dTS= 122
ev# 1250000 GEB_TYPE_DECOMP        464Bytes TS=13571599323 curTS=13571585733 dTS= 13590
ev# 1300000 GEB_TYPE_GT_MOD29      440Bytes TS=14014377599 curTS=14014372595 dTS= 5004
ev# 1350000 GEB_TYPE_GT_MOD29      440Bytes TS=14464121339 curTS=14464121217 dTS= 122
ev# 1350000 GEB_TYPE_DECOMP        464Bytes TS=14464121363 curTS=14464121217 dTS= 146
ev# 1350000 GEB_TYPE_DECOMP        464Bytes TS=14464121367 curTS=14464121217 dTS= 150
ev# 1400000 GEB_TYPE_DECOMP        464Bytes TS=14907859717 curTS=14907856807 dTS= 2910
ev# 1450000 GEB_TYPE_GT_MOD29      440Bytes TS=15375944241 curTS=15375944097 dTS= 144
ev# 1450000 GEB_TYPE_DECOMP        464Bytes TS=15375973075 curTS=15375944097 dTS= 28978
ev# 1500000 GEB_TYPE_DECOMP        464Bytes TS=15862679437 curTS=15862679245 dTS= 192
ev# 1550000 GEB_TYPE_DECOMP        464Bytes TS=16341261837 curTS=16341259819 dTS= 2018
ev# 1600000 GEB_TYPE_GT_MOD29      440Bytes TS=16823442965 curTS=16823442649 dTS= 316
ev# 1650000 GEB_TYPE_GT_MOD29      440Bytes TS=17306015551 curTS=17306015049 dTS= 502
ev# 1700000 GEB_TYPE_GT_MOD29      440Bytes TS=17794387275 curTS=17794375811 dTS= 11464
ev# 1750000 GEB_TYPE_DECOMP        464Bytes TS=18270934097 curTS=18270934091 dTS= 6
ev# 1750000 GEB_TYPE_DECOMP        464Bytes TS=18270934313 curTS=18270934091 dTS= 222
ev# 1800000 GEB_TYPE_GT_MOD29      440Bytes TS=18743327291 curTS=18743327251 dTS= 40
ev# 1800000 GEB_TYPE_DECOMP        464Bytes TS=18743327293 curTS=18743327251 dTS= 42
ev# 1800000 GEB_TYPE_DECOMP        464Bytes TS=18743327297 curTS=18743327251 dTS= 46
ev# 1800000 GEB_TYPE_DECOMP        464Bytes TS=18743327299 curTS=18743327251 dTS= 48
ev# 1800000 GEB_TYPE_DECOMP        464Bytes TS=18743327299 curTS=18743327251 dTS= 48
ev# 1800000 GEB_TYPE_GT_MOD29      440Bytes TS=18743366611 curTS=18743327251 dTS= 39360
ev# 1850000 GEB_TYPE_GT_MOD29      440Bytes TS=19218691447 curTS=19218691343 dTS= 104
ev# 1850000 GEB_TYPE_GT_MOD29      440Bytes TS=19218704205 curTS=19218691343 dTS= 12862
ev# 1900000 GEB_TYPE_GT_MOD29      440Bytes TS=19697058829 curTS=19697058515 dTS= 314
ev# 1950000 GEB_TYPE_DECOMP        464Bytes TS=20171020187 curTS=20171019971 dTS= 216
ev# 2000000 GEB_TYPE_DECOMP        464Bytes TS=20637367781 curTS=20637367757 dTS= 24
ev# 2000000 GEB_TYPE_DECOMP        464Bytes TS=20637394909 curTS=20637367757 dTS= 27152
ev# 2050000 GEB_TYPE_DECOMP        464Bytes TS=21110063555 curTS=21110063553 dTS= 2
ev# 2050000 GEB_TYPE_DECOMP        464Bytes TS=21110063771 curTS=21110063553 dTS= 218
ev# 2100000 GEB_TYPE_DECOMP        464Bytes TS=21573710343 curTS=21573710281 dTS= 62
ev# 2100000 GEB_TYPE_DECOMP        464Bytes TS=21573710563 curTS=21573710281 dTS= 282
ev# 2150000 GEB_TYPE_DECOMP        464Bytes TS=22039878163 curTS=22039788727 dTS= 89436
ev# 2200000 GEB_TYPE_DECOMP        464Bytes TS=22512764061 curTS=22512739093 dTS= 24968
ev# 2250000 GEB_TYPE_DECOMP        464Bytes TS=22985108949 curTS=22985108749 dTS= 200
ev# 2300000 GEB_TYPE_DECOMP        464Bytes TS=23455961745 curTS=23455903003 dTS= 58742
ev# 2350000 GEB_TYPE_DECOMP        464Bytes TS=23928875601 curTS=23928827827 dTS= 47774
ev# 2400000 GEB_TYPE_DECOMP        464Bytes TS=24395541293 curTS=24395526349 dTS= 14944
ev# 2450000 GEB_TYPE_DECOMP        464Bytes TS=24871670885 curTS=24871670759 dTS= 126
ev# 2450000 GEB_TYPE_DECOMP        464Bytes TS=24871670903 curTS=24871670759 dTS= 144
ev# 2450000 GEB_TYPE_DECOMP        464Bytes TS=24871670905 curTS=24871670759 dTS= 146
ev# 2450000 GEB_TYPE_DECOMP        464Bytes TS=24871670905 curTS=24871670759 dTS= 146
ev# 2450000 GEB_TYPE_GT_MOD29      440Bytes TS=24871671139 curTS=24871670759 dTS= 380
ev# 2500000 GEB_TYPE_DECOMP        464Bytes TS=25341781079 curTS=25341739107 dTS= 41972
ev# 2550000 GEB_TYPE_DECOMP        464Bytes TS=25817324839 curTS=25817324837 dTS= 2
ev# 2550000 GEB_TYPE_DECOMP        464Bytes TS=25817324871 curTS=25817324837 dTS= 34
ev# 2550000 GEB_TYPE_DECOMP        464Bytes TS=25817324883 curTS=25817324837 dTS= 46
ev# 2550000 GEB_TYPE_DECOMP        464Bytes TS=25817324973 curTS=25817324837 dTS= 136
ev# 2550000 GEB_TYPE_DECOMP        464Bytes TS=25817324973 curTS=25817324837 dTS= 136
ev# 2550000 GEB_TYPE_DECOMP        464Bytes TS=25817324979 curTS=25817324837 dTS= 142
ev# 2550000 GEB_TYPE_DECOMP        464Bytes TS=25817328879 curTS=25817324837 dTS= 4042
ev# 2600000 GEB_TYPE_GT_MOD29      440Bytes TS=26288688985 curTS=26288688817 dTS= 168
ev# 2650000 GEB_TYPE_DECOMP        464Bytes TS=26762540007 curTS=26762539781 dTS= 226
ev# 2700000 GEB_TYPE_DECOMP        464Bytes TS=27238232987 curTS=27238232497 dTS= 490
ev# 2750000 GEB_TYPE_GT_MOD29      440Bytes TS=27717253719 curTS=27717253529 dTS= 190
ev# 2800000 GEB_TYPE_DECOMP        464Bytes TS=28185299481 curTS=28185299425 dTS= 56
ev# 2800000 GEB_TYPE_DECOMP        464Bytes TS=28185302129 curTS=28185299425 dTS= 2704
ev# 2850000 GEB_TYPE_DECOMP        464Bytes TS=28658314389 curTS=28658313803 dTS= 586
ev# 2900000 GEB_TYPE_GT_MOD29      440Bytes TS=29125570529 curTS=29125570251 dTS= 278
ev# 2950000 GEB_TYPE_DECOMP        464Bytes TS=29601072257 curTS=29601072185 dTS= 72
ev# 2950000 GEB_TYPE_GT_MOD29      440Bytes TS=29601072335 curTS=29601072185 dTS= 150
ev# 3000000 GEB_TYPE_GT_MOD29      440Bytes TS=30077849177 curTS=30077848639 dTS= 538
ev# 3050000 GEB_TYPE_DECOMP        464Bytes TS=30547945047 curTS=30547919015 dTS= 26032
ev# 3100000 GEB_TYPE_DECOMP        464Bytes TS=31024918915 curTS=31024918639 dTS= 276
ev# 3150000 GEB_TYPE_DECOMP        464Bytes TS=31489803373 curTS=31489803247 dTS= 126
ev# 3150000 GEB_TYPE_DECOMP        464Bytes TS=31489803663 curTS=31489803247 dTS= 416
ev# 3200000 GEB_TYPE_GT_MOD29      440Bytes TS=31954589887 curTS=31954589769 dTS= 118
ev# 3200000 GEB_TYPE_DECOMP        464Bytes TS=31954590147 curTS=31954589769 dTS= 378
ev# 3250000 GEB_TYPE_DECOMP        464Bytes TS=32422373379 curTS=32422373173 dTS= 206
ev# 3300000 GEB_TYPE_GT_MOD29      440Bytes TS=32887080619 curTS=32887080615 dTS= 4
ev# 3300000 GEB_TYPE_DECOMP        464Bytes TS=32887118293 curTS=32887080615 dTS= 37678
ev# 3350000 GEB_TYPE_DECOMP        464Bytes TS=33360570365 curTS=33360568967 dTS= 1398
ev# 3400000 GEB_TYPE_DECOMP        464Bytes TS=33835005529 curTS=33834987001 dTS= 18528
ev# 3450000 GEB_TYPE_DECOMP        464Bytes TS=34303892539 curTS=34303892539 dTS= 0
ev# 3450000 GEB_TYPE_DECOMP        464Bytes TS=34303892541 curTS=34303892539 dTS= 2
ev# 3450000 GEB_TYPE_DECOMP        464Bytes TS=34303892541 curTS=34303892539 dTS= 2
ev# 3450000 GEB_TYPE_DECOMP        464Bytes TS=34303892541 curTS=34303892539 dTS= 2
ev# 3450000 GEB_TYPE_DECOMP        464Bytes TS=34303892543 curTS=34303892539 dTS= 4
ev# 3450000 GEB_TYPE_GT_MOD29      440Bytes TS=34303892909 curTS=34303892539 dTS= 370
ev# 3500000 GEB_TYPE_DECOMP        464Bytes TS=34775237693 curTS=34775237401 dTS= 292
ev# 3550000 GEB_TYPE_DECOMP        464Bytes TS=35254308457 curTS=35254308255 dTS= 202
batflag:: TS<Pars.curTS, reset it at event # 3597997
TS=35616731123, Pars.curTS=35711476669, DT=-94745546
new Pars.curTS=35616731123
we have read 3263991344 bytes so far
ev# 3600000 GEB_TYPE_GT_MOD29      440Bytes TS=35726834995 curTS=35726834985 dTS= 10
ev# 3600000 GEB_TYPE_DECOMP        464Bytes TS=35726835147 curTS=35726834985 dTS= 162
failed to read 16 bytes for header, got 0
 GEBGetEv returned 1
we have read 3266730768 bytes; CurEvNo=3601847

Sorting is done
attempting to save root or map file



mean observed polar and azimuth angles
for the detectors we saw (module,crystal)

------------------------------------------
mean pol/azi angle for detector  56 are   96.71/ 119.50
mean pol/azi angle for detector  57 are  100.39/ 138.28
mean pol/azi angle for detector  58 are   83.35/ 132.64
mean pol/azi angle for detector  59 are   79.61/ 114.03
mean pol/azi angle for detector  60 are   87.32/ 152.65
mean pol/azi angle for detector  61 are  105.25/ 157.68
mean pol/azi angle for detector  62 are   93.10/ 168.33
mean pol/azi angle for detector  63 are   73.86/ 165.96
mean pol/azi angle for detector  68 are   87.15/-134.95
mean pol/azi angle for detector  69 are  105.28/-130.01
mean pol/azi angle for detector  70 are   92.90/-116.89
mean pol/azi angle for detector  71 are   74.19/-121.86
mean pol/azi angle for detector  76 are   87.43/ -63.19
mean pol/azi angle for detector  77 are  105.29/ -58.14
mean pol/azi angle for detector  78 are   92.97/ -45.01
mean pol/azi angle for detector  79 are   74.22/ -49.86
mean pol/azi angle for detector  84 are  112.28/  33.63
mean pol/azi angle for detector  85 are  125.19/  17.37
mean pol/azi angle for detector  86 are  130.68/  39.21
mean pol/azi angle for detector  87 are  115.91/  52.92
mean pol/azi angle for detector  88 are  112.40/ 105.52
mean pol/azi angle for detector  89 are  124.93/  89.33
mean pol/azi angle for detector  90 are  130.76/ 111.16
mean pol/azi angle for detector  91 are  115.78/ 125.00
mean pol/azi angle for detector  96 are  112.61/-110.66
mean pol/azi angle for detector  97 are  124.77/-126.65
mean pol/azi angle for detector  98 are  130.91/-104.92
mean pol/azi angle for detector  99 are  115.86/ -91.05
mean pol/azi angle for detector 100 are  112.43/ -38.57
mean pol/azi angle for detector 101 are  124.72/ -55.03
mean pol/azi angle for detector 102 are  130.64/ -33.01
mean pol/azi angle for detector 103 are  115.79/ -19.11
mean pol/azi angle for detector 104 are  144.44/  88.26
mean pol/azi angle for detector 105 are  132.70/  65.86
mean pol/azi angle for detector 106 are  148.88/  53.90
mean pol/azi angle for detector 107 are  162.31/  88.27
mean pol/azi angle for detector 108 are  144.74/ 160.16
mean pol/azi angle for detector 109 are  132.70/ 137.96
mean pol/azi angle for detector 110 are  149.56/ 125.45
mean pol/azi angle for detector 111 are  162.27/ 110.26
mean pol/azi angle for detector 116 are  144.40/ -55.93
mean pol/azi angle for detector 117 are  132.56/ -78.34
mean pol/azi angle for detector 118 are  148.97/ -90.36
mean pol/azi angle for detector 119 are  162.41/ -56.03
we found 44 crystals
------------------------------------------

minimum pol angle between crystals is  18.65
compactness =  64.39%, 85 of 264
module hit statistics
module  14, crystal 0 was hit     345915 times
module  14, crystal 1 was hit     369273 times
module  14, crystal 2 was hit     362843 times
module  14, crystal 3 was hit     324695 times
module  15, crystal 0 was hit     369133 times
module  15, crystal 1 was hit     337353 times
module  15, crystal 2 was hit     317227 times
module  15, crystal 3 was hit     329729 times
module  17, crystal 0 was hit     278605 times
module  17, crystal 1 was hit     269175 times
module  17, crystal 2 was hit     272921 times
module  17, crystal 3 was hit     283355 times
module  19, crystal 0 was hit     250419 times
module  19, crystal 1 was hit     271163 times
module  19, crystal 2 was hit     316106 times
module  19, crystal 3 was hit     304828 times
module  21, crystal 0 was hit     316074 times
module  21, crystal 1 was hit     277562 times
module  21, crystal 2 was hit     328033 times
module  21, crystal 3 was hit     313600 times
module  22, crystal 0 was hit     341463 times
module  22, crystal 1 was hit     315664 times
module  22, crystal 2 was hit     356742 times
module  22, crystal 3 was hit     332043 times
module  24, crystal 0 was hit     107994 times
module  24, crystal 1 was hit     103470 times
module  24, crystal 2 was hit     107894 times
module  24, crystal 3 was hit      99421 times
module  25, crystal 0 was hit     102028 times
module  25, crystal 1 was hit     105095 times
module  25, crystal 2 was hit     102251 times
module  25, crystal 3 was hit     100582 times
module  26, crystal 0 was hit     316000 times
module  26, crystal 1 was hit     311256 times
module  26, crystal 2 was hit     306970 times
module  26, crystal 3 was hit     289910 times
module  27, crystal 0 was hit     328461 times
module  27, crystal 1 was hit     316880 times
module  27, crystal 2 was hit     326645 times
module  27, crystal 3 was hit     298360 times
module  29, crystal 0 was hit     100187 times
module  29, crystal 1 was hit      99340 times
module  29, crystal 2 was hit     109280 times
module  29, crystal 3 was hit      98945 times

bin_mode2: pad distribution
__id   0,      4940040, 92.87%
__id   2,          602,  0.01%
__id   3,         1231,  0.02%
__id   4,         1667,  0.03%
__id   5,        10449,  0.20%
__id   6,        37840,  0.71%
__id 128,       326925,  6.15%
__id 133,          617,  0.01%

bin_mode2 calculated mean CCsum energy to be  743.812 keV
bin_mode2 calculated mean CCadd energy to be 1032.741 keV
attempting to close root file...
Pars.f1->Write();
Pars.f1->Print();
TFile: name=/lcrc/project/HELIOS/gretinafma/root_data/run221.root, title=, option=CREATE
TH1.Print Name  = dtbtev, Entries= 6893052, Total sum= 6.89305e+06
TH1.Print Name  = T0, Entries= 0, Total sum= 0
TH1.Print Name  = hitpat, Entries= 4940040, Total sum= 4.94004e+06
TH1.Print Name  = numHitArray2, Entries= 3601847, Total sum= 2.61964e+06
TH1.Print Name  = CCmult, Entries= 3601847, Total sum= 3.60185e+06
TH1.Print Name  = CCsum, Entries= 11314399, Total sum= 4.93993e+06
TH1.Print Name  = hit2, Entries= 598992, Total sum= 598270
TH1.Print Name  = hit3, Entries= 299797, Total sum= 297552
TH1.Print Name  = hit4, Entries= 153240, Total sum= 149697
TH1.Print Name  = CCsum_nodop, Entries= 11314399, Total sum= 4.93993e+06
TH1.Print Name  = CCadd, Entries= 3601847, Total sum= 2.59606e+06
TH1.Print Name  = SEGadd_FPGA, Entries= 720369400, Total sum= 4.9379e+06
TH1.Print Name  = SEGadd_PSA, Entries= 720369400, Total sum= 4.91216e+06
TH1.Print Name  = SEGsum_FPGA, Entries= 7607416, Total sum= 7.60602e+06
TH1.Print Name  = SEGsum_PSA, Entries= 11314890, Total sum= 1.12197e+07
TH1.Print Name  = radius_all, Entries= 11314888, Total sum= 1.13149e+07
TH1.Print Name  = rate_mode2_min, Entries= 4940039, Total sum= 82334
TH1.Print Name  = rate_mode2_sec, Entries= 4940039, Total sum= 4.94004e+06
TH1.Print Name  = rate_mode2_intp, Entries= 4940039, Total sum= 188581
TH1.Print Name  = cdtbtev, Entries= 1670536, Total sum= 1.67054e+06
TH1.Print Name  = evsr_all, Entries= 11314888, Total sum= 1.10447e+07
TH1.Print Name  = SMAP_allhits, Entries= 11314890, Total sum= 1.13149e+07
TH1.Print Name  = SMAP_allhits_sq, Entries= 11314890, Total sum= 1.13149e+07
TH1.Print Name  = seghitpat, Entries= 11314890, Total sum= 1.13149e+07
TH1.Print Name  = CCe, Entries= 11314399, Total sum= 4.93993e+06
TH1.Print Name  = ggCC, Entries= 8875934, Total sum= 7.77516e+06
TH1.Print Name  = z_plot, Entries= 11314890, Total sum= 1.13034e+07
TH1.Print Name  = crystal_hit, Entries= 0, Total sum= 0
TH1.Print Name  = SegE, Entries= 11312731, Total sum= 1.13127e+07
TH1.Print Name  = crXcr, Entries= 4437967, Total sum= 4.43797e+06
******************************************************************************
*Tree    :tree      : tree                                                   *
*Entries :  3601847 : Total =       549640555 bytes  File  Size =  127647285 *
*        :          : Tree compression factor =   4.31                       *
******************************************************************************
*Br    0 :runNumber : runNumber/I                                            *
*Entries :  3601847 : Total  Size=   14418213 bytes  File Size  =      81599 *
*Baskets :      105 : Basket Size=    1325056 bytes  Compression= 176.66     *
*............................................................................*
*Br    1 :numHits   : numHits/I                                              *
*Entries :  3601847 : Total  Size=   14417995 bytes  File Size  =      81387 *
*Baskets :      105 : Basket Size=    1325056 bytes  Compression= 177.12     *
*............................................................................*
*Br    2 :left      : left[numHits]/F                                        *
*Entries :  3601847 : Total  Size=   28844844 bytes  File Size  =    9449833 *
*Baskets :      288 : Basket Size=    8634880 bytes  Compression=   3.05     *
*............................................................................*
*Br    3 :right     : right[numHits]/F                                       *
*Entries :  3601847 : Total  Size=   28845136 bytes  File Size  =    9460152 *
*Baskets :      288 : Basket Size=    8634880 bytes  Compression=   3.05     *
*............................................................................*
*Br    4 :up        : up[numHits]/F                                          *
*Entries :  3601847 : Total  Size=   28844260 bytes  File Size  =    9396297 *
*Baskets :      288 : Basket Size=    8634880 bytes  Compression=   3.07     *
*............................................................................*
*Br    5 :down      : down[numHits]/F                                        *
*Entries :  3601847 : Total  Size=   28844844 bytes  File Size  =    9348509 *
*Baskets :      288 : Basket Size=    8634880 bytes  Compression=   3.08     *
*............................................................................*
*Br    6 :e1        : e1[numHits]/F                                          *
*Entries :  3601847 : Total  Size=   28844260 bytes  File Size  =    9047855 *
*Baskets :      288 : Basket Size=    8634880 bytes  Compression=   3.19     *
*............................................................................*
*Br    7 :e2        : e2[numHits]/F                                          *
*Entries :  3601847 : Total  Size=   28844260 bytes  File Size  =    8916484 *
*Baskets :      288 : Basket Size=    8634880 bytes  Compression=   3.23     *
*............................................................................*
*Br    8 :e3        : e3[numHits]/F                                          *
*Entries :  3601847 : Total  Size=   28844260 bytes  File Size  =    8820030 *
*Baskets :      288 : Basket Size=    8634880 bytes  Compression=   3.27     *
*............................................................................*
*Br    9 :tac       : tac[numHits]/F                                         *
*Entries :  3601847 : Total  Size=   28844552 bytes  File Size  =    7920480 *
*Baskets :      288 : Basket Size=    8634880 bytes  Compression=   3.64     *
*............................................................................*
*Br   10 :fmaDeltaTime : fmaDeltaTime[numHits]/F                             *
*Entries :  3601847 : Total  Size=   28847291 bytes  File Size  =    9541032 *
*Baskets :      289 : Basket Size=    8635904 bytes  Compression=   3.02     *
*............................................................................*
*Br   11 :fmaMult   : fmaMult[10]/I                                          *
*Entries :  3601847 : Total  Size=  144166815 bytes  File Size  =    3370844 *
*Baskets :      945 : Basket Size=   25600000 bytes  Compression=  42.76     *
*............................................................................*
*Br   12 :gammaMult : gammaMult/I                                            *
*Entries :  3601847 : Total  Size=   14418213 bytes  File Size  =    2440132 *
*Baskets :      105 : Basket Size=    1325056 bytes  Compression=   5.91     *
*............................................................................*
*Br   13 :gammaEnergy : gammaEnergy[gammaMult]/F                             *
*Entries :  3601847 : Total  Size=   34205278 bytes  File Size  =   22959726 *
*Baskets :      339 : Basket Size=    9350656 bytes  Compression=   1.49     *
*............................................................................*
*Br   14 :gammaTimestamp : gammaTimestamp[gammaMult]/F                       *
*Entries :  3601847 : Total  Size=   34206307 bytes  File Size  =    9790917 *
*Baskets :      339 : Basket Size=    9351168 bytes  Compression=   3.49     *
*............................................................................*
*Br   15 :deltaTime : deltaTime[gammaMult]/F                                 *
*Entries :  3601847 : Total  Size=   34204592 bytes  File Size  =    6980437 *
*Baskets :      339 : Basket Size=    9350656 bytes  Compression=   4.90     *
*............................................................................*
TH1.Print Name  = eCC_a, Entries= 0, Total sum= 0
TH1.Print Name  = eCC_b, Entries= 0, Total sum= 0
TH1.Print Name  = eCC_c, Entries= 0, Total sum= 0
TH1.Print Name  = eCC_d, Entries= 450332, Total sum= 0
TH1.Print Name  = eSeg, Entries= 0, Total sum= 0
TH1.Print Name  = mode3_hitpat, Entries= 15642120, Total sum= 0
TH1.Print Name  = mode3_hitpat_chan, Entries= 15642120, Total sum= 1.56421e+07
TH1.Print Name  = chan0, Entries= 0, Total sum= 0
TH1.Print Name  = module, Entries= 15642120, Total sum= 1.56421e+07
TH1.Print Name  = chan, Entries= 15642120, Total sum= 1.56317e+07
TH1.Print Name  = l, Entries= 1564212, Total sum= 1.56404e+06
TH1.Print Name  = r, Entries= 1564212, Total sum= 1.5642e+06
TH1.Print Name  = up, Entries= 1564212, Total sum= 1.56421e+06
TH1.Print Name  = down, Entries= 1564212, Total sum= 1.5642e+06
TH1.Print Name  = sumlr, Entries= 1520498, Total sum= 1.5205e+06
TH1.Print Name  = sumud, Entries= 1473979, Total sum= 1.47398e+06
TH1.Print Name  = x, Entries= 1520498, Total sum= 1.5205e+06
TH1.Print Name  = y, Entries= 1473979, Total sum= 1.47398e+06
TH1.Print Name  = de1, Entries= 1564212, Total sum= 1.56408e+06
TH1.Print Name  = de2, Entries= 1564212, Total sum= 1.56421e+06
TH1.Print Name  = de3, Entries= 1564212, Total sum= 1.56109e+06
TH1.Print Name  = de12, Entries= 1388721, Total sum= 1.38872e+06
TH1.Print Name  = etot, Entries= 1388721, Total sum= 1.38872e+06
TH1.Print Name  = rftof, Entries= 1564212, Total sum= 1.55824e+06
TH1.Print Name  = lr, Entries= 3601847, Total sum= 3.60167e+06
TH1.Print Name  = ud, Entries= 3601847, Total sum= 3.60184e+06
TH1.Print Name  = ede1, Entries= 1388721, Total sum= 1.38872e+06
TH1.Print Name  = ede1g, Entries= 224310, Total sum= 224232
TH1.Print Name  = ede2, Entries= 1388721, Total sum= 1.38872e+06
TH1.Print Name  = ede12, Entries= 1388721, Total sum= 1.38872e+06
TH1.Print Name  = xde1, Entries= 1388721, Total sum= 1.38872e+06
TH1.Print Name  = erftof, Entries= 3601847, Total sum= 3.59588e+06
TH1.Print Name  = erftofg, Entries= 105702, Total sum= 105415
TH1.Print Name  = sumehi, Entries= 4940040, Total sum= 4.94002e+06
TH1.Print Name  = tgppac, Entries= 4940040, Total sum= 1.26088e+06
TH1.Print Name  = tgppacg, Entries= 224310, Total sum= 224310
TH1.Print Name  = xehi1, Entries= 4940040, Total sum= 4.94002e+06
TH1.Print Name  = xehi1g, Entries= 224310, Total sum= 224310
TH1.Print Name  = de1ehi, Entries= 4940040, Total sum= 4.93983e+06
TH1.Print Name  = de1ehig, Entries= 224310, Total sum= 224232
TH1.Print Name  = ng, Entries= 3601847, Total sum= 3.60185e+06
TH1.Print Name  = ehiz1, Entries= 0, Total sum= 0
TH1.Print Name  = ehiz2, Entries= 0, Total sum= 0
TH1.Print Name  = ehiz3, Entries= 0, Total sum= 0
TH1.Print Name  = ehiz4, Entries= 0, Total sum= 0
TH1.Print Name  = ehiz5, Entries= 0, Total sum= 0
TH1.Print Name  = gg_dt, Entries= 227973, Total sum= 227973
TH1.Print Name  = gg, Entries= 455946, Total sum= 449392
TH1.Print Name  = gg_z1, Entries= 0, Total sum= 0
TH1.Print Name  = gg_z2, Entries= 0, Total sum= 0
TH1.Print Name  = gg_z3, Entries= 0, Total sum= 0
TH1.Print Name  = gg_z4, Entries= 0, Total sum= 0
TH1.Print Name  = gg_z5, Entries= 0, Total sum= 0
Pars.f1->Close();
done saving rootfile "/lcrc/project/HELIOS/gretinafma/root_data/run221.root


read 3601847 events; Pars.beta=0.0330; time since last update 7 minutes
CommandFileName="GEBSort.command"

sorted timestamp range 2526549633-->35761322959: 33234773326
that is 332.3 seconds or 0h5m32s
^^^^^ any timestamp jumps will upset this accounting

hit statistics per type
 1 GEB_TYPE_DECOMP          5319371 ;  16005.44 Hz 
 8 GEB_TYPE_GT_MOD29        1573683 ;   4735.05 Hz 
read a total of              6893054 ; header/payloads


nn1=0
nn2=6893055
nn3=6893055

nok_validate= 3601847, ntot_validate=3601847; validate fraction 100.00%

bytes read=3266730768, 3115.397232 MB

boniva sancta! ...GEBSort (unexpectedly) did not crash!

 ** GEBSort is done at 
