started GEBSort at we have 9 arguments
1... -input
will take input from disk
file size is 29274472088 bytes or 28588 MBytes

4... -rootfile
rootfile name specified on command line
__will store spectra in rootfile: /lcrc/project/HELIOS/gretinafma/root_data/run144.root
will recreate root file
7... -chat
core file size          (blocks, -c) unlimited
data seg size           (kbytes, -d) unlimited
scheduling priority             (-e) 0
file size               (blocks, -f) unlimited
pending signals                 (-i) 510315
max locked memory       (kbytes, -l) unlimited
max memory size         (kbytes, -m) 128769024
open files                      (-n) 51200
pipe size            (512 bytes, -p) 8
POSIX message queues     (bytes, -q) 819200
real-time priority              (-r) 0
stack size              (kbytes, -s) unlimited
cpu time               (seconds, -t) unlimited
max user processes              (-u) 4096
virtual memory          (kbytes, -v) unlimited
file locks                      (-x) unlimited
will read sorting instructions from chatfile: GEBSort.chat

executing UserDeclare.h code


GEBsort running on: 

initializing

crmat.LINUX is open (input) binary format
read 7936 bytes into Pars.crmat
chat file: <GEBSort.chat> open

will sort a max of 1410065408 events
will sort a max of 1000000 events
will sort 86400 minutes of data
will print details of the first 10 events
will use Pars.Beta (v/c) correction of 0.033000
will sort using a time window of 150
Pars.do_bin_mode2=1
Pars.do_bin_mode3=1
will accept second interaction range between 10.000000 and 500.000000 mm
"1-200"
detector   1 is ENABLED
detector   2 is ENABLED
detector   3 is ENABLED
detector   4 is ENABLED
detector   5 is ENABLED
detector   6 is ENABLED
detector   7 is ENABLED
detector   8 is ENABLED
detector   9 is ENABLED
detector  10 is ENABLED
detector  11 is ENABLED
detector  12 is ENABLED
detector  13 is ENABLED
detector  14 is ENABLED
detector  15 is ENABLED
detector  16 is ENABLED
detector  17 is ENABLED
detector  18 is ENABLED
detector  19 is ENABLED
detector  20 is ENABLED
detector  21 is ENABLED
detector  22 is ENABLED
detector  23 is ENABLED
detector  24 is ENABLED
detector  25 is ENABLED
detector  26 is ENABLED
detector  27 is ENABLED
detector  28 is ENABLED
detector  29 is ENABLED
detector  30 is ENABLED
detector  31 is ENABLED
detector  32 is ENABLED
detector  33 is ENABLED
detector  34 is ENABLED
detector  35 is ENABLED
detector  36 is ENABLED
detector  37 is ENABLED
detector  38 is ENABLED
detector  39 is ENABLED
detector  40 is ENABLED
detector  41 is ENABLED
detector  42 is ENABLED
detector  43 is ENABLED
detector  44 is ENABLED
detector  45 is ENABLED
detector  46 is ENABLED
detector  47 is ENABLED
detector  48 is ENABLED
detector  49 is ENABLED
detector  50 is ENABLED
detector  51 is ENABLED
detector  52 is ENABLED
detector  53 is ENABLED
detector  54 is ENABLED
detector  55 is ENABLED
detector  56 is ENABLED
detector  57 is ENABLED
detector  58 is ENABLED
detector  59 is ENABLED
detector  60 is ENABLED
detector  61 is ENABLED
detector  62 is ENABLED
detector  63 is ENABLED
detector  64 is ENABLED
detector  65 is ENABLED
detector  66 is ENABLED
detector  67 is ENABLED
detector  68 is ENABLED
detector  69 is ENABLED
detector  70 is ENABLED
detector  71 is ENABLED
detector  72 is ENABLED
detector  73 is ENABLED
detector  74 is ENABLED
detector  75 is ENABLED
detector  76 is ENABLED
detector  77 is ENABLED
detector  78 is ENABLED
detector  79 is ENABLED
detector  80 is ENABLED
detector  81 is ENABLED
detector  82 is ENABLED
detector  83 is ENABLED
detector  84 is ENABLED
detector  85 is ENABLED
detector  86 is ENABLED
detector  87 is ENABLED
detector  88 is ENABLED
detector  89 is ENABLED
detector  90 is ENABLED
detector  91 is ENABLED
detector  92 is ENABLED
detector  93 is ENABLED
detector  94 is ENABLED
detector  95 is ENABLED
detector  96 is ENABLED
detector  97 is ENABLED
detector  98 is ENABLED
detector  99 is ENABLED
detector 100 is ENABLED
detector 101 is ENABLED
detector 102 is ENABLED
detector 103 is ENABLED
detector 104 is ENABLED
detector 105 is ENABLED
detector 106 is ENABLED
detector 107 is ENABLED
detector 108 is ENABLED
detector 109 is ENABLED
detector 110 is ENABLED
detector 111 is ENABLED
detector 112 is ENABLED
detector 113 is ENABLED
detector 114 is ENABLED
detector 115 is ENABLED
detector 116 is ENABLED
detector 117 is ENABLED
detector 118 is ENABLED
detector 119 is ENABLED
detector 120 is ENABLED
detector 121 is ENABLED
detector 122 is ENABLED
detector 123 is ENABLED
detector 124 is ENABLED
detector 125 is ENABLED
detector 126 is ENABLED
detector 127 is ENABLED
detector 128 is ENABLED
detector 129 is ENABLED
detector 130 is ENABLED
detector 131 is ENABLED
detector 132 is ENABLED
detector 133 is ENABLED
detector 134 is ENABLED
detector 135 is ENABLED
detector 136 is ENABLED
detector 137 is ENABLED
detector 138 is ENABLED
detector 139 is ENABLED
detector 140 is ENABLED
detector 141 is ENABLED
detector 142 is ENABLED
detector 143 is ENABLED
detector 144 is ENABLED
detector 145 is ENABLED
detector 146 is ENABLED
detector 147 is ENABLED
detector 148 is ENABLED
detector 149 is ENABLED
detector 150 is ENABLED
detector 151 is ENABLED
detector 152 is ENABLED
detector 153 is ENABLED
detector 154 is ENABLED
detector 155 is ENABLED
detector 156 is ENABLED
detector 157 is ENABLED
detector 158 is ENABLED
detector 159 is ENABLED
detector 160 is ENABLED
detector 161 is ENABLED
detector 162 is ENABLED
detector 163 is ENABLED
detector 164 is ENABLED
detector 165 is ENABLED
detector 166 is ENABLED
detector 167 is ENABLED
detector 168 is ENABLED
detector 169 is ENABLED
detector 170 is ENABLED
detector 171 is ENABLED
detector 172 is ENABLED
detector 173 is ENABLED
detector 174 is ENABLED
detector 175 is ENABLED
detector 176 is ENABLED
detector 177 is ENABLED
detector 178 is ENABLED
detector 179 is ENABLED
detector 180 is ENABLED
detector 181 is ENABLED
detector 182 is ENABLED
detector 183 is ENABLED
detector 184 is ENABLED
detector 185 is ENABLED
detector 186 is ENABLED
detector 187 is ENABLED
detector 188 is ENABLED
detector 189 is ENABLED
detector 190 is ENABLED
detector 191 is ENABLED
detector 192 is ENABLED
detector 193 is ENABLED
detector 194 is ENABLED
detector 195 is ENABLED
detector 196 is ENABLED
detector 197 is ENABLED
detector 198 is ENABLED
detector 199 is ENABLED
WARNING: could not open CCcal file "CCenergy.cal", quit
will use beam direction 0.000000 0.000000 1.000000
vector length= 1.000000, normalizing
will use beam direction 0.000000 0.000000 1.000000
Pars.ndetlimlo=1,Pars.ndetlimhi=8
will require mult bt: 1 20
fomlimits, 1, 0.00 ..to.. 0.80
fomlimits, 2, 0.00 ..to.. 0.80
fomlimits, 3, 0.00 ..to.. 0.80
fomlimits, 4, 0.00 ..to.. 0.80
fomlimits, 5, 0.00 ..to.. 0.80
fomlimits, 6, 0.00 ..to.. 0.80
fomlimits, 7, 0.00 ..to.. 0.80
will use M= 350.000000 in bin_dgs
will use PZ file "dgs_pz.cal" in bin_dgs
will use ecal file "dgs_ehi.cal" in bin_dgs
will skip rest of chat file

chat file: <GEBSort.chat> closed
processed 39 sort instructions and 198 lines


sorting this:
Pars.do_bin_mode3 = 1
Pars.do_bin_mode2 = 1
Pars.do_bin_mode1 = 0
Pars.do_bin_dgs = 0
Pars.do_bin_dfma = 0
Pars.do_bin_gtcal = 0
Pars.do_bin_template = 0
Pars.do_bin_final = 0
Pars.do_bin_angcor = 0
Pars.do_bin_angdis = 0
checking proper input of chat file...
input file "/lcrc/project/HELIOS/gretinafma/merged_data/GEBMerged_run144.gtd_000" is open, inData=0x25506a60
file size is -790298984 bytes or -771 MBs 
input source is set up, supposedly

xyz offset values:

executing ShareMemFileUserInit.h code

deleted \rm -f GEBSort.command
root file </lcrc/project/HELIOS/gretinafma/root_data/run144.root>
base=</lcrc/project/HELIOS/gretinafma/root_data/run144.root:/>
TFile: name=/lcrc/project/HELIOS/gretinafma/root_data/run144.root, title=, option=CREATE

executing UserInit.h code

Created Object "dtbtev", 0x2655c9b0
Created Object "T0", 0x2655cdc0
, "T0"Created Object "hitpat", 0x2655d1b0
, "hitpat"Created Object "numHitArray2", 0x2655dc00
, "numHitArray2"Created Object "CCmult", 0x2655e6c0
, "CC Multiplicity"Created Object "CCsum", 0x2682fcd0
, "CCsum"Created Object "hit2", 0x2683fae0
, "hit2"Created Object "hit3", 0x2684f8f0
, "hit3"Created Object "hit4", 0x2685f700
, "hit4"Created Object "CCsum_nodop", 0x2686f510
, "CCsum_nodop"Created Object "CCadd", 0x2687f320
, "CCadd"Created Object "SEGadd_FPGA", 0x2688f130
Created Object "SEGadd_PSA", 0x2688f540
Created Object "SEGsum_FPGA", 0x2688f950
Created Object "SEGsum_PSA", 0x2688fd60
Created Object "radius_all", 0x26890170
, "radius (all points)"Created Object "rate_mode2_min", 0x26898580
, "rate_mode2_min headers"Created Object "rate_mode2_sec", 0x2689b690
, "rate_mode2_sec headers"Created Object "rate_mode2_intp", 0x2689e7a0
, "rate_mode2 interaction points"Created Object "cdtbtev", 0x268a18b0
Created Object "evsr_all", 0x26967760
Created Object "SMAP_allhits", 0x26967c30
Created Object "SMAP_allhits_sq", 0x26a675c0
Created Object "seghitpat", 0x26b66f50
Created Object "CCe", 0x26b6f350
Created Object "ggCC", 0x26b6f900
Created Object "z_plot", 0x26b6feb0
Created Object "crystal_hit", 0x26c23580
Created Object "SegE", 0x26c23b50
Created Object "crXcr", 0x26c24090
MAXDETPOS=180
Created Object "eCC_a", 0x26d11b40
Created Object "eCC_b", 0x26d11f50
Created Object "eCC_c", 0x26d123c0
Created Object "eCC_d", 0x26d12970
Created Object "eSeg", 0x26d12eb0
Created Object "mode3_hitpat", 0x26d13460
, "mode3_hitpat"Created Object "mode3_hitpat_chan", 0x26d13dd0
, "mode3_hitpat_chan"Created Object "chan0", 0x26d14500
, "chan0"Created Object "module", 0x26d28330
, "module"Created Object "chan", 0x26d3c160
Created Object "l", 0x26db1a80
, "l"Created Object "r", 0x26dc58b0
, "r"Created Object "up", 0x26dd9670
, "up"Created Object "down", 0x26ded430
, "down"Created Object "sumlr", 0x26e01260
, "sumlr"Created Object "sumud", 0x26e15090
, "sumud"Created Object "x", 0x26e28ec0
, "x"Created Object "y", 0x26e3ccf0
, "y"Created Object "de1", 0x26e50b20
, "de1"Created Object "de2", 0x26e648e0
, "de2"Created Object "de3", 0x26e786a0
, "de3"Created Object "de12", 0x26e8c4d0
, "de12"Created Object "etot", 0x26ea0300
, "etot"Created Object "rftof", 0x26eb40c0
, "rftof"Created Object "lr", 0x26ec7e80
Created Object "ud", 0x26ec83c0
Created Object "ede1", 0x26ec8900
Created Object "ede1g", 0x26ec8e40
Created Object "ede2", 0x26ec93f0
Created Object "ede12", 0x26ec99a0
Created Object "xde1", 0x26ec9f50
Created Object "erftof", 0x26eca490
Created Object "erftofg", 0x26eca9d0
Created Object "sumehi", 0x26ecaf80
, "sumehi"Created Object "tgppac", 0x26eded40
, "tgppac"Created Object "tgppacg", 0x26f063f0
, "tgppacg"Created Object "xehi1", 0x26f2daa0
Created Object "xehi1g", 0x26f2dfe0
Created Object "de1ehi", 0x26f2e590
Created Object "de1ehig", 0x26f2ead0
Created Object "ng", 0x26f2f010
, "ng"Created Object "ehiz1", 0x26f42dd0
, "ehiz1"Created Object "ehiz2", 0x26f56b90
, "ehiz2"Created Object "ehiz3", 0x26f6a9c0
, "ehiz3"Created Object "ehiz4", 0x26f7e7f0
, "ehiz4"Created Object "ehiz5", 0x26f92620
, "ehiz5"Created Object "gg_dt", 0x26fa63e0
, "gg_dt"Created Object "gg", 0x26faa810
Created Object "gg_z1", 0x26faadc0
Created Object "gg_z2", 0x26fab370
Created Object "gg_z3", 0x26fab920
Created Object "gg_z4", 0x26fabed0
Created Object "gg_z5", 0x26fac410
we have define the following ROOT spectra:
Collection name='THashList', class='THashList', size=84
 TH1.Print Name  = dtbtev, Entries= 0, Total sum= 0
 TH1.Print Name  = T0, Entries= 0, Total sum= 0
 TH1.Print Name  = hitpat, Entries= 0, Total sum= 0
 TH1.Print Name  = numHitArray2, Entries= 0, Total sum= 0
 TH1.Print Name  = CCmult, Entries= 0, Total sum= 0
 TH1.Print Name  = CCsum, Entries= 0, Total sum= 0
 TH1.Print Name  = hit2, Entries= 0, Total sum= 0
 TH1.Print Name  = hit3, Entries= 0, Total sum= 0
 TH1.Print Name  = hit4, Entries= 0, Total sum= 0
 TH1.Print Name  = CCsum_nodop, Entries= 0, Total sum= 0
 TH1.Print Name  = CCadd, Entries= 0, Total sum= 0
 TH1.Print Name  = SEGadd_FPGA, Entries= 0, Total sum= 0
 TH1.Print Name  = SEGadd_PSA, Entries= 0, Total sum= 0
 TH1.Print Name  = SEGsum_FPGA, Entries= 0, Total sum= 0
 TH1.Print Name  = SEGsum_PSA, Entries= 0, Total sum= 0
 TH1.Print Name  = radius_all, Entries= 0, Total sum= 0
 TH1.Print Name  = rate_mode2_min, Entries= 0, Total sum= 0
 TH1.Print Name  = rate_mode2_sec, Entries= 0, Total sum= 0
 TH1.Print Name  = rate_mode2_intp, Entries= 0, Total sum= 0
 TH1.Print Name  = cdtbtev, Entries= 0, Total sum= 0
 TH1.Print Name  = evsr_all, Entries= 0, Total sum= 0
 TH1.Print Name  = SMAP_allhits, Entries= 0, Total sum= 0
 TH1.Print Name  = SMAP_allhits_sq, Entries= 0, Total sum= 0
 TH1.Print Name  = seghitpat, Entries= 0, Total sum= 0
 TH1.Print Name  = CCe, Entries= 0, Total sum= 0
 TH1.Print Name  = ggCC, Entries= 0, Total sum= 0
 TH1.Print Name  = z_plot, Entries= 0, Total sum= 0
 TH1.Print Name  = crystal_hit, Entries= 0, Total sum= 0
 TH1.Print Name  = SegE, Entries= 0, Total sum= 0
 TH1.Print Name  = crXcr, Entries= 0, Total sum= 0
 ******************************************************************************
*Tree    :tree      : tree                                                   *
*Entries :        0 : Total =            8461 bytes  File  Size =          0 *
*        :          : Tree compression factor =   1.00                       *
******************************************************************************
*Br    0 :runNumber : runNumber/I                                            *
*Entries :        0 : Total  Size=        501 bytes  One basket in memory    *
*Baskets :        0 : Basket Size=      32000 bytes  Compression=   1.00     *
*............................................................................*
*Br    1 :numHits   : numHits/I                                              *
*Entries :        0 : Total  Size=        493 bytes  One basket in memory    *
*Baskets :        0 : Basket Size=      32000 bytes  Compression=   1.00     *
*............................................................................*
*Br    2 :left      : left[numHits]/F                                        *
*Entries :        0 : Total  Size=        580 bytes  One basket in memory    *
*Baskets :        0 : Basket Size=      32000 bytes  Compression=   1.00     *
*............................................................................*
*Br    3 :right     : right[numHits]/F                                       *
*Entries :        0 : Total  Size=        584 bytes  One basket in memory    *
*Baskets :        0 : Basket Size=      32000 bytes  Compression=   1.00     *
*............................................................................*
*Br    4 :up        : up[numHits]/F                                          *
*Entries :        0 : Total  Size=        572 bytes  One basket in memory    *
*Baskets :        0 : Basket Size=      32000 bytes  Compression=   1.00     *
*............................................................................*
*Br    5 :down      : down[numHits]/F                                        *
*Entries :        0 : Total  Size=        580 bytes  One basket in memory    *
*Baskets :        0 : Basket Size=      32000 bytes  Compression=   1.00     *
*............................................................................*
*Br    6 :e1        : e1[numHits]/F                                          *
*Entries :        0 : Total  Size=        572 bytes  One basket in memory    *
*Baskets :        0 : Basket Size=      32000 bytes  Compression=   1.00     *
*............................................................................*
*Br    7 :e2        : e2[numHits]/F                                          *
*Entries :        0 : Total  Size=        572 bytes  One basket in memory    *
*Baskets :        0 : Basket Size=      32000 bytes  Compression=   1.00     *
*............................................................................*
*Br    8 :e3        : e3[numHits]/F                                          *
*Entries :        0 : Total  Size=        572 bytes  One basket in memory    *
*Baskets :        0 : Basket Size=      32000 bytes  Compression=   1.00     *
*............................................................................*
*Br    9 :tac       : tac[numHits]/F                                         *
*Entries :        0 : Total  Size=        576 bytes  One basket in memory    *
*Baskets :        0 : Basket Size=      32000 bytes  Compression=   1.00     *
*............................................................................*
*Br   10 :fmaDeltaTime : fmaDeltaTime[numHits]/F                             *
*Entries :        0 : Total  Size=        612 bytes  One basket in memory    *
*Baskets :        0 : Basket Size=      32000 bytes  Compression=   1.00     *
*............................................................................*
*Br   11 :fmaMult   : fmaMult[10]/I                                          *
*Entries :        0 : Total  Size=        501 bytes  One basket in memory    *
*Baskets :        0 : Basket Size=      32000 bytes  Compression=   1.00     *
*............................................................................*
*Br   12 :gammaMult : gammaMult/I                                            *
*Entries :        0 : Total  Size=        501 bytes  One basket in memory    *
*Baskets :        0 : Basket Size=      32000 bytes  Compression=   1.00     *
*............................................................................*
*Br   13 :gammaEnergy : gammaEnergy[gammaMult]/F                             *
*Entries :        0 : Total  Size=        616 bytes  One basket in memory    *
*Baskets :        0 : Basket Size=      32000 bytes  Compression=   1.00     *
*............................................................................*
*Br   14 :gammaTimestamp : gammaTimestamp[gammaMult]/F                       *
*Entries :        0 : Total  Size=        628 bytes  One basket in memory    *
*Baskets :        0 : Basket Size=      32000 bytes  Compression=   1.00     *
*............................................................................*
*Br   15 :deltaTime : deltaTime[gammaMult]/F                                 *
*Entries :        0 : Total  Size=        608 bytes  One basket in memory    *
*Baskets :        0 : Basket Size=      32000 bytes  Compression=   1.00     *
*............................................................................*
 TH1.Print Name  = eCC_a, Entries= 0, Total sum= 0
 TH1.Print Name  = eCC_b, Entries= 0, Total sum= 0
 TH1.Print Name  = eCC_c, Entries= 0, Total sum= 0
 TH1.Print Name  = eCC_d, Entries= 0, Total sum= 0
 TH1.Print Name  = eSeg, Entries= 0, Total sum= 0
 TH1.Print Name  = mode3_hitpat, Entries= 0, Total sum= 0
 TH1.Print Name  = mode3_hitpat_chan, Entries= 0, Total sum= 0
 TH1.Print Name  = chan0, Entries= 0, Total sum= 0
 TH1.Print Name  = module, Entries= 0, Total sum= 0
 TH1.Print Name  = chan, Entries= 0, Total sum= 0
 TH1.Print Name  = l, Entries= 0, Total sum= 0
 TH1.Print Name  = r, Entries= 0, Total sum= 0
 TH1.Print Name  = up, Entries= 0, Total sum= 0
 TH1.Print Name  = down, Entries= 0, Total sum= 0
 TH1.Print Name  = sumlr, Entries= 0, Total sum= 0
 TH1.Print Name  = sumud, Entries= 0, Total sum= 0
 TH1.Print Name  = x, Entries= 0, Total sum= 0
 TH1.Print Name  = y, Entries= 0, Total sum= 0
 TH1.Print Name  = de1, Entries= 0, Total sum= 0
 TH1.Print Name  = de2, Entries= 0, Total sum= 0
 TH1.Print Name  = de3, Entries= 0, Total sum= 0
 TH1.Print Name  = de12, Entries= 0, Total sum= 0
 TH1.Print Name  = etot, Entries= 0, Total sum= 0
 TH1.Print Name  = rftof, Entries= 0, Total sum= 0
 TH1.Print Name  = lr, Entries= 0, Total sum= 0
 TH1.Print Name  = ud, Entries= 0, Total sum= 0
 TH1.Print Name  = ede1, Entries= 0, Total sum= 0
 TH1.Print Name  = ede1g, Entries= 0, Total sum= 0
 TH1.Print Name  = ede2, Entries= 0, Total sum= 0
 TH1.Print Name  = ede12, Entries= 0, Total sum= 0
 TH1.Print Name  = xde1, Entries= 0, Total sum= 0
 TH1.Print Name  = erftof, Entries= 0, Total sum= 0
 TH1.Print Name  = erftofg, Entries= 0, Total sum= 0
 TH1.Print Name  = sumehi, Entries= 0, Total sum= 0
 TH1.Print Name  = tgppac, Entries= 0, Total sum= 0
 TH1.Print Name  = tgppacg, Entries= 0, Total sum= 0
 TH1.Print Name  = xehi1, Entries= 0, Total sum= 0
 TH1.Print Name  = xehi1g, Entries= 0, Total sum= 0
 TH1.Print Name  = de1ehi, Entries= 0, Total sum= 0
 TH1.Print Name  = de1ehig, Entries= 0, Total sum= 0
 TH1.Print Name  = ng, Entries= 0, Total sum= 0
 TH1.Print Name  = ehiz1, Entries= 0, Total sum= 0
 TH1.Print Name  = ehiz2, Entries= 0, Total sum= 0
 TH1.Print Name  = ehiz3, Entries= 0, Total sum= 0
 TH1.Print Name  = ehiz4, Entries= 0, Total sum= 0
 TH1.Print Name  = ehiz5, Entries= 0, Total sum= 0
 TH1.Print Name  = gg_dt, Entries= 0, Total sum= 0
 TH1.Print Name  = gg, Entries= 0, Total sum= 0
 TH1.Print Name  = gg_z1, Entries= 0, Total sum= 0
 TH1.Print Name  = gg_z2, Entries= 0, Total sum= 0
 TH1.Print Name  = gg_z3, Entries= 0, Total sum= 0
 TH1.Print Name  = gg_z4, Entries= 0, Total sum= 0
 TH1.Print Name  = gg_z5, Entries= 0, Total sum= 0
GRETINA detector angles
mod  1, crystal 0 [  4]: ( 10.07   3.58  15.10) pol   35.30 ,  azi   13.35; pol   35.30 ,  azi   19.58; modCCdopfac[4] 1.0271
mod  1, crystal 1 [  5]: ( 10.11   9.19  12.47) pol   47.60 ,  azi   36.39; pol   47.60 ,  azi   42.30; modCCdopfac[5] 1.0222
mod  1, crystal 2 [  6]: (  5.44   7.69  15.92) pol   30.60 ,  azi   25.77; pol   30.60 ,  azi   54.72; modCCdopfac[6] 1.0287
mod  1, crystal 3 [  7]: (  4.99   1.78  17.72) pol   16.65 ,  azi    5.72; pol   16.65 ,  azi   19.58; modCCdopfac[7] 1.0321
mod  2, crystal 0 [  8]: ( -0.29  10.69  15.10) pol   35.30 ,  azi   35.29; pol   35.30 ,  azi   91.58; modCCdopfac[8] 1.0271
mod  2, crystal 1 [  9]: ( -5.62  12.45  12.47) pol   47.60 ,  azi   44.95; pol   47.60 ,  azi  114.30; modCCdopfac[9] 1.0222
mod  2, crystal 2 [ 10]: ( -5.63   7.55  15.92) pol   30.60 ,  azi   25.36; pol   30.60 ,  azi  126.72; modCCdopfac[10] 1.0287
mod  2, crystal 3 [ 11]: ( -0.15   5.30  17.72) pol   16.65 ,  azi   16.64; pol   16.65 ,  azi   91.58; modCCdopfac[11] 1.0321
mod  3, crystal 0 [ 12]: (-10.25   3.02  15.10) pol   35.30 ,  azi   11.32; pol   35.30 ,  azi  163.58; modCCdopfac[12] 1.0271
mod  3, crystal 1 [ 13]: (-13.58  -1.50  12.47) pol   47.60 ,  azi   -6.85; pol   47.60 ,  azi -173.70; modCCdopfac[13] 1.0222
mod  3, crystal 2 [ 14]: ( -8.92  -3.02  15.92) pol   30.60 ,  azi  -10.75; pol   30.60 ,  azi -161.28; modCCdopfac[14] 1.0287
mod  3, crystal 3 [ 15]: ( -5.08   1.50  17.72) pol   16.65 ,  azi    4.83; pol   16.65 ,  azi  163.58; modCCdopfac[15] 1.0321
mod  4, crystal 0 [ 16]: ( -6.04  -8.82  15.10) pol   35.30 ,  azi  -30.29; pol   35.30 ,  azi -124.42; modCCdopfac[16] 1.0271
mod  4, crystal 1 [ 17]: ( -2.77 -13.38  12.47) pol   47.60 ,  azi  -47.00; pol   47.60 ,  azi -101.70; modCCdopfac[17] 1.0222
mod  4, crystal 2 [ 18]: (  0.12  -9.42  15.92) pol   30.60 ,  azi  -30.60; pol   30.60 ,  azi  -89.28; modCCdopfac[18] 1.0287
mod  4, crystal 3 [ 19]: ( -3.00  -4.37  17.72) pol   16.65 ,  azi  -13.86; pol   16.65 ,  azi -124.42; modCCdopfac[19] 1.0321
mod  5, crystal 0 [ 20]: (  6.52  -8.47  15.10) pol   35.30 ,  azi  -29.30; pol   35.30 ,  azi  -52.42; modCCdopfac[20] 1.0271
mod  5, crystal 1 [ 21]: ( 11.87  -6.77  12.47) pol   47.60 ,  azi  -28.49; pol   47.60 ,  azi  -29.70; modCCdopfac[21] 1.0222
mod  5, crystal 2 [ 22]: (  8.99  -2.80  15.92) pol   30.60 ,  azi   -9.96; pol   30.60 ,  azi  -17.28; modCCdopfac[22] 1.0287
mod  5, crystal 3 [ 23]: (  3.23  -4.20  17.72) pol   16.65 ,  azi  -13.33; pol   16.65 ,  azi  -52.42; modCCdopfac[23] 1.0321
mod  6, crystal 0 [ 24]: (  4.54  16.51   7.02) pol   67.71 ,  azi   66.97; pol   67.71 ,  azi   74.63; modCCdopfac[24] 1.0121
mod  6, crystal 1 [ 25]: ( -0.33  15.15  10.61) pol   55.02 ,  azi   55.01; pol   55.02 ,  azi   91.23; modCCdopfac[25] 1.0187
mod  6, crystal 2 [ 26]: (  5.05  13.00  12.16) pol   48.92 ,  azi   46.92; pol   48.92 ,  azi   68.77; modCCdopfac[26] 1.0216
mod  6, crystal 3 [ 27]: (  9.66  13.57   8.06) pol   64.18 ,  azi   59.29; pol   64.18 ,  azi   54.55; modCCdopfac[27] 1.0140
mod  7, crystal 0 [ 28]: (-14.30   9.42   7.02) pol   67.71 ,  azi   53.31; pol   67.71 ,  azi  146.63; modCCdopfac[28] 1.0121
mod  7, crystal 1 [ 29]: (-14.51   4.37  10.61) pol   55.02 ,  azi   22.40; pol   55.02 ,  azi  163.23; modCCdopfac[29] 1.0187
mod  7, crystal 2 [ 30]: (-10.80   8.82  12.16) pol   48.92 ,  azi   35.96; pol   48.92 ,  azi  140.77; modCCdopfac[30] 1.0216
mod  7, crystal 3 [ 31]: ( -9.92  13.38   8.06) pol   64.18 ,  azi   58.94; pol   64.18 ,  azi  126.55; modCCdopfac[31] 1.0140
mod  8, crystal 0 [ 32]: (-13.37 -10.69   7.02) pol   67.71 ,  azi  -56.71; pol   67.71 ,  azi -141.37; modCCdopfac[32] 1.0121
mod  8, crystal 1 [ 33]: ( -8.64 -12.45  10.61) pol   55.02 ,  azi  -49.58; pol   55.02 ,  azi -124.77; modCCdopfac[33] 1.0187
mod  8, crystal 2 [ 34]: (-11.73  -7.55  12.16) pol   48.92 ,  azi  -31.84; pol   48.92 ,  azi -147.23; modCCdopfac[34] 1.0216
mod  8, crystal 3 [ 35]: (-15.79  -5.30   8.06) pol   64.18 ,  azi  -33.33; pol   64.18 ,  azi -161.45; modCCdopfac[35] 1.0140
mod  9, crystal 0 [ 36]: (  6.03 -16.02   7.02) pol   67.71 ,  azi  -66.35; pol   67.71 ,  azi  -69.37; modCCdopfac[36] 1.0121
mod  9, crystal 1 [ 37]: (  9.17 -12.07  10.61) pol   55.02 ,  azi  -48.69; pol   55.02 ,  azi  -52.77; modCCdopfac[37] 1.0187
mod  9, crystal 2 [ 38]: (  3.56 -13.48  12.16) pol   48.92 ,  azi  -47.96; pol   48.92 ,  azi  -75.23; modCCdopfac[38] 1.0216
mod  9, crystal 3 [ 39]: (  0.16 -16.65   8.06) pol   64.18 ,  azi  -64.18; pol   64.18 ,  azi  -89.45; modCCdopfac[39] 1.0140
mod 10, crystal 0 [ 40]: ( 17.10   0.79   7.02) pol   67.71 ,  azi    6.39; pol   67.71 ,  azi    2.63; modCCdopfac[40] 1.0121
mod 10, crystal 1 [ 41]: ( 14.31   4.99  10.61) pol   55.02 ,  azi   25.21; pol   55.02 ,  azi   19.23; modCCdopfac[41] 1.0187
mod 10, crystal 2 [ 42]: ( 13.92  -0.79  12.16) pol   48.92 ,  azi   -3.70; pol   48.92 ,  azi   -3.23; modCCdopfac[42] 1.0216
mod 10, crystal 3 [ 43]: ( 15.89  -4.99   8.06) pol   64.18 ,  azi  -31.79; pol   64.18 ,  azi  -17.45; modCCdopfac[43] 1.0140
mod 11, crystal 0 [ 44]: ( 18.26   2.80   0.92) pol   87.15 ,  azi   71.78; pol   87.15 ,  azi    8.71; modCCdopfac[44] 1.0011
mod 11, crystal 1 [ 45]: ( 17.30   4.20  -5.04) pol  105.79 ,  azi  140.16; pol  105.79 ,  azi   13.65; modCCdopfac[45] 0.9906
mod 11, crystal 2 [ 46]: ( 16.42   8.47  -0.92) pol   92.85 ,  azi   96.20; pol   92.85 ,  azi   27.29; modCCdopfac[46] 0.9978
mod 11, crystal 3 [ 47]: ( 16.46   6.77   5.04) pol   74.21 ,  azi   53.36; pol   74.21 ,  azi   22.35; modCCdopfac[47] 1.0085
mod 12, crystal 0 [ 48]: ( 12.46  13.48  -2.26) pol   97.01 ,  azi   99.50; pol   97.01 ,  azi   47.25; modCCdopfac[48] 0.9954
mod 12, crystal 1 [ 49]: (  7.28  16.65  -3.46) pol  100.78 ,  azi  101.74; pol  100.78 ,  azi   66.39; modCCdopfac[49] 0.9933
mod 12, crystal 2 [ 50]: (  8.97  16.02   2.26) pol   82.99 ,  azi   81.98; pol   82.99 ,  azi   60.75; modCCdopfac[50] 1.0035
mod 12, crystal 3 [ 51]: ( 13.59  12.07   3.46) pol   79.22 ,  azi   74.00; pol   79.22 ,  azi   41.61; modCCdopfac[51] 1.0057
mod 13, crystal 0 [ 52]: (  2.98  18.23   0.92) pol   87.15 ,  azi   87.11; pol   87.15 ,  azi   80.71; modCCdopfac[52] 1.0011
mod 13, crystal 1 [ 53]: (  1.35  17.75  -5.04) pol  105.79 ,  azi  105.84; pol  105.79 ,  azi   85.65; modCCdopfac[53] 0.9906
mod 13, crystal 2 [ 54]: ( -2.98  18.23  -0.92) pol   92.85 ,  azi   92.89; pol   92.85 ,  azi   99.29; modCCdopfac[54] 0.9978
mod 13, crystal 3 [ 55]: ( -1.35  17.75   5.04) pol   74.21 ,  azi   74.16; pol   74.21 ,  azi   94.35; modCCdopfac[55] 1.0085
mod 14, crystal 0 [ 56]: ( -8.97  16.02  -2.26) pol   97.01 ,  azi   98.02; pol   97.01 ,  azi  119.25; modCCdopfac[56] 0.9954
mod 14, crystal 1 [ 57]: (-13.59  12.07  -3.46) pol  100.78 ,  azi  106.00; pol  100.78 ,  azi  138.39; modCCdopfac[57] 0.9933
mod 14, crystal 2 [ 58]: (-12.46  13.48   2.26) pol   82.99 ,  azi   80.50; pol   82.99 ,  azi  132.75; modCCdopfac[58] 1.0035
mod 14, crystal 3 [ 59]: ( -7.28  16.65   3.46) pol   79.22 ,  azi   78.26; pol   79.22 ,  azi  113.61; modCCdopfac[59] 1.0057
mod 15, crystal 0 [ 60]: (-16.42   8.47   0.92) pol   87.15 ,  azi   83.80; pol   87.15 ,  azi  152.71; modCCdopfac[60] 1.0011
mod 15, crystal 1 [ 61]: (-16.46   6.77  -5.04) pol  105.79 ,  azi  126.64; pol  105.79 ,  azi  157.65; modCCdopfac[61] 0.9906
mod 15, crystal 2 [ 62]: (-18.26   2.80  -0.92) pol   92.85 ,  azi  108.22; pol   92.85 ,  azi  171.29; modCCdopfac[62] 0.9978
mod 15, crystal 3 [ 63]: (-17.30   4.20   5.04) pol   74.21 ,  azi   39.84; pol   74.21 ,  azi  166.35; modCCdopfac[63] 1.0085
mod 16, crystal 0 [ 64]: (-18.01  -3.58  -2.26) pol   97.01 ,  azi -122.21; pol   97.01 ,  azi -168.75; modCCdopfac[64] 0.9954
mod 16, crystal 1 [ 65]: (-15.68  -9.19  -3.46) pol  100.78 ,  azi -110.62; pol  100.78 ,  azi -149.61; modCCdopfac[65] 0.9933
mod 16, crystal 2 [ 66]: (-16.68  -7.69   2.26) pol   82.99 ,  azi  -73.64; pol   82.99 ,  azi -155.25; modCCdopfac[66] 1.0035
mod 16, crystal 3 [ 67]: (-18.09  -1.78   3.46) pol   79.22 ,  azi  -27.18; pol   79.22 ,  azi -174.39; modCCdopfac[67] 1.0057
mod 17, crystal 0 [ 68]: (-13.13 -13.00   0.92) pol   87.15 ,  azi  -85.95; pol   87.15 ,  azi -135.29; modCCdopfac[68] 1.0011
mod 17, crystal 1 [ 69]: (-11.53 -13.57  -5.04) pol  105.79 ,  azi -110.36; pol  105.79 ,  azi -130.35; modCCdopfac[69] 0.9906
mod 17, crystal 2 [ 70]: ( -8.30 -16.51  -0.92) pol   92.85 ,  azi  -93.19; pol   92.85 ,  azi -116.71; modCCdopfac[70] 0.9978
mod 17, crystal 3 [ 71]: ( -9.34 -15.15   5.04) pol   74.21 ,  azi  -71.62; pol   74.21 ,  azi -121.65; modCCdopfac[71] 1.0085
mod 18, crystal 0 [ 72]: ( -2.16 -18.23  -2.26) pol   97.01 ,  azi  -97.05; pol   97.01 ,  azi  -96.75; modCCdopfac[72] 0.9954
mod 18, crystal 1 [ 73]: (  3.90 -17.75  -3.46) pol  100.78 ,  azi -101.03; pol  100.78 ,  azi  -77.61; modCCdopfac[73] 0.9933
mod 18, crystal 2 [ 74]: (  2.16 -18.23   2.26) pol   82.99 ,  azi  -82.95; pol   82.99 ,  azi  -83.25; modCCdopfac[74] 1.0035
mod 18, crystal 3 [ 75]: ( -3.90 -17.75   3.46) pol   79.22 ,  azi  -78.97; pol   79.22 ,  azi -102.39; modCCdopfac[75] 1.0057
mod 19, crystal 0 [ 76]: (  8.30 -16.51   0.92) pol   87.15 ,  azi  -86.81; pol   87.15 ,  azi  -63.29; modCCdopfac[76] 1.0011
mod 19, crystal 1 [ 77]: (  9.34 -15.15  -5.04) pol  105.79 ,  azi -108.38; pol  105.79 ,  azi  -58.35; modCCdopfac[77] 0.9906
mod 19, crystal 2 [ 78]: ( 13.13 -13.00  -0.92) pol   92.85 ,  azi  -94.05; pol   92.85 ,  azi  -44.71; modCCdopfac[78] 0.9978
mod 19, crystal 3 [ 79]: ( 11.53 -13.57   5.04) pol   74.21 ,  azi  -69.64; pol   74.21 ,  azi  -49.65; modCCdopfac[79] 1.0085
mod 20, crystal 0 [ 80]: ( 16.68  -7.69  -2.26) pol   97.01 ,  azi -106.36; pol   97.01 ,  azi  -24.75; modCCdopfac[80] 0.9954
mod 20, crystal 1 [ 81]: ( 18.09  -1.78  -3.46) pol  100.78 ,  azi -152.82; pol  100.78 ,  azi   -5.61; modCCdopfac[81] 0.9933
mod 20, crystal 2 [ 82]: ( 18.01  -3.58   2.26) pol   82.99 ,  azi  -57.79; pol   82.99 ,  azi  -11.25; modCCdopfac[82] 1.0035
mod 20, crystal 3 [ 83]: ( 15.68  -9.19   3.46) pol   79.22 ,  azi  -69.38; pol   79.22 ,  azi  -30.39; modCCdopfac[83] 1.0057
mod 21, crystal 0 [ 84]: ( 14.30   9.42  -7.02) pol  112.29 ,  azi  126.69; pol  112.29 ,  azi   33.37; modCCdopfac[84] 0.9871
mod 21, crystal 1 [ 85]: ( 14.51   4.37 -10.61) pol  124.98 ,  azi  157.60; pol  124.98 ,  azi   16.77; modCCdopfac[85] 0.9809
mod 21, crystal 2 [ 86]: ( 10.80   8.82 -12.16) pol  131.08 ,  azi  144.04; pol  131.08 ,  azi   39.23; modCCdopfac[86] 0.9782
mod 21, crystal 3 [ 87]: (  9.92  13.38  -8.06) pol  115.82 ,  azi  121.06; pol  115.82 ,  azi   53.45; modCCdopfac[87] 0.9853
mod 22, crystal 0 [ 88]: ( -4.54  16.51  -7.02) pol  112.29 ,  azi  113.03; pol  112.29 ,  azi  105.37; modCCdopfac[88] 0.9871
mod 22, crystal 1 [ 89]: (  0.33  15.15 -10.61) pol  124.98 ,  azi  124.99; pol  124.98 ,  azi   88.77; modCCdopfac[89] 0.9809
mod 22, crystal 2 [ 90]: ( -5.05  13.00 -12.16) pol  131.08 ,  azi  133.08; pol  131.08 ,  azi  111.23; modCCdopfac[90] 0.9782
mod 22, crystal 3 [ 91]: ( -9.66  13.57  -8.06) pol  115.82 ,  azi  120.71; pol  115.82 ,  azi  125.45; modCCdopfac[91] 0.9853
mod 23, crystal 0 [ 92]: (-17.10   0.79  -7.02) pol  112.29 ,  azi  173.61; pol  112.29 ,  azi  177.37; modCCdopfac[92] 0.9871
mod 23, crystal 1 [ 93]: (-14.31   4.99 -10.61) pol  124.98 ,  azi  154.79; pol  124.98 ,  azi  160.77; modCCdopfac[93] 0.9809
mod 23, crystal 2 [ 94]: (-13.92  -0.79 -12.16) pol  131.08 ,  azi -176.30; pol  131.08 ,  azi -176.77; modCCdopfac[94] 0.9782
mod 23, crystal 3 [ 95]: (-15.89  -4.99  -8.06) pol  115.82 ,  azi -148.21; pol  115.82 ,  azi -162.55; modCCdopfac[95] 0.9853
mod 24, crystal 0 [ 96]: ( -6.03 -16.02  -7.02) pol  112.29 ,  azi -113.65; pol  112.29 ,  azi -110.63; modCCdopfac[96] 0.9871
mod 24, crystal 1 [ 97]: ( -9.17 -12.07 -10.61) pol  124.98 ,  azi -131.31; pol  124.98 ,  azi -127.23; modCCdopfac[97] 0.9809
mod 24, crystal 2 [ 98]: ( -3.56 -13.48 -12.16) pol  131.08 ,  azi -132.04; pol  131.08 ,  azi -104.77; modCCdopfac[98] 0.9782
mod 24, crystal 3 [ 99]: ( -0.16 -16.65  -8.06) pol  115.82 ,  azi -115.82; pol  115.82 ,  azi  -90.55; modCCdopfac[99] 0.9853
mod 25, crystal 0 [100]: ( 13.37 -10.69  -7.02) pol  112.29 ,  azi -123.29; pol  112.29 ,  azi  -38.63; modCCdopfac[100] 0.9871
mod 25, crystal 1 [101]: (  8.64 -12.45 -10.61) pol  124.98 ,  azi -130.42; pol  124.98 ,  azi  -55.23; modCCdopfac[101] 0.9809
mod 25, crystal 2 [102]: ( 11.73  -7.55 -12.16) pol  131.08 ,  azi -148.16; pol  131.08 ,  azi  -32.77; modCCdopfac[102] 0.9782
mod 25, crystal 3 [103]: ( 15.79  -5.30  -8.06) pol  115.82 ,  azi -146.67; pol  115.82 ,  azi  -18.55; modCCdopfac[103] 0.9853
mod 26, crystal 0 [104]: (  0.29  10.69 -15.10) pol  144.70 ,  azi  144.71; pol  144.70 ,  azi   88.42; modCCdopfac[104] 0.9732
mod 26, crystal 1 [105]: (  5.62  12.45 -12.47) pol  132.40 ,  azi  135.05; pol  132.40 ,  azi   65.70; modCCdopfac[105] 0.9777
mod 26, crystal 2 [106]: (  5.63   7.55 -15.92) pol  149.40 ,  azi  154.64; pol  149.40 ,  azi   53.28; modCCdopfac[106] 0.9718
mod 26, crystal 3 [107]: (  0.15   5.30 -17.72) pol  163.35 ,  azi  163.36; pol  163.35 ,  azi   88.42; modCCdopfac[107] 0.9688
mod 27, crystal 0 [108]: (-10.07   3.58 -15.10) pol  144.70 ,  azi  166.65; pol  144.70 ,  azi  160.42; modCCdopfac[108] 0.9732
mod 27, crystal 1 [109]: (-10.11   9.19 -12.47) pol  132.40 ,  azi  143.61; pol  132.40 ,  azi  137.70; modCCdopfac[109] 0.9777
mod 27, crystal 2 [110]: ( -5.44   7.69 -15.92) pol  149.40 ,  azi  154.23; pol  149.40 ,  azi  125.28; modCCdopfac[110] 0.9718
mod 27, crystal 3 [111]: ( -4.99   1.78 -17.72) pol  163.35 ,  azi  174.28; pol  163.35 ,  azi  160.42; modCCdopfac[111] 0.9688
mod 28, crystal 0 [112]: ( -6.52  -8.47 -15.10) pol  144.70 ,  azi -150.70; pol  144.70 ,  azi -127.58; modCCdopfac[112] 0.9732
mod 28, crystal 1 [113]: (-11.87  -6.77 -12.47) pol  132.40 ,  azi -151.51; pol  132.40 ,  azi -150.30; modCCdopfac[113] 0.9777
mod 28, crystal 2 [114]: ( -8.99  -2.80 -15.92) pol  149.40 ,  azi -170.04; pol  149.40 ,  azi -162.72; modCCdopfac[114] 0.9718
mod 28, crystal 3 [115]: ( -3.23  -4.20 -17.72) pol  163.35 ,  azi -166.67; pol  163.35 ,  azi -127.58; modCCdopfac[115] 0.9688
mod 29, crystal 0 [116]: (  6.04  -8.82 -15.10) pol  144.70 ,  azi -149.71; pol  144.70 ,  azi  -55.58; modCCdopfac[116] 0.9732
mod 29, crystal 1 [117]: (  2.77 -13.38 -12.47) pol  132.40 ,  azi -133.00; pol  132.40 ,  azi  -78.30; modCCdopfac[117] 0.9777
mod 29, crystal 2 [118]: ( -0.12  -9.42 -15.92) pol  149.40 ,  azi -149.40; pol  149.40 ,  azi  -90.72; modCCdopfac[118] 0.9718
mod 29, crystal 3 [119]: (  3.00  -4.37 -17.72) pol  163.35 ,  azi -166.14; pol  163.35 ,  azi  -55.58; modCCdopfac[119] 0.9688
mod 30, crystal 0 [120]: ( 10.25   3.02 -15.10) pol  144.70 ,  azi  168.68; pol  144.70 ,  azi   16.42; modCCdopfac[120] 0.9732
mod 30, crystal 1 [121]: ( 13.58  -1.50 -12.47) pol  132.40 ,  azi -173.15; pol  132.40 ,  azi   -6.30; modCCdopfac[121] 0.9777
mod 30, crystal 2 [122]: (  8.92  -3.02 -15.92) pol  149.40 ,  azi -169.25; pol  149.40 ,  azi  -18.72; modCCdopfac[122] 0.9718
mod 30, crystal 3 [123]: (  5.08   1.50 -17.72) pol  163.35 ,  azi  175.17; pol  163.35 ,  azi   16.42; modCCdopfac[123] 0.9688
setup signal catcher
started sorting... from disk...

Pars.maxTS=4611686018427387904
got initial header, TS=1899927244949 ID: 1 length: 464
read initial payload of siz=464 into event position 1
__ptgd[0]->type= 0; ptgd[0]->length=   0; ptgd[0]->timestamp=0
initial ii=1, nn=1
ev#     0 GEB_TYPE_DECOMP        464Bytes TS=1899927246935 curTS=1899927244949 dTS= 1986
t0=1899927244949
first event: GEB_event.mult=1
   0/ 0: ( 1,GEB_TYPE_DECOMP      ) TS=       1899927244949; dT=0
maxTS=10539927244949
that is 86400.0 seconds or 24h0m0s minutes of sorting
GEBGetEv returned st=0
we have read 960 bytes; CurEvNo=1

+++++++++++++++++++++++++++++++
*start event # 1 with multiplicity 1 looks like this:
 0>  1, GEB_TYPE_DECOMP      , TS=1899927244949
entered bin_mode2: 1/10
ptinp->pad= 6, (ptinp->pad&0x000000ff)= 6
updated CCadd with    0.00
total number of hits in array: 0
exit bin_mode2
entered bin_mode3 @ event number: 1 
exit bin_mode3
*end of event # 1
+++++++++++++++++++++++++++++++
ev#     1 GEB_TYPE_DECOMP        464Bytes TS=1899927247669 curTS=1899927246935 dTS= 734
GEBGetEv returned st=0
we have read 1440 bytes; CurEvNo=2

+++++++++++++++++++++++++++++++
*start event # 2 with multiplicity 1 looks like this:
 0>  1, GEB_TYPE_DECOMP      , TS=1899927246935
entered bin_mode2: 2/10
ptinp->pad= 6, (ptinp->pad&0x000000ff)= 6
updated CCadd with    0.00
total number of hits in array: 0
exit bin_mode2
entered bin_mode3 @ event number: 2 
exit bin_mode3
*end of event # 2
+++++++++++++++++++++++++++++++
ev#     2 GEB_TYPE_DECOMP        464Bytes TS=1899927313675 curTS=1899927247669 dTS= 66006
GEBGetEv returned st=0
we have read 1920 bytes; CurEvNo=3

+++++++++++++++++++++++++++++++
*start event # 3 with multiplicity 1 looks like this:
 0>  1, GEB_TYPE_DECOMP      , TS=1899927247669
entered bin_mode2: 3/10
ptinp->pad= 6, (ptinp->pad&0x000000ff)= 6
updated CCadd with    0.00
total number of hits in array: 0
exit bin_mode2
entered bin_mode3 @ event number: 3 
exit bin_mode3
*end of event # 3
+++++++++++++++++++++++++++++++
ev#     3 GEB_TYPE_DECOMP        464Bytes TS=1899927313681 curTS=1899927313675 dTS= 6
ev#     3 GEB_TYPE_DECOMP        464Bytes TS=1899927313731 curTS=1899927313675 dTS= 56
ev#     3 GEB_TYPE_DECOMP        464Bytes TS=1899927314041 curTS=1899927313675 dTS= 366
GEBGetEv returned st=0
we have read 3360 bytes; CurEvNo=4

+++++++++++++++++++++++++++++++
*start event # 4 with multiplicity 3 looks like this:
 0>  1, GEB_TYPE_DECOMP      , TS=1899927313675
 1>  1, GEB_TYPE_DECOMP      , TS=1899927313681
 2>  1, GEB_TYPE_DECOMP      , TS=1899927313731
entered bin_mode2: 4/10
ptinp->pad= 6, (ptinp->pad&0x000000ff)= 6
ptinp->pad= 6, (ptinp->pad&0x000000ff)= 6
ptinp->pad= 6, (ptinp->pad&0x000000ff)= 6
updated CCadd with    0.00
total number of hits in array: 0
exit bin_mode2
entered bin_mode3 @ event number: 4 
exit bin_mode3
*end of event # 4
+++++++++++++++++++++++++++++++
ev#     4 GEB_TYPE_DECOMP        464Bytes TS=1899927380363 curTS=1899927314041 dTS= 66322
GEBGetEv returned st=0
we have read 3840 bytes; CurEvNo=5

+++++++++++++++++++++++++++++++
*start event # 5 with multiplicity 1 looks like this:
 0>  1, GEB_TYPE_DECOMP      , TS=1899927314041
entered bin_mode2: 5/10
ptinp->pad= 6, (ptinp->pad&0x000000ff)= 6
updated CCadd with    0.00
total number of hits in array: 0
exit bin_mode2
entered bin_mode3 @ event number: 5 
exit bin_mode3
*end of event # 5
+++++++++++++++++++++++++++++++
ev#     5 GEB_TYPE_DECOMP        464Bytes TS=1899927380377 curTS=1899927380363 dTS= 14
ev#     5 GEB_TYPE_GT_MOD29      440Bytes TS=1899927634079 curTS=1899927380363 dTS= 253716
GEBGetEv returned st=0
we have read 4776 bytes; CurEvNo=6

+++++++++++++++++++++++++++++++
*start event # 6 with multiplicity 2 looks like this:
 0>  1, GEB_TYPE_DECOMP      , TS=1899927380363
 1>  1, GEB_TYPE_DECOMP      , TS=1899927380377
entered bin_mode2: 6/10
ptinp->pad= 6, (ptinp->pad&0x000000ff)= 6
ptinp->pad= 0, (ptinp->pad&0x000000ff)= 0
good pad value
mode2 data:  1>  1, GEB_TYPE_DECOMP      , TS=1899927380377
number of hits: 2
* 1/2, is GEB_TYPE_DECOMP: num=2
__detno: 57, module: 14, crystalNumber: 1
CCenergies[0]= 137.11
* 0:   19.53, -23.93,   6.30 --> GT:  -14.53,  12.81,  -0.54
* 1:    9.82, -18.31,  11.29 --> GT:  -14.99,  12.73,  -1.68
updated CCadd with  137.11
total number of hits in array: 2
exit bin_mode2
entered bin_mode3 @ event number: 6 
exit bin_mode3
*end of event # 6
+++++++++++++++++++++++++++++++
ev#     6 GEB_TYPE_DECOMP        464Bytes TS=1899927634151 curTS=1899927634079 dTS= 72
ev#     6 GEB_TYPE_DECOMP        464Bytes TS=1899927634151 curTS=1899927634079 dTS= 72
ev#     6 GEB_TYPE_DECOMP        464Bytes TS=1899927634365 curTS=1899927634079 dTS= 286
GEBGetEv returned st=0
we have read 6216 bytes; CurEvNo=7

+++++++++++++++++++++++++++++++
*start event # 7 with multiplicity 3 looks like this:
 0>  8, GEB_TYPE_GT_MOD29    , TS=1899927634079
 1>  1, GEB_TYPE_DECOMP      , TS=1899927634151
 2>  1, GEB_TYPE_DECOMP      , TS=1899927634151
entered bin_mode2: 7/10
ptinp->pad= 0, (ptinp->pad&0x000000ff)= 0
good pad value
mode2 data:  1>  1, GEB_TYPE_DECOMP      , TS=1899927634151
number of hits: 2
* 1/3, is GEB_TYPE_DECOMP: num=2
__detno: 77, module: 19, crystalNumber: 1
CCenergies[0]= 130.09
* 0:   27.74,  13.43,  52.29 --> GT:   11.95, -20.43,  -3.54
* 1:   25.77,   9.98,  43.70 --> GT:   11.71, -19.51,  -3.58
ptinp->pad= 0, (ptinp->pad&0x000000ff)= 0
good pad value
mode2 data:  2>  1, GEB_TYPE_DECOMP      , TS=1899927634151
number of hits: 1
* 2/3, is GEB_TYPE_DECOMP: num=1
__detno: 76, module: 19, crystalNumber: 0
CCenergies[1]= 105.07
* 0:   30.53, -25.38,  49.50 --> GT:   12.55, -20.09,  -2.15
updated CCadd with  235.16
total number of hits in array: 3
exit bin_mode2
entered bin_mode3 @ event number: 7 

bin_mode3:  0>  8, GEB_TYPE_GT_MOD29    , TS=1899927634079, 0x1ba5c83009f; payload length: 440 bytes

---------
new GTheader at pos=0 or 0 words (8):
Event.hdr[ 0]=0x1f34,   7988
Event.hdr[ 1]=0x300a,  12298
Event.hdr[ 2]=0x009f,    159
Event.hdr[ 3]=0x5c83,  23683
Event.hdr[ 4]=0x01ba,    442
Event.hdr[ 5]=0x0077,    119
Event.hdr[ 6]=0x0e00,   3584
Event.hdr[ 7]=0x0000,      0
Event.hdr[ 8]=0x2ddd,  11741
Event.hdr[ 9]=0x0050,     80
Event.hdr[10]=0x2600,   9728
Event.hdr[11]=0x0000,      0
Event.hdr[12]=0xfedc,  65244
Event.hdr[13]=0x07ff,   2047
Event.len=  44, Event.traceLen=  12 (in Bytes)
Event.len=  22, Event.traceLen=   6 (in 16 bit words)
Event.len=  11, Event.traceLen=   3 (in 32 bit words)
next start: 0xaaaaaaaa, pos= 44
0x1f34 module_id = 31 crystal_id = 0 digitizer_id = 3 chan_id = 4 ge_id = 124 channel = 34  -> is segment
open superpulse_007_00_01.xy at Event.chan_id = 4
open CCpulse_007_00_01.xy at Event.chan_id = 4
ncrystal=1
wrote trace to CCpulse_007_00_01.xy
two's comp tempE  ::        119        119 0x00000077 |0000|0000|0000|0000|0000|0000|0111|0111|
rawE              ::        119        119 0x00000077 |0000|0000|0000|0000|0000|0000|0111|0111|
rawE (sign change)::        119        119 0x00000077 |0000|0000|0000|0000|0000|0000|0111|0111|
Event.ehi=               3 0x00000003
Event.ehi=0 (gain changed)
Event.LEDts =        1899927634079
Event.CFDts =         240522231820

---------
new GTheader at pos=44 or 22 words (30):
Event.hdr[ 0]=0x1f35,   7989
Event.hdr[ 1]=0x300a,  12298
Event.hdr[ 2]=0x009f,    159
Event.hdr[ 3]=0x5c83,  23683
Event.hdr[ 4]=0x01ba,    442
Event.hdr[ 5]=0x4090,  16528
Event.hdr[ 6]=0x4e08,  19976
Event.hdr[ 7]=0x0000,      0
Event.hdr[ 8]=0x2ddd,  11741
Event.hdr[ 9]=0x3f17,  16151
Event.hdr[10]=0x2408,   9224
Event.hdr[11]=0x136c,   4972
Event.hdr[12]=0xd7c4,  55236
Event.hdr[13]=0x001e,     30
Event.len=  44, Event.traceLen=  12 (in Bytes)
Event.len=  22, Event.traceLen=   6 (in 16 bit words)
Event.len=  11, Event.traceLen=   3 (in 32 bit words)
next start: 0xaaaaaaaa, pos= 88
0x1f35 module_id = 31 crystal_id = 0 digitizer_id = 3 chan_id = 5 ge_id = 124 channel = 35  -> is segment
ncrystal=1
wrote trace to CCpulse_007_00_01.xy
two's comp tempE  ::     540816     540816 0x00084090 |0000|0000|0000|1000|0100|0000|1001|0000|
rawE              ::     540816     540816 0x00084090 |0000|0000|0000|1000|0100|0000|1001|0000|
rawE (sign change)::     540816     540816 0x00084090 |0000|0000|0000|1000|0100|0000|1001|0000|
Event.ehi=           16900 0x00004204
Event.ehi=1690 (gain changed)
Event.LEDts =        1899927634079
Event.CFDts =      270020124409868

---------
new GTheader at pos=88 or 44 words (52):
Event.hdr[ 0]=0x1f36,   7990
Event.hdr[ 1]=0x300a,  12298
Event.hdr[ 2]=0x009f,    159
Event.hdr[ 3]=0x5c83,  23683
Event.hdr[ 4]=0x01ba,    442
Event.hdr[ 5]=0x1a6b,   6763
Event.hdr[ 6]=0x0e00,   3584
Event.hdr[ 7]=0x0000,      0
Event.hdr[ 8]=0x2ddd,  11741
Event.hdr[ 9]=0xf905,  63749
Event.hdr[10]=0x09ff,   2559
Event.hdr[11]=0x0624,   1572
Event.hdr[12]=0x0cbc,   3260
Event.hdr[13]=0x0000,      0
Event.len=  44, Event.traceLen=  12 (in Bytes)
Event.len=  22, Event.traceLen=   6 (in 16 bit words)
Event.len=  11, Event.traceLen=   3 (in 32 bit words)
next start: 0xaaaaaaaa, pos= 132
0x1f36 module_id = 31 crystal_id = 0 digitizer_id = 3 chan_id = 6 ge_id = 124 channel = 36  -> is segment
ncrystal=1
wrote trace to CCpulse_007_00_01.xy
two's comp tempE  ::       6763       6763 0x00001a6b |0000|0000|0000|0000|0001|1010|0110|1011|
rawE              ::       6763       6763 0x00001a6b |0000|0000|0000|0000|0001|1010|0110|1011|
rawE (sign change)::       6763       6763 0x00001a6b |0000|0000|0000|0000|0001|1010|0110|1011|
Event.ehi=             211 0x000000d3
Event.ehi=21 (gain changed)
Event.LEDts =        1899927634079
Event.CFDts =      281453501612044

---------
new GTheader at pos=132 or 66 words (74):
Event.hdr[ 0]=0x1f37,   7991
Event.hdr[ 1]=0x300a,  12298
Event.hdr[ 2]=0x009f,    159
Event.hdr[ 3]=0x5c83,  23683
Event.hdr[ 4]=0x01ba,    442
Event.hdr[ 5]=0x0780,   1920
Event.hdr[ 6]=0x0e00,   3584
Event.hdr[ 7]=0x0000,      0
Event.hdr[ 8]=0x2ddd,  11741
Event.hdr[ 9]=0xf9d3,  63955
Event.hdr[10]=0xa7ff,  43007
Event.hdr[11]=0x0237,    567
Event.hdr[12]=0xad34,  44340
Event.hdr[13]=0x07ff,   2047
Event.len=  44, Event.traceLen=  12 (in Bytes)
Event.len=  22, Event.traceLen=   6 (in 16 bit words)
Event.len=  11, Event.traceLen=   3 (in 32 bit words)
next start: 0xaaaaaaaa, pos= 176
0x1f37 module_id = 31 crystal_id = 0 digitizer_id = 3 chan_id = 7 ge_id = 124 channel = 37  -> is segment
ncrystal=1
wrote trace to CCpulse_007_00_01.xy
two's comp tempE  ::       1920       1920 0x00000780 |0000|0000|0000|0000|0000|0111|1000|0000|
rawE              ::       1920       1920 0x00000780 |0000|0000|0000|0000|0000|0111|1000|0000|
rawE (sign change)::       1920       1920 0x00000780 |0000|0000|0000|0000|0000|0111|1000|0000|
Event.ehi=              60 0x0000003c
Event.ehi=6 (gain changed)
Event.LEDts =        1899927634079
Event.CFDts =      281457796579340

---------
new GTheader at pos=176 or 88 words (96):
Event.hdr[ 0]=0x1f38,   7992
Event.hdr[ 1]=0x300a,  12298
Event.hdr[ 2]=0x009f,    159
Event.hdr[ 3]=0x5c83,  23683
Event.hdr[ 4]=0x01ba,    442
Event.hdr[ 5]=0x8bec,  35820
Event.hdr[ 6]=0x1ff9,   8185
Event.hdr[ 7]=0x0000,      0
Event.hdr[ 8]=0x2ddd,  11741
Event.hdr[ 9]=0xe4a3,  58531
Event.hdr[10]=0x07fc,   2044
Event.hdr[11]=0xf9ab,  63915
Event.hdr[12]=0x24a3,   9379
Event.hdr[13]=0x07f3,   2035
Event.len=  44, Event.traceLen=  12 (in Bytes)
Event.len=  22, Event.traceLen=   6 (in 16 bit words)
Event.len=  11, Event.traceLen=   3 (in 32 bit words)
next start: 0xaaaaaaaa, pos= 220
0x1f38 module_id = 31 crystal_id = 0 digitizer_id = 3 chan_id = 8 ge_id = 124 channel = 38  -> is segment
ncrystal=1
wrote trace to CCpulse_007_00_01.xy
two's comp tempE  ::   16354284   16354284 0x00f98bec |0000|0000|1111|1001|1000|1011|1110|1100|
rawE              :: 4294544364    -422932 0xfff98bec |1111|1111|1111|1001|1000|1011|1110|1100|
rawE (sign change)::     422932     422932 0x00067414 |0000|0000|0000|0110|0111|0100|0001|0100|
Event.ehi=           13216 0x000033a0
Event.ehi=1321 (gain changed)
Event.LEDts =        1899927634079
Event.CFDts =         373669822476

---------
new GTheader at pos=220 or 110 words (118):
Event.hdr[ 0]=0x1f39,   7993
Event.hdr[ 1]=0x300a,  12298
Event.hdr[ 2]=0x009f,    159
Event.hdr[ 3]=0x5c83,  23683
Event.hdr[ 4]=0x01ba,    442
Event.hdr[ 5]=0x013f,    319
Event.hdr[ 6]=0x0e00,   3584
Event.hdr[ 7]=0x0000,      0
Event.hdr[ 8]=0x2ddd,  11741
Event.hdr[ 9]=0xf5f0,  62960
Event.hdr[10]=0xe9ff,  59903
Event.hdr[11]=0xffec,  65516
Event.hdr[12]=0xca7b,  51835
Event.hdr[13]=0x07ff,   2047
Event.len=  44, Event.traceLen=  12 (in Bytes)
Event.len=  22, Event.traceLen=   6 (in 16 bit words)
Event.len=  11, Event.traceLen=   3 (in 32 bit words)
next start: 0xaaaaaaaa, pos= 264
0x1f39 module_id = 31 crystal_id = 0 digitizer_id = 3 chan_id = 9 ge_id = 124 channel = 39  -> is CC
ncrystal=1
wrote trace to CCpulse_007_00_01.xy
two's comp tempE  ::        319        319 0x0000013f |0000|0000|0000|0000|0000|0001|0011|1111|
rawE              ::        319        319 0x0000013f |0000|0000|0000|0000|0000|0001|0011|1111|
rawE (sign change)::        319        319 0x0000013f |0000|0000|0000|0000|0000|0001|0011|1111|
Event.ehi=               9 0x00000009
Event.ehi=0 (gain changed)
Event.LEDts =        1899927634079
Event.CFDts =         214751510540

---------
new GTheader at pos=264 or 132 words (140):
Event.hdr[ 0]=0x1f30,   7984
Event.hdr[ 1]=0x300a,  12298
Event.hdr[ 2]=0x009f,    159
Event.hdr[ 3]=0x5c83,  23683
Event.hdr[ 4]=0x01ba,    442
Event.hdr[ 5]=0x2685,   9861
Event.hdr[ 6]=0x4e0c,  19980
Event.hdr[ 7]=0x0000,      0
Event.hdr[ 8]=0x2ddd,  11741
Event.hdr[ 9]=0x2627,   9767
Event.hdr[10]=0xa40c,  41996
Event.hdr[11]=0x16f2,   5874
Event.hdr[12]=0x4e44,  20036
Event.hdr[13]=0x0030,     48
Event.len=  44, Event.traceLen=  12 (in Bytes)
Event.len=  22, Event.traceLen=   6 (in 16 bit words)
Event.len=  11, Event.traceLen=   3 (in 32 bit words)
next start: 0xaaaaaaaa, pos= 308
0x1f30 module_id = 31 crystal_id = 0 digitizer_id = 3 chan_id = 0 ge_id = 124 channel = 30  -> is segment
ncrystal=1
wrote trace to CCpulse_007_00_01.xy
two's comp tempE  ::     796293     796293 0x000c2685 |0000|0000|0000|1100|0010|0110|1000|0101|
rawE              ::     796293     796293 0x000c2685 |0000|0000|0000|1100|0010|0110|1000|0101|
rawE (sign change)::     796293     796293 0x000c2685 |0000|0000|0000|1100|0010|0110|1000|0101|
Event.ehi=           24884 0x00006134
Event.ehi=2488 (gain changed)
Event.LEDts =        1899927634079
Event.CFDts =      264793069322252

---------
new GTheader at pos=308 or 154 words (162):
Event.hdr[ 0]=0x1f31,   7985
Event.hdr[ 1]=0x300a,  12298
Event.hdr[ 2]=0x009f,    159
Event.hdr[ 3]=0x5c83,  23683
Event.hdr[ 4]=0x01ba,    442
Event.hdr[ 5]=0xd206,  53766
Event.hdr[ 6]=0x4e09,  19977
Event.hdr[ 7]=0x0000,      0
Event.hdr[ 8]=0x2ddd,  11741
Event.hdr[ 9]=0xcd84,  52612
Event.hdr[10]=0xb009,  45065
Event.hdr[11]=0x1091,   4241
Event.hdr[12]=0x5bfc,  23548
Event.hdr[13]=0x0029,     41
Event.len=  44, Event.traceLen=  12 (in Bytes)
Event.len=  22, Event.traceLen=   6 (in 16 bit words)
Event.len=  11, Event.traceLen=   3 (in 32 bit words)
next start: 0xaaaaaaaa, pos= 352
0x1f31 module_id = 31 crystal_id = 0 digitizer_id = 3 chan_id = 1 ge_id = 124 channel = 31  -> is segment
ncrystal=1
wrote trace to CCpulse_007_00_01.xy
two's comp tempE  ::     643590     643590 0x0009d206 |0000|0000|0000|1001|1101|0010|0000|0110|
rawE              ::     643590     643590 0x0009d206 |0000|0000|0000|1001|1101|0010|0000|0110|
rawE (sign change)::     643590     643590 0x0009d206 |0000|0000|0000|1001|1101|0010|0000|0110|
Event.ehi=           20112 0x00004e90
Event.ehi=2011 (gain changed)
Event.LEDts =        1899927634079
Event.CFDts =      269096692219916

---------
new GTheader at pos=352 or 176 words (184):
Event.hdr[ 0]=0x1f32,   7986
Event.hdr[ 1]=0x300a,  12298
Event.hdr[ 2]=0x009f,    159
Event.hdr[ 3]=0x5c83,  23683
Event.hdr[ 4]=0x01ba,    442
Event.hdr[ 5]=0x1756,   5974
Event.hdr[ 6]=0x0e00,   3584
Event.hdr[ 7]=0x0000,      0
Event.hdr[ 8]=0x2ddd,  11741
Event.hdr[ 9]=0xe524,  58660
Event.hdr[10]=0x25ff,   9727
Event.hdr[11]=0x0058,     88
Event.hdr[12]=0x83fc,  33788
Event.hdr[13]=0x07ff,   2047
Event.len=  44, Event.traceLen=  12 (in Bytes)
Event.len=  22, Event.traceLen=   6 (in 16 bit words)
Event.len=  11, Event.traceLen=   3 (in 32 bit words)
next start: 0xaaaaaaaa, pos= 396
0x1f32 module_id = 31 crystal_id = 0 digitizer_id = 3 chan_id = 2 ge_id = 124 channel = 32  -> is segment
ncrystal=1
wrote trace to CCpulse_007_00_01.xy
two's comp tempE  ::       5974       5974 0x00001756 |0000|0000|0000|0000|0001|0111|0101|0110|
rawE              ::       5974       5974 0x00001756 |0000|0000|0000|0000|0001|0111|0101|0110|
rawE (sign change)::       5974       5974 0x00001756 |0000|0000|0000|0000|0001|0111|0101|0110|
Event.ehi=             186 0x000000ba
Event.ehi=18 (gain changed)
Event.LEDts =        1899927634079
Event.CFDts =          81605623820

---------
new GTheader at pos=396 or 198 words (206):
Event.hdr[ 0]=0x1f33,   7987
Event.hdr[ 1]=0x300a,  12298
Event.hdr[ 2]=0x009f,    159
Event.hdr[ 3]=0x5c83,  23683
Event.hdr[ 4]=0x01ba,    442
Event.hdr[ 5]=0xdac8,  56008
Event.hdr[ 6]=0x4e0a,  19978
Event.hdr[ 7]=0x0000,      0
Event.hdr[ 8]=0x2ddd,  11741
Event.hdr[ 9]=0xda26,  55846
Event.hdr[10]=0xea0a,  59914
Event.hdr[11]=0x1704,   5892
Event.hdr[12]=0xcd20,  52512
Event.hdr[13]=0x002b,     43
Event.len=  44, Event.traceLen=  12 (in Bytes)
Event.len=  22, Event.traceLen=   6 (in 16 bit words)
Event.len=  11, Event.traceLen=   3 (in 32 bit words)
0x1f33 module_id = 31 crystal_id = 0 digitizer_id = 3 chan_id = 3 ge_id = 124 channel = 33  -> is segment
ncrystal=1
wrote trace to CCpulse_007_00_01.xy
two's comp tempE  ::     711368     711368 0x000adac8 |0000|0000|0000|1010|1101|1010|1100|1000|
rawE              ::     711368     711368 0x000adac8 |0000|0000|0000|1010|1101|1010|1100|1000|
rawE (sign change)::     711368     711368 0x000adac8 |0000|0000|0000|1010|1101|1010|1100|1000|
Event.ehi=           22230 0x000056d6
Event.ehi=2223 (gain changed)
Event.LEDts =        1899927634079
Event.CFDts =      266618458210316
exit bin_mode3
*end of event # 7
+++++++++++++++++++++++++++++++
ev#     7 GEB_TYPE_DECOMP        464Bytes TS=1899927679187 curTS=1899927634365 dTS= 44822
GEBGetEv returned st=0
we have read 6696 bytes; CurEvNo=8

+++++++++++++++++++++++++++++++
*start event # 8 with multiplicity 1 looks like this:
 0>  1, GEB_TYPE_DECOMP      , TS=1899927634365
entered bin_mode2: 8/10
ptinp->pad= 6, (ptinp->pad&0x000000ff)= 6
updated CCadd with    0.00
total number of hits in array: 0
exit bin_mode2
entered bin_mode3 @ event number: 8 
exit bin_mode3
*end of event # 8
+++++++++++++++++++++++++++++++
ev#     8 GEB_TYPE_DECOMP        464Bytes TS=1899927679283 curTS=1899927679187 dTS= 96
ev#     8 GEB_TYPE_GT_MOD29      440Bytes TS=1899927679355 curTS=1899927679187 dTS= 168
GEBGetEv returned st=0
we have read 7632 bytes; CurEvNo=9

+++++++++++++++++++++++++++++++
*start event # 9 with multiplicity 2 looks like this:
 0>  1, GEB_TYPE_DECOMP      , TS=1899927679187
 1>  1, GEB_TYPE_DECOMP      , TS=1899927679283
entered bin_mode2: 9/10
ptinp->pad= 6, (ptinp->pad&0x000000ff)= 6
ptinp->pad= 6, (ptinp->pad&0x000000ff)= 6
updated CCadd with    0.00
total number of hits in array: 0
exit bin_mode2
entered bin_mode3 @ event number: 9 
exit bin_mode3
*end of event # 9
+++++++++++++++++++++++++++++++
ev#     9 GEB_TYPE_DECOMP        464Bytes TS=1899927774469 curTS=1899927679355 dTS= 95114
GEBGetEv returned st=0
we have read 8112 bytes; CurEvNo=10

+++++++++++++++++++++++++++++++
*start event # 10 with multiplicity 1 looks like this:
 0>  8, GEB_TYPE_GT_MOD29    , TS=1899927679355
entered bin_mode2: 10/10
updated CCadd with    0.00
total number of hits in array: 0
exit bin_mode2
entered bin_mode3 @ event number: 10 

bin_mode3:  0>  8, GEB_TYPE_GT_MOD29    , TS=1899927679355, 0x1ba5c83b17b; payload length: 440 bytes

---------
new GTheader at pos=0 or 0 words (8):
Event.hdr[ 0]=0x1f33,   7987
Event.hdr[ 1]=0x300a,  12298
Event.hdr[ 2]=0xb17b,  45435
Event.hdr[ 3]=0x5c83,  23683
Event.hdr[ 4]=0x01ba,    442
Event.hdr[ 5]=0x8898,  34968
Event.hdr[ 6]=0xce0b,  52747
Event.hdr[ 7]=0xb0db,  45275
Event.hdr[ 8]=0x0000,      0
Event.hdr[ 9]=0x8863,  34915
Event.hdr[10]=0x4c0b,  19467
Event.hdr[11]=0x15b4,   5556
Event.hdr[12]=0x09d4,   2516
Event.hdr[13]=0x002e,     46
Event.len=  44, Event.traceLen=  12 (in Bytes)
Event.len=  22, Event.traceLen=   6 (in 16 bit words)
Event.len=  11, Event.traceLen=   3 (in 32 bit words)
next start: 0xaaaaaaaa, pos= 44
0x1f33 module_id = 31 crystal_id = 0 digitizer_id = 3 chan_id = 3 ge_id = 124 channel = 33  -> is segment
open superpulse_010_00_01.xy at Event.chan_id = 3
open CCpulse_010_00_01.xy at Event.chan_id = 3
ncrystal=1
wrote trace to CCpulse_010_00_01.xy
two's comp tempE  ::     755864     755864 0x000b8898 |0000|0000|0000|1011|1000|1000|1001|1000|
rawE              ::     755864     755864 0x000b8898 |0000|0000|0000|1011|1000|1000|1001|1000|
rawE (sign change)::     755864     755864 0x000b8898 |0000|0000|0000|1011|1000|1000|1001|1000|
Event.ehi=           23620 0x00005c44
Event.ehi=2362 (gain changed)
Event.LEDts =        1899927679355
Event.CFDts =      265682141118476

---------
new GTheader at pos=44 or 22 words (30):
Event.hdr[ 0]=0x1f34,   7988
Event.hdr[ 1]=0x300a,  12298
Event.hdr[ 2]=0xb17b,  45435
Event.hdr[ 3]=0x5c83,  23683
Event.hdr[ 4]=0x01ba,    442
Event.hdr[ 5]=0x0041,     65
Event.hdr[ 6]=0x0e00,   3584
Event.hdr[ 7]=0xb0db,  45275
Event.hdr[ 8]=0x0000,      0
Event.hdr[ 9]=0x0031,     49
Event.hdr[10]=0xa000,  40960
Event.hdr[11]=0x0000,      0
Event.hdr[12]=0x004c,     76
Event.hdr[13]=0x0000,      0
Event.len=  44, Event.traceLen=  12 (in Bytes)
Event.len=  22, Event.traceLen=   6 (in 16 bit words)
Event.len=  11, Event.traceLen=   3 (in 32 bit words)
next start: 0xaaaaaaaa, pos= 88
0x1f34 module_id = 31 crystal_id = 0 digitizer_id = 3 chan_id = 4 ge_id = 124 channel = 34  -> is segment
ncrystal=1
wrote trace to CCpulse_010_00_01.xy
two's comp tempE  ::         65         65 0x00000041 |0000|0000|0000|0000|0000|0000|0100|0001|
rawE              ::         65         65 0x00000041 |0000|0000|0000|0000|0000|0000|0100|0001|
rawE (sign change)::         65         65 0x00000041 |0000|0000|0000|0000|0000|0000|0100|0001|
Event.ehi=               2 0x00000002
Event.ehi=0 (gain changed)
Event.LEDts =        1899927679355
Event.CFDts =         244817002508

---------
new GTheader at pos=88 or 44 words (52):
Event.hdr[ 0]=0x1f35,   7989
Event.hdr[ 1]=0x300a,  12298
Event.hdr[ 2]=0xb17b,  45435
Event.hdr[ 3]=0x5c83,  23683
Event.hdr[ 4]=0x01ba,    442
Event.hdr[ 5]=0x3cd2,  15570
Event.hdr[ 6]=0x4e08,  19976
Event.hdr[ 7]=0xb0db,  45275
Event.hdr[ 8]=0x0000,      0
Event.hdr[ 9]=0x3bc7,  15303
Event.hdr[10]=0x2e08,  11784
Event.hdr[11]=0x107e,   4222
Event.hdr[12]=0xd848,  55368
Event.hdr[13]=0x0026,     38
Event.len=  44, Event.traceLen=  12 (in Bytes)
Event.len=  22, Event.traceLen=   6 (in 16 bit words)
Event.len=  11, Event.traceLen=   3 (in 32 bit words)
next start: 0xaaaaaaaa, pos= 132
0x1f35 module_id = 31 crystal_id = 0 digitizer_id = 3 chan_id = 5 ge_id = 124 channel = 35  -> is segment
ncrystal=1
wrote trace to CCpulse_010_00_01.xy
two's comp tempE  ::     539858     539858 0x00083cd2 |0000|0000|0000|1000|0011|1100|1101|0010|
rawE              ::     539858     539858 0x00083cd2 |0000|0000|0000|1000|0011|1100|1101|0010|
rawE (sign change)::     539858     539858 0x00083cd2 |0000|0000|0000|1000|0011|1100|1101|0010|
Event.ehi=           16870 0x000041e6
Event.ehi=1687 (gain changed)
Event.LEDts =        1899927679355
Event.CFDts =      270045894410252

---------
new GTheader at pos=132 or 66 words (74):
Event.hdr[ 0]=0x1f36,   7990
Event.hdr[ 1]=0x300a,  12298
Event.hdr[ 2]=0xb17b,  45435
Event.hdr[ 3]=0x5c83,  23683
Event.hdr[ 4]=0x01ba,    442
Event.hdr[ 5]=0x1812,   6162
Event.hdr[ 6]=0x0e00,   3584
Event.hdr[ 7]=0xb0db,  45275
Event.hdr[ 8]=0x0000,      0
Event.hdr[ 9]=0xe868,  59496
Event.hdr[10]=0x0bff,   3071
Event.hdr[11]=0xfff2,  65522
Event.hdr[12]=0x4813,  18451
Event.hdr[13]=0x000c,     12
Event.len=  44, Event.traceLen=  12 (in Bytes)
Event.len=  22, Event.traceLen=   6 (in 16 bit words)
Event.len=  11, Event.traceLen=   3 (in 32 bit words)
next start: 0xaaaaaaaa, pos= 176
0x1f36 module_id = 31 crystal_id = 0 digitizer_id = 3 chan_id = 6 ge_id = 124 channel = 36  -> is segment
ncrystal=1
wrote trace to CCpulse_010_00_01.xy
two's comp tempE  ::       6162       6162 0x00001812 |0000|0000|0000|0000|0001|1000|0001|0010|
rawE              ::       6162       6162 0x00001812 |0000|0000|0000|0000|0001|1000|0001|0010|
rawE (sign change)::       6162       6162 0x00001812 |0000|0000|0000|0000|0001|1000|0001|0010|
Event.ehi=             192 0x000000c0
Event.ehi=19 (gain changed)
Event.LEDts =        1899927679355
Event.CFDts =      281359010824204

---------
new GTheader at pos=176 or 88 words (96):
Event.hdr[ 0]=0x1f37,   7991
Event.hdr[ 1]=0x300a,  12298
Event.hdr[ 2]=0xb17b,  45435
Event.hdr[ 3]=0x5c83,  23683
Event.hdr[ 4]=0x01ba,    442
Event.hdr[ 5]=0x249b,   9371
Event.hdr[ 6]=0x0e00,   3584
Event.hdr[ 7]=0xb0db,  45275
Event.hdr[ 8]=0x0000,      0
Event.hdr[ 9]=0xfa80,  64128
Event.hdr[10]=0xa7ff,  43007
Event.hdr[11]=0xfff3,  65523
Event.hdr[12]=0x6f4f,  28495
Event.hdr[13]=0x0004,      4
Event.len=  44, Event.traceLen=  12 (in Bytes)
Event.len=  22, Event.traceLen=   6 (in 16 bit words)
Event.len=  11, Event.traceLen=   3 (in 32 bit words)
next start: 0xaaaaaaaa, pos= 220
0x1f37 module_id = 31 crystal_id = 0 digitizer_id = 3 chan_id = 7 ge_id = 124 channel = 37  -> is segment
ncrystal=1
wrote trace to CCpulse_010_00_01.xy
two's comp tempE  ::       9371       9371 0x0000249b |0000|0000|0000|0000|0010|0100|1001|1011|
rawE              ::       9371       9371 0x0000249b |0000|0000|0000|0000|0010|0100|1001|1011|
rawE (sign change)::       9371       9371 0x0000249b |0000|0000|0000|0000|0010|0100|1001|1011|
Event.ehi=             292 0x00000124
Event.ehi=29 (gain changed)
Event.LEDts =        1899927679355
Event.CFDts =          64425426956

---------
new GTheader at pos=220 or 110 words (118):
Event.hdr[ 0]=0x1f38,   7992
Event.hdr[ 1]=0x300a,  12298
Event.hdr[ 2]=0xb17b,  45435
Event.hdr[ 3]=0x5c83,  23683
Event.hdr[ 4]=0x01ba,    442
Event.hdr[ 5]=0x8b95,  35733
Event.hdr[ 6]=0x1ff9,   8185
Event.hdr[ 7]=0xb0db,  45275
Event.hdr[ 8]=0x0000,      0
Event.hdr[ 9]=0xd9aa,  55722
Event.hdr[10]=0x47fc,  18428
Event.hdr[11]=0xf9c9,  63945
Event.hdr[12]=0x560f,  22031
Event.hdr[13]=0x07f3,   2035
Event.len=  44, Event.traceLen=  12 (in Bytes)
Event.len=  22, Event.traceLen=   6 (in 16 bit words)
Event.len=  11, Event.traceLen=   3 (in 32 bit words)
next start: 0xaaaaaaaa, pos= 264
0x1f38 module_id = 31 crystal_id = 0 digitizer_id = 3 chan_id = 8 ge_id = 124 channel = 38  -> is segment
ncrystal=1
wrote trace to CCpulse_010_00_01.xy
two's comp tempE  ::   16354197   16354197 0x00f98b95 |0000|0000|1111|1001|1000|1011|1001|0101|
rawE              :: 4294544277    -423019 0xfff98b95 |1111|1111|1111|1001|1000|1011|1001|0101|
rawE (sign change)::     423019     423019 0x0006746b |0000|0000|0000|0110|0111|0100|0110|1011|
Event.ehi=           13219 0x000033a3
Event.ehi=1321 (gain changed)
Event.LEDts =        1899927679355
Event.CFDts =         386555183116

---------
new GTheader at pos=264 or 132 words (140):
Event.hdr[ 0]=0x1f39,   7993
Event.hdr[ 1]=0x300a,  12298
Event.hdr[ 2]=0xb17b,  45435
Event.hdr[ 3]=0x5c83,  23683
Event.hdr[ 4]=0x01ba,    442
Event.hdr[ 5]=0x037b,    891
Event.hdr[ 6]=0x0e00,   3584
Event.hdr[ 7]=0xb0db,  45275
Event.hdr[ 8]=0x0000,      0
Event.hdr[ 9]=0xfb2c,  64300
Event.hdr[10]=0xe1ff,  57855
Event.hdr[11]=0xffeb,  65515
Event.hdr[12]=0xd9d3,  55763
Event.hdr[13]=0x07ff,   2047
Event.len=  44, Event.traceLen=  12 (in Bytes)
Event.len=  22, Event.traceLen=   6 (in 16 bit words)
Event.len=  11, Event.traceLen=   3 (in 32 bit words)
next start: 0xaaaaaaaa, pos= 308
0x1f39 module_id = 31 crystal_id = 0 digitizer_id = 3 chan_id = 9 ge_id = 124 channel = 39  -> is CC
ncrystal=1
wrote trace to CCpulse_010_00_01.xy
two's comp tempE  ::        891        891 0x0000037b |0000|0000|0000|0000|0000|0011|0111|1011|
rawE              ::        891        891 0x0000037b |0000|0000|0000|0000|0000|0011|0111|1011|
rawE (sign change)::        891        891 0x0000037b |0000|0000|0000|0000|0000|0011|0111|1011|
Event.ehi=              27 0x0000001b
Event.ehi=2 (gain changed)
Event.LEDts =        1899927679355
Event.CFDts =         219046805516

---------
new GTheader at pos=308 or 154 words (162):
Event.hdr[ 0]=0x1f30,   7984
Event.hdr[ 1]=0x300a,  12298
Event.hdr[ 2]=0xb17b,  45435
Event.hdr[ 3]=0x5c83,  23683
Event.hdr[ 4]=0x01ba,    442
Event.hdr[ 5]=0x5459,  21593
Event.hdr[ 6]=0x4e0b,  19979
Event.hdr[ 7]=0xb0db,  45275
Event.hdr[ 8]=0x0000,      0
Event.hdr[ 9]=0x53c6,  21446
Event.hdr[10]=0x4e0b,  19979
Event.hdr[11]=0x184c,   6220
Event.hdr[12]=0xe548,  58696
Event.hdr[13]=0x002d,     45
Event.len=  44, Event.traceLen=  12 (in Bytes)
Event.len=  22, Event.traceLen=   6 (in 16 bit words)
Event.len=  11, Event.traceLen=   3 (in 32 bit words)
next start: 0xaaaaaaaa, pos= 352
0x1f30 module_id = 31 crystal_id = 0 digitizer_id = 3 chan_id = 0 ge_id = 124 channel = 30  -> is segment
ncrystal=1
wrote trace to CCpulse_010_00_01.xy
two's comp tempE  ::     742489     742489 0x000b5459 |0000|0000|0000|1011|0101|0100|0101|1001|
rawE              ::     742489     742489 0x000b5459 |0000|0000|0000|1011|0101|0100|0101|1001|
rawE (sign change)::     742489     742489 0x000b5459 |0000|0000|0000|1011|0101|0100|0101|1001|
Event.ehi=           23202 0x00005aa2
Event.ehi=2320 (gain changed)
Event.LEDts =        1899927679355
Event.CFDts =      265944137990156

---------
new GTheader at pos=352 or 176 words (184):
Event.hdr[ 0]=0x1f31,   7985
Event.hdr[ 1]=0x300a,  12298
Event.hdr[ 2]=0xb17b,  45435
Event.hdr[ 3]=0x5c83,  23683
Event.hdr[ 4]=0x01ba,    442
Event.hdr[ 5]=0xb7a6,  47014
Event.hdr[ 6]=0x4e09,  19977
Event.hdr[ 7]=0xb0db,  45275
Event.hdr[ 8]=0x0000,      0
Event.hdr[ 9]=0xb30d,  45837
Event.hdr[10]=0x0809,   2057
Event.hdr[11]=0x139b,   5019
Event.hdr[12]=0x2360,   9056
Event.hdr[13]=0x0021,     33
Event.len=  44, Event.traceLen=  12 (in Bytes)
Event.len=  22, Event.traceLen=   6 (in 16 bit words)
Event.len=  11, Event.traceLen=   3 (in 32 bit words)
next start: 0xaaaaaaaa, pos= 396
0x1f31 module_id = 31 crystal_id = 0 digitizer_id = 3 chan_id = 1 ge_id = 124 channel = 31  -> is segment
ncrystal=1
wrote trace to CCpulse_010_00_01.xy
two's comp tempE  ::     636838     636838 0x0009b7a6 |0000|0000|0000|1001|1011|0111|1010|0110|
rawE              ::     636838     636838 0x0009b7a6 |0000|0000|0000|1001|1011|0111|1010|0110|
rawE (sign change)::     636838     636838 0x0009b7a6 |0000|0000|0000|1001|1011|0111|1010|0110|
Event.ehi=           19901 0x00004dbd
Event.ehi=1990 (gain changed)
Event.LEDts =        1899927679355
Event.CFDts =      269251313401868

---------
new GTheader at pos=396 or 198 words (206):
Event.hdr[ 0]=0x1f32,   7986
Event.hdr[ 1]=0x300a,  12298
Event.hdr[ 2]=0xb17b,  45435
Event.hdr[ 3]=0x5c83,  23683
Event.hdr[ 4]=0x01ba,    442
Event.hdr[ 5]=0x3151,  12625
Event.hdr[ 6]=0x0e00,   3584
Event.hdr[ 7]=0xb0db,  45275
Event.hdr[ 8]=0x0000,      0
Event.hdr[ 9]=0x03a3,    931
Event.hdr[10]=0x4800,  18432
Event.hdr[11]=0xffca,  65482
Event.hdr[12]=0xb04b,  45131
Event.hdr[13]=0x0000,      0
Event.len=  44, Event.traceLen=  12 (in Bytes)
Event.len=  22, Event.traceLen=   6 (in 16 bit words)
Event.len=  11, Event.traceLen=   3 (in 32 bit words)
0x1f32 module_id = 31 crystal_id = 0 digitizer_id = 3 chan_id = 2 ge_id = 124 channel = 32  -> is segment
ncrystal=1
wrote trace to CCpulse_010_00_01.xy
two's comp tempE  ::      12625      12625 0x00003151 |0000|0000|0000|0000|0011|0001|0101|0001|
rawE              ::      12625      12625 0x00003151 |0000|0000|0000|0000|0011|0001|0101|0001|
rawE (sign change)::      12625      12625 0x00003151 |0000|0000|0000|0000|0011|0001|0101|0001|
Event.ehi=             394 0x0000018a
Event.ehi=39 (gain changed)
Event.LEDts =        1899927679355
Event.CFDts =          17180262412
exit bin_mode3
*end of event # 10
+++++++++++++++++++++++++++++++
ev#    10 GEB_TYPE_DECOMP        464Bytes TS=1899927774651 curTS=1899927774469 dTS= 182
ev# 50000 GEB_TYPE_DECOMP        464Bytes TS=1900460483059 curTS=1900460474815 dTS= 8244
ev# 100000 GEB_TYPE_DECOMP        464Bytes TS=1900986789119 curTS=1900986776773 dTS= 12346
ev# 150000 GEB_TYPE_GT_MOD29      440Bytes TS=1901512331869 curTS=1901512331499 dTS= 370
ev# 200000 GEB_TYPE_GT_MOD29      440Bytes TS=1902038709097 curTS=1902038700415 dTS= 8682
ev# 250000 GEB_TYPE_DECOMP        464Bytes TS=1902579381585 curTS=1902579381293 dTS= 292
ev# 300000 GEB_TYPE_DECOMP        464Bytes TS=1903112153781 curTS=1903112153517 dTS= 264
ev# 350000 GEB_TYPE_DECOMP        464Bytes TS=1903652180131 curTS=1903652180131 dTS= 0
ev# 350000 GEB_TYPE_DECOMP        464Bytes TS=1903652180131 curTS=1903652180131 dTS= 0
ev# 350000 GEB_TYPE_DECOMP        464Bytes TS=1903652180135 curTS=1903652180131 dTS= 4
ev# 350000 GEB_TYPE_DECOMP        464Bytes TS=1903652180139 curTS=1903652180131 dTS= 8
ev# 350000 GEB_TYPE_GT_MOD29      440Bytes TS=1903652180641 curTS=1903652180131 dTS= 510
ev# 400000 GEB_TYPE_DECOMP        464Bytes TS=1904182850761 curTS=1904182835155 dTS= 15606
ev# 450000 GEB_TYPE_DECOMP        464Bytes TS=1904709713273 curTS=1904709713193 dTS= 80
ev# 450000 GEB_TYPE_DECOMP        464Bytes TS=1904709713331 curTS=1904709713193 dTS= 138
ev# 450000 GEB_TYPE_GT_MOD29      440Bytes TS=1904709713647 curTS=1904709713193 dTS= 454
ev# 500000 GEB_TYPE_DECOMP        464Bytes TS=1905251947279 curTS=1905251947277 dTS= 2
ev# 500000 GEB_TYPE_GT_MOD29      440Bytes TS=1905251947461 curTS=1905251947277 dTS= 184
ev# 550000 GEB_TYPE_DECOMP        464Bytes TS=1905790680471 curTS=1905790680451 dTS= 20
ev# 550000 GEB_TYPE_DECOMP        464Bytes TS=1905790686539 curTS=1905790680451 dTS= 6088
ev# 600000 GEB_TYPE_DECOMP        464Bytes TS=1906337679185 curTS=1906337679179 dTS= 6
ev# 600000 GEB_TYPE_GT_MOD29      440Bytes TS=1906337707215 curTS=1906337679179 dTS= 28036
ev# 650000 GEB_TYPE_DECOMP        464Bytes TS=1906867006583 curTS=1906867006435 dTS= 148
ev# 650000 GEB_TYPE_GT_MOD29      440Bytes TS=1906867006645 curTS=1906867006435 dTS= 210
ev# 700000 GEB_TYPE_DECOMP        464Bytes TS=1907387025511 curTS=1907387025361 dTS= 150
ev# 750000 GEB_TYPE_DECOMP        464Bytes TS=1907910180191 curTS=1907910179975 dTS= 216
ev# 800000 GEB_TYPE_DECOMP        464Bytes TS=1908442024019 curTS=1908442023895 dTS= 124
ev# 800000 GEB_TYPE_DECOMP        464Bytes TS=1908442060609 curTS=1908442023895 dTS= 36714
ev# 850000 GEB_TYPE_DECOMP        464Bytes TS=1908964996329 curTS=1908964956771 dTS= 39558
ev# 900000 GEB_TYPE_DECOMP        464Bytes TS=1909489077189 curTS=1909489077183 dTS= 6
ev# 900000 GEB_TYPE_DECOMP        464Bytes TS=1909489078465 curTS=1909489077183 dTS= 1282
ev# 950000 GEB_TYPE_GT_MOD29      440Bytes TS=1910017747257 curTS=1910017747243 dTS= 14
ev# 950000 GEB_TYPE_DECOMP        464Bytes TS=1910017747461 curTS=1910017747243 dTS= 218

Sorting is done
attempting to save root or map file



mean observed polar and azimuth angles
for the detectors we saw (module,crystal)

------------------------------------------
mean pol/azi angle for detector  56 are   96.78/ 119.49
mean pol/azi angle for detector  57 are  100.38/ 138.26
mean pol/azi angle for detector  58 are   83.35/ 132.68
mean pol/azi angle for detector  59 are   79.57/ 114.03
mean pol/azi angle for detector  60 are   87.41/ 152.61
mean pol/azi angle for detector  61 are  105.24/ 157.70
mean pol/azi angle for detector  62 are   93.17/ 168.42
mean pol/azi angle for detector  63 are   73.82/ 165.96
mean pol/azi angle for detector  68 are   87.15/-134.99
mean pol/azi angle for detector  69 are  105.27/-129.98
mean pol/azi angle for detector  70 are   92.90/-116.91
mean pol/azi angle for detector  71 are   74.18/-121.82
mean pol/azi angle for detector  76 are   87.45/ -63.23
mean pol/azi angle for detector  77 are  105.31/ -58.15
mean pol/azi angle for detector  78 are   92.98/ -45.00
mean pol/azi angle for detector  79 are   74.20/ -49.84
mean pol/azi angle for detector  84 are  112.27/  33.57
mean pol/azi angle for detector  85 are  125.18/  17.35
mean pol/azi angle for detector  86 are  130.65/  39.18
mean pol/azi angle for detector  87 are  115.90/  52.92
mean pol/azi angle for detector  88 are  112.45/ 105.51
mean pol/azi angle for detector  89 are  124.94/  89.37
mean pol/azi angle for detector  90 are  130.81/ 111.14
mean pol/azi angle for detector  91 are  115.84/ 125.06
mean pol/azi angle for detector  96 are  112.62/-110.66
mean pol/azi angle for detector  97 are  124.84/-126.58
mean pol/azi angle for detector  98 are  130.84/-104.93
mean pol/azi angle for detector  99 are  115.83/ -91.00
mean pol/azi angle for detector 100 are  112.39/ -38.59
mean pol/azi angle for detector 101 are  124.75/ -55.01
mean pol/azi angle for detector 102 are  130.69/ -33.00
mean pol/azi angle for detector 103 are  115.74/ -19.10
mean pol/azi angle for detector 104 are  144.44/  88.23
mean pol/azi angle for detector 105 are  132.70/  65.83
mean pol/azi angle for detector 106 are  148.88/  53.95
mean pol/azi angle for detector 107 are  162.36/  88.46
mean pol/azi angle for detector 108 are  144.74/ 160.21
mean pol/azi angle for detector 109 are  132.67/ 138.02
mean pol/azi angle for detector 110 are  149.56/ 125.45
mean pol/azi angle for detector 111 are  162.27/ 110.53
mean pol/azi angle for detector 116 are  144.39/ -55.87
mean pol/azi angle for detector 117 are  132.57/ -78.30
mean pol/azi angle for detector 118 are  148.94/ -90.20
mean pol/azi angle for detector 119 are  162.43/ -56.09
we found 44 crystals
------------------------------------------

minimum pol angle between crystals is  18.65
compactness =  64.39%, 85 of 264
module hit statistics
module  14, crystal 0 was hit      85876 times
module  14, crystal 1 was hit      92764 times
module  14, crystal 2 was hit      89898 times
module  14, crystal 3 was hit      81041 times
module  15, crystal 0 was hit      91926 times
module  15, crystal 1 was hit      85175 times
module  15, crystal 2 was hit      79301 times
module  15, crystal 3 was hit      82848 times
module  17, crystal 0 was hit      69263 times
module  17, crystal 1 was hit      67826 times
module  17, crystal 2 was hit      68229 times
module  17, crystal 3 was hit      69962 times
module  19, crystal 0 was hit      64523 times
module  19, crystal 1 was hit      66936 times
module  19, crystal 2 was hit      80369 times
module  19, crystal 3 was hit      75984 times
module  21, crystal 0 was hit      78629 times
module  21, crystal 1 was hit      70304 times
module  21, crystal 2 was hit      82639 times
module  21, crystal 3 was hit      78777 times
module  22, crystal 0 was hit      85226 times
module  22, crystal 1 was hit      80630 times
module  22, crystal 2 was hit      89942 times
module  22, crystal 3 was hit      83561 times
module  24, crystal 0 was hit      72794 times
module  24, crystal 1 was hit      69512 times
module  24, crystal 2 was hit      72545 times
module  24, crystal 3 was hit      66437 times
module  25, crystal 0 was hit      68916 times
module  25, crystal 1 was hit      71578 times
module  25, crystal 2 was hit      69000 times
module  25, crystal 3 was hit      67579 times
module  26, crystal 0 was hit      78629 times
module  26, crystal 1 was hit      78047 times
module  26, crystal 2 was hit      77335 times
module  26, crystal 3 was hit      72500 times
module  27, crystal 0 was hit      83203 times
module  27, crystal 1 was hit      79499 times
module  27, crystal 2 was hit      81990 times
module  27, crystal 3 was hit      75309 times
module  29, crystal 0 was hit      68063 times
module  29, crystal 1 was hit      66918 times
module  29, crystal 2 was hit      72952 times
module  29, crystal 3 was hit      66960 times

bin_mode2: pad distribution
__id   0,      1460644, 93.83%
__id   2,          197,  0.01%
__id   3,          479,  0.03%
__id   4,          493,  0.03%
__id   5,         2871,  0.18%
__id   6,         8331,  0.54%
__id 128,        83536,  5.37%
__id 133,          140,  0.01%

bin_mode2 calculated mean CCsum energy to be  752.630 keV
bin_mode2 calculated mean CCadd energy to be 1114.427 keV
attempting to close root file...
Pars.f1->Write();
Pars.f1->Print();
TFile: name=/lcrc/project/HELIOS/gretinafma/root_data/run144.root, title=, option=CREATE
TH1.Print Name  = dtbtev, Entries= 1998353, Total sum= 1.99835e+06
TH1.Print Name  = T0, Entries= 0, Total sum= 0
TH1.Print Name  = hitpat, Entries= 1460644, Total sum= 1.46064e+06
TH1.Print Name  = numHitArray2, Entries= 1000000, Total sum= 729436
TH1.Print Name  = CCmult, Entries= 1000000, Total sum= 1e+06
TH1.Print Name  = CCsum, Entries= 3361248, Total sum= 1.46062e+06
TH1.Print Name  = hit2, Entries= 161319, Total sum= 161116
TH1.Print Name  = hit3, Entries= 86934, Total sum= 86282
TH1.Print Name  = hit4, Entries= 48527, Total sum= 47366
TH1.Print Name  = CCsum_nodop, Entries= 3361248, Total sum= 1.46061e+06
TH1.Print Name  = CCadd, Entries= 1000000, Total sum= 720635
TH1.Print Name  = SEGadd_FPGA, Entries= 200000000, Total sum= 1.45998e+06
TH1.Print Name  = SEGadd_PSA, Entries= 200000000, Total sum= 1.45268e+06
TH1.Print Name  = SEGsum_FPGA, Entries= 2261495, Total sum= 2.26108e+06
TH1.Print Name  = SEGsum_PSA, Entries= 3361395, Total sum= 3.33476e+06
TH1.Print Name  = radius_all, Entries= 3361394, Total sum= 3.36139e+06
TH1.Print Name  = rate_mode2_min, Entries= 1460643, Total sum= 24344
TH1.Print Name  = rate_mode2_sec, Entries= 1460643, Total sum= 1.46064e+06
TH1.Print Name  = rate_mode2_intp, Entries= 1460643, Total sum= 56023.2
TH1.Print Name  = cdtbtev, Entries= 398912, Total sum= 398912
TH1.Print Name  = evsr_all, Entries= 3361394, Total sum= 3.28328e+06
TH1.Print Name  = SMAP_allhits, Entries= 3361395, Total sum= 3.3614e+06
TH1.Print Name  = SMAP_allhits_sq, Entries= 3361395, Total sum= 3.3614e+06
TH1.Print Name  = seghitpat, Entries= 3361395, Total sum= 3.3614e+06
TH1.Print Name  = CCe, Entries= 3361248, Total sum= 1.46062e+06
TH1.Print Name  = ggCC, Entries= 2989740, Total sum= 2.61693e+06
TH1.Print Name  = z_plot, Entries= 3361395, Total sum= 3.35826e+06
TH1.Print Name  = crystal_hit, Entries= 0, Total sum= 0
TH1.Print Name  = SegE, Entries= 3360754, Total sum= 3.36075e+06
TH1.Print Name  = crXcr, Entries= 1494870, Total sum= 1.49487e+06
******************************************************************************
*Tree    :tree      : tree                                                   *
*Entries :  1000000 : Total =       154047450 bytes  File  Size =   37326661 *
*        :          : Tree compression factor =   4.13                       *
******************************************************************************
*Br    0 :runNumber : runNumber/I                                            *
*Entries :  1000000 : Total  Size=    4010325 bytes  File Size  =      30614 *
*Baskets :      100 : Basket Size=    1333248 bytes  Compression= 130.91     *
*............................................................................*
*Br    1 :numHits   : numHits/I                                              *
*Entries :  1000000 : Total  Size=    4010117 bytes  File Size  =      30413 *
*Baskets :      100 : Basket Size=    1333248 bytes  Compression= 131.77     *
*............................................................................*
*Br    2 :left      : left[numHits]/F                                        *
*Entries :  1000000 : Total  Size=    8030892 bytes  File Size  =    2877755 *
*Baskets :      296 : Basket Size=    8949760 bytes  Compression=   2.79     *
*............................................................................*
*Br    3 :right     : right[numHits]/F                                       *
*Entries :  1000000 : Total  Size=    8031192 bytes  File Size  =    2856472 *
*Baskets :      296 : Basket Size=    8949760 bytes  Compression=   2.81     *
*............................................................................*
*Br    4 :up        : up[numHits]/F                                          *
*Entries :  1000000 : Total  Size=    8030292 bytes  File Size  =    2845590 *
*Baskets :      296 : Basket Size=    8949248 bytes  Compression=   2.82     *
*............................................................................*
*Br    5 :down      : down[numHits]/F                                        *
*Entries :  1000000 : Total  Size=    8030892 bytes  File Size  =    2862864 *
*Baskets :      296 : Basket Size=    8949760 bytes  Compression=   2.80     *
*............................................................................*
*Br    6 :e1        : e1[numHits]/F                                          *
*Entries :  1000000 : Total  Size=    8030292 bytes  File Size  =    2757384 *
*Baskets :      296 : Basket Size=    8949248 bytes  Compression=   2.91     *
*............................................................................*
*Br    7 :e2        : e2[numHits]/F                                          *
*Entries :  1000000 : Total  Size=    8030292 bytes  File Size  =    2709679 *
*Baskets :      296 : Basket Size=    8949248 bytes  Compression=   2.96     *
*............................................................................*
*Br    8 :e3        : e3[numHits]/F                                          *
*Entries :  1000000 : Total  Size=    8030292 bytes  File Size  =    2685611 *
*Baskets :      296 : Basket Size=    8949248 bytes  Compression=   2.99     *
*............................................................................*
*Br    9 :tac       : tac[numHits]/F                                         *
*Entries :  1000000 : Total  Size=    8030592 bytes  File Size  =    2439896 *
*Baskets :      296 : Basket Size=    8949248 bytes  Compression=   3.29     *
*............................................................................*
*Br   10 :fmaDeltaTime : fmaDeltaTime[numHits]/F                             *
*Entries :  1000000 : Total  Size=    8033403 bytes  File Size  =    2275222 *
*Baskets :      297 : Basket Size=    8950784 bytes  Compression=   3.53     *
*............................................................................*
*Br   11 :fmaMult   : fmaMult[10]/I                                          *
*Entries :  1000000 : Total  Size=   40096855 bytes  File Size  =    1048609 *
*Baskets :      985 : Basket Size=   25600000 bytes  Compression=  38.22     *
*............................................................................*
*Br   12 :gammaMult : gammaMult/I                                            *
*Entries :  1000000 : Total  Size=    4010325 bytes  File Size  =     706206 *
*Baskets :      100 : Basket Size=    1333248 bytes  Compression=   5.67     *
*............................................................................*
*Br   13 :gammaEnergy : gammaEnergy[gammaMult]/F                             *
*Entries :  1000000 : Total  Size=    9880636 bytes  File Size  =    6953563 *
*Baskets :      342 : Basket Size=    9563136 bytes  Compression=   1.42     *
*............................................................................*
*Br   14 :gammaTimestamp : gammaTimestamp[gammaMult]/F                       *
*Entries :  1000000 : Total  Size=    9881674 bytes  File Size  =    1807013 *
*Baskets :      342 : Basket Size=    9563648 bytes  Compression=   5.46     *
*............................................................................*
*Br   15 :deltaTime : deltaTime[gammaMult]/F                                 *
*Entries :  1000000 : Total  Size=    9879944 bytes  File Size  =    2397937 *
*Baskets :      342 : Basket Size=    9563136 bytes  Compression=   4.12     *
*............................................................................*
TH1.Print Name  = eCC_a, Entries= 0, Total sum= 0
TH1.Print Name  = eCC_b, Entries= 0, Total sum= 0
TH1.Print Name  = eCC_c, Entries= 0, Total sum= 0
TH1.Print Name  = eCC_d, Entries= 128742, Total sum= 0
TH1.Print Name  = eSeg, Entries= 0, Total sum= 0
TH1.Print Name  = mode3_hitpat, Entries= 4391129, Total sum= 0
TH1.Print Name  = mode3_hitpat_chan, Entries= 4391129, Total sum= 4.39113e+06
TH1.Print Name  = chan0, Entries= 0, Total sum= 0
TH1.Print Name  = module, Entries= 4391129, Total sum= 4.39113e+06
TH1.Print Name  = chan, Entries= 4391129, Total sum= 4.3883e+06
TH1.Print Name  = l, Entries= 439113, Total sum= 439069
TH1.Print Name  = r, Entries= 439113, Total sum= 439107
TH1.Print Name  = up, Entries= 439113, Total sum= 439111
TH1.Print Name  = down, Entries= 439113, Total sum= 439110
TH1.Print Name  = sumlr, Entries= 427040, Total sum= 427040
TH1.Print Name  = sumud, Entries= 410156, Total sum= 410156
TH1.Print Name  = x, Entries= 427040, Total sum= 427040
TH1.Print Name  = y, Entries= 410156, Total sum= 410156
TH1.Print Name  = de1, Entries= 439113, Total sum= 439086
TH1.Print Name  = de2, Entries= 439113, Total sum= 439112
TH1.Print Name  = de3, Entries= 439113, Total sum= 437870
TH1.Print Name  = de12, Entries= 379010, Total sum= 379010
TH1.Print Name  = etot, Entries= 379010, Total sum= 379010
TH1.Print Name  = rftof, Entries= 439113, Total sum= 437780
TH1.Print Name  = lr, Entries= 1000000, Total sum= 999954
TH1.Print Name  = ud, Entries= 1000000, Total sum= 999997
TH1.Print Name  = ede1, Entries= 379010, Total sum= 379010
TH1.Print Name  = ede1g, Entries= 72285, Total sum= 72280
TH1.Print Name  = ede2, Entries= 379010, Total sum= 379010
TH1.Print Name  = ede12, Entries= 379010, Total sum= 379010
TH1.Print Name  = xde1, Entries= 379010, Total sum= 379010
TH1.Print Name  = erftof, Entries= 1000000, Total sum= 998667
TH1.Print Name  = erftofg, Entries= 30084, Total sum= 30019
TH1.Print Name  = sumehi, Entries= 1460644, Total sum= 1.46064e+06
TH1.Print Name  = tgppac, Entries= 1460644, Total sum= 381639
TH1.Print Name  = tgppacg, Entries= 72285, Total sum= 72285
TH1.Print Name  = xehi1, Entries= 1460644, Total sum= 1.46064e+06
TH1.Print Name  = xehi1g, Entries= 72285, Total sum= 72285
TH1.Print Name  = de1ehi, Entries= 1460644, Total sum= 1.4606e+06
TH1.Print Name  = de1ehig, Entries= 72285, Total sum= 72280
TH1.Print Name  = ng, Entries= 1000000, Total sum= 1e+06
TH1.Print Name  = ehiz1, Entries= 0, Total sum= 0
TH1.Print Name  = ehiz2, Entries= 0, Total sum= 0
TH1.Print Name  = ehiz3, Entries= 0, Total sum= 0
TH1.Print Name  = ehiz4, Entries= 0, Total sum= 0
TH1.Print Name  = ehiz5, Entries= 0, Total sum= 0
TH1.Print Name  = gg_dt, Entries= 90532, Total sum= 90532
TH1.Print Name  = gg, Entries= 181064, Total sum= 178572
TH1.Print Name  = gg_z1, Entries= 0, Total sum= 0
TH1.Print Name  = gg_z2, Entries= 0, Total sum= 0
TH1.Print Name  = gg_z3, Entries= 0, Total sum= 0
TH1.Print Name  = gg_z4, Entries= 0, Total sum= 0
TH1.Print Name  = gg_z5, Entries= 0, Total sum= 0
Pars.f1->Close();
done saving rootfile "/lcrc/project/HELIOS/gretinafma/root_data/run144.root


read 1000000 events; Pars.beta=0.0330; time since last update 1 minutes
CommandFileName="GEBSort.command"

sorted timestamp range 1899927244949-->1910541145765: 10613900816
that is 106.1 seconds or 0h1m46s
^^^^^ any timestamp jumps will upset this accounting

hit statistics per type
 1 GEB_TYPE_DECOMP          1556691 ;  14666.53 Hz 
 8 GEB_TYPE_GT_MOD29         441662 ;   4161.17 Hz 
read a total of              1998353 ; header/payloads


nn1=0
nn2=1998354
nn3=1998354

nok_validate= 1000000, ntot_validate=1000000; validate fraction 100.00%

bytes read=947488428, 903.595379 MB

boniva sancta! ...GEBSort (unexpectedly) did not crash!

 ** GEBSort is done at 
