started GEBSort at we have 9 arguments
1... -input
will take input from disk
file size is 41748749388 bytes or 40770 MBytes

4... -rootfile
rootfile name specified on command line
__will store spectra in rootfile: /lcrc/project/HELIOS/gretinafma/root_data/run283.root
will recreate root file
7... -chat
core file size          (blocks, -c) unlimited
data seg size           (kbytes, -d) unlimited
scheduling priority             (-e) 0
file size               (blocks, -f) unlimited
pending signals                 (-i) 510315
max locked memory       (kbytes, -l) unlimited
max memory size         (kbytes, -m) 128769024
open files                      (-n) 51200
pipe size            (512 bytes, -p) 8
POSIX message queues     (bytes, -q) 819200
real-time priority              (-r) 0
stack size              (kbytes, -s) unlimited
cpu time               (seconds, -t) unlimited
max user processes              (-u) 4096
virtual memory          (kbytes, -v) unlimited
file locks                      (-x) unlimited
will read sorting instructions from chatfile: GEBSort.chat

executing UserDeclare.h code


GEBsort running on: 

initializing

crmat.LINUX is open (input) binary format
read 7936 bytes into Pars.crmat
chat file: <GEBSort.chat> open

will sort a max of 1410065408 events
will sort a max of 1000000 events
will sort 86400 minutes of data
will print details of the first 10 events
will use Pars.Beta (v/c) correction of 0.033000
will sort using a time window of 150
Pars.do_bin_mode2=1
Pars.do_bin_mode3=1
will accept second interaction range between 10.000000 and 500.000000 mm
"1-200"
detector   1 is ENABLED
detector   2 is ENABLED
detector   3 is ENABLED
detector   4 is ENABLED
detector   5 is ENABLED
detector   6 is ENABLED
detector   7 is ENABLED
detector   8 is ENABLED
detector   9 is ENABLED
detector  10 is ENABLED
detector  11 is ENABLED
detector  12 is ENABLED
detector  13 is ENABLED
detector  14 is ENABLED
detector  15 is ENABLED
detector  16 is ENABLED
detector  17 is ENABLED
detector  18 is ENABLED
detector  19 is ENABLED
detector  20 is ENABLED
detector  21 is ENABLED
detector  22 is ENABLED
detector  23 is ENABLED
detector  24 is ENABLED
detector  25 is ENABLED
detector  26 is ENABLED
detector  27 is ENABLED
detector  28 is ENABLED
detector  29 is ENABLED
detector  30 is ENABLED
detector  31 is ENABLED
detector  32 is ENABLED
detector  33 is ENABLED
detector  34 is ENABLED
detector  35 is ENABLED
detector  36 is ENABLED
detector  37 is ENABLED
detector  38 is ENABLED
detector  39 is ENABLED
detector  40 is ENABLED
detector  41 is ENABLED
detector  42 is ENABLED
detector  43 is ENABLED
detector  44 is ENABLED
detector  45 is ENABLED
detector  46 is ENABLED
detector  47 is ENABLED
detector  48 is ENABLED
detector  49 is ENABLED
detector  50 is ENABLED
detector  51 is ENABLED
detector  52 is ENABLED
detector  53 is ENABLED
detector  54 is ENABLED
detector  55 is ENABLED
detector  56 is ENABLED
detector  57 is ENABLED
detector  58 is ENABLED
detector  59 is ENABLED
detector  60 is ENABLED
detector  61 is ENABLED
detector  62 is ENABLED
detector  63 is ENABLED
detector  64 is ENABLED
detector  65 is ENABLED
detector  66 is ENABLED
detector  67 is ENABLED
detector  68 is ENABLED
detector  69 is ENABLED
detector  70 is ENABLED
detector  71 is ENABLED
detector  72 is ENABLED
detector  73 is ENABLED
detector  74 is ENABLED
detector  75 is ENABLED
detector  76 is ENABLED
detector  77 is ENABLED
detector  78 is ENABLED
detector  79 is ENABLED
detector  80 is ENABLED
detector  81 is ENABLED
detector  82 is ENABLED
detector  83 is ENABLED
detector  84 is ENABLED
detector  85 is ENABLED
detector  86 is ENABLED
detector  87 is ENABLED
detector  88 is ENABLED
detector  89 is ENABLED
detector  90 is ENABLED
detector  91 is ENABLED
detector  92 is ENABLED
detector  93 is ENABLED
detector  94 is ENABLED
detector  95 is ENABLED
detector  96 is ENABLED
detector  97 is ENABLED
detector  98 is ENABLED
detector  99 is ENABLED
detector 100 is ENABLED
detector 101 is ENABLED
detector 102 is ENABLED
detector 103 is ENABLED
detector 104 is ENABLED
detector 105 is ENABLED
detector 106 is ENABLED
detector 107 is ENABLED
detector 108 is ENABLED
detector 109 is ENABLED
detector 110 is ENABLED
detector 111 is ENABLED
detector 112 is ENABLED
detector 113 is ENABLED
detector 114 is ENABLED
detector 115 is ENABLED
detector 116 is ENABLED
detector 117 is ENABLED
detector 118 is ENABLED
detector 119 is ENABLED
detector 120 is ENABLED
detector 121 is ENABLED
detector 122 is ENABLED
detector 123 is ENABLED
detector 124 is ENABLED
detector 125 is ENABLED
detector 126 is ENABLED
detector 127 is ENABLED
detector 128 is ENABLED
detector 129 is ENABLED
detector 130 is ENABLED
detector 131 is ENABLED
detector 132 is ENABLED
detector 133 is ENABLED
detector 134 is ENABLED
detector 135 is ENABLED
detector 136 is ENABLED
detector 137 is ENABLED
detector 138 is ENABLED
detector 139 is ENABLED
detector 140 is ENABLED
detector 141 is ENABLED
detector 142 is ENABLED
detector 143 is ENABLED
detector 144 is ENABLED
detector 145 is ENABLED
detector 146 is ENABLED
detector 147 is ENABLED
detector 148 is ENABLED
detector 149 is ENABLED
detector 150 is ENABLED
detector 151 is ENABLED
detector 152 is ENABLED
detector 153 is ENABLED
detector 154 is ENABLED
detector 155 is ENABLED
detector 156 is ENABLED
detector 157 is ENABLED
detector 158 is ENABLED
detector 159 is ENABLED
detector 160 is ENABLED
detector 161 is ENABLED
detector 162 is ENABLED
detector 163 is ENABLED
detector 164 is ENABLED
detector 165 is ENABLED
detector 166 is ENABLED
detector 167 is ENABLED
detector 168 is ENABLED
detector 169 is ENABLED
detector 170 is ENABLED
detector 171 is ENABLED
detector 172 is ENABLED
detector 173 is ENABLED
detector 174 is ENABLED
detector 175 is ENABLED
detector 176 is ENABLED
detector 177 is ENABLED
detector 178 is ENABLED
detector 179 is ENABLED
detector 180 is ENABLED
detector 181 is ENABLED
detector 182 is ENABLED
detector 183 is ENABLED
detector 184 is ENABLED
detector 185 is ENABLED
detector 186 is ENABLED
detector 187 is ENABLED
detector 188 is ENABLED
detector 189 is ENABLED
detector 190 is ENABLED
detector 191 is ENABLED
detector 192 is ENABLED
detector 193 is ENABLED
detector 194 is ENABLED
detector 195 is ENABLED
detector 196 is ENABLED
detector 197 is ENABLED
detector 198 is ENABLED
detector 199 is ENABLED
WARNING: could not open CCcal file "CCenergy.cal", quit
will use beam direction 0.000000 0.000000 1.000000
vector length= 1.000000, normalizing
will use beam direction 0.000000 0.000000 1.000000
Pars.ndetlimlo=1,Pars.ndetlimhi=8
will require mult bt: 1 20
fomlimits, 1, 0.00 ..to.. 0.80
fomlimits, 2, 0.00 ..to.. 0.80
fomlimits, 3, 0.00 ..to.. 0.80
fomlimits, 4, 0.00 ..to.. 0.80
fomlimits, 5, 0.00 ..to.. 0.80
fomlimits, 6, 0.00 ..to.. 0.80
fomlimits, 7, 0.00 ..to.. 0.80
will use M= 350.000000 in bin_dgs
will use PZ file "dgs_pz.cal" in bin_dgs
will use ecal file "dgs_ehi.cal" in bin_dgs
will skip rest of chat file

chat file: <GEBSort.chat> closed
processed 39 sort instructions and 198 lines


sorting this:
Pars.do_bin_mode3 = 1
Pars.do_bin_mode2 = 1
Pars.do_bin_mode1 = 0
Pars.do_bin_dgs = 0
Pars.do_bin_dfma = 0
Pars.do_bin_gtcal = 0
Pars.do_bin_template = 0
Pars.do_bin_final = 0
Pars.do_bin_angcor = 0
Pars.do_bin_angdis = 0
checking proper input of chat file...
input file "/lcrc/project/HELIOS/gretinafma/merged_data/GEBMerged_run283.gtd_000" is open, inData=0x260a6a60
file size is -1200923572 bytes or -1172 MBs 
input source is set up, supposedly

xyz offset values:

executing ShareMemFileUserInit.h code

deleted \rm -f GEBSort.command
root file </lcrc/project/HELIOS/gretinafma/root_data/run283.root>
base=</lcrc/project/HELIOS/gretinafma/root_data/run283.root:/>
TFile: name=/lcrc/project/HELIOS/gretinafma/root_data/run283.root, title=, option=CREATE

executing UserInit.h code

Created Object "dtbtev", 0x270fc320
Created Object "T0", 0x270fc730
, "T0"Created Object "hitpat", 0x270fcb20
, "hitpat"Created Object "numHitArray2", 0x270fd570
, "numHitArray2"Created Object "CCmult", 0x270fe030
, "CC Multiplicity"Created Object "CCsum", 0x273cf8c0
, "CCsum"Created Object "hit2", 0x273df6d0
, "hit2"Created Object "hit3", 0x273ef4e0
, "hit3"Created Object "hit4", 0x273ff2f0
, "hit4"Created Object "CCsum_nodop", 0x2740f100
, "CCsum_nodop"Created Object "CCadd", 0x2741ef10
, "CCadd"Created Object "SEGadd_FPGA", 0x2742ed20
Created Object "SEGadd_PSA", 0x2742f130
Created Object "SEGsum_FPGA", 0x2742f540
Created Object "SEGsum_PSA", 0x2742f950
Created Object "radius_all", 0x2742fd60
, "radius (all points)"Created Object "rate_mode2_min", 0x27438170
, "rate_mode2_min headers"Created Object "rate_mode2_sec", 0x2743b280
, "rate_mode2_sec headers"Created Object "rate_mode2_intp", 0x2743e390
, "rate_mode2 interaction points"Created Object "cdtbtev", 0x27441570
Created Object "evsr_all", 0x27507550
Created Object "SMAP_allhits", 0x27507a90
Created Object "SMAP_allhits_sq", 0x27607420
Created Object "seghitpat", 0x27706db0
Created Object "CCe", 0x2770f1b0
Created Object "ggCC", 0x2770f760
Created Object "z_plot", 0x2770fd10
Created Object "crystal_hit", 0x277c33e0
Created Object "SegE", 0x277c39b0
Created Object "crXcr", 0x277c3ef0
MAXDETPOS=180
Created Object "eCC_a", 0x278b1b00
Created Object "eCC_b", 0x278b1f10
Created Object "eCC_c", 0x278b2380
Created Object "eCC_d", 0x278b2930
Created Object "eSeg", 0x278b2e70
Created Object "mode3_hitpat", 0x278b3420
, "mode3_hitpat"Created Object "mode3_hitpat_chan", 0x278b3d90
, "mode3_hitpat_chan"Created Object "chan0", 0x278b44c0
, "chan0"Created Object "module", 0x278c82f0
, "module"Created Object "chan", 0x278dc120
Created Object "l", 0x27951a40
, "l"Created Object "r", 0x27965870
, "r"Created Object "up", 0x27979630
, "up"Created Object "down", 0x2798d3f0
, "down"Created Object "sumlr", 0x279a1220
, "sumlr"Created Object "sumud", 0x279b5050
, "sumud"Created Object "x", 0x279c8e80
, "x"Created Object "y", 0x279dccb0
, "y"Created Object "de1", 0x279f0ae0
, "de1"Created Object "de2", 0x27a048a0
, "de2"Created Object "de3", 0x27a18660
, "de3"Created Object "de12", 0x27a2c490
, "de12"Created Object "etot", 0x27a402c0
, "etot"Created Object "rftof", 0x27a54080
, "rftof"Created Object "lr", 0x27a67e40
Created Object "ud", 0x27a68380
Created Object "ede1", 0x27a688c0
Created Object "ede1g", 0x27a68e00
Created Object "ede2", 0x27a693b0
Created Object "ede12", 0x27a69960
Created Object "xde1", 0x27a69f10
Created Object "erftof", 0x27a6a450
Created Object "erftofg", 0x27a6a990
Created Object "sumehi", 0x27a6af40
, "sumehi"Created Object "tgppac", 0x27a7ed00
, "tgppac"Created Object "tgppacg", 0x27aa63b0
, "tgppacg"Created Object "xehi1", 0x27acda60
Created Object "xehi1g", 0x27acdfa0
Created Object "de1ehi", 0x27ace550
Created Object "de1ehig", 0x27acea90
Created Object "ng", 0x27acefd0
, "ng"Created Object "ehiz1", 0x27ae2d90
, "ehiz1"Created Object "ehiz2", 0x27af6b50
, "ehiz2"Created Object "ehiz3", 0x27b0a980
, "ehiz3"Created Object "ehiz4", 0x27b1e7b0
, "ehiz4"Created Object "ehiz5", 0x27b325e0
, "ehiz5"Created Object "gg_dt", 0x27b463a0
, "gg_dt"Created Object "gg", 0x27b4a7d0
Created Object "gg_z1", 0x27b4ad80
Created Object "gg_z2", 0x27b4b330
Created Object "gg_z3", 0x27b4b8e0
Created Object "gg_z4", 0x27b4be90
Created Object "gg_z5", 0x27b4c3d0
we have define the following ROOT spectra:
Collection name='THashList', class='THashList', size=84
 TH1.Print Name  = dtbtev, Entries= 0, Total sum= 0
 TH1.Print Name  = T0, Entries= 0, Total sum= 0
 TH1.Print Name  = hitpat, Entries= 0, Total sum= 0
 TH1.Print Name  = numHitArray2, Entries= 0, Total sum= 0
 TH1.Print Name  = CCmult, Entries= 0, Total sum= 0
 TH1.Print Name  = CCsum, Entries= 0, Total sum= 0
 TH1.Print Name  = hit2, Entries= 0, Total sum= 0
 TH1.Print Name  = hit3, Entries= 0, Total sum= 0
 TH1.Print Name  = hit4, Entries= 0, Total sum= 0
 TH1.Print Name  = CCsum_nodop, Entries= 0, Total sum= 0
 TH1.Print Name  = CCadd, Entries= 0, Total sum= 0
 TH1.Print Name  = SEGadd_FPGA, Entries= 0, Total sum= 0
 TH1.Print Name  = SEGadd_PSA, Entries= 0, Total sum= 0
 TH1.Print Name  = SEGsum_FPGA, Entries= 0, Total sum= 0
 TH1.Print Name  = SEGsum_PSA, Entries= 0, Total sum= 0
 TH1.Print Name  = radius_all, Entries= 0, Total sum= 0
 TH1.Print Name  = rate_mode2_min, Entries= 0, Total sum= 0
 TH1.Print Name  = rate_mode2_sec, Entries= 0, Total sum= 0
 TH1.Print Name  = rate_mode2_intp, Entries= 0, Total sum= 0
 TH1.Print Name  = cdtbtev, Entries= 0, Total sum= 0
 TH1.Print Name  = evsr_all, Entries= 0, Total sum= 0
 TH1.Print Name  = SMAP_allhits, Entries= 0, Total sum= 0
 TH1.Print Name  = SMAP_allhits_sq, Entries= 0, Total sum= 0
 TH1.Print Name  = seghitpat, Entries= 0, Total sum= 0
 TH1.Print Name  = CCe, Entries= 0, Total sum= 0
 TH1.Print Name  = ggCC, Entries= 0, Total sum= 0
 TH1.Print Name  = z_plot, Entries= 0, Total sum= 0
 TH1.Print Name  = crystal_hit, Entries= 0, Total sum= 0
 TH1.Print Name  = SegE, Entries= 0, Total sum= 0
 TH1.Print Name  = crXcr, Entries= 0, Total sum= 0
 ******************************************************************************
*Tree    :tree      : tree                                                   *
*Entries :        0 : Total =            8461 bytes  File  Size =          0 *
*        :          : Tree compression factor =   1.00                       *
******************************************************************************
*Br    0 :runNumber : runNumber/I                                            *
*Entries :        0 : Total  Size=        501 bytes  One basket in memory    *
*Baskets :        0 : Basket Size=      32000 bytes  Compression=   1.00     *
*............................................................................*
*Br    1 :numHits   : numHits/I                                              *
*Entries :        0 : Total  Size=        493 bytes  One basket in memory    *
*Baskets :        0 : Basket Size=      32000 bytes  Compression=   1.00     *
*............................................................................*
*Br    2 :left      : left[numHits]/F                                        *
*Entries :        0 : Total  Size=        580 bytes  One basket in memory    *
*Baskets :        0 : Basket Size=      32000 bytes  Compression=   1.00     *
*............................................................................*
*Br    3 :right     : right[numHits]/F                                       *
*Entries :        0 : Total  Size=        584 bytes  One basket in memory    *
*Baskets :        0 : Basket Size=      32000 bytes  Compression=   1.00     *
*............................................................................*
*Br    4 :up        : up[numHits]/F                                          *
*Entries :        0 : Total  Size=        572 bytes  One basket in memory    *
*Baskets :        0 : Basket Size=      32000 bytes  Compression=   1.00     *
*............................................................................*
*Br    5 :down      : down[numHits]/F                                        *
*Entries :        0 : Total  Size=        580 bytes  One basket in memory    *
*Baskets :        0 : Basket Size=      32000 bytes  Compression=   1.00     *
*............................................................................*
*Br    6 :e1        : e1[numHits]/F                                          *
*Entries :        0 : Total  Size=        572 bytes  One basket in memory    *
*Baskets :        0 : Basket Size=      32000 bytes  Compression=   1.00     *
*............................................................................*
*Br    7 :e2        : e2[numHits]/F                                          *
*Entries :        0 : Total  Size=        572 bytes  One basket in memory    *
*Baskets :        0 : Basket Size=      32000 bytes  Compression=   1.00     *
*............................................................................*
*Br    8 :e3        : e3[numHits]/F                                          *
*Entries :        0 : Total  Size=        572 bytes  One basket in memory    *
*Baskets :        0 : Basket Size=      32000 bytes  Compression=   1.00     *
*............................................................................*
*Br    9 :tac       : tac[numHits]/F                                         *
*Entries :        0 : Total  Size=        576 bytes  One basket in memory    *
*Baskets :        0 : Basket Size=      32000 bytes  Compression=   1.00     *
*............................................................................*
*Br   10 :fmaDeltaTime : fmaDeltaTime[numHits]/F                             *
*Entries :        0 : Total  Size=        612 bytes  One basket in memory    *
*Baskets :        0 : Basket Size=      32000 bytes  Compression=   1.00     *
*............................................................................*
*Br   11 :fmaMult   : fmaMult[10]/I                                          *
*Entries :        0 : Total  Size=        501 bytes  One basket in memory    *
*Baskets :        0 : Basket Size=      32000 bytes  Compression=   1.00     *
*............................................................................*
*Br   12 :gammaMult : gammaMult/I                                            *
*Entries :        0 : Total  Size=        501 bytes  One basket in memory    *
*Baskets :        0 : Basket Size=      32000 bytes  Compression=   1.00     *
*............................................................................*
*Br   13 :gammaEnergy : gammaEnergy[gammaMult]/F                             *
*Entries :        0 : Total  Size=        616 bytes  One basket in memory    *
*Baskets :        0 : Basket Size=      32000 bytes  Compression=   1.00     *
*............................................................................*
*Br   14 :gammaTimestamp : gammaTimestamp[gammaMult]/F                       *
*Entries :        0 : Total  Size=        628 bytes  One basket in memory    *
*Baskets :        0 : Basket Size=      32000 bytes  Compression=   1.00     *
*............................................................................*
*Br   15 :deltaTime : deltaTime[gammaMult]/F                                 *
*Entries :        0 : Total  Size=        608 bytes  One basket in memory    *
*Baskets :        0 : Basket Size=      32000 bytes  Compression=   1.00     *
*............................................................................*
 TH1.Print Name  = eCC_a, Entries= 0, Total sum= 0
 TH1.Print Name  = eCC_b, Entries= 0, Total sum= 0
 TH1.Print Name  = eCC_c, Entries= 0, Total sum= 0
 TH1.Print Name  = eCC_d, Entries= 0, Total sum= 0
 TH1.Print Name  = eSeg, Entries= 0, Total sum= 0
 TH1.Print Name  = mode3_hitpat, Entries= 0, Total sum= 0
 TH1.Print Name  = mode3_hitpat_chan, Entries= 0, Total sum= 0
 TH1.Print Name  = chan0, Entries= 0, Total sum= 0
 TH1.Print Name  = module, Entries= 0, Total sum= 0
 TH1.Print Name  = chan, Entries= 0, Total sum= 0
 TH1.Print Name  = l, Entries= 0, Total sum= 0
 TH1.Print Name  = r, Entries= 0, Total sum= 0
 TH1.Print Name  = up, Entries= 0, Total sum= 0
 TH1.Print Name  = down, Entries= 0, Total sum= 0
 TH1.Print Name  = sumlr, Entries= 0, Total sum= 0
 TH1.Print Name  = sumud, Entries= 0, Total sum= 0
 TH1.Print Name  = x, Entries= 0, Total sum= 0
 TH1.Print Name  = y, Entries= 0, Total sum= 0
 TH1.Print Name  = de1, Entries= 0, Total sum= 0
 TH1.Print Name  = de2, Entries= 0, Total sum= 0
 TH1.Print Name  = de3, Entries= 0, Total sum= 0
 TH1.Print Name  = de12, Entries= 0, Total sum= 0
 TH1.Print Name  = etot, Entries= 0, Total sum= 0
 TH1.Print Name  = rftof, Entries= 0, Total sum= 0
 TH1.Print Name  = lr, Entries= 0, Total sum= 0
 TH1.Print Name  = ud, Entries= 0, Total sum= 0
 TH1.Print Name  = ede1, Entries= 0, Total sum= 0
 TH1.Print Name  = ede1g, Entries= 0, Total sum= 0
 TH1.Print Name  = ede2, Entries= 0, Total sum= 0
 TH1.Print Name  = ede12, Entries= 0, Total sum= 0
 TH1.Print Name  = xde1, Entries= 0, Total sum= 0
 TH1.Print Name  = erftof, Entries= 0, Total sum= 0
 TH1.Print Name  = erftofg, Entries= 0, Total sum= 0
 TH1.Print Name  = sumehi, Entries= 0, Total sum= 0
 TH1.Print Name  = tgppac, Entries= 0, Total sum= 0
 TH1.Print Name  = tgppacg, Entries= 0, Total sum= 0
 TH1.Print Name  = xehi1, Entries= 0, Total sum= 0
 TH1.Print Name  = xehi1g, Entries= 0, Total sum= 0
 TH1.Print Name  = de1ehi, Entries= 0, Total sum= 0
 TH1.Print Name  = de1ehig, Entries= 0, Total sum= 0
 TH1.Print Name  = ng, Entries= 0, Total sum= 0
 TH1.Print Name  = ehiz1, Entries= 0, Total sum= 0
 TH1.Print Name  = ehiz2, Entries= 0, Total sum= 0
 TH1.Print Name  = ehiz3, Entries= 0, Total sum= 0
 TH1.Print Name  = ehiz4, Entries= 0, Total sum= 0
 TH1.Print Name  = ehiz5, Entries= 0, Total sum= 0
 TH1.Print Name  = gg_dt, Entries= 0, Total sum= 0
 TH1.Print Name  = gg, Entries= 0, Total sum= 0
 TH1.Print Name  = gg_z1, Entries= 0, Total sum= 0
 TH1.Print Name  = gg_z2, Entries= 0, Total sum= 0
 TH1.Print Name  = gg_z3, Entries= 0, Total sum= 0
 TH1.Print Name  = gg_z4, Entries= 0, Total sum= 0
 TH1.Print Name  = gg_z5, Entries= 0, Total sum= 0
GRETINA detector angles
mod  1, crystal 0 [  4]: ( 10.07   3.58  15.10) pol   35.30 ,  azi   13.35; pol   35.30 ,  azi   19.58; modCCdopfac[4] 1.0271
mod  1, crystal 1 [  5]: ( 10.11   9.19  12.47) pol   47.60 ,  azi   36.39; pol   47.60 ,  azi   42.30; modCCdopfac[5] 1.0222
mod  1, crystal 2 [  6]: (  5.44   7.69  15.92) pol   30.60 ,  azi   25.77; pol   30.60 ,  azi   54.72; modCCdopfac[6] 1.0287
mod  1, crystal 3 [  7]: (  4.99   1.78  17.72) pol   16.65 ,  azi    5.72; pol   16.65 ,  azi   19.58; modCCdopfac[7] 1.0321
mod  2, crystal 0 [  8]: ( -0.29  10.69  15.10) pol   35.30 ,  azi   35.29; pol   35.30 ,  azi   91.58; modCCdopfac[8] 1.0271
mod  2, crystal 1 [  9]: ( -5.62  12.45  12.47) pol   47.60 ,  azi   44.95; pol   47.60 ,  azi  114.30; modCCdopfac[9] 1.0222
mod  2, crystal 2 [ 10]: ( -5.63   7.55  15.92) pol   30.60 ,  azi   25.36; pol   30.60 ,  azi  126.72; modCCdopfac[10] 1.0287
mod  2, crystal 3 [ 11]: ( -0.15   5.30  17.72) pol   16.65 ,  azi   16.64; pol   16.65 ,  azi   91.58; modCCdopfac[11] 1.0321
mod  3, crystal 0 [ 12]: (-10.25   3.02  15.10) pol   35.30 ,  azi   11.32; pol   35.30 ,  azi  163.58; modCCdopfac[12] 1.0271
mod  3, crystal 1 [ 13]: (-13.58  -1.50  12.47) pol   47.60 ,  azi   -6.85; pol   47.60 ,  azi -173.70; modCCdopfac[13] 1.0222
mod  3, crystal 2 [ 14]: ( -8.92  -3.02  15.92) pol   30.60 ,  azi  -10.75; pol   30.60 ,  azi -161.28; modCCdopfac[14] 1.0287
mod  3, crystal 3 [ 15]: ( -5.08   1.50  17.72) pol   16.65 ,  azi    4.83; pol   16.65 ,  azi  163.58; modCCdopfac[15] 1.0321
mod  4, crystal 0 [ 16]: ( -6.04  -8.82  15.10) pol   35.30 ,  azi  -30.29; pol   35.30 ,  azi -124.42; modCCdopfac[16] 1.0271
mod  4, crystal 1 [ 17]: ( -2.77 -13.38  12.47) pol   47.60 ,  azi  -47.00; pol   47.60 ,  azi -101.70; modCCdopfac[17] 1.0222
mod  4, crystal 2 [ 18]: (  0.12  -9.42  15.92) pol   30.60 ,  azi  -30.60; pol   30.60 ,  azi  -89.28; modCCdopfac[18] 1.0287
mod  4, crystal 3 [ 19]: ( -3.00  -4.37  17.72) pol   16.65 ,  azi  -13.86; pol   16.65 ,  azi -124.42; modCCdopfac[19] 1.0321
mod  5, crystal 0 [ 20]: (  6.52  -8.47  15.10) pol   35.30 ,  azi  -29.30; pol   35.30 ,  azi  -52.42; modCCdopfac[20] 1.0271
mod  5, crystal 1 [ 21]: ( 11.87  -6.77  12.47) pol   47.60 ,  azi  -28.49; pol   47.60 ,  azi  -29.70; modCCdopfac[21] 1.0222
mod  5, crystal 2 [ 22]: (  8.99  -2.80  15.92) pol   30.60 ,  azi   -9.96; pol   30.60 ,  azi  -17.28; modCCdopfac[22] 1.0287
mod  5, crystal 3 [ 23]: (  3.23  -4.20  17.72) pol   16.65 ,  azi  -13.33; pol   16.65 ,  azi  -52.42; modCCdopfac[23] 1.0321
mod  6, crystal 0 [ 24]: (  4.54  16.51   7.02) pol   67.71 ,  azi   66.97; pol   67.71 ,  azi   74.63; modCCdopfac[24] 1.0121
mod  6, crystal 1 [ 25]: ( -0.33  15.15  10.61) pol   55.02 ,  azi   55.01; pol   55.02 ,  azi   91.23; modCCdopfac[25] 1.0187
mod  6, crystal 2 [ 26]: (  5.05  13.00  12.16) pol   48.92 ,  azi   46.92; pol   48.92 ,  azi   68.77; modCCdopfac[26] 1.0216
mod  6, crystal 3 [ 27]: (  9.66  13.57   8.06) pol   64.18 ,  azi   59.29; pol   64.18 ,  azi   54.55; modCCdopfac[27] 1.0140
mod  7, crystal 0 [ 28]: (-14.30   9.42   7.02) pol   67.71 ,  azi   53.31; pol   67.71 ,  azi  146.63; modCCdopfac[28] 1.0121
mod  7, crystal 1 [ 29]: (-14.51   4.37  10.61) pol   55.02 ,  azi   22.40; pol   55.02 ,  azi  163.23; modCCdopfac[29] 1.0187
mod  7, crystal 2 [ 30]: (-10.80   8.82  12.16) pol   48.92 ,  azi   35.96; pol   48.92 ,  azi  140.77; modCCdopfac[30] 1.0216
mod  7, crystal 3 [ 31]: ( -9.92  13.38   8.06) pol   64.18 ,  azi   58.94; pol   64.18 ,  azi  126.55; modCCdopfac[31] 1.0140
mod  8, crystal 0 [ 32]: (-13.37 -10.69   7.02) pol   67.71 ,  azi  -56.71; pol   67.71 ,  azi -141.37; modCCdopfac[32] 1.0121
mod  8, crystal 1 [ 33]: ( -8.64 -12.45  10.61) pol   55.02 ,  azi  -49.58; pol   55.02 ,  azi -124.77; modCCdopfac[33] 1.0187
mod  8, crystal 2 [ 34]: (-11.73  -7.55  12.16) pol   48.92 ,  azi  -31.84; pol   48.92 ,  azi -147.23; modCCdopfac[34] 1.0216
mod  8, crystal 3 [ 35]: (-15.79  -5.30   8.06) pol   64.18 ,  azi  -33.33; pol   64.18 ,  azi -161.45; modCCdopfac[35] 1.0140
mod  9, crystal 0 [ 36]: (  6.03 -16.02   7.02) pol   67.71 ,  azi  -66.35; pol   67.71 ,  azi  -69.37; modCCdopfac[36] 1.0121
mod  9, crystal 1 [ 37]: (  9.17 -12.07  10.61) pol   55.02 ,  azi  -48.69; pol   55.02 ,  azi  -52.77; modCCdopfac[37] 1.0187
mod  9, crystal 2 [ 38]: (  3.56 -13.48  12.16) pol   48.92 ,  azi  -47.96; pol   48.92 ,  azi  -75.23; modCCdopfac[38] 1.0216
mod  9, crystal 3 [ 39]: (  0.16 -16.65   8.06) pol   64.18 ,  azi  -64.18; pol   64.18 ,  azi  -89.45; modCCdopfac[39] 1.0140
mod 10, crystal 0 [ 40]: ( 17.10   0.79   7.02) pol   67.71 ,  azi    6.39; pol   67.71 ,  azi    2.63; modCCdopfac[40] 1.0121
mod 10, crystal 1 [ 41]: ( 14.31   4.99  10.61) pol   55.02 ,  azi   25.21; pol   55.02 ,  azi   19.23; modCCdopfac[41] 1.0187
mod 10, crystal 2 [ 42]: ( 13.92  -0.79  12.16) pol   48.92 ,  azi   -3.70; pol   48.92 ,  azi   -3.23; modCCdopfac[42] 1.0216
mod 10, crystal 3 [ 43]: ( 15.89  -4.99   8.06) pol   64.18 ,  azi  -31.79; pol   64.18 ,  azi  -17.45; modCCdopfac[43] 1.0140
mod 11, crystal 0 [ 44]: ( 18.26   2.80   0.92) pol   87.15 ,  azi   71.78; pol   87.15 ,  azi    8.71; modCCdopfac[44] 1.0011
mod 11, crystal 1 [ 45]: ( 17.30   4.20  -5.04) pol  105.79 ,  azi  140.16; pol  105.79 ,  azi   13.65; modCCdopfac[45] 0.9906
mod 11, crystal 2 [ 46]: ( 16.42   8.47  -0.92) pol   92.85 ,  azi   96.20; pol   92.85 ,  azi   27.29; modCCdopfac[46] 0.9978
mod 11, crystal 3 [ 47]: ( 16.46   6.77   5.04) pol   74.21 ,  azi   53.36; pol   74.21 ,  azi   22.35; modCCdopfac[47] 1.0085
mod 12, crystal 0 [ 48]: ( 12.46  13.48  -2.26) pol   97.01 ,  azi   99.50; pol   97.01 ,  azi   47.25; modCCdopfac[48] 0.9954
mod 12, crystal 1 [ 49]: (  7.28  16.65  -3.46) pol  100.78 ,  azi  101.74; pol  100.78 ,  azi   66.39; modCCdopfac[49] 0.9933
mod 12, crystal 2 [ 50]: (  8.97  16.02   2.26) pol   82.99 ,  azi   81.98; pol   82.99 ,  azi   60.75; modCCdopfac[50] 1.0035
mod 12, crystal 3 [ 51]: ( 13.59  12.07   3.46) pol   79.22 ,  azi   74.00; pol   79.22 ,  azi   41.61; modCCdopfac[51] 1.0057
mod 13, crystal 0 [ 52]: (  2.98  18.23   0.92) pol   87.15 ,  azi   87.11; pol   87.15 ,  azi   80.71; modCCdopfac[52] 1.0011
mod 13, crystal 1 [ 53]: (  1.35  17.75  -5.04) pol  105.79 ,  azi  105.84; pol  105.79 ,  azi   85.65; modCCdopfac[53] 0.9906
mod 13, crystal 2 [ 54]: ( -2.98  18.23  -0.92) pol   92.85 ,  azi   92.89; pol   92.85 ,  azi   99.29; modCCdopfac[54] 0.9978
mod 13, crystal 3 [ 55]: ( -1.35  17.75   5.04) pol   74.21 ,  azi   74.16; pol   74.21 ,  azi   94.35; modCCdopfac[55] 1.0085
mod 14, crystal 0 [ 56]: ( -8.97  16.02  -2.26) pol   97.01 ,  azi   98.02; pol   97.01 ,  azi  119.25; modCCdopfac[56] 0.9954
mod 14, crystal 1 [ 57]: (-13.59  12.07  -3.46) pol  100.78 ,  azi  106.00; pol  100.78 ,  azi  138.39; modCCdopfac[57] 0.9933
mod 14, crystal 2 [ 58]: (-12.46  13.48   2.26) pol   82.99 ,  azi   80.50; pol   82.99 ,  azi  132.75; modCCdopfac[58] 1.0035
mod 14, crystal 3 [ 59]: ( -7.28  16.65   3.46) pol   79.22 ,  azi   78.26; pol   79.22 ,  azi  113.61; modCCdopfac[59] 1.0057
mod 15, crystal 0 [ 60]: (-16.42   8.47   0.92) pol   87.15 ,  azi   83.80; pol   87.15 ,  azi  152.71; modCCdopfac[60] 1.0011
mod 15, crystal 1 [ 61]: (-16.46   6.77  -5.04) pol  105.79 ,  azi  126.64; pol  105.79 ,  azi  157.65; modCCdopfac[61] 0.9906
mod 15, crystal 2 [ 62]: (-18.26   2.80  -0.92) pol   92.85 ,  azi  108.22; pol   92.85 ,  azi  171.29; modCCdopfac[62] 0.9978
mod 15, crystal 3 [ 63]: (-17.30   4.20   5.04) pol   74.21 ,  azi   39.84; pol   74.21 ,  azi  166.35; modCCdopfac[63] 1.0085
mod 16, crystal 0 [ 64]: (-18.01  -3.58  -2.26) pol   97.01 ,  azi -122.21; pol   97.01 ,  azi -168.75; modCCdopfac[64] 0.9954
mod 16, crystal 1 [ 65]: (-15.68  -9.19  -3.46) pol  100.78 ,  azi -110.62; pol  100.78 ,  azi -149.61; modCCdopfac[65] 0.9933
mod 16, crystal 2 [ 66]: (-16.68  -7.69   2.26) pol   82.99 ,  azi  -73.64; pol   82.99 ,  azi -155.25; modCCdopfac[66] 1.0035
mod 16, crystal 3 [ 67]: (-18.09  -1.78   3.46) pol   79.22 ,  azi  -27.18; pol   79.22 ,  azi -174.39; modCCdopfac[67] 1.0057
mod 17, crystal 0 [ 68]: (-13.13 -13.00   0.92) pol   87.15 ,  azi  -85.95; pol   87.15 ,  azi -135.29; modCCdopfac[68] 1.0011
mod 17, crystal 1 [ 69]: (-11.53 -13.57  -5.04) pol  105.79 ,  azi -110.36; pol  105.79 ,  azi -130.35; modCCdopfac[69] 0.9906
mod 17, crystal 2 [ 70]: ( -8.30 -16.51  -0.92) pol   92.85 ,  azi  -93.19; pol   92.85 ,  azi -116.71; modCCdopfac[70] 0.9978
mod 17, crystal 3 [ 71]: ( -9.34 -15.15   5.04) pol   74.21 ,  azi  -71.62; pol   74.21 ,  azi -121.65; modCCdopfac[71] 1.0085
mod 18, crystal 0 [ 72]: ( -2.16 -18.23  -2.26) pol   97.01 ,  azi  -97.05; pol   97.01 ,  azi  -96.75; modCCdopfac[72] 0.9954
mod 18, crystal 1 [ 73]: (  3.90 -17.75  -3.46) pol  100.78 ,  azi -101.03; pol  100.78 ,  azi  -77.61; modCCdopfac[73] 0.9933
mod 18, crystal 2 [ 74]: (  2.16 -18.23   2.26) pol   82.99 ,  azi  -82.95; pol   82.99 ,  azi  -83.25; modCCdopfac[74] 1.0035
mod 18, crystal 3 [ 75]: ( -3.90 -17.75   3.46) pol   79.22 ,  azi  -78.97; pol   79.22 ,  azi -102.39; modCCdopfac[75] 1.0057
mod 19, crystal 0 [ 76]: (  8.30 -16.51   0.92) pol   87.15 ,  azi  -86.81; pol   87.15 ,  azi  -63.29; modCCdopfac[76] 1.0011
mod 19, crystal 1 [ 77]: (  9.34 -15.15  -5.04) pol  105.79 ,  azi -108.38; pol  105.79 ,  azi  -58.35; modCCdopfac[77] 0.9906
mod 19, crystal 2 [ 78]: ( 13.13 -13.00  -0.92) pol   92.85 ,  azi  -94.05; pol   92.85 ,  azi  -44.71; modCCdopfac[78] 0.9978
mod 19, crystal 3 [ 79]: ( 11.53 -13.57   5.04) pol   74.21 ,  azi  -69.64; pol   74.21 ,  azi  -49.65; modCCdopfac[79] 1.0085
mod 20, crystal 0 [ 80]: ( 16.68  -7.69  -2.26) pol   97.01 ,  azi -106.36; pol   97.01 ,  azi  -24.75; modCCdopfac[80] 0.9954
mod 20, crystal 1 [ 81]: ( 18.09  -1.78  -3.46) pol  100.78 ,  azi -152.82; pol  100.78 ,  azi   -5.61; modCCdopfac[81] 0.9933
mod 20, crystal 2 [ 82]: ( 18.01  -3.58   2.26) pol   82.99 ,  azi  -57.79; pol   82.99 ,  azi  -11.25; modCCdopfac[82] 1.0035
mod 20, crystal 3 [ 83]: ( 15.68  -9.19   3.46) pol   79.22 ,  azi  -69.38; pol   79.22 ,  azi  -30.39; modCCdopfac[83] 1.0057
mod 21, crystal 0 [ 84]: ( 14.30   9.42  -7.02) pol  112.29 ,  azi  126.69; pol  112.29 ,  azi   33.37; modCCdopfac[84] 0.9871
mod 21, crystal 1 [ 85]: ( 14.51   4.37 -10.61) pol  124.98 ,  azi  157.60; pol  124.98 ,  azi   16.77; modCCdopfac[85] 0.9809
mod 21, crystal 2 [ 86]: ( 10.80   8.82 -12.16) pol  131.08 ,  azi  144.04; pol  131.08 ,  azi   39.23; modCCdopfac[86] 0.9782
mod 21, crystal 3 [ 87]: (  9.92  13.38  -8.06) pol  115.82 ,  azi  121.06; pol  115.82 ,  azi   53.45; modCCdopfac[87] 0.9853
mod 22, crystal 0 [ 88]: ( -4.54  16.51  -7.02) pol  112.29 ,  azi  113.03; pol  112.29 ,  azi  105.37; modCCdopfac[88] 0.9871
mod 22, crystal 1 [ 89]: (  0.33  15.15 -10.61) pol  124.98 ,  azi  124.99; pol  124.98 ,  azi   88.77; modCCdopfac[89] 0.9809
mod 22, crystal 2 [ 90]: ( -5.05  13.00 -12.16) pol  131.08 ,  azi  133.08; pol  131.08 ,  azi  111.23; modCCdopfac[90] 0.9782
mod 22, crystal 3 [ 91]: ( -9.66  13.57  -8.06) pol  115.82 ,  azi  120.71; pol  115.82 ,  azi  125.45; modCCdopfac[91] 0.9853
mod 23, crystal 0 [ 92]: (-17.10   0.79  -7.02) pol  112.29 ,  azi  173.61; pol  112.29 ,  azi  177.37; modCCdopfac[92] 0.9871
mod 23, crystal 1 [ 93]: (-14.31   4.99 -10.61) pol  124.98 ,  azi  154.79; pol  124.98 ,  azi  160.77; modCCdopfac[93] 0.9809
mod 23, crystal 2 [ 94]: (-13.92  -0.79 -12.16) pol  131.08 ,  azi -176.30; pol  131.08 ,  azi -176.77; modCCdopfac[94] 0.9782
mod 23, crystal 3 [ 95]: (-15.89  -4.99  -8.06) pol  115.82 ,  azi -148.21; pol  115.82 ,  azi -162.55; modCCdopfac[95] 0.9853
mod 24, crystal 0 [ 96]: ( -6.03 -16.02  -7.02) pol  112.29 ,  azi -113.65; pol  112.29 ,  azi -110.63; modCCdopfac[96] 0.9871
mod 24, crystal 1 [ 97]: ( -9.17 -12.07 -10.61) pol  124.98 ,  azi -131.31; pol  124.98 ,  azi -127.23; modCCdopfac[97] 0.9809
mod 24, crystal 2 [ 98]: ( -3.56 -13.48 -12.16) pol  131.08 ,  azi -132.04; pol  131.08 ,  azi -104.77; modCCdopfac[98] 0.9782
mod 24, crystal 3 [ 99]: ( -0.16 -16.65  -8.06) pol  115.82 ,  azi -115.82; pol  115.82 ,  azi  -90.55; modCCdopfac[99] 0.9853
mod 25, crystal 0 [100]: ( 13.37 -10.69  -7.02) pol  112.29 ,  azi -123.29; pol  112.29 ,  azi  -38.63; modCCdopfac[100] 0.9871
mod 25, crystal 1 [101]: (  8.64 -12.45 -10.61) pol  124.98 ,  azi -130.42; pol  124.98 ,  azi  -55.23; modCCdopfac[101] 0.9809
mod 25, crystal 2 [102]: ( 11.73  -7.55 -12.16) pol  131.08 ,  azi -148.16; pol  131.08 ,  azi  -32.77; modCCdopfac[102] 0.9782
mod 25, crystal 3 [103]: ( 15.79  -5.30  -8.06) pol  115.82 ,  azi -146.67; pol  115.82 ,  azi  -18.55; modCCdopfac[103] 0.9853
mod 26, crystal 0 [104]: (  0.29  10.69 -15.10) pol  144.70 ,  azi  144.71; pol  144.70 ,  azi   88.42; modCCdopfac[104] 0.9732
mod 26, crystal 1 [105]: (  5.62  12.45 -12.47) pol  132.40 ,  azi  135.05; pol  132.40 ,  azi   65.70; modCCdopfac[105] 0.9777
mod 26, crystal 2 [106]: (  5.63   7.55 -15.92) pol  149.40 ,  azi  154.64; pol  149.40 ,  azi   53.28; modCCdopfac[106] 0.9718
mod 26, crystal 3 [107]: (  0.15   5.30 -17.72) pol  163.35 ,  azi  163.36; pol  163.35 ,  azi   88.42; modCCdopfac[107] 0.9688
mod 27, crystal 0 [108]: (-10.07   3.58 -15.10) pol  144.70 ,  azi  166.65; pol  144.70 ,  azi  160.42; modCCdopfac[108] 0.9732
mod 27, crystal 1 [109]: (-10.11   9.19 -12.47) pol  132.40 ,  azi  143.61; pol  132.40 ,  azi  137.70; modCCdopfac[109] 0.9777
mod 27, crystal 2 [110]: ( -5.44   7.69 -15.92) pol  149.40 ,  azi  154.23; pol  149.40 ,  azi  125.28; modCCdopfac[110] 0.9718
mod 27, crystal 3 [111]: ( -4.99   1.78 -17.72) pol  163.35 ,  azi  174.28; pol  163.35 ,  azi  160.42; modCCdopfac[111] 0.9688
mod 28, crystal 0 [112]: ( -6.52  -8.47 -15.10) pol  144.70 ,  azi -150.70; pol  144.70 ,  azi -127.58; modCCdopfac[112] 0.9732
mod 28, crystal 1 [113]: (-11.87  -6.77 -12.47) pol  132.40 ,  azi -151.51; pol  132.40 ,  azi -150.30; modCCdopfac[113] 0.9777
mod 28, crystal 2 [114]: ( -8.99  -2.80 -15.92) pol  149.40 ,  azi -170.04; pol  149.40 ,  azi -162.72; modCCdopfac[114] 0.9718
mod 28, crystal 3 [115]: ( -3.23  -4.20 -17.72) pol  163.35 ,  azi -166.67; pol  163.35 ,  azi -127.58; modCCdopfac[115] 0.9688
mod 29, crystal 0 [116]: (  6.04  -8.82 -15.10) pol  144.70 ,  azi -149.71; pol  144.70 ,  azi  -55.58; modCCdopfac[116] 0.9732
mod 29, crystal 1 [117]: (  2.77 -13.38 -12.47) pol  132.40 ,  azi -133.00; pol  132.40 ,  azi  -78.30; modCCdopfac[117] 0.9777
mod 29, crystal 2 [118]: ( -0.12  -9.42 -15.92) pol  149.40 ,  azi -149.40; pol  149.40 ,  azi  -90.72; modCCdopfac[118] 0.9718
mod 29, crystal 3 [119]: (  3.00  -4.37 -17.72) pol  163.35 ,  azi -166.14; pol  163.35 ,  azi  -55.58; modCCdopfac[119] 0.9688
mod 30, crystal 0 [120]: ( 10.25   3.02 -15.10) pol  144.70 ,  azi  168.68; pol  144.70 ,  azi   16.42; modCCdopfac[120] 0.9732
mod 30, crystal 1 [121]: ( 13.58  -1.50 -12.47) pol  132.40 ,  azi -173.15; pol  132.40 ,  azi   -6.30; modCCdopfac[121] 0.9777
mod 30, crystal 2 [122]: (  8.92  -3.02 -15.92) pol  149.40 ,  azi -169.25; pol  149.40 ,  azi  -18.72; modCCdopfac[122] 0.9718
mod 30, crystal 3 [123]: (  5.08   1.50 -17.72) pol  163.35 ,  azi  175.17; pol  163.35 ,  azi   16.42; modCCdopfac[123] 0.9688
setup signal catcher
started sorting... from disk...

Pars.maxTS=4611686018427387904
got initial header, TS=870386265835 ID: 1 length: 464
read initial payload of siz=464 into event position 1
__ptgd[0]->type= 0; ptgd[0]->length=   0; ptgd[0]->timestamp=0
initial ii=1, nn=1
ev#     0 GEB_TYPE_DECOMP        464Bytes TS=870386283731 curTS=870386265835 dTS= 17896
t0=870386265835
first event: GEB_event.mult=1
   0/ 0: ( 1,GEB_TYPE_DECOMP      ) TS=        870386265835; dT=0
maxTS=9510386265835
that is 86400.0 seconds or 24h0m0s minutes of sorting
GEBGetEv returned st=0
we have read 960 bytes; CurEvNo=1

+++++++++++++++++++++++++++++++
*start event # 1 with multiplicity 1 looks like this:
 0>  1, GEB_TYPE_DECOMP      , TS=870386265835
entered bin_mode2: 1/10
ptinp->pad= 6, (ptinp->pad&0x000000ff)= 6
updated CCadd with    0.00
total number of hits in array: 0
exit bin_mode2
entered bin_mode3 @ event number: 1 
exit bin_mode3
*end of event # 1
+++++++++++++++++++++++++++++++
ev#     1 GEB_TYPE_DECOMP        464Bytes TS=870386293975 curTS=870386283731 dTS= 10244
GEBGetEv returned st=0
we have read 1440 bytes; CurEvNo=2

+++++++++++++++++++++++++++++++
*start event # 2 with multiplicity 1 looks like this:
 0>  1, GEB_TYPE_DECOMP      , TS=870386283731
entered bin_mode2: 2/10
ptinp->pad= 6, (ptinp->pad&0x000000ff)= 6
updated CCadd with    0.00
total number of hits in array: 0
exit bin_mode2
entered bin_mode3 @ event number: 2 
exit bin_mode3
*end of event # 2
+++++++++++++++++++++++++++++++
ev#     2 GEB_TYPE_DECOMP        464Bytes TS=870386294219 curTS=870386293975 dTS= 244
GEBGetEv returned st=0
we have read 1920 bytes; CurEvNo=3

+++++++++++++++++++++++++++++++
*start event # 3 with multiplicity 1 looks like this:
 0>  1, GEB_TYPE_DECOMP      , TS=870386293975
entered bin_mode2: 3/10
ptinp->pad= 6, (ptinp->pad&0x000000ff)= 6
updated CCadd with    0.00
total number of hits in array: 0
exit bin_mode2
entered bin_mode3 @ event number: 3 
exit bin_mode3
*end of event # 3
+++++++++++++++++++++++++++++++
ev#     3 GEB_TYPE_GT_MOD29      396Bytes TS=870386315009 curTS=870386294219 dTS= 20790
GEBGetEv returned st=0
we have read 2332 bytes; CurEvNo=4

+++++++++++++++++++++++++++++++
*start event # 4 with multiplicity 1 looks like this:
 0>  1, GEB_TYPE_DECOMP      , TS=870386294219
entered bin_mode2: 4/10
ptinp->pad= 6, (ptinp->pad&0x000000ff)= 6
updated CCadd with    0.00
total number of hits in array: 0
exit bin_mode2
entered bin_mode3 @ event number: 4 
exit bin_mode3
*end of event # 4
+++++++++++++++++++++++++++++++
ev#     4 GEB_TYPE_DECOMP        464Bytes TS=870386315049 curTS=870386315009 dTS= 40
ev#     4 GEB_TYPE_DECOMP        464Bytes TS=870386338227 curTS=870386315009 dTS= 23218
GEBGetEv returned st=0
we have read 3292 bytes; CurEvNo=5

+++++++++++++++++++++++++++++++
*start event # 5 with multiplicity 2 looks like this:
 0>  8, GEB_TYPE_GT_MOD29    , TS=870386315009
 1>  1, GEB_TYPE_DECOMP      , TS=870386315049
entered bin_mode2: 5/10
ptinp->pad= 6, (ptinp->pad&0x000000ff)= 6
updated CCadd with    0.00
total number of hits in array: 0
exit bin_mode2
entered bin_mode3 @ event number: 5 

bin_mode3:  0>  8, GEB_TYPE_GT_MOD29    , TS=870386315009, 0xcaa7112f01; payload length: 396 bytes

---------
new GTheader at pos=0 or 0 words (8):
Event.hdr[ 0]=0x1f33,   7987
Event.hdr[ 1]=0x300a,  12298
Event.hdr[ 2]=0x2f01,  12033
Event.hdr[ 3]=0xa711,  42769
Event.hdr[ 4]=0x00ca,    202
Event.hdr[ 5]=0x6957,  26967
Event.hdr[ 6]=0x4e0c,  19980
Event.hdr[ 7]=0x0000,      0
Event.hdr[ 8]=0x0903,   2307
Event.hdr[ 9]=0x68a4,  26788
Event.hdr[10]=0x980c,  38924
Event.hdr[11]=0x1593,   5523
Event.hdr[12]=0x6998,  27032
Event.hdr[13]=0x002f,     47
Event.len=  44, Event.traceLen=  12 (in Bytes)
Event.len=  22, Event.traceLen=   6 (in 16 bit words)
Event.len=  11, Event.traceLen=   3 (in 32 bit words)
next start: 0xaaaaaaaa, pos= 44
0x1f33 module_id = 31 crystal_id = 0 digitizer_id = 3 chan_id = 3 ge_id = 124 channel = 33  -> is segment
open superpulse_005_00_01.xy at Event.chan_id = 3
open CCpulse_005_00_01.xy at Event.chan_id = 3
ncrystal=1
wrote trace to CCpulse_005_00_01.xy
two's comp tempE  ::     813399     813399 0x000c6957 |0000|0000|0000|1100|0110|1001|0101|0111|
rawE              ::     813399     813399 0x000c6957 |0000|0000|0000|1100|0110|1001|0101|0111|
rawE (sign change)::     813399     813399 0x000c6957 |0000|0000|0000|1100|0110|1001|0101|0111|
Event.ehi=           25418 0x0000634a
Event.ehi=2541 (gain changed)
Event.LEDts =         870386315009
Event.CFDts =      264449466236940

---------
new GTheader at pos=44 or 22 words (30):
Event.hdr[ 0]=0x1f34,   7988
Event.hdr[ 1]=0x300a,  12298
Event.hdr[ 2]=0x2f01,  12033
Event.hdr[ 3]=0xa711,  42769
Event.hdr[ 4]=0x00ca,    202
Event.hdr[ 5]=0x0019,     25
Event.hdr[ 6]=0x0e00,   3584
Event.hdr[ 7]=0x0000,      0
Event.hdr[ 8]=0x0903,   2307
Event.hdr[ 9]=0xffd0,  65488
Event.hdr[10]=0x97ff,  38911
Event.hdr[11]=0x0000,      0
Event.hdr[12]=0xffbc,  65468
Event.hdr[13]=0x07ff,   2047
Event.len=  44, Event.traceLen=  12 (in Bytes)
Event.len=  22, Event.traceLen=   6 (in 16 bit words)
Event.len=  11, Event.traceLen=   3 (in 32 bit words)
next start: 0xaaaaaaaa, pos= 88
0x1f34 module_id = 31 crystal_id = 0 digitizer_id = 3 chan_id = 4 ge_id = 124 channel = 34  -> is segment
ncrystal=1
wrote trace to CCpulse_005_00_01.xy
two's comp tempE  ::         25         25 0x00000019 |0000|0000|0000|0000|0000|0000|0001|1001|
rawE              ::         25         25 0x00000019 |0000|0000|0000|0000|0000|0000|0001|1001|
rawE (sign change)::         25         25 0x00000019 |0000|0000|0000|0000|0000|0000|0001|1001|
Event.ehi=               0 0x00000000
Event.ehi=0 (gain changed)
Event.LEDts =         870386315009
Event.CFDts =         240522035212

---------
new GTheader at pos=88 or 44 words (52):
Event.hdr[ 0]=0x1f35,   7989
Event.hdr[ 1]=0x300a,  12298
Event.hdr[ 2]=0x2f01,  12033
Event.hdr[ 3]=0xa711,  42769
Event.hdr[ 4]=0x00ca,    202
Event.hdr[ 5]=0x7b72,  31602
Event.hdr[ 6]=0x4e08,  19976
Event.hdr[ 7]=0x0000,      0
Event.hdr[ 8]=0x0903,   2307
Event.hdr[ 9]=0x7aa5,  31397
Event.hdr[10]=0x5208,  21000
Event.hdr[11]=0x1114,   4372
Event.hdr[12]=0xb754,  46932
Event.hdr[13]=0x0024,     36
Event.len=  44, Event.traceLen=  12 (in Bytes)
Event.len=  22, Event.traceLen=   6 (in 16 bit words)
Event.len=  11, Event.traceLen=   3 (in 32 bit words)
next start: 0xaaaaaaaa, pos= 132
0x1f35 module_id = 31 crystal_id = 0 digitizer_id = 3 chan_id = 5 ge_id = 124 channel = 35  -> is segment
ncrystal=1
wrote trace to CCpulse_005_00_01.xy
two's comp tempE  ::     555890     555890 0x00087b72 |0000|0000|0000|1000|0111|1011|0111|0010|
rawE              ::     555890     555890 0x00087b72 |0000|0000|0000|1000|0111|1011|0111|0010|
rawE (sign change)::     555890     555890 0x00087b72 |0000|0000|0000|1000|0111|1011|0111|0010|
Event.ehi=           17371 0x000043db
Event.ehi=1737 (gain changed)
Event.LEDts =         870386315009
Event.CFDts =      269697996881932

---------
new GTheader at pos=132 or 66 words (74):
Event.hdr[ 0]=0x1f36,   7990
Event.hdr[ 1]=0x300a,  12298
Event.hdr[ 2]=0x2f01,  12033
Event.hdr[ 3]=0xa711,  42769
Event.hdr[ 4]=0x00ca,    202
Event.hdr[ 5]=0x0c70,   3184
Event.hdr[ 6]=0x0e00,   3584
Event.hdr[ 7]=0x0000,      0
Event.hdr[ 8]=0x0903,   2307
Event.hdr[ 9]=0x06bf,   1727
Event.hdr[10]=0x4800,  18432
Event.hdr[11]=0x04bf,   1215
Event.hdr[12]=0xd400,  54272
Event.hdr[13]=0x07ff,   2047
Event.len=  44, Event.traceLen=  12 (in Bytes)
Event.len=  22, Event.traceLen=   6 (in 16 bit words)
Event.len=  11, Event.traceLen=   3 (in 32 bit words)
next start: 0xaaaaaaaa, pos= 176
0x1f36 module_id = 31 crystal_id = 0 digitizer_id = 3 chan_id = 6 ge_id = 124 channel = 36  -> is segment
ncrystal=1
wrote trace to CCpulse_005_00_01.xy
two's comp tempE  ::       3184       3184 0x00000c70 |0000|0000|0000|0000|0000|1100|0111|0000|
rawE              ::       3184       3184 0x00000c70 |0000|0000|0000|0000|0000|1100|0111|0000|
rawE (sign change)::       3184       3184 0x00000c70 |0000|0000|0000|0000|0000|1100|0111|0000|
Event.ehi=              99 0x00000063
Event.ehi=9 (gain changed)
Event.LEDts =         870386315009
Event.CFDts =      281328945528844

---------
new GTheader at pos=176 or 88 words (96):
Event.hdr[ 0]=0x1f37,   7991
Event.hdr[ 1]=0x300a,  12298
Event.hdr[ 2]=0x2f01,  12033
Event.hdr[ 3]=0xa711,  42769
Event.hdr[ 4]=0x00ca,    202
Event.hdr[ 5]=0x0000,      0
Event.hdr[ 6]=0x0e00,   3584
Event.hdr[ 7]=0x0000,      0
Event.hdr[ 8]=0x0903,   2307
Event.hdr[ 9]=0xf40b,  62475
Event.hdr[10]=0xf3ff,  62463
Event.hdr[11]=0x013d,    317
Event.hdr[12]=0xb9fc,  47612
Event.hdr[13]=0x07ff,   2047
Event.len=  44, Event.traceLen=  12 (in Bytes)
Event.len=  22, Event.traceLen=   6 (in 16 bit words)
Event.len=  11, Event.traceLen=   3 (in 32 bit words)
next start: 0xaaaaaaaa, pos= 220
0x1f37 module_id = 31 crystal_id = 0 digitizer_id = 3 chan_id = 7 ge_id = 124 channel = 37  -> is segment
ncrystal=1
wrote trace to CCpulse_005_00_01.xy
two's comp tempE  ::          0          0 0x00000000 |0000|0000|0000|0000|0000|0000|0000|0000|
rawE              ::          0          0 0x00000000 |0000|0000|0000|0000|0000|0000|0000|0000|
rawE (sign change)::          0          0 0x00000000 |0000|0000|0000|0000|0000|0000|0000|0000|
Event.ehi=               0 0x00000000
Event.ehi=0 (gain changed)
Event.LEDts =         870386315009
Event.CFDts =      281397665923084

---------
new GTheader at pos=220 or 110 words (118):
Event.hdr[ 0]=0x1f38,   7992
Event.hdr[ 1]=0x300a,  12298
Event.hdr[ 2]=0x2f01,  12033
Event.hdr[ 3]=0xa711,  42769
Event.hdr[ 4]=0x00ca,    202
Event.hdr[ 5]=0x893b,  35131
Event.hdr[ 6]=0x1ff9,   8185
Event.hdr[ 7]=0x0000,      0
Event.hdr[ 8]=0x0903,   2307
Event.hdr[ 9]=0xc7eb,  51179
Event.hdr[10]=0x7ffc,  32764
Event.hdr[11]=0xf998,  63896
Event.hdr[12]=0xf693,  63123
Event.hdr[13]=0x07f2,   2034
Event.len=  44, Event.traceLen=  12 (in Bytes)
Event.len=  22, Event.traceLen=   6 (in 16 bit words)
Event.len=  11, Event.traceLen=   3 (in 32 bit words)
next start: 0xaaaaaaaa, pos= 264
0x1f38 module_id = 31 crystal_id = 0 digitizer_id = 3 chan_id = 8 ge_id = 124 channel = 38  -> is segment
ncrystal=1
wrote trace to CCpulse_005_00_01.xy
two's comp tempE  ::   16353595   16353595 0x00f9893b |0000|0000|1111|1001|1000|1001|0011|1011|
rawE              :: 4294543675    -423621 0xfff9893b |1111|1111|1111|1001|1000|1001|0011|1011|
rawE (sign change)::     423621     423621 0x000676c5 |0000|0000|0000|0110|0111|0110|1100|0101|
Event.ehi=           13238 0x000033b6
Event.ehi=1323 (gain changed)
Event.LEDts =         870386315009
Event.CFDts =         511111200780

---------
new GTheader at pos=264 or 132 words (140):
Event.hdr[ 0]=0x1f30,   7984
Event.hdr[ 1]=0x300a,  12298
Event.hdr[ 2]=0x2f01,  12033
Event.hdr[ 3]=0xa711,  42769
Event.hdr[ 4]=0x00ca,    202
Event.hdr[ 5]=0x73fd,  29693
Event.hdr[ 6]=0x4e0b,  19979
Event.hdr[ 7]=0x0000,      0
Event.hdr[ 8]=0x0903,   2307
Event.hdr[ 9]=0x7395,  29589
Event.hdr[10]=0x740b,  29707
Event.hdr[11]=0x181b,   6171
Event.hdr[12]=0x1420,   5152
Event.hdr[13]=0x002c,     44
Event.len=  44, Event.traceLen=  12 (in Bytes)
Event.len=  22, Event.traceLen=   6 (in 16 bit words)
Event.len=  11, Event.traceLen=   3 (in 32 bit words)
next start: 0xaaaaaaaa, pos= 308
0x1f30 module_id = 31 crystal_id = 0 digitizer_id = 3 chan_id = 0 ge_id = 124 channel = 30  -> is segment
ncrystal=1
wrote trace to CCpulse_005_00_01.xy
two's comp tempE  ::     750589     750589 0x000b73fd |0000|0000|0000|1011|0111|0011|1111|1101|
rawE              ::     750589     750589 0x000b73fd |0000|0000|0000|1011|0111|0011|1111|1101|
rawE (sign change)::     750589     750589 0x000b73fd |0000|0000|0000|1011|0111|0011|1111|1101|
Event.ehi=           23455 0x00005b9f
Event.ehi=2345 (gain changed)
Event.LEDts =         870386315009
Event.CFDts =      265733681512460

---------
new GTheader at pos=308 or 154 words (162):
Event.hdr[ 0]=0x1f31,   7985
Event.hdr[ 1]=0x300a,  12298
Event.hdr[ 2]=0x2f01,  12033
Event.hdr[ 3]=0xa711,  42769
Event.hdr[ 4]=0x00ca,    202
Event.hdr[ 5]=0x706e,  28782
Event.hdr[ 6]=0x4e09,  19977
Event.hdr[ 7]=0x0000,      0
Event.hdr[ 8]=0x0903,   2307
Event.hdr[ 9]=0x6f95,  28565
Event.hdr[10]=0x9409,  37897
Event.hdr[11]=0x12d9,   4825
Event.hdr[12]=0x89cc,  35276
Event.hdr[13]=0x0023,     35
Event.len=  44, Event.traceLen=  12 (in Bytes)
Event.len=  22, Event.traceLen=   6 (in 16 bit words)
Event.len=  11, Event.traceLen=   3 (in 32 bit words)
next start: 0xaaaaaaaa, pos= 352
0x1f31 module_id = 31 crystal_id = 0 digitizer_id = 3 chan_id = 1 ge_id = 124 channel = 31  -> is segment
ncrystal=1
wrote trace to CCpulse_005_00_01.xy
two's comp tempE  ::     618606     618606 0x0009706e |0000|0000|0000|1001|0111|0000|0110|1110|
rawE              ::     618606     618606 0x0009706e |0000|0000|0000|1001|0111|0000|0110|1110|
rawE (sign change)::     618606     618606 0x0009706e |0000|0000|0000|1001|0111|0000|0110|1110|
Event.ehi=           19331 0x00004b83
Event.ehi=1933 (gain changed)
Event.LEDts =         870386315009
Event.CFDts =      268757384298508

---------
new GTheader at pos=352 or 176 words (184):
Event.hdr[ 0]=0x1f32,   7986
Event.hdr[ 1]=0x300a,  12298
Event.hdr[ 2]=0x2f01,  12033
Event.hdr[ 3]=0xa711,  42769
Event.hdr[ 4]=0x00ca,    202
Event.hdr[ 5]=0x0613,   1555
Event.hdr[ 6]=0x0e00,   3584
Event.hdr[ 7]=0x0000,      0
Event.hdr[ 8]=0x0903,   2307
Event.hdr[ 9]=0xebef,  60399
Event.hdr[10]=0x85ff,  34303
Event.hdr[11]=0x0007,      7
Event.hdr[12]=0x7944,  31044
Event.hdr[13]=0x07ff,   2047
Event.len=  44, Event.traceLen=  12 (in Bytes)
Event.len=  22, Event.traceLen=   6 (in 16 bit words)
Event.len=  11, Event.traceLen=   3 (in 32 bit words)
0x1f32 module_id = 31 crystal_id = 0 digitizer_id = 3 chan_id = 2 ge_id = 124 channel = 32  -> is segment
ncrystal=1
wrote trace to CCpulse_005_00_01.xy
two's comp tempE  ::       1555       1555 0x00000613 |0000|0000|0000|0000|0000|0110|0001|0011|
rawE              ::       1555       1555 0x00000613 |0000|0000|0000|0000|0000|0110|0001|0011|
rawE (sign change)::       1555       1555 0x00000613 |0000|0000|0000|0000|0000|0110|0001|0011|
Event.ehi=              48 0x00000030
Event.ehi=4 (gain changed)
Event.LEDts =         870386315009
Event.CFDts =      281423436120076
exit bin_mode3
*end of event # 5
+++++++++++++++++++++++++++++++
ev#     5 GEB_TYPE_GT_MOD29      440Bytes TS=870386338799 curTS=870386338227 dTS= 572
GEBGetEv returned st=0
we have read 3748 bytes; CurEvNo=6

+++++++++++++++++++++++++++++++
*start event # 6 with multiplicity 1 looks like this:
 0>  1, GEB_TYPE_DECOMP      , TS=870386338227
entered bin_mode2: 6/10
ptinp->pad= 6, (ptinp->pad&0x000000ff)= 6
updated CCadd with    0.00
total number of hits in array: 0
exit bin_mode2
entered bin_mode3 @ event number: 6 
exit bin_mode3
*end of event # 6
+++++++++++++++++++++++++++++++
ev#     6 GEB_TYPE_DECOMP        464Bytes TS=870386342297 curTS=870386338799 dTS= 3498
GEBGetEv returned st=0
we have read 4228 bytes; CurEvNo=7

+++++++++++++++++++++++++++++++
*start event # 7 with multiplicity 1 looks like this:
 0>  8, GEB_TYPE_GT_MOD29    , TS=870386338799
entered bin_mode2: 7/10
updated CCadd with    0.00
total number of hits in array: 0
exit bin_mode2
entered bin_mode3 @ event number: 7 

bin_mode3:  0>  8, GEB_TYPE_GT_MOD29    , TS=870386338799, 0xcaa7118bef; payload length: 440 bytes

---------
new GTheader at pos=0 or 0 words (8):
Event.hdr[ 0]=0x1f38,   7992
Event.hdr[ 1]=0x300a,  12298
Event.hdr[ 2]=0x8bef,  35823
Event.hdr[ 3]=0xa711,  42769
Event.hdr[ 4]=0x00ca,    202
Event.hdr[ 5]=0x8a46,  35398
Event.hdr[ 6]=0x1ff9,   8185
Event.hdr[ 7]=0x5ced,  23789
Event.hdr[ 8]=0x0000,      0
Event.hdr[ 9]=0xde53,  56915
Event.hdr[10]=0xd7fc,  55292
Event.hdr[11]=0xf98f,  63887
Event.hdr[12]=0x30ff,  12543
Event.hdr[13]=0x07f3,   2035
Event.len=  44, Event.traceLen=  12 (in Bytes)
Event.len=  22, Event.traceLen=   6 (in 16 bit words)
Event.len=  11, Event.traceLen=   3 (in 32 bit words)
next start: 0xaaaaaaaa, pos= 44
0x1f38 module_id = 31 crystal_id = 0 digitizer_id = 3 chan_id = 8 ge_id = 124 channel = 38  -> is segment
open superpulse_007_00_01.xy at Event.chan_id = 8
open CCpulse_007_00_01.xy at Event.chan_id = 8
ncrystal=1
wrote trace to CCpulse_007_00_01.xy
two's comp tempE  ::   16353862   16353862 0x00f98a46 |0000|0000|1111|1001|1000|1010|0100|0110|
rawE              :: 4294543942    -423354 0xfff98a46 |1111|1111|1111|1001|1000|1010|0100|0110|
rawE (sign change)::     423354     423354 0x000675ba |0000|0000|0000|0110|0111|0101|1011|1010|
Event.ehi=           13229 0x000033ad
Event.ehi=1322 (gain changed)
Event.LEDts =         870386338799
Event.CFDts =         399439953932

---------
new GTheader at pos=44 or 22 words (30):
Event.hdr[ 0]=0x1f39,   7993
Event.hdr[ 1]=0x300a,  12298
Event.hdr[ 2]=0x8bef,  35823
Event.hdr[ 3]=0xa711,  42769
Event.hdr[ 4]=0x00ca,    202
Event.hdr[ 5]=0x00ec,    236
Event.hdr[ 6]=0x0e00,   3584
Event.hdr[ 7]=0x5ced,  23789
Event.hdr[ 8]=0x0000,      0
Event.hdr[ 9]=0xf5eb,  62955
Event.hdr[10]=0xa1ff,  41471
Event.hdr[11]=0xffef,  65519
Event.hdr[12]=0xe56b,  58731
Event.hdr[13]=0x07ff,   2047
Event.len=  44, Event.traceLen=  12 (in Bytes)
Event.len=  22, Event.traceLen=   6 (in 16 bit words)
Event.len=  11, Event.traceLen=   3 (in 32 bit words)
next start: 0xaaaaaaaa, pos= 88
0x1f39 module_id = 31 crystal_id = 0 digitizer_id = 3 chan_id = 9 ge_id = 124 channel = 39  -> is CC
ncrystal=1
wrote trace to CCpulse_007_00_01.xy
two's comp tempE  ::        236        236 0x000000ec |0000|0000|0000|0000|0000|0000|1110|1100|
rawE              ::        236        236 0x000000ec |0000|0000|0000|0000|0000|0000|1110|1100|
rawE (sign change)::        236        236 0x000000ec |0000|0000|0000|0000|0000|0000|1110|1100|
Event.ehi=               7 0x00000007
Event.ehi=0 (gain changed)
Event.LEDts =         870386338799
Event.CFDts =         309242363916

---------
new GTheader at pos=88 or 44 words (52):
Event.hdr[ 0]=0x1f30,   7984
Event.hdr[ 1]=0x300a,  12298
Event.hdr[ 2]=0x8bef,  35823
Event.hdr[ 3]=0xa711,  42769
Event.hdr[ 4]=0x00ca,    202
Event.hdr[ 5]=0x5051,  20561
Event.hdr[ 6]=0x4e0c,  19980
Event.hdr[ 7]=0x5ced,  23789
Event.hdr[ 8]=0x0000,      0
Event.hdr[ 9]=0x4ffd,  20477
Event.hdr[10]=0x2a0c,  10764
Event.hdr[11]=0x16e7,   5863
Event.hdr[12]=0x36e8,  14056
Event.hdr[13]=0x0030,     48
Event.len=  44, Event.traceLen=  12 (in Bytes)
Event.len=  22, Event.traceLen=   6 (in 16 bit words)
Event.len=  11, Event.traceLen=   3 (in 32 bit words)
next start: 0xaaaaaaaa, pos= 132
0x1f30 module_id = 31 crystal_id = 0 digitizer_id = 3 chan_id = 0 ge_id = 124 channel = 30  -> is segment
ncrystal=1
wrote trace to CCpulse_007_00_01.xy
two's comp tempE  ::     806993     806993 0x000c5051 |0000|0000|0000|1100|0101|0000|0101|0001|
rawE              ::     806993     806993 0x000c5051 |0000|0000|0000|1100|0101|0000|0101|0001|
rawE (sign change)::     806993     806993 0x000c5051 |0000|0000|0000|1100|0101|0000|0101|0001|
Event.ehi=           25218 0x00006282
Event.ehi=2521 (gain changed)
Event.LEDts =         870386338799
Event.CFDts =      264535367286796

---------
new GTheader at pos=132 or 66 words (74):
Event.hdr[ 0]=0x1f31,   7985
Event.hdr[ 1]=0x300a,  12298
Event.hdr[ 2]=0x8bef,  35823
Event.hdr[ 3]=0xa711,  42769
Event.hdr[ 4]=0x00ca,    202
Event.hdr[ 5]=0xfbe8,  64488
Event.hdr[ 6]=0x4e09,  19977
Event.hdr[ 7]=0x5ced,  23789
Event.hdr[ 8]=0x0000,      0
Event.hdr[ 9]=0xfad6,  64214
Event.hdr[10]=0x2a09,  10761
Event.hdr[11]=0x12df,   4831
Event.hdr[12]=0xb328,  45864
Event.hdr[13]=0x0025,     37
Event.len=  44, Event.traceLen=  12 (in Bytes)
Event.len=  22, Event.traceLen=   6 (in 16 bit words)
Event.len=  11, Event.traceLen=   3 (in 32 bit words)
next start: 0xaaaaaaaa, pos= 176
0x1f31 module_id = 31 crystal_id = 0 digitizer_id = 3 chan_id = 1 ge_id = 124 channel = 31  -> is segment
ncrystal=1
wrote trace to CCpulse_007_00_01.xy
two's comp tempE  ::     654312     654312 0x0009fbe8 |0000|0000|0000|1001|1111|1011|1110|1000|
rawE              ::     654312     654312 0x0009fbe8 |0000|0000|0000|1001|1111|1011|1110|1000|
rawE (sign change)::     654312     654312 0x0009fbe8 |0000|0000|0000|1001|1111|1011|1110|1000|
Event.ehi=           20447 0x00004fdf
Event.ehi=2044 (gain changed)
Event.LEDts =         870386338799
Event.CFDts =      268014343618572

---------
new GTheader at pos=176 or 88 words (96):
Event.hdr[ 0]=0x1f32,   7986
Event.hdr[ 1]=0x300a,  12298
Event.hdr[ 2]=0x8bef,  35823
Event.hdr[ 3]=0xa711,  42769
Event.hdr[ 4]=0x00ca,    202
Event.hdr[ 5]=0x118a,   4490
Event.hdr[ 6]=0x0e00,   3584
Event.hdr[ 7]=0x5ced,  23789
Event.hdr[ 8]=0x0000,      0
Event.hdr[ 9]=0xe62f,  58927
Event.hdr[10]=0xdfff,  57343
Event.hdr[11]=0xffd7,  65495
Event.hdr[12]=0x0f0b,   3851
Event.hdr[13]=0x0000,      0
Event.len=  44, Event.traceLen=  12 (in Bytes)
Event.len=  22, Event.traceLen=   6 (in 16 bit words)
Event.len=  11, Event.traceLen=   3 (in 32 bit words)
next start: 0xaaaaaaaa, pos= 220
0x1f32 module_id = 31 crystal_id = 0 digitizer_id = 3 chan_id = 2 ge_id = 124 channel = 32  -> is segment
ncrystal=1
wrote trace to CCpulse_007_00_01.xy
two's comp tempE  ::       4490       4490 0x0000118a |0000|0000|0000|0000|0001|0001|1000|1010|
rawE              ::       4490       4490 0x0000118a |0000|0000|0000|0000|0001|0001|1000|1010|
rawE (sign change)::       4490       4490 0x0000118a |0000|0000|0000|0000|0001|0001|1000|1010|
Event.ehi=             140 0x0000008c
Event.ehi=14 (gain changed)
Event.LEDts =         870386338799
Event.CFDts =      281389075791884

---------
new GTheader at pos=220 or 110 words (118):
Event.hdr[ 0]=0x1f33,   7987
Event.hdr[ 1]=0x300a,  12298
Event.hdr[ 2]=0x8bef,  35823
Event.hdr[ 3]=0xa711,  42769
Event.hdr[ 4]=0x00ca,    202
Event.hdr[ 5]=0xe3c3,  58307
Event.hdr[ 6]=0x4e0a,  19978
Event.hdr[ 7]=0x5ced,  23789
Event.hdr[ 8]=0x0000,      0
Event.hdr[ 9]=0xe280,  57984
Event.hdr[10]=0x480a,  18442
Event.hdr[11]=0x18d1,   6353
Event.hdr[12]=0x2730,  10032
Event.hdr[13]=0x002b,     43
Event.len=  44, Event.traceLen=  12 (in Bytes)
Event.len=  22, Event.traceLen=   6 (in 16 bit words)
Event.len=  11, Event.traceLen=   3 (in 32 bit words)
next start: 0xaaaaaaaa, pos= 264
0x1f33 module_id = 31 crystal_id = 0 digitizer_id = 3 chan_id = 3 ge_id = 124 channel = 33  -> is segment
ncrystal=1
wrote trace to CCpulse_007_00_01.xy
two's comp tempE  ::     713667     713667 0x000ae3c3 |0000|0000|0000|1010|1110|0011|1100|0011|
rawE              ::     713667     713667 0x000ae3c3 |0000|0000|0000|1010|1110|0011|1100|0011|
rawE (sign change)::     713667     713667 0x000ae3c3 |0000|0000|0000|1010|1110|0011|1100|0011|
Event.ehi=           22302 0x0000571e
Event.ehi=2230 (gain changed)
Event.LEDts =         870386338799
Event.CFDts =      266481017159692

---------
new GTheader at pos=264 or 132 words (140):
Event.hdr[ 0]=0x1f34,   7988
Event.hdr[ 1]=0x300a,  12298
Event.hdr[ 2]=0x8bef,  35823
Event.hdr[ 3]=0xa711,  42769
Event.hdr[ 4]=0x00ca,    202
Event.hdr[ 5]=0x007c,    124
Event.hdr[ 6]=0x0e00,   3584
Event.hdr[ 7]=0x5ced,  23789
Event.hdr[ 8]=0x0000,      0
Event.hdr[ 9]=0xffa6,  65446
Event.hdr[10]=0xa1ff,  41471
Event.hdr[11]=0xffff,  65535
Event.hdr[12]=0x012f,    303
Event.hdr[13]=0x0000,      0
Event.len=  44, Event.traceLen=  12 (in Bytes)
Event.len=  22, Event.traceLen=   6 (in 16 bit words)
Event.len=  11, Event.traceLen=   3 (in 32 bit words)
next start: 0xaaaaaaaa, pos= 308
0x1f34 module_id = 31 crystal_id = 0 digitizer_id = 3 chan_id = 4 ge_id = 124 channel = 34  -> is segment
ncrystal=1
wrote trace to CCpulse_007_00_01.xy
two's comp tempE  ::        124        124 0x0000007c |0000|0000|0000|0000|0000|0000|0111|1100|
rawE              ::        124        124 0x0000007c |0000|0000|0000|0000|0000|0000|0111|1100|
rawE (sign change)::        124        124 0x0000007c |0000|0000|0000|0000|0000|0000|0111|1100|
Event.ehi=               3 0x00000003
Event.ehi=0 (gain changed)
Event.LEDts =         870386338799
Event.CFDts =         261996806156

---------
new GTheader at pos=308 or 154 words (162):
Event.hdr[ 0]=0x1f35,   7989
Event.hdr[ 1]=0x300a,  12298
Event.hdr[ 2]=0x8bef,  35823
Event.hdr[ 3]=0xa711,  42769
Event.hdr[ 4]=0x00ca,    202
Event.hdr[ 5]=0x1e14,   7700
Event.hdr[ 6]=0x4e08,  19976
Event.hdr[ 7]=0x5ced,  23789
Event.hdr[ 8]=0x0000,      0
Event.hdr[ 9]=0x1cb4,   7348
Event.hdr[10]=0x4a08,  18952
Event.hdr[11]=0x10f5,   4341
Event.hdr[12]=0x28a4,  10404
Event.hdr[13]=0x0022,     34
Event.len=  44, Event.traceLen=  12 (in Bytes)
Event.len=  22, Event.traceLen=   6 (in 16 bit words)
Event.len=  11, Event.traceLen=   3 (in 32 bit words)
next start: 0xaaaaaaaa, pos= 352
0x1f35 module_id = 31 crystal_id = 0 digitizer_id = 3 chan_id = 5 ge_id = 124 channel = 35  -> is segment
ncrystal=1
wrote trace to CCpulse_007_00_01.xy
two's comp tempE  ::     531988     531988 0x00081e14 |0000|0000|0000|1000|0001|1110|0001|0100|
rawE              ::     531988     531988 0x00081e14 |0000|0000|0000|1000|0001|1110|0001|0100|
rawE (sign change)::     531988     531988 0x00081e14 |0000|0000|0000|1000|0001|1110|0001|0100|
Event.ehi=           16624 0x000040f0
Event.ehi=1662 (gain changed)
Event.LEDts =         870386338799
Event.CFDts =      270179040231436

---------
new GTheader at pos=352 or 176 words (184):
Event.hdr[ 0]=0x1f36,   7990
Event.hdr[ 1]=0x300a,  12298
Event.hdr[ 2]=0x8bef,  35823
Event.hdr[ 3]=0xa711,  42769
Event.hdr[ 4]=0x00ca,    202
Event.hdr[ 5]=0x1344,   4932
Event.hdr[ 6]=0x0e00,   3584
Event.hdr[ 7]=0x5ced,  23789
Event.hdr[ 8]=0x0000,      0
Event.hdr[ 9]=0x12b9,   4793
Event.hdr[10]=0x7e00,  32256
Event.hdr[11]=0x000d,     13
Event.hdr[12]=0x7e90,  32400
Event.hdr[13]=0x0009,      9
Event.len=  44, Event.traceLen=  12 (in Bytes)
Event.len=  22, Event.traceLen=   6 (in 16 bit words)
Event.len=  11, Event.traceLen=   3 (in 32 bit words)
next start: 0xaaaaaaaa, pos= 396
0x1f36 module_id = 31 crystal_id = 0 digitizer_id = 3 chan_id = 6 ge_id = 124 channel = 36  -> is segment
ncrystal=1
wrote trace to CCpulse_007_00_01.xy
two's comp tempE  ::       4932       4932 0x00001344 |0000|0000|0000|0000|0001|0011|0100|0100|
rawE              ::       4932       4932 0x00001344 |0000|0000|0000|0000|0001|0011|0100|0100|
rawE (sign change)::       4932       4932 0x00001344 |0000|0000|0000|0000|0001|0011|0100|0100|
Event.ehi=             154 0x0000009a
Event.ehi=15 (gain changed)
Event.LEDts =         870386338799
Event.CFDts =      281285995331596

---------
new GTheader at pos=396 or 198 words (206):
Event.hdr[ 0]=0x1f37,   7991
Event.hdr[ 1]=0x300a,  12298
Event.hdr[ 2]=0x8bef,  35823
Event.hdr[ 3]=0xa711,  42769
Event.hdr[ 4]=0x00ca,    202
Event.hdr[ 5]=0x072f,   1839
Event.hdr[ 6]=0x0e00,   3584
Event.hdr[ 7]=0x5ced,  23789
Event.hdr[ 8]=0x0000,      0
Event.hdr[ 9]=0xf370,  62320
Event.hdr[10]=0x17ff,   6143
Event.hdr[11]=0xffe8,  65512
Event.hdr[12]=0x7be7,  31719
Event.hdr[13]=0x0002,      2
Event.len=  44, Event.traceLen=  12 (in Bytes)
Event.len=  22, Event.traceLen=   6 (in 16 bit words)
Event.len=  11, Event.traceLen=   3 (in 32 bit words)
0x1f37 module_id = 31 crystal_id = 0 digitizer_id = 3 chan_id = 7 ge_id = 124 channel = 37  -> is segment
ncrystal=1
wrote trace to CCpulse_007_00_01.xy
two's comp tempE  ::       1839       1839 0x0000072f |0000|0000|0000|0000|0000|0111|0010|1111|
rawE              ::       1839       1839 0x0000072f |0000|0000|0000|0000|0000|0111|0010|1111|
rawE (sign change)::       1839       1839 0x0000072f |0000|0000|0000|0000|0000|0111|0010|1111|
Event.ehi=              57 0x00000039
Event.ehi=5 (gain changed)
Event.LEDts =         870386338799
Event.CFDts =      281423435989004
exit bin_mode3
*end of event # 7
+++++++++++++++++++++++++++++++
ev#     7 GEB_TYPE_GT_MOD29      440Bytes TS=870386342451 curTS=870386342297 dTS= 154
GEBGetEv returned st=0
we have read 4684 bytes; CurEvNo=8

+++++++++++++++++++++++++++++++
*start event # 8 with multiplicity 1 looks like this:
 0>  1, GEB_TYPE_DECOMP      , TS=870386342297
entered bin_mode2: 8/10
ptinp->pad= 6, (ptinp->pad&0x000000ff)= 6
updated CCadd with    0.00
total number of hits in array: 0
exit bin_mode2
entered bin_mode3 @ event number: 8 
exit bin_mode3
*end of event # 8
+++++++++++++++++++++++++++++++
ev#     8 GEB_TYPE_DECOMP        464Bytes TS=870386373629 curTS=870386342451 dTS= 31178
GEBGetEv returned st=0
we have read 5164 bytes; CurEvNo=9

+++++++++++++++++++++++++++++++
*start event # 9 with multiplicity 1 looks like this:
 0>  8, GEB_TYPE_GT_MOD29    , TS=870386342451
entered bin_mode2: 9/10
updated CCadd with    0.00
total number of hits in array: 0
exit bin_mode2
entered bin_mode3 @ event number: 9 

bin_mode3:  0>  8, GEB_TYPE_GT_MOD29    , TS=870386342451, 0xcaa7119a33; payload length: 440 bytes

---------
new GTheader at pos=0 or 0 words (8):
Event.hdr[ 0]=0x1f38,   7992
Event.hdr[ 1]=0x300a,  12298
Event.hdr[ 2]=0x9a33,  39475
Event.hdr[ 3]=0xa711,  42769
Event.hdr[ 4]=0x00ca,    202
Event.hdr[ 5]=0x896e,  35182
Event.hdr[ 6]=0x1ff9,   8185
Event.hdr[ 7]=0x0e43,   3651
Event.hdr[ 8]=0x5ced,  23789
Event.hdr[ 9]=0xcb35,  52021
Event.hdr[10]=0xa7fc,  43004
Event.hdr[11]=0xf9bc,  63932
Event.hdr[12]=0x1faf,   8111
Event.hdr[13]=0x07f3,   2035
Event.len=  44, Event.traceLen=  12 (in Bytes)
Event.len=  22, Event.traceLen=   6 (in 16 bit words)
Event.len=  11, Event.traceLen=   3 (in 32 bit words)
next start: 0xaaaaaaaa, pos= 44
0x1f38 module_id = 31 crystal_id = 0 digitizer_id = 3 chan_id = 8 ge_id = 124 channel = 38  -> is segment
open superpulse_009_00_01.xy at Event.chan_id = 8
open CCpulse_009_00_01.xy at Event.chan_id = 8
ncrystal=1
wrote trace to CCpulse_009_00_01.xy
two's comp tempE  ::   16353646   16353646 0x00f9896e |0000|0000|1111|1001|1000|1001|0110|1110|
rawE              :: 4294543726    -423570 0xfff9896e |1111|1111|1111|1001|1000|1001|0110|1110|
rawE (sign change)::     423570     423570 0x00067692 |0000|0000|0000|0110|0111|0110|1001|0010|
Event.ehi=           13236 0x000033b4
Event.ehi=1323 (gain changed)
Event.LEDts =         870386342451
Event.CFDts =         481045970956

---------
new GTheader at pos=44 or 22 words (30):
Event.hdr[ 0]=0x1f39,   7993
Event.hdr[ 1]=0x300a,  12298
Event.hdr[ 2]=0x9a33,  39475
Event.hdr[ 3]=0xa711,  42769
Event.hdr[ 4]=0x00ca,    202
Event.hdr[ 5]=0x0337,    823
Event.hdr[ 6]=0x0e00,   3584
Event.hdr[ 7]=0x0e43,   3651
Event.hdr[ 8]=0x5ced,  23789
Event.hdr[ 9]=0xf747,  63303
Event.hdr[10]=0xd7ff,  55295
Event.hdr[11]=0xffeb,  65515
Event.hdr[12]=0xdf43,  57155
Event.hdr[13]=0x07ff,   2047
Event.len=  44, Event.traceLen=  12 (in Bytes)
Event.len=  22, Event.traceLen=   6 (in 16 bit words)
Event.len=  11, Event.traceLen=   3 (in 32 bit words)
next start: 0xaaaaaaaa, pos= 88
0x1f39 module_id = 31 crystal_id = 0 digitizer_id = 3 chan_id = 9 ge_id = 124 channel = 39  -> is CC
ncrystal=1
wrote trace to CCpulse_009_00_01.xy
two's comp tempE  ::        823        823 0x00000337 |0000|0000|0000|0000|0000|0011|0011|0111|
rawE              ::        823        823 0x00000337 |0000|0000|0000|0000|0000|0011|0011|0111|
rawE (sign change)::        823        823 0x00000337 |0000|0000|0000|0000|0000|0011|0011|0111|
Event.ehi=              25 0x00000019
Event.ehi=2 (gain changed)
Event.LEDts =         870386342451
Event.CFDts =         300652363788

---------
new GTheader at pos=88 or 44 words (52):
Event.hdr[ 0]=0x1f30,   7984
Event.hdr[ 1]=0x300a,  12298
Event.hdr[ 2]=0x9a33,  39475
Event.hdr[ 3]=0xa711,  42769
Event.hdr[ 4]=0x00ca,    202
Event.hdr[ 5]=0x5296,  21142
Event.hdr[ 6]=0x4e0b,  19979
Event.hdr[ 7]=0x0e43,   3651
Event.hdr[ 8]=0x5ced,  23789
Event.hdr[ 9]=0x51b3,  20915
Event.hdr[10]=0xfa0b,  64011
Event.hdr[11]=0x189f,   6303
Event.hdr[12]=0xce54,  52820
Event.hdr[13]=0x002d,     45
Event.len=  44, Event.traceLen=  12 (in Bytes)
Event.len=  22, Event.traceLen=   6 (in 16 bit words)
Event.len=  11, Event.traceLen=   3 (in 32 bit words)
next start: 0xaaaaaaaa, pos= 132
0x1f30 module_id = 31 crystal_id = 0 digitizer_id = 3 chan_id = 0 ge_id = 124 channel = 30  -> is segment
ncrystal=1
wrote trace to CCpulse_009_00_01.xy
two's comp tempE  ::     742038     742038 0x000b5296 |0000|0000|0000|1011|0101|0010|1001|0110|
rawE              ::     742038     742038 0x000b5296 |0000|0000|0000|1011|0101|0010|1001|0110|
rawE (sign change)::     742038     742038 0x000b5296 |0000|0000|0000|1011|0101|0010|1001|0110|
Event.ehi=           23188 0x00005a94
Event.ehi=2318 (gain changed)
Event.LEDts =         870386342451
Event.CFDts =      265892597792780

---------
new GTheader at pos=132 or 66 words (74):
Event.hdr[ 0]=0x1f31,   7985
Event.hdr[ 1]=0x300a,  12298
Event.hdr[ 2]=0x9a33,  39475
Event.hdr[ 3]=0xa711,  42769
Event.hdr[ 4]=0x00ca,    202
Event.hdr[ 5]=0x2dc2,  11714
Event.hdr[ 6]=0x4e08,  19976
Event.hdr[ 7]=0x0e43,   3651
Event.hdr[ 8]=0x5ced,  23789
Event.hdr[ 9]=0x2d59,  11609
Event.hdr[10]=0xac08,  44040
Event.hdr[11]=0x13f5,   5109
Event.hdr[12]=0xbe54,  48724
Event.hdr[13]=0x0025,     37
Event.len=  44, Event.traceLen=  12 (in Bytes)
Event.len=  22, Event.traceLen=   6 (in 16 bit words)
Event.len=  11, Event.traceLen=   3 (in 32 bit words)
next start: 0xaaaaaaaa, pos= 176
0x1f31 module_id = 31 crystal_id = 0 digitizer_id = 3 chan_id = 1 ge_id = 124 channel = 31  -> is segment
ncrystal=1
wrote trace to CCpulse_009_00_01.xy
two's comp tempE  ::     536002     536002 0x00082dc2 |0000|0000|0000|1000|0010|1101|1100|0010|
rawE              ::     536002     536002 0x00082dc2 |0000|0000|0000|1000|0010|1101|1100|0010|
rawE (sign change)::     536002     536002 0x00082dc2 |0000|0000|0000|1000|0010|1101|1100|0010|
Event.ehi=           16750 0x0000416e
Event.ehi=1675 (gain changed)
Event.LEDts =         870386342451
Event.CFDts =      270376612003852

---------
new GTheader at pos=176 or 88 words (96):
Event.hdr[ 0]=0x1f32,   7986
Event.hdr[ 1]=0x300a,  12298
Event.hdr[ 2]=0x9a33,  39475
Event.hdr[ 3]=0xa711,  42769
Event.hdr[ 4]=0x00ca,    202
Event.hdr[ 5]=0x7910,  30992
Event.hdr[ 6]=0x0e00,   3584
Event.hdr[ 7]=0x0e43,   3651
Event.hdr[ 8]=0x5ced,  23789
Event.hdr[ 9]=0x07af,   1967
Event.hdr[10]=0x5e00,  24064
Event.hdr[11]=0xffcc,  65484
Event.hdr[12]=0xafbf,  44991
Event.hdr[13]=0x07ff,   2047
Event.len=  44, Event.traceLen=  12 (in Bytes)
Event.len=  22, Event.traceLen=   6 (in 16 bit words)
Event.len=  11, Event.traceLen=   3 (in 32 bit words)
next start: 0xaaaaaaaa, pos= 220
0x1f32 module_id = 31 crystal_id = 0 digitizer_id = 3 chan_id = 2 ge_id = 124 channel = 32  -> is segment
ncrystal=1
wrote trace to CCpulse_009_00_01.xy
two's comp tempE  ::      30992      30992 0x00007910 |0000|0000|0000|0000|0111|1001|0001|0000|
rawE              ::      30992      30992 0x00007910 |0000|0000|0000|0000|0111|1001|0001|0000|
rawE (sign change)::      30992      30992 0x00007910 |0000|0000|0000|0000|0111|1001|0001|0000|
Event.ehi=             968 0x000003c8
Event.ehi=96 (gain changed)
Event.LEDts =         870386342451
Event.CFDts =      281380485922828

---------
new GTheader at pos=220 or 110 words (118):
Event.hdr[ 0]=0x1f33,   7987
Event.hdr[ 1]=0x300a,  12298
Event.hdr[ 2]=0x9a33,  39475
Event.hdr[ 3]=0xa711,  42769
Event.hdr[ 4]=0x00ca,    202
Event.hdr[ 5]=0xde90,  56976
Event.hdr[ 6]=0x4e0b,  19979
Event.hdr[ 7]=0x0e43,   3651
Event.hdr[ 8]=0x5ced,  23789
Event.hdr[ 9]=0xdd75,  56693
Event.hdr[10]=0x000b,     11
Event.hdr[11]=0x15c5,   5573
Event.hdr[12]=0xa290,  41616
Event.hdr[13]=0x0031,     49
Event.len=  44, Event.traceLen=  12 (in Bytes)
Event.len=  22, Event.traceLen=   6 (in 16 bit words)
Event.len=  11, Event.traceLen=   3 (in 32 bit words)
next start: 0xaaaaaaaa, pos= 264
0x1f33 module_id = 31 crystal_id = 0 digitizer_id = 3 chan_id = 3 ge_id = 124 channel = 33  -> is segment
ncrystal=1
wrote trace to CCpulse_009_00_01.xy
two's comp tempE  ::     777872     777872 0x000bde90 |0000|0000|0000|1011|1101|1110|1001|0000|
rawE              ::     777872     777872 0x000bde90 |0000|0000|0000|1011|1101|1110|1001|0000|
rawE (sign change)::     777872     777872 0x000bde90 |0000|0000|0000|1011|1101|1110|1001|0000|
Event.ehi=           24308 0x00005ef4
Event.ehi=2430 (gain changed)
Event.LEDts =         870386342451
Event.CFDts =      265171032014860

---------
new GTheader at pos=264 or 132 words (140):
Event.hdr[ 0]=0x1f34,   7988
Event.hdr[ 1]=0x300a,  12298
Event.hdr[ 2]=0x9a33,  39475
Event.hdr[ 3]=0xa711,  42769
Event.hdr[ 4]=0x00ca,    202
Event.hdr[ 5]=0x000a,     10
Event.hdr[ 6]=0x0e00,   3584
Event.hdr[ 7]=0x0e43,   3651
Event.hdr[ 8]=0x5ced,  23789
Event.hdr[ 9]=0xffa5,  65445
Event.hdr[10]=0x4dff,  19967
Event.hdr[11]=0xffff,  65535
Event.hdr[12]=0xff43,  65347
Event.hdr[13]=0x07ff,   2047
Event.len=  44, Event.traceLen=  12 (in Bytes)
Event.len=  22, Event.traceLen=   6 (in 16 bit words)
Event.len=  11, Event.traceLen=   3 (in 32 bit words)
next start: 0xaaaaaaaa, pos= 308
0x1f34 module_id = 31 crystal_id = 0 digitizer_id = 3 chan_id = 4 ge_id = 124 channel = 34  -> is segment
ncrystal=1
wrote trace to CCpulse_009_00_01.xy
two's comp tempE  ::         10         10 0x0000000a |0000|0000|0000|0000|0000|0000|0000|1010|
rawE              ::         10         10 0x0000000a |0000|0000|0000|0000|0000|0000|0000|1010|
rawE (sign change)::         10         10 0x0000000a |0000|0000|0000|0000|0000|0000|0000|1010|
Event.ehi=               0 0x00000000
Event.ehi=0 (gain changed)
Event.LEDts =         870386342451
Event.CFDts =         253406871564

---------
new GTheader at pos=308 or 154 words (162):
Event.hdr[ 0]=0x1f35,   7989
Event.hdr[ 1]=0x300a,  12298
Event.hdr[ 2]=0x9a33,  39475
Event.hdr[ 3]=0xa711,  42769
Event.hdr[ 4]=0x00ca,    202
Event.hdr[ 5]=0xc623,  50723
Event.hdr[ 6]=0x4e0a,  19978
Event.hdr[ 7]=0x0e43,   3651
Event.hdr[ 8]=0x5ced,  23789
Event.hdr[ 9]=0xc5bf,  50623
Event.hdr[10]=0x680a,  26634
Event.hdr[11]=0x1039,   4153
Event.hdr[12]=0xea94,  60052
Event.hdr[13]=0x0021,     33
Event.len=  44, Event.traceLen=  12 (in Bytes)
Event.len=  22, Event.traceLen=   6 (in 16 bit words)
Event.len=  11, Event.traceLen=   3 (in 32 bit words)
next start: 0xaaaaaaaa, pos= 352
0x1f35 module_id = 31 crystal_id = 0 digitizer_id = 3 chan_id = 5 ge_id = 124 channel = 35  -> is segment
ncrystal=1
wrote trace to CCpulse_009_00_01.xy
two's comp tempE  ::     706083     706083 0x000ac623 |0000|0000|0000|1010|1100|0110|0010|0011|
rawE              ::     706083     706083 0x000ac623 |0000|0000|0000|1010|1100|0110|0010|0011|
rawE (sign change)::     706083     706083 0x000ac623 |0000|0000|0000|1010|1100|0110|0010|0011|
Event.ehi=           22065 0x00005631
Event.ehi=2206 (gain changed)
Event.LEDts =         870386342451
Event.CFDts =      266571212914700

---------
new GTheader at pos=352 or 176 words (184):
Event.hdr[ 0]=0x1f36,   7990
Event.hdr[ 1]=0x300a,  12298
Event.hdr[ 2]=0x9a33,  39475
Event.hdr[ 3]=0xa711,  42769
Event.hdr[ 4]=0x00ca,    202
Event.hdr[ 5]=0xf0ab,  61611
Event.hdr[ 6]=0x0e03,   3587
Event.hdr[ 7]=0x0e43,   3651
Event.hdr[ 8]=0x5ced,  23789
Event.hdr[ 9]=0x5003,  20483
Event.hdr[10]=0x7202,  29186
Event.hdr[11]=0x0025,     37
Event.hdr[12]=0x1afc,   6908
Event.hdr[13]=0x0000,      0
Event.len=  44, Event.traceLen=  12 (in Bytes)
Event.len=  22, Event.traceLen=   6 (in 16 bit words)
Event.len=  11, Event.traceLen=   3 (in 32 bit words)
next start: 0xaaaaaaaa, pos= 396
0x1f36 module_id = 31 crystal_id = 0 digitizer_id = 3 chan_id = 6 ge_id = 124 channel = 36  -> is segment
ncrystal=1
wrote trace to CCpulse_009_00_01.xy
two's comp tempE  ::     258219     258219 0x0003f0ab |0000|0000|0000|0011|1111|0000|1010|1011|
rawE              ::     258219     258219 0x0003f0ab |0000|0000|0000|0011|1111|0000|1010|1011|
rawE (sign change)::     258219     258219 0x0003f0ab |0000|0000|0000|0011|1111|0000|1010|1011|
Event.ehi=            8069 0x00001f85
Event.ehi=806 (gain changed)
Event.LEDts =         870386342451
Event.CFDts =      281384781021196

---------
new GTheader at pos=396 or 198 words (206):
Event.hdr[ 0]=0x1f37,   7991
Event.hdr[ 1]=0x300a,  12298
Event.hdr[ 2]=0x9a33,  39475
Event.hdr[ 3]=0xa711,  42769
Event.hdr[ 4]=0x00ca,    202
Event.hdr[ 5]=0x7f1a,  32538
Event.hdr[ 6]=0x0e01,   3585
Event.hdr[ 7]=0x0e43,   3651
Event.hdr[ 8]=0x5ced,  23789
Event.hdr[ 9]=0xa37a,  41850
Event.hdr[10]=0xe000,  57344
Event.hdr[11]=0xffe6,  65510
Event.hdr[12]=0xd02f,  53295
Event.hdr[13]=0x07ff,   2047
Event.len=  44, Event.traceLen=  12 (in Bytes)
Event.len=  22, Event.traceLen=   6 (in 16 bit words)
Event.len=  11, Event.traceLen=   3 (in 32 bit words)
0x1f37 module_id = 31 crystal_id = 0 digitizer_id = 3 chan_id = 7 ge_id = 124 channel = 37  -> is segment
ncrystal=1
wrote trace to CCpulse_009_00_01.xy
two's comp tempE  ::      98074      98074 0x00017f1a |0000|0000|0000|0001|0111|1111|0001|1010|
rawE              ::      98074      98074 0x00017f1a |0000|0000|0000|0001|0111|1111|0001|1010|
rawE (sign change)::      98074      98074 0x00017f1a |0000|0000|0000|0001|0111|1111|0001|1010|
Event.ehi=            3064 0x00000bf8
Event.ehi=306 (gain changed)
Event.LEDts =         870386342451
Event.CFDts =          25770131468
exit bin_mode3
*end of event # 9
+++++++++++++++++++++++++++++++
ev#     9 GEB_TYPE_DECOMP        464Bytes TS=870386373631 curTS=870386373629 dTS= 2
ev#     9 GEB_TYPE_GT_MOD29      440Bytes TS=870386374253 curTS=870386373629 dTS= 624
GEBGetEv returned st=0
we have read 6100 bytes; CurEvNo=10

+++++++++++++++++++++++++++++++
*start event # 10 with multiplicity 2 looks like this:
 0>  1, GEB_TYPE_DECOMP      , TS=870386373629
 1>  1, GEB_TYPE_DECOMP      , TS=870386373631
entered bin_mode2: 10/10
ptinp->pad= 6, (ptinp->pad&0x000000ff)= 6
ptinp->pad= 6, (ptinp->pad&0x000000ff)= 6
updated CCadd with    0.00
total number of hits in array: 0
exit bin_mode2
entered bin_mode3 @ event number: 10 
exit bin_mode3
*end of event # 10
+++++++++++++++++++++++++++++++
ev#    10 GEB_TYPE_DECOMP        464Bytes TS=870386374443 curTS=870386374253 dTS= 190
ev# 50000 GEB_TYPE_DECOMP        464Bytes TS=870820397549 curTS=870820397439 dTS= 110
ev# 50000 GEB_TYPE_DECOMP        464Bytes TS=870820428803 curTS=870820397439 dTS= 31364
ev# 100000 GEB_TYPE_GT_MOD29      440Bytes TS=871255676287 curTS=871255669355 dTS= 6932
ev# 150000 GEB_TYPE_DECOMP        464Bytes TS=871699915525 curTS=871699915517 dTS= 8
ev# 150000 GEB_TYPE_DECOMP        464Bytes TS=871699915947 curTS=871699915517 dTS= 430
ev# 200000 GEB_TYPE_GT_MOD29      440Bytes TS=872141631081 curTS=872141623663 dTS= 7418
ev# 250000 GEB_TYPE_DECOMP        464Bytes TS=872588431025 curTS=872588430965 dTS= 60
ev# 250000 GEB_TYPE_DECOMP        464Bytes TS=872588431025 curTS=872588430965 dTS= 60
ev# 250000 GEB_TYPE_DECOMP        464Bytes TS=872588431025 curTS=872588430965 dTS= 60
ev# 250000 GEB_TYPE_DECOMP        464Bytes TS=872588437135 curTS=872588430965 dTS= 6170
ev# 300000 GEB_TYPE_DECOMP        464Bytes TS=873031511473 curTS=873031511265 dTS= 208
ev# 350000 GEB_TYPE_DECOMP        464Bytes TS=873478241983 curTS=873478241635 dTS= 348
ev# 400000 GEB_TYPE_DECOMP        464Bytes TS=873928823675 curTS=873928791591 dTS= 32084
ev# 450000 GEB_TYPE_DECOMP        464Bytes TS=874365782481 curTS=874365782477 dTS= 4
ev# 450000 GEB_TYPE_DECOMP        464Bytes TS=874365782483 curTS=874365782477 dTS= 6
ev# 450000 GEB_TYPE_DECOMP        464Bytes TS=874365784369 curTS=874365782477 dTS= 1892
ev# 500000 GEB_TYPE_DECOMP        464Bytes TS=874810186027 curTS=874810152627 dTS= 33400
ev# 550000 GEB_TYPE_DECOMP        464Bytes TS=875250344707 curTS=875250344675 dTS= 32
ev# 550000 GEB_TYPE_DECOMP        464Bytes TS=875250344751 curTS=875250344675 dTS= 76
ev# 550000 GEB_TYPE_DECOMP        464Bytes TS=875250345709 curTS=875250344675 dTS= 1034
ev# 600000 GEB_TYPE_GT_MOD29      440Bytes TS=875685352889 curTS=875685352549 dTS= 340
ev# 650000 GEB_TYPE_DECOMP        464Bytes TS=876130532147 curTS=876130532141 dTS= 6
ev# 650000 GEB_TYPE_DECOMP        464Bytes TS=876130532147 curTS=876130532141 dTS= 6
ev# 650000 GEB_TYPE_GT_MOD29      440Bytes TS=876130535321 curTS=876130532141 dTS= 3180
ev# 700000 GEB_TYPE_DECOMP        464Bytes TS=876573484273 curTS=876573484087 dTS= 186
ev# 750000 GEB_TYPE_DECOMP        464Bytes TS=877003142143 curTS=877003141735 dTS= 408
ev# 800000 GEB_TYPE_DECOMP        464Bytes TS=877441893349 curTS=877441893347 dTS= 2
ev# 800000 GEB_TYPE_DECOMP        464Bytes TS=877441911095 curTS=877441893347 dTS= 17748
ev# 850000 GEB_TYPE_DECOMP        464Bytes TS=877890888415 curTS=877890888179 dTS= 236
ev# 900000 GEB_TYPE_DECOMP        464Bytes TS=878336667215 curTS=878336667197 dTS= 18
ev# 900000 GEB_TYPE_DECOMP        464Bytes TS=878336667291 curTS=878336667197 dTS= 94
ev# 900000 GEB_TYPE_GT_MOD29      440Bytes TS=878336667639 curTS=878336667197 dTS= 442
ev# 950000 GEB_TYPE_DECOMP        464Bytes TS=878781299295 curTS=878781299295 dTS= 0
ev# 950000 GEB_TYPE_DECOMP        464Bytes TS=878781299299 curTS=878781299295 dTS= 4
ev# 950000 GEB_TYPE_DECOMP        464Bytes TS=878781299301 curTS=878781299295 dTS= 6
ev# 950000 GEB_TYPE_GT_MOD29      440Bytes TS=878781299399 curTS=878781299295 dTS= 104
ev# 950000 GEB_TYPE_GT_MOD29      440Bytes TS=878781313763 curTS=878781299295 dTS= 14468

Sorting is done
attempting to save root or map file



mean observed polar and azimuth angles
for the detectors we saw (module,crystal)

------------------------------------------
mean pol/azi angle for detector  56 are   96.69/ 119.49
mean pol/azi angle for detector  57 are  100.41/ 138.32
mean pol/azi angle for detector  58 are   83.32/ 132.64
mean pol/azi angle for detector  59 are   79.62/ 114.02
mean pol/azi angle for detector  60 are   87.28/ 152.66
mean pol/azi angle for detector  61 are  105.27/ 157.67
mean pol/azi angle for detector  62 are   93.07/ 168.15
mean pol/azi angle for detector  63 are   73.89/ 165.94
mean pol/azi angle for detector  68 are   87.17/-134.97
mean pol/azi angle for detector  69 are  105.26/-130.02
mean pol/azi angle for detector  70 are   92.87/-116.89
mean pol/azi angle for detector  71 are   74.20/-121.84
mean pol/azi angle for detector  76 are   87.40/ -63.24
mean pol/azi angle for detector  77 are  105.22/ -58.11
mean pol/azi angle for detector  78 are   92.98/ -45.03
mean pol/azi angle for detector  79 are   74.22/ -49.89
mean pol/azi angle for detector  84 are  112.30/  33.61
mean pol/azi angle for detector  85 are  125.18/  17.41
mean pol/azi angle for detector  86 are  130.61/  39.25
mean pol/azi angle for detector  87 are  115.91/  52.92
mean pol/azi angle for detector  88 are  112.40/ 105.51
mean pol/azi angle for detector  89 are  124.92/  89.37
mean pol/azi angle for detector  90 are  130.76/ 111.13
mean pol/azi angle for detector  91 are  115.77/ 124.99
mean pol/azi angle for detector  96 are  112.59/-110.64
mean pol/azi angle for detector  97 are  124.84/-126.61
mean pol/azi angle for detector  98 are  130.89/-104.92
mean pol/azi angle for detector  99 are  115.82/ -91.05
mean pol/azi angle for detector 100 are  112.44/ -38.61
mean pol/azi angle for detector 101 are  124.73/ -54.98
mean pol/azi angle for detector 102 are  130.61/ -33.09
mean pol/azi angle for detector 103 are  115.82/ -19.08
mean pol/azi angle for detector 104 are  144.46/  88.22
mean pol/azi angle for detector 105 are  132.71/  65.89
mean pol/azi angle for detector 106 are  148.80/  53.88
mean pol/azi angle for detector 107 are  162.34/  88.34
mean pol/azi angle for detector 108 are  144.77/ 160.16
mean pol/azi angle for detector 109 are  132.72/ 137.97
mean pol/azi angle for detector 110 are  149.60/ 125.44
mean pol/azi angle for detector 111 are  162.22/ 110.78
mean pol/azi angle for detector 116 are  144.37/ -55.88
mean pol/azi angle for detector 117 are  132.56/ -78.19
mean pol/azi angle for detector 118 are  148.99/ -90.39
mean pol/azi angle for detector 119 are  162.40/ -56.12
we found 44 crystals
------------------------------------------

minimum pol angle between crystals is  18.65
compactness =  64.39%, 85 of 264
module hit statistics
module  14, crystal 0 was hit      92660 times
module  14, crystal 1 was hit      98144 times
module  14, crystal 2 was hit      96425 times
module  14, crystal 3 was hit      87075 times
module  15, crystal 0 was hit      99702 times
module  15, crystal 1 was hit      89625 times
module  15, crystal 2 was hit      84975 times
module  15, crystal 3 was hit      88043 times
module  17, crystal 0 was hit      74330 times
module  17, crystal 1 was hit      72369 times
module  17, crystal 2 was hit      72905 times
module  17, crystal 3 was hit      75678 times
module  19, crystal 0 was hit      69578 times
module  19, crystal 1 was hit      72690 times
module  19, crystal 2 was hit      84221 times
module  19, crystal 3 was hit      82222 times
module  21, crystal 0 was hit      84011 times
module  21, crystal 1 was hit      73524 times
module  21, crystal 2 was hit      88339 times
module  21, crystal 3 was hit      83526 times
module  22, crystal 0 was hit      91054 times
module  22, crystal 1 was hit      84880 times
module  22, crystal 2 was hit      94989 times
module  22, crystal 3 was hit      87903 times
module  24, crystal 0 was hit      77867 times
module  24, crystal 1 was hit      73858 times
module  24, crystal 2 was hit      77865 times
module  24, crystal 3 was hit      71925 times
module  25, crystal 0 was hit      73514 times
module  25, crystal 1 was hit      76131 times
module  25, crystal 2 was hit      73717 times
module  25, crystal 3 was hit      72235 times
module  26, crystal 0 was hit      84757 times
module  26, crystal 1 was hit      83458 times
module  26, crystal 2 was hit      81155 times
module  26, crystal 3 was hit      76971 times
module  27, crystal 0 was hit      87149 times
module  27, crystal 1 was hit      85494 times
module  27, crystal 2 was hit      87133 times
module  27, crystal 3 was hit      80102 times
module  29, crystal 0 was hit      72477 times
module  29, crystal 1 was hit      71353 times
module  29, crystal 2 was hit      78554 times
module  29, crystal 3 was hit      71360 times

bin_mode2: pad distribution
__id   0,      1549886, 92.84%
__id   2,          256,  0.02%
__id   3,          408,  0.02%
__id   4,          505,  0.03%
__id   5,         3267,  0.20%
__id   6,        11848,  0.71%
__id 128,       102996,  6.17%
__id 133,          205,  0.01%

bin_mode2 calculated mean CCsum energy to be  763.562 keV
bin_mode2 calculated mean CCadd energy to be 1199.669 keV
attempting to close root file...
Pars.f1->Write();
Pars.f1->Print();
TFile: name=/lcrc/project/HELIOS/gretinafma/root_data/run283.root, title=, option=CREATE
TH1.Print Name  = dtbtev, Entries= 2082624, Total sum= 2.08262e+06
TH1.Print Name  = T0, Entries= 0, Total sum= 0
TH1.Print Name  = hitpat, Entries= 1549886, Total sum= 1.54989e+06
TH1.Print Name  = numHitArray2, Entries= 1000000, Total sum= 756357
TH1.Print Name  = CCmult, Entries= 1000000, Total sum= 1e+06
TH1.Print Name  = CCsum, Entries= 3585836, Total sum= 1.54986e+06
TH1.Print Name  = hit2, Entries= 172329, Total sum= 172130
TH1.Print Name  = hit3, Entries= 94571, Total sum= 93879
TH1.Print Name  = hit4, Entries= 52758, Total sum= 51443
TH1.Print Name  = CCsum_nodop, Entries= 3585836, Total sum= 1.54986e+06
TH1.Print Name  = CCadd, Entries= 1000000, Total sum= 746656
TH1.Print Name  = SEGadd_FPGA, Entries= 200000000, Total sum= 1.5492e+06
TH1.Print Name  = SEGadd_PSA, Entries= 200000000, Total sum= 1.54102e+06
TH1.Print Name  = SEGsum_FPGA, Entries= 2408649, Total sum= 2.40822e+06
TH1.Print Name  = SEGsum_PSA, Entries= 3585943, Total sum= 3.55599e+06
TH1.Print Name  = radius_all, Entries= 3585942, Total sum= 3.58594e+06
TH1.Print Name  = rate_mode2_min, Entries= 1549885, Total sum= 25831.4
TH1.Print Name  = rate_mode2_sec, Entries= 1549885, Total sum= 1.54988e+06
TH1.Print Name  = rate_mode2_intp, Entries= 1549885, Total sum= 59765.7
TH1.Print Name  = cdtbtev, Entries= 515707, Total sum= 515707
TH1.Print Name  = evsr_all, Entries= 3585942, Total sum= 3.50005e+06
TH1.Print Name  = SMAP_allhits, Entries= 3585943, Total sum= 3.58594e+06
TH1.Print Name  = SMAP_allhits_sq, Entries= 3585943, Total sum= 3.58594e+06
TH1.Print Name  = seghitpat, Entries= 3585943, Total sum= 3.58594e+06
TH1.Print Name  = CCe, Entries= 3585836, Total sum= 1.54986e+06
TH1.Print Name  = ggCC, Entries= 3258296, Total sum= 2.85245e+06
TH1.Print Name  = z_plot, Entries= 3585943, Total sum= 3.58266e+06
TH1.Print Name  = crystal_hit, Entries= 0, Total sum= 0
TH1.Print Name  = SegE, Entries= 3585282, Total sum= 3.58528e+06
TH1.Print Name  = crXcr, Entries= 1629148, Total sum= 1.62915e+06
******************************************************************************
*Tree    :tree      : tree                                                   *
*Entries :  1000000 : Total =       155117600 bytes  File  Size =   37578351 *
*        :          : Tree compression factor =   4.13                       *
******************************************************************************
*Br    0 :runNumber : runNumber/I                                            *
*Entries :  1000000 : Total  Size=    4010225 bytes  File Size  =      30498 *
*Baskets :       99 : Basket Size=    1324032 bytes  Compression= 131.40     *
*............................................................................*
*Br    1 :numHits   : numHits/I                                              *
*Entries :  1000000 : Total  Size=    4010019 bytes  File Size  =      30301 *
*Baskets :       99 : Basket Size=    1323520 bytes  Compression= 132.25     *
*............................................................................*
*Br    2 :left      : left[numHits]/F                                        *
*Entries :  1000000 : Total  Size=    8030686 bytes  File Size  =    2815964 *
*Baskets :      294 : Basket Size=    8888320 bytes  Compression=   2.85     *
*............................................................................*
*Br    3 :right     : right[numHits]/F                                       *
*Entries :  1000000 : Total  Size=    8030984 bytes  File Size  =    2795492 *
*Baskets :      294 : Basket Size=    8888320 bytes  Compression=   2.87     *
*............................................................................*
*Br    4 :up        : up[numHits]/F                                          *
*Entries :  1000000 : Total  Size=    8030090 bytes  File Size  =    2768491 *
*Baskets :      294 : Basket Size=    8888320 bytes  Compression=   2.90     *
*............................................................................*
*Br    5 :down      : down[numHits]/F                                        *
*Entries :  1000000 : Total  Size=    8030686 bytes  File Size  =    2797559 *
*Baskets :      294 : Basket Size=    8888320 bytes  Compression=   2.87     *
*............................................................................*
*Br    6 :e1        : e1[numHits]/F                                          *
*Entries :  1000000 : Total  Size=    8030090 bytes  File Size  =    2707094 *
*Baskets :      294 : Basket Size=    8888320 bytes  Compression=   2.96     *
*............................................................................*
*Br    7 :e2        : e2[numHits]/F                                          *
*Entries :  1000000 : Total  Size=    8030090 bytes  File Size  =    2666507 *
*Baskets :      294 : Basket Size=    8888320 bytes  Compression=   3.01     *
*............................................................................*
*Br    8 :e3        : e3[numHits]/F                                          *
*Entries :  1000000 : Total  Size=    8030090 bytes  File Size  =    2586671 *
*Baskets :      294 : Basket Size=    8888320 bytes  Compression=   3.10     *
*............................................................................*
*Br    9 :tac       : tac[numHits]/F                                         *
*Entries :  1000000 : Total  Size=    8030388 bytes  File Size  =    2401099 *
*Baskets :      294 : Basket Size=    8888320 bytes  Compression=   3.34     *
*............................................................................*
*Br   10 :fmaDeltaTime : fmaDeltaTime[numHits]/F                             *
*Entries :  1000000 : Total  Size=    8033181 bytes  File Size  =    2402045 *
*Baskets :      295 : Basket Size=    8889344 bytes  Compression=   3.34     *
*............................................................................*
*Br   11 :fmaMult   : fmaMult[10]/I                                          *
*Entries :  1000000 : Total  Size=   40096267 bytes  File Size  =    1030067 *
*Baskets :      979 : Basket Size=   25600000 bytes  Compression=  38.90     *
*............................................................................*
*Br   12 :gammaMult : gammaMult/I                                            *
*Entries :  1000000 : Total  Size=    4010225 bytes  File Size  =     714184 *
*Baskets :       99 : Basket Size=    1324032 bytes  Compression=   5.61     *
*............................................................................*
*Br   13 :gammaEnergy : gammaEnergy[gammaMult]/F                             *
*Entries :  1000000 : Total  Size=   10238264 bytes  File Size  =    7287105 *
*Baskets :      348 : Basket Size=    9616896 bytes  Compression=   1.40     *
*............................................................................*
*Br   14 :gammaTimestamp : gammaTimestamp[gammaMult]/F                       *
*Entries :  1000000 : Total  Size=   10239320 bytes  File Size  =    2035852 *
*Baskets :      348 : Basket Size=    9617408 bytes  Compression=   5.03     *
*............................................................................*
*Br   15 :deltaTime : deltaTime[gammaMult]/F                                 *
*Entries :  1000000 : Total  Size=   10237560 bytes  File Size  =    2467337 *
*Baskets :      348 : Basket Size=    9616384 bytes  Compression=   4.15     *
*............................................................................*
TH1.Print Name  = eCC_a, Entries= 0, Total sum= 0
TH1.Print Name  = eCC_b, Entries= 0, Total sum= 0
TH1.Print Name  = eCC_c, Entries= 0, Total sum= 0
TH1.Print Name  = eCC_d, Entries= 117627, Total sum= 0
TH1.Print Name  = eSeg, Entries= 0, Total sum= 0
TH1.Print Name  = mode3_hitpat, Entries= 4107629, Total sum= 0
TH1.Print Name  = mode3_hitpat_chan, Entries= 4107629, Total sum= 4.10763e+06
TH1.Print Name  = chan0, Entries= 0, Total sum= 0
TH1.Print Name  = module, Entries= 4107629, Total sum= 4.10763e+06
TH1.Print Name  = chan, Entries= 4107629, Total sum= 4.10507e+06
TH1.Print Name  = l, Entries= 410763, Total sum= 410712
TH1.Print Name  = r, Entries= 410763, Total sum= 410752
TH1.Print Name  = up, Entries= 410763, Total sum= 410756
TH1.Print Name  = down, Entries= 410763, Total sum= 410759
TH1.Print Name  = sumlr, Entries= 398421, Total sum= 398421
TH1.Print Name  = sumud, Entries= 381072, Total sum= 381072
TH1.Print Name  = x, Entries= 398421, Total sum= 398421
TH1.Print Name  = y, Entries= 381072, Total sum= 381072
TH1.Print Name  = de1, Entries= 410763, Total sum= 410733
TH1.Print Name  = de2, Entries= 410763, Total sum= 410763
TH1.Print Name  = de3, Entries= 410763, Total sum= 409900
TH1.Print Name  = de12, Entries= 351398, Total sum= 351398
TH1.Print Name  = etot, Entries= 351398, Total sum= 351398
TH1.Print Name  = rftof, Entries= 410762, Total sum= 409382
TH1.Print Name  = lr, Entries= 1000000, Total sum= 999944
TH1.Print Name  = ud, Entries= 1000000, Total sum= 999993
TH1.Print Name  = ede1, Entries= 351398, Total sum= 351398
TH1.Print Name  = ede1g, Entries= 68271, Total sum= 68256
TH1.Print Name  = ede2, Entries= 351398, Total sum= 351398
TH1.Print Name  = ede12, Entries= 351398, Total sum= 351398
TH1.Print Name  = xde1, Entries= 351398, Total sum= 351398
TH1.Print Name  = erftof, Entries= 1000000, Total sum= 998620
TH1.Print Name  = erftofg, Entries= 27122, Total sum= 27058
TH1.Print Name  = sumehi, Entries= 1549886, Total sum= 1.54988e+06
TH1.Print Name  = tgppac, Entries= 1549886, Total sum= 390477
TH1.Print Name  = tgppacg, Entries= 68271, Total sum= 68271
TH1.Print Name  = xehi1, Entries= 1549886, Total sum= 1.54988e+06
TH1.Print Name  = xehi1g, Entries= 68271, Total sum= 68270
TH1.Print Name  = de1ehi, Entries= 1549886, Total sum= 1.54983e+06
TH1.Print Name  = de1ehig, Entries= 68271, Total sum= 68255
TH1.Print Name  = ng, Entries= 1000000, Total sum= 1e+06
TH1.Print Name  = ehiz1, Entries= 0, Total sum= 0
TH1.Print Name  = ehiz2, Entries= 0, Total sum= 0
TH1.Print Name  = ehiz3, Entries= 0, Total sum= 0
TH1.Print Name  = ehiz4, Entries= 0, Total sum= 0
TH1.Print Name  = ehiz5, Entries= 0, Total sum= 0
TH1.Print Name  = gg_dt, Entries= 80897, Total sum= 80897
TH1.Print Name  = gg, Entries= 161794, Total sum= 159448
TH1.Print Name  = gg_z1, Entries= 0, Total sum= 0
TH1.Print Name  = gg_z2, Entries= 0, Total sum= 0
TH1.Print Name  = gg_z3, Entries= 0, Total sum= 0
TH1.Print Name  = gg_z4, Entries= 0, Total sum= 0
TH1.Print Name  = gg_z5, Entries= 0, Total sum= 0
Pars.f1->Close();
done saving rootfile "/lcrc/project/HELIOS/gretinafma/root_data/run283.root


read 1000000 events; Pars.beta=0.0330; time since last update 1 minutes
CommandFileName="GEBSort.command"

sorted timestamp range 870386265835-->879231534741: 8845268906
that is 88.5 seconds or 0h1m28s
^^^^^ any timestamp jumps will upset this accounting

hit statistics per type
 1 GEB_TYPE_DECOMP          1669371 ;  18873.04 Hz 
 8 GEB_TYPE_GT_MOD29         413253 ;   4672.02 Hz 
read a total of              2082624 ; header/payloads


nn1=0
nn2=2082625
nn3=2082625

nok_validate= 1000000, ntot_validate=1000000; validate fraction 100.00%

bytes read=988646260, 942.846546 MB

boniva sancta! ...GEBSort (unexpectedly) did not crash!

 ** GEBSort is done at 
