started GEBSort at we have 9 arguments
1... -input
will take input from disk
file size is 1779173768 bytes or 1737 MBytes

4... -rootfile
rootfile name specified on command line
__will store spectra in rootfile: /lcrc/project/HELIOS/gretinafma/root_data/run183.root
will recreate root file
7... -chat
core file size          (blocks, -c) unlimited
data seg size           (kbytes, -d) unlimited
scheduling priority             (-e) 0
file size               (blocks, -f) unlimited
pending signals                 (-i) 510315
max locked memory       (kbytes, -l) unlimited
max memory size         (kbytes, -m) 128769024
open files                      (-n) 51200
pipe size            (512 bytes, -p) 8
POSIX message queues     (bytes, -q) 819200
real-time priority              (-r) 0
stack size              (kbytes, -s) unlimited
cpu time               (seconds, -t) unlimited
max user processes              (-u) 4096
virtual memory          (kbytes, -v) unlimited
file locks                      (-x) unlimited
will read sorting instructions from chatfile: GEBSort.chat

executing UserDeclare.h code


GEBsort running on: 

initializing

crmat.LINUX is open (input) binary format
read 7936 bytes into Pars.crmat
chat file: <GEBSort.chat> open

will sort a max of 1410065408 events
will sort a max of 1000000 events
will sort 86400 minutes of data
will print details of the first 10 events
will use Pars.Beta (v/c) correction of 0.033000
will sort using a time window of 150
Pars.do_bin_mode2=1
Pars.do_bin_mode3=1
will accept second interaction range between 10.000000 and 500.000000 mm
"1-200"
detector   1 is ENABLED
detector   2 is ENABLED
detector   3 is ENABLED
detector   4 is ENABLED
detector   5 is ENABLED
detector   6 is ENABLED
detector   7 is ENABLED
detector   8 is ENABLED
detector   9 is ENABLED
detector  10 is ENABLED
detector  11 is ENABLED
detector  12 is ENABLED
detector  13 is ENABLED
detector  14 is ENABLED
detector  15 is ENABLED
detector  16 is ENABLED
detector  17 is ENABLED
detector  18 is ENABLED
detector  19 is ENABLED
detector  20 is ENABLED
detector  21 is ENABLED
detector  22 is ENABLED
detector  23 is ENABLED
detector  24 is ENABLED
detector  25 is ENABLED
detector  26 is ENABLED
detector  27 is ENABLED
detector  28 is ENABLED
detector  29 is ENABLED
detector  30 is ENABLED
detector  31 is ENABLED
detector  32 is ENABLED
detector  33 is ENABLED
detector  34 is ENABLED
detector  35 is ENABLED
detector  36 is ENABLED
detector  37 is ENABLED
detector  38 is ENABLED
detector  39 is ENABLED
detector  40 is ENABLED
detector  41 is ENABLED
detector  42 is ENABLED
detector  43 is ENABLED
detector  44 is ENABLED
detector  45 is ENABLED
detector  46 is ENABLED
detector  47 is ENABLED
detector  48 is ENABLED
detector  49 is ENABLED
detector  50 is ENABLED
detector  51 is ENABLED
detector  52 is ENABLED
detector  53 is ENABLED
detector  54 is ENABLED
detector  55 is ENABLED
detector  56 is ENABLED
detector  57 is ENABLED
detector  58 is ENABLED
detector  59 is ENABLED
detector  60 is ENABLED
detector  61 is ENABLED
detector  62 is ENABLED
detector  63 is ENABLED
detector  64 is ENABLED
detector  65 is ENABLED
detector  66 is ENABLED
detector  67 is ENABLED
detector  68 is ENABLED
detector  69 is ENABLED
detector  70 is ENABLED
detector  71 is ENABLED
detector  72 is ENABLED
detector  73 is ENABLED
detector  74 is ENABLED
detector  75 is ENABLED
detector  76 is ENABLED
detector  77 is ENABLED
detector  78 is ENABLED
detector  79 is ENABLED
detector  80 is ENABLED
detector  81 is ENABLED
detector  82 is ENABLED
detector  83 is ENABLED
detector  84 is ENABLED
detector  85 is ENABLED
detector  86 is ENABLED
detector  87 is ENABLED
detector  88 is ENABLED
detector  89 is ENABLED
detector  90 is ENABLED
detector  91 is ENABLED
detector  92 is ENABLED
detector  93 is ENABLED
detector  94 is ENABLED
detector  95 is ENABLED
detector  96 is ENABLED
detector  97 is ENABLED
detector  98 is ENABLED
detector  99 is ENABLED
detector 100 is ENABLED
detector 101 is ENABLED
detector 102 is ENABLED
detector 103 is ENABLED
detector 104 is ENABLED
detector 105 is ENABLED
detector 106 is ENABLED
detector 107 is ENABLED
detector 108 is ENABLED
detector 109 is ENABLED
detector 110 is ENABLED
detector 111 is ENABLED
detector 112 is ENABLED
detector 113 is ENABLED
detector 114 is ENABLED
detector 115 is ENABLED
detector 116 is ENABLED
detector 117 is ENABLED
detector 118 is ENABLED
detector 119 is ENABLED
detector 120 is ENABLED
detector 121 is ENABLED
detector 122 is ENABLED
detector 123 is ENABLED
detector 124 is ENABLED
detector 125 is ENABLED
detector 126 is ENABLED
detector 127 is ENABLED
detector 128 is ENABLED
detector 129 is ENABLED
detector 130 is ENABLED
detector 131 is ENABLED
detector 132 is ENABLED
detector 133 is ENABLED
detector 134 is ENABLED
detector 135 is ENABLED
detector 136 is ENABLED
detector 137 is ENABLED
detector 138 is ENABLED
detector 139 is ENABLED
detector 140 is ENABLED
detector 141 is ENABLED
detector 142 is ENABLED
detector 143 is ENABLED
detector 144 is ENABLED
detector 145 is ENABLED
detector 146 is ENABLED
detector 147 is ENABLED
detector 148 is ENABLED
detector 149 is ENABLED
detector 150 is ENABLED
detector 151 is ENABLED
detector 152 is ENABLED
detector 153 is ENABLED
detector 154 is ENABLED
detector 155 is ENABLED
detector 156 is ENABLED
detector 157 is ENABLED
detector 158 is ENABLED
detector 159 is ENABLED
detector 160 is ENABLED
detector 161 is ENABLED
detector 162 is ENABLED
detector 163 is ENABLED
detector 164 is ENABLED
detector 165 is ENABLED
detector 166 is ENABLED
detector 167 is ENABLED
detector 168 is ENABLED
detector 169 is ENABLED
detector 170 is ENABLED
detector 171 is ENABLED
detector 172 is ENABLED
detector 173 is ENABLED
detector 174 is ENABLED
detector 175 is ENABLED
detector 176 is ENABLED
detector 177 is ENABLED
detector 178 is ENABLED
detector 179 is ENABLED
detector 180 is ENABLED
detector 181 is ENABLED
detector 182 is ENABLED
detector 183 is ENABLED
detector 184 is ENABLED
detector 185 is ENABLED
detector 186 is ENABLED
detector 187 is ENABLED
detector 188 is ENABLED
detector 189 is ENABLED
detector 190 is ENABLED
detector 191 is ENABLED
detector 192 is ENABLED
detector 193 is ENABLED
detector 194 is ENABLED
detector 195 is ENABLED
detector 196 is ENABLED
detector 197 is ENABLED
detector 198 is ENABLED
detector 199 is ENABLED
WARNING: could not open CCcal file "CCenergy.cal", quit
will use beam direction 0.000000 0.000000 1.000000
vector length= 1.000000, normalizing
will use beam direction 0.000000 0.000000 1.000000
Pars.ndetlimlo=1,Pars.ndetlimhi=8
will require mult bt: 1 20
fomlimits, 1, 0.00 ..to.. 0.80
fomlimits, 2, 0.00 ..to.. 0.80
fomlimits, 3, 0.00 ..to.. 0.80
fomlimits, 4, 0.00 ..to.. 0.80
fomlimits, 5, 0.00 ..to.. 0.80
fomlimits, 6, 0.00 ..to.. 0.80
fomlimits, 7, 0.00 ..to.. 0.80
will use M= 350.000000 in bin_dgs
will use PZ file "dgs_pz.cal" in bin_dgs
will use ecal file "dgs_ehi.cal" in bin_dgs
will skip rest of chat file

chat file: <GEBSort.chat> closed
processed 39 sort instructions and 198 lines


sorting this:
Pars.do_bin_mode3 = 1
Pars.do_bin_mode2 = 1
Pars.do_bin_mode1 = 0
Pars.do_bin_dgs = 0
Pars.do_bin_dfma = 0
Pars.do_bin_gtcal = 0
Pars.do_bin_template = 0
Pars.do_bin_final = 0
Pars.do_bin_angcor = 0
Pars.do_bin_angdis = 0
checking proper input of chat file...
input file "/lcrc/project/HELIOS/gretinafma/merged_data/GEBMerged_run183.gtd_000" is open, inData=0x258c4a60
file size is 1779173768 bytes or 1737 MBs 
input source is set up, supposedly

xyz offset values:

executing ShareMemFileUserInit.h code

deleted \rm -f GEBSort.command
root file </lcrc/project/HELIOS/gretinafma/root_data/run183.root>
base=</lcrc/project/HELIOS/gretinafma/root_data/run183.root:/>
TFile: name=/lcrc/project/HELIOS/gretinafma/root_data/run183.root, title=, option=CREATE

executing UserInit.h code

Created Object "dtbtev", 0x26919fc0
Created Object "T0", 0x2691a3d0
, "T0"Created Object "hitpat", 0x2691a7c0
, "hitpat"Created Object "numHitArray2", 0x2691b210
, "numHitArray2"Created Object "CCmult", 0x2691bc60
, "CC Multiplicity"Created Object "CCsum", 0x26beda70
, "CCsum"Created Object "hit2", 0x26bfd880
, "hit2"Created Object "hit3", 0x26c0d690
, "hit3"Created Object "hit4", 0x26c1d4a0
, "hit4"Created Object "CCsum_nodop", 0x26c2d2b0
, "CCsum_nodop"Created Object "CCadd", 0x26c3d0c0
, "CCadd"Created Object "SEGadd_FPGA", 0x26c4ced0
Created Object "SEGadd_PSA", 0x26c4d2e0
Created Object "SEGsum_FPGA", 0x26c4d6f0
Created Object "SEGsum_PSA", 0x26c4db00
Created Object "radius_all", 0x26c4df10
, "radius (all points)"Created Object "rate_mode2_min", 0x26c56320
, "rate_mode2_min headers"Created Object "rate_mode2_sec", 0x26c59430
, "rate_mode2_sec headers"Created Object "rate_mode2_intp", 0x26c5c540
, "rate_mode2 interaction points"Created Object "cdtbtev", 0x26c5f650
Created Object "evsr_all", 0x26d25500
Created Object "SMAP_allhits", 0x26d259d0
Created Object "SMAP_allhits_sq", 0x26e25360
Created Object "seghitpat", 0x26f24cf0
Created Object "CCe", 0x26f2d0f0
Created Object "ggCC", 0x26f2d6a0
Created Object "z_plot", 0x26f2dc50
Created Object "crystal_hit", 0x26fe1320
Created Object "SegE", 0x26fe18f0
Created Object "crXcr", 0x26fe1e30
MAXDETPOS=180
Created Object "eCC_a", 0x270cfa00
Created Object "eCC_b", 0x270cfe10
Created Object "eCC_c", 0x270d0280
Created Object "eCC_d", 0x270d0830
Created Object "eSeg", 0x270d0d70
Created Object "mode3_hitpat", 0x270d1320
, "mode3_hitpat"Created Object "mode3_hitpat_chan", 0x270d1c90
, "mode3_hitpat_chan"Created Object "chan0", 0x270d23c0
, "chan0"Created Object "module", 0x270e61f0
, "module"Created Object "chan", 0x270fa020
Created Object "l", 0x2716f940
, "l"Created Object "r", 0x27183770
, "r"Created Object "up", 0x27197530
, "up"Created Object "down", 0x271ab2f0
, "down"Created Object "sumlr", 0x271bf120
, "sumlr"Created Object "sumud", 0x271d2f50
, "sumud"Created Object "x", 0x271e6d80
, "x"Created Object "y", 0x271fabb0
, "y"Created Object "de1", 0x2720e9e0
, "de1"Created Object "de2", 0x272227a0
, "de2"Created Object "de3", 0x27236560
, "de3"Created Object "de12", 0x2724a390
, "de12"Created Object "etot", 0x2725e1c0
, "etot"Created Object "rftof", 0x27271f80
, "rftof"Created Object "lr", 0x27285d40
Created Object "ud", 0x27286280
Created Object "ede1", 0x272867c0
Created Object "ede1g", 0x27286d00
Created Object "ede2", 0x272872b0
Created Object "ede12", 0x27287860
Created Object "xde1", 0x27287e10
Created Object "erftof", 0x27288350
Created Object "erftofg", 0x27288890
Created Object "sumehi", 0x27288e40
, "sumehi"Created Object "tgppac", 0x2729cc00
, "tgppac"Created Object "tgppacg", 0x272c42b0
, "tgppacg"Created Object "xehi1", 0x272eb960
Created Object "xehi1g", 0x272ebea0
Created Object "de1ehi", 0x272ec450
Created Object "de1ehig", 0x272ec990
Created Object "ng", 0x272eced0
, "ng"Created Object "ehiz1", 0x27300c90
, "ehiz1"Created Object "ehiz2", 0x27314a50
, "ehiz2"Created Object "ehiz3", 0x27328880
, "ehiz3"Created Object "ehiz4", 0x2733c6b0
, "ehiz4"Created Object "ehiz5", 0x273504e0
, "ehiz5"Created Object "gg_dt", 0x273642a0
, "gg_dt"Created Object "gg", 0x273686d0
Created Object "gg_z1", 0x27368c80
Created Object "gg_z2", 0x27369230
Created Object "gg_z3", 0x273697e0
Created Object "gg_z4", 0x27369d90
Created Object "gg_z5", 0x2736a2d0
we have define the following ROOT spectra:
Collection name='THashList', class='THashList', size=84
 TH1.Print Name  = dtbtev, Entries= 0, Total sum= 0
 TH1.Print Name  = T0, Entries= 0, Total sum= 0
 TH1.Print Name  = hitpat, Entries= 0, Total sum= 0
 TH1.Print Name  = numHitArray2, Entries= 0, Total sum= 0
 TH1.Print Name  = CCmult, Entries= 0, Total sum= 0
 TH1.Print Name  = CCsum, Entries= 0, Total sum= 0
 TH1.Print Name  = hit2, Entries= 0, Total sum= 0
 TH1.Print Name  = hit3, Entries= 0, Total sum= 0
 TH1.Print Name  = hit4, Entries= 0, Total sum= 0
 TH1.Print Name  = CCsum_nodop, Entries= 0, Total sum= 0
 TH1.Print Name  = CCadd, Entries= 0, Total sum= 0
 TH1.Print Name  = SEGadd_FPGA, Entries= 0, Total sum= 0
 TH1.Print Name  = SEGadd_PSA, Entries= 0, Total sum= 0
 TH1.Print Name  = SEGsum_FPGA, Entries= 0, Total sum= 0
 TH1.Print Name  = SEGsum_PSA, Entries= 0, Total sum= 0
 TH1.Print Name  = radius_all, Entries= 0, Total sum= 0
 TH1.Print Name  = rate_mode2_min, Entries= 0, Total sum= 0
 TH1.Print Name  = rate_mode2_sec, Entries= 0, Total sum= 0
 TH1.Print Name  = rate_mode2_intp, Entries= 0, Total sum= 0
 TH1.Print Name  = cdtbtev, Entries= 0, Total sum= 0
 TH1.Print Name  = evsr_all, Entries= 0, Total sum= 0
 TH1.Print Name  = SMAP_allhits, Entries= 0, Total sum= 0
 TH1.Print Name  = SMAP_allhits_sq, Entries= 0, Total sum= 0
 TH1.Print Name  = seghitpat, Entries= 0, Total sum= 0
 TH1.Print Name  = CCe, Entries= 0, Total sum= 0
 TH1.Print Name  = ggCC, Entries= 0, Total sum= 0
 TH1.Print Name  = z_plot, Entries= 0, Total sum= 0
 TH1.Print Name  = crystal_hit, Entries= 0, Total sum= 0
 TH1.Print Name  = SegE, Entries= 0, Total sum= 0
 TH1.Print Name  = crXcr, Entries= 0, Total sum= 0
 ******************************************************************************
*Tree    :tree      : tree                                                   *
*Entries :        0 : Total =            8461 bytes  File  Size =          0 *
*        :          : Tree compression factor =   1.00                       *
******************************************************************************
*Br    0 :runNumber : runNumber/I                                            *
*Entries :        0 : Total  Size=        501 bytes  One basket in memory    *
*Baskets :        0 : Basket Size=      32000 bytes  Compression=   1.00     *
*............................................................................*
*Br    1 :numHits   : numHits/I                                              *
*Entries :        0 : Total  Size=        493 bytes  One basket in memory    *
*Baskets :        0 : Basket Size=      32000 bytes  Compression=   1.00     *
*............................................................................*
*Br    2 :left      : left[numHits]/F                                        *
*Entries :        0 : Total  Size=        580 bytes  One basket in memory    *
*Baskets :        0 : Basket Size=      32000 bytes  Compression=   1.00     *
*............................................................................*
*Br    3 :right     : right[numHits]/F                                       *
*Entries :        0 : Total  Size=        584 bytes  One basket in memory    *
*Baskets :        0 : Basket Size=      32000 bytes  Compression=   1.00     *
*............................................................................*
*Br    4 :up        : up[numHits]/F                                          *
*Entries :        0 : Total  Size=        572 bytes  One basket in memory    *
*Baskets :        0 : Basket Size=      32000 bytes  Compression=   1.00     *
*............................................................................*
*Br    5 :down      : down[numHits]/F                                        *
*Entries :        0 : Total  Size=        580 bytes  One basket in memory    *
*Baskets :        0 : Basket Size=      32000 bytes  Compression=   1.00     *
*............................................................................*
*Br    6 :e1        : e1[numHits]/F                                          *
*Entries :        0 : Total  Size=        572 bytes  One basket in memory    *
*Baskets :        0 : Basket Size=      32000 bytes  Compression=   1.00     *
*............................................................................*
*Br    7 :e2        : e2[numHits]/F                                          *
*Entries :        0 : Total  Size=        572 bytes  One basket in memory    *
*Baskets :        0 : Basket Size=      32000 bytes  Compression=   1.00     *
*............................................................................*
*Br    8 :e3        : e3[numHits]/F                                          *
*Entries :        0 : Total  Size=        572 bytes  One basket in memory    *
*Baskets :        0 : Basket Size=      32000 bytes  Compression=   1.00     *
*............................................................................*
*Br    9 :tac       : tac[numHits]/F                                         *
*Entries :        0 : Total  Size=        576 bytes  One basket in memory    *
*Baskets :        0 : Basket Size=      32000 bytes  Compression=   1.00     *
*............................................................................*
*Br   10 :fmaDeltaTime : fmaDeltaTime[numHits]/F                             *
*Entries :        0 : Total  Size=        612 bytes  One basket in memory    *
*Baskets :        0 : Basket Size=      32000 bytes  Compression=   1.00     *
*............................................................................*
*Br   11 :fmaMult   : fmaMult[10]/I                                          *
*Entries :        0 : Total  Size=        501 bytes  One basket in memory    *
*Baskets :        0 : Basket Size=      32000 bytes  Compression=   1.00     *
*............................................................................*
*Br   12 :gammaMult : gammaMult/I                                            *
*Entries :        0 : Total  Size=        501 bytes  One basket in memory    *
*Baskets :        0 : Basket Size=      32000 bytes  Compression=   1.00     *
*............................................................................*
*Br   13 :gammaEnergy : gammaEnergy[gammaMult]/F                             *
*Entries :        0 : Total  Size=        616 bytes  One basket in memory    *
*Baskets :        0 : Basket Size=      32000 bytes  Compression=   1.00     *
*............................................................................*
*Br   14 :gammaTimestamp : gammaTimestamp[gammaMult]/F                       *
*Entries :        0 : Total  Size=        628 bytes  One basket in memory    *
*Baskets :        0 : Basket Size=      32000 bytes  Compression=   1.00     *
*............................................................................*
*Br   15 :deltaTime : deltaTime[gammaMult]/F                                 *
*Entries :        0 : Total  Size=        608 bytes  One basket in memory    *
*Baskets :        0 : Basket Size=      32000 bytes  Compression=   1.00     *
*............................................................................*
 TH1.Print Name  = eCC_a, Entries= 0, Total sum= 0
 TH1.Print Name  = eCC_b, Entries= 0, Total sum= 0
 TH1.Print Name  = eCC_c, Entries= 0, Total sum= 0
 TH1.Print Name  = eCC_d, Entries= 0, Total sum= 0
 TH1.Print Name  = eSeg, Entries= 0, Total sum= 0
 TH1.Print Name  = mode3_hitpat, Entries= 0, Total sum= 0
 TH1.Print Name  = mode3_hitpat_chan, Entries= 0, Total sum= 0
 TH1.Print Name  = chan0, Entries= 0, Total sum= 0
 TH1.Print Name  = module, Entries= 0, Total sum= 0
 TH1.Print Name  = chan, Entries= 0, Total sum= 0
 TH1.Print Name  = l, Entries= 0, Total sum= 0
 TH1.Print Name  = r, Entries= 0, Total sum= 0
 TH1.Print Name  = up, Entries= 0, Total sum= 0
 TH1.Print Name  = down, Entries= 0, Total sum= 0
 TH1.Print Name  = sumlr, Entries= 0, Total sum= 0
 TH1.Print Name  = sumud, Entries= 0, Total sum= 0
 TH1.Print Name  = x, Entries= 0, Total sum= 0
 TH1.Print Name  = y, Entries= 0, Total sum= 0
 TH1.Print Name  = de1, Entries= 0, Total sum= 0
 TH1.Print Name  = de2, Entries= 0, Total sum= 0
 TH1.Print Name  = de3, Entries= 0, Total sum= 0
 TH1.Print Name  = de12, Entries= 0, Total sum= 0
 TH1.Print Name  = etot, Entries= 0, Total sum= 0
 TH1.Print Name  = rftof, Entries= 0, Total sum= 0
 TH1.Print Name  = lr, Entries= 0, Total sum= 0
 TH1.Print Name  = ud, Entries= 0, Total sum= 0
 TH1.Print Name  = ede1, Entries= 0, Total sum= 0
 TH1.Print Name  = ede1g, Entries= 0, Total sum= 0
 TH1.Print Name  = ede2, Entries= 0, Total sum= 0
 TH1.Print Name  = ede12, Entries= 0, Total sum= 0
 TH1.Print Name  = xde1, Entries= 0, Total sum= 0
 TH1.Print Name  = erftof, Entries= 0, Total sum= 0
 TH1.Print Name  = erftofg, Entries= 0, Total sum= 0
 TH1.Print Name  = sumehi, Entries= 0, Total sum= 0
 TH1.Print Name  = tgppac, Entries= 0, Total sum= 0
 TH1.Print Name  = tgppacg, Entries= 0, Total sum= 0
 TH1.Print Name  = xehi1, Entries= 0, Total sum= 0
 TH1.Print Name  = xehi1g, Entries= 0, Total sum= 0
 TH1.Print Name  = de1ehi, Entries= 0, Total sum= 0
 TH1.Print Name  = de1ehig, Entries= 0, Total sum= 0
 TH1.Print Name  = ng, Entries= 0, Total sum= 0
 TH1.Print Name  = ehiz1, Entries= 0, Total sum= 0
 TH1.Print Name  = ehiz2, Entries= 0, Total sum= 0
 TH1.Print Name  = ehiz3, Entries= 0, Total sum= 0
 TH1.Print Name  = ehiz4, Entries= 0, Total sum= 0
 TH1.Print Name  = ehiz5, Entries= 0, Total sum= 0
 TH1.Print Name  = gg_dt, Entries= 0, Total sum= 0
 TH1.Print Name  = gg, Entries= 0, Total sum= 0
 TH1.Print Name  = gg_z1, Entries= 0, Total sum= 0
 TH1.Print Name  = gg_z2, Entries= 0, Total sum= 0
 TH1.Print Name  = gg_z3, Entries= 0, Total sum= 0
 TH1.Print Name  = gg_z4, Entries= 0, Total sum= 0
 TH1.Print Name  = gg_z5, Entries= 0, Total sum= 0
GRETINA detector angles
mod  1, crystal 0 [  4]: ( 10.07   3.58  15.10) pol   35.30 ,  azi   13.35; pol   35.30 ,  azi   19.58; modCCdopfac[4] 1.0271
mod  1, crystal 1 [  5]: ( 10.11   9.19  12.47) pol   47.60 ,  azi   36.39; pol   47.60 ,  azi   42.30; modCCdopfac[5] 1.0222
mod  1, crystal 2 [  6]: (  5.44   7.69  15.92) pol   30.60 ,  azi   25.77; pol   30.60 ,  azi   54.72; modCCdopfac[6] 1.0287
mod  1, crystal 3 [  7]: (  4.99   1.78  17.72) pol   16.65 ,  azi    5.72; pol   16.65 ,  azi   19.58; modCCdopfac[7] 1.0321
mod  2, crystal 0 [  8]: ( -0.29  10.69  15.10) pol   35.30 ,  azi   35.29; pol   35.30 ,  azi   91.58; modCCdopfac[8] 1.0271
mod  2, crystal 1 [  9]: ( -5.62  12.45  12.47) pol   47.60 ,  azi   44.95; pol   47.60 ,  azi  114.30; modCCdopfac[9] 1.0222
mod  2, crystal 2 [ 10]: ( -5.63   7.55  15.92) pol   30.60 ,  azi   25.36; pol   30.60 ,  azi  126.72; modCCdopfac[10] 1.0287
mod  2, crystal 3 [ 11]: ( -0.15   5.30  17.72) pol   16.65 ,  azi   16.64; pol   16.65 ,  azi   91.58; modCCdopfac[11] 1.0321
mod  3, crystal 0 [ 12]: (-10.25   3.02  15.10) pol   35.30 ,  azi   11.32; pol   35.30 ,  azi  163.58; modCCdopfac[12] 1.0271
mod  3, crystal 1 [ 13]: (-13.58  -1.50  12.47) pol   47.60 ,  azi   -6.85; pol   47.60 ,  azi -173.70; modCCdopfac[13] 1.0222
mod  3, crystal 2 [ 14]: ( -8.92  -3.02  15.92) pol   30.60 ,  azi  -10.75; pol   30.60 ,  azi -161.28; modCCdopfac[14] 1.0287
mod  3, crystal 3 [ 15]: ( -5.08   1.50  17.72) pol   16.65 ,  azi    4.83; pol   16.65 ,  azi  163.58; modCCdopfac[15] 1.0321
mod  4, crystal 0 [ 16]: ( -6.04  -8.82  15.10) pol   35.30 ,  azi  -30.29; pol   35.30 ,  azi -124.42; modCCdopfac[16] 1.0271
mod  4, crystal 1 [ 17]: ( -2.77 -13.38  12.47) pol   47.60 ,  azi  -47.00; pol   47.60 ,  azi -101.70; modCCdopfac[17] 1.0222
mod  4, crystal 2 [ 18]: (  0.12  -9.42  15.92) pol   30.60 ,  azi  -30.60; pol   30.60 ,  azi  -89.28; modCCdopfac[18] 1.0287
mod  4, crystal 3 [ 19]: ( -3.00  -4.37  17.72) pol   16.65 ,  azi  -13.86; pol   16.65 ,  azi -124.42; modCCdopfac[19] 1.0321
mod  5, crystal 0 [ 20]: (  6.52  -8.47  15.10) pol   35.30 ,  azi  -29.30; pol   35.30 ,  azi  -52.42; modCCdopfac[20] 1.0271
mod  5, crystal 1 [ 21]: ( 11.87  -6.77  12.47) pol   47.60 ,  azi  -28.49; pol   47.60 ,  azi  -29.70; modCCdopfac[21] 1.0222
mod  5, crystal 2 [ 22]: (  8.99  -2.80  15.92) pol   30.60 ,  azi   -9.96; pol   30.60 ,  azi  -17.28; modCCdopfac[22] 1.0287
mod  5, crystal 3 [ 23]: (  3.23  -4.20  17.72) pol   16.65 ,  azi  -13.33; pol   16.65 ,  azi  -52.42; modCCdopfac[23] 1.0321
mod  6, crystal 0 [ 24]: (  4.54  16.51   7.02) pol   67.71 ,  azi   66.97; pol   67.71 ,  azi   74.63; modCCdopfac[24] 1.0121
mod  6, crystal 1 [ 25]: ( -0.33  15.15  10.61) pol   55.02 ,  azi   55.01; pol   55.02 ,  azi   91.23; modCCdopfac[25] 1.0187
mod  6, crystal 2 [ 26]: (  5.05  13.00  12.16) pol   48.92 ,  azi   46.92; pol   48.92 ,  azi   68.77; modCCdopfac[26] 1.0216
mod  6, crystal 3 [ 27]: (  9.66  13.57   8.06) pol   64.18 ,  azi   59.29; pol   64.18 ,  azi   54.55; modCCdopfac[27] 1.0140
mod  7, crystal 0 [ 28]: (-14.30   9.42   7.02) pol   67.71 ,  azi   53.31; pol   67.71 ,  azi  146.63; modCCdopfac[28] 1.0121
mod  7, crystal 1 [ 29]: (-14.51   4.37  10.61) pol   55.02 ,  azi   22.40; pol   55.02 ,  azi  163.23; modCCdopfac[29] 1.0187
mod  7, crystal 2 [ 30]: (-10.80   8.82  12.16) pol   48.92 ,  azi   35.96; pol   48.92 ,  azi  140.77; modCCdopfac[30] 1.0216
mod  7, crystal 3 [ 31]: ( -9.92  13.38   8.06) pol   64.18 ,  azi   58.94; pol   64.18 ,  azi  126.55; modCCdopfac[31] 1.0140
mod  8, crystal 0 [ 32]: (-13.37 -10.69   7.02) pol   67.71 ,  azi  -56.71; pol   67.71 ,  azi -141.37; modCCdopfac[32] 1.0121
mod  8, crystal 1 [ 33]: ( -8.64 -12.45  10.61) pol   55.02 ,  azi  -49.58; pol   55.02 ,  azi -124.77; modCCdopfac[33] 1.0187
mod  8, crystal 2 [ 34]: (-11.73  -7.55  12.16) pol   48.92 ,  azi  -31.84; pol   48.92 ,  azi -147.23; modCCdopfac[34] 1.0216
mod  8, crystal 3 [ 35]: (-15.79  -5.30   8.06) pol   64.18 ,  azi  -33.33; pol   64.18 ,  azi -161.45; modCCdopfac[35] 1.0140
mod  9, crystal 0 [ 36]: (  6.03 -16.02   7.02) pol   67.71 ,  azi  -66.35; pol   67.71 ,  azi  -69.37; modCCdopfac[36] 1.0121
mod  9, crystal 1 [ 37]: (  9.17 -12.07  10.61) pol   55.02 ,  azi  -48.69; pol   55.02 ,  azi  -52.77; modCCdopfac[37] 1.0187
mod  9, crystal 2 [ 38]: (  3.56 -13.48  12.16) pol   48.92 ,  azi  -47.96; pol   48.92 ,  azi  -75.23; modCCdopfac[38] 1.0216
mod  9, crystal 3 [ 39]: (  0.16 -16.65   8.06) pol   64.18 ,  azi  -64.18; pol   64.18 ,  azi  -89.45; modCCdopfac[39] 1.0140
mod 10, crystal 0 [ 40]: ( 17.10   0.79   7.02) pol   67.71 ,  azi    6.39; pol   67.71 ,  azi    2.63; modCCdopfac[40] 1.0121
mod 10, crystal 1 [ 41]: ( 14.31   4.99  10.61) pol   55.02 ,  azi   25.21; pol   55.02 ,  azi   19.23; modCCdopfac[41] 1.0187
mod 10, crystal 2 [ 42]: ( 13.92  -0.79  12.16) pol   48.92 ,  azi   -3.70; pol   48.92 ,  azi   -3.23; modCCdopfac[42] 1.0216
mod 10, crystal 3 [ 43]: ( 15.89  -4.99   8.06) pol   64.18 ,  azi  -31.79; pol   64.18 ,  azi  -17.45; modCCdopfac[43] 1.0140
mod 11, crystal 0 [ 44]: ( 18.26   2.80   0.92) pol   87.15 ,  azi   71.78; pol   87.15 ,  azi    8.71; modCCdopfac[44] 1.0011
mod 11, crystal 1 [ 45]: ( 17.30   4.20  -5.04) pol  105.79 ,  azi  140.16; pol  105.79 ,  azi   13.65; modCCdopfac[45] 0.9906
mod 11, crystal 2 [ 46]: ( 16.42   8.47  -0.92) pol   92.85 ,  azi   96.20; pol   92.85 ,  azi   27.29; modCCdopfac[46] 0.9978
mod 11, crystal 3 [ 47]: ( 16.46   6.77   5.04) pol   74.21 ,  azi   53.36; pol   74.21 ,  azi   22.35; modCCdopfac[47] 1.0085
mod 12, crystal 0 [ 48]: ( 12.46  13.48  -2.26) pol   97.01 ,  azi   99.50; pol   97.01 ,  azi   47.25; modCCdopfac[48] 0.9954
mod 12, crystal 1 [ 49]: (  7.28  16.65  -3.46) pol  100.78 ,  azi  101.74; pol  100.78 ,  azi   66.39; modCCdopfac[49] 0.9933
mod 12, crystal 2 [ 50]: (  8.97  16.02   2.26) pol   82.99 ,  azi   81.98; pol   82.99 ,  azi   60.75; modCCdopfac[50] 1.0035
mod 12, crystal 3 [ 51]: ( 13.59  12.07   3.46) pol   79.22 ,  azi   74.00; pol   79.22 ,  azi   41.61; modCCdopfac[51] 1.0057
mod 13, crystal 0 [ 52]: (  2.98  18.23   0.92) pol   87.15 ,  azi   87.11; pol   87.15 ,  azi   80.71; modCCdopfac[52] 1.0011
mod 13, crystal 1 [ 53]: (  1.35  17.75  -5.04) pol  105.79 ,  azi  105.84; pol  105.79 ,  azi   85.65; modCCdopfac[53] 0.9906
mod 13, crystal 2 [ 54]: ( -2.98  18.23  -0.92) pol   92.85 ,  azi   92.89; pol   92.85 ,  azi   99.29; modCCdopfac[54] 0.9978
mod 13, crystal 3 [ 55]: ( -1.35  17.75   5.04) pol   74.21 ,  azi   74.16; pol   74.21 ,  azi   94.35; modCCdopfac[55] 1.0085
mod 14, crystal 0 [ 56]: ( -8.97  16.02  -2.26) pol   97.01 ,  azi   98.02; pol   97.01 ,  azi  119.25; modCCdopfac[56] 0.9954
mod 14, crystal 1 [ 57]: (-13.59  12.07  -3.46) pol  100.78 ,  azi  106.00; pol  100.78 ,  azi  138.39; modCCdopfac[57] 0.9933
mod 14, crystal 2 [ 58]: (-12.46  13.48   2.26) pol   82.99 ,  azi   80.50; pol   82.99 ,  azi  132.75; modCCdopfac[58] 1.0035
mod 14, crystal 3 [ 59]: ( -7.28  16.65   3.46) pol   79.22 ,  azi   78.26; pol   79.22 ,  azi  113.61; modCCdopfac[59] 1.0057
mod 15, crystal 0 [ 60]: (-16.42   8.47   0.92) pol   87.15 ,  azi   83.80; pol   87.15 ,  azi  152.71; modCCdopfac[60] 1.0011
mod 15, crystal 1 [ 61]: (-16.46   6.77  -5.04) pol  105.79 ,  azi  126.64; pol  105.79 ,  azi  157.65; modCCdopfac[61] 0.9906
mod 15, crystal 2 [ 62]: (-18.26   2.80  -0.92) pol   92.85 ,  azi  108.22; pol   92.85 ,  azi  171.29; modCCdopfac[62] 0.9978
mod 15, crystal 3 [ 63]: (-17.30   4.20   5.04) pol   74.21 ,  azi   39.84; pol   74.21 ,  azi  166.35; modCCdopfac[63] 1.0085
mod 16, crystal 0 [ 64]: (-18.01  -3.58  -2.26) pol   97.01 ,  azi -122.21; pol   97.01 ,  azi -168.75; modCCdopfac[64] 0.9954
mod 16, crystal 1 [ 65]: (-15.68  -9.19  -3.46) pol  100.78 ,  azi -110.62; pol  100.78 ,  azi -149.61; modCCdopfac[65] 0.9933
mod 16, crystal 2 [ 66]: (-16.68  -7.69   2.26) pol   82.99 ,  azi  -73.64; pol   82.99 ,  azi -155.25; modCCdopfac[66] 1.0035
mod 16, crystal 3 [ 67]: (-18.09  -1.78   3.46) pol   79.22 ,  azi  -27.18; pol   79.22 ,  azi -174.39; modCCdopfac[67] 1.0057
mod 17, crystal 0 [ 68]: (-13.13 -13.00   0.92) pol   87.15 ,  azi  -85.95; pol   87.15 ,  azi -135.29; modCCdopfac[68] 1.0011
mod 17, crystal 1 [ 69]: (-11.53 -13.57  -5.04) pol  105.79 ,  azi -110.36; pol  105.79 ,  azi -130.35; modCCdopfac[69] 0.9906
mod 17, crystal 2 [ 70]: ( -8.30 -16.51  -0.92) pol   92.85 ,  azi  -93.19; pol   92.85 ,  azi -116.71; modCCdopfac[70] 0.9978
mod 17, crystal 3 [ 71]: ( -9.34 -15.15   5.04) pol   74.21 ,  azi  -71.62; pol   74.21 ,  azi -121.65; modCCdopfac[71] 1.0085
mod 18, crystal 0 [ 72]: ( -2.16 -18.23  -2.26) pol   97.01 ,  azi  -97.05; pol   97.01 ,  azi  -96.75; modCCdopfac[72] 0.9954
mod 18, crystal 1 [ 73]: (  3.90 -17.75  -3.46) pol  100.78 ,  azi -101.03; pol  100.78 ,  azi  -77.61; modCCdopfac[73] 0.9933
mod 18, crystal 2 [ 74]: (  2.16 -18.23   2.26) pol   82.99 ,  azi  -82.95; pol   82.99 ,  azi  -83.25; modCCdopfac[74] 1.0035
mod 18, crystal 3 [ 75]: ( -3.90 -17.75   3.46) pol   79.22 ,  azi  -78.97; pol   79.22 ,  azi -102.39; modCCdopfac[75] 1.0057
mod 19, crystal 0 [ 76]: (  8.30 -16.51   0.92) pol   87.15 ,  azi  -86.81; pol   87.15 ,  azi  -63.29; modCCdopfac[76] 1.0011
mod 19, crystal 1 [ 77]: (  9.34 -15.15  -5.04) pol  105.79 ,  azi -108.38; pol  105.79 ,  azi  -58.35; modCCdopfac[77] 0.9906
mod 19, crystal 2 [ 78]: ( 13.13 -13.00  -0.92) pol   92.85 ,  azi  -94.05; pol   92.85 ,  azi  -44.71; modCCdopfac[78] 0.9978
mod 19, crystal 3 [ 79]: ( 11.53 -13.57   5.04) pol   74.21 ,  azi  -69.64; pol   74.21 ,  azi  -49.65; modCCdopfac[79] 1.0085
mod 20, crystal 0 [ 80]: ( 16.68  -7.69  -2.26) pol   97.01 ,  azi -106.36; pol   97.01 ,  azi  -24.75; modCCdopfac[80] 0.9954
mod 20, crystal 1 [ 81]: ( 18.09  -1.78  -3.46) pol  100.78 ,  azi -152.82; pol  100.78 ,  azi   -5.61; modCCdopfac[81] 0.9933
mod 20, crystal 2 [ 82]: ( 18.01  -3.58   2.26) pol   82.99 ,  azi  -57.79; pol   82.99 ,  azi  -11.25; modCCdopfac[82] 1.0035
mod 20, crystal 3 [ 83]: ( 15.68  -9.19   3.46) pol   79.22 ,  azi  -69.38; pol   79.22 ,  azi  -30.39; modCCdopfac[83] 1.0057
mod 21, crystal 0 [ 84]: ( 14.30   9.42  -7.02) pol  112.29 ,  azi  126.69; pol  112.29 ,  azi   33.37; modCCdopfac[84] 0.9871
mod 21, crystal 1 [ 85]: ( 14.51   4.37 -10.61) pol  124.98 ,  azi  157.60; pol  124.98 ,  azi   16.77; modCCdopfac[85] 0.9809
mod 21, crystal 2 [ 86]: ( 10.80   8.82 -12.16) pol  131.08 ,  azi  144.04; pol  131.08 ,  azi   39.23; modCCdopfac[86] 0.9782
mod 21, crystal 3 [ 87]: (  9.92  13.38  -8.06) pol  115.82 ,  azi  121.06; pol  115.82 ,  azi   53.45; modCCdopfac[87] 0.9853
mod 22, crystal 0 [ 88]: ( -4.54  16.51  -7.02) pol  112.29 ,  azi  113.03; pol  112.29 ,  azi  105.37; modCCdopfac[88] 0.9871
mod 22, crystal 1 [ 89]: (  0.33  15.15 -10.61) pol  124.98 ,  azi  124.99; pol  124.98 ,  azi   88.77; modCCdopfac[89] 0.9809
mod 22, crystal 2 [ 90]: ( -5.05  13.00 -12.16) pol  131.08 ,  azi  133.08; pol  131.08 ,  azi  111.23; modCCdopfac[90] 0.9782
mod 22, crystal 3 [ 91]: ( -9.66  13.57  -8.06) pol  115.82 ,  azi  120.71; pol  115.82 ,  azi  125.45; modCCdopfac[91] 0.9853
mod 23, crystal 0 [ 92]: (-17.10   0.79  -7.02) pol  112.29 ,  azi  173.61; pol  112.29 ,  azi  177.37; modCCdopfac[92] 0.9871
mod 23, crystal 1 [ 93]: (-14.31   4.99 -10.61) pol  124.98 ,  azi  154.79; pol  124.98 ,  azi  160.77; modCCdopfac[93] 0.9809
mod 23, crystal 2 [ 94]: (-13.92  -0.79 -12.16) pol  131.08 ,  azi -176.30; pol  131.08 ,  azi -176.77; modCCdopfac[94] 0.9782
mod 23, crystal 3 [ 95]: (-15.89  -4.99  -8.06) pol  115.82 ,  azi -148.21; pol  115.82 ,  azi -162.55; modCCdopfac[95] 0.9853
mod 24, crystal 0 [ 96]: ( -6.03 -16.02  -7.02) pol  112.29 ,  azi -113.65; pol  112.29 ,  azi -110.63; modCCdopfac[96] 0.9871
mod 24, crystal 1 [ 97]: ( -9.17 -12.07 -10.61) pol  124.98 ,  azi -131.31; pol  124.98 ,  azi -127.23; modCCdopfac[97] 0.9809
mod 24, crystal 2 [ 98]: ( -3.56 -13.48 -12.16) pol  131.08 ,  azi -132.04; pol  131.08 ,  azi -104.77; modCCdopfac[98] 0.9782
mod 24, crystal 3 [ 99]: ( -0.16 -16.65  -8.06) pol  115.82 ,  azi -115.82; pol  115.82 ,  azi  -90.55; modCCdopfac[99] 0.9853
mod 25, crystal 0 [100]: ( 13.37 -10.69  -7.02) pol  112.29 ,  azi -123.29; pol  112.29 ,  azi  -38.63; modCCdopfac[100] 0.9871
mod 25, crystal 1 [101]: (  8.64 -12.45 -10.61) pol  124.98 ,  azi -130.42; pol  124.98 ,  azi  -55.23; modCCdopfac[101] 0.9809
mod 25, crystal 2 [102]: ( 11.73  -7.55 -12.16) pol  131.08 ,  azi -148.16; pol  131.08 ,  azi  -32.77; modCCdopfac[102] 0.9782
mod 25, crystal 3 [103]: ( 15.79  -5.30  -8.06) pol  115.82 ,  azi -146.67; pol  115.82 ,  azi  -18.55; modCCdopfac[103] 0.9853
mod 26, crystal 0 [104]: (  0.29  10.69 -15.10) pol  144.70 ,  azi  144.71; pol  144.70 ,  azi   88.42; modCCdopfac[104] 0.9732
mod 26, crystal 1 [105]: (  5.62  12.45 -12.47) pol  132.40 ,  azi  135.05; pol  132.40 ,  azi   65.70; modCCdopfac[105] 0.9777
mod 26, crystal 2 [106]: (  5.63   7.55 -15.92) pol  149.40 ,  azi  154.64; pol  149.40 ,  azi   53.28; modCCdopfac[106] 0.9718
mod 26, crystal 3 [107]: (  0.15   5.30 -17.72) pol  163.35 ,  azi  163.36; pol  163.35 ,  azi   88.42; modCCdopfac[107] 0.9688
mod 27, crystal 0 [108]: (-10.07   3.58 -15.10) pol  144.70 ,  azi  166.65; pol  144.70 ,  azi  160.42; modCCdopfac[108] 0.9732
mod 27, crystal 1 [109]: (-10.11   9.19 -12.47) pol  132.40 ,  azi  143.61; pol  132.40 ,  azi  137.70; modCCdopfac[109] 0.9777
mod 27, crystal 2 [110]: ( -5.44   7.69 -15.92) pol  149.40 ,  azi  154.23; pol  149.40 ,  azi  125.28; modCCdopfac[110] 0.9718
mod 27, crystal 3 [111]: ( -4.99   1.78 -17.72) pol  163.35 ,  azi  174.28; pol  163.35 ,  azi  160.42; modCCdopfac[111] 0.9688
mod 28, crystal 0 [112]: ( -6.52  -8.47 -15.10) pol  144.70 ,  azi -150.70; pol  144.70 ,  azi -127.58; modCCdopfac[112] 0.9732
mod 28, crystal 1 [113]: (-11.87  -6.77 -12.47) pol  132.40 ,  azi -151.51; pol  132.40 ,  azi -150.30; modCCdopfac[113] 0.9777
mod 28, crystal 2 [114]: ( -8.99  -2.80 -15.92) pol  149.40 ,  azi -170.04; pol  149.40 ,  azi -162.72; modCCdopfac[114] 0.9718
mod 28, crystal 3 [115]: ( -3.23  -4.20 -17.72) pol  163.35 ,  azi -166.67; pol  163.35 ,  azi -127.58; modCCdopfac[115] 0.9688
mod 29, crystal 0 [116]: (  6.04  -8.82 -15.10) pol  144.70 ,  azi -149.71; pol  144.70 ,  azi  -55.58; modCCdopfac[116] 0.9732
mod 29, crystal 1 [117]: (  2.77 -13.38 -12.47) pol  132.40 ,  azi -133.00; pol  132.40 ,  azi  -78.30; modCCdopfac[117] 0.9777
mod 29, crystal 2 [118]: ( -0.12  -9.42 -15.92) pol  149.40 ,  azi -149.40; pol  149.40 ,  azi  -90.72; modCCdopfac[118] 0.9718
mod 29, crystal 3 [119]: (  3.00  -4.37 -17.72) pol  163.35 ,  azi -166.14; pol  163.35 ,  azi  -55.58; modCCdopfac[119] 0.9688
mod 30, crystal 0 [120]: ( 10.25   3.02 -15.10) pol  144.70 ,  azi  168.68; pol  144.70 ,  azi   16.42; modCCdopfac[120] 0.9732
mod 30, crystal 1 [121]: ( 13.58  -1.50 -12.47) pol  132.40 ,  azi -173.15; pol  132.40 ,  azi   -6.30; modCCdopfac[121] 0.9777
mod 30, crystal 2 [122]: (  8.92  -3.02 -15.92) pol  149.40 ,  azi -169.25; pol  149.40 ,  azi  -18.72; modCCdopfac[122] 0.9718
mod 30, crystal 3 [123]: (  5.08   1.50 -17.72) pol  163.35 ,  azi  175.17; pol  163.35 ,  azi   16.42; modCCdopfac[123] 0.9688
setup signal catcher
started sorting... from disk...

Pars.maxTS=4611686018427387904
got initial header, TS=4570076937 ID: 1 length: 464
read initial payload of siz=464 into event position 1
__ptgd[0]->type= 0; ptgd[0]->length=   0; ptgd[0]->timestamp=0
initial ii=1, nn=1
ev#     0 GEB_TYPE_DECOMP        464Bytes TS=4570091223 curTS=4570076937 dTS= 14286
t0=4570076937
first event: GEB_event.mult=1
   0/ 0: ( 1,GEB_TYPE_DECOMP      ) TS=          4570076937; dT=0
maxTS=8644570076937
that is 86400.0 seconds or 24h0m0s minutes of sorting
GEBGetEv returned st=0
we have read 960 bytes; CurEvNo=1

+++++++++++++++++++++++++++++++
*start event # 1 with multiplicity 1 looks like this:
 0>  1, GEB_TYPE_DECOMP      , TS=4570076937
entered bin_mode2: 1/10
ptinp->pad= 6, (ptinp->pad&0x000000ff)= 6
updated CCadd with    0.00
total number of hits in array: 0
exit bin_mode2
entered bin_mode3 @ event number: 1 
exit bin_mode3
*end of event # 1
+++++++++++++++++++++++++++++++
ev#     1 GEB_TYPE_DECOMP        464Bytes TS=4570145653 curTS=4570091223 dTS= 54430
GEBGetEv returned st=0
we have read 1440 bytes; CurEvNo=2

+++++++++++++++++++++++++++++++
*start event # 2 with multiplicity 1 looks like this:
 0>  1, GEB_TYPE_DECOMP      , TS=4570091223
entered bin_mode2: 2/10
ptinp->pad= 6, (ptinp->pad&0x000000ff)= 6
updated CCadd with    0.00
total number of hits in array: 0
exit bin_mode2
entered bin_mode3 @ event number: 2 
exit bin_mode3
*end of event # 2
+++++++++++++++++++++++++++++++
ev#     2 GEB_TYPE_DECOMP        464Bytes TS=4570145653 curTS=4570145653 dTS= 0
ev#     2 GEB_TYPE_DECOMP        464Bytes TS=4570168505 curTS=4570145653 dTS= 22852
GEBGetEv returned st=0
we have read 2400 bytes; CurEvNo=3

+++++++++++++++++++++++++++++++
*start event # 3 with multiplicity 2 looks like this:
 0>  1, GEB_TYPE_DECOMP      , TS=4570145653
 1>  1, GEB_TYPE_DECOMP      , TS=4570145653
entered bin_mode2: 3/10
ptinp->pad= 6, (ptinp->pad&0x000000ff)= 6
ptinp->pad= 6, (ptinp->pad&0x000000ff)= 6
updated CCadd with    0.00
total number of hits in array: 0
exit bin_mode2
entered bin_mode3 @ event number: 3 
exit bin_mode3
*end of event # 3
+++++++++++++++++++++++++++++++
ev#     3 GEB_TYPE_DECOMP        464Bytes TS=4570179935 curTS=4570168505 dTS= 11430
GEBGetEv returned st=0
we have read 2880 bytes; CurEvNo=4

+++++++++++++++++++++++++++++++
*start event # 4 with multiplicity 1 looks like this:
 0>  1, GEB_TYPE_DECOMP      , TS=4570168505
entered bin_mode2: 4/10
ptinp->pad= 0, (ptinp->pad&0x000000ff)= 0
good pad value
mode2 data:  0>  1, GEB_TYPE_DECOMP      , TS=4570168505
number of hits: 3
* 0/1, is GEB_TYPE_DECOMP: num=3
__detno: 63, module: 15, crystalNumber: 3
CCenergies[0]= 578.75
* 0:    9.32, -24.78,  69.93 --> GT:  -23.28,   8.37,   6.72
* 1:   15.27, -14.21,  73.47 --> GT:  -24.04,   7.67,   5.99
* 2:   -6.78, -29.23,  70.52 --> GT:  -22.89,   8.27,   8.34
updated CCadd with  578.75
total number of hits in array: 3
exit bin_mode2
entered bin_mode3 @ event number: 4 
exit bin_mode3
*end of event # 4
+++++++++++++++++++++++++++++++
ev#     4 GEB_TYPE_DECOMP        464Bytes TS=4570220085 curTS=4570179935 dTS= 40150
GEBGetEv returned st=0
we have read 3360 bytes; CurEvNo=5

+++++++++++++++++++++++++++++++
*start event # 5 with multiplicity 1 looks like this:
 0>  1, GEB_TYPE_DECOMP      , TS=4570179935
entered bin_mode2: 5/10
ptinp->pad= 0, (ptinp->pad&0x000000ff)= 0
good pad value
mode2 data:  0>  1, GEB_TYPE_DECOMP      , TS=4570179935
number of hits: 4
* 0/1, is GEB_TYPE_DECOMP: num=4
__detno: 63, module: 15, crystalNumber: 3
CCenergies[0]=1706.23
* 0:   18.95,  14.60,  28.71 --> GT:  -20.78,   4.12,   3.68
* 1:   10.56,  16.69,  30.15 --> GT:  -20.82,   3.69,   4.44
* 2:   18.06,  13.51,   0.01 --> GT:  -18.05,   3.54,   3.01
* 3:   21.57,   6.26,   0.02 --> GT:  -17.90,   4.32,   2.87
updated CCadd with 1706.23
total number of hits in array: 4
exit bin_mode2
entered bin_mode3 @ event number: 5 
exit bin_mode3
*end of event # 5
+++++++++++++++++++++++++++++++
ev#     5 GEB_TYPE_DECOMP        464Bytes TS=4570255239 curTS=4570220085 dTS= 35154
GEBGetEv returned st=0
we have read 3840 bytes; CurEvNo=6

+++++++++++++++++++++++++++++++
*start event # 6 with multiplicity 1 looks like this:
 0>  1, GEB_TYPE_DECOMP      , TS=4570220085
entered bin_mode2: 6/10
ptinp->pad= 0, (ptinp->pad&0x000000ff)= 0
good pad value
mode2 data:  0>  1, GEB_TYPE_DECOMP      , TS=4570220085
number of hits: 3
* 0/1, is GEB_TYPE_DECOMP: num=3
__detno: 60, module: 15, crystalNumber: 0
CCenergies[0]= 378.17
* 0:  -39.05,  -0.28,  89.32 --> GT:  -22.58,  15.86,   2.47
* 1:  -33.55,   0.12,  88.65 --> GT:  -22.78,  15.36,   2.35
* 2:  -27.65,  -0.12,  76.80 --> GT:  -21.99,  14.32,   2.10
updated CCadd with  378.17
total number of hits in array: 3
exit bin_mode2
entered bin_mode3 @ event number: 6 
exit bin_mode3
*end of event # 6
+++++++++++++++++++++++++++++++
ev#     6 GEB_TYPE_DECOMP        464Bytes TS=4570255655 curTS=4570255239 dTS= 416
GEBGetEv returned st=0
we have read 4320 bytes; CurEvNo=7

+++++++++++++++++++++++++++++++
*start event # 7 with multiplicity 1 looks like this:
 0>  1, GEB_TYPE_DECOMP      , TS=4570255239
entered bin_mode2: 7/10
ptinp->pad= 0, (ptinp->pad&0x000000ff)= 0
good pad value
mode2 data:  0>  1, GEB_TYPE_DECOMP      , TS=4570255239
number of hits: 1
* 0/1, is GEB_TYPE_DECOMP: num=1
__detno: 104, module: 26, crystalNumber: 0
CCenergies[0]= 693.21
* 0:   -9.20,   8.03,  80.66 --> GT:   -0.77,  15.16, -21.84
updated CCadd with  693.21
total number of hits in array: 1
exit bin_mode2
entered bin_mode3 @ event number: 7 
exit bin_mode3
*end of event # 7
+++++++++++++++++++++++++++++++
ev#     7 GEB_TYPE_DECOMP        464Bytes TS=4570265185 curTS=4570255655 dTS= 9530
GEBGetEv returned st=0
we have read 4800 bytes; CurEvNo=8

+++++++++++++++++++++++++++++++
*start event # 8 with multiplicity 1 looks like this:
 0>  1, GEB_TYPE_DECOMP      , TS=4570255655
entered bin_mode2: 8/10
ptinp->pad= 0, (ptinp->pad&0x000000ff)= 0
good pad value
mode2 data:  0>  1, GEB_TYPE_DECOMP      , TS=4570255655
number of hits: 2
* 0/1, is GEB_TYPE_DECOMP: num=2
__detno: 57, module: 14, crystalNumber: 1
CCenergies[0]=  67.29
* 0:    8.76, -15.03,  10.32 --> GT:  -14.79,  12.72,  -1.97
* 1:    5.86,  -1.78,  17.11 --> GT:  -14.70,  13.50,  -3.27
updated CCadd with   67.29
total number of hits in array: 2
exit bin_mode2
entered bin_mode3 @ event number: 8 
exit bin_mode3
*end of event # 8
+++++++++++++++++++++++++++++++
ev#     8 GEB_TYPE_GT_MOD29      440Bytes TS=4570307957 curTS=4570265185 dTS= 42772
GEBGetEv returned st=0
we have read 5256 bytes; CurEvNo=9

+++++++++++++++++++++++++++++++
*start event # 9 with multiplicity 1 looks like this:
 0>  1, GEB_TYPE_DECOMP      , TS=4570265185
entered bin_mode2: 9/10
ptinp->pad= 128, (ptinp->pad&0x000000ff)= 128
updated CCadd with    0.00
total number of hits in array: 0
exit bin_mode2
entered bin_mode3 @ event number: 9 
exit bin_mode3
*end of event # 9
+++++++++++++++++++++++++++++++
ev#     9 GEB_TYPE_DECOMP        464Bytes TS=4570308091 curTS=4570307957 dTS= 134
ev#     9 GEB_TYPE_DECOMP        464Bytes TS=4570335905 curTS=4570307957 dTS= 27948
GEBGetEv returned st=0
we have read 6216 bytes; CurEvNo=10

+++++++++++++++++++++++++++++++
*start event # 10 with multiplicity 2 looks like this:
 0>  8, GEB_TYPE_GT_MOD29    , TS=4570307957
 1>  1, GEB_TYPE_DECOMP      , TS=4570308091
entered bin_mode2: 10/10
ptinp->pad= 6, (ptinp->pad&0x000000ff)= 6
updated CCadd with    0.00
total number of hits in array: 0
exit bin_mode2
entered bin_mode3 @ event number: 10 

bin_mode3:  0>  8, GEB_TYPE_GT_MOD29    , TS=4570307957, 0x110695d75; payload length: 440 bytes

---------
new GTheader at pos=0 or 0 words (8):
Event.hdr[ 0]=0x1f30,   7984
Event.hdr[ 1]=0x300a,  12298
Event.hdr[ 2]=0x5d75,  23925
Event.hdr[ 3]=0x1069,   4201
Event.hdr[ 4]=0x0001,      1
Event.hdr[ 5]=0x9673,  38515
Event.hdr[ 6]=0x4e0b,  19979
Event.hdr[ 7]=0x0000,      0
Event.hdr[ 8]=0x0000,      0
Event.hdr[ 9]=0x961d,  38429
Event.hdr[10]=0x000b,     11
Event.hdr[11]=0x0000,      0
Event.hdr[12]=0x0000,      0
Event.hdr[13]=0x0000,      0
Event.len=  44, Event.traceLen=  12 (in Bytes)
Event.len=  22, Event.traceLen=   6 (in 16 bit words)
Event.len=  11, Event.traceLen=   3 (in 32 bit words)
next start: 0xaaaaaaaa, pos= 44
0x1f30 module_id = 31 crystal_id = 0 digitizer_id = 3 chan_id = 0 ge_id = 124 channel = 30  -> is segment
open superpulse_010_00_01.xy at Event.chan_id = 0
open CCpulse_010_00_01.xy at Event.chan_id = 0
ncrystal=1
wrote trace to CCpulse_010_00_01.xy
two's comp tempE  ::     759411     759411 0x000b9673 |0000|0000|0000|1011|1001|0110|0111|0011|
rawE              ::     759411     759411 0x000b9673 |0000|0000|0000|1011|1001|0110|0111|0011|
rawE (sign change)::     759411     759411 0x000b9673 |0000|0000|0000|1011|1001|0110|0111|0011|
Event.ehi=           23731 0x00005cb3
Event.ehi=2373 (gain changed)
Event.LEDts =           4570307957
Event.CFDts =      265548994969612

---------
new GTheader at pos=44 or 22 words (30):
Event.hdr[ 0]=0x1f31,   7985
Event.hdr[ 1]=0x300a,  12298
Event.hdr[ 2]=0x5d75,  23925
Event.hdr[ 3]=0x1069,   4201
Event.hdr[ 4]=0x0001,      1
Event.hdr[ 5]=0x85c5,  34245
Event.hdr[ 6]=0x4e07,  19975
Event.hdr[ 7]=0x0000,      0
Event.hdr[ 8]=0x0000,      0
Event.hdr[ 9]=0x8238,  33336
Event.hdr[10]=0x0007,      7
Event.hdr[11]=0x0000,      0
Event.hdr[12]=0x0000,      0
Event.hdr[13]=0x0000,      0
Event.len=  44, Event.traceLen=  12 (in Bytes)
Event.len=  22, Event.traceLen=   6 (in 16 bit words)
Event.len=  11, Event.traceLen=   3 (in 32 bit words)
next start: 0xaaaaaaaa, pos= 88
0x1f31 module_id = 31 crystal_id = 0 digitizer_id = 3 chan_id = 1 ge_id = 124 channel = 31  -> is segment
ncrystal=1
wrote trace to CCpulse_010_00_01.xy
two's comp tempE  ::     492997     492997 0x000785c5 |0000|0000|0000|0111|1000|0101|1100|0101|
rawE              ::     492997     492997 0x000785c5 |0000|0000|0000|0111|1000|0101|1100|0101|
rawE (sign change)::     492997     492997 0x000785c5 |0000|0000|0000|0111|1000|0101|1100|0101|
Event.ehi=           15406 0x00003c2e
Event.ehi=1540 (gain changed)
Event.LEDts =           4570307957
Event.CFDts =      272120395333644

---------
new GTheader at pos=88 or 44 words (52):
Event.hdr[ 0]=0x1f32,   7986
Event.hdr[ 1]=0x300a,  12298
Event.hdr[ 2]=0x5d75,  23925
Event.hdr[ 3]=0x1069,   4201
Event.hdr[ 4]=0x0001,      1
Event.hdr[ 5]=0x0d68,   3432
Event.hdr[ 6]=0x0e00,   3584
Event.hdr[ 7]=0x0000,      0
Event.hdr[ 8]=0x0000,      0
Event.hdr[ 9]=0xd5d9,  54745
Event.hdr[10]=0x01ff,    511
Event.hdr[11]=0x0000,      0
Event.hdr[12]=0x0000,      0
Event.hdr[13]=0x0000,      0
Event.len=  44, Event.traceLen=  12 (in Bytes)
Event.len=  22, Event.traceLen=   6 (in 16 bit words)
Event.len=  11, Event.traceLen=   3 (in 32 bit words)
next start: 0xaaaaaaaa, pos= 132
0x1f32 module_id = 31 crystal_id = 0 digitizer_id = 3 chan_id = 2 ge_id = 124 channel = 32  -> is segment
ncrystal=1
wrote trace to CCpulse_010_00_01.xy
two's comp tempE  ::       3432       3432 0x00000d68 |0000|0000|0000|0000|0000|1101|0110|1000|
rawE              ::       3432       3432 0x00000d68 |0000|0000|0000|0000|0000|1101|0110|1000|
rawE (sign change)::       3432       3432 0x00000d68 |0000|0000|0000|0000|0000|1101|0110|1000|
Event.ehi=             107 0x0000006b
Event.ehi=10 (gain changed)
Event.LEDts =           4570307957
Event.CFDts =           4295229452

---------
new GTheader at pos=132 or 66 words (74):
Event.hdr[ 0]=0x1f33,   7987
Event.hdr[ 1]=0x300a,  12298
Event.hdr[ 2]=0x5d75,  23925
Event.hdr[ 3]=0x1069,   4201
Event.hdr[ 4]=0x0001,      1
Event.hdr[ 5]=0xa81b,  43035
Event.hdr[ 6]=0x4e0b,  19979
Event.hdr[ 7]=0x0000,      0
Event.hdr[ 8]=0x0000,      0
Event.hdr[ 9]=0xa7ce,  42958
Event.hdr[10]=0x000b,     11
Event.hdr[11]=0x0000,      0
Event.hdr[12]=0x0000,      0
Event.hdr[13]=0x0000,      0
Event.len=  44, Event.traceLen=  12 (in Bytes)
Event.len=  22, Event.traceLen=   6 (in 16 bit words)
Event.len=  11, Event.traceLen=   3 (in 32 bit words)
next start: 0xaaaaaaaa, pos= 176
0x1f33 module_id = 31 crystal_id = 0 digitizer_id = 3 chan_id = 3 ge_id = 124 channel = 33  -> is segment
ncrystal=1
wrote trace to CCpulse_010_00_01.xy
two's comp tempE  ::     763931     763931 0x000ba81b |0000|0000|0000|1011|1010|1000|0001|1011|
rawE              ::     763931     763931 0x000ba81b |0000|0000|0000|1011|1010|1000|0001|1011|
rawE (sign change)::     763931     763931 0x000ba81b |0000|0000|0000|1011|1010|1000|0001|1011|
Event.ehi=           23872 0x00005d40
Event.ehi=2387 (gain changed)
Event.LEDts =           4570307957
Event.CFDts =      265445914116108

---------
new GTheader at pos=176 or 88 words (96):
Event.hdr[ 0]=0x1f34,   7988
Event.hdr[ 1]=0x300a,  12298
Event.hdr[ 2]=0x5d75,  23925
Event.hdr[ 3]=0x1069,   4201
Event.hdr[ 4]=0x0001,      1
Event.hdr[ 5]=0x002e,     46
Event.hdr[ 6]=0x0e00,   3584
Event.hdr[ 7]=0x0000,      0
Event.hdr[ 8]=0x0000,      0
Event.hdr[ 9]=0x0017,     23
Event.hdr[10]=0x0000,      0
Event.hdr[11]=0x0000,      0
Event.hdr[12]=0x0000,      0
Event.hdr[13]=0x0000,      0
Event.len=  44, Event.traceLen=  12 (in Bytes)
Event.len=  22, Event.traceLen=   6 (in 16 bit words)
Event.len=  11, Event.traceLen=   3 (in 32 bit words)
next start: 0xaaaaaaaa, pos= 220
0x1f34 module_id = 31 crystal_id = 0 digitizer_id = 3 chan_id = 4 ge_id = 124 channel = 34  -> is segment
ncrystal=1
wrote trace to CCpulse_010_00_01.xy
two's comp tempE  ::         46         46 0x0000002e |0000|0000|0000|0000|0000|0000|0010|1110|
rawE              ::         46         46 0x0000002e |0000|0000|0000|0000|0000|0000|0010|1110|
rawE (sign change)::         46         46 0x0000002e |0000|0000|0000|0000|0000|0000|0010|1110|
Event.ehi=               1 0x00000001
Event.ehi=0 (gain changed)
Event.LEDts =           4570307957
Event.CFDts =         249112100876

---------
new GTheader at pos=220 or 110 words (118):
Event.hdr[ 0]=0x1f35,   7989
Event.hdr[ 1]=0x300a,  12298
Event.hdr[ 2]=0x5d75,  23925
Event.hdr[ 3]=0x1069,   4201
Event.hdr[ 4]=0x0001,      1
Event.hdr[ 5]=0x8d08,  36104
Event.hdr[ 6]=0x4e0a,  19978
Event.hdr[ 7]=0x0000,      0
Event.hdr[ 8]=0x0000,      0
Event.hdr[ 9]=0x8c67,  35943
Event.hdr[10]=0x000a,     10
Event.hdr[11]=0x0000,      0
Event.hdr[12]=0x0000,      0
Event.hdr[13]=0x0000,      0
Event.len=  44, Event.traceLen=  12 (in Bytes)
Event.len=  22, Event.traceLen=   6 (in 16 bit words)
Event.len=  11, Event.traceLen=   3 (in 32 bit words)
next start: 0xaaaaaaaa, pos= 264
0x1f35 module_id = 31 crystal_id = 0 digitizer_id = 3 chan_id = 5 ge_id = 124 channel = 35  -> is segment
ncrystal=1
wrote trace to CCpulse_010_00_01.xy
two's comp tempE  ::     691464     691464 0x000a8d08 |0000|0000|0000|1010|1000|1101|0000|1000|
rawE              ::     691464     691464 0x000a8d08 |0000|0000|0000|1010|1000|1101|0000|1000|
rawE (sign change)::     691464     691464 0x000a8d08 |0000|0000|0000|1010|1000|1101|0000|1000|
Event.ehi=           21608 0x00005468
Event.ehi=2160 (gain changed)
Event.LEDts =           4570307957
Event.CFDts =      266841800048652

---------
new GTheader at pos=264 or 132 words (140):
Event.hdr[ 0]=0x1f36,   7990
Event.hdr[ 1]=0x300a,  12298
Event.hdr[ 2]=0x5d75,  23925
Event.hdr[ 3]=0x1069,   4201
Event.hdr[ 4]=0x0001,      1
Event.hdr[ 5]=0x3547,  13639
Event.hdr[ 6]=0x0e00,   3584
Event.hdr[ 7]=0x0000,      0
Event.hdr[ 8]=0x0000,      0
Event.hdr[ 9]=0xdd5f,  56671
Event.hdr[10]=0x01ff,    511
Event.hdr[11]=0x0000,      0
Event.hdr[12]=0x0000,      0
Event.hdr[13]=0x0000,      0
Event.len=  44, Event.traceLen=  12 (in Bytes)
Event.len=  22, Event.traceLen=   6 (in 16 bit words)
Event.len=  11, Event.traceLen=   3 (in 32 bit words)
next start: 0xaaaaaaaa, pos= 308
0x1f36 module_id = 31 crystal_id = 0 digitizer_id = 3 chan_id = 6 ge_id = 124 channel = 36  -> is segment
ncrystal=1
wrote trace to CCpulse_010_00_01.xy
two's comp tempE  ::      13639      13639 0x00003547 |0000|0000|0000|0000|0011|0101|0100|0111|
rawE              ::      13639      13639 0x00003547 |0000|0000|0000|0000|0011|0101|0100|0111|
rawE (sign change)::      13639      13639 0x00003547 |0000|0000|0000|0000|0011|0101|0100|0111|
Event.ehi=             426 0x000001aa
Event.ehi=42 (gain changed)
Event.LEDts =           4570307957
Event.CFDts =      281316060561420

---------
new GTheader at pos=308 or 154 words (162):
Event.hdr[ 0]=0x1f37,   7991
Event.hdr[ 1]=0x300a,  12298
Event.hdr[ 2]=0x5d75,  23925
Event.hdr[ 3]=0x1069,   4201
Event.hdr[ 4]=0x0001,      1
Event.hdr[ 5]=0x2d2c,  11564
Event.hdr[ 6]=0x0e00,   3584
Event.hdr[ 7]=0x0000,      0
Event.hdr[ 8]=0x0000,      0
Event.hdr[ 9]=0x2b4c,  11084
Event.hdr[10]=0x0000,      0
Event.hdr[11]=0x0000,      0
Event.hdr[12]=0x0000,      0
Event.hdr[13]=0x0000,      0
Event.len=  44, Event.traceLen=  12 (in Bytes)
Event.len=  22, Event.traceLen=   6 (in 16 bit words)
Event.len=  11, Event.traceLen=   3 (in 32 bit words)
next start: 0xaaaaaaaa, pos= 352
0x1f37 module_id = 31 crystal_id = 0 digitizer_id = 3 chan_id = 7 ge_id = 124 channel = 37  -> is segment
ncrystal=1
wrote trace to CCpulse_010_00_01.xy
two's comp tempE  ::      11564      11564 0x00002d2c |0000|0000|0000|0000|0010|1101|0010|1100|
rawE              ::      11564      11564 0x00002d2c |0000|0000|0000|0000|0010|1101|0010|1100|
rawE (sign change)::      11564      11564 0x00002d2c |0000|0000|0000|0000|0010|1101|0010|1100|
Event.ehi=             361 0x00000169
Event.ehi=36 (gain changed)
Event.LEDts =           4570307957
Event.CFDts =      281311765331980

---------
new GTheader at pos=352 or 176 words (184):
Event.hdr[ 0]=0x1f38,   7992
Event.hdr[ 1]=0x300a,  12298
Event.hdr[ 2]=0x5d75,  23925
Event.hdr[ 3]=0x1069,   4201
Event.hdr[ 4]=0x0001,      1
Event.hdr[ 5]=0x8e92,  36498
Event.hdr[ 6]=0x1ff9,   8185
Event.hdr[ 7]=0x0000,      0
Event.hdr[ 8]=0x0000,      0
Event.hdr[ 9]=0xd36d,  54125
Event.hdr[10]=0x01fc,    508
Event.hdr[11]=0x0000,      0
Event.hdr[12]=0x0000,      0
Event.hdr[13]=0x0000,      0
Event.len=  44, Event.traceLen=  12 (in Bytes)
Event.len=  22, Event.traceLen=   6 (in 16 bit words)
Event.len=  11, Event.traceLen=   3 (in 32 bit words)
next start: 0xaaaaaaaa, pos= 396
0x1f38 module_id = 31 crystal_id = 0 digitizer_id = 3 chan_id = 8 ge_id = 124 channel = 38  -> is segment
ncrystal=1
wrote trace to CCpulse_010_00_01.xy
two's comp tempE  ::   16354962   16354962 0x00f98e92 |0000|0000|1111|1001|1000|1110|1001|0010|
rawE              :: 4294545042    -422254 0xfff98e92 |1111|1111|1111|1001|1000|1110|1001|0010|
rawE (sign change)::     422254     422254 0x0006716e |0000|0000|0000|0110|0111|0001|0110|1110|
Event.ehi=           13195 0x0000338b
Event.ehi=1319 (gain changed)
Event.LEDts =           4570307957
Event.CFDts =         416620478476

---------
new GTheader at pos=396 or 198 words (206):
Event.hdr[ 0]=0x1f39,   7993
Event.hdr[ 1]=0x300a,  12298
Event.hdr[ 2]=0x5d75,  23925
Event.hdr[ 3]=0x1069,   4201
Event.hdr[ 4]=0x0001,      1
Event.hdr[ 5]=0x5904,  22788
Event.hdr[ 6]=0x4e0e,  19982
Event.hdr[ 7]=0x0000,      0
Event.hdr[ 8]=0x0000,      0
Event.hdr[ 9]=0x5780,  22400
Event.hdr[10]=0x000e,     14
Event.hdr[11]=0x0000,      0
Event.hdr[12]=0x0000,      0
Event.hdr[13]=0x0000,      0
Event.len=  44, Event.traceLen=  12 (in Bytes)
Event.len=  22, Event.traceLen=   6 (in 16 bit words)
Event.len=  11, Event.traceLen=   3 (in 32 bit words)
0x1f39 module_id = 31 crystal_id = 0 digitizer_id = 3 chan_id = 9 ge_id = 124 channel = 39  -> is CC
ncrystal=1
wrote trace to CCpulse_010_00_01.xy
two's comp tempE  ::     940292     940292 0x000e5904 |0000|0000|0000|1110|0101|1001|0000|0100|
rawE              ::     940292     940292 0x000e5904 |0000|0000|0000|1110|0101|1001|0000|0100|
rawE (sign change)::     940292     940292 0x000e5904 |0000|0000|0000|1110|0101|1001|0000|0100|
Event.ehi=           29384 0x000072c8
Event.ehi=2938 (gain changed)
Event.LEDts =           4570307957
Event.CFDts =       19486563958796
exit bin_mode3
*end of event # 10
+++++++++++++++++++++++++++++++
ev#    10 GEB_TYPE_GT_MOD29      440Bytes TS=4570336627 curTS=4570335905 dTS= 722
ev# 50000 GEB_TYPE_DECOMP        464Bytes TS=5026268739 curTS=5026268735 dTS= 4
ev# 50000 GEB_TYPE_DECOMP        464Bytes TS=5026268747 curTS=5026268735 dTS= 12
ev# 50000 GEB_TYPE_GT_MOD29      440Bytes TS=5026268757 curTS=5026268735 dTS= 22
ev# 50000 GEB_TYPE_DECOMP        464Bytes TS=5026268957 curTS=5026268735 dTS= 222
ev# 100000 GEB_TYPE_DECOMP        464Bytes TS=5484262987 curTS=5484262987 dTS= 0
ev# 100000 GEB_TYPE_DECOMP        464Bytes TS=5484263349 curTS=5484262987 dTS= 362
ev# 150000 GEB_TYPE_DECOMP        464Bytes TS=5936736829 curTS=5936736829 dTS= 0
ev# 150000 GEB_TYPE_DECOMP        464Bytes TS=5936736833 curTS=5936736829 dTS= 4
ev# 150000 GEB_TYPE_DECOMP        464Bytes TS=5936736833 curTS=5936736829 dTS= 4
ev# 150000 GEB_TYPE_GT_MOD29      440Bytes TS=5936736915 curTS=5936736829 dTS= 86
ev# 150000 GEB_TYPE_DECOMP        464Bytes TS=5936737203 curTS=5936736829 dTS= 374
ev# 200000 GEB_TYPE_DECOMP        464Bytes TS=6386179925 curTS=6386179647 dTS= 278
ev# 250000 GEB_TYPE_GT_MOD29      440Bytes TS=6837129047 curTS=6837129015 dTS= 32
ev# 250000 GEB_TYPE_DECOMP        464Bytes TS=6837129255 curTS=6837129015 dTS= 240
ev# 300000 GEB_TYPE_GT_MOD29      440Bytes TS=7294256793 curTS=7294256775 dTS= 18
ev# 300000 GEB_TYPE_DECOMP        464Bytes TS=7294256953 curTS=7294256775 dTS= 178
ev# 350000 GEB_TYPE_DECOMP        464Bytes TS=7744764081 curTS=7744761983 dTS= 2098
ev# 400000 GEB_TYPE_DECOMP        464Bytes TS=8209073211 curTS=8209073205 dTS= 6
ev# 400000 GEB_TYPE_DECOMP        464Bytes TS=8209073261 curTS=8209073205 dTS= 56
ev# 400000 GEB_TYPE_DECOMP        464Bytes TS=8209073345 curTS=8209073205 dTS= 140
ev# 400000 GEB_TYPE_DECOMP        464Bytes TS=8209103387 curTS=8209073205 dTS= 30182
ev# 450000 GEB_TYPE_DECOMP        464Bytes TS=8673538741 curTS=8673538741 dTS= 0
ev# 450000 GEB_TYPE_DECOMP        464Bytes TS=8673538755 curTS=8673538741 dTS= 14
ev# 450000 GEB_TYPE_DECOMP        464Bytes TS=8673554657 curTS=8673538741 dTS= 15916
ev# 500000 GEB_TYPE_DECOMP        464Bytes TS=9132164115 curTS=9132164113 dTS= 2
ev# 500000 GEB_TYPE_GT_MOD29      440Bytes TS=9132164245 curTS=9132164113 dTS= 132
ev# 500000 GEB_TYPE_DECOMP        464Bytes TS=9132164529 curTS=9132164113 dTS= 416
ev# 550000 GEB_TYPE_GT_MOD29      440Bytes TS=9578045091 curTS=9578040541 dTS= 4550
ev# 600000 GEB_TYPE_DECOMP        464Bytes TS=10028393023 curTS=10028392943 dTS= 80
ev# 600000 GEB_TYPE_GT_MOD29      440Bytes TS=10028393641 curTS=10028392943 dTS= 698
ev# 650000 GEB_TYPE_GT_MOD29      440Bytes TS=10483901635 curTS=10483901451 dTS= 184
ev# 700000 GEB_TYPE_DECOMP        464Bytes TS=10927928389 curTS=10927928069 dTS= 320
ev# 750000 GEB_TYPE_DECOMP        464Bytes TS=11362707731 curTS=11362707583 dTS= 148
ev# 750000 GEB_TYPE_DECOMP        464Bytes TS=11362707769 curTS=11362707583 dTS= 186
ev# 800000 GEB_TYPE_DECOMP        464Bytes TS=11801579899 curTS=11801579575 dTS= 324
ev# 850000 GEB_TYPE_DECOMP        464Bytes TS=12244973397 curTS=12244965435 dTS= 7962
ev# 900000 GEB_TYPE_DECOMP        464Bytes TS=12670553525 curTS=12670553525 dTS= 0
ev# 900000 GEB_TYPE_DECOMP        464Bytes TS=12670553527 curTS=12670553525 dTS= 2
ev# 900000 GEB_TYPE_DECOMP        464Bytes TS=12670553527 curTS=12670553525 dTS= 2
ev# 900000 GEB_TYPE_DECOMP        464Bytes TS=12670553527 curTS=12670553525 dTS= 2
ev# 900000 GEB_TYPE_DECOMP        464Bytes TS=12670553533 curTS=12670553525 dTS= 8
ev# 900000 GEB_TYPE_GT_MOD29      440Bytes TS=12670553969 curTS=12670553525 dTS= 444
ev# 950000 GEB_TYPE_DECOMP        464Bytes TS=13116267307 curTS=13116239747 dTS= 27560

Sorting is done
attempting to save root or map file



mean observed polar and azimuth angles
for the detectors we saw (module,crystal)

------------------------------------------
mean pol/azi angle for detector  56 are   96.71/ 119.50
mean pol/azi angle for detector  57 are  100.42/ 138.29
mean pol/azi angle for detector  58 are   83.39/ 132.68
mean pol/azi angle for detector  59 are   79.52/ 113.98
mean pol/azi angle for detector  60 are   87.42/ 152.58
mean pol/azi angle for detector  61 are  105.25/ 157.69
mean pol/azi angle for detector  62 are   93.23/ 168.37
mean pol/azi angle for detector  63 are   73.85/ 165.98
mean pol/azi angle for detector  68 are   87.12/-134.97
mean pol/azi angle for detector  69 are  105.25/-130.00
mean pol/azi angle for detector  70 are   92.90/-116.89
mean pol/azi angle for detector  71 are   74.13/-121.81
mean pol/azi angle for detector  76 are   87.47/ -63.19
mean pol/azi angle for detector  77 are  105.26/ -58.13
mean pol/azi angle for detector  78 are   92.98/ -45.01
mean pol/azi angle for detector  79 are   74.21/ -49.87
mean pol/azi angle for detector  84 are  112.26/  33.65
mean pol/azi angle for detector  85 are  125.20/  17.38
mean pol/azi angle for detector  86 are  130.65/  39.21
mean pol/azi angle for detector  87 are  115.94/  52.94
mean pol/azi angle for detector  88 are  112.41/ 105.52
mean pol/azi angle for detector  89 are  124.95/  89.36
mean pol/azi angle for detector  90 are  130.79/ 111.14
mean pol/azi angle for detector  91 are  115.80/ 125.01
mean pol/azi angle for detector  96 are  112.62/-110.66
mean pol/azi angle for detector  97 are  124.78/-126.63
mean pol/azi angle for detector  98 are  130.87/-104.90
mean pol/azi angle for detector  99 are  115.85/ -90.98
mean pol/azi angle for detector 100 are  112.41/ -38.56
mean pol/azi angle for detector 101 are  124.76/ -55.02
mean pol/azi angle for detector 102 are  130.64/ -32.97
mean pol/azi angle for detector 103 are  115.82/ -19.09
mean pol/azi angle for detector 104 are  144.43/  88.30
mean pol/azi angle for detector 105 are  132.71/  65.90
mean pol/azi angle for detector 106 are  148.84/  53.92
mean pol/azi angle for detector 107 are  162.35/  88.32
mean pol/azi angle for detector 108 are  144.72/ 160.07
mean pol/azi angle for detector 110 are  149.58/ 125.52
mean pol/azi angle for detector 111 are  162.22/ 111.01
mean pol/azi angle for detector 116 are  144.42/ -55.95
mean pol/azi angle for detector 117 are  132.54/ -78.28
mean pol/azi angle for detector 118 are  148.90/ -90.21
mean pol/azi angle for detector 119 are  162.39/ -56.10
we found 43 crystals
------------------------------------------

minimum pol angle between crystals is  18.65
compactness =  62.79%, 81 of 258
module hit statistics
module  14, crystal 0 was hit      91189 times
module  14, crystal 1 was hit      98663 times
module  14, crystal 2 was hit      96223 times
module  14, crystal 3 was hit      85327 times
module  15, crystal 0 was hit      96857 times
module  15, crystal 1 was hit      89357 times
module  15, crystal 2 was hit      83168 times
module  15, crystal 3 was hit      87899 times
module  17, crystal 0 was hit      73621 times
module  17, crystal 1 was hit      72174 times
module  17, crystal 2 was hit      73100 times
module  17, crystal 3 was hit      74558 times
module  19, crystal 0 was hit      68879 times
module  19, crystal 1 was hit      72477 times
module  19, crystal 2 was hit      84839 times
module  19, crystal 3 was hit      80508 times
module  21, crystal 0 was hit      83679 times
module  21, crystal 1 was hit      72951 times
module  21, crystal 2 was hit      85704 times
module  21, crystal 3 was hit      82470 times
module  22, crystal 0 was hit      89553 times
module  22, crystal 1 was hit      83381 times
module  22, crystal 2 was hit      94761 times
module  22, crystal 3 was hit      86950 times
module  24, crystal 0 was hit      77671 times
module  24, crystal 1 was hit      73462 times
module  24, crystal 2 was hit      77398 times
module  24, crystal 3 was hit      71327 times
module  25, crystal 0 was hit      73392 times
module  25, crystal 1 was hit      76514 times
module  25, crystal 2 was hit      73292 times
module  25, crystal 3 was hit      71434 times
module  26, crystal 0 was hit      83513 times
module  26, crystal 1 was hit      81544 times
module  26, crystal 2 was hit      81503 times
module  26, crystal 3 was hit      76079 times
module  27, crystal 0 was hit      87403 times
module  27, crystal 2 was hit      87258 times
module  27, crystal 3 was hit      79633 times
module  29, crystal 0 was hit      71561 times
module  29, crystal 1 was hit      71025 times
module  29, crystal 2 was hit      78332 times
module  29, crystal 3 was hit      69880 times

bin_mode2: pad distribution
__id   0,      1504275, 90.57%
__id   2,          212,  0.01%
__id   3,          410,  0.02%
__id   4,          502,  0.03%
__id   5,         3127,  0.19%
__id   6,        55325,  3.33%
__id 128,        96902,  5.83%
__id 133,          199,  0.01%

bin_mode2 calculated mean CCsum energy to be  758.796 keV
bin_mode2 calculated mean CCadd energy to be 1156.845 keV
attempting to close root file...
Pars.f1->Write();
Pars.f1->Print();
TFile: name=/lcrc/project/HELIOS/gretinafma/root_data/run183.root, title=, option=CREATE
TH1.Print Name  = dtbtev, Entries= 2076896, Total sum= 2.0769e+06
TH1.Print Name  = T0, Entries= 0, Total sum= 0
TH1.Print Name  = hitpat, Entries= 1504275, Total sum= 1.50428e+06
TH1.Print Name  = numHitArray2, Entries= 1000000, Total sum= 743543
TH1.Print Name  = CCmult, Entries= 1000000, Total sum= 1e+06
TH1.Print Name  = CCsum, Entries= 3470368, Total sum= 1.50425e+06
TH1.Print Name  = hit2, Entries= 168771, Total sum= 168545
TH1.Print Name  = hit3, Entries= 91364, Total sum= 90693
TH1.Print Name  = hit4, Entries= 50622, Total sum= 49413
TH1.Print Name  = CCsum_nodop, Entries= 3470368, Total sum= 1.50425e+06
TH1.Print Name  = CCadd, Entries= 1000000, Total sum= 734539
TH1.Print Name  = SEGadd_FPGA, Entries= 200000000, Total sum= 1.50365e+06
TH1.Print Name  = SEGadd_PSA, Entries= 200000000, Total sum= 1.49567e+06
TH1.Print Name  = SEGsum_FPGA, Entries= 2333137, Total sum= 2.33273e+06
TH1.Print Name  = SEGsum_PSA, Entries= 3470509, Total sum= 3.44165e+06
TH1.Print Name  = radius_all, Entries= 3470509, Total sum= 3.47051e+06
TH1.Print Name  = rate_mode2_min, Entries= 1504274, Total sum= 25071.2
TH1.Print Name  = rate_mode2_sec, Entries= 1504274, Total sum= 1.50427e+06
TH1.Print Name  = rate_mode2_intp, Entries= 1504274, Total sum= 57841.8
TH1.Print Name  = cdtbtev, Entries= 490138, Total sum= 490138
TH1.Print Name  = evsr_all, Entries= 3470509, Total sum= 3.38782e+06
TH1.Print Name  = SMAP_allhits, Entries= 3470509, Total sum= 3.47051e+06
TH1.Print Name  = SMAP_allhits_sq, Entries= 3470509, Total sum= 3.47051e+06
TH1.Print Name  = seghitpat, Entries= 3470509, Total sum= 3.47051e+06
TH1.Print Name  = CCe, Entries= 3470368, Total sum= 1.50425e+06
TH1.Print Name  = ggCC, Entries= 3095638, Total sum= 2.70958e+06
TH1.Print Name  = z_plot, Entries= 3470509, Total sum= 3.46719e+06
TH1.Print Name  = crystal_hit, Entries= 0, Total sum= 0
TH1.Print Name  = SegE, Entries= 3469874, Total sum= 3.46987e+06
TH1.Print Name  = crXcr, Entries= 1547819, Total sum= 1.54782e+06
******************************************************************************
*Tree    :tree      : tree                                                   *
*Entries :  1000000 : Total =       154552488 bytes  File  Size =   38674384 *
*        :          : Tree compression factor =   4.00                       *
******************************************************************************
*Br    0 :runNumber : runNumber/I                                            *
*Entries :  1000000 : Total  Size=    4009925 bytes  File Size  =      30165 *
*Baskets :       96 : Basket Size=    1328640 bytes  Compression= 132.85     *
*............................................................................*
*Br    1 :numHits   : numHits/I                                              *
*Entries :  1000000 : Total  Size=    4009725 bytes  File Size  =      29970 *
*Baskets :       96 : Basket Size=    1328640 bytes  Compression= 133.70     *
*............................................................................*
*Br    2 :left      : left[numHits]/F                                        *
*Entries :  1000000 : Total  Size=    8029759 bytes  File Size  =    2811769 *
*Baskets :      285 : Basket Size=    8694784 bytes  Compression=   2.85     *
*............................................................................*
*Br    3 :right     : right[numHits]/F                                       *
*Entries :  1000000 : Total  Size=    8030048 bytes  File Size  =    2792173 *
*Baskets :      285 : Basket Size=    8695296 bytes  Compression=   2.87     *
*............................................................................*
*Br    4 :up        : up[numHits]/F                                          *
*Entries :  1000000 : Total  Size=    8029181 bytes  File Size  =    2792090 *
*Baskets :      285 : Basket Size=    8694784 bytes  Compression=   2.87     *
*............................................................................*
*Br    5 :down      : down[numHits]/F                                        *
*Entries :  1000000 : Total  Size=    8029759 bytes  File Size  =    2796103 *
*Baskets :      285 : Basket Size=    8694784 bytes  Compression=   2.87     *
*............................................................................*
*Br    6 :e1        : e1[numHits]/F                                          *
*Entries :  1000000 : Total  Size=    8029181 bytes  File Size  =    2695704 *
*Baskets :      285 : Basket Size=    8694784 bytes  Compression=   2.98     *
*............................................................................*
*Br    7 :e2        : e2[numHits]/F                                          *
*Entries :  1000000 : Total  Size=    8029181 bytes  File Size  =    2662910 *
*Baskets :      285 : Basket Size=    8694784 bytes  Compression=   3.01     *
*............................................................................*
*Br    8 :e3        : e3[numHits]/F                                          *
*Entries :  1000000 : Total  Size=    8029181 bytes  File Size  =    2626493 *
*Baskets :      285 : Basket Size=    8694784 bytes  Compression=   3.05     *
*............................................................................*
*Br    9 :tac       : tac[numHits]/F                                         *
*Entries :  1000000 : Total  Size=    8029470 bytes  File Size  =    2386928 *
*Baskets :      285 : Basket Size=    8694784 bytes  Compression=   3.36     *
*............................................................................*
*Br   10 :fmaDeltaTime : fmaDeltaTime[numHits]/F                             *
*Entries :  1000000 : Total  Size=    8032071 bytes  File Size  =    2924970 *
*Baskets :      285 : Basket Size=    8695808 bytes  Compression=   2.74     *
*............................................................................*
*Br   11 :fmaMult   : fmaMult[10]/I                                          *
*Entries :  1000000 : Total  Size=   40093131 bytes  File Size  =    1024889 *
*Baskets :      947 : Basket Size=   25600000 bytes  Compression=  39.10     *
*............................................................................*
*Br   12 :gammaMult : gammaMult/I                                            *
*Entries :  1000000 : Total  Size=    4009925 bytes  File Size  =     710211 *
*Baskets :       96 : Basket Size=    1328640 bytes  Compression=   5.64     *
*............................................................................*
*Br   13 :gammaEnergy : gammaEnergy[gammaMult]/F                             *
*Entries :  1000000 : Total  Size=   10054060 bytes  File Size  =    7107989 *
*Baskets :      332 : Basket Size=    9362432 bytes  Compression=   1.41     *
*............................................................................*
*Br   14 :gammaTimestamp : gammaTimestamp[gammaMult]/F                       *
*Entries :  1000000 : Total  Size=   10055068 bytes  File Size  =    3114502 *
*Baskets :      332 : Basket Size=    9362944 bytes  Compression=   3.23     *
*............................................................................*
*Br   15 :deltaTime : deltaTime[gammaMult]/F                                 *
*Entries :  1000000 : Total  Size=   10053388 bytes  File Size  =    2126844 *
*Baskets :      332 : Basket Size=    9362432 bytes  Compression=   4.72     *
*............................................................................*
TH1.Print Name  = eCC_a, Entries= 0, Total sum= 0
TH1.Print Name  = eCC_b, Entries= 0, Total sum= 0
TH1.Print Name  = eCC_c, Entries= 0, Total sum= 0
TH1.Print Name  = eCC_d, Entries= 122369, Total sum= 0
TH1.Print Name  = eSeg, Entries= 0, Total sum= 0
TH1.Print Name  = mode3_hitpat, Entries= 4134600, Total sum= 0
TH1.Print Name  = mode3_hitpat_chan, Entries= 4134600, Total sum= 4.1346e+06
TH1.Print Name  = chan0, Entries= 0, Total sum= 0
TH1.Print Name  = module, Entries= 4134600, Total sum= 4.1346e+06
TH1.Print Name  = chan, Entries= 4134600, Total sum= 4.13231e+06
TH1.Print Name  = l, Entries= 413460, Total sum= 413414
TH1.Print Name  = r, Entries= 413460, Total sum= 413457
TH1.Print Name  = up, Entries= 413460, Total sum= 413460
TH1.Print Name  = down, Entries= 413460, Total sum= 413459
TH1.Print Name  = sumlr, Entries= 402330, Total sum= 402330
TH1.Print Name  = sumud, Entries= 388616, Total sum= 388616
TH1.Print Name  = x, Entries= 402330, Total sum= 402330
TH1.Print Name  = y, Entries= 388616, Total sum= 388616
TH1.Print Name  = de1, Entries= 413460, Total sum= 413429
TH1.Print Name  = de2, Entries= 413460, Total sum= 413460
TH1.Print Name  = de3, Entries= 413460, Total sum= 412805
TH1.Print Name  = de12, Entries= 364256, Total sum= 364256
TH1.Print Name  = etot, Entries= 364256, Total sum= 364256
TH1.Print Name  = rftof, Entries= 413460, Total sum= 412110
TH1.Print Name  = lr, Entries= 1000000, Total sum= 999951
TH1.Print Name  = ud, Entries= 1000000, Total sum= 999999
TH1.Print Name  = ede1, Entries= 364256, Total sum= 364256
TH1.Print Name  = ede1g, Entries= 68530, Total sum= 68511
TH1.Print Name  = ede2, Entries= 364256, Total sum= 364256
TH1.Print Name  = ede12, Entries= 364256, Total sum= 364256
TH1.Print Name  = xde1, Entries= 364256, Total sum= 364256
TH1.Print Name  = erftof, Entries= 1000000, Total sum= 998650
TH1.Print Name  = erftofg, Entries= 26848, Total sum= 26770
TH1.Print Name  = sumehi, Entries= 1504275, Total sum= 1.50426e+06
TH1.Print Name  = tgppac, Entries= 1504275, Total sum= 382830
TH1.Print Name  = tgppacg, Entries= 68530, Total sum= 68530
TH1.Print Name  = xehi1, Entries= 1504275, Total sum= 1.50426e+06
TH1.Print Name  = xehi1g, Entries= 68530, Total sum= 68530
TH1.Print Name  = de1ehi, Entries= 1504275, Total sum= 1.50422e+06
TH1.Print Name  = de1ehig, Entries= 68530, Total sum= 68511
TH1.Print Name  = ng, Entries= 1000000, Total sum= 1e+06
TH1.Print Name  = ehiz1, Entries= 0, Total sum= 0
TH1.Print Name  = ehiz2, Entries= 0, Total sum= 0
TH1.Print Name  = ehiz3, Entries= 0, Total sum= 0
TH1.Print Name  = ehiz4, Entries= 0, Total sum= 0
TH1.Print Name  = ehiz5, Entries= 0, Total sum= 0
TH1.Print Name  = gg_dt, Entries= 81742, Total sum= 81742
TH1.Print Name  = gg, Entries= 163484, Total sum= 161202
TH1.Print Name  = gg_z1, Entries= 0, Total sum= 0
TH1.Print Name  = gg_z2, Entries= 0, Total sum= 0
TH1.Print Name  = gg_z3, Entries= 0, Total sum= 0
TH1.Print Name  = gg_z4, Entries= 0, Total sum= 0
TH1.Print Name  = gg_z5, Entries= 0, Total sum= 0
Pars.f1->Close();
done saving rootfile "/lcrc/project/HELIOS/gretinafma/root_data/run183.root


read 1000000 events; Pars.beta=0.0330; time since last update 1 minutes
CommandFileName="GEBSort.command"

sorted timestamp range 4570076937-->13566205527: 8996128590
that is 90.0 seconds or 0h1m29s
^^^^^ any timestamp jumps will upset this accounting

hit statistics per type
 1 GEB_TYPE_DECOMP          1660952 ;  18462.96 Hz 
 8 GEB_TYPE_GT_MOD29         415944 ;   4623.59 Hz 
read a total of              2076896 ; header/payloads


nn1=0
nn2=2076897
nn3=2076897

nok_validate= 1000000, ntot_validate=1000000; validate fraction 100.00%

bytes read=985834944, 940.165466 MB

boniva sancta! ...GEBSort (unexpectedly) did not crash!

 ** GEBSort is done at 
