started GEBSort at we have 9 arguments
1... -input
will take input from disk
file size is 20327786496 bytes or 19851 MBytes

4... -rootfile
rootfile name specified on command line
__will store spectra in rootfile: /lcrc/project/HELIOS/gretinafma/root_data/run101.root
will recreate root file
7... -chat
core file size          (blocks, -c) unlimited
data seg size           (kbytes, -d) unlimited
scheduling priority             (-e) 0
file size               (blocks, -f) unlimited
pending signals                 (-i) 510315
max locked memory       (kbytes, -l) unlimited
max memory size         (kbytes, -m) 128769024
open files                      (-n) 51200
pipe size            (512 bytes, -p) 8
POSIX message queues     (bytes, -q) 819200
real-time priority              (-r) 0
stack size              (kbytes, -s) unlimited
cpu time               (seconds, -t) unlimited
max user processes              (-u) 4096
virtual memory          (kbytes, -v) unlimited
file locks                      (-x) unlimited
will read sorting instructions from chatfile: GEBSort.chat

executing UserDeclare.h code


GEBsort running on: 

initializing

crmat.LINUX is open (input) binary format
read 7936 bytes into Pars.crmat
chat file: <GEBSort.chat> open

will sort a max of 1410065408 events
will sort a max of 1000000 events
will sort 86400 minutes of data
will print details of the first 10 events
will use Pars.Beta (v/c) correction of 0.033000
will sort using a time window of 150
Pars.do_bin_mode2=1
Pars.do_bin_mode3=1
will accept second interaction range between 10.000000 and 500.000000 mm
"1-200"
detector   1 is ENABLED
detector   2 is ENABLED
detector   3 is ENABLED
detector   4 is ENABLED
detector   5 is ENABLED
detector   6 is ENABLED
detector   7 is ENABLED
detector   8 is ENABLED
detector   9 is ENABLED
detector  10 is ENABLED
detector  11 is ENABLED
detector  12 is ENABLED
detector  13 is ENABLED
detector  14 is ENABLED
detector  15 is ENABLED
detector  16 is ENABLED
detector  17 is ENABLED
detector  18 is ENABLED
detector  19 is ENABLED
detector  20 is ENABLED
detector  21 is ENABLED
detector  22 is ENABLED
detector  23 is ENABLED
detector  24 is ENABLED
detector  25 is ENABLED
detector  26 is ENABLED
detector  27 is ENABLED
detector  28 is ENABLED
detector  29 is ENABLED
detector  30 is ENABLED
detector  31 is ENABLED
detector  32 is ENABLED
detector  33 is ENABLED
detector  34 is ENABLED
detector  35 is ENABLED
detector  36 is ENABLED
detector  37 is ENABLED
detector  38 is ENABLED
detector  39 is ENABLED
detector  40 is ENABLED
detector  41 is ENABLED
detector  42 is ENABLED
detector  43 is ENABLED
detector  44 is ENABLED
detector  45 is ENABLED
detector  46 is ENABLED
detector  47 is ENABLED
detector  48 is ENABLED
detector  49 is ENABLED
detector  50 is ENABLED
detector  51 is ENABLED
detector  52 is ENABLED
detector  53 is ENABLED
detector  54 is ENABLED
detector  55 is ENABLED
detector  56 is ENABLED
detector  57 is ENABLED
detector  58 is ENABLED
detector  59 is ENABLED
detector  60 is ENABLED
detector  61 is ENABLED
detector  62 is ENABLED
detector  63 is ENABLED
detector  64 is ENABLED
detector  65 is ENABLED
detector  66 is ENABLED
detector  67 is ENABLED
detector  68 is ENABLED
detector  69 is ENABLED
detector  70 is ENABLED
detector  71 is ENABLED
detector  72 is ENABLED
detector  73 is ENABLED
detector  74 is ENABLED
detector  75 is ENABLED
detector  76 is ENABLED
detector  77 is ENABLED
detector  78 is ENABLED
detector  79 is ENABLED
detector  80 is ENABLED
detector  81 is ENABLED
detector  82 is ENABLED
detector  83 is ENABLED
detector  84 is ENABLED
detector  85 is ENABLED
detector  86 is ENABLED
detector  87 is ENABLED
detector  88 is ENABLED
detector  89 is ENABLED
detector  90 is ENABLED
detector  91 is ENABLED
detector  92 is ENABLED
detector  93 is ENABLED
detector  94 is ENABLED
detector  95 is ENABLED
detector  96 is ENABLED
detector  97 is ENABLED
detector  98 is ENABLED
detector  99 is ENABLED
detector 100 is ENABLED
detector 101 is ENABLED
detector 102 is ENABLED
detector 103 is ENABLED
detector 104 is ENABLED
detector 105 is ENABLED
detector 106 is ENABLED
detector 107 is ENABLED
detector 108 is ENABLED
detector 109 is ENABLED
detector 110 is ENABLED
detector 111 is ENABLED
detector 112 is ENABLED
detector 113 is ENABLED
detector 114 is ENABLED
detector 115 is ENABLED
detector 116 is ENABLED
detector 117 is ENABLED
detector 118 is ENABLED
detector 119 is ENABLED
detector 120 is ENABLED
detector 121 is ENABLED
detector 122 is ENABLED
detector 123 is ENABLED
detector 124 is ENABLED
detector 125 is ENABLED
detector 126 is ENABLED
detector 127 is ENABLED
detector 128 is ENABLED
detector 129 is ENABLED
detector 130 is ENABLED
detector 131 is ENABLED
detector 132 is ENABLED
detector 133 is ENABLED
detector 134 is ENABLED
detector 135 is ENABLED
detector 136 is ENABLED
detector 137 is ENABLED
detector 138 is ENABLED
detector 139 is ENABLED
detector 140 is ENABLED
detector 141 is ENABLED
detector 142 is ENABLED
detector 143 is ENABLED
detector 144 is ENABLED
detector 145 is ENABLED
detector 146 is ENABLED
detector 147 is ENABLED
detector 148 is ENABLED
detector 149 is ENABLED
detector 150 is ENABLED
detector 151 is ENABLED
detector 152 is ENABLED
detector 153 is ENABLED
detector 154 is ENABLED
detector 155 is ENABLED
detector 156 is ENABLED
detector 157 is ENABLED
detector 158 is ENABLED
detector 159 is ENABLED
detector 160 is ENABLED
detector 161 is ENABLED
detector 162 is ENABLED
detector 163 is ENABLED
detector 164 is ENABLED
detector 165 is ENABLED
detector 166 is ENABLED
detector 167 is ENABLED
detector 168 is ENABLED
detector 169 is ENABLED
detector 170 is ENABLED
detector 171 is ENABLED
detector 172 is ENABLED
detector 173 is ENABLED
detector 174 is ENABLED
detector 175 is ENABLED
detector 176 is ENABLED
detector 177 is ENABLED
detector 178 is ENABLED
detector 179 is ENABLED
detector 180 is ENABLED
detector 181 is ENABLED
detector 182 is ENABLED
detector 183 is ENABLED
detector 184 is ENABLED
detector 185 is ENABLED
detector 186 is ENABLED
detector 187 is ENABLED
detector 188 is ENABLED
detector 189 is ENABLED
detector 190 is ENABLED
detector 191 is ENABLED
detector 192 is ENABLED
detector 193 is ENABLED
detector 194 is ENABLED
detector 195 is ENABLED
detector 196 is ENABLED
detector 197 is ENABLED
detector 198 is ENABLED
detector 199 is ENABLED
WARNING: could not open CCcal file "CCenergy.cal", quit
will use beam direction 0.000000 0.000000 1.000000
vector length= 1.000000, normalizing
will use beam direction 0.000000 0.000000 1.000000
Pars.ndetlimlo=1,Pars.ndetlimhi=8
will require mult bt: 1 20
fomlimits, 1, 0.00 ..to.. 0.80
fomlimits, 2, 0.00 ..to.. 0.80
fomlimits, 3, 0.00 ..to.. 0.80
fomlimits, 4, 0.00 ..to.. 0.80
fomlimits, 5, 0.00 ..to.. 0.80
fomlimits, 6, 0.00 ..to.. 0.80
fomlimits, 7, 0.00 ..to.. 0.80
will use M= 350.000000 in bin_dgs
will use PZ file "dgs_pz.cal" in bin_dgs
will use ecal file "dgs_ehi.cal" in bin_dgs
will skip rest of chat file

chat file: <GEBSort.chat> closed
processed 39 sort instructions and 198 lines


sorting this:
Pars.do_bin_mode3 = 1
Pars.do_bin_mode2 = 1
Pars.do_bin_mode1 = 0
Pars.do_bin_dgs = 0
Pars.do_bin_dfma = 0
Pars.do_bin_gtcal = 0
Pars.do_bin_template = 0
Pars.do_bin_final = 0
Pars.do_bin_angcor = 0
Pars.do_bin_angdis = 0
checking proper input of chat file...
input file "/lcrc/project/HELIOS/gretinafma/merged_data/GEBMerged_run101.gtd_000" is open, inData=0x24beaa60
file size is -1147049984 bytes or -1120 MBs 
input source is set up, supposedly

xyz offset values:

executing ShareMemFileUserInit.h code

deleted \rm -f GEBSort.command
root file </lcrc/project/HELIOS/gretinafma/root_data/run101.root>
base=</lcrc/project/HELIOS/gretinafma/root_data/run101.root:/>
TFile: name=/lcrc/project/HELIOS/gretinafma/root_data/run101.root, title=, option=CREATE

executing UserInit.h code

Created Object "dtbtev", 0x25c40b20
Created Object "T0", 0x25c40f30
, "T0"Created Object "hitpat", 0x25c41320
, "hitpat"Created Object "numHitArray2", 0x25c41d70
, "numHitArray2"Created Object "CCmult", 0x25c42830
, "CC Multiplicity"Created Object "CCsum", 0x25f13960
, "CCsum"Created Object "hit2", 0x25f23770
, "hit2"Created Object "hit3", 0x25f33580
, "hit3"Created Object "hit4", 0x25f43390
, "hit4"Created Object "CCsum_nodop", 0x25f531a0
, "CCsum_nodop"Created Object "CCadd", 0x25f62fb0
, "CCadd"Created Object "SEGadd_FPGA", 0x25f72dc0
Created Object "SEGadd_PSA", 0x25f731d0
Created Object "SEGsum_FPGA", 0x25f735e0
Created Object "SEGsum_PSA", 0x25f739f0
Created Object "radius_all", 0x25f73e00
, "radius (all points)"Created Object "rate_mode2_min", 0x25f7c210
, "rate_mode2_min headers"Created Object "rate_mode2_sec", 0x25f7f320
, "rate_mode2_sec headers"Created Object "rate_mode2_intp", 0x25f82430
, "rate_mode2 interaction points"Created Object "cdtbtev", 0x25f85540
Created Object "evsr_all", 0x2604b4b0
Created Object "SMAP_allhits", 0x2604b9f0
Created Object "SMAP_allhits_sq", 0x2614b380
Created Object "seghitpat", 0x2624ad10
Created Object "CCe", 0x26253110
Created Object "ggCC", 0x262536c0
Created Object "z_plot", 0x26253c70
Created Object "crystal_hit", 0x26307340
Created Object "SegE", 0x26307910
Created Object "crXcr", 0x26307e50
MAXDETPOS=180
Created Object "eCC_a", 0x263f5970
Created Object "eCC_b", 0x263f5d80
Created Object "eCC_c", 0x263f61f0
Created Object "eCC_d", 0x263f67a0
Created Object "eSeg", 0x263f6ce0
Created Object "mode3_hitpat", 0x263f7290
, "mode3_hitpat"Created Object "mode3_hitpat_chan", 0x263f7c00
, "mode3_hitpat_chan"Created Object "chan0", 0x263f8330
, "chan0"Created Object "module", 0x2640c160
, "module"Created Object "chan", 0x2641ff90
Created Object "l", 0x264958b0
, "l"Created Object "r", 0x264a96e0
, "r"Created Object "up", 0x264bd4a0
, "up"Created Object "down", 0x264d1260
, "down"Created Object "sumlr", 0x264e5090
, "sumlr"Created Object "sumud", 0x264f8ec0
, "sumud"Created Object "x", 0x2650ccf0
, "x"Created Object "y", 0x26520b20
, "y"Created Object "de1", 0x26534950
, "de1"Created Object "de2", 0x26548710
, "de2"Created Object "de3", 0x2655c4d0
, "de3"Created Object "de12", 0x26570300
, "de12"Created Object "etot", 0x26584130
, "etot"Created Object "rftof", 0x26597ef0
, "rftof"Created Object "lr", 0x265abcb0
Created Object "ud", 0x265ac1f0
Created Object "ede1", 0x265ac730
Created Object "ede1g", 0x265acc70
Created Object "ede2", 0x265ad220
Created Object "ede12", 0x265ad7d0
Created Object "xde1", 0x265add80
Created Object "erftof", 0x265ae2c0
Created Object "erftofg", 0x265ae800
Created Object "sumehi", 0x265aedb0
, "sumehi"Created Object "tgppac", 0x265c2b70
, "tgppac"Created Object "tgppacg", 0x265ea220
, "tgppacg"Created Object "xehi1", 0x266118d0
Created Object "xehi1g", 0x26611e10
Created Object "de1ehi", 0x266123c0
Created Object "de1ehig", 0x26612900
Created Object "ng", 0x26612e40
, "ng"Created Object "ehiz1", 0x26626c00
, "ehiz1"Created Object "ehiz2", 0x2663a9c0
, "ehiz2"Created Object "ehiz3", 0x2664e7f0
, "ehiz3"Created Object "ehiz4", 0x26662620
, "ehiz4"Created Object "ehiz5", 0x26676450
, "ehiz5"Created Object "gg_dt", 0x2668a210
, "gg_dt"Created Object "gg", 0x2668e640
Created Object "gg_z1", 0x2668ebf0
Created Object "gg_z2", 0x2668f1a0
Created Object "gg_z3", 0x2668f750
Created Object "gg_z4", 0x2668fd00
Created Object "gg_z5", 0x26690240
we have define the following ROOT spectra:
Collection name='THashList', class='THashList', size=84
 TH1.Print Name  = dtbtev, Entries= 0, Total sum= 0
 TH1.Print Name  = T0, Entries= 0, Total sum= 0
 TH1.Print Name  = hitpat, Entries= 0, Total sum= 0
 TH1.Print Name  = numHitArray2, Entries= 0, Total sum= 0
 TH1.Print Name  = CCmult, Entries= 0, Total sum= 0
 TH1.Print Name  = CCsum, Entries= 0, Total sum= 0
 TH1.Print Name  = hit2, Entries= 0, Total sum= 0
 TH1.Print Name  = hit3, Entries= 0, Total sum= 0
 TH1.Print Name  = hit4, Entries= 0, Total sum= 0
 TH1.Print Name  = CCsum_nodop, Entries= 0, Total sum= 0
 TH1.Print Name  = CCadd, Entries= 0, Total sum= 0
 TH1.Print Name  = SEGadd_FPGA, Entries= 0, Total sum= 0
 TH1.Print Name  = SEGadd_PSA, Entries= 0, Total sum= 0
 TH1.Print Name  = SEGsum_FPGA, Entries= 0, Total sum= 0
 TH1.Print Name  = SEGsum_PSA, Entries= 0, Total sum= 0
 TH1.Print Name  = radius_all, Entries= 0, Total sum= 0
 TH1.Print Name  = rate_mode2_min, Entries= 0, Total sum= 0
 TH1.Print Name  = rate_mode2_sec, Entries= 0, Total sum= 0
 TH1.Print Name  = rate_mode2_intp, Entries= 0, Total sum= 0
 TH1.Print Name  = cdtbtev, Entries= 0, Total sum= 0
 TH1.Print Name  = evsr_all, Entries= 0, Total sum= 0
 TH1.Print Name  = SMAP_allhits, Entries= 0, Total sum= 0
 TH1.Print Name  = SMAP_allhits_sq, Entries= 0, Total sum= 0
 TH1.Print Name  = seghitpat, Entries= 0, Total sum= 0
 TH1.Print Name  = CCe, Entries= 0, Total sum= 0
 TH1.Print Name  = ggCC, Entries= 0, Total sum= 0
 TH1.Print Name  = z_plot, Entries= 0, Total sum= 0
 TH1.Print Name  = crystal_hit, Entries= 0, Total sum= 0
 TH1.Print Name  = SegE, Entries= 0, Total sum= 0
 TH1.Print Name  = crXcr, Entries= 0, Total sum= 0
 ******************************************************************************
*Tree    :tree      : tree                                                   *
*Entries :        0 : Total =            8461 bytes  File  Size =          0 *
*        :          : Tree compression factor =   1.00                       *
******************************************************************************
*Br    0 :runNumber : runNumber/I                                            *
*Entries :        0 : Total  Size=        501 bytes  One basket in memory    *
*Baskets :        0 : Basket Size=      32000 bytes  Compression=   1.00     *
*............................................................................*
*Br    1 :numHits   : numHits/I                                              *
*Entries :        0 : Total  Size=        493 bytes  One basket in memory    *
*Baskets :        0 : Basket Size=      32000 bytes  Compression=   1.00     *
*............................................................................*
*Br    2 :left      : left[numHits]/F                                        *
*Entries :        0 : Total  Size=        580 bytes  One basket in memory    *
*Baskets :        0 : Basket Size=      32000 bytes  Compression=   1.00     *
*............................................................................*
*Br    3 :right     : right[numHits]/F                                       *
*Entries :        0 : Total  Size=        584 bytes  One basket in memory    *
*Baskets :        0 : Basket Size=      32000 bytes  Compression=   1.00     *
*............................................................................*
*Br    4 :up        : up[numHits]/F                                          *
*Entries :        0 : Total  Size=        572 bytes  One basket in memory    *
*Baskets :        0 : Basket Size=      32000 bytes  Compression=   1.00     *
*............................................................................*
*Br    5 :down      : down[numHits]/F                                        *
*Entries :        0 : Total  Size=        580 bytes  One basket in memory    *
*Baskets :        0 : Basket Size=      32000 bytes  Compression=   1.00     *
*............................................................................*
*Br    6 :e1        : e1[numHits]/F                                          *
*Entries :        0 : Total  Size=        572 bytes  One basket in memory    *
*Baskets :        0 : Basket Size=      32000 bytes  Compression=   1.00     *
*............................................................................*
*Br    7 :e2        : e2[numHits]/F                                          *
*Entries :        0 : Total  Size=        572 bytes  One basket in memory    *
*Baskets :        0 : Basket Size=      32000 bytes  Compression=   1.00     *
*............................................................................*
*Br    8 :e3        : e3[numHits]/F                                          *
*Entries :        0 : Total  Size=        572 bytes  One basket in memory    *
*Baskets :        0 : Basket Size=      32000 bytes  Compression=   1.00     *
*............................................................................*
*Br    9 :tac       : tac[numHits]/F                                         *
*Entries :        0 : Total  Size=        576 bytes  One basket in memory    *
*Baskets :        0 : Basket Size=      32000 bytes  Compression=   1.00     *
*............................................................................*
*Br   10 :fmaDeltaTime : fmaDeltaTime[numHits]/F                             *
*Entries :        0 : Total  Size=        612 bytes  One basket in memory    *
*Baskets :        0 : Basket Size=      32000 bytes  Compression=   1.00     *
*............................................................................*
*Br   11 :fmaMult   : fmaMult[10]/I                                          *
*Entries :        0 : Total  Size=        501 bytes  One basket in memory    *
*Baskets :        0 : Basket Size=      32000 bytes  Compression=   1.00     *
*............................................................................*
*Br   12 :gammaMult : gammaMult/I                                            *
*Entries :        0 : Total  Size=        501 bytes  One basket in memory    *
*Baskets :        0 : Basket Size=      32000 bytes  Compression=   1.00     *
*............................................................................*
*Br   13 :gammaEnergy : gammaEnergy[gammaMult]/F                             *
*Entries :        0 : Total  Size=        616 bytes  One basket in memory    *
*Baskets :        0 : Basket Size=      32000 bytes  Compression=   1.00     *
*............................................................................*
*Br   14 :gammaTimestamp : gammaTimestamp[gammaMult]/F                       *
*Entries :        0 : Total  Size=        628 bytes  One basket in memory    *
*Baskets :        0 : Basket Size=      32000 bytes  Compression=   1.00     *
*............................................................................*
*Br   15 :deltaTime : deltaTime[gammaMult]/F                                 *
*Entries :        0 : Total  Size=        608 bytes  One basket in memory    *
*Baskets :        0 : Basket Size=      32000 bytes  Compression=   1.00     *
*............................................................................*
 TH1.Print Name  = eCC_a, Entries= 0, Total sum= 0
 TH1.Print Name  = eCC_b, Entries= 0, Total sum= 0
 TH1.Print Name  = eCC_c, Entries= 0, Total sum= 0
 TH1.Print Name  = eCC_d, Entries= 0, Total sum= 0
 TH1.Print Name  = eSeg, Entries= 0, Total sum= 0
 TH1.Print Name  = mode3_hitpat, Entries= 0, Total sum= 0
 TH1.Print Name  = mode3_hitpat_chan, Entries= 0, Total sum= 0
 TH1.Print Name  = chan0, Entries= 0, Total sum= 0
 TH1.Print Name  = module, Entries= 0, Total sum= 0
 TH1.Print Name  = chan, Entries= 0, Total sum= 0
 TH1.Print Name  = l, Entries= 0, Total sum= 0
 TH1.Print Name  = r, Entries= 0, Total sum= 0
 TH1.Print Name  = up, Entries= 0, Total sum= 0
 TH1.Print Name  = down, Entries= 0, Total sum= 0
 TH1.Print Name  = sumlr, Entries= 0, Total sum= 0
 TH1.Print Name  = sumud, Entries= 0, Total sum= 0
 TH1.Print Name  = x, Entries= 0, Total sum= 0
 TH1.Print Name  = y, Entries= 0, Total sum= 0
 TH1.Print Name  = de1, Entries= 0, Total sum= 0
 TH1.Print Name  = de2, Entries= 0, Total sum= 0
 TH1.Print Name  = de3, Entries= 0, Total sum= 0
 TH1.Print Name  = de12, Entries= 0, Total sum= 0
 TH1.Print Name  = etot, Entries= 0, Total sum= 0
 TH1.Print Name  = rftof, Entries= 0, Total sum= 0
 TH1.Print Name  = lr, Entries= 0, Total sum= 0
 TH1.Print Name  = ud, Entries= 0, Total sum= 0
 TH1.Print Name  = ede1, Entries= 0, Total sum= 0
 TH1.Print Name  = ede1g, Entries= 0, Total sum= 0
 TH1.Print Name  = ede2, Entries= 0, Total sum= 0
 TH1.Print Name  = ede12, Entries= 0, Total sum= 0
 TH1.Print Name  = xde1, Entries= 0, Total sum= 0
 TH1.Print Name  = erftof, Entries= 0, Total sum= 0
 TH1.Print Name  = erftofg, Entries= 0, Total sum= 0
 TH1.Print Name  = sumehi, Entries= 0, Total sum= 0
 TH1.Print Name  = tgppac, Entries= 0, Total sum= 0
 TH1.Print Name  = tgppacg, Entries= 0, Total sum= 0
 TH1.Print Name  = xehi1, Entries= 0, Total sum= 0
 TH1.Print Name  = xehi1g, Entries= 0, Total sum= 0
 TH1.Print Name  = de1ehi, Entries= 0, Total sum= 0
 TH1.Print Name  = de1ehig, Entries= 0, Total sum= 0
 TH1.Print Name  = ng, Entries= 0, Total sum= 0
 TH1.Print Name  = ehiz1, Entries= 0, Total sum= 0
 TH1.Print Name  = ehiz2, Entries= 0, Total sum= 0
 TH1.Print Name  = ehiz3, Entries= 0, Total sum= 0
 TH1.Print Name  = ehiz4, Entries= 0, Total sum= 0
 TH1.Print Name  = ehiz5, Entries= 0, Total sum= 0
 TH1.Print Name  = gg_dt, Entries= 0, Total sum= 0
 TH1.Print Name  = gg, Entries= 0, Total sum= 0
 TH1.Print Name  = gg_z1, Entries= 0, Total sum= 0
 TH1.Print Name  = gg_z2, Entries= 0, Total sum= 0
 TH1.Print Name  = gg_z3, Entries= 0, Total sum= 0
 TH1.Print Name  = gg_z4, Entries= 0, Total sum= 0
 TH1.Print Name  = gg_z5, Entries= 0, Total sum= 0
GRETINA detector angles
mod  1, crystal 0 [  4]: ( 10.07   3.58  15.10) pol   35.30 ,  azi   13.35; pol   35.30 ,  azi   19.58; modCCdopfac[4] 1.0271
mod  1, crystal 1 [  5]: ( 10.11   9.19  12.47) pol   47.60 ,  azi   36.39; pol   47.60 ,  azi   42.30; modCCdopfac[5] 1.0222
mod  1, crystal 2 [  6]: (  5.44   7.69  15.92) pol   30.60 ,  azi   25.77; pol   30.60 ,  azi   54.72; modCCdopfac[6] 1.0287
mod  1, crystal 3 [  7]: (  4.99   1.78  17.72) pol   16.65 ,  azi    5.72; pol   16.65 ,  azi   19.58; modCCdopfac[7] 1.0321
mod  2, crystal 0 [  8]: ( -0.29  10.69  15.10) pol   35.30 ,  azi   35.29; pol   35.30 ,  azi   91.58; modCCdopfac[8] 1.0271
mod  2, crystal 1 [  9]: ( -5.62  12.45  12.47) pol   47.60 ,  azi   44.95; pol   47.60 ,  azi  114.30; modCCdopfac[9] 1.0222
mod  2, crystal 2 [ 10]: ( -5.63   7.55  15.92) pol   30.60 ,  azi   25.36; pol   30.60 ,  azi  126.72; modCCdopfac[10] 1.0287
mod  2, crystal 3 [ 11]: ( -0.15   5.30  17.72) pol   16.65 ,  azi   16.64; pol   16.65 ,  azi   91.58; modCCdopfac[11] 1.0321
mod  3, crystal 0 [ 12]: (-10.25   3.02  15.10) pol   35.30 ,  azi   11.32; pol   35.30 ,  azi  163.58; modCCdopfac[12] 1.0271
mod  3, crystal 1 [ 13]: (-13.58  -1.50  12.47) pol   47.60 ,  azi   -6.85; pol   47.60 ,  azi -173.70; modCCdopfac[13] 1.0222
mod  3, crystal 2 [ 14]: ( -8.92  -3.02  15.92) pol   30.60 ,  azi  -10.75; pol   30.60 ,  azi -161.28; modCCdopfac[14] 1.0287
mod  3, crystal 3 [ 15]: ( -5.08   1.50  17.72) pol   16.65 ,  azi    4.83; pol   16.65 ,  azi  163.58; modCCdopfac[15] 1.0321
mod  4, crystal 0 [ 16]: ( -6.04  -8.82  15.10) pol   35.30 ,  azi  -30.29; pol   35.30 ,  azi -124.42; modCCdopfac[16] 1.0271
mod  4, crystal 1 [ 17]: ( -2.77 -13.38  12.47) pol   47.60 ,  azi  -47.00; pol   47.60 ,  azi -101.70; modCCdopfac[17] 1.0222
mod  4, crystal 2 [ 18]: (  0.12  -9.42  15.92) pol   30.60 ,  azi  -30.60; pol   30.60 ,  azi  -89.28; modCCdopfac[18] 1.0287
mod  4, crystal 3 [ 19]: ( -3.00  -4.37  17.72) pol   16.65 ,  azi  -13.86; pol   16.65 ,  azi -124.42; modCCdopfac[19] 1.0321
mod  5, crystal 0 [ 20]: (  6.52  -8.47  15.10) pol   35.30 ,  azi  -29.30; pol   35.30 ,  azi  -52.42; modCCdopfac[20] 1.0271
mod  5, crystal 1 [ 21]: ( 11.87  -6.77  12.47) pol   47.60 ,  azi  -28.49; pol   47.60 ,  azi  -29.70; modCCdopfac[21] 1.0222
mod  5, crystal 2 [ 22]: (  8.99  -2.80  15.92) pol   30.60 ,  azi   -9.96; pol   30.60 ,  azi  -17.28; modCCdopfac[22] 1.0287
mod  5, crystal 3 [ 23]: (  3.23  -4.20  17.72) pol   16.65 ,  azi  -13.33; pol   16.65 ,  azi  -52.42; modCCdopfac[23] 1.0321
mod  6, crystal 0 [ 24]: (  4.54  16.51   7.02) pol   67.71 ,  azi   66.97; pol   67.71 ,  azi   74.63; modCCdopfac[24] 1.0121
mod  6, crystal 1 [ 25]: ( -0.33  15.15  10.61) pol   55.02 ,  azi   55.01; pol   55.02 ,  azi   91.23; modCCdopfac[25] 1.0187
mod  6, crystal 2 [ 26]: (  5.05  13.00  12.16) pol   48.92 ,  azi   46.92; pol   48.92 ,  azi   68.77; modCCdopfac[26] 1.0216
mod  6, crystal 3 [ 27]: (  9.66  13.57   8.06) pol   64.18 ,  azi   59.29; pol   64.18 ,  azi   54.55; modCCdopfac[27] 1.0140
mod  7, crystal 0 [ 28]: (-14.30   9.42   7.02) pol   67.71 ,  azi   53.31; pol   67.71 ,  azi  146.63; modCCdopfac[28] 1.0121
mod  7, crystal 1 [ 29]: (-14.51   4.37  10.61) pol   55.02 ,  azi   22.40; pol   55.02 ,  azi  163.23; modCCdopfac[29] 1.0187
mod  7, crystal 2 [ 30]: (-10.80   8.82  12.16) pol   48.92 ,  azi   35.96; pol   48.92 ,  azi  140.77; modCCdopfac[30] 1.0216
mod  7, crystal 3 [ 31]: ( -9.92  13.38   8.06) pol   64.18 ,  azi   58.94; pol   64.18 ,  azi  126.55; modCCdopfac[31] 1.0140
mod  8, crystal 0 [ 32]: (-13.37 -10.69   7.02) pol   67.71 ,  azi  -56.71; pol   67.71 ,  azi -141.37; modCCdopfac[32] 1.0121
mod  8, crystal 1 [ 33]: ( -8.64 -12.45  10.61) pol   55.02 ,  azi  -49.58; pol   55.02 ,  azi -124.77; modCCdopfac[33] 1.0187
mod  8, crystal 2 [ 34]: (-11.73  -7.55  12.16) pol   48.92 ,  azi  -31.84; pol   48.92 ,  azi -147.23; modCCdopfac[34] 1.0216
mod  8, crystal 3 [ 35]: (-15.79  -5.30   8.06) pol   64.18 ,  azi  -33.33; pol   64.18 ,  azi -161.45; modCCdopfac[35] 1.0140
mod  9, crystal 0 [ 36]: (  6.03 -16.02   7.02) pol   67.71 ,  azi  -66.35; pol   67.71 ,  azi  -69.37; modCCdopfac[36] 1.0121
mod  9, crystal 1 [ 37]: (  9.17 -12.07  10.61) pol   55.02 ,  azi  -48.69; pol   55.02 ,  azi  -52.77; modCCdopfac[37] 1.0187
mod  9, crystal 2 [ 38]: (  3.56 -13.48  12.16) pol   48.92 ,  azi  -47.96; pol   48.92 ,  azi  -75.23; modCCdopfac[38] 1.0216
mod  9, crystal 3 [ 39]: (  0.16 -16.65   8.06) pol   64.18 ,  azi  -64.18; pol   64.18 ,  azi  -89.45; modCCdopfac[39] 1.0140
mod 10, crystal 0 [ 40]: ( 17.10   0.79   7.02) pol   67.71 ,  azi    6.39; pol   67.71 ,  azi    2.63; modCCdopfac[40] 1.0121
mod 10, crystal 1 [ 41]: ( 14.31   4.99  10.61) pol   55.02 ,  azi   25.21; pol   55.02 ,  azi   19.23; modCCdopfac[41] 1.0187
mod 10, crystal 2 [ 42]: ( 13.92  -0.79  12.16) pol   48.92 ,  azi   -3.70; pol   48.92 ,  azi   -3.23; modCCdopfac[42] 1.0216
mod 10, crystal 3 [ 43]: ( 15.89  -4.99   8.06) pol   64.18 ,  azi  -31.79; pol   64.18 ,  azi  -17.45; modCCdopfac[43] 1.0140
mod 11, crystal 0 [ 44]: ( 18.26   2.80   0.92) pol   87.15 ,  azi   71.78; pol   87.15 ,  azi    8.71; modCCdopfac[44] 1.0011
mod 11, crystal 1 [ 45]: ( 17.30   4.20  -5.04) pol  105.79 ,  azi  140.16; pol  105.79 ,  azi   13.65; modCCdopfac[45] 0.9906
mod 11, crystal 2 [ 46]: ( 16.42   8.47  -0.92) pol   92.85 ,  azi   96.20; pol   92.85 ,  azi   27.29; modCCdopfac[46] 0.9978
mod 11, crystal 3 [ 47]: ( 16.46   6.77   5.04) pol   74.21 ,  azi   53.36; pol   74.21 ,  azi   22.35; modCCdopfac[47] 1.0085
mod 12, crystal 0 [ 48]: ( 12.46  13.48  -2.26) pol   97.01 ,  azi   99.50; pol   97.01 ,  azi   47.25; modCCdopfac[48] 0.9954
mod 12, crystal 1 [ 49]: (  7.28  16.65  -3.46) pol  100.78 ,  azi  101.74; pol  100.78 ,  azi   66.39; modCCdopfac[49] 0.9933
mod 12, crystal 2 [ 50]: (  8.97  16.02   2.26) pol   82.99 ,  azi   81.98; pol   82.99 ,  azi   60.75; modCCdopfac[50] 1.0035
mod 12, crystal 3 [ 51]: ( 13.59  12.07   3.46) pol   79.22 ,  azi   74.00; pol   79.22 ,  azi   41.61; modCCdopfac[51] 1.0057
mod 13, crystal 0 [ 52]: (  2.98  18.23   0.92) pol   87.15 ,  azi   87.11; pol   87.15 ,  azi   80.71; modCCdopfac[52] 1.0011
mod 13, crystal 1 [ 53]: (  1.35  17.75  -5.04) pol  105.79 ,  azi  105.84; pol  105.79 ,  azi   85.65; modCCdopfac[53] 0.9906
mod 13, crystal 2 [ 54]: ( -2.98  18.23  -0.92) pol   92.85 ,  azi   92.89; pol   92.85 ,  azi   99.29; modCCdopfac[54] 0.9978
mod 13, crystal 3 [ 55]: ( -1.35  17.75   5.04) pol   74.21 ,  azi   74.16; pol   74.21 ,  azi   94.35; modCCdopfac[55] 1.0085
mod 14, crystal 0 [ 56]: ( -8.97  16.02  -2.26) pol   97.01 ,  azi   98.02; pol   97.01 ,  azi  119.25; modCCdopfac[56] 0.9954
mod 14, crystal 1 [ 57]: (-13.59  12.07  -3.46) pol  100.78 ,  azi  106.00; pol  100.78 ,  azi  138.39; modCCdopfac[57] 0.9933
mod 14, crystal 2 [ 58]: (-12.46  13.48   2.26) pol   82.99 ,  azi   80.50; pol   82.99 ,  azi  132.75; modCCdopfac[58] 1.0035
mod 14, crystal 3 [ 59]: ( -7.28  16.65   3.46) pol   79.22 ,  azi   78.26; pol   79.22 ,  azi  113.61; modCCdopfac[59] 1.0057
mod 15, crystal 0 [ 60]: (-16.42   8.47   0.92) pol   87.15 ,  azi   83.80; pol   87.15 ,  azi  152.71; modCCdopfac[60] 1.0011
mod 15, crystal 1 [ 61]: (-16.46   6.77  -5.04) pol  105.79 ,  azi  126.64; pol  105.79 ,  azi  157.65; modCCdopfac[61] 0.9906
mod 15, crystal 2 [ 62]: (-18.26   2.80  -0.92) pol   92.85 ,  azi  108.22; pol   92.85 ,  azi  171.29; modCCdopfac[62] 0.9978
mod 15, crystal 3 [ 63]: (-17.30   4.20   5.04) pol   74.21 ,  azi   39.84; pol   74.21 ,  azi  166.35; modCCdopfac[63] 1.0085
mod 16, crystal 0 [ 64]: (-18.01  -3.58  -2.26) pol   97.01 ,  azi -122.21; pol   97.01 ,  azi -168.75; modCCdopfac[64] 0.9954
mod 16, crystal 1 [ 65]: (-15.68  -9.19  -3.46) pol  100.78 ,  azi -110.62; pol  100.78 ,  azi -149.61; modCCdopfac[65] 0.9933
mod 16, crystal 2 [ 66]: (-16.68  -7.69   2.26) pol   82.99 ,  azi  -73.64; pol   82.99 ,  azi -155.25; modCCdopfac[66] 1.0035
mod 16, crystal 3 [ 67]: (-18.09  -1.78   3.46) pol   79.22 ,  azi  -27.18; pol   79.22 ,  azi -174.39; modCCdopfac[67] 1.0057
mod 17, crystal 0 [ 68]: (-13.13 -13.00   0.92) pol   87.15 ,  azi  -85.95; pol   87.15 ,  azi -135.29; modCCdopfac[68] 1.0011
mod 17, crystal 1 [ 69]: (-11.53 -13.57  -5.04) pol  105.79 ,  azi -110.36; pol  105.79 ,  azi -130.35; modCCdopfac[69] 0.9906
mod 17, crystal 2 [ 70]: ( -8.30 -16.51  -0.92) pol   92.85 ,  azi  -93.19; pol   92.85 ,  azi -116.71; modCCdopfac[70] 0.9978
mod 17, crystal 3 [ 71]: ( -9.34 -15.15   5.04) pol   74.21 ,  azi  -71.62; pol   74.21 ,  azi -121.65; modCCdopfac[71] 1.0085
mod 18, crystal 0 [ 72]: ( -2.16 -18.23  -2.26) pol   97.01 ,  azi  -97.05; pol   97.01 ,  azi  -96.75; modCCdopfac[72] 0.9954
mod 18, crystal 1 [ 73]: (  3.90 -17.75  -3.46) pol  100.78 ,  azi -101.03; pol  100.78 ,  azi  -77.61; modCCdopfac[73] 0.9933
mod 18, crystal 2 [ 74]: (  2.16 -18.23   2.26) pol   82.99 ,  azi  -82.95; pol   82.99 ,  azi  -83.25; modCCdopfac[74] 1.0035
mod 18, crystal 3 [ 75]: ( -3.90 -17.75   3.46) pol   79.22 ,  azi  -78.97; pol   79.22 ,  azi -102.39; modCCdopfac[75] 1.0057
mod 19, crystal 0 [ 76]: (  8.30 -16.51   0.92) pol   87.15 ,  azi  -86.81; pol   87.15 ,  azi  -63.29; modCCdopfac[76] 1.0011
mod 19, crystal 1 [ 77]: (  9.34 -15.15  -5.04) pol  105.79 ,  azi -108.38; pol  105.79 ,  azi  -58.35; modCCdopfac[77] 0.9906
mod 19, crystal 2 [ 78]: ( 13.13 -13.00  -0.92) pol   92.85 ,  azi  -94.05; pol   92.85 ,  azi  -44.71; modCCdopfac[78] 0.9978
mod 19, crystal 3 [ 79]: ( 11.53 -13.57   5.04) pol   74.21 ,  azi  -69.64; pol   74.21 ,  azi  -49.65; modCCdopfac[79] 1.0085
mod 20, crystal 0 [ 80]: ( 16.68  -7.69  -2.26) pol   97.01 ,  azi -106.36; pol   97.01 ,  azi  -24.75; modCCdopfac[80] 0.9954
mod 20, crystal 1 [ 81]: ( 18.09  -1.78  -3.46) pol  100.78 ,  azi -152.82; pol  100.78 ,  azi   -5.61; modCCdopfac[81] 0.9933
mod 20, crystal 2 [ 82]: ( 18.01  -3.58   2.26) pol   82.99 ,  azi  -57.79; pol   82.99 ,  azi  -11.25; modCCdopfac[82] 1.0035
mod 20, crystal 3 [ 83]: ( 15.68  -9.19   3.46) pol   79.22 ,  azi  -69.38; pol   79.22 ,  azi  -30.39; modCCdopfac[83] 1.0057
mod 21, crystal 0 [ 84]: ( 14.30   9.42  -7.02) pol  112.29 ,  azi  126.69; pol  112.29 ,  azi   33.37; modCCdopfac[84] 0.9871
mod 21, crystal 1 [ 85]: ( 14.51   4.37 -10.61) pol  124.98 ,  azi  157.60; pol  124.98 ,  azi   16.77; modCCdopfac[85] 0.9809
mod 21, crystal 2 [ 86]: ( 10.80   8.82 -12.16) pol  131.08 ,  azi  144.04; pol  131.08 ,  azi   39.23; modCCdopfac[86] 0.9782
mod 21, crystal 3 [ 87]: (  9.92  13.38  -8.06) pol  115.82 ,  azi  121.06; pol  115.82 ,  azi   53.45; modCCdopfac[87] 0.9853
mod 22, crystal 0 [ 88]: ( -4.54  16.51  -7.02) pol  112.29 ,  azi  113.03; pol  112.29 ,  azi  105.37; modCCdopfac[88] 0.9871
mod 22, crystal 1 [ 89]: (  0.33  15.15 -10.61) pol  124.98 ,  azi  124.99; pol  124.98 ,  azi   88.77; modCCdopfac[89] 0.9809
mod 22, crystal 2 [ 90]: ( -5.05  13.00 -12.16) pol  131.08 ,  azi  133.08; pol  131.08 ,  azi  111.23; modCCdopfac[90] 0.9782
mod 22, crystal 3 [ 91]: ( -9.66  13.57  -8.06) pol  115.82 ,  azi  120.71; pol  115.82 ,  azi  125.45; modCCdopfac[91] 0.9853
mod 23, crystal 0 [ 92]: (-17.10   0.79  -7.02) pol  112.29 ,  azi  173.61; pol  112.29 ,  azi  177.37; modCCdopfac[92] 0.9871
mod 23, crystal 1 [ 93]: (-14.31   4.99 -10.61) pol  124.98 ,  azi  154.79; pol  124.98 ,  azi  160.77; modCCdopfac[93] 0.9809
mod 23, crystal 2 [ 94]: (-13.92  -0.79 -12.16) pol  131.08 ,  azi -176.30; pol  131.08 ,  azi -176.77; modCCdopfac[94] 0.9782
mod 23, crystal 3 [ 95]: (-15.89  -4.99  -8.06) pol  115.82 ,  azi -148.21; pol  115.82 ,  azi -162.55; modCCdopfac[95] 0.9853
mod 24, crystal 0 [ 96]: ( -6.03 -16.02  -7.02) pol  112.29 ,  azi -113.65; pol  112.29 ,  azi -110.63; modCCdopfac[96] 0.9871
mod 24, crystal 1 [ 97]: ( -9.17 -12.07 -10.61) pol  124.98 ,  azi -131.31; pol  124.98 ,  azi -127.23; modCCdopfac[97] 0.9809
mod 24, crystal 2 [ 98]: ( -3.56 -13.48 -12.16) pol  131.08 ,  azi -132.04; pol  131.08 ,  azi -104.77; modCCdopfac[98] 0.9782
mod 24, crystal 3 [ 99]: ( -0.16 -16.65  -8.06) pol  115.82 ,  azi -115.82; pol  115.82 ,  azi  -90.55; modCCdopfac[99] 0.9853
mod 25, crystal 0 [100]: ( 13.37 -10.69  -7.02) pol  112.29 ,  azi -123.29; pol  112.29 ,  azi  -38.63; modCCdopfac[100] 0.9871
mod 25, crystal 1 [101]: (  8.64 -12.45 -10.61) pol  124.98 ,  azi -130.42; pol  124.98 ,  azi  -55.23; modCCdopfac[101] 0.9809
mod 25, crystal 2 [102]: ( 11.73  -7.55 -12.16) pol  131.08 ,  azi -148.16; pol  131.08 ,  azi  -32.77; modCCdopfac[102] 0.9782
mod 25, crystal 3 [103]: ( 15.79  -5.30  -8.06) pol  115.82 ,  azi -146.67; pol  115.82 ,  azi  -18.55; modCCdopfac[103] 0.9853
mod 26, crystal 0 [104]: (  0.29  10.69 -15.10) pol  144.70 ,  azi  144.71; pol  144.70 ,  azi   88.42; modCCdopfac[104] 0.9732
mod 26, crystal 1 [105]: (  5.62  12.45 -12.47) pol  132.40 ,  azi  135.05; pol  132.40 ,  azi   65.70; modCCdopfac[105] 0.9777
mod 26, crystal 2 [106]: (  5.63   7.55 -15.92) pol  149.40 ,  azi  154.64; pol  149.40 ,  azi   53.28; modCCdopfac[106] 0.9718
mod 26, crystal 3 [107]: (  0.15   5.30 -17.72) pol  163.35 ,  azi  163.36; pol  163.35 ,  azi   88.42; modCCdopfac[107] 0.9688
mod 27, crystal 0 [108]: (-10.07   3.58 -15.10) pol  144.70 ,  azi  166.65; pol  144.70 ,  azi  160.42; modCCdopfac[108] 0.9732
mod 27, crystal 1 [109]: (-10.11   9.19 -12.47) pol  132.40 ,  azi  143.61; pol  132.40 ,  azi  137.70; modCCdopfac[109] 0.9777
mod 27, crystal 2 [110]: ( -5.44   7.69 -15.92) pol  149.40 ,  azi  154.23; pol  149.40 ,  azi  125.28; modCCdopfac[110] 0.9718
mod 27, crystal 3 [111]: ( -4.99   1.78 -17.72) pol  163.35 ,  azi  174.28; pol  163.35 ,  azi  160.42; modCCdopfac[111] 0.9688
mod 28, crystal 0 [112]: ( -6.52  -8.47 -15.10) pol  144.70 ,  azi -150.70; pol  144.70 ,  azi -127.58; modCCdopfac[112] 0.9732
mod 28, crystal 1 [113]: (-11.87  -6.77 -12.47) pol  132.40 ,  azi -151.51; pol  132.40 ,  azi -150.30; modCCdopfac[113] 0.9777
mod 28, crystal 2 [114]: ( -8.99  -2.80 -15.92) pol  149.40 ,  azi -170.04; pol  149.40 ,  azi -162.72; modCCdopfac[114] 0.9718
mod 28, crystal 3 [115]: ( -3.23  -4.20 -17.72) pol  163.35 ,  azi -166.67; pol  163.35 ,  azi -127.58; modCCdopfac[115] 0.9688
mod 29, crystal 0 [116]: (  6.04  -8.82 -15.10) pol  144.70 ,  azi -149.71; pol  144.70 ,  azi  -55.58; modCCdopfac[116] 0.9732
mod 29, crystal 1 [117]: (  2.77 -13.38 -12.47) pol  132.40 ,  azi -133.00; pol  132.40 ,  azi  -78.30; modCCdopfac[117] 0.9777
mod 29, crystal 2 [118]: ( -0.12  -9.42 -15.92) pol  149.40 ,  azi -149.40; pol  149.40 ,  azi  -90.72; modCCdopfac[118] 0.9718
mod 29, crystal 3 [119]: (  3.00  -4.37 -17.72) pol  163.35 ,  azi -166.14; pol  163.35 ,  azi  -55.58; modCCdopfac[119] 0.9688
mod 30, crystal 0 [120]: ( 10.25   3.02 -15.10) pol  144.70 ,  azi  168.68; pol  144.70 ,  azi   16.42; modCCdopfac[120] 0.9732
mod 30, crystal 1 [121]: ( 13.58  -1.50 -12.47) pol  132.40 ,  azi -173.15; pol  132.40 ,  azi   -6.30; modCCdopfac[121] 0.9777
mod 30, crystal 2 [122]: (  8.92  -3.02 -15.92) pol  149.40 ,  azi -169.25; pol  149.40 ,  azi  -18.72; modCCdopfac[122] 0.9718
mod 30, crystal 3 [123]: (  5.08   1.50 -17.72) pol  163.35 ,  azi  175.17; pol  163.35 ,  azi   16.42; modCCdopfac[123] 0.9688
setup signal catcher
started sorting... from disk...

Pars.maxTS=4611686018427387904
got initial header, TS=830381514557 ID: 1 length: 464
read initial payload of siz=464 into event position 1
__ptgd[0]->type= 0; ptgd[0]->length=   0; ptgd[0]->timestamp=0
initial ii=1, nn=1
ev#     0 GEB_TYPE_DECOMP        464Bytes TS=830381619683 curTS=830381514557 dTS= 105126
t0=830381514557
first event: GEB_event.mult=1
   0/ 0: ( 1,GEB_TYPE_DECOMP      ) TS=        830381514557; dT=0
maxTS=9470381514557
that is 86400.0 seconds or 24h0m0s minutes of sorting
GEBGetEv returned st=0
we have read 960 bytes; CurEvNo=1

+++++++++++++++++++++++++++++++
*start event # 1 with multiplicity 1 looks like this:
 0>  1, GEB_TYPE_DECOMP      , TS=830381514557
entered bin_mode2: 1/10
ptinp->pad= 6, (ptinp->pad&0x000000ff)= 6
updated CCadd with    0.00
total number of hits in array: 0
exit bin_mode2
entered bin_mode3 @ event number: 1 
exit bin_mode3
*end of event # 1
+++++++++++++++++++++++++++++++
ev#     1 GEB_TYPE_DECOMP        464Bytes TS=830381619691 curTS=830381619683 dTS= 8
ev#     1 GEB_TYPE_DECOMP        464Bytes TS=830381709279 curTS=830381619683 dTS= 89596
GEBGetEv returned st=0
we have read 1920 bytes; CurEvNo=2

+++++++++++++++++++++++++++++++
*start event # 2 with multiplicity 2 looks like this:
 0>  1, GEB_TYPE_DECOMP      , TS=830381619683
 1>  1, GEB_TYPE_DECOMP      , TS=830381619691
entered bin_mode2: 2/10
ptinp->pad= 6, (ptinp->pad&0x000000ff)= 6
ptinp->pad= 6, (ptinp->pad&0x000000ff)= 6
updated CCadd with    0.00
total number of hits in array: 0
exit bin_mode2
entered bin_mode3 @ event number: 2 
exit bin_mode3
*end of event # 2
+++++++++++++++++++++++++++++++
ev#     2 GEB_TYPE_DECOMP        464Bytes TS=830381735151 curTS=830381709279 dTS= 25872
GEBGetEv returned st=0
we have read 2400 bytes; CurEvNo=3

+++++++++++++++++++++++++++++++
*start event # 3 with multiplicity 1 looks like this:
 0>  1, GEB_TYPE_DECOMP      , TS=830381709279
entered bin_mode2: 3/10
ptinp->pad= 0, (ptinp->pad&0x000000ff)= 0
good pad value
mode2 data:  0>  1, GEB_TYPE_DECOMP      , TS=830381709279
number of hits: 1
* 0/1, is GEB_TYPE_DECOMP: num=1
__detno: 99, module: 24, crystalNumber: 3
CCenergies[0]= 109.64
* 0:  -33.00,  -3.59,  62.03 --> GT:    2.61, -23.02,  -9.20
updated CCadd with  109.64
total number of hits in array: 1
exit bin_mode2
entered bin_mode3 @ event number: 3 
exit bin_mode3
*end of event # 3
+++++++++++++++++++++++++++++++
ev#     3 GEB_TYPE_DECOMP        464Bytes TS=830381746789 curTS=830381735151 dTS= 11638
GEBGetEv returned st=0
we have read 2880 bytes; CurEvNo=4

+++++++++++++++++++++++++++++++
*start event # 4 with multiplicity 1 looks like this:
 0>  1, GEB_TYPE_DECOMP      , TS=830381735151
entered bin_mode2: 4/10
ptinp->pad= 0, (ptinp->pad&0x000000ff)= 0
good pad value
mode2 data:  0>  1, GEB_TYPE_DECOMP      , TS=830381735151
number of hits: 2
* 0/1, is GEB_TYPE_DECOMP: num=2
__detno: 98, module: 24, crystalNumber: 2
CCenergies[0]= 606.37
* 0:  -26.05,  14.32,  22.05 --> GT:   -4.11, -13.08, -15.80
* 1:  -15.00,   2.25,  19.06 --> GT:   -3.47, -13.97, -14.54
updated CCadd with  606.37
total number of hits in array: 2
exit bin_mode2
entered bin_mode3 @ event number: 4 
exit bin_mode3
*end of event # 4
+++++++++++++++++++++++++++++++
ev#     4 GEB_TYPE_DECOMP        464Bytes TS=830381746793 curTS=830381746789 dTS= 4
ev#     4 GEB_TYPE_DECOMP        464Bytes TS=830381777223 curTS=830381746789 dTS= 30434
GEBGetEv returned st=0
we have read 3840 bytes; CurEvNo=5

+++++++++++++++++++++++++++++++
*start event # 5 with multiplicity 2 looks like this:
 0>  1, GEB_TYPE_DECOMP      , TS=830381746789
 1>  1, GEB_TYPE_DECOMP      , TS=830381746793
entered bin_mode2: 5/10
ptinp->pad= 0, (ptinp->pad&0x000000ff)= 0
good pad value
mode2 data:  0>  1, GEB_TYPE_DECOMP      , TS=830381746789
number of hits: 3
* 0/2, is GEB_TYPE_DECOMP: num=3
__detno: 71, module: 17, crystalNumber: 3
CCenergies[0]= 824.18
* 0:   -0.05, -34.35,  66.38 --> GT:  -15.37, -18.64,   7.74
* 1:    3.30, -36.31,  75.60 --> GT:  -16.12, -19.31,   7.73
* 2:   23.18, -24.66,  76.36 --> GT:  -15.97, -20.20,   5.60
ptinp->pad= 0, (ptinp->pad&0x000000ff)= 0
good pad value
mode2 data:  1>  1, GEB_TYPE_DECOMP      , TS=830381746793
number of hits: 1
* 1/2, is GEB_TYPE_DECOMP: num=1
__detno: 61, module: 15, crystalNumber: 1
CCenergies[1]= 132.32
* 0:   -9.03,  12.36,  48.82 --> GT:  -20.13,   9.83,  -6.88
updated CCadd with  956.50
total number of hits in array: 4
exit bin_mode2
entered bin_mode3 @ event number: 5 
exit bin_mode3
*end of event # 5
+++++++++++++++++++++++++++++++
ev#     5 GEB_TYPE_DECOMP        464Bytes TS=830381843597 curTS=830381777223 dTS= 66374
GEBGetEv returned st=0
we have read 4320 bytes; CurEvNo=6

+++++++++++++++++++++++++++++++
*start event # 6 with multiplicity 1 looks like this:
 0>  1, GEB_TYPE_DECOMP      , TS=830381777223
entered bin_mode2: 6/10
ptinp->pad= 0, (ptinp->pad&0x000000ff)= 0
good pad value
mode2 data:  0>  1, GEB_TYPE_DECOMP      , TS=830381777223
number of hits: 1
* 0/1, is GEB_TYPE_DECOMP: num=1
__detno: 99, module: 24, crystalNumber: 3
CCenergies[0]=  67.57
* 0:   -9.67,  27.70,   8.04 --> GT:    1.89, -16.48, -10.29
updated CCadd with   67.57
total number of hits in array: 1
exit bin_mode2
entered bin_mode3 @ event number: 6 
exit bin_mode3
*end of event # 6
+++++++++++++++++++++++++++++++
ev#     6 GEB_TYPE_GT_MOD29      440Bytes TS=830381940363 curTS=830381843597 dTS= 96766
GEBGetEv returned st=0
we have read 4776 bytes; CurEvNo=7

+++++++++++++++++++++++++++++++
*start event # 7 with multiplicity 1 looks like this:
 0>  1, GEB_TYPE_DECOMP      , TS=830381843597
entered bin_mode2: 7/10
ptinp->pad= 0, (ptinp->pad&0x000000ff)= 0
good pad value
mode2 data:  0>  1, GEB_TYPE_DECOMP      , TS=830381843597
number of hits: 7
* 0/1, is GEB_TYPE_DECOMP: num=7
__detno: 61, module: 15, crystalNumber: 1
CCenergies[0]=2010.94
* 0:    1.53, -28.72,  29.34 --> GT:  -19.99,   5.18,  -6.44
* 1:   15.27, -30.79,  37.55 --> GT:  -21.25,   5.09,  -5.44
* 2:    5.87, -29.32,  43.52 --> GT:  -21.41,   5.58,  -6.44
* 3:   -0.45,  -6.49,  23.74 --> GT:  -18.76,   7.05,  -5.89
* 4:   -0.14,  -7.40,  24.38 --> GT:  -18.85,   6.98,  -5.90
* 5:   10.99, -22.38,  15.88 --> GT:  -18.92,   5.13,  -5.03
* 6:    7.88,  -4.61,  13.77 --> GT:  -18.10,   6.73,  -4.80
updated CCadd with 2010.94
total number of hits in array: 7
exit bin_mode2
entered bin_mode3 @ event number: 7 
exit bin_mode3
*end of event # 7
+++++++++++++++++++++++++++++++
ev#     7 GEB_TYPE_GT_MOD29      440Bytes TS=830381942597 curTS=830381940363 dTS= 2234
GEBGetEv returned st=0
we have read 5232 bytes; CurEvNo=8

+++++++++++++++++++++++++++++++
*start event # 8 with multiplicity 1 looks like this:
 0>  8, GEB_TYPE_GT_MOD29    , TS=830381940363
entered bin_mode2: 8/10
updated CCadd with    0.00
total number of hits in array: 0
exit bin_mode2
entered bin_mode3 @ event number: 8 

bin_mode3:  0>  8, GEB_TYPE_GT_MOD29    , TS=830381940363, 0xc1569ede8b; payload length: 440 bytes

---------
new GTheader at pos=0 or 0 words (8):
Event.hdr[ 0]=0x1f36,   7990
Event.hdr[ 1]=0x300a,  12298
Event.hdr[ 2]=0xde8b,  56971
Event.hdr[ 3]=0x569e,  22174
Event.hdr[ 4]=0x00c1,    193
Event.hdr[ 5]=0x1ecc,   7884
Event.hdr[ 6]=0x0e00,   3584
Event.hdr[ 7]=0x0000,      0
Event.hdr[ 8]=0x0000,      0
Event.hdr[ 9]=0xb67d,  46717
Event.hdr[10]=0x7fff,  32767
Event.hdr[11]=0x080c,   2060
Event.hdr[12]=0x04f0,   1264
Event.hdr[13]=0x0000,      0
Event.len=  44, Event.traceLen=  12 (in Bytes)
Event.len=  22, Event.traceLen=   6 (in 16 bit words)
Event.len=  11, Event.traceLen=   3 (in 32 bit words)
next start: 0xaaaaaaaa, pos= 44
0x1f36 module_id = 31 crystal_id = 0 digitizer_id = 3 chan_id = 6 ge_id = 124 channel = 36  -> is segment
open superpulse_008_00_01.xy at Event.chan_id = 6
open CCpulse_008_00_01.xy at Event.chan_id = 6
ncrystal=1
wrote trace to CCpulse_008_00_01.xy
two's comp tempE  ::       7884       7884 0x00001ecc |0000|0000|0000|0000|0001|1110|1100|1100|
rawE              ::       7884       7884 0x00001ecc |0000|0000|0000|0000|0001|1110|1100|1100|
rawE (sign change)::       7884       7884 0x00001ecc |0000|0000|0000|0000|0001|1110|1100|1100|
Event.ehi=             246 0x000000f6
Event.ehi=24 (gain changed)
Event.LEDts =         830381940363
Event.CFDts =      281406256185356

---------
new GTheader at pos=44 or 22 words (30):
Event.hdr[ 0]=0x1f37,   7991
Event.hdr[ 1]=0x300a,  12298
Event.hdr[ 2]=0xde8b,  56971
Event.hdr[ 3]=0x569e,  22174
Event.hdr[ 4]=0x00c1,    193
Event.hdr[ 5]=0x086c,   2156
Event.hdr[ 6]=0x0e00,   3584
Event.hdr[ 7]=0x0000,      0
Event.hdr[ 8]=0x0000,      0
Event.hdr[ 9]=0xd0b0,  53424
Event.hdr[10]=0x9dff,  40447
Event.hdr[11]=0x0369,    873
Event.hdr[12]=0xf448,  62536
Event.hdr[13]=0x07ff,   2047
Event.len=  44, Event.traceLen=  12 (in Bytes)
Event.len=  22, Event.traceLen=   6 (in 16 bit words)
Event.len=  11, Event.traceLen=   3 (in 32 bit words)
next start: 0xaaaaaaaa, pos= 88
0x1f37 module_id = 31 crystal_id = 0 digitizer_id = 3 chan_id = 7 ge_id = 124 channel = 37  -> is segment
ncrystal=1
wrote trace to CCpulse_008_00_01.xy
two's comp tempE  ::       2156       2156 0x0000086c |0000|0000|0000|0000|0000|1000|0110|1100|
rawE              ::       2156       2156 0x0000086c |0000|0000|0000|0000|0000|1000|0110|1100|
rawE (sign change)::       2156       2156 0x0000086c |0000|0000|0000|0000|0000|1000|0110|1100|
Event.ehi=              67 0x00000043
Event.ehi=6 (gain changed)
Event.LEDts =         830381940363
Event.CFDts =      281462091415564

---------
new GTheader at pos=88 or 44 words (52):
Event.hdr[ 0]=0x1f38,   7992
Event.hdr[ 1]=0x300a,  12298
Event.hdr[ 2]=0xde8b,  56971
Event.hdr[ 3]=0x569e,  22174
Event.hdr[ 4]=0x00c1,    193
Event.hdr[ 5]=0x8f2e,  36654
Event.hdr[ 6]=0x1ff9,   8185
Event.hdr[ 7]=0x0000,      0
Event.hdr[ 8]=0x0000,      0
Event.hdr[ 9]=0xadf2,  44530
Event.hdr[10]=0x2bfc,  11260
Event.hdr[11]=0xf991,  63889
Event.hdr[12]=0x31b7,  12727
Event.hdr[13]=0x07f3,   2035
Event.len=  44, Event.traceLen=  12 (in Bytes)
Event.len=  22, Event.traceLen=   6 (in 16 bit words)
Event.len=  11, Event.traceLen=   3 (in 32 bit words)
next start: 0xaaaaaaaa, pos= 132
0x1f38 module_id = 31 crystal_id = 0 digitizer_id = 3 chan_id = 8 ge_id = 124 channel = 38  -> is segment
ncrystal=1
wrote trace to CCpulse_008_00_01.xy
two's comp tempE  ::   16355118   16355118 0x00f98f2e |0000|0000|1111|1001|1000|1111|0010|1110|
rawE              :: 4294545198    -422098 0xfff98f2e |1111|1111|1111|1001|1000|1111|0010|1110|
rawE (sign change)::     422098     422098 0x000670d2 |0000|0000|0000|0110|0111|0000|1101|0010|
Event.ehi=           13190 0x00003386
Event.ehi=1319 (gain changed)
Event.LEDts =         830381940363
Event.CFDts =         588422774796

---------
new GTheader at pos=132 or 66 words (74):
Event.hdr[ 0]=0x1f39,   7993
Event.hdr[ 1]=0x300a,  12298
Event.hdr[ 2]=0xde8b,  56971
Event.hdr[ 3]=0x569e,  22174
Event.hdr[ 4]=0x00c1,    193
Event.hdr[ 5]=0x00bb,    187
Event.hdr[ 6]=0x0e00,   3584
Event.hdr[ 7]=0x0000,      0
Event.hdr[ 8]=0x0000,      0
Event.hdr[ 9]=0xf975,  63861
Event.hdr[10]=0x99ff,  39423
Event.hdr[11]=0xfff1,  65521
Event.hdr[12]=0xe56b,  58731
Event.hdr[13]=0x07ff,   2047
Event.len=  44, Event.traceLen=  12 (in Bytes)
Event.len=  22, Event.traceLen=   6 (in 16 bit words)
Event.len=  11, Event.traceLen=   3 (in 32 bit words)
next start: 0xaaaaaaaa, pos= 176
0x1f39 module_id = 31 crystal_id = 0 digitizer_id = 3 chan_id = 9 ge_id = 124 channel = 39  -> is CC
ncrystal=1
wrote trace to CCpulse_008_00_01.xy
two's comp tempE  ::        187        187 0x000000bb |0000|0000|0000|0000|0000|0000|1011|1011|
rawE              ::        187        187 0x000000bb |0000|0000|0000|0000|0000|0000|1011|1011|
rawE (sign change)::        187        187 0x000000bb |0000|0000|0000|0000|0000|0000|1011|1011|
Event.ehi=               5 0x00000005
Event.ehi=0 (gain changed)
Event.LEDts =         830381940363
Event.CFDts =         193276542988

---------
new GTheader at pos=176 or 88 words (96):
Event.hdr[ 0]=0x1f30,   7984
Event.hdr[ 1]=0x300a,  12298
Event.hdr[ 2]=0xde8b,  56971
Event.hdr[ 3]=0x569e,  22174
Event.hdr[ 4]=0x00c1,    193
Event.hdr[ 5]=0x5db0,  23984
Event.hdr[ 6]=0x4e0c,  19980
Event.hdr[ 7]=0x0000,      0
Event.hdr[ 8]=0x0000,      0
Event.hdr[ 9]=0x5d3c,  23868
Event.hdr[10]=0xb60c,  46604
Event.hdr[11]=0x1998,   6552
Event.hdr[12]=0xc9a0,  51616
Event.hdr[13]=0x0030,     48
Event.len=  44, Event.traceLen=  12 (in Bytes)
Event.len=  22, Event.traceLen=   6 (in 16 bit words)
Event.len=  11, Event.traceLen=   3 (in 32 bit words)
next start: 0xaaaaaaaa, pos= 220
0x1f30 module_id = 31 crystal_id = 0 digitizer_id = 3 chan_id = 0 ge_id = 124 channel = 30  -> is segment
ncrystal=1
wrote trace to CCpulse_008_00_01.xy
two's comp tempE  ::     810416     810416 0x000c5db0 |0000|0000|0000|1100|0101|1101|1011|0000|
rawE              ::     810416     810416 0x000c5db0 |0000|0000|0000|1100|0101|1101|1011|0000|
rawE (sign change)::     810416     810416 0x000c5db0 |0000|0000|0000|1100|0101|1101|1011|0000|
Event.ehi=           25325 0x000062ed
Event.ehi=2532 (gain changed)
Event.LEDts =         830381940363
Event.CFDts =      264578317352972

---------
new GTheader at pos=220 or 110 words (118):
Event.hdr[ 0]=0x1f31,   7985
Event.hdr[ 1]=0x300a,  12298
Event.hdr[ 2]=0xde8b,  56971
Event.hdr[ 3]=0x569e,  22174
Event.hdr[ 4]=0x00c1,    193
Event.hdr[ 5]=0x7218,  29208
Event.hdr[ 6]=0xce08,  52744
Event.hdr[ 7]=0x0000,      0
Event.hdr[ 8]=0x0000,      0
Event.hdr[ 9]=0x716c,  29036
Event.hdr[10]=0x6608,  26120
Event.hdr[11]=0x12c8,   4808
Event.hdr[12]=0x4070,  16496
Event.hdr[13]=0x0026,     38
Event.len=  44, Event.traceLen=  12 (in Bytes)
Event.len=  22, Event.traceLen=   6 (in 16 bit words)
Event.len=  11, Event.traceLen=   3 (in 32 bit words)
next start: 0xaaaaaaaa, pos= 264
0x1f31 module_id = 31 crystal_id = 0 digitizer_id = 3 chan_id = 1 ge_id = 124 channel = 31  -> is segment
ncrystal=1
wrote trace to CCpulse_008_00_01.xy
two's comp tempE  ::     553496     553496 0x00087218 |0000|0000|0000|1000|0111|0010|0001|1000|
rawE              ::     553496     553496 0x00087218 |0000|0000|0000|1000|0111|0010|0001|1000|
rawE (sign change)::     553496     553496 0x00087218 |0000|0000|0000|1000|0111|0010|0001|1000|
Event.ehi=           17296 0x00004390
Event.ehi=1729 (gain changed)
Event.LEDts =         830381940363
Event.CFDts =      270080254476300

---------
new GTheader at pos=264 or 132 words (140):
Event.hdr[ 0]=0x1f32,   7986
Event.hdr[ 1]=0x300a,  12298
Event.hdr[ 2]=0xde8b,  56971
Event.hdr[ 3]=0x569e,  22174
Event.hdr[ 4]=0x00c1,    193
Event.hdr[ 5]=0x03d1,    977
Event.hdr[ 6]=0x0e00,   3584
Event.hdr[ 7]=0x0000,      0
Event.hdr[ 8]=0x0000,      0
Event.hdr[ 9]=0xdad4,  56020
Event.hdr[10]=0xcdff,  52735
Event.hdr[11]=0x012e,    302
Event.hdr[12]=0x78a0,  30880
Event.hdr[13]=0x07ff,   2047
Event.len=  44, Event.traceLen=  12 (in Bytes)
Event.len=  22, Event.traceLen=   6 (in 16 bit words)
Event.len=  11, Event.traceLen=   3 (in 32 bit words)
next start: 0xaaaaaaaa, pos= 308
0x1f32 module_id = 31 crystal_id = 0 digitizer_id = 3 chan_id = 2 ge_id = 124 channel = 32  -> is segment
ncrystal=1
wrote trace to CCpulse_008_00_01.xy
two's comp tempE  ::        977        977 0x000003d1 |0000|0000|0000|0000|0000|0011|1101|0001|
rawE              ::        977        977 0x000003d1 |0000|0000|0000|0000|0000|0011|1101|0001|
rawE (sign change)::        977        977 0x000003d1 |0000|0000|0000|0000|0000|0011|1101|0001|
Event.ehi=              30 0x0000001e
Event.ehi=3 (gain changed)
Event.LEDts =         830381940363
Event.CFDts =          25769738252

---------
new GTheader at pos=308 or 154 words (162):
Event.hdr[ 0]=0x1f33,   7987
Event.hdr[ 1]=0x300a,  12298
Event.hdr[ 2]=0xde8b,  56971
Event.hdr[ 3]=0x569e,  22174
Event.hdr[ 4]=0x00c1,    193
Event.hdr[ 5]=0xdcc5,  56517
Event.hdr[ 6]=0x4e0a,  19978
Event.hdr[ 7]=0x0000,      0
Event.hdr[ 8]=0x0000,      0
Event.hdr[ 9]=0xdc6f,  56431
Event.hdr[10]=0xb60a,  46602
Event.hdr[11]=0x14b7,   5303
Event.hdr[12]=0x5f68,  24424
Event.hdr[13]=0x002b,     43
Event.len=  44, Event.traceLen=  12 (in Bytes)
Event.len=  22, Event.traceLen=   6 (in 16 bit words)
Event.len=  11, Event.traceLen=   3 (in 32 bit words)
next start: 0xaaaaaaaa, pos= 352
0x1f33 module_id = 31 crystal_id = 0 digitizer_id = 3 chan_id = 3 ge_id = 124 channel = 33  -> is segment
ncrystal=1
wrote trace to CCpulse_008_00_01.xy
two's comp tempE  ::     711877     711877 0x000adcc5 |0000|0000|0000|1010|1101|1100|1100|0101|
rawE              ::     711877     711877 0x000adcc5 |0000|0000|0000|1010|1101|1100|1100|0101|
rawE (sign change)::     711877     711877 0x000adcc5 |0000|0000|0000|1010|1101|1100|1100|0101|
Event.ehi=           22246 0x000056e6
Event.ehi=2224 (gain changed)
Event.LEDts =         830381940363
Event.CFDts =      266661408669708

---------
new GTheader at pos=352 or 176 words (184):
Event.hdr[ 0]=0x1f34,   7988
Event.hdr[ 1]=0x300a,  12298
Event.hdr[ 2]=0xde8b,  56971
Event.hdr[ 3]=0x569e,  22174
Event.hdr[ 4]=0x00c1,    193
Event.hdr[ 5]=0x0020,     32
Event.hdr[ 6]=0x0e00,   3584
Event.hdr[ 7]=0x0000,      0
Event.hdr[ 8]=0x0000,      0
Event.hdr[ 9]=0x000d,     13
Event.hdr[10]=0x4000,  16384
Event.hdr[11]=0xffff,  65535
Event.hdr[12]=0x0073,    115
Event.hdr[13]=0x0000,      0
Event.len=  44, Event.traceLen=  12 (in Bytes)
Event.len=  22, Event.traceLen=   6 (in 16 bit words)
Event.len=  11, Event.traceLen=   3 (in 32 bit words)
next start: 0xaaaaaaaa, pos= 396
0x1f34 module_id = 31 crystal_id = 0 digitizer_id = 3 chan_id = 4 ge_id = 124 channel = 34  -> is segment
ncrystal=1
wrote trace to CCpulse_008_00_01.xy
two's comp tempE  ::         32         32 0x00000020 |0000|0000|0000|0000|0000|0000|0010|0000|
rawE              ::         32         32 0x00000020 |0000|0000|0000|0000|0000|0000|0010|0000|
rawE (sign change)::         32         32 0x00000020 |0000|0000|0000|0000|0000|0000|0010|0000|
Event.ehi=               1 0x00000001
Event.ehi=0 (gain changed)
Event.LEDts =         830381940363
Event.CFDts =         244817068044

---------
new GTheader at pos=396 or 198 words (206):
Event.hdr[ 0]=0x1f35,   7989
Event.hdr[ 1]=0x300a,  12298
Event.hdr[ 2]=0xde8b,  56971
Event.hdr[ 3]=0x569e,  22174
Event.hdr[ 4]=0x00c1,    193
Event.hdr[ 5]=0xaf5a,  44890
Event.hdr[ 6]=0x4e09,  19977
Event.hdr[ 7]=0x0000,      0
Event.hdr[ 8]=0x0000,      0
Event.hdr[ 9]=0xaea3,  44707
Event.hdr[10]=0xb209,  45577
Event.hdr[11]=0x1141,   4417
Event.hdr[12]=0x1ef8,   7928
Event.hdr[13]=0x0022,     34
Event.len=  44, Event.traceLen=  12 (in Bytes)
Event.len=  22, Event.traceLen=   6 (in 16 bit words)
Event.len=  11, Event.traceLen=   3 (in 32 bit words)
0x1f35 module_id = 31 crystal_id = 0 digitizer_id = 3 chan_id = 5 ge_id = 124 channel = 35  -> is segment
ncrystal=1
wrote trace to CCpulse_008_00_01.xy
two's comp tempE  ::     634714     634714 0x0009af5a |0000|0000|0000|1001|1010|1111|0101|1010|
rawE              ::     634714     634714 0x0009af5a |0000|0000|0000|1001|1010|1111|0101|1010|
rawE (sign change)::     634714     634714 0x0009af5a |0000|0000|0000|1001|1010|1111|0101|1010|
Event.ehi=           19834 0x00004d7a
Event.ehi=1983 (gain changed)
Event.LEDts =         830381940363
Event.CFDts =      268121719570444
exit bin_mode3
*end of event # 8
+++++++++++++++++++++++++++++++
ev#     8 GEB_TYPE_DECOMP        464Bytes TS=830381975833 curTS=830381942597 dTS= 33236
GEBGetEv returned st=0
we have read 5712 bytes; CurEvNo=9

+++++++++++++++++++++++++++++++
*start event # 9 with multiplicity 1 looks like this:
 0>  8, GEB_TYPE_GT_MOD29    , TS=830381942597
entered bin_mode2: 9/10
updated CCadd with    0.00
total number of hits in array: 0
exit bin_mode2
entered bin_mode3 @ event number: 9 

bin_mode3:  0>  8, GEB_TYPE_GT_MOD29    , TS=830381942597, 0xc1569ee745; payload length: 440 bytes

---------
new GTheader at pos=0 or 0 words (8):
Event.hdr[ 0]=0x1f30,   7984
Event.hdr[ 1]=0x300a,  12298
Event.hdr[ 2]=0xe745,  59205
Event.hdr[ 3]=0x569e,  22174
Event.hdr[ 4]=0x00c1,    193
Event.hdr[ 5]=0xd482,  54402
Event.hdr[ 6]=0x4e0b,  19979
Event.hdr[ 7]=0x08b9,   2233
Event.hdr[ 8]=0x0000,      0
Event.hdr[ 9]=0xd3e7,  54247
Event.hdr[10]=0x780b,  30731
Event.hdr[11]=0x18ba,   6330
Event.hdr[12]=0x316c,  12652
Event.hdr[13]=0x0033,     51
Event.len=  44, Event.traceLen=  12 (in Bytes)
Event.len=  22, Event.traceLen=   6 (in 16 bit words)
Event.len=  11, Event.traceLen=   3 (in 32 bit words)
next start: 0xaaaaaaaa, pos= 44
0x1f30 module_id = 31 crystal_id = 0 digitizer_id = 3 chan_id = 0 ge_id = 124 channel = 30  -> is segment
open superpulse_009_00_01.xy at Event.chan_id = 0
open CCpulse_009_00_01.xy at Event.chan_id = 0
ncrystal=1
wrote trace to CCpulse_009_00_01.xy
two's comp tempE  ::     775298     775298 0x000bd482 |0000|0000|0000|1011|1101|0100|1000|0010|
rawE              ::     775298     775298 0x000bd482 |0000|0000|0000|1011|1101|0100|1000|0010|
rawE (sign change)::     775298     775298 0x000bd482 |0000|0000|0000|1011|1101|0100|1000|0010|
Event.ehi=           24228 0x00005ea4
Event.ehi=2422 (gain changed)
Event.LEDts =         830381942597
Event.CFDts =      265286998229004

---------
new GTheader at pos=44 or 22 words (30):
Event.hdr[ 0]=0x1f31,   7985
Event.hdr[ 1]=0x300a,  12298
Event.hdr[ 2]=0xe745,  59205
Event.hdr[ 3]=0x569e,  22174
Event.hdr[ 4]=0x00c1,    193
Event.hdr[ 5]=0x7365,  29541
Event.hdr[ 6]=0x4e09,  19977
Event.hdr[ 7]=0x08b9,   2233
Event.hdr[ 8]=0x0000,      0
Event.hdr[ 9]=0x7333,  29491
Event.hdr[10]=0xd809,  55305
Event.hdr[11]=0x10e2,   4322
Event.hdr[12]=0x90cc,  37068
Event.hdr[13]=0x0025,     37
Event.len=  44, Event.traceLen=  12 (in Bytes)
Event.len=  22, Event.traceLen=   6 (in 16 bit words)
Event.len=  11, Event.traceLen=   3 (in 32 bit words)
next start: 0xaaaaaaaa, pos= 88
0x1f31 module_id = 31 crystal_id = 0 digitizer_id = 3 chan_id = 1 ge_id = 124 channel = 31  -> is segment
ncrystal=1
wrote trace to CCpulse_009_00_01.xy
two's comp tempE  ::     619365     619365 0x00097365 |0000|0000|0000|1001|0111|0011|0110|0101|
rawE              ::     619365     619365 0x00097365 |0000|0000|0000|1001|0111|0011|0110|0101|
rawE (sign change)::     619365     619365 0x00097365 |0000|0000|0000|1001|0111|0011|0110|0101|
Event.ehi=           19355 0x00004b9b
Event.ehi=1935 (gain changed)
Event.LEDts =         830381942597
Event.CFDts =      268710139330572

---------
new GTheader at pos=88 or 44 words (52):
Event.hdr[ 0]=0x1f32,   7986
Event.hdr[ 1]=0x300a,  12298
Event.hdr[ 2]=0xe745,  59205
Event.hdr[ 3]=0x569e,  22174
Event.hdr[ 4]=0x00c1,    193
Event.hdr[ 5]=0x6419,  25625
Event.hdr[ 6]=0x0e00,   3584
Event.hdr[ 7]=0x08b9,   2233
Event.hdr[ 8]=0x0000,      0
Event.hdr[ 9]=0x1afc,   6908
Event.hdr[10]=0xa800,  43008
Event.hdr[11]=0xffb5,  65461
Event.hdr[12]=0x5d9b,  23963
Event.hdr[13]=0x0002,      2
Event.len=  44, Event.traceLen=  12 (in Bytes)
Event.len=  22, Event.traceLen=   6 (in 16 bit words)
Event.len=  11, Event.traceLen=   3 (in 32 bit words)
next start: 0xaaaaaaaa, pos= 132
0x1f32 module_id = 31 crystal_id = 0 digitizer_id = 3 chan_id = 2 ge_id = 124 channel = 32  -> is segment
ncrystal=1
wrote trace to CCpulse_009_00_01.xy
two's comp tempE  ::      25625      25625 0x00006419 |0000|0000|0000|0000|0110|0100|0001|1001|
rawE              ::      25625      25625 0x00006419 |0000|0000|0000|0000|0110|0100|0001|1001|
rawE (sign change)::      25625      25625 0x00006419 |0000|0000|0000|0000|0110|0100|0001|1001|
Event.ehi=             800 0x00000320
Event.ehi=80 (gain changed)
Event.LEDts =         830381942597
Event.CFDts =      281462091612172

---------
new GTheader at pos=132 or 66 words (74):
Event.hdr[ 0]=0x1f33,   7987
Event.hdr[ 1]=0x300a,  12298
Event.hdr[ 2]=0xe745,  59205
Event.hdr[ 3]=0x569e,  22174
Event.hdr[ 4]=0x00c1,    193
Event.hdr[ 5]=0x4f25,  20261
Event.hdr[ 6]=0x4e0b,  19979
Event.hdr[ 7]=0x08b9,   2233
Event.hdr[ 8]=0x0000,      0
Event.hdr[ 9]=0x4e4e,  20046
Event.hdr[10]=0xde0b,  56843
Event.hdr[11]=0x15b8,   5560
Event.hdr[12]=0x6f6c,  28524
Event.hdr[13]=0x0029,     41
Event.len=  44, Event.traceLen=  12 (in Bytes)
Event.len=  22, Event.traceLen=   6 (in 16 bit words)
Event.len=  11, Event.traceLen=   3 (in 32 bit words)
next start: 0xaaaaaaaa, pos= 176
0x1f33 module_id = 31 crystal_id = 0 digitizer_id = 3 chan_id = 3 ge_id = 124 channel = 33  -> is segment
ncrystal=1
wrote trace to CCpulse_009_00_01.xy
two's comp tempE  ::     741157     741157 0x000b4f25 |0000|0000|0000|1011|0100|1111|0010|0101|
rawE              ::     741157     741157 0x000b4f25 |0000|0000|0000|1011|0100|1111|0010|0101|
rawE (sign change)::     741157     741157 0x000b4f25 |0000|0000|0000|1011|0100|1111|0010|0101|
Event.ehi=           23161 0x00005a79
Event.ehi=2316 (gain changed)
Event.LEDts =         830381942597
Event.CFDts =      266012858646540

---------
new GTheader at pos=176 or 88 words (96):
Event.hdr[ 0]=0x1f34,   7988
Event.hdr[ 1]=0x300a,  12298
Event.hdr[ 2]=0xe745,  59205
Event.hdr[ 3]=0x569e,  22174
Event.hdr[ 4]=0x00c1,    193
Event.hdr[ 5]=0x0041,     65
Event.hdr[ 6]=0x0e00,   3584
Event.hdr[ 7]=0x08b9,   2233
Event.hdr[ 8]=0x0000,      0
Event.hdr[ 9]=0x0004,      4
Event.hdr[10]=0x1a00,   6656
Event.hdr[11]=0x0000,      0
Event.hdr[12]=0xfe80,  65152
Event.hdr[13]=0x07ff,   2047
Event.len=  44, Event.traceLen=  12 (in Bytes)
Event.len=  22, Event.traceLen=   6 (in 16 bit words)
Event.len=  11, Event.traceLen=   3 (in 32 bit words)
next start: 0xaaaaaaaa, pos= 220
0x1f34 module_id = 31 crystal_id = 0 digitizer_id = 3 chan_id = 4 ge_id = 124 channel = 34  -> is segment
ncrystal=1
wrote trace to CCpulse_009_00_01.xy
two's comp tempE  ::         65         65 0x00000041 |0000|0000|0000|0000|0000|0000|0100|0001|
rawE              ::         65         65 0x00000041 |0000|0000|0000|0000|0000|0000|0100|0001|
rawE (sign change)::         65         65 0x00000041 |0000|0000|0000|0000|0000|0000|0100|0001|
Event.ehi=               2 0x00000002
Event.ehi=0 (gain changed)
Event.LEDts =         830381942597
Event.CFDts =         257701969932

---------
new GTheader at pos=220 or 110 words (118):
Event.hdr[ 0]=0x1f35,   7989
Event.hdr[ 1]=0x300a,  12298
Event.hdr[ 2]=0xe745,  59205
Event.hdr[ 3]=0x569e,  22174
Event.hdr[ 4]=0x00c1,    193
Event.hdr[ 5]=0x8e37,  36407
Event.hdr[ 6]=0x4e08,  19976
Event.hdr[ 7]=0x08b9,   2233
Event.hdr[ 8]=0x0000,      0
Event.hdr[ 9]=0x8c09,  35849
Event.hdr[10]=0x4608,  17928
Event.hdr[11]=0x135d,   4957
Event.hdr[12]=0x8364,  33636
Event.hdr[13]=0x0022,     34
Event.len=  44, Event.traceLen=  12 (in Bytes)
Event.len=  22, Event.traceLen=   6 (in 16 bit words)
Event.len=  11, Event.traceLen=   3 (in 32 bit words)
next start: 0xaaaaaaaa, pos= 264
0x1f35 module_id = 31 crystal_id = 0 digitizer_id = 3 chan_id = 5 ge_id = 124 channel = 35  -> is segment
ncrystal=1
wrote trace to CCpulse_009_00_01.xy
two's comp tempE  ::     560695     560695 0x00088e37 |0000|0000|0000|1000|1000|1110|0011|0111|
rawE              ::     560695     560695 0x00088e37 |0000|0000|0000|1000|1000|1110|0011|0111|
rawE (sign change)::     560695     560695 0x00088e37 |0000|0000|0000|1000|1000|1110|0011|0111|
Event.ehi=           17521 0x00004471
Event.ehi=1752 (gain changed)
Event.LEDts =         830381942597
Event.CFDts =      269629276356620

---------
new GTheader at pos=264 or 132 words (140):
Event.hdr[ 0]=0x1f36,   7990
Event.hdr[ 1]=0x300a,  12298
Event.hdr[ 2]=0xe745,  59205
Event.hdr[ 3]=0x569e,  22174
Event.hdr[ 4]=0x00c1,    193
Event.hdr[ 5]=0x96f0,  38640
Event.hdr[ 6]=0x4e03,  19971
Event.hdr[ 7]=0x08b9,   2233
Event.hdr[ 8]=0x0000,      0
Event.hdr[ 9]=0xf209,  61961
Event.hdr[10]=0xfa02,  64002
Event.hdr[11]=0xff6c,  65388
Event.hdr[12]=0x18ff,   6399
Event.hdr[13]=0x0010,     16
Event.len=  44, Event.traceLen=  12 (in Bytes)
Event.len=  22, Event.traceLen=   6 (in 16 bit words)
Event.len=  11, Event.traceLen=   3 (in 32 bit words)
next start: 0xaaaaaaaa, pos= 308
0x1f36 module_id = 31 crystal_id = 0 digitizer_id = 3 chan_id = 6 ge_id = 124 channel = 36  -> is segment
ncrystal=1
wrote trace to CCpulse_009_00_01.xy
two's comp tempE  ::     235248     235248 0x000396f0 |0000|0000|0000|0011|1001|0110|1111|0000|
rawE              ::     235248     235248 0x000396f0 |0000|0000|0000|0011|1001|0110|1111|0000|
rawE (sign change)::     235248     235248 0x000396f0 |0000|0000|0000|0011|1001|0110|1111|0000|
Event.ehi=            7351 0x00001cb7
Event.ehi=735 (gain changed)
Event.LEDts =         830381942597
Event.CFDts =      281393371086860

---------
new GTheader at pos=308 or 154 words (162):
Event.hdr[ 0]=0x1f37,   7991
Event.hdr[ 1]=0x300a,  12298
Event.hdr[ 2]=0xe745,  59205
Event.hdr[ 3]=0x569e,  22174
Event.hdr[ 4]=0x00c1,    193
Event.hdr[ 5]=0x827f,  33407
Event.hdr[ 6]=0x0e01,   3585
Event.hdr[ 7]=0x08b9,   2233
Event.hdr[ 8]=0x0000,      0
Event.hdr[ 9]=0xeeaa,  61098
Event.hdr[10]=0x6000,  24576
Event.hdr[11]=0xffa1,  65441
Event.hdr[12]=0xd33b,  54075
Event.hdr[13]=0x0006,      6
Event.len=  44, Event.traceLen=  12 (in Bytes)
Event.len=  22, Event.traceLen=   6 (in 16 bit words)
Event.len=  11, Event.traceLen=   3 (in 32 bit words)
next start: 0xaaaaaaaa, pos= 352
0x1f37 module_id = 31 crystal_id = 0 digitizer_id = 3 chan_id = 7 ge_id = 124 channel = 37  -> is segment
ncrystal=1
wrote trace to CCpulse_009_00_01.xy
two's comp tempE  ::      98943      98943 0x0001827f |0000|0000|0000|0001|1000|0010|0111|1111|
rawE              ::      98943      98943 0x0001827f |0000|0000|0000|0001|1000|0010|0111|1111|
rawE (sign change)::      98943      98943 0x0001827f |0000|0000|0000|0001|1000|0010|0111|1111|
Event.ehi=            3091 0x00000c13
Event.ehi=309 (gain changed)
Event.LEDts =         830381942597
Event.CFDts =         184686542860

---------
new GTheader at pos=352 or 176 words (184):
Event.hdr[ 0]=0x1f38,   7992
Event.hdr[ 1]=0x300a,  12298
Event.hdr[ 2]=0xe745,  59205
Event.hdr[ 3]=0x569e,  22174
Event.hdr[ 4]=0x00c1,    193
Event.hdr[ 5]=0x8e44,  36420
Event.hdr[ 6]=0x1ff9,   8185
Event.hdr[ 7]=0x08b9,   2233
Event.hdr[ 8]=0x0000,      0
Event.hdr[ 9]=0xc939,  51513
Event.hdr[10]=0xe5fc,  58876
Event.hdr[11]=0xf95b,  63835
Event.hdr[12]=0x2257,   8791
Event.hdr[13]=0x07f3,   2035
Event.len=  44, Event.traceLen=  12 (in Bytes)
Event.len=  22, Event.traceLen=   6 (in 16 bit words)
Event.len=  11, Event.traceLen=   3 (in 32 bit words)
next start: 0xaaaaaaaa, pos= 396
0x1f38 module_id = 31 crystal_id = 0 digitizer_id = 3 chan_id = 8 ge_id = 124 channel = 38  -> is segment
ncrystal=1
wrote trace to CCpulse_009_00_01.xy
two's comp tempE  ::   16354884   16354884 0x00f98e44 |0000|0000|1111|1001|1000|1110|0100|0100|
rawE              :: 4294544964    -422332 0xfff98e44 |1111|1111|1111|1001|1000|1110|0100|0100|
rawE (sign change)::     422332     422332 0x000671bc |0000|0000|0000|0110|0111|0001|1011|1100|
Event.ehi=           13197 0x0000338d
Event.ehi=1319 (gain changed)
Event.LEDts =         830381942597
Event.CFDts =         446685970444

---------
new GTheader at pos=396 or 198 words (206):
Event.hdr[ 0]=0x1f39,   7993
Event.hdr[ 1]=0x300a,  12298
Event.hdr[ 2]=0xe745,  59205
Event.hdr[ 3]=0x569e,  22174
Event.hdr[ 4]=0x00c1,    193
Event.hdr[ 5]=0xf828,  63528
Event.hdr[ 6]=0x4e0d,  19981
Event.hdr[ 7]=0x08b9,   2233
Event.hdr[ 8]=0x0000,      0
Event.hdr[ 9]=0xf609,  62985
Event.hdr[10]=0xea0d,  59917
Event.hdr[11]=0xfff2,  65522
Event.hdr[12]=0xe333,  58163
Event.hdr[13]=0x07ff,   2047
Event.len=  44, Event.traceLen=  12 (in Bytes)
Event.len=  22, Event.traceLen=   6 (in 16 bit words)
Event.len=  11, Event.traceLen=   3 (in 32 bit words)
0x1f39 module_id = 31 crystal_id = 0 digitizer_id = 3 chan_id = 9 ge_id = 124 channel = 39  -> is CC
ncrystal=1
wrote trace to CCpulse_009_00_01.xy
two's comp tempE  ::     915496     915496 0x000df828 |0000|0000|0000|1101|1111|1000|0010|1000|
rawE              ::     915496     915496 0x000df828 |0000|0000|0000|1101|1111|1000|0010|1000|
rawE (sign change)::     915496     915496 0x000df828 |0000|0000|0000|1101|1111|1000|0010|1000|
Event.ehi=           28609 0x00006fc1
Event.ehi=2860 (gain changed)
Event.LEDts =         830381942597
Event.CFDts =       18863784067084
exit bin_mode3
*end of event # 9
+++++++++++++++++++++++++++++++
ev#     9 GEB_TYPE_DECOMP        464Bytes TS=830381975861 curTS=830381975833 dTS= 28
ev#     9 GEB_TYPE_DECOMP        464Bytes TS=830381976255 curTS=830381975833 dTS= 422
GEBGetEv returned st=0
we have read 6672 bytes; CurEvNo=10

+++++++++++++++++++++++++++++++
*start event # 10 with multiplicity 2 looks like this:
 0>  1, GEB_TYPE_DECOMP      , TS=830381975833
 1>  1, GEB_TYPE_DECOMP      , TS=830381975861
entered bin_mode2: 10/10
ptinp->pad= 0, (ptinp->pad&0x000000ff)= 0
good pad value
mode2 data:  0>  1, GEB_TYPE_DECOMP      , TS=830381975833
number of hits: 2
* 0/2, is GEB_TYPE_DECOMP: num=2
__detno: 116, module: 29, crystalNumber: 0
CCenergies[0]=1322.61
* 0:  -12.14,  -6.46,   5.51 --> GT:    7.38,  -9.42, -14.89
* 1:   -0.83,  -0.55,   0.00 --> GT:    6.12,  -8.85, -15.05
ptinp->pad= 6, (ptinp->pad&0x000000ff)= 6
updated CCadd with 1322.61
total number of hits in array: 2
exit bin_mode2
entered bin_mode3 @ event number: 10 
exit bin_mode3
*end of event # 10
+++++++++++++++++++++++++++++++
ev#    10 GEB_TYPE_DECOMP        464Bytes TS=830381976337 curTS=830381976255 dTS= 82
ev#    10 GEB_TYPE_GT_MOD29      440Bytes TS=830381976551 curTS=830381976255 dTS= 296
ev# 50000 GEB_TYPE_GT_MOD29      440Bytes TS=831101166903 curTS=831101161807 dTS= 5096
ev# 100000 GEB_TYPE_GT_MOD29      440Bytes TS=831813507243 curTS=831813507201 dTS= 42
ev# 100000 GEB_TYPE_DECOMP        464Bytes TS=831813507337 curTS=831813507201 dTS= 136
ev# 100000 GEB_TYPE_DECOMP        464Bytes TS=831813507465 curTS=831813507201 dTS= 264
ev# 150000 GEB_TYPE_DECOMP        464Bytes TS=832547874683 curTS=832547874581 dTS= 102
ev# 150000 GEB_TYPE_DECOMP        464Bytes TS=832547879603 curTS=832547874581 dTS= 5022
ev# 200000 GEB_TYPE_DECOMP        464Bytes TS=833261468945 curTS=833261468941 dTS= 4
ev# 200000 GEB_TYPE_DECOMP        464Bytes TS=833261469037 curTS=833261468941 dTS= 96
ev# 200000 GEB_TYPE_DECOMP        464Bytes TS=833261469045 curTS=833261468941 dTS= 104
ev# 200000 GEB_TYPE_GT_MOD29      440Bytes TS=833261469139 curTS=833261468941 dTS= 198
ev# 250000 GEB_TYPE_DECOMP        464Bytes TS=833945575769 curTS=833945575693 dTS= 76
ev# 250000 GEB_TYPE_DECOMP        464Bytes TS=833945575773 curTS=833945575693 dTS= 80
ev# 250000 GEB_TYPE_DECOMP        464Bytes TS=833945576159 curTS=833945575693 dTS= 466
ev# 300000 GEB_TYPE_DECOMP        464Bytes TS=834667616223 curTS=834667616073 dTS= 150
ev# 350000 GEB_TYPE_GT_MOD29      440Bytes TS=835411444459 curTS=835411444243 dTS= 216
ev# 400000 GEB_TYPE_GT_MOD29      440Bytes TS=836126048381 curTS=836126048245 dTS= 136
ev# 400000 GEB_TYPE_DECOMP        464Bytes TS=836126048589 curTS=836126048245 dTS= 344
ev# 450000 GEB_TYPE_DECOMP        464Bytes TS=836846462241 curTS=836846462235 dTS= 6
ev# 450000 GEB_TYPE_DECOMP        464Bytes TS=836846462251 curTS=836846462235 dTS= 16
ev# 450000 GEB_TYPE_DECOMP        464Bytes TS=836846462429 curTS=836846462235 dTS= 194
ev# 500000 GEB_TYPE_GT_MOD29      440Bytes TS=837603469109 curTS=837603468573 dTS= 536
ev# 550000 GEB_TYPE_DECOMP        464Bytes TS=838327141425 curTS=838327102233 dTS= 39192
ev# 600000 GEB_TYPE_DECOMP        464Bytes TS=839070584665 curTS=839070564181 dTS= 20484
ev# 650000 GEB_TYPE_DECOMP        464Bytes TS=839769345777 curTS=839769345647 dTS= 130
ev# 650000 GEB_TYPE_DECOMP        464Bytes TS=839769345777 curTS=839769345647 dTS= 130
ev# 650000 GEB_TYPE_GT_MOD29      440Bytes TS=839769346245 curTS=839769345647 dTS= 598
ev# 700000 GEB_TYPE_DECOMP        464Bytes TS=840476733763 curTS=840476733433 dTS= 330
ev# 750000 GEB_TYPE_DECOMP        464Bytes TS=841188930851 curTS=841188930813 dTS= 38
ev# 750000 GEB_TYPE_DECOMP        464Bytes TS=841188930853 curTS=841188930813 dTS= 40
ev# 750000 GEB_TYPE_GT_MOD29      440Bytes TS=841188944173 curTS=841188930813 dTS= 13360
ev# 800000 GEB_TYPE_GT_MOD29      440Bytes TS=841959303355 curTS=841959278077 dTS= 25278
ev# 850000 GEB_TYPE_DECOMP        464Bytes TS=842702244209 curTS=842702244205 dTS= 4
ev# 850000 GEB_TYPE_DECOMP        464Bytes TS=842702244209 curTS=842702244205 dTS= 4
ev# 850000 GEB_TYPE_DECOMP        464Bytes TS=842702252561 curTS=842702244205 dTS= 8356
ev# 900000 GEB_TYPE_DECOMP        464Bytes TS=843404312419 curTS=843404312147 dTS= 272
ev# 950000 GEB_TYPE_DECOMP        464Bytes TS=844128613605 curTS=844128613601 dTS= 4
ev# 950000 GEB_TYPE_DECOMP        464Bytes TS=844128613721 curTS=844128613601 dTS= 120
ev# 950000 GEB_TYPE_DECOMP        464Bytes TS=844128613723 curTS=844128613601 dTS= 122
ev# 950000 GEB_TYPE_DECOMP        464Bytes TS=844128613723 curTS=844128613601 dTS= 122
ev# 950000 GEB_TYPE_DECOMP        464Bytes TS=844128613727 curTS=844128613601 dTS= 126
ev# 950000 GEB_TYPE_DECOMP        464Bytes TS=844128613727 curTS=844128613601 dTS= 126
ev# 950000 GEB_TYPE_DECOMP        464Bytes TS=844128614197 curTS=844128613601 dTS= 596

Sorting is done
attempting to save root or map file



mean observed polar and azimuth angles
for the detectors we saw (module,crystal)

------------------------------------------
mean pol/azi angle for detector  56 are   96.71/ 119.51
mean pol/azi angle for detector  57 are  100.45/ 138.30
mean pol/azi angle for detector  58 are   83.42/ 132.68
mean pol/azi angle for detector  59 are   79.58/ 114.04
mean pol/azi angle for detector  60 are   87.36/ 152.62
mean pol/azi angle for detector  61 are  105.26/ 157.66
mean pol/azi angle for detector  62 are   93.15/ 168.35
mean pol/azi angle for detector  63 are   73.82/ 165.95
mean pol/azi angle for detector  68 are   87.16/-134.96
mean pol/azi angle for detector  69 are  105.24/-130.03
mean pol/azi angle for detector  70 are   92.90/-116.94
mean pol/azi angle for detector  71 are   74.13/-121.85
mean pol/azi angle for detector  76 are   87.44/ -63.22
mean pol/azi angle for detector  77 are  105.28/ -58.16
mean pol/azi angle for detector  78 are   92.96/ -45.00
mean pol/azi angle for detector  79 are   74.19/ -49.85
mean pol/azi angle for detector  84 are  112.25/  33.61
mean pol/azi angle for detector  85 are  125.17/  17.34
mean pol/azi angle for detector  86 are  130.68/  39.20
mean pol/azi angle for detector  87 are  115.90/  52.88
mean pol/azi angle for detector  88 are  112.39/ 105.53
mean pol/azi angle for detector  89 are  124.92/  89.33
mean pol/azi angle for detector  90 are  130.81/ 111.07
mean pol/azi angle for detector  91 are  115.82/ 125.02
mean pol/azi angle for detector  96 are  112.63/-110.66
mean pol/azi angle for detector  97 are  124.81/-126.63
mean pol/azi angle for detector  98 are  130.90/-104.94
mean pol/azi angle for detector  99 are  115.83/ -90.98
mean pol/azi angle for detector 100 are  112.42/ -38.61
mean pol/azi angle for detector 101 are  124.76/ -55.08
mean pol/azi angle for detector 102 are  130.69/ -33.06
mean pol/azi angle for detector 103 are  115.79/ -19.01
mean pol/azi angle for detector 104 are  144.45/  88.31
mean pol/azi angle for detector 105 are  132.70/  65.86
mean pol/azi angle for detector 106 are  148.88/  53.82
mean pol/azi angle for detector 107 are  162.38/  88.39
mean pol/azi angle for detector 108 are  144.74/ 160.22
mean pol/azi angle for detector 109 are  132.69/ 137.89
mean pol/azi angle for detector 110 are  149.55/ 125.45
mean pol/azi angle for detector 111 are  162.28/ 110.36
mean pol/azi angle for detector 116 are  144.42/ -55.91
mean pol/azi angle for detector 117 are  132.56/ -78.25
mean pol/azi angle for detector 118 are  149.01/ -90.35
mean pol/azi angle for detector 119 are  162.41/ -56.01
we found 44 crystals
------------------------------------------

minimum pol angle between crystals is  18.65
compactness =  64.39%, 85 of 264
module hit statistics
module  14, crystal 0 was hit      81106 times
module  14, crystal 1 was hit      87244 times
module  14, crystal 2 was hit      86155 times
module  14, crystal 3 was hit      76931 times
module  15, crystal 0 was hit      87375 times
module  15, crystal 1 was hit      79104 times
module  15, crystal 2 was hit      74116 times
module  15, crystal 3 was hit      76778 times
module  17, crystal 0 was hit      65140 times
module  17, crystal 1 was hit      62746 times
module  17, crystal 2 was hit      64509 times
module  17, crystal 3 was hit      65798 times
module  19, crystal 0 was hit      59660 times
module  19, crystal 1 was hit      62443 times
module  19, crystal 2 was hit      73764 times
module  19, crystal 3 was hit      70718 times
module  21, crystal 0 was hit      75059 times
module  21, crystal 1 was hit      65676 times
module  21, crystal 2 was hit      77235 times
module  21, crystal 3 was hit      73656 times
module  22, crystal 0 was hit      80781 times
module  22, crystal 1 was hit      74716 times
module  22, crystal 2 was hit      84935 times
module  22, crystal 3 was hit      78602 times
module  24, crystal 0 was hit      66965 times
module  24, crystal 1 was hit      63694 times
module  24, crystal 2 was hit      67793 times
module  24, crystal 3 was hit      61552 times
module  25, crystal 0 was hit      63623 times
module  25, crystal 1 was hit      67005 times
module  25, crystal 2 was hit      64106 times
module  25, crystal 3 was hit      62392 times
module  26, crystal 0 was hit      74819 times
module  26, crystal 1 was hit      73116 times
module  26, crystal 2 was hit      73009 times
module  26, crystal 3 was hit      68677 times
module  27, crystal 0 was hit      78300 times
module  27, crystal 1 was hit      75047 times
module  27, crystal 2 was hit      77915 times
module  27, crystal 3 was hit      71466 times
module  29, crystal 0 was hit      63381 times
module  29, crystal 1 was hit      62191 times
module  29, crystal 2 was hit      68566 times
module  29, crystal 3 was hit      61805 times

bin_mode2: pad distribution
__id   0,      1377527, 94.42%
__id   2,          165,  0.01%
__id   3,          421,  0.03%
__id   4,          538,  0.04%
__id   5,         2710,  0.19%
__id   6,         5701,  0.39%
__id 128,        71688,  4.91%
__id 133,          127,  0.01%

bin_mode2 calculated mean CCsum energy to be  738.997 keV
bin_mode2 calculated mean CCadd energy to be 1031.970 keV
attempting to close root file...
Pars.f1->Write();
Pars.f1->Print();
TFile: name=/lcrc/project/HELIOS/gretinafma/root_data/run101.root, title=, option=CREATE
TH1.Print Name  = dtbtev, Entries= 1923035, Total sum= 1.92304e+06
TH1.Print Name  = T0, Entries= 0, Total sum= 0
TH1.Print Name  = hitpat, Entries= 1377527, Total sum= 1.37753e+06
TH1.Print Name  = numHitArray2, Entries= 1000000, Total sum= 705805
TH1.Print Name  = CCmult, Entries= 1000000, Total sum= 1e+06
TH1.Print Name  = CCsum, Entries= 3149517, Total sum= 1.3775e+06
TH1.Print Name  = hit2, Entries= 152514, Total sum= 152307
TH1.Print Name  = hit3, Entries= 81443, Total sum= 80827
TH1.Print Name  = hit4, Entries= 44852, Total sum= 43796
TH1.Print Name  = CCsum_nodop, Entries= 3149517, Total sum= 1.3775e+06
TH1.Print Name  = CCadd, Entries= 1000000, Total sum= 698050
TH1.Print Name  = SEGadd_FPGA, Entries= 200000000, Total sum= 1.37689e+06
TH1.Print Name  = SEGadd_PSA, Entries= 200000000, Total sum= 1.37001e+06
TH1.Print Name  = SEGsum_FPGA, Entries= 2122340, Total sum= 2.12186e+06
TH1.Print Name  = SEGsum_PSA, Entries= 3149669, Total sum= 3.12536e+06
TH1.Print Name  = radius_all, Entries= 3149668, Total sum= 3.14967e+06
TH1.Print Name  = rate_mode2_min, Entries= 1377526, Total sum= 22958.8
TH1.Print Name  = rate_mode2_sec, Entries= 1377526, Total sum= 1.37753e+06
TH1.Print Name  = rate_mode2_intp, Entries= 1377526, Total sum= 52494.5
TH1.Print Name  = cdtbtev, Entries= 275736, Total sum= 275736
TH1.Print Name  = evsr_all, Entries= 3149668, Total sum= 3.07843e+06
TH1.Print Name  = SMAP_allhits, Entries= 3149669, Total sum= 3.14967e+06
TH1.Print Name  = SMAP_allhits_sq, Entries= 3149669, Total sum= 3.14967e+06
TH1.Print Name  = seghitpat, Entries= 3149669, Total sum= 3.14967e+06
TH1.Print Name  = CCe, Entries= 3149517, Total sum= 1.3775e+06
TH1.Print Name  = ggCC, Entries= 2707322, Total sum= 2.3714e+06
TH1.Print Name  = z_plot, Entries= 3149669, Total sum= 3.14664e+06
TH1.Print Name  = crystal_hit, Entries= 0, Total sum= 0
TH1.Print Name  = SegE, Entries= 3148934, Total sum= 3.14893e+06
TH1.Print Name  = crXcr, Entries= 1353661, Total sum= 1.35366e+06
******************************************************************************
*Tree    :tree      : tree                                                   *
*Entries :  1000000 : Total =       153038613 bytes  File  Size =   37891329 *
*        :          : Tree compression factor =   4.04                       *
******************************************************************************
*Br    0 :runNumber : runNumber/I                                            *
*Entries :  1000000 : Total  Size=    4010125 bytes  File Size  =      30389 *
*Baskets :       98 : Basket Size=    1341440 bytes  Compression= 131.87     *
*............................................................................*
*Br    1 :numHits   : numHits/I                                              *
*Entries :  1000000 : Total  Size=    4009921 bytes  File Size  =      30192 *
*Baskets :       98 : Basket Size=    1341440 bytes  Compression= 132.73     *
*............................................................................*
*Br    2 :left      : left[numHits]/F                                        *
*Entries :  1000000 : Total  Size=    8030377 bytes  File Size  =    2916205 *
*Baskets :      291 : Basket Size=    8860160 bytes  Compression=   2.75     *
*............................................................................*
*Br    3 :right     : right[numHits]/F                                       *
*Entries :  1000000 : Total  Size=    8030672 bytes  File Size  =    2881480 *
*Baskets :      291 : Basket Size=    8860160 bytes  Compression=   2.78     *
*............................................................................*
*Br    4 :up        : up[numHits]/F                                          *
*Entries :  1000000 : Total  Size=    8029787 bytes  File Size  =    2885306 *
*Baskets :      291 : Basket Size=    8859648 bytes  Compression=   2.78     *
*............................................................................*
*Br    5 :down      : down[numHits]/F                                        *
*Entries :  1000000 : Total  Size=    8030377 bytes  File Size  =    2912831 *
*Baskets :      291 : Basket Size=    8860160 bytes  Compression=   2.75     *
*............................................................................*
*Br    6 :e1        : e1[numHits]/F                                          *
*Entries :  1000000 : Total  Size=    8029787 bytes  File Size  =    2797818 *
*Baskets :      291 : Basket Size=    8859648 bytes  Compression=   2.87     *
*............................................................................*
*Br    7 :e2        : e2[numHits]/F                                          *
*Entries :  1000000 : Total  Size=    8029787 bytes  File Size  =    2763752 *
*Baskets :      291 : Basket Size=    8859648 bytes  Compression=   2.90     *
*............................................................................*
*Br    8 :e3        : e3[numHits]/F                                          *
*Entries :  1000000 : Total  Size=    8029787 bytes  File Size  =    2705401 *
*Baskets :      291 : Basket Size=    8859648 bytes  Compression=   2.97     *
*............................................................................*
*Br    9 :tac       : tac[numHits]/F                                         *
*Entries :  1000000 : Total  Size=    8030082 bytes  File Size  =    2502955 *
*Baskets :      291 : Basket Size=    8860160 bytes  Compression=   3.21     *
*............................................................................*
*Br   10 :fmaDeltaTime : fmaDeltaTime[numHits]/F                             *
*Entries :  1000000 : Total  Size=    8032848 bytes  File Size  =    2584596 *
*Baskets :      292 : Basket Size=    8861184 bytes  Compression=   3.11     *
*............................................................................*
*Br   11 :fmaMult   : fmaMult[10]/I                                          *
*Entries :  1000000 : Total  Size=   40095287 bytes  File Size  =    1062889 *
*Baskets :      969 : Basket Size=   25600000 bytes  Compression=  37.70     *
*............................................................................*
*Br   12 :gammaMult : gammaMult/I                                            *
*Entries :  1000000 : Total  Size=    4010125 bytes  File Size  =     696790 *
*Baskets :       98 : Basket Size=    1341440 bytes  Compression=   5.75     *
*............................................................................*
*Br   13 :gammaEnergy : gammaEnergy[gammaMult]/F                             *
*Entries :  1000000 : Total  Size=    9546628 bytes  File Size  =    6614402 *
*Baskets :      328 : Basket Size=    9369088 bytes  Compression=   1.44     *
*............................................................................*
*Br   14 :gammaTimestamp : gammaTimestamp[gammaMult]/F                       *
*Entries :  1000000 : Total  Size=    9547624 bytes  File Size  =    2146857 *
*Baskets :      328 : Basket Size=    9369600 bytes  Compression=   4.44     *
*............................................................................*
*Br   15 :deltaTime : deltaTime[gammaMult]/F                                 *
*Entries :  1000000 : Total  Size=    9545964 bytes  File Size  =    2318245 *
*Baskets :      328 : Basket Size=    9369088 bytes  Compression=   4.11     *
*............................................................................*
TH1.Print Name  = eCC_a, Entries= 0, Total sum= 0
TH1.Print Name  = eCC_b, Entries= 0, Total sum= 0
TH1.Print Name  = eCC_c, Entries= 0, Total sum= 0
TH1.Print Name  = eCC_d, Entries= 148219, Total sum= 0
TH1.Print Name  = eSeg, Entries= 0, Total sum= 0
TH1.Print Name  = mode3_hitpat, Entries= 4616486, Total sum= 0
TH1.Print Name  = mode3_hitpat_chan, Entries= 4616486, Total sum= 4.61649e+06
TH1.Print Name  = chan0, Entries= 0, Total sum= 0
TH1.Print Name  = module, Entries= 4616486, Total sum= 4.61649e+06
TH1.Print Name  = chan, Entries= 4616486, Total sum= 4.61369e+06
TH1.Print Name  = l, Entries= 461649, Total sum= 461643
TH1.Print Name  = r, Entries= 461648, Total sum= 461628
TH1.Print Name  = up, Entries= 461648, Total sum= 461647
TH1.Print Name  = down, Entries= 461648, Total sum= 461647
TH1.Print Name  = sumlr, Entries= 455217, Total sum= 455217
TH1.Print Name  = sumud, Entries= 435384, Total sum= 435384
TH1.Print Name  = x, Entries= 455217, Total sum= 455217
TH1.Print Name  = y, Entries= 435384, Total sum= 435384
TH1.Print Name  = de1, Entries= 461648, Total sum= 461643
TH1.Print Name  = de2, Entries= 461649, Total sum= 461649
TH1.Print Name  = de3, Entries= 461649, Total sum= 460642
TH1.Print Name  = de12, Entries= 399727, Total sum= 399727
TH1.Print Name  = etot, Entries= 399727, Total sum= 399727
TH1.Print Name  = rftof, Entries= 461649, Total sum= 460076
TH1.Print Name  = lr, Entries= 1000000, Total sum= 999976
TH1.Print Name  = ud, Entries= 1000000, Total sum= 999999
TH1.Print Name  = ede1, Entries= 399727, Total sum= 399727
TH1.Print Name  = ede1g, Entries= 68370, Total sum= 68366
TH1.Print Name  = ede2, Entries= 399727, Total sum= 399727
TH1.Print Name  = ede12, Entries= 399727, Total sum= 399727
TH1.Print Name  = xde1, Entries= 399727, Total sum= 399727
TH1.Print Name  = erftof, Entries= 1000000, Total sum= 998427
TH1.Print Name  = erftofg, Entries= 21307, Total sum= 21246
TH1.Print Name  = sumehi, Entries= 1377527, Total sum= 1.37751e+06
TH1.Print Name  = tgppac, Entries= 1377527, Total sum= 366559
TH1.Print Name  = tgppacg, Entries= 68370, Total sum= 68370
TH1.Print Name  = xehi1, Entries= 1377527, Total sum= 1.37751e+06
TH1.Print Name  = xehi1g, Entries= 68370, Total sum= 68370
TH1.Print Name  = de1ehi, Entries= 1377527, Total sum= 1.3775e+06
TH1.Print Name  = de1ehig, Entries= 68370, Total sum= 68366
TH1.Print Name  = ng, Entries= 1000000, Total sum= 1e+06
TH1.Print Name  = ehiz1, Entries= 0, Total sum= 0
TH1.Print Name  = ehiz2, Entries= 0, Total sum= 0
TH1.Print Name  = ehiz3, Entries= 0, Total sum= 0
TH1.Print Name  = ehiz4, Entries= 0, Total sum= 0
TH1.Print Name  = ehiz5, Entries= 0, Total sum= 0
TH1.Print Name  = gg_dt, Entries= 82301, Total sum= 82301
TH1.Print Name  = gg, Entries= 164602, Total sum= 162034
TH1.Print Name  = gg_z1, Entries= 0, Total sum= 0
TH1.Print Name  = gg_z2, Entries= 0, Total sum= 0
TH1.Print Name  = gg_z3, Entries= 0, Total sum= 0
TH1.Print Name  = gg_z4, Entries= 0, Total sum= 0
TH1.Print Name  = gg_z5, Entries= 0, Total sum= 0
Pars.f1->Close();
done saving rootfile "/lcrc/project/HELIOS/gretinafma/root_data/run101.root


read 1000000 events; Pars.beta=0.0330; time since last update 1 minutes
CommandFileName="GEBSort.command"

sorted timestamp range 830381514557-->844831270799: 14449756242
that is 144.5 seconds or 0h2m24s
^^^^^ any timestamp jumps will upset this accounting

hit statistics per type
 1 GEB_TYPE_DECOMP          1458877 ;  10096.21 Hz 
 8 GEB_TYPE_GT_MOD29         464158 ;   3212.22 Hz 
read a total of              1923035 ; header/payloads


nn1=0
nn2=1923036
nn3=1923036

nok_validate= 1000000, ntot_validate=1000000; validate fraction 100.00%

bytes read=910813352, 868.619301 MB

boniva sancta! ...GEBSort (unexpectedly) did not crash!

 ** GEBSort is done at 
