started GEBSort at we have 9 arguments
1... -input
will take input from disk
file size is 34094357796 bytes or 33295 MBytes

4... -rootfile
rootfile name specified on command line
__will store spectra in rootfile: /lcrc/project/HELIOS/gretinafma/root_data/run132.root
will recreate root file
7... -chat
core file size          (blocks, -c) unlimited
data seg size           (kbytes, -d) unlimited
scheduling priority             (-e) 0
file size               (blocks, -f) unlimited
pending signals                 (-i) 510315
max locked memory       (kbytes, -l) unlimited
max memory size         (kbytes, -m) 128769024
open files                      (-n) 51200
pipe size            (512 bytes, -p) 8
POSIX message queues     (bytes, -q) 819200
real-time priority              (-r) 0
stack size              (kbytes, -s) unlimited
cpu time               (seconds, -t) unlimited
max user processes              (-u) 4096
virtual memory          (kbytes, -v) unlimited
file locks                      (-x) unlimited
will read sorting instructions from chatfile: GEBSort.chat

executing UserDeclare.h code


GEBsort running on: 

initializing

crmat.LINUX is open (input) binary format
read 7936 bytes into Pars.crmat
chat file: <GEBSort.chat> open

will sort a max of 1410065408 events
will sort a max of 1000000 events
will sort 86400 minutes of data
will print details of the first 10 events
will use Pars.Beta (v/c) correction of 0.033000
will sort using a time window of 150
Pars.do_bin_mode2=1
Pars.do_bin_mode3=1
will accept second interaction range between 10.000000 and 500.000000 mm
"1-200"
detector   1 is ENABLED
detector   2 is ENABLED
detector   3 is ENABLED
detector   4 is ENABLED
detector   5 is ENABLED
detector   6 is ENABLED
detector   7 is ENABLED
detector   8 is ENABLED
detector   9 is ENABLED
detector  10 is ENABLED
detector  11 is ENABLED
detector  12 is ENABLED
detector  13 is ENABLED
detector  14 is ENABLED
detector  15 is ENABLED
detector  16 is ENABLED
detector  17 is ENABLED
detector  18 is ENABLED
detector  19 is ENABLED
detector  20 is ENABLED
detector  21 is ENABLED
detector  22 is ENABLED
detector  23 is ENABLED
detector  24 is ENABLED
detector  25 is ENABLED
detector  26 is ENABLED
detector  27 is ENABLED
detector  28 is ENABLED
detector  29 is ENABLED
detector  30 is ENABLED
detector  31 is ENABLED
detector  32 is ENABLED
detector  33 is ENABLED
detector  34 is ENABLED
detector  35 is ENABLED
detector  36 is ENABLED
detector  37 is ENABLED
detector  38 is ENABLED
detector  39 is ENABLED
detector  40 is ENABLED
detector  41 is ENABLED
detector  42 is ENABLED
detector  43 is ENABLED
detector  44 is ENABLED
detector  45 is ENABLED
detector  46 is ENABLED
detector  47 is ENABLED
detector  48 is ENABLED
detector  49 is ENABLED
detector  50 is ENABLED
detector  51 is ENABLED
detector  52 is ENABLED
detector  53 is ENABLED
detector  54 is ENABLED
detector  55 is ENABLED
detector  56 is ENABLED
detector  57 is ENABLED
detector  58 is ENABLED
detector  59 is ENABLED
detector  60 is ENABLED
detector  61 is ENABLED
detector  62 is ENABLED
detector  63 is ENABLED
detector  64 is ENABLED
detector  65 is ENABLED
detector  66 is ENABLED
detector  67 is ENABLED
detector  68 is ENABLED
detector  69 is ENABLED
detector  70 is ENABLED
detector  71 is ENABLED
detector  72 is ENABLED
detector  73 is ENABLED
detector  74 is ENABLED
detector  75 is ENABLED
detector  76 is ENABLED
detector  77 is ENABLED
detector  78 is ENABLED
detector  79 is ENABLED
detector  80 is ENABLED
detector  81 is ENABLED
detector  82 is ENABLED
detector  83 is ENABLED
detector  84 is ENABLED
detector  85 is ENABLED
detector  86 is ENABLED
detector  87 is ENABLED
detector  88 is ENABLED
detector  89 is ENABLED
detector  90 is ENABLED
detector  91 is ENABLED
detector  92 is ENABLED
detector  93 is ENABLED
detector  94 is ENABLED
detector  95 is ENABLED
detector  96 is ENABLED
detector  97 is ENABLED
detector  98 is ENABLED
detector  99 is ENABLED
detector 100 is ENABLED
detector 101 is ENABLED
detector 102 is ENABLED
detector 103 is ENABLED
detector 104 is ENABLED
detector 105 is ENABLED
detector 106 is ENABLED
detector 107 is ENABLED
detector 108 is ENABLED
detector 109 is ENABLED
detector 110 is ENABLED
detector 111 is ENABLED
detector 112 is ENABLED
detector 113 is ENABLED
detector 114 is ENABLED
detector 115 is ENABLED
detector 116 is ENABLED
detector 117 is ENABLED
detector 118 is ENABLED
detector 119 is ENABLED
detector 120 is ENABLED
detector 121 is ENABLED
detector 122 is ENABLED
detector 123 is ENABLED
detector 124 is ENABLED
detector 125 is ENABLED
detector 126 is ENABLED
detector 127 is ENABLED
detector 128 is ENABLED
detector 129 is ENABLED
detector 130 is ENABLED
detector 131 is ENABLED
detector 132 is ENABLED
detector 133 is ENABLED
detector 134 is ENABLED
detector 135 is ENABLED
detector 136 is ENABLED
detector 137 is ENABLED
detector 138 is ENABLED
detector 139 is ENABLED
detector 140 is ENABLED
detector 141 is ENABLED
detector 142 is ENABLED
detector 143 is ENABLED
detector 144 is ENABLED
detector 145 is ENABLED
detector 146 is ENABLED
detector 147 is ENABLED
detector 148 is ENABLED
detector 149 is ENABLED
detector 150 is ENABLED
detector 151 is ENABLED
detector 152 is ENABLED
detector 153 is ENABLED
detector 154 is ENABLED
detector 155 is ENABLED
detector 156 is ENABLED
detector 157 is ENABLED
detector 158 is ENABLED
detector 159 is ENABLED
detector 160 is ENABLED
detector 161 is ENABLED
detector 162 is ENABLED
detector 163 is ENABLED
detector 164 is ENABLED
detector 165 is ENABLED
detector 166 is ENABLED
detector 167 is ENABLED
detector 168 is ENABLED
detector 169 is ENABLED
detector 170 is ENABLED
detector 171 is ENABLED
detector 172 is ENABLED
detector 173 is ENABLED
detector 174 is ENABLED
detector 175 is ENABLED
detector 176 is ENABLED
detector 177 is ENABLED
detector 178 is ENABLED
detector 179 is ENABLED
detector 180 is ENABLED
detector 181 is ENABLED
detector 182 is ENABLED
detector 183 is ENABLED
detector 184 is ENABLED
detector 185 is ENABLED
detector 186 is ENABLED
detector 187 is ENABLED
detector 188 is ENABLED
detector 189 is ENABLED
detector 190 is ENABLED
detector 191 is ENABLED
detector 192 is ENABLED
detector 193 is ENABLED
detector 194 is ENABLED
detector 195 is ENABLED
detector 196 is ENABLED
detector 197 is ENABLED
detector 198 is ENABLED
detector 199 is ENABLED
WARNING: could not open CCcal file "CCenergy.cal", quit
will use beam direction 0.000000 0.000000 1.000000
vector length= 1.000000, normalizing
will use beam direction 0.000000 0.000000 1.000000
Pars.ndetlimlo=1,Pars.ndetlimhi=8
will require mult bt: 1 20
fomlimits, 1, 0.00 ..to.. 0.80
fomlimits, 2, 0.00 ..to.. 0.80
fomlimits, 3, 0.00 ..to.. 0.80
fomlimits, 4, 0.00 ..to.. 0.80
fomlimits, 5, 0.00 ..to.. 0.80
fomlimits, 6, 0.00 ..to.. 0.80
fomlimits, 7, 0.00 ..to.. 0.80
will use M= 350.000000 in bin_dgs
will use PZ file "dgs_pz.cal" in bin_dgs
will use ecal file "dgs_ehi.cal" in bin_dgs
will skip rest of chat file

chat file: <GEBSort.chat> closed
processed 39 sort instructions and 198 lines


sorting this:
Pars.do_bin_mode3 = 1
Pars.do_bin_mode2 = 1
Pars.do_bin_mode1 = 0
Pars.do_bin_dgs = 0
Pars.do_bin_dfma = 0
Pars.do_bin_gtcal = 0
Pars.do_bin_template = 0
Pars.do_bin_final = 0
Pars.do_bin_angcor = 0
Pars.do_bin_angdis = 0
checking proper input of chat file...
input file "/lcrc/project/HELIOS/gretinafma/merged_data/GEBMerged_run132.gtd_000" is open, inData=0x2558ba60
file size is -265380572 bytes or -259 MBs 
input source is set up, supposedly

xyz offset values:

executing ShareMemFileUserInit.h code

deleted \rm -f GEBSort.command
root file </lcrc/project/HELIOS/gretinafma/root_data/run132.root>
base=</lcrc/project/HELIOS/gretinafma/root_data/run132.root:/>
TFile: name=/lcrc/project/HELIOS/gretinafma/root_data/run132.root, title=, option=CREATE

executing UserInit.h code

Created Object "dtbtev", 0x265e1cc0
Created Object "T0", 0x265e20d0
, "T0"Created Object "hitpat", 0x265e24c0
, "hitpat"Created Object "numHitArray2", 0x265e2f80
, "numHitArray2"Created Object "CCmult", 0x265e3ab0
, "CC Multiplicity"Created Object "CCsum", 0x268b4a70
, "CCsum"Created Object "hit2", 0x268c4880
, "hit2"Created Object "hit3", 0x268d4690
, "hit3"Created Object "hit4", 0x268e44a0
, "hit4"Created Object "CCsum_nodop", 0x268f42b0
, "CCsum_nodop"Created Object "CCadd", 0x269040c0
, "CCadd"Created Object "SEGadd_FPGA", 0x26913ed0
Created Object "SEGadd_PSA", 0x269142e0
Created Object "SEGsum_FPGA", 0x269146f0
Created Object "SEGsum_PSA", 0x26914b00
Created Object "radius_all", 0x26914f10
, "radius (all points)"Created Object "rate_mode2_min", 0x2691d320
, "rate_mode2_min headers"Created Object "rate_mode2_sec", 0x26920430
, "rate_mode2_sec headers"Created Object "rate_mode2_intp", 0x26923540
, "rate_mode2 interaction points"Created Object "cdtbtev", 0x26926780
Created Object "evsr_all", 0x269ec760
Created Object "SMAP_allhits", 0x269ecca0
Created Object "SMAP_allhits_sq", 0x26aec630
Created Object "seghitpat", 0x26bebfc0
Created Object "CCe", 0x26bf43c0
Created Object "ggCC", 0x26bf4970
Created Object "z_plot", 0x26bf4f20
Created Object "crystal_hit", 0x26ca85f0
Created Object "SegE", 0x26ca8bc0
Created Object "crXcr", 0x26ca9100
MAXDETPOS=180
Created Object "eCC_a", 0x26d96ba0
Created Object "eCC_b", 0x26d96fb0
Created Object "eCC_c", 0x26d97420
Created Object "eCC_d", 0x26d979d0
Created Object "eSeg", 0x26d97f10
Created Object "mode3_hitpat", 0x26d984c0
, "mode3_hitpat"Created Object "mode3_hitpat_chan", 0x26d98e30
, "mode3_hitpat_chan"Created Object "chan0", 0x26d99560
, "chan0"Created Object "module", 0x26dad390
, "module"Created Object "chan", 0x26dc11c0
Created Object "l", 0x26e36ae0
, "l"Created Object "r", 0x26e4a910
, "r"Created Object "up", 0x26e5e6d0
, "up"Created Object "down", 0x26e72490
, "down"Created Object "sumlr", 0x26e862c0
, "sumlr"Created Object "sumud", 0x26e9a0f0
, "sumud"Created Object "x", 0x26eadf20
, "x"Created Object "y", 0x26ec1d50
, "y"Created Object "de1", 0x26ed5b80
, "de1"Created Object "de2", 0x26ee9940
, "de2"Created Object "de3", 0x26efd700
, "de3"Created Object "de12", 0x26f11530
, "de12"Created Object "etot", 0x26f25360
, "etot"Created Object "rftof", 0x26f39120
, "rftof"Created Object "lr", 0x26f4cee0
Created Object "ud", 0x26f4d420
Created Object "ede1", 0x26f4d960
Created Object "ede1g", 0x26f4dea0
Created Object "ede2", 0x26f4e450
Created Object "ede12", 0x26f4ea00
Created Object "xde1", 0x26f4efb0
Created Object "erftof", 0x26f4f4f0
Created Object "erftofg", 0x26f4fa30
Created Object "sumehi", 0x26f4ffe0
, "sumehi"Created Object "tgppac", 0x26f63da0
, "tgppac"Created Object "tgppacg", 0x26f8b450
, "tgppacg"Created Object "xehi1", 0x26fb2b00
Created Object "xehi1g", 0x26fb3040
Created Object "de1ehi", 0x26fb35f0
Created Object "de1ehig", 0x26fb3b30
Created Object "ng", 0x26fb4070
, "ng"Created Object "ehiz1", 0x26fc7e30
, "ehiz1"Created Object "ehiz2", 0x26fdbbf0
, "ehiz2"Created Object "ehiz3", 0x26fefa20
, "ehiz3"Created Object "ehiz4", 0x27003850
, "ehiz4"Created Object "ehiz5", 0x27017680
, "ehiz5"Created Object "gg_dt", 0x2702b440
, "gg_dt"Created Object "gg", 0x2702f870
Created Object "gg_z1", 0x2702fe20
Created Object "gg_z2", 0x270303d0
Created Object "gg_z3", 0x27030980
Created Object "gg_z4", 0x27030f30
Created Object "gg_z5", 0x27031470
we have define the following ROOT spectra:
Collection name='THashList', class='THashList', size=84
 TH1.Print Name  = dtbtev, Entries= 0, Total sum= 0
 TH1.Print Name  = T0, Entries= 0, Total sum= 0
 TH1.Print Name  = hitpat, Entries= 0, Total sum= 0
 TH1.Print Name  = numHitArray2, Entries= 0, Total sum= 0
 TH1.Print Name  = CCmult, Entries= 0, Total sum= 0
 TH1.Print Name  = CCsum, Entries= 0, Total sum= 0
 TH1.Print Name  = hit2, Entries= 0, Total sum= 0
 TH1.Print Name  = hit3, Entries= 0, Total sum= 0
 TH1.Print Name  = hit4, Entries= 0, Total sum= 0
 TH1.Print Name  = CCsum_nodop, Entries= 0, Total sum= 0
 TH1.Print Name  = CCadd, Entries= 0, Total sum= 0
 TH1.Print Name  = SEGadd_FPGA, Entries= 0, Total sum= 0
 TH1.Print Name  = SEGadd_PSA, Entries= 0, Total sum= 0
 TH1.Print Name  = SEGsum_FPGA, Entries= 0, Total sum= 0
 TH1.Print Name  = SEGsum_PSA, Entries= 0, Total sum= 0
 TH1.Print Name  = radius_all, Entries= 0, Total sum= 0
 TH1.Print Name  = rate_mode2_min, Entries= 0, Total sum= 0
 TH1.Print Name  = rate_mode2_sec, Entries= 0, Total sum= 0
 TH1.Print Name  = rate_mode2_intp, Entries= 0, Total sum= 0
 TH1.Print Name  = cdtbtev, Entries= 0, Total sum= 0
 TH1.Print Name  = evsr_all, Entries= 0, Total sum= 0
 TH1.Print Name  = SMAP_allhits, Entries= 0, Total sum= 0
 TH1.Print Name  = SMAP_allhits_sq, Entries= 0, Total sum= 0
 TH1.Print Name  = seghitpat, Entries= 0, Total sum= 0
 TH1.Print Name  = CCe, Entries= 0, Total sum= 0
 TH1.Print Name  = ggCC, Entries= 0, Total sum= 0
 TH1.Print Name  = z_plot, Entries= 0, Total sum= 0
 TH1.Print Name  = crystal_hit, Entries= 0, Total sum= 0
 TH1.Print Name  = SegE, Entries= 0, Total sum= 0
 TH1.Print Name  = crXcr, Entries= 0, Total sum= 0
 ******************************************************************************
*Tree    :tree      : tree                                                   *
*Entries :        0 : Total =            8461 bytes  File  Size =          0 *
*        :          : Tree compression factor =   1.00                       *
******************************************************************************
*Br    0 :runNumber : runNumber/I                                            *
*Entries :        0 : Total  Size=        501 bytes  One basket in memory    *
*Baskets :        0 : Basket Size=      32000 bytes  Compression=   1.00     *
*............................................................................*
*Br    1 :numHits   : numHits/I                                              *
*Entries :        0 : Total  Size=        493 bytes  One basket in memory    *
*Baskets :        0 : Basket Size=      32000 bytes  Compression=   1.00     *
*............................................................................*
*Br    2 :left      : left[numHits]/F                                        *
*Entries :        0 : Total  Size=        580 bytes  One basket in memory    *
*Baskets :        0 : Basket Size=      32000 bytes  Compression=   1.00     *
*............................................................................*
*Br    3 :right     : right[numHits]/F                                       *
*Entries :        0 : Total  Size=        584 bytes  One basket in memory    *
*Baskets :        0 : Basket Size=      32000 bytes  Compression=   1.00     *
*............................................................................*
*Br    4 :up        : up[numHits]/F                                          *
*Entries :        0 : Total  Size=        572 bytes  One basket in memory    *
*Baskets :        0 : Basket Size=      32000 bytes  Compression=   1.00     *
*............................................................................*
*Br    5 :down      : down[numHits]/F                                        *
*Entries :        0 : Total  Size=        580 bytes  One basket in memory    *
*Baskets :        0 : Basket Size=      32000 bytes  Compression=   1.00     *
*............................................................................*
*Br    6 :e1        : e1[numHits]/F                                          *
*Entries :        0 : Total  Size=        572 bytes  One basket in memory    *
*Baskets :        0 : Basket Size=      32000 bytes  Compression=   1.00     *
*............................................................................*
*Br    7 :e2        : e2[numHits]/F                                          *
*Entries :        0 : Total  Size=        572 bytes  One basket in memory    *
*Baskets :        0 : Basket Size=      32000 bytes  Compression=   1.00     *
*............................................................................*
*Br    8 :e3        : e3[numHits]/F                                          *
*Entries :        0 : Total  Size=        572 bytes  One basket in memory    *
*Baskets :        0 : Basket Size=      32000 bytes  Compression=   1.00     *
*............................................................................*
*Br    9 :tac       : tac[numHits]/F                                         *
*Entries :        0 : Total  Size=        576 bytes  One basket in memory    *
*Baskets :        0 : Basket Size=      32000 bytes  Compression=   1.00     *
*............................................................................*
*Br   10 :fmaDeltaTime : fmaDeltaTime[numHits]/F                             *
*Entries :        0 : Total  Size=        612 bytes  One basket in memory    *
*Baskets :        0 : Basket Size=      32000 bytes  Compression=   1.00     *
*............................................................................*
*Br   11 :fmaMult   : fmaMult[10]/I                                          *
*Entries :        0 : Total  Size=        501 bytes  One basket in memory    *
*Baskets :        0 : Basket Size=      32000 bytes  Compression=   1.00     *
*............................................................................*
*Br   12 :gammaMult : gammaMult/I                                            *
*Entries :        0 : Total  Size=        501 bytes  One basket in memory    *
*Baskets :        0 : Basket Size=      32000 bytes  Compression=   1.00     *
*............................................................................*
*Br   13 :gammaEnergy : gammaEnergy[gammaMult]/F                             *
*Entries :        0 : Total  Size=        616 bytes  One basket in memory    *
*Baskets :        0 : Basket Size=      32000 bytes  Compression=   1.00     *
*............................................................................*
*Br   14 :gammaTimestamp : gammaTimestamp[gammaMult]/F                       *
*Entries :        0 : Total  Size=        628 bytes  One basket in memory    *
*Baskets :        0 : Basket Size=      32000 bytes  Compression=   1.00     *
*............................................................................*
*Br   15 :deltaTime : deltaTime[gammaMult]/F                                 *
*Entries :        0 : Total  Size=        608 bytes  One basket in memory    *
*Baskets :        0 : Basket Size=      32000 bytes  Compression=   1.00     *
*............................................................................*
 TH1.Print Name  = eCC_a, Entries= 0, Total sum= 0
 TH1.Print Name  = eCC_b, Entries= 0, Total sum= 0
 TH1.Print Name  = eCC_c, Entries= 0, Total sum= 0
 TH1.Print Name  = eCC_d, Entries= 0, Total sum= 0
 TH1.Print Name  = eSeg, Entries= 0, Total sum= 0
 TH1.Print Name  = mode3_hitpat, Entries= 0, Total sum= 0
 TH1.Print Name  = mode3_hitpat_chan, Entries= 0, Total sum= 0
 TH1.Print Name  = chan0, Entries= 0, Total sum= 0
 TH1.Print Name  = module, Entries= 0, Total sum= 0
 TH1.Print Name  = chan, Entries= 0, Total sum= 0
 TH1.Print Name  = l, Entries= 0, Total sum= 0
 TH1.Print Name  = r, Entries= 0, Total sum= 0
 TH1.Print Name  = up, Entries= 0, Total sum= 0
 TH1.Print Name  = down, Entries= 0, Total sum= 0
 TH1.Print Name  = sumlr, Entries= 0, Total sum= 0
 TH1.Print Name  = sumud, Entries= 0, Total sum= 0
 TH1.Print Name  = x, Entries= 0, Total sum= 0
 TH1.Print Name  = y, Entries= 0, Total sum= 0
 TH1.Print Name  = de1, Entries= 0, Total sum= 0
 TH1.Print Name  = de2, Entries= 0, Total sum= 0
 TH1.Print Name  = de3, Entries= 0, Total sum= 0
 TH1.Print Name  = de12, Entries= 0, Total sum= 0
 TH1.Print Name  = etot, Entries= 0, Total sum= 0
 TH1.Print Name  = rftof, Entries= 0, Total sum= 0
 TH1.Print Name  = lr, Entries= 0, Total sum= 0
 TH1.Print Name  = ud, Entries= 0, Total sum= 0
 TH1.Print Name  = ede1, Entries= 0, Total sum= 0
 TH1.Print Name  = ede1g, Entries= 0, Total sum= 0
 TH1.Print Name  = ede2, Entries= 0, Total sum= 0
 TH1.Print Name  = ede12, Entries= 0, Total sum= 0
 TH1.Print Name  = xde1, Entries= 0, Total sum= 0
 TH1.Print Name  = erftof, Entries= 0, Total sum= 0
 TH1.Print Name  = erftofg, Entries= 0, Total sum= 0
 TH1.Print Name  = sumehi, Entries= 0, Total sum= 0
 TH1.Print Name  = tgppac, Entries= 0, Total sum= 0
 TH1.Print Name  = tgppacg, Entries= 0, Total sum= 0
 TH1.Print Name  = xehi1, Entries= 0, Total sum= 0
 TH1.Print Name  = xehi1g, Entries= 0, Total sum= 0
 TH1.Print Name  = de1ehi, Entries= 0, Total sum= 0
 TH1.Print Name  = de1ehig, Entries= 0, Total sum= 0
 TH1.Print Name  = ng, Entries= 0, Total sum= 0
 TH1.Print Name  = ehiz1, Entries= 0, Total sum= 0
 TH1.Print Name  = ehiz2, Entries= 0, Total sum= 0
 TH1.Print Name  = ehiz3, Entries= 0, Total sum= 0
 TH1.Print Name  = ehiz4, Entries= 0, Total sum= 0
 TH1.Print Name  = ehiz5, Entries= 0, Total sum= 0
 TH1.Print Name  = gg_dt, Entries= 0, Total sum= 0
 TH1.Print Name  = gg, Entries= 0, Total sum= 0
 TH1.Print Name  = gg_z1, Entries= 0, Total sum= 0
 TH1.Print Name  = gg_z2, Entries= 0, Total sum= 0
 TH1.Print Name  = gg_z3, Entries= 0, Total sum= 0
 TH1.Print Name  = gg_z4, Entries= 0, Total sum= 0
 TH1.Print Name  = gg_z5, Entries= 0, Total sum= 0
GRETINA detector angles
mod  1, crystal 0 [  4]: ( 10.07   3.58  15.10) pol   35.30 ,  azi   13.35; pol   35.30 ,  azi   19.58; modCCdopfac[4] 1.0271
mod  1, crystal 1 [  5]: ( 10.11   9.19  12.47) pol   47.60 ,  azi   36.39; pol   47.60 ,  azi   42.30; modCCdopfac[5] 1.0222
mod  1, crystal 2 [  6]: (  5.44   7.69  15.92) pol   30.60 ,  azi   25.77; pol   30.60 ,  azi   54.72; modCCdopfac[6] 1.0287
mod  1, crystal 3 [  7]: (  4.99   1.78  17.72) pol   16.65 ,  azi    5.72; pol   16.65 ,  azi   19.58; modCCdopfac[7] 1.0321
mod  2, crystal 0 [  8]: ( -0.29  10.69  15.10) pol   35.30 ,  azi   35.29; pol   35.30 ,  azi   91.58; modCCdopfac[8] 1.0271
mod  2, crystal 1 [  9]: ( -5.62  12.45  12.47) pol   47.60 ,  azi   44.95; pol   47.60 ,  azi  114.30; modCCdopfac[9] 1.0222
mod  2, crystal 2 [ 10]: ( -5.63   7.55  15.92) pol   30.60 ,  azi   25.36; pol   30.60 ,  azi  126.72; modCCdopfac[10] 1.0287
mod  2, crystal 3 [ 11]: ( -0.15   5.30  17.72) pol   16.65 ,  azi   16.64; pol   16.65 ,  azi   91.58; modCCdopfac[11] 1.0321
mod  3, crystal 0 [ 12]: (-10.25   3.02  15.10) pol   35.30 ,  azi   11.32; pol   35.30 ,  azi  163.58; modCCdopfac[12] 1.0271
mod  3, crystal 1 [ 13]: (-13.58  -1.50  12.47) pol   47.60 ,  azi   -6.85; pol   47.60 ,  azi -173.70; modCCdopfac[13] 1.0222
mod  3, crystal 2 [ 14]: ( -8.92  -3.02  15.92) pol   30.60 ,  azi  -10.75; pol   30.60 ,  azi -161.28; modCCdopfac[14] 1.0287
mod  3, crystal 3 [ 15]: ( -5.08   1.50  17.72) pol   16.65 ,  azi    4.83; pol   16.65 ,  azi  163.58; modCCdopfac[15] 1.0321
mod  4, crystal 0 [ 16]: ( -6.04  -8.82  15.10) pol   35.30 ,  azi  -30.29; pol   35.30 ,  azi -124.42; modCCdopfac[16] 1.0271
mod  4, crystal 1 [ 17]: ( -2.77 -13.38  12.47) pol   47.60 ,  azi  -47.00; pol   47.60 ,  azi -101.70; modCCdopfac[17] 1.0222
mod  4, crystal 2 [ 18]: (  0.12  -9.42  15.92) pol   30.60 ,  azi  -30.60; pol   30.60 ,  azi  -89.28; modCCdopfac[18] 1.0287
mod  4, crystal 3 [ 19]: ( -3.00  -4.37  17.72) pol   16.65 ,  azi  -13.86; pol   16.65 ,  azi -124.42; modCCdopfac[19] 1.0321
mod  5, crystal 0 [ 20]: (  6.52  -8.47  15.10) pol   35.30 ,  azi  -29.30; pol   35.30 ,  azi  -52.42; modCCdopfac[20] 1.0271
mod  5, crystal 1 [ 21]: ( 11.87  -6.77  12.47) pol   47.60 ,  azi  -28.49; pol   47.60 ,  azi  -29.70; modCCdopfac[21] 1.0222
mod  5, crystal 2 [ 22]: (  8.99  -2.80  15.92) pol   30.60 ,  azi   -9.96; pol   30.60 ,  azi  -17.28; modCCdopfac[22] 1.0287
mod  5, crystal 3 [ 23]: (  3.23  -4.20  17.72) pol   16.65 ,  azi  -13.33; pol   16.65 ,  azi  -52.42; modCCdopfac[23] 1.0321
mod  6, crystal 0 [ 24]: (  4.54  16.51   7.02) pol   67.71 ,  azi   66.97; pol   67.71 ,  azi   74.63; modCCdopfac[24] 1.0121
mod  6, crystal 1 [ 25]: ( -0.33  15.15  10.61) pol   55.02 ,  azi   55.01; pol   55.02 ,  azi   91.23; modCCdopfac[25] 1.0187
mod  6, crystal 2 [ 26]: (  5.05  13.00  12.16) pol   48.92 ,  azi   46.92; pol   48.92 ,  azi   68.77; modCCdopfac[26] 1.0216
mod  6, crystal 3 [ 27]: (  9.66  13.57   8.06) pol   64.18 ,  azi   59.29; pol   64.18 ,  azi   54.55; modCCdopfac[27] 1.0140
mod  7, crystal 0 [ 28]: (-14.30   9.42   7.02) pol   67.71 ,  azi   53.31; pol   67.71 ,  azi  146.63; modCCdopfac[28] 1.0121
mod  7, crystal 1 [ 29]: (-14.51   4.37  10.61) pol   55.02 ,  azi   22.40; pol   55.02 ,  azi  163.23; modCCdopfac[29] 1.0187
mod  7, crystal 2 [ 30]: (-10.80   8.82  12.16) pol   48.92 ,  azi   35.96; pol   48.92 ,  azi  140.77; modCCdopfac[30] 1.0216
mod  7, crystal 3 [ 31]: ( -9.92  13.38   8.06) pol   64.18 ,  azi   58.94; pol   64.18 ,  azi  126.55; modCCdopfac[31] 1.0140
mod  8, crystal 0 [ 32]: (-13.37 -10.69   7.02) pol   67.71 ,  azi  -56.71; pol   67.71 ,  azi -141.37; modCCdopfac[32] 1.0121
mod  8, crystal 1 [ 33]: ( -8.64 -12.45  10.61) pol   55.02 ,  azi  -49.58; pol   55.02 ,  azi -124.77; modCCdopfac[33] 1.0187
mod  8, crystal 2 [ 34]: (-11.73  -7.55  12.16) pol   48.92 ,  azi  -31.84; pol   48.92 ,  azi -147.23; modCCdopfac[34] 1.0216
mod  8, crystal 3 [ 35]: (-15.79  -5.30   8.06) pol   64.18 ,  azi  -33.33; pol   64.18 ,  azi -161.45; modCCdopfac[35] 1.0140
mod  9, crystal 0 [ 36]: (  6.03 -16.02   7.02) pol   67.71 ,  azi  -66.35; pol   67.71 ,  azi  -69.37; modCCdopfac[36] 1.0121
mod  9, crystal 1 [ 37]: (  9.17 -12.07  10.61) pol   55.02 ,  azi  -48.69; pol   55.02 ,  azi  -52.77; modCCdopfac[37] 1.0187
mod  9, crystal 2 [ 38]: (  3.56 -13.48  12.16) pol   48.92 ,  azi  -47.96; pol   48.92 ,  azi  -75.23; modCCdopfac[38] 1.0216
mod  9, crystal 3 [ 39]: (  0.16 -16.65   8.06) pol   64.18 ,  azi  -64.18; pol   64.18 ,  azi  -89.45; modCCdopfac[39] 1.0140
mod 10, crystal 0 [ 40]: ( 17.10   0.79   7.02) pol   67.71 ,  azi    6.39; pol   67.71 ,  azi    2.63; modCCdopfac[40] 1.0121
mod 10, crystal 1 [ 41]: ( 14.31   4.99  10.61) pol   55.02 ,  azi   25.21; pol   55.02 ,  azi   19.23; modCCdopfac[41] 1.0187
mod 10, crystal 2 [ 42]: ( 13.92  -0.79  12.16) pol   48.92 ,  azi   -3.70; pol   48.92 ,  azi   -3.23; modCCdopfac[42] 1.0216
mod 10, crystal 3 [ 43]: ( 15.89  -4.99   8.06) pol   64.18 ,  azi  -31.79; pol   64.18 ,  azi  -17.45; modCCdopfac[43] 1.0140
mod 11, crystal 0 [ 44]: ( 18.26   2.80   0.92) pol   87.15 ,  azi   71.78; pol   87.15 ,  azi    8.71; modCCdopfac[44] 1.0011
mod 11, crystal 1 [ 45]: ( 17.30   4.20  -5.04) pol  105.79 ,  azi  140.16; pol  105.79 ,  azi   13.65; modCCdopfac[45] 0.9906
mod 11, crystal 2 [ 46]: ( 16.42   8.47  -0.92) pol   92.85 ,  azi   96.20; pol   92.85 ,  azi   27.29; modCCdopfac[46] 0.9978
mod 11, crystal 3 [ 47]: ( 16.46   6.77   5.04) pol   74.21 ,  azi   53.36; pol   74.21 ,  azi   22.35; modCCdopfac[47] 1.0085
mod 12, crystal 0 [ 48]: ( 12.46  13.48  -2.26) pol   97.01 ,  azi   99.50; pol   97.01 ,  azi   47.25; modCCdopfac[48] 0.9954
mod 12, crystal 1 [ 49]: (  7.28  16.65  -3.46) pol  100.78 ,  azi  101.74; pol  100.78 ,  azi   66.39; modCCdopfac[49] 0.9933
mod 12, crystal 2 [ 50]: (  8.97  16.02   2.26) pol   82.99 ,  azi   81.98; pol   82.99 ,  azi   60.75; modCCdopfac[50] 1.0035
mod 12, crystal 3 [ 51]: ( 13.59  12.07   3.46) pol   79.22 ,  azi   74.00; pol   79.22 ,  azi   41.61; modCCdopfac[51] 1.0057
mod 13, crystal 0 [ 52]: (  2.98  18.23   0.92) pol   87.15 ,  azi   87.11; pol   87.15 ,  azi   80.71; modCCdopfac[52] 1.0011
mod 13, crystal 1 [ 53]: (  1.35  17.75  -5.04) pol  105.79 ,  azi  105.84; pol  105.79 ,  azi   85.65; modCCdopfac[53] 0.9906
mod 13, crystal 2 [ 54]: ( -2.98  18.23  -0.92) pol   92.85 ,  azi   92.89; pol   92.85 ,  azi   99.29; modCCdopfac[54] 0.9978
mod 13, crystal 3 [ 55]: ( -1.35  17.75   5.04) pol   74.21 ,  azi   74.16; pol   74.21 ,  azi   94.35; modCCdopfac[55] 1.0085
mod 14, crystal 0 [ 56]: ( -8.97  16.02  -2.26) pol   97.01 ,  azi   98.02; pol   97.01 ,  azi  119.25; modCCdopfac[56] 0.9954
mod 14, crystal 1 [ 57]: (-13.59  12.07  -3.46) pol  100.78 ,  azi  106.00; pol  100.78 ,  azi  138.39; modCCdopfac[57] 0.9933
mod 14, crystal 2 [ 58]: (-12.46  13.48   2.26) pol   82.99 ,  azi   80.50; pol   82.99 ,  azi  132.75; modCCdopfac[58] 1.0035
mod 14, crystal 3 [ 59]: ( -7.28  16.65   3.46) pol   79.22 ,  azi   78.26; pol   79.22 ,  azi  113.61; modCCdopfac[59] 1.0057
mod 15, crystal 0 [ 60]: (-16.42   8.47   0.92) pol   87.15 ,  azi   83.80; pol   87.15 ,  azi  152.71; modCCdopfac[60] 1.0011
mod 15, crystal 1 [ 61]: (-16.46   6.77  -5.04) pol  105.79 ,  azi  126.64; pol  105.79 ,  azi  157.65; modCCdopfac[61] 0.9906
mod 15, crystal 2 [ 62]: (-18.26   2.80  -0.92) pol   92.85 ,  azi  108.22; pol   92.85 ,  azi  171.29; modCCdopfac[62] 0.9978
mod 15, crystal 3 [ 63]: (-17.30   4.20   5.04) pol   74.21 ,  azi   39.84; pol   74.21 ,  azi  166.35; modCCdopfac[63] 1.0085
mod 16, crystal 0 [ 64]: (-18.01  -3.58  -2.26) pol   97.01 ,  azi -122.21; pol   97.01 ,  azi -168.75; modCCdopfac[64] 0.9954
mod 16, crystal 1 [ 65]: (-15.68  -9.19  -3.46) pol  100.78 ,  azi -110.62; pol  100.78 ,  azi -149.61; modCCdopfac[65] 0.9933
mod 16, crystal 2 [ 66]: (-16.68  -7.69   2.26) pol   82.99 ,  azi  -73.64; pol   82.99 ,  azi -155.25; modCCdopfac[66] 1.0035
mod 16, crystal 3 [ 67]: (-18.09  -1.78   3.46) pol   79.22 ,  azi  -27.18; pol   79.22 ,  azi -174.39; modCCdopfac[67] 1.0057
mod 17, crystal 0 [ 68]: (-13.13 -13.00   0.92) pol   87.15 ,  azi  -85.95; pol   87.15 ,  azi -135.29; modCCdopfac[68] 1.0011
mod 17, crystal 1 [ 69]: (-11.53 -13.57  -5.04) pol  105.79 ,  azi -110.36; pol  105.79 ,  azi -130.35; modCCdopfac[69] 0.9906
mod 17, crystal 2 [ 70]: ( -8.30 -16.51  -0.92) pol   92.85 ,  azi  -93.19; pol   92.85 ,  azi -116.71; modCCdopfac[70] 0.9978
mod 17, crystal 3 [ 71]: ( -9.34 -15.15   5.04) pol   74.21 ,  azi  -71.62; pol   74.21 ,  azi -121.65; modCCdopfac[71] 1.0085
mod 18, crystal 0 [ 72]: ( -2.16 -18.23  -2.26) pol   97.01 ,  azi  -97.05; pol   97.01 ,  azi  -96.75; modCCdopfac[72] 0.9954
mod 18, crystal 1 [ 73]: (  3.90 -17.75  -3.46) pol  100.78 ,  azi -101.03; pol  100.78 ,  azi  -77.61; modCCdopfac[73] 0.9933
mod 18, crystal 2 [ 74]: (  2.16 -18.23   2.26) pol   82.99 ,  azi  -82.95; pol   82.99 ,  azi  -83.25; modCCdopfac[74] 1.0035
mod 18, crystal 3 [ 75]: ( -3.90 -17.75   3.46) pol   79.22 ,  azi  -78.97; pol   79.22 ,  azi -102.39; modCCdopfac[75] 1.0057
mod 19, crystal 0 [ 76]: (  8.30 -16.51   0.92) pol   87.15 ,  azi  -86.81; pol   87.15 ,  azi  -63.29; modCCdopfac[76] 1.0011
mod 19, crystal 1 [ 77]: (  9.34 -15.15  -5.04) pol  105.79 ,  azi -108.38; pol  105.79 ,  azi  -58.35; modCCdopfac[77] 0.9906
mod 19, crystal 2 [ 78]: ( 13.13 -13.00  -0.92) pol   92.85 ,  azi  -94.05; pol   92.85 ,  azi  -44.71; modCCdopfac[78] 0.9978
mod 19, crystal 3 [ 79]: ( 11.53 -13.57   5.04) pol   74.21 ,  azi  -69.64; pol   74.21 ,  azi  -49.65; modCCdopfac[79] 1.0085
mod 20, crystal 0 [ 80]: ( 16.68  -7.69  -2.26) pol   97.01 ,  azi -106.36; pol   97.01 ,  azi  -24.75; modCCdopfac[80] 0.9954
mod 20, crystal 1 [ 81]: ( 18.09  -1.78  -3.46) pol  100.78 ,  azi -152.82; pol  100.78 ,  azi   -5.61; modCCdopfac[81] 0.9933
mod 20, crystal 2 [ 82]: ( 18.01  -3.58   2.26) pol   82.99 ,  azi  -57.79; pol   82.99 ,  azi  -11.25; modCCdopfac[82] 1.0035
mod 20, crystal 3 [ 83]: ( 15.68  -9.19   3.46) pol   79.22 ,  azi  -69.38; pol   79.22 ,  azi  -30.39; modCCdopfac[83] 1.0057
mod 21, crystal 0 [ 84]: ( 14.30   9.42  -7.02) pol  112.29 ,  azi  126.69; pol  112.29 ,  azi   33.37; modCCdopfac[84] 0.9871
mod 21, crystal 1 [ 85]: ( 14.51   4.37 -10.61) pol  124.98 ,  azi  157.60; pol  124.98 ,  azi   16.77; modCCdopfac[85] 0.9809
mod 21, crystal 2 [ 86]: ( 10.80   8.82 -12.16) pol  131.08 ,  azi  144.04; pol  131.08 ,  azi   39.23; modCCdopfac[86] 0.9782
mod 21, crystal 3 [ 87]: (  9.92  13.38  -8.06) pol  115.82 ,  azi  121.06; pol  115.82 ,  azi   53.45; modCCdopfac[87] 0.9853
mod 22, crystal 0 [ 88]: ( -4.54  16.51  -7.02) pol  112.29 ,  azi  113.03; pol  112.29 ,  azi  105.37; modCCdopfac[88] 0.9871
mod 22, crystal 1 [ 89]: (  0.33  15.15 -10.61) pol  124.98 ,  azi  124.99; pol  124.98 ,  azi   88.77; modCCdopfac[89] 0.9809
mod 22, crystal 2 [ 90]: ( -5.05  13.00 -12.16) pol  131.08 ,  azi  133.08; pol  131.08 ,  azi  111.23; modCCdopfac[90] 0.9782
mod 22, crystal 3 [ 91]: ( -9.66  13.57  -8.06) pol  115.82 ,  azi  120.71; pol  115.82 ,  azi  125.45; modCCdopfac[91] 0.9853
mod 23, crystal 0 [ 92]: (-17.10   0.79  -7.02) pol  112.29 ,  azi  173.61; pol  112.29 ,  azi  177.37; modCCdopfac[92] 0.9871
mod 23, crystal 1 [ 93]: (-14.31   4.99 -10.61) pol  124.98 ,  azi  154.79; pol  124.98 ,  azi  160.77; modCCdopfac[93] 0.9809
mod 23, crystal 2 [ 94]: (-13.92  -0.79 -12.16) pol  131.08 ,  azi -176.30; pol  131.08 ,  azi -176.77; modCCdopfac[94] 0.9782
mod 23, crystal 3 [ 95]: (-15.89  -4.99  -8.06) pol  115.82 ,  azi -148.21; pol  115.82 ,  azi -162.55; modCCdopfac[95] 0.9853
mod 24, crystal 0 [ 96]: ( -6.03 -16.02  -7.02) pol  112.29 ,  azi -113.65; pol  112.29 ,  azi -110.63; modCCdopfac[96] 0.9871
mod 24, crystal 1 [ 97]: ( -9.17 -12.07 -10.61) pol  124.98 ,  azi -131.31; pol  124.98 ,  azi -127.23; modCCdopfac[97] 0.9809
mod 24, crystal 2 [ 98]: ( -3.56 -13.48 -12.16) pol  131.08 ,  azi -132.04; pol  131.08 ,  azi -104.77; modCCdopfac[98] 0.9782
mod 24, crystal 3 [ 99]: ( -0.16 -16.65  -8.06) pol  115.82 ,  azi -115.82; pol  115.82 ,  azi  -90.55; modCCdopfac[99] 0.9853
mod 25, crystal 0 [100]: ( 13.37 -10.69  -7.02) pol  112.29 ,  azi -123.29; pol  112.29 ,  azi  -38.63; modCCdopfac[100] 0.9871
mod 25, crystal 1 [101]: (  8.64 -12.45 -10.61) pol  124.98 ,  azi -130.42; pol  124.98 ,  azi  -55.23; modCCdopfac[101] 0.9809
mod 25, crystal 2 [102]: ( 11.73  -7.55 -12.16) pol  131.08 ,  azi -148.16; pol  131.08 ,  azi  -32.77; modCCdopfac[102] 0.9782
mod 25, crystal 3 [103]: ( 15.79  -5.30  -8.06) pol  115.82 ,  azi -146.67; pol  115.82 ,  azi  -18.55; modCCdopfac[103] 0.9853
mod 26, crystal 0 [104]: (  0.29  10.69 -15.10) pol  144.70 ,  azi  144.71; pol  144.70 ,  azi   88.42; modCCdopfac[104] 0.9732
mod 26, crystal 1 [105]: (  5.62  12.45 -12.47) pol  132.40 ,  azi  135.05; pol  132.40 ,  azi   65.70; modCCdopfac[105] 0.9777
mod 26, crystal 2 [106]: (  5.63   7.55 -15.92) pol  149.40 ,  azi  154.64; pol  149.40 ,  azi   53.28; modCCdopfac[106] 0.9718
mod 26, crystal 3 [107]: (  0.15   5.30 -17.72) pol  163.35 ,  azi  163.36; pol  163.35 ,  azi   88.42; modCCdopfac[107] 0.9688
mod 27, crystal 0 [108]: (-10.07   3.58 -15.10) pol  144.70 ,  azi  166.65; pol  144.70 ,  azi  160.42; modCCdopfac[108] 0.9732
mod 27, crystal 1 [109]: (-10.11   9.19 -12.47) pol  132.40 ,  azi  143.61; pol  132.40 ,  azi  137.70; modCCdopfac[109] 0.9777
mod 27, crystal 2 [110]: ( -5.44   7.69 -15.92) pol  149.40 ,  azi  154.23; pol  149.40 ,  azi  125.28; modCCdopfac[110] 0.9718
mod 27, crystal 3 [111]: ( -4.99   1.78 -17.72) pol  163.35 ,  azi  174.28; pol  163.35 ,  azi  160.42; modCCdopfac[111] 0.9688
mod 28, crystal 0 [112]: ( -6.52  -8.47 -15.10) pol  144.70 ,  azi -150.70; pol  144.70 ,  azi -127.58; modCCdopfac[112] 0.9732
mod 28, crystal 1 [113]: (-11.87  -6.77 -12.47) pol  132.40 ,  azi -151.51; pol  132.40 ,  azi -150.30; modCCdopfac[113] 0.9777
mod 28, crystal 2 [114]: ( -8.99  -2.80 -15.92) pol  149.40 ,  azi -170.04; pol  149.40 ,  azi -162.72; modCCdopfac[114] 0.9718
mod 28, crystal 3 [115]: ( -3.23  -4.20 -17.72) pol  163.35 ,  azi -166.67; pol  163.35 ,  azi -127.58; modCCdopfac[115] 0.9688
mod 29, crystal 0 [116]: (  6.04  -8.82 -15.10) pol  144.70 ,  azi -149.71; pol  144.70 ,  azi  -55.58; modCCdopfac[116] 0.9732
mod 29, crystal 1 [117]: (  2.77 -13.38 -12.47) pol  132.40 ,  azi -133.00; pol  132.40 ,  azi  -78.30; modCCdopfac[117] 0.9777
mod 29, crystal 2 [118]: ( -0.12  -9.42 -15.92) pol  149.40 ,  azi -149.40; pol  149.40 ,  azi  -90.72; modCCdopfac[118] 0.9718
mod 29, crystal 3 [119]: (  3.00  -4.37 -17.72) pol  163.35 ,  azi -166.14; pol  163.35 ,  azi  -55.58; modCCdopfac[119] 0.9688
mod 30, crystal 0 [120]: ( 10.25   3.02 -15.10) pol  144.70 ,  azi  168.68; pol  144.70 ,  azi   16.42; modCCdopfac[120] 0.9732
mod 30, crystal 1 [121]: ( 13.58  -1.50 -12.47) pol  132.40 ,  azi -173.15; pol  132.40 ,  azi   -6.30; modCCdopfac[121] 0.9777
mod 30, crystal 2 [122]: (  8.92  -3.02 -15.92) pol  149.40 ,  azi -169.25; pol  149.40 ,  azi  -18.72; modCCdopfac[122] 0.9718
mod 30, crystal 3 [123]: (  5.08   1.50 -17.72) pol  163.35 ,  azi  175.17; pol  163.35 ,  azi   16.42; modCCdopfac[123] 0.9688
setup signal catcher
started sorting... from disk...

Pars.maxTS=4611686018427387904
got initial header, TS=1308257516461 ID: 1 length: 464
read initial payload of siz=464 into event position 1
__ptgd[0]->type= 0; ptgd[0]->length=   0; ptgd[0]->timestamp=0
initial ii=1, nn=1
ev#     0 GEB_TYPE_DECOMP        464Bytes TS=1308257598141 curTS=1308257516461 dTS= 81680
t0=1308257516461
first event: GEB_event.mult=1
   0/ 0: ( 1,GEB_TYPE_DECOMP      ) TS=       1308257516461; dT=0
maxTS=9948257516461
that is 86400.0 seconds or 24h0m0s minutes of sorting
GEBGetEv returned st=0
we have read 960 bytes; CurEvNo=1

+++++++++++++++++++++++++++++++
*start event # 1 with multiplicity 1 looks like this:
 0>  1, GEB_TYPE_DECOMP      , TS=1308257516461
entered bin_mode2: 1/10
ptinp->pad= 6, (ptinp->pad&0x000000ff)= 6
updated CCadd with    0.00
total number of hits in array: 0
exit bin_mode2
entered bin_mode3 @ event number: 1 
exit bin_mode3
*end of event # 1
+++++++++++++++++++++++++++++++
ev#     1 GEB_TYPE_DECOMP        464Bytes TS=1308257657983 curTS=1308257598141 dTS= 59842
GEBGetEv returned st=0
we have read 1440 bytes; CurEvNo=2

+++++++++++++++++++++++++++++++
*start event # 2 with multiplicity 1 looks like this:
 0>  1, GEB_TYPE_DECOMP      , TS=1308257598141
entered bin_mode2: 2/10
ptinp->pad= 0, (ptinp->pad&0x000000ff)= 0
good pad value
mode2 data:  0>  1, GEB_TYPE_DECOMP      , TS=1308257598141
number of hits: 2
* 0/1, is GEB_TYPE_DECOMP: num=2
__detno: 99, module: 24, crystalNumber: 3
CCenergies[0]= 226.14
* 0:    5.92, -29.79,   8.41 --> GT:   -1.98, -18.46,  -6.22
* 1:   16.18, -20.56,   1.41 --> GT:   -2.51, -17.27,  -7.06
updated CCadd with  226.14
total number of hits in array: 2
exit bin_mode2
entered bin_mode3 @ event number: 2 
exit bin_mode3
*end of event # 2
+++++++++++++++++++++++++++++++
ev#     2 GEB_TYPE_DECOMP        464Bytes TS=1308257670163 curTS=1308257657983 dTS= 12180
GEBGetEv returned st=0
we have read 1920 bytes; CurEvNo=3

+++++++++++++++++++++++++++++++
*start event # 3 with multiplicity 1 looks like this:
 0>  1, GEB_TYPE_DECOMP      , TS=1308257657983
entered bin_mode2: 3/10
ptinp->pad= 6, (ptinp->pad&0x000000ff)= 6
updated CCadd with    0.00
total number of hits in array: 0
exit bin_mode2
entered bin_mode3 @ event number: 3 
exit bin_mode3
*end of event # 3
+++++++++++++++++++++++++++++++
ev#     3 GEB_TYPE_DECOMP        464Bytes TS=1308257670661 curTS=1308257670163 dTS= 498
GEBGetEv returned st=0
we have read 2400 bytes; CurEvNo=4

+++++++++++++++++++++++++++++++
*start event # 4 with multiplicity 1 looks like this:
 0>  1, GEB_TYPE_DECOMP      , TS=1308257670163
entered bin_mode2: 4/10
ptinp->pad= 6, (ptinp->pad&0x000000ff)= 6
updated CCadd with    0.00
total number of hits in array: 0
exit bin_mode2
entered bin_mode3 @ event number: 4 
exit bin_mode3
*end of event # 4
+++++++++++++++++++++++++++++++
ev#     4 GEB_TYPE_DECOMP        464Bytes TS=1308257670661 curTS=1308257670661 dTS= 0
ev#     4 GEB_TYPE_DECOMP        464Bytes TS=1308257737871 curTS=1308257670661 dTS= 67210
GEBGetEv returned st=0
we have read 3360 bytes; CurEvNo=5

+++++++++++++++++++++++++++++++
*start event # 5 with multiplicity 2 looks like this:
 0>  1, GEB_TYPE_DECOMP      , TS=1308257670661
 1>  1, GEB_TYPE_DECOMP      , TS=1308257670661
entered bin_mode2: 5/10
ptinp->pad= 6, (ptinp->pad&0x000000ff)= 6
ptinp->pad= 0, (ptinp->pad&0x000000ff)= 0
good pad value
mode2 data:  1>  1, GEB_TYPE_DECOMP      , TS=1308257670661
number of hits: 3
* 1/2, is GEB_TYPE_DECOMP: num=3
__detno: 58, module: 14, crystalNumber: 2
CCenergies[0]=1953.69
* 0:   27.03,  -1.03,   9.80 --> GT:  -11.84,  15.69,   0.52
* 1:   14.78,  -2.63,   8.86 --> GT:  -12.24,  15.04,   1.49
* 2:   -1.84,  -3.85,   8.80 --> GT:  -12.91,  14.19,   2.76
updated CCadd with 1953.69
total number of hits in array: 3
exit bin_mode2
entered bin_mode3 @ event number: 5 
exit bin_mode3
*end of event # 5
+++++++++++++++++++++++++++++++
ev#     5 GEB_TYPE_GT_MOD29      176Bytes TS=1308257852445 curTS=1308257737871 dTS= 114574
GEBGetEv returned st=0
we have read 3552 bytes; CurEvNo=6

+++++++++++++++++++++++++++++++
*start event # 6 with multiplicity 1 looks like this:
 0>  1, GEB_TYPE_DECOMP      , TS=1308257737871
entered bin_mode2: 6/10
ptinp->pad= 0, (ptinp->pad&0x000000ff)= 0
good pad value
mode2 data:  0>  1, GEB_TYPE_DECOMP      , TS=1308257737871
number of hits: 3
* 0/1, is GEB_TYPE_DECOMP: num=3
__detno: 62, module: 15, crystalNumber: 2
CCenergies[0]=2036.25
* 0:   21.24, -23.85,  28.04 --> GT:  -20.97,   4.57,   1.84
* 1:   24.02, -12.88,  31.84 --> GT:  -21.21,   5.19,   0.85
* 2:   20.14,  -0.73,  38.93 --> GT:  -21.85,   5.27,  -0.46
updated CCadd with 2036.25
total number of hits in array: 3
exit bin_mode2
entered bin_mode3 @ event number: 6 
exit bin_mode3
*end of event # 6
+++++++++++++++++++++++++++++++
ev#     6 GEB_TYPE_GT_MOD29      176Bytes TS=1308257853843 curTS=1308257852445 dTS= 1398
GEBGetEv returned st=0
we have read 3744 bytes; CurEvNo=7

+++++++++++++++++++++++++++++++
*start event # 7 with multiplicity 1 looks like this:
 0>  8, GEB_TYPE_GT_MOD29    , TS=1308257852445
entered bin_mode2: 7/10
updated CCadd with    0.00
total number of hits in array: 0
exit bin_mode2
entered bin_mode3 @ event number: 7 

bin_mode3:  0>  8, GEB_TYPE_GT_MOD29    , TS=1308257852445, 0x1309a3e9c1d; payload length: 176 bytes

---------
new GTheader at pos=0 or 0 words (8):
Event.hdr[ 0]=0x1f35,   7989
Event.hdr[ 1]=0x300a,  12298
Event.hdr[ 2]=0x9c1d,  39965
Event.hdr[ 3]=0x9a3e,  39486
Event.hdr[ 4]=0x0130,    304
Event.hdr[ 5]=0x322e,  12846
Event.hdr[ 6]=0x4e08,  19976
Event.hdr[ 7]=0x0000,      0
Event.hdr[ 8]=0x02dd,    733
Event.hdr[ 9]=0x3073,  12403
Event.hdr[10]=0xe808,  59400
Event.hdr[11]=0x0000,      0
Event.hdr[12]=0xfcf4,  64756
Event.hdr[13]=0x07ff,   2047
Event.len=  44, Event.traceLen=  12 (in Bytes)
Event.len=  22, Event.traceLen=   6 (in 16 bit words)
Event.len=  11, Event.traceLen=   3 (in 32 bit words)
next start: 0xaaaaaaaa, pos= 44
0x1f35 module_id = 31 crystal_id = 0 digitizer_id = 3 chan_id = 5 ge_id = 124 channel = 35  -> is segment
open superpulse_007_00_01.xy at Event.chan_id = 5
open CCpulse_007_00_01.xy at Event.chan_id = 5
ncrystal=1
wrote trace to CCpulse_007_00_01.xy
two's comp tempE  ::     537134     537134 0x0008322e |0000|0000|0000|1000|0011|0010|0010|1110|
rawE              ::     537134     537134 0x0008322e |0000|0000|0000|1000|0011|0010|0010|1110|
rawE (sign change)::     537134     537134 0x0008322e |0000|0000|0000|1000|0011|0010|0010|1110|
Event.ehi=           16785 0x00004191
Event.ehi=1678 (gain changed)
Event.LEDts =        1308257852445
Event.CFDts =      270084549509132

---------
new GTheader at pos=44 or 22 words (30):
Event.hdr[ 0]=0x1f36,   7990
Event.hdr[ 1]=0x300a,  12298
Event.hdr[ 2]=0x9c1d,  39965
Event.hdr[ 3]=0x9a3e,  39486
Event.hdr[ 4]=0x0130,    304
Event.hdr[ 5]=0x37f4,  14324
Event.hdr[ 6]=0x0e00,   3584
Event.hdr[ 7]=0x0000,      0
Event.hdr[ 8]=0x02dd,    733
Event.hdr[ 9]=0x150c,   5388
Event.hdr[10]=0x4000,  16384
Event.hdr[11]=0xffc1,  65473
Event.hdr[12]=0xfd9f,  64927
Event.hdr[13]=0x07ff,   2047
Event.len=  44, Event.traceLen=  12 (in Bytes)
Event.len=  22, Event.traceLen=   6 (in 16 bit words)
Event.len=  11, Event.traceLen=   3 (in 32 bit words)
next start: 0xaaaaaaaa, pos= 88
0x1f36 module_id = 31 crystal_id = 0 digitizer_id = 3 chan_id = 6 ge_id = 124 channel = 36  -> is segment
ncrystal=1
wrote trace to CCpulse_007_00_01.xy
two's comp tempE  ::      14324      14324 0x000037f4 |0000|0000|0000|0000|0011|0111|1111|0100|
rawE              ::      14324      14324 0x000037f4 |0000|0000|0000|0000|0011|0111|1111|0100|
rawE (sign change)::      14324      14324 0x000037f4 |0000|0000|0000|0000|0011|0111|1111|0100|
Event.ehi=             447 0x000001bf
Event.ehi=44 (gain changed)
Event.LEDts =        1308257852445
Event.CFDts =      281419141021708

---------
new GTheader at pos=88 or 44 words (52):
Event.hdr[ 0]=0x1f37,   7991
Event.hdr[ 1]=0x300a,  12298
Event.hdr[ 2]=0x9c1d,  39965
Event.hdr[ 3]=0x9a3e,  39486
Event.hdr[ 4]=0x0130,    304
Event.hdr[ 5]=0x3820,  14368
Event.hdr[ 6]=0x0e00,   3584
Event.hdr[ 7]=0x0000,      0
Event.hdr[ 8]=0x02dd,    733
Event.hdr[ 9]=0x3717,  14103
Event.hdr[10]=0x6000,  24576
Event.hdr[11]=0x0038,     56
Event.hdr[12]=0xec54,  60500
Event.hdr[13]=0x07ff,   2047
Event.len=  44, Event.traceLen=  12 (in Bytes)
Event.len=  22, Event.traceLen=   6 (in 16 bit words)
Event.len=  11, Event.traceLen=   3 (in 32 bit words)
next start: 0xaaaaaaaa, pos= 132
0x1f37 module_id = 31 crystal_id = 0 digitizer_id = 3 chan_id = 7 ge_id = 124 channel = 37  -> is segment
ncrystal=1
wrote trace to CCpulse_007_00_01.xy
two's comp tempE  ::      14368      14368 0x00003820 |0000|0000|0000|0000|0011|1000|0010|0000|
rawE              ::      14368      14368 0x00003820 |0000|0000|0000|0000|0011|1000|0010|0000|
rawE (sign change)::      14368      14368 0x00003820 |0000|0000|0000|0000|0011|1000|0010|0000|
Event.ehi=             449 0x000001c1
Event.ehi=44 (gain changed)
Event.LEDts =        1308257852445
Event.CFDts =      281328945397772

---------
new GTheader at pos=132 or 66 words (74):
Event.hdr[ 0]=0x1f38,   7992
Event.hdr[ 1]=0x300a,  12298
Event.hdr[ 2]=0x9c1d,  39965
Event.hdr[ 3]=0x9a3e,  39486
Event.hdr[ 4]=0x0130,    304
Event.hdr[ 5]=0x8efb,  36603
Event.hdr[ 6]=0x1ff9,   8185
Event.hdr[ 7]=0x0000,      0
Event.hdr[ 8]=0x02dd,    733
Event.hdr[ 9]=0xb773,  46963
Event.hdr[10]=0x19fc,   6652
Event.hdr[11]=0xedff,  60927
Event.hdr[12]=0x5247,  21063
Event.hdr[13]=0x07f3,   2035
Event.len=  44, Event.traceLen=  12 (in Bytes)
Event.len=  22, Event.traceLen=   6 (in 16 bit words)
Event.len=  11, Event.traceLen=   3 (in 32 bit words)
0x1f38 module_id = 31 crystal_id = 0 digitizer_id = 3 chan_id = 8 ge_id = 124 channel = 38  -> is segment
ncrystal=1
wrote trace to CCpulse_007_00_01.xy
two's comp tempE  ::   16355067   16355067 0x00f98efb |0000|0000|1111|1001|1000|1110|1111|1011|
rawE              :: 4294545147    -422149 0xfff98efb |1111|1111|1111|1001|1000|1110|1111|1011|
rawE (sign change)::     422149     422149 0x00067105 |0000|0000|0000|0110|0111|0001|0000|0101|
Event.ehi=           13192 0x00003388
Event.ehi=1319 (gain changed)
Event.LEDts =        1308257852445
Event.CFDts =         562652053516
exit bin_mode3
*end of event # 7
+++++++++++++++++++++++++++++++
ev#     7 GEB_TYPE_DECOMP        464Bytes TS=1308257857963 curTS=1308257853843 dTS= 4120
GEBGetEv returned st=0
we have read 4224 bytes; CurEvNo=8

+++++++++++++++++++++++++++++++
*start event # 8 with multiplicity 1 looks like this:
 0>  8, GEB_TYPE_GT_MOD29    , TS=1308257853843
entered bin_mode2: 8/10
updated CCadd with    0.00
total number of hits in array: 0
exit bin_mode2
entered bin_mode3 @ event number: 8 

bin_mode3:  0>  8, GEB_TYPE_GT_MOD29    , TS=1308257853843, 0x1309a3ea193; payload length: 176 bytes

---------
new GTheader at pos=0 or 0 words (8):
Event.hdr[ 0]=0x1f35,   7989
Event.hdr[ 1]=0x300a,  12298
Event.hdr[ 2]=0xa193,  41363
Event.hdr[ 3]=0x9a3e,  39486
Event.hdr[ 4]=0x0130,    304
Event.hdr[ 5]=0x4b24,  19236
Event.hdr[ 6]=0x4e08,  19976
Event.hdr[ 7]=0x0575,   1397
Event.hdr[ 8]=0x0000,      0
Event.hdr[ 9]=0x499a,  18842
Event.hdr[10]=0xe608,  58888
Event.hdr[11]=0x1060,   4192
Event.hdr[12]=0x01d0,    464
Event.hdr[13]=0x0000,      0
Event.len=  44, Event.traceLen=  12 (in Bytes)
Event.len=  22, Event.traceLen=   6 (in 16 bit words)
Event.len=  11, Event.traceLen=   3 (in 32 bit words)
next start: 0xaaaaaaaa, pos= 44
0x1f35 module_id = 31 crystal_id = 0 digitizer_id = 3 chan_id = 5 ge_id = 124 channel = 35  -> is segment
open superpulse_008_00_01.xy at Event.chan_id = 5
open CCpulse_008_00_01.xy at Event.chan_id = 5
ncrystal=1
wrote trace to CCpulse_008_00_01.xy
two's comp tempE  ::     543524     543524 0x00084b24 |0000|0000|0000|1000|0100|1011|0010|0100|
rawE              ::     543524     543524 0x00084b24 |0000|0000|0000|1000|0100|1011|0010|0100|
rawE (sign change)::     543524     543524 0x00084b24 |0000|0000|0000|1000|0100|1011|0010|0100|
Event.ehi=           16985 0x00004259
Event.ehi=1698 (gain changed)
Event.LEDts =        1308257853843
Event.CFDts =      269959993491468

---------
new GTheader at pos=44 or 22 words (30):
Event.hdr[ 0]=0x1f36,   7990
Event.hdr[ 1]=0x300a,  12298
Event.hdr[ 2]=0xa193,  41363
Event.hdr[ 3]=0x9a3e,  39486
Event.hdr[ 4]=0x0130,    304
Event.hdr[ 5]=0xec43,  60483
Event.hdr[ 6]=0x0e02,   3586
Event.hdr[ 7]=0x0575,   1397
Event.hdr[ 8]=0x0000,      0
Event.hdr[ 9]=0xd41a,  54298
Event.hdr[10]=0x1801,   6145
Event.hdr[11]=0x002a,     42
Event.hdr[12]=0x8280,  33408
Event.hdr[13]=0x07ff,   2047
Event.len=  44, Event.traceLen=  12 (in Bytes)
Event.len=  22, Event.traceLen=   6 (in 16 bit words)
Event.len=  11, Event.traceLen=   3 (in 32 bit words)
next start: 0xaaaaaaaa, pos= 88
0x1f36 module_id = 31 crystal_id = 0 digitizer_id = 3 chan_id = 6 ge_id = 124 channel = 36  -> is segment
ncrystal=1
wrote trace to CCpulse_008_00_01.xy
two's comp tempE  ::     191555     191555 0x0002ec43 |0000|0000|0000|0010|1110|1100|0100|0011|
rawE              ::     191555     191555 0x0002ec43 |0000|0000|0000|0010|1110|1100|0100|0011|
rawE (sign change)::     191555     191555 0x0002ec43 |0000|0000|0000|0010|1110|1100|0100|0011|
Event.ehi=            5986 0x00001762
Event.ehi=598 (gain changed)
Event.LEDts =        1308257853843
Event.CFDts =      281453501480972

---------
new GTheader at pos=88 or 44 words (52):
Event.hdr[ 0]=0x1f37,   7991
Event.hdr[ 1]=0x300a,  12298
Event.hdr[ 2]=0xa193,  41363
Event.hdr[ 3]=0x9a3e,  39486
Event.hdr[ 4]=0x0130,    304
Event.hdr[ 5]=0xd063,  53347
Event.hdr[ 6]=0x0e00,   3584
Event.hdr[ 7]=0x0575,   1397
Event.hdr[ 8]=0x0000,      0
Event.hdr[ 9]=0x7986,  31110
Event.hdr[10]=0x2e00,  11776
Event.hdr[11]=0x006e,    110
Event.hdr[12]=0x70c0,  28864
Event.hdr[13]=0x0000,      0
Event.len=  44, Event.traceLen=  12 (in Bytes)
Event.len=  22, Event.traceLen=   6 (in 16 bit words)
Event.len=  11, Event.traceLen=   3 (in 32 bit words)
next start: 0xaaaaaaaa, pos= 132
0x1f37 module_id = 31 crystal_id = 0 digitizer_id = 3 chan_id = 7 ge_id = 124 channel = 37  -> is segment
ncrystal=1
wrote trace to CCpulse_008_00_01.xy
two's comp tempE  ::      53347      53347 0x0000d063 |0000|0000|0000|0000|1101|0000|0110|0011|
rawE              ::      53347      53347 0x0000d063 |0000|0000|0000|0000|1101|0000|0110|0011|
rawE (sign change)::      53347      53347 0x0000d063 |0000|0000|0000|0000|1101|0000|0110|0011|
Event.ehi=            1667 0x00000683
Event.ehi=166 (gain changed)
Event.LEDts =        1308257853843
Event.CFDts =      281401960890380

---------
new GTheader at pos=132 or 66 words (74):
Event.hdr[ 0]=0x1f38,   7992
Event.hdr[ 1]=0x300a,  12298
Event.hdr[ 2]=0xa193,  41363
Event.hdr[ 3]=0x9a3e,  39486
Event.hdr[ 4]=0x0130,    304
Event.hdr[ 5]=0x8cdd,  36061
Event.hdr[ 6]=0x1ff9,   8185
Event.hdr[ 7]=0x0575,   1397
Event.hdr[ 8]=0x0000,      0
Event.hdr[ 9]=0xb0c9,  45257
Event.hdr[10]=0xe7fc,  59388
Event.hdr[11]=0xf96e,  63854
Event.hdr[12]=0xfe33,  65075
Event.hdr[13]=0x07db,   2011
Event.len=  44, Event.traceLen=  12 (in Bytes)
Event.len=  22, Event.traceLen=   6 (in 16 bit words)
Event.len=  11, Event.traceLen=   3 (in 32 bit words)
0x1f38 module_id = 31 crystal_id = 0 digitizer_id = 3 chan_id = 8 ge_id = 124 channel = 38  -> is segment
ncrystal=1
wrote trace to CCpulse_008_00_01.xy
two's comp tempE  ::   16354525   16354525 0x00f98cdd |0000|0000|1111|1001|1000|1100|1101|1101|
rawE              :: 4294544605    -422691 0xfff98cdd |1111|1111|1111|1001|1000|1100|1101|1101|
rawE (sign change)::     422691     422691 0x00067323 |0000|0000|0000|0110|0111|0011|0010|0011|
Event.ehi=           13209 0x00003399
Event.ehi=1320 (gain changed)
Event.LEDts =        1308257853843
Event.CFDts =         601308135436
exit bin_mode3
*end of event # 8
+++++++++++++++++++++++++++++++
ev#     8 GEB_TYPE_GT_MOD29      264Bytes TS=1308257858253 curTS=1308257857963 dTS= 290
GEBGetEv returned st=0
we have read 4504 bytes; CurEvNo=9

+++++++++++++++++++++++++++++++
*start event # 9 with multiplicity 1 looks like this:
 0>  1, GEB_TYPE_DECOMP      , TS=1308257857963
entered bin_mode2: 9/10
ptinp->pad= 6, (ptinp->pad&0x000000ff)= 6
updated CCadd with    0.00
total number of hits in array: 0
exit bin_mode2
entered bin_mode3 @ event number: 9 
exit bin_mode3
*end of event # 9
+++++++++++++++++++++++++++++++
ev#     9 GEB_TYPE_GT_MOD29      440Bytes TS=1308257883003 curTS=1308257858253 dTS= 24750
GEBGetEv returned st=0
we have read 4960 bytes; CurEvNo=10

+++++++++++++++++++++++++++++++
*start event # 10 with multiplicity 1 looks like this:
 0>  8, GEB_TYPE_GT_MOD29    , TS=1308257858253
entered bin_mode2: 10/10
updated CCadd with    0.00
total number of hits in array: 0
exit bin_mode2
entered bin_mode3 @ event number: 10 

bin_mode3:  0>  8, GEB_TYPE_GT_MOD29    , TS=1308257858253, 0x1309a3eb2cd; payload length: 264 bytes

---------
new GTheader at pos=0 or 0 words (8):
Event.hdr[ 0]=0x1f36,   7990
Event.hdr[ 1]=0x300a,  12298
Event.hdr[ 2]=0xb2cd,  45773
Event.hdr[ 3]=0x9a3e,  39486
Event.hdr[ 4]=0x0130,    304
Event.hdr[ 5]=0x26a7,   9895
Event.hdr[ 6]=0x0e00,   3584
Event.hdr[ 7]=0x1139,   4409
Event.hdr[ 8]=0x0575,   1397
Event.hdr[ 9]=0x2571,   9585
Event.hdr[10]=0x3400,  13312
Event.hdr[11]=0x03a8,    936
Event.hdr[12]=0x5430,  21552
Event.hdr[13]=0x0000,      0
Event.len=  44, Event.traceLen=  12 (in Bytes)
Event.len=  22, Event.traceLen=   6 (in 16 bit words)
Event.len=  11, Event.traceLen=   3 (in 32 bit words)
next start: 0xaaaaaaaa, pos= 44
0x1f36 module_id = 31 crystal_id = 0 digitizer_id = 3 chan_id = 6 ge_id = 124 channel = 36  -> is segment
open superpulse_010_00_01.xy at Event.chan_id = 6
open CCpulse_010_00_01.xy at Event.chan_id = 6
ncrystal=1
wrote trace to CCpulse_010_00_01.xy
two's comp tempE  ::       9895       9895 0x000026a7 |0000|0000|0000|0000|0010|0110|1010|0111|
rawE              ::       9895       9895 0x000026a7 |0000|0000|0000|0000|0010|0110|1010|0111|
rawE (sign change)::       9895       9895 0x000026a7 |0000|0000|0000|0000|0010|0110|1010|0111|
Event.ehi=             309 0x00000135
Event.ehi=30 (gain changed)
Event.LEDts =        1308257858253
Event.CFDts =      281427731480588

---------
new GTheader at pos=44 or 22 words (30):
Event.hdr[ 0]=0x1f37,   7991
Event.hdr[ 1]=0x300a,  12298
Event.hdr[ 2]=0xb2cd,  45773
Event.hdr[ 3]=0x9a3e,  39486
Event.hdr[ 4]=0x0130,    304
Event.hdr[ 5]=0x2828,  10280
Event.hdr[ 6]=0x0e00,   3584
Event.hdr[ 7]=0x1139,   4409
Event.hdr[ 8]=0x0575,   1397
Event.hdr[ 9]=0xf354,  62292
Event.hdr[10]=0x0dff,   3583
Event.hdr[11]=0x00f3,    243
Event.hdr[12]=0xdc5c,  56412
Event.hdr[13]=0x0000,      0
Event.len=  44, Event.traceLen=  12 (in Bytes)
Event.len=  22, Event.traceLen=   6 (in 16 bit words)
Event.len=  11, Event.traceLen=   3 (in 32 bit words)
next start: 0xaaaaaaaa, pos= 88
0x1f37 module_id = 31 crystal_id = 0 digitizer_id = 3 chan_id = 7 ge_id = 124 channel = 37  -> is segment
ncrystal=1
wrote trace to CCpulse_010_00_01.xy
two's comp tempE  ::      10280      10280 0x00002828 |0000|0000|0000|0000|0010|1000|0010|1000|
rawE              ::      10280      10280 0x00002828 |0000|0000|0000|0000|0010|1000|0010|1000|
rawE (sign change)::      10280      10280 0x00002828 |0000|0000|0000|0000|0010|1000|0010|1000|
Event.ehi=             321 0x00000141
Event.ehi=32 (gain changed)
Event.LEDts =        1308257858253
Event.CFDts =           8590131212

---------
new GTheader at pos=88 or 44 words (52):
Event.hdr[ 0]=0x1f38,   7992
Event.hdr[ 1]=0x300a,  12298
Event.hdr[ 2]=0xb2cd,  45773
Event.hdr[ 3]=0x9a3e,  39486
Event.hdr[ 4]=0x0130,    304
Event.hdr[ 5]=0x8f02,  36610
Event.hdr[ 6]=0x1ff9,   8185
Event.hdr[ 7]=0x1139,   4409
Event.hdr[ 8]=0x0575,   1397
Event.hdr[ 9]=0xb6f9,  46841
Event.hdr[10]=0x93fc,  37884
Event.hdr[11]=0xf961,  63841
Event.hdr[12]=0xddcf,  56783
Event.hdr[13]=0x07f2,   2034
Event.len=  44, Event.traceLen=  12 (in Bytes)
Event.len=  22, Event.traceLen=   6 (in 16 bit words)
Event.len=  11, Event.traceLen=   3 (in 32 bit words)
next start: 0xaaaaaaaa, pos= 132
0x1f38 module_id = 31 crystal_id = 0 digitizer_id = 3 chan_id = 8 ge_id = 124 channel = 38  -> is segment
ncrystal=1
wrote trace to CCpulse_010_00_01.xy
two's comp tempE  ::   16355074   16355074 0x00f98f02 |0000|0000|1111|1001|1000|1111|0000|0010|
rawE              :: 4294545154    -422142 0xfff98f02 |1111|1111|1111|1001|1000|1111|0000|0010|
rawE (sign change)::     422142     422142 0x000670fe |0000|0000|0000|0110|0111|0000|1111|1110|
Event.ehi=           13191 0x00003387
Event.ehi=1319 (gain changed)
Event.LEDts =        1308257858253
Event.CFDts =         579832774668

---------
new GTheader at pos=132 or 66 words (74):
Event.hdr[ 0]=0x1f33,   7987
Event.hdr[ 1]=0x300a,  12298
Event.hdr[ 2]=0xb2cd,  45773
Event.hdr[ 3]=0x9a3e,  39486
Event.hdr[ 4]=0x0130,    304
Event.hdr[ 5]=0x2b5f,  11103
Event.hdr[ 6]=0x4e0b,  19979
Event.hdr[ 7]=0x1139,   4409
Event.hdr[ 8]=0x0575,   1397
Event.hdr[ 9]=0x2a9f,  10911
Event.hdr[10]=0xda0b,  55819
Event.hdr[11]=0x12eb,   4843
Event.hdr[12]=0x1118,   4376
Event.hdr[13]=0x002f,     47
Event.len=  44, Event.traceLen=  12 (in Bytes)
Event.len=  22, Event.traceLen=   6 (in 16 bit words)
Event.len=  11, Event.traceLen=   3 (in 32 bit words)
next start: 0xaaaaaaaa, pos= 176
0x1f33 module_id = 31 crystal_id = 0 digitizer_id = 3 chan_id = 3 ge_id = 124 channel = 33  -> is segment
ncrystal=1
wrote trace to CCpulse_010_00_01.xy
two's comp tempE  ::     731999     731999 0x000b2b5f |0000|0000|0000|1011|0010|1011|0101|1111|
rawE              ::     731999     731999 0x000b2b5f |0000|0000|0000|1011|0010|1011|0101|1111|
rawE (sign change)::     731999     731999 0x000b2b5f |0000|0000|0000|1011|0010|1011|0101|1111|
Event.ehi=           22874 0x0000595a
Event.ehi=2287 (gain changed)
Event.LEDts =        1308257858253
Event.CFDts =      266210430156812

---------
new GTheader at pos=176 or 88 words (96):
Event.hdr[ 0]=0x1f34,   7988
Event.hdr[ 1]=0x300a,  12298
Event.hdr[ 2]=0xb2cd,  45773
Event.hdr[ 3]=0x9a3e,  39486
Event.hdr[ 4]=0x0130,    304
Event.hdr[ 5]=0x004b,     75
Event.hdr[ 6]=0x0e00,   3584
Event.hdr[ 7]=0x1139,   4409
Event.hdr[ 8]=0x0575,   1397
Event.hdr[ 9]=0x0009,      9
Event.hdr[10]=0x1200,   4608
Event.hdr[11]=0x0000,      0
Event.hdr[12]=0xffec,  65516
Event.hdr[13]=0x07ff,   2047
Event.len=  44, Event.traceLen=  12 (in Bytes)
Event.len=  22, Event.traceLen=   6 (in 16 bit words)
Event.len=  11, Event.traceLen=   3 (in 32 bit words)
next start: 0xaaaaaaaa, pos= 220
0x1f34 module_id = 31 crystal_id = 0 digitizer_id = 3 chan_id = 4 ge_id = 124 channel = 34  -> is segment
ncrystal=1
wrote trace to CCpulse_010_00_01.xy
two's comp tempE  ::         75         75 0x0000004b |0000|0000|0000|0000|0000|0000|0100|1011|
rawE              ::         75         75 0x0000004b |0000|0000|0000|0000|0000|0000|0100|1011|
rawE (sign change)::         75         75 0x0000004b |0000|0000|0000|0000|0000|0000|0100|1011|
Event.ehi=               2 0x00000002
Event.ehi=0 (gain changed)
Event.LEDts =        1308257858253
Event.CFDts =         261997068300

---------
new GTheader at pos=220 or 110 words (118):
Event.hdr[ 0]=0x1f35,   7989
Event.hdr[ 1]=0x300a,  12298
Event.hdr[ 2]=0xb2cd,  45773
Event.hdr[ 3]=0x9a3e,  39486
Event.hdr[ 4]=0x0130,    304
Event.hdr[ 5]=0x6dd0,  28112
Event.hdr[ 6]=0x4e08,  19976
Event.hdr[ 7]=0x1139,   4409
Event.hdr[ 8]=0x0575,   1397
Event.hdr[ 9]=0x6c54,  27732
Event.hdr[10]=0x3408,  13320
Event.hdr[11]=0x1093,   4243
Event.hdr[12]=0xc1cc,  49612
Event.hdr[13]=0x0020,     32
Event.len=  44, Event.traceLen=  12 (in Bytes)
Event.len=  22, Event.traceLen=   6 (in 16 bit words)
Event.len=  11, Event.traceLen=   3 (in 32 bit words)
0x1f35 module_id = 31 crystal_id = 0 digitizer_id = 3 chan_id = 5 ge_id = 124 channel = 35  -> is segment
ncrystal=1
wrote trace to CCpulse_010_00_01.xy
two's comp tempE  ::     552400     552400 0x00086dd0 |0000|0000|0000|1000|0110|1101|1101|0000|
rawE              ::     552400     552400 0x00086dd0 |0000|0000|0000|1000|0110|1101|1101|0000|
rawE (sign change)::     552400     552400 0x00086dd0 |0000|0000|0000|1000|0110|1101|1101|0000|
Event.ehi=           17262 0x0000436e
Event.ehi=1726 (gain changed)
Event.LEDts =        1308257858253
Event.CFDts =      269758127276044
exit bin_mode3
*end of event # 10
+++++++++++++++++++++++++++++++
ev#    10 GEB_TYPE_DECOMP        464Bytes TS=1308257893249 curTS=1308257883003 dTS= 10246
ev# 50000 GEB_TYPE_DECOMP        464Bytes TS=1308755568109 curTS=1308755541961 dTS= 26148
ev# 100000 GEB_TYPE_DECOMP        464Bytes TS=1309254234693 curTS=1309254227353 dTS= 7340
ev# 150000 GEB_TYPE_DECOMP        464Bytes TS=1309727762001 curTS=1309727716497 dTS= 45504
ev# 200000 GEB_TYPE_DECOMP        464Bytes TS=1310215522995 curTS=1310215522993 dTS= 2
ev# 200000 GEB_TYPE_DECOMP        464Bytes TS=1310215522999 curTS=1310215522993 dTS= 6
ev# 200000 GEB_TYPE_DECOMP        464Bytes TS=1310215525819 curTS=1310215522993 dTS= 2826
ev# 250000 GEB_TYPE_DECOMP        464Bytes TS=1310723143939 curTS=1310723140719 dTS= 3220
ev# 300000 GEB_TYPE_DECOMP        464Bytes TS=1311219907895 curTS=1311219907477 dTS= 418
ev# 350000 GEB_TYPE_DECOMP        464Bytes TS=1311721509051 curTS=1311721504041 dTS= 5010
ev# 400000 GEB_TYPE_DECOMP        464Bytes TS=1312219583855 curTS=1312219583809 dTS= 46
ev# 400000 GEB_TYPE_GT_MOD29      440Bytes TS=1312219584351 curTS=1312219583809 dTS= 542
ev# 450000 GEB_TYPE_DECOMP        464Bytes TS=1312695919257 curTS=1312695918797 dTS= 460
ev# 500000 GEB_TYPE_DECOMP        464Bytes TS=1313166100647 curTS=1313166100647 dTS= 0
ev# 500000 GEB_TYPE_DECOMP        464Bytes TS=1313166100839 curTS=1313166100647 dTS= 192
ev# 550000 GEB_TYPE_GT_MOD29       44Bytes TS=1313658927841 curTS=1313658927841 dTS= 0
ev# 550000 GEB_TYPE_DECOMP        464Bytes TS=1313658928063 curTS=1313658927841 dTS= 222
ev# 600000 GEB_TYPE_DECOMP        464Bytes TS=1314152394385 curTS=1314152394363 dTS= 22
ev# 600000 GEB_TYPE_GT_MOD29      440Bytes TS=1314152394807 curTS=1314152394363 dTS= 444
ev# 650000 GEB_TYPE_DECOMP        464Bytes TS=1314628666289 curTS=1314628666277 dTS= 12
ev# 650000 GEB_TYPE_DECOMP        464Bytes TS=1314628666289 curTS=1314628666277 dTS= 12
ev# 650000 GEB_TYPE_GT_MOD29      440Bytes TS=1314628666511 curTS=1314628666277 dTS= 234
ev# 700000 GEB_TYPE_DECOMP        464Bytes TS=1315129974689 curTS=1315129974667 dTS= 22
ev# 700000 GEB_TYPE_DECOMP        464Bytes TS=1315129974691 curTS=1315129974667 dTS= 24
ev# 700000 GEB_TYPE_DECOMP        464Bytes TS=1315129974691 curTS=1315129974667 dTS= 24
ev# 700000 GEB_TYPE_DECOMP        464Bytes TS=1315129974693 curTS=1315129974667 dTS= 26
ev# 700000 GEB_TYPE_DECOMP        464Bytes TS=1315129974983 curTS=1315129974667 dTS= 316
ev# 750000 GEB_TYPE_DECOMP        464Bytes TS=1315629749603 curTS=1315629749601 dTS= 2
ev# 750000 GEB_TYPE_DECOMP        464Bytes TS=1315629749605 curTS=1315629749601 dTS= 4
ev# 750000 GEB_TYPE_GT_MOD29      440Bytes TS=1315629749661 curTS=1315629749601 dTS= 60
ev# 750000 GEB_TYPE_DECOMP        464Bytes TS=1315629758421 curTS=1315629749601 dTS= 8820
ev# 800000 GEB_TYPE_GT_MOD29      440Bytes TS=1316122867883 curTS=1316122859289 dTS= 8594
ev# 850000 GEB_TYPE_GT_MOD29      440Bytes TS=1316622119705 curTS=1316622119703 dTS= 2
ev# 850000 GEB_TYPE_DECOMP        464Bytes TS=1316622119709 curTS=1316622119703 dTS= 6
ev# 850000 GEB_TYPE_GT_MOD29      440Bytes TS=1316622122605 curTS=1316622119703 dTS= 2902
ev# 900000 GEB_TYPE_DECOMP        464Bytes TS=1317124115387 curTS=1317124115081 dTS= 306
ev# 950000 GEB_TYPE_DECOMP        464Bytes TS=1317599945441 curTS=1317599945239 dTS= 202

Sorting is done
attempting to save root or map file



mean observed polar and azimuth angles
for the detectors we saw (module,crystal)

------------------------------------------
mean pol/azi angle for detector  56 are   96.75/ 119.52
mean pol/azi angle for detector  57 are  100.40/ 138.30
mean pol/azi angle for detector  58 are   83.41/ 132.66
mean pol/azi angle for detector  59 are   79.60/ 114.05
mean pol/azi angle for detector  60 are   87.39/ 152.66
mean pol/azi angle for detector  61 are  105.23/ 157.66
mean pol/azi angle for detector  62 are   93.17/ 168.20
mean pol/azi angle for detector  63 are   73.82/ 166.01
mean pol/azi angle for detector  68 are   87.15/-134.97
mean pol/azi angle for detector  69 are  105.31/-130.00
mean pol/azi angle for detector  70 are   92.94/-116.90
mean pol/azi angle for detector  71 are   74.18/-121.84
mean pol/azi angle for detector  76 are   87.45/ -63.22
mean pol/azi angle for detector  77 are  105.29/ -58.04
mean pol/azi angle for detector  78 are   92.95/ -44.98
mean pol/azi angle for detector  79 are   74.21/ -49.87
mean pol/azi angle for detector  84 are  112.29/  33.64
mean pol/azi angle for detector  85 are  125.18/  17.38
mean pol/azi angle for detector  86 are  130.71/  39.17
mean pol/azi angle for detector  87 are  115.94/  52.97
mean pol/azi angle for detector  88 are  112.41/ 105.54
mean pol/azi angle for detector  89 are  124.94/  89.32
mean pol/azi angle for detector  90 are  130.80/ 111.19
mean pol/azi angle for detector  91 are  115.80/ 125.04
mean pol/azi angle for detector  96 are  112.63/-110.67
mean pol/azi angle for detector  97 are  124.77/-126.58
mean pol/azi angle for detector  98 are  130.91/-104.93
mean pol/azi angle for detector  99 are  115.86/ -91.05
mean pol/azi angle for detector 100 are  112.38/ -38.64
mean pol/azi angle for detector 101 are  124.74/ -55.01
mean pol/azi angle for detector 102 are  130.68/ -33.10
mean pol/azi angle for detector 103 are  115.75/ -19.05
mean pol/azi angle for detector 104 are  144.48/  88.18
mean pol/azi angle for detector 105 are  132.70/  65.83
mean pol/azi angle for detector 106 are  148.86/  53.97
mean pol/azi angle for detector 107 are  162.33/  88.36
mean pol/azi angle for detector 108 are  144.75/ 160.16
mean pol/azi angle for detector 109 are  132.72/ 137.97
mean pol/azi angle for detector 110 are  149.55/ 125.50
mean pol/azi angle for detector 111 are  162.30/ 110.52
mean pol/azi angle for detector 116 are  144.43/ -55.89
mean pol/azi angle for detector 117 are  132.58/ -78.22
mean pol/azi angle for detector 118 are  148.97/ -90.37
mean pol/azi angle for detector 119 are  162.39/ -56.20
we found 44 crystals
------------------------------------------

minimum pol angle between crystals is  18.65
compactness =  64.39%, 85 of 264
module hit statistics
module  14, crystal 0 was hit      88090 times
module  14, crystal 1 was hit      94945 times
module  14, crystal 2 was hit      92807 times
module  14, crystal 3 was hit      82459 times
module  15, crystal 0 was hit      94624 times
module  15, crystal 1 was hit      86257 times
module  15, crystal 2 was hit      81043 times
module  15, crystal 3 was hit      83749 times
module  17, crystal 0 was hit      70615 times
module  17, crystal 1 was hit      68937 times
module  17, crystal 2 was hit      69986 times
module  17, crystal 3 was hit      71466 times
module  19, crystal 0 was hit      66252 times
module  19, crystal 1 was hit      68661 times
module  19, crystal 2 was hit      81099 times
module  19, crystal 3 was hit      78358 times
module  21, crystal 0 was hit      81157 times
module  21, crystal 1 was hit      71132 times
module  21, crystal 2 was hit      84145 times
module  21, crystal 3 was hit      80300 times
module  22, crystal 0 was hit      87386 times
module  22, crystal 1 was hit      81261 times
module  22, crystal 2 was hit      91282 times
module  22, crystal 3 was hit      84062 times
module  24, crystal 0 was hit      73474 times
module  24, crystal 1 was hit      70703 times
module  24, crystal 2 was hit      74378 times
module  24, crystal 3 was hit      68593 times
module  25, crystal 0 was hit      70080 times
module  25, crystal 1 was hit      72252 times
module  25, crystal 2 was hit      69632 times
module  25, crystal 3 was hit      68678 times
module  26, crystal 0 was hit      80521 times
module  26, crystal 1 was hit      79109 times
module  26, crystal 2 was hit      78604 times
module  26, crystal 3 was hit      74459 times
module  27, crystal 0 was hit      84141 times
module  27, crystal 1 was hit      81265 times
module  27, crystal 2 was hit      83792 times
module  27, crystal 3 was hit      76701 times
module  29, crystal 0 was hit      69512 times
module  29, crystal 1 was hit      68011 times
module  29, crystal 2 was hit      74747 times
module  29, crystal 3 was hit      67611 times

bin_mode2: pad distribution
__id   0,      1490208, 93.50%
__id   2,          193,  0.01%
__id   3,          477,  0.03%
__id   4,          477,  0.03%
__id   5,         3015,  0.19%
__id   6,         9536,  0.60%
__id 128,        89784,  5.63%
__id 133,          166,  0.01%

bin_mode2 calculated mean CCsum energy to be  749.859 keV
bin_mode2 calculated mean CCadd energy to be 1132.780 keV
attempting to close root file...
Pars.f1->Write();
Pars.f1->Print();
TFile: name=/lcrc/project/HELIOS/gretinafma/root_data/run132.root, title=, option=CREATE
TH1.Print Name  = dtbtev, Entries= 2025099, Total sum= 2.0251e+06
TH1.Print Name  = T0, Entries= 0, Total sum= 0
TH1.Print Name  = hitpat, Entries= 1490208, Total sum= 1.49021e+06
TH1.Print Name  = numHitArray2, Entries= 1000000, Total sum= 739842
TH1.Print Name  = CCmult, Entries= 1000000, Total sum= 1e+06
TH1.Print Name  = CCsum, Entries= 3426219, Total sum= 1.49018e+06
TH1.Print Name  = hit2, Entries= 165000, Total sum= 164815
TH1.Print Name  = hit3, Entries= 89064, Total sum= 88391
TH1.Print Name  = hit4, Entries= 49892, Total sum= 48704
TH1.Print Name  = CCsum_nodop, Entries= 3426219, Total sum= 1.49018e+06
TH1.Print Name  = CCadd, Entries= 1000000, Total sum= 730790
TH1.Print Name  = SEGadd_FPGA, Entries= 200000000, Total sum= 1.4895e+06
TH1.Print Name  = SEGadd_PSA, Entries= 200000000, Total sum= 1.4819e+06
TH1.Print Name  = SEGsum_FPGA, Entries= 2306478, Total sum= 2.30602e+06
TH1.Print Name  = SEGsum_PSA, Entries= 3426336, Total sum= 3.39867e+06
TH1.Print Name  = radius_all, Entries= 3426332, Total sum= 3.42633e+06
TH1.Print Name  = rate_mode2_min, Entries= 1490207, Total sum= 24836.8
TH1.Print Name  = rate_mode2_sec, Entries= 1490207, Total sum= 1.49021e+06
TH1.Print Name  = rate_mode2_intp, Entries= 1490207, Total sum= 57105.6
TH1.Print Name  = cdtbtev, Entries= 442084, Total sum= 442084
TH1.Print Name  = evsr_all, Entries= 3426332, Total sum= 3.34624e+06
TH1.Print Name  = SMAP_allhits, Entries= 3426336, Total sum= 3.42634e+06
TH1.Print Name  = SMAP_allhits_sq, Entries= 3426336, Total sum= 3.42634e+06
TH1.Print Name  = seghitpat, Entries= 3426336, Total sum= 3.42634e+06
TH1.Print Name  = CCe, Entries= 3426219, Total sum= 1.49018e+06
TH1.Print Name  = ggCC, Entries= 3072674, Total sum= 2.68802e+06
TH1.Print Name  = z_plot, Entries= 3426336, Total sum= 3.42308e+06
TH1.Print Name  = crystal_hit, Entries= 0, Total sum= 0
TH1.Print Name  = SegE, Entries= 3425628, Total sum= 3.42563e+06
TH1.Print Name  = crXcr, Entries= 1536337, Total sum= 1.53634e+06
******************************************************************************
*Tree    :tree      : tree                                                   *
*Entries :  1000000 : Total =       154404336 bytes  File  Size =   37269804 *
*        :          : Tree compression factor =   4.14                       *
******************************************************************************
*Br    0 :runNumber : runNumber/I                                            *
*Entries :  1000000 : Total  Size=    4010325 bytes  File Size  =      30613 *
*Baskets :      100 : Basket Size=    1330176 bytes  Compression= 130.91     *
*............................................................................*
*Br    1 :numHits   : numHits/I                                              *
*Entries :  1000000 : Total  Size=    4010117 bytes  File Size  =      30411 *
*Baskets :      100 : Basket Size=    1330176 bytes  Compression= 131.77     *
*............................................................................*
*Br    2 :left      : left[numHits]/F                                        *
*Entries :  1000000 : Total  Size=    8030995 bytes  File Size  =    2858221 *
*Baskets :      297 : Basket Size=    8957440 bytes  Compression=   2.81     *
*............................................................................*
*Br    3 :right     : right[numHits]/F                                       *
*Entries :  1000000 : Total  Size=    8031296 bytes  File Size  =    2836960 *
*Baskets :      297 : Basket Size=    8957440 bytes  Compression=   2.83     *
*............................................................................*
*Br    4 :up        : up[numHits]/F                                          *
*Entries :  1000000 : Total  Size=    8030393 bytes  File Size  =    2814629 *
*Baskets :      297 : Basket Size=    8957440 bytes  Compression=   2.85     *
*............................................................................*
*Br    5 :down      : down[numHits]/F                                        *
*Entries :  1000000 : Total  Size=    8030995 bytes  File Size  =    2842589 *
*Baskets :      297 : Basket Size=    8957440 bytes  Compression=   2.82     *
*............................................................................*
*Br    6 :e1        : e1[numHits]/F                                          *
*Entries :  1000000 : Total  Size=    8030393 bytes  File Size  =    2742981 *
*Baskets :      297 : Basket Size=    8957440 bytes  Compression=   2.92     *
*............................................................................*
*Br    7 :e2        : e2[numHits]/F                                          *
*Entries :  1000000 : Total  Size=    8030393 bytes  File Size  =    2709697 *
*Baskets :      297 : Basket Size=    8957440 bytes  Compression=   2.96     *
*............................................................................*
*Br    8 :e3        : e3[numHits]/F                                          *
*Entries :  1000000 : Total  Size=    8030393 bytes  File Size  =    2650058 *
*Baskets :      297 : Basket Size=    8957440 bytes  Compression=   3.03     *
*............................................................................*
*Br    9 :tac       : tac[numHits]/F                                         *
*Entries :  1000000 : Total  Size=    8030694 bytes  File Size  =    2427022 *
*Baskets :      297 : Basket Size=    8957440 bytes  Compression=   3.31     *
*............................................................................*
*Br   10 :fmaDeltaTime : fmaDeltaTime[numHits]/F                             *
*Entries :  1000000 : Total  Size=    8033403 bytes  File Size  =    2247245 *
*Baskets :      297 : Basket Size=    8958464 bytes  Compression=   3.57     *
*............................................................................*
*Br   11 :fmaMult   : fmaMult[10]/I                                          *
*Entries :  1000000 : Total  Size=   40097051 bytes  File Size  =    1045198 *
*Baskets :      987 : Basket Size=   25600000 bytes  Compression=  38.34     *
*............................................................................*
*Br   12 :gammaMult : gammaMult/I                                            *
*Entries :  1000000 : Total  Size=    4010325 bytes  File Size  =     708878 *
*Baskets :      100 : Basket Size=    1330176 bytes  Compression=   5.65     *
*............................................................................*
*Br   13 :gammaEnergy : gammaEnergy[gammaMult]/F                             *
*Entries :  1000000 : Total  Size=    9999222 bytes  File Size  =    7065828 *
*Baskets :      345 : Basket Size=    9609728 bytes  Compression=   1.41     *
*............................................................................*
*Br   14 :gammaTimestamp : gammaTimestamp[gammaMult]/F                       *
*Entries :  1000000 : Total  Size=   10000382 bytes  File Size  =    1793122 *
*Baskets :      346 : Basket Size=    9610240 bytes  Compression=   5.57     *
*............................................................................*
*Br   15 :deltaTime : deltaTime[gammaMult]/F                                 *
*Entries :  1000000 : Total  Size=    9998524 bytes  File Size  =    2424398 *
*Baskets :      345 : Basket Size=    9609216 bytes  Compression=   4.12     *
*............................................................................*
TH1.Print Name  = eCC_a, Entries= 0, Total sum= 0
TH1.Print Name  = eCC_b, Entries= 0, Total sum= 0
TH1.Print Name  = eCC_c, Entries= 0, Total sum= 0
TH1.Print Name  = eCC_d, Entries= 125720, Total sum= 0
TH1.Print Name  = eSeg, Entries= 0, Total sum= 0
TH1.Print Name  = mode3_hitpat, Entries= 4287074, Total sum= 0
TH1.Print Name  = mode3_hitpat_chan, Entries= 4287074, Total sum= 4.28707e+06
TH1.Print Name  = chan0, Entries= 0, Total sum= 0
TH1.Print Name  = module, Entries= 4287074, Total sum= 4.28707e+06
TH1.Print Name  = chan, Entries= 4287074, Total sum= 4.28443e+06
TH1.Print Name  = l, Entries= 428707, Total sum= 428668
TH1.Print Name  = r, Entries= 428706, Total sum= 428703
TH1.Print Name  = up, Entries= 428706, Total sum= 428706
TH1.Print Name  = down, Entries= 428709, Total sum= 428709
TH1.Print Name  = sumlr, Entries= 417080, Total sum= 417080
TH1.Print Name  = sumud, Entries= 399452, Total sum= 399452
TH1.Print Name  = x, Entries= 417080, Total sum= 417080
TH1.Print Name  = y, Entries= 399452, Total sum= 399452
TH1.Print Name  = de1, Entries= 428709, Total sum= 428693
TH1.Print Name  = de2, Entries= 428709, Total sum= 428709
TH1.Print Name  = de3, Entries= 428706, Total sum= 427545
TH1.Print Name  = de12, Entries= 368911, Total sum= 368911
TH1.Print Name  = etot, Entries= 368911, Total sum= 368911
TH1.Print Name  = rftof, Entries= 428706, Total sum= 427444
TH1.Print Name  = lr, Entries= 1000000, Total sum= 999958
TH1.Print Name  = ud, Entries= 1000000, Total sum= 1e+06
TH1.Print Name  = ede1, Entries= 368911, Total sum= 368911
TH1.Print Name  = ede1g, Entries= 71314, Total sum= 71309
TH1.Print Name  = ede2, Entries= 368911, Total sum= 368911
TH1.Print Name  = ede12, Entries= 368911, Total sum= 368911
TH1.Print Name  = xde1, Entries= 368911, Total sum= 368911
TH1.Print Name  = erftof, Entries= 1000000, Total sum= 998738
TH1.Print Name  = erftofg, Entries= 29288, Total sum= 29220
TH1.Print Name  = sumehi, Entries= 1490208, Total sum= 1.4902e+06
TH1.Print Name  = tgppac, Entries= 1490208, Total sum= 385613
TH1.Print Name  = tgppacg, Entries= 71314, Total sum= 71314
TH1.Print Name  = xehi1, Entries= 1490208, Total sum= 1.4902e+06
TH1.Print Name  = xehi1g, Entries= 71314, Total sum= 71313
TH1.Print Name  = de1ehi, Entries= 1490208, Total sum= 1.49017e+06
TH1.Print Name  = de1ehig, Entries= 71314, Total sum= 71308
TH1.Print Name  = ng, Entries= 1000000, Total sum= 1e+06
TH1.Print Name  = ehiz1, Entries= 0, Total sum= 0
TH1.Print Name  = ehiz2, Entries= 0, Total sum= 0
TH1.Print Name  = ehiz3, Entries= 0, Total sum= 0
TH1.Print Name  = ehiz4, Entries= 0, Total sum= 0
TH1.Print Name  = ehiz5, Entries= 0, Total sum= 0
TH1.Print Name  = gg_dt, Entries= 86585, Total sum= 86585
TH1.Print Name  = gg, Entries= 173170, Total sum= 170470
TH1.Print Name  = gg_z1, Entries= 0, Total sum= 0
TH1.Print Name  = gg_z2, Entries= 0, Total sum= 0
TH1.Print Name  = gg_z3, Entries= 0, Total sum= 0
TH1.Print Name  = gg_z4, Entries= 0, Total sum= 0
TH1.Print Name  = gg_z5, Entries= 0, Total sum= 0
Pars.f1->Close();
done saving rootfile "/lcrc/project/HELIOS/gretinafma/root_data/run132.root


read 1000000 events; Pars.beta=0.0330; time since last update 1 minutes
CommandFileName="GEBSort.command"

sorted timestamp range 1308257516461-->1318081414689: 9823898228
that is 98.2 seconds or 0h1m38s
^^^^^ any timestamp jumps will upset this accounting

hit statistics per type
 1 GEB_TYPE_DECOMP          1593856 ;  16224.27 Hz 
 8 GEB_TYPE_GT_MOD29         431243 ;   4389.73 Hz 
read a total of              2025099 ; header/payloads


nn1=0
nn2=2025100
nn3=2025100

nok_validate= 1000000, ntot_validate=1000000; validate fraction 100.00%

bytes read=960582480, 916.082840 MB

boniva sancta! ...GEBSort (unexpectedly) did not crash!

 ** GEBSort is done at 
