started GEBSort at we have 9 arguments
1... -input
will take input from disk
file size is 38647753124 bytes or 37741 MBytes

4... -rootfile
rootfile name specified on command line
__will store spectra in rootfile: /lcrc/project/HELIOS/gretinafma/root_data/run173.root
will recreate root file
7... -chat
core file size          (blocks, -c) unlimited
data seg size           (kbytes, -d) unlimited
scheduling priority             (-e) 0
file size               (blocks, -f) unlimited
pending signals                 (-i) 510315
max locked memory       (kbytes, -l) unlimited
max memory size         (kbytes, -m) 128769024
open files                      (-n) 51200
pipe size            (512 bytes, -p) 8
POSIX message queues     (bytes, -q) 819200
real-time priority              (-r) 0
stack size              (kbytes, -s) unlimited
cpu time               (seconds, -t) unlimited
max user processes              (-u) 4096
virtual memory          (kbytes, -v) unlimited
file locks                      (-x) unlimited
will read sorting instructions from chatfile: GEBSort.chat

executing UserDeclare.h code


GEBsort running on: 

initializing

crmat.LINUX is open (input) binary format
read 7936 bytes into Pars.crmat
chat file: <GEBSort.chat> open

will sort a max of 1410065408 events
will sort a max of 1000000 events
will sort 86400 minutes of data
will print details of the first 10 events
will use Pars.Beta (v/c) correction of 0.033000
will sort using a time window of 150
Pars.do_bin_mode2=1
Pars.do_bin_mode3=1
will accept second interaction range between 10.000000 and 500.000000 mm
"1-200"
detector   1 is ENABLED
detector   2 is ENABLED
detector   3 is ENABLED
detector   4 is ENABLED
detector   5 is ENABLED
detector   6 is ENABLED
detector   7 is ENABLED
detector   8 is ENABLED
detector   9 is ENABLED
detector  10 is ENABLED
detector  11 is ENABLED
detector  12 is ENABLED
detector  13 is ENABLED
detector  14 is ENABLED
detector  15 is ENABLED
detector  16 is ENABLED
detector  17 is ENABLED
detector  18 is ENABLED
detector  19 is ENABLED
detector  20 is ENABLED
detector  21 is ENABLED
detector  22 is ENABLED
detector  23 is ENABLED
detector  24 is ENABLED
detector  25 is ENABLED
detector  26 is ENABLED
detector  27 is ENABLED
detector  28 is ENABLED
detector  29 is ENABLED
detector  30 is ENABLED
detector  31 is ENABLED
detector  32 is ENABLED
detector  33 is ENABLED
detector  34 is ENABLED
detector  35 is ENABLED
detector  36 is ENABLED
detector  37 is ENABLED
detector  38 is ENABLED
detector  39 is ENABLED
detector  40 is ENABLED
detector  41 is ENABLED
detector  42 is ENABLED
detector  43 is ENABLED
detector  44 is ENABLED
detector  45 is ENABLED
detector  46 is ENABLED
detector  47 is ENABLED
detector  48 is ENABLED
detector  49 is ENABLED
detector  50 is ENABLED
detector  51 is ENABLED
detector  52 is ENABLED
detector  53 is ENABLED
detector  54 is ENABLED
detector  55 is ENABLED
detector  56 is ENABLED
detector  57 is ENABLED
detector  58 is ENABLED
detector  59 is ENABLED
detector  60 is ENABLED
detector  61 is ENABLED
detector  62 is ENABLED
detector  63 is ENABLED
detector  64 is ENABLED
detector  65 is ENABLED
detector  66 is ENABLED
detector  67 is ENABLED
detector  68 is ENABLED
detector  69 is ENABLED
detector  70 is ENABLED
detector  71 is ENABLED
detector  72 is ENABLED
detector  73 is ENABLED
detector  74 is ENABLED
detector  75 is ENABLED
detector  76 is ENABLED
detector  77 is ENABLED
detector  78 is ENABLED
detector  79 is ENABLED
detector  80 is ENABLED
detector  81 is ENABLED
detector  82 is ENABLED
detector  83 is ENABLED
detector  84 is ENABLED
detector  85 is ENABLED
detector  86 is ENABLED
detector  87 is ENABLED
detector  88 is ENABLED
detector  89 is ENABLED
detector  90 is ENABLED
detector  91 is ENABLED
detector  92 is ENABLED
detector  93 is ENABLED
detector  94 is ENABLED
detector  95 is ENABLED
detector  96 is ENABLED
detector  97 is ENABLED
detector  98 is ENABLED
detector  99 is ENABLED
detector 100 is ENABLED
detector 101 is ENABLED
detector 102 is ENABLED
detector 103 is ENABLED
detector 104 is ENABLED
detector 105 is ENABLED
detector 106 is ENABLED
detector 107 is ENABLED
detector 108 is ENABLED
detector 109 is ENABLED
detector 110 is ENABLED
detector 111 is ENABLED
detector 112 is ENABLED
detector 113 is ENABLED
detector 114 is ENABLED
detector 115 is ENABLED
detector 116 is ENABLED
detector 117 is ENABLED
detector 118 is ENABLED
detector 119 is ENABLED
detector 120 is ENABLED
detector 121 is ENABLED
detector 122 is ENABLED
detector 123 is ENABLED
detector 124 is ENABLED
detector 125 is ENABLED
detector 126 is ENABLED
detector 127 is ENABLED
detector 128 is ENABLED
detector 129 is ENABLED
detector 130 is ENABLED
detector 131 is ENABLED
detector 132 is ENABLED
detector 133 is ENABLED
detector 134 is ENABLED
detector 135 is ENABLED
detector 136 is ENABLED
detector 137 is ENABLED
detector 138 is ENABLED
detector 139 is ENABLED
detector 140 is ENABLED
detector 141 is ENABLED
detector 142 is ENABLED
detector 143 is ENABLED
detector 144 is ENABLED
detector 145 is ENABLED
detector 146 is ENABLED
detector 147 is ENABLED
detector 148 is ENABLED
detector 149 is ENABLED
detector 150 is ENABLED
detector 151 is ENABLED
detector 152 is ENABLED
detector 153 is ENABLED
detector 154 is ENABLED
detector 155 is ENABLED
detector 156 is ENABLED
detector 157 is ENABLED
detector 158 is ENABLED
detector 159 is ENABLED
detector 160 is ENABLED
detector 161 is ENABLED
detector 162 is ENABLED
detector 163 is ENABLED
detector 164 is ENABLED
detector 165 is ENABLED
detector 166 is ENABLED
detector 167 is ENABLED
detector 168 is ENABLED
detector 169 is ENABLED
detector 170 is ENABLED
detector 171 is ENABLED
detector 172 is ENABLED
detector 173 is ENABLED
detector 174 is ENABLED
detector 175 is ENABLED
detector 176 is ENABLED
detector 177 is ENABLED
detector 178 is ENABLED
detector 179 is ENABLED
detector 180 is ENABLED
detector 181 is ENABLED
detector 182 is ENABLED
detector 183 is ENABLED
detector 184 is ENABLED
detector 185 is ENABLED
detector 186 is ENABLED
detector 187 is ENABLED
detector 188 is ENABLED
detector 189 is ENABLED
detector 190 is ENABLED
detector 191 is ENABLED
detector 192 is ENABLED
detector 193 is ENABLED
detector 194 is ENABLED
detector 195 is ENABLED
detector 196 is ENABLED
detector 197 is ENABLED
detector 198 is ENABLED
detector 199 is ENABLED
WARNING: could not open CCcal file "CCenergy.cal", quit
will use beam direction 0.000000 0.000000 1.000000
vector length= 1.000000, normalizing
will use beam direction 0.000000 0.000000 1.000000
Pars.ndetlimlo=1,Pars.ndetlimhi=8
will require mult bt: 1 20
fomlimits, 1, 0.00 ..to.. 0.80
fomlimits, 2, 0.00 ..to.. 0.80
fomlimits, 3, 0.00 ..to.. 0.80
fomlimits, 4, 0.00 ..to.. 0.80
fomlimits, 5, 0.00 ..to.. 0.80
fomlimits, 6, 0.00 ..to.. 0.80
fomlimits, 7, 0.00 ..to.. 0.80
will use M= 350.000000 in bin_dgs
will use PZ file "dgs_pz.cal" in bin_dgs
will use ecal file "dgs_ehi.cal" in bin_dgs
will skip rest of chat file

chat file: <GEBSort.chat> closed
processed 39 sort instructions and 198 lines


sorting this:
Pars.do_bin_mode3 = 1
Pars.do_bin_mode2 = 1
Pars.do_bin_mode1 = 0
Pars.do_bin_dgs = 0
Pars.do_bin_dfma = 0
Pars.do_bin_gtcal = 0
Pars.do_bin_template = 0
Pars.do_bin_final = 0
Pars.do_bin_angcor = 0
Pars.do_bin_angdis = 0
checking proper input of chat file...
input file "/lcrc/project/HELIOS/gretinafma/merged_data/GEBMerged_run173.gtd_000" is open, inData=0x24e06a60
file size is -6952540 bytes or -6 MBs 
input source is set up, supposedly

xyz offset values:

executing ShareMemFileUserInit.h code

deleted \rm -f GEBSort.command
root file </lcrc/project/HELIOS/gretinafma/root_data/run173.root>
base=</lcrc/project/HELIOS/gretinafma/root_data/run173.root:/>
TFile: name=/lcrc/project/HELIOS/gretinafma/root_data/run173.root, title=, option=CREATE

executing UserInit.h code

Created Object "dtbtev", 0x25e5bf50
Created Object "T0", 0x25e5c360
, "T0"Created Object "hitpat", 0x25e5c750
, "hitpat"Created Object "numHitArray2", 0x25e5d1a0
, "numHitArray2"Created Object "CCmult", 0x25e5dbf0
, "CC Multiplicity"Created Object "CCsum", 0x2612f9b0
, "CCsum"Created Object "hit2", 0x2613f7c0
, "hit2"Created Object "hit3", 0x2614f5d0
, "hit3"Created Object "hit4", 0x2615f3e0
, "hit4"Created Object "CCsum_nodop", 0x2616f1f0
, "CCsum_nodop"Created Object "CCadd", 0x2617f000
, "CCadd"Created Object "SEGadd_FPGA", 0x2618ee10
Created Object "SEGadd_PSA", 0x2618f220
Created Object "SEGsum_FPGA", 0x2618f630
Created Object "SEGsum_PSA", 0x2618fa40
Created Object "radius_all", 0x2618fe50
, "radius (all points)"Created Object "rate_mode2_min", 0x26198260
, "rate_mode2_min headers"Created Object "rate_mode2_sec", 0x2619b370
, "rate_mode2_sec headers"Created Object "rate_mode2_intp", 0x2619e480
, "rate_mode2 interaction points"Created Object "cdtbtev", 0x261a1590
Created Object "evsr_all", 0x26267440
Created Object "SMAP_allhits", 0x26267980
Created Object "SMAP_allhits_sq", 0x26367310
Created Object "seghitpat", 0x26466ca0
Created Object "CCe", 0x2646f0a0
Created Object "ggCC", 0x2646f650
Created Object "z_plot", 0x2646fc00
Created Object "crystal_hit", 0x265232d0
Created Object "SegE", 0x265238a0
Created Object "crXcr", 0x26523de0
MAXDETPOS=180
Created Object "eCC_a", 0x266119c0
Created Object "eCC_b", 0x26611dd0
Created Object "eCC_c", 0x26612240
Created Object "eCC_d", 0x266127f0
Created Object "eSeg", 0x26612d30
Created Object "mode3_hitpat", 0x266132e0
, "mode3_hitpat"Created Object "mode3_hitpat_chan", 0x26613c50
, "mode3_hitpat_chan"Created Object "chan0", 0x26614380
, "chan0"Created Object "module", 0x266281b0
, "module"Created Object "chan", 0x2663bfe0
Created Object "l", 0x266b1900
, "l"Created Object "r", 0x266c5730
, "r"Created Object "up", 0x266d94f0
, "up"Created Object "down", 0x266ed2b0
, "down"Created Object "sumlr", 0x267010e0
, "sumlr"Created Object "sumud", 0x26714f10
, "sumud"Created Object "x", 0x26728d40
, "x"Created Object "y", 0x2673cb70
, "y"Created Object "de1", 0x267509a0
, "de1"Created Object "de2", 0x26764760
, "de2"Created Object "de3", 0x26778520
, "de3"Created Object "de12", 0x2678c350
, "de12"Created Object "etot", 0x267a0180
, "etot"Created Object "rftof", 0x267b3f40
, "rftof"Created Object "lr", 0x267c7d00
Created Object "ud", 0x267c8240
Created Object "ede1", 0x267c8780
Created Object "ede1g", 0x267c8cc0
Created Object "ede2", 0x267c9270
Created Object "ede12", 0x267c9820
Created Object "xde1", 0x267c9dd0
Created Object "erftof", 0x267ca310
Created Object "erftofg", 0x267ca850
Created Object "sumehi", 0x267cae00
, "sumehi"Created Object "tgppac", 0x267debc0
, "tgppac"Created Object "tgppacg", 0x26806270
, "tgppacg"Created Object "xehi1", 0x2682d920
Created Object "xehi1g", 0x2682de60
Created Object "de1ehi", 0x2682e410
Created Object "de1ehig", 0x2682e950
Created Object "ng", 0x2682ee90
, "ng"Created Object "ehiz1", 0x26842c50
, "ehiz1"Created Object "ehiz2", 0x26856a10
, "ehiz2"Created Object "ehiz3", 0x2686a840
, "ehiz3"Created Object "ehiz4", 0x2687e670
, "ehiz4"Created Object "ehiz5", 0x268924a0
, "ehiz5"Created Object "gg_dt", 0x268a6260
, "gg_dt"Created Object "gg", 0x268aa690
Created Object "gg_z1", 0x268aac40
Created Object "gg_z2", 0x268ab1f0
Created Object "gg_z3", 0x268ab7a0
Created Object "gg_z4", 0x268abd50
Created Object "gg_z5", 0x268ac290
we have define the following ROOT spectra:
Collection name='THashList', class='THashList', size=84
 TH1.Print Name  = dtbtev, Entries= 0, Total sum= 0
 TH1.Print Name  = T0, Entries= 0, Total sum= 0
 TH1.Print Name  = hitpat, Entries= 0, Total sum= 0
 TH1.Print Name  = numHitArray2, Entries= 0, Total sum= 0
 TH1.Print Name  = CCmult, Entries= 0, Total sum= 0
 TH1.Print Name  = CCsum, Entries= 0, Total sum= 0
 TH1.Print Name  = hit2, Entries= 0, Total sum= 0
 TH1.Print Name  = hit3, Entries= 0, Total sum= 0
 TH1.Print Name  = hit4, Entries= 0, Total sum= 0
 TH1.Print Name  = CCsum_nodop, Entries= 0, Total sum= 0
 TH1.Print Name  = CCadd, Entries= 0, Total sum= 0
 TH1.Print Name  = SEGadd_FPGA, Entries= 0, Total sum= 0
 TH1.Print Name  = SEGadd_PSA, Entries= 0, Total sum= 0
 TH1.Print Name  = SEGsum_FPGA, Entries= 0, Total sum= 0
 TH1.Print Name  = SEGsum_PSA, Entries= 0, Total sum= 0
 TH1.Print Name  = radius_all, Entries= 0, Total sum= 0
 TH1.Print Name  = rate_mode2_min, Entries= 0, Total sum= 0
 TH1.Print Name  = rate_mode2_sec, Entries= 0, Total sum= 0
 TH1.Print Name  = rate_mode2_intp, Entries= 0, Total sum= 0
 TH1.Print Name  = cdtbtev, Entries= 0, Total sum= 0
 TH1.Print Name  = evsr_all, Entries= 0, Total sum= 0
 TH1.Print Name  = SMAP_allhits, Entries= 0, Total sum= 0
 TH1.Print Name  = SMAP_allhits_sq, Entries= 0, Total sum= 0
 TH1.Print Name  = seghitpat, Entries= 0, Total sum= 0
 TH1.Print Name  = CCe, Entries= 0, Total sum= 0
 TH1.Print Name  = ggCC, Entries= 0, Total sum= 0
 TH1.Print Name  = z_plot, Entries= 0, Total sum= 0
 TH1.Print Name  = crystal_hit, Entries= 0, Total sum= 0
 TH1.Print Name  = SegE, Entries= 0, Total sum= 0
 TH1.Print Name  = crXcr, Entries= 0, Total sum= 0
 ******************************************************************************
*Tree    :tree      : tree                                                   *
*Entries :        0 : Total =            8461 bytes  File  Size =          0 *
*        :          : Tree compression factor =   1.00                       *
******************************************************************************
*Br    0 :runNumber : runNumber/I                                            *
*Entries :        0 : Total  Size=        501 bytes  One basket in memory    *
*Baskets :        0 : Basket Size=      32000 bytes  Compression=   1.00     *
*............................................................................*
*Br    1 :numHits   : numHits/I                                              *
*Entries :        0 : Total  Size=        493 bytes  One basket in memory    *
*Baskets :        0 : Basket Size=      32000 bytes  Compression=   1.00     *
*............................................................................*
*Br    2 :left      : left[numHits]/F                                        *
*Entries :        0 : Total  Size=        580 bytes  One basket in memory    *
*Baskets :        0 : Basket Size=      32000 bytes  Compression=   1.00     *
*............................................................................*
*Br    3 :right     : right[numHits]/F                                       *
*Entries :        0 : Total  Size=        584 bytes  One basket in memory    *
*Baskets :        0 : Basket Size=      32000 bytes  Compression=   1.00     *
*............................................................................*
*Br    4 :up        : up[numHits]/F                                          *
*Entries :        0 : Total  Size=        572 bytes  One basket in memory    *
*Baskets :        0 : Basket Size=      32000 bytes  Compression=   1.00     *
*............................................................................*
*Br    5 :down      : down[numHits]/F                                        *
*Entries :        0 : Total  Size=        580 bytes  One basket in memory    *
*Baskets :        0 : Basket Size=      32000 bytes  Compression=   1.00     *
*............................................................................*
*Br    6 :e1        : e1[numHits]/F                                          *
*Entries :        0 : Total  Size=        572 bytes  One basket in memory    *
*Baskets :        0 : Basket Size=      32000 bytes  Compression=   1.00     *
*............................................................................*
*Br    7 :e2        : e2[numHits]/F                                          *
*Entries :        0 : Total  Size=        572 bytes  One basket in memory    *
*Baskets :        0 : Basket Size=      32000 bytes  Compression=   1.00     *
*............................................................................*
*Br    8 :e3        : e3[numHits]/F                                          *
*Entries :        0 : Total  Size=        572 bytes  One basket in memory    *
*Baskets :        0 : Basket Size=      32000 bytes  Compression=   1.00     *
*............................................................................*
*Br    9 :tac       : tac[numHits]/F                                         *
*Entries :        0 : Total  Size=        576 bytes  One basket in memory    *
*Baskets :        0 : Basket Size=      32000 bytes  Compression=   1.00     *
*............................................................................*
*Br   10 :fmaDeltaTime : fmaDeltaTime[numHits]/F                             *
*Entries :        0 : Total  Size=        612 bytes  One basket in memory    *
*Baskets :        0 : Basket Size=      32000 bytes  Compression=   1.00     *
*............................................................................*
*Br   11 :fmaMult   : fmaMult[10]/I                                          *
*Entries :        0 : Total  Size=        501 bytes  One basket in memory    *
*Baskets :        0 : Basket Size=      32000 bytes  Compression=   1.00     *
*............................................................................*
*Br   12 :gammaMult : gammaMult/I                                            *
*Entries :        0 : Total  Size=        501 bytes  One basket in memory    *
*Baskets :        0 : Basket Size=      32000 bytes  Compression=   1.00     *
*............................................................................*
*Br   13 :gammaEnergy : gammaEnergy[gammaMult]/F                             *
*Entries :        0 : Total  Size=        616 bytes  One basket in memory    *
*Baskets :        0 : Basket Size=      32000 bytes  Compression=   1.00     *
*............................................................................*
*Br   14 :gammaTimestamp : gammaTimestamp[gammaMult]/F                       *
*Entries :        0 : Total  Size=        628 bytes  One basket in memory    *
*Baskets :        0 : Basket Size=      32000 bytes  Compression=   1.00     *
*............................................................................*
*Br   15 :deltaTime : deltaTime[gammaMult]/F                                 *
*Entries :        0 : Total  Size=        608 bytes  One basket in memory    *
*Baskets :        0 : Basket Size=      32000 bytes  Compression=   1.00     *
*............................................................................*
 TH1.Print Name  = eCC_a, Entries= 0, Total sum= 0
 TH1.Print Name  = eCC_b, Entries= 0, Total sum= 0
 TH1.Print Name  = eCC_c, Entries= 0, Total sum= 0
 TH1.Print Name  = eCC_d, Entries= 0, Total sum= 0
 TH1.Print Name  = eSeg, Entries= 0, Total sum= 0
 TH1.Print Name  = mode3_hitpat, Entries= 0, Total sum= 0
 TH1.Print Name  = mode3_hitpat_chan, Entries= 0, Total sum= 0
 TH1.Print Name  = chan0, Entries= 0, Total sum= 0
 TH1.Print Name  = module, Entries= 0, Total sum= 0
 TH1.Print Name  = chan, Entries= 0, Total sum= 0
 TH1.Print Name  = l, Entries= 0, Total sum= 0
 TH1.Print Name  = r, Entries= 0, Total sum= 0
 TH1.Print Name  = up, Entries= 0, Total sum= 0
 TH1.Print Name  = down, Entries= 0, Total sum= 0
 TH1.Print Name  = sumlr, Entries= 0, Total sum= 0
 TH1.Print Name  = sumud, Entries= 0, Total sum= 0
 TH1.Print Name  = x, Entries= 0, Total sum= 0
 TH1.Print Name  = y, Entries= 0, Total sum= 0
 TH1.Print Name  = de1, Entries= 0, Total sum= 0
 TH1.Print Name  = de2, Entries= 0, Total sum= 0
 TH1.Print Name  = de3, Entries= 0, Total sum= 0
 TH1.Print Name  = de12, Entries= 0, Total sum= 0
 TH1.Print Name  = etot, Entries= 0, Total sum= 0
 TH1.Print Name  = rftof, Entries= 0, Total sum= 0
 TH1.Print Name  = lr, Entries= 0, Total sum= 0
 TH1.Print Name  = ud, Entries= 0, Total sum= 0
 TH1.Print Name  = ede1, Entries= 0, Total sum= 0
 TH1.Print Name  = ede1g, Entries= 0, Total sum= 0
 TH1.Print Name  = ede2, Entries= 0, Total sum= 0
 TH1.Print Name  = ede12, Entries= 0, Total sum= 0
 TH1.Print Name  = xde1, Entries= 0, Total sum= 0
 TH1.Print Name  = erftof, Entries= 0, Total sum= 0
 TH1.Print Name  = erftofg, Entries= 0, Total sum= 0
 TH1.Print Name  = sumehi, Entries= 0, Total sum= 0
 TH1.Print Name  = tgppac, Entries= 0, Total sum= 0
 TH1.Print Name  = tgppacg, Entries= 0, Total sum= 0
 TH1.Print Name  = xehi1, Entries= 0, Total sum= 0
 TH1.Print Name  = xehi1g, Entries= 0, Total sum= 0
 TH1.Print Name  = de1ehi, Entries= 0, Total sum= 0
 TH1.Print Name  = de1ehig, Entries= 0, Total sum= 0
 TH1.Print Name  = ng, Entries= 0, Total sum= 0
 TH1.Print Name  = ehiz1, Entries= 0, Total sum= 0
 TH1.Print Name  = ehiz2, Entries= 0, Total sum= 0
 TH1.Print Name  = ehiz3, Entries= 0, Total sum= 0
 TH1.Print Name  = ehiz4, Entries= 0, Total sum= 0
 TH1.Print Name  = ehiz5, Entries= 0, Total sum= 0
 TH1.Print Name  = gg_dt, Entries= 0, Total sum= 0
 TH1.Print Name  = gg, Entries= 0, Total sum= 0
 TH1.Print Name  = gg_z1, Entries= 0, Total sum= 0
 TH1.Print Name  = gg_z2, Entries= 0, Total sum= 0
 TH1.Print Name  = gg_z3, Entries= 0, Total sum= 0
 TH1.Print Name  = gg_z4, Entries= 0, Total sum= 0
 TH1.Print Name  = gg_z5, Entries= 0, Total sum= 0
GRETINA detector angles
mod  1, crystal 0 [  4]: ( 10.07   3.58  15.10) pol   35.30 ,  azi   13.35; pol   35.30 ,  azi   19.58; modCCdopfac[4] 1.0271
mod  1, crystal 1 [  5]: ( 10.11   9.19  12.47) pol   47.60 ,  azi   36.39; pol   47.60 ,  azi   42.30; modCCdopfac[5] 1.0222
mod  1, crystal 2 [  6]: (  5.44   7.69  15.92) pol   30.60 ,  azi   25.77; pol   30.60 ,  azi   54.72; modCCdopfac[6] 1.0287
mod  1, crystal 3 [  7]: (  4.99   1.78  17.72) pol   16.65 ,  azi    5.72; pol   16.65 ,  azi   19.58; modCCdopfac[7] 1.0321
mod  2, crystal 0 [  8]: ( -0.29  10.69  15.10) pol   35.30 ,  azi   35.29; pol   35.30 ,  azi   91.58; modCCdopfac[8] 1.0271
mod  2, crystal 1 [  9]: ( -5.62  12.45  12.47) pol   47.60 ,  azi   44.95; pol   47.60 ,  azi  114.30; modCCdopfac[9] 1.0222
mod  2, crystal 2 [ 10]: ( -5.63   7.55  15.92) pol   30.60 ,  azi   25.36; pol   30.60 ,  azi  126.72; modCCdopfac[10] 1.0287
mod  2, crystal 3 [ 11]: ( -0.15   5.30  17.72) pol   16.65 ,  azi   16.64; pol   16.65 ,  azi   91.58; modCCdopfac[11] 1.0321
mod  3, crystal 0 [ 12]: (-10.25   3.02  15.10) pol   35.30 ,  azi   11.32; pol   35.30 ,  azi  163.58; modCCdopfac[12] 1.0271
mod  3, crystal 1 [ 13]: (-13.58  -1.50  12.47) pol   47.60 ,  azi   -6.85; pol   47.60 ,  azi -173.70; modCCdopfac[13] 1.0222
mod  3, crystal 2 [ 14]: ( -8.92  -3.02  15.92) pol   30.60 ,  azi  -10.75; pol   30.60 ,  azi -161.28; modCCdopfac[14] 1.0287
mod  3, crystal 3 [ 15]: ( -5.08   1.50  17.72) pol   16.65 ,  azi    4.83; pol   16.65 ,  azi  163.58; modCCdopfac[15] 1.0321
mod  4, crystal 0 [ 16]: ( -6.04  -8.82  15.10) pol   35.30 ,  azi  -30.29; pol   35.30 ,  azi -124.42; modCCdopfac[16] 1.0271
mod  4, crystal 1 [ 17]: ( -2.77 -13.38  12.47) pol   47.60 ,  azi  -47.00; pol   47.60 ,  azi -101.70; modCCdopfac[17] 1.0222
mod  4, crystal 2 [ 18]: (  0.12  -9.42  15.92) pol   30.60 ,  azi  -30.60; pol   30.60 ,  azi  -89.28; modCCdopfac[18] 1.0287
mod  4, crystal 3 [ 19]: ( -3.00  -4.37  17.72) pol   16.65 ,  azi  -13.86; pol   16.65 ,  azi -124.42; modCCdopfac[19] 1.0321
mod  5, crystal 0 [ 20]: (  6.52  -8.47  15.10) pol   35.30 ,  azi  -29.30; pol   35.30 ,  azi  -52.42; modCCdopfac[20] 1.0271
mod  5, crystal 1 [ 21]: ( 11.87  -6.77  12.47) pol   47.60 ,  azi  -28.49; pol   47.60 ,  azi  -29.70; modCCdopfac[21] 1.0222
mod  5, crystal 2 [ 22]: (  8.99  -2.80  15.92) pol   30.60 ,  azi   -9.96; pol   30.60 ,  azi  -17.28; modCCdopfac[22] 1.0287
mod  5, crystal 3 [ 23]: (  3.23  -4.20  17.72) pol   16.65 ,  azi  -13.33; pol   16.65 ,  azi  -52.42; modCCdopfac[23] 1.0321
mod  6, crystal 0 [ 24]: (  4.54  16.51   7.02) pol   67.71 ,  azi   66.97; pol   67.71 ,  azi   74.63; modCCdopfac[24] 1.0121
mod  6, crystal 1 [ 25]: ( -0.33  15.15  10.61) pol   55.02 ,  azi   55.01; pol   55.02 ,  azi   91.23; modCCdopfac[25] 1.0187
mod  6, crystal 2 [ 26]: (  5.05  13.00  12.16) pol   48.92 ,  azi   46.92; pol   48.92 ,  azi   68.77; modCCdopfac[26] 1.0216
mod  6, crystal 3 [ 27]: (  9.66  13.57   8.06) pol   64.18 ,  azi   59.29; pol   64.18 ,  azi   54.55; modCCdopfac[27] 1.0140
mod  7, crystal 0 [ 28]: (-14.30   9.42   7.02) pol   67.71 ,  azi   53.31; pol   67.71 ,  azi  146.63; modCCdopfac[28] 1.0121
mod  7, crystal 1 [ 29]: (-14.51   4.37  10.61) pol   55.02 ,  azi   22.40; pol   55.02 ,  azi  163.23; modCCdopfac[29] 1.0187
mod  7, crystal 2 [ 30]: (-10.80   8.82  12.16) pol   48.92 ,  azi   35.96; pol   48.92 ,  azi  140.77; modCCdopfac[30] 1.0216
mod  7, crystal 3 [ 31]: ( -9.92  13.38   8.06) pol   64.18 ,  azi   58.94; pol   64.18 ,  azi  126.55; modCCdopfac[31] 1.0140
mod  8, crystal 0 [ 32]: (-13.37 -10.69   7.02) pol   67.71 ,  azi  -56.71; pol   67.71 ,  azi -141.37; modCCdopfac[32] 1.0121
mod  8, crystal 1 [ 33]: ( -8.64 -12.45  10.61) pol   55.02 ,  azi  -49.58; pol   55.02 ,  azi -124.77; modCCdopfac[33] 1.0187
mod  8, crystal 2 [ 34]: (-11.73  -7.55  12.16) pol   48.92 ,  azi  -31.84; pol   48.92 ,  azi -147.23; modCCdopfac[34] 1.0216
mod  8, crystal 3 [ 35]: (-15.79  -5.30   8.06) pol   64.18 ,  azi  -33.33; pol   64.18 ,  azi -161.45; modCCdopfac[35] 1.0140
mod  9, crystal 0 [ 36]: (  6.03 -16.02   7.02) pol   67.71 ,  azi  -66.35; pol   67.71 ,  azi  -69.37; modCCdopfac[36] 1.0121
mod  9, crystal 1 [ 37]: (  9.17 -12.07  10.61) pol   55.02 ,  azi  -48.69; pol   55.02 ,  azi  -52.77; modCCdopfac[37] 1.0187
mod  9, crystal 2 [ 38]: (  3.56 -13.48  12.16) pol   48.92 ,  azi  -47.96; pol   48.92 ,  azi  -75.23; modCCdopfac[38] 1.0216
mod  9, crystal 3 [ 39]: (  0.16 -16.65   8.06) pol   64.18 ,  azi  -64.18; pol   64.18 ,  azi  -89.45; modCCdopfac[39] 1.0140
mod 10, crystal 0 [ 40]: ( 17.10   0.79   7.02) pol   67.71 ,  azi    6.39; pol   67.71 ,  azi    2.63; modCCdopfac[40] 1.0121
mod 10, crystal 1 [ 41]: ( 14.31   4.99  10.61) pol   55.02 ,  azi   25.21; pol   55.02 ,  azi   19.23; modCCdopfac[41] 1.0187
mod 10, crystal 2 [ 42]: ( 13.92  -0.79  12.16) pol   48.92 ,  azi   -3.70; pol   48.92 ,  azi   -3.23; modCCdopfac[42] 1.0216
mod 10, crystal 3 [ 43]: ( 15.89  -4.99   8.06) pol   64.18 ,  azi  -31.79; pol   64.18 ,  azi  -17.45; modCCdopfac[43] 1.0140
mod 11, crystal 0 [ 44]: ( 18.26   2.80   0.92) pol   87.15 ,  azi   71.78; pol   87.15 ,  azi    8.71; modCCdopfac[44] 1.0011
mod 11, crystal 1 [ 45]: ( 17.30   4.20  -5.04) pol  105.79 ,  azi  140.16; pol  105.79 ,  azi   13.65; modCCdopfac[45] 0.9906
mod 11, crystal 2 [ 46]: ( 16.42   8.47  -0.92) pol   92.85 ,  azi   96.20; pol   92.85 ,  azi   27.29; modCCdopfac[46] 0.9978
mod 11, crystal 3 [ 47]: ( 16.46   6.77   5.04) pol   74.21 ,  azi   53.36; pol   74.21 ,  azi   22.35; modCCdopfac[47] 1.0085
mod 12, crystal 0 [ 48]: ( 12.46  13.48  -2.26) pol   97.01 ,  azi   99.50; pol   97.01 ,  azi   47.25; modCCdopfac[48] 0.9954
mod 12, crystal 1 [ 49]: (  7.28  16.65  -3.46) pol  100.78 ,  azi  101.74; pol  100.78 ,  azi   66.39; modCCdopfac[49] 0.9933
mod 12, crystal 2 [ 50]: (  8.97  16.02   2.26) pol   82.99 ,  azi   81.98; pol   82.99 ,  azi   60.75; modCCdopfac[50] 1.0035
mod 12, crystal 3 [ 51]: ( 13.59  12.07   3.46) pol   79.22 ,  azi   74.00; pol   79.22 ,  azi   41.61; modCCdopfac[51] 1.0057
mod 13, crystal 0 [ 52]: (  2.98  18.23   0.92) pol   87.15 ,  azi   87.11; pol   87.15 ,  azi   80.71; modCCdopfac[52] 1.0011
mod 13, crystal 1 [ 53]: (  1.35  17.75  -5.04) pol  105.79 ,  azi  105.84; pol  105.79 ,  azi   85.65; modCCdopfac[53] 0.9906
mod 13, crystal 2 [ 54]: ( -2.98  18.23  -0.92) pol   92.85 ,  azi   92.89; pol   92.85 ,  azi   99.29; modCCdopfac[54] 0.9978
mod 13, crystal 3 [ 55]: ( -1.35  17.75   5.04) pol   74.21 ,  azi   74.16; pol   74.21 ,  azi   94.35; modCCdopfac[55] 1.0085
mod 14, crystal 0 [ 56]: ( -8.97  16.02  -2.26) pol   97.01 ,  azi   98.02; pol   97.01 ,  azi  119.25; modCCdopfac[56] 0.9954
mod 14, crystal 1 [ 57]: (-13.59  12.07  -3.46) pol  100.78 ,  azi  106.00; pol  100.78 ,  azi  138.39; modCCdopfac[57] 0.9933
mod 14, crystal 2 [ 58]: (-12.46  13.48   2.26) pol   82.99 ,  azi   80.50; pol   82.99 ,  azi  132.75; modCCdopfac[58] 1.0035
mod 14, crystal 3 [ 59]: ( -7.28  16.65   3.46) pol   79.22 ,  azi   78.26; pol   79.22 ,  azi  113.61; modCCdopfac[59] 1.0057
mod 15, crystal 0 [ 60]: (-16.42   8.47   0.92) pol   87.15 ,  azi   83.80; pol   87.15 ,  azi  152.71; modCCdopfac[60] 1.0011
mod 15, crystal 1 [ 61]: (-16.46   6.77  -5.04) pol  105.79 ,  azi  126.64; pol  105.79 ,  azi  157.65; modCCdopfac[61] 0.9906
mod 15, crystal 2 [ 62]: (-18.26   2.80  -0.92) pol   92.85 ,  azi  108.22; pol   92.85 ,  azi  171.29; modCCdopfac[62] 0.9978
mod 15, crystal 3 [ 63]: (-17.30   4.20   5.04) pol   74.21 ,  azi   39.84; pol   74.21 ,  azi  166.35; modCCdopfac[63] 1.0085
mod 16, crystal 0 [ 64]: (-18.01  -3.58  -2.26) pol   97.01 ,  azi -122.21; pol   97.01 ,  azi -168.75; modCCdopfac[64] 0.9954
mod 16, crystal 1 [ 65]: (-15.68  -9.19  -3.46) pol  100.78 ,  azi -110.62; pol  100.78 ,  azi -149.61; modCCdopfac[65] 0.9933
mod 16, crystal 2 [ 66]: (-16.68  -7.69   2.26) pol   82.99 ,  azi  -73.64; pol   82.99 ,  azi -155.25; modCCdopfac[66] 1.0035
mod 16, crystal 3 [ 67]: (-18.09  -1.78   3.46) pol   79.22 ,  azi  -27.18; pol   79.22 ,  azi -174.39; modCCdopfac[67] 1.0057
mod 17, crystal 0 [ 68]: (-13.13 -13.00   0.92) pol   87.15 ,  azi  -85.95; pol   87.15 ,  azi -135.29; modCCdopfac[68] 1.0011
mod 17, crystal 1 [ 69]: (-11.53 -13.57  -5.04) pol  105.79 ,  azi -110.36; pol  105.79 ,  azi -130.35; modCCdopfac[69] 0.9906
mod 17, crystal 2 [ 70]: ( -8.30 -16.51  -0.92) pol   92.85 ,  azi  -93.19; pol   92.85 ,  azi -116.71; modCCdopfac[70] 0.9978
mod 17, crystal 3 [ 71]: ( -9.34 -15.15   5.04) pol   74.21 ,  azi  -71.62; pol   74.21 ,  azi -121.65; modCCdopfac[71] 1.0085
mod 18, crystal 0 [ 72]: ( -2.16 -18.23  -2.26) pol   97.01 ,  azi  -97.05; pol   97.01 ,  azi  -96.75; modCCdopfac[72] 0.9954
mod 18, crystal 1 [ 73]: (  3.90 -17.75  -3.46) pol  100.78 ,  azi -101.03; pol  100.78 ,  azi  -77.61; modCCdopfac[73] 0.9933
mod 18, crystal 2 [ 74]: (  2.16 -18.23   2.26) pol   82.99 ,  azi  -82.95; pol   82.99 ,  azi  -83.25; modCCdopfac[74] 1.0035
mod 18, crystal 3 [ 75]: ( -3.90 -17.75   3.46) pol   79.22 ,  azi  -78.97; pol   79.22 ,  azi -102.39; modCCdopfac[75] 1.0057
mod 19, crystal 0 [ 76]: (  8.30 -16.51   0.92) pol   87.15 ,  azi  -86.81; pol   87.15 ,  azi  -63.29; modCCdopfac[76] 1.0011
mod 19, crystal 1 [ 77]: (  9.34 -15.15  -5.04) pol  105.79 ,  azi -108.38; pol  105.79 ,  azi  -58.35; modCCdopfac[77] 0.9906
mod 19, crystal 2 [ 78]: ( 13.13 -13.00  -0.92) pol   92.85 ,  azi  -94.05; pol   92.85 ,  azi  -44.71; modCCdopfac[78] 0.9978
mod 19, crystal 3 [ 79]: ( 11.53 -13.57   5.04) pol   74.21 ,  azi  -69.64; pol   74.21 ,  azi  -49.65; modCCdopfac[79] 1.0085
mod 20, crystal 0 [ 80]: ( 16.68  -7.69  -2.26) pol   97.01 ,  azi -106.36; pol   97.01 ,  azi  -24.75; modCCdopfac[80] 0.9954
mod 20, crystal 1 [ 81]: ( 18.09  -1.78  -3.46) pol  100.78 ,  azi -152.82; pol  100.78 ,  azi   -5.61; modCCdopfac[81] 0.9933
mod 20, crystal 2 [ 82]: ( 18.01  -3.58   2.26) pol   82.99 ,  azi  -57.79; pol   82.99 ,  azi  -11.25; modCCdopfac[82] 1.0035
mod 20, crystal 3 [ 83]: ( 15.68  -9.19   3.46) pol   79.22 ,  azi  -69.38; pol   79.22 ,  azi  -30.39; modCCdopfac[83] 1.0057
mod 21, crystal 0 [ 84]: ( 14.30   9.42  -7.02) pol  112.29 ,  azi  126.69; pol  112.29 ,  azi   33.37; modCCdopfac[84] 0.9871
mod 21, crystal 1 [ 85]: ( 14.51   4.37 -10.61) pol  124.98 ,  azi  157.60; pol  124.98 ,  azi   16.77; modCCdopfac[85] 0.9809
mod 21, crystal 2 [ 86]: ( 10.80   8.82 -12.16) pol  131.08 ,  azi  144.04; pol  131.08 ,  azi   39.23; modCCdopfac[86] 0.9782
mod 21, crystal 3 [ 87]: (  9.92  13.38  -8.06) pol  115.82 ,  azi  121.06; pol  115.82 ,  azi   53.45; modCCdopfac[87] 0.9853
mod 22, crystal 0 [ 88]: ( -4.54  16.51  -7.02) pol  112.29 ,  azi  113.03; pol  112.29 ,  azi  105.37; modCCdopfac[88] 0.9871
mod 22, crystal 1 [ 89]: (  0.33  15.15 -10.61) pol  124.98 ,  azi  124.99; pol  124.98 ,  azi   88.77; modCCdopfac[89] 0.9809
mod 22, crystal 2 [ 90]: ( -5.05  13.00 -12.16) pol  131.08 ,  azi  133.08; pol  131.08 ,  azi  111.23; modCCdopfac[90] 0.9782
mod 22, crystal 3 [ 91]: ( -9.66  13.57  -8.06) pol  115.82 ,  azi  120.71; pol  115.82 ,  azi  125.45; modCCdopfac[91] 0.9853
mod 23, crystal 0 [ 92]: (-17.10   0.79  -7.02) pol  112.29 ,  azi  173.61; pol  112.29 ,  azi  177.37; modCCdopfac[92] 0.9871
mod 23, crystal 1 [ 93]: (-14.31   4.99 -10.61) pol  124.98 ,  azi  154.79; pol  124.98 ,  azi  160.77; modCCdopfac[93] 0.9809
mod 23, crystal 2 [ 94]: (-13.92  -0.79 -12.16) pol  131.08 ,  azi -176.30; pol  131.08 ,  azi -176.77; modCCdopfac[94] 0.9782
mod 23, crystal 3 [ 95]: (-15.89  -4.99  -8.06) pol  115.82 ,  azi -148.21; pol  115.82 ,  azi -162.55; modCCdopfac[95] 0.9853
mod 24, crystal 0 [ 96]: ( -6.03 -16.02  -7.02) pol  112.29 ,  azi -113.65; pol  112.29 ,  azi -110.63; modCCdopfac[96] 0.9871
mod 24, crystal 1 [ 97]: ( -9.17 -12.07 -10.61) pol  124.98 ,  azi -131.31; pol  124.98 ,  azi -127.23; modCCdopfac[97] 0.9809
mod 24, crystal 2 [ 98]: ( -3.56 -13.48 -12.16) pol  131.08 ,  azi -132.04; pol  131.08 ,  azi -104.77; modCCdopfac[98] 0.9782
mod 24, crystal 3 [ 99]: ( -0.16 -16.65  -8.06) pol  115.82 ,  azi -115.82; pol  115.82 ,  azi  -90.55; modCCdopfac[99] 0.9853
mod 25, crystal 0 [100]: ( 13.37 -10.69  -7.02) pol  112.29 ,  azi -123.29; pol  112.29 ,  azi  -38.63; modCCdopfac[100] 0.9871
mod 25, crystal 1 [101]: (  8.64 -12.45 -10.61) pol  124.98 ,  azi -130.42; pol  124.98 ,  azi  -55.23; modCCdopfac[101] 0.9809
mod 25, crystal 2 [102]: ( 11.73  -7.55 -12.16) pol  131.08 ,  azi -148.16; pol  131.08 ,  azi  -32.77; modCCdopfac[102] 0.9782
mod 25, crystal 3 [103]: ( 15.79  -5.30  -8.06) pol  115.82 ,  azi -146.67; pol  115.82 ,  azi  -18.55; modCCdopfac[103] 0.9853
mod 26, crystal 0 [104]: (  0.29  10.69 -15.10) pol  144.70 ,  azi  144.71; pol  144.70 ,  azi   88.42; modCCdopfac[104] 0.9732
mod 26, crystal 1 [105]: (  5.62  12.45 -12.47) pol  132.40 ,  azi  135.05; pol  132.40 ,  azi   65.70; modCCdopfac[105] 0.9777
mod 26, crystal 2 [106]: (  5.63   7.55 -15.92) pol  149.40 ,  azi  154.64; pol  149.40 ,  azi   53.28; modCCdopfac[106] 0.9718
mod 26, crystal 3 [107]: (  0.15   5.30 -17.72) pol  163.35 ,  azi  163.36; pol  163.35 ,  azi   88.42; modCCdopfac[107] 0.9688
mod 27, crystal 0 [108]: (-10.07   3.58 -15.10) pol  144.70 ,  azi  166.65; pol  144.70 ,  azi  160.42; modCCdopfac[108] 0.9732
mod 27, crystal 1 [109]: (-10.11   9.19 -12.47) pol  132.40 ,  azi  143.61; pol  132.40 ,  azi  137.70; modCCdopfac[109] 0.9777
mod 27, crystal 2 [110]: ( -5.44   7.69 -15.92) pol  149.40 ,  azi  154.23; pol  149.40 ,  azi  125.28; modCCdopfac[110] 0.9718
mod 27, crystal 3 [111]: ( -4.99   1.78 -17.72) pol  163.35 ,  azi  174.28; pol  163.35 ,  azi  160.42; modCCdopfac[111] 0.9688
mod 28, crystal 0 [112]: ( -6.52  -8.47 -15.10) pol  144.70 ,  azi -150.70; pol  144.70 ,  azi -127.58; modCCdopfac[112] 0.9732
mod 28, crystal 1 [113]: (-11.87  -6.77 -12.47) pol  132.40 ,  azi -151.51; pol  132.40 ,  azi -150.30; modCCdopfac[113] 0.9777
mod 28, crystal 2 [114]: ( -8.99  -2.80 -15.92) pol  149.40 ,  azi -170.04; pol  149.40 ,  azi -162.72; modCCdopfac[114] 0.9718
mod 28, crystal 3 [115]: ( -3.23  -4.20 -17.72) pol  163.35 ,  azi -166.67; pol  163.35 ,  azi -127.58; modCCdopfac[115] 0.9688
mod 29, crystal 0 [116]: (  6.04  -8.82 -15.10) pol  144.70 ,  azi -149.71; pol  144.70 ,  azi  -55.58; modCCdopfac[116] 0.9732
mod 29, crystal 1 [117]: (  2.77 -13.38 -12.47) pol  132.40 ,  azi -133.00; pol  132.40 ,  azi  -78.30; modCCdopfac[117] 0.9777
mod 29, crystal 2 [118]: ( -0.12  -9.42 -15.92) pol  149.40 ,  azi -149.40; pol  149.40 ,  azi  -90.72; modCCdopfac[118] 0.9718
mod 29, crystal 3 [119]: (  3.00  -4.37 -17.72) pol  163.35 ,  azi -166.14; pol  163.35 ,  azi  -55.58; modCCdopfac[119] 0.9688
mod 30, crystal 0 [120]: ( 10.25   3.02 -15.10) pol  144.70 ,  azi  168.68; pol  144.70 ,  azi   16.42; modCCdopfac[120] 0.9732
mod 30, crystal 1 [121]: ( 13.58  -1.50 -12.47) pol  132.40 ,  azi -173.15; pol  132.40 ,  azi   -6.30; modCCdopfac[121] 0.9777
mod 30, crystal 2 [122]: (  8.92  -3.02 -15.92) pol  149.40 ,  azi -169.25; pol  149.40 ,  azi  -18.72; modCCdopfac[122] 0.9718
mod 30, crystal 3 [123]: (  5.08   1.50 -17.72) pol  163.35 ,  azi  175.17; pol  163.35 ,  azi   16.42; modCCdopfac[123] 0.9688
setup signal catcher
started sorting... from disk...

Pars.maxTS=4611686018427387904
got initial header, TS=1120933315327 ID: 1 length: 464
read initial payload of siz=464 into event position 1
__ptgd[0]->type= 0; ptgd[0]->length=   0; ptgd[0]->timestamp=0
initial ii=1, nn=1
ev#     0 GEB_TYPE_DECOMP        464Bytes TS=1120933315817 curTS=1120933315327 dTS= 490
t0=1120933315327
first event: GEB_event.mult=1
   0/ 0: ( 1,GEB_TYPE_DECOMP      ) TS=       1120933315327; dT=0
maxTS=9760933315327
that is 86400.0 seconds or 24h0m0s minutes of sorting
GEBGetEv returned st=0
we have read 960 bytes; CurEvNo=1

+++++++++++++++++++++++++++++++
*start event # 1 with multiplicity 1 looks like this:
 0>  1, GEB_TYPE_DECOMP      , TS=1120933315327
entered bin_mode2: 1/10
ptinp->pad= 6, (ptinp->pad&0x000000ff)= 6
updated CCadd with    0.00
total number of hits in array: 0
exit bin_mode2
entered bin_mode3 @ event number: 1 
exit bin_mode3
*end of event # 1
+++++++++++++++++++++++++++++++
ev#     1 GEB_TYPE_DECOMP        464Bytes TS=1120933381437 curTS=1120933315817 dTS= 65620
GEBGetEv returned st=0
we have read 1440 bytes; CurEvNo=2

+++++++++++++++++++++++++++++++
*start event # 2 with multiplicity 1 looks like this:
 0>  1, GEB_TYPE_DECOMP      , TS=1120933315817
entered bin_mode2: 2/10
ptinp->pad= 6, (ptinp->pad&0x000000ff)= 6
updated CCadd with    0.00
total number of hits in array: 0
exit bin_mode2
entered bin_mode3 @ event number: 2 
exit bin_mode3
*end of event # 2
+++++++++++++++++++++++++++++++
ev#     2 GEB_TYPE_DECOMP        464Bytes TS=1120933417557 curTS=1120933381437 dTS= 36120
GEBGetEv returned st=0
we have read 1920 bytes; CurEvNo=3

+++++++++++++++++++++++++++++++
*start event # 3 with multiplicity 1 looks like this:
 0>  1, GEB_TYPE_DECOMP      , TS=1120933381437
entered bin_mode2: 3/10
ptinp->pad= 6, (ptinp->pad&0x000000ff)= 6
updated CCadd with    0.00
total number of hits in array: 0
exit bin_mode2
entered bin_mode3 @ event number: 3 
exit bin_mode3
*end of event # 3
+++++++++++++++++++++++++++++++
ev#     3 GEB_TYPE_DECOMP        464Bytes TS=1120933437007 curTS=1120933417557 dTS= 19450
GEBGetEv returned st=0
we have read 2400 bytes; CurEvNo=4

+++++++++++++++++++++++++++++++
*start event # 4 with multiplicity 1 looks like this:
 0>  1, GEB_TYPE_DECOMP      , TS=1120933417557
entered bin_mode2: 4/10
ptinp->pad= 6, (ptinp->pad&0x000000ff)= 6
updated CCadd with    0.00
total number of hits in array: 0
exit bin_mode2
entered bin_mode3 @ event number: 4 
exit bin_mode3
*end of event # 4
+++++++++++++++++++++++++++++++
ev#     4 GEB_TYPE_DECOMP        464Bytes TS=1120933448987 curTS=1120933437007 dTS= 11980
GEBGetEv returned st=0
we have read 2880 bytes; CurEvNo=5

+++++++++++++++++++++++++++++++
*start event # 5 with multiplicity 1 looks like this:
 0>  1, GEB_TYPE_DECOMP      , TS=1120933437007
entered bin_mode2: 5/10
ptinp->pad= 6, (ptinp->pad&0x000000ff)= 6
updated CCadd with    0.00
total number of hits in array: 0
exit bin_mode2
entered bin_mode3 @ event number: 5 
exit bin_mode3
*end of event # 5
+++++++++++++++++++++++++++++++
ev#     5 GEB_TYPE_DECOMP        464Bytes TS=1120933449023 curTS=1120933448987 dTS= 36
ev#     5 GEB_TYPE_DECOMP        464Bytes TS=1120933449039 curTS=1120933448987 dTS= 52
ev#     5 GEB_TYPE_GT_MOD29      308Bytes TS=1120933468137 curTS=1120933448987 dTS= 19150
GEBGetEv returned st=0
we have read 4164 bytes; CurEvNo=6

+++++++++++++++++++++++++++++++
*start event # 6 with multiplicity 3 looks like this:
 0>  1, GEB_TYPE_DECOMP      , TS=1120933448987
 1>  1, GEB_TYPE_DECOMP      , TS=1120933449023
 2>  1, GEB_TYPE_DECOMP      , TS=1120933449039
entered bin_mode2: 6/10
ptinp->pad= 6, (ptinp->pad&0x000000ff)= 6
ptinp->pad= 6, (ptinp->pad&0x000000ff)= 6
ptinp->pad= 6, (ptinp->pad&0x000000ff)= 6
updated CCadd with    0.00
total number of hits in array: 0
exit bin_mode2
entered bin_mode3 @ event number: 6 
exit bin_mode3
*end of event # 6
+++++++++++++++++++++++++++++++
ev#     6 GEB_TYPE_DECOMP        464Bytes TS=1120933468337 curTS=1120933468137 dTS= 200
GEBGetEv returned st=0
we have read 4644 bytes; CurEvNo=7

+++++++++++++++++++++++++++++++
*start event # 7 with multiplicity 1 looks like this:
 0>  8, GEB_TYPE_GT_MOD29    , TS=1120933468137
entered bin_mode2: 7/10
updated CCadd with    0.00
total number of hits in array: 0
exit bin_mode2
entered bin_mode3 @ event number: 7 

bin_mode3:  0>  8, GEB_TYPE_GT_MOD29    , TS=1120933468137, 0x104fcd757e9; payload length: 308 bytes

---------
new GTheader at pos=0 or 0 words (8):
Event.hdr[ 0]=0x1f34,   7988
Event.hdr[ 1]=0x300a,  12298
Event.hdr[ 2]=0x57e9,  22505
Event.hdr[ 3]=0xfcd7,  64727
Event.hdr[ 4]=0x0104,    260
Event.hdr[ 5]=0x0062,     98
Event.hdr[ 6]=0x0e00,   3584
Event.hdr[ 7]=0x0000,      0
Event.hdr[ 8]=0x0fe9,   4073
Event.hdr[ 9]=0x001d,     29
Event.hdr[10]=0x6400,  25600
Event.hdr[11]=0xffff,  65535
Event.hdr[12]=0x00b7,    183
Event.hdr[13]=0x0000,      0
Event.len=  44, Event.traceLen=  12 (in Bytes)
Event.len=  22, Event.traceLen=   6 (in 16 bit words)
Event.len=  11, Event.traceLen=   3 (in 32 bit words)
next start: 0xaaaaaaaa, pos= 44
0x1f34 module_id = 31 crystal_id = 0 digitizer_id = 3 chan_id = 4 ge_id = 124 channel = 34  -> is segment
open superpulse_007_00_01.xy at Event.chan_id = 4
open CCpulse_007_00_01.xy at Event.chan_id = 4
ncrystal=1
wrote trace to CCpulse_007_00_01.xy
two's comp tempE  ::         98         98 0x00000062 |0000|0000|0000|0000|0000|0000|0110|0010|
rawE              ::         98         98 0x00000062 |0000|0000|0000|0000|0000|0000|0110|0010|
rawE (sign change)::         98         98 0x00000062 |0000|0000|0000|0000|0000|0000|0110|0010|
Event.ehi=               3 0x00000003
Event.ehi=0 (gain changed)
Event.LEDts =        1120933468137
Event.CFDts =         236227133452

---------
new GTheader at pos=44 or 22 words (30):
Event.hdr[ 0]=0x1f35,   7989
Event.hdr[ 1]=0x300a,  12298
Event.hdr[ 2]=0x57e9,  22505
Event.hdr[ 3]=0xfcd7,  64727
Event.hdr[ 4]=0x0104,    260
Event.hdr[ 5]=0xc9af,  51631
Event.hdr[ 6]=0x4e08,  19976
Event.hdr[ 7]=0x0000,      0
Event.hdr[ 8]=0x0fe9,   4073
Event.hdr[ 9]=0xc862,  51298
Event.hdr[10]=0x1e08,   7688
Event.hdr[11]=0x11cc,   4556
Event.hdr[12]=0x5cc4,  23748
Event.hdr[13]=0x0028,     40
Event.len=  44, Event.traceLen=  12 (in Bytes)
Event.len=  22, Event.traceLen=   6 (in 16 bit words)
Event.len=  11, Event.traceLen=   3 (in 32 bit words)
next start: 0xaaaaaaaa, pos= 88
0x1f35 module_id = 31 crystal_id = 0 digitizer_id = 3 chan_id = 5 ge_id = 124 channel = 35  -> is segment
ncrystal=1
wrote trace to CCpulse_007_00_01.xy
two's comp tempE  ::     575919     575919 0x0008c9af |0000|0000|0000|1000|1100|1001|1010|1111|
rawE              ::     575919     575919 0x0008c9af |0000|0000|0000|1000|1100|1001|1010|1111|
rawE (sign change)::     575919     575919 0x0008c9af |0000|0000|0000|1000|1100|1001|1010|1111|
Event.ehi=           17997 0x0000464d
Event.ehi=1799 (gain changed)
Event.LEDts =        1120933468137
Event.CFDts =      269350099353612

---------
new GTheader at pos=88 or 44 words (52):
Event.hdr[ 0]=0x1f36,   7990
Event.hdr[ 1]=0x300a,  12298
Event.hdr[ 2]=0x57e9,  22505
Event.hdr[ 3]=0xfcd7,  64727
Event.hdr[ 4]=0x0104,    260
Event.hdr[ 5]=0x12ad,   4781
Event.hdr[ 6]=0x0e00,   3584
Event.hdr[ 7]=0x0000,      0
Event.hdr[ 8]=0x0fe9,   4073
Event.hdr[ 9]=0x0c52,   3154
Event.hdr[10]=0x8200,  33280
Event.hdr[11]=0x06e0,   1760
Event.hdr[12]=0xc3b4,  50100
Event.hdr[13]=0x0008,      8
Event.len=  44, Event.traceLen=  12 (in Bytes)
Event.len=  22, Event.traceLen=   6 (in 16 bit words)
Event.len=  11, Event.traceLen=   3 (in 32 bit words)
next start: 0xaaaaaaaa, pos= 132
0x1f36 module_id = 31 crystal_id = 0 digitizer_id = 3 chan_id = 6 ge_id = 124 channel = 36  -> is segment
ncrystal=1
wrote trace to CCpulse_007_00_01.xy
two's comp tempE  ::       4781       4781 0x000012ad |0000|0000|0000|0000|0001|0010|1010|1101|
rawE              ::       4781       4781 0x000012ad |0000|0000|0000|0000|0001|0010|1010|1101|
rawE (sign change)::       4781       4781 0x000012ad |0000|0000|0000|0000|0001|0010|1010|1101|
Event.ehi=             149 0x00000095
Event.ehi=14 (gain changed)
Event.LEDts =        1120933468137
Event.CFDts =      281346125529100

---------
new GTheader at pos=132 or 66 words (74):
Event.hdr[ 0]=0x1f37,   7991
Event.hdr[ 1]=0x300a,  12298
Event.hdr[ 2]=0x57e9,  22505
Event.hdr[ 3]=0xfcd7,  64727
Event.hdr[ 4]=0x0104,    260
Event.hdr[ 5]=0x1afd,   6909
Event.hdr[ 6]=0x0e00,   3584
Event.hdr[ 7]=0x0000,      0
Event.hdr[ 8]=0x0fe9,   4073
Event.hdr[ 9]=0xfdee,  65006
Event.hdr[10]=0x51ff,  20991
Event.hdr[11]=0x0212,    530
Event.hdr[12]=0x3188,  12680
Event.hdr[13]=0x0002,      2
Event.len=  44, Event.traceLen=  12 (in Bytes)
Event.len=  22, Event.traceLen=   6 (in 16 bit words)
Event.len=  11, Event.traceLen=   3 (in 32 bit words)
next start: 0xaaaaaaaa, pos= 176
0x1f37 module_id = 31 crystal_id = 0 digitizer_id = 3 chan_id = 7 ge_id = 124 channel = 37  -> is segment
ncrystal=1
wrote trace to CCpulse_007_00_01.xy
two's comp tempE  ::       6909       6909 0x00001afd |0000|0000|0000|0000|0001|1010|1111|1101|
rawE              ::       6909       6909 0x00001afd |0000|0000|0000|0000|0001|1010|1111|1101|
rawE (sign change)::       6909       6909 0x00001afd |0000|0000|0000|0000|0001|1010|1111|1101|
Event.ehi=             215 0x000000d7
Event.ehi=21 (gain changed)
Event.LEDts =        1120933468137
Event.CFDts =         107375886348

---------
new GTheader at pos=176 or 88 words (96):
Event.hdr[ 0]=0x1f38,   7992
Event.hdr[ 1]=0x300a,  12298
Event.hdr[ 2]=0x57e9,  22505
Event.hdr[ 3]=0xfcd7,  64727
Event.hdr[ 4]=0x0104,    260
Event.hdr[ 5]=0x8e0f,  36367
Event.hdr[ 6]=0x1ff9,   8185
Event.hdr[ 7]=0x0000,      0
Event.hdr[ 8]=0x0fe9,   4073
Event.hdr[ 9]=0xd161,  53601
Event.hdr[10]=0x7dfc,  32252
Event.hdr[11]=0xf9c9,  63945
Event.hdr[12]=0x39e3,  14819
Event.hdr[13]=0x07f3,   2035
Event.len=  44, Event.traceLen=  12 (in Bytes)
Event.len=  22, Event.traceLen=   6 (in 16 bit words)
Event.len=  11, Event.traceLen=   3 (in 32 bit words)
next start: 0xaaaaaaaa, pos= 220
0x1f38 module_id = 31 crystal_id = 0 digitizer_id = 3 chan_id = 8 ge_id = 124 channel = 38  -> is segment
ncrystal=1
wrote trace to CCpulse_007_00_01.xy
two's comp tempE  ::   16354831   16354831 0x00f98e0f |0000|0000|1111|1001|1000|1110|0000|1111|
rawE              :: 4294544911    -422385 0xfff98e0f |1111|1111|1111|1001|1000|1110|0000|1111|
rawE (sign change)::     422385     422385 0x000671f1 |0000|0000|0000|0110|0111|0001|1111|0001|
Event.ehi=           13199 0x0000338f
Event.ehi=1319 (gain changed)
Event.LEDts =        1120933468137
Event.CFDts =         360785117196

---------
new GTheader at pos=220 or 110 words (118):
Event.hdr[ 0]=0x1f32,   7986
Event.hdr[ 1]=0x300a,  12298
Event.hdr[ 2]=0x57e9,  22505
Event.hdr[ 3]=0xfcd7,  64727
Event.hdr[ 4]=0x0104,    260
Event.hdr[ 5]=0x0529,   1321
Event.hdr[ 6]=0x0e00,   3584
Event.hdr[ 7]=0x0000,      0
Event.hdr[ 8]=0x0fe9,   4073
Event.hdr[ 9]=0xedbe,  60862
Event.hdr[10]=0xb7ff,  47103
Event.hdr[11]=0x0081,    129
Event.hdr[12]=0x6aec,  27372
Event.hdr[13]=0x0000,      0
Event.len=  44, Event.traceLen=  12 (in Bytes)
Event.len=  22, Event.traceLen=   6 (in 16 bit words)
Event.len=  11, Event.traceLen=   3 (in 32 bit words)
next start: 0xaaaaaaaa, pos= 264
0x1f32 module_id = 31 crystal_id = 0 digitizer_id = 3 chan_id = 2 ge_id = 124 channel = 32  -> is segment
ncrystal=1
wrote trace to CCpulse_007_00_01.xy
two's comp tempE  ::       1321       1321 0x00000529 |0000|0000|0000|0000|0000|0101|0010|1001|
rawE              ::       1321       1321 0x00000529 |0000|0000|0000|0000|0000|0101|0010|1001|
rawE (sign change)::       1321       1321 0x00000529 |0000|0000|0000|0000|0000|0101|0010|1001|
Event.ehi=              41 0x00000029
Event.ehi=4 (gain changed)
Event.LEDts =        1120933468137
Event.CFDts =           4295426060

---------
new GTheader at pos=264 or 132 words (140):
Event.hdr[ 0]=0x1f33,   7987
Event.hdr[ 1]=0x300a,  12298
Event.hdr[ 2]=0x57e9,  22505
Event.hdr[ 3]=0xfcd7,  64727
Event.hdr[ 4]=0x0104,    260
Event.hdr[ 5]=0xad57,  44375
Event.hdr[ 6]=0x4e0d,  19981
Event.hdr[ 7]=0x0000,      0
Event.hdr[ 8]=0x0fe9,   4073
Event.hdr[ 9]=0xaca0,  44192
Event.hdr[10]=0x040d,   1037
Event.hdr[11]=0x1654,   5716
Event.hdr[12]=0x060c,   1548
Event.hdr[13]=0x0034,     52
Event.len=  44, Event.traceLen=  12 (in Bytes)
Event.len=  22, Event.traceLen=   6 (in 16 bit words)
Event.len=  11, Event.traceLen=   3 (in 32 bit words)
0x1f33 module_id = 31 crystal_id = 0 digitizer_id = 3 chan_id = 3 ge_id = 124 channel = 33  -> is segment
ncrystal=1
wrote trace to CCpulse_007_00_01.xy
two's comp tempE  ::     896343     896343 0x000dad57 |0000|0000|0000|1101|1010|1101|0101|0111|
rawE              ::     896343     896343 0x000dad57 |0000|0000|0000|1101|1010|1101|0101|0111|
rawE (sign change)::     896343     896343 0x000dad57 |0000|0000|0000|1101|1010|1101|0101|0111|
Event.ehi=           28010 0x00006d6a
Event.ehi=2801 (gain changed)
Event.LEDts =        1120933468137
Event.CFDts =      262838829252620
exit bin_mode3
*end of event # 7
+++++++++++++++++++++++++++++++
ev#     7 GEB_TYPE_GT_MOD29      440Bytes TS=1120933479379 curTS=1120933468337 dTS= 11042
GEBGetEv returned st=0
we have read 5100 bytes; CurEvNo=8

+++++++++++++++++++++++++++++++
*start event # 8 with multiplicity 1 looks like this:
 0>  1, GEB_TYPE_DECOMP      , TS=1120933468337
entered bin_mode2: 8/10
ptinp->pad= 6, (ptinp->pad&0x000000ff)= 6
updated CCadd with    0.00
total number of hits in array: 0
exit bin_mode2
entered bin_mode3 @ event number: 8 
exit bin_mode3
*end of event # 8
+++++++++++++++++++++++++++++++
ev#     8 GEB_TYPE_DECOMP        464Bytes TS=1120933479521 curTS=1120933479379 dTS= 142
ev#     8 GEB_TYPE_GT_MOD29      440Bytes TS=1120933561121 curTS=1120933479379 dTS= 81742
GEBGetEv returned st=0
we have read 6036 bytes; CurEvNo=9

+++++++++++++++++++++++++++++++
*start event # 9 with multiplicity 2 looks like this:
 0>  8, GEB_TYPE_GT_MOD29    , TS=1120933479379
 1>  1, GEB_TYPE_DECOMP      , TS=1120933479521
entered bin_mode2: 9/10
ptinp->pad= 0, (ptinp->pad&0x000000ff)= 0
good pad value
mode2 data:  1>  1, GEB_TYPE_DECOMP      , TS=1120933479521
number of hits: 1
* 1/2, is GEB_TYPE_DECOMP: num=1
__detno: 99, module: 24, crystalNumber: 3
CCenergies[0]= 222.85
* 0:   17.96, -17.95,   0.16 --> GT:   -2.55, -17.02,  -7.29
updated CCadd with  222.85
total number of hits in array: 1
exit bin_mode2
entered bin_mode3 @ event number: 9 

bin_mode3:  0>  8, GEB_TYPE_GT_MOD29    , TS=1120933479379, 0x104fcd783d3; payload length: 440 bytes

---------
new GTheader at pos=0 or 0 words (8):
Event.hdr[ 0]=0x1f30,   7984
Event.hdr[ 1]=0x300a,  12298
Event.hdr[ 2]=0x83d3,  33747
Event.hdr[ 3]=0xfcd7,  64727
Event.hdr[ 4]=0x0104,    260
Event.hdr[ 5]=0x8c0c,  35852
Event.hdr[ 6]=0x4e0a,  19978
Event.hdr[ 7]=0x2be9,  11241
Event.hdr[ 8]=0x0000,      0
Event.hdr[ 9]=0x8bb2,  35762
Event.hdr[10]=0x100a,   4106
Event.hdr[11]=0x1385,   4997
Event.hdr[12]=0x1654,   5716
Event.hdr[13]=0x0030,     48
Event.len=  44, Event.traceLen=  12 (in Bytes)
Event.len=  22, Event.traceLen=   6 (in 16 bit words)
Event.len=  11, Event.traceLen=   3 (in 32 bit words)
next start: 0xaaaaaaaa, pos= 44
0x1f30 module_id = 31 crystal_id = 0 digitizer_id = 3 chan_id = 0 ge_id = 124 channel = 30  -> is segment
open superpulse_009_00_01.xy at Event.chan_id = 0
open CCpulse_009_00_01.xy at Event.chan_id = 0
ncrystal=1
wrote trace to CCpulse_009_00_01.xy
two's comp tempE  ::     691212     691212 0x000a8c0c |0000|0000|0000|1010|1000|1100|0000|1100|
rawE              ::     691212     691212 0x000a8c0c |0000|0000|0000|1010|1000|1100|0000|1100|
rawE (sign change)::     691212     691212 0x000a8c0c |0000|0000|0000|1010|1000|1100|0000|1100|
Event.ehi=           21600 0x00005460
Event.ehi=2160 (gain changed)
Event.LEDts =        1120933479379
Event.CFDts =      267035076395020

---------
new GTheader at pos=44 or 22 words (30):
Event.hdr[ 0]=0x1f31,   7985
Event.hdr[ 1]=0x300a,  12298
Event.hdr[ 2]=0x83d3,  33747
Event.hdr[ 3]=0xfcd7,  64727
Event.hdr[ 4]=0x0104,    260
Event.hdr[ 5]=0x9177,  37239
Event.hdr[ 6]=0x4e08,  19976
Event.hdr[ 7]=0x2be9,  11241
Event.hdr[ 8]=0x0000,      0
Event.hdr[ 9]=0x8d47,  36167
Event.hdr[10]=0x3e08,  15880
Event.hdr[11]=0x1265,   4709
Event.hdr[12]=0x6348,  25416
Event.hdr[13]=0x0024,     36
Event.len=  44, Event.traceLen=  12 (in Bytes)
Event.len=  22, Event.traceLen=   6 (in 16 bit words)
Event.len=  11, Event.traceLen=   3 (in 32 bit words)
next start: 0xaaaaaaaa, pos= 88
0x1f31 module_id = 31 crystal_id = 0 digitizer_id = 3 chan_id = 1 ge_id = 124 channel = 31  -> is segment
ncrystal=1
wrote trace to CCpulse_009_00_01.xy
two's comp tempE  ::     561527     561527 0x00089177 |0000|0000|0000|1000|1001|0001|0111|0111|
rawE              ::     561527     561527 0x00089177 |0000|0000|0000|1000|1001|0001|0111|0111|
rawE (sign change)::     561527     561527 0x00089177 |0000|0000|0000|1000|1001|0001|0111|0111|
Event.ehi=           17547 0x0000448b
Event.ehi=1754 (gain changed)
Event.LEDts =        1120933479379
Event.CFDts =      270892015878156

---------
new GTheader at pos=88 or 44 words (52):
Event.hdr[ 0]=0x1f32,   7986
Event.hdr[ 1]=0x300a,  12298
Event.hdr[ 2]=0x83d3,  33747
Event.hdr[ 3]=0xfcd7,  64727
Event.hdr[ 4]=0x0104,    260
Event.hdr[ 5]=0x952f,  38191
Event.hdr[ 6]=0x0e00,   3584
Event.hdr[ 7]=0x2be9,  11241
Event.hdr[ 8]=0x0000,      0
Event.hdr[ 9]=0x1f12,   7954
Event.hdr[10]=0x7c00,  31744
Event.hdr[11]=0xffdb,  65499
Event.hdr[12]=0x036f,    879
Event.hdr[13]=0x0001,      1
Event.len=  44, Event.traceLen=  12 (in Bytes)
Event.len=  22, Event.traceLen=   6 (in 16 bit words)
Event.len=  11, Event.traceLen=   3 (in 32 bit words)
next start: 0xaaaaaaaa, pos= 132
0x1f32 module_id = 31 crystal_id = 0 digitizer_id = 3 chan_id = 2 ge_id = 124 channel = 32  -> is segment
ncrystal=1
wrote trace to CCpulse_009_00_01.xy
two's comp tempE  ::      38191      38191 0x0000952f |0000|0000|0000|0000|1001|0101|0010|1111|
rawE              ::      38191      38191 0x0000952f |0000|0000|0000|0000|1001|0101|0010|1111|
rawE (sign change)::      38191      38191 0x0000952f |0000|0000|0000|0000|1001|0101|0010|1111|
Event.ehi=            1193 0x000004a9
Event.ehi=119 (gain changed)
Event.LEDts =        1120933479379
Event.CFDts =          42950131724

---------
new GTheader at pos=132 or 66 words (74):
Event.hdr[ 0]=0x1f33,   7987
Event.hdr[ 1]=0x300a,  12298
Event.hdr[ 2]=0x83d3,  33747
Event.hdr[ 3]=0xfcd7,  64727
Event.hdr[ 4]=0x0104,    260
Event.hdr[ 5]=0x82c9,  33481
Event.hdr[ 6]=0xce0c,  52748
Event.hdr[ 7]=0x2be9,  11241
Event.hdr[ 8]=0x0000,      0
Event.hdr[ 9]=0x8276,  33398
Event.hdr[10]=0x400c,  16396
Event.hdr[11]=0x1b59,   7001
Event.hdr[12]=0xa808,  43016
Event.hdr[13]=0x002c,     44
Event.len=  44, Event.traceLen=  12 (in Bytes)
Event.len=  22, Event.traceLen=   6 (in 16 bit words)
Event.len=  11, Event.traceLen=   3 (in 32 bit words)
next start: 0xaaaaaaaa, pos= 176
0x1f33 module_id = 31 crystal_id = 0 digitizer_id = 3 chan_id = 3 ge_id = 124 channel = 33  -> is segment
ncrystal=1
wrote trace to CCpulse_009_00_01.xy
two's comp tempE  ::     819913     819913 0x000c82c9 |0000|0000|0000|1100|1000|0010|1100|1001|
rawE              ::     819913     819913 0x000c82c9 |0000|0000|0000|1100|1000|0010|1100|1001|
rawE (sign change)::     819913     819913 0x000c82c9 |0000|0000|0000|1100|1000|0010|1100|1001|
Event.ehi=           25622 0x00006416
Event.ehi=2562 (gain changed)
Event.LEDts =        1120933479379
Event.CFDts =      264415106236428

---------
new GTheader at pos=176 or 88 words (96):
Event.hdr[ 0]=0x1f34,   7988
Event.hdr[ 1]=0x300a,  12298
Event.hdr[ 2]=0x83d3,  33747
Event.hdr[ 3]=0xfcd7,  64727
Event.hdr[ 4]=0x0104,    260
Event.hdr[ 5]=0x001e,     30
Event.hdr[ 6]=0x0e00,   3584
Event.hdr[ 7]=0x2be9,  11241
Event.hdr[ 8]=0x0000,      0
Event.hdr[ 9]=0xffeb,  65515
Event.hdr[10]=0x3bff,  15359
Event.hdr[11]=0x0000,      0
Event.hdr[12]=0xfec8,  65224
Event.hdr[13]=0x07ff,   2047
Event.len=  44, Event.traceLen=  12 (in Bytes)
Event.len=  22, Event.traceLen=   6 (in 16 bit words)
Event.len=  11, Event.traceLen=   3 (in 32 bit words)
next start: 0xaaaaaaaa, pos= 220
0x1f34 module_id = 31 crystal_id = 0 digitizer_id = 3 chan_id = 4 ge_id = 124 channel = 34  -> is segment
ncrystal=1
wrote trace to CCpulse_009_00_01.xy
two's comp tempE  ::         30         30 0x0000001e |0000|0000|0000|0000|0000|0000|0001|1110|
rawE              ::         30         30 0x0000001e |0000|0000|0000|0000|0000|0000|0001|1110|
rawE (sign change)::         30         30 0x0000001e |0000|0000|0000|0000|0000|0000|0001|1110|
Event.ehi=               0 0x00000000
Event.ehi=0 (gain changed)
Event.LEDts =        1120933479379
Event.CFDts =         253407068172

---------
new GTheader at pos=220 or 110 words (118):
Event.hdr[ 0]=0x1f35,   7989
Event.hdr[ 1]=0x300a,  12298
Event.hdr[ 2]=0x83d3,  33747
Event.hdr[ 3]=0xfcd7,  64727
Event.hdr[ 4]=0x0104,    260
Event.hdr[ 5]=0x7f42,  32578
Event.hdr[ 6]=0x4e09,  19977
Event.hdr[ 7]=0x2be9,  11241
Event.hdr[ 8]=0x0000,      0
Event.hdr[ 9]=0x7e16,  32278
Event.hdr[10]=0xc409,  50185
Event.hdr[11]=0x1190,   4496
Event.hdr[12]=0x983c,  38972
Event.hdr[13]=0x0023,     35
Event.len=  44, Event.traceLen=  12 (in Bytes)
Event.len=  22, Event.traceLen=   6 (in 16 bit words)
Event.len=  11, Event.traceLen=   3 (in 32 bit words)
next start: 0xaaaaaaaa, pos= 264
0x1f35 module_id = 31 crystal_id = 0 digitizer_id = 3 chan_id = 5 ge_id = 124 channel = 35  -> is segment
ncrystal=1
wrote trace to CCpulse_009_00_01.xy
two's comp tempE  ::     622402     622402 0x00097f42 |0000|0000|0000|1001|0111|1111|0100|0010|
rawE              ::     622402     622402 0x00097f42 |0000|0000|0000|1001|0111|1111|0100|0010|
rawE (sign change)::     622402     622402 0x00097f42 |0000|0000|0000|1001|0111|1111|0100|0010|
Event.ehi=           19450 0x00004bfa
Event.ehi=1945 (gain changed)
Event.LEDts =        1120933479379
Event.CFDts =      268383716376588

---------
new GTheader at pos=264 or 132 words (140):
Event.hdr[ 0]=0x1f36,   7990
Event.hdr[ 1]=0x300a,  12298
Event.hdr[ 2]=0x83d3,  33747
Event.hdr[ 3]=0xfcd7,  64727
Event.hdr[ 4]=0x0104,    260
Event.hdr[ 5]=0x37b9,  14265
Event.hdr[ 6]=0x0e04,   3588
Event.hdr[ 7]=0x2be9,  11241
Event.hdr[ 8]=0x0000,      0
Event.hdr[ 9]=0x9588,  38280
Event.hdr[10]=0xa402,  41986
Event.hdr[11]=0x0018,     24
Event.hdr[12]=0xc104,  49412
Event.hdr[13]=0x000d,     13
Event.len=  44, Event.traceLen=  12 (in Bytes)
Event.len=  22, Event.traceLen=   6 (in 16 bit words)
Event.len=  11, Event.traceLen=   3 (in 32 bit words)
next start: 0xaaaaaaaa, pos= 308
0x1f36 module_id = 31 crystal_id = 0 digitizer_id = 3 chan_id = 6 ge_id = 124 channel = 36  -> is segment
ncrystal=1
wrote trace to CCpulse_009_00_01.xy
two's comp tempE  ::     276409     276409 0x000437b9 |0000|0000|0000|0100|0011|0111|1011|1001|
rawE              ::     276409     276409 0x000437b9 |0000|0000|0000|0100|0011|0111|1011|1001|
rawE (sign change)::     276409     276409 0x000437b9 |0000|0000|0000|0100|0011|0111|1011|1001|
Event.ehi=            8637 0x000021bd
Event.ehi=863 (gain changed)
Event.LEDts =        1120933479379
Event.CFDts =      281419141218316

---------
new GTheader at pos=308 or 154 words (162):
Event.hdr[ 0]=0x1f37,   7991
Event.hdr[ 1]=0x300a,  12298
Event.hdr[ 2]=0x83d3,  33747
Event.hdr[ 3]=0xfcd7,  64727
Event.hdr[ 4]=0x0104,    260
Event.hdr[ 5]=0xa38e,  41870
Event.hdr[ 6]=0x0e01,   3585
Event.hdr[ 7]=0x2be9,  11241
Event.hdr[ 8]=0x0000,      0
Event.hdr[ 9]=0xd1cb,  53707
Event.hdr[10]=0xdc00,  56320
Event.hdr[11]=0xfffb,  65531
Event.hdr[12]=0x24a3,   9379
Event.hdr[13]=0x0004,      4
Event.len=  44, Event.traceLen=  12 (in Bytes)
Event.len=  22, Event.traceLen=   6 (in 16 bit words)
Event.len=  11, Event.traceLen=   3 (in 32 bit words)
next start: 0xaaaaaaaa, pos= 352
0x1f37 module_id = 31 crystal_id = 0 digitizer_id = 3 chan_id = 7 ge_id = 124 channel = 37  -> is segment
ncrystal=1
wrote trace to CCpulse_009_00_01.xy
two's comp tempE  ::     107406     107406 0x0001a38e |0000|0000|0000|0001|1010|0011|1000|1110|
rawE              ::     107406     107406 0x0001a38e |0000|0000|0000|0001|1010|0011|1000|1110|
rawE (sign change)::     107406     107406 0x0001a38e |0000|0000|0000|0001|1010|0011|1000|1110|
Event.ehi=            3356 0x00000d1c
Event.ehi=335 (gain changed)
Event.LEDts =        1120933479379
Event.CFDts =      281474976448524

---------
new GTheader at pos=352 or 176 words (184):
Event.hdr[ 0]=0x1f38,   7992
Event.hdr[ 1]=0x300a,  12298
Event.hdr[ 2]=0x83d3,  33747
Event.hdr[ 3]=0xfcd7,  64727
Event.hdr[ 4]=0x0104,    260
Event.hdr[ 5]=0x8c18,  35864
Event.hdr[ 6]=0x1ff9,   8185
Event.hdr[ 7]=0x2be9,  11241
Event.hdr[ 8]=0x0000,      0
Event.hdr[ 9]=0xc1f2,  49650
Event.hdr[10]=0xc3fc,  50172
Event.hdr[11]=0xf9a2,  63906
Event.hdr[12]=0x92fb,  37627
Event.hdr[13]=0x07f3,   2035
Event.len=  44, Event.traceLen=  12 (in Bytes)
Event.len=  22, Event.traceLen=   6 (in 16 bit words)
Event.len=  11, Event.traceLen=   3 (in 32 bit words)
next start: 0xaaaaaaaa, pos= 396
0x1f38 module_id = 31 crystal_id = 0 digitizer_id = 3 chan_id = 8 ge_id = 124 channel = 38  -> is segment
ncrystal=1
wrote trace to CCpulse_009_00_01.xy
two's comp tempE  ::   16354328   16354328 0x00f98c18 |0000|0000|1111|1001|1000|1100|0001|1000|
rawE              :: 4294544408    -422888 0xfff98c18 |1111|1111|1111|1001|1000|1100|0001|1000|
rawE (sign change)::     422888     422888 0x000673e8 |0000|0000|0000|0110|0111|0011|1110|1000|
Event.ehi=           13215 0x0000339f
Event.ehi=1321 (gain changed)
Event.LEDts =        1120933479379
Event.CFDts =         489636298764

---------
new GTheader at pos=396 or 198 words (206):
Event.hdr[ 0]=0x1f39,   7993
Event.hdr[ 1]=0x300a,  12298
Event.hdr[ 2]=0x83d3,  33747
Event.hdr[ 3]=0xfcd7,  64727
Event.hdr[ 4]=0x0104,    260
Event.hdr[ 5]=0x00a1,    161
Event.hdr[ 6]=0x0e00,   3584
Event.hdr[ 7]=0x2be9,  11241
Event.hdr[ 8]=0x0000,      0
Event.hdr[ 9]=0xf4fe,  62718
Event.hdr[10]=0x03ff,   1023
Event.hdr[11]=0xfff4,  65524
Event.hdr[12]=0xcf2b,  53035
Event.hdr[13]=0x07ff,   2047
Event.len=  44, Event.traceLen=  12 (in Bytes)
Event.len=  22, Event.traceLen=   6 (in 16 bit words)
Event.len=  11, Event.traceLen=   3 (in 32 bit words)
0x1f39 module_id = 31 crystal_id = 0 digitizer_id = 3 chan_id = 9 ge_id = 124 channel = 39  -> is CC
ncrystal=1
wrote trace to CCpulse_009_00_01.xy
two's comp tempE  ::        161        161 0x000000a1 |0000|0000|0000|0000|0000|0000|1010|0001|
rawE              ::        161        161 0x000000a1 |0000|0000|0000|0000|0000|0000|1010|0001|
rawE (sign change)::        161        161 0x000000a1 |0000|0000|0000|0000|0000|0000|1010|0001|
Event.ehi=               5 0x00000005
Event.ehi=0 (gain changed)
Event.LEDts =        1120933479379
Event.CFDts =         146031181836
exit bin_mode3
*end of event # 9
+++++++++++++++++++++++++++++++
ev#     9 GEB_TYPE_DECOMP        464Bytes TS=1120933572393 curTS=1120933561121 dTS= 11272
GEBGetEv returned st=0
we have read 6516 bytes; CurEvNo=10

+++++++++++++++++++++++++++++++
*start event # 10 with multiplicity 1 looks like this:
 0>  8, GEB_TYPE_GT_MOD29    , TS=1120933561121
entered bin_mode2: 10/10
updated CCadd with    0.00
total number of hits in array: 0
exit bin_mode2
entered bin_mode3 @ event number: 10 

bin_mode3:  0>  8, GEB_TYPE_GT_MOD29    , TS=1120933561121, 0x104fcd8c321; payload length: 440 bytes

---------
new GTheader at pos=0 or 0 words (8):
Event.hdr[ 0]=0x1f33,   7987
Event.hdr[ 1]=0x300a,  12298
Event.hdr[ 2]=0xc321,  49953
Event.hdr[ 3]=0xfcd8,  64728
Event.hdr[ 4]=0x0104,    260
Event.hdr[ 5]=0x3579,  13689
Event.hdr[ 6]=0x4e0b,  19979
Event.hdr[ 7]=0x0000,      0
Event.hdr[ 8]=0x2be9,  11241
Event.hdr[ 9]=0x3521,  13601
Event.hdr[10]=0xec0b,  60427
Event.hdr[11]=0x1904,   6404
Event.hdr[12]=0xb280,  45696
Event.hdr[13]=0x0036,     54
Event.len=  44, Event.traceLen=  12 (in Bytes)
Event.len=  22, Event.traceLen=   6 (in 16 bit words)
Event.len=  11, Event.traceLen=   3 (in 32 bit words)
next start: 0xaaaaaaaa, pos= 44
0x1f33 module_id = 31 crystal_id = 0 digitizer_id = 3 chan_id = 3 ge_id = 124 channel = 33  -> is segment
open superpulse_010_00_01.xy at Event.chan_id = 3
open CCpulse_010_00_01.xy at Event.chan_id = 3
ncrystal=1
wrote trace to CCpulse_010_00_01.xy
two's comp tempE  ::     734585     734585 0x000b3579 |0000|0000|0000|1011|0011|0101|0111|1001|
rawE              ::     734585     734585 0x000b3579 |0000|0000|0000|1011|0011|0101|0111|1001|
rawE (sign change)::     734585     734585 0x000b3579 |0000|0000|0000|1011|0011|0101|0111|1001|
Event.ehi=           22955 0x000059ab
Event.ehi=2295 (gain changed)
Event.LEDts =        1120933561121
Event.CFDts =      266141709762572

---------
new GTheader at pos=44 or 22 words (30):
Event.hdr[ 0]=0x1f34,   7988
Event.hdr[ 1]=0x300a,  12298
Event.hdr[ 2]=0xc321,  49953
Event.hdr[ 3]=0xfcd8,  64728
Event.hdr[ 4]=0x0104,    260
Event.hdr[ 5]=0x0038,     56
Event.hdr[ 6]=0x0e00,   3584
Event.hdr[ 7]=0x0000,      0
Event.hdr[ 8]=0x2be9,  11241
Event.hdr[ 9]=0x0012,     18
Event.hdr[10]=0xd600,  54784
Event.hdr[11]=0xffff,  65535
Event.hdr[12]=0x0077,    119
Event.hdr[13]=0x0000,      0
Event.len=  44, Event.traceLen=  12 (in Bytes)
Event.len=  22, Event.traceLen=   6 (in 16 bit words)
Event.len=  11, Event.traceLen=   3 (in 32 bit words)
next start: 0xaaaaaaaa, pos= 88
0x1f34 module_id = 31 crystal_id = 0 digitizer_id = 3 chan_id = 4 ge_id = 124 channel = 34  -> is segment
ncrystal=1
wrote trace to CCpulse_010_00_01.xy
two's comp tempE  ::         56         56 0x00000038 |0000|0000|0000|0000|0000|0000|0011|1000|
rawE              ::         56         56 0x00000038 |0000|0000|0000|0000|0000|0000|0011|1000|
rawE (sign change)::         56         56 0x00000038 |0000|0000|0000|0000|0000|0000|0011|1000|
Event.ehi=               1 0x00000001
Event.ehi=0 (gain changed)
Event.LEDts =        1120933561121
Event.CFDts =         244816871436

---------
new GTheader at pos=88 or 44 words (52):
Event.hdr[ 0]=0x1f35,   7989
Event.hdr[ 1]=0x300a,  12298
Event.hdr[ 2]=0xc321,  49953
Event.hdr[ 3]=0xfcd8,  64728
Event.hdr[ 4]=0x0104,    260
Event.hdr[ 5]=0x93f9,  37881
Event.hdr[ 6]=0x4e09,  19977
Event.hdr[ 7]=0x0000,      0
Event.hdr[ 8]=0x2be9,  11241
Event.hdr[ 9]=0x9318,  37656
Event.hdr[10]=0x2c09,  11273
Event.hdr[11]=0x12fc,   4860
Event.hdr[12]=0x2188,   8584
Event.hdr[13]=0x0023,     35
Event.len=  44, Event.traceLen=  12 (in Bytes)
Event.len=  22, Event.traceLen=   6 (in 16 bit words)
Event.len=  11, Event.traceLen=   3 (in 32 bit words)
next start: 0xaaaaaaaa, pos= 132
0x1f35 module_id = 31 crystal_id = 0 digitizer_id = 3 chan_id = 5 ge_id = 124 channel = 35  -> is segment
ncrystal=1
wrote trace to CCpulse_010_00_01.xy
two's comp tempE  ::     627705     627705 0x000993f9 |0000|0000|0000|1001|1001|0011|1111|1001|
rawE              ::     627705     627705 0x000993f9 |0000|0000|0000|1001|1001|0011|1111|1001|
rawE (sign change)::     627705     627705 0x000993f9 |0000|0000|0000|1001|1001|0011|1111|1001|
Event.ehi=           19615 0x00004c9f
Event.ehi=1961 (gain changed)
Event.LEDts =        1120933561121
Event.CFDts =      268203325718540

---------
new GTheader at pos=132 or 66 words (74):
Event.hdr[ 0]=0x1f36,   7990
Event.hdr[ 1]=0x300a,  12298
Event.hdr[ 2]=0xc321,  49953
Event.hdr[ 3]=0xfcd8,  64728
Event.hdr[ 4]=0x0104,    260
Event.hdr[ 5]=0xee18,  60952
Event.hdr[ 6]=0x0e04,   3588
Event.hdr[ 7]=0x0000,      0
Event.hdr[ 8]=0x2be9,  11241
Event.hdr[ 9]=0x0c85,   3205
Event.hdr[10]=0x1003,   4099
Event.hdr[11]=0x052b,   1323
Event.hdr[12]=0x3148,  12616
Event.hdr[13]=0x0000,      0
Event.len=  44, Event.traceLen=  12 (in Bytes)
Event.len=  22, Event.traceLen=   6 (in 16 bit words)
Event.len=  11, Event.traceLen=   3 (in 32 bit words)
next start: 0xaaaaaaaa, pos= 176
0x1f36 module_id = 31 crystal_id = 0 digitizer_id = 3 chan_id = 6 ge_id = 124 channel = 36  -> is segment
ncrystal=1
wrote trace to CCpulse_010_00_01.xy
two's comp tempE  ::     323096     323096 0x0004ee18 |0000|0000|0000|0100|1110|1110|0001|1000|
rawE              ::     323096     323096 0x0004ee18 |0000|0000|0000|0100|1110|1110|0001|1000|
rawE (sign change)::     323096     323096 0x0004ee18 |0000|0000|0000|0100|1110|1110|0001|1000|
Event.ehi=           10096 0x00002770
Event.ehi=1009 (gain changed)
Event.LEDts =        1120933561121
Event.CFDts =      281268815069196

---------
new GTheader at pos=176 or 88 words (96):
Event.hdr[ 0]=0x1f37,   7991
Event.hdr[ 1]=0x300a,  12298
Event.hdr[ 2]=0xc321,  49953
Event.hdr[ 3]=0xfcd8,  64728
Event.hdr[ 4]=0x0104,    260
Event.hdr[ 5]=0xd0b3,  53427
Event.hdr[ 6]=0x0e01,   3585
Event.hdr[ 7]=0x0000,      0
Event.hdr[ 8]=0x2be9,  11241
Event.hdr[ 9]=0xd5c6,  54726
Event.hdr[10]=0x9600,  38400
Event.hdr[11]=0x01a3,    419
Event.hdr[12]=0xf7b8,  63416
Event.hdr[13]=0x07ff,   2047
Event.len=  44, Event.traceLen=  12 (in Bytes)
Event.len=  22, Event.traceLen=   6 (in 16 bit words)
Event.len=  11, Event.traceLen=   3 (in 32 bit words)
next start: 0xaaaaaaaa, pos= 220
0x1f37 module_id = 31 crystal_id = 0 digitizer_id = 3 chan_id = 7 ge_id = 124 channel = 37  -> is segment
ncrystal=1
wrote trace to CCpulse_010_00_01.xy
two's comp tempE  ::     118963     118963 0x0001d0b3 |0000|0000|0000|0001|1101|0000|1011|0011|
rawE              ::     118963     118963 0x0001d0b3 |0000|0000|0000|0001|1101|0000|1011|0011|
rawE (sign change)::     118963     118963 0x0001d0b3 |0000|0000|0000|0001|1101|0000|1011|0011|
Event.ehi=            3717 0x00000e85
Event.ehi=371 (gain changed)
Event.LEDts =        1120933561121
Event.CFDts =      281410551283724

---------
new GTheader at pos=220 or 110 words (118):
Event.hdr[ 0]=0x1f38,   7992
Event.hdr[ 1]=0x300a,  12298
Event.hdr[ 2]=0xc321,  49953
Event.hdr[ 3]=0xfcd8,  64728
Event.hdr[ 4]=0x0104,    260
Event.hdr[ 5]=0x901d,  36893
Event.hdr[ 6]=0x1ff9,   8185
Event.hdr[ 7]=0x0000,      0
Event.hdr[ 8]=0x2be9,  11241
Event.hdr[ 9]=0xd121,  53537
Event.hdr[10]=0xe5fc,  58876
Event.hdr[11]=0xf983,  63875
Event.hdr[12]=0x4587,  17799
Event.hdr[13]=0x07f3,   2035
Event.len=  44, Event.traceLen=  12 (in Bytes)
Event.len=  22, Event.traceLen=   6 (in 16 bit words)
Event.len=  11, Event.traceLen=   3 (in 32 bit words)
next start: 0xaaaaaaaa, pos= 264
0x1f38 module_id = 31 crystal_id = 0 digitizer_id = 3 chan_id = 8 ge_id = 124 channel = 38  -> is segment
ncrystal=1
wrote trace to CCpulse_010_00_01.xy
two's comp tempE  ::   16355357   16355357 0x00f9901d |0000|0000|1111|1001|1001|0000|0001|1101|
rawE              :: 4294545437    -421859 0xfff9901d |1111|1111|1111|1001|1001|0000|0001|1101|
rawE (sign change)::     421859     421859 0x00066fe3 |0000|0000|0000|0110|0110|1111|1110|0011|
Event.ehi=           13183 0x0000337f
Event.ehi=1318 (gain changed)
Event.LEDts =        1120933561121
Event.CFDts =         412325183500

---------
new GTheader at pos=264 or 132 words (140):
Event.hdr[ 0]=0x1f39,   7993
Event.hdr[ 1]=0x300a,  12298
Event.hdr[ 2]=0xc321,  49953
Event.hdr[ 3]=0xfcd8,  64728
Event.hdr[ 4]=0x0104,    260
Event.hdr[ 5]=0x0000,      0
Event.hdr[ 6]=0x0e00,   3584
Event.hdr[ 7]=0x0000,      0
Event.hdr[ 8]=0x2be9,  11241
Event.hdr[ 9]=0xf424,  62500
Event.hdr[10]=0xfdff,  65023
Event.hdr[11]=0xffe9,  65513
Event.hdr[12]=0xe807,  59399
Event.hdr[13]=0x07ff,   2047
Event.len=  44, Event.traceLen=  12 (in Bytes)
Event.len=  22, Event.traceLen=   6 (in 16 bit words)
Event.len=  11, Event.traceLen=   3 (in 32 bit words)
next start: 0xaaaaaaaa, pos= 308
0x1f39 module_id = 31 crystal_id = 0 digitizer_id = 3 chan_id = 9 ge_id = 124 channel = 39  -> is CC
ncrystal=1
wrote trace to CCpulse_010_00_01.xy
two's comp tempE  ::          0          0 0x00000000 |0000|0000|0000|0000|0000|0000|0000|0000|
rawE              ::          0          0 0x00000000 |0000|0000|0000|0000|0000|0000|0000|0000|
rawE (sign change)::          0          0 0x00000000 |0000|0000|0000|0000|0000|0000|0000|0000|
Event.ehi=               0 0x00000000
Event.ehi=0 (gain changed)
Event.LEDts =        1120933561121
Event.CFDts =         188981248012

---------
new GTheader at pos=308 or 154 words (162):
Event.hdr[ 0]=0x1f30,   7984
Event.hdr[ 1]=0x300a,  12298
Event.hdr[ 2]=0xc321,  49953
Event.hdr[ 3]=0xfcd8,  64728
Event.hdr[ 4]=0x0104,    260
Event.hdr[ 5]=0x59ec,  23020
Event.hdr[ 6]=0x4e0b,  19979
Event.hdr[ 7]=0x0000,      0
Event.hdr[ 8]=0x2be9,  11241
Event.hdr[ 9]=0x5945,  22853
Event.hdr[10]=0x640b,  25611
Event.hdr[11]=0x1517,   5399
Event.hdr[12]=0x0a20,   2592
Event.hdr[13]=0x0027,     39
Event.len=  44, Event.traceLen=  12 (in Bytes)
Event.len=  22, Event.traceLen=   6 (in 16 bit words)
Event.len=  11, Event.traceLen=   3 (in 32 bit words)
next start: 0xaaaaaaaa, pos= 352
0x1f30 module_id = 31 crystal_id = 0 digitizer_id = 3 chan_id = 0 ge_id = 124 channel = 30  -> is segment
ncrystal=1
wrote trace to CCpulse_010_00_01.xy
two's comp tempE  ::     743916     743916 0x000b59ec |0000|0000|0000|1011|0101|1001|1110|1100|
rawE              ::     743916     743916 0x000b59ec |0000|0000|0000|1011|0101|1001|1110|1100|
rawE (sign change)::     743916     743916 0x000b59ec |0000|0000|0000|1011|0101|1001|1110|1100|
Event.ehi=           23247 0x00005acf
Event.ehi=2324 (gain changed)
Event.LEDts =        1120933561121
Event.CFDts =      265909777530892

---------
new GTheader at pos=352 or 176 words (184):
Event.hdr[ 0]=0x1f31,   7985
Event.hdr[ 1]=0x300a,  12298
Event.hdr[ 2]=0xc321,  49953
Event.hdr[ 3]=0xfcd8,  64728
Event.hdr[ 4]=0x0104,    260
Event.hdr[ 5]=0x82fa,  33530
Event.hdr[ 6]=0x4e08,  19976
Event.hdr[ 7]=0x0000,      0
Event.hdr[ 8]=0x2be9,  11241
Event.hdr[ 9]=0x7ef5,  32501
Event.hdr[10]=0x8e08,  36360
Event.hdr[11]=0x111a,   4378
Event.hdr[12]=0xca7c,  51836
Event.hdr[13]=0x0024,     36
Event.len=  44, Event.traceLen=  12 (in Bytes)
Event.len=  22, Event.traceLen=   6 (in 16 bit words)
Event.len=  11, Event.traceLen=   3 (in 32 bit words)
next start: 0xaaaaaaaa, pos= 396
0x1f31 module_id = 31 crystal_id = 0 digitizer_id = 3 chan_id = 1 ge_id = 124 channel = 31  -> is segment
ncrystal=1
wrote trace to CCpulse_010_00_01.xy
two's comp tempE  ::     557818     557818 0x000882fa |0000|0000|0000|1000|1000|0010|1111|1010|
rawE              ::     557818     557818 0x000882fa |0000|0000|0000|1000|1000|0010|1111|1010|
rawE (sign change)::     557818     557818 0x000882fa |0000|0000|0000|1000|1000|0010|1111|1010|
Event.ehi=           17431 0x00004417
Event.ehi=1743 (gain changed)
Event.LEDts =        1120933561121
Event.CFDts =      270913490911244

---------
new GTheader at pos=396 or 198 words (206):
Event.hdr[ 0]=0x1f32,   7986
Event.hdr[ 1]=0x300a,  12298
Event.hdr[ 2]=0xc321,  49953
Event.hdr[ 3]=0xfcd8,  64728
Event.hdr[ 4]=0x0104,    260
Event.hdr[ 5]=0xf4ae,  62638
Event.hdr[ 6]=0x0e00,   3584
Event.hdr[ 7]=0x0000,      0
Event.hdr[ 8]=0x2be9,  11241
Event.hdr[ 9]=0x5aa6,  23206
Event.hdr[10]=0x2400,   9216
Event.hdr[11]=0x003e,     62
Event.hdr[12]=0xb6f8,  46840
Event.hdr[13]=0x07ff,   2047
Event.len=  44, Event.traceLen=  12 (in Bytes)
Event.len=  22, Event.traceLen=   6 (in 16 bit words)
Event.len=  11, Event.traceLen=   3 (in 32 bit words)
0x1f32 module_id = 31 crystal_id = 0 digitizer_id = 3 chan_id = 2 ge_id = 124 channel = 32  -> is segment
ncrystal=1
wrote trace to CCpulse_010_00_01.xy
two's comp tempE  ::      62638      62638 0x0000f4ae |0000|0000|0000|0000|1111|0100|1010|1110|
rawE              ::      62638      62638 0x0000f4ae |0000|0000|0000|0000|1111|0100|1010|1110|
rawE (sign change)::      62638      62638 0x0000f4ae |0000|0000|0000|0000|1111|0100|1010|1110|
Event.ehi=            1957 0x000007a5
Event.ehi=195 (gain changed)
Event.LEDts =        1120933561121
Event.CFDts =      281466386448396
exit bin_mode3
*end of event # 10
+++++++++++++++++++++++++++++++
ev#    10 GEB_TYPE_DECOMP        464Bytes TS=1120933572411 curTS=1120933572393 dTS= 18
ev#    10 GEB_TYPE_GT_MOD29      440Bytes TS=1120933572731 curTS=1120933572393 dTS= 338
ev# 50000 GEB_TYPE_DECOMP        464Bytes TS=1121408142913 curTS=1121408116169 dTS= 26744
ev# 100000 GEB_TYPE_DECOMP        464Bytes TS=1121880507483 curTS=1121880507483 dTS= 0
ev# 100000 GEB_TYPE_DECOMP        464Bytes TS=1121880507485 curTS=1121880507483 dTS= 2
ev# 100000 GEB_TYPE_DECOMP        464Bytes TS=1121880507617 curTS=1121880507483 dTS= 134
ev# 100000 GEB_TYPE_DECOMP        464Bytes TS=1121880507745 curTS=1121880507483 dTS= 262
ev# 150000 GEB_TYPE_GT_MOD29      440Bytes TS=1122354463019 curTS=1122354462997 dTS= 22
ev# 150000 GEB_TYPE_DECOMP        464Bytes TS=1122354463093 curTS=1122354462997 dTS= 96
ev# 150000 GEB_TYPE_DECOMP        464Bytes TS=1122354463099 curTS=1122354462997 dTS= 102
ev# 150000 GEB_TYPE_DECOMP        464Bytes TS=1122354469659 curTS=1122354462997 dTS= 6662
ev# 200000 GEB_TYPE_GT_MOD29      440Bytes TS=1122833292893 curTS=1122833287549 dTS= 5344
ev# 250000 GEB_TYPE_DECOMP        464Bytes TS=1123307719939 curTS=1123307719727 dTS= 212
ev# 300000 GEB_TYPE_DECOMP        464Bytes TS=1123780042335 curTS=1123780010157 dTS= 32178
ev# 350000 GEB_TYPE_GT_MOD29      440Bytes TS=1124251797831 curTS=1124251797497 dTS= 334
ev# 400000 GEB_TYPE_GT_MOD29      440Bytes TS=1124726862629 curTS=1124726862339 dTS= 290
ev# 450000 GEB_TYPE_DECOMP        464Bytes TS=1125210156429 curTS=1125210156083 dTS= 346
ev# 500000 GEB_TYPE_DECOMP        464Bytes TS=1125698539289 curTS=1125698536167 dTS= 3122
ev# 550000 GEB_TYPE_DECOMP        464Bytes TS=1126182559931 curTS=1126182559929 dTS= 2
ev# 550000 GEB_TYPE_DECOMP        464Bytes TS=1126182559931 curTS=1126182559929 dTS= 2
ev# 550000 GEB_TYPE_DECOMP        464Bytes TS=1126182559947 curTS=1126182559929 dTS= 18
ev# 550000 GEB_TYPE_DECOMP        464Bytes TS=1126182559949 curTS=1126182559929 dTS= 20
ev# 550000 GEB_TYPE_GT_MOD29      440Bytes TS=1126182560571 curTS=1126182559929 dTS= 642
ev# 600000 GEB_TYPE_DECOMP        464Bytes TS=1126663522289 curTS=1126663522025 dTS= 264
ev# 650000 GEB_TYPE_GT_MOD29      440Bytes TS=1127145587207 curTS=1127145578023 dTS= 9184
ev# 700000 GEB_TYPE_DECOMP        464Bytes TS=1127615239703 curTS=1127615224741 dTS= 14962
ev# 750000 GEB_TYPE_DECOMP        464Bytes TS=1128083983855 curTS=1128083983855 dTS= 0
ev# 750000 GEB_TYPE_DECOMP        464Bytes TS=1128083983859 curTS=1128083983855 dTS= 4
ev# 750000 GEB_TYPE_GT_MOD29      440Bytes TS=1128083984483 curTS=1128083983855 dTS= 628
ev# 800000 GEB_TYPE_GT_MOD29      440Bytes TS=1128556463149 curTS=1128556462953 dTS= 196
ev# 850000 GEB_TYPE_DECOMP        464Bytes TS=1129028186749 curTS=1129028186749 dTS= 0
ev# 850000 GEB_TYPE_DECOMP        464Bytes TS=1129028186757 curTS=1129028186749 dTS= 8
ev# 850000 GEB_TYPE_DECOMP        464Bytes TS=1129028186789 curTS=1129028186749 dTS= 40
ev# 850000 GEB_TYPE_DECOMP        464Bytes TS=1129028244441 curTS=1129028186749 dTS= 57692
ev# 900000 GEB_TYPE_DECOMP        464Bytes TS=1129494258933 curTS=1129494258731 dTS= 202
ev# 950000 GEB_TYPE_DECOMP        464Bytes TS=1129964924831 curTS=1129964909501 dTS= 15330

Sorting is done
attempting to save root or map file



mean observed polar and azimuth angles
for the detectors we saw (module,crystal)

------------------------------------------
mean pol/azi angle for detector  56 are   96.73/ 119.50
mean pol/azi angle for detector  57 are  100.39/ 138.27
mean pol/azi angle for detector  58 are   83.36/ 132.68
mean pol/azi angle for detector  59 are   79.53/ 114.03
mean pol/azi angle for detector  60 are   87.44/ 152.63
mean pol/azi angle for detector  61 are  105.25/ 157.69
mean pol/azi angle for detector  62 are   93.19/ 168.16
mean pol/azi angle for detector  63 are   73.80/ 165.96
mean pol/azi angle for detector  68 are   87.16/-134.94
mean pol/azi angle for detector  69 are  105.24/-129.98
mean pol/azi angle for detector  70 are   92.91/-116.91
mean pol/azi angle for detector  71 are   74.16/-121.88
mean pol/azi angle for detector  76 are   87.48/ -63.19
mean pol/azi angle for detector  77 are  105.27/ -58.09
mean pol/azi angle for detector  78 are   92.97/ -44.98
mean pol/azi angle for detector  79 are   74.17/ -49.84
mean pol/azi angle for detector  84 are  112.23/  33.61
mean pol/azi angle for detector  85 are  125.16/  17.34
mean pol/azi angle for detector  86 are  130.67/  39.16
mean pol/azi angle for detector  87 are  115.89/  52.93
mean pol/azi angle for detector  88 are  112.40/ 105.52
mean pol/azi angle for detector  89 are  124.96/  89.36
mean pol/azi angle for detector  90 are  130.77/ 111.14
mean pol/azi angle for detector  91 are  115.78/ 125.00
mean pol/azi angle for detector  96 are  112.61/-110.65
mean pol/azi angle for detector  97 are  124.80/-126.63
mean pol/azi angle for detector  98 are  130.89/-104.95
mean pol/azi angle for detector  99 are  115.85/ -90.94
mean pol/azi angle for detector 100 are  112.38/ -38.64
mean pol/azi angle for detector 101 are  124.70/ -55.00
mean pol/azi angle for detector 102 are  130.61/ -33.04
mean pol/azi angle for detector 103 are  115.80/ -19.07
mean pol/azi angle for detector 104 are  144.39/  88.35
mean pol/azi angle for detector 105 are  132.71/  65.82
mean pol/azi angle for detector 106 are  148.89/  53.80
mean pol/azi angle for detector 107 are  162.34/  88.34
mean pol/azi angle for detector 108 are  144.72/ 160.21
mean pol/azi angle for detector 109 are  132.70/ 138.01
mean pol/azi angle for detector 110 are  149.60/ 125.48
mean pol/azi angle for detector 111 are  162.28/ 110.93
mean pol/azi angle for detector 116 are  144.42/ -55.89
mean pol/azi angle for detector 117 are  132.54/ -78.24
mean pol/azi angle for detector 118 are  148.95/ -90.33
mean pol/azi angle for detector 119 are  162.37/ -56.05
we found 44 crystals
------------------------------------------

minimum pol angle between crystals is  18.65
compactness =  64.39%, 85 of 264
module hit statistics
module  14, crystal 0 was hit      89419 times
module  14, crystal 1 was hit      96128 times
module  14, crystal 2 was hit      94289 times
module  14, crystal 3 was hit      83577 times
module  15, crystal 0 was hit      94819 times
module  15, crystal 1 was hit      87578 times
module  15, crystal 2 was hit      80778 times
module  15, crystal 3 was hit      85804 times
module  17, crystal 0 was hit      72802 times
module  17, crystal 1 was hit      71369 times
module  17, crystal 2 was hit      71719 times
module  17, crystal 3 was hit      73342 times
module  19, crystal 0 was hit      67191 times
module  19, crystal 1 was hit      71351 times
module  19, crystal 2 was hit      82624 times
module  19, crystal 3 was hit      79757 times
module  21, crystal 0 was hit      81277 times
module  21, crystal 1 was hit      72145 times
module  21, crystal 2 was hit      84936 times
module  21, crystal 3 was hit      81157 times
module  22, crystal 0 was hit      88143 times
module  22, crystal 1 was hit      82431 times
module  22, crystal 2 was hit      92465 times
module  22, crystal 3 was hit      86707 times
module  24, crystal 0 was hit      75639 times
module  24, crystal 1 was hit      71477 times
module  24, crystal 2 was hit      76253 times
module  24, crystal 3 was hit      70464 times
module  25, crystal 0 was hit      72015 times
module  25, crystal 1 was hit      74205 times
module  25, crystal 2 was hit      71257 times
module  25, crystal 3 was hit      70091 times
module  26, crystal 0 was hit      81022 times
module  26, crystal 1 was hit      79926 times
module  26, crystal 2 was hit      80167 times
module  26, crystal 3 was hit      75456 times
module  27, crystal 0 was hit      85777 times
module  27, crystal 1 was hit      81889 times
module  27, crystal 2 was hit      84583 times
module  27, crystal 3 was hit      78414 times
module  29, crystal 0 was hit      70797 times
module  29, crystal 1 was hit      70088 times
module  29, crystal 2 was hit      77446 times
module  29, crystal 3 was hit      68922 times

bin_mode2: pad distribution
__id   0,      1514889, 93.27%
__id   2,          209,  0.01%
__id   3,          479,  0.03%
__id   4,          488,  0.03%
__id   5,         3072,  0.19%
__id   6,        10430,  0.64%
__id 128,        94386,  5.81%
__id 133,          167,  0.01%

bin_mode2 calculated mean CCsum energy to be  755.968 keV
bin_mode2 calculated mean CCadd energy to be 1160.910 keV
attempting to close root file...
Pars.f1->Write();
Pars.f1->Print();
TFile: name=/lcrc/project/HELIOS/gretinafma/root_data/run173.root, title=, option=CREATE
TH1.Print Name  = dtbtev, Entries= 2048283, Total sum= 2.04828e+06
TH1.Print Name  = T0, Entries= 0, Total sum= 0
TH1.Print Name  = hitpat, Entries= 1514889, Total sum= 1.51489e+06
TH1.Print Name  = numHitArray2, Entries= 1000000, Total sum= 746666
TH1.Print Name  = CCmult, Entries= 1000000, Total sum= 999999
TH1.Print Name  = CCsum, Entries= 3487606, Total sum= 1.51487e+06
TH1.Print Name  = hit2, Entries= 167989, Total sum= 167799
TH1.Print Name  = hit3, Entries= 90914, Total sum= 90272
TH1.Print Name  = hit4, Entries= 50863, Total sum= 49645
TH1.Print Name  = CCsum_nodop, Entries= 3487606, Total sum= 1.51487e+06
TH1.Print Name  = CCadd, Entries= 1000000, Total sum= 737358
TH1.Print Name  = SEGadd_FPGA, Entries= 200000000, Total sum= 1.51423e+06
TH1.Print Name  = SEGadd_PSA, Entries= 200000000, Total sum= 1.50629e+06
TH1.Print Name  = SEGsum_FPGA, Entries= 2347282, Total sum= 2.34686e+06
TH1.Print Name  = SEGsum_PSA, Entries= 3487696, Total sum= 3.4591e+06
TH1.Print Name  = radius_all, Entries= 3487694, Total sum= 3.48769e+06
TH1.Print Name  = rate_mode2_min, Entries= 1514888, Total sum= 25248.1
TH1.Print Name  = rate_mode2_sec, Entries= 1514888, Total sum= 1.51489e+06
TH1.Print Name  = rate_mode2_intp, Entries= 1514888, Total sum= 58128.2
TH1.Print Name  = cdtbtev, Entries= 467979, Total sum= 467979
TH1.Print Name  = evsr_all, Entries= 3487694, Total sum= 3.4051e+06
TH1.Print Name  = SMAP_allhits, Entries= 3487696, Total sum= 3.4877e+06
TH1.Print Name  = SMAP_allhits_sq, Entries= 3487696, Total sum= 3.4877e+06
TH1.Print Name  = seghitpat, Entries= 3487696, Total sum= 3.4877e+06
TH1.Print Name  = CCe, Entries= 3487606, Total sum= 1.51487e+06
TH1.Print Name  = ggCC, Entries= 3154036, Total sum= 2.75901e+06
TH1.Print Name  = z_plot, Entries= 3487696, Total sum= 3.48444e+06
TH1.Print Name  = crystal_hit, Entries= 0, Total sum= 0
TH1.Print Name  = SegE, Entries= 3487037, Total sum= 3.48704e+06
TH1.Print Name  = crXcr, Entries= 1577271, Total sum= 1.57727e+06
******************************************************************************
*Tree    :tree      : tree                                                   *
*Entries :  1000000 : Total =       154701072 bytes  File  Size =   37279910 *
*        :          : Tree compression factor =   4.15                       *
******************************************************************************
*Br    0 :runNumber : runNumber/I                                            *
*Entries :  1000000 : Total  Size=    4010325 bytes  File Size  =      30615 *
*Baskets :      100 : Basket Size=    1327616 bytes  Compression= 130.90     *
*............................................................................*
*Br    1 :numHits   : numHits/I                                              *
*Entries :  1000000 : Total  Size=    4010117 bytes  File Size  =      30412 *
*Baskets :      100 : Basket Size=    1327616 bytes  Compression= 131.77     *
*............................................................................*
*Br    2 :left      : left[numHits]/F                                        *
*Entries :  1000000 : Total  Size=    8030995 bytes  File Size  =    2845693 *
*Baskets :      297 : Basket Size=    8945664 bytes  Compression=   2.82     *
*............................................................................*
*Br    3 :right     : right[numHits]/F                                       *
*Entries :  1000000 : Total  Size=    8031296 bytes  File Size  =    2823986 *
*Baskets :      297 : Basket Size=    8945664 bytes  Compression=   2.84     *
*............................................................................*
*Br    4 :up        : up[numHits]/F                                          *
*Entries :  1000000 : Total  Size=    8030393 bytes  File Size  =    2821092 *
*Baskets :      297 : Basket Size=    8945152 bytes  Compression=   2.84     *
*............................................................................*
*Br    5 :down      : down[numHits]/F                                        *
*Entries :  1000000 : Total  Size=    8030995 bytes  File Size  =    2829386 *
*Baskets :      297 : Basket Size=    8945664 bytes  Compression=   2.84     *
*............................................................................*
*Br    6 :e1        : e1[numHits]/F                                          *
*Entries :  1000000 : Total  Size=    8030393 bytes  File Size  =    2723396 *
*Baskets :      297 : Basket Size=    8945152 bytes  Compression=   2.95     *
*............................................................................*
*Br    7 :e2        : e2[numHits]/F                                          *
*Entries :  1000000 : Total  Size=    8030393 bytes  File Size  =    2692600 *
*Baskets :      297 : Basket Size=    8945152 bytes  Compression=   2.98     *
*............................................................................*
*Br    8 :e3        : e3[numHits]/F                                          *
*Entries :  1000000 : Total  Size=    8030393 bytes  File Size  =    2652486 *
*Baskets :      297 : Basket Size=    8945152 bytes  Compression=   3.02     *
*............................................................................*
*Br    9 :tac       : tac[numHits]/F                                         *
*Entries :  1000000 : Total  Size=    8030694 bytes  File Size  =    2410992 *
*Baskets :      297 : Basket Size=    8945152 bytes  Compression=   3.33     *
*............................................................................*
*Br   10 :fmaDeltaTime : fmaDeltaTime[numHits]/F                             *
*Entries :  1000000 : Total  Size=    8033403 bytes  File Size  =    2231934 *
*Baskets :      297 : Basket Size=    8946688 bytes  Compression=   3.60     *
*............................................................................*
*Br   11 :fmaMult   : fmaMult[10]/I                                          *
*Entries :  1000000 : Total  Size=   40096953 bytes  File Size  =    1039276 *
*Baskets :      986 : Basket Size=   25600000 bytes  Compression=  38.56     *
*............................................................................*
*Br   12 :gammaMult : gammaMult/I                                            *
*Entries :  1000000 : Total  Size=    4010325 bytes  File Size  =     711444 *
*Baskets :      100 : Basket Size=    1327616 bytes  Compression=   5.63     *
*............................................................................*
*Br   13 :gammaEnergy : gammaEnergy[gammaMult]/F                             *
*Entries :  1000000 : Total  Size=   10098166 bytes  File Size  =    7157580 *
*Baskets :      347 : Basket Size=    9628672 bytes  Compression=   1.41     *
*............................................................................*
*Br   14 :gammaTimestamp : gammaTimestamp[gammaMult]/F                       *
*Entries :  1000000 : Total  Size=   10099332 bytes  File Size  =    1791051 *
*Baskets :      348 : Basket Size=    9628672 bytes  Compression=   5.63     *
*............................................................................*
*Br   15 :deltaTime : deltaTime[gammaMult]/F                                 *
*Entries :  1000000 : Total  Size=   10097464 bytes  File Size  =    2445011 *
*Baskets :      347 : Basket Size=    9628160 bytes  Compression=   4.13     *
*............................................................................*
TH1.Print Name  = eCC_a, Entries= 0, Total sum= 0
TH1.Print Name  = eCC_b, Entries= 0, Total sum= 0
TH1.Print Name  = eCC_c, Entries= 0, Total sum= 0
TH1.Print Name  = eCC_d, Entries= 124166, Total sum= 0
TH1.Print Name  = eSeg, Entries= 0, Total sum= 0
TH1.Print Name  = mode3_hitpat, Entries= 4216606, Total sum= 0
TH1.Print Name  = mode3_hitpat_chan, Entries= 4216606, Total sum= 4.21661e+06
TH1.Print Name  = chan0, Entries= 0, Total sum= 0
TH1.Print Name  = module, Entries= 4216606, Total sum= 4.21661e+06
TH1.Print Name  = chan, Entries= 4216606, Total sum= 4.21462e+06
TH1.Print Name  = l, Entries= 421661, Total sum= 421626
TH1.Print Name  = r, Entries= 421660, Total sum= 421657
TH1.Print Name  = up, Entries= 421660, Total sum= 421659
TH1.Print Name  = down, Entries= 421661, Total sum= 421659
TH1.Print Name  = sumlr, Entries= 411176, Total sum= 411176
TH1.Print Name  = sumud, Entries= 396550, Total sum= 396550
TH1.Print Name  = x, Entries= 411176, Total sum= 411176
TH1.Print Name  = y, Entries= 396550, Total sum= 396550
TH1.Print Name  = de1, Entries= 421661, Total sum= 421627
TH1.Print Name  = de2, Entries= 421661, Total sum= 421661
TH1.Print Name  = de3, Entries= 421660, Total sum= 421113
TH1.Print Name  = de12, Entries= 370805, Total sum= 370805
TH1.Print Name  = etot, Entries= 370805, Total sum= 370805
TH1.Print Name  = rftof, Entries= 421660, Total sum= 420451
TH1.Print Name  = lr, Entries= 1000000, Total sum= 999964
TH1.Print Name  = ud, Entries= 1000000, Total sum= 999998
TH1.Print Name  = ede1, Entries= 370805, Total sum= 370805
TH1.Print Name  = ede1g, Entries= 69780, Total sum= 69774
TH1.Print Name  = ede2, Entries= 370805, Total sum= 370805
TH1.Print Name  = ede12, Entries= 370805, Total sum= 370805
TH1.Print Name  = xde1, Entries= 370805, Total sum= 370805
TH1.Print Name  = erftof, Entries= 1000000, Total sum= 998791
TH1.Print Name  = erftofg, Entries= 27675, Total sum= 27608
TH1.Print Name  = sumehi, Entries= 1514889, Total sum= 1.51488e+06
TH1.Print Name  = tgppac, Entries= 1514889, Total sum= 389215
TH1.Print Name  = tgppacg, Entries= 69780, Total sum= 69780
TH1.Print Name  = xehi1, Entries= 1514889, Total sum= 1.51488e+06
TH1.Print Name  = xehi1g, Entries= 69780, Total sum= 69779
TH1.Print Name  = de1ehi, Entries= 1514889, Total sum= 1.51484e+06
TH1.Print Name  = de1ehig, Entries= 69780, Total sum= 69773
TH1.Print Name  = ng, Entries= 1000000, Total sum= 1e+06
TH1.Print Name  = ehiz1, Entries= 0, Total sum= 0
TH1.Print Name  = ehiz2, Entries= 0, Total sum= 0
TH1.Print Name  = ehiz3, Entries= 0, Total sum= 0
TH1.Print Name  = ehiz4, Entries= 0, Total sum= 0
TH1.Print Name  = ehiz5, Entries= 0, Total sum= 0
TH1.Print Name  = gg_dt, Entries= 85422, Total sum= 85422
TH1.Print Name  = gg, Entries= 170844, Total sum= 168280
TH1.Print Name  = gg_z1, Entries= 0, Total sum= 0
TH1.Print Name  = gg_z2, Entries= 0, Total sum= 0
TH1.Print Name  = gg_z3, Entries= 0, Total sum= 0
TH1.Print Name  = gg_z4, Entries= 0, Total sum= 0
TH1.Print Name  = gg_z5, Entries= 0, Total sum= 0
Pars.f1->Close();
done saving rootfile "/lcrc/project/HELIOS/gretinafma/root_data/run173.root


read 1000000 events; Pars.beta=0.0330; time since last update 1 minutes
CommandFileName="GEBSort.command"

sorted timestamp range 1120933315327-->1130426958541: 9493643214
that is 94.9 seconds or 0h1m34s
^^^^^ any timestamp jumps will upset this accounting

hit statistics per type
 1 GEB_TYPE_DECOMP          1624120 ;  17107.45 Hz 
 8 GEB_TYPE_GT_MOD29         424163 ;   4467.86 Hz 
read a total of              2048283 ; header/payloads


nn1=0
nn2=2048284
nn3=2048284

nok_validate= 1000000, ntot_validate=1000000; validate fraction 100.00%

bytes read=971895328, 926.871613 MB

boniva sancta! ...GEBSort (unexpectedly) did not crash!

 ** GEBSort is done at 
