started GEBSort at we have 9 arguments
1... -input
will take input from disk
file size is 6932882628 bytes or 6770 MBytes

4... -rootfile
rootfile name specified on command line
__will store spectra in rootfile: /lcrc/project/HELIOS/gretinafma/root_data/run103.root
will recreate root file
7... -chat
core file size          (blocks, -c) unlimited
data seg size           (kbytes, -d) unlimited
scheduling priority             (-e) 0
file size               (blocks, -f) unlimited
pending signals                 (-i) 510315
max locked memory       (kbytes, -l) unlimited
max memory size         (kbytes, -m) 128769024
open files                      (-n) 51200
pipe size            (512 bytes, -p) 8
POSIX message queues     (bytes, -q) 819200
real-time priority              (-r) 0
stack size              (kbytes, -s) unlimited
cpu time               (seconds, -t) unlimited
max user processes              (-u) 4096
virtual memory          (kbytes, -v) unlimited
file locks                      (-x) unlimited
will read sorting instructions from chatfile: GEBSort.chat

executing UserDeclare.h code


GEBsort running on: 

initializing

crmat.LINUX is open (input) binary format
read 7936 bytes into Pars.crmat
chat file: <GEBSort.chat> open

will sort a max of 1410065408 events
will sort a max of 1000000 events
will sort 86400 minutes of data
will print details of the first 10 events
will use Pars.Beta (v/c) correction of 0.033000
will sort using a time window of 150
Pars.do_bin_mode2=1
Pars.do_bin_mode3=1
will accept second interaction range between 10.000000 and 500.000000 mm
"1-200"
detector   1 is ENABLED
detector   2 is ENABLED
detector   3 is ENABLED
detector   4 is ENABLED
detector   5 is ENABLED
detector   6 is ENABLED
detector   7 is ENABLED
detector   8 is ENABLED
detector   9 is ENABLED
detector  10 is ENABLED
detector  11 is ENABLED
detector  12 is ENABLED
detector  13 is ENABLED
detector  14 is ENABLED
detector  15 is ENABLED
detector  16 is ENABLED
detector  17 is ENABLED
detector  18 is ENABLED
detector  19 is ENABLED
detector  20 is ENABLED
detector  21 is ENABLED
detector  22 is ENABLED
detector  23 is ENABLED
detector  24 is ENABLED
detector  25 is ENABLED
detector  26 is ENABLED
detector  27 is ENABLED
detector  28 is ENABLED
detector  29 is ENABLED
detector  30 is ENABLED
detector  31 is ENABLED
detector  32 is ENABLED
detector  33 is ENABLED
detector  34 is ENABLED
detector  35 is ENABLED
detector  36 is ENABLED
detector  37 is ENABLED
detector  38 is ENABLED
detector  39 is ENABLED
detector  40 is ENABLED
detector  41 is ENABLED
detector  42 is ENABLED
detector  43 is ENABLED
detector  44 is ENABLED
detector  45 is ENABLED
detector  46 is ENABLED
detector  47 is ENABLED
detector  48 is ENABLED
detector  49 is ENABLED
detector  50 is ENABLED
detector  51 is ENABLED
detector  52 is ENABLED
detector  53 is ENABLED
detector  54 is ENABLED
detector  55 is ENABLED
detector  56 is ENABLED
detector  57 is ENABLED
detector  58 is ENABLED
detector  59 is ENABLED
detector  60 is ENABLED
detector  61 is ENABLED
detector  62 is ENABLED
detector  63 is ENABLED
detector  64 is ENABLED
detector  65 is ENABLED
detector  66 is ENABLED
detector  67 is ENABLED
detector  68 is ENABLED
detector  69 is ENABLED
detector  70 is ENABLED
detector  71 is ENABLED
detector  72 is ENABLED
detector  73 is ENABLED
detector  74 is ENABLED
detector  75 is ENABLED
detector  76 is ENABLED
detector  77 is ENABLED
detector  78 is ENABLED
detector  79 is ENABLED
detector  80 is ENABLED
detector  81 is ENABLED
detector  82 is ENABLED
detector  83 is ENABLED
detector  84 is ENABLED
detector  85 is ENABLED
detector  86 is ENABLED
detector  87 is ENABLED
detector  88 is ENABLED
detector  89 is ENABLED
detector  90 is ENABLED
detector  91 is ENABLED
detector  92 is ENABLED
detector  93 is ENABLED
detector  94 is ENABLED
detector  95 is ENABLED
detector  96 is ENABLED
detector  97 is ENABLED
detector  98 is ENABLED
detector  99 is ENABLED
detector 100 is ENABLED
detector 101 is ENABLED
detector 102 is ENABLED
detector 103 is ENABLED
detector 104 is ENABLED
detector 105 is ENABLED
detector 106 is ENABLED
detector 107 is ENABLED
detector 108 is ENABLED
detector 109 is ENABLED
detector 110 is ENABLED
detector 111 is ENABLED
detector 112 is ENABLED
detector 113 is ENABLED
detector 114 is ENABLED
detector 115 is ENABLED
detector 116 is ENABLED
detector 117 is ENABLED
detector 118 is ENABLED
detector 119 is ENABLED
detector 120 is ENABLED
detector 121 is ENABLED
detector 122 is ENABLED
detector 123 is ENABLED
detector 124 is ENABLED
detector 125 is ENABLED
detector 126 is ENABLED
detector 127 is ENABLED
detector 128 is ENABLED
detector 129 is ENABLED
detector 130 is ENABLED
detector 131 is ENABLED
detector 132 is ENABLED
detector 133 is ENABLED
detector 134 is ENABLED
detector 135 is ENABLED
detector 136 is ENABLED
detector 137 is ENABLED
detector 138 is ENABLED
detector 139 is ENABLED
detector 140 is ENABLED
detector 141 is ENABLED
detector 142 is ENABLED
detector 143 is ENABLED
detector 144 is ENABLED
detector 145 is ENABLED
detector 146 is ENABLED
detector 147 is ENABLED
detector 148 is ENABLED
detector 149 is ENABLED
detector 150 is ENABLED
detector 151 is ENABLED
detector 152 is ENABLED
detector 153 is ENABLED
detector 154 is ENABLED
detector 155 is ENABLED
detector 156 is ENABLED
detector 157 is ENABLED
detector 158 is ENABLED
detector 159 is ENABLED
detector 160 is ENABLED
detector 161 is ENABLED
detector 162 is ENABLED
detector 163 is ENABLED
detector 164 is ENABLED
detector 165 is ENABLED
detector 166 is ENABLED
detector 167 is ENABLED
detector 168 is ENABLED
detector 169 is ENABLED
detector 170 is ENABLED
detector 171 is ENABLED
detector 172 is ENABLED
detector 173 is ENABLED
detector 174 is ENABLED
detector 175 is ENABLED
detector 176 is ENABLED
detector 177 is ENABLED
detector 178 is ENABLED
detector 179 is ENABLED
detector 180 is ENABLED
detector 181 is ENABLED
detector 182 is ENABLED
detector 183 is ENABLED
detector 184 is ENABLED
detector 185 is ENABLED
detector 186 is ENABLED
detector 187 is ENABLED
detector 188 is ENABLED
detector 189 is ENABLED
detector 190 is ENABLED
detector 191 is ENABLED
detector 192 is ENABLED
detector 193 is ENABLED
detector 194 is ENABLED
detector 195 is ENABLED
detector 196 is ENABLED
detector 197 is ENABLED
detector 198 is ENABLED
detector 199 is ENABLED
WARNING: could not open CCcal file "CCenergy.cal", quit
will use beam direction 0.000000 0.000000 1.000000
vector length= 1.000000, normalizing
will use beam direction 0.000000 0.000000 1.000000
Pars.ndetlimlo=1,Pars.ndetlimhi=8
will require mult bt: 1 20
fomlimits, 1, 0.00 ..to.. 0.80
fomlimits, 2, 0.00 ..to.. 0.80
fomlimits, 3, 0.00 ..to.. 0.80
fomlimits, 4, 0.00 ..to.. 0.80
fomlimits, 5, 0.00 ..to.. 0.80
fomlimits, 6, 0.00 ..to.. 0.80
fomlimits, 7, 0.00 ..to.. 0.80
will use M= 350.000000 in bin_dgs
will use PZ file "dgs_pz.cal" in bin_dgs
will use ecal file "dgs_ehi.cal" in bin_dgs
will skip rest of chat file

chat file: <GEBSort.chat> closed
processed 39 sort instructions and 198 lines


sorting this:
Pars.do_bin_mode3 = 1
Pars.do_bin_mode2 = 1
Pars.do_bin_mode1 = 0
Pars.do_bin_dgs = 0
Pars.do_bin_dfma = 0
Pars.do_bin_gtcal = 0
Pars.do_bin_template = 0
Pars.do_bin_final = 0
Pars.do_bin_angcor = 0
Pars.do_bin_angdis = 0
checking proper input of chat file...
input file "/lcrc/project/HELIOS/gretinafma/merged_data/GEBMerged_run103.gtd_000" is open, inData=0x26729a60
file size is -1657051964 bytes or -1618 MBs 
input source is set up, supposedly

xyz offset values:

executing ShareMemFileUserInit.h code

deleted \rm -f GEBSort.command
root file </lcrc/project/HELIOS/gretinafma/root_data/run103.root>
base=</lcrc/project/HELIOS/gretinafma/root_data/run103.root:/>
TFile: name=/lcrc/project/HELIOS/gretinafma/root_data/run103.root, title=, option=CREATE

executing UserInit.h code

Created Object "dtbtev", 0x2777eee0
Created Object "T0", 0x2777f2f0
, "T0"Created Object "hitpat", 0x2777f6e0
, "hitpat"Created Object "numHitArray2", 0x27780130
, "numHitArray2"Created Object "CCmult", 0x27780bf0
, "CC Multiplicity"Created Object "CCsum", 0x27a52930
, "CCsum"Created Object "hit2", 0x27a62740
, "hit2"Created Object "hit3", 0x27a72550
, "hit3"Created Object "hit4", 0x27a82360
, "hit4"Created Object "CCsum_nodop", 0x27a92170
, "CCsum_nodop"Created Object "CCadd", 0x27aa1f80
, "CCadd"Created Object "SEGadd_FPGA", 0x27ab1d90
Created Object "SEGadd_PSA", 0x27ab21a0
Created Object "SEGsum_FPGA", 0x27ab25b0
Created Object "SEGsum_PSA", 0x27ab29c0
Created Object "radius_all", 0x27ab2dd0
, "radius (all points)"Created Object "rate_mode2_min", 0x27abb1e0
, "rate_mode2_min headers"Created Object "rate_mode2_sec", 0x27abe2f0
, "rate_mode2_sec headers"Created Object "rate_mode2_intp", 0x27ac1400
, "rate_mode2 interaction points"Created Object "cdtbtev", 0x27ac4510
Created Object "evsr_all", 0x27b8a4f0
Created Object "SMAP_allhits", 0x27b8aa30
Created Object "SMAP_allhits_sq", 0x27c8a3c0
Created Object "seghitpat", 0x27d89d50
Created Object "CCe", 0x27d92150
Created Object "ggCC", 0x27d92700
Created Object "z_plot", 0x27d92cb0
Created Object "crystal_hit", 0x27e46380
Created Object "SegE", 0x27e46950
Created Object "crXcr", 0x27e46e90
MAXDETPOS=180
Created Object "eCC_a", 0x27f34960
Created Object "eCC_b", 0x27f34d70
Created Object "eCC_c", 0x27f351e0
Created Object "eCC_d", 0x27f35790
Created Object "eSeg", 0x27f35cd0
Created Object "mode3_hitpat", 0x27f36280
, "mode3_hitpat"Created Object "mode3_hitpat_chan", 0x27f36bf0
, "mode3_hitpat_chan"Created Object "chan0", 0x27f37320
, "chan0"Created Object "module", 0x27f4b150
, "module"Created Object "chan", 0x27f5ef80
Created Object "l", 0x27fd48a0
, "l"Created Object "r", 0x27fe86d0
, "r"Created Object "up", 0x27ffc490
, "up"Created Object "down", 0x28010250
, "down"Created Object "sumlr", 0x28024080
, "sumlr"Created Object "sumud", 0x28037eb0
, "sumud"Created Object "x", 0x2804bce0
, "x"Created Object "y", 0x2805fb10
, "y"Created Object "de1", 0x28073940
, "de1"Created Object "de2", 0x28087700
, "de2"Created Object "de3", 0x2809b4c0
, "de3"Created Object "de12", 0x280af2f0
, "de12"Created Object "etot", 0x280c3120
, "etot"Created Object "rftof", 0x280d6ee0
, "rftof"Created Object "lr", 0x280eaca0
Created Object "ud", 0x280eb1e0
Created Object "ede1", 0x280eb720
Created Object "ede1g", 0x280ebc60
Created Object "ede2", 0x280ec210
Created Object "ede12", 0x280ec7c0
Created Object "xde1", 0x280ecd70
Created Object "erftof", 0x280ed2b0
Created Object "erftofg", 0x280ed7f0
Created Object "sumehi", 0x280edda0
, "sumehi"Created Object "tgppac", 0x28101b60
, "tgppac"Created Object "tgppacg", 0x28129210
, "tgppacg"Created Object "xehi1", 0x281508c0
Created Object "xehi1g", 0x28150e00
Created Object "de1ehi", 0x281513b0
Created Object "de1ehig", 0x281518f0
Created Object "ng", 0x28151e30
, "ng"Created Object "ehiz1", 0x28165bf0
, "ehiz1"Created Object "ehiz2", 0x281799b0
, "ehiz2"Created Object "ehiz3", 0x2818d7e0
, "ehiz3"Created Object "ehiz4", 0x281a1610
, "ehiz4"Created Object "ehiz5", 0x281b5440
, "ehiz5"Created Object "gg_dt", 0x281c9200
, "gg_dt"Created Object "gg", 0x281cd630
Created Object "gg_z1", 0x281cdbe0
Created Object "gg_z2", 0x281ce190
Created Object "gg_z3", 0x281ce740
Created Object "gg_z4", 0x281cecf0
Created Object "gg_z5", 0x281cf230
we have define the following ROOT spectra:
Collection name='THashList', class='THashList', size=84
 TH1.Print Name  = dtbtev, Entries= 0, Total sum= 0
 TH1.Print Name  = T0, Entries= 0, Total sum= 0
 TH1.Print Name  = hitpat, Entries= 0, Total sum= 0
 TH1.Print Name  = numHitArray2, Entries= 0, Total sum= 0
 TH1.Print Name  = CCmult, Entries= 0, Total sum= 0
 TH1.Print Name  = CCsum, Entries= 0, Total sum= 0
 TH1.Print Name  = hit2, Entries= 0, Total sum= 0
 TH1.Print Name  = hit3, Entries= 0, Total sum= 0
 TH1.Print Name  = hit4, Entries= 0, Total sum= 0
 TH1.Print Name  = CCsum_nodop, Entries= 0, Total sum= 0
 TH1.Print Name  = CCadd, Entries= 0, Total sum= 0
 TH1.Print Name  = SEGadd_FPGA, Entries= 0, Total sum= 0
 TH1.Print Name  = SEGadd_PSA, Entries= 0, Total sum= 0
 TH1.Print Name  = SEGsum_FPGA, Entries= 0, Total sum= 0
 TH1.Print Name  = SEGsum_PSA, Entries= 0, Total sum= 0
 TH1.Print Name  = radius_all, Entries= 0, Total sum= 0
 TH1.Print Name  = rate_mode2_min, Entries= 0, Total sum= 0
 TH1.Print Name  = rate_mode2_sec, Entries= 0, Total sum= 0
 TH1.Print Name  = rate_mode2_intp, Entries= 0, Total sum= 0
 TH1.Print Name  = cdtbtev, Entries= 0, Total sum= 0
 TH1.Print Name  = evsr_all, Entries= 0, Total sum= 0
 TH1.Print Name  = SMAP_allhits, Entries= 0, Total sum= 0
 TH1.Print Name  = SMAP_allhits_sq, Entries= 0, Total sum= 0
 TH1.Print Name  = seghitpat, Entries= 0, Total sum= 0
 TH1.Print Name  = CCe, Entries= 0, Total sum= 0
 TH1.Print Name  = ggCC, Entries= 0, Total sum= 0
 TH1.Print Name  = z_plot, Entries= 0, Total sum= 0
 TH1.Print Name  = crystal_hit, Entries= 0, Total sum= 0
 TH1.Print Name  = SegE, Entries= 0, Total sum= 0
 TH1.Print Name  = crXcr, Entries= 0, Total sum= 0
 ******************************************************************************
*Tree    :tree      : tree                                                   *
*Entries :        0 : Total =            8461 bytes  File  Size =          0 *
*        :          : Tree compression factor =   1.00                       *
******************************************************************************
*Br    0 :runNumber : runNumber/I                                            *
*Entries :        0 : Total  Size=        501 bytes  One basket in memory    *
*Baskets :        0 : Basket Size=      32000 bytes  Compression=   1.00     *
*............................................................................*
*Br    1 :numHits   : numHits/I                                              *
*Entries :        0 : Total  Size=        493 bytes  One basket in memory    *
*Baskets :        0 : Basket Size=      32000 bytes  Compression=   1.00     *
*............................................................................*
*Br    2 :left      : left[numHits]/F                                        *
*Entries :        0 : Total  Size=        580 bytes  One basket in memory    *
*Baskets :        0 : Basket Size=      32000 bytes  Compression=   1.00     *
*............................................................................*
*Br    3 :right     : right[numHits]/F                                       *
*Entries :        0 : Total  Size=        584 bytes  One basket in memory    *
*Baskets :        0 : Basket Size=      32000 bytes  Compression=   1.00     *
*............................................................................*
*Br    4 :up        : up[numHits]/F                                          *
*Entries :        0 : Total  Size=        572 bytes  One basket in memory    *
*Baskets :        0 : Basket Size=      32000 bytes  Compression=   1.00     *
*............................................................................*
*Br    5 :down      : down[numHits]/F                                        *
*Entries :        0 : Total  Size=        580 bytes  One basket in memory    *
*Baskets :        0 : Basket Size=      32000 bytes  Compression=   1.00     *
*............................................................................*
*Br    6 :e1        : e1[numHits]/F                                          *
*Entries :        0 : Total  Size=        572 bytes  One basket in memory    *
*Baskets :        0 : Basket Size=      32000 bytes  Compression=   1.00     *
*............................................................................*
*Br    7 :e2        : e2[numHits]/F                                          *
*Entries :        0 : Total  Size=        572 bytes  One basket in memory    *
*Baskets :        0 : Basket Size=      32000 bytes  Compression=   1.00     *
*............................................................................*
*Br    8 :e3        : e3[numHits]/F                                          *
*Entries :        0 : Total  Size=        572 bytes  One basket in memory    *
*Baskets :        0 : Basket Size=      32000 bytes  Compression=   1.00     *
*............................................................................*
*Br    9 :tac       : tac[numHits]/F                                         *
*Entries :        0 : Total  Size=        576 bytes  One basket in memory    *
*Baskets :        0 : Basket Size=      32000 bytes  Compression=   1.00     *
*............................................................................*
*Br   10 :fmaDeltaTime : fmaDeltaTime[numHits]/F                             *
*Entries :        0 : Total  Size=        612 bytes  One basket in memory    *
*Baskets :        0 : Basket Size=      32000 bytes  Compression=   1.00     *
*............................................................................*
*Br   11 :fmaMult   : fmaMult[10]/I                                          *
*Entries :        0 : Total  Size=        501 bytes  One basket in memory    *
*Baskets :        0 : Basket Size=      32000 bytes  Compression=   1.00     *
*............................................................................*
*Br   12 :gammaMult : gammaMult/I                                            *
*Entries :        0 : Total  Size=        501 bytes  One basket in memory    *
*Baskets :        0 : Basket Size=      32000 bytes  Compression=   1.00     *
*............................................................................*
*Br   13 :gammaEnergy : gammaEnergy[gammaMult]/F                             *
*Entries :        0 : Total  Size=        616 bytes  One basket in memory    *
*Baskets :        0 : Basket Size=      32000 bytes  Compression=   1.00     *
*............................................................................*
*Br   14 :gammaTimestamp : gammaTimestamp[gammaMult]/F                       *
*Entries :        0 : Total  Size=        628 bytes  One basket in memory    *
*Baskets :        0 : Basket Size=      32000 bytes  Compression=   1.00     *
*............................................................................*
*Br   15 :deltaTime : deltaTime[gammaMult]/F                                 *
*Entries :        0 : Total  Size=        608 bytes  One basket in memory    *
*Baskets :        0 : Basket Size=      32000 bytes  Compression=   1.00     *
*............................................................................*
 TH1.Print Name  = eCC_a, Entries= 0, Total sum= 0
 TH1.Print Name  = eCC_b, Entries= 0, Total sum= 0
 TH1.Print Name  = eCC_c, Entries= 0, Total sum= 0
 TH1.Print Name  = eCC_d, Entries= 0, Total sum= 0
 TH1.Print Name  = eSeg, Entries= 0, Total sum= 0
 TH1.Print Name  = mode3_hitpat, Entries= 0, Total sum= 0
 TH1.Print Name  = mode3_hitpat_chan, Entries= 0, Total sum= 0
 TH1.Print Name  = chan0, Entries= 0, Total sum= 0
 TH1.Print Name  = module, Entries= 0, Total sum= 0
 TH1.Print Name  = chan, Entries= 0, Total sum= 0
 TH1.Print Name  = l, Entries= 0, Total sum= 0
 TH1.Print Name  = r, Entries= 0, Total sum= 0
 TH1.Print Name  = up, Entries= 0, Total sum= 0
 TH1.Print Name  = down, Entries= 0, Total sum= 0
 TH1.Print Name  = sumlr, Entries= 0, Total sum= 0
 TH1.Print Name  = sumud, Entries= 0, Total sum= 0
 TH1.Print Name  = x, Entries= 0, Total sum= 0
 TH1.Print Name  = y, Entries= 0, Total sum= 0
 TH1.Print Name  = de1, Entries= 0, Total sum= 0
 TH1.Print Name  = de2, Entries= 0, Total sum= 0
 TH1.Print Name  = de3, Entries= 0, Total sum= 0
 TH1.Print Name  = de12, Entries= 0, Total sum= 0
 TH1.Print Name  = etot, Entries= 0, Total sum= 0
 TH1.Print Name  = rftof, Entries= 0, Total sum= 0
 TH1.Print Name  = lr, Entries= 0, Total sum= 0
 TH1.Print Name  = ud, Entries= 0, Total sum= 0
 TH1.Print Name  = ede1, Entries= 0, Total sum= 0
 TH1.Print Name  = ede1g, Entries= 0, Total sum= 0
 TH1.Print Name  = ede2, Entries= 0, Total sum= 0
 TH1.Print Name  = ede12, Entries= 0, Total sum= 0
 TH1.Print Name  = xde1, Entries= 0, Total sum= 0
 TH1.Print Name  = erftof, Entries= 0, Total sum= 0
 TH1.Print Name  = erftofg, Entries= 0, Total sum= 0
 TH1.Print Name  = sumehi, Entries= 0, Total sum= 0
 TH1.Print Name  = tgppac, Entries= 0, Total sum= 0
 TH1.Print Name  = tgppacg, Entries= 0, Total sum= 0
 TH1.Print Name  = xehi1, Entries= 0, Total sum= 0
 TH1.Print Name  = xehi1g, Entries= 0, Total sum= 0
 TH1.Print Name  = de1ehi, Entries= 0, Total sum= 0
 TH1.Print Name  = de1ehig, Entries= 0, Total sum= 0
 TH1.Print Name  = ng, Entries= 0, Total sum= 0
 TH1.Print Name  = ehiz1, Entries= 0, Total sum= 0
 TH1.Print Name  = ehiz2, Entries= 0, Total sum= 0
 TH1.Print Name  = ehiz3, Entries= 0, Total sum= 0
 TH1.Print Name  = ehiz4, Entries= 0, Total sum= 0
 TH1.Print Name  = ehiz5, Entries= 0, Total sum= 0
 TH1.Print Name  = gg_dt, Entries= 0, Total sum= 0
 TH1.Print Name  = gg, Entries= 0, Total sum= 0
 TH1.Print Name  = gg_z1, Entries= 0, Total sum= 0
 TH1.Print Name  = gg_z2, Entries= 0, Total sum= 0
 TH1.Print Name  = gg_z3, Entries= 0, Total sum= 0
 TH1.Print Name  = gg_z4, Entries= 0, Total sum= 0
 TH1.Print Name  = gg_z5, Entries= 0, Total sum= 0
GRETINA detector angles
mod  1, crystal 0 [  4]: ( 10.07   3.58  15.10) pol   35.30 ,  azi   13.35; pol   35.30 ,  azi   19.58; modCCdopfac[4] 1.0271
mod  1, crystal 1 [  5]: ( 10.11   9.19  12.47) pol   47.60 ,  azi   36.39; pol   47.60 ,  azi   42.30; modCCdopfac[5] 1.0222
mod  1, crystal 2 [  6]: (  5.44   7.69  15.92) pol   30.60 ,  azi   25.77; pol   30.60 ,  azi   54.72; modCCdopfac[6] 1.0287
mod  1, crystal 3 [  7]: (  4.99   1.78  17.72) pol   16.65 ,  azi    5.72; pol   16.65 ,  azi   19.58; modCCdopfac[7] 1.0321
mod  2, crystal 0 [  8]: ( -0.29  10.69  15.10) pol   35.30 ,  azi   35.29; pol   35.30 ,  azi   91.58; modCCdopfac[8] 1.0271
mod  2, crystal 1 [  9]: ( -5.62  12.45  12.47) pol   47.60 ,  azi   44.95; pol   47.60 ,  azi  114.30; modCCdopfac[9] 1.0222
mod  2, crystal 2 [ 10]: ( -5.63   7.55  15.92) pol   30.60 ,  azi   25.36; pol   30.60 ,  azi  126.72; modCCdopfac[10] 1.0287
mod  2, crystal 3 [ 11]: ( -0.15   5.30  17.72) pol   16.65 ,  azi   16.64; pol   16.65 ,  azi   91.58; modCCdopfac[11] 1.0321
mod  3, crystal 0 [ 12]: (-10.25   3.02  15.10) pol   35.30 ,  azi   11.32; pol   35.30 ,  azi  163.58; modCCdopfac[12] 1.0271
mod  3, crystal 1 [ 13]: (-13.58  -1.50  12.47) pol   47.60 ,  azi   -6.85; pol   47.60 ,  azi -173.70; modCCdopfac[13] 1.0222
mod  3, crystal 2 [ 14]: ( -8.92  -3.02  15.92) pol   30.60 ,  azi  -10.75; pol   30.60 ,  azi -161.28; modCCdopfac[14] 1.0287
mod  3, crystal 3 [ 15]: ( -5.08   1.50  17.72) pol   16.65 ,  azi    4.83; pol   16.65 ,  azi  163.58; modCCdopfac[15] 1.0321
mod  4, crystal 0 [ 16]: ( -6.04  -8.82  15.10) pol   35.30 ,  azi  -30.29; pol   35.30 ,  azi -124.42; modCCdopfac[16] 1.0271
mod  4, crystal 1 [ 17]: ( -2.77 -13.38  12.47) pol   47.60 ,  azi  -47.00; pol   47.60 ,  azi -101.70; modCCdopfac[17] 1.0222
mod  4, crystal 2 [ 18]: (  0.12  -9.42  15.92) pol   30.60 ,  azi  -30.60; pol   30.60 ,  azi  -89.28; modCCdopfac[18] 1.0287
mod  4, crystal 3 [ 19]: ( -3.00  -4.37  17.72) pol   16.65 ,  azi  -13.86; pol   16.65 ,  azi -124.42; modCCdopfac[19] 1.0321
mod  5, crystal 0 [ 20]: (  6.52  -8.47  15.10) pol   35.30 ,  azi  -29.30; pol   35.30 ,  azi  -52.42; modCCdopfac[20] 1.0271
mod  5, crystal 1 [ 21]: ( 11.87  -6.77  12.47) pol   47.60 ,  azi  -28.49; pol   47.60 ,  azi  -29.70; modCCdopfac[21] 1.0222
mod  5, crystal 2 [ 22]: (  8.99  -2.80  15.92) pol   30.60 ,  azi   -9.96; pol   30.60 ,  azi  -17.28; modCCdopfac[22] 1.0287
mod  5, crystal 3 [ 23]: (  3.23  -4.20  17.72) pol   16.65 ,  azi  -13.33; pol   16.65 ,  azi  -52.42; modCCdopfac[23] 1.0321
mod  6, crystal 0 [ 24]: (  4.54  16.51   7.02) pol   67.71 ,  azi   66.97; pol   67.71 ,  azi   74.63; modCCdopfac[24] 1.0121
mod  6, crystal 1 [ 25]: ( -0.33  15.15  10.61) pol   55.02 ,  azi   55.01; pol   55.02 ,  azi   91.23; modCCdopfac[25] 1.0187
mod  6, crystal 2 [ 26]: (  5.05  13.00  12.16) pol   48.92 ,  azi   46.92; pol   48.92 ,  azi   68.77; modCCdopfac[26] 1.0216
mod  6, crystal 3 [ 27]: (  9.66  13.57   8.06) pol   64.18 ,  azi   59.29; pol   64.18 ,  azi   54.55; modCCdopfac[27] 1.0140
mod  7, crystal 0 [ 28]: (-14.30   9.42   7.02) pol   67.71 ,  azi   53.31; pol   67.71 ,  azi  146.63; modCCdopfac[28] 1.0121
mod  7, crystal 1 [ 29]: (-14.51   4.37  10.61) pol   55.02 ,  azi   22.40; pol   55.02 ,  azi  163.23; modCCdopfac[29] 1.0187
mod  7, crystal 2 [ 30]: (-10.80   8.82  12.16) pol   48.92 ,  azi   35.96; pol   48.92 ,  azi  140.77; modCCdopfac[30] 1.0216
mod  7, crystal 3 [ 31]: ( -9.92  13.38   8.06) pol   64.18 ,  azi   58.94; pol   64.18 ,  azi  126.55; modCCdopfac[31] 1.0140
mod  8, crystal 0 [ 32]: (-13.37 -10.69   7.02) pol   67.71 ,  azi  -56.71; pol   67.71 ,  azi -141.37; modCCdopfac[32] 1.0121
mod  8, crystal 1 [ 33]: ( -8.64 -12.45  10.61) pol   55.02 ,  azi  -49.58; pol   55.02 ,  azi -124.77; modCCdopfac[33] 1.0187
mod  8, crystal 2 [ 34]: (-11.73  -7.55  12.16) pol   48.92 ,  azi  -31.84; pol   48.92 ,  azi -147.23; modCCdopfac[34] 1.0216
mod  8, crystal 3 [ 35]: (-15.79  -5.30   8.06) pol   64.18 ,  azi  -33.33; pol   64.18 ,  azi -161.45; modCCdopfac[35] 1.0140
mod  9, crystal 0 [ 36]: (  6.03 -16.02   7.02) pol   67.71 ,  azi  -66.35; pol   67.71 ,  azi  -69.37; modCCdopfac[36] 1.0121
mod  9, crystal 1 [ 37]: (  9.17 -12.07  10.61) pol   55.02 ,  azi  -48.69; pol   55.02 ,  azi  -52.77; modCCdopfac[37] 1.0187
mod  9, crystal 2 [ 38]: (  3.56 -13.48  12.16) pol   48.92 ,  azi  -47.96; pol   48.92 ,  azi  -75.23; modCCdopfac[38] 1.0216
mod  9, crystal 3 [ 39]: (  0.16 -16.65   8.06) pol   64.18 ,  azi  -64.18; pol   64.18 ,  azi  -89.45; modCCdopfac[39] 1.0140
mod 10, crystal 0 [ 40]: ( 17.10   0.79   7.02) pol   67.71 ,  azi    6.39; pol   67.71 ,  azi    2.63; modCCdopfac[40] 1.0121
mod 10, crystal 1 [ 41]: ( 14.31   4.99  10.61) pol   55.02 ,  azi   25.21; pol   55.02 ,  azi   19.23; modCCdopfac[41] 1.0187
mod 10, crystal 2 [ 42]: ( 13.92  -0.79  12.16) pol   48.92 ,  azi   -3.70; pol   48.92 ,  azi   -3.23; modCCdopfac[42] 1.0216
mod 10, crystal 3 [ 43]: ( 15.89  -4.99   8.06) pol   64.18 ,  azi  -31.79; pol   64.18 ,  azi  -17.45; modCCdopfac[43] 1.0140
mod 11, crystal 0 [ 44]: ( 18.26   2.80   0.92) pol   87.15 ,  azi   71.78; pol   87.15 ,  azi    8.71; modCCdopfac[44] 1.0011
mod 11, crystal 1 [ 45]: ( 17.30   4.20  -5.04) pol  105.79 ,  azi  140.16; pol  105.79 ,  azi   13.65; modCCdopfac[45] 0.9906
mod 11, crystal 2 [ 46]: ( 16.42   8.47  -0.92) pol   92.85 ,  azi   96.20; pol   92.85 ,  azi   27.29; modCCdopfac[46] 0.9978
mod 11, crystal 3 [ 47]: ( 16.46   6.77   5.04) pol   74.21 ,  azi   53.36; pol   74.21 ,  azi   22.35; modCCdopfac[47] 1.0085
mod 12, crystal 0 [ 48]: ( 12.46  13.48  -2.26) pol   97.01 ,  azi   99.50; pol   97.01 ,  azi   47.25; modCCdopfac[48] 0.9954
mod 12, crystal 1 [ 49]: (  7.28  16.65  -3.46) pol  100.78 ,  azi  101.74; pol  100.78 ,  azi   66.39; modCCdopfac[49] 0.9933
mod 12, crystal 2 [ 50]: (  8.97  16.02   2.26) pol   82.99 ,  azi   81.98; pol   82.99 ,  azi   60.75; modCCdopfac[50] 1.0035
mod 12, crystal 3 [ 51]: ( 13.59  12.07   3.46) pol   79.22 ,  azi   74.00; pol   79.22 ,  azi   41.61; modCCdopfac[51] 1.0057
mod 13, crystal 0 [ 52]: (  2.98  18.23   0.92) pol   87.15 ,  azi   87.11; pol   87.15 ,  azi   80.71; modCCdopfac[52] 1.0011
mod 13, crystal 1 [ 53]: (  1.35  17.75  -5.04) pol  105.79 ,  azi  105.84; pol  105.79 ,  azi   85.65; modCCdopfac[53] 0.9906
mod 13, crystal 2 [ 54]: ( -2.98  18.23  -0.92) pol   92.85 ,  azi   92.89; pol   92.85 ,  azi   99.29; modCCdopfac[54] 0.9978
mod 13, crystal 3 [ 55]: ( -1.35  17.75   5.04) pol   74.21 ,  azi   74.16; pol   74.21 ,  azi   94.35; modCCdopfac[55] 1.0085
mod 14, crystal 0 [ 56]: ( -8.97  16.02  -2.26) pol   97.01 ,  azi   98.02; pol   97.01 ,  azi  119.25; modCCdopfac[56] 0.9954
mod 14, crystal 1 [ 57]: (-13.59  12.07  -3.46) pol  100.78 ,  azi  106.00; pol  100.78 ,  azi  138.39; modCCdopfac[57] 0.9933
mod 14, crystal 2 [ 58]: (-12.46  13.48   2.26) pol   82.99 ,  azi   80.50; pol   82.99 ,  azi  132.75; modCCdopfac[58] 1.0035
mod 14, crystal 3 [ 59]: ( -7.28  16.65   3.46) pol   79.22 ,  azi   78.26; pol   79.22 ,  azi  113.61; modCCdopfac[59] 1.0057
mod 15, crystal 0 [ 60]: (-16.42   8.47   0.92) pol   87.15 ,  azi   83.80; pol   87.15 ,  azi  152.71; modCCdopfac[60] 1.0011
mod 15, crystal 1 [ 61]: (-16.46   6.77  -5.04) pol  105.79 ,  azi  126.64; pol  105.79 ,  azi  157.65; modCCdopfac[61] 0.9906
mod 15, crystal 2 [ 62]: (-18.26   2.80  -0.92) pol   92.85 ,  azi  108.22; pol   92.85 ,  azi  171.29; modCCdopfac[62] 0.9978
mod 15, crystal 3 [ 63]: (-17.30   4.20   5.04) pol   74.21 ,  azi   39.84; pol   74.21 ,  azi  166.35; modCCdopfac[63] 1.0085
mod 16, crystal 0 [ 64]: (-18.01  -3.58  -2.26) pol   97.01 ,  azi -122.21; pol   97.01 ,  azi -168.75; modCCdopfac[64] 0.9954
mod 16, crystal 1 [ 65]: (-15.68  -9.19  -3.46) pol  100.78 ,  azi -110.62; pol  100.78 ,  azi -149.61; modCCdopfac[65] 0.9933
mod 16, crystal 2 [ 66]: (-16.68  -7.69   2.26) pol   82.99 ,  azi  -73.64; pol   82.99 ,  azi -155.25; modCCdopfac[66] 1.0035
mod 16, crystal 3 [ 67]: (-18.09  -1.78   3.46) pol   79.22 ,  azi  -27.18; pol   79.22 ,  azi -174.39; modCCdopfac[67] 1.0057
mod 17, crystal 0 [ 68]: (-13.13 -13.00   0.92) pol   87.15 ,  azi  -85.95; pol   87.15 ,  azi -135.29; modCCdopfac[68] 1.0011
mod 17, crystal 1 [ 69]: (-11.53 -13.57  -5.04) pol  105.79 ,  azi -110.36; pol  105.79 ,  azi -130.35; modCCdopfac[69] 0.9906
mod 17, crystal 2 [ 70]: ( -8.30 -16.51  -0.92) pol   92.85 ,  azi  -93.19; pol   92.85 ,  azi -116.71; modCCdopfac[70] 0.9978
mod 17, crystal 3 [ 71]: ( -9.34 -15.15   5.04) pol   74.21 ,  azi  -71.62; pol   74.21 ,  azi -121.65; modCCdopfac[71] 1.0085
mod 18, crystal 0 [ 72]: ( -2.16 -18.23  -2.26) pol   97.01 ,  azi  -97.05; pol   97.01 ,  azi  -96.75; modCCdopfac[72] 0.9954
mod 18, crystal 1 [ 73]: (  3.90 -17.75  -3.46) pol  100.78 ,  azi -101.03; pol  100.78 ,  azi  -77.61; modCCdopfac[73] 0.9933
mod 18, crystal 2 [ 74]: (  2.16 -18.23   2.26) pol   82.99 ,  azi  -82.95; pol   82.99 ,  azi  -83.25; modCCdopfac[74] 1.0035
mod 18, crystal 3 [ 75]: ( -3.90 -17.75   3.46) pol   79.22 ,  azi  -78.97; pol   79.22 ,  azi -102.39; modCCdopfac[75] 1.0057
mod 19, crystal 0 [ 76]: (  8.30 -16.51   0.92) pol   87.15 ,  azi  -86.81; pol   87.15 ,  azi  -63.29; modCCdopfac[76] 1.0011
mod 19, crystal 1 [ 77]: (  9.34 -15.15  -5.04) pol  105.79 ,  azi -108.38; pol  105.79 ,  azi  -58.35; modCCdopfac[77] 0.9906
mod 19, crystal 2 [ 78]: ( 13.13 -13.00  -0.92) pol   92.85 ,  azi  -94.05; pol   92.85 ,  azi  -44.71; modCCdopfac[78] 0.9978
mod 19, crystal 3 [ 79]: ( 11.53 -13.57   5.04) pol   74.21 ,  azi  -69.64; pol   74.21 ,  azi  -49.65; modCCdopfac[79] 1.0085
mod 20, crystal 0 [ 80]: ( 16.68  -7.69  -2.26) pol   97.01 ,  azi -106.36; pol   97.01 ,  azi  -24.75; modCCdopfac[80] 0.9954
mod 20, crystal 1 [ 81]: ( 18.09  -1.78  -3.46) pol  100.78 ,  azi -152.82; pol  100.78 ,  azi   -5.61; modCCdopfac[81] 0.9933
mod 20, crystal 2 [ 82]: ( 18.01  -3.58   2.26) pol   82.99 ,  azi  -57.79; pol   82.99 ,  azi  -11.25; modCCdopfac[82] 1.0035
mod 20, crystal 3 [ 83]: ( 15.68  -9.19   3.46) pol   79.22 ,  azi  -69.38; pol   79.22 ,  azi  -30.39; modCCdopfac[83] 1.0057
mod 21, crystal 0 [ 84]: ( 14.30   9.42  -7.02) pol  112.29 ,  azi  126.69; pol  112.29 ,  azi   33.37; modCCdopfac[84] 0.9871
mod 21, crystal 1 [ 85]: ( 14.51   4.37 -10.61) pol  124.98 ,  azi  157.60; pol  124.98 ,  azi   16.77; modCCdopfac[85] 0.9809
mod 21, crystal 2 [ 86]: ( 10.80   8.82 -12.16) pol  131.08 ,  azi  144.04; pol  131.08 ,  azi   39.23; modCCdopfac[86] 0.9782
mod 21, crystal 3 [ 87]: (  9.92  13.38  -8.06) pol  115.82 ,  azi  121.06; pol  115.82 ,  azi   53.45; modCCdopfac[87] 0.9853
mod 22, crystal 0 [ 88]: ( -4.54  16.51  -7.02) pol  112.29 ,  azi  113.03; pol  112.29 ,  azi  105.37; modCCdopfac[88] 0.9871
mod 22, crystal 1 [ 89]: (  0.33  15.15 -10.61) pol  124.98 ,  azi  124.99; pol  124.98 ,  azi   88.77; modCCdopfac[89] 0.9809
mod 22, crystal 2 [ 90]: ( -5.05  13.00 -12.16) pol  131.08 ,  azi  133.08; pol  131.08 ,  azi  111.23; modCCdopfac[90] 0.9782
mod 22, crystal 3 [ 91]: ( -9.66  13.57  -8.06) pol  115.82 ,  azi  120.71; pol  115.82 ,  azi  125.45; modCCdopfac[91] 0.9853
mod 23, crystal 0 [ 92]: (-17.10   0.79  -7.02) pol  112.29 ,  azi  173.61; pol  112.29 ,  azi  177.37; modCCdopfac[92] 0.9871
mod 23, crystal 1 [ 93]: (-14.31   4.99 -10.61) pol  124.98 ,  azi  154.79; pol  124.98 ,  azi  160.77; modCCdopfac[93] 0.9809
mod 23, crystal 2 [ 94]: (-13.92  -0.79 -12.16) pol  131.08 ,  azi -176.30; pol  131.08 ,  azi -176.77; modCCdopfac[94] 0.9782
mod 23, crystal 3 [ 95]: (-15.89  -4.99  -8.06) pol  115.82 ,  azi -148.21; pol  115.82 ,  azi -162.55; modCCdopfac[95] 0.9853
mod 24, crystal 0 [ 96]: ( -6.03 -16.02  -7.02) pol  112.29 ,  azi -113.65; pol  112.29 ,  azi -110.63; modCCdopfac[96] 0.9871
mod 24, crystal 1 [ 97]: ( -9.17 -12.07 -10.61) pol  124.98 ,  azi -131.31; pol  124.98 ,  azi -127.23; modCCdopfac[97] 0.9809
mod 24, crystal 2 [ 98]: ( -3.56 -13.48 -12.16) pol  131.08 ,  azi -132.04; pol  131.08 ,  azi -104.77; modCCdopfac[98] 0.9782
mod 24, crystal 3 [ 99]: ( -0.16 -16.65  -8.06) pol  115.82 ,  azi -115.82; pol  115.82 ,  azi  -90.55; modCCdopfac[99] 0.9853
mod 25, crystal 0 [100]: ( 13.37 -10.69  -7.02) pol  112.29 ,  azi -123.29; pol  112.29 ,  azi  -38.63; modCCdopfac[100] 0.9871
mod 25, crystal 1 [101]: (  8.64 -12.45 -10.61) pol  124.98 ,  azi -130.42; pol  124.98 ,  azi  -55.23; modCCdopfac[101] 0.9809
mod 25, crystal 2 [102]: ( 11.73  -7.55 -12.16) pol  131.08 ,  azi -148.16; pol  131.08 ,  azi  -32.77; modCCdopfac[102] 0.9782
mod 25, crystal 3 [103]: ( 15.79  -5.30  -8.06) pol  115.82 ,  azi -146.67; pol  115.82 ,  azi  -18.55; modCCdopfac[103] 0.9853
mod 26, crystal 0 [104]: (  0.29  10.69 -15.10) pol  144.70 ,  azi  144.71; pol  144.70 ,  azi   88.42; modCCdopfac[104] 0.9732
mod 26, crystal 1 [105]: (  5.62  12.45 -12.47) pol  132.40 ,  azi  135.05; pol  132.40 ,  azi   65.70; modCCdopfac[105] 0.9777
mod 26, crystal 2 [106]: (  5.63   7.55 -15.92) pol  149.40 ,  azi  154.64; pol  149.40 ,  azi   53.28; modCCdopfac[106] 0.9718
mod 26, crystal 3 [107]: (  0.15   5.30 -17.72) pol  163.35 ,  azi  163.36; pol  163.35 ,  azi   88.42; modCCdopfac[107] 0.9688
mod 27, crystal 0 [108]: (-10.07   3.58 -15.10) pol  144.70 ,  azi  166.65; pol  144.70 ,  azi  160.42; modCCdopfac[108] 0.9732
mod 27, crystal 1 [109]: (-10.11   9.19 -12.47) pol  132.40 ,  azi  143.61; pol  132.40 ,  azi  137.70; modCCdopfac[109] 0.9777
mod 27, crystal 2 [110]: ( -5.44   7.69 -15.92) pol  149.40 ,  azi  154.23; pol  149.40 ,  azi  125.28; modCCdopfac[110] 0.9718
mod 27, crystal 3 [111]: ( -4.99   1.78 -17.72) pol  163.35 ,  azi  174.28; pol  163.35 ,  azi  160.42; modCCdopfac[111] 0.9688
mod 28, crystal 0 [112]: ( -6.52  -8.47 -15.10) pol  144.70 ,  azi -150.70; pol  144.70 ,  azi -127.58; modCCdopfac[112] 0.9732
mod 28, crystal 1 [113]: (-11.87  -6.77 -12.47) pol  132.40 ,  azi -151.51; pol  132.40 ,  azi -150.30; modCCdopfac[113] 0.9777
mod 28, crystal 2 [114]: ( -8.99  -2.80 -15.92) pol  149.40 ,  azi -170.04; pol  149.40 ,  azi -162.72; modCCdopfac[114] 0.9718
mod 28, crystal 3 [115]: ( -3.23  -4.20 -17.72) pol  163.35 ,  azi -166.67; pol  163.35 ,  azi -127.58; modCCdopfac[115] 0.9688
mod 29, crystal 0 [116]: (  6.04  -8.82 -15.10) pol  144.70 ,  azi -149.71; pol  144.70 ,  azi  -55.58; modCCdopfac[116] 0.9732
mod 29, crystal 1 [117]: (  2.77 -13.38 -12.47) pol  132.40 ,  azi -133.00; pol  132.40 ,  azi  -78.30; modCCdopfac[117] 0.9777
mod 29, crystal 2 [118]: ( -0.12  -9.42 -15.92) pol  149.40 ,  azi -149.40; pol  149.40 ,  azi  -90.72; modCCdopfac[118] 0.9718
mod 29, crystal 3 [119]: (  3.00  -4.37 -17.72) pol  163.35 ,  azi -166.14; pol  163.35 ,  azi  -55.58; modCCdopfac[119] 0.9688
mod 30, crystal 0 [120]: ( 10.25   3.02 -15.10) pol  144.70 ,  azi  168.68; pol  144.70 ,  azi   16.42; modCCdopfac[120] 0.9732
mod 30, crystal 1 [121]: ( 13.58  -1.50 -12.47) pol  132.40 ,  azi -173.15; pol  132.40 ,  azi   -6.30; modCCdopfac[121] 0.9777
mod 30, crystal 2 [122]: (  8.92  -3.02 -15.92) pol  149.40 ,  azi -169.25; pol  149.40 ,  azi  -18.72; modCCdopfac[122] 0.9718
mod 30, crystal 3 [123]: (  5.08   1.50 -17.72) pol  163.35 ,  azi  175.17; pol  163.35 ,  azi   16.42; modCCdopfac[123] 0.9688
setup signal catcher
started sorting... from disk...

Pars.maxTS=4611686018427387904
got initial header, TS=1427633617681 ID: 1 length: 464
read initial payload of siz=464 into event position 1
__ptgd[0]->type= 0; ptgd[0]->length=   0; ptgd[0]->timestamp=0
initial ii=1, nn=1
ev#     0 GEB_TYPE_DECOMP        464Bytes TS=1427633618225 curTS=1427633617681 dTS= 544
t0=1427633617681
first event: GEB_event.mult=1
   0/ 0: ( 1,GEB_TYPE_DECOMP      ) TS=       1427633617681; dT=0
maxTS=10067633617681
that is 86400.0 seconds or 24h0m0s minutes of sorting
GEBGetEv returned st=0
we have read 960 bytes; CurEvNo=1

+++++++++++++++++++++++++++++++
*start event # 1 with multiplicity 1 looks like this:
 0>  1, GEB_TYPE_DECOMP      , TS=1427633617681
entered bin_mode2: 1/10
ptinp->pad= 6, (ptinp->pad&0x000000ff)= 6
updated CCadd with    0.00
total number of hits in array: 0
exit bin_mode2
entered bin_mode3 @ event number: 1 
exit bin_mode3
*end of event # 1
+++++++++++++++++++++++++++++++
ev#     1 GEB_TYPE_DECOMP        464Bytes TS=1427633650827 curTS=1427633618225 dTS= 32602
GEBGetEv returned st=0
we have read 1440 bytes; CurEvNo=2

+++++++++++++++++++++++++++++++
*start event # 2 with multiplicity 1 looks like this:
 0>  1, GEB_TYPE_DECOMP      , TS=1427633618225
entered bin_mode2: 2/10
ptinp->pad= 6, (ptinp->pad&0x000000ff)= 6
updated CCadd with    0.00
total number of hits in array: 0
exit bin_mode2
entered bin_mode3 @ event number: 2 
exit bin_mode3
*end of event # 2
+++++++++++++++++++++++++++++++
ev#     2 GEB_TYPE_DECOMP        464Bytes TS=1427633713057 curTS=1427633650827 dTS= 62230
GEBGetEv returned st=0
we have read 1920 bytes; CurEvNo=3

+++++++++++++++++++++++++++++++
*start event # 3 with multiplicity 1 looks like this:
 0>  1, GEB_TYPE_DECOMP      , TS=1427633650827
entered bin_mode2: 3/10
ptinp->pad= 6, (ptinp->pad&0x000000ff)= 6
updated CCadd with    0.00
total number of hits in array: 0
exit bin_mode2
entered bin_mode3 @ event number: 3 
exit bin_mode3
*end of event # 3
+++++++++++++++++++++++++++++++
ev#     3 GEB_TYPE_DECOMP        464Bytes TS=1427633793269 curTS=1427633713057 dTS= 80212
GEBGetEv returned st=0
we have read 2400 bytes; CurEvNo=4

+++++++++++++++++++++++++++++++
*start event # 4 with multiplicity 1 looks like this:
 0>  1, GEB_TYPE_DECOMP      , TS=1427633713057
entered bin_mode2: 4/10
ptinp->pad= 6, (ptinp->pad&0x000000ff)= 6
updated CCadd with    0.00
total number of hits in array: 0
exit bin_mode2
entered bin_mode3 @ event number: 4 
exit bin_mode3
*end of event # 4
+++++++++++++++++++++++++++++++
ev#     4 GEB_TYPE_DECOMP        464Bytes TS=1427633804563 curTS=1427633793269 dTS= 11294
GEBGetEv returned st=0
we have read 2880 bytes; CurEvNo=5

+++++++++++++++++++++++++++++++
*start event # 5 with multiplicity 1 looks like this:
 0>  1, GEB_TYPE_DECOMP      , TS=1427633793269
entered bin_mode2: 5/10
ptinp->pad= 0, (ptinp->pad&0x000000ff)= 0
good pad value
mode2 data:  0>  1, GEB_TYPE_DECOMP      , TS=1427633793269
number of hits: 1
* 0/1, is GEB_TYPE_DECOMP: num=1
__detno: 89, module: 22, crystalNumber: 1
CCenergies[0]=  58.78
* 0:    7.69,  14.22,   5.47 --> GT:   -0.26,  16.47,  -9.70
updated CCadd with   58.78
total number of hits in array: 1
exit bin_mode2
entered bin_mode3 @ event number: 5 
exit bin_mode3
*end of event # 5
+++++++++++++++++++++++++++++++
ev#     5 GEB_TYPE_DECOMP        464Bytes TS=1427633804571 curTS=1427633804563 dTS= 8
ev#     5 GEB_TYPE_DECOMP        464Bytes TS=1427633812153 curTS=1427633804563 dTS= 7590
GEBGetEv returned st=0
we have read 3840 bytes; CurEvNo=6

+++++++++++++++++++++++++++++++
*start event # 6 with multiplicity 2 looks like this:
 0>  1, GEB_TYPE_DECOMP      , TS=1427633804563
 1>  1, GEB_TYPE_DECOMP      , TS=1427633804571
entered bin_mode2: 6/10
ptinp->pad= 0, (ptinp->pad&0x000000ff)= 0
good pad value
mode2 data:  0>  1, GEB_TYPE_DECOMP      , TS=1427633804563
number of hits: 3
* 0/2, is GEB_TYPE_DECOMP: num=3
__detno: 61, module: 15, crystalNumber: 1
CCenergies[0]=1884.32
* 0:  -12.91,  23.48,  25.91 --> GT:  -17.62,  10.07,  -6.33
* 1:   -7.09,  20.49,  24.97 --> GT:  -17.83,   9.67,  -5.84
* 2:  -17.85,  28.06,  21.41 --> GT:  -16.92,  10.40,  -6.55
ptinp->pad= 0, (ptinp->pad&0x000000ff)= 0
good pad value
mode2 data:  1>  1, GEB_TYPE_DECOMP      , TS=1427633804571
number of hits: 1
* 1/2, is GEB_TYPE_DECOMP: num=1
__detno: 89, module: 22, crystalNumber: 1
CCenergies[1]= 120.74
* 0:   27.21, -13.68,   8.37 --> GT:   -2.52,  15.29, -11.97
updated CCadd with 2005.06
total number of hits in array: 4
exit bin_mode2
entered bin_mode3 @ event number: 6 
exit bin_mode3
*end of event # 6
+++++++++++++++++++++++++++++++
ev#     6 GEB_TYPE_DECOMP        464Bytes TS=1427633812153 curTS=1427633812153 dTS= 0
ev#     6 GEB_TYPE_GT_MOD29      220Bytes TS=1427633912919 curTS=1427633812153 dTS= 100766
GEBGetEv returned st=0
we have read 4556 bytes; CurEvNo=7

+++++++++++++++++++++++++++++++
*start event # 7 with multiplicity 2 looks like this:
 0>  1, GEB_TYPE_DECOMP      , TS=1427633812153
 1>  1, GEB_TYPE_DECOMP      , TS=1427633812153
entered bin_mode2: 7/10
ptinp->pad= 0, (ptinp->pad&0x000000ff)= 0
good pad value
mode2 data:  0>  1, GEB_TYPE_DECOMP      , TS=1427633812153
number of hits: 3
* 0/2, is GEB_TYPE_DECOMP: num=3
__detno: 79, module: 19, crystalNumber: 3
CCenergies[0]=1615.99
* 0:  -13.07,   1.60,  72.50 --> GT:   16.21, -18.30,   8.18
* 1:  -10.33,   0.28,  59.26 --> GT:   15.28, -17.51,   7.60
* 2:   -0.78,  -8.93,  64.23 --> GT:   14.83, -18.75,   7.09
ptinp->pad= 0, (ptinp->pad&0x000000ff)= 0
good pad value
mode2 data:  1>  1, GEB_TYPE_DECOMP      , TS=1427633812153
number of hits: 3
* 1/2, is GEB_TYPE_DECOMP: num=3
__detno: 61, module: 15, crystalNumber: 1
CCenergies[1]= 949.53
* 0:   20.86,   5.41,   0.10 --> GT:  -17.03,   6.96,  -2.96
* 1:   18.66,  -3.28,  11.03 --> GT:  -18.19,   6.59,  -3.69
* 2:   20.16,   6.22,   7.28 --> GT:  -17.62,   7.31,  -3.20
updated CCadd with 2565.52
total number of hits in array: 6
exit bin_mode2
entered bin_mode3 @ event number: 7 
exit bin_mode3
*end of event # 7
+++++++++++++++++++++++++++++++
ev#     7 GEB_TYPE_DECOMP        464Bytes TS=1427634041557 curTS=1427633912919 dTS= 128638
GEBGetEv returned st=0
we have read 5036 bytes; CurEvNo=8

+++++++++++++++++++++++++++++++
*start event # 8 with multiplicity 1 looks like this:
 0>  8, GEB_TYPE_GT_MOD29    , TS=1427633912919
entered bin_mode2: 8/10
updated CCadd with    0.00
total number of hits in array: 0
exit bin_mode2
entered bin_mode3 @ event number: 8 

bin_mode3:  0>  8, GEB_TYPE_GT_MOD29    , TS=1427633912919, 0x14c659cbc57; payload length: 220 bytes

---------
new GTheader at pos=0 or 0 words (8):
Event.hdr[ 0]=0x1f36,   7990
Event.hdr[ 1]=0x300a,  12298
Event.hdr[ 2]=0xbc57,  48215
Event.hdr[ 3]=0x659c,  26012
Event.hdr[ 4]=0x014c,    332
Event.hdr[ 5]=0x0000,      0
Event.hdr[ 6]=0x0e00,   3584
Event.hdr[ 7]=0x0000,      0
Event.hdr[ 8]=0xe759,  59225
Event.hdr[ 9]=0xbfd0,  49104
Event.hdr[10]=0x8dff,  36351
Event.hdr[11]=0x0a7b,   2683
Event.hdr[12]=0x6158,  24920
Event.hdr[13]=0x07ff,   2047
Event.len=  44, Event.traceLen=  12 (in Bytes)
Event.len=  22, Event.traceLen=   6 (in 16 bit words)
Event.len=  11, Event.traceLen=   3 (in 32 bit words)
next start: 0xaaaaaaaa, pos= 44
0x1f36 module_id = 31 crystal_id = 0 digitizer_id = 3 chan_id = 6 ge_id = 124 channel = 36  -> is segment
open superpulse_008_00_01.xy at Event.chan_id = 6
open CCpulse_008_00_01.xy at Event.chan_id = 6
ncrystal=1
wrote trace to CCpulse_008_00_01.xy
two's comp tempE  ::          0          0 0x00000000 |0000|0000|0000|0000|0000|0000|0000|0000|
rawE              ::          0          0 0x00000000 |0000|0000|0000|0000|0000|0000|0000|0000|
rawE (sign change)::          0          0 0x00000000 |0000|0000|0000|0000|0000|0000|0000|0000|
Event.ehi=               0 0x00000000
Event.ehi=0 (gain changed)
Event.LEDts =        1427633912919
Event.CFDts =          60130459660

---------
new GTheader at pos=44 or 22 words (30):
Event.hdr[ 0]=0x1f37,   7991
Event.hdr[ 1]=0x300a,  12298
Event.hdr[ 2]=0xbc57,  48215
Event.hdr[ 3]=0x659c,  26012
Event.hdr[ 4]=0x014c,    332
Event.hdr[ 5]=0x2e15,  11797
Event.hdr[ 6]=0x0e00,   3584
Event.hdr[ 7]=0x0000,      0
Event.hdr[ 8]=0xe759,  59225
Event.hdr[ 9]=0xd007,  53255
Event.hdr[10]=0x85ff,  34303
Event.hdr[11]=0x043b,   1083
Event.hdr[12]=0x695c,  26972
Event.hdr[13]=0x0000,      0
Event.len=  44, Event.traceLen=  12 (in Bytes)
Event.len=  22, Event.traceLen=   6 (in 16 bit words)
Event.len=  11, Event.traceLen=   3 (in 32 bit words)
next start: 0xaaaaaaaa, pos= 88
0x1f37 module_id = 31 crystal_id = 0 digitizer_id = 3 chan_id = 7 ge_id = 124 channel = 37  -> is segment
ncrystal=1
wrote trace to CCpulse_008_00_01.xy
two's comp tempE  ::      11797      11797 0x00002e15 |0000|0000|0000|0000|0010|1110|0001|0101|
rawE              ::      11797      11797 0x00002e15 |0000|0000|0000|0000|0010|1110|0001|0101|
rawE (sign change)::      11797      11797 0x00002e15 |0000|0000|0000|0000|0010|1110|0001|0101|
Event.ehi=             368 0x00000170
Event.ehi=36 (gain changed)
Event.LEDts =        1427633912919
Event.CFDts =      281432026185740

---------
new GTheader at pos=88 or 44 words (52):
Event.hdr[ 0]=0x1f38,   7992
Event.hdr[ 1]=0x300a,  12298
Event.hdr[ 2]=0xbc57,  48215
Event.hdr[ 3]=0x659c,  26012
Event.hdr[ 4]=0x014c,    332
Event.hdr[ 5]=0x8ea0,  36512
Event.hdr[ 6]=0x9ff9,  40953
Event.hdr[ 7]=0x0000,      0
Event.hdr[ 8]=0xe759,  59225
Event.hdr[ 9]=0xb136,  45366
Event.hdr[10]=0x8bfc,  35836
Event.hdr[11]=0xf94d,  63821
Event.hdr[12]=0x2647,   9799
Event.hdr[13]=0x07f3,   2035
Event.len=  44, Event.traceLen=  12 (in Bytes)
Event.len=  22, Event.traceLen=   6 (in 16 bit words)
Event.len=  11, Event.traceLen=   3 (in 32 bit words)
next start: 0xaaaaaaaa, pos= 132
0x1f38 module_id = 31 crystal_id = 0 digitizer_id = 3 chan_id = 8 ge_id = 124 channel = 38  -> is segment
ncrystal=1
wrote trace to CCpulse_008_00_01.xy
two's comp tempE  ::   16354976   16354976 0x00f98ea0 |0000|0000|1111|1001|1000|1110|1010|0000|
rawE              :: 4294545056    -422240 0xfff98ea0 |1111|1111|1111|1001|1000|1110|1010|0000|
rawE (sign change)::     422240     422240 0x00067160 |0000|0000|0000|0110|0111|0001|0110|0000|
Event.ehi=           13195 0x0000338b
Event.ehi=1319 (gain changed)
Event.LEDts =        1427633912919
Event.CFDts =         575537807372

---------
new GTheader at pos=132 or 66 words (74):
Event.hdr[ 0]=0x1f34,   7988
Event.hdr[ 1]=0x300a,  12298
Event.hdr[ 2]=0xbc57,  48215
Event.hdr[ 3]=0x659c,  26012
Event.hdr[ 4]=0x014c,    332
Event.hdr[ 5]=0x0018,     24
Event.hdr[ 6]=0x0e00,   3584
Event.hdr[ 7]=0x0000,      0
Event.hdr[ 8]=0xe759,  59225
Event.hdr[ 9]=0xfff8,  65528
Event.hdr[10]=0xf5ff,  62975
Event.hdr[11]=0xffff,  65535
Event.hdr[12]=0x001f,     31
Event.hdr[13]=0x0000,      0
Event.len=  44, Event.traceLen=  12 (in Bytes)
Event.len=  22, Event.traceLen=   6 (in 16 bit words)
Event.len=  11, Event.traceLen=   3 (in 32 bit words)
next start: 0xaaaaaaaa, pos= 176
0x1f34 module_id = 31 crystal_id = 0 digitizer_id = 3 chan_id = 4 ge_id = 124 channel = 34  -> is segment
ncrystal=1
wrote trace to CCpulse_008_00_01.xy
two's comp tempE  ::         24         24 0x00000018 |0000|0000|0000|0000|0000|0000|0001|1000|
rawE              ::         24         24 0x00000018 |0000|0000|0000|0000|0000|0000|0001|1000|
rawE (sign change)::         24         24 0x00000018 |0000|0000|0000|0000|0000|0000|0001|1000|
Event.ehi=               0 0x00000000
Event.ehi=0 (gain changed)
Event.LEDts =        1427633912919
Event.CFDts =         257702035468

---------
new GTheader at pos=176 or 88 words (96):
Event.hdr[ 0]=0x1f35,   7989
Event.hdr[ 1]=0x300a,  12298
Event.hdr[ 2]=0xbc57,  48215
Event.hdr[ 3]=0x659c,  26012
Event.hdr[ 4]=0x014c,    332
Event.hdr[ 5]=0x409b,  16539
Event.hdr[ 6]=0xce08,  52744
Event.hdr[ 7]=0x0000,      0
Event.hdr[ 8]=0xe759,  59225
Event.hdr[ 9]=0x3f27,  16167
Event.hdr[10]=0xfe08,  65032
Event.hdr[11]=0x1122,   4386
Event.hdr[12]=0x8f98,  36760
Event.hdr[13]=0x0028,     40
Event.len=  44, Event.traceLen=  12 (in Bytes)
Event.len=  22, Event.traceLen=   6 (in 16 bit words)
Event.len=  11, Event.traceLen=   3 (in 32 bit words)
0x1f35 module_id = 31 crystal_id = 0 digitizer_id = 3 chan_id = 5 ge_id = 124 channel = 35  -> is segment
ncrystal=1
wrote trace to CCpulse_008_00_01.xy
two's comp tempE  ::     540827     540827 0x0008409b |0000|0000|0000|1000|0100|0000|1001|1011|
rawE              ::     540827     540827 0x0008409b |0000|0000|0000|1000|0100|0000|1001|1011|
rawE (sign change)::     540827     540827 0x0008409b |0000|0000|0000|1000|0100|0000|1001|1011|
Event.ehi=           16900 0x00004204
Event.ehi=1690 (gain changed)
Event.LEDts =        1427633912919
Event.CFDts =      270054484344844
exit bin_mode3
*end of event # 8
+++++++++++++++++++++++++++++++
ev#     8 GEB_TYPE_DECOMP        464Bytes TS=1427634041655 curTS=1427634041557 dTS= 98
ev#     8 GEB_TYPE_DECOMP        464Bytes TS=1427634041675 curTS=1427634041557 dTS= 118
ev#     8 GEB_TYPE_GT_MOD29      440Bytes TS=1427634042189 curTS=1427634041557 dTS= 632
GEBGetEv returned st=0
we have read 6452 bytes; CurEvNo=9

+++++++++++++++++++++++++++++++
*start event # 9 with multiplicity 3 looks like this:
 0>  1, GEB_TYPE_DECOMP      , TS=1427634041557
 1>  1, GEB_TYPE_DECOMP      , TS=1427634041655
 2>  1, GEB_TYPE_DECOMP      , TS=1427634041675
entered bin_mode2: 9/10
ptinp->pad= 6, (ptinp->pad&0x000000ff)= 6
ptinp->pad= 0, (ptinp->pad&0x000000ff)= 0
good pad value
mode2 data:  1>  1, GEB_TYPE_DECOMP      , TS=1427634041655
number of hits: 3
* 1/3, is GEB_TYPE_DECOMP: num=3
__detno: 101, module: 25, crystalNumber: 1
CCenergies[0]=1607.37
* 0:  -14.41,  25.49,   9.23 --> GT:    8.46, -15.17,  -9.18
* 1:   -8.65,  12.33,   7.12 --> GT:    8.53, -14.03, -10.08
* 2:   -9.79,  14.83,   6.94 --> GT:    8.49, -14.21,  -9.88
ptinp->pad= 6, (ptinp->pad&0x000000ff)= 6
updated CCadd with 1607.37
total number of hits in array: 3
exit bin_mode2
entered bin_mode3 @ event number: 9 
exit bin_mode3
*end of event # 9
+++++++++++++++++++++++++++++++
ev#     9 GEB_TYPE_DECOMP        464Bytes TS=1427634200519 curTS=1427634042189 dTS= 158330
GEBGetEv returned st=0
we have read 6932 bytes; CurEvNo=10

+++++++++++++++++++++++++++++++
*start event # 10 with multiplicity 1 looks like this:
 0>  8, GEB_TYPE_GT_MOD29    , TS=1427634042189
entered bin_mode2: 10/10
updated CCadd with    0.00
total number of hits in array: 0
exit bin_mode2
entered bin_mode3 @ event number: 10 

bin_mode3:  0>  8, GEB_TYPE_GT_MOD29    , TS=1427634042189, 0x14c659eb54d; payload length: 440 bytes

---------
new GTheader at pos=0 or 0 words (8):
Event.hdr[ 0]=0x1f32,   7986
Event.hdr[ 1]=0x300a,  12298
Event.hdr[ 2]=0xb54d,  46413
Event.hdr[ 3]=0x659e,  26014
Event.hdr[ 4]=0x014c,    332
Event.hdr[ 5]=0xc780,  51072
Event.hdr[ 6]=0x0e00,   3584
Event.hdr[ 7]=0x0000,      0
Event.hdr[ 8]=0x022b,    555
Event.hdr[ 9]=0x3d18,  15640
Event.hdr[10]=0xe600,  58880
Event.hdr[11]=0x000c,     12
Event.hdr[12]=0x94a0,  38048
Event.hdr[13]=0x07ff,   2047
Event.len=  44, Event.traceLen=  12 (in Bytes)
Event.len=  22, Event.traceLen=   6 (in 16 bit words)
Event.len=  11, Event.traceLen=   3 (in 32 bit words)
next start: 0xaaaaaaaa, pos= 44
0x1f32 module_id = 31 crystal_id = 0 digitizer_id = 3 chan_id = 2 ge_id = 124 channel = 32  -> is segment
open superpulse_010_00_01.xy at Event.chan_id = 2
open CCpulse_010_00_01.xy at Event.chan_id = 2
ncrystal=1
wrote trace to CCpulse_010_00_01.xy
two's comp tempE  ::      51072      51072 0x0000c780 |0000|0000|0000|0000|1100|0111|1000|0000|
rawE              ::      51072      51072 0x0000c780 |0000|0000|0000|0000|1100|0111|1000|0000|
rawE (sign change)::      51072      51072 0x0000c780 |0000|0000|0000|0000|1100|0111|1000|0000|
Event.ehi=            1596 0x0000063c
Event.ehi=159 (gain changed)
Event.LEDts =        1427634042189
Event.CFDts =      281350420889612

---------
new GTheader at pos=44 or 22 words (30):
Event.hdr[ 0]=0x1f33,   7987
Event.hdr[ 1]=0x300a,  12298
Event.hdr[ 2]=0xb54d,  46413
Event.hdr[ 3]=0x659e,  26014
Event.hdr[ 4]=0x014c,    332
Event.hdr[ 5]=0x11ac,   4524
Event.hdr[ 6]=0x4e0b,  19979
Event.hdr[ 7]=0x0000,      0
Event.hdr[ 8]=0x022b,    555
Event.hdr[ 9]=0x10e7,   4327
Event.hdr[10]=0x260b,   9739
Event.hdr[11]=0x0de6,   3558
Event.hdr[12]=0xad0c,  44300
Event.hdr[13]=0x002e,     46
Event.len=  44, Event.traceLen=  12 (in Bytes)
Event.len=  22, Event.traceLen=   6 (in 16 bit words)
Event.len=  11, Event.traceLen=   3 (in 32 bit words)
next start: 0xaaaaaaaa, pos= 88
0x1f33 module_id = 31 crystal_id = 0 digitizer_id = 3 chan_id = 3 ge_id = 124 channel = 33  -> is segment
ncrystal=1
wrote trace to CCpulse_010_00_01.xy
two's comp tempE  ::     725420     725420 0x000b11ac |0000|0000|0000|1011|0001|0001|1010|1100|
rawE              ::     725420     725420 0x000b11ac |0000|0000|0000|1011|0001|0001|1010|1100|
rawE (sign change)::     725420     725420 0x000b11ac |0000|0000|0000|1011|0001|0001|1010|1100|
Event.ehi=           22669 0x0000588d
Event.ehi=2266 (gain changed)
Event.LEDts =        1427634042189
Event.CFDts =      266296330944524

---------
new GTheader at pos=88 or 44 words (52):
Event.hdr[ 0]=0x1f34,   7988
Event.hdr[ 1]=0x300a,  12298
Event.hdr[ 2]=0xb54d,  46413
Event.hdr[ 3]=0x659e,  26014
Event.hdr[ 4]=0x014c,    332
Event.hdr[ 5]=0x0076,    118
Event.hdr[ 6]=0x0e00,   3584
Event.hdr[ 7]=0x0000,      0
Event.hdr[ 8]=0x022b,    555
Event.hdr[ 9]=0x0043,     67
Event.hdr[10]=0x4800,  18432
Event.hdr[11]=0x0000,      0
Event.hdr[12]=0xffe0,  65504
Event.hdr[13]=0x07ff,   2047
Event.len=  44, Event.traceLen=  12 (in Bytes)
Event.len=  22, Event.traceLen=   6 (in 16 bit words)
Event.len=  11, Event.traceLen=   3 (in 32 bit words)
next start: 0xaaaaaaaa, pos= 132
0x1f34 module_id = 31 crystal_id = 0 digitizer_id = 3 chan_id = 4 ge_id = 124 channel = 34  -> is segment
ncrystal=1
wrote trace to CCpulse_010_00_01.xy
two's comp tempE  ::        118        118 0x00000076 |0000|0000|0000|0000|0000|0000|0111|0110|
rawE              ::        118        118 0x00000076 |0000|0000|0000|0000|0000|0000|0111|0110|
rawE (sign change)::        118        118 0x00000076 |0000|0000|0000|0000|0000|0000|0111|0110|
Event.ehi=               3 0x00000003
Event.ehi=0 (gain changed)
Event.LEDts =        1427634042189
Event.CFDts =         249112100876

---------
new GTheader at pos=132 or 66 words (74):
Event.hdr[ 0]=0x1f35,   7989
Event.hdr[ 1]=0x300a,  12298
Event.hdr[ 2]=0xb54d,  46413
Event.hdr[ 3]=0x659e,  26014
Event.hdr[ 4]=0x014c,    332
Event.hdr[ 5]=0xa4d3,  42195
Event.hdr[ 6]=0x4e09,  19977
Event.hdr[ 7]=0x0000,      0
Event.hdr[ 8]=0x022b,    555
Event.hdr[ 9]=0xa3b1,  41905
Event.hdr[10]=0x8009,  32777
Event.hdr[11]=0x09ae,   2478
Event.hdr[12]=0xfc9c,  64668
Event.hdr[13]=0x0020,     32
Event.len=  44, Event.traceLen=  12 (in Bytes)
Event.len=  22, Event.traceLen=   6 (in 16 bit words)
Event.len=  11, Event.traceLen=   3 (in 32 bit words)
next start: 0xaaaaaaaa, pos= 176
0x1f35 module_id = 31 crystal_id = 0 digitizer_id = 3 chan_id = 5 ge_id = 124 channel = 35  -> is segment
ncrystal=1
wrote trace to CCpulse_010_00_01.xy
two's comp tempE  ::     632019     632019 0x0009a4d3 |0000|0000|0000|1001|1010|0100|1101|0011|
rawE              ::     632019     632019 0x0009a4d3 |0000|0000|0000|1001|1010|0100|1101|0011|
rawE (sign change)::     632019     632019 0x0009a4d3 |0000|0000|0000|1001|1010|0100|1101|0011|
Event.ehi=           19750 0x00004d26
Event.ehi=1975 (gain changed)
Event.LEDts =        1427634042189
Event.CFDts =      268108834603020

---------
new GTheader at pos=176 or 88 words (96):
Event.hdr[ 0]=0x1f36,   7990
Event.hdr[ 1]=0x300a,  12298
Event.hdr[ 2]=0xb54d,  46413
Event.hdr[ 3]=0x659e,  26014
Event.hdr[ 4]=0x014c,    332
Event.hdr[ 5]=0x46a6,  18086
Event.hdr[ 6]=0x0e04,   3588
Event.hdr[ 7]=0x0000,      0
Event.hdr[ 8]=0x022b,    555
Event.hdr[ 9]=0xb9cd,  47565
Event.hdr[10]=0x3202,  12802
Event.hdr[11]=0xffde,  65502
Event.hdr[12]=0xff43,  65347
Event.hdr[13]=0x07fe,   2046
Event.len=  44, Event.traceLen=  12 (in Bytes)
Event.len=  22, Event.traceLen=   6 (in 16 bit words)
Event.len=  11, Event.traceLen=   3 (in 32 bit words)
next start: 0xaaaaaaaa, pos= 220
0x1f36 module_id = 31 crystal_id = 0 digitizer_id = 3 chan_id = 6 ge_id = 124 channel = 36  -> is segment
ncrystal=1
wrote trace to CCpulse_010_00_01.xy
two's comp tempE  ::     280230     280230 0x000446a6 |0000|0000|0000|0100|0100|0110|1010|0110|
rawE              ::     280230     280230 0x000446a6 |0000|0000|0000|0100|0100|0110|1010|0110|
rawE (sign change)::     280230     280230 0x000446a6 |0000|0000|0000|0100|0100|0110|1010|0110|
Event.ehi=            8757 0x00002235
Event.ehi=875 (gain changed)
Event.LEDts =        1427634042189
Event.CFDts =      281354715660300

---------
new GTheader at pos=220 or 110 words (118):
Event.hdr[ 0]=0x1f37,   7991
Event.hdr[ 1]=0x300a,  12298
Event.hdr[ 2]=0xb54d,  46413
Event.hdr[ 3]=0x659e,  26014
Event.hdr[ 4]=0x014c,    332
Event.hdr[ 5]=0xb4a0,  46240
Event.hdr[ 6]=0x0e01,   3585
Event.hdr[ 7]=0x0000,      0
Event.hdr[ 8]=0x022b,    555
Event.hdr[ 9]=0xcda6,  52646
Event.hdr[10]=0x4800,  18432
Event.hdr[11]=0xffe7,  65511
Event.hdr[12]=0x401f,  16415
Event.hdr[13]=0x07ff,   2047
Event.len=  44, Event.traceLen=  12 (in Bytes)
Event.len=  22, Event.traceLen=   6 (in 16 bit words)
Event.len=  11, Event.traceLen=   3 (in 32 bit words)
next start: 0xaaaaaaaa, pos= 264
0x1f37 module_id = 31 crystal_id = 0 digitizer_id = 3 chan_id = 7 ge_id = 124 channel = 37  -> is segment
ncrystal=1
wrote trace to CCpulse_010_00_01.xy
two's comp tempE  ::     111776     111776 0x0001b4a0 |0000|0000|0000|0001|1011|0100|1010|0000|
rawE              ::     111776     111776 0x0001b4a0 |0000|0000|0000|0001|1011|0100|1010|0000|
rawE (sign change)::     111776     111776 0x0001b4a0 |0000|0000|0000|0001|1011|0100|1010|0000|
Event.ehi=            3493 0x00000da5
Event.ehi=349 (gain changed)
Event.LEDts =        1427634042189
Event.CFDts =          21474902028

---------
new GTheader at pos=264 or 132 words (140):
Event.hdr[ 0]=0x1f38,   7992
Event.hdr[ 1]=0x300a,  12298
Event.hdr[ 2]=0xb54d,  46413
Event.hdr[ 3]=0x659e,  26014
Event.hdr[ 4]=0x014c,    332
Event.hdr[ 5]=0x8b92,  35730
Event.hdr[ 6]=0x1ff9,   8185
Event.hdr[ 7]=0x0000,      0
Event.hdr[ 8]=0x022b,    555
Event.hdr[ 9]=0xae8f,  44687
Event.hdr[10]=0xbffc,  49148
Event.hdr[11]=0xf99b,  63899
Event.hdr[12]=0xc4db,  50395
Event.hdr[13]=0x07f2,   2034
Event.len=  44, Event.traceLen=  12 (in Bytes)
Event.len=  22, Event.traceLen=   6 (in 16 bit words)
Event.len=  11, Event.traceLen=   3 (in 32 bit words)
next start: 0xaaaaaaaa, pos= 308
0x1f38 module_id = 31 crystal_id = 0 digitizer_id = 3 chan_id = 8 ge_id = 124 channel = 38  -> is segment
ncrystal=1
wrote trace to CCpulse_010_00_01.xy
two's comp tempE  ::   16354194   16354194 0x00f98b92 |0000|0000|1111|1001|1000|1011|1001|0010|
rawE              :: 4294544274    -423022 0xfff98b92 |1111|1111|1111|1001|1000|1011|1001|0010|
rawE (sign change)::     423022     423022 0x0006746e |0000|0000|0000|0110|0111|0100|0110|1110|
Event.ehi=           13219 0x000033a3
Event.ehi=1321 (gain changed)
Event.LEDts =        1427634042189
Event.CFDts =         597013495820

---------
new GTheader at pos=308 or 154 words (162):
Event.hdr[ 0]=0x1f39,   7993
Event.hdr[ 1]=0x300a,  12298
Event.hdr[ 2]=0xb54d,  46413
Event.hdr[ 3]=0x659e,  26014
Event.hdr[ 4]=0x014c,    332
Event.hdr[ 5]=0x02af,    687
Event.hdr[ 6]=0x0e00,   3584
Event.hdr[ 7]=0x0000,      0
Event.hdr[ 8]=0x022b,    555
Event.hdr[ 9]=0xf70a,  63242
Event.hdr[10]=0xf3ff,  62463
Event.hdr[11]=0xfffa,  65530
Event.hdr[12]=0xeb5f,  60255
Event.hdr[13]=0x07ff,   2047
Event.len=  44, Event.traceLen=  12 (in Bytes)
Event.len=  22, Event.traceLen=   6 (in 16 bit words)
Event.len=  11, Event.traceLen=   3 (in 32 bit words)
next start: 0xaaaaaaaa, pos= 352
0x1f39 module_id = 31 crystal_id = 0 digitizer_id = 3 chan_id = 9 ge_id = 124 channel = 39  -> is CC
ncrystal=1
wrote trace to CCpulse_010_00_01.xy
two's comp tempE  ::        687        687 0x000002af |0000|0000|0000|0000|0000|0010|1010|1111|
rawE              ::        687        687 0x000002af |0000|0000|0000|0000|0000|0010|1010|1111|
rawE (sign change)::        687        687 0x000002af |0000|0000|0000|0000|0000|0010|1010|1111|
Event.ehi=              21 0x00000015
Event.ehi=2 (gain changed)
Event.LEDts =        1427634042189
Event.CFDts =         227636871180

---------
new GTheader at pos=352 or 176 words (184):
Event.hdr[ 0]=0x1f30,   7984
Event.hdr[ 1]=0x300a,  12298
Event.hdr[ 2]=0xb54d,  46413
Event.hdr[ 3]=0x659e,  26014
Event.hdr[ 4]=0x014c,    332
Event.hdr[ 5]=0xeb45,  60229
Event.hdr[ 6]=0x4e0b,  19979
Event.hdr[ 7]=0x0000,      0
Event.hdr[ 8]=0x022b,    555
Event.hdr[ 9]=0xeaf3,  60147
Event.hdr[10]=0x300b,  12299
Event.hdr[11]=0x095d,   2397
Event.hdr[12]=0xfc3c,  64572
Event.hdr[13]=0x002c,     44
Event.len=  44, Event.traceLen=  12 (in Bytes)
Event.len=  22, Event.traceLen=   6 (in 16 bit words)
Event.len=  11, Event.traceLen=   3 (in 32 bit words)
next start: 0xaaaaaaaa, pos= 396
0x1f30 module_id = 31 crystal_id = 0 digitizer_id = 3 chan_id = 0 ge_id = 124 channel = 30  -> is segment
ncrystal=1
wrote trace to CCpulse_010_00_01.xy
two's comp tempE  ::     781125     781125 0x000beb45 |0000|0000|0000|1011|1110|1011|0100|0101|
rawE              ::     781125     781125 0x000beb45 |0000|0000|0000|1011|1110|1011|0100|0101|
rawE (sign change)::     781125     781125 0x000beb45 |0000|0000|0000|1011|1110|1011|0100|0101|
Event.ehi=           24410 0x00005f5a
Event.ehi=2441 (gain changed)
Event.LEDts =        1427634042189
Event.CFDts =      265149557243916

---------
new GTheader at pos=396 or 198 words (206):
Event.hdr[ 0]=0x1f31,   7985
Event.hdr[ 1]=0x300a,  12298
Event.hdr[ 2]=0xb54d,  46413
Event.hdr[ 3]=0x659e,  26014
Event.hdr[ 4]=0x014c,    332
Event.hdr[ 5]=0x68ab,  26795
Event.hdr[ 6]=0x4e08,  19976
Event.hdr[ 7]=0x0000,      0
Event.hdr[ 8]=0x022b,    555
Event.hdr[ 9]=0x6837,  26679
Event.hdr[10]=0xbe08,  48648
Event.hdr[11]=0x089c,   2204
Event.hdr[12]=0x4c0c,  19468
Event.hdr[13]=0x0027,     39
Event.len=  44, Event.traceLen=  12 (in Bytes)
Event.len=  22, Event.traceLen=   6 (in 16 bit words)
Event.len=  11, Event.traceLen=   3 (in 32 bit words)
0x1f31 module_id = 31 crystal_id = 0 digitizer_id = 3 chan_id = 1 ge_id = 124 channel = 31  -> is segment
ncrystal=1
wrote trace to CCpulse_010_00_01.xy
two's comp tempE  ::     551083     551083 0x000868ab |0000|0000|0000|1000|0110|1000|1010|1011|
rawE              ::     551083     551083 0x000868ab |0000|0000|0000|1000|0110|1000|1010|1011|
rawE (sign change)::     551083     551083 0x000868ab |0000|0000|0000|1000|0110|1000|1010|1011|
Event.ehi=           17221 0x00004345
Event.ehi=1722 (gain changed)
Event.LEDts =        1427634042189
Event.CFDts =      270058779443212
exit bin_mode3
*end of event # 10
+++++++++++++++++++++++++++++++
ev#    10 GEB_TYPE_DECOMP        464Bytes TS=1427634200865 curTS=1427634200519 dTS= 346
ev# 50000 GEB_TYPE_GT_MOD29      440Bytes TS=1428479340609 curTS=1428479260511 dTS= 80098
ev# 100000 GEB_TYPE_DECOMP        464Bytes TS=1429323463345 curTS=1429323463239 dTS= 106
ev# 100000 GEB_TYPE_DECOMP        464Bytes TS=1429323463345 curTS=1429323463239 dTS= 106
ev# 100000 GEB_TYPE_DECOMP        464Bytes TS=1429323475743 curTS=1429323463239 dTS= 12504
ev# 150000 GEB_TYPE_GT_MOD29      440Bytes TS=1430185618481 curTS=1430185603019 dTS= 15462
ev# 200000 GEB_TYPE_DECOMP        464Bytes TS=1431028910275 curTS=1431028877565 dTS= 32710
ev# 250000 GEB_TYPE_DECOMP        464Bytes TS=1431833341163 curTS=1431833341079 dTS= 84
ev# 250000 GEB_TYPE_DECOMP        464Bytes TS=1431833359033 curTS=1431833341079 dTS= 17954
ev# 300000 GEB_TYPE_DECOMP        464Bytes TS=1432681150617 curTS=1432681150613 dTS= 4
ev# 300000 GEB_TYPE_DECOMP        464Bytes TS=1432681150619 curTS=1432681150613 dTS= 6
ev# 300000 GEB_TYPE_DECOMP        464Bytes TS=1432681150645 curTS=1432681150613 dTS= 32
ev# 300000 GEB_TYPE_GT_MOD29      440Bytes TS=1432681150735 curTS=1432681150613 dTS= 122
ev# 300000 GEB_TYPE_DECOMP        464Bytes TS=1432681178007 curTS=1432681150613 dTS= 27394
ev# 350000 GEB_TYPE_DECOMP        464Bytes TS=1433548614077 curTS=1433548614075 dTS= 2
ev# 350000 GEB_TYPE_DECOMP        464Bytes TS=1433548614077 curTS=1433548614075 dTS= 2
ev# 350000 GEB_TYPE_DECOMP        464Bytes TS=1433548614079 curTS=1433548614075 dTS= 4
ev# 350000 GEB_TYPE_DECOMP        464Bytes TS=1433548646209 curTS=1433548614075 dTS= 32134
ev# 400000 GEB_TYPE_GT_MOD29      440Bytes TS=1434423957941 curTS=1434423957679 dTS= 262
ev# 450000 GEB_TYPE_GT_MOD29      440Bytes TS=1435269021979 curTS=1435269002479 dTS= 19500
ev# 500000 GEB_TYPE_DECOMP        464Bytes TS=1436093759541 curTS=1436093759539 dTS= 2
ev# 500000 GEB_TYPE_DECOMP        464Bytes TS=1436093788997 curTS=1436093759539 dTS= 29458
ev# 550000 GEB_TYPE_DECOMP        464Bytes TS=1436927490473 curTS=1436927453149 dTS= 37324
ev# 600000 GEB_TYPE_DECOMP        464Bytes TS=1437737231495 curTS=1437737171985 dTS= 59510
ev# 650000 GEB_TYPE_GT_MOD29      440Bytes TS=1438556869089 curTS=1438556712555 dTS= 156534
ev# 700000 GEB_TYPE_DECOMP        464Bytes TS=1439408053383 curTS=1439408049323 dTS= 4060
ev# 750000 GEB_TYPE_DECOMP        464Bytes TS=1440291647619 curTS=1440291647333 dTS= 286
ev# 800000 GEB_TYPE_DECOMP        464Bytes TS=1441159996887 curTS=1441159996789 dTS= 98
ev# 800000 GEB_TYPE_DECOMP        464Bytes TS=1441160052199 curTS=1441159996789 dTS= 55410
ev# 850000 GEB_TYPE_GT_MOD29      440Bytes TS=1442007473557 curTS=1442007473473 dTS= 84
ev# 850000 GEB_TYPE_DECOMP        464Bytes TS=1442007522767 curTS=1442007473473 dTS= 49294
ev# 900000 GEB_TYPE_DECOMP        464Bytes TS=1442885989805 curTS=1442885989801 dTS= 4
ev# 900000 GEB_TYPE_DECOMP        464Bytes TS=1442885989807 curTS=1442885989801 dTS= 6
ev# 900000 GEB_TYPE_GT_MOD29      440Bytes TS=1442885990265 curTS=1442885989801 dTS= 464
ev# 950000 GEB_TYPE_GT_MOD29      440Bytes TS=1443775364067 curTS=1443775363947 dTS= 120
ev# 950000 GEB_TYPE_DECOMP        464Bytes TS=1443775364343 curTS=1443775363947 dTS= 396

Sorting is done
attempting to save root or map file



mean observed polar and azimuth angles
for the detectors we saw (module,crystal)

------------------------------------------
mean pol/azi angle for detector  56 are   96.73/ 119.49
mean pol/azi angle for detector  57 are  100.41/ 138.29
mean pol/azi angle for detector  58 are   83.40/ 132.67
mean pol/azi angle for detector  59 are   79.61/ 113.99
mean pol/azi angle for detector  60 are   87.34/ 152.63
mean pol/azi angle for detector  61 are  105.27/ 157.65
mean pol/azi angle for detector  62 are   93.09/ 168.29
mean pol/azi angle for detector  63 are   73.83/ 165.96
mean pol/azi angle for detector  68 are   87.16/-134.98
mean pol/azi angle for detector  69 are  105.29/-129.99
mean pol/azi angle for detector  70 are   92.86/-116.89
mean pol/azi angle for detector  71 are   74.16/-121.85
mean pol/azi angle for detector  76 are   87.42/ -63.20
mean pol/azi angle for detector  77 are  105.29/ -58.05
mean pol/azi angle for detector  78 are   92.96/ -44.98
mean pol/azi angle for detector  79 are   74.19/ -49.86
mean pol/azi angle for detector  84 are  112.26/  33.63
mean pol/azi angle for detector  85 are  125.20/  17.30
mean pol/azi angle for detector  86 are  130.71/  39.24
mean pol/azi angle for detector  87 are  115.88/  52.92
mean pol/azi angle for detector  88 are  112.41/ 105.52
mean pol/azi angle for detector  89 are  124.93/  89.37
mean pol/azi angle for detector  90 are  130.77/ 111.20
mean pol/azi angle for detector  91 are  115.77/ 125.04
mean pol/azi angle for detector  96 are  112.58/-110.68
mean pol/azi angle for detector  97 are  124.79/-126.66
mean pol/azi angle for detector  98 are  130.87/-104.96
mean pol/azi angle for detector  99 are  115.86/ -90.98
mean pol/azi angle for detector 100 are  112.37/ -38.55
mean pol/azi angle for detector 101 are  124.77/ -55.01
mean pol/azi angle for detector 102 are  130.68/ -33.01
mean pol/azi angle for detector 103 are  115.79/ -19.05
mean pol/azi angle for detector 104 are  144.43/  88.29
mean pol/azi angle for detector 105 are  132.70/  65.87
mean pol/azi angle for detector 106 are  148.83/  53.82
mean pol/azi angle for detector 107 are  162.36/  88.55
mean pol/azi angle for detector 108 are  144.71/ 160.10
mean pol/azi angle for detector 109 are  132.71/ 138.00
mean pol/azi angle for detector 110 are  149.55/ 125.47
mean pol/azi angle for detector 111 are  162.34/ 110.75
mean pol/azi angle for detector 116 are  144.43/ -55.84
mean pol/azi angle for detector 117 are  132.55/ -78.31
mean pol/azi angle for detector 118 are  149.03/ -90.34
mean pol/azi angle for detector 119 are  162.44/ -55.95
we found 44 crystals
------------------------------------------

minimum pol angle between crystals is  18.65
compactness =  64.39%, 85 of 264
module hit statistics
module  14, crystal 0 was hit      79991 times
module  14, crystal 1 was hit      85281 times
module  14, crystal 2 was hit      83556 times
module  14, crystal 3 was hit      73184 times
module  15, crystal 0 was hit      85381 times
module  15, crystal 1 was hit      77476 times
module  15, crystal 2 was hit      71919 times
module  15, crystal 3 was hit      74925 times
module  17, crystal 0 was hit      62866 times
module  17, crystal 1 was hit      60691 times
module  17, crystal 2 was hit      61699 times
module  17, crystal 3 was hit      63198 times
module  19, crystal 0 was hit      58887 times
module  19, crystal 1 was hit      61159 times
module  19, crystal 2 was hit      71379 times
module  19, crystal 3 was hit      69686 times
module  21, crystal 0 was hit      72285 times
module  21, crystal 1 was hit      63320 times
module  21, crystal 2 was hit      74523 times
module  21, crystal 3 was hit      72089 times
module  22, crystal 0 was hit      79082 times
module  22, crystal 1 was hit      72756 times
module  22, crystal 2 was hit      81630 times
module  22, crystal 3 was hit      76839 times
module  24, crystal 0 was hit      65674 times
module  24, crystal 1 was hit      62304 times
module  24, crystal 2 was hit      65922 times
module  24, crystal 3 was hit      60028 times
module  25, crystal 0 was hit      62185 times
module  25, crystal 1 was hit      64593 times
module  25, crystal 2 was hit      62081 times
module  25, crystal 3 was hit      60415 times
module  26, crystal 0 was hit      72563 times
module  26, crystal 1 was hit      71198 times
module  26, crystal 2 was hit      70475 times
module  26, crystal 3 was hit      66784 times
module  27, crystal 0 was hit      75184 times
module  27, crystal 1 was hit      73146 times
module  27, crystal 2 was hit      75637 times
module  27, crystal 3 was hit      68800 times
module  29, crystal 0 was hit      60704 times
module  29, crystal 1 was hit      61378 times
module  29, crystal 2 was hit      66800 times
module  29, crystal 3 was hit      61128 times

bin_mode2: pad distribution
__id   0,      1337053, 94.83%
__id   2,          168,  0.01%
__id   3,          398,  0.03%
__id   4,          428,  0.03%
__id   5,         2513,  0.18%
__id   6,         4617,  0.33%
__id 128,        64694,  4.59%
__id 133,          110,  0.01%

bin_mode2 calculated mean CCsum energy to be  741.053 keV
bin_mode2 calculated mean CCadd energy to be 1004.444 keV
attempting to close root file...
Pars.f1->Write();
Pars.f1->Print();
TFile: name=/lcrc/project/HELIOS/gretinafma/root_data/run103.root, title=, option=CREATE
TH1.Print Name  = dtbtev, Entries= 1891536, Total sum= 1.89154e+06
TH1.Print Name  = T0, Entries= 0, Total sum= 0
TH1.Print Name  = hitpat, Entries= 1337053, Total sum= 1.33705e+06
TH1.Print Name  = numHitArray2, Entries= 1000000, Total sum= 688428
TH1.Print Name  = CCmult, Entries= 1000000, Total sum= 1e+06
TH1.Print Name  = CCsum, Entries= 3060736, Total sum= 1.33704e+06
TH1.Print Name  = hit2, Entries= 147356, Total sum= 147181
TH1.Print Name  = hit3, Entries= 78286, Total sum= 77746
TH1.Print Name  = hit4, Entries= 43284, Total sum= 42217
TH1.Print Name  = CCsum_nodop, Entries= 3060736, Total sum= 1.33704e+06
TH1.Print Name  = CCadd, Entries= 1000000, Total sum= 680916
TH1.Print Name  = SEGadd_FPGA, Entries= 200000000, Total sum= 1.33642e+06
TH1.Print Name  = SEGadd_PSA, Entries= 200000000, Total sum= 1.32982e+06
TH1.Print Name  = SEGsum_FPGA, Entries= 2061169, Total sum= 2.06072e+06
TH1.Print Name  = SEGsum_PSA, Entries= 3060801, Total sum= 3.03775e+06
TH1.Print Name  = radius_all, Entries= 3060799, Total sum= 3.0608e+06
TH1.Print Name  = rate_mode2_min, Entries= 1337052, Total sum= 22284.2
TH1.Print Name  = rate_mode2_sec, Entries= 1337052, Total sum= 1.33705e+06
TH1.Print Name  = rate_mode2_intp, Entries= 1337052, Total sum= 51013.3
TH1.Print Name  = cdtbtev, Entries= 225034, Total sum= 225034
TH1.Print Name  = evsr_all, Entries= 3060799, Total sum= 2.99195e+06
TH1.Print Name  = SMAP_allhits, Entries= 3060801, Total sum= 3.0608e+06
TH1.Print Name  = SMAP_allhits_sq, Entries= 3060801, Total sum= 3.0608e+06
TH1.Print Name  = seghitpat, Entries= 3060801, Total sum= 3.0608e+06
TH1.Print Name  = CCe, Entries= 3060736, Total sum= 1.33704e+06
TH1.Print Name  = ggCC, Entries= 2616044, Total sum= 2.28904e+06
TH1.Print Name  = z_plot, Entries= 3060801, Total sum= 3.05804e+06
TH1.Print Name  = crystal_hit, Entries= 0, Total sum= 0
TH1.Print Name  = SegE, Entries= 3060108, Total sum= 3.06011e+06
TH1.Print Name  = crXcr, Entries= 1308022, Total sum= 1.30802e+06
******************************************************************************
*Tree    :tree      : tree                                                   *
*Entries :  1000000 : Total =       152556775 bytes  File  Size =   37578658 *
*        :          : Tree compression factor =   4.06                       *
******************************************************************************
*Br    0 :runNumber : runNumber/I                                            *
*Entries :  1000000 : Total  Size=    4010225 bytes  File Size  =      30502 *
*Baskets :       99 : Basket Size=    1345536 bytes  Compression= 131.39     *
*............................................................................*
*Br    1 :numHits   : numHits/I                                              *
*Entries :  1000000 : Total  Size=    4010019 bytes  File Size  =      30301 *
*Baskets :       99 : Basket Size=    1345536 bytes  Compression= 132.25     *
*............................................................................*
*Br    2 :left      : left[numHits]/F                                        *
*Entries :  1000000 : Total  Size=    8030686 bytes  File Size  =    2939672 *
*Baskets :      294 : Basket Size=    8929792 bytes  Compression=   2.73     *
*............................................................................*
*Br    3 :right     : right[numHits]/F                                       *
*Entries :  1000000 : Total  Size=    8030984 bytes  File Size  =    2911025 *
*Baskets :      294 : Basket Size=    8929792 bytes  Compression=   2.76     *
*............................................................................*
*Br    4 :up        : up[numHits]/F                                          *
*Entries :  1000000 : Total  Size=    8030090 bytes  File Size  =    2917747 *
*Baskets :      294 : Basket Size=    8929280 bytes  Compression=   2.75     *
*............................................................................*
*Br    5 :down      : down[numHits]/F                                        *
*Entries :  1000000 : Total  Size=    8030686 bytes  File Size  =    2947897 *
*Baskets :      294 : Basket Size=    8929792 bytes  Compression=   2.72     *
*............................................................................*
*Br    6 :e1        : e1[numHits]/F                                          *
*Entries :  1000000 : Total  Size=    8030090 bytes  File Size  =    2834856 *
*Baskets :      294 : Basket Size=    8929280 bytes  Compression=   2.83     *
*............................................................................*
*Br    7 :e2        : e2[numHits]/F                                          *
*Entries :  1000000 : Total  Size=    8030090 bytes  File Size  =    2803672 *
*Baskets :      294 : Basket Size=    8929280 bytes  Compression=   2.86     *
*............................................................................*
*Br    8 :e3        : e3[numHits]/F                                          *
*Entries :  1000000 : Total  Size=    8030090 bytes  File Size  =    2740287 *
*Baskets :      294 : Basket Size=    8929280 bytes  Compression=   2.93     *
*............................................................................*
*Br    9 :tac       : tac[numHits]/F                                         *
*Entries :  1000000 : Total  Size=    8030388 bytes  File Size  =    2521777 *
*Baskets :      294 : Basket Size=    8929280 bytes  Compression=   3.18     *
*............................................................................*
*Br   10 :fmaDeltaTime : fmaDeltaTime[numHits]/F                             *
*Entries :  1000000 : Total  Size=    8033070 bytes  File Size  =    2441317 *
*Baskets :      294 : Basket Size=    8930816 bytes  Compression=   3.29     *
*............................................................................*
*Br   11 :fmaMult   : fmaMult[10]/I                                          *
*Entries :  1000000 : Total  Size=   40096169 bytes  File Size  =    1074547 *
*Baskets :      978 : Basket Size=   25600000 bytes  Compression=  37.29     *
*............................................................................*
*Br   12 :gammaMult : gammaMult/I                                            *
*Entries :  1000000 : Total  Size=    4010225 bytes  File Size  =     693645 *
*Baskets :       99 : Basket Size=    1345536 bytes  Compression=   5.78     *
*............................................................................*
*Br   13 :gammaEnergy : gammaEnergy[gammaMult]/F                             *
*Entries :  1000000 : Total  Size=    9384732 bytes  File Size  =    6442694 *
*Baskets :      328 : Basket Size=    9389568 bytes  Compression=   1.46     *
*............................................................................*
*Br   14 :gammaTimestamp : gammaTimestamp[gammaMult]/F                       *
*Entries :  1000000 : Total  Size=    9385728 bytes  File Size  =    1921810 *
*Baskets :      328 : Basket Size=    9390080 bytes  Compression=   4.88     *
*............................................................................*
*Br   15 :deltaTime : deltaTime[gammaMult]/F                                 *
*Entries :  1000000 : Total  Size=    9384068 bytes  File Size  =    2285476 *
*Baskets :      328 : Basket Size=    9389056 bytes  Compression=   4.10     *
*............................................................................*
TH1.Print Name  = eCC_a, Entries= 0, Total sum= 0
TH1.Print Name  = eCC_b, Entries= 0, Total sum= 0
TH1.Print Name  = eCC_c, Entries= 0, Total sum= 0
TH1.Print Name  = eCC_d, Entries= 148577, Total sum= 0
TH1.Print Name  = eSeg, Entries= 0, Total sum= 0
TH1.Print Name  = mode3_hitpat, Entries= 4791290, Total sum= 0
TH1.Print Name  = mode3_hitpat_chan, Entries= 4791290, Total sum= 4.79129e+06
TH1.Print Name  = chan0, Entries= 0, Total sum= 0
TH1.Print Name  = module, Entries= 4791290, Total sum= 4.79129e+06
TH1.Print Name  = chan, Entries= 4791290, Total sum= 4.78816e+06
TH1.Print Name  = l, Entries= 479129, Total sum= 479121
TH1.Print Name  = r, Entries= 479127, Total sum= 479123
TH1.Print Name  = up, Entries= 479129, Total sum= 479129
TH1.Print Name  = down, Entries= 479130, Total sum= 479129
TH1.Print Name  = sumlr, Entries= 471146, Total sum= 471146
TH1.Print Name  = sumud, Entries= 450121, Total sum= 450121
TH1.Print Name  = x, Entries= 471146, Total sum= 471146
TH1.Print Name  = y, Entries= 450121, Total sum= 450121
TH1.Print Name  = de1, Entries= 479130, Total sum= 479109
TH1.Print Name  = de2, Entries= 479129, Total sum= 479128
TH1.Print Name  = de3, Entries= 479128, Total sum= 478079
TH1.Print Name  = de12, Entries= 414069, Total sum= 414069
TH1.Print Name  = etot, Entries= 414069, Total sum= 414069
TH1.Print Name  = rftof, Entries= 479128, Total sum= 477288
TH1.Print Name  = lr, Entries= 1000000, Total sum= 999988
TH1.Print Name  = ud, Entries= 1000000, Total sum= 999999
TH1.Print Name  = ede1, Entries= 414069, Total sum= 414069
TH1.Print Name  = ede1g, Entries= 72062, Total sum= 72059
TH1.Print Name  = ede2, Entries= 414069, Total sum= 414069
TH1.Print Name  = ede12, Entries= 414069, Total sum= 414069
TH1.Print Name  = xde1, Entries= 414069, Total sum= 414069
TH1.Print Name  = erftof, Entries= 1000000, Total sum= 998160
TH1.Print Name  = erftofg, Entries= 27155, Total sum= 27117
TH1.Print Name  = sumehi, Entries= 1337053, Total sum= 1.33705e+06
TH1.Print Name  = tgppac, Entries= 1337053, Total sum= 365184
TH1.Print Name  = tgppacg, Entries= 72062, Total sum= 72062
TH1.Print Name  = xehi1, Entries= 1337053, Total sum= 1.33705e+06
TH1.Print Name  = xehi1g, Entries= 72062, Total sum= 72062
TH1.Print Name  = de1ehi, Entries= 1337053, Total sum= 1.33703e+06
TH1.Print Name  = de1ehig, Entries= 72062, Total sum= 72059
TH1.Print Name  = ng, Entries= 1000000, Total sum= 1e+06
TH1.Print Name  = ehiz1, Entries= 0, Total sum= 0
TH1.Print Name  = ehiz2, Entries= 0, Total sum= 0
TH1.Print Name  = ehiz3, Entries= 0, Total sum= 0
TH1.Print Name  = ehiz4, Entries= 0, Total sum= 0
TH1.Print Name  = ehiz5, Entries= 0, Total sum= 0
TH1.Print Name  = gg_dt, Entries= 90538, Total sum= 90538
TH1.Print Name  = gg, Entries= 181076, Total sum= 178306
TH1.Print Name  = gg_z1, Entries= 0, Total sum= 0
TH1.Print Name  = gg_z2, Entries= 0, Total sum= 0
TH1.Print Name  = gg_z3, Entries= 0, Total sum= 0
TH1.Print Name  = gg_z4, Entries= 0, Total sum= 0
TH1.Print Name  = gg_z5, Entries= 0, Total sum= 0
Pars.f1->Close();
done saving rootfile "/lcrc/project/HELIOS/gretinafma/root_data/run103.root


read 1000000 events; Pars.beta=0.0330; time since last update 1 minutes
CommandFileName="GEBSort.command"

sorted timestamp range 1427633617681-->1444658058641: 17024440960
that is 170.2 seconds or 0h2m50s
^^^^^ any timestamp jumps will upset this accounting

hit statistics per type
 1 GEB_TYPE_DECOMP          1409981 ;   8282.10 Hz 
 8 GEB_TYPE_GT_MOD29         481555 ;   2828.61 Hz 
read a total of              1891536 ; header/payloads


nn1=0
nn2=1891537
nn3=1891537

nok_validate= 1000000, ntot_validate=1000000; validate fraction 100.00%

bytes read=895313000, 853.837013 MB

boniva sancta! ...GEBSort (unexpectedly) did not crash!

 ** GEBSort is done at 
