started GEBSort at we have 9 arguments
1... -input
will take input from disk
file size is 2891680984 bytes or 2823 MBytes

4... -rootfile
rootfile name specified on command line
__will store spectra in rootfile: /lcrc/project/HELIOS/gretinafma/root_data/run288.root
will recreate root file
7... -chat
core file size          (blocks, -c) unlimited
data seg size           (kbytes, -d) unlimited
scheduling priority             (-e) 0
file size               (blocks, -f) unlimited
pending signals                 (-i) 510315
max locked memory       (kbytes, -l) unlimited
max memory size         (kbytes, -m) 128769024
open files                      (-n) 51200
pipe size            (512 bytes, -p) 8
POSIX message queues     (bytes, -q) 819200
real-time priority              (-r) 0
stack size              (kbytes, -s) unlimited
cpu time               (seconds, -t) unlimited
max user processes              (-u) 4096
virtual memory          (kbytes, -v) unlimited
file locks                      (-x) unlimited
will read sorting instructions from chatfile: GEBSort.chat

executing UserDeclare.h code


GEBsort running on: 

initializing

crmat.LINUX is open (input) binary format
read 7936 bytes into Pars.crmat
chat file: <GEBSort.chat> open

will sort a max of 1410065408 events
will sort a max of 1000000 events
will sort 86400 minutes of data
will print details of the first 10 events
will use Pars.Beta (v/c) correction of 0.033000
will sort using a time window of 150
Pars.do_bin_mode2=1
Pars.do_bin_mode3=1
will accept second interaction range between 10.000000 and 500.000000 mm
"1-200"
detector   1 is ENABLED
detector   2 is ENABLED
detector   3 is ENABLED
detector   4 is ENABLED
detector   5 is ENABLED
detector   6 is ENABLED
detector   7 is ENABLED
detector   8 is ENABLED
detector   9 is ENABLED
detector  10 is ENABLED
detector  11 is ENABLED
detector  12 is ENABLED
detector  13 is ENABLED
detector  14 is ENABLED
detector  15 is ENABLED
detector  16 is ENABLED
detector  17 is ENABLED
detector  18 is ENABLED
detector  19 is ENABLED
detector  20 is ENABLED
detector  21 is ENABLED
detector  22 is ENABLED
detector  23 is ENABLED
detector  24 is ENABLED
detector  25 is ENABLED
detector  26 is ENABLED
detector  27 is ENABLED
detector  28 is ENABLED
detector  29 is ENABLED
detector  30 is ENABLED
detector  31 is ENABLED
detector  32 is ENABLED
detector  33 is ENABLED
detector  34 is ENABLED
detector  35 is ENABLED
detector  36 is ENABLED
detector  37 is ENABLED
detector  38 is ENABLED
detector  39 is ENABLED
detector  40 is ENABLED
detector  41 is ENABLED
detector  42 is ENABLED
detector  43 is ENABLED
detector  44 is ENABLED
detector  45 is ENABLED
detector  46 is ENABLED
detector  47 is ENABLED
detector  48 is ENABLED
detector  49 is ENABLED
detector  50 is ENABLED
detector  51 is ENABLED
detector  52 is ENABLED
detector  53 is ENABLED
detector  54 is ENABLED
detector  55 is ENABLED
detector  56 is ENABLED
detector  57 is ENABLED
detector  58 is ENABLED
detector  59 is ENABLED
detector  60 is ENABLED
detector  61 is ENABLED
detector  62 is ENABLED
detector  63 is ENABLED
detector  64 is ENABLED
detector  65 is ENABLED
detector  66 is ENABLED
detector  67 is ENABLED
detector  68 is ENABLED
detector  69 is ENABLED
detector  70 is ENABLED
detector  71 is ENABLED
detector  72 is ENABLED
detector  73 is ENABLED
detector  74 is ENABLED
detector  75 is ENABLED
detector  76 is ENABLED
detector  77 is ENABLED
detector  78 is ENABLED
detector  79 is ENABLED
detector  80 is ENABLED
detector  81 is ENABLED
detector  82 is ENABLED
detector  83 is ENABLED
detector  84 is ENABLED
detector  85 is ENABLED
detector  86 is ENABLED
detector  87 is ENABLED
detector  88 is ENABLED
detector  89 is ENABLED
detector  90 is ENABLED
detector  91 is ENABLED
detector  92 is ENABLED
detector  93 is ENABLED
detector  94 is ENABLED
detector  95 is ENABLED
detector  96 is ENABLED
detector  97 is ENABLED
detector  98 is ENABLED
detector  99 is ENABLED
detector 100 is ENABLED
detector 101 is ENABLED
detector 102 is ENABLED
detector 103 is ENABLED
detector 104 is ENABLED
detector 105 is ENABLED
detector 106 is ENABLED
detector 107 is ENABLED
detector 108 is ENABLED
detector 109 is ENABLED
detector 110 is ENABLED
detector 111 is ENABLED
detector 112 is ENABLED
detector 113 is ENABLED
detector 114 is ENABLED
detector 115 is ENABLED
detector 116 is ENABLED
detector 117 is ENABLED
detector 118 is ENABLED
detector 119 is ENABLED
detector 120 is ENABLED
detector 121 is ENABLED
detector 122 is ENABLED
detector 123 is ENABLED
detector 124 is ENABLED
detector 125 is ENABLED
detector 126 is ENABLED
detector 127 is ENABLED
detector 128 is ENABLED
detector 129 is ENABLED
detector 130 is ENABLED
detector 131 is ENABLED
detector 132 is ENABLED
detector 133 is ENABLED
detector 134 is ENABLED
detector 135 is ENABLED
detector 136 is ENABLED
detector 137 is ENABLED
detector 138 is ENABLED
detector 139 is ENABLED
detector 140 is ENABLED
detector 141 is ENABLED
detector 142 is ENABLED
detector 143 is ENABLED
detector 144 is ENABLED
detector 145 is ENABLED
detector 146 is ENABLED
detector 147 is ENABLED
detector 148 is ENABLED
detector 149 is ENABLED
detector 150 is ENABLED
detector 151 is ENABLED
detector 152 is ENABLED
detector 153 is ENABLED
detector 154 is ENABLED
detector 155 is ENABLED
detector 156 is ENABLED
detector 157 is ENABLED
detector 158 is ENABLED
detector 159 is ENABLED
detector 160 is ENABLED
detector 161 is ENABLED
detector 162 is ENABLED
detector 163 is ENABLED
detector 164 is ENABLED
detector 165 is ENABLED
detector 166 is ENABLED
detector 167 is ENABLED
detector 168 is ENABLED
detector 169 is ENABLED
detector 170 is ENABLED
detector 171 is ENABLED
detector 172 is ENABLED
detector 173 is ENABLED
detector 174 is ENABLED
detector 175 is ENABLED
detector 176 is ENABLED
detector 177 is ENABLED
detector 178 is ENABLED
detector 179 is ENABLED
detector 180 is ENABLED
detector 181 is ENABLED
detector 182 is ENABLED
detector 183 is ENABLED
detector 184 is ENABLED
detector 185 is ENABLED
detector 186 is ENABLED
detector 187 is ENABLED
detector 188 is ENABLED
detector 189 is ENABLED
detector 190 is ENABLED
detector 191 is ENABLED
detector 192 is ENABLED
detector 193 is ENABLED
detector 194 is ENABLED
detector 195 is ENABLED
detector 196 is ENABLED
detector 197 is ENABLED
detector 198 is ENABLED
detector 199 is ENABLED
WARNING: could not open CCcal file "CCenergy.cal", quit
will use beam direction 0.000000 0.000000 1.000000
vector length= 1.000000, normalizing
will use beam direction 0.000000 0.000000 1.000000
Pars.ndetlimlo=1,Pars.ndetlimhi=8
will require mult bt: 1 20
fomlimits, 1, 0.00 ..to.. 0.80
fomlimits, 2, 0.00 ..to.. 0.80
fomlimits, 3, 0.00 ..to.. 0.80
fomlimits, 4, 0.00 ..to.. 0.80
fomlimits, 5, 0.00 ..to.. 0.80
fomlimits, 6, 0.00 ..to.. 0.80
fomlimits, 7, 0.00 ..to.. 0.80
will use M= 350.000000 in bin_dgs
will use PZ file "dgs_pz.cal" in bin_dgs
will use ecal file "dgs_ehi.cal" in bin_dgs
will skip rest of chat file

chat file: <GEBSort.chat> closed
processed 39 sort instructions and 198 lines


sorting this:
Pars.do_bin_mode3 = 1
Pars.do_bin_mode2 = 1
Pars.do_bin_mode1 = 0
Pars.do_bin_dgs = 0
Pars.do_bin_dfma = 0
Pars.do_bin_gtcal = 0
Pars.do_bin_template = 0
Pars.do_bin_final = 0
Pars.do_bin_angcor = 0
Pars.do_bin_angdis = 0
checking proper input of chat file...
input file "/lcrc/project/HELIOS/gretinafma/merged_data/GEBMerged_run288.gtd_000" is open, inData=0x25f44a60
file size is -1403286312 bytes or -1370 MBs 
input source is set up, supposedly

xyz offset values:

executing ShareMemFileUserInit.h code

deleted \rm -f GEBSort.command
root file </lcrc/project/HELIOS/gretinafma/root_data/run288.root>
base=</lcrc/project/HELIOS/gretinafma/root_data/run288.root:/>
TFile: name=/lcrc/project/HELIOS/gretinafma/root_data/run288.root, title=, option=CREATE

executing UserInit.h code

Created Object "dtbtev", 0x26f9a2e0
Created Object "T0", 0x26f9a6f0
, "T0"Created Object "hitpat", 0x26f9aae0
, "hitpat"Created Object "numHitArray2", 0x26f9b530
, "numHitArray2"Created Object "CCmult", 0x26f9bff0
, "CC Multiplicity"Created Object "CCsum", 0x2726d870
, "CCsum"Created Object "hit2", 0x2727d680
, "hit2"Created Object "hit3", 0x2728d490
, "hit3"Created Object "hit4", 0x2729d2a0
, "hit4"Created Object "CCsum_nodop", 0x272ad0b0
, "CCsum_nodop"Created Object "CCadd", 0x272bcec0
, "CCadd"Created Object "SEGadd_FPGA", 0x272cccd0
Created Object "SEGadd_PSA", 0x272cd0e0
Created Object "SEGsum_FPGA", 0x272cd4f0
Created Object "SEGsum_PSA", 0x272cd900
Created Object "radius_all", 0x272cdd10
, "radius (all points)"Created Object "rate_mode2_min", 0x272d6120
, "rate_mode2_min headers"Created Object "rate_mode2_sec", 0x272d9230
, "rate_mode2_sec headers"Created Object "rate_mode2_intp", 0x272dc340
, "rate_mode2 interaction points"Created Object "cdtbtev", 0x272df5f0
Created Object "evsr_all", 0x273a55d0
Created Object "SMAP_allhits", 0x273a5b10
Created Object "SMAP_allhits_sq", 0x274a54a0
Created Object "seghitpat", 0x275a4e30
Created Object "CCe", 0x275ad230
Created Object "ggCC", 0x275ad7e0
Created Object "z_plot", 0x275add90
Created Object "crystal_hit", 0x27661460
Created Object "SegE", 0x27661a30
Created Object "crXcr", 0x27661f70
MAXDETPOS=180
Created Object "eCC_a", 0x2774fac0
Created Object "eCC_b", 0x2774fed0
Created Object "eCC_c", 0x27750340
Created Object "eCC_d", 0x277508f0
Created Object "eSeg", 0x27750e30
Created Object "mode3_hitpat", 0x277513e0
, "mode3_hitpat"Created Object "mode3_hitpat_chan", 0x27751d50
, "mode3_hitpat_chan"Created Object "chan0", 0x27752480
, "chan0"Created Object "module", 0x277662b0
, "module"Created Object "chan", 0x2777a0e0
Created Object "l", 0x277efa00
, "l"Created Object "r", 0x27803830
, "r"Created Object "up", 0x278175f0
, "up"Created Object "down", 0x2782b3b0
, "down"Created Object "sumlr", 0x2783f1e0
, "sumlr"Created Object "sumud", 0x27853010
, "sumud"Created Object "x", 0x27866e40
, "x"Created Object "y", 0x2787ac70
, "y"Created Object "de1", 0x2788eaa0
, "de1"Created Object "de2", 0x278a2860
, "de2"Created Object "de3", 0x278b6620
, "de3"Created Object "de12", 0x278ca450
, "de12"Created Object "etot", 0x278de280
, "etot"Created Object "rftof", 0x278f2040
, "rftof"Created Object "lr", 0x27905e00
Created Object "ud", 0x27906340
Created Object "ede1", 0x27906880
Created Object "ede1g", 0x27906dc0
Created Object "ede2", 0x27907370
Created Object "ede12", 0x27907920
Created Object "xde1", 0x27907ed0
Created Object "erftof", 0x27908410
Created Object "erftofg", 0x27908950
Created Object "sumehi", 0x27908f00
, "sumehi"Created Object "tgppac", 0x2791ccc0
, "tgppac"Created Object "tgppacg", 0x27944370
, "tgppacg"Created Object "xehi1", 0x2796ba20
Created Object "xehi1g", 0x2796bf60
Created Object "de1ehi", 0x2796c510
Created Object "de1ehig", 0x2796ca50
Created Object "ng", 0x2796cf90
, "ng"Created Object "ehiz1", 0x27980d50
, "ehiz1"Created Object "ehiz2", 0x27994b10
, "ehiz2"Created Object "ehiz3", 0x279a8940
, "ehiz3"Created Object "ehiz4", 0x279bc770
, "ehiz4"Created Object "ehiz5", 0x279d05a0
, "ehiz5"Created Object "gg_dt", 0x279e4360
, "gg_dt"Created Object "gg", 0x279e8790
Created Object "gg_z1", 0x279e8d40
Created Object "gg_z2", 0x279e92f0
Created Object "gg_z3", 0x279e98a0
Created Object "gg_z4", 0x279e9e50
Created Object "gg_z5", 0x279ea390
we have define the following ROOT spectra:
Collection name='THashList', class='THashList', size=84
 TH1.Print Name  = dtbtev, Entries= 0, Total sum= 0
 TH1.Print Name  = T0, Entries= 0, Total sum= 0
 TH1.Print Name  = hitpat, Entries= 0, Total sum= 0
 TH1.Print Name  = numHitArray2, Entries= 0, Total sum= 0
 TH1.Print Name  = CCmult, Entries= 0, Total sum= 0
 TH1.Print Name  = CCsum, Entries= 0, Total sum= 0
 TH1.Print Name  = hit2, Entries= 0, Total sum= 0
 TH1.Print Name  = hit3, Entries= 0, Total sum= 0
 TH1.Print Name  = hit4, Entries= 0, Total sum= 0
 TH1.Print Name  = CCsum_nodop, Entries= 0, Total sum= 0
 TH1.Print Name  = CCadd, Entries= 0, Total sum= 0
 TH1.Print Name  = SEGadd_FPGA, Entries= 0, Total sum= 0
 TH1.Print Name  = SEGadd_PSA, Entries= 0, Total sum= 0
 TH1.Print Name  = SEGsum_FPGA, Entries= 0, Total sum= 0
 TH1.Print Name  = SEGsum_PSA, Entries= 0, Total sum= 0
 TH1.Print Name  = radius_all, Entries= 0, Total sum= 0
 TH1.Print Name  = rate_mode2_min, Entries= 0, Total sum= 0
 TH1.Print Name  = rate_mode2_sec, Entries= 0, Total sum= 0
 TH1.Print Name  = rate_mode2_intp, Entries= 0, Total sum= 0
 TH1.Print Name  = cdtbtev, Entries= 0, Total sum= 0
 TH1.Print Name  = evsr_all, Entries= 0, Total sum= 0
 TH1.Print Name  = SMAP_allhits, Entries= 0, Total sum= 0
 TH1.Print Name  = SMAP_allhits_sq, Entries= 0, Total sum= 0
 TH1.Print Name  = seghitpat, Entries= 0, Total sum= 0
 TH1.Print Name  = CCe, Entries= 0, Total sum= 0
 TH1.Print Name  = ggCC, Entries= 0, Total sum= 0
 TH1.Print Name  = z_plot, Entries= 0, Total sum= 0
 TH1.Print Name  = crystal_hit, Entries= 0, Total sum= 0
 TH1.Print Name  = SegE, Entries= 0, Total sum= 0
 TH1.Print Name  = crXcr, Entries= 0, Total sum= 0
 ******************************************************************************
*Tree    :tree      : tree                                                   *
*Entries :        0 : Total =            8461 bytes  File  Size =          0 *
*        :          : Tree compression factor =   1.00                       *
******************************************************************************
*Br    0 :runNumber : runNumber/I                                            *
*Entries :        0 : Total  Size=        501 bytes  One basket in memory    *
*Baskets :        0 : Basket Size=      32000 bytes  Compression=   1.00     *
*............................................................................*
*Br    1 :numHits   : numHits/I                                              *
*Entries :        0 : Total  Size=        493 bytes  One basket in memory    *
*Baskets :        0 : Basket Size=      32000 bytes  Compression=   1.00     *
*............................................................................*
*Br    2 :left      : left[numHits]/F                                        *
*Entries :        0 : Total  Size=        580 bytes  One basket in memory    *
*Baskets :        0 : Basket Size=      32000 bytes  Compression=   1.00     *
*............................................................................*
*Br    3 :right     : right[numHits]/F                                       *
*Entries :        0 : Total  Size=        584 bytes  One basket in memory    *
*Baskets :        0 : Basket Size=      32000 bytes  Compression=   1.00     *
*............................................................................*
*Br    4 :up        : up[numHits]/F                                          *
*Entries :        0 : Total  Size=        572 bytes  One basket in memory    *
*Baskets :        0 : Basket Size=      32000 bytes  Compression=   1.00     *
*............................................................................*
*Br    5 :down      : down[numHits]/F                                        *
*Entries :        0 : Total  Size=        580 bytes  One basket in memory    *
*Baskets :        0 : Basket Size=      32000 bytes  Compression=   1.00     *
*............................................................................*
*Br    6 :e1        : e1[numHits]/F                                          *
*Entries :        0 : Total  Size=        572 bytes  One basket in memory    *
*Baskets :        0 : Basket Size=      32000 bytes  Compression=   1.00     *
*............................................................................*
*Br    7 :e2        : e2[numHits]/F                                          *
*Entries :        0 : Total  Size=        572 bytes  One basket in memory    *
*Baskets :        0 : Basket Size=      32000 bytes  Compression=   1.00     *
*............................................................................*
*Br    8 :e3        : e3[numHits]/F                                          *
*Entries :        0 : Total  Size=        572 bytes  One basket in memory    *
*Baskets :        0 : Basket Size=      32000 bytes  Compression=   1.00     *
*............................................................................*
*Br    9 :tac       : tac[numHits]/F                                         *
*Entries :        0 : Total  Size=        576 bytes  One basket in memory    *
*Baskets :        0 : Basket Size=      32000 bytes  Compression=   1.00     *
*............................................................................*
*Br   10 :fmaDeltaTime : fmaDeltaTime[numHits]/F                             *
*Entries :        0 : Total  Size=        612 bytes  One basket in memory    *
*Baskets :        0 : Basket Size=      32000 bytes  Compression=   1.00     *
*............................................................................*
*Br   11 :fmaMult   : fmaMult[10]/I                                          *
*Entries :        0 : Total  Size=        501 bytes  One basket in memory    *
*Baskets :        0 : Basket Size=      32000 bytes  Compression=   1.00     *
*............................................................................*
*Br   12 :gammaMult : gammaMult/I                                            *
*Entries :        0 : Total  Size=        501 bytes  One basket in memory    *
*Baskets :        0 : Basket Size=      32000 bytes  Compression=   1.00     *
*............................................................................*
*Br   13 :gammaEnergy : gammaEnergy[gammaMult]/F                             *
*Entries :        0 : Total  Size=        616 bytes  One basket in memory    *
*Baskets :        0 : Basket Size=      32000 bytes  Compression=   1.00     *
*............................................................................*
*Br   14 :gammaTimestamp : gammaTimestamp[gammaMult]/F                       *
*Entries :        0 : Total  Size=        628 bytes  One basket in memory    *
*Baskets :        0 : Basket Size=      32000 bytes  Compression=   1.00     *
*............................................................................*
*Br   15 :deltaTime : deltaTime[gammaMult]/F                                 *
*Entries :        0 : Total  Size=        608 bytes  One basket in memory    *
*Baskets :        0 : Basket Size=      32000 bytes  Compression=   1.00     *
*............................................................................*
 TH1.Print Name  = eCC_a, Entries= 0, Total sum= 0
 TH1.Print Name  = eCC_b, Entries= 0, Total sum= 0
 TH1.Print Name  = eCC_c, Entries= 0, Total sum= 0
 TH1.Print Name  = eCC_d, Entries= 0, Total sum= 0
 TH1.Print Name  = eSeg, Entries= 0, Total sum= 0
 TH1.Print Name  = mode3_hitpat, Entries= 0, Total sum= 0
 TH1.Print Name  = mode3_hitpat_chan, Entries= 0, Total sum= 0
 TH1.Print Name  = chan0, Entries= 0, Total sum= 0
 TH1.Print Name  = module, Entries= 0, Total sum= 0
 TH1.Print Name  = chan, Entries= 0, Total sum= 0
 TH1.Print Name  = l, Entries= 0, Total sum= 0
 TH1.Print Name  = r, Entries= 0, Total sum= 0
 TH1.Print Name  = up, Entries= 0, Total sum= 0
 TH1.Print Name  = down, Entries= 0, Total sum= 0
 TH1.Print Name  = sumlr, Entries= 0, Total sum= 0
 TH1.Print Name  = sumud, Entries= 0, Total sum= 0
 TH1.Print Name  = x, Entries= 0, Total sum= 0
 TH1.Print Name  = y, Entries= 0, Total sum= 0
 TH1.Print Name  = de1, Entries= 0, Total sum= 0
 TH1.Print Name  = de2, Entries= 0, Total sum= 0
 TH1.Print Name  = de3, Entries= 0, Total sum= 0
 TH1.Print Name  = de12, Entries= 0, Total sum= 0
 TH1.Print Name  = etot, Entries= 0, Total sum= 0
 TH1.Print Name  = rftof, Entries= 0, Total sum= 0
 TH1.Print Name  = lr, Entries= 0, Total sum= 0
 TH1.Print Name  = ud, Entries= 0, Total sum= 0
 TH1.Print Name  = ede1, Entries= 0, Total sum= 0
 TH1.Print Name  = ede1g, Entries= 0, Total sum= 0
 TH1.Print Name  = ede2, Entries= 0, Total sum= 0
 TH1.Print Name  = ede12, Entries= 0, Total sum= 0
 TH1.Print Name  = xde1, Entries= 0, Total sum= 0
 TH1.Print Name  = erftof, Entries= 0, Total sum= 0
 TH1.Print Name  = erftofg, Entries= 0, Total sum= 0
 TH1.Print Name  = sumehi, Entries= 0, Total sum= 0
 TH1.Print Name  = tgppac, Entries= 0, Total sum= 0
 TH1.Print Name  = tgppacg, Entries= 0, Total sum= 0
 TH1.Print Name  = xehi1, Entries= 0, Total sum= 0
 TH1.Print Name  = xehi1g, Entries= 0, Total sum= 0
 TH1.Print Name  = de1ehi, Entries= 0, Total sum= 0
 TH1.Print Name  = de1ehig, Entries= 0, Total sum= 0
 TH1.Print Name  = ng, Entries= 0, Total sum= 0
 TH1.Print Name  = ehiz1, Entries= 0, Total sum= 0
 TH1.Print Name  = ehiz2, Entries= 0, Total sum= 0
 TH1.Print Name  = ehiz3, Entries= 0, Total sum= 0
 TH1.Print Name  = ehiz4, Entries= 0, Total sum= 0
 TH1.Print Name  = ehiz5, Entries= 0, Total sum= 0
 TH1.Print Name  = gg_dt, Entries= 0, Total sum= 0
 TH1.Print Name  = gg, Entries= 0, Total sum= 0
 TH1.Print Name  = gg_z1, Entries= 0, Total sum= 0
 TH1.Print Name  = gg_z2, Entries= 0, Total sum= 0
 TH1.Print Name  = gg_z3, Entries= 0, Total sum= 0
 TH1.Print Name  = gg_z4, Entries= 0, Total sum= 0
 TH1.Print Name  = gg_z5, Entries= 0, Total sum= 0
GRETINA detector angles
mod  1, crystal 0 [  4]: ( 10.07   3.58  15.10) pol   35.30 ,  azi   13.35; pol   35.30 ,  azi   19.58; modCCdopfac[4] 1.0271
mod  1, crystal 1 [  5]: ( 10.11   9.19  12.47) pol   47.60 ,  azi   36.39; pol   47.60 ,  azi   42.30; modCCdopfac[5] 1.0222
mod  1, crystal 2 [  6]: (  5.44   7.69  15.92) pol   30.60 ,  azi   25.77; pol   30.60 ,  azi   54.72; modCCdopfac[6] 1.0287
mod  1, crystal 3 [  7]: (  4.99   1.78  17.72) pol   16.65 ,  azi    5.72; pol   16.65 ,  azi   19.58; modCCdopfac[7] 1.0321
mod  2, crystal 0 [  8]: ( -0.29  10.69  15.10) pol   35.30 ,  azi   35.29; pol   35.30 ,  azi   91.58; modCCdopfac[8] 1.0271
mod  2, crystal 1 [  9]: ( -5.62  12.45  12.47) pol   47.60 ,  azi   44.95; pol   47.60 ,  azi  114.30; modCCdopfac[9] 1.0222
mod  2, crystal 2 [ 10]: ( -5.63   7.55  15.92) pol   30.60 ,  azi   25.36; pol   30.60 ,  azi  126.72; modCCdopfac[10] 1.0287
mod  2, crystal 3 [ 11]: ( -0.15   5.30  17.72) pol   16.65 ,  azi   16.64; pol   16.65 ,  azi   91.58; modCCdopfac[11] 1.0321
mod  3, crystal 0 [ 12]: (-10.25   3.02  15.10) pol   35.30 ,  azi   11.32; pol   35.30 ,  azi  163.58; modCCdopfac[12] 1.0271
mod  3, crystal 1 [ 13]: (-13.58  -1.50  12.47) pol   47.60 ,  azi   -6.85; pol   47.60 ,  azi -173.70; modCCdopfac[13] 1.0222
mod  3, crystal 2 [ 14]: ( -8.92  -3.02  15.92) pol   30.60 ,  azi  -10.75; pol   30.60 ,  azi -161.28; modCCdopfac[14] 1.0287
mod  3, crystal 3 [ 15]: ( -5.08   1.50  17.72) pol   16.65 ,  azi    4.83; pol   16.65 ,  azi  163.58; modCCdopfac[15] 1.0321
mod  4, crystal 0 [ 16]: ( -6.04  -8.82  15.10) pol   35.30 ,  azi  -30.29; pol   35.30 ,  azi -124.42; modCCdopfac[16] 1.0271
mod  4, crystal 1 [ 17]: ( -2.77 -13.38  12.47) pol   47.60 ,  azi  -47.00; pol   47.60 ,  azi -101.70; modCCdopfac[17] 1.0222
mod  4, crystal 2 [ 18]: (  0.12  -9.42  15.92) pol   30.60 ,  azi  -30.60; pol   30.60 ,  azi  -89.28; modCCdopfac[18] 1.0287
mod  4, crystal 3 [ 19]: ( -3.00  -4.37  17.72) pol   16.65 ,  azi  -13.86; pol   16.65 ,  azi -124.42; modCCdopfac[19] 1.0321
mod  5, crystal 0 [ 20]: (  6.52  -8.47  15.10) pol   35.30 ,  azi  -29.30; pol   35.30 ,  azi  -52.42; modCCdopfac[20] 1.0271
mod  5, crystal 1 [ 21]: ( 11.87  -6.77  12.47) pol   47.60 ,  azi  -28.49; pol   47.60 ,  azi  -29.70; modCCdopfac[21] 1.0222
mod  5, crystal 2 [ 22]: (  8.99  -2.80  15.92) pol   30.60 ,  azi   -9.96; pol   30.60 ,  azi  -17.28; modCCdopfac[22] 1.0287
mod  5, crystal 3 [ 23]: (  3.23  -4.20  17.72) pol   16.65 ,  azi  -13.33; pol   16.65 ,  azi  -52.42; modCCdopfac[23] 1.0321
mod  6, crystal 0 [ 24]: (  4.54  16.51   7.02) pol   67.71 ,  azi   66.97; pol   67.71 ,  azi   74.63; modCCdopfac[24] 1.0121
mod  6, crystal 1 [ 25]: ( -0.33  15.15  10.61) pol   55.02 ,  azi   55.01; pol   55.02 ,  azi   91.23; modCCdopfac[25] 1.0187
mod  6, crystal 2 [ 26]: (  5.05  13.00  12.16) pol   48.92 ,  azi   46.92; pol   48.92 ,  azi   68.77; modCCdopfac[26] 1.0216
mod  6, crystal 3 [ 27]: (  9.66  13.57   8.06) pol   64.18 ,  azi   59.29; pol   64.18 ,  azi   54.55; modCCdopfac[27] 1.0140
mod  7, crystal 0 [ 28]: (-14.30   9.42   7.02) pol   67.71 ,  azi   53.31; pol   67.71 ,  azi  146.63; modCCdopfac[28] 1.0121
mod  7, crystal 1 [ 29]: (-14.51   4.37  10.61) pol   55.02 ,  azi   22.40; pol   55.02 ,  azi  163.23; modCCdopfac[29] 1.0187
mod  7, crystal 2 [ 30]: (-10.80   8.82  12.16) pol   48.92 ,  azi   35.96; pol   48.92 ,  azi  140.77; modCCdopfac[30] 1.0216
mod  7, crystal 3 [ 31]: ( -9.92  13.38   8.06) pol   64.18 ,  azi   58.94; pol   64.18 ,  azi  126.55; modCCdopfac[31] 1.0140
mod  8, crystal 0 [ 32]: (-13.37 -10.69   7.02) pol   67.71 ,  azi  -56.71; pol   67.71 ,  azi -141.37; modCCdopfac[32] 1.0121
mod  8, crystal 1 [ 33]: ( -8.64 -12.45  10.61) pol   55.02 ,  azi  -49.58; pol   55.02 ,  azi -124.77; modCCdopfac[33] 1.0187
mod  8, crystal 2 [ 34]: (-11.73  -7.55  12.16) pol   48.92 ,  azi  -31.84; pol   48.92 ,  azi -147.23; modCCdopfac[34] 1.0216
mod  8, crystal 3 [ 35]: (-15.79  -5.30   8.06) pol   64.18 ,  azi  -33.33; pol   64.18 ,  azi -161.45; modCCdopfac[35] 1.0140
mod  9, crystal 0 [ 36]: (  6.03 -16.02   7.02) pol   67.71 ,  azi  -66.35; pol   67.71 ,  azi  -69.37; modCCdopfac[36] 1.0121
mod  9, crystal 1 [ 37]: (  9.17 -12.07  10.61) pol   55.02 ,  azi  -48.69; pol   55.02 ,  azi  -52.77; modCCdopfac[37] 1.0187
mod  9, crystal 2 [ 38]: (  3.56 -13.48  12.16) pol   48.92 ,  azi  -47.96; pol   48.92 ,  azi  -75.23; modCCdopfac[38] 1.0216
mod  9, crystal 3 [ 39]: (  0.16 -16.65   8.06) pol   64.18 ,  azi  -64.18; pol   64.18 ,  azi  -89.45; modCCdopfac[39] 1.0140
mod 10, crystal 0 [ 40]: ( 17.10   0.79   7.02) pol   67.71 ,  azi    6.39; pol   67.71 ,  azi    2.63; modCCdopfac[40] 1.0121
mod 10, crystal 1 [ 41]: ( 14.31   4.99  10.61) pol   55.02 ,  azi   25.21; pol   55.02 ,  azi   19.23; modCCdopfac[41] 1.0187
mod 10, crystal 2 [ 42]: ( 13.92  -0.79  12.16) pol   48.92 ,  azi   -3.70; pol   48.92 ,  azi   -3.23; modCCdopfac[42] 1.0216
mod 10, crystal 3 [ 43]: ( 15.89  -4.99   8.06) pol   64.18 ,  azi  -31.79; pol   64.18 ,  azi  -17.45; modCCdopfac[43] 1.0140
mod 11, crystal 0 [ 44]: ( 18.26   2.80   0.92) pol   87.15 ,  azi   71.78; pol   87.15 ,  azi    8.71; modCCdopfac[44] 1.0011
mod 11, crystal 1 [ 45]: ( 17.30   4.20  -5.04) pol  105.79 ,  azi  140.16; pol  105.79 ,  azi   13.65; modCCdopfac[45] 0.9906
mod 11, crystal 2 [ 46]: ( 16.42   8.47  -0.92) pol   92.85 ,  azi   96.20; pol   92.85 ,  azi   27.29; modCCdopfac[46] 0.9978
mod 11, crystal 3 [ 47]: ( 16.46   6.77   5.04) pol   74.21 ,  azi   53.36; pol   74.21 ,  azi   22.35; modCCdopfac[47] 1.0085
mod 12, crystal 0 [ 48]: ( 12.46  13.48  -2.26) pol   97.01 ,  azi   99.50; pol   97.01 ,  azi   47.25; modCCdopfac[48] 0.9954
mod 12, crystal 1 [ 49]: (  7.28  16.65  -3.46) pol  100.78 ,  azi  101.74; pol  100.78 ,  azi   66.39; modCCdopfac[49] 0.9933
mod 12, crystal 2 [ 50]: (  8.97  16.02   2.26) pol   82.99 ,  azi   81.98; pol   82.99 ,  azi   60.75; modCCdopfac[50] 1.0035
mod 12, crystal 3 [ 51]: ( 13.59  12.07   3.46) pol   79.22 ,  azi   74.00; pol   79.22 ,  azi   41.61; modCCdopfac[51] 1.0057
mod 13, crystal 0 [ 52]: (  2.98  18.23   0.92) pol   87.15 ,  azi   87.11; pol   87.15 ,  azi   80.71; modCCdopfac[52] 1.0011
mod 13, crystal 1 [ 53]: (  1.35  17.75  -5.04) pol  105.79 ,  azi  105.84; pol  105.79 ,  azi   85.65; modCCdopfac[53] 0.9906
mod 13, crystal 2 [ 54]: ( -2.98  18.23  -0.92) pol   92.85 ,  azi   92.89; pol   92.85 ,  azi   99.29; modCCdopfac[54] 0.9978
mod 13, crystal 3 [ 55]: ( -1.35  17.75   5.04) pol   74.21 ,  azi   74.16; pol   74.21 ,  azi   94.35; modCCdopfac[55] 1.0085
mod 14, crystal 0 [ 56]: ( -8.97  16.02  -2.26) pol   97.01 ,  azi   98.02; pol   97.01 ,  azi  119.25; modCCdopfac[56] 0.9954
mod 14, crystal 1 [ 57]: (-13.59  12.07  -3.46) pol  100.78 ,  azi  106.00; pol  100.78 ,  azi  138.39; modCCdopfac[57] 0.9933
mod 14, crystal 2 [ 58]: (-12.46  13.48   2.26) pol   82.99 ,  azi   80.50; pol   82.99 ,  azi  132.75; modCCdopfac[58] 1.0035
mod 14, crystal 3 [ 59]: ( -7.28  16.65   3.46) pol   79.22 ,  azi   78.26; pol   79.22 ,  azi  113.61; modCCdopfac[59] 1.0057
mod 15, crystal 0 [ 60]: (-16.42   8.47   0.92) pol   87.15 ,  azi   83.80; pol   87.15 ,  azi  152.71; modCCdopfac[60] 1.0011
mod 15, crystal 1 [ 61]: (-16.46   6.77  -5.04) pol  105.79 ,  azi  126.64; pol  105.79 ,  azi  157.65; modCCdopfac[61] 0.9906
mod 15, crystal 2 [ 62]: (-18.26   2.80  -0.92) pol   92.85 ,  azi  108.22; pol   92.85 ,  azi  171.29; modCCdopfac[62] 0.9978
mod 15, crystal 3 [ 63]: (-17.30   4.20   5.04) pol   74.21 ,  azi   39.84; pol   74.21 ,  azi  166.35; modCCdopfac[63] 1.0085
mod 16, crystal 0 [ 64]: (-18.01  -3.58  -2.26) pol   97.01 ,  azi -122.21; pol   97.01 ,  azi -168.75; modCCdopfac[64] 0.9954
mod 16, crystal 1 [ 65]: (-15.68  -9.19  -3.46) pol  100.78 ,  azi -110.62; pol  100.78 ,  azi -149.61; modCCdopfac[65] 0.9933
mod 16, crystal 2 [ 66]: (-16.68  -7.69   2.26) pol   82.99 ,  azi  -73.64; pol   82.99 ,  azi -155.25; modCCdopfac[66] 1.0035
mod 16, crystal 3 [ 67]: (-18.09  -1.78   3.46) pol   79.22 ,  azi  -27.18; pol   79.22 ,  azi -174.39; modCCdopfac[67] 1.0057
mod 17, crystal 0 [ 68]: (-13.13 -13.00   0.92) pol   87.15 ,  azi  -85.95; pol   87.15 ,  azi -135.29; modCCdopfac[68] 1.0011
mod 17, crystal 1 [ 69]: (-11.53 -13.57  -5.04) pol  105.79 ,  azi -110.36; pol  105.79 ,  azi -130.35; modCCdopfac[69] 0.9906
mod 17, crystal 2 [ 70]: ( -8.30 -16.51  -0.92) pol   92.85 ,  azi  -93.19; pol   92.85 ,  azi -116.71; modCCdopfac[70] 0.9978
mod 17, crystal 3 [ 71]: ( -9.34 -15.15   5.04) pol   74.21 ,  azi  -71.62; pol   74.21 ,  azi -121.65; modCCdopfac[71] 1.0085
mod 18, crystal 0 [ 72]: ( -2.16 -18.23  -2.26) pol   97.01 ,  azi  -97.05; pol   97.01 ,  azi  -96.75; modCCdopfac[72] 0.9954
mod 18, crystal 1 [ 73]: (  3.90 -17.75  -3.46) pol  100.78 ,  azi -101.03; pol  100.78 ,  azi  -77.61; modCCdopfac[73] 0.9933
mod 18, crystal 2 [ 74]: (  2.16 -18.23   2.26) pol   82.99 ,  azi  -82.95; pol   82.99 ,  azi  -83.25; modCCdopfac[74] 1.0035
mod 18, crystal 3 [ 75]: ( -3.90 -17.75   3.46) pol   79.22 ,  azi  -78.97; pol   79.22 ,  azi -102.39; modCCdopfac[75] 1.0057
mod 19, crystal 0 [ 76]: (  8.30 -16.51   0.92) pol   87.15 ,  azi  -86.81; pol   87.15 ,  azi  -63.29; modCCdopfac[76] 1.0011
mod 19, crystal 1 [ 77]: (  9.34 -15.15  -5.04) pol  105.79 ,  azi -108.38; pol  105.79 ,  azi  -58.35; modCCdopfac[77] 0.9906
mod 19, crystal 2 [ 78]: ( 13.13 -13.00  -0.92) pol   92.85 ,  azi  -94.05; pol   92.85 ,  azi  -44.71; modCCdopfac[78] 0.9978
mod 19, crystal 3 [ 79]: ( 11.53 -13.57   5.04) pol   74.21 ,  azi  -69.64; pol   74.21 ,  azi  -49.65; modCCdopfac[79] 1.0085
mod 20, crystal 0 [ 80]: ( 16.68  -7.69  -2.26) pol   97.01 ,  azi -106.36; pol   97.01 ,  azi  -24.75; modCCdopfac[80] 0.9954
mod 20, crystal 1 [ 81]: ( 18.09  -1.78  -3.46) pol  100.78 ,  azi -152.82; pol  100.78 ,  azi   -5.61; modCCdopfac[81] 0.9933
mod 20, crystal 2 [ 82]: ( 18.01  -3.58   2.26) pol   82.99 ,  azi  -57.79; pol   82.99 ,  azi  -11.25; modCCdopfac[82] 1.0035
mod 20, crystal 3 [ 83]: ( 15.68  -9.19   3.46) pol   79.22 ,  azi  -69.38; pol   79.22 ,  azi  -30.39; modCCdopfac[83] 1.0057
mod 21, crystal 0 [ 84]: ( 14.30   9.42  -7.02) pol  112.29 ,  azi  126.69; pol  112.29 ,  azi   33.37; modCCdopfac[84] 0.9871
mod 21, crystal 1 [ 85]: ( 14.51   4.37 -10.61) pol  124.98 ,  azi  157.60; pol  124.98 ,  azi   16.77; modCCdopfac[85] 0.9809
mod 21, crystal 2 [ 86]: ( 10.80   8.82 -12.16) pol  131.08 ,  azi  144.04; pol  131.08 ,  azi   39.23; modCCdopfac[86] 0.9782
mod 21, crystal 3 [ 87]: (  9.92  13.38  -8.06) pol  115.82 ,  azi  121.06; pol  115.82 ,  azi   53.45; modCCdopfac[87] 0.9853
mod 22, crystal 0 [ 88]: ( -4.54  16.51  -7.02) pol  112.29 ,  azi  113.03; pol  112.29 ,  azi  105.37; modCCdopfac[88] 0.9871
mod 22, crystal 1 [ 89]: (  0.33  15.15 -10.61) pol  124.98 ,  azi  124.99; pol  124.98 ,  azi   88.77; modCCdopfac[89] 0.9809
mod 22, crystal 2 [ 90]: ( -5.05  13.00 -12.16) pol  131.08 ,  azi  133.08; pol  131.08 ,  azi  111.23; modCCdopfac[90] 0.9782
mod 22, crystal 3 [ 91]: ( -9.66  13.57  -8.06) pol  115.82 ,  azi  120.71; pol  115.82 ,  azi  125.45; modCCdopfac[91] 0.9853
mod 23, crystal 0 [ 92]: (-17.10   0.79  -7.02) pol  112.29 ,  azi  173.61; pol  112.29 ,  azi  177.37; modCCdopfac[92] 0.9871
mod 23, crystal 1 [ 93]: (-14.31   4.99 -10.61) pol  124.98 ,  azi  154.79; pol  124.98 ,  azi  160.77; modCCdopfac[93] 0.9809
mod 23, crystal 2 [ 94]: (-13.92  -0.79 -12.16) pol  131.08 ,  azi -176.30; pol  131.08 ,  azi -176.77; modCCdopfac[94] 0.9782
mod 23, crystal 3 [ 95]: (-15.89  -4.99  -8.06) pol  115.82 ,  azi -148.21; pol  115.82 ,  azi -162.55; modCCdopfac[95] 0.9853
mod 24, crystal 0 [ 96]: ( -6.03 -16.02  -7.02) pol  112.29 ,  azi -113.65; pol  112.29 ,  azi -110.63; modCCdopfac[96] 0.9871
mod 24, crystal 1 [ 97]: ( -9.17 -12.07 -10.61) pol  124.98 ,  azi -131.31; pol  124.98 ,  azi -127.23; modCCdopfac[97] 0.9809
mod 24, crystal 2 [ 98]: ( -3.56 -13.48 -12.16) pol  131.08 ,  azi -132.04; pol  131.08 ,  azi -104.77; modCCdopfac[98] 0.9782
mod 24, crystal 3 [ 99]: ( -0.16 -16.65  -8.06) pol  115.82 ,  azi -115.82; pol  115.82 ,  azi  -90.55; modCCdopfac[99] 0.9853
mod 25, crystal 0 [100]: ( 13.37 -10.69  -7.02) pol  112.29 ,  azi -123.29; pol  112.29 ,  azi  -38.63; modCCdopfac[100] 0.9871
mod 25, crystal 1 [101]: (  8.64 -12.45 -10.61) pol  124.98 ,  azi -130.42; pol  124.98 ,  azi  -55.23; modCCdopfac[101] 0.9809
mod 25, crystal 2 [102]: ( 11.73  -7.55 -12.16) pol  131.08 ,  azi -148.16; pol  131.08 ,  azi  -32.77; modCCdopfac[102] 0.9782
mod 25, crystal 3 [103]: ( 15.79  -5.30  -8.06) pol  115.82 ,  azi -146.67; pol  115.82 ,  azi  -18.55; modCCdopfac[103] 0.9853
mod 26, crystal 0 [104]: (  0.29  10.69 -15.10) pol  144.70 ,  azi  144.71; pol  144.70 ,  azi   88.42; modCCdopfac[104] 0.9732
mod 26, crystal 1 [105]: (  5.62  12.45 -12.47) pol  132.40 ,  azi  135.05; pol  132.40 ,  azi   65.70; modCCdopfac[105] 0.9777
mod 26, crystal 2 [106]: (  5.63   7.55 -15.92) pol  149.40 ,  azi  154.64; pol  149.40 ,  azi   53.28; modCCdopfac[106] 0.9718
mod 26, crystal 3 [107]: (  0.15   5.30 -17.72) pol  163.35 ,  azi  163.36; pol  163.35 ,  azi   88.42; modCCdopfac[107] 0.9688
mod 27, crystal 0 [108]: (-10.07   3.58 -15.10) pol  144.70 ,  azi  166.65; pol  144.70 ,  azi  160.42; modCCdopfac[108] 0.9732
mod 27, crystal 1 [109]: (-10.11   9.19 -12.47) pol  132.40 ,  azi  143.61; pol  132.40 ,  azi  137.70; modCCdopfac[109] 0.9777
mod 27, crystal 2 [110]: ( -5.44   7.69 -15.92) pol  149.40 ,  azi  154.23; pol  149.40 ,  azi  125.28; modCCdopfac[110] 0.9718
mod 27, crystal 3 [111]: ( -4.99   1.78 -17.72) pol  163.35 ,  azi  174.28; pol  163.35 ,  azi  160.42; modCCdopfac[111] 0.9688
mod 28, crystal 0 [112]: ( -6.52  -8.47 -15.10) pol  144.70 ,  azi -150.70; pol  144.70 ,  azi -127.58; modCCdopfac[112] 0.9732
mod 28, crystal 1 [113]: (-11.87  -6.77 -12.47) pol  132.40 ,  azi -151.51; pol  132.40 ,  azi -150.30; modCCdopfac[113] 0.9777
mod 28, crystal 2 [114]: ( -8.99  -2.80 -15.92) pol  149.40 ,  azi -170.04; pol  149.40 ,  azi -162.72; modCCdopfac[114] 0.9718
mod 28, crystal 3 [115]: ( -3.23  -4.20 -17.72) pol  163.35 ,  azi -166.67; pol  163.35 ,  azi -127.58; modCCdopfac[115] 0.9688
mod 29, crystal 0 [116]: (  6.04  -8.82 -15.10) pol  144.70 ,  azi -149.71; pol  144.70 ,  azi  -55.58; modCCdopfac[116] 0.9732
mod 29, crystal 1 [117]: (  2.77 -13.38 -12.47) pol  132.40 ,  azi -133.00; pol  132.40 ,  azi  -78.30; modCCdopfac[117] 0.9777
mod 29, crystal 2 [118]: ( -0.12  -9.42 -15.92) pol  149.40 ,  azi -149.40; pol  149.40 ,  azi  -90.72; modCCdopfac[118] 0.9718
mod 29, crystal 3 [119]: (  3.00  -4.37 -17.72) pol  163.35 ,  azi -166.14; pol  163.35 ,  azi  -55.58; modCCdopfac[119] 0.9688
mod 30, crystal 0 [120]: ( 10.25   3.02 -15.10) pol  144.70 ,  azi  168.68; pol  144.70 ,  azi   16.42; modCCdopfac[120] 0.9732
mod 30, crystal 1 [121]: ( 13.58  -1.50 -12.47) pol  132.40 ,  azi -173.15; pol  132.40 ,  azi   -6.30; modCCdopfac[121] 0.9777
mod 30, crystal 2 [122]: (  8.92  -3.02 -15.92) pol  149.40 ,  azi -169.25; pol  149.40 ,  azi  -18.72; modCCdopfac[122] 0.9718
mod 30, crystal 3 [123]: (  5.08   1.50 -17.72) pol  163.35 ,  azi  175.17; pol  163.35 ,  azi   16.42; modCCdopfac[123] 0.9688
setup signal catcher
started sorting... from disk...

Pars.maxTS=4611686018427387904
got initial header, TS=1689864821 ID: 1 length: 464
read initial payload of siz=464 into event position 1
__ptgd[0]->type= 0; ptgd[0]->length=   0; ptgd[0]->timestamp=0
initial ii=1, nn=1
ev#     0 GEB_TYPE_DECOMP        464Bytes TS=1689890819 curTS=1689864821 dTS= 25998
t0=1689864821
first event: GEB_event.mult=1
   0/ 0: ( 1,GEB_TYPE_DECOMP      ) TS=          1689864821; dT=0
maxTS=8641689864821
that is 86400.0 seconds or 24h0m0s minutes of sorting
GEBGetEv returned st=0
we have read 960 bytes; CurEvNo=1

+++++++++++++++++++++++++++++++
*start event # 1 with multiplicity 1 looks like this:
 0>  1, GEB_TYPE_DECOMP      , TS=1689864821
entered bin_mode2: 1/10
ptinp->pad= 6, (ptinp->pad&0x000000ff)= 6
updated CCadd with    0.00
total number of hits in array: 0
exit bin_mode2
entered bin_mode3 @ event number: 1 
exit bin_mode3
*end of event # 1
+++++++++++++++++++++++++++++++
ev#     1 GEB_TYPE_DECOMP        464Bytes TS=1689898203 curTS=1689890819 dTS= 7384
GEBGetEv returned st=0
we have read 1440 bytes; CurEvNo=2

+++++++++++++++++++++++++++++++
*start event # 2 with multiplicity 1 looks like this:
 0>  1, GEB_TYPE_DECOMP      , TS=1689890819
entered bin_mode2: 2/10
ptinp->pad= 6, (ptinp->pad&0x000000ff)= 6
updated CCadd with    0.00
total number of hits in array: 0
exit bin_mode2
entered bin_mode3 @ event number: 2 
exit bin_mode3
*end of event # 2
+++++++++++++++++++++++++++++++
ev#     2 GEB_TYPE_DECOMP        464Bytes TS=1689898203 curTS=1689898203 dTS= 0
ev#     2 GEB_TYPE_DECOMP        464Bytes TS=1689907535 curTS=1689898203 dTS= 9332
GEBGetEv returned st=0
we have read 2400 bytes; CurEvNo=3

+++++++++++++++++++++++++++++++
*start event # 3 with multiplicity 2 looks like this:
 0>  1, GEB_TYPE_DECOMP      , TS=1689898203
 1>  1, GEB_TYPE_DECOMP      , TS=1689898203
entered bin_mode2: 3/10
ptinp->pad= 6, (ptinp->pad&0x000000ff)= 6
ptinp->pad= 6, (ptinp->pad&0x000000ff)= 6
updated CCadd with    0.00
total number of hits in array: 0
exit bin_mode2
entered bin_mode3 @ event number: 3 
exit bin_mode3
*end of event # 3
+++++++++++++++++++++++++++++++
ev#     3 GEB_TYPE_DECOMP        464Bytes TS=1689907819 curTS=1689907535 dTS= 284
GEBGetEv returned st=0
we have read 2880 bytes; CurEvNo=4

+++++++++++++++++++++++++++++++
*start event # 4 with multiplicity 1 looks like this:
 0>  1, GEB_TYPE_DECOMP      , TS=1689907535
entered bin_mode2: 4/10
ptinp->pad= 6, (ptinp->pad&0x000000ff)= 6
updated CCadd with    0.00
total number of hits in array: 0
exit bin_mode2
entered bin_mode3 @ event number: 4 
exit bin_mode3
*end of event # 4
+++++++++++++++++++++++++++++++
ev#     4 GEB_TYPE_DECOMP        464Bytes TS=1689907821 curTS=1689907819 dTS= 2
ev#     4 GEB_TYPE_DECOMP        464Bytes TS=1689924039 curTS=1689907819 dTS= 16220
GEBGetEv returned st=0
we have read 3840 bytes; CurEvNo=5

+++++++++++++++++++++++++++++++
*start event # 5 with multiplicity 2 looks like this:
 0>  1, GEB_TYPE_DECOMP      , TS=1689907819
 1>  1, GEB_TYPE_DECOMP      , TS=1689907821
entered bin_mode2: 5/10
ptinp->pad= 6, (ptinp->pad&0x000000ff)= 6
ptinp->pad= 6, (ptinp->pad&0x000000ff)= 6
updated CCadd with    0.00
total number of hits in array: 0
exit bin_mode2
entered bin_mode3 @ event number: 5 
exit bin_mode3
*end of event # 5
+++++++++++++++++++++++++++++++
ev#     5 GEB_TYPE_GT_MOD29      220Bytes TS=1689924221 curTS=1689924039 dTS= 182
GEBGetEv returned st=0
we have read 4076 bytes; CurEvNo=6

+++++++++++++++++++++++++++++++
*start event # 6 with multiplicity 1 looks like this:
 0>  1, GEB_TYPE_DECOMP      , TS=1689924039
entered bin_mode2: 6/10
ptinp->pad= 6, (ptinp->pad&0x000000ff)= 6
updated CCadd with    0.00
total number of hits in array: 0
exit bin_mode2
entered bin_mode3 @ event number: 6 
exit bin_mode3
*end of event # 6
+++++++++++++++++++++++++++++++
ev#     6 GEB_TYPE_GT_MOD29      308Bytes TS=1689928281 curTS=1689924221 dTS= 4060
GEBGetEv returned st=0
we have read 4400 bytes; CurEvNo=7

+++++++++++++++++++++++++++++++
*start event # 7 with multiplicity 1 looks like this:
 0>  8, GEB_TYPE_GT_MOD29    , TS=1689924221
entered bin_mode2: 7/10
updated CCadd with    0.00
total number of hits in array: 0
exit bin_mode2
entered bin_mode3 @ event number: 7 

bin_mode3:  0>  8, GEB_TYPE_GT_MOD29    , TS=1689924221, 0x64ba327d; payload length: 220 bytes

---------
new GTheader at pos=0 or 0 words (8):
Event.hdr[ 0]=0x1f34,   7988
Event.hdr[ 1]=0x300a,  12298
Event.hdr[ 2]=0x327d,  12925
Event.hdr[ 3]=0x64ba,  25786
Event.hdr[ 4]=0x0000,      0
Event.hdr[ 5]=0x004a,     74
Event.hdr[ 6]=0x0e00,   3584
Event.hdr[ 7]=0x0000,      0
Event.hdr[ 8]=0x0000,      0
Event.hdr[ 9]=0x0025,     37
Event.hdr[10]=0x7800,  30720
Event.hdr[11]=0xffff,  65535
Event.hdr[12]=0xffbf,  65471
Event.hdr[13]=0x07ff,   2047
Event.len=  44, Event.traceLen=  12 (in Bytes)
Event.len=  22, Event.traceLen=   6 (in 16 bit words)
Event.len=  11, Event.traceLen=   3 (in 32 bit words)
next start: 0xaaaaaaaa, pos= 44
0x1f34 module_id = 31 crystal_id = 0 digitizer_id = 3 chan_id = 4 ge_id = 124 channel = 34  -> is segment
open superpulse_007_00_01.xy at Event.chan_id = 4
open CCpulse_007_00_01.xy at Event.chan_id = 4
ncrystal=1
wrote trace to CCpulse_007_00_01.xy
two's comp tempE  ::         74         74 0x0000004a |0000|0000|0000|0000|0000|0000|0100|1010|
rawE              ::         74         74 0x0000004a |0000|0000|0000|0000|0000|0000|0100|1010|
rawE (sign change)::         74         74 0x0000004a |0000|0000|0000|0000|0000|0000|0100|1010|
Event.ehi=               2 0x00000002
Event.ehi=0 (gain changed)
Event.LEDts =           1689924221
Event.CFDts =         253407068172

---------
new GTheader at pos=44 or 22 words (30):
Event.hdr[ 0]=0x1f35,   7989
Event.hdr[ 1]=0x300a,  12298
Event.hdr[ 2]=0x327d,  12925
Event.hdr[ 3]=0x64ba,  25786
Event.hdr[ 4]=0x0000,      0
Event.hdr[ 5]=0x8c31,  35889
Event.hdr[ 6]=0x4e09,  19977
Event.hdr[ 7]=0x0000,      0
Event.hdr[ 8]=0x0000,      0
Event.hdr[ 9]=0x8b15,  35605
Event.hdr[10]=0x3609,  13833
Event.hdr[11]=0x118e,   4494
Event.hdr[12]=0x2cfc,  11516
Event.hdr[13]=0x0020,     32
Event.len=  44, Event.traceLen=  12 (in Bytes)
Event.len=  22, Event.traceLen=   6 (in 16 bit words)
Event.len=  11, Event.traceLen=   3 (in 32 bit words)
next start: 0xaaaaaaaa, pos= 88
0x1f35 module_id = 31 crystal_id = 0 digitizer_id = 3 chan_id = 5 ge_id = 124 channel = 35  -> is segment
ncrystal=1
wrote trace to CCpulse_007_00_01.xy
two's comp tempE  ::     625713     625713 0x00098c31 |0000|0000|0000|1001|1000|1100|0011|0001|
rawE              ::     625713     625713 0x00098c31 |0000|0000|0000|1001|1000|1100|0011|0001|
rawE (sign change)::     625713     625713 0x00098c31 |0000|0000|0000|1001|1000|1100|0011|0001|
Event.ehi=           19553 0x00004c61
Event.ehi=1955 (gain changed)
Event.LEDts =           1689924221
Event.CFDts =      268263455916044

---------
new GTheader at pos=88 or 44 words (52):
Event.hdr[ 0]=0x1f36,   7990
Event.hdr[ 1]=0x300a,  12298
Event.hdr[ 2]=0x327d,  12925
Event.hdr[ 3]=0x64ba,  25786
Event.hdr[ 4]=0x0000,      0
Event.hdr[ 5]=0xc8fd,  51453
Event.hdr[ 6]=0x0e03,   3587
Event.hdr[ 7]=0x0000,      0
Event.hdr[ 8]=0x0000,      0
Event.hdr[ 9]=0x293a,  10554
Event.hdr[10]=0x8802,  34818
Event.hdr[11]=0xff9b,  65435
Event.hdr[12]=0x90ab,  37035
Event.hdr[13]=0x07ff,   2047
Event.len=  44, Event.traceLen=  12 (in Bytes)
Event.len=  22, Event.traceLen=   6 (in 16 bit words)
Event.len=  11, Event.traceLen=   3 (in 32 bit words)
next start: 0xaaaaaaaa, pos= 132
0x1f36 module_id = 31 crystal_id = 0 digitizer_id = 3 chan_id = 6 ge_id = 124 channel = 36  -> is segment
ncrystal=1
wrote trace to CCpulse_007_00_01.xy
two's comp tempE  ::     248061     248061 0x0003c8fd |0000|0000|0000|0011|1100|1000|1111|1101|
rawE              ::     248061     248061 0x0003c8fd |0000|0000|0000|0011|1100|1000|1111|1101|
rawE (sign change)::     248061     248061 0x0003c8fd |0000|0000|0000|0011|1100|1000|1111|1101|
Event.ehi=            7751 0x00001e47
Event.ehi=775 (gain changed)
Event.LEDts =           1689924221
Event.CFDts =      281376190955532

---------
new GTheader at pos=132 or 66 words (74):
Event.hdr[ 0]=0x1f37,   7991
Event.hdr[ 1]=0x300a,  12298
Event.hdr[ 2]=0x327d,  12925
Event.hdr[ 3]=0x64ba,  25786
Event.hdr[ 4]=0x0000,      0
Event.hdr[ 5]=0x76f9,  30457
Event.hdr[ 6]=0x0e01,   3585
Event.hdr[ 7]=0x0000,      0
Event.hdr[ 8]=0x0000,      0
Event.hdr[ 9]=0x8ad7,  35543
Event.hdr[10]=0xba00,  47616
Event.hdr[11]=0xffc5,  65477
Event.hdr[12]=0x9077,  36983
Event.hdr[13]=0x0000,      0
Event.len=  44, Event.traceLen=  12 (in Bytes)
Event.len=  22, Event.traceLen=   6 (in 16 bit words)
Event.len=  11, Event.traceLen=   3 (in 32 bit words)
next start: 0xaaaaaaaa, pos= 176
0x1f37 module_id = 31 crystal_id = 0 digitizer_id = 3 chan_id = 7 ge_id = 124 channel = 37  -> is segment
ncrystal=1
wrote trace to CCpulse_007_00_01.xy
two's comp tempE  ::      95993      95993 0x000176f9 |0000|0000|0000|0001|0111|0110|1111|1001|
rawE              ::      95993      95993 0x000176f9 |0000|0000|0000|0001|0111|0110|1111|1001|
rawE (sign change)::      95993      95993 0x000176f9 |0000|0000|0000|0001|0111|0110|1111|1001|
Event.ehi=            2999 0x00000bb7
Event.ehi=299 (gain changed)
Event.LEDts =           1689924221
Event.CFDts =          25770459148

---------
new GTheader at pos=176 or 88 words (96):
Event.hdr[ 0]=0x1f38,   7992
Event.hdr[ 1]=0x300a,  12298
Event.hdr[ 2]=0x327d,  12925
Event.hdr[ 3]=0x64ba,  25786
Event.hdr[ 4]=0x0000,      0
Event.hdr[ 5]=0x88fa,  35066
Event.hdr[ 6]=0x1ff9,   8185
Event.hdr[ 7]=0x0000,      0
Event.hdr[ 8]=0x0000,      0
Event.hdr[ 9]=0xbce4,  48356
Event.hdr[10]=0x85fc,  34300
Event.hdr[11]=0xf956,  63830
Event.hdr[12]=0x63b3,  25523
Event.hdr[13]=0x07f3,   2035
Event.len=  44, Event.traceLen=  12 (in Bytes)
Event.len=  22, Event.traceLen=   6 (in 16 bit words)
Event.len=  11, Event.traceLen=   3 (in 32 bit words)
0x1f38 module_id = 31 crystal_id = 0 digitizer_id = 3 chan_id = 8 ge_id = 124 channel = 38  -> is segment
ncrystal=1
wrote trace to CCpulse_007_00_01.xy
two's comp tempE  ::   16353530   16353530 0x00f988fa |0000|0000|1111|1001|1000|1000|1111|1010|
rawE              :: 4294543610    -423686 0xfff988fa |1111|1111|1111|1001|1000|1000|1111|1010|
rawE (sign change)::     423686     423686 0x00067706 |0000|0000|0000|0110|0111|0111|0000|0110|
Event.ehi=           13240 0x000033b8
Event.ehi=1324 (gain changed)
Event.LEDts =           1689924221
Event.CFDts =         541177085964
exit bin_mode3
*end of event # 7
+++++++++++++++++++++++++++++++
ev#     7 GEB_TYPE_DECOMP        464Bytes TS=1689945271 curTS=1689928281 dTS= 16990
GEBGetEv returned st=0
we have read 4880 bytes; CurEvNo=8

+++++++++++++++++++++++++++++++
*start event # 8 with multiplicity 1 looks like this:
 0>  8, GEB_TYPE_GT_MOD29    , TS=1689928281
entered bin_mode2: 8/10
updated CCadd with    0.00
total number of hits in array: 0
exit bin_mode2
entered bin_mode3 @ event number: 8 

bin_mode3:  0>  8, GEB_TYPE_GT_MOD29    , TS=1689928281, 0x64ba4259; payload length: 308 bytes

---------
new GTheader at pos=0 or 0 words (8):
Event.hdr[ 0]=0x1f32,   7986
Event.hdr[ 1]=0x300a,  12298
Event.hdr[ 2]=0x4259,  16985
Event.hdr[ 3]=0x64ba,  25786
Event.hdr[ 4]=0x0000,      0
Event.hdr[ 5]=0x173c,   5948
Event.hdr[ 6]=0x0e00,   3584
Event.hdr[ 7]=0x0fdb,   4059
Event.hdr[ 8]=0x0000,      0
Event.hdr[ 9]=0xf123,  61731
Event.hdr[10]=0x09ff,   2559
Event.hdr[11]=0x0038,     56
Event.hdr[12]=0xcd1c,  52508
Event.hdr[13]=0x07ff,   2047
Event.len=  44, Event.traceLen=  12 (in Bytes)
Event.len=  22, Event.traceLen=   6 (in 16 bit words)
Event.len=  11, Event.traceLen=   3 (in 32 bit words)
next start: 0xaaaaaaaa, pos= 44
0x1f32 module_id = 31 crystal_id = 0 digitizer_id = 3 chan_id = 2 ge_id = 124 channel = 32  -> is segment
open superpulse_008_00_01.xy at Event.chan_id = 2
open CCpulse_008_00_01.xy at Event.chan_id = 2
ncrystal=1
wrote trace to CCpulse_008_00_01.xy
two's comp tempE  ::       5948       5948 0x0000173c |0000|0000|0000|0000|0001|0111|0011|1100|
rawE              ::       5948       5948 0x0000173c |0000|0000|0000|0000|0001|0111|0011|1100|
rawE (sign change)::       5948       5948 0x0000173c |0000|0000|0000|0000|0001|0111|0011|1100|
Event.ehi=             185 0x000000b9
Event.ehi=18 (gain changed)
Event.LEDts =           1689928281
Event.CFDts =      281359010824204

---------
new GTheader at pos=44 or 22 words (30):
Event.hdr[ 0]=0x1f33,   7987
Event.hdr[ 1]=0x300a,  12298
Event.hdr[ 2]=0x4259,  16985
Event.hdr[ 3]=0x64ba,  25786
Event.hdr[ 4]=0x0000,      0
Event.hdr[ 5]=0xc77a,  51066
Event.hdr[ 6]=0x4e0b,  19979
Event.hdr[ 7]=0x0fdb,   4059
Event.hdr[ 8]=0x0000,      0
Event.hdr[ 9]=0xc610,  50704
Event.hdr[10]=0x0e0b,   3595
Event.hdr[11]=0x1713,   5907
Event.hdr[12]=0xda70,  55920
Event.hdr[13]=0x07ff,   2047
Event.len=  44, Event.traceLen=  12 (in Bytes)
Event.len=  22, Event.traceLen=   6 (in 16 bit words)
Event.len=  11, Event.traceLen=   3 (in 32 bit words)
next start: 0xaaaaaaaa, pos= 88
0x1f33 module_id = 31 crystal_id = 0 digitizer_id = 3 chan_id = 3 ge_id = 124 channel = 33  -> is segment
ncrystal=1
wrote trace to CCpulse_008_00_01.xy
two's comp tempE  ::     771962     771962 0x000bc77a |0000|0000|0000|1011|1100|0111|0111|1010|
rawE              ::     771962     771962 0x000bc77a |0000|0000|0000|1011|1100|0111|0111|1010|
rawE (sign change)::     771962     771962 0x000bc77a |0000|0000|0000|1011|1100|0111|0111|1010|
Event.ehi=           24123 0x00005e3b
Event.ehi=2412 (gain changed)
Event.LEDts =           1689928281
Event.CFDts =      265299883393036

---------
new GTheader at pos=88 or 44 words (52):
Event.hdr[ 0]=0x1f34,   7988
Event.hdr[ 1]=0x300a,  12298
Event.hdr[ 2]=0x4259,  16985
Event.hdr[ 3]=0x64ba,  25786
Event.hdr[ 4]=0x0000,      0
Event.hdr[ 5]=0x007e,    126
Event.hdr[ 6]=0x0e00,   3584
Event.hdr[ 7]=0x0fdb,   4059
Event.hdr[ 8]=0x0000,      0
Event.hdr[ 9]=0xffb7,  65463
Event.hdr[10]=0x4bff,  19455
Event.hdr[11]=0x0000,      0
Event.hdr[12]=0xfef0,  65264
Event.hdr[13]=0x07ff,   2047
Event.len=  44, Event.traceLen=  12 (in Bytes)
Event.len=  22, Event.traceLen=   6 (in 16 bit words)
Event.len=  11, Event.traceLen=   3 (in 32 bit words)
next start: 0xaaaaaaaa, pos= 132
0x1f34 module_id = 31 crystal_id = 0 digitizer_id = 3 chan_id = 4 ge_id = 124 channel = 34  -> is segment
ncrystal=1
wrote trace to CCpulse_008_00_01.xy
two's comp tempE  ::        126        126 0x0000007e |0000|0000|0000|0000|0000|0000|0111|1110|
rawE              ::        126        126 0x0000007e |0000|0000|0000|0000|0000|0000|0111|1110|
rawE (sign change)::        126        126 0x0000007e |0000|0000|0000|0000|0000|0000|0111|1110|
Event.ehi=               3 0x00000003
Event.ehi=0 (gain changed)
Event.LEDts =           1689928281
Event.CFDts =         257702035468

---------
new GTheader at pos=132 or 66 words (74):
Event.hdr[ 0]=0x1f35,   7989
Event.hdr[ 1]=0x300a,  12298
Event.hdr[ 2]=0x4259,  16985
Event.hdr[ 3]=0x64ba,  25786
Event.hdr[ 4]=0x0000,      0
Event.hdr[ 5]=0x15f2,   5618
Event.hdr[ 6]=0x4e09,  19977
Event.hdr[ 7]=0x0fdb,   4059
Event.hdr[ 8]=0x0000,      0
Event.hdr[ 9]=0x1496,   5270
Event.hdr[10]=0x2a09,  10761
Event.hdr[11]=0x1316,   4886
Event.hdr[12]=0x1c6c,   7276
Event.hdr[13]=0x0023,     35
Event.len=  44, Event.traceLen=  12 (in Bytes)
Event.len=  22, Event.traceLen=   6 (in 16 bit words)
Event.len=  11, Event.traceLen=   3 (in 32 bit words)
next start: 0xaaaaaaaa, pos= 176
0x1f35 module_id = 31 crystal_id = 0 digitizer_id = 3 chan_id = 5 ge_id = 124 channel = 35  -> is segment
ncrystal=1
wrote trace to CCpulse_008_00_01.xy
two's comp tempE  ::     595442     595442 0x000915f2 |0000|0000|0000|1001|0001|0101|1111|0010|
rawE              ::     595442     595442 0x000915f2 |0000|0000|0000|1001|0001|0101|1111|0010|
rawE (sign change)::     595442     595442 0x000915f2 |0000|0000|0000|1001|0001|0101|1111|0010|
Event.ehi=           18607 0x000048af
Event.ehi=1860 (gain changed)
Event.LEDts =           1689928281
Event.CFDts =      268869055414284

---------
new GTheader at pos=176 or 88 words (96):
Event.hdr[ 0]=0x1f36,   7990
Event.hdr[ 1]=0x300a,  12298
Event.hdr[ 2]=0x4259,  16985
Event.hdr[ 3]=0x64ba,  25786
Event.hdr[ 4]=0x0000,      0
Event.hdr[ 5]=0x4524,  17700
Event.hdr[ 6]=0x0e03,   3587
Event.hdr[ 7]=0x0fdb,   4059
Event.hdr[ 8]=0x0000,      0
Event.hdr[ 9]=0x6e3f,  28223
Event.hdr[10]=0x7402,  29698
Event.hdr[11]=0x0452,   1106
Event.hdr[12]=0x3710,  14096
Event.hdr[13]=0x07ff,   2047
Event.len=  44, Event.traceLen=  12 (in Bytes)
Event.len=  22, Event.traceLen=   6 (in 16 bit words)
Event.len=  11, Event.traceLen=   3 (in 32 bit words)
next start: 0xaaaaaaaa, pos= 220
0x1f36 module_id = 31 crystal_id = 0 digitizer_id = 3 chan_id = 6 ge_id = 124 channel = 36  -> is segment
ncrystal=1
wrote trace to CCpulse_008_00_01.xy
two's comp tempE  ::     214308     214308 0x00034524 |0000|0000|0000|0011|0100|0101|0010|0100|
rawE              ::     214308     214308 0x00034524 |0000|0000|0000|0011|0100|0101|0010|0100|
rawE (sign change)::     214308     214308 0x00034524 |0000|0000|0000|0011|0100|0101|0010|0100|
Event.ehi=            6697 0x00001a29
Event.ehi=669 (gain changed)
Event.LEDts =           1689928281
Event.CFDts =      281307470495756

---------
new GTheader at pos=220 or 110 words (118):
Event.hdr[ 0]=0x1f37,   7991
Event.hdr[ 1]=0x300a,  12298
Event.hdr[ 2]=0x4259,  16985
Event.hdr[ 3]=0x64ba,  25786
Event.hdr[ 4]=0x0000,      0
Event.hdr[ 5]=0x2c3b,  11323
Event.hdr[ 6]=0x0e01,   3585
Event.hdr[ 7]=0x0fdb,   4059
Event.hdr[ 8]=0x0000,      0
Event.hdr[ 9]=0xe2f7,  58103
Event.hdr[10]=0xae00,  44544
Event.hdr[11]=0x0115,    277
Event.hdr[12]=0x8b74,  35700
Event.hdr[13]=0x07ff,   2047
Event.len=  44, Event.traceLen=  12 (in Bytes)
Event.len=  22, Event.traceLen=   6 (in 16 bit words)
Event.len=  11, Event.traceLen=   3 (in 32 bit words)
next start: 0xaaaaaaaa, pos= 264
0x1f37 module_id = 31 crystal_id = 0 digitizer_id = 3 chan_id = 7 ge_id = 124 channel = 37  -> is segment
ncrystal=1
wrote trace to CCpulse_008_00_01.xy
two's comp tempE  ::      76859      76859 0x00012c3b |0000|0000|0000|0001|0010|1100|0011|1011|
rawE              ::      76859      76859 0x00012c3b |0000|0000|0000|0001|0010|1100|0011|1011|
rawE (sign change)::      76859      76859 0x00012c3b |0000|0000|0000|0001|0010|1100|0011|1011|
Event.ehi=            2401 0x00000961
Event.ehi=240 (gain changed)
Event.LEDts =           1689928281
Event.CFDts =      281389075988492

---------
new GTheader at pos=264 or 132 words (140):
Event.hdr[ 0]=0x1f38,   7992
Event.hdr[ 1]=0x300a,  12298
Event.hdr[ 2]=0x4259,  16985
Event.hdr[ 3]=0x64ba,  25786
Event.hdr[ 4]=0x0000,      0
Event.hdr[ 5]=0x8a70,  35440
Event.hdr[ 6]=0x1ff9,   8185
Event.hdr[ 7]=0x0fdb,   4059
Event.hdr[ 8]=0x0000,      0
Event.hdr[ 9]=0xb92a,  47402
Event.hdr[10]=0xc9fc,  51708
Event.hdr[11]=0xf979,  63865
Event.hdr[12]=0xad0b,  44299
Event.hdr[13]=0x07f2,   2034
Event.len=  44, Event.traceLen=  12 (in Bytes)
Event.len=  22, Event.traceLen=   6 (in 16 bit words)
Event.len=  11, Event.traceLen=   3 (in 32 bit words)
0x1f38 module_id = 31 crystal_id = 0 digitizer_id = 3 chan_id = 8 ge_id = 124 channel = 38  -> is segment
ncrystal=1
wrote trace to CCpulse_008_00_01.xy
two's comp tempE  ::   16353904   16353904 0x00f98a70 |0000|0000|1111|1001|1000|1010|0111|0000|
rawE              :: 4294543984    -423312 0xfff98a70 |1111|1111|1111|1001|1000|1010|0111|0000|
rawE (sign change)::     423312     423312 0x00067590 |0000|0000|0000|0110|0111|0101|1001|0000|
Event.ehi=           13228 0x000033ac
Event.ehi=1322 (gain changed)
Event.LEDts =           1689928281
Event.CFDts =         562651856908
exit bin_mode3
*end of event # 8
+++++++++++++++++++++++++++++++
ev#     8 GEB_TYPE_GT_MOD29      440Bytes TS=1689945899 curTS=1689945271 dTS= 628
GEBGetEv returned st=0
we have read 5336 bytes; CurEvNo=9

+++++++++++++++++++++++++++++++
*start event # 9 with multiplicity 1 looks like this:
 0>  1, GEB_TYPE_DECOMP      , TS=1689945271
entered bin_mode2: 9/10
ptinp->pad= 6, (ptinp->pad&0x000000ff)= 6
updated CCadd with    0.00
total number of hits in array: 0
exit bin_mode2
entered bin_mode3 @ event number: 9 
exit bin_mode3
*end of event # 9
+++++++++++++++++++++++++++++++
ev#     9 GEB_TYPE_DECOMP        464Bytes TS=1689945933 curTS=1689945899 dTS= 34
ev#     9 GEB_TYPE_GT_MOD29      440Bytes TS=1689960099 curTS=1689945899 dTS= 14200
GEBGetEv returned st=0
we have read 6272 bytes; CurEvNo=10

+++++++++++++++++++++++++++++++
*start event # 10 with multiplicity 2 looks like this:
 0>  8, GEB_TYPE_GT_MOD29    , TS=1689945899
 1>  1, GEB_TYPE_DECOMP      , TS=1689945933
entered bin_mode2: 10/10
ptinp->pad= 6, (ptinp->pad&0x000000ff)= 6
updated CCadd with    0.00
total number of hits in array: 0
exit bin_mode2
entered bin_mode3 @ event number: 10 

bin_mode3:  0>  8, GEB_TYPE_GT_MOD29    , TS=1689945899, 0x64ba872b; payload length: 440 bytes

---------
new GTheader at pos=0 or 0 words (8):
Event.hdr[ 0]=0x1f36,   7990
Event.hdr[ 1]=0x300a,  12298
Event.hdr[ 2]=0x872b,  34603
Event.hdr[ 3]=0x64ba,  25786
Event.hdr[ 4]=0x0000,      0
Event.hdr[ 5]=0xa301,  41729
Event.hdr[ 6]=0x4e03,  19971
Event.hdr[ 7]=0x44d1,  17617
Event.hdr[ 8]=0x0fdb,   4059
Event.hdr[ 9]=0x353e,  13630
Event.hdr[10]=0x7e03,  32259
Event.hdr[11]=0x04dc,   1244
Event.hdr[12]=0xa4e8,  42216
Event.hdr[13]=0x0008,      8
Event.len=  44, Event.traceLen=  12 (in Bytes)
Event.len=  22, Event.traceLen=   6 (in 16 bit words)
Event.len=  11, Event.traceLen=   3 (in 32 bit words)
next start: 0xaaaaaaaa, pos= 44
0x1f36 module_id = 31 crystal_id = 0 digitizer_id = 3 chan_id = 6 ge_id = 124 channel = 36  -> is segment
open superpulse_010_00_01.xy at Event.chan_id = 6
open CCpulse_010_00_01.xy at Event.chan_id = 6
ncrystal=1
wrote trace to CCpulse_010_00_01.xy
two's comp tempE  ::     238337     238337 0x0003a301 |0000|0000|0000|0011|1010|0011|0000|0001|
rawE              ::     238337     238337 0x0003a301 |0000|0000|0000|0011|1010|0011|0000|0001|
rawE (sign change)::     238337     238337 0x0003a301 |0000|0000|0000|0011|1010|0011|0000|0001|
Event.ehi=            7448 0x00001d18
Event.ehi=744 (gain changed)
Event.LEDts =           1689945899
Event.CFDts =      281054063558668

---------
new GTheader at pos=44 or 22 words (30):
Event.hdr[ 0]=0x1f37,   7991
Event.hdr[ 1]=0x300a,  12298
Event.hdr[ 2]=0x872b,  34603
Event.hdr[ 3]=0x64ba,  25786
Event.hdr[ 4]=0x0000,      0
Event.hdr[ 5]=0x08ff,   2303
Event.hdr[ 6]=0x0e01,   3585
Event.hdr[ 7]=0x44d1,  17617
Event.hdr[ 8]=0x0fdb,   4059
Event.hdr[ 9]=0xdde9,  56809
Event.hdr[10]=0xee00,  60928
Event.hdr[11]=0x01c5,    453
Event.hdr[12]=0x2b5c,  11100
Event.hdr[13]=0x0002,      2
Event.len=  44, Event.traceLen=  12 (in Bytes)
Event.len=  22, Event.traceLen=   6 (in 16 bit words)
Event.len=  11, Event.traceLen=   3 (in 32 bit words)
next start: 0xaaaaaaaa, pos= 88
0x1f37 module_id = 31 crystal_id = 0 digitizer_id = 3 chan_id = 7 ge_id = 124 channel = 37  -> is segment
ncrystal=1
wrote trace to CCpulse_010_00_01.xy
two's comp tempE  ::      67839      67839 0x000108ff |0000|0000|0000|0001|0000|1000|1111|1111|
rawE              ::      67839      67839 0x000108ff |0000|0000|0000|0001|0000|1000|1111|1111|
rawE (sign change)::      67839      67839 0x000108ff |0000|0000|0000|0001|0000|1000|1111|1111|
Event.ehi=            2119 0x00000847
Event.ehi=211 (gain changed)
Event.LEDts =           1689945899
Event.CFDts =      281401961086988

---------
new GTheader at pos=88 or 44 words (52):
Event.hdr[ 0]=0x1f38,   7992
Event.hdr[ 1]=0x300a,  12298
Event.hdr[ 2]=0x872b,  34603
Event.hdr[ 3]=0x64ba,  25786
Event.hdr[ 4]=0x0000,      0
Event.hdr[ 5]=0x87bc,  34748
Event.hdr[ 6]=0x1ff9,   8185
Event.hdr[ 7]=0x44d1,  17617
Event.hdr[ 8]=0x0fdb,   4059
Event.hdr[ 9]=0xd988,  55688
Event.hdr[10]=0x55fc,  22012
Event.hdr[11]=0xf972,  63858
Event.hdr[12]=0xf393,  62355
Event.hdr[13]=0x07f2,   2034
Event.len=  44, Event.traceLen=  12 (in Bytes)
Event.len=  22, Event.traceLen=   6 (in 16 bit words)
Event.len=  11, Event.traceLen=   3 (in 32 bit words)
next start: 0xaaaaaaaa, pos= 132
0x1f38 module_id = 31 crystal_id = 0 digitizer_id = 3 chan_id = 8 ge_id = 124 channel = 38  -> is segment
ncrystal=1
wrote trace to CCpulse_010_00_01.xy
two's comp tempE  ::   16353212   16353212 0x00f987bc |0000|0000|1111|1001|1000|0111|1011|1100|
rawE              :: 4294543292    -424004 0xfff987bc |1111|1111|1111|1001|1000|0111|1011|1100|
rawE (sign change)::     424004     424004 0x00067844 |0000|0000|0000|0110|0111|1000|0100|0100|
Event.ehi=           13250 0x000033c2
Event.ehi=1325 (gain changed)
Event.LEDts =           1689945899
Event.CFDts =         408030806028

---------
new GTheader at pos=132 or 66 words (74):
Event.hdr[ 0]=0x1f39,   7993
Event.hdr[ 1]=0x300a,  12298
Event.hdr[ 2]=0x872b,  34603
Event.hdr[ 3]=0x64ba,  25786
Event.hdr[ 4]=0x0000,      0
Event.hdr[ 5]=0x1629,   5673
Event.hdr[ 6]=0x4e0d,  19981
Event.hdr[ 7]=0x44d1,  17617
Event.hdr[ 8]=0x0fdb,   4059
Event.hdr[ 9]=0x141b,   5147
Event.hdr[10]=0x8a0d,  35341
Event.hdr[11]=0x1952,   6482
Event.hdr[12]=0xcdd0,  52688
Event.hdr[13]=0x07ff,   2047
Event.len=  44, Event.traceLen=  12 (in Bytes)
Event.len=  22, Event.traceLen=   6 (in 16 bit words)
Event.len=  11, Event.traceLen=   3 (in 32 bit words)
next start: 0xaaaaaaaa, pos= 176
0x1f39 module_id = 31 crystal_id = 0 digitizer_id = 3 chan_id = 9 ge_id = 124 channel = 39  -> is CC
ncrystal=1
wrote trace to CCpulse_010_00_01.xy
two's comp tempE  ::     857641     857641 0x000d1629 |0000|0000|0000|1101|0001|0110|0010|1001|
rawE              ::     857641     857641 0x000d1629 |0000|0000|0000|1101|0001|0110|0010|1001|
rawE (sign change)::     857641     857641 0x000d1629 |0000|0000|0000|1101|0001|0110|0010|1001|
Event.ehi=           26801 0x000068b1
Event.ehi=2680 (gain changed)
Event.LEDts =           1689945899
Event.CFDts =       17777140760588

---------
new GTheader at pos=176 or 88 words (96):
Event.hdr[ 0]=0x1f30,   7984
Event.hdr[ 1]=0x300a,  12298
Event.hdr[ 2]=0x872b,  34603
Event.hdr[ 3]=0x64ba,  25786
Event.hdr[ 4]=0x0000,      0
Event.hdr[ 5]=0x706c,  28780
Event.hdr[ 6]=0x4e0a,  19978
Event.hdr[ 7]=0x44d1,  17617
Event.hdr[ 8]=0x0fdb,   4059
Event.hdr[ 9]=0x6fd6,  28630
Event.hdr[10]=0x120a,   4618
Event.hdr[11]=0x16da,   5850
Event.hdr[12]=0xf640,  63040
Event.hdr[13]=0x002f,     47
Event.len=  44, Event.traceLen=  12 (in Bytes)
Event.len=  22, Event.traceLen=   6 (in 16 bit words)
Event.len=  11, Event.traceLen=   3 (in 32 bit words)
next start: 0xaaaaaaaa, pos= 220
0x1f30 module_id = 31 crystal_id = 0 digitizer_id = 3 chan_id = 0 ge_id = 124 channel = 30  -> is segment
ncrystal=1
wrote trace to CCpulse_010_00_01.xy
two's comp tempE  ::     684140     684140 0x000a706c |0000|0000|0000|1010|0111|0000|0110|1100|
rawE              ::     684140     684140 0x000a706c |0000|0000|0000|1010|0111|0000|0110|1100|
rawE (sign change)::     684140     684140 0x000a706c |0000|0000|0000|1010|0111|0000|0110|1100|
Event.ehi=           21379 0x00005383
Event.ehi=2137 (gain changed)
Event.LEDts =           1689945899
Event.CFDts =      267189697708044

---------
new GTheader at pos=220 or 110 words (118):
Event.hdr[ 0]=0x1f31,   7985
Event.hdr[ 1]=0x300a,  12298
Event.hdr[ 2]=0x872b,  34603
Event.hdr[ 3]=0x64ba,  25786
Event.hdr[ 4]=0x0000,      0
Event.hdr[ 5]=0x099e,   2462
Event.hdr[ 6]=0x4e09,  19977
Event.hdr[ 7]=0x44d1,  17617
Event.hdr[ 8]=0x0fdb,   4059
Event.hdr[ 9]=0x0692,   1682
Event.hdr[10]=0xf009,  61449
Event.hdr[11]=0x1144,   4420
Event.hdr[12]=0x226c,   8812
Event.hdr[13]=0x0021,     33
Event.len=  44, Event.traceLen=  12 (in Bytes)
Event.len=  22, Event.traceLen=   6 (in 16 bit words)
Event.len=  11, Event.traceLen=   3 (in 32 bit words)
next start: 0xaaaaaaaa, pos= 264
0x1f31 module_id = 31 crystal_id = 0 digitizer_id = 3 chan_id = 1 ge_id = 124 channel = 31  -> is segment
ncrystal=1
wrote trace to CCpulse_010_00_01.xy
two's comp tempE  ::     592286     592286 0x0009099e |0000|0000|0000|1001|0000|1001|1001|1110|
rawE              ::     592286     592286 0x0009099e |0000|0000|0000|1001|0000|1001|1001|1110|
rawE (sign change)::     592286     592286 0x0009099e |0000|0000|0000|1001|0000|1001|1001|1110|
Event.ehi=           18508 0x0000484c
Event.ehi=1850 (gain changed)
Event.LEDts =           1689945899
Event.CFDts =      269607801126924

---------
new GTheader at pos=264 or 132 words (140):
Event.hdr[ 0]=0x1f32,   7986
Event.hdr[ 1]=0x300a,  12298
Event.hdr[ 2]=0x872b,  34603
Event.hdr[ 3]=0x64ba,  25786
Event.hdr[ 4]=0x0000,      0
Event.hdr[ 5]=0x1489,   5257
Event.hdr[ 6]=0x0e00,   3584
Event.hdr[ 7]=0x44d1,  17617
Event.hdr[ 8]=0x0fdb,   4059
Event.hdr[ 9]=0x049e,   1182
Event.hdr[10]=0x4600,  17920
Event.hdr[11]=0xffe2,  65506
Event.hdr[12]=0x7013,  28691
Event.hdr[13]=0x0000,      0
Event.len=  44, Event.traceLen=  12 (in Bytes)
Event.len=  22, Event.traceLen=   6 (in 16 bit words)
Event.len=  11, Event.traceLen=   3 (in 32 bit words)
next start: 0xaaaaaaaa, pos= 308
0x1f32 module_id = 31 crystal_id = 0 digitizer_id = 3 chan_id = 2 ge_id = 124 channel = 32  -> is segment
ncrystal=1
wrote trace to CCpulse_010_00_01.xy
two's comp tempE  ::       5257       5257 0x00001489 |0000|0000|0000|0000|0001|0100|1000|1001|
rawE              ::       5257       5257 0x00001489 |0000|0000|0000|0000|0001|0100|1000|1001|
rawE (sign change)::       5257       5257 0x00001489 |0000|0000|0000|0000|0001|0100|1000|1001|
Event.ehi=             164 0x000000a4
Event.ehi=16 (gain changed)
Event.LEDts =           1689945899
Event.CFDts =      281333240496140

---------
new GTheader at pos=308 or 154 words (162):
Event.hdr[ 0]=0x1f33,   7987
Event.hdr[ 1]=0x300a,  12298
Event.hdr[ 2]=0x872b,  34603
Event.hdr[ 3]=0x64ba,  25786
Event.hdr[ 4]=0x0000,      0
Event.hdr[ 5]=0x8395,  33685
Event.hdr[ 6]=0x4e0d,  19981
Event.hdr[ 7]=0x44d1,  17617
Event.hdr[ 8]=0x0fdb,   4059
Event.hdr[ 9]=0x8306,  33542
Event.hdr[10]=0x200d,   8205
Event.hdr[11]=0x178c,   6028
Event.hdr[12]=0x261c,   9756
Event.hdr[13]=0x002e,     46
Event.len=  44, Event.traceLen=  12 (in Bytes)
Event.len=  22, Event.traceLen=   6 (in 16 bit words)
Event.len=  11, Event.traceLen=   3 (in 32 bit words)
next start: 0xaaaaaaaa, pos= 352
0x1f33 module_id = 31 crystal_id = 0 digitizer_id = 3 chan_id = 3 ge_id = 124 channel = 33  -> is segment
ncrystal=1
wrote trace to CCpulse_010_00_01.xy
two's comp tempE  ::     885653     885653 0x000d8395 |0000|0000|0000|1101|1000|0011|1001|0101|
rawE              ::     885653     885653 0x000d8395 |0000|0000|0000|1101|1000|0011|1001|0101|
rawE (sign change)::     885653     885653 0x000d8395 |0000|0000|0000|1101|1000|0011|1001|0101|
Event.ehi=           27676 0x00006c1c
Event.ehi=2767 (gain changed)
Event.LEDts =           1689945899
Event.CFDts =      262963385466892

---------
new GTheader at pos=352 or 176 words (184):
Event.hdr[ 0]=0x1f34,   7988
Event.hdr[ 1]=0x300a,  12298
Event.hdr[ 2]=0x872b,  34603
Event.hdr[ 3]=0x64ba,  25786
Event.hdr[ 4]=0x0000,      0
Event.hdr[ 5]=0x0013,     19
Event.hdr[ 6]=0x0e00,   3584
Event.hdr[ 7]=0x44d1,  17617
Event.hdr[ 8]=0x0fdb,   4059
Event.hdr[ 9]=0x0002,      2
Event.hdr[10]=0x6e00,  28160
Event.hdr[11]=0xffff,  65535
Event.hdr[12]=0x0097,    151
Event.hdr[13]=0x0000,      0
Event.len=  44, Event.traceLen=  12 (in Bytes)
Event.len=  22, Event.traceLen=   6 (in 16 bit words)
Event.len=  11, Event.traceLen=   3 (in 32 bit words)
next start: 0xaaaaaaaa, pos= 396
0x1f34 module_id = 31 crystal_id = 0 digitizer_id = 3 chan_id = 4 ge_id = 124 channel = 34  -> is segment
ncrystal=1
wrote trace to CCpulse_010_00_01.xy
two's comp tempE  ::         19         19 0x00000013 |0000|0000|0000|0000|0000|0000|0001|0011|
rawE              ::         19         19 0x00000013 |0000|0000|0000|0000|0000|0000|0001|0011|
rawE (sign change)::         19         19 0x00000013 |0000|0000|0000|0000|0000|0000|0001|0011|
Event.ehi=               0 0x00000000
Event.ehi=0 (gain changed)
Event.LEDts =           1689945899
Event.CFDts =         257702101004

---------
new GTheader at pos=396 or 198 words (206):
Event.hdr[ 0]=0x1f35,   7989
Event.hdr[ 1]=0x300a,  12298
Event.hdr[ 2]=0x872b,  34603
Event.hdr[ 3]=0x64ba,  25786
Event.hdr[ 4]=0x0000,      0
Event.hdr[ 5]=0xd848,  55368
Event.hdr[ 6]=0x4e08,  19976
Event.hdr[ 7]=0x44d1,  17617
Event.hdr[ 8]=0x0fdb,   4059
Event.hdr[ 9]=0xd785,  55173
Event.hdr[10]=0x2c08,  11272
Event.hdr[11]=0x1229,   4649
Event.hdr[12]=0x2c54,  11348
Event.hdr[13]=0x0026,     38
Event.len=  44, Event.traceLen=  12 (in Bytes)
Event.len=  22, Event.traceLen=   6 (in 16 bit words)
Event.len=  11, Event.traceLen=   3 (in 32 bit words)
0x1f35 module_id = 31 crystal_id = 0 digitizer_id = 3 chan_id = 5 ge_id = 124 channel = 35  -> is segment
ncrystal=1
wrote trace to CCpulse_010_00_01.xy
two's comp tempE  ::     579656     579656 0x0008d848 |0000|0000|0000|1000|1101|1000|0100|1000|
rawE              ::     579656     579656 0x0008d848 |0000|0000|0000|1000|1101|1000|0100|1000|
rawE (sign change)::     579656     579656 0x0008d848 |0000|0000|0000|1000|1101|1000|0100|1000|
Event.ehi=           18114 0x000046c2
Event.ehi=1811 (gain changed)
Event.LEDts =           1689945899
Event.CFDts =      269195477843980
exit bin_mode3
*end of event # 10
+++++++++++++++++++++++++++++++
ev#    10 GEB_TYPE_DECOMP        464Bytes TS=1689975147 curTS=1689960099 dTS= 15048
ev# 50000 GEB_TYPE_DECOMP        464Bytes TS=2166226425 curTS=2166212475 dTS= 13950
ev# 100000 GEB_TYPE_DECOMP        464Bytes TS=2649084065 curTS=2649084065 dTS= 0
ev# 100000 GEB_TYPE_DECOMP        464Bytes TS=2649084065 curTS=2649084065 dTS= 0
ev# 100000 GEB_TYPE_DECOMP        464Bytes TS=2649084067 curTS=2649084065 dTS= 2
ev# 100000 GEB_TYPE_DECOMP        464Bytes TS=2649084067 curTS=2649084065 dTS= 2
ev# 100000 GEB_TYPE_DECOMP        464Bytes TS=2649084071 curTS=2649084065 dTS= 6
ev# 100000 GEB_TYPE_DECOMP        464Bytes TS=2649084073 curTS=2649084065 dTS= 8
ev# 100000 GEB_TYPE_GT_MOD29      440Bytes TS=2649084135 curTS=2649084065 dTS= 70
ev# 100000 GEB_TYPE_DECOMP        464Bytes TS=2649084193 curTS=2649084065 dTS= 128
ev# 100000 GEB_TYPE_DECOMP        464Bytes TS=2649091429 curTS=2649084065 dTS= 7364
ev# 150000 GEB_TYPE_DECOMP        464Bytes TS=3127742895 curTS=3127735045 dTS= 7850
ev# 200000 GEB_TYPE_GT_MOD29      440Bytes TS=3608380557 curTS=3608380445 dTS= 112
ev# 200000 GEB_TYPE_DECOMP        464Bytes TS=3608382835 curTS=3608380445 dTS= 2390
ev# 250000 GEB_TYPE_DECOMP        464Bytes TS=4087789691 curTS=4087789689 dTS= 2
ev# 250000 GEB_TYPE_DECOMP        464Bytes TS=4087789695 curTS=4087789689 dTS= 6
ev# 250000 GEB_TYPE_DECOMP        464Bytes TS=4087789695 curTS=4087789689 dTS= 6
ev# 250000 GEB_TYPE_DECOMP        464Bytes TS=4087790191 curTS=4087789689 dTS= 502
ev# 300000 GEB_TYPE_GT_MOD29      440Bytes TS=4564635917 curTS=4564618741 dTS= 17176
ev# 350000 GEB_TYPE_DECOMP        464Bytes TS=5045170585 curTS=5045170581 dTS= 4
ev# 350000 GEB_TYPE_DECOMP        464Bytes TS=5045170711 curTS=5045170581 dTS= 130
ev# 350000 GEB_TYPE_DECOMP        464Bytes TS=5045170711 curTS=5045170581 dTS= 130
ev# 350000 GEB_TYPE_DECOMP        464Bytes TS=5045170713 curTS=5045170581 dTS= 132
ev# 350000 GEB_TYPE_DECOMP        464Bytes TS=5045170719 curTS=5045170581 dTS= 138
ev# 350000 GEB_TYPE_GT_MOD29      440Bytes TS=5045170783 curTS=5045170581 dTS= 202
batflag:: TS<Pars.curTS, reset it at event # 356490
TS=1416662053, Pars.curTS=5103245747, DT=-3686583694
new Pars.curTS=1416662053
we have read 346972624 bytes so far
ev# 400000 GEB_TYPE_DECOMP        464Bytes TS=5515350809 curTS=5515350585 dTS= 224
ev# 450000 GEB_TYPE_GT_MOD29      440Bytes TS=5992316233 curTS=5992315863 dTS= 370
ev# 500000 GEB_TYPE_GT_MOD29      440Bytes TS=6469475731 curTS=6469475365 dTS= 366
ev# 550000 GEB_TYPE_DECOMP        464Bytes TS=6937956845 curTS=6937932815 dTS= 24030
ev# 600000 GEB_TYPE_DECOMP        464Bytes TS=7415329977 curTS=7415329953 dTS= 24
ev# 600000 GEB_TYPE_DECOMP        464Bytes TS=7415330033 curTS=7415329953 dTS= 80
ev# 600000 GEB_TYPE_DECOMP        464Bytes TS=7415330039 curTS=7415329953 dTS= 86
ev# 600000 GEB_TYPE_DECOMP        464Bytes TS=7415330105 curTS=7415329953 dTS= 152
ev# 650000 GEB_TYPE_DECOMP        464Bytes TS=7892949479 curTS=7892944407 dTS= 5072
ev# 700000 GEB_TYPE_DECOMP        464Bytes TS=8365757519 curTS=8365757117 dTS= 402
ev# 750000 GEB_TYPE_DECOMP        464Bytes TS=8836300637 curTS=8836300633 dTS= 4
ev# 750000 GEB_TYPE_GT_MOD29      440Bytes TS=8836300735 curTS=8836300633 dTS= 102
ev# 750000 GEB_TYPE_DECOMP        464Bytes TS=8836300967 curTS=8836300633 dTS= 334
ev# 800000 GEB_TYPE_DECOMP        464Bytes TS=9308367303 curTS=9308362383 dTS= 4920
ev# 850000 GEB_TYPE_DECOMP        464Bytes TS=9779287193 curTS=9779286959 dTS= 234
ev# 900000 GEB_TYPE_DECOMP        464Bytes TS=10256162541 curTS=10256162217 dTS= 324
ev# 950000 GEB_TYPE_DECOMP        464Bytes TS=10723735211 curTS=10723724967 dTS= 10244

Sorting is done
attempting to save root or map file



mean observed polar and azimuth angles
for the detectors we saw (module,crystal)

------------------------------------------
mean pol/azi angle for detector  56 are   96.71/ 119.47
mean pol/azi angle for detector  57 are  100.41/ 138.27
mean pol/azi angle for detector  58 are   83.33/ 132.65
mean pol/azi angle for detector  59 are   79.62/ 114.03
mean pol/azi angle for detector  60 are   87.33/ 152.65
mean pol/azi angle for detector  61 are  105.23/ 157.68
mean pol/azi angle for detector  62 are   93.07/ 168.34
mean pol/azi angle for detector  63 are   73.90/ 165.97
mean pol/azi angle for detector  68 are   87.12/-134.92
mean pol/azi angle for detector  69 are  105.25/-130.00
mean pol/azi angle for detector  70 are   92.92/-116.88
mean pol/azi angle for detector  71 are   74.22/-121.83
mean pol/azi angle for detector  76 are   87.44/ -63.19
mean pol/azi angle for detector  77 are  105.30/ -58.10
mean pol/azi angle for detector  78 are   92.95/ -45.00
mean pol/azi angle for detector  79 are   74.24/ -49.84
mean pol/azi angle for detector  84 are  112.29/  33.62
mean pol/azi angle for detector  85 are  125.13/  17.40
mean pol/azi angle for detector  86 are  130.67/  39.28
mean pol/azi angle for detector  87 are  115.95/  52.97
mean pol/azi angle for detector  88 are  112.39/ 105.49
mean pol/azi angle for detector  89 are  124.94/  89.38
mean pol/azi angle for detector  90 are  130.76/ 111.14
mean pol/azi angle for detector  91 are  115.71/ 125.09
mean pol/azi angle for detector  96 are  112.61/-110.63
mean pol/azi angle for detector  97 are  124.79/-126.66
mean pol/azi angle for detector  98 are  130.89/-104.93
mean pol/azi angle for detector  99 are  115.85/ -90.99
mean pol/azi angle for detector 100 are  112.37/ -38.60
mean pol/azi angle for detector 101 are  124.74/ -55.08
mean pol/azi angle for detector 102 are  130.64/ -33.04
mean pol/azi angle for detector 103 are  115.80/ -19.08
mean pol/azi angle for detector 104 are  144.43/  88.24
mean pol/azi angle for detector 105 are  132.68/  65.81
mean pol/azi angle for detector 106 are  148.88/  53.89
mean pol/azi angle for detector 107 are  162.31/  88.27
mean pol/azi angle for detector 108 are  144.76/ 160.12
mean pol/azi angle for detector 109 are  132.72/ 137.93
mean pol/azi angle for detector 110 are  149.58/ 125.43
mean pol/azi angle for detector 111 are  162.29/ 111.12
mean pol/azi angle for detector 116 are  144.39/ -55.92
mean pol/azi angle for detector 117 are  132.56/ -78.23
mean pol/azi angle for detector 118 are  148.98/ -90.39
mean pol/azi angle for detector 119 are  162.43/ -56.04
we found 44 crystals
------------------------------------------

minimum pol angle between crystals is  18.65
compactness =  64.39%, 85 of 264
module hit statistics
module  14, crystal 0 was hit      90683 times
module  14, crystal 1 was hit      96713 times
module  14, crystal 2 was hit      95285 times
module  14, crystal 3 was hit      85367 times
module  15, crystal 0 was hit      98006 times
module  15, crystal 1 was hit      88112 times
module  15, crystal 2 was hit      83519 times
module  15, crystal 3 was hit      86950 times
module  17, crystal 0 was hit      72691 times
module  17, crystal 1 was hit      71331 times
module  17, crystal 2 was hit      72272 times
module  17, crystal 3 was hit      74313 times
module  19, crystal 0 was hit      67923 times
module  19, crystal 1 was hit      71009 times
module  19, crystal 2 was hit      82759 times
module  19, crystal 3 was hit      81183 times
module  21, crystal 0 was hit      81586 times
module  21, crystal 1 was hit      72302 times
module  21, crystal 2 was hit      85967 times
module  21, crystal 3 was hit      82394 times
module  22, crystal 0 was hit      89773 times
module  22, crystal 1 was hit      83549 times
module  22, crystal 2 was hit      93673 times
module  22, crystal 3 was hit      85330 times
module  24, crystal 0 was hit      75663 times
module  24, crystal 1 was hit      72437 times
module  24, crystal 2 was hit      76091 times
module  24, crystal 3 was hit      70586 times
module  25, crystal 0 was hit      72273 times
module  25, crystal 1 was hit      74238 times
module  25, crystal 2 was hit      72676 times
module  25, crystal 3 was hit      69996 times
module  26, crystal 0 was hit      82388 times
module  26, crystal 1 was hit      82001 times
module  26, crystal 2 was hit      81119 times
module  26, crystal 3 was hit      75794 times
module  27, crystal 0 was hit      85934 times
module  27, crystal 1 was hit      83718 times
module  27, crystal 2 was hit      85665 times
module  27, crystal 3 was hit      78461 times
module  29, crystal 0 was hit      70053 times
module  29, crystal 1 was hit      70483 times
module  29, crystal 2 was hit      76288 times
module  29, crystal 3 was hit      69882 times

bin_mode2: pad distribution
__id   0,      1519084, 93.15%
__id   2,          284,  0.02%
__id   3,         1628,  0.10%
__id   4,          502,  0.03%
__id   5,         3167,  0.19%
__id   6,        10591,  0.65%
__id 128,        95314,  5.84%
__id 133,          209,  0.01%

bin_mode2 calculated mean CCsum energy to be  763.808 keV
bin_mode2 calculated mean CCadd energy to be 1176.199 keV
attempting to close root file...
Pars.f1->Write();
Pars.f1->Print();
TFile: name=/lcrc/project/HELIOS/gretinafma/root_data/run288.root, title=, option=CREATE
TH1.Print Name  = dtbtev, Entries= 2054528, Total sum= 2.05453e+06
TH1.Print Name  = T0, Entries= 0, Total sum= 0
TH1.Print Name  = hitpat, Entries= 1519084, Total sum= 1.51908e+06
TH1.Print Name  = numHitArray2, Entries= 1000000, Total sum= 745957
TH1.Print Name  = CCmult, Entries= 1000000, Total sum= 1e+06
TH1.Print Name  = CCsum, Entries= 3518340, Total sum= 1.51906e+06
TH1.Print Name  = hit2, Entries= 167695, Total sum= 167478
TH1.Print Name  = hit3, Entries= 92286, Total sum= 91642
TH1.Print Name  = hit4, Entries= 51348, Total sum= 50079
TH1.Print Name  = CCsum_nodop, Entries= 3518340, Total sum= 1.51906e+06
TH1.Print Name  = CCadd, Entries= 1000000, Total sum= 736562
TH1.Print Name  = SEGadd_FPGA, Entries= 200000000, Total sum= 1.51839e+06
TH1.Print Name  = SEGadd_PSA, Entries= 200000000, Total sum= 1.51033e+06
TH1.Print Name  = SEGsum_FPGA, Entries= 2364392, Total sum= 2.36393e+06
TH1.Print Name  = SEGsum_PSA, Entries= 3518436, Total sum= 3.48907e+06
TH1.Print Name  = radius_all, Entries= 3518433, Total sum= 3.51843e+06
TH1.Print Name  = rate_mode2_min, Entries= 1519083, Total sum= 25318
TH1.Print Name  = rate_mode2_sec, Entries= 1519083, Total sum= 1.51908e+06
TH1.Print Name  = rate_mode2_intp, Entries= 1519083, Total sum= 58640.5
TH1.Print Name  = cdtbtev, Entries= 468000, Total sum= 468000
TH1.Print Name  = evsr_all, Entries= 3518433, Total sum= 3.43432e+06
TH1.Print Name  = SMAP_allhits, Entries= 3518436, Total sum= 3.51844e+06
TH1.Print Name  = SMAP_allhits_sq, Entries= 3518436, Total sum= 3.51844e+06
TH1.Print Name  = seghitpat, Entries= 3518436, Total sum= 3.51844e+06
TH1.Print Name  = CCe, Entries= 3518340, Total sum= 1.51906e+06
TH1.Print Name  = ggCC, Entries= 3170832, Total sum= 2.77443e+06
TH1.Print Name  = z_plot, Entries= 3518436, Total sum= 3.51524e+06
TH1.Print Name  = crystal_hit, Entries= 0, Total sum= 0
TH1.Print Name  = SegE, Entries= 3517729, Total sum= 3.51773e+06
TH1.Print Name  = crXcr, Entries= 1585416, Total sum= 1.58542e+06
******************************************************************************
*Tree    :tree      : tree                                                   *
*Entries :  1000000 : Total =       154726113 bytes  File  Size =   38930248 *
*        :          : Tree compression factor =   3.98                       *
******************************************************************************
*Br    0 :runNumber : runNumber/I                                            *
*Entries :  1000000 : Total  Size=    4009825 bytes  File Size  =      30051 *
*Baskets :       95 : Basket Size=    1327104 bytes  Compression= 133.35     *
*............................................................................*
*Br    1 :numHits   : numHits/I                                              *
*Entries :  1000000 : Total  Size=    4009627 bytes  File Size  =      29860 *
*Baskets :       95 : Basket Size=    1327104 bytes  Compression= 134.19     *
*............................................................................*
*Br    2 :left      : left[numHits]/F                                        *
*Entries :  1000000 : Total  Size=    8029450 bytes  File Size  =    2826455 *
*Baskets :      282 : Basket Size=    8638976 bytes  Compression=   2.84     *
*............................................................................*
*Br    3 :right     : right[numHits]/F                                       *
*Entries :  1000000 : Total  Size=    8029736 bytes  File Size  =    2803830 *
*Baskets :      282 : Basket Size=    8639488 bytes  Compression=   2.86     *
*............................................................................*
*Br    4 :up        : up[numHits]/F                                          *
*Entries :  1000000 : Total  Size=    8028878 bytes  File Size  =    2781260 *
*Baskets :      282 : Basket Size=    8638976 bytes  Compression=   2.88     *
*............................................................................*
*Br    5 :down      : down[numHits]/F                                        *
*Entries :  1000000 : Total  Size=    8029450 bytes  File Size  =    2807375 *
*Baskets :      282 : Basket Size=    8638976 bytes  Compression=   2.86     *
*............................................................................*
*Br    6 :e1        : e1[numHits]/F                                          *
*Entries :  1000000 : Total  Size=    8028878 bytes  File Size  =    2712910 *
*Baskets :      282 : Basket Size=    8638976 bytes  Compression=   2.96     *
*............................................................................*
*Br    7 :e2        : e2[numHits]/F                                          *
*Entries :  1000000 : Total  Size=    8028878 bytes  File Size  =    2671232 *
*Baskets :      282 : Basket Size=    8638976 bytes  Compression=   3.00     *
*............................................................................*
*Br    8 :e3        : e3[numHits]/F                                          *
*Entries :  1000000 : Total  Size=    8028878 bytes  File Size  =    2600457 *
*Baskets :      282 : Basket Size=    8638976 bytes  Compression=   3.08     *
*............................................................................*
*Br    9 :tac       : tac[numHits]/F                                         *
*Entries :  1000000 : Total  Size=    8029164 bytes  File Size  =    2405997 *
*Baskets :      282 : Basket Size=    8638976 bytes  Compression=   3.33     *
*............................................................................*
*Br   10 :fmaDeltaTime : fmaDeltaTime[numHits]/F                             *
*Entries :  1000000 : Total  Size=    8031849 bytes  File Size  =    2938133 *
*Baskets :      283 : Basket Size=    8640000 bytes  Compression=   2.73     *
*............................................................................*
*Br   11 :fmaMult   : fmaMult[10]/I                                          *
*Entries :  1000000 : Total  Size=   40092347 bytes  File Size  =    1030337 *
*Baskets :      939 : Basket Size=   25600000 bytes  Compression=  38.89     *
*............................................................................*
*Br   12 :gammaMult : gammaMult/I                                            *
*Entries :  1000000 : Total  Size=    4009825 bytes  File Size  =     711584 *
*Baskets :       95 : Basket Size=    1327104 bytes  Compression=   5.63     *
*............................................................................*
*Br   13 :gammaEnergy : gammaEnergy[gammaMult]/F                             *
*Entries :  1000000 : Total  Size=   10113186 bytes  File Size  =    7158765 *
*Baskets :      331 : Basket Size=    9328640 bytes  Compression=   1.41     *
*............................................................................*
*Br   14 :gammaTimestamp : gammaTimestamp[gammaMult]/F                       *
*Entries :  1000000 : Total  Size=   10114191 bytes  File Size  =    3247715 *
*Baskets :      331 : Basket Size=    9329152 bytes  Compression=   3.11     *
*............................................................................*
*Br   15 :deltaTime : deltaTime[gammaMult]/F                                 *
*Entries :  1000000 : Total  Size=   10112516 bytes  File Size  =    2133892 *
*Baskets :      331 : Basket Size=    9328640 bytes  Compression=   4.74     *
*............................................................................*
TH1.Print Name  = eCC_a, Entries= 0, Total sum= 0
TH1.Print Name  = eCC_b, Entries= 0, Total sum= 0
TH1.Print Name  = eCC_c, Entries= 0, Total sum= 0
TH1.Print Name  = eCC_d, Entries= 120557, Total sum= 0
TH1.Print Name  = eSeg, Entries= 0, Total sum= 0
TH1.Print Name  = mode3_hitpat, Entries= 4212572, Total sum= 0
TH1.Print Name  = mode3_hitpat_chan, Entries= 4212572, Total sum= 4.21257e+06
TH1.Print Name  = chan0, Entries= 0, Total sum= 0
TH1.Print Name  = module, Entries= 4212572, Total sum= 4.21257e+06
TH1.Print Name  = chan, Entries= 4212572, Total sum= 4.20978e+06
TH1.Print Name  = l, Entries= 421257, Total sum= 421203
TH1.Print Name  = r, Entries= 421256, Total sum= 421252
TH1.Print Name  = up, Entries= 421256, Total sum= 421256
TH1.Print Name  = down, Entries= 421258, Total sum= 421255
TH1.Print Name  = sumlr, Entries= 408554, Total sum= 408554
TH1.Print Name  = sumud, Entries= 392075, Total sum= 392075
TH1.Print Name  = x, Entries= 408554, Total sum= 408554
TH1.Print Name  = y, Entries= 392075, Total sum= 392075
TH1.Print Name  = de1, Entries= 421258, Total sum= 421216
TH1.Print Name  = de2, Entries= 421258, Total sum= 421258
TH1.Print Name  = de3, Entries= 421257, Total sum= 420524
TH1.Print Name  = de12, Entries= 362567, Total sum= 362567
TH1.Print Name  = etot, Entries= 362567, Total sum= 362567
TH1.Print Name  = rftof, Entries= 421256, Total sum= 419595
TH1.Print Name  = lr, Entries= 1000000, Total sum= 999943
TH1.Print Name  = ud, Entries= 1000000, Total sum= 999997
TH1.Print Name  = ede1, Entries= 362567, Total sum= 362567
TH1.Print Name  = ede1g, Entries= 68586, Total sum= 68576
TH1.Print Name  = ede2, Entries= 362567, Total sum= 362567
TH1.Print Name  = ede12, Entries= 362567, Total sum= 362567
TH1.Print Name  = xde1, Entries= 362567, Total sum= 362567
TH1.Print Name  = erftof, Entries= 1000000, Total sum= 998339
TH1.Print Name  = erftofg, Entries= 27616, Total sum= 27545
TH1.Print Name  = sumehi, Entries= 1519084, Total sum= 1.51908e+06
TH1.Print Name  = tgppac, Entries= 1519084, Total sum= 387164
TH1.Print Name  = tgppacg, Entries= 68586, Total sum= 68586
TH1.Print Name  = xehi1, Entries= 1519084, Total sum= 1.51908e+06
TH1.Print Name  = xehi1g, Entries= 68586, Total sum= 68584
TH1.Print Name  = de1ehi, Entries= 1519084, Total sum= 1.51904e+06
TH1.Print Name  = de1ehig, Entries= 68586, Total sum= 68574
TH1.Print Name  = ng, Entries= 1000000, Total sum= 1e+06
TH1.Print Name  = ehiz1, Entries= 0, Total sum= 0
TH1.Print Name  = ehiz2, Entries= 0, Total sum= 0
TH1.Print Name  = ehiz3, Entries= 0, Total sum= 0
TH1.Print Name  = ehiz4, Entries= 0, Total sum= 0
TH1.Print Name  = ehiz5, Entries= 0, Total sum= 0
TH1.Print Name  = gg_dt, Entries= 80596, Total sum= 80596
TH1.Print Name  = gg, Entries= 161192, Total sum= 158926
TH1.Print Name  = gg_z1, Entries= 0, Total sum= 0
TH1.Print Name  = gg_z2, Entries= 0, Total sum= 0
TH1.Print Name  = gg_z3, Entries= 0, Total sum= 0
TH1.Print Name  = gg_z4, Entries= 0, Total sum= 0
TH1.Print Name  = gg_z5, Entries= 0, Total sum= 0
Pars.f1->Close();
done saving rootfile "/lcrc/project/HELIOS/gretinafma/root_data/run288.root


read 1000000 events; Pars.beta=0.0330; time since last update 1 minutes
CommandFileName="GEBSort.command"

sorted timestamp range 1689864821-->11201274589: 9511409768
that is 95.1 seconds or 0h1m35s
^^^^^ any timestamp jumps will upset this accounting

hit statistics per type
 1 GEB_TYPE_DECOMP          1630779 ;  17145.50 Hz 
 8 GEB_TYPE_GT_MOD29         423752 ;   4455.20 Hz 
read a total of              2054531 ; header/payloads


nn1=0
nn2=2054532
nn3=2054532

nok_validate= 1000000, ntot_validate=1000000; validate fraction 100.00%

bytes read=974907600, 929.744339 MB

boniva sancta! ...GEBSort (unexpectedly) did not crash!

 ** GEBSort is done at 
