started GEBSort at we have 9 arguments
1... -input
will take input from disk
file size is 40888250244 bytes or 39929 MBytes

4... -rootfile
rootfile name specified on command line
__will store spectra in rootfile: /lcrc/project/HELIOS/gretinafma/root_data/run287.root
will recreate root file
7... -chat
core file size          (blocks, -c) unlimited
data seg size           (kbytes, -d) unlimited
scheduling priority             (-e) 0
file size               (blocks, -f) unlimited
pending signals                 (-i) 510315
max locked memory       (kbytes, -l) unlimited
max memory size         (kbytes, -m) 128769024
open files                      (-n) 51200
pipe size            (512 bytes, -p) 8
POSIX message queues     (bytes, -q) 819200
real-time priority              (-r) 0
stack size              (kbytes, -s) unlimited
cpu time               (seconds, -t) unlimited
max user processes              (-u) 4096
virtual memory          (kbytes, -v) unlimited
file locks                      (-x) unlimited
will read sorting instructions from chatfile: GEBSort.chat

executing UserDeclare.h code


GEBsort running on: 

initializing

crmat.LINUX is open (input) binary format
read 7936 bytes into Pars.crmat
chat file: <GEBSort.chat> open

will sort a max of 1410065408 events
will sort a max of 1000000 events
will sort 86400 minutes of data
will print details of the first 10 events
will use Pars.Beta (v/c) correction of 0.033000
will sort using a time window of 150
Pars.do_bin_mode2=1
Pars.do_bin_mode3=1
will accept second interaction range between 10.000000 and 500.000000 mm
"1-200"
detector   1 is ENABLED
detector   2 is ENABLED
detector   3 is ENABLED
detector   4 is ENABLED
detector   5 is ENABLED
detector   6 is ENABLED
detector   7 is ENABLED
detector   8 is ENABLED
detector   9 is ENABLED
detector  10 is ENABLED
detector  11 is ENABLED
detector  12 is ENABLED
detector  13 is ENABLED
detector  14 is ENABLED
detector  15 is ENABLED
detector  16 is ENABLED
detector  17 is ENABLED
detector  18 is ENABLED
detector  19 is ENABLED
detector  20 is ENABLED
detector  21 is ENABLED
detector  22 is ENABLED
detector  23 is ENABLED
detector  24 is ENABLED
detector  25 is ENABLED
detector  26 is ENABLED
detector  27 is ENABLED
detector  28 is ENABLED
detector  29 is ENABLED
detector  30 is ENABLED
detector  31 is ENABLED
detector  32 is ENABLED
detector  33 is ENABLED
detector  34 is ENABLED
detector  35 is ENABLED
detector  36 is ENABLED
detector  37 is ENABLED
detector  38 is ENABLED
detector  39 is ENABLED
detector  40 is ENABLED
detector  41 is ENABLED
detector  42 is ENABLED
detector  43 is ENABLED
detector  44 is ENABLED
detector  45 is ENABLED
detector  46 is ENABLED
detector  47 is ENABLED
detector  48 is ENABLED
detector  49 is ENABLED
detector  50 is ENABLED
detector  51 is ENABLED
detector  52 is ENABLED
detector  53 is ENABLED
detector  54 is ENABLED
detector  55 is ENABLED
detector  56 is ENABLED
detector  57 is ENABLED
detector  58 is ENABLED
detector  59 is ENABLED
detector  60 is ENABLED
detector  61 is ENABLED
detector  62 is ENABLED
detector  63 is ENABLED
detector  64 is ENABLED
detector  65 is ENABLED
detector  66 is ENABLED
detector  67 is ENABLED
detector  68 is ENABLED
detector  69 is ENABLED
detector  70 is ENABLED
detector  71 is ENABLED
detector  72 is ENABLED
detector  73 is ENABLED
detector  74 is ENABLED
detector  75 is ENABLED
detector  76 is ENABLED
detector  77 is ENABLED
detector  78 is ENABLED
detector  79 is ENABLED
detector  80 is ENABLED
detector  81 is ENABLED
detector  82 is ENABLED
detector  83 is ENABLED
detector  84 is ENABLED
detector  85 is ENABLED
detector  86 is ENABLED
detector  87 is ENABLED
detector  88 is ENABLED
detector  89 is ENABLED
detector  90 is ENABLED
detector  91 is ENABLED
detector  92 is ENABLED
detector  93 is ENABLED
detector  94 is ENABLED
detector  95 is ENABLED
detector  96 is ENABLED
detector  97 is ENABLED
detector  98 is ENABLED
detector  99 is ENABLED
detector 100 is ENABLED
detector 101 is ENABLED
detector 102 is ENABLED
detector 103 is ENABLED
detector 104 is ENABLED
detector 105 is ENABLED
detector 106 is ENABLED
detector 107 is ENABLED
detector 108 is ENABLED
detector 109 is ENABLED
detector 110 is ENABLED
detector 111 is ENABLED
detector 112 is ENABLED
detector 113 is ENABLED
detector 114 is ENABLED
detector 115 is ENABLED
detector 116 is ENABLED
detector 117 is ENABLED
detector 118 is ENABLED
detector 119 is ENABLED
detector 120 is ENABLED
detector 121 is ENABLED
detector 122 is ENABLED
detector 123 is ENABLED
detector 124 is ENABLED
detector 125 is ENABLED
detector 126 is ENABLED
detector 127 is ENABLED
detector 128 is ENABLED
detector 129 is ENABLED
detector 130 is ENABLED
detector 131 is ENABLED
detector 132 is ENABLED
detector 133 is ENABLED
detector 134 is ENABLED
detector 135 is ENABLED
detector 136 is ENABLED
detector 137 is ENABLED
detector 138 is ENABLED
detector 139 is ENABLED
detector 140 is ENABLED
detector 141 is ENABLED
detector 142 is ENABLED
detector 143 is ENABLED
detector 144 is ENABLED
detector 145 is ENABLED
detector 146 is ENABLED
detector 147 is ENABLED
detector 148 is ENABLED
detector 149 is ENABLED
detector 150 is ENABLED
detector 151 is ENABLED
detector 152 is ENABLED
detector 153 is ENABLED
detector 154 is ENABLED
detector 155 is ENABLED
detector 156 is ENABLED
detector 157 is ENABLED
detector 158 is ENABLED
detector 159 is ENABLED
detector 160 is ENABLED
detector 161 is ENABLED
detector 162 is ENABLED
detector 163 is ENABLED
detector 164 is ENABLED
detector 165 is ENABLED
detector 166 is ENABLED
detector 167 is ENABLED
detector 168 is ENABLED
detector 169 is ENABLED
detector 170 is ENABLED
detector 171 is ENABLED
detector 172 is ENABLED
detector 173 is ENABLED
detector 174 is ENABLED
detector 175 is ENABLED
detector 176 is ENABLED
detector 177 is ENABLED
detector 178 is ENABLED
detector 179 is ENABLED
detector 180 is ENABLED
detector 181 is ENABLED
detector 182 is ENABLED
detector 183 is ENABLED
detector 184 is ENABLED
detector 185 is ENABLED
detector 186 is ENABLED
detector 187 is ENABLED
detector 188 is ENABLED
detector 189 is ENABLED
detector 190 is ENABLED
detector 191 is ENABLED
detector 192 is ENABLED
detector 193 is ENABLED
detector 194 is ENABLED
detector 195 is ENABLED
detector 196 is ENABLED
detector 197 is ENABLED
detector 198 is ENABLED
detector 199 is ENABLED
WARNING: could not open CCcal file "CCenergy.cal", quit
will use beam direction 0.000000 0.000000 1.000000
vector length= 1.000000, normalizing
will use beam direction 0.000000 0.000000 1.000000
Pars.ndetlimlo=1,Pars.ndetlimhi=8
will require mult bt: 1 20
fomlimits, 1, 0.00 ..to.. 0.80
fomlimits, 2, 0.00 ..to.. 0.80
fomlimits, 3, 0.00 ..to.. 0.80
fomlimits, 4, 0.00 ..to.. 0.80
fomlimits, 5, 0.00 ..to.. 0.80
fomlimits, 6, 0.00 ..to.. 0.80
fomlimits, 7, 0.00 ..to.. 0.80
will use M= 350.000000 in bin_dgs
will use PZ file "dgs_pz.cal" in bin_dgs
will use ecal file "dgs_ehi.cal" in bin_dgs
will skip rest of chat file

chat file: <GEBSort.chat> closed
processed 39 sort instructions and 198 lines


sorting this:
Pars.do_bin_mode3 = 1
Pars.do_bin_mode2 = 1
Pars.do_bin_mode1 = 0
Pars.do_bin_dgs = 0
Pars.do_bin_dfma = 0
Pars.do_bin_gtcal = 0
Pars.do_bin_template = 0
Pars.do_bin_final = 0
Pars.do_bin_angcor = 0
Pars.do_bin_angdis = 0
checking proper input of chat file...
input file "/lcrc/project/HELIOS/gretinafma/merged_data/GEBMerged_run287.gtd_000" is open, inData=0x265c4a60
file size is -2061422716 bytes or -2013 MBs 
input source is set up, supposedly

xyz offset values:

executing ShareMemFileUserInit.h code

deleted \rm -f GEBSort.command
root file </lcrc/project/HELIOS/gretinafma/root_data/run287.root>
base=</lcrc/project/HELIOS/gretinafma/root_data/run287.root:/>
TFile: name=/lcrc/project/HELIOS/gretinafma/root_data/run287.root, title=, option=CREATE

executing UserInit.h code

Created Object "dtbtev", 0x2761a2e0
Created Object "T0", 0x2761a6f0
, "T0"Created Object "hitpat", 0x2761aae0
, "hitpat"Created Object "numHitArray2", 0x2761b530
, "numHitArray2"Created Object "CCmult", 0x2761bff0
, "CC Multiplicity"Created Object "CCsum", 0x278ed870
, "CCsum"Created Object "hit2", 0x278fd680
, "hit2"Created Object "hit3", 0x2790d490
, "hit3"Created Object "hit4", 0x2791d2a0
, "hit4"Created Object "CCsum_nodop", 0x2792d0b0
, "CCsum_nodop"Created Object "CCadd", 0x2793cec0
, "CCadd"Created Object "SEGadd_FPGA", 0x2794ccd0
Created Object "SEGadd_PSA", 0x2794d0e0
Created Object "SEGsum_FPGA", 0x2794d4f0
Created Object "SEGsum_PSA", 0x2794d900
Created Object "radius_all", 0x2794dd10
, "radius (all points)"Created Object "rate_mode2_min", 0x27956120
, "rate_mode2_min headers"Created Object "rate_mode2_sec", 0x27959230
, "rate_mode2_sec headers"Created Object "rate_mode2_intp", 0x2795c340
, "rate_mode2 interaction points"Created Object "cdtbtev", 0x2795f5f0
Created Object "evsr_all", 0x27a255d0
Created Object "SMAP_allhits", 0x27a25b10
Created Object "SMAP_allhits_sq", 0x27b254a0
Created Object "seghitpat", 0x27c24e30
Created Object "CCe", 0x27c2d230
Created Object "ggCC", 0x27c2d7e0
Created Object "z_plot", 0x27c2dd90
Created Object "crystal_hit", 0x27ce1460
Created Object "SegE", 0x27ce1a30
Created Object "crXcr", 0x27ce1f70
MAXDETPOS=180
Created Object "eCC_a", 0x27dcfab0
Created Object "eCC_b", 0x27dcfec0
Created Object "eCC_c", 0x27dd0330
Created Object "eCC_d", 0x27dd08e0
Created Object "eSeg", 0x27dd0e20
Created Object "mode3_hitpat", 0x27dd13d0
, "mode3_hitpat"Created Object "mode3_hitpat_chan", 0x27dd1d40
, "mode3_hitpat_chan"Created Object "chan0", 0x27dd2470
, "chan0"Created Object "module", 0x27de62a0
, "module"Created Object "chan", 0x27dfa0d0
Created Object "l", 0x27e6f9f0
, "l"Created Object "r", 0x27e83820
, "r"Created Object "up", 0x27e975e0
, "up"Created Object "down", 0x27eab3a0
, "down"Created Object "sumlr", 0x27ebf1d0
, "sumlr"Created Object "sumud", 0x27ed3000
, "sumud"Created Object "x", 0x27ee6e30
, "x"Created Object "y", 0x27efac60
, "y"Created Object "de1", 0x27f0ea90
, "de1"Created Object "de2", 0x27f22850
, "de2"Created Object "de3", 0x27f36610
, "de3"Created Object "de12", 0x27f4a440
, "de12"Created Object "etot", 0x27f5e270
, "etot"Created Object "rftof", 0x27f72030
, "rftof"Created Object "lr", 0x27f85df0
Created Object "ud", 0x27f86330
Created Object "ede1", 0x27f86870
Created Object "ede1g", 0x27f86db0
Created Object "ede2", 0x27f87360
Created Object "ede12", 0x27f87910
Created Object "xde1", 0x27f87ec0
Created Object "erftof", 0x27f88400
Created Object "erftofg", 0x27f88940
Created Object "sumehi", 0x27f88ef0
, "sumehi"Created Object "tgppac", 0x27f9ccb0
, "tgppac"Created Object "tgppacg", 0x27fc4360
, "tgppacg"Created Object "xehi1", 0x27feba10
Created Object "xehi1g", 0x27febf50
Created Object "de1ehi", 0x27fec500
Created Object "de1ehig", 0x27feca40
Created Object "ng", 0x27fecf80
, "ng"Created Object "ehiz1", 0x28000d40
, "ehiz1"Created Object "ehiz2", 0x28014b00
, "ehiz2"Created Object "ehiz3", 0x28028930
, "ehiz3"Created Object "ehiz4", 0x2803c760
, "ehiz4"Created Object "ehiz5", 0x28050590
, "ehiz5"Created Object "gg_dt", 0x28064350
, "gg_dt"Created Object "gg", 0x28068780
Created Object "gg_z1", 0x28068d30
Created Object "gg_z2", 0x280692e0
Created Object "gg_z3", 0x28069890
Created Object "gg_z4", 0x28069e40
Created Object "gg_z5", 0x2806a380
we have define the following ROOT spectra:
Collection name='THashList', class='THashList', size=84
 TH1.Print Name  = dtbtev, Entries= 0, Total sum= 0
 TH1.Print Name  = T0, Entries= 0, Total sum= 0
 TH1.Print Name  = hitpat, Entries= 0, Total sum= 0
 TH1.Print Name  = numHitArray2, Entries= 0, Total sum= 0
 TH1.Print Name  = CCmult, Entries= 0, Total sum= 0
 TH1.Print Name  = CCsum, Entries= 0, Total sum= 0
 TH1.Print Name  = hit2, Entries= 0, Total sum= 0
 TH1.Print Name  = hit3, Entries= 0, Total sum= 0
 TH1.Print Name  = hit4, Entries= 0, Total sum= 0
 TH1.Print Name  = CCsum_nodop, Entries= 0, Total sum= 0
 TH1.Print Name  = CCadd, Entries= 0, Total sum= 0
 TH1.Print Name  = SEGadd_FPGA, Entries= 0, Total sum= 0
 TH1.Print Name  = SEGadd_PSA, Entries= 0, Total sum= 0
 TH1.Print Name  = SEGsum_FPGA, Entries= 0, Total sum= 0
 TH1.Print Name  = SEGsum_PSA, Entries= 0, Total sum= 0
 TH1.Print Name  = radius_all, Entries= 0, Total sum= 0
 TH1.Print Name  = rate_mode2_min, Entries= 0, Total sum= 0
 TH1.Print Name  = rate_mode2_sec, Entries= 0, Total sum= 0
 TH1.Print Name  = rate_mode2_intp, Entries= 0, Total sum= 0
 TH1.Print Name  = cdtbtev, Entries= 0, Total sum= 0
 TH1.Print Name  = evsr_all, Entries= 0, Total sum= 0
 TH1.Print Name  = SMAP_allhits, Entries= 0, Total sum= 0
 TH1.Print Name  = SMAP_allhits_sq, Entries= 0, Total sum= 0
 TH1.Print Name  = seghitpat, Entries= 0, Total sum= 0
 TH1.Print Name  = CCe, Entries= 0, Total sum= 0
 TH1.Print Name  = ggCC, Entries= 0, Total sum= 0
 TH1.Print Name  = z_plot, Entries= 0, Total sum= 0
 TH1.Print Name  = crystal_hit, Entries= 0, Total sum= 0
 TH1.Print Name  = SegE, Entries= 0, Total sum= 0
 TH1.Print Name  = crXcr, Entries= 0, Total sum= 0
 ******************************************************************************
*Tree    :tree      : tree                                                   *
*Entries :        0 : Total =            8461 bytes  File  Size =          0 *
*        :          : Tree compression factor =   1.00                       *
******************************************************************************
*Br    0 :runNumber : runNumber/I                                            *
*Entries :        0 : Total  Size=        501 bytes  One basket in memory    *
*Baskets :        0 : Basket Size=      32000 bytes  Compression=   1.00     *
*............................................................................*
*Br    1 :numHits   : numHits/I                                              *
*Entries :        0 : Total  Size=        493 bytes  One basket in memory    *
*Baskets :        0 : Basket Size=      32000 bytes  Compression=   1.00     *
*............................................................................*
*Br    2 :left      : left[numHits]/F                                        *
*Entries :        0 : Total  Size=        580 bytes  One basket in memory    *
*Baskets :        0 : Basket Size=      32000 bytes  Compression=   1.00     *
*............................................................................*
*Br    3 :right     : right[numHits]/F                                       *
*Entries :        0 : Total  Size=        584 bytes  One basket in memory    *
*Baskets :        0 : Basket Size=      32000 bytes  Compression=   1.00     *
*............................................................................*
*Br    4 :up        : up[numHits]/F                                          *
*Entries :        0 : Total  Size=        572 bytes  One basket in memory    *
*Baskets :        0 : Basket Size=      32000 bytes  Compression=   1.00     *
*............................................................................*
*Br    5 :down      : down[numHits]/F                                        *
*Entries :        0 : Total  Size=        580 bytes  One basket in memory    *
*Baskets :        0 : Basket Size=      32000 bytes  Compression=   1.00     *
*............................................................................*
*Br    6 :e1        : e1[numHits]/F                                          *
*Entries :        0 : Total  Size=        572 bytes  One basket in memory    *
*Baskets :        0 : Basket Size=      32000 bytes  Compression=   1.00     *
*............................................................................*
*Br    7 :e2        : e2[numHits]/F                                          *
*Entries :        0 : Total  Size=        572 bytes  One basket in memory    *
*Baskets :        0 : Basket Size=      32000 bytes  Compression=   1.00     *
*............................................................................*
*Br    8 :e3        : e3[numHits]/F                                          *
*Entries :        0 : Total  Size=        572 bytes  One basket in memory    *
*Baskets :        0 : Basket Size=      32000 bytes  Compression=   1.00     *
*............................................................................*
*Br    9 :tac       : tac[numHits]/F                                         *
*Entries :        0 : Total  Size=        576 bytes  One basket in memory    *
*Baskets :        0 : Basket Size=      32000 bytes  Compression=   1.00     *
*............................................................................*
*Br   10 :fmaDeltaTime : fmaDeltaTime[numHits]/F                             *
*Entries :        0 : Total  Size=        612 bytes  One basket in memory    *
*Baskets :        0 : Basket Size=      32000 bytes  Compression=   1.00     *
*............................................................................*
*Br   11 :fmaMult   : fmaMult[10]/I                                          *
*Entries :        0 : Total  Size=        501 bytes  One basket in memory    *
*Baskets :        0 : Basket Size=      32000 bytes  Compression=   1.00     *
*............................................................................*
*Br   12 :gammaMult : gammaMult/I                                            *
*Entries :        0 : Total  Size=        501 bytes  One basket in memory    *
*Baskets :        0 : Basket Size=      32000 bytes  Compression=   1.00     *
*............................................................................*
*Br   13 :gammaEnergy : gammaEnergy[gammaMult]/F                             *
*Entries :        0 : Total  Size=        616 bytes  One basket in memory    *
*Baskets :        0 : Basket Size=      32000 bytes  Compression=   1.00     *
*............................................................................*
*Br   14 :gammaTimestamp : gammaTimestamp[gammaMult]/F                       *
*Entries :        0 : Total  Size=        628 bytes  One basket in memory    *
*Baskets :        0 : Basket Size=      32000 bytes  Compression=   1.00     *
*............................................................................*
*Br   15 :deltaTime : deltaTime[gammaMult]/F                                 *
*Entries :        0 : Total  Size=        608 bytes  One basket in memory    *
*Baskets :        0 : Basket Size=      32000 bytes  Compression=   1.00     *
*............................................................................*
 TH1.Print Name  = eCC_a, Entries= 0, Total sum= 0
 TH1.Print Name  = eCC_b, Entries= 0, Total sum= 0
 TH1.Print Name  = eCC_c, Entries= 0, Total sum= 0
 TH1.Print Name  = eCC_d, Entries= 0, Total sum= 0
 TH1.Print Name  = eSeg, Entries= 0, Total sum= 0
 TH1.Print Name  = mode3_hitpat, Entries= 0, Total sum= 0
 TH1.Print Name  = mode3_hitpat_chan, Entries= 0, Total sum= 0
 TH1.Print Name  = chan0, Entries= 0, Total sum= 0
 TH1.Print Name  = module, Entries= 0, Total sum= 0
 TH1.Print Name  = chan, Entries= 0, Total sum= 0
 TH1.Print Name  = l, Entries= 0, Total sum= 0
 TH1.Print Name  = r, Entries= 0, Total sum= 0
 TH1.Print Name  = up, Entries= 0, Total sum= 0
 TH1.Print Name  = down, Entries= 0, Total sum= 0
 TH1.Print Name  = sumlr, Entries= 0, Total sum= 0
 TH1.Print Name  = sumud, Entries= 0, Total sum= 0
 TH1.Print Name  = x, Entries= 0, Total sum= 0
 TH1.Print Name  = y, Entries= 0, Total sum= 0
 TH1.Print Name  = de1, Entries= 0, Total sum= 0
 TH1.Print Name  = de2, Entries= 0, Total sum= 0
 TH1.Print Name  = de3, Entries= 0, Total sum= 0
 TH1.Print Name  = de12, Entries= 0, Total sum= 0
 TH1.Print Name  = etot, Entries= 0, Total sum= 0
 TH1.Print Name  = rftof, Entries= 0, Total sum= 0
 TH1.Print Name  = lr, Entries= 0, Total sum= 0
 TH1.Print Name  = ud, Entries= 0, Total sum= 0
 TH1.Print Name  = ede1, Entries= 0, Total sum= 0
 TH1.Print Name  = ede1g, Entries= 0, Total sum= 0
 TH1.Print Name  = ede2, Entries= 0, Total sum= 0
 TH1.Print Name  = ede12, Entries= 0, Total sum= 0
 TH1.Print Name  = xde1, Entries= 0, Total sum= 0
 TH1.Print Name  = erftof, Entries= 0, Total sum= 0
 TH1.Print Name  = erftofg, Entries= 0, Total sum= 0
 TH1.Print Name  = sumehi, Entries= 0, Total sum= 0
 TH1.Print Name  = tgppac, Entries= 0, Total sum= 0
 TH1.Print Name  = tgppacg, Entries= 0, Total sum= 0
 TH1.Print Name  = xehi1, Entries= 0, Total sum= 0
 TH1.Print Name  = xehi1g, Entries= 0, Total sum= 0
 TH1.Print Name  = de1ehi, Entries= 0, Total sum= 0
 TH1.Print Name  = de1ehig, Entries= 0, Total sum= 0
 TH1.Print Name  = ng, Entries= 0, Total sum= 0
 TH1.Print Name  = ehiz1, Entries= 0, Total sum= 0
 TH1.Print Name  = ehiz2, Entries= 0, Total sum= 0
 TH1.Print Name  = ehiz3, Entries= 0, Total sum= 0
 TH1.Print Name  = ehiz4, Entries= 0, Total sum= 0
 TH1.Print Name  = ehiz5, Entries= 0, Total sum= 0
 TH1.Print Name  = gg_dt, Entries= 0, Total sum= 0
 TH1.Print Name  = gg, Entries= 0, Total sum= 0
 TH1.Print Name  = gg_z1, Entries= 0, Total sum= 0
 TH1.Print Name  = gg_z2, Entries= 0, Total sum= 0
 TH1.Print Name  = gg_z3, Entries= 0, Total sum= 0
 TH1.Print Name  = gg_z4, Entries= 0, Total sum= 0
 TH1.Print Name  = gg_z5, Entries= 0, Total sum= 0
GRETINA detector angles
mod  1, crystal 0 [  4]: ( 10.07   3.58  15.10) pol   35.30 ,  azi   13.35; pol   35.30 ,  azi   19.58; modCCdopfac[4] 1.0271
mod  1, crystal 1 [  5]: ( 10.11   9.19  12.47) pol   47.60 ,  azi   36.39; pol   47.60 ,  azi   42.30; modCCdopfac[5] 1.0222
mod  1, crystal 2 [  6]: (  5.44   7.69  15.92) pol   30.60 ,  azi   25.77; pol   30.60 ,  azi   54.72; modCCdopfac[6] 1.0287
mod  1, crystal 3 [  7]: (  4.99   1.78  17.72) pol   16.65 ,  azi    5.72; pol   16.65 ,  azi   19.58; modCCdopfac[7] 1.0321
mod  2, crystal 0 [  8]: ( -0.29  10.69  15.10) pol   35.30 ,  azi   35.29; pol   35.30 ,  azi   91.58; modCCdopfac[8] 1.0271
mod  2, crystal 1 [  9]: ( -5.62  12.45  12.47) pol   47.60 ,  azi   44.95; pol   47.60 ,  azi  114.30; modCCdopfac[9] 1.0222
mod  2, crystal 2 [ 10]: ( -5.63   7.55  15.92) pol   30.60 ,  azi   25.36; pol   30.60 ,  azi  126.72; modCCdopfac[10] 1.0287
mod  2, crystal 3 [ 11]: ( -0.15   5.30  17.72) pol   16.65 ,  azi   16.64; pol   16.65 ,  azi   91.58; modCCdopfac[11] 1.0321
mod  3, crystal 0 [ 12]: (-10.25   3.02  15.10) pol   35.30 ,  azi   11.32; pol   35.30 ,  azi  163.58; modCCdopfac[12] 1.0271
mod  3, crystal 1 [ 13]: (-13.58  -1.50  12.47) pol   47.60 ,  azi   -6.85; pol   47.60 ,  azi -173.70; modCCdopfac[13] 1.0222
mod  3, crystal 2 [ 14]: ( -8.92  -3.02  15.92) pol   30.60 ,  azi  -10.75; pol   30.60 ,  azi -161.28; modCCdopfac[14] 1.0287
mod  3, crystal 3 [ 15]: ( -5.08   1.50  17.72) pol   16.65 ,  azi    4.83; pol   16.65 ,  azi  163.58; modCCdopfac[15] 1.0321
mod  4, crystal 0 [ 16]: ( -6.04  -8.82  15.10) pol   35.30 ,  azi  -30.29; pol   35.30 ,  azi -124.42; modCCdopfac[16] 1.0271
mod  4, crystal 1 [ 17]: ( -2.77 -13.38  12.47) pol   47.60 ,  azi  -47.00; pol   47.60 ,  azi -101.70; modCCdopfac[17] 1.0222
mod  4, crystal 2 [ 18]: (  0.12  -9.42  15.92) pol   30.60 ,  azi  -30.60; pol   30.60 ,  azi  -89.28; modCCdopfac[18] 1.0287
mod  4, crystal 3 [ 19]: ( -3.00  -4.37  17.72) pol   16.65 ,  azi  -13.86; pol   16.65 ,  azi -124.42; modCCdopfac[19] 1.0321
mod  5, crystal 0 [ 20]: (  6.52  -8.47  15.10) pol   35.30 ,  azi  -29.30; pol   35.30 ,  azi  -52.42; modCCdopfac[20] 1.0271
mod  5, crystal 1 [ 21]: ( 11.87  -6.77  12.47) pol   47.60 ,  azi  -28.49; pol   47.60 ,  azi  -29.70; modCCdopfac[21] 1.0222
mod  5, crystal 2 [ 22]: (  8.99  -2.80  15.92) pol   30.60 ,  azi   -9.96; pol   30.60 ,  azi  -17.28; modCCdopfac[22] 1.0287
mod  5, crystal 3 [ 23]: (  3.23  -4.20  17.72) pol   16.65 ,  azi  -13.33; pol   16.65 ,  azi  -52.42; modCCdopfac[23] 1.0321
mod  6, crystal 0 [ 24]: (  4.54  16.51   7.02) pol   67.71 ,  azi   66.97; pol   67.71 ,  azi   74.63; modCCdopfac[24] 1.0121
mod  6, crystal 1 [ 25]: ( -0.33  15.15  10.61) pol   55.02 ,  azi   55.01; pol   55.02 ,  azi   91.23; modCCdopfac[25] 1.0187
mod  6, crystal 2 [ 26]: (  5.05  13.00  12.16) pol   48.92 ,  azi   46.92; pol   48.92 ,  azi   68.77; modCCdopfac[26] 1.0216
mod  6, crystal 3 [ 27]: (  9.66  13.57   8.06) pol   64.18 ,  azi   59.29; pol   64.18 ,  azi   54.55; modCCdopfac[27] 1.0140
mod  7, crystal 0 [ 28]: (-14.30   9.42   7.02) pol   67.71 ,  azi   53.31; pol   67.71 ,  azi  146.63; modCCdopfac[28] 1.0121
mod  7, crystal 1 [ 29]: (-14.51   4.37  10.61) pol   55.02 ,  azi   22.40; pol   55.02 ,  azi  163.23; modCCdopfac[29] 1.0187
mod  7, crystal 2 [ 30]: (-10.80   8.82  12.16) pol   48.92 ,  azi   35.96; pol   48.92 ,  azi  140.77; modCCdopfac[30] 1.0216
mod  7, crystal 3 [ 31]: ( -9.92  13.38   8.06) pol   64.18 ,  azi   58.94; pol   64.18 ,  azi  126.55; modCCdopfac[31] 1.0140
mod  8, crystal 0 [ 32]: (-13.37 -10.69   7.02) pol   67.71 ,  azi  -56.71; pol   67.71 ,  azi -141.37; modCCdopfac[32] 1.0121
mod  8, crystal 1 [ 33]: ( -8.64 -12.45  10.61) pol   55.02 ,  azi  -49.58; pol   55.02 ,  azi -124.77; modCCdopfac[33] 1.0187
mod  8, crystal 2 [ 34]: (-11.73  -7.55  12.16) pol   48.92 ,  azi  -31.84; pol   48.92 ,  azi -147.23; modCCdopfac[34] 1.0216
mod  8, crystal 3 [ 35]: (-15.79  -5.30   8.06) pol   64.18 ,  azi  -33.33; pol   64.18 ,  azi -161.45; modCCdopfac[35] 1.0140
mod  9, crystal 0 [ 36]: (  6.03 -16.02   7.02) pol   67.71 ,  azi  -66.35; pol   67.71 ,  azi  -69.37; modCCdopfac[36] 1.0121
mod  9, crystal 1 [ 37]: (  9.17 -12.07  10.61) pol   55.02 ,  azi  -48.69; pol   55.02 ,  azi  -52.77; modCCdopfac[37] 1.0187
mod  9, crystal 2 [ 38]: (  3.56 -13.48  12.16) pol   48.92 ,  azi  -47.96; pol   48.92 ,  azi  -75.23; modCCdopfac[38] 1.0216
mod  9, crystal 3 [ 39]: (  0.16 -16.65   8.06) pol   64.18 ,  azi  -64.18; pol   64.18 ,  azi  -89.45; modCCdopfac[39] 1.0140
mod 10, crystal 0 [ 40]: ( 17.10   0.79   7.02) pol   67.71 ,  azi    6.39; pol   67.71 ,  azi    2.63; modCCdopfac[40] 1.0121
mod 10, crystal 1 [ 41]: ( 14.31   4.99  10.61) pol   55.02 ,  azi   25.21; pol   55.02 ,  azi   19.23; modCCdopfac[41] 1.0187
mod 10, crystal 2 [ 42]: ( 13.92  -0.79  12.16) pol   48.92 ,  azi   -3.70; pol   48.92 ,  azi   -3.23; modCCdopfac[42] 1.0216
mod 10, crystal 3 [ 43]: ( 15.89  -4.99   8.06) pol   64.18 ,  azi  -31.79; pol   64.18 ,  azi  -17.45; modCCdopfac[43] 1.0140
mod 11, crystal 0 [ 44]: ( 18.26   2.80   0.92) pol   87.15 ,  azi   71.78; pol   87.15 ,  azi    8.71; modCCdopfac[44] 1.0011
mod 11, crystal 1 [ 45]: ( 17.30   4.20  -5.04) pol  105.79 ,  azi  140.16; pol  105.79 ,  azi   13.65; modCCdopfac[45] 0.9906
mod 11, crystal 2 [ 46]: ( 16.42   8.47  -0.92) pol   92.85 ,  azi   96.20; pol   92.85 ,  azi   27.29; modCCdopfac[46] 0.9978
mod 11, crystal 3 [ 47]: ( 16.46   6.77   5.04) pol   74.21 ,  azi   53.36; pol   74.21 ,  azi   22.35; modCCdopfac[47] 1.0085
mod 12, crystal 0 [ 48]: ( 12.46  13.48  -2.26) pol   97.01 ,  azi   99.50; pol   97.01 ,  azi   47.25; modCCdopfac[48] 0.9954
mod 12, crystal 1 [ 49]: (  7.28  16.65  -3.46) pol  100.78 ,  azi  101.74; pol  100.78 ,  azi   66.39; modCCdopfac[49] 0.9933
mod 12, crystal 2 [ 50]: (  8.97  16.02   2.26) pol   82.99 ,  azi   81.98; pol   82.99 ,  azi   60.75; modCCdopfac[50] 1.0035
mod 12, crystal 3 [ 51]: ( 13.59  12.07   3.46) pol   79.22 ,  azi   74.00; pol   79.22 ,  azi   41.61; modCCdopfac[51] 1.0057
mod 13, crystal 0 [ 52]: (  2.98  18.23   0.92) pol   87.15 ,  azi   87.11; pol   87.15 ,  azi   80.71; modCCdopfac[52] 1.0011
mod 13, crystal 1 [ 53]: (  1.35  17.75  -5.04) pol  105.79 ,  azi  105.84; pol  105.79 ,  azi   85.65; modCCdopfac[53] 0.9906
mod 13, crystal 2 [ 54]: ( -2.98  18.23  -0.92) pol   92.85 ,  azi   92.89; pol   92.85 ,  azi   99.29; modCCdopfac[54] 0.9978
mod 13, crystal 3 [ 55]: ( -1.35  17.75   5.04) pol   74.21 ,  azi   74.16; pol   74.21 ,  azi   94.35; modCCdopfac[55] 1.0085
mod 14, crystal 0 [ 56]: ( -8.97  16.02  -2.26) pol   97.01 ,  azi   98.02; pol   97.01 ,  azi  119.25; modCCdopfac[56] 0.9954
mod 14, crystal 1 [ 57]: (-13.59  12.07  -3.46) pol  100.78 ,  azi  106.00; pol  100.78 ,  azi  138.39; modCCdopfac[57] 0.9933
mod 14, crystal 2 [ 58]: (-12.46  13.48   2.26) pol   82.99 ,  azi   80.50; pol   82.99 ,  azi  132.75; modCCdopfac[58] 1.0035
mod 14, crystal 3 [ 59]: ( -7.28  16.65   3.46) pol   79.22 ,  azi   78.26; pol   79.22 ,  azi  113.61; modCCdopfac[59] 1.0057
mod 15, crystal 0 [ 60]: (-16.42   8.47   0.92) pol   87.15 ,  azi   83.80; pol   87.15 ,  azi  152.71; modCCdopfac[60] 1.0011
mod 15, crystal 1 [ 61]: (-16.46   6.77  -5.04) pol  105.79 ,  azi  126.64; pol  105.79 ,  azi  157.65; modCCdopfac[61] 0.9906
mod 15, crystal 2 [ 62]: (-18.26   2.80  -0.92) pol   92.85 ,  azi  108.22; pol   92.85 ,  azi  171.29; modCCdopfac[62] 0.9978
mod 15, crystal 3 [ 63]: (-17.30   4.20   5.04) pol   74.21 ,  azi   39.84; pol   74.21 ,  azi  166.35; modCCdopfac[63] 1.0085
mod 16, crystal 0 [ 64]: (-18.01  -3.58  -2.26) pol   97.01 ,  azi -122.21; pol   97.01 ,  azi -168.75; modCCdopfac[64] 0.9954
mod 16, crystal 1 [ 65]: (-15.68  -9.19  -3.46) pol  100.78 ,  azi -110.62; pol  100.78 ,  azi -149.61; modCCdopfac[65] 0.9933
mod 16, crystal 2 [ 66]: (-16.68  -7.69   2.26) pol   82.99 ,  azi  -73.64; pol   82.99 ,  azi -155.25; modCCdopfac[66] 1.0035
mod 16, crystal 3 [ 67]: (-18.09  -1.78   3.46) pol   79.22 ,  azi  -27.18; pol   79.22 ,  azi -174.39; modCCdopfac[67] 1.0057
mod 17, crystal 0 [ 68]: (-13.13 -13.00   0.92) pol   87.15 ,  azi  -85.95; pol   87.15 ,  azi -135.29; modCCdopfac[68] 1.0011
mod 17, crystal 1 [ 69]: (-11.53 -13.57  -5.04) pol  105.79 ,  azi -110.36; pol  105.79 ,  azi -130.35; modCCdopfac[69] 0.9906
mod 17, crystal 2 [ 70]: ( -8.30 -16.51  -0.92) pol   92.85 ,  azi  -93.19; pol   92.85 ,  azi -116.71; modCCdopfac[70] 0.9978
mod 17, crystal 3 [ 71]: ( -9.34 -15.15   5.04) pol   74.21 ,  azi  -71.62; pol   74.21 ,  azi -121.65; modCCdopfac[71] 1.0085
mod 18, crystal 0 [ 72]: ( -2.16 -18.23  -2.26) pol   97.01 ,  azi  -97.05; pol   97.01 ,  azi  -96.75; modCCdopfac[72] 0.9954
mod 18, crystal 1 [ 73]: (  3.90 -17.75  -3.46) pol  100.78 ,  azi -101.03; pol  100.78 ,  azi  -77.61; modCCdopfac[73] 0.9933
mod 18, crystal 2 [ 74]: (  2.16 -18.23   2.26) pol   82.99 ,  azi  -82.95; pol   82.99 ,  azi  -83.25; modCCdopfac[74] 1.0035
mod 18, crystal 3 [ 75]: ( -3.90 -17.75   3.46) pol   79.22 ,  azi  -78.97; pol   79.22 ,  azi -102.39; modCCdopfac[75] 1.0057
mod 19, crystal 0 [ 76]: (  8.30 -16.51   0.92) pol   87.15 ,  azi  -86.81; pol   87.15 ,  azi  -63.29; modCCdopfac[76] 1.0011
mod 19, crystal 1 [ 77]: (  9.34 -15.15  -5.04) pol  105.79 ,  azi -108.38; pol  105.79 ,  azi  -58.35; modCCdopfac[77] 0.9906
mod 19, crystal 2 [ 78]: ( 13.13 -13.00  -0.92) pol   92.85 ,  azi  -94.05; pol   92.85 ,  azi  -44.71; modCCdopfac[78] 0.9978
mod 19, crystal 3 [ 79]: ( 11.53 -13.57   5.04) pol   74.21 ,  azi  -69.64; pol   74.21 ,  azi  -49.65; modCCdopfac[79] 1.0085
mod 20, crystal 0 [ 80]: ( 16.68  -7.69  -2.26) pol   97.01 ,  azi -106.36; pol   97.01 ,  azi  -24.75; modCCdopfac[80] 0.9954
mod 20, crystal 1 [ 81]: ( 18.09  -1.78  -3.46) pol  100.78 ,  azi -152.82; pol  100.78 ,  azi   -5.61; modCCdopfac[81] 0.9933
mod 20, crystal 2 [ 82]: ( 18.01  -3.58   2.26) pol   82.99 ,  azi  -57.79; pol   82.99 ,  azi  -11.25; modCCdopfac[82] 1.0035
mod 20, crystal 3 [ 83]: ( 15.68  -9.19   3.46) pol   79.22 ,  azi  -69.38; pol   79.22 ,  azi  -30.39; modCCdopfac[83] 1.0057
mod 21, crystal 0 [ 84]: ( 14.30   9.42  -7.02) pol  112.29 ,  azi  126.69; pol  112.29 ,  azi   33.37; modCCdopfac[84] 0.9871
mod 21, crystal 1 [ 85]: ( 14.51   4.37 -10.61) pol  124.98 ,  azi  157.60; pol  124.98 ,  azi   16.77; modCCdopfac[85] 0.9809
mod 21, crystal 2 [ 86]: ( 10.80   8.82 -12.16) pol  131.08 ,  azi  144.04; pol  131.08 ,  azi   39.23; modCCdopfac[86] 0.9782
mod 21, crystal 3 [ 87]: (  9.92  13.38  -8.06) pol  115.82 ,  azi  121.06; pol  115.82 ,  azi   53.45; modCCdopfac[87] 0.9853
mod 22, crystal 0 [ 88]: ( -4.54  16.51  -7.02) pol  112.29 ,  azi  113.03; pol  112.29 ,  azi  105.37; modCCdopfac[88] 0.9871
mod 22, crystal 1 [ 89]: (  0.33  15.15 -10.61) pol  124.98 ,  azi  124.99; pol  124.98 ,  azi   88.77; modCCdopfac[89] 0.9809
mod 22, crystal 2 [ 90]: ( -5.05  13.00 -12.16) pol  131.08 ,  azi  133.08; pol  131.08 ,  azi  111.23; modCCdopfac[90] 0.9782
mod 22, crystal 3 [ 91]: ( -9.66  13.57  -8.06) pol  115.82 ,  azi  120.71; pol  115.82 ,  azi  125.45; modCCdopfac[91] 0.9853
mod 23, crystal 0 [ 92]: (-17.10   0.79  -7.02) pol  112.29 ,  azi  173.61; pol  112.29 ,  azi  177.37; modCCdopfac[92] 0.9871
mod 23, crystal 1 [ 93]: (-14.31   4.99 -10.61) pol  124.98 ,  azi  154.79; pol  124.98 ,  azi  160.77; modCCdopfac[93] 0.9809
mod 23, crystal 2 [ 94]: (-13.92  -0.79 -12.16) pol  131.08 ,  azi -176.30; pol  131.08 ,  azi -176.77; modCCdopfac[94] 0.9782
mod 23, crystal 3 [ 95]: (-15.89  -4.99  -8.06) pol  115.82 ,  azi -148.21; pol  115.82 ,  azi -162.55; modCCdopfac[95] 0.9853
mod 24, crystal 0 [ 96]: ( -6.03 -16.02  -7.02) pol  112.29 ,  azi -113.65; pol  112.29 ,  azi -110.63; modCCdopfac[96] 0.9871
mod 24, crystal 1 [ 97]: ( -9.17 -12.07 -10.61) pol  124.98 ,  azi -131.31; pol  124.98 ,  azi -127.23; modCCdopfac[97] 0.9809
mod 24, crystal 2 [ 98]: ( -3.56 -13.48 -12.16) pol  131.08 ,  azi -132.04; pol  131.08 ,  azi -104.77; modCCdopfac[98] 0.9782
mod 24, crystal 3 [ 99]: ( -0.16 -16.65  -8.06) pol  115.82 ,  azi -115.82; pol  115.82 ,  azi  -90.55; modCCdopfac[99] 0.9853
mod 25, crystal 0 [100]: ( 13.37 -10.69  -7.02) pol  112.29 ,  azi -123.29; pol  112.29 ,  azi  -38.63; modCCdopfac[100] 0.9871
mod 25, crystal 1 [101]: (  8.64 -12.45 -10.61) pol  124.98 ,  azi -130.42; pol  124.98 ,  azi  -55.23; modCCdopfac[101] 0.9809
mod 25, crystal 2 [102]: ( 11.73  -7.55 -12.16) pol  131.08 ,  azi -148.16; pol  131.08 ,  azi  -32.77; modCCdopfac[102] 0.9782
mod 25, crystal 3 [103]: ( 15.79  -5.30  -8.06) pol  115.82 ,  azi -146.67; pol  115.82 ,  azi  -18.55; modCCdopfac[103] 0.9853
mod 26, crystal 0 [104]: (  0.29  10.69 -15.10) pol  144.70 ,  azi  144.71; pol  144.70 ,  azi   88.42; modCCdopfac[104] 0.9732
mod 26, crystal 1 [105]: (  5.62  12.45 -12.47) pol  132.40 ,  azi  135.05; pol  132.40 ,  azi   65.70; modCCdopfac[105] 0.9777
mod 26, crystal 2 [106]: (  5.63   7.55 -15.92) pol  149.40 ,  azi  154.64; pol  149.40 ,  azi   53.28; modCCdopfac[106] 0.9718
mod 26, crystal 3 [107]: (  0.15   5.30 -17.72) pol  163.35 ,  azi  163.36; pol  163.35 ,  azi   88.42; modCCdopfac[107] 0.9688
mod 27, crystal 0 [108]: (-10.07   3.58 -15.10) pol  144.70 ,  azi  166.65; pol  144.70 ,  azi  160.42; modCCdopfac[108] 0.9732
mod 27, crystal 1 [109]: (-10.11   9.19 -12.47) pol  132.40 ,  azi  143.61; pol  132.40 ,  azi  137.70; modCCdopfac[109] 0.9777
mod 27, crystal 2 [110]: ( -5.44   7.69 -15.92) pol  149.40 ,  azi  154.23; pol  149.40 ,  azi  125.28; modCCdopfac[110] 0.9718
mod 27, crystal 3 [111]: ( -4.99   1.78 -17.72) pol  163.35 ,  azi  174.28; pol  163.35 ,  azi  160.42; modCCdopfac[111] 0.9688
mod 28, crystal 0 [112]: ( -6.52  -8.47 -15.10) pol  144.70 ,  azi -150.70; pol  144.70 ,  azi -127.58; modCCdopfac[112] 0.9732
mod 28, crystal 1 [113]: (-11.87  -6.77 -12.47) pol  132.40 ,  azi -151.51; pol  132.40 ,  azi -150.30; modCCdopfac[113] 0.9777
mod 28, crystal 2 [114]: ( -8.99  -2.80 -15.92) pol  149.40 ,  azi -170.04; pol  149.40 ,  azi -162.72; modCCdopfac[114] 0.9718
mod 28, crystal 3 [115]: ( -3.23  -4.20 -17.72) pol  163.35 ,  azi -166.67; pol  163.35 ,  azi -127.58; modCCdopfac[115] 0.9688
mod 29, crystal 0 [116]: (  6.04  -8.82 -15.10) pol  144.70 ,  azi -149.71; pol  144.70 ,  azi  -55.58; modCCdopfac[116] 0.9732
mod 29, crystal 1 [117]: (  2.77 -13.38 -12.47) pol  132.40 ,  azi -133.00; pol  132.40 ,  azi  -78.30; modCCdopfac[117] 0.9777
mod 29, crystal 2 [118]: ( -0.12  -9.42 -15.92) pol  149.40 ,  azi -149.40; pol  149.40 ,  azi  -90.72; modCCdopfac[118] 0.9718
mod 29, crystal 3 [119]: (  3.00  -4.37 -17.72) pol  163.35 ,  azi -166.14; pol  163.35 ,  azi  -55.58; modCCdopfac[119] 0.9688
mod 30, crystal 0 [120]: ( 10.25   3.02 -15.10) pol  144.70 ,  azi  168.68; pol  144.70 ,  azi   16.42; modCCdopfac[120] 0.9732
mod 30, crystal 1 [121]: ( 13.58  -1.50 -12.47) pol  132.40 ,  azi -173.15; pol  132.40 ,  azi   -6.30; modCCdopfac[121] 0.9777
mod 30, crystal 2 [122]: (  8.92  -3.02 -15.92) pol  149.40 ,  azi -169.25; pol  149.40 ,  azi  -18.72; modCCdopfac[122] 0.9718
mod 30, crystal 3 [123]: (  5.08   1.50 -17.72) pol  163.35 ,  azi  175.17; pol  163.35 ,  azi   16.42; modCCdopfac[123] 0.9688
setup signal catcher
started sorting... from disk...

Pars.maxTS=4611686018427387904
got initial header, TS=2306690595423 ID: 1 length: 464
read initial payload of siz=464 into event position 1
__ptgd[0]->type= 0; ptgd[0]->length=   0; ptgd[0]->timestamp=0
initial ii=1, nn=1
ev#     0 GEB_TYPE_DECOMP        464Bytes TS=2306690606009 curTS=2306690595423 dTS= 10586
t0=2306690595423
first event: GEB_event.mult=1
   0/ 0: ( 1,GEB_TYPE_DECOMP      ) TS=       2306690595423; dT=0
maxTS=10946690595423
that is 86400.0 seconds or 24h0m0s minutes of sorting
GEBGetEv returned st=0
we have read 960 bytes; CurEvNo=1

+++++++++++++++++++++++++++++++
*start event # 1 with multiplicity 1 looks like this:
 0>  1, GEB_TYPE_DECOMP      , TS=2306690595423
entered bin_mode2: 1/10
ptinp->pad= 6, (ptinp->pad&0x000000ff)= 6
updated CCadd with    0.00
total number of hits in array: 0
exit bin_mode2
entered bin_mode3 @ event number: 1 
exit bin_mode3
*end of event # 1
+++++++++++++++++++++++++++++++
ev#     1 GEB_TYPE_DECOMP        464Bytes TS=2306690874763 curTS=2306690606009 dTS= 268754
GEBGetEv returned st=0
we have read 1440 bytes; CurEvNo=2

+++++++++++++++++++++++++++++++
*start event # 2 with multiplicity 1 looks like this:
 0>  1, GEB_TYPE_DECOMP      , TS=2306690606009
entered bin_mode2: 2/10
ptinp->pad= 6, (ptinp->pad&0x000000ff)= 6
updated CCadd with    0.00
total number of hits in array: 0
exit bin_mode2
entered bin_mode3 @ event number: 2 
exit bin_mode3
*end of event # 2
+++++++++++++++++++++++++++++++
ev#     2 GEB_TYPE_DECOMP        464Bytes TS=2306690918847 curTS=2306690874763 dTS= 44084
GEBGetEv returned st=0
we have read 1920 bytes; CurEvNo=3

+++++++++++++++++++++++++++++++
*start event # 3 with multiplicity 1 looks like this:
 0>  1, GEB_TYPE_DECOMP      , TS=2306690874763
entered bin_mode2: 3/10
ptinp->pad= 0, (ptinp->pad&0x000000ff)= 0
good pad value
mode2 data:  0>  1, GEB_TYPE_DECOMP      , TS=2306690874763
number of hits: 4
* 0/1, is GEB_TYPE_DECOMP: num=4
__detno: 99, module: 24, crystalNumber: 3
CCenergies[0]= 498.91
* 0:    4.11,  18.02,  58.82 --> GT:    0.19, -21.16, -12.24
* 1:    2.04,   5.64,  60.86 --> GT:   -0.16, -21.87, -11.25
* 2:   -3.54,   5.86,  47.67 --> GT:    0.37, -20.78, -10.47
* 3:    8.10,  22.58,  54.73 --> GT:    0.03, -20.54, -12.59
updated CCadd with  498.91
total number of hits in array: 4
exit bin_mode2
entered bin_mode3 @ event number: 3 
exit bin_mode3
*end of event # 3
+++++++++++++++++++++++++++++++
ev#     3 GEB_TYPE_DECOMP        464Bytes TS=2306690919809 curTS=2306690918847 dTS= 962
GEBGetEv returned st=0
we have read 2400 bytes; CurEvNo=4

+++++++++++++++++++++++++++++++
*start event # 4 with multiplicity 1 looks like this:
 0>  1, GEB_TYPE_DECOMP      , TS=2306690918847
entered bin_mode2: 4/10
ptinp->pad= 0, (ptinp->pad&0x000000ff)= 0
good pad value
mode2 data:  0>  1, GEB_TYPE_DECOMP      , TS=2306690918847
number of hits: 3
* 0/1, is GEB_TYPE_DECOMP: num=3
__detno: 100, module: 25, crystalNumber: 0
CCenergies[0]=1049.63
* 0:    7.59,  16.22,  60.51 --> GT:   18.73, -12.73,  -9.65
* 1:    5.49,   9.31,  79.65 --> GT:   19.68, -14.40, -10.33
* 2:   -0.88,  23.76,  83.07 --> GT:   21.00, -13.85,  -9.58
updated CCadd with 1049.63
total number of hits in array: 3
exit bin_mode2
entered bin_mode3 @ event number: 4 
exit bin_mode3
*end of event # 4
+++++++++++++++++++++++++++++++
ev#     4 GEB_TYPE_DECOMP        464Bytes TS=2306690919811 curTS=2306690919809 dTS= 2
ev#     4 GEB_TYPE_DECOMP        464Bytes TS=2306690919815 curTS=2306690919809 dTS= 6
ev#     4 GEB_TYPE_DECOMP        464Bytes TS=2306690952989 curTS=2306690919809 dTS= 33180
GEBGetEv returned st=0
we have read 3840 bytes; CurEvNo=5

+++++++++++++++++++++++++++++++
*start event # 5 with multiplicity 3 looks like this:
 0>  1, GEB_TYPE_DECOMP      , TS=2306690919809
 1>  1, GEB_TYPE_DECOMP      , TS=2306690919811
 2>  1, GEB_TYPE_DECOMP      , TS=2306690919815
entered bin_mode2: 5/10
ptinp->pad= 0, (ptinp->pad&0x000000ff)= 0
good pad value
mode2 data:  0>  1, GEB_TYPE_DECOMP      , TS=2306690919809
number of hits: 4
* 0/3, is GEB_TYPE_DECOMP: num=4
__detno: 78, module: 19, crystalNumber: 2
CCenergies[0]=2789.91
* 0:    3.87, -11.51,  29.74 --> GT:   15.26, -15.16,   0.14
* 1:    0.54,  -7.41,  31.41 --> GT:   15.50, -15.11,  -0.35
* 2:  -31.60,  10.03,  52.60 --> GT:   18.72, -14.69,  -3.06
* 3:    6.20, -15.74,  17.97 --> GT:   14.37, -14.42,   0.67
ptinp->pad= 6, (ptinp->pad&0x000000ff)= 6
ptinp->pad= 0, (ptinp->pad&0x000000ff)= 0
good pad value
mode2 data:  2>  1, GEB_TYPE_DECOMP      , TS=2306690919815
number of hits: 3
* 2/3, is GEB_TYPE_DECOMP: num=3
__detno: 99, module: 24, crystalNumber: 3
CCenergies[1]= 281.11
* 0:   -2.17, -21.86,  51.59 --> GT:   -0.95, -22.19,  -8.44
* 1:   -0.26,  -6.53,  57.02 --> GT:   -0.47, -22.04, -10.00
* 2:   16.58, -29.89,  56.11 --> GT:   -2.99, -22.55,  -8.70
updated CCadd with 3071.02
total number of hits in array: 7
exit bin_mode2
entered bin_mode3 @ event number: 5 
exit bin_mode3
*end of event # 5
+++++++++++++++++++++++++++++++
ev#     5 GEB_TYPE_GT_MOD29      352Bytes TS=2306690953259 curTS=2306690952989 dTS= 270
GEBGetEv returned st=0
we have read 4208 bytes; CurEvNo=6

+++++++++++++++++++++++++++++++
*start event # 6 with multiplicity 1 looks like this:
 0>  1, GEB_TYPE_DECOMP      , TS=2306690952989
entered bin_mode2: 6/10
ptinp->pad= 0, (ptinp->pad&0x000000ff)= 0
good pad value
mode2 data:  0>  1, GEB_TYPE_DECOMP      , TS=2306690952989
number of hits: 2
* 0/1, is GEB_TYPE_DECOMP: num=2
__detno: 78, module: 19, crystalNumber: 2
CCenergies[0]= 154.70
* 0:    0.13,  31.65,   0.18 --> GT:   12.38, -13.57,  -3.94
* 1:   -3.76,  26.99,   1.39 --> GT:   12.84, -13.30,  -3.62
updated CCadd with  154.70
total number of hits in array: 2
exit bin_mode2
entered bin_mode3 @ event number: 6 
exit bin_mode3
*end of event # 6
+++++++++++++++++++++++++++++++
ev#     6 GEB_TYPE_GT_MOD29      440Bytes TS=2306690968231 curTS=2306690953259 dTS= 14972
GEBGetEv returned st=0
we have read 4664 bytes; CurEvNo=7

+++++++++++++++++++++++++++++++
*start event # 7 with multiplicity 1 looks like this:
 0>  8, GEB_TYPE_GT_MOD29    , TS=2306690953259
entered bin_mode2: 7/10
updated CCadd with    0.00
total number of hits in array: 0
exit bin_mode2
entered bin_mode3 @ event number: 7 

bin_mode3:  0>  8, GEB_TYPE_GT_MOD29    , TS=2306690953259, 0x219117eb02b; payload length: 352 bytes

---------
new GTheader at pos=0 or 0 words (8):
Event.hdr[ 0]=0x1f31,   7985
Event.hdr[ 1]=0x300a,  12298
Event.hdr[ 2]=0xb02b,  45099
Event.hdr[ 3]=0x117e,   4478
Event.hdr[ 4]=0x0219,    537
Event.hdr[ 5]=0x22aa,   8874
Event.hdr[ 6]=0x4e09,  19977
Event.hdr[ 7]=0x0000,      0
Event.hdr[ 8]=0x6e35,  28213
Event.hdr[ 9]=0x218d,   8589
Event.hdr[10]=0xbc09,  48137
Event.hdr[11]=0x13f9,   5113
Event.hdr[12]=0xef68,  61288
Event.hdr[13]=0x0020,     32
Event.len=  44, Event.traceLen=  12 (in Bytes)
Event.len=  22, Event.traceLen=   6 (in 16 bit words)
Event.len=  11, Event.traceLen=   3 (in 32 bit words)
next start: 0xaaaaaaaa, pos= 44
0x1f31 module_id = 31 crystal_id = 0 digitizer_id = 3 chan_id = 1 ge_id = 124 channel = 31  -> is segment
open superpulse_007_00_01.xy at Event.chan_id = 1
open CCpulse_007_00_01.xy at Event.chan_id = 1
ncrystal=1
wrote trace to CCpulse_007_00_01.xy
two's comp tempE  ::     598698     598698 0x000922aa |0000|0000|0000|1001|0010|0010|1010|1010|
rawE              ::     598698     598698 0x000922aa |0000|0000|0000|1001|0010|0010|1010|1010|
rawE (sign change)::     598698     598698 0x000922aa |0000|0000|0000|1001|0010|0010|1010|1010|
Event.ehi=           18709 0x00004915
Event.ehi=1870 (gain changed)
Event.LEDts =        2306690953259
Event.CFDts =      269131052810252

---------
new GTheader at pos=44 or 22 words (30):
Event.hdr[ 0]=0x1f32,   7986
Event.hdr[ 1]=0x300a,  12298
Event.hdr[ 2]=0xb02b,  45099
Event.hdr[ 3]=0x117e,   4478
Event.hdr[ 4]=0x0219,    537
Event.hdr[ 5]=0x08e6,   2278
Event.hdr[ 6]=0x0e00,   3584
Event.hdr[ 7]=0x0000,      0
Event.hdr[ 8]=0x6e35,  28213
Event.hdr[ 9]=0xde85,  56965
Event.hdr[10]=0x6fff,  28671
Event.hdr[11]=0xffdf,  65503
Event.hdr[12]=0xb47b,  46203
Event.hdr[13]=0x07ff,   2047
Event.len=  44, Event.traceLen=  12 (in Bytes)
Event.len=  22, Event.traceLen=   6 (in 16 bit words)
Event.len=  11, Event.traceLen=   3 (in 32 bit words)
next start: 0xaaaaaaaa, pos= 88
0x1f32 module_id = 31 crystal_id = 0 digitizer_id = 3 chan_id = 2 ge_id = 124 channel = 32  -> is segment
ncrystal=1
wrote trace to CCpulse_007_00_01.xy
two's comp tempE  ::       2278       2278 0x000008e6 |0000|0000|0000|0000|0000|1000|1110|0110|
rawE              ::       2278       2278 0x000008e6 |0000|0000|0000|0000|0000|1000|1110|0110|
rawE (sign change)::       2278       2278 0x000008e6 |0000|0000|0000|0000|0000|1000|1110|0110|
Event.ehi=              71 0x00000047
Event.ehi=7 (gain changed)
Event.LEDts =        2306690953259
Event.CFDts =      281414846447628

---------
new GTheader at pos=88 or 44 words (52):
Event.hdr[ 0]=0x1f33,   7987
Event.hdr[ 1]=0x300a,  12298
Event.hdr[ 2]=0xb02b,  45099
Event.hdr[ 3]=0x117e,   4478
Event.hdr[ 4]=0x0219,    537
Event.hdr[ 5]=0x1f1b,   7963
Event.hdr[ 6]=0x4e0e,  19982
Event.hdr[ 7]=0x0000,      0
Event.hdr[ 8]=0x6e35,  28213
Event.hdr[ 9]=0x1eb8,   7864
Event.hdr[10]=0x500e,  20494
Event.hdr[11]=0x15df,   5599
Event.hdr[12]=0xb820,  47136
Event.hdr[13]=0x002e,     46
Event.len=  44, Event.traceLen=  12 (in Bytes)
Event.len=  22, Event.traceLen=   6 (in 16 bit words)
Event.len=  11, Event.traceLen=   3 (in 32 bit words)
next start: 0xaaaaaaaa, pos= 132
0x1f33 module_id = 31 crystal_id = 0 digitizer_id = 3 chan_id = 3 ge_id = 124 channel = 33  -> is segment
ncrystal=1
wrote trace to CCpulse_007_00_01.xy
two's comp tempE  ::     925467     925467 0x000e1f1b |0000|0000|0000|1110|0001|1111|0001|1011|
rawE              ::     925467     925467 0x000e1f1b |0000|0000|0000|1110|0001|1111|0001|1011|
rawE (sign change)::     925467     925467 0x000e1f1b |0000|0000|0000|1110|0001|1111|0001|1011|
Event.ehi=           28920 0x000070f8
Event.ehi=2892 (gain changed)
Event.LEDts =        2306690953259
Event.CFDts =      262164509097996

---------
new GTheader at pos=132 or 66 words (74):
Event.hdr[ 0]=0x1f34,   7988
Event.hdr[ 1]=0x300a,  12298
Event.hdr[ 2]=0xb02b,  45099
Event.hdr[ 3]=0x117e,   4478
Event.hdr[ 4]=0x0219,    537
Event.hdr[ 5]=0x0050,     80
Event.hdr[ 6]=0x0e00,   3584
Event.hdr[ 7]=0x0000,      0
Event.hdr[ 8]=0x6e35,  28213
Event.hdr[ 9]=0x0009,      9
Event.hdr[10]=0x2400,   9216
Event.hdr[11]=0x0000,      0
Event.hdr[12]=0x0130,    304
Event.hdr[13]=0x0000,      0
Event.len=  44, Event.traceLen=  12 (in Bytes)
Event.len=  22, Event.traceLen=   6 (in 16 bit words)
Event.len=  11, Event.traceLen=   3 (in 32 bit words)
next start: 0xaaaaaaaa, pos= 176
0x1f34 module_id = 31 crystal_id = 0 digitizer_id = 3 chan_id = 4 ge_id = 124 channel = 34  -> is segment
ncrystal=1
wrote trace to CCpulse_007_00_01.xy
two's comp tempE  ::         80         80 0x00000050 |0000|0000|0000|0000|0000|0000|0101|0000|
rawE              ::         80         80 0x00000050 |0000|0000|0000|0000|0000|0000|0101|0000|
rawE (sign change)::         80         80 0x00000050 |0000|0000|0000|0000|0000|0000|0101|0000|
Event.ehi=               2 0x00000002
Event.ehi=0 (gain changed)
Event.LEDts =        2306690953259
Event.CFDts =         236227198988

---------
new GTheader at pos=176 or 88 words (96):
Event.hdr[ 0]=0x1f35,   7989
Event.hdr[ 1]=0x300a,  12298
Event.hdr[ 2]=0xb02b,  45099
Event.hdr[ 3]=0x117e,   4478
Event.hdr[ 4]=0x0219,    537
Event.hdr[ 5]=0x1927,   6439
Event.hdr[ 6]=0x4e09,  19977
Event.hdr[ 7]=0x0000,      0
Event.hdr[ 8]=0x6e35,  28213
Event.hdr[ 9]=0x1868,   6248
Event.hdr[10]=0x8c09,  35849
Event.hdr[11]=0x1040,   4160
Event.hdr[12]=0x6ed0,  28368
Event.hdr[13]=0x0027,     39
Event.len=  44, Event.traceLen=  12 (in Bytes)
Event.len=  22, Event.traceLen=   6 (in 16 bit words)
Event.len=  11, Event.traceLen=   3 (in 32 bit words)
next start: 0xaaaaaaaa, pos= 220
0x1f35 module_id = 31 crystal_id = 0 digitizer_id = 3 chan_id = 5 ge_id = 124 channel = 35  -> is segment
ncrystal=1
wrote trace to CCpulse_007_00_01.xy
two's comp tempE  ::     596263     596263 0x00091927 |0000|0000|0000|1001|0001|1001|0010|0111|
rawE              ::     596263     596263 0x00091927 |0000|0000|0000|1001|0001|1001|0010|0111|
rawE (sign change)::     596263     596263 0x00091927 |0000|0000|0000|1001|0001|1001|0010|0111|
Event.ehi=           18633 0x000048c9
Event.ehi=1863 (gain changed)
Event.LEDts =        2306690953259
Event.CFDts =      268920595939340

---------
new GTheader at pos=220 or 110 words (118):
Event.hdr[ 0]=0x1f36,   7990
Event.hdr[ 1]=0x300a,  12298
Event.hdr[ 2]=0xb02b,  45099
Event.hdr[ 3]=0x117e,   4478
Event.hdr[ 4]=0x0219,    537
Event.hdr[ 5]=0x0000,      0
Event.hdr[ 6]=0x0e00,   3584
Event.hdr[ 7]=0x0000,      0
Event.hdr[ 8]=0x6e35,  28213
Event.hdr[ 9]=0xfce7,  64743
Event.hdr[10]=0x79ff,  31231
Event.hdr[11]=0x0000,      0
Event.hdr[12]=0xaa30,  43568
Event.hdr[13]=0x07ff,   2047
Event.len=  44, Event.traceLen=  12 (in Bytes)
Event.len=  22, Event.traceLen=   6 (in 16 bit words)
Event.len=  11, Event.traceLen=   3 (in 32 bit words)
next start: 0xaaaaaaaa, pos= 264
0x1f36 module_id = 31 crystal_id = 0 digitizer_id = 3 chan_id = 6 ge_id = 124 channel = 36  -> is segment
ncrystal=1
wrote trace to CCpulse_007_00_01.xy
two's comp tempE  ::          0          0 0x00000000 |0000|0000|0000|0000|0000|0000|0000|0000|
rawE              ::          0          0 0x00000000 |0000|0000|0000|0000|0000|0000|0000|0000|
rawE (sign change)::          0          0 0x00000000 |0000|0000|0000|0000|0000|0000|0000|0000|
Event.ehi=               0 0x00000000
Event.ehi=0 (gain changed)
Event.LEDts =        2306690953259
Event.CFDts =      281354715856908

---------
new GTheader at pos=264 or 132 words (140):
Event.hdr[ 0]=0x1f37,   7991
Event.hdr[ 1]=0x300a,  12298
Event.hdr[ 2]=0xb02b,  45099
Event.hdr[ 3]=0x117e,   4478
Event.hdr[ 4]=0x0219,    537
Event.hdr[ 5]=0x0959,   2393
Event.hdr[ 6]=0x0e00,   3584
Event.hdr[ 7]=0x0000,      0
Event.hdr[ 8]=0x6e35,  28213
Event.hdr[ 9]=0xf625,  63013
Event.hdr[10]=0xf9ff,  63999
Event.hdr[11]=0xffd1,  65489
Event.hdr[12]=0x059b,   1435
Event.hdr[13]=0x0000,      0
Event.len=  44, Event.traceLen=  12 (in Bytes)
Event.len=  22, Event.traceLen=   6 (in 16 bit words)
Event.len=  11, Event.traceLen=   3 (in 32 bit words)
next start: 0xaaaaaaaa, pos= 308
0x1f37 module_id = 31 crystal_id = 0 digitizer_id = 3 chan_id = 7 ge_id = 124 channel = 37  -> is segment
ncrystal=1
wrote trace to CCpulse_007_00_01.xy
two's comp tempE  ::       2393       2393 0x00000959 |0000|0000|0000|0000|0000|1001|0101|1001|
rawE              ::       2393       2393 0x00000959 |0000|0000|0000|0000|0000|1001|0101|1001|
rawE (sign change)::       2393       2393 0x00000959 |0000|0000|0000|0000|0000|1001|0101|1001|
Event.ehi=              74 0x0000004a
Event.ehi=7 (gain changed)
Event.LEDts =        2306690953259
Event.CFDts =      281466386710540

---------
new GTheader at pos=308 or 154 words (162):
Event.hdr[ 0]=0x1f38,   7992
Event.hdr[ 1]=0x300a,  12298
Event.hdr[ 2]=0xb02b,  45099
Event.hdr[ 3]=0x117e,   4478
Event.hdr[ 4]=0x0219,    537
Event.hdr[ 5]=0x8721,  34593
Event.hdr[ 6]=0x1ff9,   8185
Event.hdr[ 7]=0x0000,      0
Event.hdr[ 8]=0x6e35,  28213
Event.hdr[ 9]=0xc6a6,  50854
Event.hdr[10]=0x33fc,  13308
Event.hdr[11]=0xf959,  63833
Event.hdr[12]=0x01e7,    487
Event.hdr[13]=0x07f3,   2035
Event.len=  44, Event.traceLen=  12 (in Bytes)
Event.len=  22, Event.traceLen=   6 (in 16 bit words)
Event.len=  11, Event.traceLen=   3 (in 32 bit words)
0x1f38 module_id = 31 crystal_id = 0 digitizer_id = 3 chan_id = 8 ge_id = 124 channel = 38  -> is segment
ncrystal=1
wrote trace to CCpulse_007_00_01.xy
two's comp tempE  ::   16353057   16353057 0x00f98721 |0000|0000|1111|1001|1000|0111|0010|0001|
rawE              :: 4294543137    -424159 0xfff98721 |1111|1111|1111|1001|1000|0111|0010|0001|
rawE (sign change)::     424159     424159 0x000678df |0000|0000|0000|0110|0111|1000|1101|1111|
Event.ehi=           13254 0x000033c6
Event.ehi=1325 (gain changed)
Event.LEDts =        2306690953259
Event.CFDts =         472456298508
exit bin_mode3
*end of event # 7
+++++++++++++++++++++++++++++++
ev#     7 GEB_TYPE_GT_MOD29      440Bytes TS=2306691033585 curTS=2306690968231 dTS= 65354
GEBGetEv returned st=0
we have read 5120 bytes; CurEvNo=8

+++++++++++++++++++++++++++++++
*start event # 8 with multiplicity 1 looks like this:
 0>  8, GEB_TYPE_GT_MOD29    , TS=2306690968231
entered bin_mode2: 8/10
updated CCadd with    0.00
total number of hits in array: 0
exit bin_mode2
entered bin_mode3 @ event number: 8 

bin_mode3:  0>  8, GEB_TYPE_GT_MOD29    , TS=2306690968231, 0x219117eeaa7; payload length: 440 bytes

---------
new GTheader at pos=0 or 0 words (8):
Event.hdr[ 0]=0x1f30,   7984
Event.hdr[ 1]=0x300a,  12298
Event.hdr[ 2]=0xeaa7,  60071
Event.hdr[ 3]=0x117e,   4478
Event.hdr[ 4]=0x0219,    537
Event.hdr[ 5]=0x2cec,  11500
Event.hdr[ 6]=0x4e0a,  19978
Event.hdr[ 7]=0x3a7b,  14971
Event.hdr[ 8]=0x0000,      0
Event.hdr[ 9]=0x2c80,  11392
Event.hdr[10]=0xba0a,  47626
Event.hdr[11]=0x12ac,   4780
Event.hdr[12]=0x8cb0,  36016
Event.hdr[13]=0x002f,     47
Event.len=  44, Event.traceLen=  12 (in Bytes)
Event.len=  22, Event.traceLen=   6 (in 16 bit words)
Event.len=  11, Event.traceLen=   3 (in 32 bit words)
next start: 0xaaaaaaaa, pos= 44
0x1f30 module_id = 31 crystal_id = 0 digitizer_id = 3 chan_id = 0 ge_id = 124 channel = 30  -> is segment
open superpulse_008_00_01.xy at Event.chan_id = 0
open CCpulse_008_00_01.xy at Event.chan_id = 0
ncrystal=1
wrote trace to CCpulse_008_00_01.xy
two's comp tempE  ::     666860     666860 0x000a2cec |0000|0000|0000|1010|0010|1100|1110|1100|
rawE              ::     666860     666860 0x000a2cec |0000|0000|0000|1010|0010|1100|1110|1100|
rawE (sign change)::     666860     666860 0x000a2cec |0000|0000|0000|1010|0010|1100|1110|1100|
Event.ehi=           20839 0x00005167
Event.ehi=2083 (gain changed)
Event.LEDts =        2306690968231
Event.CFDts =      267619200794636

---------
new GTheader at pos=44 or 22 words (30):
Event.hdr[ 0]=0x1f31,   7985
Event.hdr[ 1]=0x300a,  12298
Event.hdr[ 2]=0xeaa7,  60071
Event.hdr[ 3]=0x117e,   4478
Event.hdr[ 4]=0x0219,    537
Event.hdr[ 5]=0xbbb1,  48049
Event.hdr[ 6]=0x4e08,  19976
Event.hdr[ 7]=0x3a7b,  14971
Event.hdr[ 8]=0x0000,      0
Event.hdr[ 9]=0xbad0,  47824
Event.hdr[10]=0x1a08,   6664
Event.hdr[11]=0x1243,   4675
Event.hdr[12]=0xf378,  62328
Event.hdr[13]=0x0027,     39
Event.len=  44, Event.traceLen=  12 (in Bytes)
Event.len=  22, Event.traceLen=   6 (in 16 bit words)
Event.len=  11, Event.traceLen=   3 (in 32 bit words)
next start: 0xaaaaaaaa, pos= 88
0x1f31 module_id = 31 crystal_id = 0 digitizer_id = 3 chan_id = 1 ge_id = 124 channel = 31  -> is segment
ncrystal=1
wrote trace to CCpulse_008_00_01.xy
two's comp tempE  ::     572337     572337 0x0008bbb1 |0000|0000|0000|1000|1011|1011|1011|0001|
rawE              ::     572337     572337 0x0008bbb1 |0000|0000|0000|1000|1011|1011|1011|0001|
rawE (sign change)::     572337     572337 0x0008bbb1 |0000|0000|0000|1000|1011|1011|1011|0001|
Event.ehi=           17885 0x000045dd
Event.ehi=1788 (gain changed)
Event.LEDts =        2306690968231
Event.CFDts =      269689406750732

---------
new GTheader at pos=88 or 44 words (52):
Event.hdr[ 0]=0x1f32,   7986
Event.hdr[ 1]=0x300a,  12298
Event.hdr[ 2]=0xeaa7,  60071
Event.hdr[ 3]=0x117e,   4478
Event.hdr[ 4]=0x0219,    537
Event.hdr[ 5]=0x2236,   8758
Event.hdr[ 6]=0x0e00,   3584
Event.hdr[ 7]=0x3a7b,  14971
Event.hdr[ 8]=0x0000,      0
Event.hdr[ 9]=0x0290,    656
Event.hdr[10]=0x0a00,   2560
Event.hdr[11]=0xffbd,  65469
Event.hdr[12]=0xbedf,  48863
Event.hdr[13]=0x07ff,   2047
Event.len=  44, Event.traceLen=  12 (in Bytes)
Event.len=  22, Event.traceLen=   6 (in 16 bit words)
Event.len=  11, Event.traceLen=   3 (in 32 bit words)
next start: 0xaaaaaaaa, pos= 132
0x1f32 module_id = 31 crystal_id = 0 digitizer_id = 3 chan_id = 2 ge_id = 124 channel = 32  -> is segment
ncrystal=1
wrote trace to CCpulse_008_00_01.xy
two's comp tempE  ::       8758       8758 0x00002236 |0000|0000|0000|0000|0010|0010|0011|0110|
rawE              ::       8758       8758 0x00002236 |0000|0000|0000|0000|0010|0010|0011|0110|
rawE (sign change)::       8758       8758 0x00002236 |0000|0000|0000|0000|0010|0010|0011|0110|
Event.ehi=             273 0x00000111
Event.ehi=27 (gain changed)
Event.LEDts =        2306690968231
Event.CFDts =      281449206513676

---------
new GTheader at pos=132 or 66 words (74):
Event.hdr[ 0]=0x1f33,   7987
Event.hdr[ 1]=0x300a,  12298
Event.hdr[ 2]=0xeaa7,  60071
Event.hdr[ 3]=0x117e,   4478
Event.hdr[ 4]=0x0219,    537
Event.hdr[ 5]=0xc6f2,  50930
Event.hdr[ 6]=0x4e0c,  19980
Event.hdr[ 7]=0x3a7b,  14971
Event.hdr[ 8]=0x0000,      0
Event.hdr[ 9]=0xc5c1,  50625
Event.hdr[10]=0x700c,  28684
Event.hdr[11]=0x1c3d,   7229
Event.hdr[12]=0xbea0,  48800
Event.hdr[13]=0x002b,     43
Event.len=  44, Event.traceLen=  12 (in Bytes)
Event.len=  22, Event.traceLen=   6 (in 16 bit words)
Event.len=  11, Event.traceLen=   3 (in 32 bit words)
next start: 0xaaaaaaaa, pos= 176
0x1f33 module_id = 31 crystal_id = 0 digitizer_id = 3 chan_id = 3 ge_id = 124 channel = 33  -> is segment
ncrystal=1
wrote trace to CCpulse_008_00_01.xy
two's comp tempE  ::     837362     837362 0x000cc6f2 |0000|0000|0000|1100|1100|0110|1111|0010|
rawE              ::     837362     837362 0x000cc6f2 |0000|0000|0000|1100|1100|0110|1111|0010|
rawE (sign change)::     837362     837362 0x000cc6f2 |0000|0000|0000|1100|1100|0110|1111|0010|
Event.ehi=           26167 0x00006637
Event.ehi=2616 (gain changed)
Event.LEDts =        2306690968231
Event.CFDts =      264050028642316

---------
new GTheader at pos=176 or 88 words (96):
Event.hdr[ 0]=0x1f34,   7988
Event.hdr[ 1]=0x300a,  12298
Event.hdr[ 2]=0xeaa7,  60071
Event.hdr[ 3]=0x117e,   4478
Event.hdr[ 4]=0x0219,    537
Event.hdr[ 5]=0x007d,    125
Event.hdr[ 6]=0x0e00,   3584
Event.hdr[ 7]=0x3a7b,  14971
Event.hdr[ 8]=0x0000,      0
Event.hdr[ 9]=0x0033,     51
Event.hdr[10]=0x1200,   4608
Event.hdr[11]=0x0000,      0
Event.hdr[12]=0x0048,     72
Event.hdr[13]=0x0000,      0
Event.len=  44, Event.traceLen=  12 (in Bytes)
Event.len=  22, Event.traceLen=   6 (in 16 bit words)
Event.len=  11, Event.traceLen=   3 (in 32 bit words)
next start: 0xaaaaaaaa, pos= 220
0x1f34 module_id = 31 crystal_id = 0 digitizer_id = 3 chan_id = 4 ge_id = 124 channel = 34  -> is segment
ncrystal=1
wrote trace to CCpulse_008_00_01.xy
two's comp tempE  ::        125        125 0x0000007d |0000|0000|0000|0000|0000|0000|0111|1101|
rawE              ::        125        125 0x0000007d |0000|0000|0000|0000|0000|0000|0111|1101|
rawE (sign change)::        125        125 0x0000007d |0000|0000|0000|0000|0000|0000|0111|1101|
Event.ehi=               3 0x00000003
Event.ehi=0 (gain changed)
Event.LEDts =        2306690968231
Event.CFDts =         253407133708

---------
new GTheader at pos=220 or 110 words (118):
Event.hdr[ 0]=0x1f35,   7989
Event.hdr[ 1]=0x300a,  12298
Event.hdr[ 2]=0xeaa7,  60071
Event.hdr[ 3]=0x117e,   4478
Event.hdr[ 4]=0x0219,    537
Event.hdr[ 5]=0x546f,  21615
Event.hdr[ 6]=0x4e09,  19977
Event.hdr[ 7]=0x3a7b,  14971
Event.hdr[ 8]=0x0000,      0
Event.hdr[ 9]=0x5392,  21394
Event.hdr[10]=0xd009,  53257
Event.hdr[11]=0x1230,   4656
Event.hdr[12]=0x8118,  33048
Event.hdr[13]=0x0020,     32
Event.len=  44, Event.traceLen=  12 (in Bytes)
Event.len=  22, Event.traceLen=   6 (in 16 bit words)
Event.len=  11, Event.traceLen=   3 (in 32 bit words)
next start: 0xaaaaaaaa, pos= 264
0x1f35 module_id = 31 crystal_id = 0 digitizer_id = 3 chan_id = 5 ge_id = 124 channel = 35  -> is segment
ncrystal=1
wrote trace to CCpulse_008_00_01.xy
two's comp tempE  ::     611439     611439 0x0009546f |0000|0000|0000|1001|0101|0100|0110|1111|
rawE              ::     611439     611439 0x0009546f |0000|0000|0000|1001|0101|0100|0110|1111|
rawE (sign change)::     611439     611439 0x0009546f |0000|0000|0000|1001|0101|0100|0110|1111|
Event.ehi=           19107 0x00004aa3
Event.ehi=1910 (gain changed)
Event.LEDts =        2306690968231
Event.CFDts =      268624238739468

---------
new GTheader at pos=264 or 132 words (140):
Event.hdr[ 0]=0x1f36,   7990
Event.hdr[ 1]=0x300a,  12298
Event.hdr[ 2]=0xeaa7,  60071
Event.hdr[ 3]=0x117e,   4478
Event.hdr[ 4]=0x0219,    537
Event.hdr[ 5]=0x1c72,   7282
Event.hdr[ 6]=0x0e00,   3584
Event.hdr[ 7]=0x3a7b,  14971
Event.hdr[ 8]=0x0000,      0
Event.hdr[ 9]=0xe263,  57955
Event.hdr[10]=0xcfff,  53247
Event.hdr[11]=0xfff9,  65529
Event.hdr[12]=0x00f3,    243
Event.hdr[13]=0x0000,      0
Event.len=  44, Event.traceLen=  12 (in Bytes)
Event.len=  22, Event.traceLen=   6 (in 16 bit words)
Event.len=  11, Event.traceLen=   3 (in 32 bit words)
next start: 0xaaaaaaaa, pos= 308
0x1f36 module_id = 31 crystal_id = 0 digitizer_id = 3 chan_id = 6 ge_id = 124 channel = 36  -> is segment
ncrystal=1
wrote trace to CCpulse_008_00_01.xy
two's comp tempE  ::       7282       7282 0x00001c72 |0000|0000|0000|0000|0001|1100|0111|0010|
rawE              ::       7282       7282 0x00001c72 |0000|0000|0000|0000|0001|1100|0111|0010|
rawE (sign change)::       7282       7282 0x00001c72 |0000|0000|0000|0000|0001|1100|0111|0010|
Event.ehi=             227 0x000000e3
Event.ehi=22 (gain changed)
Event.LEDts =        2306690968231
Event.CFDts =      281410551021580

---------
new GTheader at pos=308 or 154 words (162):
Event.hdr[ 0]=0x1f37,   7991
Event.hdr[ 1]=0x300a,  12298
Event.hdr[ 2]=0xeaa7,  60071
Event.hdr[ 3]=0x117e,   4478
Event.hdr[ 4]=0x0219,    537
Event.hdr[ 5]=0x22e1,   8929
Event.hdr[ 6]=0x0e00,   3584
Event.hdr[ 7]=0x3a7b,  14971
Event.hdr[ 8]=0x0000,      0
Event.hdr[ 9]=0x2268,   8808
Event.hdr[10]=0x4a00,  18944
Event.hdr[11]=0xffec,  65516
Event.hdr[12]=0xa3f3,  41971
Event.hdr[13]=0x07ff,   2047
Event.len=  44, Event.traceLen=  12 (in Bytes)
Event.len=  22, Event.traceLen=   6 (in 16 bit words)
Event.len=  11, Event.traceLen=   3 (in 32 bit words)
next start: 0xaaaaaaaa, pos= 352
0x1f37 module_id = 31 crystal_id = 0 digitizer_id = 3 chan_id = 7 ge_id = 124 channel = 37  -> is segment
ncrystal=1
wrote trace to CCpulse_008_00_01.xy
two's comp tempE  ::       8929       8929 0x000022e1 |0000|0000|0000|0000|0010|0010|1110|0001|
rawE              ::       8929       8929 0x000022e1 |0000|0000|0000|0000|0010|0010|1110|0001|
rawE (sign change)::       8929       8929 0x000022e1 |0000|0000|0000|0000|0010|0010|1110|0001|
Event.ehi=             279 0x00000117
Event.ehi=27 (gain changed)
Event.LEDts =        2306690968231
Event.CFDts =      281290290233356

---------
new GTheader at pos=352 or 176 words (184):
Event.hdr[ 0]=0x1f38,   7992
Event.hdr[ 1]=0x300a,  12298
Event.hdr[ 2]=0xeaa7,  60071
Event.hdr[ 3]=0x117e,   4478
Event.hdr[ 4]=0x0219,    537
Event.hdr[ 5]=0x879f,  34719
Event.hdr[ 6]=0x1ff9,   8185
Event.hdr[ 7]=0x3a7b,  14971
Event.hdr[ 8]=0x0000,      0
Event.hdr[ 9]=0xc755,  51029
Event.hdr[10]=0x4dfc,  19964
Event.hdr[11]=0xf98d,  63885
Event.hdr[12]=0xb267,  45671
Event.hdr[13]=0x07f2,   2034
Event.len=  44, Event.traceLen=  12 (in Bytes)
Event.len=  22, Event.traceLen=   6 (in 16 bit words)
Event.len=  11, Event.traceLen=   3 (in 32 bit words)
next start: 0xaaaaaaaa, pos= 396
0x1f38 module_id = 31 crystal_id = 0 digitizer_id = 3 chan_id = 8 ge_id = 124 channel = 38  -> is segment
ncrystal=1
wrote trace to CCpulse_008_00_01.xy
two's comp tempE  ::   16353183   16353183 0x00f9879f |0000|0000|1111|1001|1000|0111|1001|1111|
rawE              :: 4294543263    -424033 0xfff9879f |1111|1111|1111|1001|1000|0111|1001|1111|
rawE (sign change)::     424033     424033 0x00067861 |0000|0000|0000|0110|0111|1000|0110|0001|
Event.ehi=           13251 0x000033c3
Event.ehi=1325 (gain changed)
Event.LEDts =        2306690968231
Event.CFDts =         450981199884

---------
new GTheader at pos=396 or 198 words (206):
Event.hdr[ 0]=0x1f39,   7993
Event.hdr[ 1]=0x300a,  12298
Event.hdr[ 2]=0xeaa7,  60071
Event.hdr[ 3]=0x117e,   4478
Event.hdr[ 4]=0x0219,    537
Event.hdr[ 5]=0x07b4,   1972
Event.hdr[ 6]=0x0e00,   3584
Event.hdr[ 7]=0x3a7b,  14971
Event.hdr[ 8]=0x0000,      0
Event.hdr[ 9]=0xfba2,  64418
Event.hdr[10]=0x69ff,  27135
Event.hdr[11]=0xfff1,  65521
Event.hdr[12]=0xec7f,  60543
Event.hdr[13]=0x07ff,   2047
Event.len=  44, Event.traceLen=  12 (in Bytes)
Event.len=  22, Event.traceLen=   6 (in 16 bit words)
Event.len=  11, Event.traceLen=   3 (in 32 bit words)
0x1f39 module_id = 31 crystal_id = 0 digitizer_id = 3 chan_id = 9 ge_id = 124 channel = 39  -> is CC
ncrystal=1
wrote trace to CCpulse_008_00_01.xy
two's comp tempE  ::       1972       1972 0x000007b4 |0000|0000|0000|0000|0000|0111|1011|0100|
rawE              ::       1972       1972 0x000007b4 |0000|0000|0000|0000|0000|0111|1011|0100|
rawE (sign change)::       1972       1972 0x000007b4 |0000|0000|0000|0000|0000|0111|1011|0100|
Event.ehi=              61 0x0000003d
Event.ehi=6 (gain changed)
Event.LEDts =        2306690968231
Event.CFDts =         240521576460
exit bin_mode3
*end of event # 8
+++++++++++++++++++++++++++++++
ev#     8 GEB_TYPE_DECOMP        464Bytes TS=2306691039631 curTS=2306691033585 dTS= 6046
GEBGetEv returned st=0
we have read 5600 bytes; CurEvNo=9

+++++++++++++++++++++++++++++++
*start event # 9 with multiplicity 1 looks like this:
 0>  8, GEB_TYPE_GT_MOD29    , TS=2306691033585
entered bin_mode2: 9/10
updated CCadd with    0.00
total number of hits in array: 0
exit bin_mode2
entered bin_mode3 @ event number: 9 

bin_mode3:  0>  8, GEB_TYPE_GT_MOD29    , TS=2306691033585, 0x219117fe9f1; payload length: 440 bytes

---------
new GTheader at pos=0 or 0 words (8):
Event.hdr[ 0]=0x1f31,   7985
Event.hdr[ 1]=0x300a,  12298
Event.hdr[ 2]=0xe9f1,  59889
Event.hdr[ 3]=0x117f,   4479
Event.hdr[ 4]=0x0219,    537
Event.hdr[ 5]=0xc98d,  51597
Event.hdr[ 6]=0x4e09,  19977
Event.hdr[ 7]=0xff49,  65353
Event.hdr[ 8]=0x3a7b,  14971
Event.hdr[ 9]=0xc806,  51206
Event.hdr[10]=0xa009,  40969
Event.hdr[11]=0x1175,   4469
Event.hdr[12]=0x8634,  34356
Event.hdr[13]=0x0024,     36
Event.len=  44, Event.traceLen=  12 (in Bytes)
Event.len=  22, Event.traceLen=   6 (in 16 bit words)
Event.len=  11, Event.traceLen=   3 (in 32 bit words)
next start: 0xaaaaaaaa, pos= 44
0x1f31 module_id = 31 crystal_id = 0 digitizer_id = 3 chan_id = 1 ge_id = 124 channel = 31  -> is segment
open superpulse_009_00_01.xy at Event.chan_id = 1
open CCpulse_009_00_01.xy at Event.chan_id = 1
ncrystal=1
wrote trace to CCpulse_009_00_01.xy
two's comp tempE  ::     641421     641421 0x0009c98d |0000|0000|0000|1001|1100|1001|1000|1101|
rawE              ::     641421     641421 0x0009c98d |0000|0000|0000|1001|1100|1001|1000|1101|
rawE (sign change)::     641421     641421 0x0009c98d |0000|0000|0000|1001|1100|1001|1000|1101|
Event.ehi=           20044 0x00004e4c
Event.ehi=2004 (gain changed)
Event.LEDts =        2306691033585
Event.CFDts =      268319291146252

---------
new GTheader at pos=44 or 22 words (30):
Event.hdr[ 0]=0x1f32,   7986
Event.hdr[ 1]=0x300a,  12298
Event.hdr[ 2]=0xe9f1,  59889
Event.hdr[ 3]=0x117f,   4479
Event.hdr[ 4]=0x0219,    537
Event.hdr[ 5]=0x17a8,   6056
Event.hdr[ 6]=0x0e00,   3584
Event.hdr[ 7]=0xff49,  65353
Event.hdr[ 8]=0x3a7b,  14971
Event.hdr[ 9]=0xdfae,  57262
Event.hdr[10]=0x21ff,   8703
Event.hdr[11]=0x0005,      5
Event.hdr[12]=0x7a14,  31252
Event.hdr[13]=0x07ff,   2047
Event.len=  44, Event.traceLen=  12 (in Bytes)
Event.len=  22, Event.traceLen=   6 (in 16 bit words)
Event.len=  11, Event.traceLen=   3 (in 32 bit words)
next start: 0xaaaaaaaa, pos= 88
0x1f32 module_id = 31 crystal_id = 0 digitizer_id = 3 chan_id = 2 ge_id = 124 channel = 32  -> is segment
ncrystal=1
wrote trace to CCpulse_009_00_01.xy
two's comp tempE  ::       6056       6056 0x000017a8 |0000|0000|0000|0000|0001|0111|1010|1000|
rawE              ::       6056       6056 0x000017a8 |0000|0000|0000|0000|0001|0111|1010|1000|
rawE (sign change)::       6056       6056 0x000017a8 |0000|0000|0000|0000|0001|0111|1010|1000|
Event.ehi=             189 0x000000bd
Event.ehi=18 (gain changed)
Event.LEDts =        2306691033585
Event.CFDts =      281470681612300

---------
new GTheader at pos=88 or 44 words (52):
Event.hdr[ 0]=0x1f33,   7987
Event.hdr[ 1]=0x300a,  12298
Event.hdr[ 2]=0xe9f1,  59889
Event.hdr[ 3]=0x117f,   4479
Event.hdr[ 4]=0x0219,    537
Event.hdr[ 5]=0x5a64,  23140
Event.hdr[ 6]=0x4e0b,  19979
Event.hdr[ 7]=0xff49,  65353
Event.hdr[ 8]=0x3a7b,  14971
Event.hdr[ 9]=0x5929,  22825
Event.hdr[10]=0x820b,  33291
Event.hdr[11]=0x198b,   6539
Event.hdr[12]=0x7ae0,  31456
Event.hdr[13]=0x0038,     56
Event.len=  44, Event.traceLen=  12 (in Bytes)
Event.len=  22, Event.traceLen=   6 (in 16 bit words)
Event.len=  11, Event.traceLen=   3 (in 32 bit words)
next start: 0xaaaaaaaa, pos= 132
0x1f33 module_id = 31 crystal_id = 0 digitizer_id = 3 chan_id = 3 ge_id = 124 channel = 33  -> is segment
ncrystal=1
wrote trace to CCpulse_009_00_01.xy
two's comp tempE  ::     744036     744036 0x000b5a64 |0000|0000|0000|1011|0101|1010|0110|0100|
rawE              ::     744036     744036 0x000b5a64 |0000|0000|0000|1011|0101|1010|0110|0100|
rawE (sign change)::     744036     744036 0x000b5a64 |0000|0000|0000|1011|0101|1010|0110|0100|
Event.ehi=           23251 0x00005ad3
Event.ehi=2325 (gain changed)
Event.LEDts =        2306691033585
Event.CFDts =      265965613088780

---------
new GTheader at pos=132 or 66 words (74):
Event.hdr[ 0]=0x1f34,   7988
Event.hdr[ 1]=0x300a,  12298
Event.hdr[ 2]=0xe9f1,  59889
Event.hdr[ 3]=0x117f,   4479
Event.hdr[ 4]=0x0219,    537
Event.hdr[ 5]=0x004f,     79
Event.hdr[ 6]=0x0e00,   3584
Event.hdr[ 7]=0xff49,  65353
Event.hdr[ 8]=0x3a7b,  14971
Event.hdr[ 9]=0x001c,     28
Event.hdr[10]=0x6600,  26112
Event.hdr[11]=0x0000,      0
Event.hdr[12]=0x0024,     36
Event.hdr[13]=0x0000,      0
Event.len=  44, Event.traceLen=  12 (in Bytes)
Event.len=  22, Event.traceLen=   6 (in 16 bit words)
Event.len=  11, Event.traceLen=   3 (in 32 bit words)
next start: 0xaaaaaaaa, pos= 176
0x1f34 module_id = 31 crystal_id = 0 digitizer_id = 3 chan_id = 4 ge_id = 124 channel = 34  -> is segment
ncrystal=1
wrote trace to CCpulse_009_00_01.xy
two's comp tempE  ::         79         79 0x0000004f |0000|0000|0000|0000|0000|0000|0100|1111|
rawE              ::         79         79 0x0000004f |0000|0000|0000|0000|0000|0000|0100|1111|
rawE (sign change)::         79         79 0x0000004f |0000|0000|0000|0000|0000|0000|0100|1111|
Event.ehi=               2 0x00000002
Event.ehi=0 (gain changed)
Event.LEDts =        2306691033585
Event.CFDts =         244817199116

---------
new GTheader at pos=176 or 88 words (96):
Event.hdr[ 0]=0x1f35,   7989
Event.hdr[ 1]=0x300a,  12298
Event.hdr[ 2]=0xe9f1,  59889
Event.hdr[ 3]=0x117f,   4479
Event.hdr[ 4]=0x0219,    537
Event.hdr[ 5]=0x63e3,  25571
Event.hdr[ 6]=0x4e08,  19976
Event.hdr[ 7]=0xff49,  65353
Event.hdr[ 8]=0x3a7b,  14971
Event.hdr[ 9]=0x62f8,  25336
Event.hdr[10]=0x2408,   9224
Event.hdr[11]=0x12a7,   4775
Event.hdr[12]=0x61a0,  24992
Event.hdr[13]=0x0024,     36
Event.len=  44, Event.traceLen=  12 (in Bytes)
Event.len=  22, Event.traceLen=   6 (in 16 bit words)
Event.len=  11, Event.traceLen=   3 (in 32 bit words)
next start: 0xaaaaaaaa, pos= 220
0x1f35 module_id = 31 crystal_id = 0 digitizer_id = 3 chan_id = 5 ge_id = 124 channel = 35  -> is segment
ncrystal=1
wrote trace to CCpulse_009_00_01.xy
two's comp tempE  ::     549859     549859 0x000863e3 |0000|0000|0000|1000|0110|0011|1110|0011|
rawE              ::     549859     549859 0x000863e3 |0000|0000|0000|1000|0110|0011|1110|0011|
rawE (sign change)::     549859     549859 0x000863e3 |0000|0000|0000|1000|0110|0011|1110|0011|
Event.ehi=           17183 0x0000431f
Event.ehi=1718 (gain changed)
Event.LEDts =        2306691033585
Event.CFDts =      269917043228684

---------
new GTheader at pos=220 or 110 words (118):
Event.hdr[ 0]=0x1f36,   7990
Event.hdr[ 1]=0x300a,  12298
Event.hdr[ 2]=0xe9f1,  59889
Event.hdr[ 3]=0x117f,   4479
Event.hdr[ 4]=0x0219,    537
Event.hdr[ 5]=0x2074,   8308
Event.hdr[ 6]=0x0e00,   3584
Event.hdr[ 7]=0xff49,  65353
Event.hdr[ 8]=0x3a7b,  14971
Event.hdr[ 9]=0xe2a1,  58017
Event.hdr[10]=0xc7ff,  51199
Event.hdr[11]=0xffc4,  65476
Event.hdr[12]=0xf39f,  62367
Event.hdr[13]=0x07ff,   2047
Event.len=  44, Event.traceLen=  12 (in Bytes)
Event.len=  22, Event.traceLen=   6 (in 16 bit words)
Event.len=  11, Event.traceLen=   3 (in 32 bit words)
next start: 0xaaaaaaaa, pos= 264
0x1f36 module_id = 31 crystal_id = 0 digitizer_id = 3 chan_id = 6 ge_id = 124 channel = 36  -> is segment
ncrystal=1
wrote trace to CCpulse_009_00_01.xy
two's comp tempE  ::       8308       8308 0x00002074 |0000|0000|0000|0000|0010|0000|0111|0100|
rawE              ::       8308       8308 0x00002074 |0000|0000|0000|0000|0010|0000|0111|0100|
rawE (sign change)::       8308       8308 0x00002074 |0000|0000|0000|0000|0010|0000|0111|0100|
Event.ehi=             259 0x00000103
Event.ehi=25 (gain changed)
Event.LEDts =        2306691033585
Event.CFDts =      281401961218060

---------
new GTheader at pos=264 or 132 words (140):
Event.hdr[ 0]=0x1f37,   7991
Event.hdr[ 1]=0x300a,  12298
Event.hdr[ 2]=0xe9f1,  59889
Event.hdr[ 3]=0x117f,   4479
Event.hdr[ 4]=0x0219,    537
Event.hdr[ 5]=0x1d1b,   7451
Event.hdr[ 6]=0x0e00,   3584
Event.hdr[ 7]=0xff49,  65353
Event.hdr[ 8]=0x3a7b,  14971
Event.hdr[ 9]=0xd2e9,  53993
Event.hdr[10]=0xd1ff,  53759
Event.hdr[11]=0x0044,     68
Event.hdr[12]=0xd894,  55444
Event.hdr[13]=0x07ff,   2047
Event.len=  44, Event.traceLen=  12 (in Bytes)
Event.len=  22, Event.traceLen=   6 (in 16 bit words)
Event.len=  11, Event.traceLen=   3 (in 32 bit words)
next start: 0xaaaaaaaa, pos= 308
0x1f37 module_id = 31 crystal_id = 0 digitizer_id = 3 chan_id = 7 ge_id = 124 channel = 37  -> is segment
ncrystal=1
wrote trace to CCpulse_009_00_01.xy
two's comp tempE  ::       7451       7451 0x00001d1b |0000|0000|0000|0000|0001|1101|0001|1011|
rawE              ::       7451       7451 0x00001d1b |0000|0000|0000|0000|0001|1101|0001|1011|
rawE (sign change)::       7451       7451 0x00001d1b |0000|0000|0000|0000|0001|1101|0001|1011|
Event.ehi=             232 0x000000e8
Event.ehi=23 (gain changed)
Event.LEDts =        2306691033585
Event.CFDts =          77310394380

---------
new GTheader at pos=308 or 154 words (162):
Event.hdr[ 0]=0x1f38,   7992
Event.hdr[ 1]=0x300a,  12298
Event.hdr[ 2]=0xe9f1,  59889
Event.hdr[ 3]=0x117f,   4479
Event.hdr[ 4]=0x0219,    537
Event.hdr[ 5]=0x8740,  34624
Event.hdr[ 6]=0x1ff9,   8185
Event.hdr[ 7]=0xff49,  65353
Event.hdr[ 8]=0x3a7b,  14971
Event.hdr[ 9]=0xa75e,  42846
Event.hdr[10]=0xabfc,  44028
Event.hdr[11]=0xf98e,  63886
Event.hdr[12]=0x1a9b,   6811
Event.hdr[13]=0x07f3,   2035
Event.len=  44, Event.traceLen=  12 (in Bytes)
Event.len=  22, Event.traceLen=   6 (in 16 bit words)
Event.len=  11, Event.traceLen=   3 (in 32 bit words)
next start: 0xaaaaaaaa, pos= 352
0x1f38 module_id = 31 crystal_id = 0 digitizer_id = 3 chan_id = 8 ge_id = 124 channel = 38  -> is segment
ncrystal=1
wrote trace to CCpulse_009_00_01.xy
two's comp tempE  ::   16353088   16353088 0x00f98740 |0000|0000|1111|1001|1000|0111|0100|0000|
rawE              :: 4294543168    -424128 0xfff98740 |1111|1111|1111|1001|1000|0111|0100|0000|
rawE (sign change)::     424128     424128 0x000678c0 |0000|0000|0000|0110|0111|1000|1100|0000|
Event.ehi=           13254 0x000033c6
Event.ehi=1325 (gain changed)
Event.LEDts =        2306691033585
Event.CFDts =         618488725516

---------
new GTheader at pos=352 or 176 words (184):
Event.hdr[ 0]=0x1f39,   7993
Event.hdr[ 1]=0x300a,  12298
Event.hdr[ 2]=0xe9f1,  59889
Event.hdr[ 3]=0x117f,   4479
Event.hdr[ 4]=0x0219,    537
Event.hdr[ 5]=0x0384,    900
Event.hdr[ 6]=0x0e00,   3584
Event.hdr[ 7]=0xff49,  65353
Event.hdr[ 8]=0x3a7b,  14971
Event.hdr[ 9]=0xf72a,  63274
Event.hdr[10]=0x45ff,  17919
Event.hdr[11]=0xfff7,  65527
Event.hdr[12]=0xe2d3,  58067
Event.hdr[13]=0x07ff,   2047
Event.len=  44, Event.traceLen=  12 (in Bytes)
Event.len=  22, Event.traceLen=   6 (in 16 bit words)
Event.len=  11, Event.traceLen=   3 (in 32 bit words)
next start: 0xaaaaaaaa, pos= 396
0x1f39 module_id = 31 crystal_id = 0 digitizer_id = 3 chan_id = 9 ge_id = 124 channel = 39  -> is CC
ncrystal=1
wrote trace to CCpulse_009_00_01.xy
two's comp tempE  ::        900        900 0x00000384 |0000|0000|0000|0000|0000|0011|1000|0100|
rawE              ::        900        900 0x00000384 |0000|0000|0000|0000|0000|0011|1000|0100|
rawE (sign change)::        900        900 0x00000384 |0000|0000|0000|0000|0000|0011|1000|0100|
Event.ehi=              28 0x0000001c
Event.ehi=2 (gain changed)
Event.LEDts =        2306691033585
Event.CFDts =         231931641868

---------
new GTheader at pos=396 or 198 words (206):
Event.hdr[ 0]=0x1f30,   7984
Event.hdr[ 1]=0x300a,  12298
Event.hdr[ 2]=0xe9f1,  59889
Event.hdr[ 3]=0x117f,   4479
Event.hdr[ 4]=0x0219,    537
Event.hdr[ 5]=0xa250,  41552
Event.hdr[ 6]=0x4e0b,  19979
Event.hdr[ 7]=0xff49,  65353
Event.hdr[ 8]=0x3a7b,  14971
Event.hdr[ 9]=0xa1ba,  41402
Event.hdr[10]=0x000b,     11
Event.hdr[11]=0x1459,   5209
Event.hdr[12]=0x5974,  22900
Event.hdr[13]=0x0025,     37
Event.len=  44, Event.traceLen=  12 (in Bytes)
Event.len=  22, Event.traceLen=   6 (in 16 bit words)
Event.len=  11, Event.traceLen=   3 (in 32 bit words)
0x1f30 module_id = 31 crystal_id = 0 digitizer_id = 3 chan_id = 0 ge_id = 124 channel = 30  -> is segment
ncrystal=1
wrote trace to CCpulse_009_00_01.xy
two's comp tempE  ::     762448     762448 0x000ba250 |0000|0000|0000|1011|1010|0010|0101|0000|
rawE              ::     762448     762448 0x000ba250 |0000|0000|0000|1011|1010|0010|0101|0000|
rawE (sign change)::     762448     762448 0x000ba250 |0000|0000|0000|1011|1010|0010|0101|0000|
Event.ehi=           23826 0x00005d12
Event.ehi=2382 (gain changed)
Event.LEDts =        2306691033585
Event.CFDts =      265566175363084
exit bin_mode3
*end of event # 9
+++++++++++++++++++++++++++++++
ev#     9 GEB_TYPE_GT_MOD29      440Bytes TS=2306691040017 curTS=2306691039631 dTS= 386
GEBGetEv returned st=0
we have read 6056 bytes; CurEvNo=10

+++++++++++++++++++++++++++++++
*start event # 10 with multiplicity 1 looks like this:
 0>  1, GEB_TYPE_DECOMP      , TS=2306691039631
entered bin_mode2: 10/10
ptinp->pad= 6, (ptinp->pad&0x000000ff)= 6
updated CCadd with    0.00
total number of hits in array: 0
exit bin_mode2
entered bin_mode3 @ event number: 10 
exit bin_mode3
*end of event # 10
+++++++++++++++++++++++++++++++
ev#    10 GEB_TYPE_DECOMP        464Bytes TS=2306691040179 curTS=2306691040017 dTS= 162
ev# 50000 GEB_TYPE_GT_MOD29      440Bytes TS=2307173936217 curTS=2307173887299 dTS= 48918
ev# 100000 GEB_TYPE_DECOMP        464Bytes TS=2307657094899 curTS=2307657090325 dTS= 4574
ev# 150000 GEB_TYPE_DECOMP        464Bytes TS=2308135535967 curTS=2308135535833 dTS= 134
ev# 150000 GEB_TYPE_DECOMP        464Bytes TS=2308135536109 curTS=2308135535833 dTS= 276
ev# 200000 GEB_TYPE_DECOMP        464Bytes TS=2308616234743 curTS=2308616234171 dTS= 572
ev# 250000 GEB_TYPE_DECOMP        464Bytes TS=2309102271553 curTS=2309102263373 dTS= 8180
ev# 300000 GEB_TYPE_DECOMP        464Bytes TS=2309580246115 curTS=2309580246097 dTS= 18
ev# 300000 GEB_TYPE_DECOMP        464Bytes TS=2309580246119 curTS=2309580246097 dTS= 22
ev# 300000 GEB_TYPE_DECOMP        464Bytes TS=2309580246141 curTS=2309580246097 dTS= 44
ev# 300000 GEB_TYPE_GT_MOD29      440Bytes TS=2309580246231 curTS=2309580246097 dTS= 134
ev# 300000 GEB_TYPE_DECOMP        464Bytes TS=2309580268539 curTS=2309580246097 dTS= 22442
ev# 350000 GEB_TYPE_DECOMP        464Bytes TS=2310054574425 curTS=2310054574425 dTS= 0
ev# 350000 GEB_TYPE_GT_MOD29      440Bytes TS=2310054574449 curTS=2310054574425 dTS= 24
ev# 350000 GEB_TYPE_DECOMP        464Bytes TS=2310054584329 curTS=2310054574425 dTS= 9904
ev# 400000 GEB_TYPE_GT_MOD29      440Bytes TS=2310527640987 curTS=2310527640367 dTS= 620
ev# 450000 GEB_TYPE_GT_MOD29      440Bytes TS=2311004697007 curTS=2311004696413 dTS= 594
ev# 500000 GEB_TYPE_DECOMP        464Bytes TS=2311479884395 curTS=2311479873627 dTS= 10768
ev# 550000 GEB_TYPE_DECOMP        464Bytes TS=2311953976427 curTS=2311953976421 dTS= 6
ev# 550000 GEB_TYPE_DECOMP        464Bytes TS=2311954061315 curTS=2311953976421 dTS= 84894
ev# 600000 GEB_TYPE_DECOMP        464Bytes TS=2312431278421 curTS=2312431278419 dTS= 2
ev# 600000 GEB_TYPE_DECOMP        464Bytes TS=2312431278423 curTS=2312431278419 dTS= 4
ev# 600000 GEB_TYPE_DECOMP        464Bytes TS=2312431278613 curTS=2312431278419 dTS= 194
ev# 650000 GEB_TYPE_DECOMP        464Bytes TS=2312906846283 curTS=2312906841143 dTS= 5140
ev# 700000 GEB_TYPE_DECOMP        464Bytes TS=2313383894755 curTS=2313383894501 dTS= 254
ev# 750000 GEB_TYPE_DECOMP        464Bytes TS=2313866083875 curTS=2313866083711 dTS= 164
ev# 800000 GEB_TYPE_DECOMP        464Bytes TS=2314336745077 curTS=2314336745075 dTS= 2
ev# 800000 GEB_TYPE_DECOMP        464Bytes TS=2314336745077 curTS=2314336745075 dTS= 2
ev# 800000 GEB_TYPE_DECOMP        464Bytes TS=2314336745079 curTS=2314336745075 dTS= 4
ev# 800000 GEB_TYPE_DECOMP        464Bytes TS=2314336745081 curTS=2314336745075 dTS= 6
ev# 800000 GEB_TYPE_DECOMP        464Bytes TS=2314336745345 curTS=2314336745075 dTS= 270
ev# 850000 GEB_TYPE_DECOMP        464Bytes TS=2314805605137 curTS=2314805605057 dTS= 80
ev# 850000 GEB_TYPE_DECOMP        464Bytes TS=2314805605139 curTS=2314805605057 dTS= 82
ev# 850000 GEB_TYPE_DECOMP        464Bytes TS=2314805605357 curTS=2314805605057 dTS= 300
ev# 900000 GEB_TYPE_DECOMP        464Bytes TS=2315268595881 curTS=2315268595879 dTS= 2
ev# 900000 GEB_TYPE_DECOMP        464Bytes TS=2315268605797 curTS=2315268595879 dTS= 9918
ev# 950000 GEB_TYPE_GT_MOD29      440Bytes TS=2315734956411 curTS=2315734956267 dTS= 144
ev# 950000 GEB_TYPE_DECOMP        464Bytes TS=2315734960141 curTS=2315734956267 dTS= 3874

Sorting is done
attempting to save root or map file



mean observed polar and azimuth angles
for the detectors we saw (module,crystal)

------------------------------------------
mean pol/azi angle for detector  56 are   96.74/ 119.49
mean pol/azi angle for detector  57 are  100.40/ 138.33
mean pol/azi angle for detector  58 are   83.35/ 132.65
mean pol/azi angle for detector  59 are   79.64/ 114.03
mean pol/azi angle for detector  60 are   87.32/ 152.65
mean pol/azi angle for detector  61 are  105.23/ 157.67
mean pol/azi angle for detector  62 are   93.11/ 168.45
mean pol/azi angle for detector  63 are   73.85/ 165.96
mean pol/azi angle for detector  68 are   87.10/-135.00
mean pol/azi angle for detector  69 are  105.26/-130.01
mean pol/azi angle for detector  70 are   92.88/-116.90
mean pol/azi angle for detector  71 are   74.19/-121.80
mean pol/azi angle for detector  76 are   87.39/ -63.18
mean pol/azi angle for detector  77 are  105.26/ -58.09
mean pol/azi angle for detector  78 are   92.99/ -45.03
mean pol/azi angle for detector  79 are   74.21/ -49.86
mean pol/azi angle for detector  84 are  112.26/  33.62
mean pol/azi angle for detector  85 are  125.16/  17.41
mean pol/azi angle for detector  86 are  130.62/  39.22
mean pol/azi angle for detector  87 are  115.89/  52.93
mean pol/azi angle for detector  88 are  112.38/ 105.55
mean pol/azi angle for detector  89 are  124.94/  89.33
mean pol/azi angle for detector  90 are  130.76/ 111.15
mean pol/azi angle for detector  91 are  115.78/ 124.99
mean pol/azi angle for detector  96 are  112.62/-110.64
mean pol/azi angle for detector  97 are  124.80/-126.60
mean pol/azi angle for detector  98 are  130.86/-104.91
mean pol/azi angle for detector  99 are  115.82/ -91.00
mean pol/azi angle for detector 100 are  112.38/ -38.62
mean pol/azi angle for detector 101 are  124.73/ -54.99
mean pol/azi angle for detector 102 are  130.65/ -33.05
mean pol/azi angle for detector 103 are  115.79/ -19.09
mean pol/azi angle for detector 104 are  144.45/  88.27
mean pol/azi angle for detector 105 are  132.67/  65.85
mean pol/azi angle for detector 106 are  148.91/  53.95
mean pol/azi angle for detector 107 are  162.33/  88.23
mean pol/azi angle for detector 108 are  144.76/ 160.16
mean pol/azi angle for detector 109 are  132.68/ 138.01
mean pol/azi angle for detector 110 are  149.57/ 125.36
mean pol/azi angle for detector 111 are  162.31/ 109.51
mean pol/azi angle for detector 116 are  144.41/ -55.88
mean pol/azi angle for detector 117 are  132.53/ -78.28
mean pol/azi angle for detector 118 are  148.96/ -90.31
mean pol/azi angle for detector 119 are  162.44/ -56.02
we found 44 crystals
------------------------------------------

minimum pol angle between crystals is  18.65
compactness =  64.39%, 85 of 264
module hit statistics
module  14, crystal 0 was hit      91169 times
module  14, crystal 1 was hit      96984 times
module  14, crystal 2 was hit      95942 times
module  14, crystal 3 was hit      86159 times
module  15, crystal 0 was hit      97187 times
module  15, crystal 1 was hit      88594 times
module  15, crystal 2 was hit      83712 times
module  15, crystal 3 was hit      85987 times
module  17, crystal 0 was hit      72799 times
module  17, crystal 1 was hit      71613 times
module  17, crystal 2 was hit      71765 times
module  17, crystal 3 was hit      73467 times
module  19, crystal 0 was hit      68052 times
module  19, crystal 1 was hit      70224 times
module  19, crystal 2 was hit      83234 times
module  19, crystal 3 was hit      80544 times
module  21, crystal 0 was hit      81888 times
module  21, crystal 1 was hit      73115 times
module  21, crystal 2 was hit      85368 times
module  21, crystal 3 was hit      81946 times
module  22, crystal 0 was hit      89232 times
module  22, crystal 1 was hit      83099 times
module  22, crystal 2 was hit      93512 times
module  22, crystal 3 was hit      86789 times
module  24, crystal 0 was hit      76709 times
module  24, crystal 1 was hit      72775 times
module  24, crystal 2 was hit      75900 times
module  24, crystal 3 was hit      70987 times
module  25, crystal 0 was hit      72601 times
module  25, crystal 1 was hit      74675 times
module  25, crystal 2 was hit      72012 times
module  25, crystal 3 was hit      70811 times
module  26, crystal 0 was hit      82663 times
module  26, crystal 1 was hit      82011 times
module  26, crystal 2 was hit      80503 times
module  26, crystal 3 was hit      75864 times
module  27, crystal 0 was hit      86245 times
module  27, crystal 1 was hit      83645 times
module  27, crystal 2 was hit      85914 times
module  27, crystal 3 was hit      78453 times
module  29, crystal 0 was hit      69778 times
module  29, crystal 1 was hit      69804 times
module  29, crystal 2 was hit      77141 times
module  29, crystal 3 was hit      70214 times

bin_mode2: pad distribution
__id   0,      1521621, 93.21%
__id   2,          193,  0.01%
__id   3,          422,  0.03%
__id   4,          489,  0.03%
__id   5,         3161,  0.19%
__id   6,        10271,  0.63%
__id 128,        96090,  5.89%
__id 133,          176,  0.01%

bin_mode2 calculated mean CCsum energy to be  763.274 keV
bin_mode2 calculated mean CCadd energy to be 1177.321 keV
attempting to close root file...
Pars.f1->Write();
Pars.f1->Print();
TFile: name=/lcrc/project/HELIOS/gretinafma/root_data/run287.root, title=, option=CREATE
TH1.Print Name  = dtbtev, Entries= 2055675, Total sum= 2.05568e+06
TH1.Print Name  = T0, Entries= 0, Total sum= 0
TH1.Print Name  = hitpat, Entries= 1521621, Total sum= 1.52162e+06
TH1.Print Name  = numHitArray2, Entries= 1000000, Total sum= 747628
TH1.Print Name  = CCmult, Entries= 1000000, Total sum= 1e+06
TH1.Print Name  = CCsum, Entries= 3520939, Total sum= 1.52159e+06
TH1.Print Name  = hit2, Entries= 168519, Total sum= 168307
TH1.Print Name  = hit3, Entries= 92712, Total sum= 92051
TH1.Print Name  = hit4, Entries= 51399, Total sum= 50189
TH1.Print Name  = CCsum_nodop, Entries= 3520939, Total sum= 1.52159e+06
TH1.Print Name  = CCadd, Entries= 1000000, Total sum= 738439
TH1.Print Name  = SEGadd_FPGA, Entries= 200000000, Total sum= 1.52091e+06
TH1.Print Name  = SEGadd_PSA, Entries= 200000000, Total sum= 1.51302e+06
TH1.Print Name  = SEGsum_FPGA, Entries= 2365443, Total sum= 2.36492e+06
TH1.Print Name  = SEGsum_PSA, Entries= 3521086, Total sum= 3.49206e+06
TH1.Print Name  = radius_all, Entries= 3521083, Total sum= 3.52108e+06
TH1.Print Name  = rate_mode2_min, Entries= 1521620, Total sum= 25360.3
TH1.Print Name  = rate_mode2_sec, Entries= 1521620, Total sum= 1.52162e+06
TH1.Print Name  = rate_mode2_intp, Entries= 1521620, Total sum= 58684.7
TH1.Print Name  = cdtbtev, Entries= 468318, Total sum= 468318
TH1.Print Name  = evsr_all, Entries= 3521083, Total sum= 3.43779e+06
TH1.Print Name  = SMAP_allhits, Entries= 3521086, Total sum= 3.52109e+06
TH1.Print Name  = SMAP_allhits_sq, Entries= 3521086, Total sum= 3.52109e+06
TH1.Print Name  = seghitpat, Entries= 3521086, Total sum= 3.52109e+06
TH1.Print Name  = CCe, Entries= 3520939, Total sum= 1.52159e+06
TH1.Print Name  = ggCC, Entries= 3167130, Total sum= 2.77322e+06
TH1.Print Name  = z_plot, Entries= 3521086, Total sum= 3.5178e+06
TH1.Print Name  = crystal_hit, Entries= 0, Total sum= 0
TH1.Print Name  = SegE, Entries= 3520278, Total sum= 3.52028e+06
TH1.Print Name  = crXcr, Entries= 1583565, Total sum= 1.58356e+06
******************************************************************************
*Tree    :tree      : tree                                                   *
*Entries :  1000000 : Total =       154787862 bytes  File  Size =   36926930 *
*        :          : Tree compression factor =   4.19                       *
******************************************************************************
*Br    0 :runNumber : runNumber/I                                            *
*Entries :  1000000 : Total  Size=    4010425 bytes  File Size  =      30728 *
*Baskets :      101 : Basket Size=    1327104 bytes  Compression= 130.42     *
*............................................................................*
*Br    1 :numHits   : numHits/I                                              *
*Entries :  1000000 : Total  Size=    4010215 bytes  File Size  =      30523 *
*Baskets :      101 : Basket Size=    1326592 bytes  Compression= 131.29     *
*............................................................................*
*Br    2 :left      : left[numHits]/F                                        *
*Entries :  1000000 : Total  Size=    8031304 bytes  File Size  =    2845883 *
*Baskets :      300 : Basket Size=    9021952 bytes  Compression=   2.82     *
*............................................................................*
*Br    3 :right     : right[numHits]/F                                       *
*Entries :  1000000 : Total  Size=    8031608 bytes  File Size  =    2822728 *
*Baskets :      300 : Basket Size=    9022464 bytes  Compression=   2.84     *
*............................................................................*
*Br    4 :up        : up[numHits]/F                                          *
*Entries :  1000000 : Total  Size=    8030696 bytes  File Size  =    2796576 *
*Baskets :      300 : Basket Size=    9021952 bytes  Compression=   2.87     *
*............................................................................*
*Br    5 :down      : down[numHits]/F                                        *
*Entries :  1000000 : Total  Size=    8031304 bytes  File Size  =    2828194 *
*Baskets :      300 : Basket Size=    9021952 bytes  Compression=   2.84     *
*............................................................................*
*Br    6 :e1        : e1[numHits]/F                                          *
*Entries :  1000000 : Total  Size=    8030696 bytes  File Size  =    2733791 *
*Baskets :      300 : Basket Size=    9021952 bytes  Compression=   2.93     *
*............................................................................*
*Br    7 :e2        : e2[numHits]/F                                          *
*Entries :  1000000 : Total  Size=    8030696 bytes  File Size  =    2694924 *
*Baskets :      300 : Basket Size=    9021952 bytes  Compression=   2.98     *
*............................................................................*
*Br    8 :e3        : e3[numHits]/F                                          *
*Entries :  1000000 : Total  Size=    8030696 bytes  File Size  =    2610956 *
*Baskets :      300 : Basket Size=    9021952 bytes  Compression=   3.07     *
*............................................................................*
*Br    9 :tac       : tac[numHits]/F                                         *
*Entries :  1000000 : Total  Size=    8031000 bytes  File Size  =    2425320 *
*Baskets :      300 : Basket Size=    9021952 bytes  Compression=   3.31     *
*............................................................................*
*Br   10 :fmaDeltaTime : fmaDeltaTime[numHits]/F                             *
*Entries :  1000000 : Total  Size=    8033847 bytes  File Size  =    2061038 *
*Baskets :      301 : Basket Size=    9022976 bytes  Compression=   3.89     *
*............................................................................*
*Br   11 :fmaMult   : fmaMult[10]/I                                          *
*Entries :  1000000 : Total  Size=   40098227 bytes  File Size  =    1041529 *
*Baskets :      999 : Basket Size=   25600000 bytes  Compression=  38.48     *
*............................................................................*
*Br   12 :gammaMult : gammaMult/I                                            *
*Entries :  1000000 : Total  Size=    4010425 bytes  File Size  =     712049 *
*Baskets :      101 : Basket Size=    1327104 bytes  Compression=   5.63     *
*............................................................................*
*Br   13 :gammaEnergy : gammaEnergy[gammaMult]/F                             *
*Entries :  1000000 : Total  Size=   10125644 bytes  File Size  =    7186165 *
*Baskets :      352 : Basket Size=    9713152 bytes  Compression=   1.41     *
*............................................................................*
*Br   14 :gammaTimestamp : gammaTimestamp[gammaMult]/F                       *
*Entries :  1000000 : Total  Size=   10126712 bytes  File Size  =    1615437 *
*Baskets :      352 : Basket Size=    9713664 bytes  Compression=   6.26     *
*............................................................................*
*Br   15 :deltaTime : deltaTime[gammaMult]/F                                 *
*Entries :  1000000 : Total  Size=   10124932 bytes  File Size  =    2448458 *
*Baskets :      352 : Basket Size=    9712640 bytes  Compression=   4.13     *
*............................................................................*
TH1.Print Name  = eCC_a, Entries= 0, Total sum= 0
TH1.Print Name  = eCC_b, Entries= 0, Total sum= 0
TH1.Print Name  = eCC_c, Entries= 0, Total sum= 0
TH1.Print Name  = eCC_d, Entries= 121184, Total sum= 0
TH1.Print Name  = eSeg, Entries= 0, Total sum= 0
TH1.Print Name  = mode3_hitpat, Entries= 4207557, Total sum= 0
TH1.Print Name  = mode3_hitpat_chan, Entries= 4207557, Total sum= 4.20756e+06
TH1.Print Name  = chan0, Entries= 0, Total sum= 0
TH1.Print Name  = module, Entries= 4207557, Total sum= 4.20756e+06
TH1.Print Name  = chan, Entries= 4207557, Total sum= 4.20478e+06
TH1.Print Name  = l, Entries= 420756, Total sum= 420695
TH1.Print Name  = r, Entries= 420755, Total sum= 420747
TH1.Print Name  = up, Entries= 420756, Total sum= 420755
TH1.Print Name  = down, Entries= 420756, Total sum= 420752
TH1.Print Name  = sumlr, Entries= 408375, Total sum= 408375
TH1.Print Name  = sumud, Entries= 390690, Total sum= 390690
TH1.Print Name  = x, Entries= 408375, Total sum= 408375
TH1.Print Name  = y, Entries= 390690, Total sum= 390690
TH1.Print Name  = de1, Entries= 420756, Total sum= 420723
TH1.Print Name  = de2, Entries= 420756, Total sum= 420756
TH1.Print Name  = de3, Entries= 420756, Total sum= 419945
TH1.Print Name  = de12, Entries= 359879, Total sum= 359879
TH1.Print Name  = etot, Entries= 359879, Total sum= 359879
TH1.Print Name  = rftof, Entries= 420755, Total sum= 419211
TH1.Print Name  = lr, Entries= 1000000, Total sum= 999935
TH1.Print Name  = ud, Entries= 1000000, Total sum= 999996
TH1.Print Name  = ede1, Entries= 359879, Total sum= 359879
TH1.Print Name  = ede1g, Entries= 68778, Total sum= 68766
TH1.Print Name  = ede2, Entries= 359879, Total sum= 359879
TH1.Print Name  = ede12, Entries= 359879, Total sum= 359879
TH1.Print Name  = xde1, Entries= 359879, Total sum= 359879
TH1.Print Name  = erftof, Entries= 1000000, Total sum= 998456
TH1.Print Name  = erftofg, Entries= 27484, Total sum= 27417
TH1.Print Name  = sumehi, Entries= 1521621, Total sum= 1.52161e+06
TH1.Print Name  = tgppac, Entries= 1521621, Total sum= 388245
TH1.Print Name  = tgppacg, Entries= 68778, Total sum= 68778
TH1.Print Name  = xehi1, Entries= 1521621, Total sum= 1.52161e+06
TH1.Print Name  = xehi1g, Entries= 68778, Total sum= 68777
TH1.Print Name  = de1ehi, Entries= 1521621, Total sum= 1.52156e+06
TH1.Print Name  = de1ehig, Entries= 68778, Total sum= 68765
TH1.Print Name  = ng, Entries= 1000000, Total sum= 1e+06
TH1.Print Name  = ehiz1, Entries= 0, Total sum= 0
TH1.Print Name  = ehiz2, Entries= 0, Total sum= 0
TH1.Print Name  = ehiz3, Entries= 0, Total sum= 0
TH1.Print Name  = ehiz4, Entries= 0, Total sum= 0
TH1.Print Name  = ehiz5, Entries= 0, Total sum= 0
TH1.Print Name  = gg_dt, Entries= 80863, Total sum= 80863
TH1.Print Name  = gg, Entries= 161726, Total sum= 159654
TH1.Print Name  = gg_z1, Entries= 0, Total sum= 0
TH1.Print Name  = gg_z2, Entries= 0, Total sum= 0
TH1.Print Name  = gg_z3, Entries= 0, Total sum= 0
TH1.Print Name  = gg_z4, Entries= 0, Total sum= 0
TH1.Print Name  = gg_z5, Entries= 0, Total sum= 0
Pars.f1->Close();
done saving rootfile "/lcrc/project/HELIOS/gretinafma/root_data/run287.root


read 1000000 events; Pars.beta=0.0330; time since last update 1 minutes
CommandFileName="GEBSort.command"

sorted timestamp range 2306690595423-->2316203596299: 9513000876
that is 95.1 seconds or 0h1m35s
^^^^^ any timestamp jumps will upset this accounting

hit statistics per type
 1 GEB_TYPE_DECOMP          1632423 ;  17159.92 Hz 
 8 GEB_TYPE_GT_MOD29         423252 ;   4449.20 Hz 
read a total of              2055675 ; header/payloads


nn1=0
nn2=2055676
nn3=2055676

nok_validate= 1000000, ntot_validate=1000000; validate fraction 100.00%

bytes read=975468036, 930.278812 MB

boniva sancta! ...GEBSort (unexpectedly) did not crash!

 ** GEBSort is done at 
