started GEBSort at we have 9 arguments
1... -input
will take input from disk
file size is 16811768432 bytes or 16417 MBytes

4... -rootfile
rootfile name specified on command line
__will store spectra in rootfile: /lcrc/project/HELIOS/gretinafma/root_data/run82.root
will recreate root file
7... -chat
core file size          (blocks, -c) unlimited
data seg size           (kbytes, -d) unlimited
scheduling priority             (-e) 0
file size               (blocks, -f) unlimited
pending signals                 (-i) 510315
max locked memory       (kbytes, -l) unlimited
max memory size         (kbytes, -m) 128769024
open files                      (-n) 51200
pipe size            (512 bytes, -p) 8
POSIX message queues     (bytes, -q) 819200
real-time priority              (-r) 0
stack size              (kbytes, -s) unlimited
cpu time               (seconds, -t) unlimited
max user processes              (-u) 4096
virtual memory          (kbytes, -v) unlimited
file locks                      (-x) unlimited
will read sorting instructions from chatfile: GEBSort.chat

executing UserDeclare.h code


GEBsort running on: 

initializing

crmat.LINUX is open (input) binary format
read 7936 bytes into Pars.crmat
chat file: <GEBSort.chat> open

will sort a max of 1410065408 events
will sort a max of 1000000 events
will sort 86400 minutes of data
will print details of the first 10 events
will use Pars.Beta (v/c) correction of 0.033000
will sort using a time window of 150
Pars.do_bin_mode2=1
Pars.do_bin_mode3=1
will accept second interaction range between 10.000000 and 500.000000 mm
"1-200"
detector   1 is ENABLED
detector   2 is ENABLED
detector   3 is ENABLED
detector   4 is ENABLED
detector   5 is ENABLED
detector   6 is ENABLED
detector   7 is ENABLED
detector   8 is ENABLED
detector   9 is ENABLED
detector  10 is ENABLED
detector  11 is ENABLED
detector  12 is ENABLED
detector  13 is ENABLED
detector  14 is ENABLED
detector  15 is ENABLED
detector  16 is ENABLED
detector  17 is ENABLED
detector  18 is ENABLED
detector  19 is ENABLED
detector  20 is ENABLED
detector  21 is ENABLED
detector  22 is ENABLED
detector  23 is ENABLED
detector  24 is ENABLED
detector  25 is ENABLED
detector  26 is ENABLED
detector  27 is ENABLED
detector  28 is ENABLED
detector  29 is ENABLED
detector  30 is ENABLED
detector  31 is ENABLED
detector  32 is ENABLED
detector  33 is ENABLED
detector  34 is ENABLED
detector  35 is ENABLED
detector  36 is ENABLED
detector  37 is ENABLED
detector  38 is ENABLED
detector  39 is ENABLED
detector  40 is ENABLED
detector  41 is ENABLED
detector  42 is ENABLED
detector  43 is ENABLED
detector  44 is ENABLED
detector  45 is ENABLED
detector  46 is ENABLED
detector  47 is ENABLED
detector  48 is ENABLED
detector  49 is ENABLED
detector  50 is ENABLED
detector  51 is ENABLED
detector  52 is ENABLED
detector  53 is ENABLED
detector  54 is ENABLED
detector  55 is ENABLED
detector  56 is ENABLED
detector  57 is ENABLED
detector  58 is ENABLED
detector  59 is ENABLED
detector  60 is ENABLED
detector  61 is ENABLED
detector  62 is ENABLED
detector  63 is ENABLED
detector  64 is ENABLED
detector  65 is ENABLED
detector  66 is ENABLED
detector  67 is ENABLED
detector  68 is ENABLED
detector  69 is ENABLED
detector  70 is ENABLED
detector  71 is ENABLED
detector  72 is ENABLED
detector  73 is ENABLED
detector  74 is ENABLED
detector  75 is ENABLED
detector  76 is ENABLED
detector  77 is ENABLED
detector  78 is ENABLED
detector  79 is ENABLED
detector  80 is ENABLED
detector  81 is ENABLED
detector  82 is ENABLED
detector  83 is ENABLED
detector  84 is ENABLED
detector  85 is ENABLED
detector  86 is ENABLED
detector  87 is ENABLED
detector  88 is ENABLED
detector  89 is ENABLED
detector  90 is ENABLED
detector  91 is ENABLED
detector  92 is ENABLED
detector  93 is ENABLED
detector  94 is ENABLED
detector  95 is ENABLED
detector  96 is ENABLED
detector  97 is ENABLED
detector  98 is ENABLED
detector  99 is ENABLED
detector 100 is ENABLED
detector 101 is ENABLED
detector 102 is ENABLED
detector 103 is ENABLED
detector 104 is ENABLED
detector 105 is ENABLED
detector 106 is ENABLED
detector 107 is ENABLED
detector 108 is ENABLED
detector 109 is ENABLED
detector 110 is ENABLED
detector 111 is ENABLED
detector 112 is ENABLED
detector 113 is ENABLED
detector 114 is ENABLED
detector 115 is ENABLED
detector 116 is ENABLED
detector 117 is ENABLED
detector 118 is ENABLED
detector 119 is ENABLED
detector 120 is ENABLED
detector 121 is ENABLED
detector 122 is ENABLED
detector 123 is ENABLED
detector 124 is ENABLED
detector 125 is ENABLED
detector 126 is ENABLED
detector 127 is ENABLED
detector 128 is ENABLED
detector 129 is ENABLED
detector 130 is ENABLED
detector 131 is ENABLED
detector 132 is ENABLED
detector 133 is ENABLED
detector 134 is ENABLED
detector 135 is ENABLED
detector 136 is ENABLED
detector 137 is ENABLED
detector 138 is ENABLED
detector 139 is ENABLED
detector 140 is ENABLED
detector 141 is ENABLED
detector 142 is ENABLED
detector 143 is ENABLED
detector 144 is ENABLED
detector 145 is ENABLED
detector 146 is ENABLED
detector 147 is ENABLED
detector 148 is ENABLED
detector 149 is ENABLED
detector 150 is ENABLED
detector 151 is ENABLED
detector 152 is ENABLED
detector 153 is ENABLED
detector 154 is ENABLED
detector 155 is ENABLED
detector 156 is ENABLED
detector 157 is ENABLED
detector 158 is ENABLED
detector 159 is ENABLED
detector 160 is ENABLED
detector 161 is ENABLED
detector 162 is ENABLED
detector 163 is ENABLED
detector 164 is ENABLED
detector 165 is ENABLED
detector 166 is ENABLED
detector 167 is ENABLED
detector 168 is ENABLED
detector 169 is ENABLED
detector 170 is ENABLED
detector 171 is ENABLED
detector 172 is ENABLED
detector 173 is ENABLED
detector 174 is ENABLED
detector 175 is ENABLED
detector 176 is ENABLED
detector 177 is ENABLED
detector 178 is ENABLED
detector 179 is ENABLED
detector 180 is ENABLED
detector 181 is ENABLED
detector 182 is ENABLED
detector 183 is ENABLED
detector 184 is ENABLED
detector 185 is ENABLED
detector 186 is ENABLED
detector 187 is ENABLED
detector 188 is ENABLED
detector 189 is ENABLED
detector 190 is ENABLED
detector 191 is ENABLED
detector 192 is ENABLED
detector 193 is ENABLED
detector 194 is ENABLED
detector 195 is ENABLED
detector 196 is ENABLED
detector 197 is ENABLED
detector 198 is ENABLED
detector 199 is ENABLED
WARNING: could not open CCcal file "CCenergy.cal", quit
will use beam direction 0.000000 0.000000 1.000000
vector length= 1.000000, normalizing
will use beam direction 0.000000 0.000000 1.000000
Pars.ndetlimlo=1,Pars.ndetlimhi=8
will require mult bt: 1 20
fomlimits, 1, 0.00 ..to.. 0.80
fomlimits, 2, 0.00 ..to.. 0.80
fomlimits, 3, 0.00 ..to.. 0.80
fomlimits, 4, 0.00 ..to.. 0.80
fomlimits, 5, 0.00 ..to.. 0.80
fomlimits, 6, 0.00 ..to.. 0.80
fomlimits, 7, 0.00 ..to.. 0.80
will use M= 350.000000 in bin_dgs
will use PZ file "dgs_pz.cal" in bin_dgs
will use ecal file "dgs_ehi.cal" in bin_dgs
will skip rest of chat file

chat file: <GEBSort.chat> closed
processed 39 sort instructions and 198 lines


sorting this:
Pars.do_bin_mode3 = 1
Pars.do_bin_mode2 = 1
Pars.do_bin_mode1 = 0
Pars.do_bin_dgs = 0
Pars.do_bin_dfma = 0
Pars.do_bin_gtcal = 0
Pars.do_bin_template = 0
Pars.do_bin_final = 0
Pars.do_bin_angcor = 0
Pars.do_bin_angdis = 0
checking proper input of chat file...
input file "/lcrc/project/HELIOS/gretinafma/merged_data/GEBMerged_run82.gtd_000" is open, inData=0x26766a60
file size is -368100752 bytes or -359 MBs 
input source is set up, supposedly

xyz offset values:

executing ShareMemFileUserInit.h code

deleted \rm -f GEBSort.command
root file </lcrc/project/HELIOS/gretinafma/root_data/run82.root>
base=</lcrc/project/HELIOS/gretinafma/root_data/run82.root:/>
TFile: name=/lcrc/project/HELIOS/gretinafma/root_data/run82.root, title=, option=CREATE

executing UserInit.h code

Created Object "dtbtev", 0x277bc0a0
Created Object "T0", 0x277bc4b0
, "T0"Created Object "hitpat", 0x277bc8a0
, "hitpat"Created Object "numHitArray2", 0x277bd2f0
, "numHitArray2"Created Object "CCmult", 0x277bddb0
, "CC Multiplicity"Created Object "CCsum", 0x27a8fac0
, "CCsum"Created Object "hit2", 0x27a9f8d0
, "hit2"Created Object "hit3", 0x27aaf6e0
, "hit3"Created Object "hit4", 0x27abf4f0
, "hit4"Created Object "CCsum_nodop", 0x27acf300
, "CCsum_nodop"Created Object "CCadd", 0x27adf110
, "CCadd"Created Object "SEGadd_FPGA", 0x27aeef20
Created Object "SEGadd_PSA", 0x27aef330
Created Object "SEGsum_FPGA", 0x27aef740
Created Object "SEGsum_PSA", 0x27aefb50
Created Object "radius_all", 0x27aeff60
, "radius (all points)"Created Object "rate_mode2_min", 0x27af8370
, "rate_mode2_min headers"Created Object "rate_mode2_sec", 0x27afb480
, "rate_mode2_sec headers"Created Object "rate_mode2_intp", 0x27afe590
, "rate_mode2 interaction points"Created Object "cdtbtev", 0x27b016a0
Created Object "evsr_all", 0x27bc7610
Created Object "SMAP_allhits", 0x27bc7b50
Created Object "SMAP_allhits_sq", 0x27cc74e0
Created Object "seghitpat", 0x27dc6e70
Created Object "CCe", 0x27dcf270
Created Object "ggCC", 0x27dcf820
Created Object "z_plot", 0x27dcfdd0
Created Object "crystal_hit", 0x27e834a0
Created Object "SegE", 0x27e83a70
Created Object "crXcr", 0x27e83fb0
MAXDETPOS=180
Created Object "eCC_a", 0x27f71b10
Created Object "eCC_b", 0x27f71f20
Created Object "eCC_c", 0x27f72390
Created Object "eCC_d", 0x27f72940
Created Object "eSeg", 0x27f72e80
Created Object "mode3_hitpat", 0x27f73430
, "mode3_hitpat"Created Object "mode3_hitpat_chan", 0x27f73da0
, "mode3_hitpat_chan"Created Object "chan0", 0x27f744d0
, "chan0"Created Object "module", 0x27f88300
, "module"Created Object "chan", 0x27f9c130
Created Object "l", 0x28011a50
, "l"Created Object "r", 0x28025880
, "r"Created Object "up", 0x28039640
, "up"Created Object "down", 0x2804d400
, "down"Created Object "sumlr", 0x28061230
, "sumlr"Created Object "sumud", 0x28075060
, "sumud"Created Object "x", 0x28088e90
, "x"Created Object "y", 0x2809ccc0
, "y"Created Object "de1", 0x280b0af0
, "de1"Created Object "de2", 0x280c48b0
, "de2"Created Object "de3", 0x280d8670
, "de3"Created Object "de12", 0x280ec4a0
, "de12"Created Object "etot", 0x281002d0
, "etot"Created Object "rftof", 0x28114090
, "rftof"Created Object "lr", 0x28127e50
Created Object "ud", 0x28128390
Created Object "ede1", 0x281288d0
Created Object "ede1g", 0x28128e10
Created Object "ede2", 0x281293c0
Created Object "ede12", 0x28129970
Created Object "xde1", 0x28129f20
Created Object "erftof", 0x2812a460
Created Object "erftofg", 0x2812a9a0
Created Object "sumehi", 0x2812af50
, "sumehi"Created Object "tgppac", 0x2813ed10
, "tgppac"Created Object "tgppacg", 0x281663c0
, "tgppacg"Created Object "xehi1", 0x2818da70
Created Object "xehi1g", 0x2818dfb0
Created Object "de1ehi", 0x2818e560
Created Object "de1ehig", 0x2818eaa0
Created Object "ng", 0x2818efe0
, "ng"Created Object "ehiz1", 0x281a2da0
, "ehiz1"Created Object "ehiz2", 0x281b6b60
, "ehiz2"Created Object "ehiz3", 0x281ca990
, "ehiz3"Created Object "ehiz4", 0x281de7c0
, "ehiz4"Created Object "ehiz5", 0x281f25f0
, "ehiz5"Created Object "gg_dt", 0x282063b0
, "gg_dt"Created Object "gg", 0x2820a7e0
Created Object "gg_z1", 0x2820ad90
Created Object "gg_z2", 0x2820b340
Created Object "gg_z3", 0x2820b8f0
Created Object "gg_z4", 0x2820bea0
Created Object "gg_z5", 0x2820c3e0
we have define the following ROOT spectra:
Collection name='THashList', class='THashList', size=84
 TH1.Print Name  = dtbtev, Entries= 0, Total sum= 0
 TH1.Print Name  = T0, Entries= 0, Total sum= 0
 TH1.Print Name  = hitpat, Entries= 0, Total sum= 0
 TH1.Print Name  = numHitArray2, Entries= 0, Total sum= 0
 TH1.Print Name  = CCmult, Entries= 0, Total sum= 0
 TH1.Print Name  = CCsum, Entries= 0, Total sum= 0
 TH1.Print Name  = hit2, Entries= 0, Total sum= 0
 TH1.Print Name  = hit3, Entries= 0, Total sum= 0
 TH1.Print Name  = hit4, Entries= 0, Total sum= 0
 TH1.Print Name  = CCsum_nodop, Entries= 0, Total sum= 0
 TH1.Print Name  = CCadd, Entries= 0, Total sum= 0
 TH1.Print Name  = SEGadd_FPGA, Entries= 0, Total sum= 0
 TH1.Print Name  = SEGadd_PSA, Entries= 0, Total sum= 0
 TH1.Print Name  = SEGsum_FPGA, Entries= 0, Total sum= 0
 TH1.Print Name  = SEGsum_PSA, Entries= 0, Total sum= 0
 TH1.Print Name  = radius_all, Entries= 0, Total sum= 0
 TH1.Print Name  = rate_mode2_min, Entries= 0, Total sum= 0
 TH1.Print Name  = rate_mode2_sec, Entries= 0, Total sum= 0
 TH1.Print Name  = rate_mode2_intp, Entries= 0, Total sum= 0
 TH1.Print Name  = cdtbtev, Entries= 0, Total sum= 0
 TH1.Print Name  = evsr_all, Entries= 0, Total sum= 0
 TH1.Print Name  = SMAP_allhits, Entries= 0, Total sum= 0
 TH1.Print Name  = SMAP_allhits_sq, Entries= 0, Total sum= 0
 TH1.Print Name  = seghitpat, Entries= 0, Total sum= 0
 TH1.Print Name  = CCe, Entries= 0, Total sum= 0
 TH1.Print Name  = ggCC, Entries= 0, Total sum= 0
 TH1.Print Name  = z_plot, Entries= 0, Total sum= 0
 TH1.Print Name  = crystal_hit, Entries= 0, Total sum= 0
 TH1.Print Name  = SegE, Entries= 0, Total sum= 0
 TH1.Print Name  = crXcr, Entries= 0, Total sum= 0
 ******************************************************************************
*Tree    :tree      : tree                                                   *
*Entries :        0 : Total =            8461 bytes  File  Size =          0 *
*        :          : Tree compression factor =   1.00                       *
******************************************************************************
*Br    0 :runNumber : runNumber/I                                            *
*Entries :        0 : Total  Size=        501 bytes  One basket in memory    *
*Baskets :        0 : Basket Size=      32000 bytes  Compression=   1.00     *
*............................................................................*
*Br    1 :numHits   : numHits/I                                              *
*Entries :        0 : Total  Size=        493 bytes  One basket in memory    *
*Baskets :        0 : Basket Size=      32000 bytes  Compression=   1.00     *
*............................................................................*
*Br    2 :left      : left[numHits]/F                                        *
*Entries :        0 : Total  Size=        580 bytes  One basket in memory    *
*Baskets :        0 : Basket Size=      32000 bytes  Compression=   1.00     *
*............................................................................*
*Br    3 :right     : right[numHits]/F                                       *
*Entries :        0 : Total  Size=        584 bytes  One basket in memory    *
*Baskets :        0 : Basket Size=      32000 bytes  Compression=   1.00     *
*............................................................................*
*Br    4 :up        : up[numHits]/F                                          *
*Entries :        0 : Total  Size=        572 bytes  One basket in memory    *
*Baskets :        0 : Basket Size=      32000 bytes  Compression=   1.00     *
*............................................................................*
*Br    5 :down      : down[numHits]/F                                        *
*Entries :        0 : Total  Size=        580 bytes  One basket in memory    *
*Baskets :        0 : Basket Size=      32000 bytes  Compression=   1.00     *
*............................................................................*
*Br    6 :e1        : e1[numHits]/F                                          *
*Entries :        0 : Total  Size=        572 bytes  One basket in memory    *
*Baskets :        0 : Basket Size=      32000 bytes  Compression=   1.00     *
*............................................................................*
*Br    7 :e2        : e2[numHits]/F                                          *
*Entries :        0 : Total  Size=        572 bytes  One basket in memory    *
*Baskets :        0 : Basket Size=      32000 bytes  Compression=   1.00     *
*............................................................................*
*Br    8 :e3        : e3[numHits]/F                                          *
*Entries :        0 : Total  Size=        572 bytes  One basket in memory    *
*Baskets :        0 : Basket Size=      32000 bytes  Compression=   1.00     *
*............................................................................*
*Br    9 :tac       : tac[numHits]/F                                         *
*Entries :        0 : Total  Size=        576 bytes  One basket in memory    *
*Baskets :        0 : Basket Size=      32000 bytes  Compression=   1.00     *
*............................................................................*
*Br   10 :fmaDeltaTime : fmaDeltaTime[numHits]/F                             *
*Entries :        0 : Total  Size=        612 bytes  One basket in memory    *
*Baskets :        0 : Basket Size=      32000 bytes  Compression=   1.00     *
*............................................................................*
*Br   11 :fmaMult   : fmaMult[10]/I                                          *
*Entries :        0 : Total  Size=        501 bytes  One basket in memory    *
*Baskets :        0 : Basket Size=      32000 bytes  Compression=   1.00     *
*............................................................................*
*Br   12 :gammaMult : gammaMult/I                                            *
*Entries :        0 : Total  Size=        501 bytes  One basket in memory    *
*Baskets :        0 : Basket Size=      32000 bytes  Compression=   1.00     *
*............................................................................*
*Br   13 :gammaEnergy : gammaEnergy[gammaMult]/F                             *
*Entries :        0 : Total  Size=        616 bytes  One basket in memory    *
*Baskets :        0 : Basket Size=      32000 bytes  Compression=   1.00     *
*............................................................................*
*Br   14 :gammaTimestamp : gammaTimestamp[gammaMult]/F                       *
*Entries :        0 : Total  Size=        628 bytes  One basket in memory    *
*Baskets :        0 : Basket Size=      32000 bytes  Compression=   1.00     *
*............................................................................*
*Br   15 :deltaTime : deltaTime[gammaMult]/F                                 *
*Entries :        0 : Total  Size=        608 bytes  One basket in memory    *
*Baskets :        0 : Basket Size=      32000 bytes  Compression=   1.00     *
*............................................................................*
 TH1.Print Name  = eCC_a, Entries= 0, Total sum= 0
 TH1.Print Name  = eCC_b, Entries= 0, Total sum= 0
 TH1.Print Name  = eCC_c, Entries= 0, Total sum= 0
 TH1.Print Name  = eCC_d, Entries= 0, Total sum= 0
 TH1.Print Name  = eSeg, Entries= 0, Total sum= 0
 TH1.Print Name  = mode3_hitpat, Entries= 0, Total sum= 0
 TH1.Print Name  = mode3_hitpat_chan, Entries= 0, Total sum= 0
 TH1.Print Name  = chan0, Entries= 0, Total sum= 0
 TH1.Print Name  = module, Entries= 0, Total sum= 0
 TH1.Print Name  = chan, Entries= 0, Total sum= 0
 TH1.Print Name  = l, Entries= 0, Total sum= 0
 TH1.Print Name  = r, Entries= 0, Total sum= 0
 TH1.Print Name  = up, Entries= 0, Total sum= 0
 TH1.Print Name  = down, Entries= 0, Total sum= 0
 TH1.Print Name  = sumlr, Entries= 0, Total sum= 0
 TH1.Print Name  = sumud, Entries= 0, Total sum= 0
 TH1.Print Name  = x, Entries= 0, Total sum= 0
 TH1.Print Name  = y, Entries= 0, Total sum= 0
 TH1.Print Name  = de1, Entries= 0, Total sum= 0
 TH1.Print Name  = de2, Entries= 0, Total sum= 0
 TH1.Print Name  = de3, Entries= 0, Total sum= 0
 TH1.Print Name  = de12, Entries= 0, Total sum= 0
 TH1.Print Name  = etot, Entries= 0, Total sum= 0
 TH1.Print Name  = rftof, Entries= 0, Total sum= 0
 TH1.Print Name  = lr, Entries= 0, Total sum= 0
 TH1.Print Name  = ud, Entries= 0, Total sum= 0
 TH1.Print Name  = ede1, Entries= 0, Total sum= 0
 TH1.Print Name  = ede1g, Entries= 0, Total sum= 0
 TH1.Print Name  = ede2, Entries= 0, Total sum= 0
 TH1.Print Name  = ede12, Entries= 0, Total sum= 0
 TH1.Print Name  = xde1, Entries= 0, Total sum= 0
 TH1.Print Name  = erftof, Entries= 0, Total sum= 0
 TH1.Print Name  = erftofg, Entries= 0, Total sum= 0
 TH1.Print Name  = sumehi, Entries= 0, Total sum= 0
 TH1.Print Name  = tgppac, Entries= 0, Total sum= 0
 TH1.Print Name  = tgppacg, Entries= 0, Total sum= 0
 TH1.Print Name  = xehi1, Entries= 0, Total sum= 0
 TH1.Print Name  = xehi1g, Entries= 0, Total sum= 0
 TH1.Print Name  = de1ehi, Entries= 0, Total sum= 0
 TH1.Print Name  = de1ehig, Entries= 0, Total sum= 0
 TH1.Print Name  = ng, Entries= 0, Total sum= 0
 TH1.Print Name  = ehiz1, Entries= 0, Total sum= 0
 TH1.Print Name  = ehiz2, Entries= 0, Total sum= 0
 TH1.Print Name  = ehiz3, Entries= 0, Total sum= 0
 TH1.Print Name  = ehiz4, Entries= 0, Total sum= 0
 TH1.Print Name  = ehiz5, Entries= 0, Total sum= 0
 TH1.Print Name  = gg_dt, Entries= 0, Total sum= 0
 TH1.Print Name  = gg, Entries= 0, Total sum= 0
 TH1.Print Name  = gg_z1, Entries= 0, Total sum= 0
 TH1.Print Name  = gg_z2, Entries= 0, Total sum= 0
 TH1.Print Name  = gg_z3, Entries= 0, Total sum= 0
 TH1.Print Name  = gg_z4, Entries= 0, Total sum= 0
 TH1.Print Name  = gg_z5, Entries= 0, Total sum= 0
GRETINA detector angles
mod  1, crystal 0 [  4]: ( 10.07   3.58  15.10) pol   35.30 ,  azi   13.35; pol   35.30 ,  azi   19.58; modCCdopfac[4] 1.0271
mod  1, crystal 1 [  5]: ( 10.11   9.19  12.47) pol   47.60 ,  azi   36.39; pol   47.60 ,  azi   42.30; modCCdopfac[5] 1.0222
mod  1, crystal 2 [  6]: (  5.44   7.69  15.92) pol   30.60 ,  azi   25.77; pol   30.60 ,  azi   54.72; modCCdopfac[6] 1.0287
mod  1, crystal 3 [  7]: (  4.99   1.78  17.72) pol   16.65 ,  azi    5.72; pol   16.65 ,  azi   19.58; modCCdopfac[7] 1.0321
mod  2, crystal 0 [  8]: ( -0.29  10.69  15.10) pol   35.30 ,  azi   35.29; pol   35.30 ,  azi   91.58; modCCdopfac[8] 1.0271
mod  2, crystal 1 [  9]: ( -5.62  12.45  12.47) pol   47.60 ,  azi   44.95; pol   47.60 ,  azi  114.30; modCCdopfac[9] 1.0222
mod  2, crystal 2 [ 10]: ( -5.63   7.55  15.92) pol   30.60 ,  azi   25.36; pol   30.60 ,  azi  126.72; modCCdopfac[10] 1.0287
mod  2, crystal 3 [ 11]: ( -0.15   5.30  17.72) pol   16.65 ,  azi   16.64; pol   16.65 ,  azi   91.58; modCCdopfac[11] 1.0321
mod  3, crystal 0 [ 12]: (-10.25   3.02  15.10) pol   35.30 ,  azi   11.32; pol   35.30 ,  azi  163.58; modCCdopfac[12] 1.0271
mod  3, crystal 1 [ 13]: (-13.58  -1.50  12.47) pol   47.60 ,  azi   -6.85; pol   47.60 ,  azi -173.70; modCCdopfac[13] 1.0222
mod  3, crystal 2 [ 14]: ( -8.92  -3.02  15.92) pol   30.60 ,  azi  -10.75; pol   30.60 ,  azi -161.28; modCCdopfac[14] 1.0287
mod  3, crystal 3 [ 15]: ( -5.08   1.50  17.72) pol   16.65 ,  azi    4.83; pol   16.65 ,  azi  163.58; modCCdopfac[15] 1.0321
mod  4, crystal 0 [ 16]: ( -6.04  -8.82  15.10) pol   35.30 ,  azi  -30.29; pol   35.30 ,  azi -124.42; modCCdopfac[16] 1.0271
mod  4, crystal 1 [ 17]: ( -2.77 -13.38  12.47) pol   47.60 ,  azi  -47.00; pol   47.60 ,  azi -101.70; modCCdopfac[17] 1.0222
mod  4, crystal 2 [ 18]: (  0.12  -9.42  15.92) pol   30.60 ,  azi  -30.60; pol   30.60 ,  azi  -89.28; modCCdopfac[18] 1.0287
mod  4, crystal 3 [ 19]: ( -3.00  -4.37  17.72) pol   16.65 ,  azi  -13.86; pol   16.65 ,  azi -124.42; modCCdopfac[19] 1.0321
mod  5, crystal 0 [ 20]: (  6.52  -8.47  15.10) pol   35.30 ,  azi  -29.30; pol   35.30 ,  azi  -52.42; modCCdopfac[20] 1.0271
mod  5, crystal 1 [ 21]: ( 11.87  -6.77  12.47) pol   47.60 ,  azi  -28.49; pol   47.60 ,  azi  -29.70; modCCdopfac[21] 1.0222
mod  5, crystal 2 [ 22]: (  8.99  -2.80  15.92) pol   30.60 ,  azi   -9.96; pol   30.60 ,  azi  -17.28; modCCdopfac[22] 1.0287
mod  5, crystal 3 [ 23]: (  3.23  -4.20  17.72) pol   16.65 ,  azi  -13.33; pol   16.65 ,  azi  -52.42; modCCdopfac[23] 1.0321
mod  6, crystal 0 [ 24]: (  4.54  16.51   7.02) pol   67.71 ,  azi   66.97; pol   67.71 ,  azi   74.63; modCCdopfac[24] 1.0121
mod  6, crystal 1 [ 25]: ( -0.33  15.15  10.61) pol   55.02 ,  azi   55.01; pol   55.02 ,  azi   91.23; modCCdopfac[25] 1.0187
mod  6, crystal 2 [ 26]: (  5.05  13.00  12.16) pol   48.92 ,  azi   46.92; pol   48.92 ,  azi   68.77; modCCdopfac[26] 1.0216
mod  6, crystal 3 [ 27]: (  9.66  13.57   8.06) pol   64.18 ,  azi   59.29; pol   64.18 ,  azi   54.55; modCCdopfac[27] 1.0140
mod  7, crystal 0 [ 28]: (-14.30   9.42   7.02) pol   67.71 ,  azi   53.31; pol   67.71 ,  azi  146.63; modCCdopfac[28] 1.0121
mod  7, crystal 1 [ 29]: (-14.51   4.37  10.61) pol   55.02 ,  azi   22.40; pol   55.02 ,  azi  163.23; modCCdopfac[29] 1.0187
mod  7, crystal 2 [ 30]: (-10.80   8.82  12.16) pol   48.92 ,  azi   35.96; pol   48.92 ,  azi  140.77; modCCdopfac[30] 1.0216
mod  7, crystal 3 [ 31]: ( -9.92  13.38   8.06) pol   64.18 ,  azi   58.94; pol   64.18 ,  azi  126.55; modCCdopfac[31] 1.0140
mod  8, crystal 0 [ 32]: (-13.37 -10.69   7.02) pol   67.71 ,  azi  -56.71; pol   67.71 ,  azi -141.37; modCCdopfac[32] 1.0121
mod  8, crystal 1 [ 33]: ( -8.64 -12.45  10.61) pol   55.02 ,  azi  -49.58; pol   55.02 ,  azi -124.77; modCCdopfac[33] 1.0187
mod  8, crystal 2 [ 34]: (-11.73  -7.55  12.16) pol   48.92 ,  azi  -31.84; pol   48.92 ,  azi -147.23; modCCdopfac[34] 1.0216
mod  8, crystal 3 [ 35]: (-15.79  -5.30   8.06) pol   64.18 ,  azi  -33.33; pol   64.18 ,  azi -161.45; modCCdopfac[35] 1.0140
mod  9, crystal 0 [ 36]: (  6.03 -16.02   7.02) pol   67.71 ,  azi  -66.35; pol   67.71 ,  azi  -69.37; modCCdopfac[36] 1.0121
mod  9, crystal 1 [ 37]: (  9.17 -12.07  10.61) pol   55.02 ,  azi  -48.69; pol   55.02 ,  azi  -52.77; modCCdopfac[37] 1.0187
mod  9, crystal 2 [ 38]: (  3.56 -13.48  12.16) pol   48.92 ,  azi  -47.96; pol   48.92 ,  azi  -75.23; modCCdopfac[38] 1.0216
mod  9, crystal 3 [ 39]: (  0.16 -16.65   8.06) pol   64.18 ,  azi  -64.18; pol   64.18 ,  azi  -89.45; modCCdopfac[39] 1.0140
mod 10, crystal 0 [ 40]: ( 17.10   0.79   7.02) pol   67.71 ,  azi    6.39; pol   67.71 ,  azi    2.63; modCCdopfac[40] 1.0121
mod 10, crystal 1 [ 41]: ( 14.31   4.99  10.61) pol   55.02 ,  azi   25.21; pol   55.02 ,  azi   19.23; modCCdopfac[41] 1.0187
mod 10, crystal 2 [ 42]: ( 13.92  -0.79  12.16) pol   48.92 ,  azi   -3.70; pol   48.92 ,  azi   -3.23; modCCdopfac[42] 1.0216
mod 10, crystal 3 [ 43]: ( 15.89  -4.99   8.06) pol   64.18 ,  azi  -31.79; pol   64.18 ,  azi  -17.45; modCCdopfac[43] 1.0140
mod 11, crystal 0 [ 44]: ( 18.26   2.80   0.92) pol   87.15 ,  azi   71.78; pol   87.15 ,  azi    8.71; modCCdopfac[44] 1.0011
mod 11, crystal 1 [ 45]: ( 17.30   4.20  -5.04) pol  105.79 ,  azi  140.16; pol  105.79 ,  azi   13.65; modCCdopfac[45] 0.9906
mod 11, crystal 2 [ 46]: ( 16.42   8.47  -0.92) pol   92.85 ,  azi   96.20; pol   92.85 ,  azi   27.29; modCCdopfac[46] 0.9978
mod 11, crystal 3 [ 47]: ( 16.46   6.77   5.04) pol   74.21 ,  azi   53.36; pol   74.21 ,  azi   22.35; modCCdopfac[47] 1.0085
mod 12, crystal 0 [ 48]: ( 12.46  13.48  -2.26) pol   97.01 ,  azi   99.50; pol   97.01 ,  azi   47.25; modCCdopfac[48] 0.9954
mod 12, crystal 1 [ 49]: (  7.28  16.65  -3.46) pol  100.78 ,  azi  101.74; pol  100.78 ,  azi   66.39; modCCdopfac[49] 0.9933
mod 12, crystal 2 [ 50]: (  8.97  16.02   2.26) pol   82.99 ,  azi   81.98; pol   82.99 ,  azi   60.75; modCCdopfac[50] 1.0035
mod 12, crystal 3 [ 51]: ( 13.59  12.07   3.46) pol   79.22 ,  azi   74.00; pol   79.22 ,  azi   41.61; modCCdopfac[51] 1.0057
mod 13, crystal 0 [ 52]: (  2.98  18.23   0.92) pol   87.15 ,  azi   87.11; pol   87.15 ,  azi   80.71; modCCdopfac[52] 1.0011
mod 13, crystal 1 [ 53]: (  1.35  17.75  -5.04) pol  105.79 ,  azi  105.84; pol  105.79 ,  azi   85.65; modCCdopfac[53] 0.9906
mod 13, crystal 2 [ 54]: ( -2.98  18.23  -0.92) pol   92.85 ,  azi   92.89; pol   92.85 ,  azi   99.29; modCCdopfac[54] 0.9978
mod 13, crystal 3 [ 55]: ( -1.35  17.75   5.04) pol   74.21 ,  azi   74.16; pol   74.21 ,  azi   94.35; modCCdopfac[55] 1.0085
mod 14, crystal 0 [ 56]: ( -8.97  16.02  -2.26) pol   97.01 ,  azi   98.02; pol   97.01 ,  azi  119.25; modCCdopfac[56] 0.9954
mod 14, crystal 1 [ 57]: (-13.59  12.07  -3.46) pol  100.78 ,  azi  106.00; pol  100.78 ,  azi  138.39; modCCdopfac[57] 0.9933
mod 14, crystal 2 [ 58]: (-12.46  13.48   2.26) pol   82.99 ,  azi   80.50; pol   82.99 ,  azi  132.75; modCCdopfac[58] 1.0035
mod 14, crystal 3 [ 59]: ( -7.28  16.65   3.46) pol   79.22 ,  azi   78.26; pol   79.22 ,  azi  113.61; modCCdopfac[59] 1.0057
mod 15, crystal 0 [ 60]: (-16.42   8.47   0.92) pol   87.15 ,  azi   83.80; pol   87.15 ,  azi  152.71; modCCdopfac[60] 1.0011
mod 15, crystal 1 [ 61]: (-16.46   6.77  -5.04) pol  105.79 ,  azi  126.64; pol  105.79 ,  azi  157.65; modCCdopfac[61] 0.9906
mod 15, crystal 2 [ 62]: (-18.26   2.80  -0.92) pol   92.85 ,  azi  108.22; pol   92.85 ,  azi  171.29; modCCdopfac[62] 0.9978
mod 15, crystal 3 [ 63]: (-17.30   4.20   5.04) pol   74.21 ,  azi   39.84; pol   74.21 ,  azi  166.35; modCCdopfac[63] 1.0085
mod 16, crystal 0 [ 64]: (-18.01  -3.58  -2.26) pol   97.01 ,  azi -122.21; pol   97.01 ,  azi -168.75; modCCdopfac[64] 0.9954
mod 16, crystal 1 [ 65]: (-15.68  -9.19  -3.46) pol  100.78 ,  azi -110.62; pol  100.78 ,  azi -149.61; modCCdopfac[65] 0.9933
mod 16, crystal 2 [ 66]: (-16.68  -7.69   2.26) pol   82.99 ,  azi  -73.64; pol   82.99 ,  azi -155.25; modCCdopfac[66] 1.0035
mod 16, crystal 3 [ 67]: (-18.09  -1.78   3.46) pol   79.22 ,  azi  -27.18; pol   79.22 ,  azi -174.39; modCCdopfac[67] 1.0057
mod 17, crystal 0 [ 68]: (-13.13 -13.00   0.92) pol   87.15 ,  azi  -85.95; pol   87.15 ,  azi -135.29; modCCdopfac[68] 1.0011
mod 17, crystal 1 [ 69]: (-11.53 -13.57  -5.04) pol  105.79 ,  azi -110.36; pol  105.79 ,  azi -130.35; modCCdopfac[69] 0.9906
mod 17, crystal 2 [ 70]: ( -8.30 -16.51  -0.92) pol   92.85 ,  azi  -93.19; pol   92.85 ,  azi -116.71; modCCdopfac[70] 0.9978
mod 17, crystal 3 [ 71]: ( -9.34 -15.15   5.04) pol   74.21 ,  azi  -71.62; pol   74.21 ,  azi -121.65; modCCdopfac[71] 1.0085
mod 18, crystal 0 [ 72]: ( -2.16 -18.23  -2.26) pol   97.01 ,  azi  -97.05; pol   97.01 ,  azi  -96.75; modCCdopfac[72] 0.9954
mod 18, crystal 1 [ 73]: (  3.90 -17.75  -3.46) pol  100.78 ,  azi -101.03; pol  100.78 ,  azi  -77.61; modCCdopfac[73] 0.9933
mod 18, crystal 2 [ 74]: (  2.16 -18.23   2.26) pol   82.99 ,  azi  -82.95; pol   82.99 ,  azi  -83.25; modCCdopfac[74] 1.0035
mod 18, crystal 3 [ 75]: ( -3.90 -17.75   3.46) pol   79.22 ,  azi  -78.97; pol   79.22 ,  azi -102.39; modCCdopfac[75] 1.0057
mod 19, crystal 0 [ 76]: (  8.30 -16.51   0.92) pol   87.15 ,  azi  -86.81; pol   87.15 ,  azi  -63.29; modCCdopfac[76] 1.0011
mod 19, crystal 1 [ 77]: (  9.34 -15.15  -5.04) pol  105.79 ,  azi -108.38; pol  105.79 ,  azi  -58.35; modCCdopfac[77] 0.9906
mod 19, crystal 2 [ 78]: ( 13.13 -13.00  -0.92) pol   92.85 ,  azi  -94.05; pol   92.85 ,  azi  -44.71; modCCdopfac[78] 0.9978
mod 19, crystal 3 [ 79]: ( 11.53 -13.57   5.04) pol   74.21 ,  azi  -69.64; pol   74.21 ,  azi  -49.65; modCCdopfac[79] 1.0085
mod 20, crystal 0 [ 80]: ( 16.68  -7.69  -2.26) pol   97.01 ,  azi -106.36; pol   97.01 ,  azi  -24.75; modCCdopfac[80] 0.9954
mod 20, crystal 1 [ 81]: ( 18.09  -1.78  -3.46) pol  100.78 ,  azi -152.82; pol  100.78 ,  azi   -5.61; modCCdopfac[81] 0.9933
mod 20, crystal 2 [ 82]: ( 18.01  -3.58   2.26) pol   82.99 ,  azi  -57.79; pol   82.99 ,  azi  -11.25; modCCdopfac[82] 1.0035
mod 20, crystal 3 [ 83]: ( 15.68  -9.19   3.46) pol   79.22 ,  azi  -69.38; pol   79.22 ,  azi  -30.39; modCCdopfac[83] 1.0057
mod 21, crystal 0 [ 84]: ( 14.30   9.42  -7.02) pol  112.29 ,  azi  126.69; pol  112.29 ,  azi   33.37; modCCdopfac[84] 0.9871
mod 21, crystal 1 [ 85]: ( 14.51   4.37 -10.61) pol  124.98 ,  azi  157.60; pol  124.98 ,  azi   16.77; modCCdopfac[85] 0.9809
mod 21, crystal 2 [ 86]: ( 10.80   8.82 -12.16) pol  131.08 ,  azi  144.04; pol  131.08 ,  azi   39.23; modCCdopfac[86] 0.9782
mod 21, crystal 3 [ 87]: (  9.92  13.38  -8.06) pol  115.82 ,  azi  121.06; pol  115.82 ,  azi   53.45; modCCdopfac[87] 0.9853
mod 22, crystal 0 [ 88]: ( -4.54  16.51  -7.02) pol  112.29 ,  azi  113.03; pol  112.29 ,  azi  105.37; modCCdopfac[88] 0.9871
mod 22, crystal 1 [ 89]: (  0.33  15.15 -10.61) pol  124.98 ,  azi  124.99; pol  124.98 ,  azi   88.77; modCCdopfac[89] 0.9809
mod 22, crystal 2 [ 90]: ( -5.05  13.00 -12.16) pol  131.08 ,  azi  133.08; pol  131.08 ,  azi  111.23; modCCdopfac[90] 0.9782
mod 22, crystal 3 [ 91]: ( -9.66  13.57  -8.06) pol  115.82 ,  azi  120.71; pol  115.82 ,  azi  125.45; modCCdopfac[91] 0.9853
mod 23, crystal 0 [ 92]: (-17.10   0.79  -7.02) pol  112.29 ,  azi  173.61; pol  112.29 ,  azi  177.37; modCCdopfac[92] 0.9871
mod 23, crystal 1 [ 93]: (-14.31   4.99 -10.61) pol  124.98 ,  azi  154.79; pol  124.98 ,  azi  160.77; modCCdopfac[93] 0.9809
mod 23, crystal 2 [ 94]: (-13.92  -0.79 -12.16) pol  131.08 ,  azi -176.30; pol  131.08 ,  azi -176.77; modCCdopfac[94] 0.9782
mod 23, crystal 3 [ 95]: (-15.89  -4.99  -8.06) pol  115.82 ,  azi -148.21; pol  115.82 ,  azi -162.55; modCCdopfac[95] 0.9853
mod 24, crystal 0 [ 96]: ( -6.03 -16.02  -7.02) pol  112.29 ,  azi -113.65; pol  112.29 ,  azi -110.63; modCCdopfac[96] 0.9871
mod 24, crystal 1 [ 97]: ( -9.17 -12.07 -10.61) pol  124.98 ,  azi -131.31; pol  124.98 ,  azi -127.23; modCCdopfac[97] 0.9809
mod 24, crystal 2 [ 98]: ( -3.56 -13.48 -12.16) pol  131.08 ,  azi -132.04; pol  131.08 ,  azi -104.77; modCCdopfac[98] 0.9782
mod 24, crystal 3 [ 99]: ( -0.16 -16.65  -8.06) pol  115.82 ,  azi -115.82; pol  115.82 ,  azi  -90.55; modCCdopfac[99] 0.9853
mod 25, crystal 0 [100]: ( 13.37 -10.69  -7.02) pol  112.29 ,  azi -123.29; pol  112.29 ,  azi  -38.63; modCCdopfac[100] 0.9871
mod 25, crystal 1 [101]: (  8.64 -12.45 -10.61) pol  124.98 ,  azi -130.42; pol  124.98 ,  azi  -55.23; modCCdopfac[101] 0.9809
mod 25, crystal 2 [102]: ( 11.73  -7.55 -12.16) pol  131.08 ,  azi -148.16; pol  131.08 ,  azi  -32.77; modCCdopfac[102] 0.9782
mod 25, crystal 3 [103]: ( 15.79  -5.30  -8.06) pol  115.82 ,  azi -146.67; pol  115.82 ,  azi  -18.55; modCCdopfac[103] 0.9853
mod 26, crystal 0 [104]: (  0.29  10.69 -15.10) pol  144.70 ,  azi  144.71; pol  144.70 ,  azi   88.42; modCCdopfac[104] 0.9732
mod 26, crystal 1 [105]: (  5.62  12.45 -12.47) pol  132.40 ,  azi  135.05; pol  132.40 ,  azi   65.70; modCCdopfac[105] 0.9777
mod 26, crystal 2 [106]: (  5.63   7.55 -15.92) pol  149.40 ,  azi  154.64; pol  149.40 ,  azi   53.28; modCCdopfac[106] 0.9718
mod 26, crystal 3 [107]: (  0.15   5.30 -17.72) pol  163.35 ,  azi  163.36; pol  163.35 ,  azi   88.42; modCCdopfac[107] 0.9688
mod 27, crystal 0 [108]: (-10.07   3.58 -15.10) pol  144.70 ,  azi  166.65; pol  144.70 ,  azi  160.42; modCCdopfac[108] 0.9732
mod 27, crystal 1 [109]: (-10.11   9.19 -12.47) pol  132.40 ,  azi  143.61; pol  132.40 ,  azi  137.70; modCCdopfac[109] 0.9777
mod 27, crystal 2 [110]: ( -5.44   7.69 -15.92) pol  149.40 ,  azi  154.23; pol  149.40 ,  azi  125.28; modCCdopfac[110] 0.9718
mod 27, crystal 3 [111]: ( -4.99   1.78 -17.72) pol  163.35 ,  azi  174.28; pol  163.35 ,  azi  160.42; modCCdopfac[111] 0.9688
mod 28, crystal 0 [112]: ( -6.52  -8.47 -15.10) pol  144.70 ,  azi -150.70; pol  144.70 ,  azi -127.58; modCCdopfac[112] 0.9732
mod 28, crystal 1 [113]: (-11.87  -6.77 -12.47) pol  132.40 ,  azi -151.51; pol  132.40 ,  azi -150.30; modCCdopfac[113] 0.9777
mod 28, crystal 2 [114]: ( -8.99  -2.80 -15.92) pol  149.40 ,  azi -170.04; pol  149.40 ,  azi -162.72; modCCdopfac[114] 0.9718
mod 28, crystal 3 [115]: ( -3.23  -4.20 -17.72) pol  163.35 ,  azi -166.67; pol  163.35 ,  azi -127.58; modCCdopfac[115] 0.9688
mod 29, crystal 0 [116]: (  6.04  -8.82 -15.10) pol  144.70 ,  azi -149.71; pol  144.70 ,  azi  -55.58; modCCdopfac[116] 0.9732
mod 29, crystal 1 [117]: (  2.77 -13.38 -12.47) pol  132.40 ,  azi -133.00; pol  132.40 ,  azi  -78.30; modCCdopfac[117] 0.9777
mod 29, crystal 2 [118]: ( -0.12  -9.42 -15.92) pol  149.40 ,  azi -149.40; pol  149.40 ,  azi  -90.72; modCCdopfac[118] 0.9718
mod 29, crystal 3 [119]: (  3.00  -4.37 -17.72) pol  163.35 ,  azi -166.14; pol  163.35 ,  azi  -55.58; modCCdopfac[119] 0.9688
mod 30, crystal 0 [120]: ( 10.25   3.02 -15.10) pol  144.70 ,  azi  168.68; pol  144.70 ,  azi   16.42; modCCdopfac[120] 0.9732
mod 30, crystal 1 [121]: ( 13.58  -1.50 -12.47) pol  132.40 ,  azi -173.15; pol  132.40 ,  azi   -6.30; modCCdopfac[121] 0.9777
mod 30, crystal 2 [122]: (  8.92  -3.02 -15.92) pol  149.40 ,  azi -169.25; pol  149.40 ,  azi  -18.72; modCCdopfac[122] 0.9718
mod 30, crystal 3 [123]: (  5.08   1.50 -17.72) pol  163.35 ,  azi  175.17; pol  163.35 ,  azi   16.42; modCCdopfac[123] 0.9688
setup signal catcher
started sorting... from disk...

Pars.maxTS=4611686018427387904
got initial header, TS=442589676975 ID: 1 length: 464
read initial payload of siz=464 into event position 1
__ptgd[0]->type= 0; ptgd[0]->length=   0; ptgd[0]->timestamp=0
initial ii=1, nn=1
ev#     0 GEB_TYPE_DECOMP        464Bytes TS=442589824269 curTS=442589676975 dTS= 147294
t0=442589676975
first event: GEB_event.mult=1
   0/ 0: ( 1,GEB_TYPE_DECOMP      ) TS=        442589676975; dT=0
maxTS=9082589676975
that is 86400.0 seconds or 24h0m0s minutes of sorting
GEBGetEv returned st=0
we have read 960 bytes; CurEvNo=1

+++++++++++++++++++++++++++++++
*start event # 1 with multiplicity 1 looks like this:
 0>  1, GEB_TYPE_DECOMP      , TS=442589676975
entered bin_mode2: 1/10
ptinp->pad= 6, (ptinp->pad&0x000000ff)= 6
updated CCadd with    0.00
total number of hits in array: 0
exit bin_mode2
entered bin_mode3 @ event number: 1 
exit bin_mode3
*end of event # 1
+++++++++++++++++++++++++++++++
ev#     1 GEB_TYPE_DECOMP        464Bytes TS=442589824275 curTS=442589824269 dTS= 6
ev#     1 GEB_TYPE_DECOMP        464Bytes TS=442589827455 curTS=442589824269 dTS= 3186
GEBGetEv returned st=0
we have read 1920 bytes; CurEvNo=2

+++++++++++++++++++++++++++++++
*start event # 2 with multiplicity 2 looks like this:
 0>  1, GEB_TYPE_DECOMP      , TS=442589824269
 1>  1, GEB_TYPE_DECOMP      , TS=442589824275
entered bin_mode2: 2/10
ptinp->pad= 0, (ptinp->pad&0x000000ff)= 0
good pad value
mode2 data:  0>  1, GEB_TYPE_DECOMP      , TS=442589824269
number of hits: 3
* 0/2, is GEB_TYPE_DECOMP: num=3
__detno: 91, module: 22, crystalNumber: 3
CCenergies[0]=2230.12
* 0:  -10.67, -25.15,  41.29 --> GT:  -12.42,  17.62,  -7.40
* 1:   -0.84, -15.83,  40.28 --> GT:  -11.65,  17.39,  -8.49
* 2:  -26.68, -14.11,  59.39 --> GT:  -14.85,  17.72,  -8.47
ptinp->pad= 0, (ptinp->pad&0x000000ff)= 0
good pad value
mode2 data:  1>  1, GEB_TYPE_DECOMP      , TS=442589824275
number of hits: 2
* 1/2, is GEB_TYPE_DECOMP: num=2
__detno: 117, module: 29, crystalNumber: 1
CCenergies[1]= 381.31
* 0:   31.65, -24.32,  89.94 --> GT:    1.93, -17.86, -21.19
* 1:   34.11, -20.89,  79.43 --> GT:    2.13, -16.91, -20.61
updated CCadd with 2611.43
total number of hits in array: 5
exit bin_mode2
entered bin_mode3 @ event number: 2 
exit bin_mode3
*end of event # 2
+++++++++++++++++++++++++++++++
ev#     2 GEB_TYPE_DECOMP        464Bytes TS=442589827457 curTS=442589827455 dTS= 2
ev#     2 GEB_TYPE_DECOMP        464Bytes TS=442589827457 curTS=442589827455 dTS= 2
ev#     2 GEB_TYPE_DECOMP        464Bytes TS=442589995369 curTS=442589827455 dTS= 167914
GEBGetEv returned st=0
we have read 3360 bytes; CurEvNo=3

+++++++++++++++++++++++++++++++
*start event # 3 with multiplicity 3 looks like this:
 0>  1, GEB_TYPE_DECOMP      , TS=442589827455
 1>  1, GEB_TYPE_DECOMP      , TS=442589827457
 2>  1, GEB_TYPE_DECOMP      , TS=442589827457
entered bin_mode2: 3/10
ptinp->pad= 0, (ptinp->pad&0x000000ff)= 0
good pad value
mode2 data:  0>  1, GEB_TYPE_DECOMP      , TS=442589827455
number of hits: 2
* 0/3, is GEB_TYPE_DECOMP: num=2
__detno: 109, module: 27, crystalNumber: 1
CCenergies[0]= 227.91
* 0:   -1.87, -28.96,   8.78 --> GT:   -8.45,  11.57, -13.37
* 1:  -19.18, -17.64,  13.94 --> GT:  -10.20,  12.14, -12.29
ptinp->pad= 128, (ptinp->pad&0x000000ff)= 128
ptinp->pad= 0, (ptinp->pad&0x000000ff)= 0
good pad value
mode2 data:  2>  1, GEB_TYPE_DECOMP      , TS=442589827457
number of hits: 2
* 2/3, is GEB_TYPE_DECOMP: num=2
__detno: 97, module: 24, crystalNumber: 1
CCenergies[1]= 537.08
* 0:  -13.59,  18.15,  60.45 --> GT:  -13.97, -15.84, -12.71
* 1:  -30.14,   1.73,  74.57 --> GT:  -15.22, -15.04, -15.00
updated CCadd with  765.00
total number of hits in array: 4
exit bin_mode2
entered bin_mode3 @ event number: 3 
exit bin_mode3
*end of event # 3
+++++++++++++++++++++++++++++++
ev#     3 GEB_TYPE_DECOMP        464Bytes TS=442589995371 curTS=442589995369 dTS= 2
ev#     3 GEB_TYPE_DECOMP        464Bytes TS=442589995375 curTS=442589995369 dTS= 6
ev#     3 GEB_TYPE_DECOMP        464Bytes TS=442589995541 curTS=442589995369 dTS= 172
GEBGetEv returned st=0
we have read 4800 bytes; CurEvNo=4

+++++++++++++++++++++++++++++++
*start event # 4 with multiplicity 3 looks like this:
 0>  1, GEB_TYPE_DECOMP      , TS=442589995369
 1>  1, GEB_TYPE_DECOMP      , TS=442589995371
 2>  1, GEB_TYPE_DECOMP      , TS=442589995375
entered bin_mode2: 4/10
ptinp->pad= 0, (ptinp->pad&0x000000ff)= 0
good pad value
mode2 data:  0>  1, GEB_TYPE_DECOMP      , TS=442589995369
number of hits: 4
* 0/3, is GEB_TYPE_DECOMP: num=4
__detno: 96, module: 24, crystalNumber: 0
CCenergies[0]=6970.51
* 0:   -5.19, -18.22,  76.46 --> GT:  -10.31, -22.00,  -9.84
* 1:  -12.75, -20.16,  89.84 --> GT:  -11.17, -23.28,  -9.71
* 2:   -1.59,  -7.17,  76.46 --> GT:   -9.21, -22.38,  -9.93
* 3:   -1.33,  -5.88,  76.32 --> GT:   -9.08, -22.41,  -9.92
ptinp->pad= 6, (ptinp->pad&0x000000ff)= 6
ptinp->pad= 0, (ptinp->pad&0x000000ff)= 0
good pad value
mode2 data:  2>  1, GEB_TYPE_DECOMP      , TS=442589995375
number of hits: 2
* 2/3, is GEB_TYPE_DECOMP: num=2
__detno: 70, module: 17, crystalNumber: 2
CCenergies[1]= 264.15
* 0:   -8.35,  19.98,  89.88 --> GT:  -12.10, -24.53,  -3.52
* 1:   -1.55,   5.83,  77.05 --> GT:  -11.77, -23.34,  -1.91
updated CCadd with 7234.66
total number of hits in array: 6
exit bin_mode2
entered bin_mode3 @ event number: 4 
exit bin_mode3
*end of event # 4
+++++++++++++++++++++++++++++++
ev#     4 GEB_TYPE_DECOMP        464Bytes TS=442590005699 curTS=442589995541 dTS= 10158
GEBGetEv returned st=0
we have read 5280 bytes; CurEvNo=5

+++++++++++++++++++++++++++++++
*start event # 5 with multiplicity 1 looks like this:
 0>  1, GEB_TYPE_DECOMP      , TS=442589995541
entered bin_mode2: 5/10
ptinp->pad= 0, (ptinp->pad&0x000000ff)= 0
good pad value
mode2 data:  0>  1, GEB_TYPE_DECOMP      , TS=442589995541
number of hits: 2
* 0/1, is GEB_TYPE_DECOMP: num=2
__detno: 79, module: 19, crystalNumber: 3
CCenergies[0]= 102.48
* 0:    9.27, -38.07,  74.81 --> GT:   13.18, -21.56,   7.20
* 1:    0.93, -39.49,  67.66 --> GT:   12.65, -20.80,   7.81
updated CCadd with  102.48
total number of hits in array: 2
exit bin_mode2
entered bin_mode3 @ event number: 5 
exit bin_mode3
*end of event # 5
+++++++++++++++++++++++++++++++
ev#     5 GEB_TYPE_DECOMP        464Bytes TS=442590005703 curTS=442590005699 dTS= 4
ev#     5 GEB_TYPE_DECOMP        464Bytes TS=442590024873 curTS=442590005699 dTS= 19174
GEBGetEv returned st=0
we have read 6240 bytes; CurEvNo=6

+++++++++++++++++++++++++++++++
*start event # 6 with multiplicity 2 looks like this:
 0>  1, GEB_TYPE_DECOMP      , TS=442590005699
 1>  1, GEB_TYPE_DECOMP      , TS=442590005703
entered bin_mode2: 6/10
ptinp->pad= 0, (ptinp->pad&0x000000ff)= 0
good pad value
mode2 data:  0>  1, GEB_TYPE_DECOMP      , TS=442590005699
number of hits: 1
* 0/2, is GEB_TYPE_DECOMP: num=1
__detno: 77, module: 19, crystalNumber: 1
CCenergies[0]= 240.26
* 0:  -21.74, -25.25,  62.50 --> GT:   13.67, -18.66,  -9.40
ptinp->pad= 0, (ptinp->pad&0x000000ff)= 0
good pad value
mode2 data:  1>  1, GEB_TYPE_DECOMP      , TS=442590005703
number of hits: 2
* 1/2, is GEB_TYPE_DECOMP: num=2
__detno: 100, module: 25, crystalNumber: 0
CCenergies[1]= 160.19
* 0:   -3.97, -31.74,  89.23 --> GT:   17.73, -18.24, -10.72
* 1:    0.41,  -6.98,  76.15 --> GT:   18.40, -15.56, -10.09
updated CCadd with  400.45
total number of hits in array: 3
exit bin_mode2
entered bin_mode3 @ event number: 6 
exit bin_mode3
*end of event # 6
+++++++++++++++++++++++++++++++
ev#     6 GEB_TYPE_DECOMP        464Bytes TS=442590038107 curTS=442590024873 dTS= 13234
GEBGetEv returned st=0
we have read 6720 bytes; CurEvNo=7

+++++++++++++++++++++++++++++++
*start event # 7 with multiplicity 1 looks like this:
 0>  1, GEB_TYPE_DECOMP      , TS=442590024873
entered bin_mode2: 7/10
ptinp->pad= 6, (ptinp->pad&0x000000ff)= 6
updated CCadd with    0.00
total number of hits in array: 0
exit bin_mode2
entered bin_mode3 @ event number: 7 
exit bin_mode3
*end of event # 7
+++++++++++++++++++++++++++++++
ev#     7 GEB_TYPE_DECOMP        464Bytes TS=442590067133 curTS=442590038107 dTS= 29026
GEBGetEv returned st=0
we have read 7200 bytes; CurEvNo=8

+++++++++++++++++++++++++++++++
*start event # 8 with multiplicity 1 looks like this:
 0>  1, GEB_TYPE_DECOMP      , TS=442590038107
entered bin_mode2: 8/10
ptinp->pad= 0, (ptinp->pad&0x000000ff)= 0
good pad value
mode2 data:  0>  1, GEB_TYPE_DECOMP      , TS=442590038107
number of hits: 2
* 0/1, is GEB_TYPE_DECOMP: num=2
__detno: 106, module: 26, crystalNumber: 2
CCenergies[0]= 582.18
* 0:  -30.02, -14.27,  49.01 --> GT:    8.86,   6.80, -20.83
* 1:  -20.24,  -4.63,  49.92 --> GT:    8.57,   8.09, -20.43
updated CCadd with  582.18
total number of hits in array: 2
exit bin_mode2
entered bin_mode3 @ event number: 8 
exit bin_mode3
*end of event # 8
+++++++++++++++++++++++++++++++
ev#     8 GEB_TYPE_DECOMP        464Bytes TS=442590117783 curTS=442590067133 dTS= 50650
GEBGetEv returned st=0
we have read 7680 bytes; CurEvNo=9

+++++++++++++++++++++++++++++++
*start event # 9 with multiplicity 1 looks like this:
 0>  1, GEB_TYPE_DECOMP      , TS=442590067133
entered bin_mode2: 9/10
ptinp->pad= 6, (ptinp->pad&0x000000ff)= 6
updated CCadd with    0.00
total number of hits in array: 0
exit bin_mode2
entered bin_mode3 @ event number: 9 
exit bin_mode3
*end of event # 9
+++++++++++++++++++++++++++++++
ev#     9 GEB_TYPE_DECOMP        464Bytes TS=442590117787 curTS=442590117783 dTS= 4
ev#     9 GEB_TYPE_DECOMP        464Bytes TS=442590117787 curTS=442590117783 dTS= 4
ev#     9 GEB_TYPE_DECOMP        464Bytes TS=442590117789 curTS=442590117783 dTS= 6
ev#     9 GEB_TYPE_GT_MOD29      308Bytes TS=442590118499 curTS=442590117783 dTS= 716
GEBGetEv returned st=0
we have read 9444 bytes; CurEvNo=10

+++++++++++++++++++++++++++++++
*start event # 10 with multiplicity 4 looks like this:
 0>  1, GEB_TYPE_DECOMP      , TS=442590117783
 1>  1, GEB_TYPE_DECOMP      , TS=442590117787
 2>  1, GEB_TYPE_DECOMP      , TS=442590117787
 3>  1, GEB_TYPE_DECOMP      , TS=442590117789
entered bin_mode2: 10/10
ptinp->pad= 6, (ptinp->pad&0x000000ff)= 6
ptinp->pad= 0, (ptinp->pad&0x000000ff)= 0
good pad value
mode2 data:  1>  1, GEB_TYPE_DECOMP      , TS=442590117787
number of hits: 2
* 1/4, is GEB_TYPE_DECOMP: num=2
__detno: 61, module: 15, crystalNumber: 1
CCenergies[0]= 136.19
* 0:   12.31, -31.08,  44.29 --> GT:  -21.76,   5.35,  -5.91
* 1:    0.14, -21.33,  55.69 --> GT:  -22.06,   6.85,  -7.09
ptinp->pad= 0, (ptinp->pad&0x000000ff)= 0
good pad value
mode2 data:  2>  1, GEB_TYPE_DECOMP      , TS=442590117787
number of hits: 1
* 2/4, is GEB_TYPE_DECOMP: num=1
__detno: 70, module: 17, crystalNumber: 2
CCenergies[1]= 144.17
* 0:   31.48,   6.31,   8.47 --> GT:  -11.55, -15.84,  -0.65
ptinp->pad= 6, (ptinp->pad&0x000000ff)= 6
updated CCadd with  280.35
total number of hits in array: 3
exit bin_mode2
entered bin_mode3 @ event number: 10 
exit bin_mode3
*end of event # 10
+++++++++++++++++++++++++++++++
ev#    10 GEB_TYPE_DECOMP        464Bytes TS=442590118667 curTS=442590118499 dTS= 168
batflag:: TS<Pars.curTS, reset it at event # 16308
TS=442701109403, Pars.curTS=442909849821, DT=-208740418
new Pars.curTS=442701109403
we have read 13826048 bytes so far
batflag:: TS<Pars.curTS, reset it at event # 17554
TS=442633958645, Pars.curTS=442933908093, DT=-299949448
new Pars.curTS=442633958645
we have read 14889944 bytes so far
batflag:: TS<Pars.curTS, reset it at event # 18847
TS=442660572751, Pars.curTS=442958993873, DT=-298421122
new Pars.curTS=442660572751
we have read 15953600 bytes so far
batflag:: TS<Pars.curTS, reset it at event # 20160
TS=442643774865, Pars.curTS=442987516413, DT=-343741548
new Pars.curTS=442643774865
we have read 17016056 bytes so far
batflag:: TS<Pars.curTS, reset it at event # 21456
TS=442791080345, Pars.curTS=443011807119, DT=-220726774
new Pars.curTS=442791080345
we have read 18079464 bytes so far
batflag:: TS<Pars.curTS, reset it at event # 27666
TS=442759239091, Pars.curTS=443138493873, DT=-379254782
new Pars.curTS=442759239091
we have read 23396312 bytes so far
batflag:: TS<Pars.curTS, reset it at event # 28977
TS=442816151013, Pars.curTS=443160518683, DT=-344367670
new Pars.curTS=442816151013
we have read 24460976 bytes so far
batflag:: TS<Pars.curTS, reset it at event # 30262
TS=442824856261, Pars.curTS=443185213345, DT=-360357084
new Pars.curTS=442824856261
we have read 25524856 bytes so far
batflag:: TS<Pars.curTS, reset it at event # 35227
TS=442883796061, Pars.curTS=443285345189, DT=-401549128
new Pars.curTS=442883796061
we have read 29778272 bytes so far
batflag:: TS<Pars.curTS, reset it at event # 36515
TS=442885752221, Pars.curTS=443307424393, DT=-421672172
new Pars.curTS=442885752221
we have read 30843224 bytes so far
batflag:: TS<Pars.curTS, reset it at event # 37802
TS=442970475023, Pars.curTS=443333127681, DT=-362652658
new Pars.curTS=442970475023
we have read 31906344 bytes so far
batflag:: TS<Pars.curTS, reset it at event # 39130
TS=443007891451, Pars.curTS=443356063881, DT=-348172430
new Pars.curTS=443007891451
we have read 32970384 bytes so far
ev# 50000 GEB_TYPE_DECOMP        464Bytes TS=443581507861 curTS=443581502251 dTS= 5610
ev# 100000 GEB_TYPE_GT_MOD29      440Bytes TS=444581136439 curTS=444581136365 dTS= 74
ev# 100000 GEB_TYPE_DECOMP        464Bytes TS=444581136695 curTS=444581136365 dTS= 330
ev# 150000 GEB_TYPE_GT_MOD29      440Bytes TS=445608029801 curTS=445608026543 dTS= 3258
ev# 200000 GEB_TYPE_DECOMP        464Bytes TS=446629327971 curTS=446629327639 dTS= 332
ev# 250000 GEB_TYPE_DECOMP        464Bytes TS=447648086431 curTS=447648086131 dTS= 300
ev# 300000 GEB_TYPE_GT_MOD29      440Bytes TS=448668407869 curTS=448668407167 dTS= 702
ev# 350000 GEB_TYPE_DECOMP        464Bytes TS=449691209851 curTS=449691200273 dTS= 9578
ev# 400000 GEB_TYPE_DECOMP        464Bytes TS=450701423669 curTS=450701355939 dTS= 67730
ev# 450000 GEB_TYPE_GT_MOD29      440Bytes TS=451740722787 curTS=451740703015 dTS= 19772
ev# 500000 GEB_TYPE_DECOMP        464Bytes TS=452764611997 curTS=452764611997 dTS= 0
ev# 500000 GEB_TYPE_DECOMP        464Bytes TS=452764611999 curTS=452764611997 dTS= 2
ev# 500000 GEB_TYPE_DECOMP        464Bytes TS=452764612003 curTS=452764611997 dTS= 6
ev# 500000 GEB_TYPE_DECOMP        464Bytes TS=452764612005 curTS=452764611997 dTS= 8
ev# 500000 GEB_TYPE_GT_MOD29      440Bytes TS=452764612057 curTS=452764611997 dTS= 60
ev# 500000 GEB_TYPE_GT_MOD29      440Bytes TS=452764701683 curTS=452764611997 dTS= 89686
error: sX,sY= (        -nan ,        -nan )
error: sX,sY= (        -nan ,        -nan )
ev# 550000 GEB_TYPE_GT_MOD29      440Bytes TS=453782290017 curTS=453782278379 dTS= 11638
ev# 600000 GEB_TYPE_DECOMP        464Bytes TS=454805759997 curTS=454805759859 dTS= 138
ev# 600000 GEB_TYPE_DECOMP        464Bytes TS=454805760231 curTS=454805759859 dTS= 372
ev# 650000 GEB_TYPE_DECOMP        464Bytes TS=455839680529 curTS=455839670795 dTS= 9734
ev# 700000 GEB_TYPE_DECOMP        464Bytes TS=456860339397 curTS=456860339359 dTS= 38
ev# 700000 GEB_TYPE_GT_MOD29      440Bytes TS=456860339507 curTS=456860339359 dTS= 148
ev# 700000 GEB_TYPE_DECOMP        464Bytes TS=456860383733 curTS=456860339359 dTS= 44374
ev# 750000 GEB_TYPE_DECOMP        464Bytes TS=457873191705 curTS=457873191665 dTS= 40
ev# 750000 GEB_TYPE_DECOMP        464Bytes TS=457873191707 curTS=457873191665 dTS= 42
ev# 750000 GEB_TYPE_DECOMP        464Bytes TS=457873191707 curTS=457873191665 dTS= 42
ev# 750000 GEB_TYPE_DECOMP        464Bytes TS=457873191709 curTS=457873191665 dTS= 44
ev# 750000 GEB_TYPE_DECOMP        464Bytes TS=457873191711 curTS=457873191665 dTS= 46
ev# 750000 GEB_TYPE_DECOMP        464Bytes TS=457873191711 curTS=457873191665 dTS= 46
ev# 750000 GEB_TYPE_DECOMP        464Bytes TS=457873208313 curTS=457873191665 dTS= 16648
ev# 800000 GEB_TYPE_DECOMP        464Bytes TS=458892190199 curTS=458892189833 dTS= 366
ev# 850000 GEB_TYPE_GT_MOD29      440Bytes TS=459924541909 curTS=459924410849 dTS= 131060
ev# 900000 GEB_TYPE_GT_MOD29      440Bytes TS=460947870181 curTS=460947869675 dTS= 506
ev# 950000 GEB_TYPE_GT_MOD29      440Bytes TS=461975534081 curTS=461975534055 dTS= 26
ev# 950000 GEB_TYPE_DECOMP        464Bytes TS=461975572849 curTS=461975534055 dTS= 38794

Sorting is done
attempting to save root or map file



mean observed polar and azimuth angles
for the detectors we saw (module,crystal)

------------------------------------------
mean pol/azi angle for detector  56 are   96.73/ 119.49
mean pol/azi angle for detector  57 are  100.40/ 138.31
mean pol/azi angle for detector  58 are   83.25/ 132.67
mean pol/azi angle for detector  59 are   79.67/ 114.04
mean pol/azi angle for detector  60 are   87.20/ 152.68
mean pol/azi angle for detector  61 are  105.25/ 157.67
mean pol/azi angle for detector  62 are   92.99/ 168.89
mean pol/azi angle for detector  63 are   74.10/ 165.96
mean pol/azi angle for detector  68 are   87.19/-134.92
mean pol/azi angle for detector  69 are  105.29/-130.03
mean pol/azi angle for detector  70 are   92.86/-116.92
mean pol/azi angle for detector  71 are   74.18/-121.84
mean pol/azi angle for detector  76 are   87.33/ -63.19
mean pol/azi angle for detector  77 are  105.28/ -58.12
mean pol/azi angle for detector  78 are   92.96/ -44.95
mean pol/azi angle for detector  79 are    -nan/   -nan
mean pol/azi angle for detector  84 are  112.28/  33.64
mean pol/azi angle for detector  85 are  125.18/  17.38
mean pol/azi angle for detector  86 are  130.70/  39.22
mean pol/azi angle for detector  87 are  115.90/  52.93
mean pol/azi angle for detector  88 are  112.38/ 105.51
mean pol/azi angle for detector  89 are  124.91/  89.30
mean pol/azi angle for detector  90 are  130.76/ 111.12
mean pol/azi angle for detector  91 are  115.73/ 124.97
mean pol/azi angle for detector  96 are  112.60/-110.73
mean pol/azi angle for detector  97 are  124.83/-126.65
mean pol/azi angle for detector  98 are  130.91/-104.88
mean pol/azi angle for detector  99 are  115.81/ -91.01
mean pol/azi angle for detector 100 are  112.39/ -38.61
mean pol/azi angle for detector 101 are  124.74/ -55.02
mean pol/azi angle for detector 102 are  130.67/ -33.03
mean pol/azi angle for detector 103 are  115.77/ -19.00
mean pol/azi angle for detector 104 are  144.41/  88.25
mean pol/azi angle for detector 105 are  132.65/  65.82
mean pol/azi angle for detector 106 are  148.83/  53.92
mean pol/azi angle for detector 107 are  162.32/  88.47
mean pol/azi angle for detector 108 are  144.77/ 160.09
mean pol/azi angle for detector 109 are  132.71/ 137.97
mean pol/azi angle for detector 110 are  149.55/ 125.42
mean pol/azi angle for detector 111 are  162.26/ 111.24
mean pol/azi angle for detector 116 are  144.41/ -55.84
mean pol/azi angle for detector 117 are  132.54/ -78.25
mean pol/azi angle for detector 118 are  149.01/ -90.25
mean pol/azi angle for detector 119 are  162.38/ -56.16
we found 44 crystals
------------------------------------------

minimum pol angle between crystals is  18.65
compactness =  64.39%, 85 of 264
module hit statistics
module  14, crystal 0 was hit      74432 times
module  14, crystal 1 was hit      80283 times
module  14, crystal 2 was hit      81166 times
module  14, crystal 3 was hit      70815 times
module  15, crystal 0 was hit      81748 times
module  15, crystal 1 was hit      72094 times
module  15, crystal 2 was hit      70160 times
module  15, crystal 3 was hit      66816 times
module  17, crystal 0 was hit      58763 times
module  17, crystal 1 was hit      56747 times
module  17, crystal 2 was hit      56713 times
module  17, crystal 3 was hit      59715 times
module  19, crystal 0 was hit      54548 times
module  19, crystal 1 was hit      56305 times
module  19, crystal 2 was hit      67054 times
module  19, crystal 3 was hit      66150 times
module  21, crystal 0 was hit      67719 times
module  21, crystal 1 was hit      59643 times
module  21, crystal 2 was hit      70631 times
module  21, crystal 3 was hit      67581 times
module  22, crystal 0 was hit      73763 times
module  22, crystal 1 was hit      68262 times
module  22, crystal 2 was hit      77848 times
module  22, crystal 3 was hit      71387 times
module  24, crystal 0 was hit      60203 times
module  24, crystal 1 was hit      58234 times
module  24, crystal 2 was hit      61429 times
module  24, crystal 3 was hit      55351 times
module  25, crystal 0 was hit      58060 times
module  25, crystal 1 was hit      59895 times
module  25, crystal 2 was hit      57838 times
module  25, crystal 3 was hit      57007 times
module  26, crystal 0 was hit      67592 times
module  26, crystal 1 was hit      65565 times
module  26, crystal 2 was hit      65061 times
module  26, crystal 3 was hit      61674 times
module  27, crystal 0 was hit      69013 times
module  27, crystal 1 was hit      68063 times
module  27, crystal 2 was hit      68712 times
module  27, crystal 3 was hit      62993 times
module  29, crystal 0 was hit      56556 times
module  29, crystal 1 was hit      56327 times
module  29, crystal 2 was hit      61739 times
module  29, crystal 3 was hit      56810 times

bin_mode2: pad distribution
__id   0,      1238122, 95.33%
__id   2,          119,  0.01%
__id   3,          355,  0.03%
__id   4,          350,  0.03%
__id   5,         2395,  0.18%
__id   6,         3315,  0.26%
__id 128,        53996,  4.16%
__id 133,           91,  0.01%

bin_mode2 calculated mean CCsum energy to be  758.959 keV
bin_mode2 calculated mean CCadd energy to be  952.559 keV
attempting to close root file...
Pars.f1->Write();
Pars.f1->Print();
TFile: name=/lcrc/project/HELIOS/gretinafma/root_data/run82.root, title=, option=CREATE
TH1.Print Name  = dtbtev, Entries= 1809876, Total sum= 1.80988e+06
TH1.Print Name  = T0, Entries= 0, Total sum= 0
TH1.Print Name  = hitpat, Entries= 1238122, Total sum= 1.23812e+06
TH1.Print Name  = numHitArray2, Entries= 1000000, Total sum= 651055
TH1.Print Name  = CCmult, Entries= 1000000, Total sum= 1e+06
TH1.Print Name  = CCsum, Entries= 2858341, Total sum= 1.2381e+06
TH1.Print Name  = hit2, Entries= 140088, Total sum= 139916
TH1.Print Name  = hit3, Entries= 73463, Total sum= 72943
TH1.Print Name  = hit4, Entries= 39253, Total sum= 38360
TH1.Print Name  = CCsum_nodop, Entries= 2858341, Total sum= 1.2381e+06
TH1.Print Name  = CCadd, Entries= 1000000, Total sum= 644808
TH1.Print Name  = SEGadd_FPGA, Entries= 200000000, Total sum= 1.23753e+06
TH1.Print Name  = SEGadd_PSA, Entries= 200000000, Total sum= 1.23187e+06
TH1.Print Name  = SEGsum_FPGA, Entries= 1921929, Total sum= 1.92144e+06
TH1.Print Name  = SEGsum_PSA, Entries= 2858465, Total sum= 2.83809e+06
TH1.Print Name  = radius_all, Entries= 2858461, Total sum= 2.85846e+06
TH1.Print Name  = rate_mode2_min, Entries= 1238121, Total sum= 20635.3
TH1.Print Name  = rate_mode2_sec, Entries= 1238121, Total sum= 1.23812e+06
TH1.Print Name  = rate_mode2_intp, Entries= 1238121, Total sum= 47641
TH1.Print Name  = cdtbtev, Entries= 165913, Total sum= 165913
TH1.Print Name  = evsr_all, Entries= 2858461, Total sum= 2.79479e+06
TH1.Print Name  = SMAP_allhits, Entries= 2858463, Total sum= 2.85846e+06
TH1.Print Name  = SMAP_allhits_sq, Entries= 2858465, Total sum= 2.85846e+06
TH1.Print Name  = seghitpat, Entries= 2858465, Total sum= 2.85846e+06
TH1.Print Name  = CCe, Entries= 2858341, Total sum= 1.2381e+06
TH1.Print Name  = ggCC, Entries= 2309578, Total sum= 2.02169e+06
TH1.Print Name  = z_plot, Entries= 2858465, Total sum= 2.85598e+06
TH1.Print Name  = crystal_hit, Entries= 0, Total sum= 0
TH1.Print Name  = SegE, Entries= 2857731, Total sum= 2.85773e+06
TH1.Print Name  = crXcr, Entries= 1154789, Total sum= 1.15479e+06
******************************************************************************
*Tree    :tree      : tree                                                   *
*Entries :  1000000 : Total =       151359469 bytes  File  Size =   37987603 *
*        :          : Tree compression factor =   3.99                       *
******************************************************************************
*Br    0 :runNumber : runNumber/I                                            *
*Entries :  1000000 : Total  Size=    4010125 bytes  File Size  =      30388 *
*Baskets :       98 : Basket Size=    1356800 bytes  Compression= 131.88     *
*............................................................................*
*Br    1 :numHits   : numHits/I                                              *
*Entries :  1000000 : Total  Size=    4009921 bytes  File Size  =      30191 *
*Baskets :       98 : Basket Size=    1356800 bytes  Compression= 132.73     *
*............................................................................*
*Br    2 :left      : left[numHits]/F                                        *
*Entries :  1000000 : Total  Size=    8030274 bytes  File Size  =    3001886 *
*Baskets :      290 : Basket Size=    8868864 bytes  Compression=   2.67     *
*............................................................................*
*Br    3 :right     : right[numHits]/F                                       *
*Entries :  1000000 : Total  Size=    8030568 bytes  File Size  =    2961906 *
*Baskets :      290 : Basket Size=    8868864 bytes  Compression=   2.71     *
*............................................................................*
*Br    4 :up        : up[numHits]/F                                          *
*Entries :  1000000 : Total  Size=    8029686 bytes  File Size  =    2961647 *
*Baskets :      290 : Basket Size=    8868864 bytes  Compression=   2.71     *
*............................................................................*
*Br    5 :down      : down[numHits]/F                                        *
*Entries :  1000000 : Total  Size=    8030274 bytes  File Size  =    2992352 *
*Baskets :      290 : Basket Size=    8868864 bytes  Compression=   2.68     *
*............................................................................*
*Br    6 :e1        : e1[numHits]/F                                          *
*Entries :  1000000 : Total  Size=    8029686 bytes  File Size  =    2883092 *
*Baskets :      290 : Basket Size=    8868864 bytes  Compression=   2.78     *
*............................................................................*
*Br    7 :e2        : e2[numHits]/F                                          *
*Entries :  1000000 : Total  Size=    8029686 bytes  File Size  =    2837506 *
*Baskets :      290 : Basket Size=    8868864 bytes  Compression=   2.83     *
*............................................................................*
*Br    8 :e3        : e3[numHits]/F                                          *
*Entries :  1000000 : Total  Size=    8029686 bytes  File Size  =    2741722 *
*Baskets :      290 : Basket Size=    8868864 bytes  Compression=   2.93     *
*............................................................................*
*Br    9 :tac       : tac[numHits]/F                                         *
*Entries :  1000000 : Total  Size=    8029980 bytes  File Size  =    2554112 *
*Baskets :      290 : Basket Size=    8868864 bytes  Compression=   3.14     *
*............................................................................*
*Br   10 :fmaDeltaTime : fmaDeltaTime[numHits]/F                             *
*Entries :  1000000 : Total  Size=    8032737 bytes  File Size  =    2898343 *
*Baskets :      291 : Basket Size=    8869888 bytes  Compression=   2.77     *
*............................................................................*
*Br   11 :fmaMult   : fmaMult[10]/I                                          *
*Entries :  1000000 : Total  Size=   40094895 bytes  File Size  =    1083958 *
*Baskets :      965 : Basket Size=   25600000 bytes  Compression=  36.97     *
*............................................................................*
*Br   12 :gammaMult : gammaMult/I                                            *
*Entries :  1000000 : Total  Size=    4010125 bytes  File Size  =     682277 *
*Baskets :       98 : Basket Size=    1356800 bytes  Compression=   5.87     *
*............................................................................*
*Br   13 :gammaEnergy : gammaEnergy[gammaMult]/F                             *
*Entries :  1000000 : Total  Size=    8987358 bytes  File Size  =    6019586 *
*Baskets :      313 : Basket Size=    9191936 bytes  Compression=   1.49     *
*............................................................................*
*Br   14 :gammaTimestamp : gammaTimestamp[gammaMult]/F                       *
*Entries :  1000000 : Total  Size=    8988309 bytes  File Size  =    2365204 *
*Baskets :      313 : Basket Size=    9192448 bytes  Compression=   3.80     *
*............................................................................*
*Br   15 :deltaTime : deltaTime[gammaMult]/F                                 *
*Entries :  1000000 : Total  Size=    8986724 bytes  File Size  =    1902686 *
*Baskets :      313 : Basket Size=    9191936 bytes  Compression=   4.72     *
*............................................................................*
TH1.Print Name  = eCC_a, Entries= 0, Total sum= 0
TH1.Print Name  = eCC_b, Entries= 0, Total sum= 0
TH1.Print Name  = eCC_c, Entries= 0, Total sum= 0
TH1.Print Name  = eCC_d, Entries= 151785, Total sum= 0
TH1.Print Name  = eSeg, Entries= 0, Total sum= 0
TH1.Print Name  = mode3_hitpat, Entries= 5087960, Total sum= 0
TH1.Print Name  = mode3_hitpat_chan, Entries= 5087960, Total sum= 5.08796e+06
TH1.Print Name  = chan0, Entries= 0, Total sum= 0
TH1.Print Name  = module, Entries= 5087960, Total sum= 5.08796e+06
TH1.Print Name  = chan, Entries= 5087960, Total sum= 5.08352e+06
TH1.Print Name  = l, Entries= 508796, Total sum= 508719
TH1.Print Name  = r, Entries= 508795, Total sum= 508774
TH1.Print Name  = up, Entries= 508796, Total sum= 508793
TH1.Print Name  = down, Entries= 508796, Total sum= 508791
TH1.Print Name  = sumlr, Entries= 499903, Total sum= 499903
TH1.Print Name  = sumud, Entries= 474254, Total sum= 474254
TH1.Print Name  = x, Entries= 499903, Total sum= 499903
TH1.Print Name  = y, Entries= 474254, Total sum= 474254
TH1.Print Name  = de1, Entries= 508796, Total sum= 508777
TH1.Print Name  = de2, Entries= 508797, Total sum= 508797
TH1.Print Name  = de3, Entries= 508796, Total sum= 507793
TH1.Print Name  = de12, Entries= 430117, Total sum= 430117
TH1.Print Name  = etot, Entries= 430117, Total sum= 430117
TH1.Print Name  = rftof, Entries= 508795, Total sum= 505860
TH1.Print Name  = lr, Entries= 1000000, Total sum= 999907
TH1.Print Name  = ud, Entries= 1000000, Total sum= 999995
TH1.Print Name  = ede1, Entries= 430117, Total sum= 430117
TH1.Print Name  = ede1g, Entries= 60806, Total sum= 60804
TH1.Print Name  = ede2, Entries= 430117, Total sum= 430117
TH1.Print Name  = ede12, Entries= 430117, Total sum= 430117
TH1.Print Name  = xde1, Entries= 430117, Total sum= 430117
TH1.Print Name  = erftof, Entries= 1000000, Total sum= 997065
TH1.Print Name  = erftofg, Entries= 20707, Total sum= 20682
TH1.Print Name  = sumehi, Entries= 1238122, Total sum= 1.23811e+06
TH1.Print Name  = tgppac, Entries= 1238122, Total sum= 333854
TH1.Print Name  = tgppacg, Entries= 60806, Total sum= 60806
TH1.Print Name  = xehi1, Entries= 1238122, Total sum= 1.23811e+06
TH1.Print Name  = xehi1g, Entries= 60806, Total sum= 60806
TH1.Print Name  = de1ehi, Entries= 1238122, Total sum= 1.2381e+06
TH1.Print Name  = de1ehig, Entries= 60806, Total sum= 60804
TH1.Print Name  = ng, Entries= 1000000, Total sum= 1e+06
TH1.Print Name  = ehiz1, Entries= 0, Total sum= 0
TH1.Print Name  = ehiz2, Entries= 0, Total sum= 0
TH1.Print Name  = ehiz3, Entries= 0, Total sum= 0
TH1.Print Name  = ehiz4, Entries= 0, Total sum= 0
TH1.Print Name  = ehiz5, Entries= 0, Total sum= 0
TH1.Print Name  = gg_dt, Entries= 68802, Total sum= 68802
TH1.Print Name  = gg, Entries= 137604, Total sum= 135716
TH1.Print Name  = gg_z1, Entries= 0, Total sum= 0
TH1.Print Name  = gg_z2, Entries= 0, Total sum= 0
TH1.Print Name  = gg_z3, Entries= 0, Total sum= 0
TH1.Print Name  = gg_z4, Entries= 0, Total sum= 0
TH1.Print Name  = gg_z5, Entries= 0, Total sum= 0
Pars.f1->Close();
done saving rootfile "/lcrc/project/HELIOS/gretinafma/root_data/run82.root


read 1000000 events; Pars.beta=0.0330; time since last update 1 minutes
CommandFileName="GEBSort.command"

sorted timestamp range 442589676975-->462982300521: 20392623546
that is 203.9 seconds or 0h3m23s
^^^^^ any timestamp jumps will upset this accounting

hit statistics per type
 1 GEB_TYPE_DECOMP          1298743 ;   6368.69 Hz 
 8 GEB_TYPE_GT_MOD29         511162 ;   2506.60 Hz 
read a total of              1809905 ; header/payloads


nn1=0
nn2=1809906
nn3=1809906

nok_validate= 1000000, ntot_validate=1000000; validate fraction 100.00%

bytes read=855445952, 815.816833 MB

boniva sancta! ...GEBSort (unexpectedly) did not crash!

 ** GEBSort is done at 
