started GEBSort at we have 9 arguments
1... -input
will take input from disk
file size is 10282771472 bytes or 10041 MBytes

4... -rootfile
rootfile name specified on command line
__will store spectra in rootfile: /lcrc/project/HELIOS/gretinafma/root_data/run185.root
will recreate root file
7... -chat
core file size          (blocks, -c) unlimited
data seg size           (kbytes, -d) unlimited
scheduling priority             (-e) 0
file size               (blocks, -f) unlimited
pending signals                 (-i) 510315
max locked memory       (kbytes, -l) unlimited
max memory size         (kbytes, -m) 128769024
open files                      (-n) 51200
pipe size            (512 bytes, -p) 8
POSIX message queues     (bytes, -q) 819200
real-time priority              (-r) 0
stack size              (kbytes, -s) unlimited
cpu time               (seconds, -t) unlimited
max user processes              (-u) 4096
virtual memory          (kbytes, -v) unlimited
file locks                      (-x) unlimited
will read sorting instructions from chatfile: GEBSort.chat

executing UserDeclare.h code


GEBsort running on: 

initializing

crmat.LINUX is open (input) binary format
read 7936 bytes into Pars.crmat
chat file: <GEBSort.chat> open

will sort a max of 1410065408 events
will sort a max of 1000000 events
will sort 86400 minutes of data
will print details of the first 10 events
will use Pars.Beta (v/c) correction of 0.033000
will sort using a time window of 150
Pars.do_bin_mode2=1
Pars.do_bin_mode3=1
will accept second interaction range between 10.000000 and 500.000000 mm
"1-200"
detector   1 is ENABLED
detector   2 is ENABLED
detector   3 is ENABLED
detector   4 is ENABLED
detector   5 is ENABLED
detector   6 is ENABLED
detector   7 is ENABLED
detector   8 is ENABLED
detector   9 is ENABLED
detector  10 is ENABLED
detector  11 is ENABLED
detector  12 is ENABLED
detector  13 is ENABLED
detector  14 is ENABLED
detector  15 is ENABLED
detector  16 is ENABLED
detector  17 is ENABLED
detector  18 is ENABLED
detector  19 is ENABLED
detector  20 is ENABLED
detector  21 is ENABLED
detector  22 is ENABLED
detector  23 is ENABLED
detector  24 is ENABLED
detector  25 is ENABLED
detector  26 is ENABLED
detector  27 is ENABLED
detector  28 is ENABLED
detector  29 is ENABLED
detector  30 is ENABLED
detector  31 is ENABLED
detector  32 is ENABLED
detector  33 is ENABLED
detector  34 is ENABLED
detector  35 is ENABLED
detector  36 is ENABLED
detector  37 is ENABLED
detector  38 is ENABLED
detector  39 is ENABLED
detector  40 is ENABLED
detector  41 is ENABLED
detector  42 is ENABLED
detector  43 is ENABLED
detector  44 is ENABLED
detector  45 is ENABLED
detector  46 is ENABLED
detector  47 is ENABLED
detector  48 is ENABLED
detector  49 is ENABLED
detector  50 is ENABLED
detector  51 is ENABLED
detector  52 is ENABLED
detector  53 is ENABLED
detector  54 is ENABLED
detector  55 is ENABLED
detector  56 is ENABLED
detector  57 is ENABLED
detector  58 is ENABLED
detector  59 is ENABLED
detector  60 is ENABLED
detector  61 is ENABLED
detector  62 is ENABLED
detector  63 is ENABLED
detector  64 is ENABLED
detector  65 is ENABLED
detector  66 is ENABLED
detector  67 is ENABLED
detector  68 is ENABLED
detector  69 is ENABLED
detector  70 is ENABLED
detector  71 is ENABLED
detector  72 is ENABLED
detector  73 is ENABLED
detector  74 is ENABLED
detector  75 is ENABLED
detector  76 is ENABLED
detector  77 is ENABLED
detector  78 is ENABLED
detector  79 is ENABLED
detector  80 is ENABLED
detector  81 is ENABLED
detector  82 is ENABLED
detector  83 is ENABLED
detector  84 is ENABLED
detector  85 is ENABLED
detector  86 is ENABLED
detector  87 is ENABLED
detector  88 is ENABLED
detector  89 is ENABLED
detector  90 is ENABLED
detector  91 is ENABLED
detector  92 is ENABLED
detector  93 is ENABLED
detector  94 is ENABLED
detector  95 is ENABLED
detector  96 is ENABLED
detector  97 is ENABLED
detector  98 is ENABLED
detector  99 is ENABLED
detector 100 is ENABLED
detector 101 is ENABLED
detector 102 is ENABLED
detector 103 is ENABLED
detector 104 is ENABLED
detector 105 is ENABLED
detector 106 is ENABLED
detector 107 is ENABLED
detector 108 is ENABLED
detector 109 is ENABLED
detector 110 is ENABLED
detector 111 is ENABLED
detector 112 is ENABLED
detector 113 is ENABLED
detector 114 is ENABLED
detector 115 is ENABLED
detector 116 is ENABLED
detector 117 is ENABLED
detector 118 is ENABLED
detector 119 is ENABLED
detector 120 is ENABLED
detector 121 is ENABLED
detector 122 is ENABLED
detector 123 is ENABLED
detector 124 is ENABLED
detector 125 is ENABLED
detector 126 is ENABLED
detector 127 is ENABLED
detector 128 is ENABLED
detector 129 is ENABLED
detector 130 is ENABLED
detector 131 is ENABLED
detector 132 is ENABLED
detector 133 is ENABLED
detector 134 is ENABLED
detector 135 is ENABLED
detector 136 is ENABLED
detector 137 is ENABLED
detector 138 is ENABLED
detector 139 is ENABLED
detector 140 is ENABLED
detector 141 is ENABLED
detector 142 is ENABLED
detector 143 is ENABLED
detector 144 is ENABLED
detector 145 is ENABLED
detector 146 is ENABLED
detector 147 is ENABLED
detector 148 is ENABLED
detector 149 is ENABLED
detector 150 is ENABLED
detector 151 is ENABLED
detector 152 is ENABLED
detector 153 is ENABLED
detector 154 is ENABLED
detector 155 is ENABLED
detector 156 is ENABLED
detector 157 is ENABLED
detector 158 is ENABLED
detector 159 is ENABLED
detector 160 is ENABLED
detector 161 is ENABLED
detector 162 is ENABLED
detector 163 is ENABLED
detector 164 is ENABLED
detector 165 is ENABLED
detector 166 is ENABLED
detector 167 is ENABLED
detector 168 is ENABLED
detector 169 is ENABLED
detector 170 is ENABLED
detector 171 is ENABLED
detector 172 is ENABLED
detector 173 is ENABLED
detector 174 is ENABLED
detector 175 is ENABLED
detector 176 is ENABLED
detector 177 is ENABLED
detector 178 is ENABLED
detector 179 is ENABLED
detector 180 is ENABLED
detector 181 is ENABLED
detector 182 is ENABLED
detector 183 is ENABLED
detector 184 is ENABLED
detector 185 is ENABLED
detector 186 is ENABLED
detector 187 is ENABLED
detector 188 is ENABLED
detector 189 is ENABLED
detector 190 is ENABLED
detector 191 is ENABLED
detector 192 is ENABLED
detector 193 is ENABLED
detector 194 is ENABLED
detector 195 is ENABLED
detector 196 is ENABLED
detector 197 is ENABLED
detector 198 is ENABLED
detector 199 is ENABLED
WARNING: could not open CCcal file "CCenergy.cal", quit
will use beam direction 0.000000 0.000000 1.000000
vector length= 1.000000, normalizing
will use beam direction 0.000000 0.000000 1.000000
Pars.ndetlimlo=1,Pars.ndetlimhi=8
will require mult bt: 1 20
fomlimits, 1, 0.00 ..to.. 0.80
fomlimits, 2, 0.00 ..to.. 0.80
fomlimits, 3, 0.00 ..to.. 0.80
fomlimits, 4, 0.00 ..to.. 0.80
fomlimits, 5, 0.00 ..to.. 0.80
fomlimits, 6, 0.00 ..to.. 0.80
fomlimits, 7, 0.00 ..to.. 0.80
will use M= 350.000000 in bin_dgs
will use PZ file "dgs_pz.cal" in bin_dgs
will use ecal file "dgs_ehi.cal" in bin_dgs
will skip rest of chat file

chat file: <GEBSort.chat> closed
processed 39 sort instructions and 198 lines


sorting this:
Pars.do_bin_mode3 = 1
Pars.do_bin_mode2 = 1
Pars.do_bin_mode1 = 0
Pars.do_bin_dgs = 0
Pars.do_bin_dfma = 0
Pars.do_bin_gtcal = 0
Pars.do_bin_template = 0
Pars.do_bin_final = 0
Pars.do_bin_angcor = 0
Pars.do_bin_angdis = 0
checking proper input of chat file...
input file "/lcrc/project/HELIOS/gretinafma/merged_data/GEBMerged_run185.gtd_000" is open, inData=0x25841a60
file size is 1692836880 bytes or 1653 MBs 
input source is set up, supposedly

xyz offset values:

executing ShareMemFileUserInit.h code

deleted \rm -f GEBSort.command
root file </lcrc/project/HELIOS/gretinafma/root_data/run185.root>
base=</lcrc/project/HELIOS/gretinafma/root_data/run185.root:/>
TFile: name=/lcrc/project/HELIOS/gretinafma/root_data/run185.root, title=, option=CREATE

executing UserInit.h code

Created Object "dtbtev", 0x26897180
Created Object "T0", 0x26897590
, "T0"Created Object "hitpat", 0x26897980
, "hitpat"Created Object "numHitArray2", 0x268983d0
, "numHitArray2"Created Object "CCmult", 0x26898e90
, "CC Multiplicity"Created Object "CCsum", 0x26b6a750
, "CCsum"Created Object "hit2", 0x26b7a560
, "hit2"Created Object "hit3", 0x26b8a370
, "hit3"Created Object "hit4", 0x26b9a180
, "hit4"Created Object "CCsum_nodop", 0x26ba9f90
, "CCsum_nodop"Created Object "CCadd", 0x26bb9da0
, "CCadd"Created Object "SEGadd_FPGA", 0x26bc9bb0
Created Object "SEGadd_PSA", 0x26bc9fc0
Created Object "SEGsum_FPGA", 0x26bca3d0
Created Object "SEGsum_PSA", 0x26bca7e0
Created Object "radius_all", 0x26bcabf0
, "radius (all points)"Created Object "rate_mode2_min", 0x26bd3000
, "rate_mode2_min headers"Created Object "rate_mode2_sec", 0x26bd6110
, "rate_mode2_sec headers"Created Object "rate_mode2_intp", 0x26bd9220
, "rate_mode2 interaction points"Created Object "cdtbtev", 0x26bdc460
Created Object "evsr_all", 0x26ca2440
Created Object "SMAP_allhits", 0x26ca2980
Created Object "SMAP_allhits_sq", 0x26da2310
Created Object "seghitpat", 0x26ea1ca0
Created Object "CCe", 0x26eaa0a0
Created Object "ggCC", 0x26eaa650
Created Object "z_plot", 0x26eaac00
Created Object "crystal_hit", 0x26f5e2d0
Created Object "SegE", 0x26f5e8a0
Created Object "crXcr", 0x26f5ede0
MAXDETPOS=180
Created Object "eCC_a", 0x2704c990
Created Object "eCC_b", 0x2704cda0
Created Object "eCC_c", 0x2704d210
Created Object "eCC_d", 0x2704d7c0
Created Object "eSeg", 0x2704dd00
Created Object "mode3_hitpat", 0x2704e2b0
, "mode3_hitpat"Created Object "mode3_hitpat_chan", 0x2704ec20
, "mode3_hitpat_chan"Created Object "chan0", 0x2704f350
, "chan0"Created Object "module", 0x27063180
, "module"Created Object "chan", 0x27076fb0
Created Object "l", 0x270ec8d0
, "l"Created Object "r", 0x27100700
, "r"Created Object "up", 0x271144c0
, "up"Created Object "down", 0x27128280
, "down"Created Object "sumlr", 0x2713c0b0
, "sumlr"Created Object "sumud", 0x2714fee0
, "sumud"Created Object "x", 0x27163d10
, "x"Created Object "y", 0x27177b40
, "y"Created Object "de1", 0x2718b970
, "de1"Created Object "de2", 0x2719f730
, "de2"Created Object "de3", 0x271b34f0
, "de3"Created Object "de12", 0x271c7320
, "de12"Created Object "etot", 0x271db150
, "etot"Created Object "rftof", 0x271eef10
, "rftof"Created Object "lr", 0x27202cd0
Created Object "ud", 0x27203210
Created Object "ede1", 0x27203750
Created Object "ede1g", 0x27203c90
Created Object "ede2", 0x27204240
Created Object "ede12", 0x272047f0
Created Object "xde1", 0x27204da0
Created Object "erftof", 0x272052e0
Created Object "erftofg", 0x27205820
Created Object "sumehi", 0x27205dd0
, "sumehi"Created Object "tgppac", 0x27219b90
, "tgppac"Created Object "tgppacg", 0x27241240
, "tgppacg"Created Object "xehi1", 0x272688f0
Created Object "xehi1g", 0x27268e30
Created Object "de1ehi", 0x272693e0
Created Object "de1ehig", 0x27269920
Created Object "ng", 0x27269e60
, "ng"Created Object "ehiz1", 0x2727dc20
, "ehiz1"Created Object "ehiz2", 0x272919e0
, "ehiz2"Created Object "ehiz3", 0x272a5810
, "ehiz3"Created Object "ehiz4", 0x272b9640
, "ehiz4"Created Object "ehiz5", 0x272cd470
, "ehiz5"Created Object "gg_dt", 0x272e1230
, "gg_dt"Created Object "gg", 0x272e5660
Created Object "gg_z1", 0x272e5c10
Created Object "gg_z2", 0x272e61c0
Created Object "gg_z3", 0x272e6770
Created Object "gg_z4", 0x272e6d20
Created Object "gg_z5", 0x272e7260
we have define the following ROOT spectra:
Collection name='THashList', class='THashList', size=84
 TH1.Print Name  = dtbtev, Entries= 0, Total sum= 0
 TH1.Print Name  = T0, Entries= 0, Total sum= 0
 TH1.Print Name  = hitpat, Entries= 0, Total sum= 0
 TH1.Print Name  = numHitArray2, Entries= 0, Total sum= 0
 TH1.Print Name  = CCmult, Entries= 0, Total sum= 0
 TH1.Print Name  = CCsum, Entries= 0, Total sum= 0
 TH1.Print Name  = hit2, Entries= 0, Total sum= 0
 TH1.Print Name  = hit3, Entries= 0, Total sum= 0
 TH1.Print Name  = hit4, Entries= 0, Total sum= 0
 TH1.Print Name  = CCsum_nodop, Entries= 0, Total sum= 0
 TH1.Print Name  = CCadd, Entries= 0, Total sum= 0
 TH1.Print Name  = SEGadd_FPGA, Entries= 0, Total sum= 0
 TH1.Print Name  = SEGadd_PSA, Entries= 0, Total sum= 0
 TH1.Print Name  = SEGsum_FPGA, Entries= 0, Total sum= 0
 TH1.Print Name  = SEGsum_PSA, Entries= 0, Total sum= 0
 TH1.Print Name  = radius_all, Entries= 0, Total sum= 0
 TH1.Print Name  = rate_mode2_min, Entries= 0, Total sum= 0
 TH1.Print Name  = rate_mode2_sec, Entries= 0, Total sum= 0
 TH1.Print Name  = rate_mode2_intp, Entries= 0, Total sum= 0
 TH1.Print Name  = cdtbtev, Entries= 0, Total sum= 0
 TH1.Print Name  = evsr_all, Entries= 0, Total sum= 0
 TH1.Print Name  = SMAP_allhits, Entries= 0, Total sum= 0
 TH1.Print Name  = SMAP_allhits_sq, Entries= 0, Total sum= 0
 TH1.Print Name  = seghitpat, Entries= 0, Total sum= 0
 TH1.Print Name  = CCe, Entries= 0, Total sum= 0
 TH1.Print Name  = ggCC, Entries= 0, Total sum= 0
 TH1.Print Name  = z_plot, Entries= 0, Total sum= 0
 TH1.Print Name  = crystal_hit, Entries= 0, Total sum= 0
 TH1.Print Name  = SegE, Entries= 0, Total sum= 0
 TH1.Print Name  = crXcr, Entries= 0, Total sum= 0
 ******************************************************************************
*Tree    :tree      : tree                                                   *
*Entries :        0 : Total =            8461 bytes  File  Size =          0 *
*        :          : Tree compression factor =   1.00                       *
******************************************************************************
*Br    0 :runNumber : runNumber/I                                            *
*Entries :        0 : Total  Size=        501 bytes  One basket in memory    *
*Baskets :        0 : Basket Size=      32000 bytes  Compression=   1.00     *
*............................................................................*
*Br    1 :numHits   : numHits/I                                              *
*Entries :        0 : Total  Size=        493 bytes  One basket in memory    *
*Baskets :        0 : Basket Size=      32000 bytes  Compression=   1.00     *
*............................................................................*
*Br    2 :left      : left[numHits]/F                                        *
*Entries :        0 : Total  Size=        580 bytes  One basket in memory    *
*Baskets :        0 : Basket Size=      32000 bytes  Compression=   1.00     *
*............................................................................*
*Br    3 :right     : right[numHits]/F                                       *
*Entries :        0 : Total  Size=        584 bytes  One basket in memory    *
*Baskets :        0 : Basket Size=      32000 bytes  Compression=   1.00     *
*............................................................................*
*Br    4 :up        : up[numHits]/F                                          *
*Entries :        0 : Total  Size=        572 bytes  One basket in memory    *
*Baskets :        0 : Basket Size=      32000 bytes  Compression=   1.00     *
*............................................................................*
*Br    5 :down      : down[numHits]/F                                        *
*Entries :        0 : Total  Size=        580 bytes  One basket in memory    *
*Baskets :        0 : Basket Size=      32000 bytes  Compression=   1.00     *
*............................................................................*
*Br    6 :e1        : e1[numHits]/F                                          *
*Entries :        0 : Total  Size=        572 bytes  One basket in memory    *
*Baskets :        0 : Basket Size=      32000 bytes  Compression=   1.00     *
*............................................................................*
*Br    7 :e2        : e2[numHits]/F                                          *
*Entries :        0 : Total  Size=        572 bytes  One basket in memory    *
*Baskets :        0 : Basket Size=      32000 bytes  Compression=   1.00     *
*............................................................................*
*Br    8 :e3        : e3[numHits]/F                                          *
*Entries :        0 : Total  Size=        572 bytes  One basket in memory    *
*Baskets :        0 : Basket Size=      32000 bytes  Compression=   1.00     *
*............................................................................*
*Br    9 :tac       : tac[numHits]/F                                         *
*Entries :        0 : Total  Size=        576 bytes  One basket in memory    *
*Baskets :        0 : Basket Size=      32000 bytes  Compression=   1.00     *
*............................................................................*
*Br   10 :fmaDeltaTime : fmaDeltaTime[numHits]/F                             *
*Entries :        0 : Total  Size=        612 bytes  One basket in memory    *
*Baskets :        0 : Basket Size=      32000 bytes  Compression=   1.00     *
*............................................................................*
*Br   11 :fmaMult   : fmaMult[10]/I                                          *
*Entries :        0 : Total  Size=        501 bytes  One basket in memory    *
*Baskets :        0 : Basket Size=      32000 bytes  Compression=   1.00     *
*............................................................................*
*Br   12 :gammaMult : gammaMult/I                                            *
*Entries :        0 : Total  Size=        501 bytes  One basket in memory    *
*Baskets :        0 : Basket Size=      32000 bytes  Compression=   1.00     *
*............................................................................*
*Br   13 :gammaEnergy : gammaEnergy[gammaMult]/F                             *
*Entries :        0 : Total  Size=        616 bytes  One basket in memory    *
*Baskets :        0 : Basket Size=      32000 bytes  Compression=   1.00     *
*............................................................................*
*Br   14 :gammaTimestamp : gammaTimestamp[gammaMult]/F                       *
*Entries :        0 : Total  Size=        628 bytes  One basket in memory    *
*Baskets :        0 : Basket Size=      32000 bytes  Compression=   1.00     *
*............................................................................*
*Br   15 :deltaTime : deltaTime[gammaMult]/F                                 *
*Entries :        0 : Total  Size=        608 bytes  One basket in memory    *
*Baskets :        0 : Basket Size=      32000 bytes  Compression=   1.00     *
*............................................................................*
 TH1.Print Name  = eCC_a, Entries= 0, Total sum= 0
 TH1.Print Name  = eCC_b, Entries= 0, Total sum= 0
 TH1.Print Name  = eCC_c, Entries= 0, Total sum= 0
 TH1.Print Name  = eCC_d, Entries= 0, Total sum= 0
 TH1.Print Name  = eSeg, Entries= 0, Total sum= 0
 TH1.Print Name  = mode3_hitpat, Entries= 0, Total sum= 0
 TH1.Print Name  = mode3_hitpat_chan, Entries= 0, Total sum= 0
 TH1.Print Name  = chan0, Entries= 0, Total sum= 0
 TH1.Print Name  = module, Entries= 0, Total sum= 0
 TH1.Print Name  = chan, Entries= 0, Total sum= 0
 TH1.Print Name  = l, Entries= 0, Total sum= 0
 TH1.Print Name  = r, Entries= 0, Total sum= 0
 TH1.Print Name  = up, Entries= 0, Total sum= 0
 TH1.Print Name  = down, Entries= 0, Total sum= 0
 TH1.Print Name  = sumlr, Entries= 0, Total sum= 0
 TH1.Print Name  = sumud, Entries= 0, Total sum= 0
 TH1.Print Name  = x, Entries= 0, Total sum= 0
 TH1.Print Name  = y, Entries= 0, Total sum= 0
 TH1.Print Name  = de1, Entries= 0, Total sum= 0
 TH1.Print Name  = de2, Entries= 0, Total sum= 0
 TH1.Print Name  = de3, Entries= 0, Total sum= 0
 TH1.Print Name  = de12, Entries= 0, Total sum= 0
 TH1.Print Name  = etot, Entries= 0, Total sum= 0
 TH1.Print Name  = rftof, Entries= 0, Total sum= 0
 TH1.Print Name  = lr, Entries= 0, Total sum= 0
 TH1.Print Name  = ud, Entries= 0, Total sum= 0
 TH1.Print Name  = ede1, Entries= 0, Total sum= 0
 TH1.Print Name  = ede1g, Entries= 0, Total sum= 0
 TH1.Print Name  = ede2, Entries= 0, Total sum= 0
 TH1.Print Name  = ede12, Entries= 0, Total sum= 0
 TH1.Print Name  = xde1, Entries= 0, Total sum= 0
 TH1.Print Name  = erftof, Entries= 0, Total sum= 0
 TH1.Print Name  = erftofg, Entries= 0, Total sum= 0
 TH1.Print Name  = sumehi, Entries= 0, Total sum= 0
 TH1.Print Name  = tgppac, Entries= 0, Total sum= 0
 TH1.Print Name  = tgppacg, Entries= 0, Total sum= 0
 TH1.Print Name  = xehi1, Entries= 0, Total sum= 0
 TH1.Print Name  = xehi1g, Entries= 0, Total sum= 0
 TH1.Print Name  = de1ehi, Entries= 0, Total sum= 0
 TH1.Print Name  = de1ehig, Entries= 0, Total sum= 0
 TH1.Print Name  = ng, Entries= 0, Total sum= 0
 TH1.Print Name  = ehiz1, Entries= 0, Total sum= 0
 TH1.Print Name  = ehiz2, Entries= 0, Total sum= 0
 TH1.Print Name  = ehiz3, Entries= 0, Total sum= 0
 TH1.Print Name  = ehiz4, Entries= 0, Total sum= 0
 TH1.Print Name  = ehiz5, Entries= 0, Total sum= 0
 TH1.Print Name  = gg_dt, Entries= 0, Total sum= 0
 TH1.Print Name  = gg, Entries= 0, Total sum= 0
 TH1.Print Name  = gg_z1, Entries= 0, Total sum= 0
 TH1.Print Name  = gg_z2, Entries= 0, Total sum= 0
 TH1.Print Name  = gg_z3, Entries= 0, Total sum= 0
 TH1.Print Name  = gg_z4, Entries= 0, Total sum= 0
 TH1.Print Name  = gg_z5, Entries= 0, Total sum= 0
GRETINA detector angles
mod  1, crystal 0 [  4]: ( 10.07   3.58  15.10) pol   35.30 ,  azi   13.35; pol   35.30 ,  azi   19.58; modCCdopfac[4] 1.0271
mod  1, crystal 1 [  5]: ( 10.11   9.19  12.47) pol   47.60 ,  azi   36.39; pol   47.60 ,  azi   42.30; modCCdopfac[5] 1.0222
mod  1, crystal 2 [  6]: (  5.44   7.69  15.92) pol   30.60 ,  azi   25.77; pol   30.60 ,  azi   54.72; modCCdopfac[6] 1.0287
mod  1, crystal 3 [  7]: (  4.99   1.78  17.72) pol   16.65 ,  azi    5.72; pol   16.65 ,  azi   19.58; modCCdopfac[7] 1.0321
mod  2, crystal 0 [  8]: ( -0.29  10.69  15.10) pol   35.30 ,  azi   35.29; pol   35.30 ,  azi   91.58; modCCdopfac[8] 1.0271
mod  2, crystal 1 [  9]: ( -5.62  12.45  12.47) pol   47.60 ,  azi   44.95; pol   47.60 ,  azi  114.30; modCCdopfac[9] 1.0222
mod  2, crystal 2 [ 10]: ( -5.63   7.55  15.92) pol   30.60 ,  azi   25.36; pol   30.60 ,  azi  126.72; modCCdopfac[10] 1.0287
mod  2, crystal 3 [ 11]: ( -0.15   5.30  17.72) pol   16.65 ,  azi   16.64; pol   16.65 ,  azi   91.58; modCCdopfac[11] 1.0321
mod  3, crystal 0 [ 12]: (-10.25   3.02  15.10) pol   35.30 ,  azi   11.32; pol   35.30 ,  azi  163.58; modCCdopfac[12] 1.0271
mod  3, crystal 1 [ 13]: (-13.58  -1.50  12.47) pol   47.60 ,  azi   -6.85; pol   47.60 ,  azi -173.70; modCCdopfac[13] 1.0222
mod  3, crystal 2 [ 14]: ( -8.92  -3.02  15.92) pol   30.60 ,  azi  -10.75; pol   30.60 ,  azi -161.28; modCCdopfac[14] 1.0287
mod  3, crystal 3 [ 15]: ( -5.08   1.50  17.72) pol   16.65 ,  azi    4.83; pol   16.65 ,  azi  163.58; modCCdopfac[15] 1.0321
mod  4, crystal 0 [ 16]: ( -6.04  -8.82  15.10) pol   35.30 ,  azi  -30.29; pol   35.30 ,  azi -124.42; modCCdopfac[16] 1.0271
mod  4, crystal 1 [ 17]: ( -2.77 -13.38  12.47) pol   47.60 ,  azi  -47.00; pol   47.60 ,  azi -101.70; modCCdopfac[17] 1.0222
mod  4, crystal 2 [ 18]: (  0.12  -9.42  15.92) pol   30.60 ,  azi  -30.60; pol   30.60 ,  azi  -89.28; modCCdopfac[18] 1.0287
mod  4, crystal 3 [ 19]: ( -3.00  -4.37  17.72) pol   16.65 ,  azi  -13.86; pol   16.65 ,  azi -124.42; modCCdopfac[19] 1.0321
mod  5, crystal 0 [ 20]: (  6.52  -8.47  15.10) pol   35.30 ,  azi  -29.30; pol   35.30 ,  azi  -52.42; modCCdopfac[20] 1.0271
mod  5, crystal 1 [ 21]: ( 11.87  -6.77  12.47) pol   47.60 ,  azi  -28.49; pol   47.60 ,  azi  -29.70; modCCdopfac[21] 1.0222
mod  5, crystal 2 [ 22]: (  8.99  -2.80  15.92) pol   30.60 ,  azi   -9.96; pol   30.60 ,  azi  -17.28; modCCdopfac[22] 1.0287
mod  5, crystal 3 [ 23]: (  3.23  -4.20  17.72) pol   16.65 ,  azi  -13.33; pol   16.65 ,  azi  -52.42; modCCdopfac[23] 1.0321
mod  6, crystal 0 [ 24]: (  4.54  16.51   7.02) pol   67.71 ,  azi   66.97; pol   67.71 ,  azi   74.63; modCCdopfac[24] 1.0121
mod  6, crystal 1 [ 25]: ( -0.33  15.15  10.61) pol   55.02 ,  azi   55.01; pol   55.02 ,  azi   91.23; modCCdopfac[25] 1.0187
mod  6, crystal 2 [ 26]: (  5.05  13.00  12.16) pol   48.92 ,  azi   46.92; pol   48.92 ,  azi   68.77; modCCdopfac[26] 1.0216
mod  6, crystal 3 [ 27]: (  9.66  13.57   8.06) pol   64.18 ,  azi   59.29; pol   64.18 ,  azi   54.55; modCCdopfac[27] 1.0140
mod  7, crystal 0 [ 28]: (-14.30   9.42   7.02) pol   67.71 ,  azi   53.31; pol   67.71 ,  azi  146.63; modCCdopfac[28] 1.0121
mod  7, crystal 1 [ 29]: (-14.51   4.37  10.61) pol   55.02 ,  azi   22.40; pol   55.02 ,  azi  163.23; modCCdopfac[29] 1.0187
mod  7, crystal 2 [ 30]: (-10.80   8.82  12.16) pol   48.92 ,  azi   35.96; pol   48.92 ,  azi  140.77; modCCdopfac[30] 1.0216
mod  7, crystal 3 [ 31]: ( -9.92  13.38   8.06) pol   64.18 ,  azi   58.94; pol   64.18 ,  azi  126.55; modCCdopfac[31] 1.0140
mod  8, crystal 0 [ 32]: (-13.37 -10.69   7.02) pol   67.71 ,  azi  -56.71; pol   67.71 ,  azi -141.37; modCCdopfac[32] 1.0121
mod  8, crystal 1 [ 33]: ( -8.64 -12.45  10.61) pol   55.02 ,  azi  -49.58; pol   55.02 ,  azi -124.77; modCCdopfac[33] 1.0187
mod  8, crystal 2 [ 34]: (-11.73  -7.55  12.16) pol   48.92 ,  azi  -31.84; pol   48.92 ,  azi -147.23; modCCdopfac[34] 1.0216
mod  8, crystal 3 [ 35]: (-15.79  -5.30   8.06) pol   64.18 ,  azi  -33.33; pol   64.18 ,  azi -161.45; modCCdopfac[35] 1.0140
mod  9, crystal 0 [ 36]: (  6.03 -16.02   7.02) pol   67.71 ,  azi  -66.35; pol   67.71 ,  azi  -69.37; modCCdopfac[36] 1.0121
mod  9, crystal 1 [ 37]: (  9.17 -12.07  10.61) pol   55.02 ,  azi  -48.69; pol   55.02 ,  azi  -52.77; modCCdopfac[37] 1.0187
mod  9, crystal 2 [ 38]: (  3.56 -13.48  12.16) pol   48.92 ,  azi  -47.96; pol   48.92 ,  azi  -75.23; modCCdopfac[38] 1.0216
mod  9, crystal 3 [ 39]: (  0.16 -16.65   8.06) pol   64.18 ,  azi  -64.18; pol   64.18 ,  azi  -89.45; modCCdopfac[39] 1.0140
mod 10, crystal 0 [ 40]: ( 17.10   0.79   7.02) pol   67.71 ,  azi    6.39; pol   67.71 ,  azi    2.63; modCCdopfac[40] 1.0121
mod 10, crystal 1 [ 41]: ( 14.31   4.99  10.61) pol   55.02 ,  azi   25.21; pol   55.02 ,  azi   19.23; modCCdopfac[41] 1.0187
mod 10, crystal 2 [ 42]: ( 13.92  -0.79  12.16) pol   48.92 ,  azi   -3.70; pol   48.92 ,  azi   -3.23; modCCdopfac[42] 1.0216
mod 10, crystal 3 [ 43]: ( 15.89  -4.99   8.06) pol   64.18 ,  azi  -31.79; pol   64.18 ,  azi  -17.45; modCCdopfac[43] 1.0140
mod 11, crystal 0 [ 44]: ( 18.26   2.80   0.92) pol   87.15 ,  azi   71.78; pol   87.15 ,  azi    8.71; modCCdopfac[44] 1.0011
mod 11, crystal 1 [ 45]: ( 17.30   4.20  -5.04) pol  105.79 ,  azi  140.16; pol  105.79 ,  azi   13.65; modCCdopfac[45] 0.9906
mod 11, crystal 2 [ 46]: ( 16.42   8.47  -0.92) pol   92.85 ,  azi   96.20; pol   92.85 ,  azi   27.29; modCCdopfac[46] 0.9978
mod 11, crystal 3 [ 47]: ( 16.46   6.77   5.04) pol   74.21 ,  azi   53.36; pol   74.21 ,  azi   22.35; modCCdopfac[47] 1.0085
mod 12, crystal 0 [ 48]: ( 12.46  13.48  -2.26) pol   97.01 ,  azi   99.50; pol   97.01 ,  azi   47.25; modCCdopfac[48] 0.9954
mod 12, crystal 1 [ 49]: (  7.28  16.65  -3.46) pol  100.78 ,  azi  101.74; pol  100.78 ,  azi   66.39; modCCdopfac[49] 0.9933
mod 12, crystal 2 [ 50]: (  8.97  16.02   2.26) pol   82.99 ,  azi   81.98; pol   82.99 ,  azi   60.75; modCCdopfac[50] 1.0035
mod 12, crystal 3 [ 51]: ( 13.59  12.07   3.46) pol   79.22 ,  azi   74.00; pol   79.22 ,  azi   41.61; modCCdopfac[51] 1.0057
mod 13, crystal 0 [ 52]: (  2.98  18.23   0.92) pol   87.15 ,  azi   87.11; pol   87.15 ,  azi   80.71; modCCdopfac[52] 1.0011
mod 13, crystal 1 [ 53]: (  1.35  17.75  -5.04) pol  105.79 ,  azi  105.84; pol  105.79 ,  azi   85.65; modCCdopfac[53] 0.9906
mod 13, crystal 2 [ 54]: ( -2.98  18.23  -0.92) pol   92.85 ,  azi   92.89; pol   92.85 ,  azi   99.29; modCCdopfac[54] 0.9978
mod 13, crystal 3 [ 55]: ( -1.35  17.75   5.04) pol   74.21 ,  azi   74.16; pol   74.21 ,  azi   94.35; modCCdopfac[55] 1.0085
mod 14, crystal 0 [ 56]: ( -8.97  16.02  -2.26) pol   97.01 ,  azi   98.02; pol   97.01 ,  azi  119.25; modCCdopfac[56] 0.9954
mod 14, crystal 1 [ 57]: (-13.59  12.07  -3.46) pol  100.78 ,  azi  106.00; pol  100.78 ,  azi  138.39; modCCdopfac[57] 0.9933
mod 14, crystal 2 [ 58]: (-12.46  13.48   2.26) pol   82.99 ,  azi   80.50; pol   82.99 ,  azi  132.75; modCCdopfac[58] 1.0035
mod 14, crystal 3 [ 59]: ( -7.28  16.65   3.46) pol   79.22 ,  azi   78.26; pol   79.22 ,  azi  113.61; modCCdopfac[59] 1.0057
mod 15, crystal 0 [ 60]: (-16.42   8.47   0.92) pol   87.15 ,  azi   83.80; pol   87.15 ,  azi  152.71; modCCdopfac[60] 1.0011
mod 15, crystal 1 [ 61]: (-16.46   6.77  -5.04) pol  105.79 ,  azi  126.64; pol  105.79 ,  azi  157.65; modCCdopfac[61] 0.9906
mod 15, crystal 2 [ 62]: (-18.26   2.80  -0.92) pol   92.85 ,  azi  108.22; pol   92.85 ,  azi  171.29; modCCdopfac[62] 0.9978
mod 15, crystal 3 [ 63]: (-17.30   4.20   5.04) pol   74.21 ,  azi   39.84; pol   74.21 ,  azi  166.35; modCCdopfac[63] 1.0085
mod 16, crystal 0 [ 64]: (-18.01  -3.58  -2.26) pol   97.01 ,  azi -122.21; pol   97.01 ,  azi -168.75; modCCdopfac[64] 0.9954
mod 16, crystal 1 [ 65]: (-15.68  -9.19  -3.46) pol  100.78 ,  azi -110.62; pol  100.78 ,  azi -149.61; modCCdopfac[65] 0.9933
mod 16, crystal 2 [ 66]: (-16.68  -7.69   2.26) pol   82.99 ,  azi  -73.64; pol   82.99 ,  azi -155.25; modCCdopfac[66] 1.0035
mod 16, crystal 3 [ 67]: (-18.09  -1.78   3.46) pol   79.22 ,  azi  -27.18; pol   79.22 ,  azi -174.39; modCCdopfac[67] 1.0057
mod 17, crystal 0 [ 68]: (-13.13 -13.00   0.92) pol   87.15 ,  azi  -85.95; pol   87.15 ,  azi -135.29; modCCdopfac[68] 1.0011
mod 17, crystal 1 [ 69]: (-11.53 -13.57  -5.04) pol  105.79 ,  azi -110.36; pol  105.79 ,  azi -130.35; modCCdopfac[69] 0.9906
mod 17, crystal 2 [ 70]: ( -8.30 -16.51  -0.92) pol   92.85 ,  azi  -93.19; pol   92.85 ,  azi -116.71; modCCdopfac[70] 0.9978
mod 17, crystal 3 [ 71]: ( -9.34 -15.15   5.04) pol   74.21 ,  azi  -71.62; pol   74.21 ,  azi -121.65; modCCdopfac[71] 1.0085
mod 18, crystal 0 [ 72]: ( -2.16 -18.23  -2.26) pol   97.01 ,  azi  -97.05; pol   97.01 ,  azi  -96.75; modCCdopfac[72] 0.9954
mod 18, crystal 1 [ 73]: (  3.90 -17.75  -3.46) pol  100.78 ,  azi -101.03; pol  100.78 ,  azi  -77.61; modCCdopfac[73] 0.9933
mod 18, crystal 2 [ 74]: (  2.16 -18.23   2.26) pol   82.99 ,  azi  -82.95; pol   82.99 ,  azi  -83.25; modCCdopfac[74] 1.0035
mod 18, crystal 3 [ 75]: ( -3.90 -17.75   3.46) pol   79.22 ,  azi  -78.97; pol   79.22 ,  azi -102.39; modCCdopfac[75] 1.0057
mod 19, crystal 0 [ 76]: (  8.30 -16.51   0.92) pol   87.15 ,  azi  -86.81; pol   87.15 ,  azi  -63.29; modCCdopfac[76] 1.0011
mod 19, crystal 1 [ 77]: (  9.34 -15.15  -5.04) pol  105.79 ,  azi -108.38; pol  105.79 ,  azi  -58.35; modCCdopfac[77] 0.9906
mod 19, crystal 2 [ 78]: ( 13.13 -13.00  -0.92) pol   92.85 ,  azi  -94.05; pol   92.85 ,  azi  -44.71; modCCdopfac[78] 0.9978
mod 19, crystal 3 [ 79]: ( 11.53 -13.57   5.04) pol   74.21 ,  azi  -69.64; pol   74.21 ,  azi  -49.65; modCCdopfac[79] 1.0085
mod 20, crystal 0 [ 80]: ( 16.68  -7.69  -2.26) pol   97.01 ,  azi -106.36; pol   97.01 ,  azi  -24.75; modCCdopfac[80] 0.9954
mod 20, crystal 1 [ 81]: ( 18.09  -1.78  -3.46) pol  100.78 ,  azi -152.82; pol  100.78 ,  azi   -5.61; modCCdopfac[81] 0.9933
mod 20, crystal 2 [ 82]: ( 18.01  -3.58   2.26) pol   82.99 ,  azi  -57.79; pol   82.99 ,  azi  -11.25; modCCdopfac[82] 1.0035
mod 20, crystal 3 [ 83]: ( 15.68  -9.19   3.46) pol   79.22 ,  azi  -69.38; pol   79.22 ,  azi  -30.39; modCCdopfac[83] 1.0057
mod 21, crystal 0 [ 84]: ( 14.30   9.42  -7.02) pol  112.29 ,  azi  126.69; pol  112.29 ,  azi   33.37; modCCdopfac[84] 0.9871
mod 21, crystal 1 [ 85]: ( 14.51   4.37 -10.61) pol  124.98 ,  azi  157.60; pol  124.98 ,  azi   16.77; modCCdopfac[85] 0.9809
mod 21, crystal 2 [ 86]: ( 10.80   8.82 -12.16) pol  131.08 ,  azi  144.04; pol  131.08 ,  azi   39.23; modCCdopfac[86] 0.9782
mod 21, crystal 3 [ 87]: (  9.92  13.38  -8.06) pol  115.82 ,  azi  121.06; pol  115.82 ,  azi   53.45; modCCdopfac[87] 0.9853
mod 22, crystal 0 [ 88]: ( -4.54  16.51  -7.02) pol  112.29 ,  azi  113.03; pol  112.29 ,  azi  105.37; modCCdopfac[88] 0.9871
mod 22, crystal 1 [ 89]: (  0.33  15.15 -10.61) pol  124.98 ,  azi  124.99; pol  124.98 ,  azi   88.77; modCCdopfac[89] 0.9809
mod 22, crystal 2 [ 90]: ( -5.05  13.00 -12.16) pol  131.08 ,  azi  133.08; pol  131.08 ,  azi  111.23; modCCdopfac[90] 0.9782
mod 22, crystal 3 [ 91]: ( -9.66  13.57  -8.06) pol  115.82 ,  azi  120.71; pol  115.82 ,  azi  125.45; modCCdopfac[91] 0.9853
mod 23, crystal 0 [ 92]: (-17.10   0.79  -7.02) pol  112.29 ,  azi  173.61; pol  112.29 ,  azi  177.37; modCCdopfac[92] 0.9871
mod 23, crystal 1 [ 93]: (-14.31   4.99 -10.61) pol  124.98 ,  azi  154.79; pol  124.98 ,  azi  160.77; modCCdopfac[93] 0.9809
mod 23, crystal 2 [ 94]: (-13.92  -0.79 -12.16) pol  131.08 ,  azi -176.30; pol  131.08 ,  azi -176.77; modCCdopfac[94] 0.9782
mod 23, crystal 3 [ 95]: (-15.89  -4.99  -8.06) pol  115.82 ,  azi -148.21; pol  115.82 ,  azi -162.55; modCCdopfac[95] 0.9853
mod 24, crystal 0 [ 96]: ( -6.03 -16.02  -7.02) pol  112.29 ,  azi -113.65; pol  112.29 ,  azi -110.63; modCCdopfac[96] 0.9871
mod 24, crystal 1 [ 97]: ( -9.17 -12.07 -10.61) pol  124.98 ,  azi -131.31; pol  124.98 ,  azi -127.23; modCCdopfac[97] 0.9809
mod 24, crystal 2 [ 98]: ( -3.56 -13.48 -12.16) pol  131.08 ,  azi -132.04; pol  131.08 ,  azi -104.77; modCCdopfac[98] 0.9782
mod 24, crystal 3 [ 99]: ( -0.16 -16.65  -8.06) pol  115.82 ,  azi -115.82; pol  115.82 ,  azi  -90.55; modCCdopfac[99] 0.9853
mod 25, crystal 0 [100]: ( 13.37 -10.69  -7.02) pol  112.29 ,  azi -123.29; pol  112.29 ,  azi  -38.63; modCCdopfac[100] 0.9871
mod 25, crystal 1 [101]: (  8.64 -12.45 -10.61) pol  124.98 ,  azi -130.42; pol  124.98 ,  azi  -55.23; modCCdopfac[101] 0.9809
mod 25, crystal 2 [102]: ( 11.73  -7.55 -12.16) pol  131.08 ,  azi -148.16; pol  131.08 ,  azi  -32.77; modCCdopfac[102] 0.9782
mod 25, crystal 3 [103]: ( 15.79  -5.30  -8.06) pol  115.82 ,  azi -146.67; pol  115.82 ,  azi  -18.55; modCCdopfac[103] 0.9853
mod 26, crystal 0 [104]: (  0.29  10.69 -15.10) pol  144.70 ,  azi  144.71; pol  144.70 ,  azi   88.42; modCCdopfac[104] 0.9732
mod 26, crystal 1 [105]: (  5.62  12.45 -12.47) pol  132.40 ,  azi  135.05; pol  132.40 ,  azi   65.70; modCCdopfac[105] 0.9777
mod 26, crystal 2 [106]: (  5.63   7.55 -15.92) pol  149.40 ,  azi  154.64; pol  149.40 ,  azi   53.28; modCCdopfac[106] 0.9718
mod 26, crystal 3 [107]: (  0.15   5.30 -17.72) pol  163.35 ,  azi  163.36; pol  163.35 ,  azi   88.42; modCCdopfac[107] 0.9688
mod 27, crystal 0 [108]: (-10.07   3.58 -15.10) pol  144.70 ,  azi  166.65; pol  144.70 ,  azi  160.42; modCCdopfac[108] 0.9732
mod 27, crystal 1 [109]: (-10.11   9.19 -12.47) pol  132.40 ,  azi  143.61; pol  132.40 ,  azi  137.70; modCCdopfac[109] 0.9777
mod 27, crystal 2 [110]: ( -5.44   7.69 -15.92) pol  149.40 ,  azi  154.23; pol  149.40 ,  azi  125.28; modCCdopfac[110] 0.9718
mod 27, crystal 3 [111]: ( -4.99   1.78 -17.72) pol  163.35 ,  azi  174.28; pol  163.35 ,  azi  160.42; modCCdopfac[111] 0.9688
mod 28, crystal 0 [112]: ( -6.52  -8.47 -15.10) pol  144.70 ,  azi -150.70; pol  144.70 ,  azi -127.58; modCCdopfac[112] 0.9732
mod 28, crystal 1 [113]: (-11.87  -6.77 -12.47) pol  132.40 ,  azi -151.51; pol  132.40 ,  azi -150.30; modCCdopfac[113] 0.9777
mod 28, crystal 2 [114]: ( -8.99  -2.80 -15.92) pol  149.40 ,  azi -170.04; pol  149.40 ,  azi -162.72; modCCdopfac[114] 0.9718
mod 28, crystal 3 [115]: ( -3.23  -4.20 -17.72) pol  163.35 ,  azi -166.67; pol  163.35 ,  azi -127.58; modCCdopfac[115] 0.9688
mod 29, crystal 0 [116]: (  6.04  -8.82 -15.10) pol  144.70 ,  azi -149.71; pol  144.70 ,  azi  -55.58; modCCdopfac[116] 0.9732
mod 29, crystal 1 [117]: (  2.77 -13.38 -12.47) pol  132.40 ,  azi -133.00; pol  132.40 ,  azi  -78.30; modCCdopfac[117] 0.9777
mod 29, crystal 2 [118]: ( -0.12  -9.42 -15.92) pol  149.40 ,  azi -149.40; pol  149.40 ,  azi  -90.72; modCCdopfac[118] 0.9718
mod 29, crystal 3 [119]: (  3.00  -4.37 -17.72) pol  163.35 ,  azi -166.14; pol  163.35 ,  azi  -55.58; modCCdopfac[119] 0.9688
mod 30, crystal 0 [120]: ( 10.25   3.02 -15.10) pol  144.70 ,  azi  168.68; pol  144.70 ,  azi   16.42; modCCdopfac[120] 0.9732
mod 30, crystal 1 [121]: ( 13.58  -1.50 -12.47) pol  132.40 ,  azi -173.15; pol  132.40 ,  azi   -6.30; modCCdopfac[121] 0.9777
mod 30, crystal 2 [122]: (  8.92  -3.02 -15.92) pol  149.40 ,  azi -169.25; pol  149.40 ,  azi  -18.72; modCCdopfac[122] 0.9718
mod 30, crystal 3 [123]: (  5.08   1.50 -17.72) pol  163.35 ,  azi  175.17; pol  163.35 ,  azi   16.42; modCCdopfac[123] 0.9688
setup signal catcher
started sorting... from disk...

Pars.maxTS=4611686018427387904
got initial header, TS=2503788 ID: 8 length: 44
read initial payload of siz=44 into event position 1
__ptgd[0]->type= 0; ptgd[0]->length=   0; ptgd[0]->timestamp=0
initial ii=1, nn=1
ev#     0 GEB_TYPE_DECOMP        464Bytes TS=14943554697 curTS=2503788 dTS= 14941050909
t0=2503788
first event: GEB_event.mult=1
   0/ 0: ( 8,GEB_TYPE_GT_MOD29    ) TS=             2503788; dT=0
maxTS=8640002503788
that is 86400.0 seconds or 24h0m0s minutes of sorting
GEBGetEv returned st=0
we have read 540 bytes; CurEvNo=1

+++++++++++++++++++++++++++++++
*start event # 1 with multiplicity 1 looks like this:
 0>  8, GEB_TYPE_GT_MOD29    , TS=2503788
entered bin_mode2: 1/10
updated CCadd with    0.00
total number of hits in array: 0
exit bin_mode2
entered bin_mode3 @ event number: 1 

bin_mode3:  0>  8, GEB_TYPE_GT_MOD29    , TS=2503788, 0x26346c; payload length: 44 bytes

---------
new GTheader at pos=0 or 0 words (8):
Event.hdr[ 0]=0x1f33,   7987
Event.hdr[ 1]=0x300a,  12298
Event.hdr[ 2]=0x346c,  13420
Event.hdr[ 3]=0x0026,     38
Event.hdr[ 4]=0x0000,      0
Event.hdr[ 5]=0x0000,      0
Event.hdr[ 6]=0x0000,      0
Event.hdr[ 7]=0x0000,      0
Event.hdr[ 8]=0x0000,      0
Event.hdr[ 9]=0x0000,      0
Event.hdr[10]=0x0000,      0
Event.hdr[11]=0x0000,      0
Event.hdr[12]=0x0000,      0
Event.hdr[13]=0x0000,      0
Event.len=  44, Event.traceLen=  12 (in Bytes)
Event.len=  22, Event.traceLen=   6 (in 16 bit words)
Event.len=  11, Event.traceLen=   3 (in 32 bit words)
0x1f33 module_id = 31 crystal_id = 0 digitizer_id = 3 chan_id = 3 ge_id = 124 channel = 33  -> is segment
open superpulse_001_00_01.xy at Event.chan_id = 3
open CCpulse_001_00_01.xy at Event.chan_id = 3
ncrystal=1
wrote trace to CCpulse_001_00_01.xy
two's comp tempE  ::          0          0 0x00000000 |0000|0000|0000|0000|0000|0000|0000|0000|
rawE              ::          0          0 0x00000000 |0000|0000|0000|0000|0000|0000|0000|0000|
rawE (sign change)::          0          0 0x00000000 |0000|0000|0000|0000|0000|0000|0000|0000|
Event.ehi=               0 0x00000000
Event.ehi=0 (gain changed)
Event.LEDts =              2503788
Event.CFDts =                   12
exit bin_mode3
*end of event # 1
+++++++++++++++++++++++++++++++
ev#     1 GEB_TYPE_DECOMP        464Bytes TS=14943557415 curTS=14943554697 dTS= 2718
GEBGetEv returned st=0
we have read 1020 bytes; CurEvNo=2

+++++++++++++++++++++++++++++++
*start event # 2 with multiplicity 1 looks like this:
 0>  1, GEB_TYPE_DECOMP      , TS=14943554697
entered bin_mode2: 2/10
ptinp->pad= 6, (ptinp->pad&0x000000ff)= 6
updated CCadd with    0.00
total number of hits in array: 0
exit bin_mode2
entered bin_mode3 @ event number: 2 
exit bin_mode3
*end of event # 2
+++++++++++++++++++++++++++++++
ev#     2 GEB_TYPE_DECOMP        464Bytes TS=14943557419 curTS=14943557415 dTS= 4
ev#     2 GEB_TYPE_DECOMP        464Bytes TS=14943557495 curTS=14943557415 dTS= 80
ev#     2 GEB_TYPE_DECOMP        464Bytes TS=14943557497 curTS=14943557415 dTS= 82
ev#     2 GEB_TYPE_DECOMP        464Bytes TS=14943557497 curTS=14943557415 dTS= 82
ev#     2 GEB_TYPE_DECOMP        464Bytes TS=14943557615 curTS=14943557415 dTS= 200
GEBGetEv returned st=0
we have read 3420 bytes; CurEvNo=3

+++++++++++++++++++++++++++++++
*start event # 3 with multiplicity 5 looks like this:
 0>  1, GEB_TYPE_DECOMP      , TS=14943557415
 1>  1, GEB_TYPE_DECOMP      , TS=14943557419
 2>  1, GEB_TYPE_DECOMP      , TS=14943557495
 3>  1, GEB_TYPE_DECOMP      , TS=14943557497
 4>  1, GEB_TYPE_DECOMP      , TS=14943557497
entered bin_mode2: 3/10
ptinp->pad= 6, (ptinp->pad&0x000000ff)= 6
ptinp->pad= 0, (ptinp->pad&0x000000ff)= 0
good pad value
mode2 data:  1>  1, GEB_TYPE_DECOMP      , TS=14943557419
number of hits: 2
* 1/5, is GEB_TYPE_DECOMP: num=2
__detno: 79, module: 19, crystalNumber: 3
CCenergies[0]= 107.53
* 0:  -23.47,  20.17,  44.40 --> GT:   15.95, -14.80,   7.90
* 1:   -7.91,  19.65,  50.71 --> GT:   16.25, -15.87,   6.64
ptinp->pad= 6, (ptinp->pad&0x000000ff)= 6
ptinp->pad= 0, (ptinp->pad&0x000000ff)= 0
good pad value
mode2 data:  3>  1, GEB_TYPE_DECOMP      , TS=14943557497
number of hits: 2
* 3/5, is GEB_TYPE_DECOMP: num=2
__detno: 57, module: 14, crystalNumber: 1
CCenergies[1]= 177.90
* 0:  -28.50,   8.45,  16.07 --> GT:  -15.50,  11.59,  -6.21
* 1:  -26.06,   1.21,  22.85 --> GT:  -16.28,  11.91,  -5.64
ptinp->pad= 0, (ptinp->pad&0x000000ff)= 0
good pad value
mode2 data:  4>  1, GEB_TYPE_DECOMP      , TS=14943557497
number of hits: 2
* 4/5, is GEB_TYPE_DECOMP: num=2
__detno: 61, module: 15, crystalNumber: 1
CCenergies[2]= 137.74
* 0:  -15.71,  25.29,  15.75 --> GT:  -16.57,   9.90,  -6.26
* 1:   -3.89,  25.69,  19.30 --> GT:  -17.28,   9.89,  -5.26
updated CCadd with  423.17
total number of hits in array: 6
exit bin_mode2
entered bin_mode3 @ event number: 3 
exit bin_mode3
*end of event # 3
+++++++++++++++++++++++++++++++
ev#     3 GEB_TYPE_DECOMP        464Bytes TS=14943568161 curTS=14943557615 dTS= 10546
GEBGetEv returned st=0
we have read 3900 bytes; CurEvNo=4

+++++++++++++++++++++++++++++++
*start event # 4 with multiplicity 1 looks like this:
 0>  1, GEB_TYPE_DECOMP      , TS=14943557615
entered bin_mode2: 4/10
ptinp->pad= 6, (ptinp->pad&0x000000ff)= 6
updated CCadd with    0.00
total number of hits in array: 0
exit bin_mode2
entered bin_mode3 @ event number: 4 
exit bin_mode3
*end of event # 4
+++++++++++++++++++++++++++++++
ev#     4 GEB_TYPE_DECOMP        464Bytes TS=14943634681 curTS=14943568161 dTS= 66520
GEBGetEv returned st=0
we have read 4380 bytes; CurEvNo=5

+++++++++++++++++++++++++++++++
*start event # 5 with multiplicity 1 looks like this:
 0>  1, GEB_TYPE_DECOMP      , TS=14943568161
entered bin_mode2: 5/10
ptinp->pad= 6, (ptinp->pad&0x000000ff)= 6
updated CCadd with    0.00
total number of hits in array: 0
exit bin_mode2
entered bin_mode3 @ event number: 5 
exit bin_mode3
*end of event # 5
+++++++++++++++++++++++++++++++
ev#     5 GEB_TYPE_DECOMP        464Bytes TS=14943634859 curTS=14943634681 dTS= 178
GEBGetEv returned st=0
we have read 4860 bytes; CurEvNo=6

+++++++++++++++++++++++++++++++
*start event # 6 with multiplicity 1 looks like this:
 0>  1, GEB_TYPE_DECOMP      , TS=14943634681
entered bin_mode2: 6/10
ptinp->pad= 6, (ptinp->pad&0x000000ff)= 6
updated CCadd with    0.00
total number of hits in array: 0
exit bin_mode2
entered bin_mode3 @ event number: 6 
exit bin_mode3
*end of event # 6
+++++++++++++++++++++++++++++++
ev#     6 GEB_TYPE_DECOMP        464Bytes TS=14943634863 curTS=14943634859 dTS= 4
ev#     6 GEB_TYPE_DECOMP        464Bytes TS=14943635107 curTS=14943634859 dTS= 248
GEBGetEv returned st=0
we have read 5820 bytes; CurEvNo=7

+++++++++++++++++++++++++++++++
*start event # 7 with multiplicity 2 looks like this:
 0>  1, GEB_TYPE_DECOMP      , TS=14943634859
 1>  1, GEB_TYPE_DECOMP      , TS=14943634863
entered bin_mode2: 7/10
ptinp->pad= 0, (ptinp->pad&0x000000ff)= 0
good pad value
mode2 data:  0>  1, GEB_TYPE_DECOMP      , TS=14943634859
number of hits: 3
* 0/2, is GEB_TYPE_DECOMP: num=3
__detno: 56, module: 14, crystalNumber: 0
CCenergies[0]=2800.66
* 0:  -23.69,  16.67,  66.67 --> GT:   -9.69,  23.13,  -3.60
* 1:  -21.94,   5.18,  71.22 --> GT:  -10.70,  22.99,  -4.33
* 2:  -21.22, -30.93,  58.00 --> GT:  -12.21,  20.29,  -6.61
ptinp->pad= 0, (ptinp->pad&0x000000ff)= 0
good pad value
mode2 data:  1>  1, GEB_TYPE_DECOMP      , TS=14943634863
number of hits: 3
* 1/2, is GEB_TYPE_DECOMP: num=3
__detno: 58, module: 14, crystalNumber: 2
CCenergies[1]= 593.42
* 0:  -31.24, -11.60,  55.45 --> GT:  -16.93,  16.34,   5.96
* 1:  -14.72,  -9.67,  55.44 --> GT:  -16.30,  17.15,   4.65
* 2:  -27.61,  -8.71,  68.16 --> GT:  -17.79,  17.34,   5.66
updated CCadd with 3394.08
total number of hits in array: 6
exit bin_mode2
entered bin_mode3 @ event number: 7 
exit bin_mode3
*end of event # 7
+++++++++++++++++++++++++++++++
ev#     7 GEB_TYPE_DECOMP        464Bytes TS=14943635107 curTS=14943635107 dTS= 0
ev#     7 GEB_TYPE_DECOMP        464Bytes TS=14943635111 curTS=14943635107 dTS= 4
ev#     7 GEB_TYPE_DECOMP        464Bytes TS=14943635115 curTS=14943635107 dTS= 8
ev#     7 GEB_TYPE_DECOMP        464Bytes TS=14943664809 curTS=14943635107 dTS= 29702
GEBGetEv returned st=0
we have read 7740 bytes; CurEvNo=8

+++++++++++++++++++++++++++++++
*start event # 8 with multiplicity 4 looks like this:
 0>  1, GEB_TYPE_DECOMP      , TS=14943635107
 1>  1, GEB_TYPE_DECOMP      , TS=14943635107
 2>  1, GEB_TYPE_DECOMP      , TS=14943635111
 3>  1, GEB_TYPE_DECOMP      , TS=14943635115
entered bin_mode2: 8/10
ptinp->pad= 6, (ptinp->pad&0x000000ff)= 6
ptinp->pad= 0, (ptinp->pad&0x000000ff)= 0
good pad value
mode2 data:  1>  1, GEB_TYPE_DECOMP      , TS=14943635107
number of hits: 1
* 1/4, is GEB_TYPE_DECOMP: num=1
__detno: 116, module: 29, crystalNumber: 0
CCenergies[0]= 229.04
* 0:   -3.34, -20.11,   1.61 --> GT:    6.44, -10.57, -14.11
ptinp->pad= 6, (ptinp->pad&0x000000ff)= 6
ptinp->pad= 0, (ptinp->pad&0x000000ff)= 0
good pad value
mode2 data:  3>  1, GEB_TYPE_DECOMP      , TS=14943635115
number of hits: 2
* 3/4, is GEB_TYPE_DECOMP: num=2
__detno: 76, module: 19, crystalNumber: 0
CCenergies[1]= 662.96
* 0:  -26.75,   5.49,  43.34 --> GT:    8.08, -21.39,   2.44
* 1:   -9.24,   0.95,  24.41 --> GT:    8.63, -19.05,   1.40
updated CCadd with  892.01
total number of hits in array: 3
exit bin_mode2
entered bin_mode3 @ event number: 8 
exit bin_mode3
*end of event # 8
+++++++++++++++++++++++++++++++
ev#     8 GEB_TYPE_GT_MOD29      440Bytes TS=14943665529 curTS=14943664809 dTS= 720
GEBGetEv returned st=0
we have read 8196 bytes; CurEvNo=9

+++++++++++++++++++++++++++++++
*start event # 9 with multiplicity 1 looks like this:
 0>  1, GEB_TYPE_DECOMP      , TS=14943664809
entered bin_mode2: 9/10
ptinp->pad= 0, (ptinp->pad&0x000000ff)= 0
good pad value
mode2 data:  0>  1, GEB_TYPE_DECOMP      , TS=14943664809
number of hits: 1
* 0/1, is GEB_TYPE_DECOMP: num=1
__detno: 86, module: 21, crystalNumber: 2
CCenergies[0]=  49.09
* 0:   -1.25,   0.41,   0.98 --> GT:   10.79,   8.81, -12.32
updated CCadd with   49.09
total number of hits in array: 1
exit bin_mode2
entered bin_mode3 @ event number: 9 
exit bin_mode3
*end of event # 9
+++++++++++++++++++++++++++++++
ev#     9 GEB_TYPE_DECOMP        464Bytes TS=14943665713 curTS=14943665529 dTS= 184
GEBGetEv returned st=0
we have read 8676 bytes; CurEvNo=10

+++++++++++++++++++++++++++++++
*start event # 10 with multiplicity 1 looks like this:
 0>  8, GEB_TYPE_GT_MOD29    , TS=14943665529
entered bin_mode2: 10/10
updated CCadd with    0.00
total number of hits in array: 0
exit bin_mode2
entered bin_mode3 @ event number: 10 

bin_mode3:  0>  8, GEB_TYPE_GT_MOD29    , TS=14943665529, 0x37ab63d79; payload length: 440 bytes

---------
new GTheader at pos=0 or 0 words (8):
Event.hdr[ 0]=0x1f39,   7993
Event.hdr[ 1]=0x300a,  12298
Event.hdr[ 2]=0x3d79,  15737
Event.hdr[ 3]=0x7ab6,  31414
Event.hdr[ 4]=0x0003,      3
Event.hdr[ 5]=0x79a6,  31142
Event.hdr[ 6]=0x4e0e,  19982
Event.hdr[ 7]=0x0000,      0
Event.hdr[ 8]=0x635b,  25435
Event.hdr[ 9]=0xc32c,  49964
Event.hdr[10]=0x880b,  34827
Event.hdr[11]=0x1794,   6036
Event.hdr[12]=0x3a70,  14960
Event.hdr[13]=0x0034,     52
Event.len=  44, Event.traceLen=  12 (in Bytes)
Event.len=  22, Event.traceLen=   6 (in 16 bit words)
Event.len=  11, Event.traceLen=   3 (in 32 bit words)
next start: 0xaaaaaaaa, pos= 44
0x1f39 module_id = 31 crystal_id = 0 digitizer_id = 3 chan_id = 9 ge_id = 124 channel = 39  -> is CC
open superpulse_010_00_01.xy at Event.chan_id = 9
open CCpulse_010_00_01.xy at Event.chan_id = 9
ncrystal=1
wrote trace to CCpulse_010_00_01.xy
two's comp tempE  ::     948646     948646 0x000e79a6 |0000|0000|0000|1110|0111|1001|1010|0110|
rawE              ::     948646     948646 0x000e79a6 |0000|0000|0000|1110|0111|1001|1010|0110|
rawE (sign change)::     948646     948646 0x000e79a6 |0000|0000|0000|1110|0111|1001|1010|0110|
Event.ehi=           29645 0x000073cd
Event.ehi=2964 (gain changed)
Event.LEDts =          14943665529
Event.CFDts =       19877411880972

---------
new GTheader at pos=44 or 22 words (30):
Event.hdr[ 0]=0x1f30,   7984
Event.hdr[ 1]=0x300a,  12298
Event.hdr[ 2]=0x3d79,  15737
Event.hdr[ 3]=0x7ab6,  31414
Event.hdr[ 4]=0x0003,      3
Event.hdr[ 5]=0x71d6,  29142
Event.hdr[ 6]=0x4e0a,  19978
Event.hdr[ 7]=0x0000,      0
Event.hdr[ 8]=0x635b,  25435
Event.hdr[ 9]=0xd534,  54580
Event.hdr[10]=0x0a08,   2568
Event.hdr[11]=0x1444,   5188
Event.hdr[12]=0x1604,   5636
Event.hdr[13]=0x0025,     37
Event.len=  44, Event.traceLen=  12 (in Bytes)
Event.len=  22, Event.traceLen=   6 (in 16 bit words)
Event.len=  11, Event.traceLen=   3 (in 32 bit words)
next start: 0xaaaaaaaa, pos= 88
0x1f30 module_id = 31 crystal_id = 0 digitizer_id = 3 chan_id = 0 ge_id = 124 channel = 30  -> is segment
ncrystal=1
wrote trace to CCpulse_010_00_01.xy
two's comp tempE  ::     684502     684502 0x000a71d6 |0000|0000|0000|1010|0111|0001|1101|0110|
rawE              ::     684502     684502 0x000a71d6 |0000|0000|0000|1010|0111|0001|1101|0110|
rawE (sign change)::     684502     684502 0x000a71d6 |0000|0000|0000|1010|0111|0001|1101|0110|
Event.ehi=           21390 0x0000538e
Event.ehi=2139 (gain changed)
Event.LEDts =          14943665529
Event.CFDts =      266850390114316

---------
new GTheader at pos=88 or 44 words (52):
Event.hdr[ 0]=0x1f31,   7985
Event.hdr[ 1]=0x300a,  12298
Event.hdr[ 2]=0x3d79,  15737
Event.hdr[ 3]=0x7ab6,  31414
Event.hdr[ 4]=0x0003,      3
Event.hdr[ 5]=0x12ee,   4846
Event.hdr[ 6]=0x4e09,  19977
Event.hdr[ 7]=0x0000,      0
Event.hdr[ 8]=0x635b,  25435
Event.hdr[ 9]=0xb5ed,  46573
Event.hdr[10]=0x6a07,  27143
Event.hdr[11]=0x0dcd,   3533
Event.hdr[12]=0x6e3c,  28220
Event.hdr[13]=0x0021,     33
Event.len=  44, Event.traceLen=  12 (in Bytes)
Event.len=  22, Event.traceLen=   6 (in 16 bit words)
Event.len=  11, Event.traceLen=   3 (in 32 bit words)
next start: 0xaaaaaaaa, pos= 132
0x1f31 module_id = 31 crystal_id = 0 digitizer_id = 3 chan_id = 1 ge_id = 124 channel = 31  -> is segment
ncrystal=1
wrote trace to CCpulse_010_00_01.xy
two's comp tempE  ::     594670     594670 0x000912ee |0000|0000|0000|1001|0001|0010|1110|1110|
rawE              ::     594670     594670 0x000912ee |0000|0000|0000|1001|0001|0010|1110|1110|
rawE (sign change)::     594670     594670 0x000912ee |0000|0000|0000|1001|0001|0010|1110|1110|
Event.ehi=           18583 0x00004897
Event.ehi=1858 (gain changed)
Event.LEDts =          14943665529
Event.CFDts =      269337214058508

---------
new GTheader at pos=132 or 66 words (74):
Event.hdr[ 0]=0x1f32,   7986
Event.hdr[ 1]=0x300a,  12298
Event.hdr[ 2]=0x3d79,  15737
Event.hdr[ 3]=0x7ab6,  31414
Event.hdr[ 4]=0x0003,      3
Event.hdr[ 5]=0x022b,    555
Event.hdr[ 6]=0x0e01,   3585
Event.hdr[ 7]=0x0000,      0
Event.hdr[ 8]=0x635b,  25435
Event.hdr[ 9]=0xb9d5,  47573
Event.hdr[10]=0x0a00,   2560
Event.hdr[11]=0x000b,     11
Event.hdr[12]=0xec60,  60512
Event.hdr[13]=0x07ff,   2047
Event.len=  44, Event.traceLen=  12 (in Bytes)
Event.len=  22, Event.traceLen=   6 (in 16 bit words)
Event.len=  11, Event.traceLen=   3 (in 32 bit words)
next start: 0xaaaaaaaa, pos= 176
0x1f32 module_id = 31 crystal_id = 0 digitizer_id = 3 chan_id = 2 ge_id = 124 channel = 32  -> is segment
ncrystal=1
wrote trace to CCpulse_010_00_01.xy
two's comp tempE  ::      66091      66091 0x0001022b |0000|0000|0000|0001|0000|0010|0010|1011|
rawE              ::      66091      66091 0x0001022b |0000|0000|0000|0001|0000|0010|0010|1011|
rawE (sign change)::      66091      66091 0x0001022b |0000|0000|0000|0001|0000|0010|0010|1011|
Event.ehi=            2065 0x00000811
Event.ehi=206 (gain changed)
Event.LEDts =          14943665529
Event.CFDts =      281423436447756

---------
new GTheader at pos=176 or 88 words (96):
Event.hdr[ 0]=0x1f33,   7987
Event.hdr[ 1]=0x300a,  12298
Event.hdr[ 2]=0x3d79,  15737
Event.hdr[ 3]=0x7ab6,  31414
Event.hdr[ 4]=0x0003,      3
Event.hdr[ 5]=0x867e,  34430
Event.hdr[ 6]=0x4e0c,  19980
Event.hdr[ 7]=0x0000,      0
Event.hdr[ 8]=0x635b,  25435
Event.hdr[ 9]=0x4ae8,  19176
Event.hdr[10]=0xda0a,  55818
Event.hdr[11]=0x1264,   4708
Event.hdr[12]=0x8128,  33064
Event.hdr[13]=0x0028,     40
Event.len=  44, Event.traceLen=  12 (in Bytes)
Event.len=  22, Event.traceLen=   6 (in 16 bit words)
Event.len=  11, Event.traceLen=   3 (in 32 bit words)
next start: 0xaaaaaaaa, pos= 220
0x1f33 module_id = 31 crystal_id = 0 digitizer_id = 3 chan_id = 3 ge_id = 124 channel = 33  -> is segment
ncrystal=1
wrote trace to CCpulse_010_00_01.xy
two's comp tempE  ::     820862     820862 0x000c867e |0000|0000|0000|1100|1000|0110|0111|1110|
rawE              ::     820862     820862 0x000c867e |0000|0000|0000|1100|1000|0110|0111|1110|
rawE (sign change)::     820862     820862 0x000c867e |0000|0000|0000|1100|1000|0110|0111|1110|
Event.ehi=           25651 0x00006433
Event.ehi=2565 (gain changed)
Event.LEDts =          14943665529
Event.CFDts =      264015668510732

---------
new GTheader at pos=220 or 110 words (118):
Event.hdr[ 0]=0x1f34,   7988
Event.hdr[ 1]=0x300a,  12298
Event.hdr[ 2]=0x3d79,  15737
Event.hdr[ 3]=0x7ab6,  31414
Event.hdr[ 4]=0x0003,      3
Event.hdr[ 5]=0x0009,      9
Event.hdr[ 6]=0x0e00,   3584
Event.hdr[ 7]=0x0000,      0
Event.hdr[ 8]=0x635b,  25435
Event.hdr[ 9]=0xfff1,  65521
Event.hdr[10]=0x09ff,   2559
Event.hdr[11]=0x0000,      0
Event.hdr[12]=0x0074,    116
Event.hdr[13]=0x0000,      0
Event.len=  44, Event.traceLen=  12 (in Bytes)
Event.len=  22, Event.traceLen=   6 (in 16 bit words)
Event.len=  11, Event.traceLen=   3 (in 32 bit words)
next start: 0xaaaaaaaa, pos= 264
0x1f34 module_id = 31 crystal_id = 0 digitizer_id = 3 chan_id = 4 ge_id = 124 channel = 34  -> is segment
ncrystal=1
wrote trace to CCpulse_010_00_01.xy
two's comp tempE  ::          9          9 0x00000009 |0000|0000|0000|0000|0000|0000|0000|1001|
rawE              ::          9          9 0x00000009 |0000|0000|0000|0000|0000|0000|0000|1001|
rawE (sign change)::          9          9 0x00000009 |0000|0000|0000|0000|0000|0000|0000|1001|
Event.ehi=               0 0x00000000
Event.ehi=0 (gain changed)
Event.LEDts =          14943665529
Event.CFDts =         257701838860

---------
new GTheader at pos=264 or 132 words (140):
Event.hdr[ 0]=0x1f35,   7989
Event.hdr[ 1]=0x300a,  12298
Event.hdr[ 2]=0x3d79,  15737
Event.hdr[ 3]=0x7ab6,  31414
Event.hdr[ 4]=0x0003,      3
Event.hdr[ 5]=0xd99f,  55711
Event.hdr[ 6]=0x4e08,  19976
Event.hdr[ 7]=0x0000,      0
Event.hdr[ 8]=0x635b,  25435
Event.hdr[ 9]=0x3fad,  16301
Event.hdr[10]=0x3407,  13319
Event.hdr[11]=0x109d,   4253
Event.hdr[12]=0x1320,   4896
Event.hdr[13]=0x001b,     27
Event.len=  44, Event.traceLen=  12 (in Bytes)
Event.len=  22, Event.traceLen=   6 (in 16 bit words)
Event.len=  11, Event.traceLen=   3 (in 32 bit words)
next start: 0xaaaaaaaa, pos= 308
0x1f35 module_id = 31 crystal_id = 0 digitizer_id = 3 chan_id = 5 ge_id = 124 channel = 35  -> is segment
ncrystal=1
wrote trace to CCpulse_010_00_01.xy
two's comp tempE  ::     579999     579999 0x0008d99f |0000|0000|0000|1000|1101|1001|1001|1111|
rawE              ::     579999     579999 0x0008d99f |0000|0000|0000|1000|1101|1001|1001|1111|
rawE (sign change)::     579999     579999 0x0008d99f |0000|0000|0000|1000|1101|1001|1001|1111|
Event.ehi=           18124 0x000046cc
Event.ehi=1812 (gain changed)
Event.LEDts =          14943665529
Event.CFDts =      269006496530444

---------
new GTheader at pos=308 or 154 words (162):
Event.hdr[ 0]=0x1f36,   7990
Event.hdr[ 1]=0x300a,  12298
Event.hdr[ 2]=0x3d79,  15737
Event.hdr[ 3]=0x7ab6,  31414
Event.hdr[ 4]=0x0003,      3
Event.hdr[ 5]=0xf910,  63760
Event.hdr[ 6]=0x4e04,  19972
Event.hdr[ 7]=0x0000,      0
Event.hdr[ 8]=0x635b,  25435
Event.hdr[ 9]=0xb2ab,  45739
Event.hdr[10]=0x9804,  38916
Event.hdr[11]=0xffec,  65516
Event.hdr[12]=0x15d3,   5587
Event.hdr[13]=0x0000,      0
Event.len=  44, Event.traceLen=  12 (in Bytes)
Event.len=  22, Event.traceLen=   6 (in 16 bit words)
Event.len=  11, Event.traceLen=   3 (in 32 bit words)
next start: 0xaaaaaaaa, pos= 352
0x1f36 module_id = 31 crystal_id = 0 digitizer_id = 3 chan_id = 6 ge_id = 124 channel = 36  -> is segment
ncrystal=1
wrote trace to CCpulse_010_00_01.xy
two's comp tempE  ::     325904     325904 0x0004f910 |0000|0000|0000|0100|1111|1001|0001|0000|
rawE              ::     325904     325904 0x0004f910 |0000|0000|0000|0100|1111|1001|0001|0000|
rawE (sign change)::     325904     325904 0x0004f910 |0000|0000|0000|0100|1111|1001|0001|0000|
Event.ehi=           10184 0x000027c8
Event.ehi=1018 (gain changed)
Event.LEDts =          14943665529
Event.CFDts =      280285253206028

---------
new GTheader at pos=352 or 176 words (184):
Event.hdr[ 0]=0x1f37,   7991
Event.hdr[ 1]=0x300a,  12298
Event.hdr[ 2]=0x3d79,  15737
Event.hdr[ 3]=0x7ab6,  31414
Event.hdr[ 4]=0x0003,      3
Event.hdr[ 5]=0xde5c,  56924
Event.hdr[ 6]=0x0e01,   3585
Event.hdr[ 7]=0x0000,      0
Event.hdr[ 8]=0x635b,  25435
Event.hdr[ 9]=0xca90,  51856
Event.hdr[10]=0xd401,  54273
Event.hdr[11]=0xffdc,  65500
Event.hdr[12]=0xb63f,  46655
Event.hdr[13]=0x07ff,   2047
Event.len=  44, Event.traceLen=  12 (in Bytes)
Event.len=  22, Event.traceLen=   6 (in 16 bit words)
Event.len=  11, Event.traceLen=   3 (in 32 bit words)
next start: 0xaaaaaaaa, pos= 396
0x1f37 module_id = 31 crystal_id = 0 digitizer_id = 3 chan_id = 7 ge_id = 124 channel = 37  -> is segment
ncrystal=1
wrote trace to CCpulse_010_00_01.xy
two's comp tempE  ::     122460     122460 0x0001de5c |0000|0000|0000|0001|1101|1110|0101|1100|
rawE              ::     122460     122460 0x0001de5c |0000|0000|0000|0001|1101|1110|0101|1100|
rawE (sign change)::     122460     122460 0x0001de5c |0000|0000|0000|0001|1101|1110|0101|1100|
Event.ehi=            3826 0x00000ef2
Event.ehi=382 (gain changed)
Event.LEDts =          14943665529
Event.CFDts =      281238750035980

---------
new GTheader at pos=396 or 198 words (206):
Event.hdr[ 0]=0x1f38,   7992
Event.hdr[ 1]=0x300a,  12298
Event.hdr[ 2]=0x3d79,  15737
Event.hdr[ 3]=0x7ab6,  31414
Event.hdr[ 4]=0x0003,      3
Event.hdr[ 5]=0x8e15,  36373
Event.hdr[ 6]=0x1ff9,   8185
Event.hdr[ 7]=0x0000,      0
Event.hdr[ 8]=0x635b,  25435
Event.hdr[ 9]=0x7f32,  32562
Event.hdr[10]=0x2a03,  10755
Event.hdr[11]=0x068b,   1675
Event.hdr[12]=0xa158,  41304
Event.hdr[13]=0x000d,     13
Event.len=  44, Event.traceLen=  12 (in Bytes)
Event.len=  22, Event.traceLen=   6 (in 16 bit words)
Event.len=  11, Event.traceLen=   3 (in 32 bit words)
0x1f38 module_id = 31 crystal_id = 0 digitizer_id = 3 chan_id = 8 ge_id = 124 channel = 38  -> is segment
ncrystal=1
wrote trace to CCpulse_010_00_01.xy
two's comp tempE  ::   16354837   16354837 0x00f98e15 |0000|0000|1111|1001|1000|1110|0001|0101|
rawE              :: 4294544917    -422379 0xfff98e15 |1111|1111|1111|1001|1000|1110|0001|0101|
rawE (sign change)::     422379     422379 0x000671eb |0000|0000|0000|0110|0111|0001|1110|1011|
Event.ehi=           13199 0x0000338f
Event.ehi=1319 (gain changed)
Event.LEDts =          14943665529
Event.CFDts =          90195689484
exit bin_mode3
*end of event # 10
+++++++++++++++++++++++++++++++
ev#    10 GEB_TYPE_DECOMP        464Bytes TS=14943665831 curTS=14943665713 dTS= 118
ev#    10 GEB_TYPE_DECOMP        464Bytes TS=14943665833 curTS=14943665713 dTS= 120
ev#    10 GEB_TYPE_DECOMP        464Bytes TS=14943691539 curTS=14943665713 dTS= 25826
ev# 50000 GEB_TYPE_DECOMP        464Bytes TS=15464712719 curTS=15464706673 dTS= 6046
ev# 100000 GEB_TYPE_DECOMP        464Bytes TS=15981314031 curTS=15981314011 dTS= 20
ev# 100000 GEB_TYPE_DECOMP        464Bytes TS=15981314037 curTS=15981314011 dTS= 26
ev# 100000 GEB_TYPE_DECOMP        464Bytes TS=15981314409 curTS=15981314011 dTS= 398
ev# 150000 GEB_TYPE_DECOMP        464Bytes TS=16504309827 curTS=16504309827 dTS= 0
ev# 150000 GEB_TYPE_DECOMP        464Bytes TS=16504309829 curTS=16504309827 dTS= 2
ev# 150000 GEB_TYPE_DECOMP        464Bytes TS=16504314703 curTS=16504309827 dTS= 4876
ev# 200000 GEB_TYPE_DECOMP        464Bytes TS=17042767131 curTS=17042766995 dTS= 136
ev# 200000 GEB_TYPE_DECOMP        464Bytes TS=17042767133 curTS=17042766995 dTS= 138
ev# 200000 GEB_TYPE_DECOMP        464Bytes TS=17042767133 curTS=17042766995 dTS= 138
ev# 200000 GEB_TYPE_DECOMP        464Bytes TS=17042767135 curTS=17042766995 dTS= 140
ev# 200000 GEB_TYPE_DECOMP        464Bytes TS=17042767139 curTS=17042766995 dTS= 144
ev# 200000 GEB_TYPE_DECOMP        464Bytes TS=17042784697 curTS=17042766995 dTS= 17702
ev# 250000 GEB_TYPE_DECOMP        464Bytes TS=17581875257 curTS=17581861849 dTS= 13408
ev# 300000 GEB_TYPE_DECOMP        464Bytes TS=18118597127 curTS=18118597021 dTS= 106
ev# 300000 GEB_TYPE_DECOMP        464Bytes TS=18118597131 curTS=18118597021 dTS= 110
ev# 300000 GEB_TYPE_DECOMP        464Bytes TS=18118597705 curTS=18118597021 dTS= 684
ev# 350000 GEB_TYPE_DECOMP        464Bytes TS=18637241795 curTS=18637241013 dTS= 782
ev# 400000 GEB_TYPE_DECOMP        464Bytes TS=19164853835 curTS=19164813797 dTS= 40038
ev# 450000 GEB_TYPE_DECOMP        464Bytes TS=19692155655 curTS=19692155643 dTS= 12
ev# 450000 GEB_TYPE_DECOMP        464Bytes TS=19692155659 curTS=19692155643 dTS= 16
ev# 450000 GEB_TYPE_DECOMP        464Bytes TS=19692155819 curTS=19692155643 dTS= 176
ev# 500000 GEB_TYPE_DECOMP        464Bytes TS=20211141851 curTS=20211141751 dTS= 100
ev# 500000 GEB_TYPE_DECOMP        464Bytes TS=20211142027 curTS=20211141751 dTS= 276
ev# 550000 GEB_TYPE_DECOMP        464Bytes TS=20734118005 curTS=20734117755 dTS= 250
ev# 600000 GEB_TYPE_DECOMP        464Bytes TS=21258638233 curTS=21258637941 dTS= 292
ev# 650000 GEB_TYPE_DECOMP        464Bytes TS=21769402165 curTS=21769402163 dTS= 2
ev# 650000 GEB_TYPE_DECOMP        464Bytes TS=21769402539 curTS=21769402163 dTS= 376
ev# 700000 GEB_TYPE_DECOMP        464Bytes TS=22275645775 curTS=22275645757 dTS= 18
ev# 700000 GEB_TYPE_DECOMP        464Bytes TS=22275646611 curTS=22275645757 dTS= 854
ev# 750000 GEB_TYPE_DECOMP        464Bytes TS=22778027859 curTS=22778011373 dTS= 16486
ev# 800000 GEB_TYPE_DECOMP        464Bytes TS=23294186819 curTS=23294186817 dTS= 2
ev# 800000 GEB_TYPE_DECOMP        464Bytes TS=23294186819 curTS=23294186817 dTS= 2
ev# 800000 GEB_TYPE_DECOMP        464Bytes TS=23294186831 curTS=23294186817 dTS= 14
ev# 800000 GEB_TYPE_DECOMP        464Bytes TS=23294196837 curTS=23294186817 dTS= 10020
ev# 850000 GEB_TYPE_DECOMP        464Bytes TS=23812711663 curTS=23812681809 dTS= 29854
ev# 900000 GEB_TYPE_DECOMP        464Bytes TS=24334922443 curTS=24334922439 dTS= 4
ev# 900000 GEB_TYPE_DECOMP        464Bytes TS=24334922447 curTS=24334922439 dTS= 8
ev# 900000 GEB_TYPE_DECOMP        464Bytes TS=24334922929 curTS=24334922439 dTS= 490
ev# 950000 GEB_TYPE_DECOMP        464Bytes TS=24850051033 curTS=24850051025 dTS= 8
ev# 950000 GEB_TYPE_GT_MOD29      440Bytes TS=24850056737 curTS=24850051025 dTS= 5712

Sorting is done
attempting to save root or map file



mean observed polar and azimuth angles
for the detectors we saw (module,crystal)

------------------------------------------
mean pol/azi angle for detector  56 are   96.69/ 119.50
mean pol/azi angle for detector  57 are  100.40/ 138.30
mean pol/azi angle for detector  58 are   83.37/ 132.67
mean pol/azi angle for detector  59 are   79.52/ 114.03
mean pol/azi angle for detector  60 are   87.41/ 152.64
mean pol/azi angle for detector  61 are  105.23/ 157.68
mean pol/azi angle for detector  62 are   93.20/ 168.32
mean pol/azi angle for detector  63 are   73.83/ 165.97
mean pol/azi angle for detector  68 are   87.16/-134.93
mean pol/azi angle for detector  69 are  105.26/-129.98
mean pol/azi angle for detector  70 are   92.88/-116.91
mean pol/azi angle for detector  71 are   74.13/-121.83
mean pol/azi angle for detector  76 are   87.42/ -63.19
mean pol/azi angle for detector  77 are  105.27/ -58.10
mean pol/azi angle for detector  78 are   92.95/ -44.97
mean pol/azi angle for detector  79 are   74.20/ -49.88
mean pol/azi angle for detector  84 are  112.30/  33.62
mean pol/azi angle for detector  85 are  125.21/  17.38
mean pol/azi angle for detector  86 are  130.63/  39.22
mean pol/azi angle for detector  87 are  115.89/  52.92
mean pol/azi angle for detector  88 are  112.41/ 105.49
mean pol/azi angle for detector  89 are  124.95/  89.40
mean pol/azi angle for detector  90 are  130.77/ 111.11
mean pol/azi angle for detector  91 are  115.77/ 125.04
mean pol/azi angle for detector  96 are  112.62/-110.65
mean pol/azi angle for detector  97 are  124.78/-126.60
mean pol/azi angle for detector  98 are  130.90/-104.92
mean pol/azi angle for detector  99 are  115.87/ -90.99
mean pol/azi angle for detector 100 are  112.37/ -38.57
mean pol/azi angle for detector 101 are  124.73/ -54.97
mean pol/azi angle for detector 102 are  130.66/ -33.06
mean pol/azi angle for detector 103 are  115.79/ -19.08
mean pol/azi angle for detector 104 are  144.44/  88.20
mean pol/azi angle for detector 105 are  132.76/  65.89
mean pol/azi angle for detector 106 are  148.88/  53.85
mean pol/azi angle for detector 107 are  162.31/  88.18
mean pol/azi angle for detector 108 are  144.78/ 160.18
mean pol/azi angle for detector 110 are  149.58/ 125.45
mean pol/azi angle for detector 111 are  162.25/ 109.83
mean pol/azi angle for detector 116 are  144.40/ -55.95
mean pol/azi angle for detector 117 are  132.54/ -78.29
mean pol/azi angle for detector 118 are  148.95/ -90.35
mean pol/azi angle for detector 119 are  162.39/ -56.01
we found 43 crystals
------------------------------------------

minimum pol angle between crystals is  18.65
compactness =  62.79%, 81 of 258
module hit statistics
module  14, crystal 0 was hit     108167 times
module  14, crystal 1 was hit     117211 times
module  14, crystal 2 was hit     113751 times
module  14, crystal 3 was hit     100984 times
module  15, crystal 0 was hit     114241 times
module  15, crystal 1 was hit     105575 times
module  15, crystal 2 was hit      98552 times
module  15, crystal 3 was hit     103425 times
module  17, crystal 0 was hit      87919 times
module  17, crystal 1 was hit      86404 times
module  17, crystal 2 was hit      87069 times
module  17, crystal 3 was hit      89031 times
module  19, crystal 0 was hit      82256 times
module  19, crystal 1 was hit      85499 times
module  19, crystal 2 was hit     101060 times
module  19, crystal 3 was hit      95803 times
module  21, crystal 0 was hit      98918 times
module  21, crystal 1 was hit      87135 times
module  21, crystal 2 was hit     102572 times
module  21, crystal 3 was hit      98901 times
module  22, crystal 0 was hit     107830 times
module  22, crystal 1 was hit      99433 times
module  22, crystal 2 was hit     112738 times
module  22, crystal 3 was hit     103036 times
module  24, crystal 0 was hit      91044 times
module  24, crystal 1 was hit      88738 times
module  24, crystal 2 was hit      92438 times
module  24, crystal 3 was hit      85190 times
module  25, crystal 0 was hit      87460 times
module  25, crystal 1 was hit      90175 times
module  25, crystal 2 was hit      86657 times
module  25, crystal 3 was hit      84278 times
module  26, crystal 0 was hit      99533 times
module  26, crystal 1 was hit      98619 times
module  26, crystal 2 was hit      97293 times
module  26, crystal 3 was hit      91340 times
module  27, crystal 0 was hit     103923 times
module  27, crystal 2 was hit     103099 times
module  27, crystal 3 was hit      95052 times
module  29, crystal 0 was hit      85185 times
module  29, crystal 1 was hit      84004 times
module  29, crystal 2 was hit      92894 times
module  29, crystal 3 was hit      83836 times

bin_mode2: pad distribution
__id   0,      1788937, 90.49%
__id   2,          240,  0.01%
__id   3,          551,  0.03%
__id   4,          579,  0.03%
__id   5,         3917,  0.20%
__id   6,        65848,  3.33%
__id 128,       116581,  5.90%
__id 133,          209,  0.01%

bin_mode2 calculated mean CCsum energy to be  759.199 keV
bin_mode2 calculated mean CCadd energy to be 1376.533 keV
attempting to close root file...
Pars.f1->Write();
Pars.f1->Print();
TFile: name=/lcrc/project/HELIOS/gretinafma/root_data/run185.root, title=, option=CREATE
TH1.Print Name  = dtbtev, Entries= 2125790, Total sum= 2.12579e+06
TH1.Print Name  = T0, Entries= 0, Total sum= 0
TH1.Print Name  = hitpat, Entries= 1788937, Total sum= 1.78894e+06
TH1.Print Name  = numHitArray2, Entries= 1000000, Total sum= 875767
TH1.Print Name  = CCmult, Entries= 1000000, Total sum= 1e+06
TH1.Print Name  = CCsum, Entries= 4128106, Total sum= 1.78891e+06
TH1.Print Name  = hit2, Entries= 200365, Total sum= 200134
TH1.Print Name  = hit3, Entries= 109159, Total sum= 108381
TH1.Print Name  = hit4, Entries= 60808, Total sum= 59354
TH1.Print Name  = CCsum_nodop, Entries= 4128106, Total sum= 1.7889e+06
TH1.Print Name  = CCadd, Entries= 1000000, Total sum= 864849
TH1.Print Name  = SEGadd_FPGA, Entries= 200000000, Total sum= 1.78819e+06
TH1.Print Name  = SEGadd_PSA, Entries= 200000000, Total sum= 1.77867e+06
TH1.Print Name  = SEGsum_FPGA, Entries= 2777200, Total sum= 2.77677e+06
TH1.Print Name  = SEGsum_PSA, Entries= 4128268, Total sum= 4.09417e+06
TH1.Print Name  = radius_all, Entries= 4128266, Total sum= 4.12827e+06
TH1.Print Name  = rate_mode2_min, Entries= 1788936, Total sum= 29815.6
TH1.Print Name  = rate_mode2_sec, Entries= 1788936, Total sum= 1.78894e+06
TH1.Print Name  = rate_mode2_intp, Entries= 1788936, Total sum= 68804.4
TH1.Print Name  = cdtbtev, Entries= 594566, Total sum= 594566
TH1.Print Name  = evsr_all, Entries= 4128266, Total sum= 4.02977e+06
TH1.Print Name  = SMAP_allhits, Entries= 4128268, Total sum= 4.12827e+06
TH1.Print Name  = SMAP_allhits_sq, Entries= 4128268, Total sum= 4.12827e+06
TH1.Print Name  = seghitpat, Entries= 4128268, Total sum= 4.12827e+06
TH1.Print Name  = CCe, Entries= 4128106, Total sum= 1.78891e+06
TH1.Print Name  = ggCC, Entries= 3730230, Total sum= 3.26528e+06
TH1.Print Name  = z_plot, Entries= 4128268, Total sum= 4.12418e+06
TH1.Print Name  = crystal_hit, Entries= 0, Total sum= 0
TH1.Print Name  = SegE, Entries= 4127601, Total sum= 4.1276e+06
TH1.Print Name  = crXcr, Entries= 1865115, Total sum= 1.86512e+06
******************************************************************************
*Tree    :tree      : tree                                                   *
*Entries :  1000000 : Total =       158066019 bytes  File  Size =   33496057 *
*        :          : Tree compression factor =   4.72                       *
******************************************************************************
*Br    0 :runNumber : runNumber/I                                            *
*Entries :  1000000 : Total  Size=    4011625 bytes  File Size  =      32076 *
*Baskets :      113 : Basket Size=    1299968 bytes  Compression= 124.97     *
*............................................................................*
*Br    1 :numHits   : numHits/I                                              *
*Entries :  1000000 : Total  Size=    4011391 bytes  File Size  =      31846 *
*Baskets :      113 : Basket Size=    1299456 bytes  Compression= 125.87     *
*............................................................................*
*Br    2 :left      : left[numHits]/F                                        *
*Entries :  1000000 : Total  Size=    8034909 bytes  File Size  =    2072966 *
*Baskets :      335 : Basket Size=    9696768 bytes  Compression=   3.87     *
*............................................................................*
*Br    3 :right     : right[numHits]/F                                       *
*Entries :  1000000 : Total  Size=    8035248 bytes  File Size  =    2044918 *
*Baskets :      335 : Basket Size=    9696768 bytes  Compression=   3.93     *
*............................................................................*
*Br    4 :up        : up[numHits]/F                                          *
*Entries :  1000000 : Total  Size=    8034231 bytes  File Size  =    2063783 *
*Baskets :      335 : Basket Size=    9696768 bytes  Compression=   3.89     *
*............................................................................*
*Br    5 :down      : down[numHits]/F                                        *
*Entries :  1000000 : Total  Size=    8034909 bytes  File Size  =    2054786 *
*Baskets :      335 : Basket Size=    9696768 bytes  Compression=   3.91     *
*............................................................................*
*Br    6 :e1        : e1[numHits]/F                                          *
*Entries :  1000000 : Total  Size=    8034231 bytes  File Size  =    1983457 *
*Baskets :      335 : Basket Size=    9696768 bytes  Compression=   4.05     *
*............................................................................*
*Br    7 :e2        : e2[numHits]/F                                          *
*Entries :  1000000 : Total  Size=    8034231 bytes  File Size  =    1976226 *
*Baskets :      335 : Basket Size=    9696768 bytes  Compression=   4.06     *
*............................................................................*
*Br    8 :e3        : e3[numHits]/F                                          *
*Entries :  1000000 : Total  Size=    8034231 bytes  File Size  =    1966595 *
*Baskets :      335 : Basket Size=    9696768 bytes  Compression=   4.08     *
*............................................................................*
*Br    9 :tac       : tac[numHits]/F                                         *
*Entries :  1000000 : Total  Size=    8034570 bytes  File Size  =    2091226 *
*Baskets :      335 : Basket Size=    9696768 bytes  Compression=   3.84     *
*............................................................................*
*Br   10 :fmaDeltaTime : fmaDeltaTime[numHits]/F                             *
*Entries :  1000000 : Total  Size=    8037621 bytes  File Size  =    2193763 *
*Baskets :      335 : Basket Size=    9697792 bytes  Compression=   3.66     *
*............................................................................*
*Br   11 :fmaMult   : fmaMult[10]/I                                          *
*Entries :  1000000 : Total  Size=   40109399 bytes  File Size  =     768993 *
*Baskets :     1113 : Basket Size=   25600000 bytes  Compression=  52.12     *
*............................................................................*
*Br   12 :gammaMult : gammaMult/I                                            *
*Entries :  1000000 : Total  Size=    4011625 bytes  File Size  =     707805 *
*Baskets :      113 : Basket Size=    1299968 bytes  Compression=   5.66     *
*............................................................................*
*Br   13 :gammaEnergy : gammaEnergy[gammaMult]/F                             *
*Entries :  1000000 : Total  Size=   11202608 bytes  File Size  =    8229391 *
*Baskets :      422 : Basket Size=   25600000 bytes  Compression=   1.36     *
*............................................................................*
*Br   14 :gammaTimestamp : gammaTimestamp[gammaMult]/F                       *
*Entries :  1000000 : Total  Size=   11203999 bytes  File Size  =    3351736 *
*Baskets :      423 : Basket Size=   25600000 bytes  Compression=   3.34     *
*............................................................................*
*Br   15 :deltaTime : deltaTime[gammaMult]/F                                 *
*Entries :  1000000 : Total  Size=   11201756 bytes  File Size  =    1878166 *
*Baskets :      422 : Basket Size=   25600000 bytes  Compression=   5.96     *
*............................................................................*
TH1.Print Name  = eCC_a, Entries= 0, Total sum= 0
TH1.Print Name  = eCC_b, Entries= 0, Total sum= 0
TH1.Print Name  = eCC_c, Entries= 0, Total sum= 0
TH1.Print Name  = eCC_d, Entries= 146867, Total sum= 0
TH1.Print Name  = eSeg, Entries= 0, Total sum= 0
TH1.Print Name  = mode3_hitpat, Entries= 1484680, Total sum= 0
TH1.Print Name  = mode3_hitpat_chan, Entries= 1484680, Total sum= 1.48468e+06
TH1.Print Name  = chan0, Entries= 0, Total sum= 0
TH1.Print Name  = module, Entries= 1484680, Total sum= 1.48468e+06
TH1.Print Name  = chan, Entries= 1484680, Total sum= 1.48266e+06
TH1.Print Name  = l, Entries= 148468, Total sum= 148452
TH1.Print Name  = r, Entries= 148468, Total sum= 148466
TH1.Print Name  = up, Entries= 148468, Total sum= 148467
TH1.Print Name  = down, Entries= 148468, Total sum= 148467
TH1.Print Name  = sumlr, Entries= 144900, Total sum= 144900
TH1.Print Name  = sumud, Entries= 139774, Total sum= 139774
TH1.Print Name  = x, Entries= 144900, Total sum= 144900
TH1.Print Name  = y, Entries= 139774, Total sum= 139774
TH1.Print Name  = de1, Entries= 148468, Total sum= 148456
TH1.Print Name  = de2, Entries= 148468, Total sum= 148468
TH1.Print Name  = de3, Entries= 148468, Total sum= 148249
TH1.Print Name  = de12, Entries= 131195, Total sum= 131195
TH1.Print Name  = etot, Entries= 131195, Total sum= 131195
TH1.Print Name  = rftof, Entries= 148468, Total sum= 146867
TH1.Print Name  = lr, Entries= 1000000, Total sum= 999983
TH1.Print Name  = ud, Entries= 1000000, Total sum= 999999
TH1.Print Name  = ede1, Entries= 131195, Total sum= 131195
TH1.Print Name  = ede1g, Entries= 17046, Total sum= 17043
TH1.Print Name  = ede2, Entries= 131195, Total sum= 131195
TH1.Print Name  = ede12, Entries= 131195, Total sum= 131195
TH1.Print Name  = xde1, Entries= 131195, Total sum= 131195
TH1.Print Name  = erftof, Entries= 1000000, Total sum= 998399
TH1.Print Name  = erftofg, Entries= 6916, Total sum= 6832
TH1.Print Name  = sumehi, Entries= 1788937, Total sum= 1.78893e+06
TH1.Print Name  = tgppac, Entries= 1788937, Total sum= 136154
TH1.Print Name  = tgppacg, Entries= 17046, Total sum= 17046
TH1.Print Name  = xehi1, Entries= 1788937, Total sum= 1.78893e+06
TH1.Print Name  = xehi1g, Entries= 17046, Total sum= 17046
TH1.Print Name  = de1ehi, Entries= 1788937, Total sum= 1.78892e+06
TH1.Print Name  = de1ehig, Entries= 17046, Total sum= 17043
TH1.Print Name  = ng, Entries= 1000000, Total sum= 1e+06
TH1.Print Name  = ehiz1, Entries= 0, Total sum= 0
TH1.Print Name  = ehiz2, Entries= 0, Total sum= 0
TH1.Print Name  = ehiz3, Entries= 0, Total sum= 0
TH1.Print Name  = ehiz4, Entries= 0, Total sum= 0
TH1.Print Name  = ehiz5, Entries= 0, Total sum= 0
TH1.Print Name  = gg_dt, Entries= 16573, Total sum= 16573
TH1.Print Name  = gg, Entries= 33146, Total sum= 32614
TH1.Print Name  = gg_z1, Entries= 0, Total sum= 0
TH1.Print Name  = gg_z2, Entries= 0, Total sum= 0
TH1.Print Name  = gg_z3, Entries= 0, Total sum= 0
TH1.Print Name  = gg_z4, Entries= 0, Total sum= 0
TH1.Print Name  = gg_z5, Entries= 0, Total sum= 0
Pars.f1->Close();
done saving rootfile "/lcrc/project/HELIOS/gretinafma/root_data/run185.root


read 1000000 events; Pars.beta=0.0330; time since last update 1 minutes
CommandFileName="GEBSort.command"

sorted timestamp range 2503788-->25372565529: 25370061741
that is 253.7 seconds or 0h4m13s
^^^^^ any timestamp jumps will upset this accounting

hit statistics per type
 1 GEB_TYPE_DECOMP          1976862 ;   7792.11 Hz 
 8 GEB_TYPE_GT_MOD29         148928 ;    587.02 Hz 
read a total of              2125790 ; header/payloads


nn1=0
nn2=2125791
nn3=2125791

nok_validate= 1000000, ntot_validate=1000000; validate fraction 100.00%

bytes read=1016603008, 969.508179 MB

boniva sancta! ...GEBSort (unexpectedly) did not crash!

 ** GEBSort is done at 
