started GEBSort at we have 9 arguments
1... -input
will take input from disk
file size is 5468077568 bytes or 5339 MBytes

4... -rootfile
rootfile name specified on command line
__will store spectra in rootfile: /lcrc/project/HELIOS/gretinafma/root_data/run246.root
will recreate root file
7... -chat
core file size          (blocks, -c) unlimited
data seg size           (kbytes, -d) unlimited
scheduling priority             (-e) 0
file size               (blocks, -f) unlimited
pending signals                 (-i) 510315
max locked memory       (kbytes, -l) unlimited
max memory size         (kbytes, -m) 128769024
open files                      (-n) 51200
pipe size            (512 bytes, -p) 8
POSIX message queues     (bytes, -q) 819200
real-time priority              (-r) 0
stack size              (kbytes, -s) unlimited
cpu time               (seconds, -t) unlimited
max user processes              (-u) 4096
virtual memory          (kbytes, -v) unlimited
file locks                      (-x) unlimited
will read sorting instructions from chatfile: GEBSort.chat

executing UserDeclare.h code


GEBsort running on: 

initializing

crmat.LINUX is open (input) binary format
read 7936 bytes into Pars.crmat
chat file: <GEBSort.chat> open

will sort a max of 1410065408 events
will sort a max of 1000000 events
will sort 86400 minutes of data
will print details of the first 10 events
will use Pars.Beta (v/c) correction of 0.033000
will sort using a time window of 150
Pars.do_bin_mode2=1
Pars.do_bin_mode3=1
will accept second interaction range between 10.000000 and 500.000000 mm
"1-200"
detector   1 is ENABLED
detector   2 is ENABLED
detector   3 is ENABLED
detector   4 is ENABLED
detector   5 is ENABLED
detector   6 is ENABLED
detector   7 is ENABLED
detector   8 is ENABLED
detector   9 is ENABLED
detector  10 is ENABLED
detector  11 is ENABLED
detector  12 is ENABLED
detector  13 is ENABLED
detector  14 is ENABLED
detector  15 is ENABLED
detector  16 is ENABLED
detector  17 is ENABLED
detector  18 is ENABLED
detector  19 is ENABLED
detector  20 is ENABLED
detector  21 is ENABLED
detector  22 is ENABLED
detector  23 is ENABLED
detector  24 is ENABLED
detector  25 is ENABLED
detector  26 is ENABLED
detector  27 is ENABLED
detector  28 is ENABLED
detector  29 is ENABLED
detector  30 is ENABLED
detector  31 is ENABLED
detector  32 is ENABLED
detector  33 is ENABLED
detector  34 is ENABLED
detector  35 is ENABLED
detector  36 is ENABLED
detector  37 is ENABLED
detector  38 is ENABLED
detector  39 is ENABLED
detector  40 is ENABLED
detector  41 is ENABLED
detector  42 is ENABLED
detector  43 is ENABLED
detector  44 is ENABLED
detector  45 is ENABLED
detector  46 is ENABLED
detector  47 is ENABLED
detector  48 is ENABLED
detector  49 is ENABLED
detector  50 is ENABLED
detector  51 is ENABLED
detector  52 is ENABLED
detector  53 is ENABLED
detector  54 is ENABLED
detector  55 is ENABLED
detector  56 is ENABLED
detector  57 is ENABLED
detector  58 is ENABLED
detector  59 is ENABLED
detector  60 is ENABLED
detector  61 is ENABLED
detector  62 is ENABLED
detector  63 is ENABLED
detector  64 is ENABLED
detector  65 is ENABLED
detector  66 is ENABLED
detector  67 is ENABLED
detector  68 is ENABLED
detector  69 is ENABLED
detector  70 is ENABLED
detector  71 is ENABLED
detector  72 is ENABLED
detector  73 is ENABLED
detector  74 is ENABLED
detector  75 is ENABLED
detector  76 is ENABLED
detector  77 is ENABLED
detector  78 is ENABLED
detector  79 is ENABLED
detector  80 is ENABLED
detector  81 is ENABLED
detector  82 is ENABLED
detector  83 is ENABLED
detector  84 is ENABLED
detector  85 is ENABLED
detector  86 is ENABLED
detector  87 is ENABLED
detector  88 is ENABLED
detector  89 is ENABLED
detector  90 is ENABLED
detector  91 is ENABLED
detector  92 is ENABLED
detector  93 is ENABLED
detector  94 is ENABLED
detector  95 is ENABLED
detector  96 is ENABLED
detector  97 is ENABLED
detector  98 is ENABLED
detector  99 is ENABLED
detector 100 is ENABLED
detector 101 is ENABLED
detector 102 is ENABLED
detector 103 is ENABLED
detector 104 is ENABLED
detector 105 is ENABLED
detector 106 is ENABLED
detector 107 is ENABLED
detector 108 is ENABLED
detector 109 is ENABLED
detector 110 is ENABLED
detector 111 is ENABLED
detector 112 is ENABLED
detector 113 is ENABLED
detector 114 is ENABLED
detector 115 is ENABLED
detector 116 is ENABLED
detector 117 is ENABLED
detector 118 is ENABLED
detector 119 is ENABLED
detector 120 is ENABLED
detector 121 is ENABLED
detector 122 is ENABLED
detector 123 is ENABLED
detector 124 is ENABLED
detector 125 is ENABLED
detector 126 is ENABLED
detector 127 is ENABLED
detector 128 is ENABLED
detector 129 is ENABLED
detector 130 is ENABLED
detector 131 is ENABLED
detector 132 is ENABLED
detector 133 is ENABLED
detector 134 is ENABLED
detector 135 is ENABLED
detector 136 is ENABLED
detector 137 is ENABLED
detector 138 is ENABLED
detector 139 is ENABLED
detector 140 is ENABLED
detector 141 is ENABLED
detector 142 is ENABLED
detector 143 is ENABLED
detector 144 is ENABLED
detector 145 is ENABLED
detector 146 is ENABLED
detector 147 is ENABLED
detector 148 is ENABLED
detector 149 is ENABLED
detector 150 is ENABLED
detector 151 is ENABLED
detector 152 is ENABLED
detector 153 is ENABLED
detector 154 is ENABLED
detector 155 is ENABLED
detector 156 is ENABLED
detector 157 is ENABLED
detector 158 is ENABLED
detector 159 is ENABLED
detector 160 is ENABLED
detector 161 is ENABLED
detector 162 is ENABLED
detector 163 is ENABLED
detector 164 is ENABLED
detector 165 is ENABLED
detector 166 is ENABLED
detector 167 is ENABLED
detector 168 is ENABLED
detector 169 is ENABLED
detector 170 is ENABLED
detector 171 is ENABLED
detector 172 is ENABLED
detector 173 is ENABLED
detector 174 is ENABLED
detector 175 is ENABLED
detector 176 is ENABLED
detector 177 is ENABLED
detector 178 is ENABLED
detector 179 is ENABLED
detector 180 is ENABLED
detector 181 is ENABLED
detector 182 is ENABLED
detector 183 is ENABLED
detector 184 is ENABLED
detector 185 is ENABLED
detector 186 is ENABLED
detector 187 is ENABLED
detector 188 is ENABLED
detector 189 is ENABLED
detector 190 is ENABLED
detector 191 is ENABLED
detector 192 is ENABLED
detector 193 is ENABLED
detector 194 is ENABLED
detector 195 is ENABLED
detector 196 is ENABLED
detector 197 is ENABLED
detector 198 is ENABLED
detector 199 is ENABLED
WARNING: could not open CCcal file "CCenergy.cal", quit
will use beam direction 0.000000 0.000000 1.000000
vector length= 1.000000, normalizing
will use beam direction 0.000000 0.000000 1.000000
Pars.ndetlimlo=1,Pars.ndetlimhi=8
will require mult bt: 1 20
fomlimits, 1, 0.00 ..to.. 0.80
fomlimits, 2, 0.00 ..to.. 0.80
fomlimits, 3, 0.00 ..to.. 0.80
fomlimits, 4, 0.00 ..to.. 0.80
fomlimits, 5, 0.00 ..to.. 0.80
fomlimits, 6, 0.00 ..to.. 0.80
fomlimits, 7, 0.00 ..to.. 0.80
will use M= 350.000000 in bin_dgs
will use PZ file "dgs_pz.cal" in bin_dgs
will use ecal file "dgs_ehi.cal" in bin_dgs
will skip rest of chat file

chat file: <GEBSort.chat> closed
processed 39 sort instructions and 198 lines


sorting this:
Pars.do_bin_mode3 = 1
Pars.do_bin_mode2 = 1
Pars.do_bin_mode1 = 0
Pars.do_bin_dgs = 0
Pars.do_bin_dfma = 0
Pars.do_bin_gtcal = 0
Pars.do_bin_template = 0
Pars.do_bin_final = 0
Pars.do_bin_angcor = 0
Pars.do_bin_angdis = 0
checking proper input of chat file...
input file "/lcrc/project/HELIOS/gretinafma/merged_data/GEBMerged_run246.gtd_000" is open, inData=0x26730a60
file size is 1173110272 bytes or 1145 MBs 
input source is set up, supposedly

xyz offset values:

executing ShareMemFileUserInit.h code

deleted \rm -f GEBSort.command
root file </lcrc/project/HELIOS/gretinafma/root_data/run246.root>
base=</lcrc/project/HELIOS/gretinafma/root_data/run246.root:/>
TFile: name=/lcrc/project/HELIOS/gretinafma/root_data/run246.root, title=, option=CREATE

executing UserInit.h code

Created Object "dtbtev", 0x27786b40
Created Object "T0", 0x27786f50
, "T0"Created Object "hitpat", 0x27787340
, "hitpat"Created Object "numHitArray2", 0x27787d90
, "numHitArray2"Created Object "CCmult", 0x27788850
, "CC Multiplicity"Created Object "CCsum", 0x27a59b20
, "CCsum"Created Object "hit2", 0x27a69930
, "hit2"Created Object "hit3", 0x27a79740
, "hit3"Created Object "hit4", 0x27a89550
, "hit4"Created Object "CCsum_nodop", 0x27a99360
, "CCsum_nodop"Created Object "CCadd", 0x27aa9170
, "CCadd"Created Object "SEGadd_FPGA", 0x27ab8f80
Created Object "SEGadd_PSA", 0x27ab9390
Created Object "SEGsum_FPGA", 0x27ab97a0
Created Object "SEGsum_PSA", 0x27ab9bb0
Created Object "radius_all", 0x27ab9fc0
, "radius (all points)"Created Object "rate_mode2_min", 0x27ac23d0
, "rate_mode2_min headers"Created Object "rate_mode2_sec", 0x27ac54e0
, "rate_mode2_sec headers"Created Object "rate_mode2_intp", 0x27ac85f0
, "rate_mode2 interaction points"Created Object "cdtbtev", 0x27acb700
Created Object "evsr_all", 0x27b91610
Created Object "SMAP_allhits", 0x27b91b50
Created Object "SMAP_allhits_sq", 0x27c914e0
Created Object "seghitpat", 0x27d90e70
Created Object "CCe", 0x27d99270
Created Object "ggCC", 0x27d99820
Created Object "z_plot", 0x27d99dd0
Created Object "crystal_hit", 0x27e4d4a0
Created Object "SegE", 0x27e4da70
Created Object "crXcr", 0x27e4dfb0
MAXDETPOS=180
Created Object "eCC_a", 0x27f3bb30
Created Object "eCC_b", 0x27f3bf40
Created Object "eCC_c", 0x27f3c3b0
Created Object "eCC_d", 0x27f3c960
Created Object "eSeg", 0x27f3cea0
Created Object "mode3_hitpat", 0x27f3d450
, "mode3_hitpat"Created Object "mode3_hitpat_chan", 0x27f3ddc0
, "mode3_hitpat_chan"Created Object "chan0", 0x27f3e4f0
, "chan0"Created Object "module", 0x27f52320
, "module"Created Object "chan", 0x27f66150
Created Object "l", 0x27fdba70
, "l"Created Object "r", 0x27fef8a0
, "r"Created Object "up", 0x28003660
, "up"Created Object "down", 0x28017420
, "down"Created Object "sumlr", 0x2802b250
, "sumlr"Created Object "sumud", 0x2803f080
, "sumud"Created Object "x", 0x28052eb0
, "x"Created Object "y", 0x28066ce0
, "y"Created Object "de1", 0x2807ab10
, "de1"Created Object "de2", 0x2808e8d0
, "de2"Created Object "de3", 0x280a2690
, "de3"Created Object "de12", 0x280b64c0
, "de12"Created Object "etot", 0x280ca2f0
, "etot"Created Object "rftof", 0x280de0b0
, "rftof"Created Object "lr", 0x280f1e70
Created Object "ud", 0x280f23b0
Created Object "ede1", 0x280f28f0
Created Object "ede1g", 0x280f2e30
Created Object "ede2", 0x280f33e0
Created Object "ede12", 0x280f3990
Created Object "xde1", 0x280f3f40
Created Object "erftof", 0x280f4480
Created Object "erftofg", 0x280f49c0
Created Object "sumehi", 0x280f4f70
, "sumehi"Created Object "tgppac", 0x28108d30
, "tgppac"Created Object "tgppacg", 0x281303e0
, "tgppacg"Created Object "xehi1", 0x28157a90
Created Object "xehi1g", 0x28157fd0
Created Object "de1ehi", 0x28158580
Created Object "de1ehig", 0x28158ac0
Created Object "ng", 0x28159000
, "ng"Created Object "ehiz1", 0x2816cdc0
, "ehiz1"Created Object "ehiz2", 0x28180b80
, "ehiz2"Created Object "ehiz3", 0x281949b0
, "ehiz3"Created Object "ehiz4", 0x281a87e0
, "ehiz4"Created Object "ehiz5", 0x281bc610
, "ehiz5"Created Object "gg_dt", 0x281d03d0
, "gg_dt"Created Object "gg", 0x281d4800
Created Object "gg_z1", 0x281d4db0
Created Object "gg_z2", 0x281d5360
Created Object "gg_z3", 0x281d5910
Created Object "gg_z4", 0x281d5ec0
Created Object "gg_z5", 0x281d6400
we have define the following ROOT spectra:
Collection name='THashList', class='THashList', size=84
 TH1.Print Name  = dtbtev, Entries= 0, Total sum= 0
 TH1.Print Name  = T0, Entries= 0, Total sum= 0
 TH1.Print Name  = hitpat, Entries= 0, Total sum= 0
 TH1.Print Name  = numHitArray2, Entries= 0, Total sum= 0
 TH1.Print Name  = CCmult, Entries= 0, Total sum= 0
 TH1.Print Name  = CCsum, Entries= 0, Total sum= 0
 TH1.Print Name  = hit2, Entries= 0, Total sum= 0
 TH1.Print Name  = hit3, Entries= 0, Total sum= 0
 TH1.Print Name  = hit4, Entries= 0, Total sum= 0
 TH1.Print Name  = CCsum_nodop, Entries= 0, Total sum= 0
 TH1.Print Name  = CCadd, Entries= 0, Total sum= 0
 TH1.Print Name  = SEGadd_FPGA, Entries= 0, Total sum= 0
 TH1.Print Name  = SEGadd_PSA, Entries= 0, Total sum= 0
 TH1.Print Name  = SEGsum_FPGA, Entries= 0, Total sum= 0
 TH1.Print Name  = SEGsum_PSA, Entries= 0, Total sum= 0
 TH1.Print Name  = radius_all, Entries= 0, Total sum= 0
 TH1.Print Name  = rate_mode2_min, Entries= 0, Total sum= 0
 TH1.Print Name  = rate_mode2_sec, Entries= 0, Total sum= 0
 TH1.Print Name  = rate_mode2_intp, Entries= 0, Total sum= 0
 TH1.Print Name  = cdtbtev, Entries= 0, Total sum= 0
 TH1.Print Name  = evsr_all, Entries= 0, Total sum= 0
 TH1.Print Name  = SMAP_allhits, Entries= 0, Total sum= 0
 TH1.Print Name  = SMAP_allhits_sq, Entries= 0, Total sum= 0
 TH1.Print Name  = seghitpat, Entries= 0, Total sum= 0
 TH1.Print Name  = CCe, Entries= 0, Total sum= 0
 TH1.Print Name  = ggCC, Entries= 0, Total sum= 0
 TH1.Print Name  = z_plot, Entries= 0, Total sum= 0
 TH1.Print Name  = crystal_hit, Entries= 0, Total sum= 0
 TH1.Print Name  = SegE, Entries= 0, Total sum= 0
 TH1.Print Name  = crXcr, Entries= 0, Total sum= 0
 ******************************************************************************
*Tree    :tree      : tree                                                   *
*Entries :        0 : Total =            8461 bytes  File  Size =          0 *
*        :          : Tree compression factor =   1.00                       *
******************************************************************************
*Br    0 :runNumber : runNumber/I                                            *
*Entries :        0 : Total  Size=        501 bytes  One basket in memory    *
*Baskets :        0 : Basket Size=      32000 bytes  Compression=   1.00     *
*............................................................................*
*Br    1 :numHits   : numHits/I                                              *
*Entries :        0 : Total  Size=        493 bytes  One basket in memory    *
*Baskets :        0 : Basket Size=      32000 bytes  Compression=   1.00     *
*............................................................................*
*Br    2 :left      : left[numHits]/F                                        *
*Entries :        0 : Total  Size=        580 bytes  One basket in memory    *
*Baskets :        0 : Basket Size=      32000 bytes  Compression=   1.00     *
*............................................................................*
*Br    3 :right     : right[numHits]/F                                       *
*Entries :        0 : Total  Size=        584 bytes  One basket in memory    *
*Baskets :        0 : Basket Size=      32000 bytes  Compression=   1.00     *
*............................................................................*
*Br    4 :up        : up[numHits]/F                                          *
*Entries :        0 : Total  Size=        572 bytes  One basket in memory    *
*Baskets :        0 : Basket Size=      32000 bytes  Compression=   1.00     *
*............................................................................*
*Br    5 :down      : down[numHits]/F                                        *
*Entries :        0 : Total  Size=        580 bytes  One basket in memory    *
*Baskets :        0 : Basket Size=      32000 bytes  Compression=   1.00     *
*............................................................................*
*Br    6 :e1        : e1[numHits]/F                                          *
*Entries :        0 : Total  Size=        572 bytes  One basket in memory    *
*Baskets :        0 : Basket Size=      32000 bytes  Compression=   1.00     *
*............................................................................*
*Br    7 :e2        : e2[numHits]/F                                          *
*Entries :        0 : Total  Size=        572 bytes  One basket in memory    *
*Baskets :        0 : Basket Size=      32000 bytes  Compression=   1.00     *
*............................................................................*
*Br    8 :e3        : e3[numHits]/F                                          *
*Entries :        0 : Total  Size=        572 bytes  One basket in memory    *
*Baskets :        0 : Basket Size=      32000 bytes  Compression=   1.00     *
*............................................................................*
*Br    9 :tac       : tac[numHits]/F                                         *
*Entries :        0 : Total  Size=        576 bytes  One basket in memory    *
*Baskets :        0 : Basket Size=      32000 bytes  Compression=   1.00     *
*............................................................................*
*Br   10 :fmaDeltaTime : fmaDeltaTime[numHits]/F                             *
*Entries :        0 : Total  Size=        612 bytes  One basket in memory    *
*Baskets :        0 : Basket Size=      32000 bytes  Compression=   1.00     *
*............................................................................*
*Br   11 :fmaMult   : fmaMult[10]/I                                          *
*Entries :        0 : Total  Size=        501 bytes  One basket in memory    *
*Baskets :        0 : Basket Size=      32000 bytes  Compression=   1.00     *
*............................................................................*
*Br   12 :gammaMult : gammaMult/I                                            *
*Entries :        0 : Total  Size=        501 bytes  One basket in memory    *
*Baskets :        0 : Basket Size=      32000 bytes  Compression=   1.00     *
*............................................................................*
*Br   13 :gammaEnergy : gammaEnergy[gammaMult]/F                             *
*Entries :        0 : Total  Size=        616 bytes  One basket in memory    *
*Baskets :        0 : Basket Size=      32000 bytes  Compression=   1.00     *
*............................................................................*
*Br   14 :gammaTimestamp : gammaTimestamp[gammaMult]/F                       *
*Entries :        0 : Total  Size=        628 bytes  One basket in memory    *
*Baskets :        0 : Basket Size=      32000 bytes  Compression=   1.00     *
*............................................................................*
*Br   15 :deltaTime : deltaTime[gammaMult]/F                                 *
*Entries :        0 : Total  Size=        608 bytes  One basket in memory    *
*Baskets :        0 : Basket Size=      32000 bytes  Compression=   1.00     *
*............................................................................*
 TH1.Print Name  = eCC_a, Entries= 0, Total sum= 0
 TH1.Print Name  = eCC_b, Entries= 0, Total sum= 0
 TH1.Print Name  = eCC_c, Entries= 0, Total sum= 0
 TH1.Print Name  = eCC_d, Entries= 0, Total sum= 0
 TH1.Print Name  = eSeg, Entries= 0, Total sum= 0
 TH1.Print Name  = mode3_hitpat, Entries= 0, Total sum= 0
 TH1.Print Name  = mode3_hitpat_chan, Entries= 0, Total sum= 0
 TH1.Print Name  = chan0, Entries= 0, Total sum= 0
 TH1.Print Name  = module, Entries= 0, Total sum= 0
 TH1.Print Name  = chan, Entries= 0, Total sum= 0
 TH1.Print Name  = l, Entries= 0, Total sum= 0
 TH1.Print Name  = r, Entries= 0, Total sum= 0
 TH1.Print Name  = up, Entries= 0, Total sum= 0
 TH1.Print Name  = down, Entries= 0, Total sum= 0
 TH1.Print Name  = sumlr, Entries= 0, Total sum= 0
 TH1.Print Name  = sumud, Entries= 0, Total sum= 0
 TH1.Print Name  = x, Entries= 0, Total sum= 0
 TH1.Print Name  = y, Entries= 0, Total sum= 0
 TH1.Print Name  = de1, Entries= 0, Total sum= 0
 TH1.Print Name  = de2, Entries= 0, Total sum= 0
 TH1.Print Name  = de3, Entries= 0, Total sum= 0
 TH1.Print Name  = de12, Entries= 0, Total sum= 0
 TH1.Print Name  = etot, Entries= 0, Total sum= 0
 TH1.Print Name  = rftof, Entries= 0, Total sum= 0
 TH1.Print Name  = lr, Entries= 0, Total sum= 0
 TH1.Print Name  = ud, Entries= 0, Total sum= 0
 TH1.Print Name  = ede1, Entries= 0, Total sum= 0
 TH1.Print Name  = ede1g, Entries= 0, Total sum= 0
 TH1.Print Name  = ede2, Entries= 0, Total sum= 0
 TH1.Print Name  = ede12, Entries= 0, Total sum= 0
 TH1.Print Name  = xde1, Entries= 0, Total sum= 0
 TH1.Print Name  = erftof, Entries= 0, Total sum= 0
 TH1.Print Name  = erftofg, Entries= 0, Total sum= 0
 TH1.Print Name  = sumehi, Entries= 0, Total sum= 0
 TH1.Print Name  = tgppac, Entries= 0, Total sum= 0
 TH1.Print Name  = tgppacg, Entries= 0, Total sum= 0
 TH1.Print Name  = xehi1, Entries= 0, Total sum= 0
 TH1.Print Name  = xehi1g, Entries= 0, Total sum= 0
 TH1.Print Name  = de1ehi, Entries= 0, Total sum= 0
 TH1.Print Name  = de1ehig, Entries= 0, Total sum= 0
 TH1.Print Name  = ng, Entries= 0, Total sum= 0
 TH1.Print Name  = ehiz1, Entries= 0, Total sum= 0
 TH1.Print Name  = ehiz2, Entries= 0, Total sum= 0
 TH1.Print Name  = ehiz3, Entries= 0, Total sum= 0
 TH1.Print Name  = ehiz4, Entries= 0, Total sum= 0
 TH1.Print Name  = ehiz5, Entries= 0, Total sum= 0
 TH1.Print Name  = gg_dt, Entries= 0, Total sum= 0
 TH1.Print Name  = gg, Entries= 0, Total sum= 0
 TH1.Print Name  = gg_z1, Entries= 0, Total sum= 0
 TH1.Print Name  = gg_z2, Entries= 0, Total sum= 0
 TH1.Print Name  = gg_z3, Entries= 0, Total sum= 0
 TH1.Print Name  = gg_z4, Entries= 0, Total sum= 0
 TH1.Print Name  = gg_z5, Entries= 0, Total sum= 0
GRETINA detector angles
mod  1, crystal 0 [  4]: ( 10.07   3.58  15.10) pol   35.30 ,  azi   13.35; pol   35.30 ,  azi   19.58; modCCdopfac[4] 1.0271
mod  1, crystal 1 [  5]: ( 10.11   9.19  12.47) pol   47.60 ,  azi   36.39; pol   47.60 ,  azi   42.30; modCCdopfac[5] 1.0222
mod  1, crystal 2 [  6]: (  5.44   7.69  15.92) pol   30.60 ,  azi   25.77; pol   30.60 ,  azi   54.72; modCCdopfac[6] 1.0287
mod  1, crystal 3 [  7]: (  4.99   1.78  17.72) pol   16.65 ,  azi    5.72; pol   16.65 ,  azi   19.58; modCCdopfac[7] 1.0321
mod  2, crystal 0 [  8]: ( -0.29  10.69  15.10) pol   35.30 ,  azi   35.29; pol   35.30 ,  azi   91.58; modCCdopfac[8] 1.0271
mod  2, crystal 1 [  9]: ( -5.62  12.45  12.47) pol   47.60 ,  azi   44.95; pol   47.60 ,  azi  114.30; modCCdopfac[9] 1.0222
mod  2, crystal 2 [ 10]: ( -5.63   7.55  15.92) pol   30.60 ,  azi   25.36; pol   30.60 ,  azi  126.72; modCCdopfac[10] 1.0287
mod  2, crystal 3 [ 11]: ( -0.15   5.30  17.72) pol   16.65 ,  azi   16.64; pol   16.65 ,  azi   91.58; modCCdopfac[11] 1.0321
mod  3, crystal 0 [ 12]: (-10.25   3.02  15.10) pol   35.30 ,  azi   11.32; pol   35.30 ,  azi  163.58; modCCdopfac[12] 1.0271
mod  3, crystal 1 [ 13]: (-13.58  -1.50  12.47) pol   47.60 ,  azi   -6.85; pol   47.60 ,  azi -173.70; modCCdopfac[13] 1.0222
mod  3, crystal 2 [ 14]: ( -8.92  -3.02  15.92) pol   30.60 ,  azi  -10.75; pol   30.60 ,  azi -161.28; modCCdopfac[14] 1.0287
mod  3, crystal 3 [ 15]: ( -5.08   1.50  17.72) pol   16.65 ,  azi    4.83; pol   16.65 ,  azi  163.58; modCCdopfac[15] 1.0321
mod  4, crystal 0 [ 16]: ( -6.04  -8.82  15.10) pol   35.30 ,  azi  -30.29; pol   35.30 ,  azi -124.42; modCCdopfac[16] 1.0271
mod  4, crystal 1 [ 17]: ( -2.77 -13.38  12.47) pol   47.60 ,  azi  -47.00; pol   47.60 ,  azi -101.70; modCCdopfac[17] 1.0222
mod  4, crystal 2 [ 18]: (  0.12  -9.42  15.92) pol   30.60 ,  azi  -30.60; pol   30.60 ,  azi  -89.28; modCCdopfac[18] 1.0287
mod  4, crystal 3 [ 19]: ( -3.00  -4.37  17.72) pol   16.65 ,  azi  -13.86; pol   16.65 ,  azi -124.42; modCCdopfac[19] 1.0321
mod  5, crystal 0 [ 20]: (  6.52  -8.47  15.10) pol   35.30 ,  azi  -29.30; pol   35.30 ,  azi  -52.42; modCCdopfac[20] 1.0271
mod  5, crystal 1 [ 21]: ( 11.87  -6.77  12.47) pol   47.60 ,  azi  -28.49; pol   47.60 ,  azi  -29.70; modCCdopfac[21] 1.0222
mod  5, crystal 2 [ 22]: (  8.99  -2.80  15.92) pol   30.60 ,  azi   -9.96; pol   30.60 ,  azi  -17.28; modCCdopfac[22] 1.0287
mod  5, crystal 3 [ 23]: (  3.23  -4.20  17.72) pol   16.65 ,  azi  -13.33; pol   16.65 ,  azi  -52.42; modCCdopfac[23] 1.0321
mod  6, crystal 0 [ 24]: (  4.54  16.51   7.02) pol   67.71 ,  azi   66.97; pol   67.71 ,  azi   74.63; modCCdopfac[24] 1.0121
mod  6, crystal 1 [ 25]: ( -0.33  15.15  10.61) pol   55.02 ,  azi   55.01; pol   55.02 ,  azi   91.23; modCCdopfac[25] 1.0187
mod  6, crystal 2 [ 26]: (  5.05  13.00  12.16) pol   48.92 ,  azi   46.92; pol   48.92 ,  azi   68.77; modCCdopfac[26] 1.0216
mod  6, crystal 3 [ 27]: (  9.66  13.57   8.06) pol   64.18 ,  azi   59.29; pol   64.18 ,  azi   54.55; modCCdopfac[27] 1.0140
mod  7, crystal 0 [ 28]: (-14.30   9.42   7.02) pol   67.71 ,  azi   53.31; pol   67.71 ,  azi  146.63; modCCdopfac[28] 1.0121
mod  7, crystal 1 [ 29]: (-14.51   4.37  10.61) pol   55.02 ,  azi   22.40; pol   55.02 ,  azi  163.23; modCCdopfac[29] 1.0187
mod  7, crystal 2 [ 30]: (-10.80   8.82  12.16) pol   48.92 ,  azi   35.96; pol   48.92 ,  azi  140.77; modCCdopfac[30] 1.0216
mod  7, crystal 3 [ 31]: ( -9.92  13.38   8.06) pol   64.18 ,  azi   58.94; pol   64.18 ,  azi  126.55; modCCdopfac[31] 1.0140
mod  8, crystal 0 [ 32]: (-13.37 -10.69   7.02) pol   67.71 ,  azi  -56.71; pol   67.71 ,  azi -141.37; modCCdopfac[32] 1.0121
mod  8, crystal 1 [ 33]: ( -8.64 -12.45  10.61) pol   55.02 ,  azi  -49.58; pol   55.02 ,  azi -124.77; modCCdopfac[33] 1.0187
mod  8, crystal 2 [ 34]: (-11.73  -7.55  12.16) pol   48.92 ,  azi  -31.84; pol   48.92 ,  azi -147.23; modCCdopfac[34] 1.0216
mod  8, crystal 3 [ 35]: (-15.79  -5.30   8.06) pol   64.18 ,  azi  -33.33; pol   64.18 ,  azi -161.45; modCCdopfac[35] 1.0140
mod  9, crystal 0 [ 36]: (  6.03 -16.02   7.02) pol   67.71 ,  azi  -66.35; pol   67.71 ,  azi  -69.37; modCCdopfac[36] 1.0121
mod  9, crystal 1 [ 37]: (  9.17 -12.07  10.61) pol   55.02 ,  azi  -48.69; pol   55.02 ,  azi  -52.77; modCCdopfac[37] 1.0187
mod  9, crystal 2 [ 38]: (  3.56 -13.48  12.16) pol   48.92 ,  azi  -47.96; pol   48.92 ,  azi  -75.23; modCCdopfac[38] 1.0216
mod  9, crystal 3 [ 39]: (  0.16 -16.65   8.06) pol   64.18 ,  azi  -64.18; pol   64.18 ,  azi  -89.45; modCCdopfac[39] 1.0140
mod 10, crystal 0 [ 40]: ( 17.10   0.79   7.02) pol   67.71 ,  azi    6.39; pol   67.71 ,  azi    2.63; modCCdopfac[40] 1.0121
mod 10, crystal 1 [ 41]: ( 14.31   4.99  10.61) pol   55.02 ,  azi   25.21; pol   55.02 ,  azi   19.23; modCCdopfac[41] 1.0187
mod 10, crystal 2 [ 42]: ( 13.92  -0.79  12.16) pol   48.92 ,  azi   -3.70; pol   48.92 ,  azi   -3.23; modCCdopfac[42] 1.0216
mod 10, crystal 3 [ 43]: ( 15.89  -4.99   8.06) pol   64.18 ,  azi  -31.79; pol   64.18 ,  azi  -17.45; modCCdopfac[43] 1.0140
mod 11, crystal 0 [ 44]: ( 18.26   2.80   0.92) pol   87.15 ,  azi   71.78; pol   87.15 ,  azi    8.71; modCCdopfac[44] 1.0011
mod 11, crystal 1 [ 45]: ( 17.30   4.20  -5.04) pol  105.79 ,  azi  140.16; pol  105.79 ,  azi   13.65; modCCdopfac[45] 0.9906
mod 11, crystal 2 [ 46]: ( 16.42   8.47  -0.92) pol   92.85 ,  azi   96.20; pol   92.85 ,  azi   27.29; modCCdopfac[46] 0.9978
mod 11, crystal 3 [ 47]: ( 16.46   6.77   5.04) pol   74.21 ,  azi   53.36; pol   74.21 ,  azi   22.35; modCCdopfac[47] 1.0085
mod 12, crystal 0 [ 48]: ( 12.46  13.48  -2.26) pol   97.01 ,  azi   99.50; pol   97.01 ,  azi   47.25; modCCdopfac[48] 0.9954
mod 12, crystal 1 [ 49]: (  7.28  16.65  -3.46) pol  100.78 ,  azi  101.74; pol  100.78 ,  azi   66.39; modCCdopfac[49] 0.9933
mod 12, crystal 2 [ 50]: (  8.97  16.02   2.26) pol   82.99 ,  azi   81.98; pol   82.99 ,  azi   60.75; modCCdopfac[50] 1.0035
mod 12, crystal 3 [ 51]: ( 13.59  12.07   3.46) pol   79.22 ,  azi   74.00; pol   79.22 ,  azi   41.61; modCCdopfac[51] 1.0057
mod 13, crystal 0 [ 52]: (  2.98  18.23   0.92) pol   87.15 ,  azi   87.11; pol   87.15 ,  azi   80.71; modCCdopfac[52] 1.0011
mod 13, crystal 1 [ 53]: (  1.35  17.75  -5.04) pol  105.79 ,  azi  105.84; pol  105.79 ,  azi   85.65; modCCdopfac[53] 0.9906
mod 13, crystal 2 [ 54]: ( -2.98  18.23  -0.92) pol   92.85 ,  azi   92.89; pol   92.85 ,  azi   99.29; modCCdopfac[54] 0.9978
mod 13, crystal 3 [ 55]: ( -1.35  17.75   5.04) pol   74.21 ,  azi   74.16; pol   74.21 ,  azi   94.35; modCCdopfac[55] 1.0085
mod 14, crystal 0 [ 56]: ( -8.97  16.02  -2.26) pol   97.01 ,  azi   98.02; pol   97.01 ,  azi  119.25; modCCdopfac[56] 0.9954
mod 14, crystal 1 [ 57]: (-13.59  12.07  -3.46) pol  100.78 ,  azi  106.00; pol  100.78 ,  azi  138.39; modCCdopfac[57] 0.9933
mod 14, crystal 2 [ 58]: (-12.46  13.48   2.26) pol   82.99 ,  azi   80.50; pol   82.99 ,  azi  132.75; modCCdopfac[58] 1.0035
mod 14, crystal 3 [ 59]: ( -7.28  16.65   3.46) pol   79.22 ,  azi   78.26; pol   79.22 ,  azi  113.61; modCCdopfac[59] 1.0057
mod 15, crystal 0 [ 60]: (-16.42   8.47   0.92) pol   87.15 ,  azi   83.80; pol   87.15 ,  azi  152.71; modCCdopfac[60] 1.0011
mod 15, crystal 1 [ 61]: (-16.46   6.77  -5.04) pol  105.79 ,  azi  126.64; pol  105.79 ,  azi  157.65; modCCdopfac[61] 0.9906
mod 15, crystal 2 [ 62]: (-18.26   2.80  -0.92) pol   92.85 ,  azi  108.22; pol   92.85 ,  azi  171.29; modCCdopfac[62] 0.9978
mod 15, crystal 3 [ 63]: (-17.30   4.20   5.04) pol   74.21 ,  azi   39.84; pol   74.21 ,  azi  166.35; modCCdopfac[63] 1.0085
mod 16, crystal 0 [ 64]: (-18.01  -3.58  -2.26) pol   97.01 ,  azi -122.21; pol   97.01 ,  azi -168.75; modCCdopfac[64] 0.9954
mod 16, crystal 1 [ 65]: (-15.68  -9.19  -3.46) pol  100.78 ,  azi -110.62; pol  100.78 ,  azi -149.61; modCCdopfac[65] 0.9933
mod 16, crystal 2 [ 66]: (-16.68  -7.69   2.26) pol   82.99 ,  azi  -73.64; pol   82.99 ,  azi -155.25; modCCdopfac[66] 1.0035
mod 16, crystal 3 [ 67]: (-18.09  -1.78   3.46) pol   79.22 ,  azi  -27.18; pol   79.22 ,  azi -174.39; modCCdopfac[67] 1.0057
mod 17, crystal 0 [ 68]: (-13.13 -13.00   0.92) pol   87.15 ,  azi  -85.95; pol   87.15 ,  azi -135.29; modCCdopfac[68] 1.0011
mod 17, crystal 1 [ 69]: (-11.53 -13.57  -5.04) pol  105.79 ,  azi -110.36; pol  105.79 ,  azi -130.35; modCCdopfac[69] 0.9906
mod 17, crystal 2 [ 70]: ( -8.30 -16.51  -0.92) pol   92.85 ,  azi  -93.19; pol   92.85 ,  azi -116.71; modCCdopfac[70] 0.9978
mod 17, crystal 3 [ 71]: ( -9.34 -15.15   5.04) pol   74.21 ,  azi  -71.62; pol   74.21 ,  azi -121.65; modCCdopfac[71] 1.0085
mod 18, crystal 0 [ 72]: ( -2.16 -18.23  -2.26) pol   97.01 ,  azi  -97.05; pol   97.01 ,  azi  -96.75; modCCdopfac[72] 0.9954
mod 18, crystal 1 [ 73]: (  3.90 -17.75  -3.46) pol  100.78 ,  azi -101.03; pol  100.78 ,  azi  -77.61; modCCdopfac[73] 0.9933
mod 18, crystal 2 [ 74]: (  2.16 -18.23   2.26) pol   82.99 ,  azi  -82.95; pol   82.99 ,  azi  -83.25; modCCdopfac[74] 1.0035
mod 18, crystal 3 [ 75]: ( -3.90 -17.75   3.46) pol   79.22 ,  azi  -78.97; pol   79.22 ,  azi -102.39; modCCdopfac[75] 1.0057
mod 19, crystal 0 [ 76]: (  8.30 -16.51   0.92) pol   87.15 ,  azi  -86.81; pol   87.15 ,  azi  -63.29; modCCdopfac[76] 1.0011
mod 19, crystal 1 [ 77]: (  9.34 -15.15  -5.04) pol  105.79 ,  azi -108.38; pol  105.79 ,  azi  -58.35; modCCdopfac[77] 0.9906
mod 19, crystal 2 [ 78]: ( 13.13 -13.00  -0.92) pol   92.85 ,  azi  -94.05; pol   92.85 ,  azi  -44.71; modCCdopfac[78] 0.9978
mod 19, crystal 3 [ 79]: ( 11.53 -13.57   5.04) pol   74.21 ,  azi  -69.64; pol   74.21 ,  azi  -49.65; modCCdopfac[79] 1.0085
mod 20, crystal 0 [ 80]: ( 16.68  -7.69  -2.26) pol   97.01 ,  azi -106.36; pol   97.01 ,  azi  -24.75; modCCdopfac[80] 0.9954
mod 20, crystal 1 [ 81]: ( 18.09  -1.78  -3.46) pol  100.78 ,  azi -152.82; pol  100.78 ,  azi   -5.61; modCCdopfac[81] 0.9933
mod 20, crystal 2 [ 82]: ( 18.01  -3.58   2.26) pol   82.99 ,  azi  -57.79; pol   82.99 ,  azi  -11.25; modCCdopfac[82] 1.0035
mod 20, crystal 3 [ 83]: ( 15.68  -9.19   3.46) pol   79.22 ,  azi  -69.38; pol   79.22 ,  azi  -30.39; modCCdopfac[83] 1.0057
mod 21, crystal 0 [ 84]: ( 14.30   9.42  -7.02) pol  112.29 ,  azi  126.69; pol  112.29 ,  azi   33.37; modCCdopfac[84] 0.9871
mod 21, crystal 1 [ 85]: ( 14.51   4.37 -10.61) pol  124.98 ,  azi  157.60; pol  124.98 ,  azi   16.77; modCCdopfac[85] 0.9809
mod 21, crystal 2 [ 86]: ( 10.80   8.82 -12.16) pol  131.08 ,  azi  144.04; pol  131.08 ,  azi   39.23; modCCdopfac[86] 0.9782
mod 21, crystal 3 [ 87]: (  9.92  13.38  -8.06) pol  115.82 ,  azi  121.06; pol  115.82 ,  azi   53.45; modCCdopfac[87] 0.9853
mod 22, crystal 0 [ 88]: ( -4.54  16.51  -7.02) pol  112.29 ,  azi  113.03; pol  112.29 ,  azi  105.37; modCCdopfac[88] 0.9871
mod 22, crystal 1 [ 89]: (  0.33  15.15 -10.61) pol  124.98 ,  azi  124.99; pol  124.98 ,  azi   88.77; modCCdopfac[89] 0.9809
mod 22, crystal 2 [ 90]: ( -5.05  13.00 -12.16) pol  131.08 ,  azi  133.08; pol  131.08 ,  azi  111.23; modCCdopfac[90] 0.9782
mod 22, crystal 3 [ 91]: ( -9.66  13.57  -8.06) pol  115.82 ,  azi  120.71; pol  115.82 ,  azi  125.45; modCCdopfac[91] 0.9853
mod 23, crystal 0 [ 92]: (-17.10   0.79  -7.02) pol  112.29 ,  azi  173.61; pol  112.29 ,  azi  177.37; modCCdopfac[92] 0.9871
mod 23, crystal 1 [ 93]: (-14.31   4.99 -10.61) pol  124.98 ,  azi  154.79; pol  124.98 ,  azi  160.77; modCCdopfac[93] 0.9809
mod 23, crystal 2 [ 94]: (-13.92  -0.79 -12.16) pol  131.08 ,  azi -176.30; pol  131.08 ,  azi -176.77; modCCdopfac[94] 0.9782
mod 23, crystal 3 [ 95]: (-15.89  -4.99  -8.06) pol  115.82 ,  azi -148.21; pol  115.82 ,  azi -162.55; modCCdopfac[95] 0.9853
mod 24, crystal 0 [ 96]: ( -6.03 -16.02  -7.02) pol  112.29 ,  azi -113.65; pol  112.29 ,  azi -110.63; modCCdopfac[96] 0.9871
mod 24, crystal 1 [ 97]: ( -9.17 -12.07 -10.61) pol  124.98 ,  azi -131.31; pol  124.98 ,  azi -127.23; modCCdopfac[97] 0.9809
mod 24, crystal 2 [ 98]: ( -3.56 -13.48 -12.16) pol  131.08 ,  azi -132.04; pol  131.08 ,  azi -104.77; modCCdopfac[98] 0.9782
mod 24, crystal 3 [ 99]: ( -0.16 -16.65  -8.06) pol  115.82 ,  azi -115.82; pol  115.82 ,  azi  -90.55; modCCdopfac[99] 0.9853
mod 25, crystal 0 [100]: ( 13.37 -10.69  -7.02) pol  112.29 ,  azi -123.29; pol  112.29 ,  azi  -38.63; modCCdopfac[100] 0.9871
mod 25, crystal 1 [101]: (  8.64 -12.45 -10.61) pol  124.98 ,  azi -130.42; pol  124.98 ,  azi  -55.23; modCCdopfac[101] 0.9809
mod 25, crystal 2 [102]: ( 11.73  -7.55 -12.16) pol  131.08 ,  azi -148.16; pol  131.08 ,  azi  -32.77; modCCdopfac[102] 0.9782
mod 25, crystal 3 [103]: ( 15.79  -5.30  -8.06) pol  115.82 ,  azi -146.67; pol  115.82 ,  azi  -18.55; modCCdopfac[103] 0.9853
mod 26, crystal 0 [104]: (  0.29  10.69 -15.10) pol  144.70 ,  azi  144.71; pol  144.70 ,  azi   88.42; modCCdopfac[104] 0.9732
mod 26, crystal 1 [105]: (  5.62  12.45 -12.47) pol  132.40 ,  azi  135.05; pol  132.40 ,  azi   65.70; modCCdopfac[105] 0.9777
mod 26, crystal 2 [106]: (  5.63   7.55 -15.92) pol  149.40 ,  azi  154.64; pol  149.40 ,  azi   53.28; modCCdopfac[106] 0.9718
mod 26, crystal 3 [107]: (  0.15   5.30 -17.72) pol  163.35 ,  azi  163.36; pol  163.35 ,  azi   88.42; modCCdopfac[107] 0.9688
mod 27, crystal 0 [108]: (-10.07   3.58 -15.10) pol  144.70 ,  azi  166.65; pol  144.70 ,  azi  160.42; modCCdopfac[108] 0.9732
mod 27, crystal 1 [109]: (-10.11   9.19 -12.47) pol  132.40 ,  azi  143.61; pol  132.40 ,  azi  137.70; modCCdopfac[109] 0.9777
mod 27, crystal 2 [110]: ( -5.44   7.69 -15.92) pol  149.40 ,  azi  154.23; pol  149.40 ,  azi  125.28; modCCdopfac[110] 0.9718
mod 27, crystal 3 [111]: ( -4.99   1.78 -17.72) pol  163.35 ,  azi  174.28; pol  163.35 ,  azi  160.42; modCCdopfac[111] 0.9688
mod 28, crystal 0 [112]: ( -6.52  -8.47 -15.10) pol  144.70 ,  azi -150.70; pol  144.70 ,  azi -127.58; modCCdopfac[112] 0.9732
mod 28, crystal 1 [113]: (-11.87  -6.77 -12.47) pol  132.40 ,  azi -151.51; pol  132.40 ,  azi -150.30; modCCdopfac[113] 0.9777
mod 28, crystal 2 [114]: ( -8.99  -2.80 -15.92) pol  149.40 ,  azi -170.04; pol  149.40 ,  azi -162.72; modCCdopfac[114] 0.9718
mod 28, crystal 3 [115]: ( -3.23  -4.20 -17.72) pol  163.35 ,  azi -166.67; pol  163.35 ,  azi -127.58; modCCdopfac[115] 0.9688
mod 29, crystal 0 [116]: (  6.04  -8.82 -15.10) pol  144.70 ,  azi -149.71; pol  144.70 ,  azi  -55.58; modCCdopfac[116] 0.9732
mod 29, crystal 1 [117]: (  2.77 -13.38 -12.47) pol  132.40 ,  azi -133.00; pol  132.40 ,  azi  -78.30; modCCdopfac[117] 0.9777
mod 29, crystal 2 [118]: ( -0.12  -9.42 -15.92) pol  149.40 ,  azi -149.40; pol  149.40 ,  azi  -90.72; modCCdopfac[118] 0.9718
mod 29, crystal 3 [119]: (  3.00  -4.37 -17.72) pol  163.35 ,  azi -166.14; pol  163.35 ,  azi  -55.58; modCCdopfac[119] 0.9688
mod 30, crystal 0 [120]: ( 10.25   3.02 -15.10) pol  144.70 ,  azi  168.68; pol  144.70 ,  azi   16.42; modCCdopfac[120] 0.9732
mod 30, crystal 1 [121]: ( 13.58  -1.50 -12.47) pol  132.40 ,  azi -173.15; pol  132.40 ,  azi   -6.30; modCCdopfac[121] 0.9777
mod 30, crystal 2 [122]: (  8.92  -3.02 -15.92) pol  149.40 ,  azi -169.25; pol  149.40 ,  azi  -18.72; modCCdopfac[122] 0.9718
mod 30, crystal 3 [123]: (  5.08   1.50 -17.72) pol  163.35 ,  azi  175.17; pol  163.35 ,  azi   16.42; modCCdopfac[123] 0.9688
setup signal catcher
started sorting... from disk...

Pars.maxTS=4611686018427387904
got initial header, TS=2204978675985 ID: 1 length: 464
read initial payload of siz=464 into event position 1
__ptgd[0]->type= 0; ptgd[0]->length=   0; ptgd[0]->timestamp=0
initial ii=1, nn=1
ev#     0 GEB_TYPE_DECOMP        464Bytes TS=2204978683899 curTS=2204978675985 dTS= 7914
t0=2204978675985
first event: GEB_event.mult=1
   0/ 0: ( 1,GEB_TYPE_DECOMP      ) TS=       2204978675985; dT=0
maxTS=10844978675985
that is 86400.0 seconds or 24h0m0s minutes of sorting
GEBGetEv returned st=0
we have read 960 bytes; CurEvNo=1

+++++++++++++++++++++++++++++++
*start event # 1 with multiplicity 1 looks like this:
 0>  1, GEB_TYPE_DECOMP      , TS=2204978675985
entered bin_mode2: 1/10
ptinp->pad= 6, (ptinp->pad&0x000000ff)= 6
updated CCadd with    0.00
total number of hits in array: 0
exit bin_mode2
entered bin_mode3 @ event number: 1 
exit bin_mode3
*end of event # 1
+++++++++++++++++++++++++++++++
ev#     1 GEB_TYPE_DECOMP        464Bytes TS=2204978684143 curTS=2204978683899 dTS= 244
GEBGetEv returned st=0
we have read 1440 bytes; CurEvNo=2

+++++++++++++++++++++++++++++++
*start event # 2 with multiplicity 1 looks like this:
 0>  1, GEB_TYPE_DECOMP      , TS=2204978683899
entered bin_mode2: 2/10
ptinp->pad= 6, (ptinp->pad&0x000000ff)= 6
updated CCadd with    0.00
total number of hits in array: 0
exit bin_mode2
entered bin_mode3 @ event number: 2 
exit bin_mode3
*end of event # 2
+++++++++++++++++++++++++++++++
ev#     2 GEB_TYPE_DECOMP        464Bytes TS=2204978806247 curTS=2204978684143 dTS= 122104
GEBGetEv returned st=0
we have read 1920 bytes; CurEvNo=3

+++++++++++++++++++++++++++++++
*start event # 3 with multiplicity 1 looks like this:
 0>  1, GEB_TYPE_DECOMP      , TS=2204978684143
entered bin_mode2: 3/10
ptinp->pad= 6, (ptinp->pad&0x000000ff)= 6
updated CCadd with    0.00
total number of hits in array: 0
exit bin_mode2
entered bin_mode3 @ event number: 3 
exit bin_mode3
*end of event # 3
+++++++++++++++++++++++++++++++
ev#     3 GEB_TYPE_DECOMP        464Bytes TS=2204978806509 curTS=2204978806247 dTS= 262
GEBGetEv returned st=0
we have read 2400 bytes; CurEvNo=4

+++++++++++++++++++++++++++++++
*start event # 4 with multiplicity 1 looks like this:
 0>  1, GEB_TYPE_DECOMP      , TS=2204978806247
entered bin_mode2: 4/10
ptinp->pad= 6, (ptinp->pad&0x000000ff)= 6
updated CCadd with    0.00
total number of hits in array: 0
exit bin_mode2
entered bin_mode3 @ event number: 4 
exit bin_mode3
*end of event # 4
+++++++++++++++++++++++++++++++
ev#     4 GEB_TYPE_DECOMP        464Bytes TS=2204978806653 curTS=2204978806509 dTS= 144
ev#     4 GEB_TYPE_DECOMP        464Bytes TS=2204978819043 curTS=2204978806509 dTS= 12534
GEBGetEv returned st=0
we have read 3360 bytes; CurEvNo=5

+++++++++++++++++++++++++++++++
*start event # 5 with multiplicity 2 looks like this:
 0>  1, GEB_TYPE_DECOMP      , TS=2204978806509
 1>  1, GEB_TYPE_DECOMP      , TS=2204978806653
entered bin_mode2: 5/10
ptinp->pad= 6, (ptinp->pad&0x000000ff)= 6
ptinp->pad= 6, (ptinp->pad&0x000000ff)= 6
updated CCadd with    0.00
total number of hits in array: 0
exit bin_mode2
entered bin_mode3 @ event number: 5 
exit bin_mode3
*end of event # 5
+++++++++++++++++++++++++++++++
ev#     5 GEB_TYPE_DECOMP        464Bytes TS=2204978842407 curTS=2204978819043 dTS= 23364
GEBGetEv returned st=0
we have read 3840 bytes; CurEvNo=6

+++++++++++++++++++++++++++++++
*start event # 6 with multiplicity 1 looks like this:
 0>  1, GEB_TYPE_DECOMP      , TS=2204978819043
entered bin_mode2: 6/10
ptinp->pad= 6, (ptinp->pad&0x000000ff)= 6
updated CCadd with    0.00
total number of hits in array: 0
exit bin_mode2
entered bin_mode3 @ event number: 6 
exit bin_mode3
*end of event # 6
+++++++++++++++++++++++++++++++
ev#     6 GEB_TYPE_DECOMP        464Bytes TS=2204978890153 curTS=2204978842407 dTS= 47746
GEBGetEv returned st=0
we have read 4320 bytes; CurEvNo=7

+++++++++++++++++++++++++++++++
*start event # 7 with multiplicity 1 looks like this:
 0>  1, GEB_TYPE_DECOMP      , TS=2204978842407
entered bin_mode2: 7/10
ptinp->pad= 6, (ptinp->pad&0x000000ff)= 6
updated CCadd with    0.00
total number of hits in array: 0
exit bin_mode2
entered bin_mode3 @ event number: 7 
exit bin_mode3
*end of event # 7
+++++++++++++++++++++++++++++++
ev#     7 GEB_TYPE_DECOMP        464Bytes TS=2204978890725 curTS=2204978890153 dTS= 572
GEBGetEv returned st=0
we have read 4800 bytes; CurEvNo=8

+++++++++++++++++++++++++++++++
*start event # 8 with multiplicity 1 looks like this:
 0>  1, GEB_TYPE_DECOMP      , TS=2204978890153
entered bin_mode2: 8/10
ptinp->pad= 6, (ptinp->pad&0x000000ff)= 6
updated CCadd with    0.00
total number of hits in array: 0
exit bin_mode2
entered bin_mode3 @ event number: 8 
exit bin_mode3
*end of event # 8
+++++++++++++++++++++++++++++++
ev#     8 GEB_TYPE_GT_MOD29      440Bytes TS=2204978890867 curTS=2204978890725 dTS= 142
ev#     8 GEB_TYPE_DECOMP        464Bytes TS=2204978890961 curTS=2204978890725 dTS= 236
GEBGetEv returned st=0
we have read 5736 bytes; CurEvNo=9

+++++++++++++++++++++++++++++++
*start event # 9 with multiplicity 2 looks like this:
 0>  1, GEB_TYPE_DECOMP      , TS=2204978890725
 1>  8, GEB_TYPE_GT_MOD29    , TS=2204978890867
entered bin_mode2: 9/10
ptinp->pad= 0, (ptinp->pad&0x000000ff)= 0
good pad value
mode2 data:  0>  1, GEB_TYPE_DECOMP      , TS=2204978890725
number of hits: 1
* 0/2, is GEB_TYPE_DECOMP: num=1
__detno: 111, module: 27, crystalNumber: 3
CCenergies[0]=  76.72
* 0:  -15.96,  14.10,   6.62 --> GT:   -3.16,   1.50, -18.96
updated CCadd with   76.72
total number of hits in array: 1
exit bin_mode2
entered bin_mode3 @ event number: 9 

bin_mode3:  1>  8, GEB_TYPE_GT_MOD29    , TS=2204978890867, 0x20162fbc873; payload length: 440 bytes

---------
new GTheader at pos=0 or 0 words (8):
Event.hdr[ 0]=0x1f35,   7989
Event.hdr[ 1]=0x300a,  12298
Event.hdr[ 2]=0xc873,  51315
Event.hdr[ 3]=0x62fb,  25339
Event.hdr[ 4]=0x0201,    513
Event.hdr[ 5]=0xb13a,  45370
Event.hdr[ 6]=0x4e09,  19977
Event.hdr[ 7]=0x0000,      0
Event.hdr[ 8]=0x78a1,  30881
Event.hdr[ 9]=0xafd7,  45015
Event.hdr[10]=0x7c09,  31753
Event.hdr[11]=0x100b,   4107
Event.hdr[12]=0xf8d8,  63704
Event.hdr[13]=0x07ff,   2047
Event.len=  44, Event.traceLen=  12 (in Bytes)
Event.len=  22, Event.traceLen=   6 (in 16 bit words)
Event.len=  11, Event.traceLen=   3 (in 32 bit words)
next start: 0xaaaaaaaa, pos= 44
0x1f35 module_id = 31 crystal_id = 0 digitizer_id = 3 chan_id = 5 ge_id = 124 channel = 35  -> is segment
open superpulse_009_01_01.xy at Event.chan_id = 5
open CCpulse_009_01_01.xy at Event.chan_id = 5
ncrystal=1
wrote trace to CCpulse_009_01_01.xy
two's comp tempE  ::     635194     635194 0x0009b13a |0000|0000|0000|1001|1011|0001|0011|1010|
rawE              ::     635194     635194 0x0009b13a |0000|0000|0000|1001|1011|0001|0011|1010|
rawE (sign change)::     635194     635194 0x0009b13a |0000|0000|0000|1001|1011|0001|0011|1010|
Event.ehi=           19849 0x00004d89
Event.ehi=1984 (gain changed)
Event.LEDts =        2204978890867
Event.CFDts =      268031524143116

---------
new GTheader at pos=44 or 22 words (30):
Event.hdr[ 0]=0x1f36,   7990
Event.hdr[ 1]=0x300a,  12298
Event.hdr[ 2]=0xc873,  51315
Event.hdr[ 3]=0x62fb,  25339
Event.hdr[ 4]=0x0201,    513
Event.hdr[ 5]=0x2a77,  10871
Event.hdr[ 6]=0x0e00,   3584
Event.hdr[ 7]=0x0000,      0
Event.hdr[ 8]=0x78a1,  30881
Event.hdr[ 9]=0xee5e,  61022
Event.hdr[10]=0x21ff,   8703
Event.hdr[11]=0xffe5,  65509
Event.hdr[12]=0x5fc3,  24515
Event.hdr[13]=0x0017,     23
Event.len=  44, Event.traceLen=  12 (in Bytes)
Event.len=  22, Event.traceLen=   6 (in 16 bit words)
Event.len=  11, Event.traceLen=   3 (in 32 bit words)
next start: 0xaaaaaaaa, pos= 88
0x1f36 module_id = 31 crystal_id = 0 digitizer_id = 3 chan_id = 6 ge_id = 124 channel = 36  -> is segment
ncrystal=1
wrote trace to CCpulse_009_01_01.xy
two's comp tempE  ::      10871      10871 0x00002a77 |0000|0000|0000|0000|0010|1010|0111|0111|
rawE              ::      10871      10871 0x00002a77 |0000|0000|0000|0000|0010|1010|0111|0111|
rawE (sign change)::      10871      10871 0x00002a77 |0000|0000|0000|0000|0010|1010|0111|0111|
Event.ehi=             339 0x00000153
Event.ehi=33 (gain changed)
Event.LEDts =        2204978890867
Event.CFDts =      281303175200780

---------
new GTheader at pos=88 or 44 words (52):
Event.hdr[ 0]=0x1f37,   7991
Event.hdr[ 1]=0x300a,  12298
Event.hdr[ 2]=0xc873,  51315
Event.hdr[ 3]=0x62fb,  25339
Event.hdr[ 4]=0x0201,    513
Event.hdr[ 5]=0x1072,   4210
Event.hdr[ 6]=0x0e00,   3584
Event.hdr[ 7]=0x0000,      0
Event.hdr[ 8]=0x78a1,  30881
Event.hdr[ 9]=0xefe3,  61411
Event.hdr[10]=0xd1ff,  53759
Event.hdr[11]=0xffb9,  65465
Event.hdr[12]=0x228b,   8843
Event.hdr[13]=0x000e,     14
Event.len=  44, Event.traceLen=  12 (in Bytes)
Event.len=  22, Event.traceLen=   6 (in 16 bit words)
Event.len=  11, Event.traceLen=   3 (in 32 bit words)
next start: 0xaaaaaaaa, pos= 132
0x1f37 module_id = 31 crystal_id = 0 digitizer_id = 3 chan_id = 7 ge_id = 124 channel = 37  -> is segment
ncrystal=1
wrote trace to CCpulse_009_01_01.xy
two's comp tempE  ::       4210       4210 0x00001072 |0000|0000|0000|0000|0001|0000|0111|0010|
rawE              ::       4210       4210 0x00001072 |0000|0000|0000|0000|0001|0000|0111|0010|
rawE (sign change)::       4210       4210 0x00001072 |0000|0000|0000|0000|0001|0000|0111|0010|
Event.ehi=             131 0x00000083
Event.ehi=13 (gain changed)
Event.LEDts =        2204978890867
Event.CFDts =      281453501546508

---------
new GTheader at pos=132 or 66 words (74):
Event.hdr[ 0]=0x1f38,   7992
Event.hdr[ 1]=0x300a,  12298
Event.hdr[ 2]=0xc873,  51315
Event.hdr[ 3]=0x62fb,  25339
Event.hdr[ 4]=0x0201,    513
Event.hdr[ 5]=0x8e51,  36433
Event.hdr[ 6]=0x1ff9,   8185
Event.hdr[ 7]=0x0000,      0
Event.hdr[ 8]=0x78a1,  30881
Event.hdr[ 9]=0xbf38,  48952
Event.hdr[10]=0x9bfc,  39932
Event.hdr[11]=0xf9bf,  63935
Event.hdr[12]=0x1ea3,   7843
Event.hdr[13]=0x07f3,   2035
Event.len=  44, Event.traceLen=  12 (in Bytes)
Event.len=  22, Event.traceLen=   6 (in 16 bit words)
Event.len=  11, Event.traceLen=   3 (in 32 bit words)
next start: 0xaaaaaaaa, pos= 176
0x1f38 module_id = 31 crystal_id = 0 digitizer_id = 3 chan_id = 8 ge_id = 124 channel = 38  -> is segment
ncrystal=1
wrote trace to CCpulse_009_01_01.xy
two's comp tempE  ::   16354897   16354897 0x00f98e51 |0000|0000|1111|1001|1000|1110|0101|0001|
rawE              :: 4294544977    -422319 0xfff98e51 |1111|1111|1111|1001|1000|1110|0101|0001|
rawE (sign change)::     422319     422319 0x000671af |0000|0000|0000|0110|0111|0001|1010|1111|
Event.ehi=           13197 0x0000338d
Event.ehi=1319 (gain changed)
Event.LEDts =        2204978890867
Event.CFDts =         511111856140

---------
new GTheader at pos=176 or 88 words (96):
Event.hdr[ 0]=0x1f39,   7993
Event.hdr[ 1]=0x300a,  12298
Event.hdr[ 2]=0xc873,  51315
Event.hdr[ 3]=0x62fb,  25339
Event.hdr[ 4]=0x0201,    513
Event.hdr[ 5]=0x016e,    366
Event.hdr[ 6]=0x0e00,   3584
Event.hdr[ 7]=0x0000,      0
Event.hdr[ 8]=0x78a1,  30881
Event.hdr[ 9]=0xf98c,  63884
Event.hdr[10]=0x0fff,   4095
Event.hdr[11]=0x1eea,   7914
Event.hdr[12]=0xef30,  61232
Event.hdr[13]=0x07ff,   2047
Event.len=  44, Event.traceLen=  12 (in Bytes)
Event.len=  22, Event.traceLen=   6 (in 16 bit words)
Event.len=  11, Event.traceLen=   3 (in 32 bit words)
next start: 0xaaaaaaaa, pos= 220
0x1f39 module_id = 31 crystal_id = 0 digitizer_id = 3 chan_id = 9 ge_id = 124 channel = 39  -> is CC
ncrystal=1
wrote trace to CCpulse_009_01_01.xy
two's comp tempE  ::        366        366 0x0000016e |0000|0000|0000|0000|0000|0001|0110|1110|
rawE              ::        366        366 0x0000016e |0000|0000|0000|0000|0000|0001|0110|1110|
rawE (sign change)::        366        366 0x0000016e |0000|0000|0000|0000|0000|0001|0110|1110|
Event.ehi=              11 0x0000000b
Event.ehi=1 (gain changed)
Event.LEDts =        2204978890867
Event.CFDts =         279177134092

---------
new GTheader at pos=220 or 110 words (118):
Event.hdr[ 0]=0x1f30,   7984
Event.hdr[ 1]=0x300a,  12298
Event.hdr[ 2]=0xc873,  51315
Event.hdr[ 3]=0x62fb,  25339
Event.hdr[ 4]=0x0201,    513
Event.hdr[ 5]=0x59f1,  23025
Event.hdr[ 6]=0x4e0a,  19978
Event.hdr[ 7]=0x0000,      0
Event.hdr[ 8]=0x78a1,  30881
Event.hdr[ 9]=0x5920,  22816
Event.hdr[10]=0xf40a,  62474
Event.hdr[11]=0x1586,   5510
Event.hdr[12]=0xf784,  63364
Event.hdr[13]=0x07ff,   2047
Event.len=  44, Event.traceLen=  12 (in Bytes)
Event.len=  22, Event.traceLen=   6 (in 16 bit words)
Event.len=  11, Event.traceLen=   3 (in 32 bit words)
next start: 0xaaaaaaaa, pos= 264
0x1f30 module_id = 31 crystal_id = 0 digitizer_id = 3 chan_id = 0 ge_id = 124 channel = 30  -> is segment
ncrystal=1
wrote trace to CCpulse_009_01_01.xy
two's comp tempE  ::     678385     678385 0x000a59f1 |0000|0000|0000|1010|0101|1001|1111|0001|
rawE              ::     678385     678385 0x000a59f1 |0000|0000|0000|1010|0101|1001|1111|0001|
rawE (sign change)::     678385     678385 0x000a59f1 |0000|0000|0000|1010|0101|1001|1111|0001|
Event.ehi=           21199 0x000052cf
Event.ehi=2119 (gain changed)
Event.LEDts =        2204978890867
Event.CFDts =      267245532872716

---------
new GTheader at pos=264 or 132 words (140):
Event.hdr[ 0]=0x1f31,   7985
Event.hdr[ 1]=0x300a,  12298
Event.hdr[ 2]=0xc873,  51315
Event.hdr[ 3]=0x62fb,  25339
Event.hdr[ 4]=0x0201,    513
Event.hdr[ 5]=0x312b,  12587
Event.hdr[ 6]=0x4e08,  19976
Event.hdr[ 7]=0x0000,      0
Event.hdr[ 8]=0x78a1,  30881
Event.hdr[ 9]=0x2e59,  11865
Event.hdr[10]=0x2e08,  11784
Event.hdr[11]=0x140a,   5130
Event.hdr[12]=0xdb44,  56132
Event.hdr[13]=0x07ff,   2047
Event.len=  44, Event.traceLen=  12 (in Bytes)
Event.len=  22, Event.traceLen=   6 (in 16 bit words)
Event.len=  11, Event.traceLen=   3 (in 32 bit words)
next start: 0xaaaaaaaa, pos= 308
0x1f31 module_id = 31 crystal_id = 0 digitizer_id = 3 chan_id = 1 ge_id = 124 channel = 31  -> is segment
ncrystal=1
wrote trace to CCpulse_009_01_01.xy
two's comp tempE  ::     536875     536875 0x0008312b |0000|0000|0000|1000|0011|0001|0010|1011|
rawE              ::     536875     536875 0x0008312b |0000|0000|0000|1000|0011|0001|0010|1011|
rawE (sign change)::     536875     536875 0x0008312b |0000|0000|0000|1000|0011|0001|0010|1011|
Event.ehi=           16777 0x00004189
Event.ehi=1677 (gain changed)
Event.LEDts =        2204978890867
Event.CFDts =      270681559400460

---------
new GTheader at pos=308 or 154 words (162):
Event.hdr[ 0]=0x1f32,   7986
Event.hdr[ 1]=0x300a,  12298
Event.hdr[ 2]=0xc873,  51315
Event.hdr[ 3]=0x62fb,  25339
Event.hdr[ 4]=0x0201,    513
Event.hdr[ 5]=0x0d9f,   3487
Event.hdr[ 6]=0x0e00,   3584
Event.hdr[ 7]=0x0000,      0
Event.hdr[ 8]=0x78a1,  30881
Event.hdr[ 9]=0xf72e,  63278
Event.hdr[10]=0x77ff,  30719
Event.hdr[11]=0xffd7,  65495
Event.hdr[12]=0xc943,  51523
Event.hdr[13]=0x000d,     13
Event.len=  44, Event.traceLen=  12 (in Bytes)
Event.len=  22, Event.traceLen=   6 (in 16 bit words)
Event.len=  11, Event.traceLen=   3 (in 32 bit words)
next start: 0xaaaaaaaa, pos= 352
0x1f32 module_id = 31 crystal_id = 0 digitizer_id = 3 chan_id = 2 ge_id = 124 channel = 32  -> is segment
ncrystal=1
wrote trace to CCpulse_009_01_01.xy
two's comp tempE  ::       3487       3487 0x00000d9f |0000|0000|0000|0000|0000|1101|1001|1111|
rawE              ::       3487       3487 0x00000d9f |0000|0000|0000|0000|0000|1101|1001|1111|
rawE (sign change)::       3487       3487 0x00000d9f |0000|0000|0000|0000|0000|1101|1001|1111|
Event.ehi=             108 0x0000006c
Event.ehi=10 (gain changed)
Event.LEDts =        2204978890867
Event.CFDts =      281457796251660

---------
new GTheader at pos=352 or 176 words (184):
Event.hdr[ 0]=0x1f33,   7987
Event.hdr[ 1]=0x300a,  12298
Event.hdr[ 2]=0xc873,  51315
Event.hdr[ 3]=0x62fb,  25339
Event.hdr[ 4]=0x0201,    513
Event.hdr[ 5]=0x2cac,  11436
Event.hdr[ 6]=0x4e0c,  19980
Event.hdr[ 7]=0x0000,      0
Event.hdr[ 8]=0x78a1,  30881
Event.hdr[ 9]=0x2c64,  11364
Event.hdr[10]=0x0a0c,   2572
Event.hdr[11]=0x18c8,   6344
Event.hdr[12]=0xe76c,  59244
Event.hdr[13]=0x07ff,   2047
Event.len=  44, Event.traceLen=  12 (in Bytes)
Event.len=  22, Event.traceLen=   6 (in 16 bit words)
Event.len=  11, Event.traceLen=   3 (in 32 bit words)
next start: 0xaaaaaaaa, pos= 396
0x1f33 module_id = 31 crystal_id = 0 digitizer_id = 3 chan_id = 3 ge_id = 124 channel = 33  -> is segment
ncrystal=1
wrote trace to CCpulse_009_01_01.xy
two's comp tempE  ::     797868     797868 0x000c2cac |0000|0000|0000|1100|0010|1100|1010|1100|
rawE              ::     797868     797868 0x000c2cac |0000|0000|0000|1100|0010|1100|1010|1100|
rawE (sign change)::     797868     797868 0x000c2cac |0000|0000|0000|1100|0010|1100|1010|1100|
Event.ehi=           24933 0x00006165
Event.ehi=2493 (gain changed)
Event.LEDts =        2204978890867
Event.CFDts =      264801659125772

---------
new GTheader at pos=396 or 198 words (206):
Event.hdr[ 0]=0x1f34,   7988
Event.hdr[ 1]=0x300a,  12298
Event.hdr[ 2]=0xc873,  51315
Event.hdr[ 3]=0x62fb,  25339
Event.hdr[ 4]=0x0201,    513
Event.hdr[ 5]=0x0033,     51
Event.hdr[ 6]=0x0e00,   3584
Event.hdr[ 7]=0x0000,      0
Event.hdr[ 8]=0x78a1,  30881
Event.hdr[ 9]=0x000b,     11
Event.hdr[10]=0x3000,  12288
Event.hdr[11]=0x0000,      0
Event.hdr[12]=0xfe80,  65152
Event.hdr[13]=0x07ff,   2047
Event.len=  44, Event.traceLen=  12 (in Bytes)
Event.len=  22, Event.traceLen=   6 (in 16 bit words)
Event.len=  11, Event.traceLen=   3 (in 32 bit words)
0x1f34 module_id = 31 crystal_id = 0 digitizer_id = 3 chan_id = 4 ge_id = 124 channel = 34  -> is segment
ncrystal=1
wrote trace to CCpulse_009_01_01.xy
two's comp tempE  ::         51         51 0x00000033 |0000|0000|0000|0000|0000|0000|0011|0011|
rawE              ::         51         51 0x00000033 |0000|0000|0000|0000|0000|0000|0011|0011|
rawE (sign change)::         51         51 0x00000033 |0000|0000|0000|0000|0000|0000|0011|0011|
Event.ehi=               1 0x00000001
Event.ehi=0 (gain changed)
Event.LEDts =        2204978890867
Event.CFDts =         266292035596
exit bin_mode3
*end of event # 9
+++++++++++++++++++++++++++++++
ev#     9 GEB_TYPE_DECOMP        464Bytes TS=2204978891009 curTS=2204978890961 dTS= 48
ev#     9 GEB_TYPE_DECOMP        464Bytes TS=2204978932567 curTS=2204978890961 dTS= 41606
GEBGetEv returned st=0
we have read 6696 bytes; CurEvNo=10

+++++++++++++++++++++++++++++++
*start event # 10 with multiplicity 2 looks like this:
 0>  1, GEB_TYPE_DECOMP      , TS=2204978890961
 1>  1, GEB_TYPE_DECOMP      , TS=2204978891009
entered bin_mode2: 10/10
ptinp->pad= 6, (ptinp->pad&0x000000ff)= 6
ptinp->pad= 6, (ptinp->pad&0x000000ff)= 6
updated CCadd with    0.00
total number of hits in array: 0
exit bin_mode2
entered bin_mode3 @ event number: 10 
exit bin_mode3
*end of event # 10
+++++++++++++++++++++++++++++++
ev#    10 GEB_TYPE_GT_MOD29      440Bytes TS=2204978932607 curTS=2204978932567 dTS= 40
ev#    10 GEB_TYPE_DECOMP        464Bytes TS=2204978932819 curTS=2204978932567 dTS= 252
ev# 50000 GEB_TYPE_DECOMP        464Bytes TS=2205425809491 curTS=2205425809311 dTS= 180
ev# 100000 GEB_TYPE_DECOMP        464Bytes TS=2205880482013 curTS=2205880481929 dTS= 84
ev# 100000 GEB_TYPE_DECOMP        464Bytes TS=2205880482307 curTS=2205880481929 dTS= 378
ev# 150000 GEB_TYPE_DECOMP        464Bytes TS=2206323339979 curTS=2206323339977 dTS= 2
ev# 150000 GEB_TYPE_DECOMP        464Bytes TS=2206323342589 curTS=2206323339977 dTS= 2612
ev# 200000 GEB_TYPE_DECOMP        464Bytes TS=2206771702413 curTS=2206771702409 dTS= 4
ev# 200000 GEB_TYPE_GT_MOD29      440Bytes TS=2206771702495 curTS=2206771702409 dTS= 86
ev# 200000 GEB_TYPE_DECOMP        464Bytes TS=2206771723549 curTS=2206771702409 dTS= 21140
ev# 250000 GEB_TYPE_DECOMP        464Bytes TS=2207218237017 curTS=2207218226837 dTS= 10180
ev# 300000 GEB_TYPE_DECOMP        464Bytes TS=2207663309031 curTS=2207663300443 dTS= 8588
ev# 350000 GEB_TYPE_DECOMP        464Bytes TS=2208105808349 curTS=2208105808295 dTS= 54
ev# 350000 GEB_TYPE_DECOMP        464Bytes TS=2208105815895 curTS=2208105808295 dTS= 7600
ev# 400000 GEB_TYPE_GT_MOD29      440Bytes TS=2208558702761 curTS=2208558702645 dTS= 116
ev# 400000 GEB_TYPE_DECOMP        464Bytes TS=2208558748107 curTS=2208558702645 dTS= 45462
ev# 450000 GEB_TYPE_DECOMP        464Bytes TS=2208998814515 curTS=2208998814513 dTS= 2
ev# 450000 GEB_TYPE_DECOMP        464Bytes TS=2208998814515 curTS=2208998814513 dTS= 2
ev# 450000 GEB_TYPE_DECOMP        464Bytes TS=2208998814515 curTS=2208998814513 dTS= 2
ev# 450000 GEB_TYPE_DECOMP        464Bytes TS=2208998814515 curTS=2208998814513 dTS= 2
ev# 450000 GEB_TYPE_DECOMP        464Bytes TS=2208998814531 curTS=2208998814513 dTS= 18
ev# 450000 GEB_TYPE_DECOMP        464Bytes TS=2208998814537 curTS=2208998814513 dTS= 24
ev# 450000 GEB_TYPE_GT_MOD29      440Bytes TS=2208998814713 curTS=2208998814513 dTS= 200
ev# 500000 GEB_TYPE_GT_MOD29      440Bytes TS=2209443354175 curTS=2209443325693 dTS= 28482
ev# 550000 GEB_TYPE_GT_MOD29      440Bytes TS=2209892665873 curTS=2209892665853 dTS= 20
ev# 550000 GEB_TYPE_DECOMP        464Bytes TS=2209892666019 curTS=2209892665853 dTS= 166
ev# 600000 GEB_TYPE_DECOMP        464Bytes TS=2210341671075 curTS=2210341670983 dTS= 92
ev# 600000 GEB_TYPE_DECOMP        464Bytes TS=2210341671307 curTS=2210341670983 dTS= 324
ev# 650000 GEB_TYPE_DECOMP        464Bytes TS=2210790394187 curTS=2210790393247 dTS= 940
ev# 700000 GEB_TYPE_GT_MOD29      440Bytes TS=2211237335067 curTS=2211237328601 dTS= 6466
ev# 750000 GEB_TYPE_DECOMP        464Bytes TS=2211674183263 curTS=2211674183235 dTS= 28
ev# 750000 GEB_TYPE_DECOMP        464Bytes TS=2211674183331 curTS=2211674183235 dTS= 96
ev# 750000 GEB_TYPE_GT_MOD29      440Bytes TS=2211674191705 curTS=2211674183235 dTS= 8470
ev# 800000 GEB_TYPE_DECOMP        464Bytes TS=2212114036149 curTS=2212114036149 dTS= 0
ev# 800000 GEB_TYPE_DECOMP        464Bytes TS=2212114047019 curTS=2212114036149 dTS= 10870
ev# 850000 GEB_TYPE_DECOMP        464Bytes TS=2212561659075 curTS=2212561650783 dTS= 8292
ev# 900000 GEB_TYPE_DECOMP        464Bytes TS=2213004324243 curTS=2213004324241 dTS= 2
ev# 900000 GEB_TYPE_DECOMP        464Bytes TS=2213004324255 curTS=2213004324241 dTS= 14
ev# 900000 GEB_TYPE_DECOMP        464Bytes TS=2213004324449 curTS=2213004324241 dTS= 208
ev# 950000 GEB_TYPE_DECOMP        464Bytes TS=2213446964571 curTS=2213446943993 dTS= 20578

Sorting is done
attempting to save root or map file



mean observed polar and azimuth angles
for the detectors we saw (module,crystal)

------------------------------------------
mean pol/azi angle for detector  56 are   96.69/ 119.47
mean pol/azi angle for detector  57 are  100.45/ 138.32
mean pol/azi angle for detector  58 are   83.34/ 132.67
mean pol/azi angle for detector  59 are   79.61/ 114.02
mean pol/azi angle for detector  60 are   87.30/ 152.66
mean pol/azi angle for detector  61 are  105.24/ 157.66
mean pol/azi angle for detector  62 are   93.10/ 168.38
mean pol/azi angle for detector  63 are   73.89/ 165.98
mean pol/azi angle for detector  68 are   87.13/-134.92
mean pol/azi angle for detector  69 are  105.26/-130.03
mean pol/azi angle for detector  70 are   92.93/-116.89
mean pol/azi angle for detector  71 are   74.22/-121.86
mean pol/azi angle for detector  76 are   87.44/ -63.21
mean pol/azi angle for detector  77 are  105.24/ -58.10
mean pol/azi angle for detector  78 are   93.03/ -45.05
mean pol/azi angle for detector  79 are   74.24/ -49.82
mean pol/azi angle for detector  84 are  112.29/  33.64
mean pol/azi angle for detector  85 are  125.19/  17.38
mean pol/azi angle for detector  86 are  130.62/  39.23
mean pol/azi angle for detector  87 are  115.86/  52.91
mean pol/azi angle for detector  88 are  112.42/ 105.52
mean pol/azi angle for detector  89 are  124.94/  89.34
mean pol/azi angle for detector  90 are  130.77/ 111.13
mean pol/azi angle for detector  91 are  115.77/ 124.99
mean pol/azi angle for detector  96 are  112.59/-110.68
mean pol/azi angle for detector  97 are  124.79/-126.62
mean pol/azi angle for detector  98 are  130.89/-104.88
mean pol/azi angle for detector  99 are  115.85/ -91.01
mean pol/azi angle for detector 100 are  112.40/ -38.59
mean pol/azi angle for detector 101 are  124.74/ -55.00
mean pol/azi angle for detector 102 are  130.65/ -33.02
mean pol/azi angle for detector 103 are  115.78/ -19.10
mean pol/azi angle for detector 104 are  144.46/  88.27
mean pol/azi angle for detector 105 are  132.67/  65.85
mean pol/azi angle for detector 106 are  148.89/  53.93
mean pol/azi angle for detector 107 are  162.34/  88.35
mean pol/azi angle for detector 108 are  144.77/ 160.14
mean pol/azi angle for detector 109 are  132.74/ 138.06
mean pol/azi angle for detector 110 are  149.56/ 125.50
mean pol/azi angle for detector 111 are  162.30/ 110.23
mean pol/azi angle for detector 116 are  144.37/ -55.89
mean pol/azi angle for detector 117 are  132.57/ -78.26
mean pol/azi angle for detector 118 are  148.97/ -90.22
mean pol/azi angle for detector 119 are  162.41/ -56.23
we found 44 crystals
------------------------------------------

minimum pol angle between crystals is  18.65
compactness =  64.39%, 85 of 264
module hit statistics
module  14, crystal 0 was hit      91101 times
module  14, crystal 1 was hit      97254 times
module  14, crystal 2 was hit      96984 times
module  14, crystal 3 was hit      86295 times
module  15, crystal 0 was hit      99303 times
module  15, crystal 1 was hit      90072 times
module  15, crystal 2 was hit      84595 times
module  15, crystal 3 was hit      87636 times
module  17, crystal 0 was hit      74249 times
module  17, crystal 1 was hit      71463 times
module  17, crystal 2 was hit      71932 times
module  17, crystal 3 was hit      74270 times
module  19, crystal 0 was hit      69218 times
module  19, crystal 1 was hit      71819 times
module  19, crystal 2 was hit      83334 times
module  19, crystal 3 was hit      81366 times
module  21, crystal 0 was hit      83962 times
module  21, crystal 1 was hit      72944 times
module  21, crystal 2 was hit      86520 times
module  21, crystal 3 was hit      83342 times
module  22, crystal 0 was hit      90497 times
module  22, crystal 1 was hit      84048 times
module  22, crystal 2 was hit      94395 times
module  22, crystal 3 was hit      87528 times
module  24, crystal 0 was hit      76662 times
module  24, crystal 1 was hit      73712 times
module  24, crystal 2 was hit      77159 times
module  24, crystal 3 was hit      71404 times
module  25, crystal 0 was hit      73282 times
module  25, crystal 1 was hit      75496 times
module  25, crystal 2 was hit      72659 times
module  25, crystal 3 was hit      71555 times
module  26, crystal 0 was hit      82818 times
module  26, crystal 1 was hit      82883 times
module  26, crystal 2 was hit      81067 times
module  26, crystal 3 was hit      76325 times
module  27, crystal 0 was hit      86697 times
module  27, crystal 1 was hit      84114 times
module  27, crystal 2 was hit      86892 times
module  27, crystal 3 was hit      79544 times
module  29, crystal 0 was hit      71414 times
module  29, crystal 1 was hit      71441 times
module  29, crystal 2 was hit      77716 times
module  29, crystal 3 was hit      70356 times

bin_mode2: pad distribution
__id   0,      1541496, 93.02%
__id   2,          194,  0.01%
__id   3,          481,  0.03%
__id   4,          505,  0.03%
__id   5,         3116,  0.19%
__id   6,        11202,  0.68%
__id 128,        99958,  6.03%
__id 133,          185,  0.01%

bin_mode2 calculated mean CCsum energy to be  757.822 keV
bin_mode2 calculated mean CCadd energy to be 1184.178 keV
attempting to close root file...
Pars.f1->Write();
Pars.f1->Print();
TFile: name=/lcrc/project/HELIOS/gretinafma/root_data/run246.root, title=, option=CREATE
TH1.Print Name  = dtbtev, Entries= 2073878, Total sum= 2.07388e+06
TH1.Print Name  = T0, Entries= 0, Total sum= 0
TH1.Print Name  = hitpat, Entries= 1541496, Total sum= 1.5415e+06
TH1.Print Name  = numHitArray2, Entries= 1000000, Total sum= 754391
TH1.Print Name  = CCmult, Entries= 1000000, Total sum= 1e+06
TH1.Print Name  = CCsum, Entries= 3557217, Total sum= 1.54147e+06
TH1.Print Name  = hit2, Entries= 170270, Total sum= 170065
TH1.Print Name  = hit3, Entries= 93658, Total sum= 93056
TH1.Print Name  = hit4, Entries= 52373, Total sum= 51106
TH1.Print Name  = CCsum_nodop, Entries= 3557217, Total sum= 1.54147e+06
TH1.Print Name  = CCadd, Entries= 1000000, Total sum= 744783
TH1.Print Name  = SEGadd_FPGA, Entries= 200000000, Total sum= 1.54078e+06
TH1.Print Name  = SEGadd_PSA, Entries= 200000000, Total sum= 1.533e+06
TH1.Print Name  = SEGsum_FPGA, Entries= 2391113, Total sum= 2.39065e+06
TH1.Print Name  = SEGsum_PSA, Entries= 3557323, Total sum= 3.5281e+06
TH1.Print Name  = radius_all, Entries= 3557321, Total sum= 3.55732e+06
TH1.Print Name  = rate_mode2_min, Entries= 1541495, Total sum= 25691.6
TH1.Print Name  = rate_mode2_sec, Entries= 1541495, Total sum= 1.5415e+06
TH1.Print Name  = rate_mode2_intp, Entries= 1541495, Total sum= 59288.7
TH1.Print Name  = cdtbtev, Entries= 507088, Total sum= 507088
TH1.Print Name  = evsr_all, Entries= 3557321, Total sum= 3.47315e+06
TH1.Print Name  = SMAP_allhits, Entries= 3557323, Total sum= 3.55732e+06
TH1.Print Name  = SMAP_allhits_sq, Entries= 3557323, Total sum= 3.55732e+06
TH1.Print Name  = seghitpat, Entries= 3557323, Total sum= 3.55732e+06
TH1.Print Name  = CCe, Entries= 3557217, Total sum= 1.54147e+06
TH1.Print Name  = ggCC, Entries= 3234390, Total sum= 2.82947e+06
TH1.Print Name  = z_plot, Entries= 3557323, Total sum= 3.55392e+06
TH1.Print Name  = crystal_hit, Entries= 0, Total sum= 0
TH1.Print Name  = SegE, Entries= 3556606, Total sum= 3.55661e+06
TH1.Print Name  = crXcr, Entries= 1617195, Total sum= 1.6172e+06
******************************************************************************
*Tree    :tree      : tree                                                   *
*Entries :  1000000 : Total =       155027039 bytes  File  Size =   36914489 *
*        :          : Tree compression factor =   4.20                       *
******************************************************************************
*Br    0 :runNumber : runNumber/I                                            *
*Entries :  1000000 : Total  Size=    4010425 bytes  File Size  =      30726 *
*Baskets :      101 : Basket Size=    1324544 bytes  Compression= 130.43     *
*............................................................................*
*Br    1 :numHits   : numHits/I                                              *
*Entries :  1000000 : Total  Size=    4010215 bytes  File Size  =      30523 *
*Baskets :      101 : Basket Size=    1324544 bytes  Compression= 131.29     *
*............................................................................*
*Br    2 :left      : left[numHits]/F                                        *
*Entries :  1000000 : Total  Size=    8031304 bytes  File Size  =    2833651 *
*Baskets :      300 : Basket Size=    9016320 bytes  Compression=   2.83     *
*............................................................................*
*Br    3 :right     : right[numHits]/F                                       *
*Entries :  1000000 : Total  Size=    8031608 bytes  File Size  =    2808990 *
*Baskets :      300 : Basket Size=    9016320 bytes  Compression=   2.86     *
*............................................................................*
*Br    4 :up        : up[numHits]/F                                          *
*Entries :  1000000 : Total  Size=    8030696 bytes  File Size  =    2792155 *
*Baskets :      300 : Basket Size=    9016320 bytes  Compression=   2.87     *
*............................................................................*
*Br    5 :down      : down[numHits]/F                                        *
*Entries :  1000000 : Total  Size=    8031304 bytes  File Size  =    2813286 *
*Baskets :      300 : Basket Size=    9016320 bytes  Compression=   2.85     *
*............................................................................*
*Br    6 :e1        : e1[numHits]/F                                          *
*Entries :  1000000 : Total  Size=    8030696 bytes  File Size  =    2717407 *
*Baskets :      300 : Basket Size=    9016320 bytes  Compression=   2.95     *
*............................................................................*
*Br    7 :e2        : e2[numHits]/F                                          *
*Entries :  1000000 : Total  Size=    8030696 bytes  File Size  =    2688191 *
*Baskets :      300 : Basket Size=    9016320 bytes  Compression=   2.98     *
*............................................................................*
*Br    8 :e3        : e3[numHits]/F                                          *
*Entries :  1000000 : Total  Size=    8030696 bytes  File Size  =    2623607 *
*Baskets :      300 : Basket Size=    9016320 bytes  Compression=   3.06     *
*............................................................................*
*Br    9 :tac       : tac[numHits]/F                                         *
*Entries :  1000000 : Total  Size=    8031000 bytes  File Size  =    2400643 *
*Baskets :      300 : Basket Size=    9016320 bytes  Compression=   3.34     *
*............................................................................*
*Br   10 :fmaDeltaTime : fmaDeltaTime[numHits]/F                             *
*Entries :  1000000 : Total  Size=    8033847 bytes  File Size  =    2041301 *
*Baskets :      301 : Basket Size=    9017344 bytes  Compression=   3.93     *
*............................................................................*
*Br   11 :fmaMult   : fmaMult[10]/I                                          *
*Entries :  1000000 : Total  Size=   40098129 bytes  File Size  =    1033904 *
*Baskets :      998 : Basket Size=   25600000 bytes  Compression=  38.76     *
*............................................................................*
*Br   12 :gammaMult : gammaMult/I                                            *
*Entries :  1000000 : Total  Size=    4010425 bytes  File Size  =     713850 *
*Baskets :      101 : Basket Size=    1324544 bytes  Compression=   5.61     *
*............................................................................*
*Br   13 :gammaEnergy : gammaEnergy[gammaMult]/F                             *
*Entries :  1000000 : Total  Size=   10205364 bytes  File Size  =    7260631 *
*Baskets :      354 : Basket Size=    9735168 bytes  Compression=   1.40     *
*............................................................................*
*Br   14 :gammaTimestamp : gammaTimestamp[gammaMult]/F                       *
*Entries :  1000000 : Total  Size=   10206551 bytes  File Size  =    1613938 *
*Baskets :      355 : Basket Size=    9735168 bytes  Compression=   6.32     *
*............................................................................*
*Br   15 :deltaTime : deltaTime[gammaMult]/F                                 *
*Entries :  1000000 : Total  Size=   10204648 bytes  File Size  =    2468732 *
*Baskets :      354 : Basket Size=    9734656 bytes  Compression=   4.13     *
*............................................................................*
TH1.Print Name  = eCC_a, Entries= 0, Total sum= 0
TH1.Print Name  = eCC_b, Entries= 0, Total sum= 0
TH1.Print Name  = eCC_c, Entries= 0, Total sum= 0
TH1.Print Name  = eCC_d, Entries= 119172, Total sum= 0
TH1.Print Name  = eSeg, Entries= 0, Total sum= 0
TH1.Print Name  = mode3_hitpat, Entries= 4142300, Total sum= 0
TH1.Print Name  = mode3_hitpat_chan, Entries= 4142300, Total sum= 4.1423e+06
TH1.Print Name  = chan0, Entries= 0, Total sum= 0
TH1.Print Name  = module, Entries= 4142300, Total sum= 4.1423e+06
TH1.Print Name  = chan, Entries= 4142300, Total sum= 4.14013e+06
TH1.Print Name  = l, Entries= 414230, Total sum= 414185
TH1.Print Name  = r, Entries= 414230, Total sum= 414226
TH1.Print Name  = up, Entries= 414230, Total sum= 414229
TH1.Print Name  = down, Entries= 414230, Total sum= 414229
TH1.Print Name  = sumlr, Entries= 403160, Total sum= 403160
TH1.Print Name  = sumud, Entries= 385653, Total sum= 385653
TH1.Print Name  = x, Entries= 403160, Total sum= 403160
TH1.Print Name  = y, Entries= 385653, Total sum= 385653
TH1.Print Name  = de1, Entries= 414230, Total sum= 414199
TH1.Print Name  = de2, Entries= 414230, Total sum= 414230
TH1.Print Name  = de3, Entries= 414230, Total sum= 413643
TH1.Print Name  = de12, Entries= 361549, Total sum= 361549
TH1.Print Name  = etot, Entries= 361549, Total sum= 361549
TH1.Print Name  = rftof, Entries= 414230, Total sum= 412944
TH1.Print Name  = lr, Entries= 1000000, Total sum= 999953
TH1.Print Name  = ud, Entries= 1000000, Total sum= 999999
TH1.Print Name  = ede1, Entries= 361549, Total sum= 361549
TH1.Print Name  = ede1g, Entries= 70173, Total sum= 70153
TH1.Print Name  = ede2, Entries= 361549, Total sum= 361549
TH1.Print Name  = ede12, Entries= 361549, Total sum= 361549
TH1.Print Name  = xde1, Entries= 361549, Total sum= 361549
TH1.Print Name  = erftof, Entries= 1000000, Total sum= 998714
TH1.Print Name  = erftofg, Entries= 27860, Total sum= 27795
TH1.Print Name  = sumehi, Entries= 1541496, Total sum= 1.54149e+06
TH1.Print Name  = tgppac, Entries= 1541496, Total sum= 392024
TH1.Print Name  = tgppacg, Entries= 70173, Total sum= 70173
TH1.Print Name  = xehi1, Entries= 1541496, Total sum= 1.54149e+06
TH1.Print Name  = xehi1g, Entries= 70173, Total sum= 70173
TH1.Print Name  = de1ehi, Entries= 1541496, Total sum= 1.54145e+06
TH1.Print Name  = de1ehig, Entries= 70173, Total sum= 70153
TH1.Print Name  = ng, Entries= 1000000, Total sum= 1e+06
TH1.Print Name  = ehiz1, Entries= 0, Total sum= 0
TH1.Print Name  = ehiz2, Entries= 0, Total sum= 0
TH1.Print Name  = ehiz3, Entries= 0, Total sum= 0
TH1.Print Name  = ehiz4, Entries= 0, Total sum= 0
TH1.Print Name  = ehiz5, Entries= 0, Total sum= 0
TH1.Print Name  = gg_dt, Entries= 82280, Total sum= 82280
TH1.Print Name  = gg, Entries= 164560, Total sum= 162268
TH1.Print Name  = gg_z1, Entries= 0, Total sum= 0
TH1.Print Name  = gg_z2, Entries= 0, Total sum= 0
TH1.Print Name  = gg_z3, Entries= 0, Total sum= 0
TH1.Print Name  = gg_z4, Entries= 0, Total sum= 0
TH1.Print Name  = gg_z5, Entries= 0, Total sum= 0
Pars.f1->Close();
done saving rootfile "/lcrc/project/HELIOS/gretinafma/root_data/run246.root


read 1000000 events; Pars.beta=0.0330; time since last update 1 minutes
CommandFileName="GEBSort.command"

sorted timestamp range 2204978675985-->2213890870173: 8912194188
that is 89.1 seconds or 0h1m29s
^^^^^ any timestamp jumps will upset this accounting

hit statistics per type
 1 GEB_TYPE_DECOMP          1657137 ;  18594.04 Hz 
 8 GEB_TYPE_GT_MOD29         416741 ;   4676.08 Hz 
read a total of              2073878 ; header/payloads


nn1=0
nn2=2073879
nn3=2073879

nok_validate= 1000000, ntot_validate=1000000; validate fraction 100.00%

bytes read=984355296, 938.754364 MB

boniva sancta! ...GEBSort (unexpectedly) did not crash!

 ** GEBSort is done at 
