started GEBSort at we have 9 arguments
1... -input
will take input from disk
file size is 15881069008 bytes or 15508 MBytes

4... -rootfile
rootfile name specified on command line
__will store spectra in rootfile: /lcrc/project/HELIOS/gretinafma/root_data/run117.root
will recreate root file
7... -chat
core file size          (blocks, -c) unlimited
data seg size           (kbytes, -d) unlimited
scheduling priority             (-e) 0
file size               (blocks, -f) unlimited
pending signals                 (-i) 510315
max locked memory       (kbytes, -l) unlimited
max memory size         (kbytes, -m) 128769024
open files                      (-n) 51200
pipe size            (512 bytes, -p) 8
POSIX message queues     (bytes, -q) 819200
real-time priority              (-r) 0
stack size              (kbytes, -s) unlimited
cpu time               (seconds, -t) unlimited
max user processes              (-u) 4096
virtual memory          (kbytes, -v) unlimited
file locks                      (-x) unlimited
will read sorting instructions from chatfile: GEBSort.chat

executing UserDeclare.h code


GEBsort running on: 

initializing

crmat.LINUX is open (input) binary format
read 7936 bytes into Pars.crmat
chat file: <GEBSort.chat> open

will sort a max of 1410065408 events
will sort a max of 1000000 events
will sort 86400 minutes of data
will print details of the first 10 events
will use Pars.Beta (v/c) correction of 0.033000
will sort using a time window of 150
Pars.do_bin_mode2=1
Pars.do_bin_mode3=1
will accept second interaction range between 10.000000 and 500.000000 mm
"1-200"
detector   1 is ENABLED
detector   2 is ENABLED
detector   3 is ENABLED
detector   4 is ENABLED
detector   5 is ENABLED
detector   6 is ENABLED
detector   7 is ENABLED
detector   8 is ENABLED
detector   9 is ENABLED
detector  10 is ENABLED
detector  11 is ENABLED
detector  12 is ENABLED
detector  13 is ENABLED
detector  14 is ENABLED
detector  15 is ENABLED
detector  16 is ENABLED
detector  17 is ENABLED
detector  18 is ENABLED
detector  19 is ENABLED
detector  20 is ENABLED
detector  21 is ENABLED
detector  22 is ENABLED
detector  23 is ENABLED
detector  24 is ENABLED
detector  25 is ENABLED
detector  26 is ENABLED
detector  27 is ENABLED
detector  28 is ENABLED
detector  29 is ENABLED
detector  30 is ENABLED
detector  31 is ENABLED
detector  32 is ENABLED
detector  33 is ENABLED
detector  34 is ENABLED
detector  35 is ENABLED
detector  36 is ENABLED
detector  37 is ENABLED
detector  38 is ENABLED
detector  39 is ENABLED
detector  40 is ENABLED
detector  41 is ENABLED
detector  42 is ENABLED
detector  43 is ENABLED
detector  44 is ENABLED
detector  45 is ENABLED
detector  46 is ENABLED
detector  47 is ENABLED
detector  48 is ENABLED
detector  49 is ENABLED
detector  50 is ENABLED
detector  51 is ENABLED
detector  52 is ENABLED
detector  53 is ENABLED
detector  54 is ENABLED
detector  55 is ENABLED
detector  56 is ENABLED
detector  57 is ENABLED
detector  58 is ENABLED
detector  59 is ENABLED
detector  60 is ENABLED
detector  61 is ENABLED
detector  62 is ENABLED
detector  63 is ENABLED
detector  64 is ENABLED
detector  65 is ENABLED
detector  66 is ENABLED
detector  67 is ENABLED
detector  68 is ENABLED
detector  69 is ENABLED
detector  70 is ENABLED
detector  71 is ENABLED
detector  72 is ENABLED
detector  73 is ENABLED
detector  74 is ENABLED
detector  75 is ENABLED
detector  76 is ENABLED
detector  77 is ENABLED
detector  78 is ENABLED
detector  79 is ENABLED
detector  80 is ENABLED
detector  81 is ENABLED
detector  82 is ENABLED
detector  83 is ENABLED
detector  84 is ENABLED
detector  85 is ENABLED
detector  86 is ENABLED
detector  87 is ENABLED
detector  88 is ENABLED
detector  89 is ENABLED
detector  90 is ENABLED
detector  91 is ENABLED
detector  92 is ENABLED
detector  93 is ENABLED
detector  94 is ENABLED
detector  95 is ENABLED
detector  96 is ENABLED
detector  97 is ENABLED
detector  98 is ENABLED
detector  99 is ENABLED
detector 100 is ENABLED
detector 101 is ENABLED
detector 102 is ENABLED
detector 103 is ENABLED
detector 104 is ENABLED
detector 105 is ENABLED
detector 106 is ENABLED
detector 107 is ENABLED
detector 108 is ENABLED
detector 109 is ENABLED
detector 110 is ENABLED
detector 111 is ENABLED
detector 112 is ENABLED
detector 113 is ENABLED
detector 114 is ENABLED
detector 115 is ENABLED
detector 116 is ENABLED
detector 117 is ENABLED
detector 118 is ENABLED
detector 119 is ENABLED
detector 120 is ENABLED
detector 121 is ENABLED
detector 122 is ENABLED
detector 123 is ENABLED
detector 124 is ENABLED
detector 125 is ENABLED
detector 126 is ENABLED
detector 127 is ENABLED
detector 128 is ENABLED
detector 129 is ENABLED
detector 130 is ENABLED
detector 131 is ENABLED
detector 132 is ENABLED
detector 133 is ENABLED
detector 134 is ENABLED
detector 135 is ENABLED
detector 136 is ENABLED
detector 137 is ENABLED
detector 138 is ENABLED
detector 139 is ENABLED
detector 140 is ENABLED
detector 141 is ENABLED
detector 142 is ENABLED
detector 143 is ENABLED
detector 144 is ENABLED
detector 145 is ENABLED
detector 146 is ENABLED
detector 147 is ENABLED
detector 148 is ENABLED
detector 149 is ENABLED
detector 150 is ENABLED
detector 151 is ENABLED
detector 152 is ENABLED
detector 153 is ENABLED
detector 154 is ENABLED
detector 155 is ENABLED
detector 156 is ENABLED
detector 157 is ENABLED
detector 158 is ENABLED
detector 159 is ENABLED
detector 160 is ENABLED
detector 161 is ENABLED
detector 162 is ENABLED
detector 163 is ENABLED
detector 164 is ENABLED
detector 165 is ENABLED
detector 166 is ENABLED
detector 167 is ENABLED
detector 168 is ENABLED
detector 169 is ENABLED
detector 170 is ENABLED
detector 171 is ENABLED
detector 172 is ENABLED
detector 173 is ENABLED
detector 174 is ENABLED
detector 175 is ENABLED
detector 176 is ENABLED
detector 177 is ENABLED
detector 178 is ENABLED
detector 179 is ENABLED
detector 180 is ENABLED
detector 181 is ENABLED
detector 182 is ENABLED
detector 183 is ENABLED
detector 184 is ENABLED
detector 185 is ENABLED
detector 186 is ENABLED
detector 187 is ENABLED
detector 188 is ENABLED
detector 189 is ENABLED
detector 190 is ENABLED
detector 191 is ENABLED
detector 192 is ENABLED
detector 193 is ENABLED
detector 194 is ENABLED
detector 195 is ENABLED
detector 196 is ENABLED
detector 197 is ENABLED
detector 198 is ENABLED
detector 199 is ENABLED
WARNING: could not open CCcal file "CCenergy.cal", quit
will use beam direction 0.000000 0.000000 1.000000
vector length= 1.000000, normalizing
will use beam direction 0.000000 0.000000 1.000000
Pars.ndetlimlo=1,Pars.ndetlimhi=8
will require mult bt: 1 20
fomlimits, 1, 0.00 ..to.. 0.80
fomlimits, 2, 0.00 ..to.. 0.80
fomlimits, 3, 0.00 ..to.. 0.80
fomlimits, 4, 0.00 ..to.. 0.80
fomlimits, 5, 0.00 ..to.. 0.80
fomlimits, 6, 0.00 ..to.. 0.80
fomlimits, 7, 0.00 ..to.. 0.80
will use M= 350.000000 in bin_dgs
will use PZ file "dgs_pz.cal" in bin_dgs
will use ecal file "dgs_ehi.cal" in bin_dgs
will skip rest of chat file

chat file: <GEBSort.chat> closed
processed 39 sort instructions and 198 lines


sorting this:
Pars.do_bin_mode3 = 1
Pars.do_bin_mode2 = 1
Pars.do_bin_mode1 = 0
Pars.do_bin_dgs = 0
Pars.do_bin_dfma = 0
Pars.do_bin_gtcal = 0
Pars.do_bin_template = 0
Pars.do_bin_final = 0
Pars.do_bin_angcor = 0
Pars.do_bin_angdis = 0
checking proper input of chat file...
input file "/lcrc/project/HELIOS/gretinafma/merged_data/GEBMerged_run117.gtd_000" is open, inData=0x25154a60
file size is -1298800176 bytes or -1268 MBs 
input source is set up, supposedly

xyz offset values:

executing ShareMemFileUserInit.h code

deleted \rm -f GEBSort.command
root file </lcrc/project/HELIOS/gretinafma/root_data/run117.root>
base=</lcrc/project/HELIOS/gretinafma/root_data/run117.root:/>
TFile: name=/lcrc/project/HELIOS/gretinafma/root_data/run117.root, title=, option=CREATE

executing UserInit.h code

Created Object "dtbtev", 0x261a9df0
Created Object "T0", 0x261aa200
, "T0"Created Object "hitpat", 0x261aa5f0
, "hitpat"Created Object "numHitArray2", 0x261ab040
, "numHitArray2"Created Object "CCmult", 0x261abb70
, "CC Multiplicity"Created Object "CCsum", 0x2647d990
, "CCsum"Created Object "hit2", 0x2648d7a0
, "hit2"Created Object "hit3", 0x2649d5b0
, "hit3"Created Object "hit4", 0x264ad3c0
, "hit4"Created Object "CCsum_nodop", 0x264bd1d0
, "CCsum_nodop"Created Object "CCadd", 0x264ccfe0
, "CCadd"Created Object "SEGadd_FPGA", 0x264dcdf0
Created Object "SEGadd_PSA", 0x264dd200
Created Object "SEGsum_FPGA", 0x264dd610
Created Object "SEGsum_PSA", 0x264dda20
Created Object "radius_all", 0x264dde30
, "radius (all points)"Created Object "rate_mode2_min", 0x264e6240
, "rate_mode2_min headers"Created Object "rate_mode2_sec", 0x264e9350
, "rate_mode2_sec headers"Created Object "rate_mode2_intp", 0x264ec460
, "rate_mode2 interaction points"Created Object "cdtbtev", 0x264ef570
Created Object "evsr_all", 0x265b5480
Created Object "SMAP_allhits", 0x265b59c0
Created Object "SMAP_allhits_sq", 0x266b5350
Created Object "seghitpat", 0x267b4ce0
Created Object "CCe", 0x267bd0e0
Created Object "ggCC", 0x267bd690
Created Object "z_plot", 0x267bdc40
Created Object "crystal_hit", 0x26871310
Created Object "SegE", 0x268718e0
Created Object "crXcr", 0x26871e20
MAXDETPOS=180
Created Object "eCC_a", 0x2695f980
Created Object "eCC_b", 0x2695fd90
Created Object "eCC_c", 0x26960200
Created Object "eCC_d", 0x269607b0
Created Object "eSeg", 0x26960cf0
Created Object "mode3_hitpat", 0x269612a0
, "mode3_hitpat"Created Object "mode3_hitpat_chan", 0x26961c10
, "mode3_hitpat_chan"Created Object "chan0", 0x26962340
, "chan0"Created Object "module", 0x26976170
, "module"Created Object "chan", 0x26989fa0
Created Object "l", 0x269ff8c0
, "l"Created Object "r", 0x26a136f0
, "r"Created Object "up", 0x26a274b0
, "up"Created Object "down", 0x26a3b270
, "down"Created Object "sumlr", 0x26a4f0a0
, "sumlr"Created Object "sumud", 0x26a62ed0
, "sumud"Created Object "x", 0x26a76d00
, "x"Created Object "y", 0x26a8ab30
, "y"Created Object "de1", 0x26a9e960
, "de1"Created Object "de2", 0x26ab2720
, "de2"Created Object "de3", 0x26ac64e0
, "de3"Created Object "de12", 0x26ada310
, "de12"Created Object "etot", 0x26aee140
, "etot"Created Object "rftof", 0x26b01f00
, "rftof"Created Object "lr", 0x26b15cc0
Created Object "ud", 0x26b16200
Created Object "ede1", 0x26b16740
Created Object "ede1g", 0x26b16c80
Created Object "ede2", 0x26b17230
Created Object "ede12", 0x26b177e0
Created Object "xde1", 0x26b17d90
Created Object "erftof", 0x26b182d0
Created Object "erftofg", 0x26b18810
Created Object "sumehi", 0x26b18dc0
, "sumehi"Created Object "tgppac", 0x26b2cb80
, "tgppac"Created Object "tgppacg", 0x26b54230
, "tgppacg"Created Object "xehi1", 0x26b7b8e0
Created Object "xehi1g", 0x26b7be20
Created Object "de1ehi", 0x26b7c3d0
Created Object "de1ehig", 0x26b7c910
Created Object "ng", 0x26b7ce50
, "ng"Created Object "ehiz1", 0x26b90c10
, "ehiz1"Created Object "ehiz2", 0x26ba49d0
, "ehiz2"Created Object "ehiz3", 0x26bb8800
, "ehiz3"Created Object "ehiz4", 0x26bcc630
, "ehiz4"Created Object "ehiz5", 0x26be0460
, "ehiz5"Created Object "gg_dt", 0x26bf4220
, "gg_dt"Created Object "gg", 0x26bf8650
Created Object "gg_z1", 0x26bf8c00
Created Object "gg_z2", 0x26bf91b0
Created Object "gg_z3", 0x26bf9760
Created Object "gg_z4", 0x26bf9d10
Created Object "gg_z5", 0x26bfa250
we have define the following ROOT spectra:
Collection name='THashList', class='THashList', size=84
 TH1.Print Name  = dtbtev, Entries= 0, Total sum= 0
 TH1.Print Name  = T0, Entries= 0, Total sum= 0
 TH1.Print Name  = hitpat, Entries= 0, Total sum= 0
 TH1.Print Name  = numHitArray2, Entries= 0, Total sum= 0
 TH1.Print Name  = CCmult, Entries= 0, Total sum= 0
 TH1.Print Name  = CCsum, Entries= 0, Total sum= 0
 TH1.Print Name  = hit2, Entries= 0, Total sum= 0
 TH1.Print Name  = hit3, Entries= 0, Total sum= 0
 TH1.Print Name  = hit4, Entries= 0, Total sum= 0
 TH1.Print Name  = CCsum_nodop, Entries= 0, Total sum= 0
 TH1.Print Name  = CCadd, Entries= 0, Total sum= 0
 TH1.Print Name  = SEGadd_FPGA, Entries= 0, Total sum= 0
 TH1.Print Name  = SEGadd_PSA, Entries= 0, Total sum= 0
 TH1.Print Name  = SEGsum_FPGA, Entries= 0, Total sum= 0
 TH1.Print Name  = SEGsum_PSA, Entries= 0, Total sum= 0
 TH1.Print Name  = radius_all, Entries= 0, Total sum= 0
 TH1.Print Name  = rate_mode2_min, Entries= 0, Total sum= 0
 TH1.Print Name  = rate_mode2_sec, Entries= 0, Total sum= 0
 TH1.Print Name  = rate_mode2_intp, Entries= 0, Total sum= 0
 TH1.Print Name  = cdtbtev, Entries= 0, Total sum= 0
 TH1.Print Name  = evsr_all, Entries= 0, Total sum= 0
 TH1.Print Name  = SMAP_allhits, Entries= 0, Total sum= 0
 TH1.Print Name  = SMAP_allhits_sq, Entries= 0, Total sum= 0
 TH1.Print Name  = seghitpat, Entries= 0, Total sum= 0
 TH1.Print Name  = CCe, Entries= 0, Total sum= 0
 TH1.Print Name  = ggCC, Entries= 0, Total sum= 0
 TH1.Print Name  = z_plot, Entries= 0, Total sum= 0
 TH1.Print Name  = crystal_hit, Entries= 0, Total sum= 0
 TH1.Print Name  = SegE, Entries= 0, Total sum= 0
 TH1.Print Name  = crXcr, Entries= 0, Total sum= 0
 ******************************************************************************
*Tree    :tree      : tree                                                   *
*Entries :        0 : Total =            8461 bytes  File  Size =          0 *
*        :          : Tree compression factor =   1.00                       *
******************************************************************************
*Br    0 :runNumber : runNumber/I                                            *
*Entries :        0 : Total  Size=        501 bytes  One basket in memory    *
*Baskets :        0 : Basket Size=      32000 bytes  Compression=   1.00     *
*............................................................................*
*Br    1 :numHits   : numHits/I                                              *
*Entries :        0 : Total  Size=        493 bytes  One basket in memory    *
*Baskets :        0 : Basket Size=      32000 bytes  Compression=   1.00     *
*............................................................................*
*Br    2 :left      : left[numHits]/F                                        *
*Entries :        0 : Total  Size=        580 bytes  One basket in memory    *
*Baskets :        0 : Basket Size=      32000 bytes  Compression=   1.00     *
*............................................................................*
*Br    3 :right     : right[numHits]/F                                       *
*Entries :        0 : Total  Size=        584 bytes  One basket in memory    *
*Baskets :        0 : Basket Size=      32000 bytes  Compression=   1.00     *
*............................................................................*
*Br    4 :up        : up[numHits]/F                                          *
*Entries :        0 : Total  Size=        572 bytes  One basket in memory    *
*Baskets :        0 : Basket Size=      32000 bytes  Compression=   1.00     *
*............................................................................*
*Br    5 :down      : down[numHits]/F                                        *
*Entries :        0 : Total  Size=        580 bytes  One basket in memory    *
*Baskets :        0 : Basket Size=      32000 bytes  Compression=   1.00     *
*............................................................................*
*Br    6 :e1        : e1[numHits]/F                                          *
*Entries :        0 : Total  Size=        572 bytes  One basket in memory    *
*Baskets :        0 : Basket Size=      32000 bytes  Compression=   1.00     *
*............................................................................*
*Br    7 :e2        : e2[numHits]/F                                          *
*Entries :        0 : Total  Size=        572 bytes  One basket in memory    *
*Baskets :        0 : Basket Size=      32000 bytes  Compression=   1.00     *
*............................................................................*
*Br    8 :e3        : e3[numHits]/F                                          *
*Entries :        0 : Total  Size=        572 bytes  One basket in memory    *
*Baskets :        0 : Basket Size=      32000 bytes  Compression=   1.00     *
*............................................................................*
*Br    9 :tac       : tac[numHits]/F                                         *
*Entries :        0 : Total  Size=        576 bytes  One basket in memory    *
*Baskets :        0 : Basket Size=      32000 bytes  Compression=   1.00     *
*............................................................................*
*Br   10 :fmaDeltaTime : fmaDeltaTime[numHits]/F                             *
*Entries :        0 : Total  Size=        612 bytes  One basket in memory    *
*Baskets :        0 : Basket Size=      32000 bytes  Compression=   1.00     *
*............................................................................*
*Br   11 :fmaMult   : fmaMult[10]/I                                          *
*Entries :        0 : Total  Size=        501 bytes  One basket in memory    *
*Baskets :        0 : Basket Size=      32000 bytes  Compression=   1.00     *
*............................................................................*
*Br   12 :gammaMult : gammaMult/I                                            *
*Entries :        0 : Total  Size=        501 bytes  One basket in memory    *
*Baskets :        0 : Basket Size=      32000 bytes  Compression=   1.00     *
*............................................................................*
*Br   13 :gammaEnergy : gammaEnergy[gammaMult]/F                             *
*Entries :        0 : Total  Size=        616 bytes  One basket in memory    *
*Baskets :        0 : Basket Size=      32000 bytes  Compression=   1.00     *
*............................................................................*
*Br   14 :gammaTimestamp : gammaTimestamp[gammaMult]/F                       *
*Entries :        0 : Total  Size=        628 bytes  One basket in memory    *
*Baskets :        0 : Basket Size=      32000 bytes  Compression=   1.00     *
*............................................................................*
*Br   15 :deltaTime : deltaTime[gammaMult]/F                                 *
*Entries :        0 : Total  Size=        608 bytes  One basket in memory    *
*Baskets :        0 : Basket Size=      32000 bytes  Compression=   1.00     *
*............................................................................*
 TH1.Print Name  = eCC_a, Entries= 0, Total sum= 0
 TH1.Print Name  = eCC_b, Entries= 0, Total sum= 0
 TH1.Print Name  = eCC_c, Entries= 0, Total sum= 0
 TH1.Print Name  = eCC_d, Entries= 0, Total sum= 0
 TH1.Print Name  = eSeg, Entries= 0, Total sum= 0
 TH1.Print Name  = mode3_hitpat, Entries= 0, Total sum= 0
 TH1.Print Name  = mode3_hitpat_chan, Entries= 0, Total sum= 0
 TH1.Print Name  = chan0, Entries= 0, Total sum= 0
 TH1.Print Name  = module, Entries= 0, Total sum= 0
 TH1.Print Name  = chan, Entries= 0, Total sum= 0
 TH1.Print Name  = l, Entries= 0, Total sum= 0
 TH1.Print Name  = r, Entries= 0, Total sum= 0
 TH1.Print Name  = up, Entries= 0, Total sum= 0
 TH1.Print Name  = down, Entries= 0, Total sum= 0
 TH1.Print Name  = sumlr, Entries= 0, Total sum= 0
 TH1.Print Name  = sumud, Entries= 0, Total sum= 0
 TH1.Print Name  = x, Entries= 0, Total sum= 0
 TH1.Print Name  = y, Entries= 0, Total sum= 0
 TH1.Print Name  = de1, Entries= 0, Total sum= 0
 TH1.Print Name  = de2, Entries= 0, Total sum= 0
 TH1.Print Name  = de3, Entries= 0, Total sum= 0
 TH1.Print Name  = de12, Entries= 0, Total sum= 0
 TH1.Print Name  = etot, Entries= 0, Total sum= 0
 TH1.Print Name  = rftof, Entries= 0, Total sum= 0
 TH1.Print Name  = lr, Entries= 0, Total sum= 0
 TH1.Print Name  = ud, Entries= 0, Total sum= 0
 TH1.Print Name  = ede1, Entries= 0, Total sum= 0
 TH1.Print Name  = ede1g, Entries= 0, Total sum= 0
 TH1.Print Name  = ede2, Entries= 0, Total sum= 0
 TH1.Print Name  = ede12, Entries= 0, Total sum= 0
 TH1.Print Name  = xde1, Entries= 0, Total sum= 0
 TH1.Print Name  = erftof, Entries= 0, Total sum= 0
 TH1.Print Name  = erftofg, Entries= 0, Total sum= 0
 TH1.Print Name  = sumehi, Entries= 0, Total sum= 0
 TH1.Print Name  = tgppac, Entries= 0, Total sum= 0
 TH1.Print Name  = tgppacg, Entries= 0, Total sum= 0
 TH1.Print Name  = xehi1, Entries= 0, Total sum= 0
 TH1.Print Name  = xehi1g, Entries= 0, Total sum= 0
 TH1.Print Name  = de1ehi, Entries= 0, Total sum= 0
 TH1.Print Name  = de1ehig, Entries= 0, Total sum= 0
 TH1.Print Name  = ng, Entries= 0, Total sum= 0
 TH1.Print Name  = ehiz1, Entries= 0, Total sum= 0
 TH1.Print Name  = ehiz2, Entries= 0, Total sum= 0
 TH1.Print Name  = ehiz3, Entries= 0, Total sum= 0
 TH1.Print Name  = ehiz4, Entries= 0, Total sum= 0
 TH1.Print Name  = ehiz5, Entries= 0, Total sum= 0
 TH1.Print Name  = gg_dt, Entries= 0, Total sum= 0
 TH1.Print Name  = gg, Entries= 0, Total sum= 0
 TH1.Print Name  = gg_z1, Entries= 0, Total sum= 0
 TH1.Print Name  = gg_z2, Entries= 0, Total sum= 0
 TH1.Print Name  = gg_z3, Entries= 0, Total sum= 0
 TH1.Print Name  = gg_z4, Entries= 0, Total sum= 0
 TH1.Print Name  = gg_z5, Entries= 0, Total sum= 0
GRETINA detector angles
mod  1, crystal 0 [  4]: ( 10.07   3.58  15.10) pol   35.30 ,  azi   13.35; pol   35.30 ,  azi   19.58; modCCdopfac[4] 1.0271
mod  1, crystal 1 [  5]: ( 10.11   9.19  12.47) pol   47.60 ,  azi   36.39; pol   47.60 ,  azi   42.30; modCCdopfac[5] 1.0222
mod  1, crystal 2 [  6]: (  5.44   7.69  15.92) pol   30.60 ,  azi   25.77; pol   30.60 ,  azi   54.72; modCCdopfac[6] 1.0287
mod  1, crystal 3 [  7]: (  4.99   1.78  17.72) pol   16.65 ,  azi    5.72; pol   16.65 ,  azi   19.58; modCCdopfac[7] 1.0321
mod  2, crystal 0 [  8]: ( -0.29  10.69  15.10) pol   35.30 ,  azi   35.29; pol   35.30 ,  azi   91.58; modCCdopfac[8] 1.0271
mod  2, crystal 1 [  9]: ( -5.62  12.45  12.47) pol   47.60 ,  azi   44.95; pol   47.60 ,  azi  114.30; modCCdopfac[9] 1.0222
mod  2, crystal 2 [ 10]: ( -5.63   7.55  15.92) pol   30.60 ,  azi   25.36; pol   30.60 ,  azi  126.72; modCCdopfac[10] 1.0287
mod  2, crystal 3 [ 11]: ( -0.15   5.30  17.72) pol   16.65 ,  azi   16.64; pol   16.65 ,  azi   91.58; modCCdopfac[11] 1.0321
mod  3, crystal 0 [ 12]: (-10.25   3.02  15.10) pol   35.30 ,  azi   11.32; pol   35.30 ,  azi  163.58; modCCdopfac[12] 1.0271
mod  3, crystal 1 [ 13]: (-13.58  -1.50  12.47) pol   47.60 ,  azi   -6.85; pol   47.60 ,  azi -173.70; modCCdopfac[13] 1.0222
mod  3, crystal 2 [ 14]: ( -8.92  -3.02  15.92) pol   30.60 ,  azi  -10.75; pol   30.60 ,  azi -161.28; modCCdopfac[14] 1.0287
mod  3, crystal 3 [ 15]: ( -5.08   1.50  17.72) pol   16.65 ,  azi    4.83; pol   16.65 ,  azi  163.58; modCCdopfac[15] 1.0321
mod  4, crystal 0 [ 16]: ( -6.04  -8.82  15.10) pol   35.30 ,  azi  -30.29; pol   35.30 ,  azi -124.42; modCCdopfac[16] 1.0271
mod  4, crystal 1 [ 17]: ( -2.77 -13.38  12.47) pol   47.60 ,  azi  -47.00; pol   47.60 ,  azi -101.70; modCCdopfac[17] 1.0222
mod  4, crystal 2 [ 18]: (  0.12  -9.42  15.92) pol   30.60 ,  azi  -30.60; pol   30.60 ,  azi  -89.28; modCCdopfac[18] 1.0287
mod  4, crystal 3 [ 19]: ( -3.00  -4.37  17.72) pol   16.65 ,  azi  -13.86; pol   16.65 ,  azi -124.42; modCCdopfac[19] 1.0321
mod  5, crystal 0 [ 20]: (  6.52  -8.47  15.10) pol   35.30 ,  azi  -29.30; pol   35.30 ,  azi  -52.42; modCCdopfac[20] 1.0271
mod  5, crystal 1 [ 21]: ( 11.87  -6.77  12.47) pol   47.60 ,  azi  -28.49; pol   47.60 ,  azi  -29.70; modCCdopfac[21] 1.0222
mod  5, crystal 2 [ 22]: (  8.99  -2.80  15.92) pol   30.60 ,  azi   -9.96; pol   30.60 ,  azi  -17.28; modCCdopfac[22] 1.0287
mod  5, crystal 3 [ 23]: (  3.23  -4.20  17.72) pol   16.65 ,  azi  -13.33; pol   16.65 ,  azi  -52.42; modCCdopfac[23] 1.0321
mod  6, crystal 0 [ 24]: (  4.54  16.51   7.02) pol   67.71 ,  azi   66.97; pol   67.71 ,  azi   74.63; modCCdopfac[24] 1.0121
mod  6, crystal 1 [ 25]: ( -0.33  15.15  10.61) pol   55.02 ,  azi   55.01; pol   55.02 ,  azi   91.23; modCCdopfac[25] 1.0187
mod  6, crystal 2 [ 26]: (  5.05  13.00  12.16) pol   48.92 ,  azi   46.92; pol   48.92 ,  azi   68.77; modCCdopfac[26] 1.0216
mod  6, crystal 3 [ 27]: (  9.66  13.57   8.06) pol   64.18 ,  azi   59.29; pol   64.18 ,  azi   54.55; modCCdopfac[27] 1.0140
mod  7, crystal 0 [ 28]: (-14.30   9.42   7.02) pol   67.71 ,  azi   53.31; pol   67.71 ,  azi  146.63; modCCdopfac[28] 1.0121
mod  7, crystal 1 [ 29]: (-14.51   4.37  10.61) pol   55.02 ,  azi   22.40; pol   55.02 ,  azi  163.23; modCCdopfac[29] 1.0187
mod  7, crystal 2 [ 30]: (-10.80   8.82  12.16) pol   48.92 ,  azi   35.96; pol   48.92 ,  azi  140.77; modCCdopfac[30] 1.0216
mod  7, crystal 3 [ 31]: ( -9.92  13.38   8.06) pol   64.18 ,  azi   58.94; pol   64.18 ,  azi  126.55; modCCdopfac[31] 1.0140
mod  8, crystal 0 [ 32]: (-13.37 -10.69   7.02) pol   67.71 ,  azi  -56.71; pol   67.71 ,  azi -141.37; modCCdopfac[32] 1.0121
mod  8, crystal 1 [ 33]: ( -8.64 -12.45  10.61) pol   55.02 ,  azi  -49.58; pol   55.02 ,  azi -124.77; modCCdopfac[33] 1.0187
mod  8, crystal 2 [ 34]: (-11.73  -7.55  12.16) pol   48.92 ,  azi  -31.84; pol   48.92 ,  azi -147.23; modCCdopfac[34] 1.0216
mod  8, crystal 3 [ 35]: (-15.79  -5.30   8.06) pol   64.18 ,  azi  -33.33; pol   64.18 ,  azi -161.45; modCCdopfac[35] 1.0140
mod  9, crystal 0 [ 36]: (  6.03 -16.02   7.02) pol   67.71 ,  azi  -66.35; pol   67.71 ,  azi  -69.37; modCCdopfac[36] 1.0121
mod  9, crystal 1 [ 37]: (  9.17 -12.07  10.61) pol   55.02 ,  azi  -48.69; pol   55.02 ,  azi  -52.77; modCCdopfac[37] 1.0187
mod  9, crystal 2 [ 38]: (  3.56 -13.48  12.16) pol   48.92 ,  azi  -47.96; pol   48.92 ,  azi  -75.23; modCCdopfac[38] 1.0216
mod  9, crystal 3 [ 39]: (  0.16 -16.65   8.06) pol   64.18 ,  azi  -64.18; pol   64.18 ,  azi  -89.45; modCCdopfac[39] 1.0140
mod 10, crystal 0 [ 40]: ( 17.10   0.79   7.02) pol   67.71 ,  azi    6.39; pol   67.71 ,  azi    2.63; modCCdopfac[40] 1.0121
mod 10, crystal 1 [ 41]: ( 14.31   4.99  10.61) pol   55.02 ,  azi   25.21; pol   55.02 ,  azi   19.23; modCCdopfac[41] 1.0187
mod 10, crystal 2 [ 42]: ( 13.92  -0.79  12.16) pol   48.92 ,  azi   -3.70; pol   48.92 ,  azi   -3.23; modCCdopfac[42] 1.0216
mod 10, crystal 3 [ 43]: ( 15.89  -4.99   8.06) pol   64.18 ,  azi  -31.79; pol   64.18 ,  azi  -17.45; modCCdopfac[43] 1.0140
mod 11, crystal 0 [ 44]: ( 18.26   2.80   0.92) pol   87.15 ,  azi   71.78; pol   87.15 ,  azi    8.71; modCCdopfac[44] 1.0011
mod 11, crystal 1 [ 45]: ( 17.30   4.20  -5.04) pol  105.79 ,  azi  140.16; pol  105.79 ,  azi   13.65; modCCdopfac[45] 0.9906
mod 11, crystal 2 [ 46]: ( 16.42   8.47  -0.92) pol   92.85 ,  azi   96.20; pol   92.85 ,  azi   27.29; modCCdopfac[46] 0.9978
mod 11, crystal 3 [ 47]: ( 16.46   6.77   5.04) pol   74.21 ,  azi   53.36; pol   74.21 ,  azi   22.35; modCCdopfac[47] 1.0085
mod 12, crystal 0 [ 48]: ( 12.46  13.48  -2.26) pol   97.01 ,  azi   99.50; pol   97.01 ,  azi   47.25; modCCdopfac[48] 0.9954
mod 12, crystal 1 [ 49]: (  7.28  16.65  -3.46) pol  100.78 ,  azi  101.74; pol  100.78 ,  azi   66.39; modCCdopfac[49] 0.9933
mod 12, crystal 2 [ 50]: (  8.97  16.02   2.26) pol   82.99 ,  azi   81.98; pol   82.99 ,  azi   60.75; modCCdopfac[50] 1.0035
mod 12, crystal 3 [ 51]: ( 13.59  12.07   3.46) pol   79.22 ,  azi   74.00; pol   79.22 ,  azi   41.61; modCCdopfac[51] 1.0057
mod 13, crystal 0 [ 52]: (  2.98  18.23   0.92) pol   87.15 ,  azi   87.11; pol   87.15 ,  azi   80.71; modCCdopfac[52] 1.0011
mod 13, crystal 1 [ 53]: (  1.35  17.75  -5.04) pol  105.79 ,  azi  105.84; pol  105.79 ,  azi   85.65; modCCdopfac[53] 0.9906
mod 13, crystal 2 [ 54]: ( -2.98  18.23  -0.92) pol   92.85 ,  azi   92.89; pol   92.85 ,  azi   99.29; modCCdopfac[54] 0.9978
mod 13, crystal 3 [ 55]: ( -1.35  17.75   5.04) pol   74.21 ,  azi   74.16; pol   74.21 ,  azi   94.35; modCCdopfac[55] 1.0085
mod 14, crystal 0 [ 56]: ( -8.97  16.02  -2.26) pol   97.01 ,  azi   98.02; pol   97.01 ,  azi  119.25; modCCdopfac[56] 0.9954
mod 14, crystal 1 [ 57]: (-13.59  12.07  -3.46) pol  100.78 ,  azi  106.00; pol  100.78 ,  azi  138.39; modCCdopfac[57] 0.9933
mod 14, crystal 2 [ 58]: (-12.46  13.48   2.26) pol   82.99 ,  azi   80.50; pol   82.99 ,  azi  132.75; modCCdopfac[58] 1.0035
mod 14, crystal 3 [ 59]: ( -7.28  16.65   3.46) pol   79.22 ,  azi   78.26; pol   79.22 ,  azi  113.61; modCCdopfac[59] 1.0057
mod 15, crystal 0 [ 60]: (-16.42   8.47   0.92) pol   87.15 ,  azi   83.80; pol   87.15 ,  azi  152.71; modCCdopfac[60] 1.0011
mod 15, crystal 1 [ 61]: (-16.46   6.77  -5.04) pol  105.79 ,  azi  126.64; pol  105.79 ,  azi  157.65; modCCdopfac[61] 0.9906
mod 15, crystal 2 [ 62]: (-18.26   2.80  -0.92) pol   92.85 ,  azi  108.22; pol   92.85 ,  azi  171.29; modCCdopfac[62] 0.9978
mod 15, crystal 3 [ 63]: (-17.30   4.20   5.04) pol   74.21 ,  azi   39.84; pol   74.21 ,  azi  166.35; modCCdopfac[63] 1.0085
mod 16, crystal 0 [ 64]: (-18.01  -3.58  -2.26) pol   97.01 ,  azi -122.21; pol   97.01 ,  azi -168.75; modCCdopfac[64] 0.9954
mod 16, crystal 1 [ 65]: (-15.68  -9.19  -3.46) pol  100.78 ,  azi -110.62; pol  100.78 ,  azi -149.61; modCCdopfac[65] 0.9933
mod 16, crystal 2 [ 66]: (-16.68  -7.69   2.26) pol   82.99 ,  azi  -73.64; pol   82.99 ,  azi -155.25; modCCdopfac[66] 1.0035
mod 16, crystal 3 [ 67]: (-18.09  -1.78   3.46) pol   79.22 ,  azi  -27.18; pol   79.22 ,  azi -174.39; modCCdopfac[67] 1.0057
mod 17, crystal 0 [ 68]: (-13.13 -13.00   0.92) pol   87.15 ,  azi  -85.95; pol   87.15 ,  azi -135.29; modCCdopfac[68] 1.0011
mod 17, crystal 1 [ 69]: (-11.53 -13.57  -5.04) pol  105.79 ,  azi -110.36; pol  105.79 ,  azi -130.35; modCCdopfac[69] 0.9906
mod 17, crystal 2 [ 70]: ( -8.30 -16.51  -0.92) pol   92.85 ,  azi  -93.19; pol   92.85 ,  azi -116.71; modCCdopfac[70] 0.9978
mod 17, crystal 3 [ 71]: ( -9.34 -15.15   5.04) pol   74.21 ,  azi  -71.62; pol   74.21 ,  azi -121.65; modCCdopfac[71] 1.0085
mod 18, crystal 0 [ 72]: ( -2.16 -18.23  -2.26) pol   97.01 ,  azi  -97.05; pol   97.01 ,  azi  -96.75; modCCdopfac[72] 0.9954
mod 18, crystal 1 [ 73]: (  3.90 -17.75  -3.46) pol  100.78 ,  azi -101.03; pol  100.78 ,  azi  -77.61; modCCdopfac[73] 0.9933
mod 18, crystal 2 [ 74]: (  2.16 -18.23   2.26) pol   82.99 ,  azi  -82.95; pol   82.99 ,  azi  -83.25; modCCdopfac[74] 1.0035
mod 18, crystal 3 [ 75]: ( -3.90 -17.75   3.46) pol   79.22 ,  azi  -78.97; pol   79.22 ,  azi -102.39; modCCdopfac[75] 1.0057
mod 19, crystal 0 [ 76]: (  8.30 -16.51   0.92) pol   87.15 ,  azi  -86.81; pol   87.15 ,  azi  -63.29; modCCdopfac[76] 1.0011
mod 19, crystal 1 [ 77]: (  9.34 -15.15  -5.04) pol  105.79 ,  azi -108.38; pol  105.79 ,  azi  -58.35; modCCdopfac[77] 0.9906
mod 19, crystal 2 [ 78]: ( 13.13 -13.00  -0.92) pol   92.85 ,  azi  -94.05; pol   92.85 ,  azi  -44.71; modCCdopfac[78] 0.9978
mod 19, crystal 3 [ 79]: ( 11.53 -13.57   5.04) pol   74.21 ,  azi  -69.64; pol   74.21 ,  azi  -49.65; modCCdopfac[79] 1.0085
mod 20, crystal 0 [ 80]: ( 16.68  -7.69  -2.26) pol   97.01 ,  azi -106.36; pol   97.01 ,  azi  -24.75; modCCdopfac[80] 0.9954
mod 20, crystal 1 [ 81]: ( 18.09  -1.78  -3.46) pol  100.78 ,  azi -152.82; pol  100.78 ,  azi   -5.61; modCCdopfac[81] 0.9933
mod 20, crystal 2 [ 82]: ( 18.01  -3.58   2.26) pol   82.99 ,  azi  -57.79; pol   82.99 ,  azi  -11.25; modCCdopfac[82] 1.0035
mod 20, crystal 3 [ 83]: ( 15.68  -9.19   3.46) pol   79.22 ,  azi  -69.38; pol   79.22 ,  azi  -30.39; modCCdopfac[83] 1.0057
mod 21, crystal 0 [ 84]: ( 14.30   9.42  -7.02) pol  112.29 ,  azi  126.69; pol  112.29 ,  azi   33.37; modCCdopfac[84] 0.9871
mod 21, crystal 1 [ 85]: ( 14.51   4.37 -10.61) pol  124.98 ,  azi  157.60; pol  124.98 ,  azi   16.77; modCCdopfac[85] 0.9809
mod 21, crystal 2 [ 86]: ( 10.80   8.82 -12.16) pol  131.08 ,  azi  144.04; pol  131.08 ,  azi   39.23; modCCdopfac[86] 0.9782
mod 21, crystal 3 [ 87]: (  9.92  13.38  -8.06) pol  115.82 ,  azi  121.06; pol  115.82 ,  azi   53.45; modCCdopfac[87] 0.9853
mod 22, crystal 0 [ 88]: ( -4.54  16.51  -7.02) pol  112.29 ,  azi  113.03; pol  112.29 ,  azi  105.37; modCCdopfac[88] 0.9871
mod 22, crystal 1 [ 89]: (  0.33  15.15 -10.61) pol  124.98 ,  azi  124.99; pol  124.98 ,  azi   88.77; modCCdopfac[89] 0.9809
mod 22, crystal 2 [ 90]: ( -5.05  13.00 -12.16) pol  131.08 ,  azi  133.08; pol  131.08 ,  azi  111.23; modCCdopfac[90] 0.9782
mod 22, crystal 3 [ 91]: ( -9.66  13.57  -8.06) pol  115.82 ,  azi  120.71; pol  115.82 ,  azi  125.45; modCCdopfac[91] 0.9853
mod 23, crystal 0 [ 92]: (-17.10   0.79  -7.02) pol  112.29 ,  azi  173.61; pol  112.29 ,  azi  177.37; modCCdopfac[92] 0.9871
mod 23, crystal 1 [ 93]: (-14.31   4.99 -10.61) pol  124.98 ,  azi  154.79; pol  124.98 ,  azi  160.77; modCCdopfac[93] 0.9809
mod 23, crystal 2 [ 94]: (-13.92  -0.79 -12.16) pol  131.08 ,  azi -176.30; pol  131.08 ,  azi -176.77; modCCdopfac[94] 0.9782
mod 23, crystal 3 [ 95]: (-15.89  -4.99  -8.06) pol  115.82 ,  azi -148.21; pol  115.82 ,  azi -162.55; modCCdopfac[95] 0.9853
mod 24, crystal 0 [ 96]: ( -6.03 -16.02  -7.02) pol  112.29 ,  azi -113.65; pol  112.29 ,  azi -110.63; modCCdopfac[96] 0.9871
mod 24, crystal 1 [ 97]: ( -9.17 -12.07 -10.61) pol  124.98 ,  azi -131.31; pol  124.98 ,  azi -127.23; modCCdopfac[97] 0.9809
mod 24, crystal 2 [ 98]: ( -3.56 -13.48 -12.16) pol  131.08 ,  azi -132.04; pol  131.08 ,  azi -104.77; modCCdopfac[98] 0.9782
mod 24, crystal 3 [ 99]: ( -0.16 -16.65  -8.06) pol  115.82 ,  azi -115.82; pol  115.82 ,  azi  -90.55; modCCdopfac[99] 0.9853
mod 25, crystal 0 [100]: ( 13.37 -10.69  -7.02) pol  112.29 ,  azi -123.29; pol  112.29 ,  azi  -38.63; modCCdopfac[100] 0.9871
mod 25, crystal 1 [101]: (  8.64 -12.45 -10.61) pol  124.98 ,  azi -130.42; pol  124.98 ,  azi  -55.23; modCCdopfac[101] 0.9809
mod 25, crystal 2 [102]: ( 11.73  -7.55 -12.16) pol  131.08 ,  azi -148.16; pol  131.08 ,  azi  -32.77; modCCdopfac[102] 0.9782
mod 25, crystal 3 [103]: ( 15.79  -5.30  -8.06) pol  115.82 ,  azi -146.67; pol  115.82 ,  azi  -18.55; modCCdopfac[103] 0.9853
mod 26, crystal 0 [104]: (  0.29  10.69 -15.10) pol  144.70 ,  azi  144.71; pol  144.70 ,  azi   88.42; modCCdopfac[104] 0.9732
mod 26, crystal 1 [105]: (  5.62  12.45 -12.47) pol  132.40 ,  azi  135.05; pol  132.40 ,  azi   65.70; modCCdopfac[105] 0.9777
mod 26, crystal 2 [106]: (  5.63   7.55 -15.92) pol  149.40 ,  azi  154.64; pol  149.40 ,  azi   53.28; modCCdopfac[106] 0.9718
mod 26, crystal 3 [107]: (  0.15   5.30 -17.72) pol  163.35 ,  azi  163.36; pol  163.35 ,  azi   88.42; modCCdopfac[107] 0.9688
mod 27, crystal 0 [108]: (-10.07   3.58 -15.10) pol  144.70 ,  azi  166.65; pol  144.70 ,  azi  160.42; modCCdopfac[108] 0.9732
mod 27, crystal 1 [109]: (-10.11   9.19 -12.47) pol  132.40 ,  azi  143.61; pol  132.40 ,  azi  137.70; modCCdopfac[109] 0.9777
mod 27, crystal 2 [110]: ( -5.44   7.69 -15.92) pol  149.40 ,  azi  154.23; pol  149.40 ,  azi  125.28; modCCdopfac[110] 0.9718
mod 27, crystal 3 [111]: ( -4.99   1.78 -17.72) pol  163.35 ,  azi  174.28; pol  163.35 ,  azi  160.42; modCCdopfac[111] 0.9688
mod 28, crystal 0 [112]: ( -6.52  -8.47 -15.10) pol  144.70 ,  azi -150.70; pol  144.70 ,  azi -127.58; modCCdopfac[112] 0.9732
mod 28, crystal 1 [113]: (-11.87  -6.77 -12.47) pol  132.40 ,  azi -151.51; pol  132.40 ,  azi -150.30; modCCdopfac[113] 0.9777
mod 28, crystal 2 [114]: ( -8.99  -2.80 -15.92) pol  149.40 ,  azi -170.04; pol  149.40 ,  azi -162.72; modCCdopfac[114] 0.9718
mod 28, crystal 3 [115]: ( -3.23  -4.20 -17.72) pol  163.35 ,  azi -166.67; pol  163.35 ,  azi -127.58; modCCdopfac[115] 0.9688
mod 29, crystal 0 [116]: (  6.04  -8.82 -15.10) pol  144.70 ,  azi -149.71; pol  144.70 ,  azi  -55.58; modCCdopfac[116] 0.9732
mod 29, crystal 1 [117]: (  2.77 -13.38 -12.47) pol  132.40 ,  azi -133.00; pol  132.40 ,  azi  -78.30; modCCdopfac[117] 0.9777
mod 29, crystal 2 [118]: ( -0.12  -9.42 -15.92) pol  149.40 ,  azi -149.40; pol  149.40 ,  azi  -90.72; modCCdopfac[118] 0.9718
mod 29, crystal 3 [119]: (  3.00  -4.37 -17.72) pol  163.35 ,  azi -166.14; pol  163.35 ,  azi  -55.58; modCCdopfac[119] 0.9688
mod 30, crystal 0 [120]: ( 10.25   3.02 -15.10) pol  144.70 ,  azi  168.68; pol  144.70 ,  azi   16.42; modCCdopfac[120] 0.9732
mod 30, crystal 1 [121]: ( 13.58  -1.50 -12.47) pol  132.40 ,  azi -173.15; pol  132.40 ,  azi   -6.30; modCCdopfac[121] 0.9777
mod 30, crystal 2 [122]: (  8.92  -3.02 -15.92) pol  149.40 ,  azi -169.25; pol  149.40 ,  azi  -18.72; modCCdopfac[122] 0.9718
mod 30, crystal 3 [123]: (  5.08   1.50 -17.72) pol  163.35 ,  azi  175.17; pol  163.35 ,  azi   16.42; modCCdopfac[123] 0.9688
setup signal catcher
started sorting... from disk...

Pars.maxTS=4611686018427387904
got initial header, TS=3055088840825 ID: 1 length: 464
read initial payload of siz=464 into event position 1
__ptgd[0]->type= 0; ptgd[0]->length=   0; ptgd[0]->timestamp=0
initial ii=1, nn=1
ev#     0 GEB_TYPE_DECOMP        464Bytes TS=3055088871289 curTS=3055088840825 dTS= 30464
t0=3055088840825
first event: GEB_event.mult=1
   0/ 0: ( 1,GEB_TYPE_DECOMP      ) TS=       3055088840825; dT=0
maxTS=11695088840825
that is 86400.0 seconds or 24h0m0s minutes of sorting
GEBGetEv returned st=0
we have read 960 bytes; CurEvNo=1

+++++++++++++++++++++++++++++++
*start event # 1 with multiplicity 1 looks like this:
 0>  1, GEB_TYPE_DECOMP      , TS=3055088840825
entered bin_mode2: 1/10
ptinp->pad= 6, (ptinp->pad&0x000000ff)= 6
updated CCadd with    0.00
total number of hits in array: 0
exit bin_mode2
entered bin_mode3 @ event number: 1 
exit bin_mode3
*end of event # 1
+++++++++++++++++++++++++++++++
ev#     1 GEB_TYPE_DECOMP        464Bytes TS=3055088906735 curTS=3055088871289 dTS= 35446
GEBGetEv returned st=0
we have read 1440 bytes; CurEvNo=2

+++++++++++++++++++++++++++++++
*start event # 2 with multiplicity 1 looks like this:
 0>  1, GEB_TYPE_DECOMP      , TS=3055088871289
entered bin_mode2: 2/10
ptinp->pad= 6, (ptinp->pad&0x000000ff)= 6
updated CCadd with    0.00
total number of hits in array: 0
exit bin_mode2
entered bin_mode3 @ event number: 2 
exit bin_mode3
*end of event # 2
+++++++++++++++++++++++++++++++
ev#     2 GEB_TYPE_DECOMP        464Bytes TS=3055088971399 curTS=3055088906735 dTS= 64664
GEBGetEv returned st=0
we have read 1920 bytes; CurEvNo=3

+++++++++++++++++++++++++++++++
*start event # 3 with multiplicity 1 looks like this:
 0>  1, GEB_TYPE_DECOMP      , TS=3055088906735
entered bin_mode2: 3/10
ptinp->pad= 6, (ptinp->pad&0x000000ff)= 6
updated CCadd with    0.00
total number of hits in array: 0
exit bin_mode2
entered bin_mode3 @ event number: 3 
exit bin_mode3
*end of event # 3
+++++++++++++++++++++++++++++++
ev#     3 GEB_TYPE_DECOMP        464Bytes TS=3055089013089 curTS=3055088971399 dTS= 41690
GEBGetEv returned st=0
we have read 2400 bytes; CurEvNo=4

+++++++++++++++++++++++++++++++
*start event # 4 with multiplicity 1 looks like this:
 0>  1, GEB_TYPE_DECOMP      , TS=3055088971399
entered bin_mode2: 4/10
ptinp->pad= 6, (ptinp->pad&0x000000ff)= 6
updated CCadd with    0.00
total number of hits in array: 0
exit bin_mode2
entered bin_mode3 @ event number: 4 
exit bin_mode3
*end of event # 4
+++++++++++++++++++++++++++++++
ev#     4 GEB_TYPE_DECOMP        464Bytes TS=3055089013183 curTS=3055089013089 dTS= 94
ev#     4 GEB_TYPE_DECOMP        464Bytes TS=3055089038439 curTS=3055089013089 dTS= 25350
GEBGetEv returned st=0
we have read 3360 bytes; CurEvNo=5

+++++++++++++++++++++++++++++++
*start event # 5 with multiplicity 2 looks like this:
 0>  1, GEB_TYPE_DECOMP      , TS=3055089013089
 1>  1, GEB_TYPE_DECOMP      , TS=3055089013183
entered bin_mode2: 5/10
ptinp->pad= 0, (ptinp->pad&0x000000ff)= 0
good pad value
mode2 data:  0>  1, GEB_TYPE_DECOMP      , TS=3055089013089
number of hits: 1
* 0/2, is GEB_TYPE_DECOMP: num=1
__detno: 105, module: 26, crystalNumber: 1
CCenergies[0]=  65.42
* 0:   -8.63,   9.29,   1.15 --> GT:    5.28,  13.47, -11.79
ptinp->pad= 6, (ptinp->pad&0x000000ff)= 6
updated CCadd with   65.42
total number of hits in array: 1
exit bin_mode2
entered bin_mode3 @ event number: 5 
exit bin_mode3
*end of event # 5
+++++++++++++++++++++++++++++++
ev#     5 GEB_TYPE_DECOMP        464Bytes TS=3055089038471 curTS=3055089038439 dTS= 32
ev#     5 GEB_TYPE_DECOMP        464Bytes TS=3055089039977 curTS=3055089038439 dTS= 1538
GEBGetEv returned st=0
we have read 4320 bytes; CurEvNo=6

+++++++++++++++++++++++++++++++
*start event # 6 with multiplicity 2 looks like this:
 0>  1, GEB_TYPE_DECOMP      , TS=3055089038439
 1>  1, GEB_TYPE_DECOMP      , TS=3055089038471
entered bin_mode2: 6/10
ptinp->pad= 6, (ptinp->pad&0x000000ff)= 6
ptinp->pad= 6, (ptinp->pad&0x000000ff)= 6
updated CCadd with    0.00
total number of hits in array: 0
exit bin_mode2
entered bin_mode3 @ event number: 6 
exit bin_mode3
*end of event # 6
+++++++++++++++++++++++++++++++
ev#     6 GEB_TYPE_DECOMP        464Bytes TS=3055089064735 curTS=3055089039977 dTS= 24758
GEBGetEv returned st=0
we have read 4800 bytes; CurEvNo=7

+++++++++++++++++++++++++++++++
*start event # 7 with multiplicity 1 looks like this:
 0>  1, GEB_TYPE_DECOMP      , TS=3055089039977
entered bin_mode2: 7/10
ptinp->pad= 6, (ptinp->pad&0x000000ff)= 6
updated CCadd with    0.00
total number of hits in array: 0
exit bin_mode2
entered bin_mode3 @ event number: 7 
exit bin_mode3
*end of event # 7
+++++++++++++++++++++++++++++++
ev#     7 GEB_TYPE_DECOMP        464Bytes TS=3055089064741 curTS=3055089064735 dTS= 6
ev#     7 GEB_TYPE_GT_MOD29      220Bytes TS=3055089065027 curTS=3055089064735 dTS= 292
GEBGetEv returned st=0
we have read 5516 bytes; CurEvNo=8

+++++++++++++++++++++++++++++++
*start event # 8 with multiplicity 2 looks like this:
 0>  1, GEB_TYPE_DECOMP      , TS=3055089064735
 1>  1, GEB_TYPE_DECOMP      , TS=3055089064741
entered bin_mode2: 8/10
ptinp->pad= 0, (ptinp->pad&0x000000ff)= 0
good pad value
mode2 data:  0>  1, GEB_TYPE_DECOMP      , TS=3055089064735
number of hits: 4
* 0/2, is GEB_TYPE_DECOMP: num=4
__detno: 99, module: 24, crystalNumber: 3
CCenergies[0]= 605.31
* 0:   14.32,  20.88,  83.74 --> GT:   -0.63, -23.10, -13.95
* 1:    4.43,   4.10,  84.70 --> GT:   -0.46, -24.03, -12.25
* 2:   26.85, -23.01,  61.04 --> GT:   -3.63, -22.52,  -9.87
* 3:   29.04, -18.94,  55.32 --> GT:   -3.64, -21.81, -10.04
ptinp->pad= 6, (ptinp->pad&0x000000ff)= 6
updated CCadd with  605.31
total number of hits in array: 4
exit bin_mode2
entered bin_mode3 @ event number: 8 
exit bin_mode3
*end of event # 8
+++++++++++++++++++++++++++++++
ev#     8 GEB_TYPE_DECOMP        464Bytes TS=3055089095711 curTS=3055089065027 dTS= 30684
GEBGetEv returned st=0
we have read 5996 bytes; CurEvNo=9

+++++++++++++++++++++++++++++++
*start event # 9 with multiplicity 1 looks like this:
 0>  8, GEB_TYPE_GT_MOD29    , TS=3055089065027
entered bin_mode2: 9/10
updated CCadd with    0.00
total number of hits in array: 0
exit bin_mode2
entered bin_mode3 @ event number: 9 

bin_mode3:  0>  8, GEB_TYPE_GT_MOD29    , TS=3055089065027, 0x2c7517f9c43; payload length: 220 bytes

---------
new GTheader at pos=0 or 0 words (8):
Event.hdr[ 0]=0x1f34,   7988
Event.hdr[ 1]=0x300a,  12298
Event.hdr[ 2]=0x9c43,  40003
Event.hdr[ 3]=0x517f,  20863
Event.hdr[ 4]=0x02c7,    711
Event.hdr[ 5]=0x0027,     39
Event.hdr[ 6]=0x0e00,   3584
Event.hdr[ 7]=0x0000,      0
Event.hdr[ 8]=0x0000,      0
Event.hdr[ 9]=0xffc8,  65480
Event.hdr[10]=0x73ff,  29695
Event.hdr[11]=0x0000,      0
Event.hdr[12]=0x00b8,    184
Event.hdr[13]=0x0000,      0
Event.len=  44, Event.traceLen=  12 (in Bytes)
Event.len=  22, Event.traceLen=   6 (in 16 bit words)
Event.len=  11, Event.traceLen=   3 (in 32 bit words)
next start: 0xaaaaaaaa, pos= 44
0x1f34 module_id = 31 crystal_id = 0 digitizer_id = 3 chan_id = 4 ge_id = 124 channel = 34  -> is segment
open superpulse_009_00_01.xy at Event.chan_id = 4
open CCpulse_009_00_01.xy at Event.chan_id = 4
ncrystal=1
wrote trace to CCpulse_009_00_01.xy
two's comp tempE  ::         39         39 0x00000027 |0000|0000|0000|0000|0000|0000|0010|0111|
rawE              ::         39         39 0x00000027 |0000|0000|0000|0000|0000|0000|0010|0111|
rawE (sign change)::         39         39 0x00000027 |0000|0000|0000|0000|0000|0000|0010|0111|
Event.ehi=               1 0x00000001
Event.ehi=0 (gain changed)
Event.LEDts =        3055089065027
Event.CFDts =         253406937100

---------
new GTheader at pos=44 or 22 words (30):
Event.hdr[ 0]=0x1f35,   7989
Event.hdr[ 1]=0x300a,  12298
Event.hdr[ 2]=0x9c43,  40003
Event.hdr[ 3]=0x517f,  20863
Event.hdr[ 4]=0x02c7,    711
Event.hdr[ 5]=0x8c28,  35880
Event.hdr[ 6]=0x4e08,  19976
Event.hdr[ 7]=0x0000,      0
Event.hdr[ 8]=0x0000,      0
Event.hdr[ 9]=0x8a64,  35428
Event.hdr[10]=0x1208,   4616
Event.hdr[11]=0x1449,   5193
Event.hdr[12]=0xac1c,  44060
Event.hdr[13]=0x0025,     37
Event.len=  44, Event.traceLen=  12 (in Bytes)
Event.len=  22, Event.traceLen=   6 (in 16 bit words)
Event.len=  11, Event.traceLen=   3 (in 32 bit words)
next start: 0xaaaaaaaa, pos= 88
0x1f35 module_id = 31 crystal_id = 0 digitizer_id = 3 chan_id = 5 ge_id = 124 channel = 35  -> is segment
ncrystal=1
wrote trace to CCpulse_009_00_01.xy
two's comp tempE  ::     560168     560168 0x00088c28 |0000|0000|0000|1000|1000|1100|0010|1000|
rawE              ::     560168     560168 0x00088c28 |0000|0000|0000|1000|1000|1100|0010|1000|
rawE (sign change)::     560168     560168 0x00088c28 |0000|0000|0000|1000|1000|1100|0010|1000|
Event.ehi=           17505 0x00004461
Event.ehi=1750 (gain changed)
Event.LEDts =        3055089065027
Event.CFDts =      269573440798732

---------
new GTheader at pos=88 or 44 words (52):
Event.hdr[ 0]=0x1f36,   7990
Event.hdr[ 1]=0x300a,  12298
Event.hdr[ 2]=0x9c43,  40003
Event.hdr[ 3]=0x517f,  20863
Event.hdr[ 4]=0x02c7,    711
Event.hdr[ 5]=0x575b,  22363
Event.hdr[ 6]=0x0e03,   3587
Event.hdr[ 7]=0x0000,      0
Event.hdr[ 8]=0x0000,      0
Event.hdr[ 9]=0xc7bc,  51132
Event.hdr[10]=0xe402,  58370
Event.hdr[11]=0x03d3,    979
Event.hdr[12]=0x0fa8,   4008
Event.hdr[13]=0x000c,     12
Event.len=  44, Event.traceLen=  12 (in Bytes)
Event.len=  22, Event.traceLen=   6 (in 16 bit words)
Event.len=  11, Event.traceLen=   3 (in 32 bit words)
next start: 0xaaaaaaaa, pos= 132
0x1f36 module_id = 31 crystal_id = 0 digitizer_id = 3 chan_id = 6 ge_id = 124 channel = 36  -> is segment
ncrystal=1
wrote trace to CCpulse_009_00_01.xy
two's comp tempE  ::     218971     218971 0x0003575b |0000|0000|0000|0011|0101|0111|0101|1011|
rawE              ::     218971     218971 0x0003575b |0000|0000|0000|0011|0101|0111|0101|1011|
rawE (sign change)::     218971     218971 0x0003575b |0000|0000|0000|0011|0101|0111|0101|1011|
Event.ehi=            6842 0x00001aba
Event.ehi=684 (gain changed)
Event.LEDts =        3055089065027
Event.CFDts =      281294585462796

---------
new GTheader at pos=132 or 66 words (74):
Event.hdr[ 0]=0x1f37,   7991
Event.hdr[ 1]=0x300a,  12298
Event.hdr[ 2]=0x9c43,  40003
Event.hdr[ 3]=0x517f,  20863
Event.hdr[ 4]=0x02c7,    711
Event.hdr[ 5]=0x53fd,  21501
Event.hdr[ 6]=0x0e01,   3585
Event.hdr[ 7]=0x0000,      0
Event.hdr[ 8]=0x0000,      0
Event.hdr[ 9]=0xfee8,  65256
Event.hdr[10]=0xd400,  54272
Event.hdr[11]=0x012e,    302
Event.hdr[12]=0x6400,  25600
Event.hdr[13]=0x0003,      3
Event.len=  44, Event.traceLen=  12 (in Bytes)
Event.len=  22, Event.traceLen=   6 (in 16 bit words)
Event.len=  11, Event.traceLen=   3 (in 32 bit words)
next start: 0xaaaaaaaa, pos= 176
0x1f37 module_id = 31 crystal_id = 0 digitizer_id = 3 chan_id = 7 ge_id = 124 channel = 37  -> is segment
ncrystal=1
wrote trace to CCpulse_009_00_01.xy
two's comp tempE  ::      87037      87037 0x000153fd |0000|0000|0000|0001|0101|0011|1111|1101|
rawE              ::      87037      87037 0x000153fd |0000|0000|0000|0001|0101|0011|1111|1101|
rawE (sign change)::      87037      87037 0x000153fd |0000|0000|0000|0001|0101|0011|1111|1101|
Event.ehi=            2719 0x00000a9f
Event.ehi=271 (gain changed)
Event.LEDts =        3055089065027
Event.CFDts =         111670853644

---------
new GTheader at pos=176 or 88 words (96):
Event.hdr[ 0]=0x1f38,   7992
Event.hdr[ 1]=0x300a,  12298
Event.hdr[ 2]=0x9c43,  40003
Event.hdr[ 3]=0x517f,  20863
Event.hdr[ 4]=0x02c7,    711
Event.hdr[ 5]=0x8b7f,  35711
Event.hdr[ 6]=0x1ff9,   8185
Event.hdr[ 7]=0x0000,      0
Event.hdr[ 8]=0x0000,      0
Event.hdr[ 9]=0xa9b4,  43444
Event.hdr[10]=0x59fc,  23036
Event.hdr[11]=0xf97c,  63868
Event.hdr[12]=0xb0bb,  45243
Event.hdr[13]=0x07f2,   2034
Event.len=  44, Event.traceLen=  12 (in Bytes)
Event.len=  22, Event.traceLen=   6 (in 16 bit words)
Event.len=  11, Event.traceLen=   3 (in 32 bit words)
0x1f38 module_id = 31 crystal_id = 0 digitizer_id = 3 chan_id = 8 ge_id = 124 channel = 38  -> is segment
ncrystal=1
wrote trace to CCpulse_009_00_01.xy
two's comp tempE  ::   16354175   16354175 0x00f98b7f |0000|0000|1111|1001|1000|1011|0111|1111|
rawE              :: 4294544255    -423041 0xfff98b7f |1111|1111|1111|1001|1000|1011|0111|1111|
rawE (sign change)::     423041     423041 0x00067481 |0000|0000|0000|0110|0111|0100|1000|0001|
Event.ehi=           13220 0x000033a4
Event.ehi=1322 (gain changed)
Event.LEDts =        3055089065027
Event.CFDts =         657143824396
exit bin_mode3
*end of event # 9
+++++++++++++++++++++++++++++++
ev#     9 GEB_TYPE_DECOMP        464Bytes TS=3055089095809 curTS=3055089095711 dTS= 98
ev#     9 GEB_TYPE_DECOMP        464Bytes TS=3055089095811 curTS=3055089095711 dTS= 100
ev#     9 GEB_TYPE_GT_MOD29      440Bytes TS=3055089096205 curTS=3055089095711 dTS= 494
GEBGetEv returned st=0
we have read 7412 bytes; CurEvNo=10

+++++++++++++++++++++++++++++++
*start event # 10 with multiplicity 3 looks like this:
 0>  1, GEB_TYPE_DECOMP      , TS=3055089095711
 1>  1, GEB_TYPE_DECOMP      , TS=3055089095809
 2>  1, GEB_TYPE_DECOMP      , TS=3055089095811
entered bin_mode2: 10/10
ptinp->pad= 128, (ptinp->pad&0x000000ff)= 128
ptinp->pad= 6, (ptinp->pad&0x000000ff)= 6
ptinp->pad= 6, (ptinp->pad&0x000000ff)= 6
updated CCadd with    0.00
total number of hits in array: 0
exit bin_mode2
entered bin_mode3 @ event number: 10 
exit bin_mode3
*end of event # 10
+++++++++++++++++++++++++++++++
ev#    10 GEB_TYPE_GT_MOD29      440Bytes TS=3055089098951 curTS=3055089096205 dTS= 2746
ev# 50000 GEB_TYPE_DECOMP        464Bytes TS=3055718168165 curTS=3055718168023 dTS= 142
ev# 50000 GEB_TYPE_DECOMP        464Bytes TS=3055718168213 curTS=3055718168023 dTS= 190
ev# 100000 GEB_TYPE_DECOMP        464Bytes TS=3056350937463 curTS=3056350936921 dTS= 542
ev# 150000 GEB_TYPE_DECOMP        464Bytes TS=3057010535039 curTS=3057010535039 dTS= 0
ev# 150000 GEB_TYPE_DECOMP        464Bytes TS=3057010535151 curTS=3057010535039 dTS= 112
ev# 150000 GEB_TYPE_DECOMP        464Bytes TS=3057010535153 curTS=3057010535039 dTS= 114
ev# 150000 GEB_TYPE_DECOMP        464Bytes TS=3057010535153 curTS=3057010535039 dTS= 114
ev# 150000 GEB_TYPE_DECOMP        464Bytes TS=3057010535153 curTS=3057010535039 dTS= 114
ev# 150000 GEB_TYPE_DECOMP        464Bytes TS=3057010535269 curTS=3057010535039 dTS= 230
ev# 200000 GEB_TYPE_GT_MOD29      440Bytes TS=3057661222579 curTS=3057661222071 dTS= 508
ev# 250000 GEB_TYPE_DECOMP        464Bytes TS=3058312568993 curTS=3058312568751 dTS= 242
ev# 300000 GEB_TYPE_DECOMP        464Bytes TS=3058947297271 curTS=3058947272865 dTS= 24406
ev# 350000 GEB_TYPE_DECOMP        464Bytes TS=3059560577051 curTS=3059560576993 dTS= 58
ev# 350000 GEB_TYPE_DECOMP        464Bytes TS=3059560577151 curTS=3059560576993 dTS= 158
ev# 400000 GEB_TYPE_DECOMP        464Bytes TS=3060207455809 curTS=3060207455781 dTS= 28
ev# 400000 GEB_TYPE_DECOMP        464Bytes TS=3060207455813 curTS=3060207455781 dTS= 32
ev# 400000 GEB_TYPE_DECOMP        464Bytes TS=3060207456739 curTS=3060207455781 dTS= 958
ev# 450000 GEB_TYPE_GT_MOD29      440Bytes TS=3060891719473 curTS=3060891704585 dTS= 14888
ev# 500000 GEB_TYPE_DECOMP        464Bytes TS=3061521158873 curTS=3061521158871 dTS= 2
ev# 500000 GEB_TYPE_DECOMP        464Bytes TS=3061521158873 curTS=3061521158871 dTS= 2
ev# 500000 GEB_TYPE_DECOMP        464Bytes TS=3061521158877 curTS=3061521158871 dTS= 6
ev# 500000 GEB_TYPE_DECOMP        464Bytes TS=3061521158881 curTS=3061521158871 dTS= 10
ev# 500000 GEB_TYPE_DECOMP        464Bytes TS=3061521158993 curTS=3061521158871 dTS= 122
ev# 500000 GEB_TYPE_DECOMP        464Bytes TS=3061521228863 curTS=3061521158871 dTS= 69992
ev# 550000 GEB_TYPE_DECOMP        464Bytes TS=3062157859941 curTS=3062157802765 dTS= 57176
ev# 600000 GEB_TYPE_DECOMP        464Bytes TS=3062791465087 curTS=3062791465075 dTS= 12
ev# 600000 GEB_TYPE_DECOMP        464Bytes TS=3062791465089 curTS=3062791465075 dTS= 14
ev# 600000 GEB_TYPE_GT_MOD29      440Bytes TS=3062791465627 curTS=3062791465075 dTS= 552
ev# 650000 GEB_TYPE_DECOMP        464Bytes TS=3063444666139 curTS=3063444666135 dTS= 4
ev# 650000 GEB_TYPE_GT_MOD29      440Bytes TS=3063444691927 curTS=3063444666135 dTS= 25792
ev# 700000 GEB_TYPE_DECOMP        464Bytes TS=3064097004377 curTS=3064097004235 dTS= 142
ev# 700000 GEB_TYPE_DECOMP        464Bytes TS=3064097004381 curTS=3064097004235 dTS= 146
ev# 700000 GEB_TYPE_DECOMP        464Bytes TS=3064097004383 curTS=3064097004235 dTS= 148
ev# 700000 GEB_TYPE_DECOMP        464Bytes TS=3064097004383 curTS=3064097004235 dTS= 148
ev# 700000 GEB_TYPE_DECOMP        464Bytes TS=3064097004441 curTS=3064097004235 dTS= 206
ev# 750000 GEB_TYPE_DECOMP        464Bytes TS=3064736238979 curTS=3064736221913 dTS= 17066
ev# 800000 GEB_TYPE_DECOMP        464Bytes TS=3065409425371 curTS=3065409425315 dTS= 56
ev# 800000 GEB_TYPE_DECOMP        464Bytes TS=3065409425373 curTS=3065409425315 dTS= 58
ev# 800000 GEB_TYPE_DECOMP        464Bytes TS=3065409425373 curTS=3065409425315 dTS= 58
ev# 800000 GEB_TYPE_DECOMP        464Bytes TS=3065409463805 curTS=3065409425315 dTS= 38490
ev# 850000 GEB_TYPE_DECOMP        464Bytes TS=3066083622445 curTS=3066083580183 dTS= 42262
ev# 900000 GEB_TYPE_GT_MOD29      440Bytes TS=3066772192775 curTS=3066772192185 dTS= 590
ev# 950000 GEB_TYPE_DECOMP        464Bytes TS=3067454186425 curTS=3067454186417 dTS= 8
ev# 950000 GEB_TYPE_DECOMP        464Bytes TS=3067454186427 curTS=3067454186417 dTS= 10
ev# 950000 GEB_TYPE_DECOMP        464Bytes TS=3067454186431 curTS=3067454186417 dTS= 14
ev# 950000 GEB_TYPE_DECOMP        464Bytes TS=3067454222447 curTS=3067454186417 dTS= 36030

Sorting is done
attempting to save root or map file



mean observed polar and azimuth angles
for the detectors we saw (module,crystal)

------------------------------------------
mean pol/azi angle for detector  56 are   96.75/ 119.47
mean pol/azi angle for detector  57 are  100.43/ 138.30
mean pol/azi angle for detector  58 are   83.35/ 132.65
mean pol/azi angle for detector  59 are   79.62/ 114.01
mean pol/azi angle for detector  60 are   87.37/ 152.65
mean pol/azi angle for detector  61 are  105.28/ 157.73
mean pol/azi angle for detector  62 are   93.12/ 168.25
mean pol/azi angle for detector  63 are   73.79/ 165.99
mean pol/azi angle for detector  68 are   87.15/-134.97
mean pol/azi angle for detector  69 are  105.31/-130.01
mean pol/azi angle for detector  70 are   92.86/-116.94
mean pol/azi angle for detector  71 are   74.11/-121.84
mean pol/azi angle for detector  76 are   87.47/ -63.20
mean pol/azi angle for detector  77 are  105.28/ -58.10
mean pol/azi angle for detector  78 are   92.98/ -44.99
mean pol/azi angle for detector  79 are   74.20/ -49.85
mean pol/azi angle for detector  84 are  112.28/  33.57
mean pol/azi angle for detector  85 are  125.24/  17.33
mean pol/azi angle for detector  86 are  130.67/  39.22
mean pol/azi angle for detector  87 are  115.92/  52.99
mean pol/azi angle for detector  88 are  112.40/ 105.54
mean pol/azi angle for detector  89 are  124.96/  89.32
mean pol/azi angle for detector  90 are  130.78/ 111.13
mean pol/azi angle for detector  91 are  115.77/ 124.97
mean pol/azi angle for detector  96 are  112.63/-110.64
mean pol/azi angle for detector  97 are  124.88/-126.63
mean pol/azi angle for detector  98 are  130.90/-104.97
mean pol/azi angle for detector  99 are  115.84/ -91.02
mean pol/azi angle for detector 100 are  112.42/ -38.60
mean pol/azi angle for detector 101 are  124.74/ -55.03
mean pol/azi angle for detector 102 are  130.68/ -32.98
mean pol/azi angle for detector 103 are  115.76/ -19.11
mean pol/azi angle for detector 104 are  144.49/  88.31
mean pol/azi angle for detector 105 are  132.64/  65.84
mean pol/azi angle for detector 106 are  148.89/  54.00
mean pol/azi angle for detector 107 are  162.35/  88.36
mean pol/azi angle for detector 108 are  144.72/ 160.11
mean pol/azi angle for detector 109 are  132.71/ 137.93
mean pol/azi angle for detector 110 are  149.57/ 125.37
mean pol/azi angle for detector 111 are  162.31/ 109.88
mean pol/azi angle for detector 116 are  144.38/ -55.97
mean pol/azi angle for detector 117 are  132.55/ -78.25
mean pol/azi angle for detector 118 are  148.95/ -90.31
mean pol/azi angle for detector 119 are  162.39/ -56.25
we found 44 crystals
------------------------------------------

minimum pol angle between crystals is  18.65
compactness =  64.39%, 85 of 264
module hit statistics
module  14, crystal 0 was hit      80161 times
module  14, crystal 1 was hit      86466 times
module  14, crystal 2 was hit      85021 times
module  14, crystal 3 was hit      75262 times
module  15, crystal 0 was hit      86307 times
module  15, crystal 1 was hit      78247 times
module  15, crystal 2 was hit      73318 times
module  15, crystal 3 was hit      76465 times
module  17, crystal 0 was hit      63309 times
module  17, crystal 1 was hit      62983 times
module  17, crystal 2 was hit      63407 times
module  17, crystal 3 was hit      65449 times
module  19, crystal 0 was hit      59131 times
module  19, crystal 1 was hit      61823 times
module  19, crystal 2 was hit      73909 times
module  19, crystal 3 was hit      70691 times
module  21, crystal 0 was hit      73432 times
module  21, crystal 1 was hit      64434 times
module  21, crystal 2 was hit      76569 times
module  21, crystal 3 was hit      73351 times
module  22, crystal 0 was hit      78716 times
module  22, crystal 1 was hit      74047 times
module  22, crystal 2 was hit      83662 times
module  22, crystal 3 was hit      77521 times
module  24, crystal 0 was hit      66501 times
module  24, crystal 1 was hit      64345 times
module  24, crystal 2 was hit      67668 times
module  24, crystal 3 was hit      61757 times
module  25, crystal 0 was hit      63396 times
module  25, crystal 1 was hit      66823 times
module  25, crystal 2 was hit      64376 times
module  25, crystal 3 was hit      62489 times
module  26, crystal 0 was hit      73827 times
module  26, crystal 1 was hit      72755 times
module  26, crystal 2 was hit      72088 times
module  26, crystal 3 was hit      68528 times
module  27, crystal 0 was hit      77142 times
module  27, crystal 1 was hit      74389 times
module  27, crystal 2 was hit      77189 times
module  27, crystal 3 was hit      70595 times
module  29, crystal 0 was hit      63240 times
module  29, crystal 1 was hit      62287 times
module  29, crystal 2 was hit      68543 times
module  29, crystal 3 was hit      61824 times

bin_mode2: pad distribution
__id   0,      1362614, 94.58%
__id   2,          166,  0.01%
__id   3,          411,  0.03%
__id   4,          437,  0.03%
__id   5,         2678,  0.19%
__id   6,         6011,  0.42%
__id 128,        68184,  4.73%
__id 133,          152,  0.01%

bin_mode2 calculated mean CCsum energy to be  746.279 keV
bin_mode2 calculated mean CCadd energy to be 1030.884 keV
attempting to close root file...
Pars.f1->Write();
Pars.f1->Print();
TFile: name=/lcrc/project/HELIOS/gretinafma/root_data/run117.root, title=, option=CREATE
TH1.Print Name  = dtbtev, Entries= 1913769, Total sum= 1.91377e+06
TH1.Print Name  = T0, Entries= 0, Total sum= 0
TH1.Print Name  = hitpat, Entries= 1362614, Total sum= 1.36261e+06
TH1.Print Name  = numHitArray2, Entries= 1000000, Total sum= 696166
TH1.Print Name  = CCmult, Entries= 1000000, Total sum= 999999
TH1.Print Name  = CCsum, Entries= 3123344, Total sum= 1.36259e+06
TH1.Print Name  = hit2, Entries= 150548, Total sum= 150365
TH1.Print Name  = hit3, Entries= 79907, Total sum= 79334
TH1.Print Name  = hit4, Entries= 44682, Total sum= 43612
TH1.Print Name  = CCsum_nodop, Entries= 3123344, Total sum= 1.36259e+06
TH1.Print Name  = CCadd, Entries= 1000000, Total sum= 688473
TH1.Print Name  = SEGadd_FPGA, Entries= 200000000, Total sum= 1.36195e+06
TH1.Print Name  = SEGadd_PSA, Entries= 200000000, Total sum= 1.35522e+06
TH1.Print Name  = SEGsum_FPGA, Entries= 2102440, Total sum= 2.10196e+06
TH1.Print Name  = SEGsum_PSA, Entries= 3123443, Total sum= 3.09981e+06
TH1.Print Name  = radius_all, Entries= 3123443, Total sum= 3.12344e+06
TH1.Print Name  = rate_mode2_min, Entries= 1362613, Total sum= 22710.2
TH1.Print Name  = rate_mode2_sec, Entries= 1362613, Total sum= 1.36261e+06
TH1.Print Name  = rate_mode2_intp, Entries= 1362613, Total sum= 52057.4
TH1.Print Name  = cdtbtev, Entries= 295247, Total sum= 295247
TH1.Print Name  = evsr_all, Entries= 3123443, Total sum= 3.05262e+06
TH1.Print Name  = SMAP_allhits, Entries= 3123443, Total sum= 3.12344e+06
TH1.Print Name  = SMAP_allhits_sq, Entries= 3123443, Total sum= 3.12344e+06
TH1.Print Name  = seghitpat, Entries= 3123443, Total sum= 3.12344e+06
TH1.Print Name  = CCe, Entries= 3123344, Total sum= 1.36259e+06
TH1.Print Name  = ggCC, Entries= 2697256, Total sum= 2.35893e+06
TH1.Print Name  = z_plot, Entries= 3123443, Total sum= 3.12055e+06
TH1.Print Name  = crystal_hit, Entries= 0, Total sum= 0
TH1.Print Name  = SegE, Entries= 3122698, Total sum= 3.1227e+06
TH1.Print Name  = crXcr, Entries= 1348628, Total sum= 1.34863e+06
******************************************************************************
*Tree    :tree      : tree                                                   *
*Entries :  1000000 : Total =       152872736 bytes  File  Size =   37056547 *
*        :          : Tree compression factor =   4.13                       *
******************************************************************************
*Br    0 :runNumber : runNumber/I                                            *
*Entries :  1000000 : Total  Size=    4010425 bytes  File Size  =      30727 *
*Baskets :      101 : Basket Size=    1342976 bytes  Compression= 130.43     *
*............................................................................*
*Br    1 :numHits   : numHits/I                                              *
*Entries :  1000000 : Total  Size=    4010215 bytes  File Size  =      30523 *
*Baskets :      101 : Basket Size=    1342976 bytes  Compression= 131.29     *
*............................................................................*
*Br    2 :left      : left[numHits]/F                                        *
*Entries :  1000000 : Total  Size=    8031201 bytes  File Size  =    2943771 *
*Baskets :      299 : Basket Size=    9023488 bytes  Compression=   2.73     *
*............................................................................*
*Br    3 :right     : right[numHits]/F                                       *
*Entries :  1000000 : Total  Size=    8031504 bytes  File Size  =    2921764 *
*Baskets :      299 : Basket Size=    9023488 bytes  Compression=   2.75     *
*............................................................................*
*Br    4 :up        : up[numHits]/F                                          *
*Entries :  1000000 : Total  Size=    8030595 bytes  File Size  =    2904411 *
*Baskets :      299 : Basket Size=    9022976 bytes  Compression=   2.76     *
*............................................................................*
*Br    5 :down      : down[numHits]/F                                        *
*Entries :  1000000 : Total  Size=    8031201 bytes  File Size  =    2929279 *
*Baskets :      299 : Basket Size=    9023488 bytes  Compression=   2.74     *
*............................................................................*
*Br    6 :e1        : e1[numHits]/F                                          *
*Entries :  1000000 : Total  Size=    8030595 bytes  File Size  =    2822635 *
*Baskets :      299 : Basket Size=    9022976 bytes  Compression=   2.84     *
*............................................................................*
*Br    7 :e2        : e2[numHits]/F                                          *
*Entries :  1000000 : Total  Size=    8030595 bytes  File Size  =    2790210 *
*Baskets :      299 : Basket Size=    9022976 bytes  Compression=   2.88     *
*............................................................................*
*Br    8 :e3        : e3[numHits]/F                                          *
*Entries :  1000000 : Total  Size=    8030595 bytes  File Size  =    2745219 *
*Baskets :      299 : Basket Size=    9022976 bytes  Compression=   2.92     *
*............................................................................*
*Br    9 :tac       : tac[numHits]/F                                         *
*Entries :  1000000 : Total  Size=    8030898 bytes  File Size  =    2492389 *
*Baskets :      299 : Basket Size=    9022976 bytes  Compression=   3.22     *
*............................................................................*
*Br   10 :fmaDeltaTime : fmaDeltaTime[numHits]/F                             *
*Entries :  1000000 : Total  Size=    8033625 bytes  File Size  =    2155458 *
*Baskets :      299 : Basket Size=    9024512 bytes  Compression=   3.72     *
*............................................................................*
*Br   11 :fmaMult   : fmaMult[10]/I                                          *
*Entries :  1000000 : Total  Size=   40097737 bytes  File Size  =    1071546 *
*Baskets :      994 : Basket Size=   25600000 bytes  Compression=  37.40     *
*............................................................................*
*Br   12 :gammaMult : gammaMult/I                                            *
*Entries :  1000000 : Total  Size=    4010425 bytes  File Size  =     697468 *
*Baskets :      101 : Basket Size=    1342976 bytes  Compression=   5.75     *
*............................................................................*
*Br   13 :gammaEnergy : gammaEnergy[gammaMult]/F                             *
*Entries :  1000000 : Total  Size=    9487746 bytes  File Size  =    6555350 *
*Baskets :      335 : Basket Size=    9516544 bytes  Compression=   1.45     *
*............................................................................*
*Br   14 :gammaTimestamp : gammaTimestamp[gammaMult]/F                       *
*Entries :  1000000 : Total  Size=    9488876 bytes  File Size  =    1615903 *
*Baskets :      336 : Basket Size=    9517056 bytes  Compression=   5.87     *
*............................................................................*
*Br   15 :deltaTime : deltaTime[gammaMult]/F                                 *
*Entries :  1000000 : Total  Size=    9487068 bytes  File Size  =    2307646 *
*Baskets :      335 : Basket Size=    9516544 bytes  Compression=   4.11     *
*............................................................................*
TH1.Print Name  = eCC_a, Entries= 0, Total sum= 0
TH1.Print Name  = eCC_b, Entries= 0, Total sum= 0
TH1.Print Name  = eCC_c, Entries= 0, Total sum= 0
TH1.Print Name  = eCC_d, Entries= 137641, Total sum= 0
TH1.Print Name  = eSeg, Entries= 0, Total sum= 0
TH1.Print Name  = mode3_hitpat, Entries= 4705162, Total sum= 0
TH1.Print Name  = mode3_hitpat_chan, Entries= 4705162, Total sum= 4.70516e+06
TH1.Print Name  = chan0, Entries= 0, Total sum= 0
TH1.Print Name  = module, Entries= 4705162, Total sum= 4.70516e+06
TH1.Print Name  = chan, Entries= 4705162, Total sum= 4.70184e+06
TH1.Print Name  = l, Entries= 470516, Total sum= 470433
TH1.Print Name  = r, Entries= 470516, Total sum= 470513
TH1.Print Name  = up, Entries= 470515, Total sum= 470513
TH1.Print Name  = down, Entries= 470517, Total sum= 470517
TH1.Print Name  = sumlr, Entries= 457693, Total sum= 457693
TH1.Print Name  = sumud, Entries= 439252, Total sum= 439252
TH1.Print Name  = x, Entries= 457693, Total sum= 457693
TH1.Print Name  = y, Entries= 439252, Total sum= 439252
TH1.Print Name  = de1, Entries= 470517, Total sum= 470498
TH1.Print Name  = de2, Entries= 470517, Total sum= 470516
TH1.Print Name  = de3, Entries= 470516, Total sum= 469407
TH1.Print Name  = de12, Entries= 407183, Total sum= 407183
TH1.Print Name  = etot, Entries= 407183, Total sum= 407183
TH1.Print Name  = rftof, Entries= 470516, Total sum= 468682
TH1.Print Name  = lr, Entries= 1000000, Total sum= 999914
TH1.Print Name  = ud, Entries= 1000000, Total sum= 999998
TH1.Print Name  = ede1, Entries= 407183, Total sum= 407183
TH1.Print Name  = ede1g, Entries= 72317, Total sum= 72301
TH1.Print Name  = ede2, Entries= 407183, Total sum= 407183
TH1.Print Name  = ede12, Entries= 407183, Total sum= 407183
TH1.Print Name  = xde1, Entries= 407183, Total sum= 407183
TH1.Print Name  = erftof, Entries= 1000000, Total sum= 998166
TH1.Print Name  = erftofg, Entries= 31328, Total sum= 31258
TH1.Print Name  = sumehi, Entries= 1362614, Total sum= 1.36261e+06
TH1.Print Name  = tgppac, Entries= 1362614, Total sum= 366898
TH1.Print Name  = tgppacg, Entries= 72317, Total sum= 72317
TH1.Print Name  = xehi1, Entries= 1362614, Total sum= 1.36261e+06
TH1.Print Name  = xehi1g, Entries= 72317, Total sum= 72317
TH1.Print Name  = de1ehi, Entries= 1362614, Total sum= 1.36257e+06
TH1.Print Name  = de1ehig, Entries= 72317, Total sum= 72301
TH1.Print Name  = ng, Entries= 1000000, Total sum= 1e+06
TH1.Print Name  = ehiz1, Entries= 0, Total sum= 0
TH1.Print Name  = ehiz2, Entries= 0, Total sum= 0
TH1.Print Name  = ehiz3, Entries= 0, Total sum= 0
TH1.Print Name  = ehiz4, Entries= 0, Total sum= 0
TH1.Print Name  = ehiz5, Entries= 0, Total sum= 0
TH1.Print Name  = gg_dt, Entries= 89526, Total sum= 89526
TH1.Print Name  = gg, Entries= 179052, Total sum= 176500
TH1.Print Name  = gg_z1, Entries= 0, Total sum= 0
TH1.Print Name  = gg_z2, Entries= 0, Total sum= 0
TH1.Print Name  = gg_z3, Entries= 0, Total sum= 0
TH1.Print Name  = gg_z4, Entries= 0, Total sum= 0
TH1.Print Name  = gg_z5, Entries= 0, Total sum= 0
Pars.f1->Close();
done saving rootfile "/lcrc/project/HELIOS/gretinafma/root_data/run117.root


read 1000000 events; Pars.beta=0.0330; time since last update 1 minutes
CommandFileName="GEBSort.command"

sorted timestamp range 3055088840825-->3068115913463: 13027072638
that is 130.3 seconds or 0h2m10s
^^^^^ any timestamp jumps will upset this accounting

hit statistics per type
 1 GEB_TYPE_DECOMP          1440653 ;  11058.92 Hz 
 8 GEB_TYPE_GT_MOD29         473116 ;   3631.79 Hz 
read a total of              1913769 ; header/payloads


nn1=0
nn2=1913770
nn3=1913770

nok_validate= 1000000, ntot_validate=1000000; validate fraction 100.00%

bytes read=906110904, 864.134697 MB

boniva sancta! ...GEBSort (unexpectedly) did not crash!

 ** GEBSort is done at 
