started GEBSort at we have 9 arguments
1... -input
will take input from disk
file size is 25388637712 bytes or 24793 MBytes

4... -rootfile
rootfile name specified on command line
__will store spectra in rootfile: /lcrc/project/HELIOS/gretinafma/root_data/run129.root
will recreate root file
7... -chat
core file size          (blocks, -c) unlimited
data seg size           (kbytes, -d) unlimited
scheduling priority             (-e) 0
file size               (blocks, -f) unlimited
pending signals                 (-i) 510315
max locked memory       (kbytes, -l) unlimited
max memory size         (kbytes, -m) 128769024
open files                      (-n) 51200
pipe size            (512 bytes, -p) 8
POSIX message queues     (bytes, -q) 819200
real-time priority              (-r) 0
stack size              (kbytes, -s) unlimited
cpu time               (seconds, -t) unlimited
max user processes              (-u) 4096
virtual memory          (kbytes, -v) unlimited
file locks                      (-x) unlimited
will read sorting instructions from chatfile: GEBSort.chat

executing UserDeclare.h code


GEBsort running on: 

initializing

crmat.LINUX is open (input) binary format
read 7936 bytes into Pars.crmat
chat file: <GEBSort.chat> open

will sort a max of 1410065408 events
will sort a max of 1000000 events
will sort 86400 minutes of data
will print details of the first 10 events
will use Pars.Beta (v/c) correction of 0.033000
will sort using a time window of 150
Pars.do_bin_mode2=1
Pars.do_bin_mode3=1
will accept second interaction range between 10.000000 and 500.000000 mm
"1-200"
detector   1 is ENABLED
detector   2 is ENABLED
detector   3 is ENABLED
detector   4 is ENABLED
detector   5 is ENABLED
detector   6 is ENABLED
detector   7 is ENABLED
detector   8 is ENABLED
detector   9 is ENABLED
detector  10 is ENABLED
detector  11 is ENABLED
detector  12 is ENABLED
detector  13 is ENABLED
detector  14 is ENABLED
detector  15 is ENABLED
detector  16 is ENABLED
detector  17 is ENABLED
detector  18 is ENABLED
detector  19 is ENABLED
detector  20 is ENABLED
detector  21 is ENABLED
detector  22 is ENABLED
detector  23 is ENABLED
detector  24 is ENABLED
detector  25 is ENABLED
detector  26 is ENABLED
detector  27 is ENABLED
detector  28 is ENABLED
detector  29 is ENABLED
detector  30 is ENABLED
detector  31 is ENABLED
detector  32 is ENABLED
detector  33 is ENABLED
detector  34 is ENABLED
detector  35 is ENABLED
detector  36 is ENABLED
detector  37 is ENABLED
detector  38 is ENABLED
detector  39 is ENABLED
detector  40 is ENABLED
detector  41 is ENABLED
detector  42 is ENABLED
detector  43 is ENABLED
detector  44 is ENABLED
detector  45 is ENABLED
detector  46 is ENABLED
detector  47 is ENABLED
detector  48 is ENABLED
detector  49 is ENABLED
detector  50 is ENABLED
detector  51 is ENABLED
detector  52 is ENABLED
detector  53 is ENABLED
detector  54 is ENABLED
detector  55 is ENABLED
detector  56 is ENABLED
detector  57 is ENABLED
detector  58 is ENABLED
detector  59 is ENABLED
detector  60 is ENABLED
detector  61 is ENABLED
detector  62 is ENABLED
detector  63 is ENABLED
detector  64 is ENABLED
detector  65 is ENABLED
detector  66 is ENABLED
detector  67 is ENABLED
detector  68 is ENABLED
detector  69 is ENABLED
detector  70 is ENABLED
detector  71 is ENABLED
detector  72 is ENABLED
detector  73 is ENABLED
detector  74 is ENABLED
detector  75 is ENABLED
detector  76 is ENABLED
detector  77 is ENABLED
detector  78 is ENABLED
detector  79 is ENABLED
detector  80 is ENABLED
detector  81 is ENABLED
detector  82 is ENABLED
detector  83 is ENABLED
detector  84 is ENABLED
detector  85 is ENABLED
detector  86 is ENABLED
detector  87 is ENABLED
detector  88 is ENABLED
detector  89 is ENABLED
detector  90 is ENABLED
detector  91 is ENABLED
detector  92 is ENABLED
detector  93 is ENABLED
detector  94 is ENABLED
detector  95 is ENABLED
detector  96 is ENABLED
detector  97 is ENABLED
detector  98 is ENABLED
detector  99 is ENABLED
detector 100 is ENABLED
detector 101 is ENABLED
detector 102 is ENABLED
detector 103 is ENABLED
detector 104 is ENABLED
detector 105 is ENABLED
detector 106 is ENABLED
detector 107 is ENABLED
detector 108 is ENABLED
detector 109 is ENABLED
detector 110 is ENABLED
detector 111 is ENABLED
detector 112 is ENABLED
detector 113 is ENABLED
detector 114 is ENABLED
detector 115 is ENABLED
detector 116 is ENABLED
detector 117 is ENABLED
detector 118 is ENABLED
detector 119 is ENABLED
detector 120 is ENABLED
detector 121 is ENABLED
detector 122 is ENABLED
detector 123 is ENABLED
detector 124 is ENABLED
detector 125 is ENABLED
detector 126 is ENABLED
detector 127 is ENABLED
detector 128 is ENABLED
detector 129 is ENABLED
detector 130 is ENABLED
detector 131 is ENABLED
detector 132 is ENABLED
detector 133 is ENABLED
detector 134 is ENABLED
detector 135 is ENABLED
detector 136 is ENABLED
detector 137 is ENABLED
detector 138 is ENABLED
detector 139 is ENABLED
detector 140 is ENABLED
detector 141 is ENABLED
detector 142 is ENABLED
detector 143 is ENABLED
detector 144 is ENABLED
detector 145 is ENABLED
detector 146 is ENABLED
detector 147 is ENABLED
detector 148 is ENABLED
detector 149 is ENABLED
detector 150 is ENABLED
detector 151 is ENABLED
detector 152 is ENABLED
detector 153 is ENABLED
detector 154 is ENABLED
detector 155 is ENABLED
detector 156 is ENABLED
detector 157 is ENABLED
detector 158 is ENABLED
detector 159 is ENABLED
detector 160 is ENABLED
detector 161 is ENABLED
detector 162 is ENABLED
detector 163 is ENABLED
detector 164 is ENABLED
detector 165 is ENABLED
detector 166 is ENABLED
detector 167 is ENABLED
detector 168 is ENABLED
detector 169 is ENABLED
detector 170 is ENABLED
detector 171 is ENABLED
detector 172 is ENABLED
detector 173 is ENABLED
detector 174 is ENABLED
detector 175 is ENABLED
detector 176 is ENABLED
detector 177 is ENABLED
detector 178 is ENABLED
detector 179 is ENABLED
detector 180 is ENABLED
detector 181 is ENABLED
detector 182 is ENABLED
detector 183 is ENABLED
detector 184 is ENABLED
detector 185 is ENABLED
detector 186 is ENABLED
detector 187 is ENABLED
detector 188 is ENABLED
detector 189 is ENABLED
detector 190 is ENABLED
detector 191 is ENABLED
detector 192 is ENABLED
detector 193 is ENABLED
detector 194 is ENABLED
detector 195 is ENABLED
detector 196 is ENABLED
detector 197 is ENABLED
detector 198 is ENABLED
detector 199 is ENABLED
WARNING: could not open CCcal file "CCenergy.cal", quit
will use beam direction 0.000000 0.000000 1.000000
vector length= 1.000000, normalizing
will use beam direction 0.000000 0.000000 1.000000
Pars.ndetlimlo=1,Pars.ndetlimhi=8
will require mult bt: 1 20
fomlimits, 1, 0.00 ..to.. 0.80
fomlimits, 2, 0.00 ..to.. 0.80
fomlimits, 3, 0.00 ..to.. 0.80
fomlimits, 4, 0.00 ..to.. 0.80
fomlimits, 5, 0.00 ..to.. 0.80
fomlimits, 6, 0.00 ..to.. 0.80
fomlimits, 7, 0.00 ..to.. 0.80
will use M= 350.000000 in bin_dgs
will use PZ file "dgs_pz.cal" in bin_dgs
will use ecal file "dgs_ehi.cal" in bin_dgs
will skip rest of chat file

chat file: <GEBSort.chat> closed
processed 39 sort instructions and 198 lines


sorting this:
Pars.do_bin_mode3 = 1
Pars.do_bin_mode2 = 1
Pars.do_bin_mode1 = 0
Pars.do_bin_dgs = 0
Pars.do_bin_dfma = 0
Pars.do_bin_gtcal = 0
Pars.do_bin_template = 0
Pars.do_bin_final = 0
Pars.do_bin_angcor = 0
Pars.do_bin_angdis = 0
checking proper input of chat file...
input file "/lcrc/project/HELIOS/gretinafma/merged_data/GEBMerged_run129.gtd_000" is open, inData=0x25e42a60
file size is -381166064 bytes or -372 MBs 
input source is set up, supposedly

xyz offset values:

executing ShareMemFileUserInit.h code

deleted \rm -f GEBSort.command
root file </lcrc/project/HELIOS/gretinafma/root_data/run129.root>
base=</lcrc/project/HELIOS/gretinafma/root_data/run129.root:/>
TFile: name=/lcrc/project/HELIOS/gretinafma/root_data/run129.root, title=, option=CREATE

executing UserInit.h code

Created Object "dtbtev", 0x26e97f30
Created Object "T0", 0x26e98340
, "T0"Created Object "hitpat", 0x26e98730
, "hitpat"Created Object "numHitArray2", 0x26e99180
, "numHitArray2"Created Object "CCmult", 0x26e99bd0
, "CC Multiplicity"Created Object "CCsum", 0x2716b960
, "CCsum"Created Object "hit2", 0x2717b770
, "hit2"Created Object "hit3", 0x2718b580
, "hit3"Created Object "hit4", 0x2719b390
, "hit4"Created Object "CCsum_nodop", 0x271ab1a0
, "CCsum_nodop"Created Object "CCadd", 0x271bafb0
, "CCadd"Created Object "SEGadd_FPGA", 0x271cadc0
Created Object "SEGadd_PSA", 0x271cb1d0
Created Object "SEGsum_FPGA", 0x271cb5e0
Created Object "SEGsum_PSA", 0x271cb9f0
Created Object "radius_all", 0x271cbe00
, "radius (all points)"Created Object "rate_mode2_min", 0x271d4210
, "rate_mode2_min headers"Created Object "rate_mode2_sec", 0x271d7320
, "rate_mode2_sec headers"Created Object "rate_mode2_intp", 0x271da430
, "rate_mode2 interaction points"Created Object "cdtbtev", 0x271dd540
Created Object "evsr_all", 0x272a34b0
Created Object "SMAP_allhits", 0x272a39f0
Created Object "SMAP_allhits_sq", 0x273a3380
Created Object "seghitpat", 0x274a2d10
Created Object "CCe", 0x274ab110
Created Object "ggCC", 0x274ab6c0
Created Object "z_plot", 0x274abc70
Created Object "crystal_hit", 0x2755f340
Created Object "SegE", 0x2755f910
Created Object "crXcr", 0x2755fe50
MAXDETPOS=180
Created Object "eCC_a", 0x2764d9c0
Created Object "eCC_b", 0x2764ddd0
Created Object "eCC_c", 0x2764e240
Created Object "eCC_d", 0x2764e7f0
Created Object "eSeg", 0x2764ed30
Created Object "mode3_hitpat", 0x2764f2e0
, "mode3_hitpat"Created Object "mode3_hitpat_chan", 0x2764fc50
, "mode3_hitpat_chan"Created Object "chan0", 0x27650380
, "chan0"Created Object "module", 0x276641b0
, "module"Created Object "chan", 0x27677fe0
Created Object "l", 0x276ed900
, "l"Created Object "r", 0x27701730
, "r"Created Object "up", 0x277154f0
, "up"Created Object "down", 0x277292b0
, "down"Created Object "sumlr", 0x2773d0e0
, "sumlr"Created Object "sumud", 0x27750f10
, "sumud"Created Object "x", 0x27764d40
, "x"Created Object "y", 0x27778b70
, "y"Created Object "de1", 0x2778c9a0
, "de1"Created Object "de2", 0x277a0760
, "de2"Created Object "de3", 0x277b4520
, "de3"Created Object "de12", 0x277c8350
, "de12"Created Object "etot", 0x277dc180
, "etot"Created Object "rftof", 0x277eff40
, "rftof"Created Object "lr", 0x27803d00
Created Object "ud", 0x27804240
Created Object "ede1", 0x27804780
Created Object "ede1g", 0x27804cc0
Created Object "ede2", 0x27805270
Created Object "ede12", 0x27805820
Created Object "xde1", 0x27805dd0
Created Object "erftof", 0x27806310
Created Object "erftofg", 0x27806850
Created Object "sumehi", 0x27806e00
, "sumehi"Created Object "tgppac", 0x2781abc0
, "tgppac"Created Object "tgppacg", 0x27842270
, "tgppacg"Created Object "xehi1", 0x27869920
Created Object "xehi1g", 0x27869e60
Created Object "de1ehi", 0x2786a410
Created Object "de1ehig", 0x2786a950
Created Object "ng", 0x2786ae90
, "ng"Created Object "ehiz1", 0x2787ec50
, "ehiz1"Created Object "ehiz2", 0x27892a10
, "ehiz2"Created Object "ehiz3", 0x278a6840
, "ehiz3"Created Object "ehiz4", 0x278ba670
, "ehiz4"Created Object "ehiz5", 0x278ce4a0
, "ehiz5"Created Object "gg_dt", 0x278e2260
, "gg_dt"Created Object "gg", 0x278e6690
Created Object "gg_z1", 0x278e6c40
Created Object "gg_z2", 0x278e71f0
Created Object "gg_z3", 0x278e77a0
Created Object "gg_z4", 0x278e7d50
Created Object "gg_z5", 0x278e8290
we have define the following ROOT spectra:
Collection name='THashList', class='THashList', size=84
 TH1.Print Name  = dtbtev, Entries= 0, Total sum= 0
 TH1.Print Name  = T0, Entries= 0, Total sum= 0
 TH1.Print Name  = hitpat, Entries= 0, Total sum= 0
 TH1.Print Name  = numHitArray2, Entries= 0, Total sum= 0
 TH1.Print Name  = CCmult, Entries= 0, Total sum= 0
 TH1.Print Name  = CCsum, Entries= 0, Total sum= 0
 TH1.Print Name  = hit2, Entries= 0, Total sum= 0
 TH1.Print Name  = hit3, Entries= 0, Total sum= 0
 TH1.Print Name  = hit4, Entries= 0, Total sum= 0
 TH1.Print Name  = CCsum_nodop, Entries= 0, Total sum= 0
 TH1.Print Name  = CCadd, Entries= 0, Total sum= 0
 TH1.Print Name  = SEGadd_FPGA, Entries= 0, Total sum= 0
 TH1.Print Name  = SEGadd_PSA, Entries= 0, Total sum= 0
 TH1.Print Name  = SEGsum_FPGA, Entries= 0, Total sum= 0
 TH1.Print Name  = SEGsum_PSA, Entries= 0, Total sum= 0
 TH1.Print Name  = radius_all, Entries= 0, Total sum= 0
 TH1.Print Name  = rate_mode2_min, Entries= 0, Total sum= 0
 TH1.Print Name  = rate_mode2_sec, Entries= 0, Total sum= 0
 TH1.Print Name  = rate_mode2_intp, Entries= 0, Total sum= 0
 TH1.Print Name  = cdtbtev, Entries= 0, Total sum= 0
 TH1.Print Name  = evsr_all, Entries= 0, Total sum= 0
 TH1.Print Name  = SMAP_allhits, Entries= 0, Total sum= 0
 TH1.Print Name  = SMAP_allhits_sq, Entries= 0, Total sum= 0
 TH1.Print Name  = seghitpat, Entries= 0, Total sum= 0
 TH1.Print Name  = CCe, Entries= 0, Total sum= 0
 TH1.Print Name  = ggCC, Entries= 0, Total sum= 0
 TH1.Print Name  = z_plot, Entries= 0, Total sum= 0
 TH1.Print Name  = crystal_hit, Entries= 0, Total sum= 0
 TH1.Print Name  = SegE, Entries= 0, Total sum= 0
 TH1.Print Name  = crXcr, Entries= 0, Total sum= 0
 ******************************************************************************
*Tree    :tree      : tree                                                   *
*Entries :        0 : Total =            8461 bytes  File  Size =          0 *
*        :          : Tree compression factor =   1.00                       *
******************************************************************************
*Br    0 :runNumber : runNumber/I                                            *
*Entries :        0 : Total  Size=        501 bytes  One basket in memory    *
*Baskets :        0 : Basket Size=      32000 bytes  Compression=   1.00     *
*............................................................................*
*Br    1 :numHits   : numHits/I                                              *
*Entries :        0 : Total  Size=        493 bytes  One basket in memory    *
*Baskets :        0 : Basket Size=      32000 bytes  Compression=   1.00     *
*............................................................................*
*Br    2 :left      : left[numHits]/F                                        *
*Entries :        0 : Total  Size=        580 bytes  One basket in memory    *
*Baskets :        0 : Basket Size=      32000 bytes  Compression=   1.00     *
*............................................................................*
*Br    3 :right     : right[numHits]/F                                       *
*Entries :        0 : Total  Size=        584 bytes  One basket in memory    *
*Baskets :        0 : Basket Size=      32000 bytes  Compression=   1.00     *
*............................................................................*
*Br    4 :up        : up[numHits]/F                                          *
*Entries :        0 : Total  Size=        572 bytes  One basket in memory    *
*Baskets :        0 : Basket Size=      32000 bytes  Compression=   1.00     *
*............................................................................*
*Br    5 :down      : down[numHits]/F                                        *
*Entries :        0 : Total  Size=        580 bytes  One basket in memory    *
*Baskets :        0 : Basket Size=      32000 bytes  Compression=   1.00     *
*............................................................................*
*Br    6 :e1        : e1[numHits]/F                                          *
*Entries :        0 : Total  Size=        572 bytes  One basket in memory    *
*Baskets :        0 : Basket Size=      32000 bytes  Compression=   1.00     *
*............................................................................*
*Br    7 :e2        : e2[numHits]/F                                          *
*Entries :        0 : Total  Size=        572 bytes  One basket in memory    *
*Baskets :        0 : Basket Size=      32000 bytes  Compression=   1.00     *
*............................................................................*
*Br    8 :e3        : e3[numHits]/F                                          *
*Entries :        0 : Total  Size=        572 bytes  One basket in memory    *
*Baskets :        0 : Basket Size=      32000 bytes  Compression=   1.00     *
*............................................................................*
*Br    9 :tac       : tac[numHits]/F                                         *
*Entries :        0 : Total  Size=        576 bytes  One basket in memory    *
*Baskets :        0 : Basket Size=      32000 bytes  Compression=   1.00     *
*............................................................................*
*Br   10 :fmaDeltaTime : fmaDeltaTime[numHits]/F                             *
*Entries :        0 : Total  Size=        612 bytes  One basket in memory    *
*Baskets :        0 : Basket Size=      32000 bytes  Compression=   1.00     *
*............................................................................*
*Br   11 :fmaMult   : fmaMult[10]/I                                          *
*Entries :        0 : Total  Size=        501 bytes  One basket in memory    *
*Baskets :        0 : Basket Size=      32000 bytes  Compression=   1.00     *
*............................................................................*
*Br   12 :gammaMult : gammaMult/I                                            *
*Entries :        0 : Total  Size=        501 bytes  One basket in memory    *
*Baskets :        0 : Basket Size=      32000 bytes  Compression=   1.00     *
*............................................................................*
*Br   13 :gammaEnergy : gammaEnergy[gammaMult]/F                             *
*Entries :        0 : Total  Size=        616 bytes  One basket in memory    *
*Baskets :        0 : Basket Size=      32000 bytes  Compression=   1.00     *
*............................................................................*
*Br   14 :gammaTimestamp : gammaTimestamp[gammaMult]/F                       *
*Entries :        0 : Total  Size=        628 bytes  One basket in memory    *
*Baskets :        0 : Basket Size=      32000 bytes  Compression=   1.00     *
*............................................................................*
*Br   15 :deltaTime : deltaTime[gammaMult]/F                                 *
*Entries :        0 : Total  Size=        608 bytes  One basket in memory    *
*Baskets :        0 : Basket Size=      32000 bytes  Compression=   1.00     *
*............................................................................*
 TH1.Print Name  = eCC_a, Entries= 0, Total sum= 0
 TH1.Print Name  = eCC_b, Entries= 0, Total sum= 0
 TH1.Print Name  = eCC_c, Entries= 0, Total sum= 0
 TH1.Print Name  = eCC_d, Entries= 0, Total sum= 0
 TH1.Print Name  = eSeg, Entries= 0, Total sum= 0
 TH1.Print Name  = mode3_hitpat, Entries= 0, Total sum= 0
 TH1.Print Name  = mode3_hitpat_chan, Entries= 0, Total sum= 0
 TH1.Print Name  = chan0, Entries= 0, Total sum= 0
 TH1.Print Name  = module, Entries= 0, Total sum= 0
 TH1.Print Name  = chan, Entries= 0, Total sum= 0
 TH1.Print Name  = l, Entries= 0, Total sum= 0
 TH1.Print Name  = r, Entries= 0, Total sum= 0
 TH1.Print Name  = up, Entries= 0, Total sum= 0
 TH1.Print Name  = down, Entries= 0, Total sum= 0
 TH1.Print Name  = sumlr, Entries= 0, Total sum= 0
 TH1.Print Name  = sumud, Entries= 0, Total sum= 0
 TH1.Print Name  = x, Entries= 0, Total sum= 0
 TH1.Print Name  = y, Entries= 0, Total sum= 0
 TH1.Print Name  = de1, Entries= 0, Total sum= 0
 TH1.Print Name  = de2, Entries= 0, Total sum= 0
 TH1.Print Name  = de3, Entries= 0, Total sum= 0
 TH1.Print Name  = de12, Entries= 0, Total sum= 0
 TH1.Print Name  = etot, Entries= 0, Total sum= 0
 TH1.Print Name  = rftof, Entries= 0, Total sum= 0
 TH1.Print Name  = lr, Entries= 0, Total sum= 0
 TH1.Print Name  = ud, Entries= 0, Total sum= 0
 TH1.Print Name  = ede1, Entries= 0, Total sum= 0
 TH1.Print Name  = ede1g, Entries= 0, Total sum= 0
 TH1.Print Name  = ede2, Entries= 0, Total sum= 0
 TH1.Print Name  = ede12, Entries= 0, Total sum= 0
 TH1.Print Name  = xde1, Entries= 0, Total sum= 0
 TH1.Print Name  = erftof, Entries= 0, Total sum= 0
 TH1.Print Name  = erftofg, Entries= 0, Total sum= 0
 TH1.Print Name  = sumehi, Entries= 0, Total sum= 0
 TH1.Print Name  = tgppac, Entries= 0, Total sum= 0
 TH1.Print Name  = tgppacg, Entries= 0, Total sum= 0
 TH1.Print Name  = xehi1, Entries= 0, Total sum= 0
 TH1.Print Name  = xehi1g, Entries= 0, Total sum= 0
 TH1.Print Name  = de1ehi, Entries= 0, Total sum= 0
 TH1.Print Name  = de1ehig, Entries= 0, Total sum= 0
 TH1.Print Name  = ng, Entries= 0, Total sum= 0
 TH1.Print Name  = ehiz1, Entries= 0, Total sum= 0
 TH1.Print Name  = ehiz2, Entries= 0, Total sum= 0
 TH1.Print Name  = ehiz3, Entries= 0, Total sum= 0
 TH1.Print Name  = ehiz4, Entries= 0, Total sum= 0
 TH1.Print Name  = ehiz5, Entries= 0, Total sum= 0
 TH1.Print Name  = gg_dt, Entries= 0, Total sum= 0
 TH1.Print Name  = gg, Entries= 0, Total sum= 0
 TH1.Print Name  = gg_z1, Entries= 0, Total sum= 0
 TH1.Print Name  = gg_z2, Entries= 0, Total sum= 0
 TH1.Print Name  = gg_z3, Entries= 0, Total sum= 0
 TH1.Print Name  = gg_z4, Entries= 0, Total sum= 0
 TH1.Print Name  = gg_z5, Entries= 0, Total sum= 0
GRETINA detector angles
mod  1, crystal 0 [  4]: ( 10.07   3.58  15.10) pol   35.30 ,  azi   13.35; pol   35.30 ,  azi   19.58; modCCdopfac[4] 1.0271
mod  1, crystal 1 [  5]: ( 10.11   9.19  12.47) pol   47.60 ,  azi   36.39; pol   47.60 ,  azi   42.30; modCCdopfac[5] 1.0222
mod  1, crystal 2 [  6]: (  5.44   7.69  15.92) pol   30.60 ,  azi   25.77; pol   30.60 ,  azi   54.72; modCCdopfac[6] 1.0287
mod  1, crystal 3 [  7]: (  4.99   1.78  17.72) pol   16.65 ,  azi    5.72; pol   16.65 ,  azi   19.58; modCCdopfac[7] 1.0321
mod  2, crystal 0 [  8]: ( -0.29  10.69  15.10) pol   35.30 ,  azi   35.29; pol   35.30 ,  azi   91.58; modCCdopfac[8] 1.0271
mod  2, crystal 1 [  9]: ( -5.62  12.45  12.47) pol   47.60 ,  azi   44.95; pol   47.60 ,  azi  114.30; modCCdopfac[9] 1.0222
mod  2, crystal 2 [ 10]: ( -5.63   7.55  15.92) pol   30.60 ,  azi   25.36; pol   30.60 ,  azi  126.72; modCCdopfac[10] 1.0287
mod  2, crystal 3 [ 11]: ( -0.15   5.30  17.72) pol   16.65 ,  azi   16.64; pol   16.65 ,  azi   91.58; modCCdopfac[11] 1.0321
mod  3, crystal 0 [ 12]: (-10.25   3.02  15.10) pol   35.30 ,  azi   11.32; pol   35.30 ,  azi  163.58; modCCdopfac[12] 1.0271
mod  3, crystal 1 [ 13]: (-13.58  -1.50  12.47) pol   47.60 ,  azi   -6.85; pol   47.60 ,  azi -173.70; modCCdopfac[13] 1.0222
mod  3, crystal 2 [ 14]: ( -8.92  -3.02  15.92) pol   30.60 ,  azi  -10.75; pol   30.60 ,  azi -161.28; modCCdopfac[14] 1.0287
mod  3, crystal 3 [ 15]: ( -5.08   1.50  17.72) pol   16.65 ,  azi    4.83; pol   16.65 ,  azi  163.58; modCCdopfac[15] 1.0321
mod  4, crystal 0 [ 16]: ( -6.04  -8.82  15.10) pol   35.30 ,  azi  -30.29; pol   35.30 ,  azi -124.42; modCCdopfac[16] 1.0271
mod  4, crystal 1 [ 17]: ( -2.77 -13.38  12.47) pol   47.60 ,  azi  -47.00; pol   47.60 ,  azi -101.70; modCCdopfac[17] 1.0222
mod  4, crystal 2 [ 18]: (  0.12  -9.42  15.92) pol   30.60 ,  azi  -30.60; pol   30.60 ,  azi  -89.28; modCCdopfac[18] 1.0287
mod  4, crystal 3 [ 19]: ( -3.00  -4.37  17.72) pol   16.65 ,  azi  -13.86; pol   16.65 ,  azi -124.42; modCCdopfac[19] 1.0321
mod  5, crystal 0 [ 20]: (  6.52  -8.47  15.10) pol   35.30 ,  azi  -29.30; pol   35.30 ,  azi  -52.42; modCCdopfac[20] 1.0271
mod  5, crystal 1 [ 21]: ( 11.87  -6.77  12.47) pol   47.60 ,  azi  -28.49; pol   47.60 ,  azi  -29.70; modCCdopfac[21] 1.0222
mod  5, crystal 2 [ 22]: (  8.99  -2.80  15.92) pol   30.60 ,  azi   -9.96; pol   30.60 ,  azi  -17.28; modCCdopfac[22] 1.0287
mod  5, crystal 3 [ 23]: (  3.23  -4.20  17.72) pol   16.65 ,  azi  -13.33; pol   16.65 ,  azi  -52.42; modCCdopfac[23] 1.0321
mod  6, crystal 0 [ 24]: (  4.54  16.51   7.02) pol   67.71 ,  azi   66.97; pol   67.71 ,  azi   74.63; modCCdopfac[24] 1.0121
mod  6, crystal 1 [ 25]: ( -0.33  15.15  10.61) pol   55.02 ,  azi   55.01; pol   55.02 ,  azi   91.23; modCCdopfac[25] 1.0187
mod  6, crystal 2 [ 26]: (  5.05  13.00  12.16) pol   48.92 ,  azi   46.92; pol   48.92 ,  azi   68.77; modCCdopfac[26] 1.0216
mod  6, crystal 3 [ 27]: (  9.66  13.57   8.06) pol   64.18 ,  azi   59.29; pol   64.18 ,  azi   54.55; modCCdopfac[27] 1.0140
mod  7, crystal 0 [ 28]: (-14.30   9.42   7.02) pol   67.71 ,  azi   53.31; pol   67.71 ,  azi  146.63; modCCdopfac[28] 1.0121
mod  7, crystal 1 [ 29]: (-14.51   4.37  10.61) pol   55.02 ,  azi   22.40; pol   55.02 ,  azi  163.23; modCCdopfac[29] 1.0187
mod  7, crystal 2 [ 30]: (-10.80   8.82  12.16) pol   48.92 ,  azi   35.96; pol   48.92 ,  azi  140.77; modCCdopfac[30] 1.0216
mod  7, crystal 3 [ 31]: ( -9.92  13.38   8.06) pol   64.18 ,  azi   58.94; pol   64.18 ,  azi  126.55; modCCdopfac[31] 1.0140
mod  8, crystal 0 [ 32]: (-13.37 -10.69   7.02) pol   67.71 ,  azi  -56.71; pol   67.71 ,  azi -141.37; modCCdopfac[32] 1.0121
mod  8, crystal 1 [ 33]: ( -8.64 -12.45  10.61) pol   55.02 ,  azi  -49.58; pol   55.02 ,  azi -124.77; modCCdopfac[33] 1.0187
mod  8, crystal 2 [ 34]: (-11.73  -7.55  12.16) pol   48.92 ,  azi  -31.84; pol   48.92 ,  azi -147.23; modCCdopfac[34] 1.0216
mod  8, crystal 3 [ 35]: (-15.79  -5.30   8.06) pol   64.18 ,  azi  -33.33; pol   64.18 ,  azi -161.45; modCCdopfac[35] 1.0140
mod  9, crystal 0 [ 36]: (  6.03 -16.02   7.02) pol   67.71 ,  azi  -66.35; pol   67.71 ,  azi  -69.37; modCCdopfac[36] 1.0121
mod  9, crystal 1 [ 37]: (  9.17 -12.07  10.61) pol   55.02 ,  azi  -48.69; pol   55.02 ,  azi  -52.77; modCCdopfac[37] 1.0187
mod  9, crystal 2 [ 38]: (  3.56 -13.48  12.16) pol   48.92 ,  azi  -47.96; pol   48.92 ,  azi  -75.23; modCCdopfac[38] 1.0216
mod  9, crystal 3 [ 39]: (  0.16 -16.65   8.06) pol   64.18 ,  azi  -64.18; pol   64.18 ,  azi  -89.45; modCCdopfac[39] 1.0140
mod 10, crystal 0 [ 40]: ( 17.10   0.79   7.02) pol   67.71 ,  azi    6.39; pol   67.71 ,  azi    2.63; modCCdopfac[40] 1.0121
mod 10, crystal 1 [ 41]: ( 14.31   4.99  10.61) pol   55.02 ,  azi   25.21; pol   55.02 ,  azi   19.23; modCCdopfac[41] 1.0187
mod 10, crystal 2 [ 42]: ( 13.92  -0.79  12.16) pol   48.92 ,  azi   -3.70; pol   48.92 ,  azi   -3.23; modCCdopfac[42] 1.0216
mod 10, crystal 3 [ 43]: ( 15.89  -4.99   8.06) pol   64.18 ,  azi  -31.79; pol   64.18 ,  azi  -17.45; modCCdopfac[43] 1.0140
mod 11, crystal 0 [ 44]: ( 18.26   2.80   0.92) pol   87.15 ,  azi   71.78; pol   87.15 ,  azi    8.71; modCCdopfac[44] 1.0011
mod 11, crystal 1 [ 45]: ( 17.30   4.20  -5.04) pol  105.79 ,  azi  140.16; pol  105.79 ,  azi   13.65; modCCdopfac[45] 0.9906
mod 11, crystal 2 [ 46]: ( 16.42   8.47  -0.92) pol   92.85 ,  azi   96.20; pol   92.85 ,  azi   27.29; modCCdopfac[46] 0.9978
mod 11, crystal 3 [ 47]: ( 16.46   6.77   5.04) pol   74.21 ,  azi   53.36; pol   74.21 ,  azi   22.35; modCCdopfac[47] 1.0085
mod 12, crystal 0 [ 48]: ( 12.46  13.48  -2.26) pol   97.01 ,  azi   99.50; pol   97.01 ,  azi   47.25; modCCdopfac[48] 0.9954
mod 12, crystal 1 [ 49]: (  7.28  16.65  -3.46) pol  100.78 ,  azi  101.74; pol  100.78 ,  azi   66.39; modCCdopfac[49] 0.9933
mod 12, crystal 2 [ 50]: (  8.97  16.02   2.26) pol   82.99 ,  azi   81.98; pol   82.99 ,  azi   60.75; modCCdopfac[50] 1.0035
mod 12, crystal 3 [ 51]: ( 13.59  12.07   3.46) pol   79.22 ,  azi   74.00; pol   79.22 ,  azi   41.61; modCCdopfac[51] 1.0057
mod 13, crystal 0 [ 52]: (  2.98  18.23   0.92) pol   87.15 ,  azi   87.11; pol   87.15 ,  azi   80.71; modCCdopfac[52] 1.0011
mod 13, crystal 1 [ 53]: (  1.35  17.75  -5.04) pol  105.79 ,  azi  105.84; pol  105.79 ,  azi   85.65; modCCdopfac[53] 0.9906
mod 13, crystal 2 [ 54]: ( -2.98  18.23  -0.92) pol   92.85 ,  azi   92.89; pol   92.85 ,  azi   99.29; modCCdopfac[54] 0.9978
mod 13, crystal 3 [ 55]: ( -1.35  17.75   5.04) pol   74.21 ,  azi   74.16; pol   74.21 ,  azi   94.35; modCCdopfac[55] 1.0085
mod 14, crystal 0 [ 56]: ( -8.97  16.02  -2.26) pol   97.01 ,  azi   98.02; pol   97.01 ,  azi  119.25; modCCdopfac[56] 0.9954
mod 14, crystal 1 [ 57]: (-13.59  12.07  -3.46) pol  100.78 ,  azi  106.00; pol  100.78 ,  azi  138.39; modCCdopfac[57] 0.9933
mod 14, crystal 2 [ 58]: (-12.46  13.48   2.26) pol   82.99 ,  azi   80.50; pol   82.99 ,  azi  132.75; modCCdopfac[58] 1.0035
mod 14, crystal 3 [ 59]: ( -7.28  16.65   3.46) pol   79.22 ,  azi   78.26; pol   79.22 ,  azi  113.61; modCCdopfac[59] 1.0057
mod 15, crystal 0 [ 60]: (-16.42   8.47   0.92) pol   87.15 ,  azi   83.80; pol   87.15 ,  azi  152.71; modCCdopfac[60] 1.0011
mod 15, crystal 1 [ 61]: (-16.46   6.77  -5.04) pol  105.79 ,  azi  126.64; pol  105.79 ,  azi  157.65; modCCdopfac[61] 0.9906
mod 15, crystal 2 [ 62]: (-18.26   2.80  -0.92) pol   92.85 ,  azi  108.22; pol   92.85 ,  azi  171.29; modCCdopfac[62] 0.9978
mod 15, crystal 3 [ 63]: (-17.30   4.20   5.04) pol   74.21 ,  azi   39.84; pol   74.21 ,  azi  166.35; modCCdopfac[63] 1.0085
mod 16, crystal 0 [ 64]: (-18.01  -3.58  -2.26) pol   97.01 ,  azi -122.21; pol   97.01 ,  azi -168.75; modCCdopfac[64] 0.9954
mod 16, crystal 1 [ 65]: (-15.68  -9.19  -3.46) pol  100.78 ,  azi -110.62; pol  100.78 ,  azi -149.61; modCCdopfac[65] 0.9933
mod 16, crystal 2 [ 66]: (-16.68  -7.69   2.26) pol   82.99 ,  azi  -73.64; pol   82.99 ,  azi -155.25; modCCdopfac[66] 1.0035
mod 16, crystal 3 [ 67]: (-18.09  -1.78   3.46) pol   79.22 ,  azi  -27.18; pol   79.22 ,  azi -174.39; modCCdopfac[67] 1.0057
mod 17, crystal 0 [ 68]: (-13.13 -13.00   0.92) pol   87.15 ,  azi  -85.95; pol   87.15 ,  azi -135.29; modCCdopfac[68] 1.0011
mod 17, crystal 1 [ 69]: (-11.53 -13.57  -5.04) pol  105.79 ,  azi -110.36; pol  105.79 ,  azi -130.35; modCCdopfac[69] 0.9906
mod 17, crystal 2 [ 70]: ( -8.30 -16.51  -0.92) pol   92.85 ,  azi  -93.19; pol   92.85 ,  azi -116.71; modCCdopfac[70] 0.9978
mod 17, crystal 3 [ 71]: ( -9.34 -15.15   5.04) pol   74.21 ,  azi  -71.62; pol   74.21 ,  azi -121.65; modCCdopfac[71] 1.0085
mod 18, crystal 0 [ 72]: ( -2.16 -18.23  -2.26) pol   97.01 ,  azi  -97.05; pol   97.01 ,  azi  -96.75; modCCdopfac[72] 0.9954
mod 18, crystal 1 [ 73]: (  3.90 -17.75  -3.46) pol  100.78 ,  azi -101.03; pol  100.78 ,  azi  -77.61; modCCdopfac[73] 0.9933
mod 18, crystal 2 [ 74]: (  2.16 -18.23   2.26) pol   82.99 ,  azi  -82.95; pol   82.99 ,  azi  -83.25; modCCdopfac[74] 1.0035
mod 18, crystal 3 [ 75]: ( -3.90 -17.75   3.46) pol   79.22 ,  azi  -78.97; pol   79.22 ,  azi -102.39; modCCdopfac[75] 1.0057
mod 19, crystal 0 [ 76]: (  8.30 -16.51   0.92) pol   87.15 ,  azi  -86.81; pol   87.15 ,  azi  -63.29; modCCdopfac[76] 1.0011
mod 19, crystal 1 [ 77]: (  9.34 -15.15  -5.04) pol  105.79 ,  azi -108.38; pol  105.79 ,  azi  -58.35; modCCdopfac[77] 0.9906
mod 19, crystal 2 [ 78]: ( 13.13 -13.00  -0.92) pol   92.85 ,  azi  -94.05; pol   92.85 ,  azi  -44.71; modCCdopfac[78] 0.9978
mod 19, crystal 3 [ 79]: ( 11.53 -13.57   5.04) pol   74.21 ,  azi  -69.64; pol   74.21 ,  azi  -49.65; modCCdopfac[79] 1.0085
mod 20, crystal 0 [ 80]: ( 16.68  -7.69  -2.26) pol   97.01 ,  azi -106.36; pol   97.01 ,  azi  -24.75; modCCdopfac[80] 0.9954
mod 20, crystal 1 [ 81]: ( 18.09  -1.78  -3.46) pol  100.78 ,  azi -152.82; pol  100.78 ,  azi   -5.61; modCCdopfac[81] 0.9933
mod 20, crystal 2 [ 82]: ( 18.01  -3.58   2.26) pol   82.99 ,  azi  -57.79; pol   82.99 ,  azi  -11.25; modCCdopfac[82] 1.0035
mod 20, crystal 3 [ 83]: ( 15.68  -9.19   3.46) pol   79.22 ,  azi  -69.38; pol   79.22 ,  azi  -30.39; modCCdopfac[83] 1.0057
mod 21, crystal 0 [ 84]: ( 14.30   9.42  -7.02) pol  112.29 ,  azi  126.69; pol  112.29 ,  azi   33.37; modCCdopfac[84] 0.9871
mod 21, crystal 1 [ 85]: ( 14.51   4.37 -10.61) pol  124.98 ,  azi  157.60; pol  124.98 ,  azi   16.77; modCCdopfac[85] 0.9809
mod 21, crystal 2 [ 86]: ( 10.80   8.82 -12.16) pol  131.08 ,  azi  144.04; pol  131.08 ,  azi   39.23; modCCdopfac[86] 0.9782
mod 21, crystal 3 [ 87]: (  9.92  13.38  -8.06) pol  115.82 ,  azi  121.06; pol  115.82 ,  azi   53.45; modCCdopfac[87] 0.9853
mod 22, crystal 0 [ 88]: ( -4.54  16.51  -7.02) pol  112.29 ,  azi  113.03; pol  112.29 ,  azi  105.37; modCCdopfac[88] 0.9871
mod 22, crystal 1 [ 89]: (  0.33  15.15 -10.61) pol  124.98 ,  azi  124.99; pol  124.98 ,  azi   88.77; modCCdopfac[89] 0.9809
mod 22, crystal 2 [ 90]: ( -5.05  13.00 -12.16) pol  131.08 ,  azi  133.08; pol  131.08 ,  azi  111.23; modCCdopfac[90] 0.9782
mod 22, crystal 3 [ 91]: ( -9.66  13.57  -8.06) pol  115.82 ,  azi  120.71; pol  115.82 ,  azi  125.45; modCCdopfac[91] 0.9853
mod 23, crystal 0 [ 92]: (-17.10   0.79  -7.02) pol  112.29 ,  azi  173.61; pol  112.29 ,  azi  177.37; modCCdopfac[92] 0.9871
mod 23, crystal 1 [ 93]: (-14.31   4.99 -10.61) pol  124.98 ,  azi  154.79; pol  124.98 ,  azi  160.77; modCCdopfac[93] 0.9809
mod 23, crystal 2 [ 94]: (-13.92  -0.79 -12.16) pol  131.08 ,  azi -176.30; pol  131.08 ,  azi -176.77; modCCdopfac[94] 0.9782
mod 23, crystal 3 [ 95]: (-15.89  -4.99  -8.06) pol  115.82 ,  azi -148.21; pol  115.82 ,  azi -162.55; modCCdopfac[95] 0.9853
mod 24, crystal 0 [ 96]: ( -6.03 -16.02  -7.02) pol  112.29 ,  azi -113.65; pol  112.29 ,  azi -110.63; modCCdopfac[96] 0.9871
mod 24, crystal 1 [ 97]: ( -9.17 -12.07 -10.61) pol  124.98 ,  azi -131.31; pol  124.98 ,  azi -127.23; modCCdopfac[97] 0.9809
mod 24, crystal 2 [ 98]: ( -3.56 -13.48 -12.16) pol  131.08 ,  azi -132.04; pol  131.08 ,  azi -104.77; modCCdopfac[98] 0.9782
mod 24, crystal 3 [ 99]: ( -0.16 -16.65  -8.06) pol  115.82 ,  azi -115.82; pol  115.82 ,  azi  -90.55; modCCdopfac[99] 0.9853
mod 25, crystal 0 [100]: ( 13.37 -10.69  -7.02) pol  112.29 ,  azi -123.29; pol  112.29 ,  azi  -38.63; modCCdopfac[100] 0.9871
mod 25, crystal 1 [101]: (  8.64 -12.45 -10.61) pol  124.98 ,  azi -130.42; pol  124.98 ,  azi  -55.23; modCCdopfac[101] 0.9809
mod 25, crystal 2 [102]: ( 11.73  -7.55 -12.16) pol  131.08 ,  azi -148.16; pol  131.08 ,  azi  -32.77; modCCdopfac[102] 0.9782
mod 25, crystal 3 [103]: ( 15.79  -5.30  -8.06) pol  115.82 ,  azi -146.67; pol  115.82 ,  azi  -18.55; modCCdopfac[103] 0.9853
mod 26, crystal 0 [104]: (  0.29  10.69 -15.10) pol  144.70 ,  azi  144.71; pol  144.70 ,  azi   88.42; modCCdopfac[104] 0.9732
mod 26, crystal 1 [105]: (  5.62  12.45 -12.47) pol  132.40 ,  azi  135.05; pol  132.40 ,  azi   65.70; modCCdopfac[105] 0.9777
mod 26, crystal 2 [106]: (  5.63   7.55 -15.92) pol  149.40 ,  azi  154.64; pol  149.40 ,  azi   53.28; modCCdopfac[106] 0.9718
mod 26, crystal 3 [107]: (  0.15   5.30 -17.72) pol  163.35 ,  azi  163.36; pol  163.35 ,  azi   88.42; modCCdopfac[107] 0.9688
mod 27, crystal 0 [108]: (-10.07   3.58 -15.10) pol  144.70 ,  azi  166.65; pol  144.70 ,  azi  160.42; modCCdopfac[108] 0.9732
mod 27, crystal 1 [109]: (-10.11   9.19 -12.47) pol  132.40 ,  azi  143.61; pol  132.40 ,  azi  137.70; modCCdopfac[109] 0.9777
mod 27, crystal 2 [110]: ( -5.44   7.69 -15.92) pol  149.40 ,  azi  154.23; pol  149.40 ,  azi  125.28; modCCdopfac[110] 0.9718
mod 27, crystal 3 [111]: ( -4.99   1.78 -17.72) pol  163.35 ,  azi  174.28; pol  163.35 ,  azi  160.42; modCCdopfac[111] 0.9688
mod 28, crystal 0 [112]: ( -6.52  -8.47 -15.10) pol  144.70 ,  azi -150.70; pol  144.70 ,  azi -127.58; modCCdopfac[112] 0.9732
mod 28, crystal 1 [113]: (-11.87  -6.77 -12.47) pol  132.40 ,  azi -151.51; pol  132.40 ,  azi -150.30; modCCdopfac[113] 0.9777
mod 28, crystal 2 [114]: ( -8.99  -2.80 -15.92) pol  149.40 ,  azi -170.04; pol  149.40 ,  azi -162.72; modCCdopfac[114] 0.9718
mod 28, crystal 3 [115]: ( -3.23  -4.20 -17.72) pol  163.35 ,  azi -166.67; pol  163.35 ,  azi -127.58; modCCdopfac[115] 0.9688
mod 29, crystal 0 [116]: (  6.04  -8.82 -15.10) pol  144.70 ,  azi -149.71; pol  144.70 ,  azi  -55.58; modCCdopfac[116] 0.9732
mod 29, crystal 1 [117]: (  2.77 -13.38 -12.47) pol  132.40 ,  azi -133.00; pol  132.40 ,  azi  -78.30; modCCdopfac[117] 0.9777
mod 29, crystal 2 [118]: ( -0.12  -9.42 -15.92) pol  149.40 ,  azi -149.40; pol  149.40 ,  azi  -90.72; modCCdopfac[118] 0.9718
mod 29, crystal 3 [119]: (  3.00  -4.37 -17.72) pol  163.35 ,  azi -166.14; pol  163.35 ,  azi  -55.58; modCCdopfac[119] 0.9688
mod 30, crystal 0 [120]: ( 10.25   3.02 -15.10) pol  144.70 ,  azi  168.68; pol  144.70 ,  azi   16.42; modCCdopfac[120] 0.9732
mod 30, crystal 1 [121]: ( 13.58  -1.50 -12.47) pol  132.40 ,  azi -173.15; pol  132.40 ,  azi   -6.30; modCCdopfac[121] 0.9777
mod 30, crystal 2 [122]: (  8.92  -3.02 -15.92) pol  149.40 ,  azi -169.25; pol  149.40 ,  azi  -18.72; modCCdopfac[122] 0.9718
mod 30, crystal 3 [123]: (  5.08   1.50 -17.72) pol  163.35 ,  azi  175.17; pol  163.35 ,  azi   16.42; modCCdopfac[123] 0.9688
setup signal catcher
started sorting... from disk...

Pars.maxTS=4611686018427387904
got initial header, TS=399849265769 ID: 1 length: 464
read initial payload of siz=464 into event position 1
__ptgd[0]->type= 0; ptgd[0]->length=   0; ptgd[0]->timestamp=0
initial ii=1, nn=1
ev#     0 GEB_TYPE_DECOMP        464Bytes TS=399849293657 curTS=399849265769 dTS= 27888
t0=399849265769
first event: GEB_event.mult=1
   0/ 0: ( 1,GEB_TYPE_DECOMP      ) TS=        399849265769; dT=0
maxTS=9039849265769
that is 86400.0 seconds or 24h0m0s minutes of sorting
GEBGetEv returned st=0
we have read 960 bytes; CurEvNo=1

+++++++++++++++++++++++++++++++
*start event # 1 with multiplicity 1 looks like this:
 0>  1, GEB_TYPE_DECOMP      , TS=399849265769
entered bin_mode2: 1/10
ptinp->pad= 6, (ptinp->pad&0x000000ff)= 6
updated CCadd with    0.00
total number of hits in array: 0
exit bin_mode2
entered bin_mode3 @ event number: 1 
exit bin_mode3
*end of event # 1
+++++++++++++++++++++++++++++++
ev#     1 GEB_TYPE_DECOMP        464Bytes TS=399849356949 curTS=399849293657 dTS= 63292
GEBGetEv returned st=0
we have read 1440 bytes; CurEvNo=2

+++++++++++++++++++++++++++++++
*start event # 2 with multiplicity 1 looks like this:
 0>  1, GEB_TYPE_DECOMP      , TS=399849293657
entered bin_mode2: 2/10
ptinp->pad= 6, (ptinp->pad&0x000000ff)= 6
updated CCadd with    0.00
total number of hits in array: 0
exit bin_mode2
entered bin_mode3 @ event number: 2 
exit bin_mode3
*end of event # 2
+++++++++++++++++++++++++++++++
ev#     2 GEB_TYPE_DECOMP        464Bytes TS=399849378879 curTS=399849356949 dTS= 21930
GEBGetEv returned st=0
we have read 1920 bytes; CurEvNo=3

+++++++++++++++++++++++++++++++
*start event # 3 with multiplicity 1 looks like this:
 0>  1, GEB_TYPE_DECOMP      , TS=399849356949
entered bin_mode2: 3/10
ptinp->pad= 6, (ptinp->pad&0x000000ff)= 6
updated CCadd with    0.00
total number of hits in array: 0
exit bin_mode2
entered bin_mode3 @ event number: 3 
exit bin_mode3
*end of event # 3
+++++++++++++++++++++++++++++++
ev#     3 GEB_TYPE_DECOMP        464Bytes TS=399849412487 curTS=399849378879 dTS= 33608
GEBGetEv returned st=0
we have read 2400 bytes; CurEvNo=4

+++++++++++++++++++++++++++++++
*start event # 4 with multiplicity 1 looks like this:
 0>  1, GEB_TYPE_DECOMP      , TS=399849378879
entered bin_mode2: 4/10
ptinp->pad= 6, (ptinp->pad&0x000000ff)= 6
updated CCadd with    0.00
total number of hits in array: 0
exit bin_mode2
entered bin_mode3 @ event number: 4 
exit bin_mode3
*end of event # 4
+++++++++++++++++++++++++++++++
ev#     4 GEB_TYPE_DECOMP        464Bytes TS=399849412519 curTS=399849412487 dTS= 32
ev#     4 GEB_TYPE_GT_MOD29      440Bytes TS=399849506981 curTS=399849412487 dTS= 94494
GEBGetEv returned st=0
we have read 3336 bytes; CurEvNo=5

+++++++++++++++++++++++++++++++
*start event # 5 with multiplicity 2 looks like this:
 0>  1, GEB_TYPE_DECOMP      , TS=399849412487
 1>  1, GEB_TYPE_DECOMP      , TS=399849412519
entered bin_mode2: 5/10
ptinp->pad= 6, (ptinp->pad&0x000000ff)= 6
ptinp->pad= 6, (ptinp->pad&0x000000ff)= 6
updated CCadd with    0.00
total number of hits in array: 0
exit bin_mode2
entered bin_mode3 @ event number: 5 
exit bin_mode3
*end of event # 5
+++++++++++++++++++++++++++++++
ev#     5 GEB_TYPE_DECOMP        464Bytes TS=399849543181 curTS=399849506981 dTS= 36200
GEBGetEv returned st=0
we have read 3816 bytes; CurEvNo=6

+++++++++++++++++++++++++++++++
*start event # 6 with multiplicity 1 looks like this:
 0>  8, GEB_TYPE_GT_MOD29    , TS=399849506981
entered bin_mode2: 6/10
updated CCadd with    0.00
total number of hits in array: 0
exit bin_mode2
entered bin_mode3 @ event number: 6 

bin_mode3:  0>  8, GEB_TYPE_GT_MOD29    , TS=399849506981, 0x5d18e348a5; payload length: 440 bytes

---------
new GTheader at pos=0 or 0 words (8):
Event.hdr[ 0]=0x1f37,   7991
Event.hdr[ 1]=0x300a,  12298
Event.hdr[ 2]=0x48a5,  18597
Event.hdr[ 3]=0x18e3,   6371
Event.hdr[ 4]=0x005d,     93
Event.hdr[ 5]=0x035e,    862
Event.hdr[ 6]=0x0e00,   3584
Event.hdr[ 7]=0x0000,      0
Event.hdr[ 8]=0x5973,  22899
Event.hdr[ 9]=0xf0d9,  61657
Event.hdr[10]=0xa5ff,  42495
Event.hdr[11]=0xffd0,  65488
Event.hdr[12]=0x6f17,  28439
Event.hdr[13]=0x0004,      4
Event.len=  44, Event.traceLen=  12 (in Bytes)
Event.len=  22, Event.traceLen=   6 (in 16 bit words)
Event.len=  11, Event.traceLen=   3 (in 32 bit words)
next start: 0xaaaaaaaa, pos= 44
0x1f37 module_id = 31 crystal_id = 0 digitizer_id = 3 chan_id = 7 ge_id = 124 channel = 37  -> is segment
open superpulse_006_00_01.xy at Event.chan_id = 7
open CCpulse_006_00_01.xy at Event.chan_id = 7
ncrystal=1
wrote trace to CCpulse_006_00_01.xy
two's comp tempE  ::        862        862 0x0000035e |0000|0000|0000|0000|0000|0011|0101|1110|
rawE              ::        862        862 0x0000035e |0000|0000|0000|0000|0000|0011|0101|1110|
rawE (sign change)::        862        862 0x0000035e |0000|0000|0000|0000|0000|0011|0101|1110|
Event.ehi=              26 0x0000001a
Event.ehi=2 (gain changed)
Event.LEDts =         399849506981
Event.CFDts =      281470681677836

---------
new GTheader at pos=44 or 22 words (30):
Event.hdr[ 0]=0x1f38,   7992
Event.hdr[ 1]=0x300a,  12298
Event.hdr[ 2]=0x48a5,  18597
Event.hdr[ 3]=0x18e3,   6371
Event.hdr[ 4]=0x005d,     93
Event.hdr[ 5]=0x8b9d,  35741
Event.hdr[ 6]=0x1ff9,   8185
Event.hdr[ 7]=0x0000,      0
Event.hdr[ 8]=0x5973,  22899
Event.hdr[ 9]=0xa9ca,  43466
Event.hdr[10]=0x9bfc,  39932
Event.hdr[11]=0xf972,  63858
Event.hdr[12]=0x28d7,  10455
Event.hdr[13]=0x07f3,   2035
Event.len=  44, Event.traceLen=  12 (in Bytes)
Event.len=  22, Event.traceLen=   6 (in 16 bit words)
Event.len=  11, Event.traceLen=   3 (in 32 bit words)
next start: 0xaaaaaaaa, pos= 88
0x1f38 module_id = 31 crystal_id = 0 digitizer_id = 3 chan_id = 8 ge_id = 124 channel = 38  -> is segment
ncrystal=1
wrote trace to CCpulse_006_00_01.xy
two's comp tempE  ::   16354205   16354205 0x00f98b9d |0000|0000|1111|1001|1000|1011|1001|1101|
rawE              :: 4294544285    -423011 0xfff98b9d |1111|1111|1111|1001|1000|1011|1001|1101|
rawE (sign change)::     423011     423011 0x00067463 |0000|0000|0000|0110|0111|0100|0110|0011|
Event.ehi=           13219 0x000033a3
Event.ehi=1321 (gain changed)
Event.LEDts =         399849506981
Event.CFDts =         588423233548

---------
new GTheader at pos=88 or 44 words (52):
Event.hdr[ 0]=0x1f39,   7993
Event.hdr[ 1]=0x300a,  12298
Event.hdr[ 2]=0x48a5,  18597
Event.hdr[ 3]=0x18e3,   6371
Event.hdr[ 4]=0x005d,     93
Event.hdr[ 5]=0x0359,    857
Event.hdr[ 6]=0x0e00,   3584
Event.hdr[ 7]=0x0000,      0
Event.hdr[ 8]=0x5973,  22899
Event.hdr[ 9]=0xf8c8,  63688
Event.hdr[10]=0x77ff,  30719
Event.hdr[11]=0x1c68,   7272
Event.hdr[12]=0xde6c,  56940
Event.hdr[13]=0x07ff,   2047
Event.len=  44, Event.traceLen=  12 (in Bytes)
Event.len=  22, Event.traceLen=   6 (in 16 bit words)
Event.len=  11, Event.traceLen=   3 (in 32 bit words)
next start: 0xaaaaaaaa, pos= 132
0x1f39 module_id = 31 crystal_id = 0 digitizer_id = 3 chan_id = 9 ge_id = 124 channel = 39  -> is CC
ncrystal=1
wrote trace to CCpulse_006_00_01.xy
two's comp tempE  ::        857        857 0x00000359 |0000|0000|0000|0000|0000|0011|0101|1001|
rawE              ::        857        857 0x00000359 |0000|0000|0000|0000|0000|0011|0101|1001|
rawE (sign change)::        857        857 0x00000359 |0000|0000|0000|0000|0000|0011|0101|1001|
Event.ehi=              26 0x0000001a
Event.ehi=2 (gain changed)
Event.LEDts =         399849506981
Event.CFDts =         128850919436

---------
new GTheader at pos=132 or 66 words (74):
Event.hdr[ 0]=0x1f30,   7984
Event.hdr[ 1]=0x300a,  12298
Event.hdr[ 2]=0x48a5,  18597
Event.hdr[ 3]=0x18e3,   6371
Event.hdr[ 4]=0x005d,     93
Event.hdr[ 5]=0xc5a2,  50594
Event.hdr[ 6]=0x4e0a,  19978
Event.hdr[ 7]=0x0000,      0
Event.hdr[ 8]=0x5973,  22899
Event.hdr[ 9]=0xc53f,  50495
Event.hdr[10]=0x2c0a,  11274
Event.hdr[11]=0x1695,   5781
Event.hdr[12]=0x1418,   5144
Event.hdr[13]=0x002c,     44
Event.len=  44, Event.traceLen=  12 (in Bytes)
Event.len=  22, Event.traceLen=   6 (in 16 bit words)
Event.len=  11, Event.traceLen=   3 (in 32 bit words)
next start: 0xaaaaaaaa, pos= 176
0x1f30 module_id = 31 crystal_id = 0 digitizer_id = 3 chan_id = 0 ge_id = 124 channel = 30  -> is segment
ncrystal=1
wrote trace to CCpulse_006_00_01.xy
two's comp tempE  ::     705954     705954 0x000ac5a2 |0000|0000|0000|1010|1100|0101|1010|0010|
rawE              ::     705954     705954 0x000ac5a2 |0000|0000|0000|1010|1100|0101|1010|0010|
rawE (sign change)::     705954     705954 0x000ac5a2 |0000|0000|0000|1010|1100|0101|1010|0010|
Event.ehi=           22061 0x0000562d
Event.ehi=2206 (gain changed)
Event.LEDts =         399849506981
Event.CFDts =      266773079195660

---------
new GTheader at pos=176 or 88 words (96):
Event.hdr[ 0]=0x1f31,   7985
Event.hdr[ 1]=0x300a,  12298
Event.hdr[ 2]=0x48a5,  18597
Event.hdr[ 3]=0x18e3,   6371
Event.hdr[ 4]=0x005d,     93
Event.hdr[ 5]=0xc579,  50553
Event.hdr[ 6]=0xce09,  52745
Event.hdr[ 7]=0x0000,      0
Event.hdr[ 8]=0x5973,  22899
Event.hdr[ 9]=0xc26e,  49774
Event.hdr[10]=0xda09,  55817
Event.hdr[11]=0x1026,   4134
Event.hdr[12]=0x6100,  24832
Event.hdr[13]=0x0023,     35
Event.len=  44, Event.traceLen=  12 (in Bytes)
Event.len=  22, Event.traceLen=   6 (in 16 bit words)
Event.len=  11, Event.traceLen=   3 (in 32 bit words)
next start: 0xaaaaaaaa, pos= 220
0x1f31 module_id = 31 crystal_id = 0 digitizer_id = 3 chan_id = 1 ge_id = 124 channel = 31  -> is segment
ncrystal=1
wrote trace to CCpulse_006_00_01.xy
two's comp tempE  ::     640377     640377 0x0009c579 |0000|0000|0000|1001|1100|0101|0111|1001|
rawE              ::     640377     640377 0x0009c579 |0000|0000|0000|1001|1100|0101|0111|1001|
rawE (sign change)::     640377     640377 0x0009c579 |0000|0000|0000|1001|1100|0101|0111|1001|
Event.ehi=           20011 0x00004e2b
Event.ehi=2001 (gain changed)
Event.LEDts =         399849506981
Event.CFDts =      268701549068300

---------
new GTheader at pos=220 or 110 words (118):
Event.hdr[ 0]=0x1f32,   7986
Event.hdr[ 1]=0x300a,  12298
Event.hdr[ 2]=0x48a5,  18597
Event.hdr[ 3]=0x18e3,   6371
Event.hdr[ 4]=0x005d,     93
Event.hdr[ 5]=0x0e51,   3665
Event.hdr[ 6]=0x0e00,   3584
Event.hdr[ 7]=0x0000,      0
Event.hdr[ 8]=0x5973,  22899
Event.hdr[ 9]=0x0df3,   3571
Event.hdr[10]=0x8000,  32768
Event.hdr[11]=0xffbc,  65468
Event.hdr[12]=0x0cef,   3311
Event.hdr[13]=0x0001,      1
Event.len=  44, Event.traceLen=  12 (in Bytes)
Event.len=  22, Event.traceLen=   6 (in 16 bit words)
Event.len=  11, Event.traceLen=   3 (in 32 bit words)
next start: 0xaaaaaaaa, pos= 264
0x1f32 module_id = 31 crystal_id = 0 digitizer_id = 3 chan_id = 2 ge_id = 124 channel = 32  -> is segment
ncrystal=1
wrote trace to CCpulse_006_00_01.xy
two's comp tempE  ::       3665       3665 0x00000e51 |0000|0000|0000|0000|0000|1110|0101|0001|
rawE              ::       3665       3665 0x00000e51 |0000|0000|0000|0000|0000|1110|0101|0001|
rawE (sign change)::       3665       3665 0x00000e51 |0000|0000|0000|0000|0000|1110|0101|0001|
Event.ehi=             114 0x00000072
Event.ehi=11 (gain changed)
Event.LEDts =         399849506981
Event.CFDts =      281371895988236

---------
new GTheader at pos=264 or 132 words (140):
Event.hdr[ 0]=0x1f33,   7987
Event.hdr[ 1]=0x300a,  12298
Event.hdr[ 2]=0x48a5,  18597
Event.hdr[ 3]=0x18e3,   6371
Event.hdr[ 4]=0x005d,     93
Event.hdr[ 5]=0x96c7,  38599
Event.hdr[ 6]=0x4e0c,  19980
Event.hdr[ 7]=0x0000,      0
Event.hdr[ 8]=0x5973,  22899
Event.hdr[ 9]=0x964d,  38477
Event.hdr[10]=0x6a0c,  27148
Event.hdr[11]=0x1686,   5766
Event.hdr[12]=0x0fdc,   4060
Event.hdr[13]=0x0033,     51
Event.len=  44, Event.traceLen=  12 (in Bytes)
Event.len=  22, Event.traceLen=   6 (in 16 bit words)
Event.len=  11, Event.traceLen=   3 (in 32 bit words)
next start: 0xaaaaaaaa, pos= 308
0x1f33 module_id = 31 crystal_id = 0 digitizer_id = 3 chan_id = 3 ge_id = 124 channel = 33  -> is segment
ncrystal=1
wrote trace to CCpulse_006_00_01.xy
two's comp tempE  ::     825031     825031 0x000c96c7 |0000|0000|0000|1100|1001|0110|1100|0111|
rawE              ::     825031     825031 0x000c96c7 |0000|0000|0000|1100|1001|0110|1100|0111|
rawE (sign change)::     825031     825031 0x000c96c7 |0000|0000|0000|1100|1001|0110|1100|0111|
Event.ehi=           25782 0x000064b6
Event.ehi=2578 (gain changed)
Event.LEDts =         399849506981
Event.CFDts =      264385040941068

---------
new GTheader at pos=308 or 154 words (162):
Event.hdr[ 0]=0x1f34,   7988
Event.hdr[ 1]=0x300a,  12298
Event.hdr[ 2]=0x48a5,  18597
Event.hdr[ 3]=0x18e3,   6371
Event.hdr[ 4]=0x005d,     93
Event.hdr[ 5]=0x0034,     52
Event.hdr[ 6]=0x0e00,   3584
Event.hdr[ 7]=0x0000,      0
Event.hdr[ 8]=0x5973,  22899
Event.hdr[ 9]=0xffd7,  65495
Event.hdr[10]=0x5dff,  24063
Event.hdr[11]=0x0000,      0
Event.hdr[12]=0x003c,     60
Event.hdr[13]=0x0000,      0
Event.len=  44, Event.traceLen=  12 (in Bytes)
Event.len=  22, Event.traceLen=   6 (in 16 bit words)
Event.len=  11, Event.traceLen=   3 (in 32 bit words)
next start: 0xaaaaaaaa, pos= 352
0x1f34 module_id = 31 crystal_id = 0 digitizer_id = 3 chan_id = 4 ge_id = 124 channel = 34  -> is segment
ncrystal=1
wrote trace to CCpulse_006_00_01.xy
two's comp tempE  ::         52         52 0x00000034 |0000|0000|0000|0000|0000|0000|0011|0100|
rawE              ::         52         52 0x00000034 |0000|0000|0000|0000|0000|0000|0011|0100|
rawE (sign change)::         52         52 0x00000034 |0000|0000|0000|0000|0000|0000|0011|0100|
Event.ehi=               1 0x00000001
Event.ehi=0 (gain changed)
Event.LEDts =         399849506981
Event.CFDts =         261997002764

---------
new GTheader at pos=352 or 176 words (184):
Event.hdr[ 0]=0x1f35,   7989
Event.hdr[ 1]=0x300a,  12298
Event.hdr[ 2]=0x48a5,  18597
Event.hdr[ 3]=0x18e3,   6371
Event.hdr[ 4]=0x005d,     93
Event.hdr[ 5]=0x3b51,  15185
Event.hdr[ 6]=0x4e08,  19976
Event.hdr[ 7]=0x0000,      0
Event.hdr[ 8]=0x5973,  22899
Event.hdr[ 9]=0x39aa,  14762
Event.hdr[10]=0x7e08,  32264
Event.hdr[11]=0x1375,   4981
Event.hdr[12]=0x8df4,  36340
Event.hdr[13]=0x0024,     36
Event.len=  44, Event.traceLen=  12 (in Bytes)
Event.len=  22, Event.traceLen=   6 (in 16 bit words)
Event.len=  11, Event.traceLen=   3 (in 32 bit words)
next start: 0xaaaaaaaa, pos= 396
0x1f35 module_id = 31 crystal_id = 0 digitizer_id = 3 chan_id = 5 ge_id = 124 channel = 35  -> is segment
ncrystal=1
wrote trace to CCpulse_006_00_01.xy
two's comp tempE  ::     539473     539473 0x00083b51 |0000|0000|0000|1000|0011|1011|0101|0001|
rawE              ::     539473     539473 0x00083b51 |0000|0000|0000|1000|0011|1011|0101|0001|
rawE (sign change)::     539473     539473 0x00083b51 |0000|0000|0000|1000|0011|1011|0101|0001|
Event.ehi=           16858 0x000041da
Event.ehi=1685 (gain changed)
Event.LEDts =         399849506981
Event.CFDts =      270131795066892

---------
new GTheader at pos=396 or 198 words (206):
Event.hdr[ 0]=0x1f36,   7990
Event.hdr[ 1]=0x300a,  12298
Event.hdr[ 2]=0x48a5,  18597
Event.hdr[ 3]=0x18e3,   6371
Event.hdr[ 4]=0x005d,     93
Event.hdr[ 5]=0x16aa,   5802
Event.hdr[ 6]=0x0e00,   3584
Event.hdr[ 7]=0x0000,      0
Event.hdr[ 8]=0x5973,  22899
Event.hdr[ 9]=0x0bd5,   3029
Event.hdr[10]=0x8a00,  35328
Event.hdr[11]=0xffe7,  65511
Event.hdr[12]=0x7247,  29255
Event.hdr[13]=0x000d,     13
Event.len=  44, Event.traceLen=  12 (in Bytes)
Event.len=  22, Event.traceLen=   6 (in 16 bit words)
Event.len=  11, Event.traceLen=   3 (in 32 bit words)
0x1f36 module_id = 31 crystal_id = 0 digitizer_id = 3 chan_id = 6 ge_id = 124 channel = 36  -> is segment
ncrystal=1
wrote trace to CCpulse_006_00_01.xy
two's comp tempE  ::       5802       5802 0x000016aa |0000|0000|0000|0000|0001|0110|1010|1010|
rawE              ::       5802       5802 0x000016aa |0000|0000|0000|0000|0001|0110|1010|1010|
rawE (sign change)::       5802       5802 0x000016aa |0000|0000|0000|0000|0001|0110|1010|1010|
Event.ehi=             181 0x000000b5
Event.ehi=18 (gain changed)
Event.LEDts =         399849506981
Event.CFDts =      281393370890252
exit bin_mode3
*end of event # 6
+++++++++++++++++++++++++++++++
ev#     6 GEB_TYPE_DECOMP        464Bytes TS=399849543183 curTS=399849543181 dTS= 2
ev#     6 GEB_TYPE_DECOMP        464Bytes TS=399849543461 curTS=399849543181 dTS= 280
GEBGetEv returned st=0
we have read 4776 bytes; CurEvNo=7

+++++++++++++++++++++++++++++++
*start event # 7 with multiplicity 2 looks like this:
 0>  1, GEB_TYPE_DECOMP      , TS=399849543181
 1>  1, GEB_TYPE_DECOMP      , TS=399849543183
entered bin_mode2: 7/10
ptinp->pad= 0, (ptinp->pad&0x000000ff)= 0
good pad value
mode2 data:  0>  1, GEB_TYPE_DECOMP      , TS=399849543181
number of hits: 4
* 0/2, is GEB_TYPE_DECOMP: num=4
__detno: 57, module: 14, crystalNumber: 1
CCenergies[0]= 991.50
* 0:  -14.54, -21.32,  33.90 --> GT:  -17.83,  12.50,  -3.43
* 1:   27.40,   1.30,  17.28 --> GT:  -13.65,  15.03,  -2.14
* 2:   22.54, -18.40,   1.16 --> GT:  -13.73,  12.89,  -0.67
* 3:  -15.82, -20.22,   0.85 --> GT:  -15.39,  10.31,  -2.97
ptinp->pad= 0, (ptinp->pad&0x000000ff)= 0
good pad value
mode2 data:  1>  1, GEB_TYPE_DECOMP      , TS=399849543183
number of hits: 2
* 1/2, is GEB_TYPE_DECOMP: num=2
__detno: 99, module: 24, crystalNumber: 3
CCenergies[1]= 752.34
* 0:   24.79,  -8.95,  29.38 --> GT:   -2.81, -19.17,  -9.56
* 1:   20.33,   0.86,  32.66 --> GT:   -1.99, -19.16, -10.33
updated CCadd with 1743.84
total number of hits in array: 6
exit bin_mode2
entered bin_mode3 @ event number: 7 
exit bin_mode3
*end of event # 7
+++++++++++++++++++++++++++++++
ev#     7 GEB_TYPE_GT_MOD29      440Bytes TS=399849543531 curTS=399849543461 dTS= 70
ev#     7 GEB_TYPE_DECOMP        464Bytes TS=399849543701 curTS=399849543461 dTS= 240
GEBGetEv returned st=0
we have read 5712 bytes; CurEvNo=8

+++++++++++++++++++++++++++++++
*start event # 8 with multiplicity 2 looks like this:
 0>  1, GEB_TYPE_DECOMP      , TS=399849543461
 1>  8, GEB_TYPE_GT_MOD29    , TS=399849543531
entered bin_mode2: 8/10
ptinp->pad= 6, (ptinp->pad&0x000000ff)= 6
updated CCadd with    0.00
total number of hits in array: 0
exit bin_mode2
entered bin_mode3 @ event number: 8 

bin_mode3:  1>  8, GEB_TYPE_GT_MOD29    , TS=399849543531, 0x5d18e3d76b; payload length: 440 bytes

---------
new GTheader at pos=0 or 0 words (8):
Event.hdr[ 0]=0x1f30,   7984
Event.hdr[ 1]=0x300a,  12298
Event.hdr[ 2]=0xd76b,  55147
Event.hdr[ 3]=0x18e3,   6371
Event.hdr[ 4]=0x005d,     93
Event.hdr[ 5]=0x46a4,  18084
Event.hdr[ 6]=0x4e09,  19977
Event.hdr[ 7]=0x8ec5,  36549
Event.hdr[ 8]=0x0000,      0
Event.hdr[ 9]=0x4470,  17520
Event.hdr[10]=0x7e09,  32265
Event.hdr[11]=0x158a,   5514
Event.hdr[12]=0x2a58,  10840
Event.hdr[13]=0x002d,     45
Event.len=  44, Event.traceLen=  12 (in Bytes)
Event.len=  22, Event.traceLen=   6 (in 16 bit words)
Event.len=  11, Event.traceLen=   3 (in 32 bit words)
next start: 0xaaaaaaaa, pos= 44
0x1f30 module_id = 31 crystal_id = 0 digitizer_id = 3 chan_id = 0 ge_id = 124 channel = 30  -> is segment
open superpulse_008_01_01.xy at Event.chan_id = 0
open CCpulse_008_01_01.xy at Event.chan_id = 0
ncrystal=1
wrote trace to CCpulse_008_01_01.xy
two's comp tempE  ::     607908     607908 0x000946a4 |0000|0000|0000|1001|0100|0110|1010|0100|
rawE              ::     607908     607908 0x000946a4 |0000|0000|0000|1001|0100|0110|1010|0100|
rawE (sign change)::     607908     607908 0x000946a4 |0000|0000|0000|1001|0100|0110|1010|0100|
Event.ehi=           18997 0x00004a35
Event.ehi=1899 (gain changed)
Event.LEDts =         399849543531
Event.CFDts =      268757384757260

---------
new GTheader at pos=44 or 22 words (30):
Event.hdr[ 0]=0x1f31,   7985
Event.hdr[ 1]=0x300a,  12298
Event.hdr[ 2]=0xd76b,  55147
Event.hdr[ 3]=0x18e3,   6371
Event.hdr[ 4]=0x005d,     93
Event.hdr[ 5]=0x6776,  26486
Event.hdr[ 6]=0x4e09,  19977
Event.hdr[ 7]=0x8ec5,  36549
Event.hdr[ 8]=0x0000,      0
Event.hdr[ 9]=0x65a5,  26021
Event.hdr[10]=0xdc09,  56329
Event.hdr[11]=0x1384,   4996
Event.hdr[12]=0x4db4,  19892
Event.hdr[13]=0x0020,     32
Event.len=  44, Event.traceLen=  12 (in Bytes)
Event.len=  22, Event.traceLen=   6 (in 16 bit words)
Event.len=  11, Event.traceLen=   3 (in 32 bit words)
next start: 0xaaaaaaaa, pos= 88
0x1f31 module_id = 31 crystal_id = 0 digitizer_id = 3 chan_id = 1 ge_id = 124 channel = 31  -> is segment
ncrystal=1
wrote trace to CCpulse_008_01_01.xy
two's comp tempE  ::     616310     616310 0x00096776 |0000|0000|0000|1001|0110|0111|0111|0110|
rawE              ::     616310     616310 0x00096776 |0000|0000|0000|1001|0110|0111|0111|0110|
rawE (sign change)::     616310     616310 0x00096776 |0000|0000|0000|1001|0110|0111|0111|0110|
Event.ehi=           19259 0x00004b3b
Event.ehi=1925 (gain changed)
Event.LEDts =         399849543531
Event.CFDts =      269070922022924

---------
new GTheader at pos=88 or 44 words (52):
Event.hdr[ 0]=0x1f32,   7986
Event.hdr[ 1]=0x300a,  12298
Event.hdr[ 2]=0xd76b,  55147
Event.hdr[ 3]=0x18e3,   6371
Event.hdr[ 4]=0x005d,     93
Event.hdr[ 5]=0x0507,   1287
Event.hdr[ 6]=0x0e06,   3590
Event.hdr[ 7]=0x8ec5,  36549
Event.hdr[ 8]=0x0000,      0
Event.hdr[ 9]=0xbf0b,  48907
Event.hdr[10]=0xe604,  58884
Event.hdr[11]=0x001b,     27
Event.hdr[12]=0x7900,  30976
Event.hdr[13]=0x07ff,   2047
Event.len=  44, Event.traceLen=  12 (in Bytes)
Event.len=  22, Event.traceLen=   6 (in 16 bit words)
Event.len=  11, Event.traceLen=   3 (in 32 bit words)
next start: 0xaaaaaaaa, pos= 132
0x1f32 module_id = 31 crystal_id = 0 digitizer_id = 3 chan_id = 2 ge_id = 124 channel = 32  -> is segment
ncrystal=1
wrote trace to CCpulse_008_01_01.xy
two's comp tempE  ::     394503     394503 0x00060507 |0000|0000|0000|0110|0000|0101|0000|0111|
rawE              ::     394503     394503 0x00060507 |0000|0000|0000|0110|0000|0101|0000|0111|
rawE (sign change)::     394503     394503 0x00060507 |0000|0000|0000|0110|0000|0101|0000|0111|
Event.ehi=           12328 0x00003028
Event.ehi=1232 (gain changed)
Event.LEDts =         399849543531
Event.CFDts =      281453501743116

---------
new GTheader at pos=132 or 66 words (74):
Event.hdr[ 0]=0x1f33,   7987
Event.hdr[ 1]=0x300a,  12298
Event.hdr[ 2]=0xd76b,  55147
Event.hdr[ 3]=0x18e3,   6371
Event.hdr[ 4]=0x005d,     93
Event.hdr[ 5]=0xaf4f,  44879
Event.hdr[ 6]=0x4e0d,  19981
Event.hdr[ 7]=0x8ec5,  36549
Event.hdr[ 8]=0x0000,      0
Event.hdr[ 9]=0xaea2,  44706
Event.hdr[10]=0x9a0d,  39437
Event.hdr[11]=0x192c,   6444
Event.hdr[12]=0x0cd4,   3284
Event.hdr[13]=0x002d,     45
Event.len=  44, Event.traceLen=  12 (in Bytes)
Event.len=  22, Event.traceLen=   6 (in 16 bit words)
Event.len=  11, Event.traceLen=   3 (in 32 bit words)
next start: 0xaaaaaaaa, pos= 176
0x1f33 module_id = 31 crystal_id = 0 digitizer_id = 3 chan_id = 3 ge_id = 124 channel = 33  -> is segment
ncrystal=1
wrote trace to CCpulse_008_01_01.xy
two's comp tempE  ::     896847     896847 0x000daf4f |0000|0000|0000|1101|1010|1111|0100|1111|
rawE              ::     896847     896847 0x000daf4f |0000|0000|0000|1101|1010|1111|0100|1111|
rawE (sign change)::     896847     896847 0x000daf4f |0000|0000|0000|1101|1010|1111|0100|1111|
Event.ehi=           28026 0x00006d7a
Event.ehi=2802 (gain changed)
Event.LEDts =         399849543531
Event.CFDts =      262787289120780

---------
new GTheader at pos=176 or 88 words (96):
Event.hdr[ 0]=0x1f34,   7988
Event.hdr[ 1]=0x300a,  12298
Event.hdr[ 2]=0xd76b,  55147
Event.hdr[ 3]=0x18e3,   6371
Event.hdr[ 4]=0x005d,     93
Event.hdr[ 5]=0x0067,    103
Event.hdr[ 6]=0x0e00,   3584
Event.hdr[ 7]=0x8ec5,  36549
Event.hdr[ 8]=0x0000,      0
Event.hdr[ 9]=0x005b,     91
Event.hdr[10]=0xae00,  44544
Event.hdr[11]=0xffff,  65535
Event.hdr[12]=0x00bb,    187
Event.hdr[13]=0x0000,      0
Event.len=  44, Event.traceLen=  12 (in Bytes)
Event.len=  22, Event.traceLen=   6 (in 16 bit words)
Event.len=  11, Event.traceLen=   3 (in 32 bit words)
next start: 0xaaaaaaaa, pos= 220
0x1f34 module_id = 31 crystal_id = 0 digitizer_id = 3 chan_id = 4 ge_id = 124 channel = 34  -> is segment
ncrystal=1
wrote trace to CCpulse_008_01_01.xy
two's comp tempE  ::        103        103 0x00000067 |0000|0000|0000|0000|0000|0000|0110|0111|
rawE              ::        103        103 0x00000067 |0000|0000|0000|0000|0000|0000|0110|0111|
rawE (sign change)::        103        103 0x00000067 |0000|0000|0000|0000|0000|0000|0110|0111|
Event.ehi=               3 0x00000003
Event.ehi=0 (gain changed)
Event.LEDts =         399849543531
Event.CFDts =         240522231820

---------
new GTheader at pos=220 or 110 words (118):
Event.hdr[ 0]=0x1f35,   7989
Event.hdr[ 1]=0x300a,  12298
Event.hdr[ 2]=0xd76b,  55147
Event.hdr[ 3]=0x18e3,   6371
Event.hdr[ 4]=0x005d,     93
Event.hdr[ 5]=0x93f8,  37880
Event.hdr[ 6]=0x4e08,  19976
Event.hdr[ 7]=0x8ec5,  36549
Event.hdr[ 8]=0x0000,      0
Event.hdr[ 9]=0x91ad,  37293
Event.hdr[10]=0x5408,  21512
Event.hdr[11]=0x1073,   4211
Event.hdr[12]=0xeafc,  60156
Event.hdr[13]=0x0026,     38
Event.len=  44, Event.traceLen=  12 (in Bytes)
Event.len=  22, Event.traceLen=   6 (in 16 bit words)
Event.len=  11, Event.traceLen=   3 (in 32 bit words)
next start: 0xaaaaaaaa, pos= 264
0x1f35 module_id = 31 crystal_id = 0 digitizer_id = 3 chan_id = 5 ge_id = 124 channel = 35  -> is segment
ncrystal=1
wrote trace to CCpulse_008_01_01.xy
two's comp tempE  ::     562168     562168 0x000893f8 |0000|0000|0000|1000|1001|0011|1111|1000|
rawE              ::     562168     562168 0x000893f8 |0000|0000|0000|1000|1001|0011|1111|1000|
rawE (sign change)::     562168     562168 0x000893f8 |0000|0000|0000|1000|1001|0011|1111|1000|
Event.ehi=           17567 0x0000449f
Event.ehi=1756 (gain changed)
Event.LEDts =         399849543531
Event.CFDts =      269616391127052

---------
new GTheader at pos=264 or 132 words (140):
Event.hdr[ 0]=0x1f36,   7990
Event.hdr[ 1]=0x300a,  12298
Event.hdr[ 2]=0xd76b,  55147
Event.hdr[ 3]=0x18e3,   6371
Event.hdr[ 4]=0x005d,     93
Event.hdr[ 5]=0x601f,  24607
Event.hdr[ 6]=0x0e0a,   3594
Event.hdr[ 7]=0x8ec5,  36549
Event.hdr[ 8]=0x0000,      0
Event.hdr[ 9]=0x5933,  22835
Event.hdr[10]=0xaa09,  43529
Event.hdr[11]=0x0017,     23
Event.hdr[12]=0xcf14,  53012
Event.hdr[13]=0x07ff,   2047
Event.len=  44, Event.traceLen=  12 (in Bytes)
Event.len=  22, Event.traceLen=   6 (in 16 bit words)
Event.len=  11, Event.traceLen=   3 (in 32 bit words)
next start: 0xaaaaaaaa, pos= 308
0x1f36 module_id = 31 crystal_id = 0 digitizer_id = 3 chan_id = 6 ge_id = 124 channel = 36  -> is segment
ncrystal=1
wrote trace to CCpulse_008_01_01.xy
two's comp tempE  ::     679967     679967 0x000a601f |0000|0000|0000|1010|0110|0000|0001|1111|
rawE              ::     679967     679967 0x000a601f |0000|0000|0000|1010|0110|0000|0001|1111|
rawE (sign change)::     679967     679967 0x000a601f |0000|0000|0000|1010|0110|0000|0001|1111|
Event.ehi=           21248 0x00005300
Event.ehi=2124 (gain changed)
Event.LEDts =         399849543531
Event.CFDts =      280147812417548

---------
new GTheader at pos=308 or 154 words (162):
Event.hdr[ 0]=0x1f37,   7991
Event.hdr[ 1]=0x300a,  12298
Event.hdr[ 2]=0xd76b,  55147
Event.hdr[ 3]=0x18e3,   6371
Event.hdr[ 4]=0x005d,     93
Event.hdr[ 5]=0x0a70,   2672
Event.hdr[ 6]=0x0e06,   3590
Event.hdr[ 7]=0x8ec5,  36549
Event.hdr[ 8]=0x0000,      0
Event.hdr[ 9]=0x40f0,  16624
Event.hdr[10]=0xb205,  45573
Event.hdr[11]=0xffe1,  65505
Event.hdr[12]=0xa14b,  41291
Event.hdr[13]=0x07ff,   2047
Event.len=  44, Event.traceLen=  12 (in Bytes)
Event.len=  22, Event.traceLen=   6 (in 16 bit words)
Event.len=  11, Event.traceLen=   3 (in 32 bit words)
next start: 0xaaaaaaaa, pos= 352
0x1f37 module_id = 31 crystal_id = 0 digitizer_id = 3 chan_id = 7 ge_id = 124 channel = 37  -> is segment
ncrystal=1
wrote trace to CCpulse_008_01_01.xy
two's comp tempE  ::     395888     395888 0x00060a70 |0000|0000|0000|0110|0000|1010|0111|0000|
rawE              ::     395888     395888 0x00060a70 |0000|0000|0000|0110|0000|1010|0111|0000|
rawE (sign change)::     395888     395888 0x00060a70 |0000|0000|0000|0110|0000|1010|0111|0000|
Event.ehi=           12371 0x00003053
Event.ehi=1237 (gain changed)
Event.LEDts =         399849543531
Event.CFDts =          68720394252

---------
new GTheader at pos=352 or 176 words (184):
Event.hdr[ 0]=0x1f38,   7992
Event.hdr[ 1]=0x300a,  12298
Event.hdr[ 2]=0xd76b,  55147
Event.hdr[ 3]=0x18e3,   6371
Event.hdr[ 4]=0x005d,     93
Event.hdr[ 5]=0x8997,  35223
Event.hdr[ 6]=0x1ff9,   8185
Event.hdr[ 7]=0x8ec5,  36549
Event.hdr[ 8]=0x0000,      0
Event.hdr[ 9]=0xe575,  58741
Event.hdr[10]=0x95fc,  38396
Event.hdr[11]=0xf953,  63827
Event.hdr[12]=0xe537,  58679
Event.hdr[13]=0x07f2,   2034
Event.len=  44, Event.traceLen=  12 (in Bytes)
Event.len=  22, Event.traceLen=   6 (in 16 bit words)
Event.len=  11, Event.traceLen=   3 (in 32 bit words)
next start: 0xaaaaaaaa, pos= 396
0x1f38 module_id = 31 crystal_id = 0 digitizer_id = 3 chan_id = 8 ge_id = 124 channel = 38  -> is segment
ncrystal=1
wrote trace to CCpulse_008_01_01.xy
two's comp tempE  ::   16353687   16353687 0x00f98997 |0000|0000|1111|1001|1000|1001|1001|0111|
rawE              :: 4294543767    -423529 0xfff98997 |1111|1111|1111|1001|1000|1001|1001|0111|
rawE (sign change)::     423529     423529 0x00067669 |0000|0000|0000|0110|0111|0110|0110|1001|
Event.ehi=           13235 0x000033b3
Event.ehi=1323 (gain changed)
Event.LEDts =         399849543531
Event.CFDts =         326424461324

---------
new GTheader at pos=396 or 198 words (206):
Event.hdr[ 0]=0x1f39,   7993
Event.hdr[ 1]=0x300a,  12298
Event.hdr[ 2]=0xd76b,  55147
Event.hdr[ 3]=0x18e3,   6371
Event.hdr[ 4]=0x005d,     93
Event.hdr[ 5]=0x02b2,    690
Event.hdr[ 6]=0x0e00,   3584
Event.hdr[ 7]=0x8ec5,  36549
Event.hdr[ 8]=0x0000,      0
Event.hdr[ 9]=0xf4e5,  62693
Event.hdr[10]=0x91ff,  37375
Event.hdr[11]=0xfff1,  65521
Event.hdr[12]=0xd0ef,  53487
Event.hdr[13]=0x0038,     56
Event.len=  44, Event.traceLen=  12 (in Bytes)
Event.len=  22, Event.traceLen=   6 (in 16 bit words)
Event.len=  11, Event.traceLen=   3 (in 32 bit words)
0x1f39 module_id = 31 crystal_id = 0 digitizer_id = 3 chan_id = 9 ge_id = 124 channel = 39  -> is CC
ncrystal=1
wrote trace to CCpulse_008_01_01.xy
two's comp tempE  ::        690        690 0x000002b2 |0000|0000|0000|0000|0000|0010|1011|0010|
rawE              ::        690        690 0x000002b2 |0000|0000|0000|0000|0000|0010|1011|0010|
rawE (sign change)::        690        690 0x000002b2 |0000|0000|0000|0000|0000|0010|1011|0010|
Event.ehi=              21 0x00000015
Event.ehi=2 (gain changed)
Event.LEDts =         399849543531
Event.CFDts =         163211116556
exit bin_mode3
*end of event # 8
+++++++++++++++++++++++++++++++
ev#     8 GEB_TYPE_DECOMP        464Bytes TS=399849554081 curTS=399849543701 dTS= 10380
GEBGetEv returned st=0
we have read 6192 bytes; CurEvNo=9

+++++++++++++++++++++++++++++++
*start event # 9 with multiplicity 1 looks like this:
 0>  1, GEB_TYPE_DECOMP      , TS=399849543701
entered bin_mode2: 9/10
ptinp->pad= 0, (ptinp->pad&0x000000ff)= 0
good pad value
mode2 data:  0>  1, GEB_TYPE_DECOMP      , TS=399849543701
number of hits: 1
* 0/1, is GEB_TYPE_DECOMP: num=1
__detno: 108, module: 27, crystalNumber: 0
CCenergies[0]= 253.81
* 0:   19.20,  -7.57,   0.38 --> GT:   -9.22,   5.45, -15.27
updated CCadd with  253.81
total number of hits in array: 1
exit bin_mode2
entered bin_mode3 @ event number: 9 
exit bin_mode3
*end of event # 9
+++++++++++++++++++++++++++++++
ev#     9 GEB_TYPE_GT_MOD29      440Bytes TS=399849554339 curTS=399849554081 dTS= 258
GEBGetEv returned st=0
we have read 6648 bytes; CurEvNo=10

+++++++++++++++++++++++++++++++
*start event # 10 with multiplicity 1 looks like this:
 0>  1, GEB_TYPE_DECOMP      , TS=399849554081
entered bin_mode2: 10/10
ptinp->pad= 6, (ptinp->pad&0x000000ff)= 6
updated CCadd with    0.00
total number of hits in array: 0
exit bin_mode2
entered bin_mode3 @ event number: 10 
exit bin_mode3
*end of event # 10
+++++++++++++++++++++++++++++++
ev#    10 GEB_TYPE_GT_MOD29      440Bytes TS=399849612099 curTS=399849554339 dTS= 57760
ev# 50000 GEB_TYPE_GT_MOD29      440Bytes TS=400477942279 curTS=400477942121 dTS= 158
ev# 100000 GEB_TYPE_DECOMP        464Bytes TS=401099994289 curTS=401099958667 dTS= 35622
ev# 150000 GEB_TYPE_DECOMP        464Bytes TS=401772858893 curTS=401772858719 dTS= 174
ev# 200000 GEB_TYPE_DECOMP        464Bytes TS=402421336051 curTS=402421336051 dTS= 0
ev# 200000 GEB_TYPE_GT_MOD29      440Bytes TS=402421336279 curTS=402421336051 dTS= 228
ev# 250000 GEB_TYPE_DECOMP        464Bytes TS=403080284349 curTS=403080284181 dTS= 168
ev# 300000 GEB_TYPE_DECOMP        464Bytes TS=403769713047 curTS=403769672095 dTS= 40952
ev# 350000 GEB_TYPE_DECOMP        464Bytes TS=404441534971 curTS=404441494847 dTS= 40124
ev# 400000 GEB_TYPE_DECOMP        464Bytes TS=405109474501 curTS=405109446463 dTS= 28038
ev# 450000 GEB_TYPE_DECOMP        464Bytes TS=405792775911 curTS=405792775895 dTS= 16
ev# 450000 GEB_TYPE_GT_MOD29      440Bytes TS=405792776335 curTS=405792775895 dTS= 440
ev# 500000 GEB_TYPE_DECOMP        464Bytes TS=406467284193 curTS=406467284133 dTS= 60
ev# 500000 GEB_TYPE_GT_MOD29      440Bytes TS=406467326725 curTS=406467284133 dTS= 42592
ev# 550000 GEB_TYPE_DECOMP        464Bytes TS=407131376577 curTS=407131365805 dTS= 10772
ev# 600000 GEB_TYPE_GT_MOD29      440Bytes TS=407790930477 curTS=407790930207 dTS= 270
ev# 650000 GEB_TYPE_DECOMP        464Bytes TS=408463273621 curTS=408463273621 dTS= 0
ev# 650000 GEB_TYPE_DECOMP        464Bytes TS=408463273623 curTS=408463273621 dTS= 2
ev# 650000 GEB_TYPE_DECOMP        464Bytes TS=408463273623 curTS=408463273621 dTS= 2
ev# 650000 GEB_TYPE_DECOMP        464Bytes TS=408463273625 curTS=408463273621 dTS= 4
ev# 650000 GEB_TYPE_DECOMP        464Bytes TS=408463273627 curTS=408463273621 dTS= 6
ev# 650000 GEB_TYPE_GT_MOD29      440Bytes TS=408463273989 curTS=408463273621 dTS= 368
ev# 700000 GEB_TYPE_GT_MOD29      440Bytes TS=409124275301 curTS=409124274941 dTS= 360
ev# 750000 GEB_TYPE_DECOMP        464Bytes TS=409797716133 curTS=409797716049 dTS= 84
ev# 750000 GEB_TYPE_DECOMP        464Bytes TS=409797716335 curTS=409797716049 dTS= 286
ev# 800000 GEB_TYPE_DECOMP        464Bytes TS=410458744011 curTS=410458743861 dTS= 150
ev# 850000 GEB_TYPE_DECOMP        464Bytes TS=411115337379 curTS=411115302771 dTS= 34608
ev# 900000 GEB_TYPE_GT_MOD29      440Bytes TS=411794434417 curTS=411794434177 dTS= 240
ev# 950000 GEB_TYPE_DECOMP        464Bytes TS=412480261157 curTS=412480253973 dTS= 7184

Sorting is done
attempting to save root or map file



mean observed polar and azimuth angles
for the detectors we saw (module,crystal)

------------------------------------------
mean pol/azi angle for detector  56 are   96.72/ 119.50
mean pol/azi angle for detector  57 are  100.43/ 138.29
mean pol/azi angle for detector  58 are   83.43/ 132.62
mean pol/azi angle for detector  59 are   79.59/ 114.01
mean pol/azi angle for detector  60 are   87.35/ 152.64
mean pol/azi angle for detector  61 are  105.24/ 157.70
mean pol/azi angle for detector  62 are   93.16/ 168.24
mean pol/azi angle for detector  63 are   73.82/ 165.99
mean pol/azi angle for detector  68 are   87.17/-134.96
mean pol/azi angle for detector  69 are  105.29/-130.00
mean pol/azi angle for detector  70 are   92.88/-116.91
mean pol/azi angle for detector  71 are   74.16/-121.86
mean pol/azi angle for detector  76 are   87.40/ -63.19
mean pol/azi angle for detector  77 are  105.27/ -58.13
mean pol/azi angle for detector  78 are   92.98/ -45.00
mean pol/azi angle for detector  79 are   74.19/ -49.87
mean pol/azi angle for detector  84 are  112.31/  33.62
mean pol/azi angle for detector  85 are  125.21/  17.34
mean pol/azi angle for detector  86 are  130.67/  39.21
mean pol/azi angle for detector  87 are  115.91/  52.95
mean pol/azi angle for detector  88 are  112.37/ 105.51
mean pol/azi angle for detector  89 are  124.90/  89.33
mean pol/azi angle for detector  90 are  130.78/ 111.11
mean pol/azi angle for detector  91 are  115.77/ 125.04
mean pol/azi angle for detector  96 are  112.58/-110.61
mean pol/azi angle for detector  97 are  124.87/-126.68
mean pol/azi angle for detector  98 are  130.89/-104.98
mean pol/azi angle for detector  99 are  115.82/ -91.03
mean pol/azi angle for detector 100 are  112.40/ -38.61
mean pol/azi angle for detector 101 are  124.74/ -55.04
mean pol/azi angle for detector 102 are  130.63/ -33.04
mean pol/azi angle for detector 103 are  115.84/ -19.11
mean pol/azi angle for detector 104 are  144.40/  88.24
mean pol/azi angle for detector 105 are  132.66/  65.86
mean pol/azi angle for detector 106 are  148.90/  53.93
mean pol/azi angle for detector 107 are  162.30/  88.39
mean pol/azi angle for detector 108 are  144.74/ 160.11
mean pol/azi angle for detector 109 are  132.71/ 137.95
mean pol/azi angle for detector 110 are  149.55/ 125.48
mean pol/azi angle for detector 111 are  162.35/ 110.59
mean pol/azi angle for detector 116 are  144.36/ -55.93
mean pol/azi angle for detector 117 are  132.57/ -78.29
mean pol/azi angle for detector 118 are  148.98/ -90.34
mean pol/azi angle for detector 119 are  162.41/ -56.07
we found 44 crystals
------------------------------------------

minimum pol angle between crystals is  18.65
compactness =  64.39%, 85 of 264
module hit statistics
module  14, crystal 0 was hit      79863 times
module  14, crystal 1 was hit      86603 times
module  14, crystal 2 was hit      84922 times
module  14, crystal 3 was hit      74410 times
module  15, crystal 0 was hit      85447 times
module  15, crystal 1 was hit      77472 times
module  15, crystal 2 was hit      73473 times
module  15, crystal 3 was hit      76190 times
module  17, crystal 0 was hit      63497 times
module  17, crystal 1 was hit      62181 times
module  17, crystal 2 was hit      63044 times
module  17, crystal 3 was hit      64893 times
module  19, crystal 0 was hit      59957 times
module  19, crystal 1 was hit      61876 times
module  19, crystal 2 was hit      72725 times
module  19, crystal 3 was hit      70633 times
module  21, crystal 0 was hit      73186 times
module  21, crystal 1 was hit      64438 times
module  21, crystal 2 was hit      76366 times
module  21, crystal 3 was hit      73157 times
module  22, crystal 0 was hit      79507 times
module  22, crystal 1 was hit      74063 times
module  22, crystal 2 was hit      83082 times
module  22, crystal 3 was hit      77077 times
module  24, crystal 0 was hit      66955 times
module  24, crystal 1 was hit      63089 times
module  24, crystal 2 was hit      66897 times
module  24, crystal 3 was hit      61353 times
module  25, crystal 0 was hit      63166 times
module  25, crystal 1 was hit      65176 times
module  25, crystal 2 was hit      63948 times
module  25, crystal 3 was hit      61829 times
module  26, crystal 0 was hit      73091 times
module  26, crystal 1 was hit      71780 times
module  26, crystal 2 was hit      71083 times
module  26, crystal 3 was hit      67761 times
module  27, crystal 0 was hit      76089 times
module  27, crystal 1 was hit      73213 times
module  27, crystal 2 was hit      76928 times
module  27, crystal 3 was hit      69433 times
module  29, crystal 0 was hit      62743 times
module  29, crystal 1 was hit      61587 times
module  29, crystal 2 was hit      68197 times
module  29, crystal 3 was hit      61712 times

bin_mode2: pad distribution
__id   0,      1351863, 94.64%
__id   2,          136,  0.01%
__id   3,          401,  0.03%
__id   4,          442,  0.03%
__id   5,         2652,  0.19%
__id   6,         5720,  0.40%
__id 128,        67089,  4.70%
__id 133,          119,  0.01%

bin_mode2 calculated mean CCsum energy to be  746.747 keV
bin_mode2 calculated mean CCadd energy to be 1023.382 keV
attempting to close root file...
Pars.f1->Write();
Pars.f1->Print();
TFile: name=/lcrc/project/HELIOS/gretinafma/root_data/run129.root, title=, option=CREATE
TH1.Print Name  = dtbtev, Entries= 1904808, Total sum= 1.90481e+06
TH1.Print Name  = T0, Entries= 0, Total sum= 0
TH1.Print Name  = hitpat, Entries= 1351863, Total sum= 1.35186e+06
TH1.Print Name  = numHitArray2, Entries= 1000000, Total sum= 692379
TH1.Print Name  = CCmult, Entries= 1000000, Total sum= 1e+06
TH1.Print Name  = CCsum, Entries= 3103968, Total sum= 1.35184e+06
TH1.Print Name  = hit2, Entries= 148427, Total sum= 148240
TH1.Print Name  = hit3, Entries= 79872, Total sum= 79291
TH1.Print Name  = hit4, Entries= 43977, Total sum= 42952
TH1.Print Name  = CCsum_nodop, Entries= 3103968, Total sum= 1.35184e+06
TH1.Print Name  = CCadd, Entries= 1000000, Total sum= 684778
TH1.Print Name  = SEGadd_FPGA, Entries= 200000000, Total sum= 1.35125e+06
TH1.Print Name  = SEGadd_PSA, Entries= 200000000, Total sum= 1.34464e+06
TH1.Print Name  = SEGsum_FPGA, Entries= 2088334, Total sum= 2.0879e+06
TH1.Print Name  = SEGsum_PSA, Entries= 3104092, Total sum= 3.08078e+06
TH1.Print Name  = radius_all, Entries= 3104090, Total sum= 3.10409e+06
TH1.Print Name  = rate_mode2_min, Entries= 1351862, Total sum= 22531
TH1.Print Name  = rate_mode2_sec, Entries= 1351862, Total sum= 1.35186e+06
TH1.Print Name  = rate_mode2_intp, Entries= 1351862, Total sum= 51734.8
TH1.Print Name  = cdtbtev, Entries= 285949, Total sum= 285949
TH1.Print Name  = evsr_all, Entries= 3104090, Total sum= 3.03429e+06
TH1.Print Name  = SMAP_allhits, Entries= 3104092, Total sum= 3.10409e+06
TH1.Print Name  = SMAP_allhits_sq, Entries= 3104092, Total sum= 3.10409e+06
TH1.Print Name  = seghitpat, Entries= 3104092, Total sum= 3.10409e+06
TH1.Print Name  = CCe, Entries= 3103968, Total sum= 1.35184e+06
TH1.Print Name  = ggCC, Entries= 2665652, Total sum= 2.33235e+06
TH1.Print Name  = z_plot, Entries= 3104092, Total sum= 3.10117e+06
TH1.Print Name  = crystal_hit, Entries= 0, Total sum= 0
TH1.Print Name  = SegE, Entries= 3103432, Total sum= 3.10343e+06
TH1.Print Name  = crXcr, Entries= 1332826, Total sum= 1.33283e+06
******************************************************************************
*Tree    :tree      : tree                                                   *
*Entries :  1000000 : Total =       152728333 bytes  File  Size =   38005176 *
*        :          : Tree compression factor =   4.02                       *
******************************************************************************
*Br    0 :runNumber : runNumber/I                                            *
*Entries :  1000000 : Total  Size=    4010125 bytes  File Size  =      30388 *
*Baskets :       98 : Basket Size=    1344000 bytes  Compression= 131.88     *
*............................................................................*
*Br    1 :numHits   : numHits/I                                              *
*Entries :  1000000 : Total  Size=    4009921 bytes  File Size  =      30191 *
*Baskets :       98 : Basket Size=    1344000 bytes  Compression= 132.73     *
*............................................................................*
*Br    2 :left      : left[numHits]/F                                        *
*Entries :  1000000 : Total  Size=    8030274 bytes  File Size  =    2938573 *
*Baskets :      290 : Basket Size=    8843776 bytes  Compression=   2.73     *
*............................................................................*
*Br    3 :right     : right[numHits]/F                                       *
*Entries :  1000000 : Total  Size=    8030568 bytes  File Size  =    2917189 *
*Baskets :      290 : Basket Size=    8844288 bytes  Compression=   2.75     *
*............................................................................*
*Br    4 :up        : up[numHits]/F                                          *
*Entries :  1000000 : Total  Size=    8029686 bytes  File Size  =    2895812 *
*Baskets :      290 : Basket Size=    8843776 bytes  Compression=   2.77     *
*............................................................................*
*Br    5 :down      : down[numHits]/F                                        *
*Entries :  1000000 : Total  Size=    8030274 bytes  File Size  =    2923881 *
*Baskets :      290 : Basket Size=    8843776 bytes  Compression=   2.74     *
*............................................................................*
*Br    6 :e1        : e1[numHits]/F                                          *
*Entries :  1000000 : Total  Size=    8029686 bytes  File Size  =    2819577 *
*Baskets :      290 : Basket Size=    8843776 bytes  Compression=   2.85     *
*............................................................................*
*Br    7 :e2        : e2[numHits]/F                                          *
*Entries :  1000000 : Total  Size=    8029686 bytes  File Size  =    2785826 *
*Baskets :      290 : Basket Size=    8843776 bytes  Compression=   2.88     *
*............................................................................*
*Br    8 :e3        : e3[numHits]/F                                          *
*Entries :  1000000 : Total  Size=    8029686 bytes  File Size  =    2729530 *
*Baskets :      290 : Basket Size=    8843776 bytes  Compression=   2.94     *
*............................................................................*
*Br    9 :tac       : tac[numHits]/F                                         *
*Entries :  1000000 : Total  Size=    8029980 bytes  File Size  =    2487567 *
*Baskets :      290 : Basket Size=    8843776 bytes  Compression=   3.23     *
*............................................................................*
*Br   10 :fmaDeltaTime : fmaDeltaTime[numHits]/F                             *
*Entries :  1000000 : Total  Size=    8032737 bytes  File Size  =    2770684 *
*Baskets :      291 : Basket Size=    8844800 bytes  Compression=   2.90     *
*............................................................................*
*Br   11 :fmaMult   : fmaMult[10]/I                                          *
*Entries :  1000000 : Total  Size=   40094895 bytes  File Size  =    1070421 *
*Baskets :      965 : Basket Size=   25600000 bytes  Compression=  37.44     *
*............................................................................*
*Br   12 :gammaMult : gammaMult/I                                            *
*Entries :  1000000 : Total  Size=    4010125 bytes  File Size  =     695662 *
*Baskets :       98 : Basket Size=    1344000 bytes  Compression=   5.76     *
*............................................................................*
*Br   13 :gammaEnergy : gammaEnergy[gammaMult]/F                             *
*Entries :  1000000 : Total  Size=    9443642 bytes  File Size  =    6501203 *
*Baskets :      325 : Basket Size=    9320960 bytes  Compression=   1.45     *
*............................................................................*
*Br   14 :gammaTimestamp : gammaTimestamp[gammaMult]/F                       *
*Entries :  1000000 : Total  Size=    9444629 bytes  File Size  =    2340315 *
*Baskets :      325 : Basket Size=    9321472 bytes  Compression=   4.03     *
*............................................................................*
*Br   15 :deltaTime : deltaTime[gammaMult]/F                                 *
*Entries :  1000000 : Total  Size=    9442984 bytes  File Size  =    2026685 *
*Baskets :      325 : Basket Size=    9320960 bytes  Compression=   4.66     *
*............................................................................*
TH1.Print Name  = eCC_a, Entries= 0, Total sum= 0
TH1.Print Name  = eCC_b, Entries= 0, Total sum= 0
TH1.Print Name  = eCC_c, Entries= 0, Total sum= 0
TH1.Print Name  = eCC_d, Entries= 138449, Total sum= 0
TH1.Print Name  = eSeg, Entries= 0, Total sum= 0
TH1.Print Name  = mode3_hitpat, Entries= 4737780, Total sum= 0
TH1.Print Name  = mode3_hitpat_chan, Entries= 4737780, Total sum= 4.73778e+06
TH1.Print Name  = chan0, Entries= 0, Total sum= 0
TH1.Print Name  = module, Entries= 4737780, Total sum= 4.73778e+06
TH1.Print Name  = chan, Entries= 4737780, Total sum= 4.73472e+06
TH1.Print Name  = l, Entries= 473778, Total sum= 473749
TH1.Print Name  = r, Entries= 473778, Total sum= 473776
TH1.Print Name  = up, Entries= 473778, Total sum= 473778
TH1.Print Name  = down, Entries= 473778, Total sum= 473777
TH1.Print Name  = sumlr, Entries= 460752, Total sum= 460752
TH1.Print Name  = sumud, Entries= 441586, Total sum= 441586
TH1.Print Name  = x, Entries= 460752, Total sum= 460752
TH1.Print Name  = y, Entries= 441586, Total sum= 441586
TH1.Print Name  = de1, Entries= 473778, Total sum= 473750
TH1.Print Name  = de2, Entries= 473778, Total sum= 473778
TH1.Print Name  = de3, Entries= 473778, Total sum= 472673
TH1.Print Name  = de12, Entries= 407131, Total sum= 407131
TH1.Print Name  = etot, Entries= 407131, Total sum= 407131
TH1.Print Name  = rftof, Entries= 473778, Total sum= 472088
TH1.Print Name  = lr, Entries= 1000000, Total sum= 999969
TH1.Print Name  = ud, Entries= 1000000, Total sum= 999999
TH1.Print Name  = ede1, Entries= 407131, Total sum= 407131
TH1.Print Name  = ede1g, Entries= 71345, Total sum= 71332
TH1.Print Name  = ede2, Entries= 407131, Total sum= 407131
TH1.Print Name  = ede12, Entries= 407131, Total sum= 407131
TH1.Print Name  = xde1, Entries= 407131, Total sum= 407131
TH1.Print Name  = erftof, Entries= 1000000, Total sum= 998310
TH1.Print Name  = erftofg, Entries= 32111, Total sum= 32045
TH1.Print Name  = sumehi, Entries= 1351863, Total sum= 1.35185e+06
TH1.Print Name  = tgppac, Entries= 1351863, Total sum= 363395
TH1.Print Name  = tgppacg, Entries= 71345, Total sum= 71345
TH1.Print Name  = xehi1, Entries= 1351863, Total sum= 1.35185e+06
TH1.Print Name  = xehi1g, Entries= 71345, Total sum= 71345
TH1.Print Name  = de1ehi, Entries= 1351863, Total sum= 1.35182e+06
TH1.Print Name  = de1ehig, Entries= 71345, Total sum= 71332
TH1.Print Name  = ng, Entries= 1000000, Total sum= 1e+06
TH1.Print Name  = ehiz1, Entries= 0, Total sum= 0
TH1.Print Name  = ehiz2, Entries= 0, Total sum= 0
TH1.Print Name  = ehiz3, Entries= 0, Total sum= 0
TH1.Print Name  = ehiz4, Entries= 0, Total sum= 0
TH1.Print Name  = ehiz5, Entries= 0, Total sum= 0
TH1.Print Name  = gg_dt, Entries= 86931, Total sum= 86931
TH1.Print Name  = gg, Entries= 173862, Total sum= 171624
TH1.Print Name  = gg_z1, Entries= 0, Total sum= 0
TH1.Print Name  = gg_z2, Entries= 0, Total sum= 0
TH1.Print Name  = gg_z3, Entries= 0, Total sum= 0
TH1.Print Name  = gg_z4, Entries= 0, Total sum= 0
TH1.Print Name  = gg_z5, Entries= 0, Total sum= 0
Pars.f1->Close();
done saving rootfile "/lcrc/project/HELIOS/gretinafma/root_data/run129.root


read 1000000 events; Pars.beta=0.0330; time since last update 1 minutes
CommandFileName="GEBSort.command"

sorted timestamp range 399849265769-->413154297185: 13305031416
that is 133.1 seconds or 0h2m13s
^^^^^ any timestamp jumps will upset this accounting

hit statistics per type
 1 GEB_TYPE_DECOMP          1428422 ;  10735.95 Hz 
 8 GEB_TYPE_GT_MOD29         476386 ;   3580.50 Hz 
read a total of              1904808 ; header/payloads


nn1=0
nn2=1904809
nn3=1904809

nok_validate= 1000000, ntot_validate=1000000; validate fraction 100.00%

bytes read=901727536, 859.954391 MB

boniva sancta! ...GEBSort (unexpectedly) did not crash!

 ** GEBSort is done at 
