started GEBSort at we have 9 arguments
1... -input
will take input from disk
file size is 27844282972 bytes or 27191 MBytes

4... -rootfile
rootfile name specified on command line
__will store spectra in rootfile: /lcrc/project/HELIOS/gretinafma/root_data/run125.root
will recreate root file
7... -chat
core file size          (blocks, -c) unlimited
data seg size           (kbytes, -d) unlimited
scheduling priority             (-e) 0
file size               (blocks, -f) unlimited
pending signals                 (-i) 510315
max locked memory       (kbytes, -l) unlimited
max memory size         (kbytes, -m) 128769024
open files                      (-n) 51200
pipe size            (512 bytes, -p) 8
POSIX message queues     (bytes, -q) 819200
real-time priority              (-r) 0
stack size              (kbytes, -s) unlimited
cpu time               (seconds, -t) unlimited
max user processes              (-u) 4096
virtual memory          (kbytes, -v) unlimited
file locks                      (-x) unlimited
will read sorting instructions from chatfile: GEBSort.chat

executing UserDeclare.h code


GEBsort running on: 

initializing

crmat.LINUX is open (input) binary format
read 7936 bytes into Pars.crmat
chat file: <GEBSort.chat> open

will sort a max of 1410065408 events
will sort a max of 1000000 events
will sort 86400 minutes of data
will print details of the first 10 events
will use Pars.Beta (v/c) correction of 0.033000
will sort using a time window of 150
Pars.do_bin_mode2=1
Pars.do_bin_mode3=1
will accept second interaction range between 10.000000 and 500.000000 mm
"1-200"
detector   1 is ENABLED
detector   2 is ENABLED
detector   3 is ENABLED
detector   4 is ENABLED
detector   5 is ENABLED
detector   6 is ENABLED
detector   7 is ENABLED
detector   8 is ENABLED
detector   9 is ENABLED
detector  10 is ENABLED
detector  11 is ENABLED
detector  12 is ENABLED
detector  13 is ENABLED
detector  14 is ENABLED
detector  15 is ENABLED
detector  16 is ENABLED
detector  17 is ENABLED
detector  18 is ENABLED
detector  19 is ENABLED
detector  20 is ENABLED
detector  21 is ENABLED
detector  22 is ENABLED
detector  23 is ENABLED
detector  24 is ENABLED
detector  25 is ENABLED
detector  26 is ENABLED
detector  27 is ENABLED
detector  28 is ENABLED
detector  29 is ENABLED
detector  30 is ENABLED
detector  31 is ENABLED
detector  32 is ENABLED
detector  33 is ENABLED
detector  34 is ENABLED
detector  35 is ENABLED
detector  36 is ENABLED
detector  37 is ENABLED
detector  38 is ENABLED
detector  39 is ENABLED
detector  40 is ENABLED
detector  41 is ENABLED
detector  42 is ENABLED
detector  43 is ENABLED
detector  44 is ENABLED
detector  45 is ENABLED
detector  46 is ENABLED
detector  47 is ENABLED
detector  48 is ENABLED
detector  49 is ENABLED
detector  50 is ENABLED
detector  51 is ENABLED
detector  52 is ENABLED
detector  53 is ENABLED
detector  54 is ENABLED
detector  55 is ENABLED
detector  56 is ENABLED
detector  57 is ENABLED
detector  58 is ENABLED
detector  59 is ENABLED
detector  60 is ENABLED
detector  61 is ENABLED
detector  62 is ENABLED
detector  63 is ENABLED
detector  64 is ENABLED
detector  65 is ENABLED
detector  66 is ENABLED
detector  67 is ENABLED
detector  68 is ENABLED
detector  69 is ENABLED
detector  70 is ENABLED
detector  71 is ENABLED
detector  72 is ENABLED
detector  73 is ENABLED
detector  74 is ENABLED
detector  75 is ENABLED
detector  76 is ENABLED
detector  77 is ENABLED
detector  78 is ENABLED
detector  79 is ENABLED
detector  80 is ENABLED
detector  81 is ENABLED
detector  82 is ENABLED
detector  83 is ENABLED
detector  84 is ENABLED
detector  85 is ENABLED
detector  86 is ENABLED
detector  87 is ENABLED
detector  88 is ENABLED
detector  89 is ENABLED
detector  90 is ENABLED
detector  91 is ENABLED
detector  92 is ENABLED
detector  93 is ENABLED
detector  94 is ENABLED
detector  95 is ENABLED
detector  96 is ENABLED
detector  97 is ENABLED
detector  98 is ENABLED
detector  99 is ENABLED
detector 100 is ENABLED
detector 101 is ENABLED
detector 102 is ENABLED
detector 103 is ENABLED
detector 104 is ENABLED
detector 105 is ENABLED
detector 106 is ENABLED
detector 107 is ENABLED
detector 108 is ENABLED
detector 109 is ENABLED
detector 110 is ENABLED
detector 111 is ENABLED
detector 112 is ENABLED
detector 113 is ENABLED
detector 114 is ENABLED
detector 115 is ENABLED
detector 116 is ENABLED
detector 117 is ENABLED
detector 118 is ENABLED
detector 119 is ENABLED
detector 120 is ENABLED
detector 121 is ENABLED
detector 122 is ENABLED
detector 123 is ENABLED
detector 124 is ENABLED
detector 125 is ENABLED
detector 126 is ENABLED
detector 127 is ENABLED
detector 128 is ENABLED
detector 129 is ENABLED
detector 130 is ENABLED
detector 131 is ENABLED
detector 132 is ENABLED
detector 133 is ENABLED
detector 134 is ENABLED
detector 135 is ENABLED
detector 136 is ENABLED
detector 137 is ENABLED
detector 138 is ENABLED
detector 139 is ENABLED
detector 140 is ENABLED
detector 141 is ENABLED
detector 142 is ENABLED
detector 143 is ENABLED
detector 144 is ENABLED
detector 145 is ENABLED
detector 146 is ENABLED
detector 147 is ENABLED
detector 148 is ENABLED
detector 149 is ENABLED
detector 150 is ENABLED
detector 151 is ENABLED
detector 152 is ENABLED
detector 153 is ENABLED
detector 154 is ENABLED
detector 155 is ENABLED
detector 156 is ENABLED
detector 157 is ENABLED
detector 158 is ENABLED
detector 159 is ENABLED
detector 160 is ENABLED
detector 161 is ENABLED
detector 162 is ENABLED
detector 163 is ENABLED
detector 164 is ENABLED
detector 165 is ENABLED
detector 166 is ENABLED
detector 167 is ENABLED
detector 168 is ENABLED
detector 169 is ENABLED
detector 170 is ENABLED
detector 171 is ENABLED
detector 172 is ENABLED
detector 173 is ENABLED
detector 174 is ENABLED
detector 175 is ENABLED
detector 176 is ENABLED
detector 177 is ENABLED
detector 178 is ENABLED
detector 179 is ENABLED
detector 180 is ENABLED
detector 181 is ENABLED
detector 182 is ENABLED
detector 183 is ENABLED
detector 184 is ENABLED
detector 185 is ENABLED
detector 186 is ENABLED
detector 187 is ENABLED
detector 188 is ENABLED
detector 189 is ENABLED
detector 190 is ENABLED
detector 191 is ENABLED
detector 192 is ENABLED
detector 193 is ENABLED
detector 194 is ENABLED
detector 195 is ENABLED
detector 196 is ENABLED
detector 197 is ENABLED
detector 198 is ENABLED
detector 199 is ENABLED
WARNING: could not open CCcal file "CCenergy.cal", quit
will use beam direction 0.000000 0.000000 1.000000
vector length= 1.000000, normalizing
will use beam direction 0.000000 0.000000 1.000000
Pars.ndetlimlo=1,Pars.ndetlimhi=8
will require mult bt: 1 20
fomlimits, 1, 0.00 ..to.. 0.80
fomlimits, 2, 0.00 ..to.. 0.80
fomlimits, 3, 0.00 ..to.. 0.80
fomlimits, 4, 0.00 ..to.. 0.80
fomlimits, 5, 0.00 ..to.. 0.80
fomlimits, 6, 0.00 ..to.. 0.80
fomlimits, 7, 0.00 ..to.. 0.80
will use M= 350.000000 in bin_dgs
will use PZ file "dgs_pz.cal" in bin_dgs
will use ecal file "dgs_ehi.cal" in bin_dgs
will skip rest of chat file

chat file: <GEBSort.chat> closed
processed 39 sort instructions and 198 lines


sorting this:
Pars.do_bin_mode3 = 1
Pars.do_bin_mode2 = 1
Pars.do_bin_mode1 = 0
Pars.do_bin_dgs = 0
Pars.do_bin_dfma = 0
Pars.do_bin_gtcal = 0
Pars.do_bin_template = 0
Pars.do_bin_final = 0
Pars.do_bin_angcor = 0
Pars.do_bin_angdis = 0
checking proper input of chat file...
input file "/lcrc/project/HELIOS/gretinafma/merged_data/GEBMerged_run125.gtd_000" is open, inData=0x24fd3a60
file size is 2074479196 bytes or 2025 MBs 
input source is set up, supposedly

xyz offset values:

executing ShareMemFileUserInit.h code

deleted \rm -f GEBSort.command
root file </lcrc/project/HELIOS/gretinafma/root_data/run125.root>
base=</lcrc/project/HELIOS/gretinafma/root_data/run125.root:/>
TFile: name=/lcrc/project/HELIOS/gretinafma/root_data/run125.root, title=, option=CREATE

executing UserInit.h code

Created Object "dtbtev", 0x26028f40
Created Object "T0", 0x26029350
, "T0"Created Object "hitpat", 0x26029740
, "hitpat"Created Object "numHitArray2", 0x2602a190
, "numHitArray2"Created Object "CCmult", 0x2602ac50
, "CC Multiplicity"Created Object "CCsum", 0x262fc960
, "CCsum"Created Object "hit2", 0x2630c770
, "hit2"Created Object "hit3", 0x2631c580
, "hit3"Created Object "hit4", 0x2632c390
, "hit4"Created Object "CCsum_nodop", 0x2633c1a0
, "CCsum_nodop"Created Object "CCadd", 0x2634bfb0
, "CCadd"Created Object "SEGadd_FPGA", 0x2635bdc0
Created Object "SEGadd_PSA", 0x2635c1d0
Created Object "SEGsum_FPGA", 0x2635c5e0
Created Object "SEGsum_PSA", 0x2635c9f0
Created Object "radius_all", 0x2635ce00
, "radius (all points)"Created Object "rate_mode2_min", 0x26365210
, "rate_mode2_min headers"Created Object "rate_mode2_sec", 0x26368320
, "rate_mode2_sec headers"Created Object "rate_mode2_intp", 0x2636b430
, "rate_mode2 interaction points"Created Object "cdtbtev", 0x2636e540
Created Object "evsr_all", 0x264344b0
Created Object "SMAP_allhits", 0x264349f0
Created Object "SMAP_allhits_sq", 0x26534380
Created Object "seghitpat", 0x26633d10
Created Object "CCe", 0x2663c110
Created Object "ggCC", 0x2663c6c0
Created Object "z_plot", 0x2663cc70
Created Object "crystal_hit", 0x266f0340
Created Object "SegE", 0x266f0910
Created Object "crXcr", 0x266f0e50
MAXDETPOS=180
Created Object "eCC_a", 0x267de990
Created Object "eCC_b", 0x267deda0
Created Object "eCC_c", 0x267df210
Created Object "eCC_d", 0x267df7c0
Created Object "eSeg", 0x267dfd00
Created Object "mode3_hitpat", 0x267e02b0
, "mode3_hitpat"Created Object "mode3_hitpat_chan", 0x267e0c20
, "mode3_hitpat_chan"Created Object "chan0", 0x267e1350
, "chan0"Created Object "module", 0x267f5180
, "module"Created Object "chan", 0x26808fb0
Created Object "l", 0x2687e8d0
, "l"Created Object "r", 0x26892700
, "r"Created Object "up", 0x268a64c0
, "up"Created Object "down", 0x268ba280
, "down"Created Object "sumlr", 0x268ce0b0
, "sumlr"Created Object "sumud", 0x268e1ee0
, "sumud"Created Object "x", 0x268f5d10
, "x"Created Object "y", 0x26909b40
, "y"Created Object "de1", 0x2691d970
, "de1"Created Object "de2", 0x26931730
, "de2"Created Object "de3", 0x269454f0
, "de3"Created Object "de12", 0x26959320
, "de12"Created Object "etot", 0x2696d150
, "etot"Created Object "rftof", 0x26980f10
, "rftof"Created Object "lr", 0x26994cd0
Created Object "ud", 0x26995210
Created Object "ede1", 0x26995750
Created Object "ede1g", 0x26995c90
Created Object "ede2", 0x26996240
Created Object "ede12", 0x269967f0
Created Object "xde1", 0x26996da0
Created Object "erftof", 0x269972e0
Created Object "erftofg", 0x26997820
Created Object "sumehi", 0x26997dd0
, "sumehi"Created Object "tgppac", 0x269abb90
, "tgppac"Created Object "tgppacg", 0x269d3240
, "tgppacg"Created Object "xehi1", 0x269fa8f0
Created Object "xehi1g", 0x269fae30
Created Object "de1ehi", 0x269fb3e0
Created Object "de1ehig", 0x269fb920
Created Object "ng", 0x269fbe60
, "ng"Created Object "ehiz1", 0x26a0fc20
, "ehiz1"Created Object "ehiz2", 0x26a239e0
, "ehiz2"Created Object "ehiz3", 0x26a37810
, "ehiz3"Created Object "ehiz4", 0x26a4b640
, "ehiz4"Created Object "ehiz5", 0x26a5f470
, "ehiz5"Created Object "gg_dt", 0x26a73230
, "gg_dt"Created Object "gg", 0x26a77660
Created Object "gg_z1", 0x26a77c10
Created Object "gg_z2", 0x26a781c0
Created Object "gg_z3", 0x26a78770
Created Object "gg_z4", 0x26a78d20
Created Object "gg_z5", 0x26a79260
we have define the following ROOT spectra:
Collection name='THashList', class='THashList', size=84
 TH1.Print Name  = dtbtev, Entries= 0, Total sum= 0
 TH1.Print Name  = T0, Entries= 0, Total sum= 0
 TH1.Print Name  = hitpat, Entries= 0, Total sum= 0
 TH1.Print Name  = numHitArray2, Entries= 0, Total sum= 0
 TH1.Print Name  = CCmult, Entries= 0, Total sum= 0
 TH1.Print Name  = CCsum, Entries= 0, Total sum= 0
 TH1.Print Name  = hit2, Entries= 0, Total sum= 0
 TH1.Print Name  = hit3, Entries= 0, Total sum= 0
 TH1.Print Name  = hit4, Entries= 0, Total sum= 0
 TH1.Print Name  = CCsum_nodop, Entries= 0, Total sum= 0
 TH1.Print Name  = CCadd, Entries= 0, Total sum= 0
 TH1.Print Name  = SEGadd_FPGA, Entries= 0, Total sum= 0
 TH1.Print Name  = SEGadd_PSA, Entries= 0, Total sum= 0
 TH1.Print Name  = SEGsum_FPGA, Entries= 0, Total sum= 0
 TH1.Print Name  = SEGsum_PSA, Entries= 0, Total sum= 0
 TH1.Print Name  = radius_all, Entries= 0, Total sum= 0
 TH1.Print Name  = rate_mode2_min, Entries= 0, Total sum= 0
 TH1.Print Name  = rate_mode2_sec, Entries= 0, Total sum= 0
 TH1.Print Name  = rate_mode2_intp, Entries= 0, Total sum= 0
 TH1.Print Name  = cdtbtev, Entries= 0, Total sum= 0
 TH1.Print Name  = evsr_all, Entries= 0, Total sum= 0
 TH1.Print Name  = SMAP_allhits, Entries= 0, Total sum= 0
 TH1.Print Name  = SMAP_allhits_sq, Entries= 0, Total sum= 0
 TH1.Print Name  = seghitpat, Entries= 0, Total sum= 0
 TH1.Print Name  = CCe, Entries= 0, Total sum= 0
 TH1.Print Name  = ggCC, Entries= 0, Total sum= 0
 TH1.Print Name  = z_plot, Entries= 0, Total sum= 0
 TH1.Print Name  = crystal_hit, Entries= 0, Total sum= 0
 TH1.Print Name  = SegE, Entries= 0, Total sum= 0
 TH1.Print Name  = crXcr, Entries= 0, Total sum= 0
 ******************************************************************************
*Tree    :tree      : tree                                                   *
*Entries :        0 : Total =            8461 bytes  File  Size =          0 *
*        :          : Tree compression factor =   1.00                       *
******************************************************************************
*Br    0 :runNumber : runNumber/I                                            *
*Entries :        0 : Total  Size=        501 bytes  One basket in memory    *
*Baskets :        0 : Basket Size=      32000 bytes  Compression=   1.00     *
*............................................................................*
*Br    1 :numHits   : numHits/I                                              *
*Entries :        0 : Total  Size=        493 bytes  One basket in memory    *
*Baskets :        0 : Basket Size=      32000 bytes  Compression=   1.00     *
*............................................................................*
*Br    2 :left      : left[numHits]/F                                        *
*Entries :        0 : Total  Size=        580 bytes  One basket in memory    *
*Baskets :        0 : Basket Size=      32000 bytes  Compression=   1.00     *
*............................................................................*
*Br    3 :right     : right[numHits]/F                                       *
*Entries :        0 : Total  Size=        584 bytes  One basket in memory    *
*Baskets :        0 : Basket Size=      32000 bytes  Compression=   1.00     *
*............................................................................*
*Br    4 :up        : up[numHits]/F                                          *
*Entries :        0 : Total  Size=        572 bytes  One basket in memory    *
*Baskets :        0 : Basket Size=      32000 bytes  Compression=   1.00     *
*............................................................................*
*Br    5 :down      : down[numHits]/F                                        *
*Entries :        0 : Total  Size=        580 bytes  One basket in memory    *
*Baskets :        0 : Basket Size=      32000 bytes  Compression=   1.00     *
*............................................................................*
*Br    6 :e1        : e1[numHits]/F                                          *
*Entries :        0 : Total  Size=        572 bytes  One basket in memory    *
*Baskets :        0 : Basket Size=      32000 bytes  Compression=   1.00     *
*............................................................................*
*Br    7 :e2        : e2[numHits]/F                                          *
*Entries :        0 : Total  Size=        572 bytes  One basket in memory    *
*Baskets :        0 : Basket Size=      32000 bytes  Compression=   1.00     *
*............................................................................*
*Br    8 :e3        : e3[numHits]/F                                          *
*Entries :        0 : Total  Size=        572 bytes  One basket in memory    *
*Baskets :        0 : Basket Size=      32000 bytes  Compression=   1.00     *
*............................................................................*
*Br    9 :tac       : tac[numHits]/F                                         *
*Entries :        0 : Total  Size=        576 bytes  One basket in memory    *
*Baskets :        0 : Basket Size=      32000 bytes  Compression=   1.00     *
*............................................................................*
*Br   10 :fmaDeltaTime : fmaDeltaTime[numHits]/F                             *
*Entries :        0 : Total  Size=        612 bytes  One basket in memory    *
*Baskets :        0 : Basket Size=      32000 bytes  Compression=   1.00     *
*............................................................................*
*Br   11 :fmaMult   : fmaMult[10]/I                                          *
*Entries :        0 : Total  Size=        501 bytes  One basket in memory    *
*Baskets :        0 : Basket Size=      32000 bytes  Compression=   1.00     *
*............................................................................*
*Br   12 :gammaMult : gammaMult/I                                            *
*Entries :        0 : Total  Size=        501 bytes  One basket in memory    *
*Baskets :        0 : Basket Size=      32000 bytes  Compression=   1.00     *
*............................................................................*
*Br   13 :gammaEnergy : gammaEnergy[gammaMult]/F                             *
*Entries :        0 : Total  Size=        616 bytes  One basket in memory    *
*Baskets :        0 : Basket Size=      32000 bytes  Compression=   1.00     *
*............................................................................*
*Br   14 :gammaTimestamp : gammaTimestamp[gammaMult]/F                       *
*Entries :        0 : Total  Size=        628 bytes  One basket in memory    *
*Baskets :        0 : Basket Size=      32000 bytes  Compression=   1.00     *
*............................................................................*
*Br   15 :deltaTime : deltaTime[gammaMult]/F                                 *
*Entries :        0 : Total  Size=        608 bytes  One basket in memory    *
*Baskets :        0 : Basket Size=      32000 bytes  Compression=   1.00     *
*............................................................................*
 TH1.Print Name  = eCC_a, Entries= 0, Total sum= 0
 TH1.Print Name  = eCC_b, Entries= 0, Total sum= 0
 TH1.Print Name  = eCC_c, Entries= 0, Total sum= 0
 TH1.Print Name  = eCC_d, Entries= 0, Total sum= 0
 TH1.Print Name  = eSeg, Entries= 0, Total sum= 0
 TH1.Print Name  = mode3_hitpat, Entries= 0, Total sum= 0
 TH1.Print Name  = mode3_hitpat_chan, Entries= 0, Total sum= 0
 TH1.Print Name  = chan0, Entries= 0, Total sum= 0
 TH1.Print Name  = module, Entries= 0, Total sum= 0
 TH1.Print Name  = chan, Entries= 0, Total sum= 0
 TH1.Print Name  = l, Entries= 0, Total sum= 0
 TH1.Print Name  = r, Entries= 0, Total sum= 0
 TH1.Print Name  = up, Entries= 0, Total sum= 0
 TH1.Print Name  = down, Entries= 0, Total sum= 0
 TH1.Print Name  = sumlr, Entries= 0, Total sum= 0
 TH1.Print Name  = sumud, Entries= 0, Total sum= 0
 TH1.Print Name  = x, Entries= 0, Total sum= 0
 TH1.Print Name  = y, Entries= 0, Total sum= 0
 TH1.Print Name  = de1, Entries= 0, Total sum= 0
 TH1.Print Name  = de2, Entries= 0, Total sum= 0
 TH1.Print Name  = de3, Entries= 0, Total sum= 0
 TH1.Print Name  = de12, Entries= 0, Total sum= 0
 TH1.Print Name  = etot, Entries= 0, Total sum= 0
 TH1.Print Name  = rftof, Entries= 0, Total sum= 0
 TH1.Print Name  = lr, Entries= 0, Total sum= 0
 TH1.Print Name  = ud, Entries= 0, Total sum= 0
 TH1.Print Name  = ede1, Entries= 0, Total sum= 0
 TH1.Print Name  = ede1g, Entries= 0, Total sum= 0
 TH1.Print Name  = ede2, Entries= 0, Total sum= 0
 TH1.Print Name  = ede12, Entries= 0, Total sum= 0
 TH1.Print Name  = xde1, Entries= 0, Total sum= 0
 TH1.Print Name  = erftof, Entries= 0, Total sum= 0
 TH1.Print Name  = erftofg, Entries= 0, Total sum= 0
 TH1.Print Name  = sumehi, Entries= 0, Total sum= 0
 TH1.Print Name  = tgppac, Entries= 0, Total sum= 0
 TH1.Print Name  = tgppacg, Entries= 0, Total sum= 0
 TH1.Print Name  = xehi1, Entries= 0, Total sum= 0
 TH1.Print Name  = xehi1g, Entries= 0, Total sum= 0
 TH1.Print Name  = de1ehi, Entries= 0, Total sum= 0
 TH1.Print Name  = de1ehig, Entries= 0, Total sum= 0
 TH1.Print Name  = ng, Entries= 0, Total sum= 0
 TH1.Print Name  = ehiz1, Entries= 0, Total sum= 0
 TH1.Print Name  = ehiz2, Entries= 0, Total sum= 0
 TH1.Print Name  = ehiz3, Entries= 0, Total sum= 0
 TH1.Print Name  = ehiz4, Entries= 0, Total sum= 0
 TH1.Print Name  = ehiz5, Entries= 0, Total sum= 0
 TH1.Print Name  = gg_dt, Entries= 0, Total sum= 0
 TH1.Print Name  = gg, Entries= 0, Total sum= 0
 TH1.Print Name  = gg_z1, Entries= 0, Total sum= 0
 TH1.Print Name  = gg_z2, Entries= 0, Total sum= 0
 TH1.Print Name  = gg_z3, Entries= 0, Total sum= 0
 TH1.Print Name  = gg_z4, Entries= 0, Total sum= 0
 TH1.Print Name  = gg_z5, Entries= 0, Total sum= 0
GRETINA detector angles
mod  1, crystal 0 [  4]: ( 10.07   3.58  15.10) pol   35.30 ,  azi   13.35; pol   35.30 ,  azi   19.58; modCCdopfac[4] 1.0271
mod  1, crystal 1 [  5]: ( 10.11   9.19  12.47) pol   47.60 ,  azi   36.39; pol   47.60 ,  azi   42.30; modCCdopfac[5] 1.0222
mod  1, crystal 2 [  6]: (  5.44   7.69  15.92) pol   30.60 ,  azi   25.77; pol   30.60 ,  azi   54.72; modCCdopfac[6] 1.0287
mod  1, crystal 3 [  7]: (  4.99   1.78  17.72) pol   16.65 ,  azi    5.72; pol   16.65 ,  azi   19.58; modCCdopfac[7] 1.0321
mod  2, crystal 0 [  8]: ( -0.29  10.69  15.10) pol   35.30 ,  azi   35.29; pol   35.30 ,  azi   91.58; modCCdopfac[8] 1.0271
mod  2, crystal 1 [  9]: ( -5.62  12.45  12.47) pol   47.60 ,  azi   44.95; pol   47.60 ,  azi  114.30; modCCdopfac[9] 1.0222
mod  2, crystal 2 [ 10]: ( -5.63   7.55  15.92) pol   30.60 ,  azi   25.36; pol   30.60 ,  azi  126.72; modCCdopfac[10] 1.0287
mod  2, crystal 3 [ 11]: ( -0.15   5.30  17.72) pol   16.65 ,  azi   16.64; pol   16.65 ,  azi   91.58; modCCdopfac[11] 1.0321
mod  3, crystal 0 [ 12]: (-10.25   3.02  15.10) pol   35.30 ,  azi   11.32; pol   35.30 ,  azi  163.58; modCCdopfac[12] 1.0271
mod  3, crystal 1 [ 13]: (-13.58  -1.50  12.47) pol   47.60 ,  azi   -6.85; pol   47.60 ,  azi -173.70; modCCdopfac[13] 1.0222
mod  3, crystal 2 [ 14]: ( -8.92  -3.02  15.92) pol   30.60 ,  azi  -10.75; pol   30.60 ,  azi -161.28; modCCdopfac[14] 1.0287
mod  3, crystal 3 [ 15]: ( -5.08   1.50  17.72) pol   16.65 ,  azi    4.83; pol   16.65 ,  azi  163.58; modCCdopfac[15] 1.0321
mod  4, crystal 0 [ 16]: ( -6.04  -8.82  15.10) pol   35.30 ,  azi  -30.29; pol   35.30 ,  azi -124.42; modCCdopfac[16] 1.0271
mod  4, crystal 1 [ 17]: ( -2.77 -13.38  12.47) pol   47.60 ,  azi  -47.00; pol   47.60 ,  azi -101.70; modCCdopfac[17] 1.0222
mod  4, crystal 2 [ 18]: (  0.12  -9.42  15.92) pol   30.60 ,  azi  -30.60; pol   30.60 ,  azi  -89.28; modCCdopfac[18] 1.0287
mod  4, crystal 3 [ 19]: ( -3.00  -4.37  17.72) pol   16.65 ,  azi  -13.86; pol   16.65 ,  azi -124.42; modCCdopfac[19] 1.0321
mod  5, crystal 0 [ 20]: (  6.52  -8.47  15.10) pol   35.30 ,  azi  -29.30; pol   35.30 ,  azi  -52.42; modCCdopfac[20] 1.0271
mod  5, crystal 1 [ 21]: ( 11.87  -6.77  12.47) pol   47.60 ,  azi  -28.49; pol   47.60 ,  azi  -29.70; modCCdopfac[21] 1.0222
mod  5, crystal 2 [ 22]: (  8.99  -2.80  15.92) pol   30.60 ,  azi   -9.96; pol   30.60 ,  azi  -17.28; modCCdopfac[22] 1.0287
mod  5, crystal 3 [ 23]: (  3.23  -4.20  17.72) pol   16.65 ,  azi  -13.33; pol   16.65 ,  azi  -52.42; modCCdopfac[23] 1.0321
mod  6, crystal 0 [ 24]: (  4.54  16.51   7.02) pol   67.71 ,  azi   66.97; pol   67.71 ,  azi   74.63; modCCdopfac[24] 1.0121
mod  6, crystal 1 [ 25]: ( -0.33  15.15  10.61) pol   55.02 ,  azi   55.01; pol   55.02 ,  azi   91.23; modCCdopfac[25] 1.0187
mod  6, crystal 2 [ 26]: (  5.05  13.00  12.16) pol   48.92 ,  azi   46.92; pol   48.92 ,  azi   68.77; modCCdopfac[26] 1.0216
mod  6, crystal 3 [ 27]: (  9.66  13.57   8.06) pol   64.18 ,  azi   59.29; pol   64.18 ,  azi   54.55; modCCdopfac[27] 1.0140
mod  7, crystal 0 [ 28]: (-14.30   9.42   7.02) pol   67.71 ,  azi   53.31; pol   67.71 ,  azi  146.63; modCCdopfac[28] 1.0121
mod  7, crystal 1 [ 29]: (-14.51   4.37  10.61) pol   55.02 ,  azi   22.40; pol   55.02 ,  azi  163.23; modCCdopfac[29] 1.0187
mod  7, crystal 2 [ 30]: (-10.80   8.82  12.16) pol   48.92 ,  azi   35.96; pol   48.92 ,  azi  140.77; modCCdopfac[30] 1.0216
mod  7, crystal 3 [ 31]: ( -9.92  13.38   8.06) pol   64.18 ,  azi   58.94; pol   64.18 ,  azi  126.55; modCCdopfac[31] 1.0140
mod  8, crystal 0 [ 32]: (-13.37 -10.69   7.02) pol   67.71 ,  azi  -56.71; pol   67.71 ,  azi -141.37; modCCdopfac[32] 1.0121
mod  8, crystal 1 [ 33]: ( -8.64 -12.45  10.61) pol   55.02 ,  azi  -49.58; pol   55.02 ,  azi -124.77; modCCdopfac[33] 1.0187
mod  8, crystal 2 [ 34]: (-11.73  -7.55  12.16) pol   48.92 ,  azi  -31.84; pol   48.92 ,  azi -147.23; modCCdopfac[34] 1.0216
mod  8, crystal 3 [ 35]: (-15.79  -5.30   8.06) pol   64.18 ,  azi  -33.33; pol   64.18 ,  azi -161.45; modCCdopfac[35] 1.0140
mod  9, crystal 0 [ 36]: (  6.03 -16.02   7.02) pol   67.71 ,  azi  -66.35; pol   67.71 ,  azi  -69.37; modCCdopfac[36] 1.0121
mod  9, crystal 1 [ 37]: (  9.17 -12.07  10.61) pol   55.02 ,  azi  -48.69; pol   55.02 ,  azi  -52.77; modCCdopfac[37] 1.0187
mod  9, crystal 2 [ 38]: (  3.56 -13.48  12.16) pol   48.92 ,  azi  -47.96; pol   48.92 ,  azi  -75.23; modCCdopfac[38] 1.0216
mod  9, crystal 3 [ 39]: (  0.16 -16.65   8.06) pol   64.18 ,  azi  -64.18; pol   64.18 ,  azi  -89.45; modCCdopfac[39] 1.0140
mod 10, crystal 0 [ 40]: ( 17.10   0.79   7.02) pol   67.71 ,  azi    6.39; pol   67.71 ,  azi    2.63; modCCdopfac[40] 1.0121
mod 10, crystal 1 [ 41]: ( 14.31   4.99  10.61) pol   55.02 ,  azi   25.21; pol   55.02 ,  azi   19.23; modCCdopfac[41] 1.0187
mod 10, crystal 2 [ 42]: ( 13.92  -0.79  12.16) pol   48.92 ,  azi   -3.70; pol   48.92 ,  azi   -3.23; modCCdopfac[42] 1.0216
mod 10, crystal 3 [ 43]: ( 15.89  -4.99   8.06) pol   64.18 ,  azi  -31.79; pol   64.18 ,  azi  -17.45; modCCdopfac[43] 1.0140
mod 11, crystal 0 [ 44]: ( 18.26   2.80   0.92) pol   87.15 ,  azi   71.78; pol   87.15 ,  azi    8.71; modCCdopfac[44] 1.0011
mod 11, crystal 1 [ 45]: ( 17.30   4.20  -5.04) pol  105.79 ,  azi  140.16; pol  105.79 ,  azi   13.65; modCCdopfac[45] 0.9906
mod 11, crystal 2 [ 46]: ( 16.42   8.47  -0.92) pol   92.85 ,  azi   96.20; pol   92.85 ,  azi   27.29; modCCdopfac[46] 0.9978
mod 11, crystal 3 [ 47]: ( 16.46   6.77   5.04) pol   74.21 ,  azi   53.36; pol   74.21 ,  azi   22.35; modCCdopfac[47] 1.0085
mod 12, crystal 0 [ 48]: ( 12.46  13.48  -2.26) pol   97.01 ,  azi   99.50; pol   97.01 ,  azi   47.25; modCCdopfac[48] 0.9954
mod 12, crystal 1 [ 49]: (  7.28  16.65  -3.46) pol  100.78 ,  azi  101.74; pol  100.78 ,  azi   66.39; modCCdopfac[49] 0.9933
mod 12, crystal 2 [ 50]: (  8.97  16.02   2.26) pol   82.99 ,  azi   81.98; pol   82.99 ,  azi   60.75; modCCdopfac[50] 1.0035
mod 12, crystal 3 [ 51]: ( 13.59  12.07   3.46) pol   79.22 ,  azi   74.00; pol   79.22 ,  azi   41.61; modCCdopfac[51] 1.0057
mod 13, crystal 0 [ 52]: (  2.98  18.23   0.92) pol   87.15 ,  azi   87.11; pol   87.15 ,  azi   80.71; modCCdopfac[52] 1.0011
mod 13, crystal 1 [ 53]: (  1.35  17.75  -5.04) pol  105.79 ,  azi  105.84; pol  105.79 ,  azi   85.65; modCCdopfac[53] 0.9906
mod 13, crystal 2 [ 54]: ( -2.98  18.23  -0.92) pol   92.85 ,  azi   92.89; pol   92.85 ,  azi   99.29; modCCdopfac[54] 0.9978
mod 13, crystal 3 [ 55]: ( -1.35  17.75   5.04) pol   74.21 ,  azi   74.16; pol   74.21 ,  azi   94.35; modCCdopfac[55] 1.0085
mod 14, crystal 0 [ 56]: ( -8.97  16.02  -2.26) pol   97.01 ,  azi   98.02; pol   97.01 ,  azi  119.25; modCCdopfac[56] 0.9954
mod 14, crystal 1 [ 57]: (-13.59  12.07  -3.46) pol  100.78 ,  azi  106.00; pol  100.78 ,  azi  138.39; modCCdopfac[57] 0.9933
mod 14, crystal 2 [ 58]: (-12.46  13.48   2.26) pol   82.99 ,  azi   80.50; pol   82.99 ,  azi  132.75; modCCdopfac[58] 1.0035
mod 14, crystal 3 [ 59]: ( -7.28  16.65   3.46) pol   79.22 ,  azi   78.26; pol   79.22 ,  azi  113.61; modCCdopfac[59] 1.0057
mod 15, crystal 0 [ 60]: (-16.42   8.47   0.92) pol   87.15 ,  azi   83.80; pol   87.15 ,  azi  152.71; modCCdopfac[60] 1.0011
mod 15, crystal 1 [ 61]: (-16.46   6.77  -5.04) pol  105.79 ,  azi  126.64; pol  105.79 ,  azi  157.65; modCCdopfac[61] 0.9906
mod 15, crystal 2 [ 62]: (-18.26   2.80  -0.92) pol   92.85 ,  azi  108.22; pol   92.85 ,  azi  171.29; modCCdopfac[62] 0.9978
mod 15, crystal 3 [ 63]: (-17.30   4.20   5.04) pol   74.21 ,  azi   39.84; pol   74.21 ,  azi  166.35; modCCdopfac[63] 1.0085
mod 16, crystal 0 [ 64]: (-18.01  -3.58  -2.26) pol   97.01 ,  azi -122.21; pol   97.01 ,  azi -168.75; modCCdopfac[64] 0.9954
mod 16, crystal 1 [ 65]: (-15.68  -9.19  -3.46) pol  100.78 ,  azi -110.62; pol  100.78 ,  azi -149.61; modCCdopfac[65] 0.9933
mod 16, crystal 2 [ 66]: (-16.68  -7.69   2.26) pol   82.99 ,  azi  -73.64; pol   82.99 ,  azi -155.25; modCCdopfac[66] 1.0035
mod 16, crystal 3 [ 67]: (-18.09  -1.78   3.46) pol   79.22 ,  azi  -27.18; pol   79.22 ,  azi -174.39; modCCdopfac[67] 1.0057
mod 17, crystal 0 [ 68]: (-13.13 -13.00   0.92) pol   87.15 ,  azi  -85.95; pol   87.15 ,  azi -135.29; modCCdopfac[68] 1.0011
mod 17, crystal 1 [ 69]: (-11.53 -13.57  -5.04) pol  105.79 ,  azi -110.36; pol  105.79 ,  azi -130.35; modCCdopfac[69] 0.9906
mod 17, crystal 2 [ 70]: ( -8.30 -16.51  -0.92) pol   92.85 ,  azi  -93.19; pol   92.85 ,  azi -116.71; modCCdopfac[70] 0.9978
mod 17, crystal 3 [ 71]: ( -9.34 -15.15   5.04) pol   74.21 ,  azi  -71.62; pol   74.21 ,  azi -121.65; modCCdopfac[71] 1.0085
mod 18, crystal 0 [ 72]: ( -2.16 -18.23  -2.26) pol   97.01 ,  azi  -97.05; pol   97.01 ,  azi  -96.75; modCCdopfac[72] 0.9954
mod 18, crystal 1 [ 73]: (  3.90 -17.75  -3.46) pol  100.78 ,  azi -101.03; pol  100.78 ,  azi  -77.61; modCCdopfac[73] 0.9933
mod 18, crystal 2 [ 74]: (  2.16 -18.23   2.26) pol   82.99 ,  azi  -82.95; pol   82.99 ,  azi  -83.25; modCCdopfac[74] 1.0035
mod 18, crystal 3 [ 75]: ( -3.90 -17.75   3.46) pol   79.22 ,  azi  -78.97; pol   79.22 ,  azi -102.39; modCCdopfac[75] 1.0057
mod 19, crystal 0 [ 76]: (  8.30 -16.51   0.92) pol   87.15 ,  azi  -86.81; pol   87.15 ,  azi  -63.29; modCCdopfac[76] 1.0011
mod 19, crystal 1 [ 77]: (  9.34 -15.15  -5.04) pol  105.79 ,  azi -108.38; pol  105.79 ,  azi  -58.35; modCCdopfac[77] 0.9906
mod 19, crystal 2 [ 78]: ( 13.13 -13.00  -0.92) pol   92.85 ,  azi  -94.05; pol   92.85 ,  azi  -44.71; modCCdopfac[78] 0.9978
mod 19, crystal 3 [ 79]: ( 11.53 -13.57   5.04) pol   74.21 ,  azi  -69.64; pol   74.21 ,  azi  -49.65; modCCdopfac[79] 1.0085
mod 20, crystal 0 [ 80]: ( 16.68  -7.69  -2.26) pol   97.01 ,  azi -106.36; pol   97.01 ,  azi  -24.75; modCCdopfac[80] 0.9954
mod 20, crystal 1 [ 81]: ( 18.09  -1.78  -3.46) pol  100.78 ,  azi -152.82; pol  100.78 ,  azi   -5.61; modCCdopfac[81] 0.9933
mod 20, crystal 2 [ 82]: ( 18.01  -3.58   2.26) pol   82.99 ,  azi  -57.79; pol   82.99 ,  azi  -11.25; modCCdopfac[82] 1.0035
mod 20, crystal 3 [ 83]: ( 15.68  -9.19   3.46) pol   79.22 ,  azi  -69.38; pol   79.22 ,  azi  -30.39; modCCdopfac[83] 1.0057
mod 21, crystal 0 [ 84]: ( 14.30   9.42  -7.02) pol  112.29 ,  azi  126.69; pol  112.29 ,  azi   33.37; modCCdopfac[84] 0.9871
mod 21, crystal 1 [ 85]: ( 14.51   4.37 -10.61) pol  124.98 ,  azi  157.60; pol  124.98 ,  azi   16.77; modCCdopfac[85] 0.9809
mod 21, crystal 2 [ 86]: ( 10.80   8.82 -12.16) pol  131.08 ,  azi  144.04; pol  131.08 ,  azi   39.23; modCCdopfac[86] 0.9782
mod 21, crystal 3 [ 87]: (  9.92  13.38  -8.06) pol  115.82 ,  azi  121.06; pol  115.82 ,  azi   53.45; modCCdopfac[87] 0.9853
mod 22, crystal 0 [ 88]: ( -4.54  16.51  -7.02) pol  112.29 ,  azi  113.03; pol  112.29 ,  azi  105.37; modCCdopfac[88] 0.9871
mod 22, crystal 1 [ 89]: (  0.33  15.15 -10.61) pol  124.98 ,  azi  124.99; pol  124.98 ,  azi   88.77; modCCdopfac[89] 0.9809
mod 22, crystal 2 [ 90]: ( -5.05  13.00 -12.16) pol  131.08 ,  azi  133.08; pol  131.08 ,  azi  111.23; modCCdopfac[90] 0.9782
mod 22, crystal 3 [ 91]: ( -9.66  13.57  -8.06) pol  115.82 ,  azi  120.71; pol  115.82 ,  azi  125.45; modCCdopfac[91] 0.9853
mod 23, crystal 0 [ 92]: (-17.10   0.79  -7.02) pol  112.29 ,  azi  173.61; pol  112.29 ,  azi  177.37; modCCdopfac[92] 0.9871
mod 23, crystal 1 [ 93]: (-14.31   4.99 -10.61) pol  124.98 ,  azi  154.79; pol  124.98 ,  azi  160.77; modCCdopfac[93] 0.9809
mod 23, crystal 2 [ 94]: (-13.92  -0.79 -12.16) pol  131.08 ,  azi -176.30; pol  131.08 ,  azi -176.77; modCCdopfac[94] 0.9782
mod 23, crystal 3 [ 95]: (-15.89  -4.99  -8.06) pol  115.82 ,  azi -148.21; pol  115.82 ,  azi -162.55; modCCdopfac[95] 0.9853
mod 24, crystal 0 [ 96]: ( -6.03 -16.02  -7.02) pol  112.29 ,  azi -113.65; pol  112.29 ,  azi -110.63; modCCdopfac[96] 0.9871
mod 24, crystal 1 [ 97]: ( -9.17 -12.07 -10.61) pol  124.98 ,  azi -131.31; pol  124.98 ,  azi -127.23; modCCdopfac[97] 0.9809
mod 24, crystal 2 [ 98]: ( -3.56 -13.48 -12.16) pol  131.08 ,  azi -132.04; pol  131.08 ,  azi -104.77; modCCdopfac[98] 0.9782
mod 24, crystal 3 [ 99]: ( -0.16 -16.65  -8.06) pol  115.82 ,  azi -115.82; pol  115.82 ,  azi  -90.55; modCCdopfac[99] 0.9853
mod 25, crystal 0 [100]: ( 13.37 -10.69  -7.02) pol  112.29 ,  azi -123.29; pol  112.29 ,  azi  -38.63; modCCdopfac[100] 0.9871
mod 25, crystal 1 [101]: (  8.64 -12.45 -10.61) pol  124.98 ,  azi -130.42; pol  124.98 ,  azi  -55.23; modCCdopfac[101] 0.9809
mod 25, crystal 2 [102]: ( 11.73  -7.55 -12.16) pol  131.08 ,  azi -148.16; pol  131.08 ,  azi  -32.77; modCCdopfac[102] 0.9782
mod 25, crystal 3 [103]: ( 15.79  -5.30  -8.06) pol  115.82 ,  azi -146.67; pol  115.82 ,  azi  -18.55; modCCdopfac[103] 0.9853
mod 26, crystal 0 [104]: (  0.29  10.69 -15.10) pol  144.70 ,  azi  144.71; pol  144.70 ,  azi   88.42; modCCdopfac[104] 0.9732
mod 26, crystal 1 [105]: (  5.62  12.45 -12.47) pol  132.40 ,  azi  135.05; pol  132.40 ,  azi   65.70; modCCdopfac[105] 0.9777
mod 26, crystal 2 [106]: (  5.63   7.55 -15.92) pol  149.40 ,  azi  154.64; pol  149.40 ,  azi   53.28; modCCdopfac[106] 0.9718
mod 26, crystal 3 [107]: (  0.15   5.30 -17.72) pol  163.35 ,  azi  163.36; pol  163.35 ,  azi   88.42; modCCdopfac[107] 0.9688
mod 27, crystal 0 [108]: (-10.07   3.58 -15.10) pol  144.70 ,  azi  166.65; pol  144.70 ,  azi  160.42; modCCdopfac[108] 0.9732
mod 27, crystal 1 [109]: (-10.11   9.19 -12.47) pol  132.40 ,  azi  143.61; pol  132.40 ,  azi  137.70; modCCdopfac[109] 0.9777
mod 27, crystal 2 [110]: ( -5.44   7.69 -15.92) pol  149.40 ,  azi  154.23; pol  149.40 ,  azi  125.28; modCCdopfac[110] 0.9718
mod 27, crystal 3 [111]: ( -4.99   1.78 -17.72) pol  163.35 ,  azi  174.28; pol  163.35 ,  azi  160.42; modCCdopfac[111] 0.9688
mod 28, crystal 0 [112]: ( -6.52  -8.47 -15.10) pol  144.70 ,  azi -150.70; pol  144.70 ,  azi -127.58; modCCdopfac[112] 0.9732
mod 28, crystal 1 [113]: (-11.87  -6.77 -12.47) pol  132.40 ,  azi -151.51; pol  132.40 ,  azi -150.30; modCCdopfac[113] 0.9777
mod 28, crystal 2 [114]: ( -8.99  -2.80 -15.92) pol  149.40 ,  azi -170.04; pol  149.40 ,  azi -162.72; modCCdopfac[114] 0.9718
mod 28, crystal 3 [115]: ( -3.23  -4.20 -17.72) pol  163.35 ,  azi -166.67; pol  163.35 ,  azi -127.58; modCCdopfac[115] 0.9688
mod 29, crystal 0 [116]: (  6.04  -8.82 -15.10) pol  144.70 ,  azi -149.71; pol  144.70 ,  azi  -55.58; modCCdopfac[116] 0.9732
mod 29, crystal 1 [117]: (  2.77 -13.38 -12.47) pol  132.40 ,  azi -133.00; pol  132.40 ,  azi  -78.30; modCCdopfac[117] 0.9777
mod 29, crystal 2 [118]: ( -0.12  -9.42 -15.92) pol  149.40 ,  azi -149.40; pol  149.40 ,  azi  -90.72; modCCdopfac[118] 0.9718
mod 29, crystal 3 [119]: (  3.00  -4.37 -17.72) pol  163.35 ,  azi -166.14; pol  163.35 ,  azi  -55.58; modCCdopfac[119] 0.9688
mod 30, crystal 0 [120]: ( 10.25   3.02 -15.10) pol  144.70 ,  azi  168.68; pol  144.70 ,  azi   16.42; modCCdopfac[120] 0.9732
mod 30, crystal 1 [121]: ( 13.58  -1.50 -12.47) pol  132.40 ,  azi -173.15; pol  132.40 ,  azi   -6.30; modCCdopfac[121] 0.9777
mod 30, crystal 2 [122]: (  8.92  -3.02 -15.92) pol  149.40 ,  azi -169.25; pol  149.40 ,  azi  -18.72; modCCdopfac[122] 0.9718
mod 30, crystal 3 [123]: (  5.08   1.50 -17.72) pol  163.35 ,  azi  175.17; pol  163.35 ,  azi   16.42; modCCdopfac[123] 0.9688
setup signal catcher
started sorting... from disk...

Pars.maxTS=4611686018427387904
got initial header, TS=420919840495 ID: 1 length: 464
read initial payload of siz=464 into event position 1
__ptgd[0]->type= 0; ptgd[0]->length=   0; ptgd[0]->timestamp=0
initial ii=1, nn=1
ev#     0 GEB_TYPE_DECOMP        464Bytes TS=420919844055 curTS=420919840495 dTS= 3560
t0=420919840495
first event: GEB_event.mult=1
   0/ 0: ( 1,GEB_TYPE_DECOMP      ) TS=        420919840495; dT=0
maxTS=9060919840495
that is 86400.0 seconds or 24h0m0s minutes of sorting
GEBGetEv returned st=0
we have read 960 bytes; CurEvNo=1

+++++++++++++++++++++++++++++++
*start event # 1 with multiplicity 1 looks like this:
 0>  1, GEB_TYPE_DECOMP      , TS=420919840495
entered bin_mode2: 1/10
ptinp->pad= 6, (ptinp->pad&0x000000ff)= 6
updated CCadd with    0.00
total number of hits in array: 0
exit bin_mode2
entered bin_mode3 @ event number: 1 
exit bin_mode3
*end of event # 1
+++++++++++++++++++++++++++++++
ev#     1 GEB_TYPE_DECOMP        464Bytes TS=420919902213 curTS=420919844055 dTS= 58158
GEBGetEv returned st=0
we have read 1440 bytes; CurEvNo=2

+++++++++++++++++++++++++++++++
*start event # 2 with multiplicity 1 looks like this:
 0>  1, GEB_TYPE_DECOMP      , TS=420919844055
entered bin_mode2: 2/10
ptinp->pad= 6, (ptinp->pad&0x000000ff)= 6
updated CCadd with    0.00
total number of hits in array: 0
exit bin_mode2
entered bin_mode3 @ event number: 2 
exit bin_mode3
*end of event # 2
+++++++++++++++++++++++++++++++
ev#     2 GEB_TYPE_DECOMP        464Bytes TS=420919913193 curTS=420919902213 dTS= 10980
GEBGetEv returned st=0
we have read 1920 bytes; CurEvNo=3

+++++++++++++++++++++++++++++++
*start event # 3 with multiplicity 1 looks like this:
 0>  1, GEB_TYPE_DECOMP      , TS=420919902213
entered bin_mode2: 3/10
ptinp->pad= 6, (ptinp->pad&0x000000ff)= 6
updated CCadd with    0.00
total number of hits in array: 0
exit bin_mode2
entered bin_mode3 @ event number: 3 
exit bin_mode3
*end of event # 3
+++++++++++++++++++++++++++++++
ev#     3 GEB_TYPE_DECOMP        464Bytes TS=420919913511 curTS=420919913193 dTS= 318
GEBGetEv returned st=0
we have read 2400 bytes; CurEvNo=4

+++++++++++++++++++++++++++++++
*start event # 4 with multiplicity 1 looks like this:
 0>  1, GEB_TYPE_DECOMP      , TS=420919913193
entered bin_mode2: 4/10
ptinp->pad= 6, (ptinp->pad&0x000000ff)= 6
updated CCadd with    0.00
total number of hits in array: 0
exit bin_mode2
entered bin_mode3 @ event number: 4 
exit bin_mode3
*end of event # 4
+++++++++++++++++++++++++++++++
ev#     4 GEB_TYPE_DECOMP        464Bytes TS=420919913513 curTS=420919913511 dTS= 2
ev#     4 GEB_TYPE_DECOMP        464Bytes TS=420919913517 curTS=420919913511 dTS= 6
ev#     4 GEB_TYPE_DECOMP        464Bytes TS=420919913521 curTS=420919913511 dTS= 10
ev#     4 GEB_TYPE_DECOMP        464Bytes TS=420919964003 curTS=420919913511 dTS= 50492
GEBGetEv returned st=0
we have read 4320 bytes; CurEvNo=5

+++++++++++++++++++++++++++++++
*start event # 5 with multiplicity 4 looks like this:
 0>  1, GEB_TYPE_DECOMP      , TS=420919913511
 1>  1, GEB_TYPE_DECOMP      , TS=420919913513
 2>  1, GEB_TYPE_DECOMP      , TS=420919913517
 3>  1, GEB_TYPE_DECOMP      , TS=420919913521
entered bin_mode2: 5/10
ptinp->pad= 6, (ptinp->pad&0x000000ff)= 6
ptinp->pad= 6, (ptinp->pad&0x000000ff)= 6
ptinp->pad= 6, (ptinp->pad&0x000000ff)= 6
ptinp->pad= 6, (ptinp->pad&0x000000ff)= 6
updated CCadd with    0.00
total number of hits in array: 0
exit bin_mode2
entered bin_mode3 @ event number: 5 
exit bin_mode3
*end of event # 5
+++++++++++++++++++++++++++++++
ev#     5 GEB_TYPE_DECOMP        464Bytes TS=420919986707 curTS=420919964003 dTS= 22704
GEBGetEv returned st=0
we have read 4800 bytes; CurEvNo=6

+++++++++++++++++++++++++++++++
*start event # 6 with multiplicity 1 looks like this:
 0>  1, GEB_TYPE_DECOMP      , TS=420919964003
entered bin_mode2: 6/10
ptinp->pad= 6, (ptinp->pad&0x000000ff)= 6
updated CCadd with    0.00
total number of hits in array: 0
exit bin_mode2
entered bin_mode3 @ event number: 6 
exit bin_mode3
*end of event # 6
+++++++++++++++++++++++++++++++
ev#     6 GEB_TYPE_DECOMP        464Bytes TS=420919986723 curTS=420919986707 dTS= 16
ev#     6 GEB_TYPE_DECOMP        464Bytes TS=420919989111 curTS=420919986707 dTS= 2404
GEBGetEv returned st=0
we have read 5760 bytes; CurEvNo=7

+++++++++++++++++++++++++++++++
*start event # 7 with multiplicity 2 looks like this:
 0>  1, GEB_TYPE_DECOMP      , TS=420919986707
 1>  1, GEB_TYPE_DECOMP      , TS=420919986723
entered bin_mode2: 7/10
ptinp->pad= 6, (ptinp->pad&0x000000ff)= 6
ptinp->pad= 6, (ptinp->pad&0x000000ff)= 6
updated CCadd with    0.00
total number of hits in array: 0
exit bin_mode2
entered bin_mode3 @ event number: 7 
exit bin_mode3
*end of event # 7
+++++++++++++++++++++++++++++++
ev#     7 GEB_TYPE_DECOMP        464Bytes TS=420920006079 curTS=420919989111 dTS= 16968
GEBGetEv returned st=0
we have read 6240 bytes; CurEvNo=8

+++++++++++++++++++++++++++++++
*start event # 8 with multiplicity 1 looks like this:
 0>  1, GEB_TYPE_DECOMP      , TS=420919989111
entered bin_mode2: 8/10
ptinp->pad= 6, (ptinp->pad&0x000000ff)= 6
updated CCadd with    0.00
total number of hits in array: 0
exit bin_mode2
entered bin_mode3 @ event number: 8 
exit bin_mode3
*end of event # 8
+++++++++++++++++++++++++++++++
ev#     8 GEB_TYPE_GT_MOD29      352Bytes TS=420920006779 curTS=420920006079 dTS= 700
GEBGetEv returned st=0
we have read 6608 bytes; CurEvNo=9

+++++++++++++++++++++++++++++++
*start event # 9 with multiplicity 1 looks like this:
 0>  1, GEB_TYPE_DECOMP      , TS=420920006079
entered bin_mode2: 9/10
ptinp->pad= 6, (ptinp->pad&0x000000ff)= 6
updated CCadd with    0.00
total number of hits in array: 0
exit bin_mode2
entered bin_mode3 @ event number: 9 
exit bin_mode3
*end of event # 9
+++++++++++++++++++++++++++++++
ev#     9 GEB_TYPE_DECOMP        464Bytes TS=420920019631 curTS=420920006779 dTS= 12852
GEBGetEv returned st=0
we have read 7088 bytes; CurEvNo=10

+++++++++++++++++++++++++++++++
*start event # 10 with multiplicity 1 looks like this:
 0>  8, GEB_TYPE_GT_MOD29    , TS=420920006779
entered bin_mode2: 10/10
updated CCadd with    0.00
total number of hits in array: 0
exit bin_mode2
entered bin_mode3 @ event number: 10 

bin_mode3:  0>  8, GEB_TYPE_GT_MOD29    , TS=420920006779, 0x6200c9987b; payload length: 352 bytes

---------
new GTheader at pos=0 or 0 words (8):
Event.hdr[ 0]=0x1f31,   7985
Event.hdr[ 1]=0x300a,  12298
Event.hdr[ 2]=0x987b,  39035
Event.hdr[ 3]=0x00c9,    201
Event.hdr[ 4]=0x0062,     98
Event.hdr[ 5]=0x02c5,    709
Event.hdr[ 6]=0x4e08,  19976
Event.hdr[ 7]=0x0000,      0
Event.hdr[ 8]=0xd6d9,  55001
Event.hdr[ 9]=0x016c,    364
Event.hdr[10]=0xa608,  42504
Event.hdr[11]=0x13ee,   5102
Event.hdr[12]=0xac50,  44112
Event.hdr[13]=0x0025,     37
Event.len=  44, Event.traceLen=  12 (in Bytes)
Event.len=  22, Event.traceLen=   6 (in 16 bit words)
Event.len=  11, Event.traceLen=   3 (in 32 bit words)
next start: 0xaaaaaaaa, pos= 44
0x1f31 module_id = 31 crystal_id = 0 digitizer_id = 3 chan_id = 1 ge_id = 124 channel = 31  -> is segment
open superpulse_010_00_01.xy at Event.chan_id = 1
open CCpulse_010_00_01.xy at Event.chan_id = 1
ncrystal=1
wrote trace to CCpulse_010_00_01.xy
two's comp tempE  ::     524997     524997 0x000802c5 |0000|0000|0000|1000|0000|0010|1100|0101|
rawE              ::     524997     524997 0x000802c5 |0000|0000|0000|1000|0000|0010|1100|0101|
rawE (sign change)::     524997     524997 0x000802c5 |0000|0000|0000|1000|0000|0010|1100|0101|
Event.ehi=           16406 0x00004016
Event.ehi=1640 (gain changed)
Event.LEDts =         420920006779
Event.CFDts =      270849065484300

---------
new GTheader at pos=44 or 22 words (30):
Event.hdr[ 0]=0x1f32,   7986
Event.hdr[ 1]=0x300a,  12298
Event.hdr[ 2]=0x987b,  39035
Event.hdr[ 3]=0x00c9,    201
Event.hdr[ 4]=0x0062,     98
Event.hdr[ 5]=0x205c,   8284
Event.hdr[ 6]=0x0e00,   3584
Event.hdr[ 7]=0x0000,      0
Event.hdr[ 8]=0xd6d9,  55001
Event.hdr[ 9]=0x200b,   8203
Event.hdr[10]=0xb200,  45568
Event.hdr[11]=0xffab,  65451
Event.hdr[12]=0x236b,   9067
Event.hdr[13]=0x0000,      0
Event.len=  44, Event.traceLen=  12 (in Bytes)
Event.len=  22, Event.traceLen=   6 (in 16 bit words)
Event.len=  11, Event.traceLen=   3 (in 32 bit words)
next start: 0xaaaaaaaa, pos= 88
0x1f32 module_id = 31 crystal_id = 0 digitizer_id = 3 chan_id = 2 ge_id = 124 channel = 32  -> is segment
ncrystal=1
wrote trace to CCpulse_010_00_01.xy
two's comp tempE  ::       8284       8284 0x0000205c |0000|0000|0000|0000|0010|0000|0101|1100|
rawE              ::       8284       8284 0x0000205c |0000|0000|0000|0000|0010|0000|0101|1100|
rawE (sign change)::       8284       8284 0x0000205c |0000|0000|0000|0000|0010|0000|0101|1100|
Event.ehi=             258 0x00000102
Event.ehi=25 (gain changed)
Event.LEDts =         420920006779
Event.CFDts =      281333240627212

---------
new GTheader at pos=88 or 44 words (52):
Event.hdr[ 0]=0x1f33,   7987
Event.hdr[ 1]=0x300a,  12298
Event.hdr[ 2]=0x987b,  39035
Event.hdr[ 3]=0x00c9,    201
Event.hdr[ 4]=0x0062,     98
Event.hdr[ 5]=0x98c0,  39104
Event.hdr[ 6]=0x4e0b,  19979
Event.hdr[ 7]=0x0000,      0
Event.hdr[ 8]=0xd6d9,  55001
Event.hdr[ 9]=0x9847,  38983
Event.hdr[10]=0xcc0b,  52235
Event.hdr[11]=0x16cf,   5839
Event.hdr[12]=0x7cc0,  31936
Event.hdr[13]=0x002d,     45
Event.len=  44, Event.traceLen=  12 (in Bytes)
Event.len=  22, Event.traceLen=   6 (in 16 bit words)
Event.len=  11, Event.traceLen=   3 (in 32 bit words)
next start: 0xaaaaaaaa, pos= 132
0x1f33 module_id = 31 crystal_id = 0 digitizer_id = 3 chan_id = 3 ge_id = 124 channel = 33  -> is segment
ncrystal=1
wrote trace to CCpulse_010_00_01.xy
two's comp tempE  ::     760000     760000 0x000b98c0 |0000|0000|0000|1011|1001|1000|1100|0000|
rawE              ::     760000     760000 0x000b98c0 |0000|0000|0000|1011|1001|1000|1100|0000|
rawE (sign change)::     760000     760000 0x000b98c0 |0000|0000|0000|1011|1001|1000|1100|0000|
Event.ehi=           23750 0x00005cc6
Event.ehi=2375 (gain changed)
Event.LEDts =         420920006779
Event.CFDts =      265695025823756

---------
new GTheader at pos=132 or 66 words (74):
Event.hdr[ 0]=0x1f34,   7988
Event.hdr[ 1]=0x300a,  12298
Event.hdr[ 2]=0x987b,  39035
Event.hdr[ 3]=0x00c9,    201
Event.hdr[ 4]=0x0062,     98
Event.hdr[ 5]=0x0046,     70
Event.hdr[ 6]=0x0e00,   3584
Event.hdr[ 7]=0x0000,      0
Event.hdr[ 8]=0xd6d9,  55001
Event.hdr[ 9]=0xffec,  65516
Event.hdr[10]=0xd5ff,  54783
Event.hdr[11]=0xffff,  65535
Event.hdr[12]=0x0083,    131
Event.hdr[13]=0x0000,      0
Event.len=  44, Event.traceLen=  12 (in Bytes)
Event.len=  22, Event.traceLen=   6 (in 16 bit words)
Event.len=  11, Event.traceLen=   3 (in 32 bit words)
next start: 0xaaaaaaaa, pos= 176
0x1f34 module_id = 31 crystal_id = 0 digitizer_id = 3 chan_id = 4 ge_id = 124 channel = 34  -> is segment
ncrystal=1
wrote trace to CCpulse_010_00_01.xy
two's comp tempE  ::         70         70 0x00000046 |0000|0000|0000|0000|0000|0000|0100|0110|
rawE              ::         70         70 0x00000046 |0000|0000|0000|0000|0000|0000|0100|0110|
rawE (sign change)::         70         70 0x00000046 |0000|0000|0000|0000|0000|0000|0100|0110|
Event.ehi=               2 0x00000002
Event.ehi=0 (gain changed)
Event.LEDts =         420920006779
Event.CFDts =         236227198988

---------
new GTheader at pos=176 or 88 words (96):
Event.hdr[ 0]=0x1f35,   7989
Event.hdr[ 1]=0x300a,  12298
Event.hdr[ 2]=0x987b,  39035
Event.hdr[ 3]=0x00c9,    201
Event.hdr[ 4]=0x0062,     98
Event.hdr[ 5]=0x2e53,  11859
Event.hdr[ 6]=0x4e0a,  19978
Event.hdr[ 7]=0x0000,      0
Event.hdr[ 8]=0xd6d9,  55001
Event.hdr[ 9]=0x2cf3,  11507
Event.hdr[10]=0xbc0a,  48138
Event.hdr[11]=0x0fc2,   4034
Event.hdr[12]=0x6cf0,  27888
Event.hdr[13]=0x0022,     34
Event.len=  44, Event.traceLen=  12 (in Bytes)
Event.len=  22, Event.traceLen=   6 (in 16 bit words)
Event.len=  11, Event.traceLen=   3 (in 32 bit words)
next start: 0xaaaaaaaa, pos= 220
0x1f35 module_id = 31 crystal_id = 0 digitizer_id = 3 chan_id = 5 ge_id = 124 channel = 35  -> is segment
ncrystal=1
wrote trace to CCpulse_010_00_01.xy
two's comp tempE  ::     667219     667219 0x000a2e53 |0000|0000|0000|1010|0010|1110|0101|0011|
rawE              ::     667219     667219 0x000a2e53 |0000|0000|0000|1010|0010|1110|0101|0011|
rawE (sign change)::     667219     667219 0x000a2e53 |0000|0000|0000|1010|0010|1110|0101|0011|
Event.ehi=           20850 0x00005172
Event.ehi=2085 (gain changed)
Event.LEDts =         420920006779
Event.CFDts =      267464579547148

---------
new GTheader at pos=220 or 110 words (118):
Event.hdr[ 0]=0x1f36,   7990
Event.hdr[ 1]=0x300a,  12298
Event.hdr[ 2]=0x987b,  39035
Event.hdr[ 3]=0x00c9,    201
Event.hdr[ 4]=0x0062,     98
Event.hdr[ 5]=0x13fa,   5114
Event.hdr[ 6]=0x0e00,   3584
Event.hdr[ 7]=0x0000,      0
Event.hdr[ 8]=0xd6d9,  55001
Event.hdr[ 9]=0xd14f,  53583
Event.hdr[10]=0x97ff,  38911
Event.hdr[11]=0xffbc,  65468
Event.hdr[12]=0xdf3b,  57147
Event.hdr[13]=0x07fe,   2046
Event.len=  44, Event.traceLen=  12 (in Bytes)
Event.len=  22, Event.traceLen=   6 (in 16 bit words)
Event.len=  11, Event.traceLen=   3 (in 32 bit words)
next start: 0xaaaaaaaa, pos= 264
0x1f36 module_id = 31 crystal_id = 0 digitizer_id = 3 chan_id = 6 ge_id = 124 channel = 36  -> is segment
ncrystal=1
wrote trace to CCpulse_010_00_01.xy
two's comp tempE  ::       5114       5114 0x000013fa |0000|0000|0000|0000|0001|0011|1111|1010|
rawE              ::       5114       5114 0x000013fa |0000|0000|0000|0000|0001|0011|1111|1010|
rawE (sign change)::       5114       5114 0x000013fa |0000|0000|0000|0000|0001|0011|1111|1010|
Event.ehi=             159 0x0000009f
Event.ehi=15 (gain changed)
Event.LEDts =         420920006779
Event.CFDts =      281423436316684

---------
new GTheader at pos=264 or 132 words (140):
Event.hdr[ 0]=0x1f37,   7991
Event.hdr[ 1]=0x300a,  12298
Event.hdr[ 2]=0x987b,  39035
Event.hdr[ 3]=0x00c9,    201
Event.hdr[ 4]=0x0062,     98
Event.hdr[ 5]=0x0000,      0
Event.hdr[ 6]=0x0e00,   3584
Event.hdr[ 7]=0x0000,      0
Event.hdr[ 8]=0xd6d9,  55001
Event.hdr[ 9]=0xe65e,  58974
Event.hdr[10]=0x3bff,  15359
Event.hdr[11]=0xfffe,  65534
Event.hdr[12]=0xfb9f,  64415
Event.hdr[13]=0x07fe,   2046
Event.len=  44, Event.traceLen=  12 (in Bytes)
Event.len=  22, Event.traceLen=   6 (in 16 bit words)
Event.len=  11, Event.traceLen=   3 (in 32 bit words)
next start: 0xaaaaaaaa, pos= 308
0x1f37 module_id = 31 crystal_id = 0 digitizer_id = 3 chan_id = 7 ge_id = 124 channel = 37  -> is segment
ncrystal=1
wrote trace to CCpulse_010_00_01.xy
two's comp tempE  ::          0          0 0x00000000 |0000|0000|0000|0000|0000|0000|0000|0000|
rawE              ::          0          0 0x00000000 |0000|0000|0000|0000|0000|0000|0000|0000|
rawE (sign change)::          0          0 0x00000000 |0000|0000|0000|0000|0000|0000|0000|0000|
Event.ehi=               0 0x00000000
Event.ehi=0 (gain changed)
Event.LEDts =         420920006779
Event.CFDts =          64425623564

---------
new GTheader at pos=308 or 154 words (162):
Event.hdr[ 0]=0x1f38,   7992
Event.hdr[ 1]=0x300a,  12298
Event.hdr[ 2]=0x987b,  39035
Event.hdr[ 3]=0x00c9,    201
Event.hdr[ 4]=0x0062,     98
Event.hdr[ 5]=0x8b1c,  35612
Event.hdr[ 6]=0x1ff9,   8185
Event.hdr[ 7]=0x0000,      0
Event.hdr[ 8]=0xd6d9,  55001
Event.hdr[ 9]=0xd89b,  55451
Event.hdr[10]=0x6bfc,  27644
Event.hdr[11]=0xf970,  63856
Event.hdr[12]=0x2667,   9831
Event.hdr[13]=0x07f3,   2035
Event.len=  44, Event.traceLen=  12 (in Bytes)
Event.len=  22, Event.traceLen=   6 (in 16 bit words)
Event.len=  11, Event.traceLen=   3 (in 32 bit words)
0x1f38 module_id = 31 crystal_id = 0 digitizer_id = 3 chan_id = 8 ge_id = 124 channel = 38  -> is segment
ncrystal=1
wrote trace to CCpulse_010_00_01.xy
two's comp tempE  ::   16354076   16354076 0x00f98b1c |0000|0000|1111|1001|1000|1011|0001|1100|
rawE              :: 4294544156    -423140 0xfff98b1c |1111|1111|1111|1001|1000|1011|0001|1100|
rawE (sign change)::     423140     423140 0x000674e4 |0000|0000|0000|0110|0111|0100|1110|0100|
Event.ehi=           13223 0x000033a7
Event.ehi=1322 (gain changed)
Event.LEDts =         420920006779
Event.CFDts =         352194854924
exit bin_mode3
*end of event # 10
+++++++++++++++++++++++++++++++
ev#    10 GEB_TYPE_GT_MOD29      440Bytes TS=420920020063 curTS=420920019631 dTS= 432
batflag:: TS<Pars.curTS, reset it at event # 3573
TS=420920569965, Pars.curTS=420960491335, DT=-39921370
new Pars.curTS=420920569965
we have read 3197088 bytes so far
batflag:: TS<Pars.curTS, reset it at event # 4730
TS=420923564837, Pars.curTS=420973855865, DT=-50291028
new Pars.curTS=420923564837
we have read 4263264 bytes so far
batflag:: TS<Pars.curTS, reset it at event # 5900
TS=420933743205, Pars.curTS=420987513559, DT=-53770354
new Pars.curTS=420933743205
we have read 5329368 bytes so far
batflag:: TS<Pars.curTS, reset it at event # 7083
TS=420933083235, Pars.curTS=420999905535, DT=-66822300
new Pars.curTS=420933083235
we have read 6396000 bytes so far
batflag:: TS<Pars.curTS, reset it at event # 8211
TS=420950676961, Pars.curTS=421012909307, DT=-62232346
new Pars.curTS=420950676961
we have read 7462584 bytes so far
batflag:: TS<Pars.curTS, reset it at event # 9359
TS=420978947903, Pars.curTS=421024422529, DT=-45474626
new Pars.curTS=420978947903
we have read 8530280 bytes so far
ev# 50000 GEB_TYPE_DECOMP        464Bytes TS=421495803903 curTS=421495790529 dTS= 13374
ev# 100000 GEB_TYPE_DECOMP        464Bytes TS=422041462007 curTS=422041461863 dTS= 144
ev# 100000 GEB_TYPE_DECOMP        464Bytes TS=422041481411 curTS=422041461863 dTS= 19548
ev# 150000 GEB_TYPE_GT_MOD29      440Bytes TS=422590258761 curTS=422590258299 dTS= 462
ev# 200000 GEB_TYPE_DECOMP        464Bytes TS=423166282447 curTS=423166282441 dTS= 6
ev# 200000 GEB_TYPE_DECOMP        464Bytes TS=423166295845 curTS=423166282441 dTS= 13404
ev# 250000 GEB_TYPE_DECOMP        464Bytes TS=423739801055 curTS=423739759017 dTS= 42038
ev# 300000 GEB_TYPE_GT_MOD29      440Bytes TS=424296739081 curTS=424296729655 dTS= 9426
ev# 350000 GEB_TYPE_DECOMP        464Bytes TS=424840545433 curTS=424840541149 dTS= 4284
ev# 400000 GEB_TYPE_DECOMP        464Bytes TS=425392063453 curTS=425392063425 dTS= 28
ev# 400000 GEB_TYPE_GT_MOD29      440Bytes TS=425392064075 curTS=425392063425 dTS= 650
ev# 450000 GEB_TYPE_GT_MOD29      440Bytes TS=425957521293 curTS=425957521149 dTS= 144
ev# 450000 GEB_TYPE_GT_MOD29      440Bytes TS=425957528053 curTS=425957521149 dTS= 6904
ev# 500000 GEB_TYPE_DECOMP        464Bytes TS=426506028013 curTS=426506027769 dTS= 244
ev# 550000 GEB_TYPE_DECOMP        464Bytes TS=427065129117 curTS=427065129065 dTS= 52
ev# 550000 GEB_TYPE_DECOMP        464Bytes TS=427065129367 curTS=427065129065 dTS= 302
ev# 600000 GEB_TYPE_DECOMP        464Bytes TS=427624395795 curTS=427624395793 dTS= 2
ev# 600000 GEB_TYPE_DECOMP        464Bytes TS=427624395797 curTS=427624395793 dTS= 4
ev# 600000 GEB_TYPE_DECOMP        464Bytes TS=427624395799 curTS=427624395793 dTS= 6
ev# 600000 GEB_TYPE_DECOMP        464Bytes TS=427624401823 curTS=427624395793 dTS= 6030
ev# 650000 GEB_TYPE_GT_MOD29      440Bytes TS=428148730469 curTS=428148729753 dTS= 716
ev# 700000 GEB_TYPE_GT_MOD29      440Bytes TS=428712518537 curTS=428712518239 dTS= 298
ev# 750000 GEB_TYPE_DECOMP        464Bytes TS=429306738077 curTS=429306697903 dTS= 40174
ev# 800000 GEB_TYPE_DECOMP        464Bytes TS=429891460471 curTS=429891460357 dTS= 114
ev# 800000 GEB_TYPE_GT_MOD29      440Bytes TS=429891460557 curTS=429891460357 dTS= 200
ev# 850000 GEB_TYPE_GT_MOD29      440Bytes TS=430474631997 curTS=430474631419 dTS= 578
ev# 900000 GEB_TYPE_DECOMP        464Bytes TS=431086903029 curTS=431086902733 dTS= 296
ev# 950000 GEB_TYPE_DECOMP        464Bytes TS=431649980093 curTS=431649980087 dTS= 6
ev# 950000 GEB_TYPE_GT_MOD29      440Bytes TS=431649980723 curTS=431649980087 dTS= 636

Sorting is done
attempting to save root or map file



mean observed polar and azimuth angles
for the detectors we saw (module,crystal)

------------------------------------------
mean pol/azi angle for detector  56 are   96.73/ 119.50
mean pol/azi angle for detector  57 are  100.39/ 138.33
mean pol/azi angle for detector  58 are   83.36/ 132.65
mean pol/azi angle for detector  59 are   79.60/ 114.00
mean pol/azi angle for detector  60 are   87.34/ 152.62
mean pol/azi angle for detector  61 are  105.24/ 157.69
mean pol/azi angle for detector  62 are   93.15/ 168.56
mean pol/azi angle for detector  63 are   73.87/ 165.95
mean pol/azi angle for detector  68 are   87.09/-134.99
mean pol/azi angle for detector  69 are  105.31/-130.04
mean pol/azi angle for detector  70 are   92.94/-116.90
mean pol/azi angle for detector  71 are   74.12/-121.76
mean pol/azi angle for detector  76 are   87.47/ -63.18
mean pol/azi angle for detector  77 are  105.27/ -58.13
mean pol/azi angle for detector  78 are   92.95/ -44.96
mean pol/azi angle for detector  79 are   74.18/ -49.84
mean pol/azi angle for detector  84 are  112.27/  33.60
mean pol/azi angle for detector  85 are  125.18/  17.37
mean pol/azi angle for detector  86 are  130.65/  39.24
mean pol/azi angle for detector  87 are  115.89/  52.94
mean pol/azi angle for detector  88 are  112.42/ 105.58
mean pol/azi angle for detector  89 are  124.97/  89.30
mean pol/azi angle for detector  90 are  130.80/ 111.13
mean pol/azi angle for detector  91 are  115.77/ 125.02
mean pol/azi angle for detector  96 are  112.66/-110.62
mean pol/azi angle for detector  97 are  124.81/-126.62
mean pol/azi angle for detector  98 are  130.85/-104.90
mean pol/azi angle for detector  99 are  115.82/ -91.01
mean pol/azi angle for detector 100 are  112.40/ -38.60
mean pol/azi angle for detector 101 are  124.75/ -54.94
mean pol/azi angle for detector 102 are  130.67/ -33.01
mean pol/azi angle for detector 103 are  115.78/ -19.12
mean pol/azi angle for detector 104 are  144.46/  88.24
mean pol/azi angle for detector 105 are  132.66/  65.87
mean pol/azi angle for detector 106 are  148.88/  53.94
mean pol/azi angle for detector 107 are  162.39/  88.32
mean pol/azi angle for detector 108 are  144.76/ 160.19
mean pol/azi angle for detector 109 are  132.70/ 137.99
mean pol/azi angle for detector 110 are  149.56/ 125.51
mean pol/azi angle for detector 111 are  162.31/ 111.08
mean pol/azi angle for detector 116 are  144.41/ -55.92
mean pol/azi angle for detector 117 are  132.53/ -78.24
mean pol/azi angle for detector 118 are  148.97/ -90.30
mean pol/azi angle for detector 119 are  162.37/ -55.89
we found 44 crystals
------------------------------------------

minimum pol angle between crystals is  18.65
compactness =  64.39%, 85 of 264
module hit statistics
module  14, crystal 0 was hit      84597 times
module  14, crystal 1 was hit      90581 times
module  14, crystal 2 was hit      88318 times
module  14, crystal 3 was hit      78785 times
module  15, crystal 0 was hit      90166 times
module  15, crystal 1 was hit      82810 times
module  15, crystal 2 was hit      77517 times
module  15, crystal 3 was hit      79282 times
module  17, crystal 0 was hit      67460 times
module  17, crystal 1 was hit      65572 times
module  17, crystal 2 was hit      66090 times
module  17, crystal 3 was hit      68506 times
module  19, crystal 0 was hit      63073 times
module  19, crystal 1 was hit      65582 times
module  19, crystal 2 was hit      78207 times
module  19, crystal 3 was hit      74295 times
module  21, crystal 0 was hit      76773 times
module  21, crystal 1 was hit      68290 times
module  21, crystal 2 was hit      79863 times
module  21, crystal 3 was hit      76704 times
module  22, crystal 0 was hit      84019 times
module  22, crystal 1 was hit      77497 times
module  22, crystal 2 was hit      86892 times
module  22, crystal 3 was hit      81699 times
module  24, crystal 0 was hit      70909 times
module  24, crystal 1 was hit      67649 times
module  24, crystal 2 was hit      71153 times
module  24, crystal 3 was hit      66040 times
module  25, crystal 0 was hit      67186 times
module  25, crystal 1 was hit      69711 times
module  25, crystal 2 was hit      67056 times
module  25, crystal 3 was hit      64942 times
module  26, crystal 0 was hit      77236 times
module  26, crystal 1 was hit      76014 times
module  26, crystal 2 was hit      75579 times
module  26, crystal 3 was hit      71368 times
module  27, crystal 0 was hit      81087 times
module  27, crystal 1 was hit      77823 times
module  27, crystal 2 was hit      80960 times
module  27, crystal 3 was hit      73350 times
module  29, crystal 0 was hit      66386 times
module  29, crystal 1 was hit      65368 times
module  29, crystal 2 was hit      71412 times
module  29, crystal 3 was hit      64835 times

bin_mode2: pad distribution
__id   0,      1427666, 94.02%
__id   2,          195,  0.01%
__id   3,          431,  0.03%
__id   4,          496,  0.03%
__id   5,         2802,  0.18%
__id   6,         7586,  0.50%
__id 128,        79183,  5.21%
__id 133,          131,  0.01%

bin_mode2 calculated mean CCsum energy to be  747.672 keV
bin_mode2 calculated mean CCadd energy to be 1082.115 keV
attempting to close root file...
Pars.f1->Write();
Pars.f1->Print();
TFile: name=/lcrc/project/HELIOS/gretinafma/root_data/run125.root, title=, option=CREATE
TH1.Print Name  = dtbtev, Entries= 1970152, Total sum= 1.97015e+06
TH1.Print Name  = T0, Entries= 0, Total sum= 0
TH1.Print Name  = hitpat, Entries= 1427666, Total sum= 1.42767e+06
TH1.Print Name  = numHitArray2, Entries= 1000000, Total sum= 718561
TH1.Print Name  = CCmult, Entries= 1000000, Total sum= 999999
TH1.Print Name  = CCsum, Entries= 3278501, Total sum= 1.42764e+06
TH1.Print Name  = hit2, Entries= 157889, Total sum= 157678
TH1.Print Name  = hit3, Entries= 84595, Total sum= 84004
TH1.Print Name  = hit4, Entries= 47218, Total sum= 46075
TH1.Print Name  = CCsum_nodop, Entries= 3278501, Total sum= 1.42764e+06
TH1.Print Name  = CCadd, Entries= 1000000, Total sum= 710090
TH1.Print Name  = SEGadd_FPGA, Entries= 200000000, Total sum= 1.42697e+06
TH1.Print Name  = SEGadd_PSA, Entries= 200000000, Total sum= 1.41988e+06
TH1.Print Name  = SEGsum_FPGA, Entries= 2206729, Total sum= 2.20617e+06
TH1.Print Name  = SEGsum_PSA, Entries= 3278642, Total sum= 3.25297e+06
TH1.Print Name  = radius_all, Entries= 3278642, Total sum= 3.27864e+06
TH1.Print Name  = rate_mode2_min, Entries= 1427665, Total sum= 23794.4
TH1.Print Name  = rate_mode2_sec, Entries= 1427665, Total sum= 1.42766e+06
TH1.Print Name  = rate_mode2_intp, Entries= 1427665, Total sum= 54644
TH1.Print Name  = cdtbtev, Entries= 364064, Total sum= 364064
TH1.Print Name  = evsr_all, Entries= 3278642, Total sum= 3.20293e+06
TH1.Print Name  = SMAP_allhits, Entries= 3278642, Total sum= 3.27864e+06
TH1.Print Name  = SMAP_allhits_sq, Entries= 3278642, Total sum= 3.27864e+06
TH1.Print Name  = seghitpat, Entries= 3278642, Total sum= 3.27864e+06
TH1.Print Name  = CCe, Entries= 3278501, Total sum= 1.42764e+06
TH1.Print Name  = ggCC, Entries= 2890006, Total sum= 2.52753e+06
TH1.Print Name  = z_plot, Entries= 3278642, Total sum= 3.2755e+06
TH1.Print Name  = crystal_hit, Entries= 0, Total sum= 0
TH1.Print Name  = SegE, Entries= 3277815, Total sum= 3.27782e+06
TH1.Print Name  = crXcr, Entries= 1445279, Total sum= 1.44528e+06
******************************************************************************
*Tree    :tree      : tree                                                   *
*Entries :  1000000 : Total =       153641936 bytes  File  Size =   37929451 *
*        :          : Tree compression factor =   4.05                       *
******************************************************************************
*Br    0 :runNumber : runNumber/I                                            *
*Entries :  1000000 : Total  Size=    4010125 bytes  File Size  =      30389 *
*Baskets :       98 : Basket Size=    1336320 bytes  Compression= 131.87     *
*............................................................................*
*Br    1 :numHits   : numHits/I                                              *
*Entries :  1000000 : Total  Size=    4009921 bytes  File Size  =      30192 *
*Baskets :       98 : Basket Size=    1336320 bytes  Compression= 132.73     *
*............................................................................*
*Br    2 :left      : left[numHits]/F                                        *
*Entries :  1000000 : Total  Size=    8030377 bytes  File Size  =    2891518 *
*Baskets :      291 : Basket Size=    8849408 bytes  Compression=   2.77     *
*............................................................................*
*Br    3 :right     : right[numHits]/F                                       *
*Entries :  1000000 : Total  Size=    8030672 bytes  File Size  =    2872015 *
*Baskets :      291 : Basket Size=    8849408 bytes  Compression=   2.79     *
*............................................................................*
*Br    4 :up        : up[numHits]/F                                          *
*Entries :  1000000 : Total  Size=    8029787 bytes  File Size  =    2850464 *
*Baskets :      291 : Basket Size=    8848896 bytes  Compression=   2.81     *
*............................................................................*
*Br    5 :down      : down[numHits]/F                                        *
*Entries :  1000000 : Total  Size=    8030377 bytes  File Size  =    2877543 *
*Baskets :      291 : Basket Size=    8849408 bytes  Compression=   2.79     *
*............................................................................*
*Br    6 :e1        : e1[numHits]/F                                          *
*Entries :  1000000 : Total  Size=    8029787 bytes  File Size  =    2775861 *
*Baskets :      291 : Basket Size=    8848896 bytes  Compression=   2.89     *
*............................................................................*
*Br    7 :e2        : e2[numHits]/F                                          *
*Entries :  1000000 : Total  Size=    8029787 bytes  File Size  =    2740520 *
*Baskets :      291 : Basket Size=    8848896 bytes  Compression=   2.93     *
*............................................................................*
*Br    8 :e3        : e3[numHits]/F                                          *
*Entries :  1000000 : Total  Size=    8029787 bytes  File Size  =    2682968 *
*Baskets :      291 : Basket Size=    8848896 bytes  Compression=   2.99     *
*............................................................................*
*Br    9 :tac       : tac[numHits]/F                                         *
*Entries :  1000000 : Total  Size=    8030082 bytes  File Size  =    2449482 *
*Baskets :      291 : Basket Size=    8848896 bytes  Compression=   3.28     *
*............................................................................*
*Br   10 :fmaDeltaTime : fmaDeltaTime[numHits]/F                             *
*Entries :  1000000 : Total  Size=    8032848 bytes  File Size  =    2697454 *
*Baskets :      292 : Basket Size=    8850432 bytes  Compression=   2.98     *
*............................................................................*
*Br   11 :fmaMult   : fmaMult[10]/I                                          *
*Entries :  1000000 : Total  Size=   40095287 bytes  File Size  =    1055400 *
*Baskets :      969 : Basket Size=   25600000 bytes  Compression=  37.97     *
*............................................................................*
*Br   12 :gammaMult : gammaMult/I                                            *
*Entries :  1000000 : Total  Size=    4010125 bytes  File Size  =     703028 *
*Baskets :       98 : Basket Size=    1336320 bytes  Compression=   5.70     *
*............................................................................*
*Br   13 :gammaEnergy : gammaEnergy[gammaMult]/F                             *
*Entries :  1000000 : Total  Size=    9747734 bytes  File Size  =    6817724 *
*Baskets :      333 : Basket Size=    9424896 bytes  Compression=   1.43     *
*............................................................................*
*Br   14 :gammaTimestamp : gammaTimestamp[gammaMult]/F                       *
*Entries :  1000000 : Total  Size=    9748745 bytes  File Size  =    2331335 *
*Baskets :      333 : Basket Size=    9425408 bytes  Compression=   4.18     *
*............................................................................*
*Br   15 :deltaTime : deltaTime[gammaMult]/F                                 *
*Entries :  1000000 : Total  Size=    9747060 bytes  File Size  =    2082212 *
*Baskets :      333 : Basket Size=    9424896 bytes  Compression=   4.68     *
*............................................................................*
TH1.Print Name  = eCC_a, Entries= 0, Total sum= 0
TH1.Print Name  = eCC_b, Entries= 0, Total sum= 0
TH1.Print Name  = eCC_c, Entries= 0, Total sum= 0
TH1.Print Name  = eCC_d, Entries= 130879, Total sum= 0
TH1.Print Name  = eSeg, Entries= 0, Total sum= 0
TH1.Print Name  = mode3_hitpat, Entries= 4491077, Total sum= 0
TH1.Print Name  = mode3_hitpat_chan, Entries= 4491077, Total sum= 4.49108e+06
TH1.Print Name  = chan0, Entries= 0, Total sum= 0
TH1.Print Name  = module, Entries= 4491077, Total sum= 4.49108e+06
TH1.Print Name  = chan, Entries= 4491077, Total sum= 4.48832e+06
TH1.Print Name  = l, Entries= 449108, Total sum= 449077
TH1.Print Name  = r, Entries= 449107, Total sum= 449102
TH1.Print Name  = up, Entries= 449108, Total sum= 449107
TH1.Print Name  = down, Entries= 449108, Total sum= 449107
TH1.Print Name  = sumlr, Entries= 437033, Total sum= 437033
TH1.Print Name  = sumud, Entries= 418850, Total sum= 418850
TH1.Print Name  = x, Entries= 437033, Total sum= 437033
TH1.Print Name  = y, Entries= 418850, Total sum= 418850
TH1.Print Name  = de1, Entries= 449108, Total sum= 449087
TH1.Print Name  = de2, Entries= 449108, Total sum= 449108
TH1.Print Name  = de3, Entries= 449107, Total sum= 448018
TH1.Print Name  = de12, Entries= 385853, Total sum= 385853
TH1.Print Name  = etot, Entries= 385853, Total sum= 385853
TH1.Print Name  = rftof, Entries= 449107, Total sum= 447664
TH1.Print Name  = lr, Entries= 1000000, Total sum= 999965
TH1.Print Name  = ud, Entries= 1000000, Total sum= 999999
TH1.Print Name  = ede1, Entries= 385853, Total sum= 385853
TH1.Print Name  = ede1g, Entries= 72161, Total sum= 72156
TH1.Print Name  = ede2, Entries= 385853, Total sum= 385853
TH1.Print Name  = ede12, Entries= 385853, Total sum= 385853
TH1.Print Name  = xde1, Entries= 385853, Total sum= 385853
TH1.Print Name  = erftof, Entries= 1000000, Total sum= 998557
TH1.Print Name  = erftofg, Entries= 30746, Total sum= 30684
TH1.Print Name  = sumehi, Entries= 1427666, Total sum= 1.42765e+06
TH1.Print Name  = tgppac, Entries= 1427666, Total sum= 376509
TH1.Print Name  = tgppacg, Entries= 72161, Total sum= 72161
TH1.Print Name  = xehi1, Entries= 1427666, Total sum= 1.42765e+06
TH1.Print Name  = xehi1g, Entries= 72161, Total sum= 72160
TH1.Print Name  = de1ehi, Entries= 1427666, Total sum= 1.42763e+06
TH1.Print Name  = de1ehig, Entries= 72161, Total sum= 72155
TH1.Print Name  = ng, Entries= 1000000, Total sum= 1e+06
TH1.Print Name  = ehiz1, Entries= 0, Total sum= 0
TH1.Print Name  = ehiz2, Entries= 0, Total sum= 0
TH1.Print Name  = ehiz3, Entries= 0, Total sum= 0
TH1.Print Name  = ehiz4, Entries= 0, Total sum= 0
TH1.Print Name  = ehiz5, Entries= 0, Total sum= 0
TH1.Print Name  = gg_dt, Entries= 88935, Total sum= 88935
TH1.Print Name  = gg, Entries= 177870, Total sum= 175130
TH1.Print Name  = gg_z1, Entries= 0, Total sum= 0
TH1.Print Name  = gg_z2, Entries= 0, Total sum= 0
TH1.Print Name  = gg_z3, Entries= 0, Total sum= 0
TH1.Print Name  = gg_z4, Entries= 0, Total sum= 0
TH1.Print Name  = gg_z5, Entries= 0, Total sum= 0
Pars.f1->Close();
done saving rootfile "/lcrc/project/HELIOS/gretinafma/root_data/run125.root


read 1000000 events; Pars.beta=0.0330; time since last update 1 minutes
CommandFileName="GEBSort.command"

sorted timestamp range 420919840495-->432194256203: 11274415708
that is 112.7 seconds or 0h1m52s
^^^^^ any timestamp jumps will upset this accounting

hit statistics per type
 1 GEB_TYPE_DECOMP          1518490 ;  13468.46 Hz 
 8 GEB_TYPE_GT_MOD29         451671 ;   4006.16 Hz 
read a total of              1970161 ; header/payloads


nn1=0
nn2=1970162
nn3=1970162

nok_validate= 1000000, ntot_validate=1000000; validate fraction 100.00%

bytes read=933709780, 890.455036 MB

boniva sancta! ...GEBSort (unexpectedly) did not crash!

 ** GEBSort is done at 
