started GEBSort at we have 9 arguments
1... -input
will take input from disk
file size is 38842740472 bytes or 37932 MBytes

4... -rootfile
rootfile name specified on command line
__will store spectra in rootfile: /lcrc/project/HELIOS/gretinafma/root_data/run163.root
will recreate root file
7... -chat
core file size          (blocks, -c) unlimited
data seg size           (kbytes, -d) unlimited
scheduling priority             (-e) 0
file size               (blocks, -f) unlimited
pending signals                 (-i) 510315
max locked memory       (kbytes, -l) unlimited
max memory size         (kbytes, -m) 128769024
open files                      (-n) 51200
pipe size            (512 bytes, -p) 8
POSIX message queues     (bytes, -q) 819200
real-time priority              (-r) 0
stack size              (kbytes, -s) unlimited
cpu time               (seconds, -t) unlimited
max user processes              (-u) 4096
virtual memory          (kbytes, -v) unlimited
file locks                      (-x) unlimited
will read sorting instructions from chatfile: GEBSort.chat

executing UserDeclare.h code


GEBsort running on: 

initializing

crmat.LINUX is open (input) binary format
read 7936 bytes into Pars.crmat
chat file: <GEBSort.chat> open

will sort a max of 1410065408 events
will sort a max of 1000000 events
will sort 86400 minutes of data
will print details of the first 10 events
will use Pars.Beta (v/c) correction of 0.033000
will sort using a time window of 150
Pars.do_bin_mode2=1
Pars.do_bin_mode3=1
will accept second interaction range between 10.000000 and 500.000000 mm
"1-200"
detector   1 is ENABLED
detector   2 is ENABLED
detector   3 is ENABLED
detector   4 is ENABLED
detector   5 is ENABLED
detector   6 is ENABLED
detector   7 is ENABLED
detector   8 is ENABLED
detector   9 is ENABLED
detector  10 is ENABLED
detector  11 is ENABLED
detector  12 is ENABLED
detector  13 is ENABLED
detector  14 is ENABLED
detector  15 is ENABLED
detector  16 is ENABLED
detector  17 is ENABLED
detector  18 is ENABLED
detector  19 is ENABLED
detector  20 is ENABLED
detector  21 is ENABLED
detector  22 is ENABLED
detector  23 is ENABLED
detector  24 is ENABLED
detector  25 is ENABLED
detector  26 is ENABLED
detector  27 is ENABLED
detector  28 is ENABLED
detector  29 is ENABLED
detector  30 is ENABLED
detector  31 is ENABLED
detector  32 is ENABLED
detector  33 is ENABLED
detector  34 is ENABLED
detector  35 is ENABLED
detector  36 is ENABLED
detector  37 is ENABLED
detector  38 is ENABLED
detector  39 is ENABLED
detector  40 is ENABLED
detector  41 is ENABLED
detector  42 is ENABLED
detector  43 is ENABLED
detector  44 is ENABLED
detector  45 is ENABLED
detector  46 is ENABLED
detector  47 is ENABLED
detector  48 is ENABLED
detector  49 is ENABLED
detector  50 is ENABLED
detector  51 is ENABLED
detector  52 is ENABLED
detector  53 is ENABLED
detector  54 is ENABLED
detector  55 is ENABLED
detector  56 is ENABLED
detector  57 is ENABLED
detector  58 is ENABLED
detector  59 is ENABLED
detector  60 is ENABLED
detector  61 is ENABLED
detector  62 is ENABLED
detector  63 is ENABLED
detector  64 is ENABLED
detector  65 is ENABLED
detector  66 is ENABLED
detector  67 is ENABLED
detector  68 is ENABLED
detector  69 is ENABLED
detector  70 is ENABLED
detector  71 is ENABLED
detector  72 is ENABLED
detector  73 is ENABLED
detector  74 is ENABLED
detector  75 is ENABLED
detector  76 is ENABLED
detector  77 is ENABLED
detector  78 is ENABLED
detector  79 is ENABLED
detector  80 is ENABLED
detector  81 is ENABLED
detector  82 is ENABLED
detector  83 is ENABLED
detector  84 is ENABLED
detector  85 is ENABLED
detector  86 is ENABLED
detector  87 is ENABLED
detector  88 is ENABLED
detector  89 is ENABLED
detector  90 is ENABLED
detector  91 is ENABLED
detector  92 is ENABLED
detector  93 is ENABLED
detector  94 is ENABLED
detector  95 is ENABLED
detector  96 is ENABLED
detector  97 is ENABLED
detector  98 is ENABLED
detector  99 is ENABLED
detector 100 is ENABLED
detector 101 is ENABLED
detector 102 is ENABLED
detector 103 is ENABLED
detector 104 is ENABLED
detector 105 is ENABLED
detector 106 is ENABLED
detector 107 is ENABLED
detector 108 is ENABLED
detector 109 is ENABLED
detector 110 is ENABLED
detector 111 is ENABLED
detector 112 is ENABLED
detector 113 is ENABLED
detector 114 is ENABLED
detector 115 is ENABLED
detector 116 is ENABLED
detector 117 is ENABLED
detector 118 is ENABLED
detector 119 is ENABLED
detector 120 is ENABLED
detector 121 is ENABLED
detector 122 is ENABLED
detector 123 is ENABLED
detector 124 is ENABLED
detector 125 is ENABLED
detector 126 is ENABLED
detector 127 is ENABLED
detector 128 is ENABLED
detector 129 is ENABLED
detector 130 is ENABLED
detector 131 is ENABLED
detector 132 is ENABLED
detector 133 is ENABLED
detector 134 is ENABLED
detector 135 is ENABLED
detector 136 is ENABLED
detector 137 is ENABLED
detector 138 is ENABLED
detector 139 is ENABLED
detector 140 is ENABLED
detector 141 is ENABLED
detector 142 is ENABLED
detector 143 is ENABLED
detector 144 is ENABLED
detector 145 is ENABLED
detector 146 is ENABLED
detector 147 is ENABLED
detector 148 is ENABLED
detector 149 is ENABLED
detector 150 is ENABLED
detector 151 is ENABLED
detector 152 is ENABLED
detector 153 is ENABLED
detector 154 is ENABLED
detector 155 is ENABLED
detector 156 is ENABLED
detector 157 is ENABLED
detector 158 is ENABLED
detector 159 is ENABLED
detector 160 is ENABLED
detector 161 is ENABLED
detector 162 is ENABLED
detector 163 is ENABLED
detector 164 is ENABLED
detector 165 is ENABLED
detector 166 is ENABLED
detector 167 is ENABLED
detector 168 is ENABLED
detector 169 is ENABLED
detector 170 is ENABLED
detector 171 is ENABLED
detector 172 is ENABLED
detector 173 is ENABLED
detector 174 is ENABLED
detector 175 is ENABLED
detector 176 is ENABLED
detector 177 is ENABLED
detector 178 is ENABLED
detector 179 is ENABLED
detector 180 is ENABLED
detector 181 is ENABLED
detector 182 is ENABLED
detector 183 is ENABLED
detector 184 is ENABLED
detector 185 is ENABLED
detector 186 is ENABLED
detector 187 is ENABLED
detector 188 is ENABLED
detector 189 is ENABLED
detector 190 is ENABLED
detector 191 is ENABLED
detector 192 is ENABLED
detector 193 is ENABLED
detector 194 is ENABLED
detector 195 is ENABLED
detector 196 is ENABLED
detector 197 is ENABLED
detector 198 is ENABLED
detector 199 is ENABLED
WARNING: could not open CCcal file "CCenergy.cal", quit
will use beam direction 0.000000 0.000000 1.000000
vector length= 1.000000, normalizing
will use beam direction 0.000000 0.000000 1.000000
Pars.ndetlimlo=1,Pars.ndetlimhi=8
will require mult bt: 1 20
fomlimits, 1, 0.00 ..to.. 0.80
fomlimits, 2, 0.00 ..to.. 0.80
fomlimits, 3, 0.00 ..to.. 0.80
fomlimits, 4, 0.00 ..to.. 0.80
fomlimits, 5, 0.00 ..to.. 0.80
fomlimits, 6, 0.00 ..to.. 0.80
fomlimits, 7, 0.00 ..to.. 0.80
will use M= 350.000000 in bin_dgs
will use PZ file "dgs_pz.cal" in bin_dgs
will use ecal file "dgs_ehi.cal" in bin_dgs
will skip rest of chat file

chat file: <GEBSort.chat> closed
processed 39 sort instructions and 198 lines


sorting this:
Pars.do_bin_mode3 = 1
Pars.do_bin_mode2 = 1
Pars.do_bin_mode1 = 0
Pars.do_bin_dgs = 0
Pars.do_bin_dfma = 0
Pars.do_bin_gtcal = 0
Pars.do_bin_template = 0
Pars.do_bin_final = 0
Pars.do_bin_angcor = 0
Pars.do_bin_angdis = 0
checking proper input of chat file...
input file "/lcrc/project/HELIOS/gretinafma/merged_data/GEBMerged_run163.gtd_000" is open, inData=0x25ee5a60
file size is 188034808 bytes or 183 MBs 
input source is set up, supposedly

xyz offset values:

executing ShareMemFileUserInit.h code

deleted \rm -f GEBSort.command
root file </lcrc/project/HELIOS/gretinafma/root_data/run163.root>
base=</lcrc/project/HELIOS/gretinafma/root_data/run163.root:/>
TFile: name=/lcrc/project/HELIOS/gretinafma/root_data/run163.root, title=, option=CREATE

executing UserInit.h code

Created Object "dtbtev", 0x26f3aef0
Created Object "T0", 0x26f3b300
, "T0"Created Object "hitpat", 0x26f3b6f0
, "hitpat"Created Object "numHitArray2", 0x26f3c140
, "numHitArray2"Created Object "CCmult", 0x26f3cc00
, "CC Multiplicity"Created Object "CCsum", 0x2720e930
, "CCsum"Created Object "hit2", 0x2721e740
, "hit2"Created Object "hit3", 0x2722e550
, "hit3"Created Object "hit4", 0x2723e360
, "hit4"Created Object "CCsum_nodop", 0x2724e170
, "CCsum_nodop"Created Object "CCadd", 0x2725df80
, "CCadd"Created Object "SEGadd_FPGA", 0x2726dd90
Created Object "SEGadd_PSA", 0x2726e1a0
Created Object "SEGsum_FPGA", 0x2726e5b0
Created Object "SEGsum_PSA", 0x2726e9c0
Created Object "radius_all", 0x2726edd0
, "radius (all points)"Created Object "rate_mode2_min", 0x272771e0
, "rate_mode2_min headers"Created Object "rate_mode2_sec", 0x2727a2f0
, "rate_mode2_sec headers"Created Object "rate_mode2_intp", 0x2727d400
, "rate_mode2 interaction points"Created Object "cdtbtev", 0x27280510
Created Object "evsr_all", 0x273464f0
Created Object "SMAP_allhits", 0x27346a30
Created Object "SMAP_allhits_sq", 0x274463c0
Created Object "seghitpat", 0x27545d50
Created Object "CCe", 0x2754e150
Created Object "ggCC", 0x2754e700
Created Object "z_plot", 0x2754ecb0
Created Object "crystal_hit", 0x27602380
Created Object "SegE", 0x27602950
Created Object "crXcr", 0x27602e90
MAXDETPOS=180
Created Object "eCC_a", 0x276f0930
Created Object "eCC_b", 0x276f0d40
Created Object "eCC_c", 0x276f11b0
Created Object "eCC_d", 0x276f1760
Created Object "eSeg", 0x276f1ca0
Created Object "mode3_hitpat", 0x276f2250
, "mode3_hitpat"Created Object "mode3_hitpat_chan", 0x276f2bc0
, "mode3_hitpat_chan"Created Object "chan0", 0x276f32f0
, "chan0"Created Object "module", 0x27707120
, "module"Created Object "chan", 0x2771af50
Created Object "l", 0x27790870
, "l"Created Object "r", 0x277a46a0
, "r"Created Object "up", 0x277b8460
, "up"Created Object "down", 0x277cc220
, "down"Created Object "sumlr", 0x277e0050
, "sumlr"Created Object "sumud", 0x277f3e80
, "sumud"Created Object "x", 0x27807cb0
, "x"Created Object "y", 0x2781bae0
, "y"Created Object "de1", 0x2782f910
, "de1"Created Object "de2", 0x278436d0
, "de2"Created Object "de3", 0x27857490
, "de3"Created Object "de12", 0x2786b2c0
, "de12"Created Object "etot", 0x2787f0f0
, "etot"Created Object "rftof", 0x27892eb0
, "rftof"Created Object "lr", 0x278a6c70
Created Object "ud", 0x278a71b0
Created Object "ede1", 0x278a76f0
Created Object "ede1g", 0x278a7c30
Created Object "ede2", 0x278a81e0
Created Object "ede12", 0x278a8790
Created Object "xde1", 0x278a8d40
Created Object "erftof", 0x278a9280
Created Object "erftofg", 0x278a97c0
Created Object "sumehi", 0x278a9d70
, "sumehi"Created Object "tgppac", 0x278bdb30
, "tgppac"Created Object "tgppacg", 0x278e51e0
, "tgppacg"Created Object "xehi1", 0x2790c890
Created Object "xehi1g", 0x2790cdd0
Created Object "de1ehi", 0x2790d380
Created Object "de1ehig", 0x2790d8c0
Created Object "ng", 0x2790de00
, "ng"Created Object "ehiz1", 0x27921bc0
, "ehiz1"Created Object "ehiz2", 0x27935980
, "ehiz2"Created Object "ehiz3", 0x279497b0
, "ehiz3"Created Object "ehiz4", 0x2795d5e0
, "ehiz4"Created Object "ehiz5", 0x27971410
, "ehiz5"Created Object "gg_dt", 0x279851d0
, "gg_dt"Created Object "gg", 0x27989600
Created Object "gg_z1", 0x27989bb0
Created Object "gg_z2", 0x2798a160
Created Object "gg_z3", 0x2798a710
Created Object "gg_z4", 0x2798acc0
Created Object "gg_z5", 0x2798b200
we have define the following ROOT spectra:
Collection name='THashList', class='THashList', size=84
 TH1.Print Name  = dtbtev, Entries= 0, Total sum= 0
 TH1.Print Name  = T0, Entries= 0, Total sum= 0
 TH1.Print Name  = hitpat, Entries= 0, Total sum= 0
 TH1.Print Name  = numHitArray2, Entries= 0, Total sum= 0
 TH1.Print Name  = CCmult, Entries= 0, Total sum= 0
 TH1.Print Name  = CCsum, Entries= 0, Total sum= 0
 TH1.Print Name  = hit2, Entries= 0, Total sum= 0
 TH1.Print Name  = hit3, Entries= 0, Total sum= 0
 TH1.Print Name  = hit4, Entries= 0, Total sum= 0
 TH1.Print Name  = CCsum_nodop, Entries= 0, Total sum= 0
 TH1.Print Name  = CCadd, Entries= 0, Total sum= 0
 TH1.Print Name  = SEGadd_FPGA, Entries= 0, Total sum= 0
 TH1.Print Name  = SEGadd_PSA, Entries= 0, Total sum= 0
 TH1.Print Name  = SEGsum_FPGA, Entries= 0, Total sum= 0
 TH1.Print Name  = SEGsum_PSA, Entries= 0, Total sum= 0
 TH1.Print Name  = radius_all, Entries= 0, Total sum= 0
 TH1.Print Name  = rate_mode2_min, Entries= 0, Total sum= 0
 TH1.Print Name  = rate_mode2_sec, Entries= 0, Total sum= 0
 TH1.Print Name  = rate_mode2_intp, Entries= 0, Total sum= 0
 TH1.Print Name  = cdtbtev, Entries= 0, Total sum= 0
 TH1.Print Name  = evsr_all, Entries= 0, Total sum= 0
 TH1.Print Name  = SMAP_allhits, Entries= 0, Total sum= 0
 TH1.Print Name  = SMAP_allhits_sq, Entries= 0, Total sum= 0
 TH1.Print Name  = seghitpat, Entries= 0, Total sum= 0
 TH1.Print Name  = CCe, Entries= 0, Total sum= 0
 TH1.Print Name  = ggCC, Entries= 0, Total sum= 0
 TH1.Print Name  = z_plot, Entries= 0, Total sum= 0
 TH1.Print Name  = crystal_hit, Entries= 0, Total sum= 0
 TH1.Print Name  = SegE, Entries= 0, Total sum= 0
 TH1.Print Name  = crXcr, Entries= 0, Total sum= 0
 ******************************************************************************
*Tree    :tree      : tree                                                   *
*Entries :        0 : Total =            8461 bytes  File  Size =          0 *
*        :          : Tree compression factor =   1.00                       *
******************************************************************************
*Br    0 :runNumber : runNumber/I                                            *
*Entries :        0 : Total  Size=        501 bytes  One basket in memory    *
*Baskets :        0 : Basket Size=      32000 bytes  Compression=   1.00     *
*............................................................................*
*Br    1 :numHits   : numHits/I                                              *
*Entries :        0 : Total  Size=        493 bytes  One basket in memory    *
*Baskets :        0 : Basket Size=      32000 bytes  Compression=   1.00     *
*............................................................................*
*Br    2 :left      : left[numHits]/F                                        *
*Entries :        0 : Total  Size=        580 bytes  One basket in memory    *
*Baskets :        0 : Basket Size=      32000 bytes  Compression=   1.00     *
*............................................................................*
*Br    3 :right     : right[numHits]/F                                       *
*Entries :        0 : Total  Size=        584 bytes  One basket in memory    *
*Baskets :        0 : Basket Size=      32000 bytes  Compression=   1.00     *
*............................................................................*
*Br    4 :up        : up[numHits]/F                                          *
*Entries :        0 : Total  Size=        572 bytes  One basket in memory    *
*Baskets :        0 : Basket Size=      32000 bytes  Compression=   1.00     *
*............................................................................*
*Br    5 :down      : down[numHits]/F                                        *
*Entries :        0 : Total  Size=        580 bytes  One basket in memory    *
*Baskets :        0 : Basket Size=      32000 bytes  Compression=   1.00     *
*............................................................................*
*Br    6 :e1        : e1[numHits]/F                                          *
*Entries :        0 : Total  Size=        572 bytes  One basket in memory    *
*Baskets :        0 : Basket Size=      32000 bytes  Compression=   1.00     *
*............................................................................*
*Br    7 :e2        : e2[numHits]/F                                          *
*Entries :        0 : Total  Size=        572 bytes  One basket in memory    *
*Baskets :        0 : Basket Size=      32000 bytes  Compression=   1.00     *
*............................................................................*
*Br    8 :e3        : e3[numHits]/F                                          *
*Entries :        0 : Total  Size=        572 bytes  One basket in memory    *
*Baskets :        0 : Basket Size=      32000 bytes  Compression=   1.00     *
*............................................................................*
*Br    9 :tac       : tac[numHits]/F                                         *
*Entries :        0 : Total  Size=        576 bytes  One basket in memory    *
*Baskets :        0 : Basket Size=      32000 bytes  Compression=   1.00     *
*............................................................................*
*Br   10 :fmaDeltaTime : fmaDeltaTime[numHits]/F                             *
*Entries :        0 : Total  Size=        612 bytes  One basket in memory    *
*Baskets :        0 : Basket Size=      32000 bytes  Compression=   1.00     *
*............................................................................*
*Br   11 :fmaMult   : fmaMult[10]/I                                          *
*Entries :        0 : Total  Size=        501 bytes  One basket in memory    *
*Baskets :        0 : Basket Size=      32000 bytes  Compression=   1.00     *
*............................................................................*
*Br   12 :gammaMult : gammaMult/I                                            *
*Entries :        0 : Total  Size=        501 bytes  One basket in memory    *
*Baskets :        0 : Basket Size=      32000 bytes  Compression=   1.00     *
*............................................................................*
*Br   13 :gammaEnergy : gammaEnergy[gammaMult]/F                             *
*Entries :        0 : Total  Size=        616 bytes  One basket in memory    *
*Baskets :        0 : Basket Size=      32000 bytes  Compression=   1.00     *
*............................................................................*
*Br   14 :gammaTimestamp : gammaTimestamp[gammaMult]/F                       *
*Entries :        0 : Total  Size=        628 bytes  One basket in memory    *
*Baskets :        0 : Basket Size=      32000 bytes  Compression=   1.00     *
*............................................................................*
*Br   15 :deltaTime : deltaTime[gammaMult]/F                                 *
*Entries :        0 : Total  Size=        608 bytes  One basket in memory    *
*Baskets :        0 : Basket Size=      32000 bytes  Compression=   1.00     *
*............................................................................*
 TH1.Print Name  = eCC_a, Entries= 0, Total sum= 0
 TH1.Print Name  = eCC_b, Entries= 0, Total sum= 0
 TH1.Print Name  = eCC_c, Entries= 0, Total sum= 0
 TH1.Print Name  = eCC_d, Entries= 0, Total sum= 0
 TH1.Print Name  = eSeg, Entries= 0, Total sum= 0
 TH1.Print Name  = mode3_hitpat, Entries= 0, Total sum= 0
 TH1.Print Name  = mode3_hitpat_chan, Entries= 0, Total sum= 0
 TH1.Print Name  = chan0, Entries= 0, Total sum= 0
 TH1.Print Name  = module, Entries= 0, Total sum= 0
 TH1.Print Name  = chan, Entries= 0, Total sum= 0
 TH1.Print Name  = l, Entries= 0, Total sum= 0
 TH1.Print Name  = r, Entries= 0, Total sum= 0
 TH1.Print Name  = up, Entries= 0, Total sum= 0
 TH1.Print Name  = down, Entries= 0, Total sum= 0
 TH1.Print Name  = sumlr, Entries= 0, Total sum= 0
 TH1.Print Name  = sumud, Entries= 0, Total sum= 0
 TH1.Print Name  = x, Entries= 0, Total sum= 0
 TH1.Print Name  = y, Entries= 0, Total sum= 0
 TH1.Print Name  = de1, Entries= 0, Total sum= 0
 TH1.Print Name  = de2, Entries= 0, Total sum= 0
 TH1.Print Name  = de3, Entries= 0, Total sum= 0
 TH1.Print Name  = de12, Entries= 0, Total sum= 0
 TH1.Print Name  = etot, Entries= 0, Total sum= 0
 TH1.Print Name  = rftof, Entries= 0, Total sum= 0
 TH1.Print Name  = lr, Entries= 0, Total sum= 0
 TH1.Print Name  = ud, Entries= 0, Total sum= 0
 TH1.Print Name  = ede1, Entries= 0, Total sum= 0
 TH1.Print Name  = ede1g, Entries= 0, Total sum= 0
 TH1.Print Name  = ede2, Entries= 0, Total sum= 0
 TH1.Print Name  = ede12, Entries= 0, Total sum= 0
 TH1.Print Name  = xde1, Entries= 0, Total sum= 0
 TH1.Print Name  = erftof, Entries= 0, Total sum= 0
 TH1.Print Name  = erftofg, Entries= 0, Total sum= 0
 TH1.Print Name  = sumehi, Entries= 0, Total sum= 0
 TH1.Print Name  = tgppac, Entries= 0, Total sum= 0
 TH1.Print Name  = tgppacg, Entries= 0, Total sum= 0
 TH1.Print Name  = xehi1, Entries= 0, Total sum= 0
 TH1.Print Name  = xehi1g, Entries= 0, Total sum= 0
 TH1.Print Name  = de1ehi, Entries= 0, Total sum= 0
 TH1.Print Name  = de1ehig, Entries= 0, Total sum= 0
 TH1.Print Name  = ng, Entries= 0, Total sum= 0
 TH1.Print Name  = ehiz1, Entries= 0, Total sum= 0
 TH1.Print Name  = ehiz2, Entries= 0, Total sum= 0
 TH1.Print Name  = ehiz3, Entries= 0, Total sum= 0
 TH1.Print Name  = ehiz4, Entries= 0, Total sum= 0
 TH1.Print Name  = ehiz5, Entries= 0, Total sum= 0
 TH1.Print Name  = gg_dt, Entries= 0, Total sum= 0
 TH1.Print Name  = gg, Entries= 0, Total sum= 0
 TH1.Print Name  = gg_z1, Entries= 0, Total sum= 0
 TH1.Print Name  = gg_z2, Entries= 0, Total sum= 0
 TH1.Print Name  = gg_z3, Entries= 0, Total sum= 0
 TH1.Print Name  = gg_z4, Entries= 0, Total sum= 0
 TH1.Print Name  = gg_z5, Entries= 0, Total sum= 0
GRETINA detector angles
mod  1, crystal 0 [  4]: ( 10.07   3.58  15.10) pol   35.30 ,  azi   13.35; pol   35.30 ,  azi   19.58; modCCdopfac[4] 1.0271
mod  1, crystal 1 [  5]: ( 10.11   9.19  12.47) pol   47.60 ,  azi   36.39; pol   47.60 ,  azi   42.30; modCCdopfac[5] 1.0222
mod  1, crystal 2 [  6]: (  5.44   7.69  15.92) pol   30.60 ,  azi   25.77; pol   30.60 ,  azi   54.72; modCCdopfac[6] 1.0287
mod  1, crystal 3 [  7]: (  4.99   1.78  17.72) pol   16.65 ,  azi    5.72; pol   16.65 ,  azi   19.58; modCCdopfac[7] 1.0321
mod  2, crystal 0 [  8]: ( -0.29  10.69  15.10) pol   35.30 ,  azi   35.29; pol   35.30 ,  azi   91.58; modCCdopfac[8] 1.0271
mod  2, crystal 1 [  9]: ( -5.62  12.45  12.47) pol   47.60 ,  azi   44.95; pol   47.60 ,  azi  114.30; modCCdopfac[9] 1.0222
mod  2, crystal 2 [ 10]: ( -5.63   7.55  15.92) pol   30.60 ,  azi   25.36; pol   30.60 ,  azi  126.72; modCCdopfac[10] 1.0287
mod  2, crystal 3 [ 11]: ( -0.15   5.30  17.72) pol   16.65 ,  azi   16.64; pol   16.65 ,  azi   91.58; modCCdopfac[11] 1.0321
mod  3, crystal 0 [ 12]: (-10.25   3.02  15.10) pol   35.30 ,  azi   11.32; pol   35.30 ,  azi  163.58; modCCdopfac[12] 1.0271
mod  3, crystal 1 [ 13]: (-13.58  -1.50  12.47) pol   47.60 ,  azi   -6.85; pol   47.60 ,  azi -173.70; modCCdopfac[13] 1.0222
mod  3, crystal 2 [ 14]: ( -8.92  -3.02  15.92) pol   30.60 ,  azi  -10.75; pol   30.60 ,  azi -161.28; modCCdopfac[14] 1.0287
mod  3, crystal 3 [ 15]: ( -5.08   1.50  17.72) pol   16.65 ,  azi    4.83; pol   16.65 ,  azi  163.58; modCCdopfac[15] 1.0321
mod  4, crystal 0 [ 16]: ( -6.04  -8.82  15.10) pol   35.30 ,  azi  -30.29; pol   35.30 ,  azi -124.42; modCCdopfac[16] 1.0271
mod  4, crystal 1 [ 17]: ( -2.77 -13.38  12.47) pol   47.60 ,  azi  -47.00; pol   47.60 ,  azi -101.70; modCCdopfac[17] 1.0222
mod  4, crystal 2 [ 18]: (  0.12  -9.42  15.92) pol   30.60 ,  azi  -30.60; pol   30.60 ,  azi  -89.28; modCCdopfac[18] 1.0287
mod  4, crystal 3 [ 19]: ( -3.00  -4.37  17.72) pol   16.65 ,  azi  -13.86; pol   16.65 ,  azi -124.42; modCCdopfac[19] 1.0321
mod  5, crystal 0 [ 20]: (  6.52  -8.47  15.10) pol   35.30 ,  azi  -29.30; pol   35.30 ,  azi  -52.42; modCCdopfac[20] 1.0271
mod  5, crystal 1 [ 21]: ( 11.87  -6.77  12.47) pol   47.60 ,  azi  -28.49; pol   47.60 ,  azi  -29.70; modCCdopfac[21] 1.0222
mod  5, crystal 2 [ 22]: (  8.99  -2.80  15.92) pol   30.60 ,  azi   -9.96; pol   30.60 ,  azi  -17.28; modCCdopfac[22] 1.0287
mod  5, crystal 3 [ 23]: (  3.23  -4.20  17.72) pol   16.65 ,  azi  -13.33; pol   16.65 ,  azi  -52.42; modCCdopfac[23] 1.0321
mod  6, crystal 0 [ 24]: (  4.54  16.51   7.02) pol   67.71 ,  azi   66.97; pol   67.71 ,  azi   74.63; modCCdopfac[24] 1.0121
mod  6, crystal 1 [ 25]: ( -0.33  15.15  10.61) pol   55.02 ,  azi   55.01; pol   55.02 ,  azi   91.23; modCCdopfac[25] 1.0187
mod  6, crystal 2 [ 26]: (  5.05  13.00  12.16) pol   48.92 ,  azi   46.92; pol   48.92 ,  azi   68.77; modCCdopfac[26] 1.0216
mod  6, crystal 3 [ 27]: (  9.66  13.57   8.06) pol   64.18 ,  azi   59.29; pol   64.18 ,  azi   54.55; modCCdopfac[27] 1.0140
mod  7, crystal 0 [ 28]: (-14.30   9.42   7.02) pol   67.71 ,  azi   53.31; pol   67.71 ,  azi  146.63; modCCdopfac[28] 1.0121
mod  7, crystal 1 [ 29]: (-14.51   4.37  10.61) pol   55.02 ,  azi   22.40; pol   55.02 ,  azi  163.23; modCCdopfac[29] 1.0187
mod  7, crystal 2 [ 30]: (-10.80   8.82  12.16) pol   48.92 ,  azi   35.96; pol   48.92 ,  azi  140.77; modCCdopfac[30] 1.0216
mod  7, crystal 3 [ 31]: ( -9.92  13.38   8.06) pol   64.18 ,  azi   58.94; pol   64.18 ,  azi  126.55; modCCdopfac[31] 1.0140
mod  8, crystal 0 [ 32]: (-13.37 -10.69   7.02) pol   67.71 ,  azi  -56.71; pol   67.71 ,  azi -141.37; modCCdopfac[32] 1.0121
mod  8, crystal 1 [ 33]: ( -8.64 -12.45  10.61) pol   55.02 ,  azi  -49.58; pol   55.02 ,  azi -124.77; modCCdopfac[33] 1.0187
mod  8, crystal 2 [ 34]: (-11.73  -7.55  12.16) pol   48.92 ,  azi  -31.84; pol   48.92 ,  azi -147.23; modCCdopfac[34] 1.0216
mod  8, crystal 3 [ 35]: (-15.79  -5.30   8.06) pol   64.18 ,  azi  -33.33; pol   64.18 ,  azi -161.45; modCCdopfac[35] 1.0140
mod  9, crystal 0 [ 36]: (  6.03 -16.02   7.02) pol   67.71 ,  azi  -66.35; pol   67.71 ,  azi  -69.37; modCCdopfac[36] 1.0121
mod  9, crystal 1 [ 37]: (  9.17 -12.07  10.61) pol   55.02 ,  azi  -48.69; pol   55.02 ,  azi  -52.77; modCCdopfac[37] 1.0187
mod  9, crystal 2 [ 38]: (  3.56 -13.48  12.16) pol   48.92 ,  azi  -47.96; pol   48.92 ,  azi  -75.23; modCCdopfac[38] 1.0216
mod  9, crystal 3 [ 39]: (  0.16 -16.65   8.06) pol   64.18 ,  azi  -64.18; pol   64.18 ,  azi  -89.45; modCCdopfac[39] 1.0140
mod 10, crystal 0 [ 40]: ( 17.10   0.79   7.02) pol   67.71 ,  azi    6.39; pol   67.71 ,  azi    2.63; modCCdopfac[40] 1.0121
mod 10, crystal 1 [ 41]: ( 14.31   4.99  10.61) pol   55.02 ,  azi   25.21; pol   55.02 ,  azi   19.23; modCCdopfac[41] 1.0187
mod 10, crystal 2 [ 42]: ( 13.92  -0.79  12.16) pol   48.92 ,  azi   -3.70; pol   48.92 ,  azi   -3.23; modCCdopfac[42] 1.0216
mod 10, crystal 3 [ 43]: ( 15.89  -4.99   8.06) pol   64.18 ,  azi  -31.79; pol   64.18 ,  azi  -17.45; modCCdopfac[43] 1.0140
mod 11, crystal 0 [ 44]: ( 18.26   2.80   0.92) pol   87.15 ,  azi   71.78; pol   87.15 ,  azi    8.71; modCCdopfac[44] 1.0011
mod 11, crystal 1 [ 45]: ( 17.30   4.20  -5.04) pol  105.79 ,  azi  140.16; pol  105.79 ,  azi   13.65; modCCdopfac[45] 0.9906
mod 11, crystal 2 [ 46]: ( 16.42   8.47  -0.92) pol   92.85 ,  azi   96.20; pol   92.85 ,  azi   27.29; modCCdopfac[46] 0.9978
mod 11, crystal 3 [ 47]: ( 16.46   6.77   5.04) pol   74.21 ,  azi   53.36; pol   74.21 ,  azi   22.35; modCCdopfac[47] 1.0085
mod 12, crystal 0 [ 48]: ( 12.46  13.48  -2.26) pol   97.01 ,  azi   99.50; pol   97.01 ,  azi   47.25; modCCdopfac[48] 0.9954
mod 12, crystal 1 [ 49]: (  7.28  16.65  -3.46) pol  100.78 ,  azi  101.74; pol  100.78 ,  azi   66.39; modCCdopfac[49] 0.9933
mod 12, crystal 2 [ 50]: (  8.97  16.02   2.26) pol   82.99 ,  azi   81.98; pol   82.99 ,  azi   60.75; modCCdopfac[50] 1.0035
mod 12, crystal 3 [ 51]: ( 13.59  12.07   3.46) pol   79.22 ,  azi   74.00; pol   79.22 ,  azi   41.61; modCCdopfac[51] 1.0057
mod 13, crystal 0 [ 52]: (  2.98  18.23   0.92) pol   87.15 ,  azi   87.11; pol   87.15 ,  azi   80.71; modCCdopfac[52] 1.0011
mod 13, crystal 1 [ 53]: (  1.35  17.75  -5.04) pol  105.79 ,  azi  105.84; pol  105.79 ,  azi   85.65; modCCdopfac[53] 0.9906
mod 13, crystal 2 [ 54]: ( -2.98  18.23  -0.92) pol   92.85 ,  azi   92.89; pol   92.85 ,  azi   99.29; modCCdopfac[54] 0.9978
mod 13, crystal 3 [ 55]: ( -1.35  17.75   5.04) pol   74.21 ,  azi   74.16; pol   74.21 ,  azi   94.35; modCCdopfac[55] 1.0085
mod 14, crystal 0 [ 56]: ( -8.97  16.02  -2.26) pol   97.01 ,  azi   98.02; pol   97.01 ,  azi  119.25; modCCdopfac[56] 0.9954
mod 14, crystal 1 [ 57]: (-13.59  12.07  -3.46) pol  100.78 ,  azi  106.00; pol  100.78 ,  azi  138.39; modCCdopfac[57] 0.9933
mod 14, crystal 2 [ 58]: (-12.46  13.48   2.26) pol   82.99 ,  azi   80.50; pol   82.99 ,  azi  132.75; modCCdopfac[58] 1.0035
mod 14, crystal 3 [ 59]: ( -7.28  16.65   3.46) pol   79.22 ,  azi   78.26; pol   79.22 ,  azi  113.61; modCCdopfac[59] 1.0057
mod 15, crystal 0 [ 60]: (-16.42   8.47   0.92) pol   87.15 ,  azi   83.80; pol   87.15 ,  azi  152.71; modCCdopfac[60] 1.0011
mod 15, crystal 1 [ 61]: (-16.46   6.77  -5.04) pol  105.79 ,  azi  126.64; pol  105.79 ,  azi  157.65; modCCdopfac[61] 0.9906
mod 15, crystal 2 [ 62]: (-18.26   2.80  -0.92) pol   92.85 ,  azi  108.22; pol   92.85 ,  azi  171.29; modCCdopfac[62] 0.9978
mod 15, crystal 3 [ 63]: (-17.30   4.20   5.04) pol   74.21 ,  azi   39.84; pol   74.21 ,  azi  166.35; modCCdopfac[63] 1.0085
mod 16, crystal 0 [ 64]: (-18.01  -3.58  -2.26) pol   97.01 ,  azi -122.21; pol   97.01 ,  azi -168.75; modCCdopfac[64] 0.9954
mod 16, crystal 1 [ 65]: (-15.68  -9.19  -3.46) pol  100.78 ,  azi -110.62; pol  100.78 ,  azi -149.61; modCCdopfac[65] 0.9933
mod 16, crystal 2 [ 66]: (-16.68  -7.69   2.26) pol   82.99 ,  azi  -73.64; pol   82.99 ,  azi -155.25; modCCdopfac[66] 1.0035
mod 16, crystal 3 [ 67]: (-18.09  -1.78   3.46) pol   79.22 ,  azi  -27.18; pol   79.22 ,  azi -174.39; modCCdopfac[67] 1.0057
mod 17, crystal 0 [ 68]: (-13.13 -13.00   0.92) pol   87.15 ,  azi  -85.95; pol   87.15 ,  azi -135.29; modCCdopfac[68] 1.0011
mod 17, crystal 1 [ 69]: (-11.53 -13.57  -5.04) pol  105.79 ,  azi -110.36; pol  105.79 ,  azi -130.35; modCCdopfac[69] 0.9906
mod 17, crystal 2 [ 70]: ( -8.30 -16.51  -0.92) pol   92.85 ,  azi  -93.19; pol   92.85 ,  azi -116.71; modCCdopfac[70] 0.9978
mod 17, crystal 3 [ 71]: ( -9.34 -15.15   5.04) pol   74.21 ,  azi  -71.62; pol   74.21 ,  azi -121.65; modCCdopfac[71] 1.0085
mod 18, crystal 0 [ 72]: ( -2.16 -18.23  -2.26) pol   97.01 ,  azi  -97.05; pol   97.01 ,  azi  -96.75; modCCdopfac[72] 0.9954
mod 18, crystal 1 [ 73]: (  3.90 -17.75  -3.46) pol  100.78 ,  azi -101.03; pol  100.78 ,  azi  -77.61; modCCdopfac[73] 0.9933
mod 18, crystal 2 [ 74]: (  2.16 -18.23   2.26) pol   82.99 ,  azi  -82.95; pol   82.99 ,  azi  -83.25; modCCdopfac[74] 1.0035
mod 18, crystal 3 [ 75]: ( -3.90 -17.75   3.46) pol   79.22 ,  azi  -78.97; pol   79.22 ,  azi -102.39; modCCdopfac[75] 1.0057
mod 19, crystal 0 [ 76]: (  8.30 -16.51   0.92) pol   87.15 ,  azi  -86.81; pol   87.15 ,  azi  -63.29; modCCdopfac[76] 1.0011
mod 19, crystal 1 [ 77]: (  9.34 -15.15  -5.04) pol  105.79 ,  azi -108.38; pol  105.79 ,  azi  -58.35; modCCdopfac[77] 0.9906
mod 19, crystal 2 [ 78]: ( 13.13 -13.00  -0.92) pol   92.85 ,  azi  -94.05; pol   92.85 ,  azi  -44.71; modCCdopfac[78] 0.9978
mod 19, crystal 3 [ 79]: ( 11.53 -13.57   5.04) pol   74.21 ,  azi  -69.64; pol   74.21 ,  azi  -49.65; modCCdopfac[79] 1.0085
mod 20, crystal 0 [ 80]: ( 16.68  -7.69  -2.26) pol   97.01 ,  azi -106.36; pol   97.01 ,  azi  -24.75; modCCdopfac[80] 0.9954
mod 20, crystal 1 [ 81]: ( 18.09  -1.78  -3.46) pol  100.78 ,  azi -152.82; pol  100.78 ,  azi   -5.61; modCCdopfac[81] 0.9933
mod 20, crystal 2 [ 82]: ( 18.01  -3.58   2.26) pol   82.99 ,  azi  -57.79; pol   82.99 ,  azi  -11.25; modCCdopfac[82] 1.0035
mod 20, crystal 3 [ 83]: ( 15.68  -9.19   3.46) pol   79.22 ,  azi  -69.38; pol   79.22 ,  azi  -30.39; modCCdopfac[83] 1.0057
mod 21, crystal 0 [ 84]: ( 14.30   9.42  -7.02) pol  112.29 ,  azi  126.69; pol  112.29 ,  azi   33.37; modCCdopfac[84] 0.9871
mod 21, crystal 1 [ 85]: ( 14.51   4.37 -10.61) pol  124.98 ,  azi  157.60; pol  124.98 ,  azi   16.77; modCCdopfac[85] 0.9809
mod 21, crystal 2 [ 86]: ( 10.80   8.82 -12.16) pol  131.08 ,  azi  144.04; pol  131.08 ,  azi   39.23; modCCdopfac[86] 0.9782
mod 21, crystal 3 [ 87]: (  9.92  13.38  -8.06) pol  115.82 ,  azi  121.06; pol  115.82 ,  azi   53.45; modCCdopfac[87] 0.9853
mod 22, crystal 0 [ 88]: ( -4.54  16.51  -7.02) pol  112.29 ,  azi  113.03; pol  112.29 ,  azi  105.37; modCCdopfac[88] 0.9871
mod 22, crystal 1 [ 89]: (  0.33  15.15 -10.61) pol  124.98 ,  azi  124.99; pol  124.98 ,  azi   88.77; modCCdopfac[89] 0.9809
mod 22, crystal 2 [ 90]: ( -5.05  13.00 -12.16) pol  131.08 ,  azi  133.08; pol  131.08 ,  azi  111.23; modCCdopfac[90] 0.9782
mod 22, crystal 3 [ 91]: ( -9.66  13.57  -8.06) pol  115.82 ,  azi  120.71; pol  115.82 ,  azi  125.45; modCCdopfac[91] 0.9853
mod 23, crystal 0 [ 92]: (-17.10   0.79  -7.02) pol  112.29 ,  azi  173.61; pol  112.29 ,  azi  177.37; modCCdopfac[92] 0.9871
mod 23, crystal 1 [ 93]: (-14.31   4.99 -10.61) pol  124.98 ,  azi  154.79; pol  124.98 ,  azi  160.77; modCCdopfac[93] 0.9809
mod 23, crystal 2 [ 94]: (-13.92  -0.79 -12.16) pol  131.08 ,  azi -176.30; pol  131.08 ,  azi -176.77; modCCdopfac[94] 0.9782
mod 23, crystal 3 [ 95]: (-15.89  -4.99  -8.06) pol  115.82 ,  azi -148.21; pol  115.82 ,  azi -162.55; modCCdopfac[95] 0.9853
mod 24, crystal 0 [ 96]: ( -6.03 -16.02  -7.02) pol  112.29 ,  azi -113.65; pol  112.29 ,  azi -110.63; modCCdopfac[96] 0.9871
mod 24, crystal 1 [ 97]: ( -9.17 -12.07 -10.61) pol  124.98 ,  azi -131.31; pol  124.98 ,  azi -127.23; modCCdopfac[97] 0.9809
mod 24, crystal 2 [ 98]: ( -3.56 -13.48 -12.16) pol  131.08 ,  azi -132.04; pol  131.08 ,  azi -104.77; modCCdopfac[98] 0.9782
mod 24, crystal 3 [ 99]: ( -0.16 -16.65  -8.06) pol  115.82 ,  azi -115.82; pol  115.82 ,  azi  -90.55; modCCdopfac[99] 0.9853
mod 25, crystal 0 [100]: ( 13.37 -10.69  -7.02) pol  112.29 ,  azi -123.29; pol  112.29 ,  azi  -38.63; modCCdopfac[100] 0.9871
mod 25, crystal 1 [101]: (  8.64 -12.45 -10.61) pol  124.98 ,  azi -130.42; pol  124.98 ,  azi  -55.23; modCCdopfac[101] 0.9809
mod 25, crystal 2 [102]: ( 11.73  -7.55 -12.16) pol  131.08 ,  azi -148.16; pol  131.08 ,  azi  -32.77; modCCdopfac[102] 0.9782
mod 25, crystal 3 [103]: ( 15.79  -5.30  -8.06) pol  115.82 ,  azi -146.67; pol  115.82 ,  azi  -18.55; modCCdopfac[103] 0.9853
mod 26, crystal 0 [104]: (  0.29  10.69 -15.10) pol  144.70 ,  azi  144.71; pol  144.70 ,  azi   88.42; modCCdopfac[104] 0.9732
mod 26, crystal 1 [105]: (  5.62  12.45 -12.47) pol  132.40 ,  azi  135.05; pol  132.40 ,  azi   65.70; modCCdopfac[105] 0.9777
mod 26, crystal 2 [106]: (  5.63   7.55 -15.92) pol  149.40 ,  azi  154.64; pol  149.40 ,  azi   53.28; modCCdopfac[106] 0.9718
mod 26, crystal 3 [107]: (  0.15   5.30 -17.72) pol  163.35 ,  azi  163.36; pol  163.35 ,  azi   88.42; modCCdopfac[107] 0.9688
mod 27, crystal 0 [108]: (-10.07   3.58 -15.10) pol  144.70 ,  azi  166.65; pol  144.70 ,  azi  160.42; modCCdopfac[108] 0.9732
mod 27, crystal 1 [109]: (-10.11   9.19 -12.47) pol  132.40 ,  azi  143.61; pol  132.40 ,  azi  137.70; modCCdopfac[109] 0.9777
mod 27, crystal 2 [110]: ( -5.44   7.69 -15.92) pol  149.40 ,  azi  154.23; pol  149.40 ,  azi  125.28; modCCdopfac[110] 0.9718
mod 27, crystal 3 [111]: ( -4.99   1.78 -17.72) pol  163.35 ,  azi  174.28; pol  163.35 ,  azi  160.42; modCCdopfac[111] 0.9688
mod 28, crystal 0 [112]: ( -6.52  -8.47 -15.10) pol  144.70 ,  azi -150.70; pol  144.70 ,  azi -127.58; modCCdopfac[112] 0.9732
mod 28, crystal 1 [113]: (-11.87  -6.77 -12.47) pol  132.40 ,  azi -151.51; pol  132.40 ,  azi -150.30; modCCdopfac[113] 0.9777
mod 28, crystal 2 [114]: ( -8.99  -2.80 -15.92) pol  149.40 ,  azi -170.04; pol  149.40 ,  azi -162.72; modCCdopfac[114] 0.9718
mod 28, crystal 3 [115]: ( -3.23  -4.20 -17.72) pol  163.35 ,  azi -166.67; pol  163.35 ,  azi -127.58; modCCdopfac[115] 0.9688
mod 29, crystal 0 [116]: (  6.04  -8.82 -15.10) pol  144.70 ,  azi -149.71; pol  144.70 ,  azi  -55.58; modCCdopfac[116] 0.9732
mod 29, crystal 1 [117]: (  2.77 -13.38 -12.47) pol  132.40 ,  azi -133.00; pol  132.40 ,  azi  -78.30; modCCdopfac[117] 0.9777
mod 29, crystal 2 [118]: ( -0.12  -9.42 -15.92) pol  149.40 ,  azi -149.40; pol  149.40 ,  azi  -90.72; modCCdopfac[118] 0.9718
mod 29, crystal 3 [119]: (  3.00  -4.37 -17.72) pol  163.35 ,  azi -166.14; pol  163.35 ,  azi  -55.58; modCCdopfac[119] 0.9688
mod 30, crystal 0 [120]: ( 10.25   3.02 -15.10) pol  144.70 ,  azi  168.68; pol  144.70 ,  azi   16.42; modCCdopfac[120] 0.9732
mod 30, crystal 1 [121]: ( 13.58  -1.50 -12.47) pol  132.40 ,  azi -173.15; pol  132.40 ,  azi   -6.30; modCCdopfac[121] 0.9777
mod 30, crystal 2 [122]: (  8.92  -3.02 -15.92) pol  149.40 ,  azi -169.25; pol  149.40 ,  azi  -18.72; modCCdopfac[122] 0.9718
mod 30, crystal 3 [123]: (  5.08   1.50 -17.72) pol  163.35 ,  azi  175.17; pol  163.35 ,  azi   16.42; modCCdopfac[123] 0.9688
setup signal catcher
started sorting... from disk...

Pars.maxTS=4611686018427387904
got initial header, TS=778187657403 ID: 1 length: 464
read initial payload of siz=464 into event position 1
__ptgd[0]->type= 0; ptgd[0]->length=   0; ptgd[0]->timestamp=0
initial ii=1, nn=1
ev#     0 GEB_TYPE_DECOMP        464Bytes TS=778187662947 curTS=778187657403 dTS= 5544
t0=778187657403
first event: GEB_event.mult=1
   0/ 0: ( 1,GEB_TYPE_DECOMP      ) TS=        778187657403; dT=0
maxTS=9418187657403
that is 86400.0 seconds or 24h0m0s minutes of sorting
GEBGetEv returned st=0
we have read 960 bytes; CurEvNo=1

+++++++++++++++++++++++++++++++
*start event # 1 with multiplicity 1 looks like this:
 0>  1, GEB_TYPE_DECOMP      , TS=778187657403
entered bin_mode2: 1/10
ptinp->pad= 6, (ptinp->pad&0x000000ff)= 6
updated CCadd with    0.00
total number of hits in array: 0
exit bin_mode2
entered bin_mode3 @ event number: 1 
exit bin_mode3
*end of event # 1
+++++++++++++++++++++++++++++++
ev#     1 GEB_TYPE_DECOMP        464Bytes TS=778187734909 curTS=778187662947 dTS= 71962
GEBGetEv returned st=0
we have read 1440 bytes; CurEvNo=2

+++++++++++++++++++++++++++++++
*start event # 2 with multiplicity 1 looks like this:
 0>  1, GEB_TYPE_DECOMP      , TS=778187662947
entered bin_mode2: 2/10
ptinp->pad= 6, (ptinp->pad&0x000000ff)= 6
updated CCadd with    0.00
total number of hits in array: 0
exit bin_mode2
entered bin_mode3 @ event number: 2 
exit bin_mode3
*end of event # 2
+++++++++++++++++++++++++++++++
ev#     2 GEB_TYPE_DECOMP        464Bytes TS=778187871087 curTS=778187734909 dTS= 136178
GEBGetEv returned st=0
we have read 1920 bytes; CurEvNo=3

+++++++++++++++++++++++++++++++
*start event # 3 with multiplicity 1 looks like this:
 0>  1, GEB_TYPE_DECOMP      , TS=778187734909
entered bin_mode2: 3/10
ptinp->pad= 6, (ptinp->pad&0x000000ff)= 6
updated CCadd with    0.00
total number of hits in array: 0
exit bin_mode2
entered bin_mode3 @ event number: 3 
exit bin_mode3
*end of event # 3
+++++++++++++++++++++++++++++++
ev#     3 GEB_TYPE_DECOMP        464Bytes TS=778187875121 curTS=778187871087 dTS= 4034
GEBGetEv returned st=0
we have read 2400 bytes; CurEvNo=4

+++++++++++++++++++++++++++++++
*start event # 4 with multiplicity 1 looks like this:
 0>  1, GEB_TYPE_DECOMP      , TS=778187871087
entered bin_mode2: 4/10
ptinp->pad= 0, (ptinp->pad&0x000000ff)= 0
good pad value
mode2 data:  0>  1, GEB_TYPE_DECOMP      , TS=778187871087
number of hits: 1
* 0/1, is GEB_TYPE_DECOMP: num=1
__detno: 111, module: 27, crystalNumber: 3
CCenergies[0]= 136.91
* 0:   12.17,  -7.79,   1.51 --> GT:   -6.35,   2.24, -17.45
updated CCadd with  136.91
total number of hits in array: 1
exit bin_mode2
entered bin_mode3 @ event number: 4 
exit bin_mode3
*end of event # 4
+++++++++++++++++++++++++++++++
ev#     4 GEB_TYPE_DECOMP        464Bytes TS=778187910545 curTS=778187875121 dTS= 35424
GEBGetEv returned st=0
we have read 2880 bytes; CurEvNo=5

+++++++++++++++++++++++++++++++
*start event # 5 with multiplicity 1 looks like this:
 0>  1, GEB_TYPE_DECOMP      , TS=778187875121
entered bin_mode2: 5/10
ptinp->pad= 128, (ptinp->pad&0x000000ff)= 128
updated CCadd with    0.00
total number of hits in array: 0
exit bin_mode2
entered bin_mode3 @ event number: 5 
exit bin_mode3
*end of event # 5
+++++++++++++++++++++++++++++++
ev#     5 GEB_TYPE_DECOMP        464Bytes TS=778187969251 curTS=778187910545 dTS= 58706
GEBGetEv returned st=0
we have read 3360 bytes; CurEvNo=6

+++++++++++++++++++++++++++++++
*start event # 6 with multiplicity 1 looks like this:
 0>  1, GEB_TYPE_DECOMP      , TS=778187910545
entered bin_mode2: 6/10
ptinp->pad= 0, (ptinp->pad&0x000000ff)= 0
good pad value
mode2 data:  0>  1, GEB_TYPE_DECOMP      , TS=778187910545
number of hits: 1
* 0/1, is GEB_TYPE_DECOMP: num=1
__detno: 110, module: 27, crystalNumber: 2
CCenergies[0]= 138.72
* 0:  -28.56,   0.31,   0.42 --> GT:   -3.17,   9.43, -15.91
updated CCadd with  138.72
total number of hits in array: 1
exit bin_mode2
entered bin_mode3 @ event number: 6 
exit bin_mode3
*end of event # 6
+++++++++++++++++++++++++++++++
ev#     6 GEB_TYPE_DECOMP        464Bytes TS=778188010839 curTS=778187969251 dTS= 41588
GEBGetEv returned st=0
we have read 3840 bytes; CurEvNo=7

+++++++++++++++++++++++++++++++
*start event # 7 with multiplicity 1 looks like this:
 0>  1, GEB_TYPE_DECOMP      , TS=778187969251
entered bin_mode2: 7/10
ptinp->pad= 0, (ptinp->pad&0x000000ff)= 0
good pad value
mode2 data:  0>  1, GEB_TYPE_DECOMP      , TS=778187969251
number of hits: 3
* 0/1, is GEB_TYPE_DECOMP: num=3
__detno: 97, module: 24, crystalNumber: 1
CCenergies[0]=1613.05
* 0:   12.62,  26.89,  51.16 --> GT:  -11.91, -17.27, -11.24
* 1:    6.19,  23.36,  67.18 --> GT:  -13.04, -17.76, -12.50
* 2:  -11.83,   1.00,  12.96 --> GT:  -10.75, -12.18, -11.37
updated CCadd with 1613.05
total number of hits in array: 3
exit bin_mode2
entered bin_mode3 @ event number: 7 
exit bin_mode3
*end of event # 7
+++++++++++++++++++++++++++++++
ev#     7 GEB_TYPE_DECOMP        464Bytes TS=778188011365 curTS=778188010839 dTS= 526
GEBGetEv returned st=0
we have read 4320 bytes; CurEvNo=8

+++++++++++++++++++++++++++++++
*start event # 8 with multiplicity 1 looks like this:
 0>  1, GEB_TYPE_DECOMP      , TS=778188010839
entered bin_mode2: 8/10
ptinp->pad= 6, (ptinp->pad&0x000000ff)= 6
updated CCadd with    0.00
total number of hits in array: 0
exit bin_mode2
entered bin_mode3 @ event number: 8 
exit bin_mode3
*end of event # 8
+++++++++++++++++++++++++++++++
ev#     8 GEB_TYPE_DECOMP        464Bytes TS=778188011423 curTS=778188011365 dTS= 58
ev#     8 GEB_TYPE_GT_MOD29       88Bytes TS=778188011553 curTS=778188011365 dTS= 188
GEBGetEv returned st=0
we have read 4904 bytes; CurEvNo=9

+++++++++++++++++++++++++++++++
*start event # 9 with multiplicity 2 looks like this:
 0>  1, GEB_TYPE_DECOMP      , TS=778188011365
 1>  1, GEB_TYPE_DECOMP      , TS=778188011423
entered bin_mode2: 9/10
ptinp->pad= 0, (ptinp->pad&0x000000ff)= 0
good pad value
mode2 data:  0>  1, GEB_TYPE_DECOMP      , TS=778188011365
number of hits: 3
* 0/2, is GEB_TYPE_DECOMP: num=3
__detno: 99, module: 24, crystalNumber: 3
CCenergies[0]= 613.88
* 0:   19.31, -22.98,  80.11 --> GT:   -2.96, -24.39, -10.41
* 1:   11.34, -21.47,  78.39 --> GT:   -2.17, -24.33, -10.16
* 2:    4.83, -35.03,  62.70 --> GT:   -2.15, -23.57,  -8.12
ptinp->pad= 6, (ptinp->pad&0x000000ff)= 6
updated CCadd with  613.88
total number of hits in array: 3
exit bin_mode2
entered bin_mode3 @ event number: 9 
exit bin_mode3
*end of event # 9
+++++++++++++++++++++++++++++++
ev#     9 GEB_TYPE_GT_MOD29      132Bytes TS=778188014287 curTS=778188011553 dTS= 2734
GEBGetEv returned st=0
we have read 5052 bytes; CurEvNo=10

+++++++++++++++++++++++++++++++
*start event # 10 with multiplicity 1 looks like this:
 0>  8, GEB_TYPE_GT_MOD29    , TS=778188011553
entered bin_mode2: 10/10
updated CCadd with    0.00
total number of hits in array: 0
exit bin_mode2
entered bin_mode3 @ event number: 10 

bin_mode3:  0>  8, GEB_TYPE_GT_MOD29    , TS=778188011553, 0xb52f9eb821; payload length: 88 bytes

---------
new GTheader at pos=0 or 0 words (8):
Event.hdr[ 0]=0x1f37,   7991
Event.hdr[ 1]=0x300a,  12298
Event.hdr[ 2]=0xb821,  47137
Event.hdr[ 3]=0x2f9e,  12190
Event.hdr[ 4]=0x00b5,    181
Event.hdr[ 5]=0x0000,      0
Event.hdr[ 6]=0x0e00,   3584
Event.hdr[ 7]=0x0000,      0
Event.hdr[ 8]=0x1063,   4195
Event.hdr[ 9]=0xe8ee,  59630
Event.hdr[10]=0x9fff,  40959
Event.hdr[11]=0x0038,     56
Event.hdr[12]=0x2be0,  11232
Event.hdr[13]=0x0003,      3
Event.len=  44, Event.traceLen=  12 (in Bytes)
Event.len=  22, Event.traceLen=   6 (in 16 bit words)
Event.len=  11, Event.traceLen=   3 (in 32 bit words)
next start: 0xaaaaaaaa, pos= 44
0x1f37 module_id = 31 crystal_id = 0 digitizer_id = 3 chan_id = 7 ge_id = 124 channel = 37  -> is segment
open superpulse_010_00_01.xy at Event.chan_id = 7
open CCpulse_010_00_01.xy at Event.chan_id = 7
ncrystal=1
wrote trace to CCpulse_010_00_01.xy
two's comp tempE  ::          0          0 0x00000000 |0000|0000|0000|0000|0000|0000|0000|0000|
rawE              ::          0          0 0x00000000 |0000|0000|0000|0000|0000|0000|0000|0000|
rawE (sign change)::          0          0 0x00000000 |0000|0000|0000|0000|0000|0000|0000|0000|
Event.ehi=               0 0x00000000
Event.ehi=0 (gain changed)
Event.LEDts =         778188011553
Event.CFDts =      281350420561932

---------
new GTheader at pos=44 or 22 words (30):
Event.hdr[ 0]=0x1f38,   7992
Event.hdr[ 1]=0x300a,  12298
Event.hdr[ 2]=0xb821,  47137
Event.hdr[ 3]=0x2f9e,  12190
Event.hdr[ 4]=0x00b5,    181
Event.hdr[ 5]=0x8ebc,  36540
Event.hdr[ 6]=0x1ff9,   8185
Event.hdr[ 7]=0x0000,      0
Event.hdr[ 8]=0x1063,   4195
Event.hdr[ 9]=0xbac0,  47808
Event.hdr[10]=0x2ffc,  12284
Event.hdr[11]=0xf9c1,  63937
Event.hdr[12]=0x0e4b,   3659
Event.hdr[13]=0x07f3,   2035
Event.len=  44, Event.traceLen=  12 (in Bytes)
Event.len=  22, Event.traceLen=   6 (in 16 bit words)
Event.len=  11, Event.traceLen=   3 (in 32 bit words)
0x1f38 module_id = 31 crystal_id = 0 digitizer_id = 3 chan_id = 8 ge_id = 124 channel = 38  -> is segment
ncrystal=1
wrote trace to CCpulse_010_00_01.xy
two's comp tempE  ::   16355004   16355004 0x00f98ebc |0000|0000|1111|1001|1000|1110|1011|1100|
rawE              :: 4294545084    -422212 0xfff98ebc |1111|1111|1111|1001|1000|1110|1011|1100|
rawE (sign change)::     422212     422212 0x00067144 |0000|0000|0000|0110|0111|0001|0100|0100|
Event.ehi=           13194 0x0000338a
Event.ehi=1319 (gain changed)
Event.LEDts =         778188011553
Event.CFDts =         532586823692
exit bin_mode3
*end of event # 10
+++++++++++++++++++++++++++++++
ev#    10 GEB_TYPE_DECOMP        464Bytes TS=778188014553 curTS=778188014287 dTS= 266
ev# 50000 GEB_TYPE_DECOMP        464Bytes TS=778644893937 curTS=778644893937 dTS= 0
ev# 50000 GEB_TYPE_DECOMP        464Bytes TS=778644893943 curTS=778644893937 dTS= 6
ev# 50000 GEB_TYPE_DECOMP        464Bytes TS=778644894087 curTS=778644893937 dTS= 150
ev# 100000 GEB_TYPE_DECOMP        464Bytes TS=779099911111 curTS=779099910861 dTS= 250
ev# 150000 GEB_TYPE_GT_MOD29      440Bytes TS=779577297645 curTS=779577297219 dTS= 426
ev# 200000 GEB_TYPE_DECOMP        464Bytes TS=780055135397 curTS=780055089889 dTS= 45508
ev# 250000 GEB_TYPE_DECOMP        464Bytes TS=780517893801 curTS=780517893481 dTS= 320
ev# 300000 GEB_TYPE_DECOMP        464Bytes TS=780985225875 curTS=780985145283 dTS= 80592
ev# 350000 GEB_TYPE_GT_MOD29      440Bytes TS=781457530535 curTS=781457530345 dTS= 190
ev# 400000 GEB_TYPE_DECOMP        464Bytes TS=781923103699 curTS=781923103533 dTS= 166
ev# 450000 GEB_TYPE_DECOMP        464Bytes TS=782371149851 curTS=782371149851 dTS= 0
ev# 450000 GEB_TYPE_DECOMP        464Bytes TS=782371149851 curTS=782371149851 dTS= 0
ev# 450000 GEB_TYPE_DECOMP        464Bytes TS=782371149851 curTS=782371149851 dTS= 0
ev# 450000 GEB_TYPE_DECOMP        464Bytes TS=782371149855 curTS=782371149851 dTS= 4
ev# 450000 GEB_TYPE_GT_MOD29      440Bytes TS=782371150457 curTS=782371149851 dTS= 606
ev# 500000 GEB_TYPE_GT_MOD29      440Bytes TS=782854241009 curTS=782854240907 dTS= 102
ev# 500000 GEB_TYPE_DECOMP        464Bytes TS=782854266975 curTS=782854240907 dTS= 26068
ev# 550000 GEB_TYPE_GT_MOD29      440Bytes TS=783348221409 curTS=783348221381 dTS= 28
ev# 550000 GEB_TYPE_DECOMP        464Bytes TS=783348241351 curTS=783348221381 dTS= 19970
ev# 600000 GEB_TYPE_GT_MOD29      440Bytes TS=783846751807 curTS=783846751199 dTS= 608
ev# 650000 GEB_TYPE_DECOMP        464Bytes TS=784351888031 curTS=784351887787 dTS= 244
ev# 700000 GEB_TYPE_GT_MOD29      440Bytes TS=784854811453 curTS=784854811043 dTS= 410
ev# 750000 GEB_TYPE_DECOMP        464Bytes TS=785332052647 curTS=785332028393 dTS= 24254
ev# 800000 GEB_TYPE_DECOMP        464Bytes TS=785794231039 curTS=785794231037 dTS= 2
ev# 800000 GEB_TYPE_DECOMP        464Bytes TS=785794237317 curTS=785794231037 dTS= 6280
ev# 850000 GEB_TYPE_DECOMP        464Bytes TS=786249143281 curTS=786249143057 dTS= 224
ev# 900000 GEB_TYPE_DECOMP        464Bytes TS=786697955639 curTS=786697955513 dTS= 126
ev# 900000 GEB_TYPE_DECOMP        464Bytes TS=786697955641 curTS=786697955513 dTS= 128
ev# 900000 GEB_TYPE_DECOMP        464Bytes TS=786697955641 curTS=786697955513 dTS= 128
ev# 900000 GEB_TYPE_DECOMP        464Bytes TS=786697955645 curTS=786697955513 dTS= 132
ev# 900000 GEB_TYPE_GT_MOD29      440Bytes TS=786697955651 curTS=786697955513 dTS= 138
ev# 900000 GEB_TYPE_GT_MOD29      440Bytes TS=786697970437 curTS=786697955513 dTS= 14924
ev# 950000 GEB_TYPE_DECOMP        464Bytes TS=787151621111 curTS=787151621111 dTS= 0
ev# 950000 GEB_TYPE_GT_MOD29      440Bytes TS=787151631643 curTS=787151621111 dTS= 10532

Sorting is done
attempting to save root or map file



mean observed polar and azimuth angles
for the detectors we saw (module,crystal)

------------------------------------------
mean pol/azi angle for detector  56 are   96.72/ 119.54
mean pol/azi angle for detector  57 are  100.44/ 138.34
mean pol/azi angle for detector  58 are   83.39/ 132.63
mean pol/azi angle for detector  59 are   79.58/ 114.06
mean pol/azi angle for detector  60 are   87.39/ 152.64
mean pol/azi angle for detector  61 are  105.23/ 157.71
mean pol/azi angle for detector  62 are   93.17/ 168.27
mean pol/azi angle for detector  63 are   73.86/ 165.99
mean pol/azi angle for detector  68 are   87.14/-134.97
mean pol/azi angle for detector  69 are  105.25/-130.03
mean pol/azi angle for detector  70 are   92.89/-116.91
mean pol/azi angle for detector  71 are   74.19/-121.85
mean pol/azi angle for detector  76 are   87.46/ -63.25
mean pol/azi angle for detector  77 are  105.25/ -58.12
mean pol/azi angle for detector  78 are   92.97/ -44.99
mean pol/azi angle for detector  79 are   74.22/ -49.85
mean pol/azi angle for detector  84 are  112.26/  33.60
mean pol/azi angle for detector  85 are  125.21/  17.36
mean pol/azi angle for detector  86 are  130.67/  39.20
mean pol/azi angle for detector  87 are  115.94/  52.91
mean pol/azi angle for detector  88 are  112.41/ 105.49
mean pol/azi angle for detector  89 are  124.94/  89.32
mean pol/azi angle for detector  90 are  130.73/ 111.15
mean pol/azi angle for detector  91 are  115.75/ 125.07
mean pol/azi angle for detector  96 are  112.60/-110.72
mean pol/azi angle for detector  97 are  124.79/-126.63
mean pol/azi angle for detector  98 are  130.89/-104.87
mean pol/azi angle for detector  99 are  115.80/ -91.01
mean pol/azi angle for detector 100 are  112.38/ -38.63
mean pol/azi angle for detector 101 are  124.72/ -55.08
mean pol/azi angle for detector 102 are  130.68/ -32.96
mean pol/azi angle for detector 103 are  115.81/ -19.08
mean pol/azi angle for detector 104 are  144.48/  88.23
mean pol/azi angle for detector 105 are  132.72/  65.81
mean pol/azi angle for detector 106 are  148.89/  53.90
mean pol/azi angle for detector 107 are  162.35/  88.34
mean pol/azi angle for detector 108 are  144.75/ 160.12
mean pol/azi angle for detector 109 are  132.71/ 137.97
mean pol/azi angle for detector 110 are  149.56/ 125.45
mean pol/azi angle for detector 111 are  162.26/ 110.10
mean pol/azi angle for detector 116 are  144.36/ -55.86
mean pol/azi angle for detector 117 are  132.58/ -78.22
mean pol/azi angle for detector 118 are  148.95/ -90.29
mean pol/azi angle for detector 119 are  162.38/ -56.13
we found 44 crystals
------------------------------------------

minimum pol angle between crystals is  18.65
compactness =  64.39%, 85 of 264
module hit statistics
module  14, crystal 0 was hit      90225 times
module  14, crystal 1 was hit      96684 times
module  14, crystal 2 was hit      95443 times
module  14, crystal 3 was hit      84951 times
module  15, crystal 0 was hit      95958 times
module  15, crystal 1 was hit      87487 times
module  15, crystal 2 was hit      82696 times
module  15, crystal 3 was hit      86352 times
module  17, crystal 0 was hit      72989 times
module  17, crystal 1 was hit      71529 times
module  17, crystal 2 was hit      71853 times
module  17, crystal 3 was hit      73427 times
module  19, crystal 0 was hit      67918 times
module  19, crystal 1 was hit      70479 times
module  19, crystal 2 was hit      83515 times
module  19, crystal 3 was hit      79728 times
module  21, crystal 0 was hit      82904 times
module  21, crystal 1 was hit      72481 times
module  21, crystal 2 was hit      86499 times
module  21, crystal 3 was hit      82045 times
module  22, crystal 0 was hit      88693 times
module  22, crystal 1 was hit      83011 times
module  22, crystal 2 was hit      93708 times
module  22, crystal 3 was hit      86832 times
module  24, crystal 0 was hit      76431 times
module  24, crystal 1 was hit      72849 times
module  24, crystal 2 was hit      76668 times
module  24, crystal 3 was hit      69783 times
module  25, crystal 0 was hit      72632 times
module  25, crystal 1 was hit      74177 times
module  25, crystal 2 was hit      72582 times
module  25, crystal 3 was hit      70428 times
module  26, crystal 0 was hit      83062 times
module  26, crystal 1 was hit      81957 times
module  26, crystal 2 was hit      80347 times
module  26, crystal 3 was hit      76271 times
module  27, crystal 0 was hit      86029 times
module  27, crystal 1 was hit      83891 times
module  27, crystal 2 was hit      85945 times
module  27, crystal 3 was hit      78488 times
module  29, crystal 0 was hit      70803 times
module  29, crystal 1 was hit      69187 times
module  29, crystal 2 was hit      77300 times
module  29, crystal 3 was hit      69010 times

bin_mode2: pad distribution
__id   0,      1525956, 93.13%
__id   2,          198,  0.01%
__id   3,          440,  0.03%
__id   4,          501,  0.03%
__id   5,         3184,  0.19%
__id   6,        10891,  0.66%
__id 128,        97266,  5.94%
__id 133,          165,  0.01%

bin_mode2 calculated mean CCsum energy to be  755.148 keV
bin_mode2 calculated mean CCadd energy to be 1168.155 keV
attempting to close root file...
Pars.f1->Write();
Pars.f1->Print();
TFile: name=/lcrc/project/HELIOS/gretinafma/root_data/run163.root, title=, option=CREATE
TH1.Print Name  = dtbtev, Entries= 2059955, Total sum= 2.05996e+06
TH1.Print Name  = T0, Entries= 0, Total sum= 0
TH1.Print Name  = hitpat, Entries= 1525956, Total sum= 1.52596e+06
TH1.Print Name  = numHitArray2, Entries= 1000000, Total sum= 748523
TH1.Print Name  = CCmult, Entries= 1000000, Total sum= 1e+06
TH1.Print Name  = CCsum, Entries= 3515146, Total sum= 1.52594e+06
TH1.Print Name  = hit2, Entries= 168574, Total sum= 168358
TH1.Print Name  = hit3, Entries= 92325, Total sum= 91686
TH1.Print Name  = hit4, Entries= 51412, Total sum= 50198
TH1.Print Name  = CCsum_nodop, Entries= 3515146, Total sum= 1.52594e+06
TH1.Print Name  = CCadd, Entries= 1000000, Total sum= 739027
TH1.Print Name  = SEGadd_FPGA, Entries= 200000000, Total sum= 1.52526e+06
TH1.Print Name  = SEGadd_PSA, Entries= 200000000, Total sum= 1.51731e+06
TH1.Print Name  = SEGsum_FPGA, Entries= 2364310, Total sum= 2.36386e+06
TH1.Print Name  = SEGsum_PSA, Entries= 3515247, Total sum= 3.48635e+06
TH1.Print Name  = radius_all, Entries= 3515243, Total sum= 3.51524e+06
TH1.Print Name  = rate_mode2_min, Entries= 1525955, Total sum= 25432.6
TH1.Print Name  = rate_mode2_sec, Entries= 1525955, Total sum= 1.52596e+06
TH1.Print Name  = rate_mode2_intp, Entries= 1525955, Total sum= 58587.4
TH1.Print Name  = cdtbtev, Entries= 477848, Total sum= 477848
TH1.Print Name  = evsr_all, Entries= 3515243, Total sum= 3.43232e+06
TH1.Print Name  = SMAP_allhits, Entries= 3515247, Total sum= 3.51525e+06
TH1.Print Name  = SMAP_allhits_sq, Entries= 3515247, Total sum= 3.51525e+06
TH1.Print Name  = seghitpat, Entries= 3515247, Total sum= 3.51525e+06
TH1.Print Name  = CCe, Entries= 3515146, Total sum= 1.52594e+06
TH1.Print Name  = ggCC, Entries= 3196138, Total sum= 2.79961e+06
TH1.Print Name  = z_plot, Entries= 3515247, Total sum= 3.51187e+06
TH1.Print Name  = crystal_hit, Entries= 0, Total sum= 0
TH1.Print Name  = SegE, Entries= 3514561, Total sum= 3.51456e+06
TH1.Print Name  = crXcr, Entries= 1598069, Total sum= 1.59807e+06
******************************************************************************
*Tree    :tree      : tree                                                   *
*Entries :  1000000 : Total =       154827797 bytes  File  Size =   37686332 *
*        :          : Tree compression factor =   4.11                       *
******************************************************************************
*Br    0 :runNumber : runNumber/I                                            *
*Entries :  1000000 : Total  Size=    4010225 bytes  File Size  =      30502 *
*Baskets :       99 : Basket Size=    1326592 bytes  Compression= 131.39     *
*............................................................................*
*Br    1 :numHits   : numHits/I                                              *
*Entries :  1000000 : Total  Size=    4010019 bytes  File Size  =      30303 *
*Baskets :       99 : Basket Size=    1326592 bytes  Compression= 132.24     *
*............................................................................*
*Br    2 :left      : left[numHits]/F                                        *
*Entries :  1000000 : Total  Size=    8030583 bytes  File Size  =    2831719 *
*Baskets :      293 : Basket Size=    8872448 bytes  Compression=   2.83     *
*............................................................................*
*Br    3 :right     : right[numHits]/F                                       *
*Entries :  1000000 : Total  Size=    8030880 bytes  File Size  =    2809631 *
*Baskets :      293 : Basket Size=    8872960 bytes  Compression=   2.86     *
*............................................................................*
*Br    4 :up        : up[numHits]/F                                          *
*Entries :  1000000 : Total  Size=    8029989 bytes  File Size  =    2816190 *
*Baskets :      293 : Basket Size=    8872448 bytes  Compression=   2.85     *
*............................................................................*
*Br    5 :down      : down[numHits]/F                                        *
*Entries :  1000000 : Total  Size=    8030583 bytes  File Size  =    2816731 *
*Baskets :      293 : Basket Size=    8872448 bytes  Compression=   2.85     *
*............................................................................*
*Br    6 :e1        : e1[numHits]/F                                          *
*Entries :  1000000 : Total  Size=    8029989 bytes  File Size  =    2715832 *
*Baskets :      293 : Basket Size=    8872448 bytes  Compression=   2.95     *
*............................................................................*
*Br    7 :e2        : e2[numHits]/F                                          *
*Entries :  1000000 : Total  Size=    8029989 bytes  File Size  =    2683892 *
*Baskets :      293 : Basket Size=    8872448 bytes  Compression=   2.99     *
*............................................................................*
*Br    8 :e3        : e3[numHits]/F                                          *
*Entries :  1000000 : Total  Size=    8029989 bytes  File Size  =    2643662 *
*Baskets :      293 : Basket Size=    8872448 bytes  Compression=   3.03     *
*............................................................................*
*Br    9 :tac       : tac[numHits]/F                                         *
*Entries :  1000000 : Total  Size=    8030286 bytes  File Size  =    2399496 *
*Baskets :      293 : Basket Size=    8872448 bytes  Compression=   3.34     *
*............................................................................*
*Br   10 :fmaDeltaTime : fmaDeltaTime[numHits]/F                             *
*Entries :  1000000 : Total  Size=    8033070 bytes  File Size  =    2427014 *
*Baskets :      294 : Basket Size=    8873984 bytes  Compression=   3.31     *
*............................................................................*
*Br   11 :fmaMult   : fmaMult[10]/I                                          *
*Entries :  1000000 : Total  Size=   40095875 bytes  File Size  =    1035104 *
*Baskets :      975 : Basket Size=   25600000 bytes  Compression=  38.71     *
*............................................................................*
*Br   12 :gammaMult : gammaMult/I                                            *
*Entries :  1000000 : Total  Size=    4010225 bytes  File Size  =     712775 *
*Baskets :       99 : Basket Size=    1326592 bytes  Compression=   5.62     *
*............................................................................*
*Br   13 :gammaEnergy : gammaEnergy[gammaMult]/F                             *
*Entries :  1000000 : Total  Size=   10142104 bytes  File Size  =    7195870 *
*Baskets :      344 : Basket Size=    9566208 bytes  Compression=   1.41     *
*............................................................................*
*Br   14 :gammaTimestamp : gammaTimestamp[gammaMult]/F                       *
*Entries :  1000000 : Total  Size=   10143148 bytes  File Size  =    2048420 *
*Baskets :      344 : Basket Size=    9566720 bytes  Compression=   4.95     *
*............................................................................*
*Br   15 :deltaTime : deltaTime[gammaMult]/F                                 *
*Entries :  1000000 : Total  Size=   10141408 bytes  File Size  =    2447519 *
*Baskets :      344 : Basket Size=    9566208 bytes  Compression=   4.14     *
*............................................................................*
TH1.Print Name  = eCC_a, Entries= 0, Total sum= 0
TH1.Print Name  = eCC_b, Entries= 0, Total sum= 0
TH1.Print Name  = eCC_c, Entries= 0, Total sum= 0
TH1.Print Name  = eCC_d, Entries= 122187, Total sum= 0
TH1.Print Name  = eSeg, Entries= 0, Total sum= 0
TH1.Print Name  = mode3_hitpat, Entries= 4188630, Total sum= 0
TH1.Print Name  = mode3_hitpat_chan, Entries= 4188630, Total sum= 4.18863e+06
TH1.Print Name  = chan0, Entries= 0, Total sum= 0
TH1.Print Name  = module, Entries= 4188630, Total sum= 4.18863e+06
TH1.Print Name  = chan, Entries= 4188630, Total sum= 4.18633e+06
TH1.Print Name  = l, Entries= 418863, Total sum= 418827
TH1.Print Name  = r, Entries= 418862, Total sum= 418860
TH1.Print Name  = up, Entries= 418862, Total sum= 418859
TH1.Print Name  = down, Entries= 418863, Total sum= 418863
TH1.Print Name  = sumlr, Entries= 407253, Total sum= 407253
TH1.Print Name  = sumud, Entries= 394431, Total sum= 394431
TH1.Print Name  = x, Entries= 407253, Total sum= 407253
TH1.Print Name  = y, Entries= 394431, Total sum= 394431
TH1.Print Name  = de1, Entries= 418864, Total sum= 418840
TH1.Print Name  = de2, Entries= 418865, Total sum= 418865
TH1.Print Name  = de3, Entries= 418863, Total sum= 418089
TH1.Print Name  = de12, Entries= 366354, Total sum= 366354
TH1.Print Name  = etot, Entries= 366354, Total sum= 366354
TH1.Print Name  = rftof, Entries= 418861, Total sum= 417564
TH1.Print Name  = lr, Entries= 1000000, Total sum= 999962
TH1.Print Name  = ud, Entries= 1000000, Total sum= 999997
TH1.Print Name  = ede1, Entries= 366354, Total sum= 366354
TH1.Print Name  = ede1g, Entries= 70979, Total sum= 70971
TH1.Print Name  = ede2, Entries= 366354, Total sum= 366354
TH1.Print Name  = ede12, Entries= 366354, Total sum= 366354
TH1.Print Name  = xde1, Entries= 366354, Total sum= 366354
TH1.Print Name  = erftof, Entries= 1000000, Total sum= 998703
TH1.Print Name  = erftofg, Entries= 28518, Total sum= 28442
TH1.Print Name  = sumehi, Entries= 1525956, Total sum= 1.52595e+06
TH1.Print Name  = tgppac, Entries= 1525956, Total sum= 389518
TH1.Print Name  = tgppacg, Entries= 70979, Total sum= 70979
TH1.Print Name  = xehi1, Entries= 1525956, Total sum= 1.52595e+06
TH1.Print Name  = xehi1g, Entries= 70979, Total sum= 70978
TH1.Print Name  = de1ehi, Entries= 1525956, Total sum= 1.52592e+06
TH1.Print Name  = de1ehig, Entries= 70979, Total sum= 70970
TH1.Print Name  = ng, Entries= 1000000, Total sum= 1e+06
TH1.Print Name  = ehiz1, Entries= 0, Total sum= 0
TH1.Print Name  = ehiz2, Entries= 0, Total sum= 0
TH1.Print Name  = ehiz3, Entries= 0, Total sum= 0
TH1.Print Name  = ehiz4, Entries= 0, Total sum= 0
TH1.Print Name  = ehiz5, Entries= 0, Total sum= 0
TH1.Print Name  = gg_dt, Entries= 86239, Total sum= 86239
TH1.Print Name  = gg, Entries= 172478, Total sum= 169684
TH1.Print Name  = gg_z1, Entries= 0, Total sum= 0
TH1.Print Name  = gg_z2, Entries= 0, Total sum= 0
TH1.Print Name  = gg_z3, Entries= 0, Total sum= 0
TH1.Print Name  = gg_z4, Entries= 0, Total sum= 0
TH1.Print Name  = gg_z5, Entries= 0, Total sum= 0
Pars.f1->Close();
done saving rootfile "/lcrc/project/HELIOS/gretinafma/root_data/run163.root


read 1000000 events; Pars.beta=0.0330; time since last update 1 minutes
CommandFileName="GEBSort.command"

sorted timestamp range 778187657403-->787608690085: 9421032682
that is 94.2 seconds or 0h1m34s
^^^^^ any timestamp jumps will upset this accounting

hit statistics per type
 1 GEB_TYPE_DECOMP          1638601 ;  17393.01 Hz 
 8 GEB_TYPE_GT_MOD29         421354 ;   4472.48 Hz 
read a total of              2059955 ; header/payloads


nn1=0
nn2=2059956
nn3=2059956

nok_validate= 1000000, ntot_validate=1000000; validate fraction 100.00%

bytes read=977570320, 932.283707 MB

boniva sancta! ...GEBSort (unexpectedly) did not crash!

 ** GEBSort is done at 
