started GEBSort at we have 9 arguments
1... -input
will take input from disk
file size is 33850211244 bytes or 33056 MBytes

4... -rootfile
rootfile name specified on command line
__will store spectra in rootfile: /lcrc/project/HELIOS/gretinafma/root_data/run151.root
will recreate root file
7... -chat
core file size          (blocks, -c) unlimited
data seg size           (kbytes, -d) unlimited
scheduling priority             (-e) 0
file size               (blocks, -f) unlimited
pending signals                 (-i) 510315
max locked memory       (kbytes, -l) unlimited
max memory size         (kbytes, -m) 128769024
open files                      (-n) 51200
pipe size            (512 bytes, -p) 8
POSIX message queues     (bytes, -q) 819200
real-time priority              (-r) 0
stack size              (kbytes, -s) unlimited
cpu time               (seconds, -t) unlimited
max user processes              (-u) 4096
virtual memory          (kbytes, -v) unlimited
file locks                      (-x) unlimited
will read sorting instructions from chatfile: GEBSort.chat

executing UserDeclare.h code


GEBsort running on: 

initializing

crmat.LINUX is open (input) binary format
read 7936 bytes into Pars.crmat
chat file: <GEBSort.chat> open

will sort a max of 1410065408 events
will sort a max of 1000000 events
will sort 86400 minutes of data
will print details of the first 10 events
will use Pars.Beta (v/c) correction of 0.033000
will sort using a time window of 150
Pars.do_bin_mode2=1
Pars.do_bin_mode3=1
will accept second interaction range between 10.000000 and 500.000000 mm
"1-200"
detector   1 is ENABLED
detector   2 is ENABLED
detector   3 is ENABLED
detector   4 is ENABLED
detector   5 is ENABLED
detector   6 is ENABLED
detector   7 is ENABLED
detector   8 is ENABLED
detector   9 is ENABLED
detector  10 is ENABLED
detector  11 is ENABLED
detector  12 is ENABLED
detector  13 is ENABLED
detector  14 is ENABLED
detector  15 is ENABLED
detector  16 is ENABLED
detector  17 is ENABLED
detector  18 is ENABLED
detector  19 is ENABLED
detector  20 is ENABLED
detector  21 is ENABLED
detector  22 is ENABLED
detector  23 is ENABLED
detector  24 is ENABLED
detector  25 is ENABLED
detector  26 is ENABLED
detector  27 is ENABLED
detector  28 is ENABLED
detector  29 is ENABLED
detector  30 is ENABLED
detector  31 is ENABLED
detector  32 is ENABLED
detector  33 is ENABLED
detector  34 is ENABLED
detector  35 is ENABLED
detector  36 is ENABLED
detector  37 is ENABLED
detector  38 is ENABLED
detector  39 is ENABLED
detector  40 is ENABLED
detector  41 is ENABLED
detector  42 is ENABLED
detector  43 is ENABLED
detector  44 is ENABLED
detector  45 is ENABLED
detector  46 is ENABLED
detector  47 is ENABLED
detector  48 is ENABLED
detector  49 is ENABLED
detector  50 is ENABLED
detector  51 is ENABLED
detector  52 is ENABLED
detector  53 is ENABLED
detector  54 is ENABLED
detector  55 is ENABLED
detector  56 is ENABLED
detector  57 is ENABLED
detector  58 is ENABLED
detector  59 is ENABLED
detector  60 is ENABLED
detector  61 is ENABLED
detector  62 is ENABLED
detector  63 is ENABLED
detector  64 is ENABLED
detector  65 is ENABLED
detector  66 is ENABLED
detector  67 is ENABLED
detector  68 is ENABLED
detector  69 is ENABLED
detector  70 is ENABLED
detector  71 is ENABLED
detector  72 is ENABLED
detector  73 is ENABLED
detector  74 is ENABLED
detector  75 is ENABLED
detector  76 is ENABLED
detector  77 is ENABLED
detector  78 is ENABLED
detector  79 is ENABLED
detector  80 is ENABLED
detector  81 is ENABLED
detector  82 is ENABLED
detector  83 is ENABLED
detector  84 is ENABLED
detector  85 is ENABLED
detector  86 is ENABLED
detector  87 is ENABLED
detector  88 is ENABLED
detector  89 is ENABLED
detector  90 is ENABLED
detector  91 is ENABLED
detector  92 is ENABLED
detector  93 is ENABLED
detector  94 is ENABLED
detector  95 is ENABLED
detector  96 is ENABLED
detector  97 is ENABLED
detector  98 is ENABLED
detector  99 is ENABLED
detector 100 is ENABLED
detector 101 is ENABLED
detector 102 is ENABLED
detector 103 is ENABLED
detector 104 is ENABLED
detector 105 is ENABLED
detector 106 is ENABLED
detector 107 is ENABLED
detector 108 is ENABLED
detector 109 is ENABLED
detector 110 is ENABLED
detector 111 is ENABLED
detector 112 is ENABLED
detector 113 is ENABLED
detector 114 is ENABLED
detector 115 is ENABLED
detector 116 is ENABLED
detector 117 is ENABLED
detector 118 is ENABLED
detector 119 is ENABLED
detector 120 is ENABLED
detector 121 is ENABLED
detector 122 is ENABLED
detector 123 is ENABLED
detector 124 is ENABLED
detector 125 is ENABLED
detector 126 is ENABLED
detector 127 is ENABLED
detector 128 is ENABLED
detector 129 is ENABLED
detector 130 is ENABLED
detector 131 is ENABLED
detector 132 is ENABLED
detector 133 is ENABLED
detector 134 is ENABLED
detector 135 is ENABLED
detector 136 is ENABLED
detector 137 is ENABLED
detector 138 is ENABLED
detector 139 is ENABLED
detector 140 is ENABLED
detector 141 is ENABLED
detector 142 is ENABLED
detector 143 is ENABLED
detector 144 is ENABLED
detector 145 is ENABLED
detector 146 is ENABLED
detector 147 is ENABLED
detector 148 is ENABLED
detector 149 is ENABLED
detector 150 is ENABLED
detector 151 is ENABLED
detector 152 is ENABLED
detector 153 is ENABLED
detector 154 is ENABLED
detector 155 is ENABLED
detector 156 is ENABLED
detector 157 is ENABLED
detector 158 is ENABLED
detector 159 is ENABLED
detector 160 is ENABLED
detector 161 is ENABLED
detector 162 is ENABLED
detector 163 is ENABLED
detector 164 is ENABLED
detector 165 is ENABLED
detector 166 is ENABLED
detector 167 is ENABLED
detector 168 is ENABLED
detector 169 is ENABLED
detector 170 is ENABLED
detector 171 is ENABLED
detector 172 is ENABLED
detector 173 is ENABLED
detector 174 is ENABLED
detector 175 is ENABLED
detector 176 is ENABLED
detector 177 is ENABLED
detector 178 is ENABLED
detector 179 is ENABLED
detector 180 is ENABLED
detector 181 is ENABLED
detector 182 is ENABLED
detector 183 is ENABLED
detector 184 is ENABLED
detector 185 is ENABLED
detector 186 is ENABLED
detector 187 is ENABLED
detector 188 is ENABLED
detector 189 is ENABLED
detector 190 is ENABLED
detector 191 is ENABLED
detector 192 is ENABLED
detector 193 is ENABLED
detector 194 is ENABLED
detector 195 is ENABLED
detector 196 is ENABLED
detector 197 is ENABLED
detector 198 is ENABLED
detector 199 is ENABLED
WARNING: could not open CCcal file "CCenergy.cal", quit
will use beam direction 0.000000 0.000000 1.000000
vector length= 1.000000, normalizing
will use beam direction 0.000000 0.000000 1.000000
Pars.ndetlimlo=1,Pars.ndetlimhi=8
will require mult bt: 1 20
fomlimits, 1, 0.00 ..to.. 0.80
fomlimits, 2, 0.00 ..to.. 0.80
fomlimits, 3, 0.00 ..to.. 0.80
fomlimits, 4, 0.00 ..to.. 0.80
fomlimits, 5, 0.00 ..to.. 0.80
fomlimits, 6, 0.00 ..to.. 0.80
fomlimits, 7, 0.00 ..to.. 0.80
will use M= 350.000000 in bin_dgs
will use PZ file "dgs_pz.cal" in bin_dgs
will use ecal file "dgs_ehi.cal" in bin_dgs
will skip rest of chat file

chat file: <GEBSort.chat> closed
processed 39 sort instructions and 198 lines


sorting this:
Pars.do_bin_mode3 = 1
Pars.do_bin_mode2 = 1
Pars.do_bin_mode1 = 0
Pars.do_bin_dgs = 0
Pars.do_bin_dfma = 0
Pars.do_bin_gtcal = 0
Pars.do_bin_template = 0
Pars.do_bin_final = 0
Pars.do_bin_angcor = 0
Pars.do_bin_angdis = 0
checking proper input of chat file...
input file "/lcrc/project/HELIOS/gretinafma/merged_data/GEBMerged_run151.gtd_000" is open, inData=0x2683aa60
file size is -509527124 bytes or -497 MBs 
input source is set up, supposedly

xyz offset values:

executing ShareMemFileUserInit.h code

deleted \rm -f GEBSort.command
root file </lcrc/project/HELIOS/gretinafma/root_data/run151.root>
base=</lcrc/project/HELIOS/gretinafma/root_data/run151.root:/>
TFile: name=/lcrc/project/HELIOS/gretinafma/root_data/run151.root, title=, option=CREATE

executing UserInit.h code

Created Object "dtbtev", 0x27890b50
Created Object "T0", 0x27890f60
, "T0"Created Object "hitpat", 0x27891350
, "hitpat"Created Object "numHitArray2", 0x27891da0
, "numHitArray2"Created Object "CCmult", 0x278928d0
, "CC Multiplicity"Created Object "CCsum", 0x27b63af0
, "CCsum"Created Object "hit2", 0x27b73900
, "hit2"Created Object "hit3", 0x27b83710
, "hit3"Created Object "hit4", 0x27b93520
, "hit4"Created Object "CCsum_nodop", 0x27ba3330
, "CCsum_nodop"Created Object "CCadd", 0x27bb3140
, "CCadd"Created Object "SEGadd_FPGA", 0x27bc2f50
Created Object "SEGadd_PSA", 0x27bc3360
Created Object "SEGsum_FPGA", 0x27bc3770
Created Object "SEGsum_PSA", 0x27bc3b80
Created Object "radius_all", 0x27bc3f90
, "radius (all points)"Created Object "rate_mode2_min", 0x27bcc3a0
, "rate_mode2_min headers"Created Object "rate_mode2_sec", 0x27bcf4b0
, "rate_mode2_sec headers"Created Object "rate_mode2_intp", 0x27bd25c0
, "rate_mode2 interaction points"Created Object "cdtbtev", 0x27bd56d0
Created Object "evsr_all", 0x27c9b580
Created Object "SMAP_allhits", 0x27c9bac0
Created Object "SMAP_allhits_sq", 0x27d9b450
Created Object "seghitpat", 0x27e9ade0
Created Object "CCe", 0x27ea31e0
Created Object "ggCC", 0x27ea3790
Created Object "z_plot", 0x27ea3d40
Created Object "crystal_hit", 0x27f57410
Created Object "SegE", 0x27f579e0
Created Object "crXcr", 0x27f57f20
MAXDETPOS=180
Created Object "eCC_a", 0x28045b00
Created Object "eCC_b", 0x28045f10
Created Object "eCC_c", 0x28046380
Created Object "eCC_d", 0x28046930
Created Object "eSeg", 0x28046e70
Created Object "mode3_hitpat", 0x28047420
, "mode3_hitpat"Created Object "mode3_hitpat_chan", 0x28047d90
, "mode3_hitpat_chan"Created Object "chan0", 0x280484c0
, "chan0"Created Object "module", 0x2805c2f0
, "module"Created Object "chan", 0x28070120
Created Object "l", 0x280e5a40
, "l"Created Object "r", 0x280f9870
, "r"Created Object "up", 0x2810d630
, "up"Created Object "down", 0x281213f0
, "down"Created Object "sumlr", 0x28135220
, "sumlr"Created Object "sumud", 0x28149050
, "sumud"Created Object "x", 0x2815ce80
, "x"Created Object "y", 0x28170cb0
, "y"Created Object "de1", 0x28184ae0
, "de1"Created Object "de2", 0x281988a0
, "de2"Created Object "de3", 0x281ac660
, "de3"Created Object "de12", 0x281c0490
, "de12"Created Object "etot", 0x281d42c0
, "etot"Created Object "rftof", 0x281e8080
, "rftof"Created Object "lr", 0x281fbe40
Created Object "ud", 0x281fc380
Created Object "ede1", 0x281fc8c0
Created Object "ede1g", 0x281fce00
Created Object "ede2", 0x281fd3b0
Created Object "ede12", 0x281fd960
Created Object "xde1", 0x281fdf10
Created Object "erftof", 0x281fe450
Created Object "erftofg", 0x281fe990
Created Object "sumehi", 0x281fef40
, "sumehi"Created Object "tgppac", 0x28212d00
, "tgppac"Created Object "tgppacg", 0x2823a3b0
, "tgppacg"Created Object "xehi1", 0x28261a60
Created Object "xehi1g", 0x28261fa0
Created Object "de1ehi", 0x28262550
Created Object "de1ehig", 0x28262a90
Created Object "ng", 0x28262fd0
, "ng"Created Object "ehiz1", 0x28276d90
, "ehiz1"Created Object "ehiz2", 0x2828ab50
, "ehiz2"Created Object "ehiz3", 0x2829e980
, "ehiz3"Created Object "ehiz4", 0x282b27b0
, "ehiz4"Created Object "ehiz5", 0x282c65e0
, "ehiz5"Created Object "gg_dt", 0x282da3a0
, "gg_dt"Created Object "gg", 0x282de7d0
Created Object "gg_z1", 0x282ded80
Created Object "gg_z2", 0x282df330
Created Object "gg_z3", 0x282df8e0
Created Object "gg_z4", 0x282dfe90
Created Object "gg_z5", 0x282e03d0
we have define the following ROOT spectra:
Collection name='THashList', class='THashList', size=84
 TH1.Print Name  = dtbtev, Entries= 0, Total sum= 0
 TH1.Print Name  = T0, Entries= 0, Total sum= 0
 TH1.Print Name  = hitpat, Entries= 0, Total sum= 0
 TH1.Print Name  = numHitArray2, Entries= 0, Total sum= 0
 TH1.Print Name  = CCmult, Entries= 0, Total sum= 0
 TH1.Print Name  = CCsum, Entries= 0, Total sum= 0
 TH1.Print Name  = hit2, Entries= 0, Total sum= 0
 TH1.Print Name  = hit3, Entries= 0, Total sum= 0
 TH1.Print Name  = hit4, Entries= 0, Total sum= 0
 TH1.Print Name  = CCsum_nodop, Entries= 0, Total sum= 0
 TH1.Print Name  = CCadd, Entries= 0, Total sum= 0
 TH1.Print Name  = SEGadd_FPGA, Entries= 0, Total sum= 0
 TH1.Print Name  = SEGadd_PSA, Entries= 0, Total sum= 0
 TH1.Print Name  = SEGsum_FPGA, Entries= 0, Total sum= 0
 TH1.Print Name  = SEGsum_PSA, Entries= 0, Total sum= 0
 TH1.Print Name  = radius_all, Entries= 0, Total sum= 0
 TH1.Print Name  = rate_mode2_min, Entries= 0, Total sum= 0
 TH1.Print Name  = rate_mode2_sec, Entries= 0, Total sum= 0
 TH1.Print Name  = rate_mode2_intp, Entries= 0, Total sum= 0
 TH1.Print Name  = cdtbtev, Entries= 0, Total sum= 0
 TH1.Print Name  = evsr_all, Entries= 0, Total sum= 0
 TH1.Print Name  = SMAP_allhits, Entries= 0, Total sum= 0
 TH1.Print Name  = SMAP_allhits_sq, Entries= 0, Total sum= 0
 TH1.Print Name  = seghitpat, Entries= 0, Total sum= 0
 TH1.Print Name  = CCe, Entries= 0, Total sum= 0
 TH1.Print Name  = ggCC, Entries= 0, Total sum= 0
 TH1.Print Name  = z_plot, Entries= 0, Total sum= 0
 TH1.Print Name  = crystal_hit, Entries= 0, Total sum= 0
 TH1.Print Name  = SegE, Entries= 0, Total sum= 0
 TH1.Print Name  = crXcr, Entries= 0, Total sum= 0
 ******************************************************************************
*Tree    :tree      : tree                                                   *
*Entries :        0 : Total =            8461 bytes  File  Size =          0 *
*        :          : Tree compression factor =   1.00                       *
******************************************************************************
*Br    0 :runNumber : runNumber/I                                            *
*Entries :        0 : Total  Size=        501 bytes  One basket in memory    *
*Baskets :        0 : Basket Size=      32000 bytes  Compression=   1.00     *
*............................................................................*
*Br    1 :numHits   : numHits/I                                              *
*Entries :        0 : Total  Size=        493 bytes  One basket in memory    *
*Baskets :        0 : Basket Size=      32000 bytes  Compression=   1.00     *
*............................................................................*
*Br    2 :left      : left[numHits]/F                                        *
*Entries :        0 : Total  Size=        580 bytes  One basket in memory    *
*Baskets :        0 : Basket Size=      32000 bytes  Compression=   1.00     *
*............................................................................*
*Br    3 :right     : right[numHits]/F                                       *
*Entries :        0 : Total  Size=        584 bytes  One basket in memory    *
*Baskets :        0 : Basket Size=      32000 bytes  Compression=   1.00     *
*............................................................................*
*Br    4 :up        : up[numHits]/F                                          *
*Entries :        0 : Total  Size=        572 bytes  One basket in memory    *
*Baskets :        0 : Basket Size=      32000 bytes  Compression=   1.00     *
*............................................................................*
*Br    5 :down      : down[numHits]/F                                        *
*Entries :        0 : Total  Size=        580 bytes  One basket in memory    *
*Baskets :        0 : Basket Size=      32000 bytes  Compression=   1.00     *
*............................................................................*
*Br    6 :e1        : e1[numHits]/F                                          *
*Entries :        0 : Total  Size=        572 bytes  One basket in memory    *
*Baskets :        0 : Basket Size=      32000 bytes  Compression=   1.00     *
*............................................................................*
*Br    7 :e2        : e2[numHits]/F                                          *
*Entries :        0 : Total  Size=        572 bytes  One basket in memory    *
*Baskets :        0 : Basket Size=      32000 bytes  Compression=   1.00     *
*............................................................................*
*Br    8 :e3        : e3[numHits]/F                                          *
*Entries :        0 : Total  Size=        572 bytes  One basket in memory    *
*Baskets :        0 : Basket Size=      32000 bytes  Compression=   1.00     *
*............................................................................*
*Br    9 :tac       : tac[numHits]/F                                         *
*Entries :        0 : Total  Size=        576 bytes  One basket in memory    *
*Baskets :        0 : Basket Size=      32000 bytes  Compression=   1.00     *
*............................................................................*
*Br   10 :fmaDeltaTime : fmaDeltaTime[numHits]/F                             *
*Entries :        0 : Total  Size=        612 bytes  One basket in memory    *
*Baskets :        0 : Basket Size=      32000 bytes  Compression=   1.00     *
*............................................................................*
*Br   11 :fmaMult   : fmaMult[10]/I                                          *
*Entries :        0 : Total  Size=        501 bytes  One basket in memory    *
*Baskets :        0 : Basket Size=      32000 bytes  Compression=   1.00     *
*............................................................................*
*Br   12 :gammaMult : gammaMult/I                                            *
*Entries :        0 : Total  Size=        501 bytes  One basket in memory    *
*Baskets :        0 : Basket Size=      32000 bytes  Compression=   1.00     *
*............................................................................*
*Br   13 :gammaEnergy : gammaEnergy[gammaMult]/F                             *
*Entries :        0 : Total  Size=        616 bytes  One basket in memory    *
*Baskets :        0 : Basket Size=      32000 bytes  Compression=   1.00     *
*............................................................................*
*Br   14 :gammaTimestamp : gammaTimestamp[gammaMult]/F                       *
*Entries :        0 : Total  Size=        628 bytes  One basket in memory    *
*Baskets :        0 : Basket Size=      32000 bytes  Compression=   1.00     *
*............................................................................*
*Br   15 :deltaTime : deltaTime[gammaMult]/F                                 *
*Entries :        0 : Total  Size=        608 bytes  One basket in memory    *
*Baskets :        0 : Basket Size=      32000 bytes  Compression=   1.00     *
*............................................................................*
 TH1.Print Name  = eCC_a, Entries= 0, Total sum= 0
 TH1.Print Name  = eCC_b, Entries= 0, Total sum= 0
 TH1.Print Name  = eCC_c, Entries= 0, Total sum= 0
 TH1.Print Name  = eCC_d, Entries= 0, Total sum= 0
 TH1.Print Name  = eSeg, Entries= 0, Total sum= 0
 TH1.Print Name  = mode3_hitpat, Entries= 0, Total sum= 0
 TH1.Print Name  = mode3_hitpat_chan, Entries= 0, Total sum= 0
 TH1.Print Name  = chan0, Entries= 0, Total sum= 0
 TH1.Print Name  = module, Entries= 0, Total sum= 0
 TH1.Print Name  = chan, Entries= 0, Total sum= 0
 TH1.Print Name  = l, Entries= 0, Total sum= 0
 TH1.Print Name  = r, Entries= 0, Total sum= 0
 TH1.Print Name  = up, Entries= 0, Total sum= 0
 TH1.Print Name  = down, Entries= 0, Total sum= 0
 TH1.Print Name  = sumlr, Entries= 0, Total sum= 0
 TH1.Print Name  = sumud, Entries= 0, Total sum= 0
 TH1.Print Name  = x, Entries= 0, Total sum= 0
 TH1.Print Name  = y, Entries= 0, Total sum= 0
 TH1.Print Name  = de1, Entries= 0, Total sum= 0
 TH1.Print Name  = de2, Entries= 0, Total sum= 0
 TH1.Print Name  = de3, Entries= 0, Total sum= 0
 TH1.Print Name  = de12, Entries= 0, Total sum= 0
 TH1.Print Name  = etot, Entries= 0, Total sum= 0
 TH1.Print Name  = rftof, Entries= 0, Total sum= 0
 TH1.Print Name  = lr, Entries= 0, Total sum= 0
 TH1.Print Name  = ud, Entries= 0, Total sum= 0
 TH1.Print Name  = ede1, Entries= 0, Total sum= 0
 TH1.Print Name  = ede1g, Entries= 0, Total sum= 0
 TH1.Print Name  = ede2, Entries= 0, Total sum= 0
 TH1.Print Name  = ede12, Entries= 0, Total sum= 0
 TH1.Print Name  = xde1, Entries= 0, Total sum= 0
 TH1.Print Name  = erftof, Entries= 0, Total sum= 0
 TH1.Print Name  = erftofg, Entries= 0, Total sum= 0
 TH1.Print Name  = sumehi, Entries= 0, Total sum= 0
 TH1.Print Name  = tgppac, Entries= 0, Total sum= 0
 TH1.Print Name  = tgppacg, Entries= 0, Total sum= 0
 TH1.Print Name  = xehi1, Entries= 0, Total sum= 0
 TH1.Print Name  = xehi1g, Entries= 0, Total sum= 0
 TH1.Print Name  = de1ehi, Entries= 0, Total sum= 0
 TH1.Print Name  = de1ehig, Entries= 0, Total sum= 0
 TH1.Print Name  = ng, Entries= 0, Total sum= 0
 TH1.Print Name  = ehiz1, Entries= 0, Total sum= 0
 TH1.Print Name  = ehiz2, Entries= 0, Total sum= 0
 TH1.Print Name  = ehiz3, Entries= 0, Total sum= 0
 TH1.Print Name  = ehiz4, Entries= 0, Total sum= 0
 TH1.Print Name  = ehiz5, Entries= 0, Total sum= 0
 TH1.Print Name  = gg_dt, Entries= 0, Total sum= 0
 TH1.Print Name  = gg, Entries= 0, Total sum= 0
 TH1.Print Name  = gg_z1, Entries= 0, Total sum= 0
 TH1.Print Name  = gg_z2, Entries= 0, Total sum= 0
 TH1.Print Name  = gg_z3, Entries= 0, Total sum= 0
 TH1.Print Name  = gg_z4, Entries= 0, Total sum= 0
 TH1.Print Name  = gg_z5, Entries= 0, Total sum= 0
GRETINA detector angles
mod  1, crystal 0 [  4]: ( 10.07   3.58  15.10) pol   35.30 ,  azi   13.35; pol   35.30 ,  azi   19.58; modCCdopfac[4] 1.0271
mod  1, crystal 1 [  5]: ( 10.11   9.19  12.47) pol   47.60 ,  azi   36.39; pol   47.60 ,  azi   42.30; modCCdopfac[5] 1.0222
mod  1, crystal 2 [  6]: (  5.44   7.69  15.92) pol   30.60 ,  azi   25.77; pol   30.60 ,  azi   54.72; modCCdopfac[6] 1.0287
mod  1, crystal 3 [  7]: (  4.99   1.78  17.72) pol   16.65 ,  azi    5.72; pol   16.65 ,  azi   19.58; modCCdopfac[7] 1.0321
mod  2, crystal 0 [  8]: ( -0.29  10.69  15.10) pol   35.30 ,  azi   35.29; pol   35.30 ,  azi   91.58; modCCdopfac[8] 1.0271
mod  2, crystal 1 [  9]: ( -5.62  12.45  12.47) pol   47.60 ,  azi   44.95; pol   47.60 ,  azi  114.30; modCCdopfac[9] 1.0222
mod  2, crystal 2 [ 10]: ( -5.63   7.55  15.92) pol   30.60 ,  azi   25.36; pol   30.60 ,  azi  126.72; modCCdopfac[10] 1.0287
mod  2, crystal 3 [ 11]: ( -0.15   5.30  17.72) pol   16.65 ,  azi   16.64; pol   16.65 ,  azi   91.58; modCCdopfac[11] 1.0321
mod  3, crystal 0 [ 12]: (-10.25   3.02  15.10) pol   35.30 ,  azi   11.32; pol   35.30 ,  azi  163.58; modCCdopfac[12] 1.0271
mod  3, crystal 1 [ 13]: (-13.58  -1.50  12.47) pol   47.60 ,  azi   -6.85; pol   47.60 ,  azi -173.70; modCCdopfac[13] 1.0222
mod  3, crystal 2 [ 14]: ( -8.92  -3.02  15.92) pol   30.60 ,  azi  -10.75; pol   30.60 ,  azi -161.28; modCCdopfac[14] 1.0287
mod  3, crystal 3 [ 15]: ( -5.08   1.50  17.72) pol   16.65 ,  azi    4.83; pol   16.65 ,  azi  163.58; modCCdopfac[15] 1.0321
mod  4, crystal 0 [ 16]: ( -6.04  -8.82  15.10) pol   35.30 ,  azi  -30.29; pol   35.30 ,  azi -124.42; modCCdopfac[16] 1.0271
mod  4, crystal 1 [ 17]: ( -2.77 -13.38  12.47) pol   47.60 ,  azi  -47.00; pol   47.60 ,  azi -101.70; modCCdopfac[17] 1.0222
mod  4, crystal 2 [ 18]: (  0.12  -9.42  15.92) pol   30.60 ,  azi  -30.60; pol   30.60 ,  azi  -89.28; modCCdopfac[18] 1.0287
mod  4, crystal 3 [ 19]: ( -3.00  -4.37  17.72) pol   16.65 ,  azi  -13.86; pol   16.65 ,  azi -124.42; modCCdopfac[19] 1.0321
mod  5, crystal 0 [ 20]: (  6.52  -8.47  15.10) pol   35.30 ,  azi  -29.30; pol   35.30 ,  azi  -52.42; modCCdopfac[20] 1.0271
mod  5, crystal 1 [ 21]: ( 11.87  -6.77  12.47) pol   47.60 ,  azi  -28.49; pol   47.60 ,  azi  -29.70; modCCdopfac[21] 1.0222
mod  5, crystal 2 [ 22]: (  8.99  -2.80  15.92) pol   30.60 ,  azi   -9.96; pol   30.60 ,  azi  -17.28; modCCdopfac[22] 1.0287
mod  5, crystal 3 [ 23]: (  3.23  -4.20  17.72) pol   16.65 ,  azi  -13.33; pol   16.65 ,  azi  -52.42; modCCdopfac[23] 1.0321
mod  6, crystal 0 [ 24]: (  4.54  16.51   7.02) pol   67.71 ,  azi   66.97; pol   67.71 ,  azi   74.63; modCCdopfac[24] 1.0121
mod  6, crystal 1 [ 25]: ( -0.33  15.15  10.61) pol   55.02 ,  azi   55.01; pol   55.02 ,  azi   91.23; modCCdopfac[25] 1.0187
mod  6, crystal 2 [ 26]: (  5.05  13.00  12.16) pol   48.92 ,  azi   46.92; pol   48.92 ,  azi   68.77; modCCdopfac[26] 1.0216
mod  6, crystal 3 [ 27]: (  9.66  13.57   8.06) pol   64.18 ,  azi   59.29; pol   64.18 ,  azi   54.55; modCCdopfac[27] 1.0140
mod  7, crystal 0 [ 28]: (-14.30   9.42   7.02) pol   67.71 ,  azi   53.31; pol   67.71 ,  azi  146.63; modCCdopfac[28] 1.0121
mod  7, crystal 1 [ 29]: (-14.51   4.37  10.61) pol   55.02 ,  azi   22.40; pol   55.02 ,  azi  163.23; modCCdopfac[29] 1.0187
mod  7, crystal 2 [ 30]: (-10.80   8.82  12.16) pol   48.92 ,  azi   35.96; pol   48.92 ,  azi  140.77; modCCdopfac[30] 1.0216
mod  7, crystal 3 [ 31]: ( -9.92  13.38   8.06) pol   64.18 ,  azi   58.94; pol   64.18 ,  azi  126.55; modCCdopfac[31] 1.0140
mod  8, crystal 0 [ 32]: (-13.37 -10.69   7.02) pol   67.71 ,  azi  -56.71; pol   67.71 ,  azi -141.37; modCCdopfac[32] 1.0121
mod  8, crystal 1 [ 33]: ( -8.64 -12.45  10.61) pol   55.02 ,  azi  -49.58; pol   55.02 ,  azi -124.77; modCCdopfac[33] 1.0187
mod  8, crystal 2 [ 34]: (-11.73  -7.55  12.16) pol   48.92 ,  azi  -31.84; pol   48.92 ,  azi -147.23; modCCdopfac[34] 1.0216
mod  8, crystal 3 [ 35]: (-15.79  -5.30   8.06) pol   64.18 ,  azi  -33.33; pol   64.18 ,  azi -161.45; modCCdopfac[35] 1.0140
mod  9, crystal 0 [ 36]: (  6.03 -16.02   7.02) pol   67.71 ,  azi  -66.35; pol   67.71 ,  azi  -69.37; modCCdopfac[36] 1.0121
mod  9, crystal 1 [ 37]: (  9.17 -12.07  10.61) pol   55.02 ,  azi  -48.69; pol   55.02 ,  azi  -52.77; modCCdopfac[37] 1.0187
mod  9, crystal 2 [ 38]: (  3.56 -13.48  12.16) pol   48.92 ,  azi  -47.96; pol   48.92 ,  azi  -75.23; modCCdopfac[38] 1.0216
mod  9, crystal 3 [ 39]: (  0.16 -16.65   8.06) pol   64.18 ,  azi  -64.18; pol   64.18 ,  azi  -89.45; modCCdopfac[39] 1.0140
mod 10, crystal 0 [ 40]: ( 17.10   0.79   7.02) pol   67.71 ,  azi    6.39; pol   67.71 ,  azi    2.63; modCCdopfac[40] 1.0121
mod 10, crystal 1 [ 41]: ( 14.31   4.99  10.61) pol   55.02 ,  azi   25.21; pol   55.02 ,  azi   19.23; modCCdopfac[41] 1.0187
mod 10, crystal 2 [ 42]: ( 13.92  -0.79  12.16) pol   48.92 ,  azi   -3.70; pol   48.92 ,  azi   -3.23; modCCdopfac[42] 1.0216
mod 10, crystal 3 [ 43]: ( 15.89  -4.99   8.06) pol   64.18 ,  azi  -31.79; pol   64.18 ,  azi  -17.45; modCCdopfac[43] 1.0140
mod 11, crystal 0 [ 44]: ( 18.26   2.80   0.92) pol   87.15 ,  azi   71.78; pol   87.15 ,  azi    8.71; modCCdopfac[44] 1.0011
mod 11, crystal 1 [ 45]: ( 17.30   4.20  -5.04) pol  105.79 ,  azi  140.16; pol  105.79 ,  azi   13.65; modCCdopfac[45] 0.9906
mod 11, crystal 2 [ 46]: ( 16.42   8.47  -0.92) pol   92.85 ,  azi   96.20; pol   92.85 ,  azi   27.29; modCCdopfac[46] 0.9978
mod 11, crystal 3 [ 47]: ( 16.46   6.77   5.04) pol   74.21 ,  azi   53.36; pol   74.21 ,  azi   22.35; modCCdopfac[47] 1.0085
mod 12, crystal 0 [ 48]: ( 12.46  13.48  -2.26) pol   97.01 ,  azi   99.50; pol   97.01 ,  azi   47.25; modCCdopfac[48] 0.9954
mod 12, crystal 1 [ 49]: (  7.28  16.65  -3.46) pol  100.78 ,  azi  101.74; pol  100.78 ,  azi   66.39; modCCdopfac[49] 0.9933
mod 12, crystal 2 [ 50]: (  8.97  16.02   2.26) pol   82.99 ,  azi   81.98; pol   82.99 ,  azi   60.75; modCCdopfac[50] 1.0035
mod 12, crystal 3 [ 51]: ( 13.59  12.07   3.46) pol   79.22 ,  azi   74.00; pol   79.22 ,  azi   41.61; modCCdopfac[51] 1.0057
mod 13, crystal 0 [ 52]: (  2.98  18.23   0.92) pol   87.15 ,  azi   87.11; pol   87.15 ,  azi   80.71; modCCdopfac[52] 1.0011
mod 13, crystal 1 [ 53]: (  1.35  17.75  -5.04) pol  105.79 ,  azi  105.84; pol  105.79 ,  azi   85.65; modCCdopfac[53] 0.9906
mod 13, crystal 2 [ 54]: ( -2.98  18.23  -0.92) pol   92.85 ,  azi   92.89; pol   92.85 ,  azi   99.29; modCCdopfac[54] 0.9978
mod 13, crystal 3 [ 55]: ( -1.35  17.75   5.04) pol   74.21 ,  azi   74.16; pol   74.21 ,  azi   94.35; modCCdopfac[55] 1.0085
mod 14, crystal 0 [ 56]: ( -8.97  16.02  -2.26) pol   97.01 ,  azi   98.02; pol   97.01 ,  azi  119.25; modCCdopfac[56] 0.9954
mod 14, crystal 1 [ 57]: (-13.59  12.07  -3.46) pol  100.78 ,  azi  106.00; pol  100.78 ,  azi  138.39; modCCdopfac[57] 0.9933
mod 14, crystal 2 [ 58]: (-12.46  13.48   2.26) pol   82.99 ,  azi   80.50; pol   82.99 ,  azi  132.75; modCCdopfac[58] 1.0035
mod 14, crystal 3 [ 59]: ( -7.28  16.65   3.46) pol   79.22 ,  azi   78.26; pol   79.22 ,  azi  113.61; modCCdopfac[59] 1.0057
mod 15, crystal 0 [ 60]: (-16.42   8.47   0.92) pol   87.15 ,  azi   83.80; pol   87.15 ,  azi  152.71; modCCdopfac[60] 1.0011
mod 15, crystal 1 [ 61]: (-16.46   6.77  -5.04) pol  105.79 ,  azi  126.64; pol  105.79 ,  azi  157.65; modCCdopfac[61] 0.9906
mod 15, crystal 2 [ 62]: (-18.26   2.80  -0.92) pol   92.85 ,  azi  108.22; pol   92.85 ,  azi  171.29; modCCdopfac[62] 0.9978
mod 15, crystal 3 [ 63]: (-17.30   4.20   5.04) pol   74.21 ,  azi   39.84; pol   74.21 ,  azi  166.35; modCCdopfac[63] 1.0085
mod 16, crystal 0 [ 64]: (-18.01  -3.58  -2.26) pol   97.01 ,  azi -122.21; pol   97.01 ,  azi -168.75; modCCdopfac[64] 0.9954
mod 16, crystal 1 [ 65]: (-15.68  -9.19  -3.46) pol  100.78 ,  azi -110.62; pol  100.78 ,  azi -149.61; modCCdopfac[65] 0.9933
mod 16, crystal 2 [ 66]: (-16.68  -7.69   2.26) pol   82.99 ,  azi  -73.64; pol   82.99 ,  azi -155.25; modCCdopfac[66] 1.0035
mod 16, crystal 3 [ 67]: (-18.09  -1.78   3.46) pol   79.22 ,  azi  -27.18; pol   79.22 ,  azi -174.39; modCCdopfac[67] 1.0057
mod 17, crystal 0 [ 68]: (-13.13 -13.00   0.92) pol   87.15 ,  azi  -85.95; pol   87.15 ,  azi -135.29; modCCdopfac[68] 1.0011
mod 17, crystal 1 [ 69]: (-11.53 -13.57  -5.04) pol  105.79 ,  azi -110.36; pol  105.79 ,  azi -130.35; modCCdopfac[69] 0.9906
mod 17, crystal 2 [ 70]: ( -8.30 -16.51  -0.92) pol   92.85 ,  azi  -93.19; pol   92.85 ,  azi -116.71; modCCdopfac[70] 0.9978
mod 17, crystal 3 [ 71]: ( -9.34 -15.15   5.04) pol   74.21 ,  azi  -71.62; pol   74.21 ,  azi -121.65; modCCdopfac[71] 1.0085
mod 18, crystal 0 [ 72]: ( -2.16 -18.23  -2.26) pol   97.01 ,  azi  -97.05; pol   97.01 ,  azi  -96.75; modCCdopfac[72] 0.9954
mod 18, crystal 1 [ 73]: (  3.90 -17.75  -3.46) pol  100.78 ,  azi -101.03; pol  100.78 ,  azi  -77.61; modCCdopfac[73] 0.9933
mod 18, crystal 2 [ 74]: (  2.16 -18.23   2.26) pol   82.99 ,  azi  -82.95; pol   82.99 ,  azi  -83.25; modCCdopfac[74] 1.0035
mod 18, crystal 3 [ 75]: ( -3.90 -17.75   3.46) pol   79.22 ,  azi  -78.97; pol   79.22 ,  azi -102.39; modCCdopfac[75] 1.0057
mod 19, crystal 0 [ 76]: (  8.30 -16.51   0.92) pol   87.15 ,  azi  -86.81; pol   87.15 ,  azi  -63.29; modCCdopfac[76] 1.0011
mod 19, crystal 1 [ 77]: (  9.34 -15.15  -5.04) pol  105.79 ,  azi -108.38; pol  105.79 ,  azi  -58.35; modCCdopfac[77] 0.9906
mod 19, crystal 2 [ 78]: ( 13.13 -13.00  -0.92) pol   92.85 ,  azi  -94.05; pol   92.85 ,  azi  -44.71; modCCdopfac[78] 0.9978
mod 19, crystal 3 [ 79]: ( 11.53 -13.57   5.04) pol   74.21 ,  azi  -69.64; pol   74.21 ,  azi  -49.65; modCCdopfac[79] 1.0085
mod 20, crystal 0 [ 80]: ( 16.68  -7.69  -2.26) pol   97.01 ,  azi -106.36; pol   97.01 ,  azi  -24.75; modCCdopfac[80] 0.9954
mod 20, crystal 1 [ 81]: ( 18.09  -1.78  -3.46) pol  100.78 ,  azi -152.82; pol  100.78 ,  azi   -5.61; modCCdopfac[81] 0.9933
mod 20, crystal 2 [ 82]: ( 18.01  -3.58   2.26) pol   82.99 ,  azi  -57.79; pol   82.99 ,  azi  -11.25; modCCdopfac[82] 1.0035
mod 20, crystal 3 [ 83]: ( 15.68  -9.19   3.46) pol   79.22 ,  azi  -69.38; pol   79.22 ,  azi  -30.39; modCCdopfac[83] 1.0057
mod 21, crystal 0 [ 84]: ( 14.30   9.42  -7.02) pol  112.29 ,  azi  126.69; pol  112.29 ,  azi   33.37; modCCdopfac[84] 0.9871
mod 21, crystal 1 [ 85]: ( 14.51   4.37 -10.61) pol  124.98 ,  azi  157.60; pol  124.98 ,  azi   16.77; modCCdopfac[85] 0.9809
mod 21, crystal 2 [ 86]: ( 10.80   8.82 -12.16) pol  131.08 ,  azi  144.04; pol  131.08 ,  azi   39.23; modCCdopfac[86] 0.9782
mod 21, crystal 3 [ 87]: (  9.92  13.38  -8.06) pol  115.82 ,  azi  121.06; pol  115.82 ,  azi   53.45; modCCdopfac[87] 0.9853
mod 22, crystal 0 [ 88]: ( -4.54  16.51  -7.02) pol  112.29 ,  azi  113.03; pol  112.29 ,  azi  105.37; modCCdopfac[88] 0.9871
mod 22, crystal 1 [ 89]: (  0.33  15.15 -10.61) pol  124.98 ,  azi  124.99; pol  124.98 ,  azi   88.77; modCCdopfac[89] 0.9809
mod 22, crystal 2 [ 90]: ( -5.05  13.00 -12.16) pol  131.08 ,  azi  133.08; pol  131.08 ,  azi  111.23; modCCdopfac[90] 0.9782
mod 22, crystal 3 [ 91]: ( -9.66  13.57  -8.06) pol  115.82 ,  azi  120.71; pol  115.82 ,  azi  125.45; modCCdopfac[91] 0.9853
mod 23, crystal 0 [ 92]: (-17.10   0.79  -7.02) pol  112.29 ,  azi  173.61; pol  112.29 ,  azi  177.37; modCCdopfac[92] 0.9871
mod 23, crystal 1 [ 93]: (-14.31   4.99 -10.61) pol  124.98 ,  azi  154.79; pol  124.98 ,  azi  160.77; modCCdopfac[93] 0.9809
mod 23, crystal 2 [ 94]: (-13.92  -0.79 -12.16) pol  131.08 ,  azi -176.30; pol  131.08 ,  azi -176.77; modCCdopfac[94] 0.9782
mod 23, crystal 3 [ 95]: (-15.89  -4.99  -8.06) pol  115.82 ,  azi -148.21; pol  115.82 ,  azi -162.55; modCCdopfac[95] 0.9853
mod 24, crystal 0 [ 96]: ( -6.03 -16.02  -7.02) pol  112.29 ,  azi -113.65; pol  112.29 ,  azi -110.63; modCCdopfac[96] 0.9871
mod 24, crystal 1 [ 97]: ( -9.17 -12.07 -10.61) pol  124.98 ,  azi -131.31; pol  124.98 ,  azi -127.23; modCCdopfac[97] 0.9809
mod 24, crystal 2 [ 98]: ( -3.56 -13.48 -12.16) pol  131.08 ,  azi -132.04; pol  131.08 ,  azi -104.77; modCCdopfac[98] 0.9782
mod 24, crystal 3 [ 99]: ( -0.16 -16.65  -8.06) pol  115.82 ,  azi -115.82; pol  115.82 ,  azi  -90.55; modCCdopfac[99] 0.9853
mod 25, crystal 0 [100]: ( 13.37 -10.69  -7.02) pol  112.29 ,  azi -123.29; pol  112.29 ,  azi  -38.63; modCCdopfac[100] 0.9871
mod 25, crystal 1 [101]: (  8.64 -12.45 -10.61) pol  124.98 ,  azi -130.42; pol  124.98 ,  azi  -55.23; modCCdopfac[101] 0.9809
mod 25, crystal 2 [102]: ( 11.73  -7.55 -12.16) pol  131.08 ,  azi -148.16; pol  131.08 ,  azi  -32.77; modCCdopfac[102] 0.9782
mod 25, crystal 3 [103]: ( 15.79  -5.30  -8.06) pol  115.82 ,  azi -146.67; pol  115.82 ,  azi  -18.55; modCCdopfac[103] 0.9853
mod 26, crystal 0 [104]: (  0.29  10.69 -15.10) pol  144.70 ,  azi  144.71; pol  144.70 ,  azi   88.42; modCCdopfac[104] 0.9732
mod 26, crystal 1 [105]: (  5.62  12.45 -12.47) pol  132.40 ,  azi  135.05; pol  132.40 ,  azi   65.70; modCCdopfac[105] 0.9777
mod 26, crystal 2 [106]: (  5.63   7.55 -15.92) pol  149.40 ,  azi  154.64; pol  149.40 ,  azi   53.28; modCCdopfac[106] 0.9718
mod 26, crystal 3 [107]: (  0.15   5.30 -17.72) pol  163.35 ,  azi  163.36; pol  163.35 ,  azi   88.42; modCCdopfac[107] 0.9688
mod 27, crystal 0 [108]: (-10.07   3.58 -15.10) pol  144.70 ,  azi  166.65; pol  144.70 ,  azi  160.42; modCCdopfac[108] 0.9732
mod 27, crystal 1 [109]: (-10.11   9.19 -12.47) pol  132.40 ,  azi  143.61; pol  132.40 ,  azi  137.70; modCCdopfac[109] 0.9777
mod 27, crystal 2 [110]: ( -5.44   7.69 -15.92) pol  149.40 ,  azi  154.23; pol  149.40 ,  azi  125.28; modCCdopfac[110] 0.9718
mod 27, crystal 3 [111]: ( -4.99   1.78 -17.72) pol  163.35 ,  azi  174.28; pol  163.35 ,  azi  160.42; modCCdopfac[111] 0.9688
mod 28, crystal 0 [112]: ( -6.52  -8.47 -15.10) pol  144.70 ,  azi -150.70; pol  144.70 ,  azi -127.58; modCCdopfac[112] 0.9732
mod 28, crystal 1 [113]: (-11.87  -6.77 -12.47) pol  132.40 ,  azi -151.51; pol  132.40 ,  azi -150.30; modCCdopfac[113] 0.9777
mod 28, crystal 2 [114]: ( -8.99  -2.80 -15.92) pol  149.40 ,  azi -170.04; pol  149.40 ,  azi -162.72; modCCdopfac[114] 0.9718
mod 28, crystal 3 [115]: ( -3.23  -4.20 -17.72) pol  163.35 ,  azi -166.67; pol  163.35 ,  azi -127.58; modCCdopfac[115] 0.9688
mod 29, crystal 0 [116]: (  6.04  -8.82 -15.10) pol  144.70 ,  azi -149.71; pol  144.70 ,  azi  -55.58; modCCdopfac[116] 0.9732
mod 29, crystal 1 [117]: (  2.77 -13.38 -12.47) pol  132.40 ,  azi -133.00; pol  132.40 ,  azi  -78.30; modCCdopfac[117] 0.9777
mod 29, crystal 2 [118]: ( -0.12  -9.42 -15.92) pol  149.40 ,  azi -149.40; pol  149.40 ,  azi  -90.72; modCCdopfac[118] 0.9718
mod 29, crystal 3 [119]: (  3.00  -4.37 -17.72) pol  163.35 ,  azi -166.14; pol  163.35 ,  azi  -55.58; modCCdopfac[119] 0.9688
mod 30, crystal 0 [120]: ( 10.25   3.02 -15.10) pol  144.70 ,  azi  168.68; pol  144.70 ,  azi   16.42; modCCdopfac[120] 0.9732
mod 30, crystal 1 [121]: ( 13.58  -1.50 -12.47) pol  132.40 ,  azi -173.15; pol  132.40 ,  azi   -6.30; modCCdopfac[121] 0.9777
mod 30, crystal 2 [122]: (  8.92  -3.02 -15.92) pol  149.40 ,  azi -169.25; pol  149.40 ,  azi  -18.72; modCCdopfac[122] 0.9718
mod 30, crystal 3 [123]: (  5.08   1.50 -17.72) pol  163.35 ,  azi  175.17; pol  163.35 ,  azi   16.42; modCCdopfac[123] 0.9688
setup signal catcher
started sorting... from disk...

Pars.maxTS=4611686018427387904
got initial header, TS=362262648227 ID: 1 length: 464
read initial payload of siz=464 into event position 1
__ptgd[0]->type= 0; ptgd[0]->length=   0; ptgd[0]->timestamp=0
initial ii=1, nn=1
ev#     0 GEB_TYPE_DECOMP        464Bytes TS=362262657621 curTS=362262648227 dTS= 9394
t0=362262648227
first event: GEB_event.mult=1
   0/ 0: ( 1,GEB_TYPE_DECOMP      ) TS=        362262648227; dT=0
maxTS=9002262648227
that is 86400.0 seconds or 24h0m0s minutes of sorting
GEBGetEv returned st=0
we have read 960 bytes; CurEvNo=1

+++++++++++++++++++++++++++++++
*start event # 1 with multiplicity 1 looks like this:
 0>  1, GEB_TYPE_DECOMP      , TS=362262648227
entered bin_mode2: 1/10
ptinp->pad= 6, (ptinp->pad&0x000000ff)= 6
updated CCadd with    0.00
total number of hits in array: 0
exit bin_mode2
entered bin_mode3 @ event number: 1 
exit bin_mode3
*end of event # 1
+++++++++++++++++++++++++++++++
ev#     1 GEB_TYPE_DECOMP        464Bytes TS=362262667805 curTS=362262657621 dTS= 10184
GEBGetEv returned st=0
we have read 1440 bytes; CurEvNo=2

+++++++++++++++++++++++++++++++
*start event # 2 with multiplicity 1 looks like this:
 0>  1, GEB_TYPE_DECOMP      , TS=362262657621
entered bin_mode2: 2/10
ptinp->pad= 6, (ptinp->pad&0x000000ff)= 6
updated CCadd with    0.00
total number of hits in array: 0
exit bin_mode2
entered bin_mode3 @ event number: 2 
exit bin_mode3
*end of event # 2
+++++++++++++++++++++++++++++++
ev#     2 GEB_TYPE_DECOMP        464Bytes TS=362262686535 curTS=362262667805 dTS= 18730
GEBGetEv returned st=0
we have read 1920 bytes; CurEvNo=3

+++++++++++++++++++++++++++++++
*start event # 3 with multiplicity 1 looks like this:
 0>  1, GEB_TYPE_DECOMP      , TS=362262667805
entered bin_mode2: 3/10
ptinp->pad= 6, (ptinp->pad&0x000000ff)= 6
updated CCadd with    0.00
total number of hits in array: 0
exit bin_mode2
entered bin_mode3 @ event number: 3 
exit bin_mode3
*end of event # 3
+++++++++++++++++++++++++++++++
ev#     3 GEB_TYPE_DECOMP        464Bytes TS=362262700319 curTS=362262686535 dTS= 13784
GEBGetEv returned st=0
we have read 2400 bytes; CurEvNo=4

+++++++++++++++++++++++++++++++
*start event # 4 with multiplicity 1 looks like this:
 0>  1, GEB_TYPE_DECOMP      , TS=362262686535
entered bin_mode2: 4/10
ptinp->pad= 6, (ptinp->pad&0x000000ff)= 6
updated CCadd with    0.00
total number of hits in array: 0
exit bin_mode2
entered bin_mode3 @ event number: 4 
exit bin_mode3
*end of event # 4
+++++++++++++++++++++++++++++++
ev#     4 GEB_TYPE_DECOMP        464Bytes TS=362262700325 curTS=362262700319 dTS= 6
ev#     4 GEB_TYPE_DECOMP        464Bytes TS=362262700337 curTS=362262700319 dTS= 18
ev#     4 GEB_TYPE_DECOMP        464Bytes TS=362262707933 curTS=362262700319 dTS= 7614
GEBGetEv returned st=0
we have read 3840 bytes; CurEvNo=5

+++++++++++++++++++++++++++++++
*start event # 5 with multiplicity 3 looks like this:
 0>  1, GEB_TYPE_DECOMP      , TS=362262700319
 1>  1, GEB_TYPE_DECOMP      , TS=362262700325
 2>  1, GEB_TYPE_DECOMP      , TS=362262700337
entered bin_mode2: 5/10
ptinp->pad= 6, (ptinp->pad&0x000000ff)= 6
ptinp->pad= 6, (ptinp->pad&0x000000ff)= 6
ptinp->pad= 6, (ptinp->pad&0x000000ff)= 6
updated CCadd with    0.00
total number of hits in array: 0
exit bin_mode2
entered bin_mode3 @ event number: 5 
exit bin_mode3
*end of event # 5
+++++++++++++++++++++++++++++++
ev#     5 GEB_TYPE_DECOMP        464Bytes TS=362262780963 curTS=362262707933 dTS= 73030
GEBGetEv returned st=0
we have read 4320 bytes; CurEvNo=6

+++++++++++++++++++++++++++++++
*start event # 6 with multiplicity 1 looks like this:
 0>  1, GEB_TYPE_DECOMP      , TS=362262707933
entered bin_mode2: 6/10
ptinp->pad= 6, (ptinp->pad&0x000000ff)= 6
updated CCadd with    0.00
total number of hits in array: 0
exit bin_mode2
entered bin_mode3 @ event number: 6 
exit bin_mode3
*end of event # 6
+++++++++++++++++++++++++++++++
ev#     6 GEB_TYPE_DECOMP        464Bytes TS=362262781251 curTS=362262780963 dTS= 288
GEBGetEv returned st=0
we have read 4800 bytes; CurEvNo=7

+++++++++++++++++++++++++++++++
*start event # 7 with multiplicity 1 looks like this:
 0>  1, GEB_TYPE_DECOMP      , TS=362262780963
entered bin_mode2: 7/10
ptinp->pad= 128, (ptinp->pad&0x000000ff)= 128
updated CCadd with    0.00
total number of hits in array: 0
exit bin_mode2
entered bin_mode3 @ event number: 7 
exit bin_mode3
*end of event # 7
+++++++++++++++++++++++++++++++
ev#     7 GEB_TYPE_DECOMP        464Bytes TS=362262781253 curTS=362262781251 dTS= 2
ev#     7 GEB_TYPE_DECOMP        464Bytes TS=362262781273 curTS=362262781251 dTS= 22
ev#     7 GEB_TYPE_GT_MOD29      440Bytes TS=362262781507 curTS=362262781251 dTS= 256
GEBGetEv returned st=0
we have read 6216 bytes; CurEvNo=8

+++++++++++++++++++++++++++++++
*start event # 8 with multiplicity 3 looks like this:
 0>  1, GEB_TYPE_DECOMP      , TS=362262781251
 1>  1, GEB_TYPE_DECOMP      , TS=362262781253
 2>  1, GEB_TYPE_DECOMP      , TS=362262781273
entered bin_mode2: 8/10
ptinp->pad= 6, (ptinp->pad&0x000000ff)= 6
ptinp->pad= 6, (ptinp->pad&0x000000ff)= 6
ptinp->pad= 6, (ptinp->pad&0x000000ff)= 6
updated CCadd with    0.00
total number of hits in array: 0
exit bin_mode2
entered bin_mode3 @ event number: 8 
exit bin_mode3
*end of event # 8
+++++++++++++++++++++++++++++++
ev#     8 GEB_TYPE_GT_MOD29      440Bytes TS=362262819173 curTS=362262781507 dTS= 37666
GEBGetEv returned st=0
we have read 6672 bytes; CurEvNo=9

+++++++++++++++++++++++++++++++
*start event # 9 with multiplicity 1 looks like this:
 0>  8, GEB_TYPE_GT_MOD29    , TS=362262781507
entered bin_mode2: 9/10
updated CCadd with    0.00
total number of hits in array: 0
exit bin_mode2
entered bin_mode3 @ event number: 9 

bin_mode3:  0>  8, GEB_TYPE_GT_MOD29    , TS=362262781507, 0x54588b5e43; payload length: 440 bytes

---------
new GTheader at pos=0 or 0 words (8):
Event.hdr[ 0]=0x1f38,   7992
Event.hdr[ 1]=0x300a,  12298
Event.hdr[ 2]=0x5e43,  24131
Event.hdr[ 3]=0x588b,  22667
Event.hdr[ 4]=0x0054,     84
Event.hdr[ 5]=0x8dfb,  36347
Event.hdr[ 6]=0x1ff9,   8185
Event.hdr[ 7]=0x0000,      0
Event.hdr[ 8]=0x5905,  22789
Event.hdr[ 9]=0xbc0d,  48141
Event.hdr[10]=0x59fc,  23036
Event.hdr[11]=0xf959,  63833
Event.hdr[12]=0x3a8f,  14991
Event.hdr[13]=0x07f3,   2035
Event.len=  44, Event.traceLen=  12 (in Bytes)
Event.len=  22, Event.traceLen=   6 (in 16 bit words)
Event.len=  11, Event.traceLen=   3 (in 32 bit words)
next start: 0xaaaaaaaa, pos= 44
0x1f38 module_id = 31 crystal_id = 0 digitizer_id = 3 chan_id = 8 ge_id = 124 channel = 38  -> is segment
open superpulse_009_00_01.xy at Event.chan_id = 8
open CCpulse_009_00_01.xy at Event.chan_id = 8
ncrystal=1
wrote trace to CCpulse_009_00_01.xy
two's comp tempE  ::   16354811   16354811 0x00f98dfb |0000|0000|1111|1001|1000|1101|1111|1011|
rawE              :: 4294544891    -422405 0xfff98dfb |1111|1111|1111|1001|1000|1101|1111|1011|
rawE (sign change)::     422405     422405 0x00067205 |0000|0000|0000|0110|0111|0010|0000|0101|
Event.ehi=           13200 0x00003390
Event.ehi=1320 (gain changed)
Event.LEDts =         362262781507
Event.CFDts =         498226626572

---------
new GTheader at pos=44 or 22 words (30):
Event.hdr[ 0]=0x1f39,   7993
Event.hdr[ 1]=0x300a,  12298
Event.hdr[ 2]=0x5e43,  24131
Event.hdr[ 3]=0x588b,  22667
Event.hdr[ 4]=0x0054,     84
Event.hdr[ 5]=0xd28a,  53898
Event.hdr[ 6]=0x4e0e,  19982
Event.hdr[ 7]=0x0000,      0
Event.hdr[ 8]=0x5905,  22789
Event.hdr[ 9]=0xd0ac,  53420
Event.hdr[10]=0x3e0e,  15886
Event.hdr[11]=0x1a1c,   6684
Event.hdr[12]=0xd478,  54392
Event.hdr[13]=0x07ff,   2047
Event.len=  44, Event.traceLen=  12 (in Bytes)
Event.len=  22, Event.traceLen=   6 (in 16 bit words)
Event.len=  11, Event.traceLen=   3 (in 32 bit words)
next start: 0xaaaaaaaa, pos= 88
0x1f39 module_id = 31 crystal_id = 0 digitizer_id = 3 chan_id = 9 ge_id = 124 channel = 39  -> is CC
ncrystal=1
wrote trace to CCpulse_009_00_01.xy
two's comp tempE  ::     971402     971402 0x000ed28a |0000|0000|0000|1110|1101|0010|1000|1010|
rawE              ::     971402     971402 0x000ed28a |0000|0000|0000|1110|1101|0010|1000|1010|
rawE (sign change)::     971402     971402 0x000ed28a |0000|0000|0000|1110|1101|0010|1000|1010|
Event.ehi=           30356 0x00007694
Event.ehi=3035 (gain changed)
Event.LEDts =         362262781507
Event.CFDts =       20023442800652

---------
new GTheader at pos=88 or 44 words (52):
Event.hdr[ 0]=0x1f30,   7984
Event.hdr[ 1]=0x300a,  12298
Event.hdr[ 2]=0x5e43,  24131
Event.hdr[ 3]=0x588b,  22667
Event.hdr[ 4]=0x0054,     84
Event.hdr[ 5]=0x0018,     24
Event.hdr[ 6]=0x4e0b,  19979
Event.hdr[ 7]=0x0000,      0
Event.hdr[ 8]=0x5905,  22789
Event.hdr[ 9]=0xff84,  65412
Event.hdr[10]=0x7e0a,  32266
Event.hdr[11]=0x15d6,   5590
Event.hdr[12]=0xe58c,  58764
Event.hdr[13]=0x0029,     41
Event.len=  44, Event.traceLen=  12 (in Bytes)
Event.len=  22, Event.traceLen=   6 (in 16 bit words)
Event.len=  11, Event.traceLen=   3 (in 32 bit words)
next start: 0xaaaaaaaa, pos= 132
0x1f30 module_id = 31 crystal_id = 0 digitizer_id = 3 chan_id = 0 ge_id = 124 channel = 30  -> is segment
ncrystal=1
wrote trace to CCpulse_009_00_01.xy
two's comp tempE  ::     720920     720920 0x000b0018 |0000|0000|0000|1011|0000|0000|0001|1000|
rawE              ::     720920     720920 0x000b0018 |0000|0000|0000|1011|0000|0000|0001|1000|
rawE (sign change)::     720920     720920 0x000b0018 |0000|0000|0000|1011|0000|0000|0001|1000|
Event.ehi=           22528 0x00005800
Event.ehi=2252 (gain changed)
Event.LEDts =         362262781507
Event.CFDts =      266356461469708

---------
new GTheader at pos=132 or 66 words (74):
Event.hdr[ 0]=0x1f31,   7985
Event.hdr[ 1]=0x300a,  12298
Event.hdr[ 2]=0x5e43,  24131
Event.hdr[ 3]=0x588b,  22667
Event.hdr[ 4]=0x0054,     84
Event.hdr[ 5]=0x6891,  26769
Event.hdr[ 6]=0x4e09,  19977
Event.hdr[ 7]=0x0000,      0
Event.hdr[ 8]=0x5905,  22789
Event.hdr[ 9]=0x64c5,  25797
Event.hdr[10]=0xe409,  58377
Event.hdr[11]=0x108e,   4238
Event.hdr[12]=0x82d0,  33488
Event.hdr[13]=0x0026,     38
Event.len=  44, Event.traceLen=  12 (in Bytes)
Event.len=  22, Event.traceLen=   6 (in 16 bit words)
Event.len=  11, Event.traceLen=   3 (in 32 bit words)
next start: 0xaaaaaaaa, pos= 176
0x1f31 module_id = 31 crystal_id = 0 digitizer_id = 3 chan_id = 1 ge_id = 124 channel = 31  -> is segment
ncrystal=1
wrote trace to CCpulse_009_00_01.xy
two's comp tempE  ::     616593     616593 0x00096891 |0000|0000|0000|1001|0110|1000|1001|0001|
rawE              ::     616593     616593 0x00096891 |0000|0000|0000|1001|0110|1000|1001|0001|
rawE (sign change)::     616593     616593 0x00096891 |0000|0000|0000|1001|0110|1000|1001|0001|
Event.ehi=           19268 0x00004b44
Event.ehi=1926 (gain changed)
Event.LEDts =         362262781507
Event.CFDts =      269358689550348

---------
new GTheader at pos=176 or 88 words (96):
Event.hdr[ 0]=0x1f32,   7986
Event.hdr[ 1]=0x300a,  12298
Event.hdr[ 2]=0x5e43,  24131
Event.hdr[ 3]=0x588b,  22667
Event.hdr[ 4]=0x0054,     84
Event.hdr[ 5]=0x782c,  30764
Event.hdr[ 6]=0x0e00,   3584
Event.hdr[ 7]=0x0000,      0
Event.hdr[ 8]=0x5905,  22789
Event.hdr[ 9]=0x3d9a,  15770
Event.hdr[10]=0xdc00,  56320
Event.hdr[11]=0x0025,     37
Event.hdr[12]=0xb658,  46680
Event.hdr[13]=0x07ff,   2047
Event.len=  44, Event.traceLen=  12 (in Bytes)
Event.len=  22, Event.traceLen=   6 (in 16 bit words)
Event.len=  11, Event.traceLen=   3 (in 32 bit words)
next start: 0xaaaaaaaa, pos= 220
0x1f32 module_id = 31 crystal_id = 0 digitizer_id = 3 chan_id = 2 ge_id = 124 channel = 32  -> is segment
ncrystal=1
wrote trace to CCpulse_009_00_01.xy
two's comp tempE  ::      30764      30764 0x0000782c |0000|0000|0000|0000|0111|1000|0010|1100|
rawE              ::      30764      30764 0x0000782c |0000|0000|0000|0000|0111|1000|0010|1100|
rawE (sign change)::      30764      30764 0x0000782c |0000|0000|0000|0000|0111|1000|0010|1100|
Event.ehi=             961 0x000003c1
Event.ehi=96 (gain changed)
Event.LEDts =         362262781507
Event.CFDts =      281423435989004

---------
new GTheader at pos=220 or 110 words (118):
Event.hdr[ 0]=0x1f33,   7987
Event.hdr[ 1]=0x300a,  12298
Event.hdr[ 2]=0x5e43,  24131
Event.hdr[ 3]=0x588b,  22667
Event.hdr[ 4]=0x0054,     84
Event.hdr[ 5]=0xc85b,  51291
Event.hdr[ 6]=0x4e0b,  19979
Event.hdr[ 7]=0x0000,      0
Event.hdr[ 8]=0x5905,  22789
Event.hdr[ 9]=0xc755,  51029
Event.hdr[10]=0x640b,  25611
Event.hdr[11]=0x17ba,   6074
Event.hdr[12]=0x26fc,   9980
Event.hdr[13]=0x0032,     50
Event.len=  44, Event.traceLen=  12 (in Bytes)
Event.len=  22, Event.traceLen=   6 (in 16 bit words)
Event.len=  11, Event.traceLen=   3 (in 32 bit words)
next start: 0xaaaaaaaa, pos= 264
0x1f33 module_id = 31 crystal_id = 0 digitizer_id = 3 chan_id = 3 ge_id = 124 channel = 33  -> is segment
ncrystal=1
wrote trace to CCpulse_009_00_01.xy
two's comp tempE  ::     772187     772187 0x000bc85b |0000|0000|0000|1011|1100|1000|0101|1011|
rawE              ::     772187     772187 0x000bc85b |0000|0000|0000|1011|1100|1000|0101|1011|
rawE (sign change)::     772187     772187 0x000bc85b |0000|0000|0000|1011|1100|1000|0101|1011|
Event.ehi=           24130 0x00005e42
Event.ehi=2413 (gain changed)
Event.LEDts =         362262781507
Event.CFDts =      265360013459468

---------
new GTheader at pos=264 or 132 words (140):
Event.hdr[ 0]=0x1f34,   7988
Event.hdr[ 1]=0x300a,  12298
Event.hdr[ 2]=0x5e43,  24131
Event.hdr[ 3]=0x588b,  22667
Event.hdr[ 4]=0x0054,     84
Event.hdr[ 5]=0x0021,     33
Event.hdr[ 6]=0x0e00,   3584
Event.hdr[ 7]=0x0000,      0
Event.hdr[ 8]=0x5905,  22789
Event.hdr[ 9]=0xffe4,  65508
Event.hdr[10]=0x3bff,  15359
Event.hdr[11]=0x0000,      0
Event.hdr[12]=0xffec,  65516
Event.hdr[13]=0x07ff,   2047
Event.len=  44, Event.traceLen=  12 (in Bytes)
Event.len=  22, Event.traceLen=   6 (in 16 bit words)
Event.len=  11, Event.traceLen=   3 (in 32 bit words)
next start: 0xaaaaaaaa, pos= 308
0x1f34 module_id = 31 crystal_id = 0 digitizer_id = 3 chan_id = 4 ge_id = 124 channel = 34  -> is segment
ncrystal=1
wrote trace to CCpulse_009_00_01.xy
two's comp tempE  ::         33         33 0x00000021 |0000|0000|0000|0000|0000|0000|0010|0001|
rawE              ::         33         33 0x00000021 |0000|0000|0000|0000|0000|0000|0010|0001|
rawE (sign change)::         33         33 0x00000021 |0000|0000|0000|0000|0000|0000|0010|0001|
Event.ehi=               1 0x00000001
Event.ehi=0 (gain changed)
Event.LEDts =         362262781507
Event.CFDts =         240522100748

---------
new GTheader at pos=308 or 154 words (162):
Event.hdr[ 0]=0x1f35,   7989
Event.hdr[ 1]=0x300a,  12298
Event.hdr[ 2]=0x5e43,  24131
Event.hdr[ 3]=0x588b,  22667
Event.hdr[ 4]=0x0054,     84
Event.hdr[ 5]=0x8a50,  35408
Event.hdr[ 6]=0x4e08,  19976
Event.hdr[ 7]=0x0000,      0
Event.hdr[ 8]=0x5905,  22789
Event.hdr[ 9]=0x884b,  34891
Event.hdr[10]=0xc008,  49160
Event.hdr[11]=0x137e,   4990
Event.hdr[12]=0xc880,  51328
Event.hdr[13]=0x0021,     33
Event.len=  44, Event.traceLen=  12 (in Bytes)
Event.len=  22, Event.traceLen=   6 (in 16 bit words)
Event.len=  11, Event.traceLen=   3 (in 32 bit words)
next start: 0xaaaaaaaa, pos= 352
0x1f35 module_id = 31 crystal_id = 0 digitizer_id = 3 chan_id = 5 ge_id = 124 channel = 35  -> is segment
ncrystal=1
wrote trace to CCpulse_009_00_01.xy
two's comp tempE  ::     559696     559696 0x00088a50 |0000|0000|0000|1000|1000|1010|0101|0000|
rawE              ::     559696     559696 0x00088a50 |0000|0000|0000|1000|1000|1010|0101|0000|
rawE (sign change)::     559696     559696 0x00088a50 |0000|0000|0000|1000|1000|1010|0101|0000|
Event.ehi=           17490 0x00004452
Event.ehi=1749 (gain changed)
Event.LEDts =         362262781507
Event.CFDts =      269616391323660

---------
new GTheader at pos=352 or 176 words (184):
Event.hdr[ 0]=0x1f36,   7990
Event.hdr[ 1]=0x300a,  12298
Event.hdr[ 2]=0x5e43,  24131
Event.hdr[ 3]=0x588b,  22667
Event.hdr[ 4]=0x0054,     84
Event.hdr[ 5]=0xeb14,  60180
Event.hdr[ 6]=0x4e03,  19971
Event.hdr[ 7]=0x0000,      0
Event.hdr[ 8]=0x5905,  22789
Event.hdr[ 9]=0x71f2,  29170
Event.hdr[10]=0xfa03,  64003
Event.hdr[11]=0x039b,    923
Event.hdr[12]=0x19e4,   6628
Event.hdr[13]=0x0000,      0
Event.len=  44, Event.traceLen=  12 (in Bytes)
Event.len=  22, Event.traceLen=   6 (in 16 bit words)
Event.len=  11, Event.traceLen=   3 (in 32 bit words)
next start: 0xaaaaaaaa, pos= 396
0x1f36 module_id = 31 crystal_id = 0 digitizer_id = 3 chan_id = 6 ge_id = 124 channel = 36  -> is segment
ncrystal=1
wrote trace to CCpulse_009_00_01.xy
two's comp tempE  ::     256788     256788 0x0003eb14 |0000|0000|0000|0011|1110|1011|0001|0100|
rawE              ::     256788     256788 0x0003eb14 |0000|0000|0000|0011|1110|1011|0001|0100|
rawE (sign change)::     256788     256788 0x0003eb14 |0000|0000|0000|0011|1110|1011|0001|0100|
Event.ehi=            8024 0x00001f58
Event.ehi=802 (gain changed)
Event.LEDts =         362262781507
Event.CFDts =      281182914412556

---------
new GTheader at pos=396 or 198 words (206):
Event.hdr[ 0]=0x1f37,   7991
Event.hdr[ 1]=0x300a,  12298
Event.hdr[ 2]=0x5e43,  24131
Event.hdr[ 3]=0x588b,  22667
Event.hdr[ 4]=0x0054,     84
Event.hdr[ 5]=0x379a,  14234
Event.hdr[ 6]=0x0e01,   3585
Event.hdr[ 7]=0x0000,      0
Event.hdr[ 8]=0x5905,  22789
Event.hdr[ 9]=0xd47c,  54396
Event.hdr[10]=0x9800,  38912
Event.hdr[11]=0x00ec,    236
Event.hdr[12]=0x729c,  29340
Event.hdr[13]=0x0000,      0
Event.len=  44, Event.traceLen=  12 (in Bytes)
Event.len=  22, Event.traceLen=   6 (in 16 bit words)
Event.len=  11, Event.traceLen=   3 (in 32 bit words)
0x1f37 module_id = 31 crystal_id = 0 digitizer_id = 3 chan_id = 7 ge_id = 124 channel = 37  -> is segment
ncrystal=1
wrote trace to CCpulse_009_00_01.xy
two's comp tempE  ::      79770      79770 0x0001379a |0000|0000|0000|0001|0011|0111|1001|1010|
rawE              ::      79770      79770 0x0001379a |0000|0000|0000|0001|0011|0111|1001|1010|
rawE (sign change)::      79770      79770 0x0001379a |0000|0000|0000|0001|0011|0111|1001|1010|
Event.ehi=            2492 0x000009bc
Event.ehi=249 (gain changed)
Event.LEDts =         362262781507
Event.CFDts =          60130459660
exit bin_mode3
*end of event # 9
+++++++++++++++++++++++++++++++
ev#     9 GEB_TYPE_DECOMP        464Bytes TS=362262842377 curTS=362262819173 dTS= 23204
GEBGetEv returned st=0
we have read 7152 bytes; CurEvNo=10

+++++++++++++++++++++++++++++++
*start event # 10 with multiplicity 1 looks like this:
 0>  8, GEB_TYPE_GT_MOD29    , TS=362262819173
entered bin_mode2: 10/10
updated CCadd with    0.00
total number of hits in array: 0
exit bin_mode2
entered bin_mode3 @ event number: 10 

bin_mode3:  0>  8, GEB_TYPE_GT_MOD29    , TS=362262819173, 0x54588bf165; payload length: 440 bytes

---------
new GTheader at pos=0 or 0 words (8):
Event.hdr[ 0]=0x1f30,   7984
Event.hdr[ 1]=0x300a,  12298
Event.hdr[ 2]=0xf165,  61797
Event.hdr[ 3]=0x588b,  22667
Event.hdr[ 4]=0x0054,     84
Event.hdr[ 5]=0xd877,  55415
Event.hdr[ 6]=0x4e0b,  19979
Event.hdr[ 7]=0x9321,  37665
Event.hdr[ 8]=0x0000,      0
Event.hdr[ 9]=0xd7dc,  55260
Event.hdr[10]=0x080b,   2059
Event.hdr[11]=0x15ff,   5631
Event.hdr[12]=0xacfc,  44284
Event.hdr[13]=0x002b,     43
Event.len=  44, Event.traceLen=  12 (in Bytes)
Event.len=  22, Event.traceLen=   6 (in 16 bit words)
Event.len=  11, Event.traceLen=   3 (in 32 bit words)
next start: 0xaaaaaaaa, pos= 44
0x1f30 module_id = 31 crystal_id = 0 digitizer_id = 3 chan_id = 0 ge_id = 124 channel = 30  -> is segment
open superpulse_010_00_01.xy at Event.chan_id = 0
open CCpulse_010_00_01.xy at Event.chan_id = 0
ncrystal=1
wrote trace to CCpulse_010_00_01.xy
two's comp tempE  ::     776311     776311 0x000bd877 |0000|0000|0000|1011|1101|1000|0111|0111|
rawE              ::     776311     776311 0x000bd877 |0000|0000|0000|1011|1101|1000|0111|0111|
rawE (sign change)::     776311     776311 0x000bd877 |0000|0000|0000|1011|1101|1000|0111|0111|
Event.ehi=           24259 0x00005ec3
Event.ehi=2425 (gain changed)
Event.LEDts =         362262819173
Event.CFDts =      265274113196044

---------
new GTheader at pos=44 or 22 words (30):
Event.hdr[ 0]=0x1f31,   7985
Event.hdr[ 1]=0x300a,  12298
Event.hdr[ 2]=0xf165,  61797
Event.hdr[ 3]=0x588b,  22667
Event.hdr[ 4]=0x0054,     84
Event.hdr[ 5]=0xf4d2,  62674
Event.hdr[ 6]=0x4e08,  19976
Event.hdr[ 7]=0x9321,  37665
Event.hdr[ 8]=0x0000,      0
Event.hdr[ 9]=0xf1c8,  61896
Event.hdr[10]=0x8a08,  35336
Event.hdr[11]=0x12c9,   4809
Event.hdr[12]=0x1dc8,   7624
Event.hdr[13]=0x0021,     33
Event.len=  44, Event.traceLen=  12 (in Bytes)
Event.len=  22, Event.traceLen=   6 (in 16 bit words)
Event.len=  11, Event.traceLen=   3 (in 32 bit words)
next start: 0xaaaaaaaa, pos= 88
0x1f31 module_id = 31 crystal_id = 0 digitizer_id = 3 chan_id = 1 ge_id = 124 channel = 31  -> is segment
ncrystal=1
wrote trace to CCpulse_010_00_01.xy
two's comp tempE  ::     586962     586962 0x0008f4d2 |0000|0000|0000|1000|1111|0100|1101|0010|
rawE              ::     586962     586962 0x0008f4d2 |0000|0000|0000|1000|1111|0100|1101|0010|
rawE (sign change)::     586962     586962 0x0008f4d2 |0000|0000|0000|1000|1111|0100|1101|0010|
Event.ehi=           18342 0x000047a6
Event.ehi=1834 (gain changed)
Event.LEDts =         362262819173
Event.CFDts =      269917043621900

---------
new GTheader at pos=88 or 44 words (52):
Event.hdr[ 0]=0x1f32,   7986
Event.hdr[ 1]=0x300a,  12298
Event.hdr[ 2]=0xf165,  61797
Event.hdr[ 3]=0x588b,  22667
Event.hdr[ 4]=0x0054,     84
Event.hdr[ 5]=0x9ec4,  40644
Event.hdr[ 6]=0x0e00,   3584
Event.hdr[ 7]=0x9321,  37665
Event.hdr[ 8]=0x0000,      0
Event.hdr[ 9]=0x37fd,  14333
Event.hdr[10]=0x3400,  13312
Event.hdr[11]=0x007b,    123
Event.hdr[12]=0x4bb8,  19384
Event.hdr[13]=0x0000,      0
Event.len=  44, Event.traceLen=  12 (in Bytes)
Event.len=  22, Event.traceLen=   6 (in 16 bit words)
Event.len=  11, Event.traceLen=   3 (in 32 bit words)
next start: 0xaaaaaaaa, pos= 132
0x1f32 module_id = 31 crystal_id = 0 digitizer_id = 3 chan_id = 2 ge_id = 124 channel = 32  -> is segment
ncrystal=1
wrote trace to CCpulse_010_00_01.xy
two's comp tempE  ::      40644      40644 0x00009ec4 |0000|0000|0000|0000|1001|1110|1100|0100|
rawE              ::      40644      40644 0x00009ec4 |0000|0000|0000|0000|1001|1110|1100|0100|
rawE (sign change)::      40644      40644 0x00009ec4 |0000|0000|0000|0000|1001|1110|1100|0100|
Event.ehi=            1270 0x000004f6
Event.ehi=127 (gain changed)
Event.LEDts =         362262819173
Event.CFDts =         107375427596

---------
new GTheader at pos=132 or 66 words (74):
Event.hdr[ 0]=0x1f33,   7987
Event.hdr[ 1]=0x300a,  12298
Event.hdr[ 2]=0xf165,  61797
Event.hdr[ 3]=0x588b,  22667
Event.hdr[ 4]=0x0054,     84
Event.hdr[ 5]=0xdf5d,  57181
Event.hdr[ 6]=0x4e0b,  19979
Event.hdr[ 7]=0x9321,  37665
Event.hdr[ 8]=0x0000,      0
Event.hdr[ 9]=0xde78,  56952
Event.hdr[10]=0xaa0b,  43531
Event.hdr[11]=0x178e,   6030
Event.hdr[12]=0x74c8,  29896
Event.hdr[13]=0x002f,     47
Event.len=  44, Event.traceLen=  12 (in Bytes)
Event.len=  22, Event.traceLen=   6 (in 16 bit words)
Event.len=  11, Event.traceLen=   3 (in 32 bit words)
next start: 0xaaaaaaaa, pos= 176
0x1f33 module_id = 31 crystal_id = 0 digitizer_id = 3 chan_id = 3 ge_id = 124 channel = 33  -> is segment
ncrystal=1
wrote trace to CCpulse_010_00_01.xy
two's comp tempE  ::     778077     778077 0x000bdf5d |0000|0000|0000|1011|1101|1111|0101|1101|
rawE              ::     778077     778077 0x000bdf5d |0000|0000|0000|1011|1101|1111|0101|1101|
rawE (sign change)::     778077     778077 0x000bdf5d |0000|0000|0000|1011|1101|1111|0101|1101|
Event.ehi=           24314 0x00005efa
Event.ehi=2431 (gain changed)
Event.LEDts =         362262819173
Event.CFDts =      265244047704076

---------
new GTheader at pos=176 or 88 words (96):
Event.hdr[ 0]=0x1f34,   7988
Event.hdr[ 1]=0x300a,  12298
Event.hdr[ 2]=0xf165,  61797
Event.hdr[ 3]=0x588b,  22667
Event.hdr[ 4]=0x0054,     84
Event.hdr[ 5]=0x0044,     68
Event.hdr[ 6]=0x0e00,   3584
Event.hdr[ 7]=0x9321,  37665
Event.hdr[ 8]=0x0000,      0
Event.hdr[ 9]=0x002e,     46
Event.hdr[10]=0xc800,  51200
Event.hdr[11]=0xffff,  65535
Event.hdr[12]=0x0077,    119
Event.hdr[13]=0x0000,      0
Event.len=  44, Event.traceLen=  12 (in Bytes)
Event.len=  22, Event.traceLen=   6 (in 16 bit words)
Event.len=  11, Event.traceLen=   3 (in 32 bit words)
next start: 0xaaaaaaaa, pos= 220
0x1f34 module_id = 31 crystal_id = 0 digitizer_id = 3 chan_id = 4 ge_id = 124 channel = 34  -> is segment
ncrystal=1
wrote trace to CCpulse_010_00_01.xy
two's comp tempE  ::         68         68 0x00000044 |0000|0000|0000|0000|0000|0000|0100|0100|
rawE              ::         68         68 0x00000044 |0000|0000|0000|0000|0000|0000|0100|0100|
rawE (sign change)::         68         68 0x00000044 |0000|0000|0000|0000|0000|0000|0100|0100|
Event.ehi=               2 0x00000002
Event.ehi=0 (gain changed)
Event.LEDts =         362262819173
Event.CFDts =         253406871564

---------
new GTheader at pos=220 or 110 words (118):
Event.hdr[ 0]=0x1f35,   7989
Event.hdr[ 1]=0x300a,  12298
Event.hdr[ 2]=0xf165,  61797
Event.hdr[ 3]=0x588b,  22667
Event.hdr[ 4]=0x0054,     84
Event.hdr[ 5]=0x1a6a,   6762
Event.hdr[ 6]=0x4e09,  19977
Event.hdr[ 7]=0x9321,  37665
Event.hdr[ 8]=0x0000,      0
Event.hdr[ 9]=0x186b,   6251
Event.hdr[10]=0x9609,  38409
Event.hdr[11]=0x1110,   4368
Event.hdr[12]=0xfd80,  64896
Event.hdr[13]=0x0026,     38
Event.len=  44, Event.traceLen=  12 (in Bytes)
Event.len=  22, Event.traceLen=   6 (in 16 bit words)
Event.len=  11, Event.traceLen=   3 (in 32 bit words)
next start: 0xaaaaaaaa, pos= 264
0x1f35 module_id = 31 crystal_id = 0 digitizer_id = 3 chan_id = 5 ge_id = 124 channel = 35  -> is segment
ncrystal=1
wrote trace to CCpulse_010_00_01.xy
two's comp tempE  ::     596586     596586 0x00091a6a |0000|0000|0000|1001|0001|1010|0110|1010|
rawE              ::     596586     596586 0x00091a6a |0000|0000|0000|1001|0001|1010|0110|1010|
rawE (sign change)::     596586     596586 0x00091a6a |0000|0000|0000|1001|0001|1010|0110|1010|
Event.ehi=           18643 0x000048d3
Event.ehi=1864 (gain changed)
Event.LEDts =         362262819173
Event.CFDts =      268869055348748

---------
new GTheader at pos=264 or 132 words (140):
Event.hdr[ 0]=0x1f36,   7990
Event.hdr[ 1]=0x300a,  12298
Event.hdr[ 2]=0xf165,  61797
Event.hdr[ 3]=0x588b,  22667
Event.hdr[ 4]=0x0054,     84
Event.hdr[ 5]=0xcb3c,  52028
Event.hdr[ 6]=0x0e03,   3587
Event.hdr[ 7]=0x9321,  37665
Event.hdr[ 8]=0x0000,      0
Event.hdr[ 9]=0xd4a2,  54434
Event.hdr[10]=0xe402,  58370
Event.hdr[11]=0x06e3,   1763
Event.hdr[12]=0x37f4,  14324
Event.hdr[13]=0x0007,      7
Event.len=  44, Event.traceLen=  12 (in Bytes)
Event.len=  22, Event.traceLen=   6 (in 16 bit words)
Event.len=  11, Event.traceLen=   3 (in 32 bit words)
next start: 0xaaaaaaaa, pos= 308
0x1f36 module_id = 31 crystal_id = 0 digitizer_id = 3 chan_id = 6 ge_id = 124 channel = 36  -> is segment
ncrystal=1
wrote trace to CCpulse_010_00_01.xy
two's comp tempE  ::     248636     248636 0x0003cb3c |0000|0000|0000|0011|1100|1011|0011|1100|
rawE              ::     248636     248636 0x0003cb3c |0000|0000|0000|0011|1100|1011|0011|1100|
rawE (sign change)::     248636     248636 0x0003cb3c |0000|0000|0000|0011|1100|1011|0011|1100|
Event.ehi=            7769 0x00001e59
Event.ehi=776 (gain changed)
Event.LEDts =         362262819173
Event.CFDts =          42950393868

---------
new GTheader at pos=308 or 154 words (162):
Event.hdr[ 0]=0x1f37,   7991
Event.hdr[ 1]=0x300a,  12298
Event.hdr[ 2]=0xf165,  61797
Event.hdr[ 3]=0x588b,  22667
Event.hdr[ 4]=0x0054,     84
Event.hdr[ 5]=0x86c6,  34502
Event.hdr[ 6]=0x0e01,   3585
Event.hdr[ 7]=0x9321,  37665
Event.hdr[ 8]=0x0000,      0
Event.hdr[ 9]=0xd330,  54064
Event.hdr[10]=0xf800,  63488
Event.hdr[11]=0x01a8,    424
Event.hdr[12]=0xd930,  55600
Event.hdr[13]=0x0001,      1
Event.len=  44, Event.traceLen=  12 (in Bytes)
Event.len=  22, Event.traceLen=   6 (in 16 bit words)
Event.len=  11, Event.traceLen=   3 (in 32 bit words)
next start: 0xaaaaaaaa, pos= 352
0x1f37 module_id = 31 crystal_id = 0 digitizer_id = 3 chan_id = 7 ge_id = 124 channel = 37  -> is segment
ncrystal=1
wrote trace to CCpulse_010_00_01.xy
two's comp tempE  ::     100038     100038 0x000186c6 |0000|0000|0000|0001|1000|0110|1100|0110|
rawE              ::     100038     100038 0x000186c6 |0000|0000|0000|0001|1000|0110|1100|0110|
rawE (sign change)::     100038     100038 0x000186c6 |0000|0000|0000|0001|1000|0110|1100|0110|
Event.ehi=            3126 0x00000c36
Event.ehi=312 (gain changed)
Event.LEDts =         362262819173
Event.CFDts =          73015296012

---------
new GTheader at pos=352 or 176 words (184):
Event.hdr[ 0]=0x1f38,   7992
Event.hdr[ 1]=0x300a,  12298
Event.hdr[ 2]=0xf165,  61797
Event.hdr[ 3]=0x588b,  22667
Event.hdr[ 4]=0x0054,     84
Event.hdr[ 5]=0x88b1,  34993
Event.hdr[ 6]=0x1ff9,   8185
Event.hdr[ 7]=0x9321,  37665
Event.hdr[ 8]=0x0000,      0
Event.hdr[ 9]=0xb9a1,  47521
Event.hdr[10]=0x1bfc,   7164
Event.hdr[11]=0xf978,  63864
Event.hdr[12]=0xb2b3,  45747
Event.hdr[13]=0x07f2,   2034
Event.len=  44, Event.traceLen=  12 (in Bytes)
Event.len=  22, Event.traceLen=   6 (in 16 bit words)
Event.len=  11, Event.traceLen=   3 (in 32 bit words)
next start: 0xaaaaaaaa, pos= 396
0x1f38 module_id = 31 crystal_id = 0 digitizer_id = 3 chan_id = 8 ge_id = 124 channel = 38  -> is segment
ncrystal=1
wrote trace to CCpulse_010_00_01.xy
two's comp tempE  ::   16353457   16353457 0x00f988b1 |0000|0000|1111|1001|1000|1000|1011|0001|
rawE              :: 4294543537    -423759 0xfff988b1 |1111|1111|1111|1001|1000|1000|1011|0001|
rawE (sign change)::     423759     423759 0x0006774f |0000|0000|0000|0110|0111|0111|0100|1111|
Event.ehi=           13242 0x000033ba
Event.ehi=1324 (gain changed)
Event.LEDts =         362262819173
Event.CFDts =         528291725324

---------
new GTheader at pos=396 or 198 words (206):
Event.hdr[ 0]=0x1f39,   7993
Event.hdr[ 1]=0x300a,  12298
Event.hdr[ 2]=0xf165,  61797
Event.hdr[ 3]=0x588b,  22667
Event.hdr[ 4]=0x0054,     84
Event.hdr[ 5]=0x073b,   1851
Event.hdr[ 6]=0x0e00,   3584
Event.hdr[ 7]=0x9321,  37665
Event.hdr[ 8]=0x0000,      0
Event.hdr[ 9]=0xfa1f,  64031
Event.hdr[10]=0x59ff,  23039
Event.hdr[11]=0x1da1,   7585
Event.hdr[12]=0x387c,  14460
Event.hdr[13]=0x0034,     52
Event.len=  44, Event.traceLen=  12 (in Bytes)
Event.len=  22, Event.traceLen=   6 (in 16 bit words)
Event.len=  11, Event.traceLen=   3 (in 32 bit words)
0x1f39 module_id = 31 crystal_id = 0 digitizer_id = 3 chan_id = 9 ge_id = 124 channel = 39  -> is CC
ncrystal=1
wrote trace to CCpulse_010_00_01.xy
two's comp tempE  ::       1851       1851 0x0000073b |0000|0000|0000|0000|0000|0111|0011|1011|
rawE              ::       1851       1851 0x0000073b |0000|0000|0000|0000|0000|0111|0011|1011|
rawE (sign change)::       1851       1851 0x0000073b |0000|0000|0000|0000|0000|0111|0011|1011|
Event.ehi=              57 0x00000039
Event.ehi=5 (gain changed)
Event.LEDts =         362262819173
Event.CFDts =         240521707532
exit bin_mode3
*end of event # 10
+++++++++++++++++++++++++++++++
ev#    10 GEB_TYPE_GT_MOD29      440Bytes TS=362262842527 curTS=362262842377 dTS= 150
ev# 50000 GEB_TYPE_DECOMP        464Bytes TS=362802729231 curTS=362802729227 dTS= 4
ev# 50000 GEB_TYPE_DECOMP        464Bytes TS=362802729233 curTS=362802729227 dTS= 6
ev# 50000 GEB_TYPE_GT_MOD29      440Bytes TS=362802729465 curTS=362802729227 dTS= 238
ev# 100000 GEB_TYPE_GT_MOD29      440Bytes TS=363326201563 curTS=363326186593 dTS= 14970
ev# 150000 GEB_TYPE_DECOMP        464Bytes TS=363851234259 curTS=363851234085 dTS= 174
ev# 200000 GEB_TYPE_DECOMP        464Bytes TS=364377604839 curTS=364377604835 dTS= 4
ev# 200000 GEB_TYPE_DECOMP        464Bytes TS=364377645301 curTS=364377604835 dTS= 40466
ev# 250000 GEB_TYPE_GT_MOD29      440Bytes TS=364919391675 curTS=364919391317 dTS= 358
ev# 300000 GEB_TYPE_DECOMP        464Bytes TS=365468042687 curTS=365468021157 dTS= 21530
ev# 350000 GEB_TYPE_GT_MOD29      440Bytes TS=366034113637 curTS=366034078941 dTS= 34696
ev# 400000 GEB_TYPE_DECOMP        464Bytes TS=366607583097 curTS=366607576587 dTS= 6510
ev# 450000 GEB_TYPE_DECOMP        464Bytes TS=367170353029 curTS=367170353025 dTS= 4
ev# 450000 GEB_TYPE_GT_MOD29      440Bytes TS=367170353507 curTS=367170353025 dTS= 482
ev# 500000 GEB_TYPE_DECOMP        464Bytes TS=367735575071 curTS=367735575049 dTS= 22
ev# 500000 GEB_TYPE_DECOMP        464Bytes TS=367735575073 curTS=367735575049 dTS= 24
ev# 500000 GEB_TYPE_DECOMP        464Bytes TS=367735575163 curTS=367735575049 dTS= 114
ev# 500000 GEB_TYPE_DECOMP        464Bytes TS=367735575341 curTS=367735575049 dTS= 292
ev# 550000 GEB_TYPE_DECOMP        464Bytes TS=368305082145 curTS=368304978967 dTS= 103178
ev# 600000 GEB_TYPE_GT_MOD29      440Bytes TS=368878957637 curTS=368878956961 dTS= 676
ev# 650000 GEB_TYPE_DECOMP        464Bytes TS=369457016867 curTS=369457016845 dTS= 22
ev# 650000 GEB_TYPE_DECOMP        464Bytes TS=369457019917 curTS=369457016845 dTS= 3072
ev# 700000 GEB_TYPE_DECOMP        464Bytes TS=370039841513 curTS=370039833871 dTS= 7642
ev# 750000 GEB_TYPE_DECOMP        464Bytes TS=370633050199 curTS=370633050033 dTS= 166
ev# 800000 GEB_TYPE_DECOMP        464Bytes TS=371207947395 curTS=371207947097 dTS= 298
ev# 850000 GEB_TYPE_DECOMP        464Bytes TS=371786347095 curTS=371786347091 dTS= 4
ev# 850000 GEB_TYPE_DECOMP        464Bytes TS=371786347097 curTS=371786347091 dTS= 6
ev# 850000 GEB_TYPE_DECOMP        464Bytes TS=371786347097 curTS=371786347091 dTS= 6
ev# 850000 GEB_TYPE_DECOMP        464Bytes TS=371786347099 curTS=371786347091 dTS= 8
ev# 850000 GEB_TYPE_GT_MOD29      440Bytes TS=371786347141 curTS=371786347091 dTS= 50
ev# 850000 GEB_TYPE_DECOMP        464Bytes TS=371786352827 curTS=371786347091 dTS= 5736
ev# 900000 GEB_TYPE_DECOMP        464Bytes TS=372375851179 curTS=372375851075 dTS= 104
ev# 900000 GEB_TYPE_DECOMP        464Bytes TS=372375851271 curTS=372375851075 dTS= 196
ev# 950000 GEB_TYPE_GT_MOD29      440Bytes TS=372975612245 curTS=372975611923 dTS= 322

Sorting is done
attempting to save root or map file



mean observed polar and azimuth angles
for the detectors we saw (module,crystal)

------------------------------------------
mean pol/azi angle for detector  56 are   96.73/ 119.48
mean pol/azi angle for detector  57 are  100.41/ 138.29
mean pol/azi angle for detector  58 are   83.42/ 132.65
mean pol/azi angle for detector  59 are   79.55/ 114.01
mean pol/azi angle for detector  60 are   87.40/ 152.67
mean pol/azi angle for detector  61 are  105.23/ 157.70
mean pol/azi angle for detector  62 are   93.12/ 168.27
mean pol/azi angle for detector  63 are   73.83/ 166.00
mean pol/azi angle for detector  68 are   87.15/-134.96
mean pol/azi angle for detector  69 are  105.26/-129.98
mean pol/azi angle for detector  70 are   92.89/-116.90
mean pol/azi angle for detector  71 are   74.13/-121.86
mean pol/azi angle for detector  76 are   87.41/ -63.18
mean pol/azi angle for detector  77 are  105.23/ -58.12
mean pol/azi angle for detector  78 are   92.94/ -45.02
mean pol/azi angle for detector  79 are   74.22/ -49.85
mean pol/azi angle for detector  84 are  112.27/  33.61
mean pol/azi angle for detector  85 are  125.21/  17.36
mean pol/azi angle for detector  86 are  130.66/  39.23
mean pol/azi angle for detector  87 are  115.85/  52.97
mean pol/azi angle for detector  88 are  112.39/ 105.51
mean pol/azi angle for detector  89 are  124.94/  89.33
mean pol/azi angle for detector  90 are  130.77/ 111.16
mean pol/azi angle for detector  91 are  115.78/ 125.02
mean pol/azi angle for detector  96 are  112.55/-110.65
mean pol/azi angle for detector  97 are  124.84/-126.64
mean pol/azi angle for detector  98 are  130.91/-104.92
mean pol/azi angle for detector  99 are  115.83/ -91.00
mean pol/azi angle for detector 100 are  112.39/ -38.58
mean pol/azi angle for detector 101 are  124.74/ -55.03
mean pol/azi angle for detector 102 are  130.67/ -33.02
mean pol/azi angle for detector 103 are  115.79/ -19.10
mean pol/azi angle for detector 104 are  144.46/  88.30
mean pol/azi angle for detector 105 are  132.71/  65.84
mean pol/azi angle for detector 106 are  148.91/  53.94
mean pol/azi angle for detector 107 are  162.37/  88.38
mean pol/azi angle for detector 108 are  144.77/ 160.19
mean pol/azi angle for detector 109 are  132.72/ 137.97
mean pol/azi angle for detector 110 are  149.56/ 125.45
mean pol/azi angle for detector 111 are  162.29/ 110.28
mean pol/azi angle for detector 116 are  144.44/ -55.90
mean pol/azi angle for detector 117 are  132.56/ -78.25
mean pol/azi angle for detector 118 are  148.94/ -90.33
mean pol/azi angle for detector 119 are  162.38/ -56.11
we found 44 crystals
------------------------------------------

minimum pol angle between crystals is  18.65
compactness =  64.39%, 85 of 264
module hit statistics
module  14, crystal 0 was hit      85993 times
module  14, crystal 1 was hit      92667 times
module  14, crystal 2 was hit      89083 times
module  14, crystal 3 was hit      79866 times
module  15, crystal 0 was hit      91617 times
module  15, crystal 1 was hit      83487 times
module  15, crystal 2 was hit      78927 times
module  15, crystal 3 was hit      82101 times
module  17, crystal 0 was hit      68325 times
module  17, crystal 1 was hit      66831 times
module  17, crystal 2 was hit      67657 times
module  17, crystal 3 was hit      69372 times
module  19, crystal 0 was hit      64822 times
module  19, crystal 1 was hit      66520 times
module  19, crystal 2 was hit      79119 times
module  19, crystal 3 was hit      76036 times
module  21, crystal 0 was hit      78387 times
module  21, crystal 1 was hit      69582 times
module  21, crystal 2 was hit      80928 times
module  21, crystal 3 was hit      77328 times
module  22, crystal 0 was hit      85183 times
module  22, crystal 1 was hit      78225 times
module  22, crystal 2 was hit      88264 times
module  22, crystal 3 was hit      81733 times
module  24, crystal 0 was hit      70358 times
module  24, crystal 1 was hit      68317 times
module  24, crystal 2 was hit      72204 times
module  24, crystal 3 was hit      65370 times
module  25, crystal 0 was hit      67927 times
module  25, crystal 1 was hit      70073 times
module  25, crystal 2 was hit      68427 times
module  25, crystal 3 was hit      66462 times
module  26, crystal 0 was hit      78349 times
module  26, crystal 1 was hit      76328 times
module  26, crystal 2 was hit      75792 times
module  26, crystal 3 was hit      71185 times
module  27, crystal 0 was hit      81247 times
module  27, crystal 1 was hit      78772 times
module  27, crystal 2 was hit      80183 times
module  27, crystal 3 was hit      73900 times
module  29, crystal 0 was hit      66971 times
module  29, crystal 1 was hit      66031 times
module  29, crystal 2 was hit      72608 times
module  29, crystal 3 was hit      65694 times

bin_mode2: pad distribution
__id   0,      1441609, 93.94%
__id   2,          153,  0.01%
__id   3,          461,  0.03%
__id   4,          441,  0.03%
__id   5,         2819,  0.18%
__id   6,         7811,  0.51%
__id 128,        81106,  5.29%
__id 133,          138,  0.01%

bin_mode2 calculated mean CCsum energy to be  753.260 keV
bin_mode2 calculated mean CCadd energy to be 1100.795 keV
attempting to close root file...
Pars.f1->Write();
Pars.f1->Print();
TFile: name=/lcrc/project/HELIOS/gretinafma/root_data/run151.root, title=, option=CREATE
TH1.Print Name  = dtbtev, Entries= 1982719, Total sum= 1.98272e+06
TH1.Print Name  = T0, Entries= 0, Total sum= 0
TH1.Print Name  = hitpat, Entries= 1441609, Total sum= 1.44161e+06
TH1.Print Name  = numHitArray2, Entries= 1000000, Total sum= 722633
TH1.Print Name  = CCmult, Entries= 1000000, Total sum= 1e+06
TH1.Print Name  = CCsum, Entries= 3318162, Total sum= 1.44159e+06
TH1.Print Name  = hit2, Entries= 159751, Total sum= 159561
TH1.Print Name  = hit3, Entries= 86123, Total sum= 85504
TH1.Print Name  = hit4, Entries= 47937, Total sum= 46827
TH1.Print Name  = CCsum_nodop, Entries= 3318162, Total sum= 1.44159e+06
TH1.Print Name  = CCadd, Entries= 1000000, Total sum= 714119
TH1.Print Name  = SEGadd_FPGA, Entries= 200000000, Total sum= 1.44098e+06
TH1.Print Name  = SEGadd_PSA, Entries= 200000000, Total sum= 1.43372e+06
TH1.Print Name  = SEGsum_FPGA, Entries= 2232427, Total sum= 2.23201e+06
TH1.Print Name  = SEGsum_PSA, Entries= 3318251, Total sum= 3.2922e+06
TH1.Print Name  = radius_all, Entries= 3318247, Total sum= 3.31825e+06
TH1.Print Name  = rate_mode2_min, Entries= 1441608, Total sum= 24026.8
TH1.Print Name  = rate_mode2_sec, Entries= 1441608, Total sum= 1.44161e+06
TH1.Print Name  = rate_mode2_intp, Entries= 1441608, Total sum= 55304.1
TH1.Print Name  = cdtbtev, Entries= 371254, Total sum= 371254
TH1.Print Name  = evsr_all, Entries= 3318247, Total sum= 3.24111e+06
TH1.Print Name  = SMAP_allhits, Entries= 3318251, Total sum= 3.31825e+06
TH1.Print Name  = SMAP_allhits_sq, Entries= 3318251, Total sum= 3.31825e+06
TH1.Print Name  = seghitpat, Entries= 3318251, Total sum= 3.31825e+06
TH1.Print Name  = CCe, Entries= 3318162, Total sum= 1.44159e+06
TH1.Print Name  = ggCC, Entries= 2926926, Total sum= 2.56124e+06
TH1.Print Name  = z_plot, Entries= 3318251, Total sum= 3.31509e+06
TH1.Print Name  = crystal_hit, Entries= 0, Total sum= 0
TH1.Print Name  = SegE, Entries= 3317603, Total sum= 3.3176e+06
TH1.Print Name  = crXcr, Entries= 1463463, Total sum= 1.46346e+06
******************************************************************************
*Tree    :tree      : tree                                                   *
*Entries :  1000000 : Total =       153809598 bytes  File  Size =   37939821 *
*        :          : Tree compression factor =   4.06                       *
******************************************************************************
*Br    0 :runNumber : runNumber/I                                            *
*Entries :  1000000 : Total  Size=    4010125 bytes  File Size  =      30390 *
*Baskets :       98 : Basket Size=    1334784 bytes  Compression= 131.87     *
*............................................................................*
*Br    1 :numHits   : numHits/I                                              *
*Entries :  1000000 : Total  Size=    4009921 bytes  File Size  =      30191 *
*Baskets :       98 : Basket Size=    1334784 bytes  Compression= 132.73     *
*............................................................................*
*Br    2 :left      : left[numHits]/F                                        *
*Entries :  1000000 : Total  Size=    8030377 bytes  File Size  =    2883036 *
*Baskets :      291 : Basket Size=    8844800 bytes  Compression=   2.78     *
*............................................................................*
*Br    3 :right     : right[numHits]/F                                       *
*Entries :  1000000 : Total  Size=    8030672 bytes  File Size  =    2863971 *
*Baskets :      291 : Basket Size=    8844800 bytes  Compression=   2.80     *
*............................................................................*
*Br    4 :up        : up[numHits]/F                                          *
*Entries :  1000000 : Total  Size=    8029787 bytes  File Size  =    2847875 *
*Baskets :      291 : Basket Size=    8844800 bytes  Compression=   2.82     *
*............................................................................*
*Br    5 :down      : down[numHits]/F                                        *
*Entries :  1000000 : Total  Size=    8030377 bytes  File Size  =    2869339 *
*Baskets :      291 : Basket Size=    8844800 bytes  Compression=   2.80     *
*............................................................................*
*Br    6 :e1        : e1[numHits]/F                                          *
*Entries :  1000000 : Total  Size=    8029787 bytes  File Size  =    2765114 *
*Baskets :      291 : Basket Size=    8844800 bytes  Compression=   2.90     *
*............................................................................*
*Br    7 :e2        : e2[numHits]/F                                          *
*Entries :  1000000 : Total  Size=    8029787 bytes  File Size  =    2720801 *
*Baskets :      291 : Basket Size=    8844800 bytes  Compression=   2.95     *
*............................................................................*
*Br    8 :e3        : e3[numHits]/F                                          *
*Entries :  1000000 : Total  Size=    8029787 bytes  File Size  =    2687485 *
*Baskets :      291 : Basket Size=    8844800 bytes  Compression=   2.99     *
*............................................................................*
*Br    9 :tac       : tac[numHits]/F                                         *
*Entries :  1000000 : Total  Size=    8030082 bytes  File Size  =    2445422 *
*Baskets :      291 : Basket Size=    8844800 bytes  Compression=   3.28     *
*............................................................................*
*Br   10 :fmaDeltaTime : fmaDeltaTime[numHits]/F                             *
*Entries :  1000000 : Total  Size=    8032848 bytes  File Size  =    2693124 *
*Baskets :      292 : Basket Size=    8845824 bytes  Compression=   2.98     *
*............................................................................*
*Br   11 :fmaMult   : fmaMult[10]/I                                          *
*Entries :  1000000 : Total  Size=   40095189 bytes  File Size  =    1053229 *
*Baskets :      968 : Basket Size=   25600000 bytes  Compression=  38.05     *
*............................................................................*
*Br   12 :gammaMult : gammaMult/I                                            *
*Entries :  1000000 : Total  Size=    4010125 bytes  File Size  =     704367 *
*Baskets :       98 : Basket Size=    1334784 bytes  Compression=   5.69     *
*............................................................................*
*Br   13 :gammaEnergy : gammaEnergy[gammaMult]/F                             *
*Entries :  1000000 : Total  Size=    9803616 bytes  File Size  =    6873219 *
*Baskets :      334 : Basket Size=    9439232 bytes  Compression=   1.43     *
*............................................................................*
*Br   14 :gammaTimestamp : gammaTimestamp[gammaMult]/F                       *
*Entries :  1000000 : Total  Size=    9804743 bytes  File Size  =    2338948 *
*Baskets :      335 : Basket Size=    9439744 bytes  Compression=   4.19     *
*............................................................................*
*Br   15 :deltaTime : deltaTime[gammaMult]/F                                 *
*Entries :  1000000 : Total  Size=    9802940 bytes  File Size  =    2092053 *
*Baskets :      334 : Basket Size=    9438720 bytes  Compression=   4.68     *
*............................................................................*
TH1.Print Name  = eCC_a, Entries= 0, Total sum= 0
TH1.Print Name  = eCC_b, Entries= 0, Total sum= 0
TH1.Print Name  = eCC_c, Entries= 0, Total sum= 0
TH1.Print Name  = eCC_d, Entries= 130879, Total sum= 0
TH1.Print Name  = eSeg, Entries= 0, Total sum= 0
TH1.Print Name  = mode3_hitpat, Entries= 4456426, Total sum= 0
TH1.Print Name  = mode3_hitpat_chan, Entries= 4456426, Total sum= 4.45643e+06
TH1.Print Name  = chan0, Entries= 0, Total sum= 0
TH1.Print Name  = module, Entries= 4456426, Total sum= 4.45643e+06
TH1.Print Name  = chan, Entries= 4456426, Total sum= 4.45339e+06
TH1.Print Name  = l, Entries= 445642, Total sum= 445582
TH1.Print Name  = r, Entries= 445643, Total sum= 445635
TH1.Print Name  = up, Entries= 445643, Total sum= 445643
TH1.Print Name  = down, Entries= 445642, Total sum= 445642
TH1.Print Name  = sumlr, Entries= 432935, Total sum= 432935
TH1.Print Name  = sumud, Entries= 415434, Total sum= 415434
TH1.Print Name  = x, Entries= 432935, Total sum= 432935
TH1.Print Name  = y, Entries= 415434, Total sum= 415434
TH1.Print Name  = de1, Entries= 445643, Total sum= 445619
TH1.Print Name  = de2, Entries= 445642, Total sum= 445642
TH1.Print Name  = de3, Entries= 445643, Total sum= 444457
TH1.Print Name  = de12, Entries= 383883, Total sum= 383883
TH1.Print Name  = etot, Entries= 383883, Total sum= 383883
TH1.Print Name  = rftof, Entries= 445642, Total sum= 444085
TH1.Print Name  = lr, Entries= 1000000, Total sum= 999933
TH1.Print Name  = ud, Entries= 1000000, Total sum= 1e+06
TH1.Print Name  = ede1, Entries= 383883, Total sum= 383883
TH1.Print Name  = ede1g, Entries= 70857, Total sum= 70853
TH1.Print Name  = ede2, Entries= 383883, Total sum= 383883
TH1.Print Name  = ede12, Entries= 383883, Total sum= 383883
TH1.Print Name  = xde1, Entries= 383883, Total sum= 383883
TH1.Print Name  = erftof, Entries= 1000000, Total sum= 998443
TH1.Print Name  = erftofg, Entries= 30171, Total sum= 30107
TH1.Print Name  = sumehi, Entries= 1441609, Total sum= 1.4416e+06
TH1.Print Name  = tgppac, Entries= 1441609, Total sum= 379326
TH1.Print Name  = tgppacg, Entries= 70857, Total sum= 70857
TH1.Print Name  = xehi1, Entries= 1441609, Total sum= 1.4416e+06
TH1.Print Name  = xehi1g, Entries= 70857, Total sum= 70857
TH1.Print Name  = de1ehi, Entries= 1441609, Total sum= 1.44156e+06
TH1.Print Name  = de1ehig, Entries= 70857, Total sum= 70853
TH1.Print Name  = ng, Entries= 1000000, Total sum= 1e+06
TH1.Print Name  = ehiz1, Entries= 0, Total sum= 0
TH1.Print Name  = ehiz2, Entries= 0, Total sum= 0
TH1.Print Name  = ehiz3, Entries= 0, Total sum= 0
TH1.Print Name  = ehiz4, Entries= 0, Total sum= 0
TH1.Print Name  = ehiz5, Entries= 0, Total sum= 0
TH1.Print Name  = gg_dt, Entries= 86134, Total sum= 86134
TH1.Print Name  = gg, Entries= 172268, Total sum= 170008
TH1.Print Name  = gg_z1, Entries= 0, Total sum= 0
TH1.Print Name  = gg_z2, Entries= 0, Total sum= 0
TH1.Print Name  = gg_z3, Entries= 0, Total sum= 0
TH1.Print Name  = gg_z4, Entries= 0, Total sum= 0
TH1.Print Name  = gg_z5, Entries= 0, Total sum= 0
Pars.f1->Close();
done saving rootfile "/lcrc/project/HELIOS/gretinafma/root_data/run151.root


read 1000000 events; Pars.beta=0.0330; time since last update 1 minutes
CommandFileName="GEBSort.command"

sorted timestamp range 362262648227-->373533568967: 11270920740
that is 112.7 seconds or 0h1m52s
^^^^^ any timestamp jumps will upset this accounting

hit statistics per type
 1 GEB_TYPE_DECOMP          1534538 ;  13615.02 Hz 
 8 GEB_TYPE_GT_MOD29         448181 ;   3976.44 Hz 
read a total of              1982719 ; header/payloads


nn1=0
nn2=1982720
nn3=1982720

nok_validate= 1000000, ntot_validate=1000000; validate fraction 100.00%

bytes read=939832360, 896.293983 MB

boniva sancta! ...GEBSort (unexpectedly) did not crash!

 ** GEBSort is done at 
