started GEBSort at we have 9 arguments
1... -input
will take input from disk
file size is 34534927392 bytes or 33725 MBytes

4... -rootfile
rootfile name specified on command line
__will store spectra in rootfile: /lcrc/project/HELIOS/gretinafma/root_data/run152.root
will recreate root file
7... -chat
core file size          (blocks, -c) unlimited
data seg size           (kbytes, -d) unlimited
scheduling priority             (-e) 0
file size               (blocks, -f) unlimited
pending signals                 (-i) 510315
max locked memory       (kbytes, -l) unlimited
max memory size         (kbytes, -m) 128769024
open files                      (-n) 51200
pipe size            (512 bytes, -p) 8
POSIX message queues     (bytes, -q) 819200
real-time priority              (-r) 0
stack size              (kbytes, -s) unlimited
cpu time               (seconds, -t) unlimited
max user processes              (-u) 4096
virtual memory          (kbytes, -v) unlimited
file locks                      (-x) unlimited
will read sorting instructions from chatfile: GEBSort.chat

executing UserDeclare.h code


GEBsort running on: 

initializing

crmat.LINUX is open (input) binary format
read 7936 bytes into Pars.crmat
chat file: <GEBSort.chat> open

will sort a max of 1410065408 events
will sort a max of 1000000 events
will sort 86400 minutes of data
will print details of the first 10 events
will use Pars.Beta (v/c) correction of 0.033000
will sort using a time window of 150
Pars.do_bin_mode2=1
Pars.do_bin_mode3=1
will accept second interaction range between 10.000000 and 500.000000 mm
"1-200"
detector   1 is ENABLED
detector   2 is ENABLED
detector   3 is ENABLED
detector   4 is ENABLED
detector   5 is ENABLED
detector   6 is ENABLED
detector   7 is ENABLED
detector   8 is ENABLED
detector   9 is ENABLED
detector  10 is ENABLED
detector  11 is ENABLED
detector  12 is ENABLED
detector  13 is ENABLED
detector  14 is ENABLED
detector  15 is ENABLED
detector  16 is ENABLED
detector  17 is ENABLED
detector  18 is ENABLED
detector  19 is ENABLED
detector  20 is ENABLED
detector  21 is ENABLED
detector  22 is ENABLED
detector  23 is ENABLED
detector  24 is ENABLED
detector  25 is ENABLED
detector  26 is ENABLED
detector  27 is ENABLED
detector  28 is ENABLED
detector  29 is ENABLED
detector  30 is ENABLED
detector  31 is ENABLED
detector  32 is ENABLED
detector  33 is ENABLED
detector  34 is ENABLED
detector  35 is ENABLED
detector  36 is ENABLED
detector  37 is ENABLED
detector  38 is ENABLED
detector  39 is ENABLED
detector  40 is ENABLED
detector  41 is ENABLED
detector  42 is ENABLED
detector  43 is ENABLED
detector  44 is ENABLED
detector  45 is ENABLED
detector  46 is ENABLED
detector  47 is ENABLED
detector  48 is ENABLED
detector  49 is ENABLED
detector  50 is ENABLED
detector  51 is ENABLED
detector  52 is ENABLED
detector  53 is ENABLED
detector  54 is ENABLED
detector  55 is ENABLED
detector  56 is ENABLED
detector  57 is ENABLED
detector  58 is ENABLED
detector  59 is ENABLED
detector  60 is ENABLED
detector  61 is ENABLED
detector  62 is ENABLED
detector  63 is ENABLED
detector  64 is ENABLED
detector  65 is ENABLED
detector  66 is ENABLED
detector  67 is ENABLED
detector  68 is ENABLED
detector  69 is ENABLED
detector  70 is ENABLED
detector  71 is ENABLED
detector  72 is ENABLED
detector  73 is ENABLED
detector  74 is ENABLED
detector  75 is ENABLED
detector  76 is ENABLED
detector  77 is ENABLED
detector  78 is ENABLED
detector  79 is ENABLED
detector  80 is ENABLED
detector  81 is ENABLED
detector  82 is ENABLED
detector  83 is ENABLED
detector  84 is ENABLED
detector  85 is ENABLED
detector  86 is ENABLED
detector  87 is ENABLED
detector  88 is ENABLED
detector  89 is ENABLED
detector  90 is ENABLED
detector  91 is ENABLED
detector  92 is ENABLED
detector  93 is ENABLED
detector  94 is ENABLED
detector  95 is ENABLED
detector  96 is ENABLED
detector  97 is ENABLED
detector  98 is ENABLED
detector  99 is ENABLED
detector 100 is ENABLED
detector 101 is ENABLED
detector 102 is ENABLED
detector 103 is ENABLED
detector 104 is ENABLED
detector 105 is ENABLED
detector 106 is ENABLED
detector 107 is ENABLED
detector 108 is ENABLED
detector 109 is ENABLED
detector 110 is ENABLED
detector 111 is ENABLED
detector 112 is ENABLED
detector 113 is ENABLED
detector 114 is ENABLED
detector 115 is ENABLED
detector 116 is ENABLED
detector 117 is ENABLED
detector 118 is ENABLED
detector 119 is ENABLED
detector 120 is ENABLED
detector 121 is ENABLED
detector 122 is ENABLED
detector 123 is ENABLED
detector 124 is ENABLED
detector 125 is ENABLED
detector 126 is ENABLED
detector 127 is ENABLED
detector 128 is ENABLED
detector 129 is ENABLED
detector 130 is ENABLED
detector 131 is ENABLED
detector 132 is ENABLED
detector 133 is ENABLED
detector 134 is ENABLED
detector 135 is ENABLED
detector 136 is ENABLED
detector 137 is ENABLED
detector 138 is ENABLED
detector 139 is ENABLED
detector 140 is ENABLED
detector 141 is ENABLED
detector 142 is ENABLED
detector 143 is ENABLED
detector 144 is ENABLED
detector 145 is ENABLED
detector 146 is ENABLED
detector 147 is ENABLED
detector 148 is ENABLED
detector 149 is ENABLED
detector 150 is ENABLED
detector 151 is ENABLED
detector 152 is ENABLED
detector 153 is ENABLED
detector 154 is ENABLED
detector 155 is ENABLED
detector 156 is ENABLED
detector 157 is ENABLED
detector 158 is ENABLED
detector 159 is ENABLED
detector 160 is ENABLED
detector 161 is ENABLED
detector 162 is ENABLED
detector 163 is ENABLED
detector 164 is ENABLED
detector 165 is ENABLED
detector 166 is ENABLED
detector 167 is ENABLED
detector 168 is ENABLED
detector 169 is ENABLED
detector 170 is ENABLED
detector 171 is ENABLED
detector 172 is ENABLED
detector 173 is ENABLED
detector 174 is ENABLED
detector 175 is ENABLED
detector 176 is ENABLED
detector 177 is ENABLED
detector 178 is ENABLED
detector 179 is ENABLED
detector 180 is ENABLED
detector 181 is ENABLED
detector 182 is ENABLED
detector 183 is ENABLED
detector 184 is ENABLED
detector 185 is ENABLED
detector 186 is ENABLED
detector 187 is ENABLED
detector 188 is ENABLED
detector 189 is ENABLED
detector 190 is ENABLED
detector 191 is ENABLED
detector 192 is ENABLED
detector 193 is ENABLED
detector 194 is ENABLED
detector 195 is ENABLED
detector 196 is ENABLED
detector 197 is ENABLED
detector 198 is ENABLED
detector 199 is ENABLED
WARNING: could not open CCcal file "CCenergy.cal", quit
will use beam direction 0.000000 0.000000 1.000000
vector length= 1.000000, normalizing
will use beam direction 0.000000 0.000000 1.000000
Pars.ndetlimlo=1,Pars.ndetlimhi=8
will require mult bt: 1 20
fomlimits, 1, 0.00 ..to.. 0.80
fomlimits, 2, 0.00 ..to.. 0.80
fomlimits, 3, 0.00 ..to.. 0.80
fomlimits, 4, 0.00 ..to.. 0.80
fomlimits, 5, 0.00 ..to.. 0.80
fomlimits, 6, 0.00 ..to.. 0.80
fomlimits, 7, 0.00 ..to.. 0.80
will use M= 350.000000 in bin_dgs
will use PZ file "dgs_pz.cal" in bin_dgs
will use ecal file "dgs_ehi.cal" in bin_dgs
will skip rest of chat file

chat file: <GEBSort.chat> closed
processed 39 sort instructions and 198 lines


sorting this:
Pars.do_bin_mode3 = 1
Pars.do_bin_mode2 = 1
Pars.do_bin_mode1 = 0
Pars.do_bin_dgs = 0
Pars.do_bin_dfma = 0
Pars.do_bin_gtcal = 0
Pars.do_bin_template = 0
Pars.do_bin_final = 0
Pars.do_bin_angcor = 0
Pars.do_bin_angdis = 0
checking proper input of chat file...
input file "/lcrc/project/HELIOS/gretinafma/merged_data/GEBMerged_run152.gtd_000" is open, inData=0x25686a60
file size is 175189024 bytes or 171 MBs 
input source is set up, supposedly

xyz offset values:

executing ShareMemFileUserInit.h code

deleted \rm -f GEBSort.command
root file </lcrc/project/HELIOS/gretinafma/root_data/run152.root>
base=</lcrc/project/HELIOS/gretinafma/root_data/run152.root:/>
TFile: name=/lcrc/project/HELIOS/gretinafma/root_data/run152.root, title=, option=CREATE

executing UserInit.h code

Created Object "dtbtev", 0x266dcb10
Created Object "T0", 0x266dcf20
, "T0"Created Object "hitpat", 0x266dd310
, "hitpat"Created Object "numHitArray2", 0x266ddd60
, "numHitArray2"Created Object "CCmult", 0x266de890
, "CC Multiplicity"Created Object "CCsum", 0x269afd00
, "CCsum"Created Object "hit2", 0x269bfb10
, "hit2"Created Object "hit3", 0x269cf920
, "hit3"Created Object "hit4", 0x269df730
, "hit4"Created Object "CCsum_nodop", 0x269ef540
, "CCsum_nodop"Created Object "CCadd", 0x269ff350
, "CCadd"Created Object "SEGadd_FPGA", 0x26a0f160
Created Object "SEGadd_PSA", 0x26a0f570
Created Object "SEGsum_FPGA", 0x26a0f980
Created Object "SEGsum_PSA", 0x26a0fd90
Created Object "radius_all", 0x26a101a0
, "radius (all points)"Created Object "rate_mode2_min", 0x26a185b0
, "rate_mode2_min headers"Created Object "rate_mode2_sec", 0x26a1b6c0
, "rate_mode2_sec headers"Created Object "rate_mode2_intp", 0x26a1e7d0
, "rate_mode2 interaction points"Created Object "cdtbtev", 0x26a218e0
Created Object "evsr_all", 0x26ae7790
Created Object "SMAP_allhits", 0x26ae7cd0
Created Object "SMAP_allhits_sq", 0x26be7660
Created Object "seghitpat", 0x26ce6ff0
Created Object "CCe", 0x26cef3f0
Created Object "ggCC", 0x26cef9a0
Created Object "z_plot", 0x26ceff50
Created Object "crystal_hit", 0x26da3620
Created Object "SegE", 0x26da3bf0
Created Object "crXcr", 0x26da4130
MAXDETPOS=180
Created Object "eCC_a", 0x26e91b60
Created Object "eCC_b", 0x26e91f70
Created Object "eCC_c", 0x26e923e0
Created Object "eCC_d", 0x26e92990
Created Object "eSeg", 0x26e92ed0
Created Object "mode3_hitpat", 0x26e93480
, "mode3_hitpat"Created Object "mode3_hitpat_chan", 0x26e93df0
, "mode3_hitpat_chan"Created Object "chan0", 0x26e94520
, "chan0"Created Object "module", 0x26ea8350
, "module"Created Object "chan", 0x26ebc180
Created Object "l", 0x26f31aa0
, "l"Created Object "r", 0x26f458d0
, "r"Created Object "up", 0x26f59690
, "up"Created Object "down", 0x26f6d450
, "down"Created Object "sumlr", 0x26f81280
, "sumlr"Created Object "sumud", 0x26f950b0
, "sumud"Created Object "x", 0x26fa8ee0
, "x"Created Object "y", 0x26fbcd10
, "y"Created Object "de1", 0x26fd0b40
, "de1"Created Object "de2", 0x26fe4900
, "de2"Created Object "de3", 0x26ff86c0
, "de3"Created Object "de12", 0x2700c4f0
, "de12"Created Object "etot", 0x27020320
, "etot"Created Object "rftof", 0x270340e0
, "rftof"Created Object "lr", 0x27047ea0
Created Object "ud", 0x270483e0
Created Object "ede1", 0x27048920
Created Object "ede1g", 0x27048e60
Created Object "ede2", 0x27049410
Created Object "ede12", 0x270499c0
Created Object "xde1", 0x27049f70
Created Object "erftof", 0x2704a4b0
Created Object "erftofg", 0x2704a9f0
Created Object "sumehi", 0x2704afa0
, "sumehi"Created Object "tgppac", 0x2705ed60
, "tgppac"Created Object "tgppacg", 0x27086410
, "tgppacg"Created Object "xehi1", 0x270adac0
Created Object "xehi1g", 0x270ae000
Created Object "de1ehi", 0x270ae5b0
Created Object "de1ehig", 0x270aeaf0
Created Object "ng", 0x270af030
, "ng"Created Object "ehiz1", 0x270c2df0
, "ehiz1"Created Object "ehiz2", 0x270d6bb0
, "ehiz2"Created Object "ehiz3", 0x270ea9e0
, "ehiz3"Created Object "ehiz4", 0x270fe810
, "ehiz4"Created Object "ehiz5", 0x27112640
, "ehiz5"Created Object "gg_dt", 0x27126400
, "gg_dt"Created Object "gg", 0x2712a830
Created Object "gg_z1", 0x2712ade0
Created Object "gg_z2", 0x2712b390
Created Object "gg_z3", 0x2712b940
Created Object "gg_z4", 0x2712bef0
Created Object "gg_z5", 0x2712c430
we have define the following ROOT spectra:
Collection name='THashList', class='THashList', size=84
 TH1.Print Name  = dtbtev, Entries= 0, Total sum= 0
 TH1.Print Name  = T0, Entries= 0, Total sum= 0
 TH1.Print Name  = hitpat, Entries= 0, Total sum= 0
 TH1.Print Name  = numHitArray2, Entries= 0, Total sum= 0
 TH1.Print Name  = CCmult, Entries= 0, Total sum= 0
 TH1.Print Name  = CCsum, Entries= 0, Total sum= 0
 TH1.Print Name  = hit2, Entries= 0, Total sum= 0
 TH1.Print Name  = hit3, Entries= 0, Total sum= 0
 TH1.Print Name  = hit4, Entries= 0, Total sum= 0
 TH1.Print Name  = CCsum_nodop, Entries= 0, Total sum= 0
 TH1.Print Name  = CCadd, Entries= 0, Total sum= 0
 TH1.Print Name  = SEGadd_FPGA, Entries= 0, Total sum= 0
 TH1.Print Name  = SEGadd_PSA, Entries= 0, Total sum= 0
 TH1.Print Name  = SEGsum_FPGA, Entries= 0, Total sum= 0
 TH1.Print Name  = SEGsum_PSA, Entries= 0, Total sum= 0
 TH1.Print Name  = radius_all, Entries= 0, Total sum= 0
 TH1.Print Name  = rate_mode2_min, Entries= 0, Total sum= 0
 TH1.Print Name  = rate_mode2_sec, Entries= 0, Total sum= 0
 TH1.Print Name  = rate_mode2_intp, Entries= 0, Total sum= 0
 TH1.Print Name  = cdtbtev, Entries= 0, Total sum= 0
 TH1.Print Name  = evsr_all, Entries= 0, Total sum= 0
 TH1.Print Name  = SMAP_allhits, Entries= 0, Total sum= 0
 TH1.Print Name  = SMAP_allhits_sq, Entries= 0, Total sum= 0
 TH1.Print Name  = seghitpat, Entries= 0, Total sum= 0
 TH1.Print Name  = CCe, Entries= 0, Total sum= 0
 TH1.Print Name  = ggCC, Entries= 0, Total sum= 0
 TH1.Print Name  = z_plot, Entries= 0, Total sum= 0
 TH1.Print Name  = crystal_hit, Entries= 0, Total sum= 0
 TH1.Print Name  = SegE, Entries= 0, Total sum= 0
 TH1.Print Name  = crXcr, Entries= 0, Total sum= 0
 ******************************************************************************
*Tree    :tree      : tree                                                   *
*Entries :        0 : Total =            8461 bytes  File  Size =          0 *
*        :          : Tree compression factor =   1.00                       *
******************************************************************************
*Br    0 :runNumber : runNumber/I                                            *
*Entries :        0 : Total  Size=        501 bytes  One basket in memory    *
*Baskets :        0 : Basket Size=      32000 bytes  Compression=   1.00     *
*............................................................................*
*Br    1 :numHits   : numHits/I                                              *
*Entries :        0 : Total  Size=        493 bytes  One basket in memory    *
*Baskets :        0 : Basket Size=      32000 bytes  Compression=   1.00     *
*............................................................................*
*Br    2 :left      : left[numHits]/F                                        *
*Entries :        0 : Total  Size=        580 bytes  One basket in memory    *
*Baskets :        0 : Basket Size=      32000 bytes  Compression=   1.00     *
*............................................................................*
*Br    3 :right     : right[numHits]/F                                       *
*Entries :        0 : Total  Size=        584 bytes  One basket in memory    *
*Baskets :        0 : Basket Size=      32000 bytes  Compression=   1.00     *
*............................................................................*
*Br    4 :up        : up[numHits]/F                                          *
*Entries :        0 : Total  Size=        572 bytes  One basket in memory    *
*Baskets :        0 : Basket Size=      32000 bytes  Compression=   1.00     *
*............................................................................*
*Br    5 :down      : down[numHits]/F                                        *
*Entries :        0 : Total  Size=        580 bytes  One basket in memory    *
*Baskets :        0 : Basket Size=      32000 bytes  Compression=   1.00     *
*............................................................................*
*Br    6 :e1        : e1[numHits]/F                                          *
*Entries :        0 : Total  Size=        572 bytes  One basket in memory    *
*Baskets :        0 : Basket Size=      32000 bytes  Compression=   1.00     *
*............................................................................*
*Br    7 :e2        : e2[numHits]/F                                          *
*Entries :        0 : Total  Size=        572 bytes  One basket in memory    *
*Baskets :        0 : Basket Size=      32000 bytes  Compression=   1.00     *
*............................................................................*
*Br    8 :e3        : e3[numHits]/F                                          *
*Entries :        0 : Total  Size=        572 bytes  One basket in memory    *
*Baskets :        0 : Basket Size=      32000 bytes  Compression=   1.00     *
*............................................................................*
*Br    9 :tac       : tac[numHits]/F                                         *
*Entries :        0 : Total  Size=        576 bytes  One basket in memory    *
*Baskets :        0 : Basket Size=      32000 bytes  Compression=   1.00     *
*............................................................................*
*Br   10 :fmaDeltaTime : fmaDeltaTime[numHits]/F                             *
*Entries :        0 : Total  Size=        612 bytes  One basket in memory    *
*Baskets :        0 : Basket Size=      32000 bytes  Compression=   1.00     *
*............................................................................*
*Br   11 :fmaMult   : fmaMult[10]/I                                          *
*Entries :        0 : Total  Size=        501 bytes  One basket in memory    *
*Baskets :        0 : Basket Size=      32000 bytes  Compression=   1.00     *
*............................................................................*
*Br   12 :gammaMult : gammaMult/I                                            *
*Entries :        0 : Total  Size=        501 bytes  One basket in memory    *
*Baskets :        0 : Basket Size=      32000 bytes  Compression=   1.00     *
*............................................................................*
*Br   13 :gammaEnergy : gammaEnergy[gammaMult]/F                             *
*Entries :        0 : Total  Size=        616 bytes  One basket in memory    *
*Baskets :        0 : Basket Size=      32000 bytes  Compression=   1.00     *
*............................................................................*
*Br   14 :gammaTimestamp : gammaTimestamp[gammaMult]/F                       *
*Entries :        0 : Total  Size=        628 bytes  One basket in memory    *
*Baskets :        0 : Basket Size=      32000 bytes  Compression=   1.00     *
*............................................................................*
*Br   15 :deltaTime : deltaTime[gammaMult]/F                                 *
*Entries :        0 : Total  Size=        608 bytes  One basket in memory    *
*Baskets :        0 : Basket Size=      32000 bytes  Compression=   1.00     *
*............................................................................*
 TH1.Print Name  = eCC_a, Entries= 0, Total sum= 0
 TH1.Print Name  = eCC_b, Entries= 0, Total sum= 0
 TH1.Print Name  = eCC_c, Entries= 0, Total sum= 0
 TH1.Print Name  = eCC_d, Entries= 0, Total sum= 0
 TH1.Print Name  = eSeg, Entries= 0, Total sum= 0
 TH1.Print Name  = mode3_hitpat, Entries= 0, Total sum= 0
 TH1.Print Name  = mode3_hitpat_chan, Entries= 0, Total sum= 0
 TH1.Print Name  = chan0, Entries= 0, Total sum= 0
 TH1.Print Name  = module, Entries= 0, Total sum= 0
 TH1.Print Name  = chan, Entries= 0, Total sum= 0
 TH1.Print Name  = l, Entries= 0, Total sum= 0
 TH1.Print Name  = r, Entries= 0, Total sum= 0
 TH1.Print Name  = up, Entries= 0, Total sum= 0
 TH1.Print Name  = down, Entries= 0, Total sum= 0
 TH1.Print Name  = sumlr, Entries= 0, Total sum= 0
 TH1.Print Name  = sumud, Entries= 0, Total sum= 0
 TH1.Print Name  = x, Entries= 0, Total sum= 0
 TH1.Print Name  = y, Entries= 0, Total sum= 0
 TH1.Print Name  = de1, Entries= 0, Total sum= 0
 TH1.Print Name  = de2, Entries= 0, Total sum= 0
 TH1.Print Name  = de3, Entries= 0, Total sum= 0
 TH1.Print Name  = de12, Entries= 0, Total sum= 0
 TH1.Print Name  = etot, Entries= 0, Total sum= 0
 TH1.Print Name  = rftof, Entries= 0, Total sum= 0
 TH1.Print Name  = lr, Entries= 0, Total sum= 0
 TH1.Print Name  = ud, Entries= 0, Total sum= 0
 TH1.Print Name  = ede1, Entries= 0, Total sum= 0
 TH1.Print Name  = ede1g, Entries= 0, Total sum= 0
 TH1.Print Name  = ede2, Entries= 0, Total sum= 0
 TH1.Print Name  = ede12, Entries= 0, Total sum= 0
 TH1.Print Name  = xde1, Entries= 0, Total sum= 0
 TH1.Print Name  = erftof, Entries= 0, Total sum= 0
 TH1.Print Name  = erftofg, Entries= 0, Total sum= 0
 TH1.Print Name  = sumehi, Entries= 0, Total sum= 0
 TH1.Print Name  = tgppac, Entries= 0, Total sum= 0
 TH1.Print Name  = tgppacg, Entries= 0, Total sum= 0
 TH1.Print Name  = xehi1, Entries= 0, Total sum= 0
 TH1.Print Name  = xehi1g, Entries= 0, Total sum= 0
 TH1.Print Name  = de1ehi, Entries= 0, Total sum= 0
 TH1.Print Name  = de1ehig, Entries= 0, Total sum= 0
 TH1.Print Name  = ng, Entries= 0, Total sum= 0
 TH1.Print Name  = ehiz1, Entries= 0, Total sum= 0
 TH1.Print Name  = ehiz2, Entries= 0, Total sum= 0
 TH1.Print Name  = ehiz3, Entries= 0, Total sum= 0
 TH1.Print Name  = ehiz4, Entries= 0, Total sum= 0
 TH1.Print Name  = ehiz5, Entries= 0, Total sum= 0
 TH1.Print Name  = gg_dt, Entries= 0, Total sum= 0
 TH1.Print Name  = gg, Entries= 0, Total sum= 0
 TH1.Print Name  = gg_z1, Entries= 0, Total sum= 0
 TH1.Print Name  = gg_z2, Entries= 0, Total sum= 0
 TH1.Print Name  = gg_z3, Entries= 0, Total sum= 0
 TH1.Print Name  = gg_z4, Entries= 0, Total sum= 0
 TH1.Print Name  = gg_z5, Entries= 0, Total sum= 0
GRETINA detector angles
mod  1, crystal 0 [  4]: ( 10.07   3.58  15.10) pol   35.30 ,  azi   13.35; pol   35.30 ,  azi   19.58; modCCdopfac[4] 1.0271
mod  1, crystal 1 [  5]: ( 10.11   9.19  12.47) pol   47.60 ,  azi   36.39; pol   47.60 ,  azi   42.30; modCCdopfac[5] 1.0222
mod  1, crystal 2 [  6]: (  5.44   7.69  15.92) pol   30.60 ,  azi   25.77; pol   30.60 ,  azi   54.72; modCCdopfac[6] 1.0287
mod  1, crystal 3 [  7]: (  4.99   1.78  17.72) pol   16.65 ,  azi    5.72; pol   16.65 ,  azi   19.58; modCCdopfac[7] 1.0321
mod  2, crystal 0 [  8]: ( -0.29  10.69  15.10) pol   35.30 ,  azi   35.29; pol   35.30 ,  azi   91.58; modCCdopfac[8] 1.0271
mod  2, crystal 1 [  9]: ( -5.62  12.45  12.47) pol   47.60 ,  azi   44.95; pol   47.60 ,  azi  114.30; modCCdopfac[9] 1.0222
mod  2, crystal 2 [ 10]: ( -5.63   7.55  15.92) pol   30.60 ,  azi   25.36; pol   30.60 ,  azi  126.72; modCCdopfac[10] 1.0287
mod  2, crystal 3 [ 11]: ( -0.15   5.30  17.72) pol   16.65 ,  azi   16.64; pol   16.65 ,  azi   91.58; modCCdopfac[11] 1.0321
mod  3, crystal 0 [ 12]: (-10.25   3.02  15.10) pol   35.30 ,  azi   11.32; pol   35.30 ,  azi  163.58; modCCdopfac[12] 1.0271
mod  3, crystal 1 [ 13]: (-13.58  -1.50  12.47) pol   47.60 ,  azi   -6.85; pol   47.60 ,  azi -173.70; modCCdopfac[13] 1.0222
mod  3, crystal 2 [ 14]: ( -8.92  -3.02  15.92) pol   30.60 ,  azi  -10.75; pol   30.60 ,  azi -161.28; modCCdopfac[14] 1.0287
mod  3, crystal 3 [ 15]: ( -5.08   1.50  17.72) pol   16.65 ,  azi    4.83; pol   16.65 ,  azi  163.58; modCCdopfac[15] 1.0321
mod  4, crystal 0 [ 16]: ( -6.04  -8.82  15.10) pol   35.30 ,  azi  -30.29; pol   35.30 ,  azi -124.42; modCCdopfac[16] 1.0271
mod  4, crystal 1 [ 17]: ( -2.77 -13.38  12.47) pol   47.60 ,  azi  -47.00; pol   47.60 ,  azi -101.70; modCCdopfac[17] 1.0222
mod  4, crystal 2 [ 18]: (  0.12  -9.42  15.92) pol   30.60 ,  azi  -30.60; pol   30.60 ,  azi  -89.28; modCCdopfac[18] 1.0287
mod  4, crystal 3 [ 19]: ( -3.00  -4.37  17.72) pol   16.65 ,  azi  -13.86; pol   16.65 ,  azi -124.42; modCCdopfac[19] 1.0321
mod  5, crystal 0 [ 20]: (  6.52  -8.47  15.10) pol   35.30 ,  azi  -29.30; pol   35.30 ,  azi  -52.42; modCCdopfac[20] 1.0271
mod  5, crystal 1 [ 21]: ( 11.87  -6.77  12.47) pol   47.60 ,  azi  -28.49; pol   47.60 ,  azi  -29.70; modCCdopfac[21] 1.0222
mod  5, crystal 2 [ 22]: (  8.99  -2.80  15.92) pol   30.60 ,  azi   -9.96; pol   30.60 ,  azi  -17.28; modCCdopfac[22] 1.0287
mod  5, crystal 3 [ 23]: (  3.23  -4.20  17.72) pol   16.65 ,  azi  -13.33; pol   16.65 ,  azi  -52.42; modCCdopfac[23] 1.0321
mod  6, crystal 0 [ 24]: (  4.54  16.51   7.02) pol   67.71 ,  azi   66.97; pol   67.71 ,  azi   74.63; modCCdopfac[24] 1.0121
mod  6, crystal 1 [ 25]: ( -0.33  15.15  10.61) pol   55.02 ,  azi   55.01; pol   55.02 ,  azi   91.23; modCCdopfac[25] 1.0187
mod  6, crystal 2 [ 26]: (  5.05  13.00  12.16) pol   48.92 ,  azi   46.92; pol   48.92 ,  azi   68.77; modCCdopfac[26] 1.0216
mod  6, crystal 3 [ 27]: (  9.66  13.57   8.06) pol   64.18 ,  azi   59.29; pol   64.18 ,  azi   54.55; modCCdopfac[27] 1.0140
mod  7, crystal 0 [ 28]: (-14.30   9.42   7.02) pol   67.71 ,  azi   53.31; pol   67.71 ,  azi  146.63; modCCdopfac[28] 1.0121
mod  7, crystal 1 [ 29]: (-14.51   4.37  10.61) pol   55.02 ,  azi   22.40; pol   55.02 ,  azi  163.23; modCCdopfac[29] 1.0187
mod  7, crystal 2 [ 30]: (-10.80   8.82  12.16) pol   48.92 ,  azi   35.96; pol   48.92 ,  azi  140.77; modCCdopfac[30] 1.0216
mod  7, crystal 3 [ 31]: ( -9.92  13.38   8.06) pol   64.18 ,  azi   58.94; pol   64.18 ,  azi  126.55; modCCdopfac[31] 1.0140
mod  8, crystal 0 [ 32]: (-13.37 -10.69   7.02) pol   67.71 ,  azi  -56.71; pol   67.71 ,  azi -141.37; modCCdopfac[32] 1.0121
mod  8, crystal 1 [ 33]: ( -8.64 -12.45  10.61) pol   55.02 ,  azi  -49.58; pol   55.02 ,  azi -124.77; modCCdopfac[33] 1.0187
mod  8, crystal 2 [ 34]: (-11.73  -7.55  12.16) pol   48.92 ,  azi  -31.84; pol   48.92 ,  azi -147.23; modCCdopfac[34] 1.0216
mod  8, crystal 3 [ 35]: (-15.79  -5.30   8.06) pol   64.18 ,  azi  -33.33; pol   64.18 ,  azi -161.45; modCCdopfac[35] 1.0140
mod  9, crystal 0 [ 36]: (  6.03 -16.02   7.02) pol   67.71 ,  azi  -66.35; pol   67.71 ,  azi  -69.37; modCCdopfac[36] 1.0121
mod  9, crystal 1 [ 37]: (  9.17 -12.07  10.61) pol   55.02 ,  azi  -48.69; pol   55.02 ,  azi  -52.77; modCCdopfac[37] 1.0187
mod  9, crystal 2 [ 38]: (  3.56 -13.48  12.16) pol   48.92 ,  azi  -47.96; pol   48.92 ,  azi  -75.23; modCCdopfac[38] 1.0216
mod  9, crystal 3 [ 39]: (  0.16 -16.65   8.06) pol   64.18 ,  azi  -64.18; pol   64.18 ,  azi  -89.45; modCCdopfac[39] 1.0140
mod 10, crystal 0 [ 40]: ( 17.10   0.79   7.02) pol   67.71 ,  azi    6.39; pol   67.71 ,  azi    2.63; modCCdopfac[40] 1.0121
mod 10, crystal 1 [ 41]: ( 14.31   4.99  10.61) pol   55.02 ,  azi   25.21; pol   55.02 ,  azi   19.23; modCCdopfac[41] 1.0187
mod 10, crystal 2 [ 42]: ( 13.92  -0.79  12.16) pol   48.92 ,  azi   -3.70; pol   48.92 ,  azi   -3.23; modCCdopfac[42] 1.0216
mod 10, crystal 3 [ 43]: ( 15.89  -4.99   8.06) pol   64.18 ,  azi  -31.79; pol   64.18 ,  azi  -17.45; modCCdopfac[43] 1.0140
mod 11, crystal 0 [ 44]: ( 18.26   2.80   0.92) pol   87.15 ,  azi   71.78; pol   87.15 ,  azi    8.71; modCCdopfac[44] 1.0011
mod 11, crystal 1 [ 45]: ( 17.30   4.20  -5.04) pol  105.79 ,  azi  140.16; pol  105.79 ,  azi   13.65; modCCdopfac[45] 0.9906
mod 11, crystal 2 [ 46]: ( 16.42   8.47  -0.92) pol   92.85 ,  azi   96.20; pol   92.85 ,  azi   27.29; modCCdopfac[46] 0.9978
mod 11, crystal 3 [ 47]: ( 16.46   6.77   5.04) pol   74.21 ,  azi   53.36; pol   74.21 ,  azi   22.35; modCCdopfac[47] 1.0085
mod 12, crystal 0 [ 48]: ( 12.46  13.48  -2.26) pol   97.01 ,  azi   99.50; pol   97.01 ,  azi   47.25; modCCdopfac[48] 0.9954
mod 12, crystal 1 [ 49]: (  7.28  16.65  -3.46) pol  100.78 ,  azi  101.74; pol  100.78 ,  azi   66.39; modCCdopfac[49] 0.9933
mod 12, crystal 2 [ 50]: (  8.97  16.02   2.26) pol   82.99 ,  azi   81.98; pol   82.99 ,  azi   60.75; modCCdopfac[50] 1.0035
mod 12, crystal 3 [ 51]: ( 13.59  12.07   3.46) pol   79.22 ,  azi   74.00; pol   79.22 ,  azi   41.61; modCCdopfac[51] 1.0057
mod 13, crystal 0 [ 52]: (  2.98  18.23   0.92) pol   87.15 ,  azi   87.11; pol   87.15 ,  azi   80.71; modCCdopfac[52] 1.0011
mod 13, crystal 1 [ 53]: (  1.35  17.75  -5.04) pol  105.79 ,  azi  105.84; pol  105.79 ,  azi   85.65; modCCdopfac[53] 0.9906
mod 13, crystal 2 [ 54]: ( -2.98  18.23  -0.92) pol   92.85 ,  azi   92.89; pol   92.85 ,  azi   99.29; modCCdopfac[54] 0.9978
mod 13, crystal 3 [ 55]: ( -1.35  17.75   5.04) pol   74.21 ,  azi   74.16; pol   74.21 ,  azi   94.35; modCCdopfac[55] 1.0085
mod 14, crystal 0 [ 56]: ( -8.97  16.02  -2.26) pol   97.01 ,  azi   98.02; pol   97.01 ,  azi  119.25; modCCdopfac[56] 0.9954
mod 14, crystal 1 [ 57]: (-13.59  12.07  -3.46) pol  100.78 ,  azi  106.00; pol  100.78 ,  azi  138.39; modCCdopfac[57] 0.9933
mod 14, crystal 2 [ 58]: (-12.46  13.48   2.26) pol   82.99 ,  azi   80.50; pol   82.99 ,  azi  132.75; modCCdopfac[58] 1.0035
mod 14, crystal 3 [ 59]: ( -7.28  16.65   3.46) pol   79.22 ,  azi   78.26; pol   79.22 ,  azi  113.61; modCCdopfac[59] 1.0057
mod 15, crystal 0 [ 60]: (-16.42   8.47   0.92) pol   87.15 ,  azi   83.80; pol   87.15 ,  azi  152.71; modCCdopfac[60] 1.0011
mod 15, crystal 1 [ 61]: (-16.46   6.77  -5.04) pol  105.79 ,  azi  126.64; pol  105.79 ,  azi  157.65; modCCdopfac[61] 0.9906
mod 15, crystal 2 [ 62]: (-18.26   2.80  -0.92) pol   92.85 ,  azi  108.22; pol   92.85 ,  azi  171.29; modCCdopfac[62] 0.9978
mod 15, crystal 3 [ 63]: (-17.30   4.20   5.04) pol   74.21 ,  azi   39.84; pol   74.21 ,  azi  166.35; modCCdopfac[63] 1.0085
mod 16, crystal 0 [ 64]: (-18.01  -3.58  -2.26) pol   97.01 ,  azi -122.21; pol   97.01 ,  azi -168.75; modCCdopfac[64] 0.9954
mod 16, crystal 1 [ 65]: (-15.68  -9.19  -3.46) pol  100.78 ,  azi -110.62; pol  100.78 ,  azi -149.61; modCCdopfac[65] 0.9933
mod 16, crystal 2 [ 66]: (-16.68  -7.69   2.26) pol   82.99 ,  azi  -73.64; pol   82.99 ,  azi -155.25; modCCdopfac[66] 1.0035
mod 16, crystal 3 [ 67]: (-18.09  -1.78   3.46) pol   79.22 ,  azi  -27.18; pol   79.22 ,  azi -174.39; modCCdopfac[67] 1.0057
mod 17, crystal 0 [ 68]: (-13.13 -13.00   0.92) pol   87.15 ,  azi  -85.95; pol   87.15 ,  azi -135.29; modCCdopfac[68] 1.0011
mod 17, crystal 1 [ 69]: (-11.53 -13.57  -5.04) pol  105.79 ,  azi -110.36; pol  105.79 ,  azi -130.35; modCCdopfac[69] 0.9906
mod 17, crystal 2 [ 70]: ( -8.30 -16.51  -0.92) pol   92.85 ,  azi  -93.19; pol   92.85 ,  azi -116.71; modCCdopfac[70] 0.9978
mod 17, crystal 3 [ 71]: ( -9.34 -15.15   5.04) pol   74.21 ,  azi  -71.62; pol   74.21 ,  azi -121.65; modCCdopfac[71] 1.0085
mod 18, crystal 0 [ 72]: ( -2.16 -18.23  -2.26) pol   97.01 ,  azi  -97.05; pol   97.01 ,  azi  -96.75; modCCdopfac[72] 0.9954
mod 18, crystal 1 [ 73]: (  3.90 -17.75  -3.46) pol  100.78 ,  azi -101.03; pol  100.78 ,  azi  -77.61; modCCdopfac[73] 0.9933
mod 18, crystal 2 [ 74]: (  2.16 -18.23   2.26) pol   82.99 ,  azi  -82.95; pol   82.99 ,  azi  -83.25; modCCdopfac[74] 1.0035
mod 18, crystal 3 [ 75]: ( -3.90 -17.75   3.46) pol   79.22 ,  azi  -78.97; pol   79.22 ,  azi -102.39; modCCdopfac[75] 1.0057
mod 19, crystal 0 [ 76]: (  8.30 -16.51   0.92) pol   87.15 ,  azi  -86.81; pol   87.15 ,  azi  -63.29; modCCdopfac[76] 1.0011
mod 19, crystal 1 [ 77]: (  9.34 -15.15  -5.04) pol  105.79 ,  azi -108.38; pol  105.79 ,  azi  -58.35; modCCdopfac[77] 0.9906
mod 19, crystal 2 [ 78]: ( 13.13 -13.00  -0.92) pol   92.85 ,  azi  -94.05; pol   92.85 ,  azi  -44.71; modCCdopfac[78] 0.9978
mod 19, crystal 3 [ 79]: ( 11.53 -13.57   5.04) pol   74.21 ,  azi  -69.64; pol   74.21 ,  azi  -49.65; modCCdopfac[79] 1.0085
mod 20, crystal 0 [ 80]: ( 16.68  -7.69  -2.26) pol   97.01 ,  azi -106.36; pol   97.01 ,  azi  -24.75; modCCdopfac[80] 0.9954
mod 20, crystal 1 [ 81]: ( 18.09  -1.78  -3.46) pol  100.78 ,  azi -152.82; pol  100.78 ,  azi   -5.61; modCCdopfac[81] 0.9933
mod 20, crystal 2 [ 82]: ( 18.01  -3.58   2.26) pol   82.99 ,  azi  -57.79; pol   82.99 ,  azi  -11.25; modCCdopfac[82] 1.0035
mod 20, crystal 3 [ 83]: ( 15.68  -9.19   3.46) pol   79.22 ,  azi  -69.38; pol   79.22 ,  azi  -30.39; modCCdopfac[83] 1.0057
mod 21, crystal 0 [ 84]: ( 14.30   9.42  -7.02) pol  112.29 ,  azi  126.69; pol  112.29 ,  azi   33.37; modCCdopfac[84] 0.9871
mod 21, crystal 1 [ 85]: ( 14.51   4.37 -10.61) pol  124.98 ,  azi  157.60; pol  124.98 ,  azi   16.77; modCCdopfac[85] 0.9809
mod 21, crystal 2 [ 86]: ( 10.80   8.82 -12.16) pol  131.08 ,  azi  144.04; pol  131.08 ,  azi   39.23; modCCdopfac[86] 0.9782
mod 21, crystal 3 [ 87]: (  9.92  13.38  -8.06) pol  115.82 ,  azi  121.06; pol  115.82 ,  azi   53.45; modCCdopfac[87] 0.9853
mod 22, crystal 0 [ 88]: ( -4.54  16.51  -7.02) pol  112.29 ,  azi  113.03; pol  112.29 ,  azi  105.37; modCCdopfac[88] 0.9871
mod 22, crystal 1 [ 89]: (  0.33  15.15 -10.61) pol  124.98 ,  azi  124.99; pol  124.98 ,  azi   88.77; modCCdopfac[89] 0.9809
mod 22, crystal 2 [ 90]: ( -5.05  13.00 -12.16) pol  131.08 ,  azi  133.08; pol  131.08 ,  azi  111.23; modCCdopfac[90] 0.9782
mod 22, crystal 3 [ 91]: ( -9.66  13.57  -8.06) pol  115.82 ,  azi  120.71; pol  115.82 ,  azi  125.45; modCCdopfac[91] 0.9853
mod 23, crystal 0 [ 92]: (-17.10   0.79  -7.02) pol  112.29 ,  azi  173.61; pol  112.29 ,  azi  177.37; modCCdopfac[92] 0.9871
mod 23, crystal 1 [ 93]: (-14.31   4.99 -10.61) pol  124.98 ,  azi  154.79; pol  124.98 ,  azi  160.77; modCCdopfac[93] 0.9809
mod 23, crystal 2 [ 94]: (-13.92  -0.79 -12.16) pol  131.08 ,  azi -176.30; pol  131.08 ,  azi -176.77; modCCdopfac[94] 0.9782
mod 23, crystal 3 [ 95]: (-15.89  -4.99  -8.06) pol  115.82 ,  azi -148.21; pol  115.82 ,  azi -162.55; modCCdopfac[95] 0.9853
mod 24, crystal 0 [ 96]: ( -6.03 -16.02  -7.02) pol  112.29 ,  azi -113.65; pol  112.29 ,  azi -110.63; modCCdopfac[96] 0.9871
mod 24, crystal 1 [ 97]: ( -9.17 -12.07 -10.61) pol  124.98 ,  azi -131.31; pol  124.98 ,  azi -127.23; modCCdopfac[97] 0.9809
mod 24, crystal 2 [ 98]: ( -3.56 -13.48 -12.16) pol  131.08 ,  azi -132.04; pol  131.08 ,  azi -104.77; modCCdopfac[98] 0.9782
mod 24, crystal 3 [ 99]: ( -0.16 -16.65  -8.06) pol  115.82 ,  azi -115.82; pol  115.82 ,  azi  -90.55; modCCdopfac[99] 0.9853
mod 25, crystal 0 [100]: ( 13.37 -10.69  -7.02) pol  112.29 ,  azi -123.29; pol  112.29 ,  azi  -38.63; modCCdopfac[100] 0.9871
mod 25, crystal 1 [101]: (  8.64 -12.45 -10.61) pol  124.98 ,  azi -130.42; pol  124.98 ,  azi  -55.23; modCCdopfac[101] 0.9809
mod 25, crystal 2 [102]: ( 11.73  -7.55 -12.16) pol  131.08 ,  azi -148.16; pol  131.08 ,  azi  -32.77; modCCdopfac[102] 0.9782
mod 25, crystal 3 [103]: ( 15.79  -5.30  -8.06) pol  115.82 ,  azi -146.67; pol  115.82 ,  azi  -18.55; modCCdopfac[103] 0.9853
mod 26, crystal 0 [104]: (  0.29  10.69 -15.10) pol  144.70 ,  azi  144.71; pol  144.70 ,  azi   88.42; modCCdopfac[104] 0.9732
mod 26, crystal 1 [105]: (  5.62  12.45 -12.47) pol  132.40 ,  azi  135.05; pol  132.40 ,  azi   65.70; modCCdopfac[105] 0.9777
mod 26, crystal 2 [106]: (  5.63   7.55 -15.92) pol  149.40 ,  azi  154.64; pol  149.40 ,  azi   53.28; modCCdopfac[106] 0.9718
mod 26, crystal 3 [107]: (  0.15   5.30 -17.72) pol  163.35 ,  azi  163.36; pol  163.35 ,  azi   88.42; modCCdopfac[107] 0.9688
mod 27, crystal 0 [108]: (-10.07   3.58 -15.10) pol  144.70 ,  azi  166.65; pol  144.70 ,  azi  160.42; modCCdopfac[108] 0.9732
mod 27, crystal 1 [109]: (-10.11   9.19 -12.47) pol  132.40 ,  azi  143.61; pol  132.40 ,  azi  137.70; modCCdopfac[109] 0.9777
mod 27, crystal 2 [110]: ( -5.44   7.69 -15.92) pol  149.40 ,  azi  154.23; pol  149.40 ,  azi  125.28; modCCdopfac[110] 0.9718
mod 27, crystal 3 [111]: ( -4.99   1.78 -17.72) pol  163.35 ,  azi  174.28; pol  163.35 ,  azi  160.42; modCCdopfac[111] 0.9688
mod 28, crystal 0 [112]: ( -6.52  -8.47 -15.10) pol  144.70 ,  azi -150.70; pol  144.70 ,  azi -127.58; modCCdopfac[112] 0.9732
mod 28, crystal 1 [113]: (-11.87  -6.77 -12.47) pol  132.40 ,  azi -151.51; pol  132.40 ,  azi -150.30; modCCdopfac[113] 0.9777
mod 28, crystal 2 [114]: ( -8.99  -2.80 -15.92) pol  149.40 ,  azi -170.04; pol  149.40 ,  azi -162.72; modCCdopfac[114] 0.9718
mod 28, crystal 3 [115]: ( -3.23  -4.20 -17.72) pol  163.35 ,  azi -166.67; pol  163.35 ,  azi -127.58; modCCdopfac[115] 0.9688
mod 29, crystal 0 [116]: (  6.04  -8.82 -15.10) pol  144.70 ,  azi -149.71; pol  144.70 ,  azi  -55.58; modCCdopfac[116] 0.9732
mod 29, crystal 1 [117]: (  2.77 -13.38 -12.47) pol  132.40 ,  azi -133.00; pol  132.40 ,  azi  -78.30; modCCdopfac[117] 0.9777
mod 29, crystal 2 [118]: ( -0.12  -9.42 -15.92) pol  149.40 ,  azi -149.40; pol  149.40 ,  azi  -90.72; modCCdopfac[118] 0.9718
mod 29, crystal 3 [119]: (  3.00  -4.37 -17.72) pol  163.35 ,  azi -166.14; pol  163.35 ,  azi  -55.58; modCCdopfac[119] 0.9688
mod 30, crystal 0 [120]: ( 10.25   3.02 -15.10) pol  144.70 ,  azi  168.68; pol  144.70 ,  azi   16.42; modCCdopfac[120] 0.9732
mod 30, crystal 1 [121]: ( 13.58  -1.50 -12.47) pol  132.40 ,  azi -173.15; pol  132.40 ,  azi   -6.30; modCCdopfac[121] 0.9777
mod 30, crystal 2 [122]: (  8.92  -3.02 -15.92) pol  149.40 ,  azi -169.25; pol  149.40 ,  azi  -18.72; modCCdopfac[122] 0.9718
mod 30, crystal 3 [123]: (  5.08   1.50 -17.72) pol  163.35 ,  azi  175.17; pol  163.35 ,  azi   16.42; modCCdopfac[123] 0.9688
setup signal catcher
started sorting... from disk...

Pars.maxTS=4611686018427387904
got initial header, TS=740539623001 ID: 1 length: 464
read initial payload of siz=464 into event position 1
__ptgd[0]->type= 0; ptgd[0]->length=   0; ptgd[0]->timestamp=0
initial ii=1, nn=1
ev#     0 GEB_TYPE_DECOMP        464Bytes TS=740539650135 curTS=740539623001 dTS= 27134
t0=740539623001
first event: GEB_event.mult=1
   0/ 0: ( 1,GEB_TYPE_DECOMP      ) TS=        740539623001; dT=0
maxTS=9380539623001
that is 86400.0 seconds or 24h0m0s minutes of sorting
GEBGetEv returned st=0
we have read 960 bytes; CurEvNo=1

+++++++++++++++++++++++++++++++
*start event # 1 with multiplicity 1 looks like this:
 0>  1, GEB_TYPE_DECOMP      , TS=740539623001
entered bin_mode2: 1/10
ptinp->pad= 6, (ptinp->pad&0x000000ff)= 6
updated CCadd with    0.00
total number of hits in array: 0
exit bin_mode2
entered bin_mode3 @ event number: 1 
exit bin_mode3
*end of event # 1
+++++++++++++++++++++++++++++++
ev#     1 GEB_TYPE_DECOMP        464Bytes TS=740539650135 curTS=740539650135 dTS= 0
ev#     1 GEB_TYPE_DECOMP        464Bytes TS=740539650139 curTS=740539650135 dTS= 4
ev#     1 GEB_TYPE_DECOMP        464Bytes TS=740539650251 curTS=740539650135 dTS= 116
ev#     1 GEB_TYPE_DECOMP        464Bytes TS=740539650317 curTS=740539650135 dTS= 182
GEBGetEv returned st=0
we have read 2880 bytes; CurEvNo=2

+++++++++++++++++++++++++++++++
*start event # 2 with multiplicity 4 looks like this:
 0>  1, GEB_TYPE_DECOMP      , TS=740539650135
 1>  1, GEB_TYPE_DECOMP      , TS=740539650135
 2>  1, GEB_TYPE_DECOMP      , TS=740539650139
 3>  1, GEB_TYPE_DECOMP      , TS=740539650251
entered bin_mode2: 2/10
ptinp->pad= 6, (ptinp->pad&0x000000ff)= 6
ptinp->pad= 6, (ptinp->pad&0x000000ff)= 6
ptinp->pad= 6, (ptinp->pad&0x000000ff)= 6
ptinp->pad= 6, (ptinp->pad&0x000000ff)= 6
updated CCadd with    0.00
total number of hits in array: 0
exit bin_mode2
entered bin_mode3 @ event number: 2 
exit bin_mode3
*end of event # 2
+++++++++++++++++++++++++++++++
ev#     2 GEB_TYPE_DECOMP        464Bytes TS=740539799823 curTS=740539650317 dTS= 149506
GEBGetEv returned st=0
we have read 3360 bytes; CurEvNo=3

+++++++++++++++++++++++++++++++
*start event # 3 with multiplicity 1 looks like this:
 0>  1, GEB_TYPE_DECOMP      , TS=740539650317
entered bin_mode2: 3/10
ptinp->pad= 6, (ptinp->pad&0x000000ff)= 6
updated CCadd with    0.00
total number of hits in array: 0
exit bin_mode2
entered bin_mode3 @ event number: 3 
exit bin_mode3
*end of event # 3
+++++++++++++++++++++++++++++++
ev#     3 GEB_TYPE_DECOMP        464Bytes TS=740539799827 curTS=740539799823 dTS= 4
ev#     3 GEB_TYPE_DECOMP        464Bytes TS=740539889401 curTS=740539799823 dTS= 89578
GEBGetEv returned st=0
we have read 4320 bytes; CurEvNo=4

+++++++++++++++++++++++++++++++
*start event # 4 with multiplicity 2 looks like this:
 0>  1, GEB_TYPE_DECOMP      , TS=740539799823
 1>  1, GEB_TYPE_DECOMP      , TS=740539799827
entered bin_mode2: 4/10
ptinp->pad= 6, (ptinp->pad&0x000000ff)= 6
ptinp->pad= 0, (ptinp->pad&0x000000ff)= 0
good pad value
mode2 data:  1>  1, GEB_TYPE_DECOMP      , TS=740539799827
number of hits: 2
* 1/2, is GEB_TYPE_DECOMP: num=2
__detno: 99, module: 24, crystalNumber: 3
CCenergies[0]= 918.55
* 0:   -6.00,   0.15,  17.14 --> GT:    0.37, -18.31,  -8.59
* 1:  -24.83,   2.30,  29.98 --> GT:    2.16, -19.74,  -8.60
updated CCadd with  918.55
total number of hits in array: 2
exit bin_mode2
entered bin_mode3 @ event number: 4 
exit bin_mode3
*end of event # 4
+++++++++++++++++++++++++++++++
ev#     4 GEB_TYPE_DECOMP        464Bytes TS=740539889405 curTS=740539889401 dTS= 4
ev#     4 GEB_TYPE_DECOMP        464Bytes TS=740539889417 curTS=740539889401 dTS= 16
ev#     4 GEB_TYPE_DECOMP        464Bytes TS=740539964889 curTS=740539889401 dTS= 75488
GEBGetEv returned st=0
we have read 5760 bytes; CurEvNo=5

+++++++++++++++++++++++++++++++
*start event # 5 with multiplicity 3 looks like this:
 0>  1, GEB_TYPE_DECOMP      , TS=740539889401
 1>  1, GEB_TYPE_DECOMP      , TS=740539889405
 2>  1, GEB_TYPE_DECOMP      , TS=740539889417
entered bin_mode2: 5/10
ptinp->pad= 0, (ptinp->pad&0x000000ff)= 0
good pad value
mode2 data:  0>  1, GEB_TYPE_DECOMP      , TS=740539889401
number of hits: 4
* 0/3, is GEB_TYPE_DECOMP: num=4
__detno: 117, module: 29, crystalNumber: 1
CCenergies[0]= 853.52
* 0:    6.24,   8.47,  38.67 --> GT:    4.23, -15.69, -15.40
* 1:  -18.58,  31.40,  42.17 --> GT:    6.38, -17.51, -13.50
* 2:    4.59,   5.49,  40.58 --> GT:    3.95, -15.96, -15.46
* 3:  -13.63,  37.54,  75.41 --> GT:    7.51, -19.53, -16.01
ptinp->pad= 0, (ptinp->pad&0x000000ff)= 0
good pad value
mode2 data:  1>  1, GEB_TYPE_DECOMP      , TS=740539889405
number of hits: 2
* 1/3, is GEB_TYPE_DECOMP: num=2
__detno: 101, module: 25, crystalNumber: 1
CCenergies[1]= 159.39
* 0:   32.39,  14.54,  31.35 --> GT:   13.21, -13.65, -10.94
* 1:   28.50, -14.39,  28.44 --> GT:   12.06, -12.13, -13.16
ptinp->pad= 0, (ptinp->pad&0x000000ff)= 0
good pad value
mode2 data:  2>  1, GEB_TYPE_DECOMP      , TS=740539889417
number of hits: 3
* 2/3, is GEB_TYPE_DECOMP: num=3
__detno: 61, module: 15, crystalNumber: 1
CCenergies[2]=2144.03
* 0:    7.56,  30.32,  46.30 --> GT:  -19.94,  11.14,  -4.81
* 1:   21.77,  12.55,  55.79 --> GT:  -21.81,   9.64,  -4.21
* 2:    1.13,  26.39,  31.42 --> GT:  -18.51,  10.33,  -5.10
updated CCadd with 3156.94
total number of hits in array: 9
exit bin_mode2
entered bin_mode3 @ event number: 5 
exit bin_mode3
*end of event # 5
+++++++++++++++++++++++++++++++
ev#     5 GEB_TYPE_DECOMP        464Bytes TS=740539968777 curTS=740539964889 dTS= 3888
GEBGetEv returned st=0
we have read 6240 bytes; CurEvNo=6

+++++++++++++++++++++++++++++++
*start event # 6 with multiplicity 1 looks like this:
 0>  1, GEB_TYPE_DECOMP      , TS=740539964889
entered bin_mode2: 6/10
ptinp->pad= 0, (ptinp->pad&0x000000ff)= 0
good pad value
mode2 data:  0>  1, GEB_TYPE_DECOMP      , TS=740539964889
number of hits: 3
* 0/1, is GEB_TYPE_DECOMP: num=3
__detno: 84, module: 21, crystalNumber: 0
CCenergies[0]= 607.20
* 0:  -23.23,  23.51,  83.52 --> GT:   20.67,  15.71,  -7.59
* 1:   -6.79,   1.85,  76.34 --> GT:   20.41,  13.47,  -9.26
* 2:  -18.45,  15.72,  83.37 --> GT:   20.81,  15.03,  -8.18
updated CCadd with  607.20
total number of hits in array: 3
exit bin_mode2
entered bin_mode3 @ event number: 6 
exit bin_mode3
*end of event # 6
+++++++++++++++++++++++++++++++
ev#     6 GEB_TYPE_DECOMP        464Bytes TS=740539968779 curTS=740539968777 dTS= 2
ev#     6 GEB_TYPE_DECOMP        464Bytes TS=740539968785 curTS=740539968777 dTS= 8
ev#     6 GEB_TYPE_GT_MOD29      440Bytes TS=740540149301 curTS=740539968777 dTS= 180524
GEBGetEv returned st=0
we have read 7656 bytes; CurEvNo=7

+++++++++++++++++++++++++++++++
*start event # 7 with multiplicity 3 looks like this:
 0>  1, GEB_TYPE_DECOMP      , TS=740539968777
 1>  1, GEB_TYPE_DECOMP      , TS=740539968779
 2>  1, GEB_TYPE_DECOMP      , TS=740539968785
entered bin_mode2: 7/10
ptinp->pad= 0, (ptinp->pad&0x000000ff)= 0
good pad value
mode2 data:  0>  1, GEB_TYPE_DECOMP      , TS=740539968777
number of hits: 3
* 0/3, is GEB_TYPE_DECOMP: num=3
__detno: 117, module: 29, crystalNumber: 1
CCenergies[0]=3230.37
* 0:   18.40,  31.22,  78.89 --> GT:    7.16, -17.62, -18.65
* 1:    5.05,  32.56,  87.47 --> GT:    7.33, -19.15, -18.25
* 2:    1.52,  26.76,  76.89 --> GT:    6.57, -18.66, -17.36
ptinp->pad= 0, (ptinp->pad&0x000000ff)= 0
good pad value
mode2 data:  1>  1, GEB_TYPE_DECOMP      , TS=740539968779
number of hits: 1
* 1/3, is GEB_TYPE_DECOMP: num=1
__detno: 89, module: 22, crystalNumber: 1
CCenergies[1]= 788.76
* 0:    2.00,   4.88,   7.71 --> GT:    0.20,  16.08, -10.63
ptinp->pad= 0, (ptinp->pad&0x000000ff)= 0
good pad value
mode2 data:  2>  1, GEB_TYPE_DECOMP      , TS=740539968785
number of hits: 2
* 2/3, is GEB_TYPE_DECOMP: num=2
__detno: 119, module: 29, crystalNumber: 3
CCenergies[2]=  84.64
* 0:    3.79,  27.23,   0.74 --> GT:    0.33,  -4.93, -18.11
* 1:    0.61,   0.84,   1.68 --> GT:    2.94,  -4.48, -17.88
updated CCadd with 4103.77
total number of hits in array: 6
exit bin_mode2
entered bin_mode3 @ event number: 7 
exit bin_mode3
*end of event # 7
+++++++++++++++++++++++++++++++
ev#     7 GEB_TYPE_DECOMP        464Bytes TS=740540174713 curTS=740540149301 dTS= 25412
GEBGetEv returned st=0
we have read 8136 bytes; CurEvNo=8

+++++++++++++++++++++++++++++++
*start event # 8 with multiplicity 1 looks like this:
 0>  8, GEB_TYPE_GT_MOD29    , TS=740540149301
entered bin_mode2: 8/10
updated CCadd with    0.00
total number of hits in array: 0
exit bin_mode2
entered bin_mode3 @ event number: 8 

bin_mode3:  0>  8, GEB_TYPE_GT_MOD29    , TS=740540149301, 0xac6ba1ee35; payload length: 440 bytes

---------
new GTheader at pos=0 or 0 words (8):
Event.hdr[ 0]=0x1f39,   7993
Event.hdr[ 1]=0x300a,  12298
Event.hdr[ 2]=0xee35,  60981
Event.hdr[ 3]=0x6ba1,  27553
Event.hdr[ 4]=0x00ac,    172
Event.hdr[ 5]=0x0287,    647
Event.hdr[ 6]=0x0e00,   3584
Event.hdr[ 7]=0x0000,      0
Event.hdr[ 8]=0x622d,  25133
Event.hdr[ 9]=0xf5be,  62910
Event.hdr[10]=0x59ff,  23039
Event.hdr[11]=0xffe7,  65511
Event.hdr[12]=0xb18b,  45451
Event.hdr[13]=0x0032,     50
Event.len=  44, Event.traceLen=  12 (in Bytes)
Event.len=  22, Event.traceLen=   6 (in 16 bit words)
Event.len=  11, Event.traceLen=   3 (in 32 bit words)
next start: 0xaaaaaaaa, pos= 44
0x1f39 module_id = 31 crystal_id = 0 digitizer_id = 3 chan_id = 9 ge_id = 124 channel = 39  -> is CC
open superpulse_008_00_01.xy at Event.chan_id = 9
open CCpulse_008_00_01.xy at Event.chan_id = 9
ncrystal=1
wrote trace to CCpulse_008_00_01.xy
two's comp tempE  ::        647        647 0x00000287 |0000|0000|0000|0000|0000|0010|1000|0111|
rawE              ::        647        647 0x00000287 |0000|0000|0000|0000|0000|0010|1000|0111|
rawE (sign change)::        647        647 0x00000287 |0000|0000|0000|0000|0000|0010|1000|0111|
Event.ehi=              20 0x00000014
Event.ehi=2 (gain changed)
Event.LEDts =         740540149301
Event.CFDts =         231931838476

---------
new GTheader at pos=44 or 22 words (30):
Event.hdr[ 0]=0x1f30,   7984
Event.hdr[ 1]=0x300a,  12298
Event.hdr[ 2]=0xee35,  60981
Event.hdr[ 3]=0x6ba1,  27553
Event.hdr[ 4]=0x00ac,    172
Event.hdr[ 5]=0x3ff7,  16375
Event.hdr[ 6]=0x4e0b,  19979
Event.hdr[ 7]=0x0000,      0
Event.hdr[ 8]=0x622d,  25133
Event.hdr[ 9]=0x3f77,  16247
Event.hdr[10]=0x300b,  12299
Event.hdr[11]=0x14f4,   5364
Event.hdr[12]=0x7b00,  31488
Event.hdr[13]=0x0028,     40
Event.len=  44, Event.traceLen=  12 (in Bytes)
Event.len=  22, Event.traceLen=   6 (in 16 bit words)
Event.len=  11, Event.traceLen=   3 (in 32 bit words)
next start: 0xaaaaaaaa, pos= 88
0x1f30 module_id = 31 crystal_id = 0 digitizer_id = 3 chan_id = 0 ge_id = 124 channel = 30  -> is segment
ncrystal=1
wrote trace to CCpulse_008_00_01.xy
two's comp tempE  ::     737271     737271 0x000b3ff7 |0000|0000|0000|1011|0011|1111|1111|0111|
rawE              ::     737271     737271 0x000b3ff7 |0000|0000|0000|1011|0011|1111|1111|0111|
rawE (sign change)::     737271     737271 0x000b3ff7 |0000|0000|0000|1011|0011|1111|1111|0111|
Event.ehi=           23039 0x000059ff
Event.ehi=2303 (gain changed)
Event.LEDts =         740540149301
Event.CFDts =      266047218778124

---------
new GTheader at pos=88 or 44 words (52):
Event.hdr[ 0]=0x1f31,   7985
Event.hdr[ 1]=0x300a,  12298
Event.hdr[ 2]=0xee35,  60981
Event.hdr[ 3]=0x6ba1,  27553
Event.hdr[ 4]=0x00ac,    172
Event.hdr[ 5]=0x7eb2,  32434
Event.hdr[ 6]=0x4e08,  19976
Event.hdr[ 7]=0x0000,      0
Event.hdr[ 8]=0x622d,  25133
Event.hdr[ 9]=0x7b71,  31601
Event.hdr[10]=0x5008,  20488
Event.hdr[11]=0x13d6,   5078
Event.hdr[12]=0x6294,  25236
Event.hdr[13]=0x0020,     32
Event.len=  44, Event.traceLen=  12 (in Bytes)
Event.len=  22, Event.traceLen=   6 (in 16 bit words)
Event.len=  11, Event.traceLen=   3 (in 32 bit words)
next start: 0xaaaaaaaa, pos= 132
0x1f31 module_id = 31 crystal_id = 0 digitizer_id = 3 chan_id = 1 ge_id = 124 channel = 31  -> is segment
ncrystal=1
wrote trace to CCpulse_008_00_01.xy
two's comp tempE  ::     556722     556722 0x00087eb2 |0000|0000|0000|1000|0111|1110|1011|0010|
rawE              ::     556722     556722 0x00087eb2 |0000|0000|0000|1000|0111|1110|1011|0010|
rawE (sign change)::     556722     556722 0x00087eb2 |0000|0000|0000|1000|0111|1110|1011|0010|
Event.ehi=           17397 0x000043f5
Event.ehi=1739 (gain changed)
Event.LEDts =         740540149301
Event.CFDts =      271128242683916

---------
new GTheader at pos=132 or 66 words (74):
Event.hdr[ 0]=0x1f32,   7986
Event.hdr[ 1]=0x300a,  12298
Event.hdr[ 2]=0xee35,  60981
Event.hdr[ 3]=0x6ba1,  27553
Event.hdr[ 4]=0x00ac,    172
Event.hdr[ 5]=0x9cba,  40122
Event.hdr[ 6]=0x0e00,   3584
Event.hdr[ 7]=0x0000,      0
Event.hdr[ 8]=0x622d,  25133
Event.hdr[ 9]=0xe2d9,  58073
Event.hdr[10]=0x9dff,  40447
Event.hdr[11]=0x0016,     22
Event.hdr[12]=0xa6a0,  42656
Event.hdr[13]=0x07ff,   2047
Event.len=  44, Event.traceLen=  12 (in Bytes)
Event.len=  22, Event.traceLen=   6 (in 16 bit words)
Event.len=  11, Event.traceLen=   3 (in 32 bit words)
next start: 0xaaaaaaaa, pos= 176
0x1f32 module_id = 31 crystal_id = 0 digitizer_id = 3 chan_id = 2 ge_id = 124 channel = 32  -> is segment
ncrystal=1
wrote trace to CCpulse_008_00_01.xy
two's comp tempE  ::      40122      40122 0x00009cba |0000|0000|0000|0000|1001|1100|1011|1010|
rawE              ::      40122      40122 0x00009cba |0000|0000|0000|0000|1001|1100|1011|1010|
rawE (sign change)::      40122      40122 0x00009cba |0000|0000|0000|0000|1001|1100|1011|1010|
Event.ehi=            1253 0x000004e5
Event.ehi=125 (gain changed)
Event.LEDts =         740540149301
Event.CFDts =          98785427468

---------
new GTheader at pos=176 or 88 words (96):
Event.hdr[ 0]=0x1f33,   7987
Event.hdr[ 1]=0x300a,  12298
Event.hdr[ 2]=0xee35,  60981
Event.hdr[ 3]=0x6ba1,  27553
Event.hdr[ 4]=0x00ac,    172
Event.hdr[ 5]=0x7d01,  32001
Event.hdr[ 6]=0x4e0b,  19979
Event.hdr[ 7]=0x0000,      0
Event.hdr[ 8]=0x622d,  25133
Event.hdr[ 9]=0x7ca2,  31906
Event.hdr[10]=0xac0b,  44043
Event.hdr[11]=0x1909,   6409
Event.hdr[12]=0x69b8,  27064
Event.hdr[13]=0x0032,     50
Event.len=  44, Event.traceLen=  12 (in Bytes)
Event.len=  22, Event.traceLen=   6 (in 16 bit words)
Event.len=  11, Event.traceLen=   3 (in 32 bit words)
next start: 0xaaaaaaaa, pos= 220
0x1f33 module_id = 31 crystal_id = 0 digitizer_id = 3 chan_id = 3 ge_id = 124 channel = 33  -> is segment
ncrystal=1
wrote trace to CCpulse_008_00_01.xy
two's comp tempE  ::     752897     752897 0x000b7d01 |0000|0000|0000|1011|0111|1101|0000|0001|
rawE              ::     752897     752897 0x000b7d01 |0000|0000|0000|1011|0111|1101|0000|0001|
rawE (sign change)::     752897     752897 0x000b7d01 |0000|0000|0000|1011|0111|1101|0000|0001|
Event.ehi=           23528 0x00005be8
Event.ehi=2352 (gain changed)
Event.LEDts =         740540149301
Event.CFDts =      265737976479756

---------
new GTheader at pos=220 or 110 words (118):
Event.hdr[ 0]=0x1f34,   7988
Event.hdr[ 1]=0x300a,  12298
Event.hdr[ 2]=0xee35,  60981
Event.hdr[ 3]=0x6ba1,  27553
Event.hdr[ 4]=0x00ac,    172
Event.hdr[ 5]=0x0012,     18
Event.hdr[ 6]=0x0e00,   3584
Event.hdr[ 7]=0x0000,      0
Event.hdr[ 8]=0x622d,  25133
Event.hdr[ 9]=0xffe6,  65510
Event.hdr[10]=0xb1ff,  45567
Event.hdr[11]=0xffff,  65535
Event.hdr[12]=0x00f7,    247
Event.hdr[13]=0x0000,      0
Event.len=  44, Event.traceLen=  12 (in Bytes)
Event.len=  22, Event.traceLen=   6 (in 16 bit words)
Event.len=  11, Event.traceLen=   3 (in 32 bit words)
next start: 0xaaaaaaaa, pos= 264
0x1f34 module_id = 31 crystal_id = 0 digitizer_id = 3 chan_id = 4 ge_id = 124 channel = 34  -> is segment
ncrystal=1
wrote trace to CCpulse_008_00_01.xy
two's comp tempE  ::         18         18 0x00000012 |0000|0000|0000|0000|0000|0000|0001|0010|
rawE              ::         18         18 0x00000012 |0000|0000|0000|0000|0000|0000|0001|0010|
rawE (sign change)::         18         18 0x00000012 |0000|0000|0000|0000|0000|0000|0001|0010|
Event.ehi=               0 0x00000000
Event.ehi=0 (gain changed)
Event.LEDts =         740540149301
Event.CFDts =         270586609676

---------
new GTheader at pos=264 or 132 words (140):
Event.hdr[ 0]=0x1f35,   7989
Event.hdr[ 1]=0x300a,  12298
Event.hdr[ 2]=0xee35,  60981
Event.hdr[ 3]=0x6ba1,  27553
Event.hdr[ 4]=0x00ac,    172
Event.hdr[ 5]=0x6202,  25090
Event.hdr[ 6]=0x4e09,  19977
Event.hdr[ 7]=0x0000,      0
Event.hdr[ 8]=0x622d,  25133
Event.hdr[ 9]=0x6099,  24729
Event.hdr[10]=0x7e09,  32265
Event.hdr[11]=0x103c,   4156
Event.hdr[12]=0x69ec,  27116
Event.hdr[13]=0x0027,     39
Event.len=  44, Event.traceLen=  12 (in Bytes)
Event.len=  22, Event.traceLen=   6 (in 16 bit words)
Event.len=  11, Event.traceLen=   3 (in 32 bit words)
next start: 0xaaaaaaaa, pos= 308
0x1f35 module_id = 31 crystal_id = 0 digitizer_id = 3 chan_id = 5 ge_id = 124 channel = 35  -> is segment
ncrystal=1
wrote trace to CCpulse_008_00_01.xy
two's comp tempE  ::     614914     614914 0x00096202 |0000|0000|0000|1001|0110|0010|0000|0010|
rawE              ::     614914     614914 0x00096202 |0000|0000|0000|1001|0110|0010|0000|0010|
rawE (sign change)::     614914     614914 0x00096202 |0000|0000|0000|1001|0110|0010|0000|0010|
Event.ehi=           19216 0x00004b10
Event.ehi=1921 (gain changed)
Event.LEDts =         740540149301
Event.CFDts =      268469617295372

---------
new GTheader at pos=308 or 154 words (162):
Event.hdr[ 0]=0x1f36,   7990
Event.hdr[ 1]=0x300a,  12298
Event.hdr[ 2]=0xee35,  60981
Event.hdr[ 3]=0x6ba1,  27553
Event.hdr[ 4]=0x00ac,    172
Event.hdr[ 5]=0x914a,  37194
Event.hdr[ 6]=0x0e04,   3588
Event.hdr[ 7]=0x0000,      0
Event.hdr[ 8]=0x622d,  25133
Event.hdr[ 9]=0x9974,  39284
Event.hdr[10]=0x4802,  18434
Event.hdr[11]=0xffe2,  65506
Event.hdr[12]=0xafeb,  45035
Event.hdr[13]=0x07ff,   2047
Event.len=  44, Event.traceLen=  12 (in Bytes)
Event.len=  22, Event.traceLen=   6 (in 16 bit words)
Event.len=  11, Event.traceLen=   3 (in 32 bit words)
next start: 0xaaaaaaaa, pos= 352
0x1f36 module_id = 31 crystal_id = 0 digitizer_id = 3 chan_id = 6 ge_id = 124 channel = 36  -> is segment
ncrystal=1
wrote trace to CCpulse_008_00_01.xy
two's comp tempE  ::     299338     299338 0x0004914a |0000|0000|0000|0100|1001|0001|0100|1010|
rawE              ::     299338     299338 0x0004914a |0000|0000|0000|0100|1001|0001|0100|1010|
rawE (sign change)::     299338     299338 0x0004914a |0000|0000|0000|0100|1001|0001|0100|1010|
Event.ehi=            9354 0x0000248a
Event.ehi=935 (gain changed)
Event.LEDts =         740540149301
Event.CFDts =      281470681415692

---------
new GTheader at pos=352 or 176 words (184):
Event.hdr[ 0]=0x1f37,   7991
Event.hdr[ 1]=0x300a,  12298
Event.hdr[ 2]=0xee35,  60981
Event.hdr[ 3]=0x6ba1,  27553
Event.hdr[ 4]=0x00ac,    172
Event.hdr[ 5]=0xa7cb,  42955
Event.hdr[ 6]=0x0e01,   3585
Event.hdr[ 7]=0x0000,      0
Event.hdr[ 8]=0x622d,  25133
Event.hdr[ 9]=0x8d7e,  36222
Event.hdr[10]=0xf400,  62464
Event.hdr[11]=0xffc0,  65472
Event.hdr[12]=0x064f,   1615
Event.hdr[13]=0x0000,      0
Event.len=  44, Event.traceLen=  12 (in Bytes)
Event.len=  22, Event.traceLen=   6 (in 16 bit words)
Event.len=  11, Event.traceLen=   3 (in 32 bit words)
next start: 0xaaaaaaaa, pos= 396
0x1f37 module_id = 31 crystal_id = 0 digitizer_id = 3 chan_id = 7 ge_id = 124 channel = 37  -> is segment
ncrystal=1
wrote trace to CCpulse_008_00_01.xy
two's comp tempE  ::     108491     108491 0x0001a7cb |0000|0000|0000|0001|1010|0111|1100|1011|
rawE              ::     108491     108491 0x0001a7cb |0000|0000|0000|0001|1010|0111|1100|1011|
rawE (sign change)::     108491     108491 0x0001a7cb |0000|0000|0000|0001|1010|0111|1100|1011|
Event.ehi=            3390 0x00000d3e
Event.ehi=339 (gain changed)
Event.LEDts =         740540149301
Event.CFDts =      281466386513932

---------
new GTheader at pos=396 or 198 words (206):
Event.hdr[ 0]=0x1f38,   7992
Event.hdr[ 1]=0x300a,  12298
Event.hdr[ 2]=0xee35,  60981
Event.hdr[ 3]=0x6ba1,  27553
Event.hdr[ 4]=0x00ac,    172
Event.hdr[ 5]=0x898d,  35213
Event.hdr[ 6]=0x1ff9,   8185
Event.hdr[ 7]=0x0000,      0
Event.hdr[ 8]=0x622d,  25133
Event.hdr[ 9]=0xbae4,  47844
Event.hdr[10]=0x59fc,  23036
Event.hdr[11]=0xf98f,  63887
Event.hdr[12]=0xba63,  47715
Event.hdr[13]=0x07f2,   2034
Event.len=  44, Event.traceLen=  12 (in Bytes)
Event.len=  22, Event.traceLen=   6 (in 16 bit words)
Event.len=  11, Event.traceLen=   3 (in 32 bit words)
0x1f38 module_id = 31 crystal_id = 0 digitizer_id = 3 chan_id = 8 ge_id = 124 channel = 38  -> is segment
ncrystal=1
wrote trace to CCpulse_008_00_01.xy
two's comp tempE  ::   16353677   16353677 0x00f9898d |0000|0000|1111|1001|1000|1001|1000|1101|
rawE              :: 4294543757    -423539 0xfff9898d |1111|1111|1111|1001|1000|1001|1000|1101|
rawE (sign change)::     423539     423539 0x00067673 |0000|0000|0000|0110|0111|0110|0111|0011|
Event.ehi=           13235 0x000033b3
Event.ehi=1323 (gain changed)
Event.LEDts =         740540149301
Event.CFDts =         511111725068
exit bin_mode3
*end of event # 8
+++++++++++++++++++++++++++++++
ev#     8 GEB_TYPE_DECOMP        464Bytes TS=740540175107 curTS=740540174713 dTS= 394
GEBGetEv returned st=0
we have read 8616 bytes; CurEvNo=9

+++++++++++++++++++++++++++++++
*start event # 9 with multiplicity 1 looks like this:
 0>  1, GEB_TYPE_DECOMP      , TS=740540174713
entered bin_mode2: 9/10
ptinp->pad= 0, (ptinp->pad&0x000000ff)= 0
good pad value
mode2 data:  0>  1, GEB_TYPE_DECOMP      , TS=740540174713
number of hits: 1
* 0/1, is GEB_TYPE_DECOMP: num=1
__detno: 84, module: 21, crystalNumber: 0
CCenergies[0]= 125.29
* 0:  -16.88,  28.66,  43.67 --> GT:   17.08,  14.12,  -6.54
updated CCadd with  125.29
total number of hits in array: 1
exit bin_mode2
entered bin_mode3 @ event number: 9 
exit bin_mode3
*end of event # 9
+++++++++++++++++++++++++++++++
ev#     9 GEB_TYPE_GT_MOD29      440Bytes TS=740540175411 curTS=740540175107 dTS= 304
GEBGetEv returned st=0
we have read 9072 bytes; CurEvNo=10

+++++++++++++++++++++++++++++++
*start event # 10 with multiplicity 1 looks like this:
 0>  1, GEB_TYPE_DECOMP      , TS=740540175107
entered bin_mode2: 10/10
ptinp->pad= 0, (ptinp->pad&0x000000ff)= 0
good pad value
mode2 data:  0>  1, GEB_TYPE_DECOMP      , TS=740540175107
number of hits: 4
* 0/1, is GEB_TYPE_DECOMP: num=4
__detno: 78, module: 19, crystalNumber: 2
CCenergies[0]= 681.58
* 0:  -21.21,  15.01,   0.00 --> GT:   14.18, -11.80,  -2.97
* 1:  -15.21,   2.70,  14.37 --> GT:   15.09, -13.01,  -1.69
* 2:   12.24, -30.97,  16.77 --> GT:   14.25, -14.48,   2.31
* 3:   -0.90,  -9.64,  21.75 --> GT:   14.97, -14.30,  -0.13
updated CCadd with  681.58
total number of hits in array: 4
exit bin_mode2
entered bin_mode3 @ event number: 10 
exit bin_mode3
*end of event # 10
+++++++++++++++++++++++++++++++
ev#    10 GEB_TYPE_DECOMP        464Bytes TS=740540235775 curTS=740540175411 dTS= 60364
ev# 50000 GEB_TYPE_DECOMP        464Bytes TS=741079033273 curTS=741079033263 dTS= 10
ev# 50000 GEB_TYPE_DECOMP        464Bytes TS=741079033277 curTS=741079033263 dTS= 14
ev# 50000 GEB_TYPE_GT_MOD29      440Bytes TS=741079033655 curTS=741079033263 dTS= 392
ev# 100000 GEB_TYPE_GT_MOD29      440Bytes TS=741619073567 curTS=741619005603 dTS= 67964
ev# 150000 GEB_TYPE_DECOMP        464Bytes TS=742159274191 curTS=742159274189 dTS= 2
ev# 150000 GEB_TYPE_DECOMP        464Bytes TS=742159274191 curTS=742159274189 dTS= 2
ev# 150000 GEB_TYPE_GT_MOD29      440Bytes TS=742159274293 curTS=742159274189 dTS= 104
ev# 150000 GEB_TYPE_DECOMP        464Bytes TS=742159288283 curTS=742159274189 dTS= 14094
ev# 200000 GEB_TYPE_DECOMP        464Bytes TS=742707025477 curTS=742707007189 dTS= 18288
ev# 250000 GEB_TYPE_GT_MOD29      440Bytes TS=743268109313 curTS=743268109213 dTS= 100
ev# 250000 GEB_TYPE_DECOMP        464Bytes TS=743268109331 curTS=743268109213 dTS= 118
ev# 250000 GEB_TYPE_DECOMP        464Bytes TS=743268109333 curTS=743268109213 dTS= 120
ev# 250000 GEB_TYPE_DECOMP        464Bytes TS=743268109365 curTS=743268109213 dTS= 152
ev# 300000 GEB_TYPE_DECOMP        464Bytes TS=743811060107 curTS=743811060087 dTS= 20
ev# 300000 GEB_TYPE_DECOMP        464Bytes TS=743811060107 curTS=743811060087 dTS= 20
ev# 300000 GEB_TYPE_DECOMP        464Bytes TS=743811063063 curTS=743811060087 dTS= 2976
ev# 350000 GEB_TYPE_DECOMP        464Bytes TS=744346889045 curTS=744346889043 dTS= 2
ev# 350000 GEB_TYPE_DECOMP        464Bytes TS=744346889045 curTS=744346889043 dTS= 2
ev# 350000 GEB_TYPE_DECOMP        464Bytes TS=744346889047 curTS=744346889043 dTS= 4
ev# 350000 GEB_TYPE_DECOMP        464Bytes TS=744346889047 curTS=744346889043 dTS= 4
ev# 350000 GEB_TYPE_DECOMP        464Bytes TS=744346889049 curTS=744346889043 dTS= 6
ev# 350000 GEB_TYPE_DECOMP        464Bytes TS=744346889055 curTS=744346889043 dTS= 12
ev# 350000 GEB_TYPE_DECOMP        464Bytes TS=744346889221 curTS=744346889043 dTS= 178
ev# 400000 GEB_TYPE_DECOMP        464Bytes TS=744877564207 curTS=744877564199 dTS= 8
ev# 400000 GEB_TYPE_DECOMP        464Bytes TS=744877564439 curTS=744877564199 dTS= 240
ev# 450000 GEB_TYPE_DECOMP        464Bytes TS=745380336007 curTS=745380336005 dTS= 2
ev# 450000 GEB_TYPE_DECOMP        464Bytes TS=745380336013 curTS=745380336005 dTS= 8
ev# 450000 GEB_TYPE_DECOMP        464Bytes TS=745380336015 curTS=745380336005 dTS= 10
ev# 450000 GEB_TYPE_DECOMP        464Bytes TS=745380336055 curTS=745380336005 dTS= 50
ev# 450000 GEB_TYPE_DECOMP        464Bytes TS=745380336055 curTS=745380336005 dTS= 50
ev# 450000 GEB_TYPE_DECOMP        464Bytes TS=745380336069 curTS=745380336005 dTS= 64
ev# 450000 GEB_TYPE_GT_MOD29      440Bytes TS=745380336093 curTS=745380336005 dTS= 88
ev# 450000 GEB_TYPE_DECOMP        464Bytes TS=745380342205 curTS=745380336005 dTS= 6200
ev# 500000 GEB_TYPE_GT_MOD29      440Bytes TS=745896835727 curTS=745896835467 dTS= 260
ev# 550000 GEB_TYPE_DECOMP        464Bytes TS=746417967153 curTS=746417967149 dTS= 4
ev# 550000 GEB_TYPE_DECOMP        464Bytes TS=746417967153 curTS=746417967149 dTS= 4
ev# 550000 GEB_TYPE_DECOMP        464Bytes TS=746418001463 curTS=746417967149 dTS= 34314
ev# 600000 GEB_TYPE_DECOMP        464Bytes TS=746967131917 curTS=746967111981 dTS= 19936
ev# 650000 GEB_TYPE_DECOMP        464Bytes TS=747496279895 curTS=747496279729 dTS= 166
ev# 700000 GEB_TYPE_DECOMP        464Bytes TS=748044151759 curTS=748044151735 dTS= 24
ev# 700000 GEB_TYPE_GT_MOD29      440Bytes TS=748044152363 curTS=748044151735 dTS= 628
ev# 750000 GEB_TYPE_DECOMP        464Bytes TS=748585373555 curTS=748585373547 dTS= 8
ev# 750000 GEB_TYPE_DECOMP        464Bytes TS=748585373571 curTS=748585373547 dTS= 24
ev# 750000 GEB_TYPE_DECOMP        464Bytes TS=748585373573 curTS=748585373547 dTS= 26
ev# 750000 GEB_TYPE_DECOMP        464Bytes TS=748585373573 curTS=748585373547 dTS= 26
ev# 750000 GEB_TYPE_DECOMP        464Bytes TS=748585373575 curTS=748585373547 dTS= 28
ev# 750000 GEB_TYPE_GT_MOD29      440Bytes TS=748585373617 curTS=748585373547 dTS= 70
ev# 750000 GEB_TYPE_DECOMP        464Bytes TS=748585380923 curTS=748585373547 dTS= 7376
ev# 800000 GEB_TYPE_DECOMP        464Bytes TS=749129848259 curTS=749129848257 dTS= 2
ev# 800000 GEB_TYPE_DECOMP        464Bytes TS=749129848259 curTS=749129848257 dTS= 2
ev# 800000 GEB_TYPE_DECOMP        464Bytes TS=749129848259 curTS=749129848257 dTS= 2
ev# 800000 GEB_TYPE_DECOMP        464Bytes TS=749129848263 curTS=749129848257 dTS= 6
ev# 800000 GEB_TYPE_DECOMP        464Bytes TS=749129848287 curTS=749129848257 dTS= 30
ev# 800000 GEB_TYPE_DECOMP        464Bytes TS=749129848567 curTS=749129848257 dTS= 310
ev# 850000 GEB_TYPE_DECOMP        464Bytes TS=749675413199 curTS=749675413197 dTS= 2
ev# 850000 GEB_TYPE_DECOMP        464Bytes TS=749675413199 curTS=749675413197 dTS= 2
ev# 850000 GEB_TYPE_DECOMP        464Bytes TS=749675413199 curTS=749675413197 dTS= 2
ev# 850000 GEB_TYPE_DECOMP        464Bytes TS=749675413247 curTS=749675413197 dTS= 50
ev# 850000 GEB_TYPE_DECOMP        464Bytes TS=749675413249 curTS=749675413197 dTS= 52
ev# 850000 GEB_TYPE_DECOMP        464Bytes TS=749675413471 curTS=749675413197 dTS= 274
ev# 900000 GEB_TYPE_GT_MOD29      352Bytes TS=750216481083 curTS=750216480495 dTS= 588
ev# 950000 GEB_TYPE_DECOMP        464Bytes TS=750730632585 curTS=750730632583 dTS= 2
ev# 950000 GEB_TYPE_GT_MOD29      440Bytes TS=750730636551 curTS=750730632583 dTS= 3968

Sorting is done
attempting to save root or map file



mean observed polar and azimuth angles
for the detectors we saw (module,crystal)

------------------------------------------
mean pol/azi angle for detector  56 are   96.74/ 119.55
mean pol/azi angle for detector  57 are  100.40/ 138.32
mean pol/azi angle for detector  58 are   83.37/ 132.67
mean pol/azi angle for detector  59 are   79.56/ 114.00
mean pol/azi angle for detector  60 are   87.41/ 152.60
mean pol/azi angle for detector  61 are  105.23/ 157.69
mean pol/azi angle for detector  62 are   93.17/ 168.62
mean pol/azi angle for detector  63 are   73.83/ 165.98
mean pol/azi angle for detector  68 are   87.17/-134.97
mean pol/azi angle for detector  69 are  105.28/-130.00
mean pol/azi angle for detector  70 are   92.93/-116.89
mean pol/azi angle for detector  71 are   74.16/-121.83
mean pol/azi angle for detector  76 are   87.47/ -63.19
mean pol/azi angle for detector  77 are  105.27/ -58.12
mean pol/azi angle for detector  78 are   93.00/ -45.00
mean pol/azi angle for detector  79 are   74.18/ -49.89
mean pol/azi angle for detector  84 are  112.30/  33.63
mean pol/azi angle for detector  85 are  125.23/  17.33
mean pol/azi angle for detector  86 are  130.66/  39.16
mean pol/azi angle for detector  87 are  115.88/  52.91
mean pol/azi angle for detector  88 are  112.42/ 105.55
mean pol/azi angle for detector  89 are  124.90/  89.34
mean pol/azi angle for detector  90 are  130.78/ 111.18
mean pol/azi angle for detector  91 are  115.77/ 124.99
mean pol/azi angle for detector  96 are  112.53/-110.66
mean pol/azi angle for detector  97 are  124.84/-126.62
mean pol/azi angle for detector  98 are  130.92/-104.91
mean pol/azi angle for detector  99 are  115.85/ -91.02
mean pol/azi angle for detector 100 are  112.41/ -38.54
mean pol/azi angle for detector 101 are  124.76/ -55.03
mean pol/azi angle for detector 102 are  130.67/ -33.03
mean pol/azi angle for detector 103 are  115.74/ -19.11
mean pol/azi angle for detector 104 are  144.44/  88.29
mean pol/azi angle for detector 105 are  132.72/  65.78
mean pol/azi angle for detector 106 are  148.91/  53.91
mean pol/azi angle for detector 107 are  162.34/  88.23
mean pol/azi angle for detector 108 are  144.76/ 160.19
mean pol/azi angle for detector 109 are  132.70/ 137.96
mean pol/azi angle for detector 110 are  149.57/ 125.52
mean pol/azi angle for detector 111 are  162.29/ 110.53
mean pol/azi angle for detector 116 are  144.38/ -55.88
mean pol/azi angle for detector 117 are  132.57/ -78.31
mean pol/azi angle for detector 118 are  148.94/ -90.30
mean pol/azi angle for detector 119 are  162.38/ -56.02
we found 44 crystals
------------------------------------------

minimum pol angle between crystals is  18.65
compactness =  64.39%, 85 of 264
module hit statistics
module  14, crystal 0 was hit      86571 times
module  14, crystal 1 was hit      93140 times
module  14, crystal 2 was hit      90590 times
module  14, crystal 3 was hit      80767 times
module  15, crystal 0 was hit      92327 times
module  15, crystal 1 was hit      84370 times
module  15, crystal 2 was hit      79152 times
module  15, crystal 3 was hit      82425 times
module  17, crystal 0 was hit      69460 times
module  17, crystal 1 was hit      68078 times
module  17, crystal 2 was hit      68541 times
module  17, crystal 3 was hit      70879 times
module  19, crystal 0 was hit      64769 times
module  19, crystal 1 was hit      68254 times
module  19, crystal 2 was hit      79440 times
module  19, crystal 3 was hit      77035 times
module  21, crystal 0 was hit      79611 times
module  21, crystal 1 was hit      69844 times
module  21, crystal 2 was hit      82127 times
module  21, crystal 3 was hit      79013 times
module  22, crystal 0 was hit      85901 times
module  22, crystal 1 was hit      79984 times
module  22, crystal 2 was hit      90674 times
module  22, crystal 3 was hit      82884 times
module  24, crystal 0 was hit      72288 times
module  24, crystal 1 was hit      70084 times
module  24, crystal 2 was hit      73134 times
module  24, crystal 3 was hit      66780 times
module  25, crystal 0 was hit      68456 times
module  25, crystal 1 was hit      71419 times
module  25, crystal 2 was hit      68565 times
module  25, crystal 3 was hit      66265 times
module  26, crystal 0 was hit      78712 times
module  26, crystal 1 was hit      77964 times
module  26, crystal 2 was hit      77143 times
module  26, crystal 3 was hit      72372 times
module  27, crystal 0 was hit      82111 times
module  27, crystal 1 was hit      80097 times
module  27, crystal 2 was hit      83058 times
module  27, crystal 3 was hit      75535 times
module  29, crystal 0 was hit      66997 times
module  29, crystal 1 was hit      67550 times
module  29, crystal 2 was hit      73774 times
module  29, crystal 3 was hit      66368 times

bin_mode2: pad distribution
__id   0,      1462408, 93.72%
__id   2,          203,  0.01%
__id   3,          461,  0.03%
__id   4,          495,  0.03%
__id   5,         2960,  0.19%
__id   6,         8476,  0.54%
__id 128,        85270,  5.46%
__id 133,          142,  0.01%

bin_mode2 calculated mean CCsum energy to be  753.081 keV
bin_mode2 calculated mean CCadd energy to be 1116.418 keV
attempting to close root file...
Pars.f1->Write();
Pars.f1->Print();
TFile: name=/lcrc/project/HELIOS/gretinafma/root_data/run152.root, title=, option=CREATE
TH1.Print Name  = dtbtev, Entries= 2001287, Total sum= 2.00129e+06
TH1.Print Name  = T0, Entries= 0, Total sum= 0
TH1.Print Name  = hitpat, Entries= 1462408, Total sum= 1.46241e+06
TH1.Print Name  = numHitArray2, Entries= 1000000, Total sum= 729331
TH1.Print Name  = CCmult, Entries= 1000000, Total sum= 999999
TH1.Print Name  = CCsum, Entries= 3364392, Total sum= 1.46239e+06
TH1.Print Name  = hit2, Entries= 161694, Total sum= 161515
TH1.Print Name  = hit3, Entries= 87268, Total sum= 86697
TH1.Print Name  = hit4, Entries= 48580, Total sum= 47423
TH1.Print Name  = CCsum_nodop, Entries= 3364392, Total sum= 1.46238e+06
TH1.Print Name  = CCadd, Entries= 1000000, Total sum= 720712
TH1.Print Name  = SEGadd_FPGA, Entries= 200000000, Total sum= 1.46176e+06
TH1.Print Name  = SEGadd_PSA, Entries= 200000000, Total sum= 1.45439e+06
TH1.Print Name  = SEGsum_FPGA, Entries= 2264542, Total sum= 2.2641e+06
TH1.Print Name  = SEGsum_PSA, Entries= 3364508, Total sum= 3.3379e+06
TH1.Print Name  = radius_all, Entries= 3364506, Total sum= 3.36451e+06
TH1.Print Name  = rate_mode2_min, Entries= 1462407, Total sum= 24373.4
TH1.Print Name  = rate_mode2_sec, Entries= 1462407, Total sum= 1.46241e+06
TH1.Print Name  = rate_mode2_intp, Entries= 1462407, Total sum= 56075.1
TH1.Print Name  = cdtbtev, Entries= 396744, Total sum= 396744
TH1.Print Name  = evsr_all, Entries= 3364506, Total sum= 3.28627e+06
TH1.Print Name  = SMAP_allhits, Entries= 3364508, Total sum= 3.36451e+06
TH1.Print Name  = SMAP_allhits_sq, Entries= 3364508, Total sum= 3.36451e+06
TH1.Print Name  = seghitpat, Entries= 3364508, Total sum= 3.36451e+06
TH1.Print Name  = CCe, Entries= 3364392, Total sum= 1.46239e+06
TH1.Print Name  = ggCC, Entries= 2997140, Total sum= 2.62427e+06
TH1.Print Name  = z_plot, Entries= 3364508, Total sum= 3.36124e+06
TH1.Print Name  = crystal_hit, Entries= 0, Total sum= 0
TH1.Print Name  = SegE, Entries= 3363810, Total sum= 3.36381e+06
TH1.Print Name  = crXcr, Entries= 1498780, Total sum= 1.49878e+06
******************************************************************************
*Tree    :tree      : tree                                                   *
*Entries :  1000000 : Total =       154061683 bytes  File  Size =   37800037 *
*        :          : Tree compression factor =   4.08                       *
******************************************************************************
*Br    0 :runNumber : runNumber/I                                            *
*Entries :  1000000 : Total  Size=    4010225 bytes  File Size  =      30494 *
*Baskets :       99 : Basket Size=    1333248 bytes  Compression= 131.42     *
*............................................................................*
*Br    1 :numHits   : numHits/I                                              *
*Entries :  1000000 : Total  Size=    4010019 bytes  File Size  =      30291 *
*Baskets :       99 : Basket Size=    1332736 bytes  Compression= 132.29     *
*............................................................................*
*Br    2 :left      : left[numHits]/F                                        *
*Entries :  1000000 : Total  Size=    8030480 bytes  File Size  =    2872396 *
*Baskets :      292 : Basket Size=    8864256 bytes  Compression=   2.79     *
*............................................................................*
*Br    3 :right     : right[numHits]/F                                       *
*Entries :  1000000 : Total  Size=    8030776 bytes  File Size  =    2851705 *
*Baskets :      292 : Basket Size=    8864256 bytes  Compression=   2.81     *
*............................................................................*
*Br    4 :up        : up[numHits]/F                                          *
*Entries :  1000000 : Total  Size=    8029888 bytes  File Size  =    2862706 *
*Baskets :      292 : Basket Size=    8863744 bytes  Compression=   2.80     *
*............................................................................*
*Br    5 :down      : down[numHits]/F                                        *
*Entries :  1000000 : Total  Size=    8030480 bytes  File Size  =    2855426 *
*Baskets :      292 : Basket Size=    8864256 bytes  Compression=   2.81     *
*............................................................................*
*Br    6 :e1        : e1[numHits]/F                                          *
*Entries :  1000000 : Total  Size=    8029888 bytes  File Size  =    2754548 *
*Baskets :      292 : Basket Size=    8863744 bytes  Compression=   2.91     *
*............................................................................*
*Br    7 :e2        : e2[numHits]/F                                          *
*Entries :  1000000 : Total  Size=    8029888 bytes  File Size  =    2721772 *
*Baskets :      292 : Basket Size=    8863744 bytes  Compression=   2.95     *
*............................................................................*
*Br    8 :e3        : e3[numHits]/F                                          *
*Entries :  1000000 : Total  Size=    8029888 bytes  File Size  =    2690487 *
*Baskets :      292 : Basket Size=    8863744 bytes  Compression=   2.98     *
*............................................................................*
*Br    9 :tac       : tac[numHits]/F                                         *
*Entries :  1000000 : Total  Size=    8030184 bytes  File Size  =    2432483 *
*Baskets :      292 : Basket Size=    8864256 bytes  Compression=   3.30     *
*............................................................................*
*Br   10 :fmaDeltaTime : fmaDeltaTime[numHits]/F                             *
*Entries :  1000000 : Total  Size=    8032959 bytes  File Size  =    2479600 *
*Baskets :      293 : Basket Size=    8865280 bytes  Compression=   3.24     *
*............................................................................*
*Br   11 :fmaMult   : fmaMult[10]/I                                          *
*Entries :  1000000 : Total  Size=   40095581 bytes  File Size  =    1048810 *
*Baskets :      972 : Basket Size=   25600000 bytes  Compression=  38.21     *
*............................................................................*
*Br   12 :gammaMult : gammaMult/I                                            *
*Entries :  1000000 : Total  Size=    4010225 bytes  File Size  =     707049 *
*Baskets :       99 : Basket Size=    1333248 bytes  Compression=   5.67     *
*............................................................................*
*Br   13 :gammaEnergy : gammaEnergy[gammaMult]/F                             *
*Entries :  1000000 : Total  Size=    9887142 bytes  File Size  =    6955151 *
*Baskets :      337 : Basket Size=    9479168 bytes  Compression=   1.42     *
*............................................................................*
*Br   14 :gammaTimestamp : gammaTimestamp[gammaMult]/F                       *
*Entries :  1000000 : Total  Size=    9888165 bytes  File Size  =    2070769 *
*Baskets :      337 : Basket Size=    9479680 bytes  Compression=   4.77     *
*............................................................................*
*Br   15 :deltaTime : deltaTime[gammaMult]/F                                 *
*Entries :  1000000 : Total  Size=    9886460 bytes  File Size  =    2394462 *
*Baskets :      337 : Basket Size=    9478656 bytes  Compression=   4.13     *
*............................................................................*
TH1.Print Name  = eCC_a, Entries= 0, Total sum= 0
TH1.Print Name  = eCC_b, Entries= 0, Total sum= 0
TH1.Print Name  = eCC_c, Entries= 0, Total sum= 0
TH1.Print Name  = eCC_d, Entries= 128677, Total sum= 0
TH1.Print Name  = eSeg, Entries= 0, Total sum= 0
TH1.Print Name  = mode3_hitpat, Entries= 4383509, Total sum= 0
TH1.Print Name  = mode3_hitpat_chan, Entries= 4383509, Total sum= 4.38351e+06
TH1.Print Name  = chan0, Entries= 0, Total sum= 0
TH1.Print Name  = module, Entries= 4383509, Total sum= 4.38351e+06
TH1.Print Name  = chan, Entries= 4383509, Total sum= 4.38066e+06
TH1.Print Name  = l, Entries= 438350, Total sum= 438308
TH1.Print Name  = r, Entries= 438351, Total sum= 438348
TH1.Print Name  = up, Entries= 438351, Total sum= 438350
TH1.Print Name  = down, Entries= 438351, Total sum= 438351
TH1.Print Name  = sumlr, Entries= 426254, Total sum= 426254
TH1.Print Name  = sumud, Entries= 414382, Total sum= 414382
TH1.Print Name  = x, Entries= 426254, Total sum= 426254
TH1.Print Name  = y, Entries= 414382, Total sum= 414382
TH1.Print Name  = de1, Entries= 438351, Total sum= 438333
TH1.Print Name  = de2, Entries= 438351, Total sum= 438351
TH1.Print Name  = de3, Entries= 438351, Total sum= 437265
TH1.Print Name  = de12, Entries= 384566, Total sum= 384566
TH1.Print Name  = etot, Entries= 384566, Total sum= 384566
TH1.Print Name  = rftof, Entries= 438351, Total sum= 436862
TH1.Print Name  = lr, Entries= 1000000, Total sum= 999956
TH1.Print Name  = ud, Entries= 1000000, Total sum= 999999
TH1.Print Name  = ede1, Entries= 384566, Total sum= 384566
TH1.Print Name  = ede1g, Entries= 70834, Total sum= 70825
TH1.Print Name  = ede2, Entries= 384566, Total sum= 384566
TH1.Print Name  = ede12, Entries= 384566, Total sum= 384566
TH1.Print Name  = xde1, Entries= 384566, Total sum= 384566
TH1.Print Name  = erftof, Entries= 1000000, Total sum= 998511
TH1.Print Name  = erftofg, Entries= 29370, Total sum= 29294
TH1.Print Name  = sumehi, Entries= 1462408, Total sum= 1.4624e+06
TH1.Print Name  = tgppac, Entries= 1462408, Total sum= 381964
TH1.Print Name  = tgppacg, Entries= 70834, Total sum= 70834
TH1.Print Name  = xehi1, Entries= 1462408, Total sum= 1.4624e+06
TH1.Print Name  = xehi1g, Entries= 70834, Total sum= 70833
TH1.Print Name  = de1ehi, Entries= 1462408, Total sum= 1.46239e+06
TH1.Print Name  = de1ehig, Entries= 70834, Total sum= 70824
TH1.Print Name  = ng, Entries= 1000000, Total sum= 1e+06
TH1.Print Name  = ehiz1, Entries= 0, Total sum= 0
TH1.Print Name  = ehiz2, Entries= 0, Total sum= 0
TH1.Print Name  = ehiz3, Entries= 0, Total sum= 0
TH1.Print Name  = ehiz4, Entries= 0, Total sum= 0
TH1.Print Name  = ehiz5, Entries= 0, Total sum= 0
TH1.Print Name  = gg_dt, Entries= 86319, Total sum= 86319
TH1.Print Name  = gg, Entries= 172638, Total sum= 170120
TH1.Print Name  = gg_z1, Entries= 0, Total sum= 0
TH1.Print Name  = gg_z2, Entries= 0, Total sum= 0
TH1.Print Name  = gg_z3, Entries= 0, Total sum= 0
TH1.Print Name  = gg_z4, Entries= 0, Total sum= 0
TH1.Print Name  = gg_z5, Entries= 0, Total sum= 0
Pars.f1->Close();
done saving rootfile "/lcrc/project/HELIOS/gretinafma/root_data/run152.root


read 1000000 events; Pars.beta=0.0330; time since last update 1 minutes
CommandFileName="GEBSort.command"

sorted timestamp range 740539623001-->751249253049: 10709630048
that is 107.1 seconds or 0h1m47s
^^^^^ any timestamp jumps will upset this accounting

hit statistics per type
 1 GEB_TYPE_DECOMP          1560415 ;  14570.20 Hz 
 8 GEB_TYPE_GT_MOD29         440872 ;   4116.59 Hz 
read a total of              2001287 ; header/payloads


nn1=0
nn2=2001288
nn3=2001288

nok_validate= 1000000, ntot_validate=1000000; validate fraction 100.00%

bytes read=948928028, 904.968288 MB

boniva sancta! ...GEBSort (unexpectedly) did not crash!

 ** GEBSort is done at 
