started GEBSort at we have 9 arguments
1... -input
will take input from disk
file size is 638836568 bytes or 623 MBytes

4... -rootfile
rootfile name specified on command line
__will store spectra in rootfile: /lcrc/project/HELIOS/gretinafma/root_data/run126.root
will recreate root file
7... -chat
core file size          (blocks, -c) unlimited
data seg size           (kbytes, -d) unlimited
scheduling priority             (-e) 0
file size               (blocks, -f) unlimited
pending signals                 (-i) 510315
max locked memory       (kbytes, -l) unlimited
max memory size         (kbytes, -m) 128769024
open files                      (-n) 51200
pipe size            (512 bytes, -p) 8
POSIX message queues     (bytes, -q) 819200
real-time priority              (-r) 0
stack size              (kbytes, -s) unlimited
cpu time               (seconds, -t) unlimited
max user processes              (-u) 4096
virtual memory          (kbytes, -v) unlimited
file locks                      (-x) unlimited
will read sorting instructions from chatfile: GEBSort.chat

executing UserDeclare.h code


GEBsort running on: 

initializing

crmat.LINUX is open (input) binary format
read 7936 bytes into Pars.crmat
chat file: <GEBSort.chat> open

will sort a max of 1410065408 events
will sort a max of 1000000 events
will sort 86400 minutes of data
will print details of the first 10 events
will use Pars.Beta (v/c) correction of 0.033000
will sort using a time window of 150
Pars.do_bin_mode2=1
Pars.do_bin_mode3=1
will accept second interaction range between 10.000000 and 500.000000 mm
"1-200"
detector   1 is ENABLED
detector   2 is ENABLED
detector   3 is ENABLED
detector   4 is ENABLED
detector   5 is ENABLED
detector   6 is ENABLED
detector   7 is ENABLED
detector   8 is ENABLED
detector   9 is ENABLED
detector  10 is ENABLED
detector  11 is ENABLED
detector  12 is ENABLED
detector  13 is ENABLED
detector  14 is ENABLED
detector  15 is ENABLED
detector  16 is ENABLED
detector  17 is ENABLED
detector  18 is ENABLED
detector  19 is ENABLED
detector  20 is ENABLED
detector  21 is ENABLED
detector  22 is ENABLED
detector  23 is ENABLED
detector  24 is ENABLED
detector  25 is ENABLED
detector  26 is ENABLED
detector  27 is ENABLED
detector  28 is ENABLED
detector  29 is ENABLED
detector  30 is ENABLED
detector  31 is ENABLED
detector  32 is ENABLED
detector  33 is ENABLED
detector  34 is ENABLED
detector  35 is ENABLED
detector  36 is ENABLED
detector  37 is ENABLED
detector  38 is ENABLED
detector  39 is ENABLED
detector  40 is ENABLED
detector  41 is ENABLED
detector  42 is ENABLED
detector  43 is ENABLED
detector  44 is ENABLED
detector  45 is ENABLED
detector  46 is ENABLED
detector  47 is ENABLED
detector  48 is ENABLED
detector  49 is ENABLED
detector  50 is ENABLED
detector  51 is ENABLED
detector  52 is ENABLED
detector  53 is ENABLED
detector  54 is ENABLED
detector  55 is ENABLED
detector  56 is ENABLED
detector  57 is ENABLED
detector  58 is ENABLED
detector  59 is ENABLED
detector  60 is ENABLED
detector  61 is ENABLED
detector  62 is ENABLED
detector  63 is ENABLED
detector  64 is ENABLED
detector  65 is ENABLED
detector  66 is ENABLED
detector  67 is ENABLED
detector  68 is ENABLED
detector  69 is ENABLED
detector  70 is ENABLED
detector  71 is ENABLED
detector  72 is ENABLED
detector  73 is ENABLED
detector  74 is ENABLED
detector  75 is ENABLED
detector  76 is ENABLED
detector  77 is ENABLED
detector  78 is ENABLED
detector  79 is ENABLED
detector  80 is ENABLED
detector  81 is ENABLED
detector  82 is ENABLED
detector  83 is ENABLED
detector  84 is ENABLED
detector  85 is ENABLED
detector  86 is ENABLED
detector  87 is ENABLED
detector  88 is ENABLED
detector  89 is ENABLED
detector  90 is ENABLED
detector  91 is ENABLED
detector  92 is ENABLED
detector  93 is ENABLED
detector  94 is ENABLED
detector  95 is ENABLED
detector  96 is ENABLED
detector  97 is ENABLED
detector  98 is ENABLED
detector  99 is ENABLED
detector 100 is ENABLED
detector 101 is ENABLED
detector 102 is ENABLED
detector 103 is ENABLED
detector 104 is ENABLED
detector 105 is ENABLED
detector 106 is ENABLED
detector 107 is ENABLED
detector 108 is ENABLED
detector 109 is ENABLED
detector 110 is ENABLED
detector 111 is ENABLED
detector 112 is ENABLED
detector 113 is ENABLED
detector 114 is ENABLED
detector 115 is ENABLED
detector 116 is ENABLED
detector 117 is ENABLED
detector 118 is ENABLED
detector 119 is ENABLED
detector 120 is ENABLED
detector 121 is ENABLED
detector 122 is ENABLED
detector 123 is ENABLED
detector 124 is ENABLED
detector 125 is ENABLED
detector 126 is ENABLED
detector 127 is ENABLED
detector 128 is ENABLED
detector 129 is ENABLED
detector 130 is ENABLED
detector 131 is ENABLED
detector 132 is ENABLED
detector 133 is ENABLED
detector 134 is ENABLED
detector 135 is ENABLED
detector 136 is ENABLED
detector 137 is ENABLED
detector 138 is ENABLED
detector 139 is ENABLED
detector 140 is ENABLED
detector 141 is ENABLED
detector 142 is ENABLED
detector 143 is ENABLED
detector 144 is ENABLED
detector 145 is ENABLED
detector 146 is ENABLED
detector 147 is ENABLED
detector 148 is ENABLED
detector 149 is ENABLED
detector 150 is ENABLED
detector 151 is ENABLED
detector 152 is ENABLED
detector 153 is ENABLED
detector 154 is ENABLED
detector 155 is ENABLED
detector 156 is ENABLED
detector 157 is ENABLED
detector 158 is ENABLED
detector 159 is ENABLED
detector 160 is ENABLED
detector 161 is ENABLED
detector 162 is ENABLED
detector 163 is ENABLED
detector 164 is ENABLED
detector 165 is ENABLED
detector 166 is ENABLED
detector 167 is ENABLED
detector 168 is ENABLED
detector 169 is ENABLED
detector 170 is ENABLED
detector 171 is ENABLED
detector 172 is ENABLED
detector 173 is ENABLED
detector 174 is ENABLED
detector 175 is ENABLED
detector 176 is ENABLED
detector 177 is ENABLED
detector 178 is ENABLED
detector 179 is ENABLED
detector 180 is ENABLED
detector 181 is ENABLED
detector 182 is ENABLED
detector 183 is ENABLED
detector 184 is ENABLED
detector 185 is ENABLED
detector 186 is ENABLED
detector 187 is ENABLED
detector 188 is ENABLED
detector 189 is ENABLED
detector 190 is ENABLED
detector 191 is ENABLED
detector 192 is ENABLED
detector 193 is ENABLED
detector 194 is ENABLED
detector 195 is ENABLED
detector 196 is ENABLED
detector 197 is ENABLED
detector 198 is ENABLED
detector 199 is ENABLED
WARNING: could not open CCcal file "CCenergy.cal", quit
will use beam direction 0.000000 0.000000 1.000000
vector length= 1.000000, normalizing
will use beam direction 0.000000 0.000000 1.000000
Pars.ndetlimlo=1,Pars.ndetlimhi=8
will require mult bt: 1 20
fomlimits, 1, 0.00 ..to.. 0.80
fomlimits, 2, 0.00 ..to.. 0.80
fomlimits, 3, 0.00 ..to.. 0.80
fomlimits, 4, 0.00 ..to.. 0.80
fomlimits, 5, 0.00 ..to.. 0.80
fomlimits, 6, 0.00 ..to.. 0.80
fomlimits, 7, 0.00 ..to.. 0.80
will use M= 350.000000 in bin_dgs
will use PZ file "dgs_pz.cal" in bin_dgs
will use ecal file "dgs_ehi.cal" in bin_dgs
will skip rest of chat file

chat file: <GEBSort.chat> closed
processed 39 sort instructions and 198 lines


sorting this:
Pars.do_bin_mode3 = 1
Pars.do_bin_mode2 = 1
Pars.do_bin_mode1 = 0
Pars.do_bin_dgs = 0
Pars.do_bin_dfma = 0
Pars.do_bin_gtcal = 0
Pars.do_bin_template = 0
Pars.do_bin_final = 0
Pars.do_bin_angcor = 0
Pars.do_bin_angdis = 0
checking proper input of chat file...
input file "/lcrc/project/HELIOS/gretinafma/merged_data/GEBMerged_run126.gtd_000" is open, inData=0x25f27a60
file size is 638836568 bytes or 623 MBs 
input source is set up, supposedly

xyz offset values:

executing ShareMemFileUserInit.h code

deleted \rm -f GEBSort.command
root file </lcrc/project/HELIOS/gretinafma/root_data/run126.root>
base=</lcrc/project/HELIOS/gretinafma/root_data/run126.root:/>
TFile: name=/lcrc/project/HELIOS/gretinafma/root_data/run126.root, title=, option=CREATE

executing UserInit.h code

Created Object "dtbtev", 0x26f7cf70
Created Object "T0", 0x26f7d380
, "T0"Created Object "hitpat", 0x26f7d770
, "hitpat"Created Object "numHitArray2", 0x26f7e1c0
, "numHitArray2"Created Object "CCmult", 0x26f7ec80
, "CC Multiplicity"Created Object "CCsum", 0x27250960
, "CCsum"Created Object "hit2", 0x27260770
, "hit2"Created Object "hit3", 0x27270580
, "hit3"Created Object "hit4", 0x27280390
, "hit4"Created Object "CCsum_nodop", 0x272901a0
, "CCsum_nodop"Created Object "CCadd", 0x2729ffb0
, "CCadd"Created Object "SEGadd_FPGA", 0x272afdc0
Created Object "SEGadd_PSA", 0x272b01d0
Created Object "SEGsum_FPGA", 0x272b05e0
Created Object "SEGsum_PSA", 0x272b09f0
Created Object "radius_all", 0x272b0e00
, "radius (all points)"Created Object "rate_mode2_min", 0x272b9210
, "rate_mode2_min headers"Created Object "rate_mode2_sec", 0x272bc320
, "rate_mode2_sec headers"Created Object "rate_mode2_intp", 0x272bf430
, "rate_mode2 interaction points"Created Object "cdtbtev", 0x272c2540
Created Object "evsr_all", 0x273884b0
Created Object "SMAP_allhits", 0x273889f0
Created Object "SMAP_allhits_sq", 0x27488380
Created Object "seghitpat", 0x27587d10
Created Object "CCe", 0x27590110
Created Object "ggCC", 0x275906c0
Created Object "z_plot", 0x27590c70
Created Object "crystal_hit", 0x27644340
Created Object "SegE", 0x27644910
Created Object "crXcr", 0x27644e50
MAXDETPOS=180
Created Object "eCC_a", 0x27732980
Created Object "eCC_b", 0x27732d90
Created Object "eCC_c", 0x27733200
Created Object "eCC_d", 0x277337b0
Created Object "eSeg", 0x27733cf0
Created Object "mode3_hitpat", 0x277342a0
, "mode3_hitpat"Created Object "mode3_hitpat_chan", 0x27734c10
, "mode3_hitpat_chan"Created Object "chan0", 0x27735340
, "chan0"Created Object "module", 0x27749170
, "module"Created Object "chan", 0x2775cfa0
Created Object "l", 0x277d28c0
, "l"Created Object "r", 0x277e66f0
, "r"Created Object "up", 0x277fa4b0
, "up"Created Object "down", 0x2780e270
, "down"Created Object "sumlr", 0x278220a0
, "sumlr"Created Object "sumud", 0x27835ed0
, "sumud"Created Object "x", 0x27849d00
, "x"Created Object "y", 0x2785db30
, "y"Created Object "de1", 0x27871960
, "de1"Created Object "de2", 0x27885720
, "de2"Created Object "de3", 0x278994e0
, "de3"Created Object "de12", 0x278ad310
, "de12"Created Object "etot", 0x278c1140
, "etot"Created Object "rftof", 0x278d4f00
, "rftof"Created Object "lr", 0x278e8cc0
Created Object "ud", 0x278e9200
Created Object "ede1", 0x278e9740
Created Object "ede1g", 0x278e9c80
Created Object "ede2", 0x278ea230
Created Object "ede12", 0x278ea7e0
Created Object "xde1", 0x278ead90
Created Object "erftof", 0x278eb2d0
Created Object "erftofg", 0x278eb810
Created Object "sumehi", 0x278ebdc0
, "sumehi"Created Object "tgppac", 0x278ffb80
, "tgppac"Created Object "tgppacg", 0x27927230
, "tgppacg"Created Object "xehi1", 0x2794e8e0
Created Object "xehi1g", 0x2794ee20
Created Object "de1ehi", 0x2794f3d0
Created Object "de1ehig", 0x2794f910
Created Object "ng", 0x2794fe50
, "ng"Created Object "ehiz1", 0x27963c10
, "ehiz1"Created Object "ehiz2", 0x279779d0
, "ehiz2"Created Object "ehiz3", 0x2798b800
, "ehiz3"Created Object "ehiz4", 0x2799f630
, "ehiz4"Created Object "ehiz5", 0x279b3460
, "ehiz5"Created Object "gg_dt", 0x279c7220
, "gg_dt"Created Object "gg", 0x279cb650
Created Object "gg_z1", 0x279cbc00
Created Object "gg_z2", 0x279cc1b0
Created Object "gg_z3", 0x279cc760
Created Object "gg_z4", 0x279ccd10
Created Object "gg_z5", 0x279cd250
we have define the following ROOT spectra:
Collection name='THashList', class='THashList', size=84
 TH1.Print Name  = dtbtev, Entries= 0, Total sum= 0
 TH1.Print Name  = T0, Entries= 0, Total sum= 0
 TH1.Print Name  = hitpat, Entries= 0, Total sum= 0
 TH1.Print Name  = numHitArray2, Entries= 0, Total sum= 0
 TH1.Print Name  = CCmult, Entries= 0, Total sum= 0
 TH1.Print Name  = CCsum, Entries= 0, Total sum= 0
 TH1.Print Name  = hit2, Entries= 0, Total sum= 0
 TH1.Print Name  = hit3, Entries= 0, Total sum= 0
 TH1.Print Name  = hit4, Entries= 0, Total sum= 0
 TH1.Print Name  = CCsum_nodop, Entries= 0, Total sum= 0
 TH1.Print Name  = CCadd, Entries= 0, Total sum= 0
 TH1.Print Name  = SEGadd_FPGA, Entries= 0, Total sum= 0
 TH1.Print Name  = SEGadd_PSA, Entries= 0, Total sum= 0
 TH1.Print Name  = SEGsum_FPGA, Entries= 0, Total sum= 0
 TH1.Print Name  = SEGsum_PSA, Entries= 0, Total sum= 0
 TH1.Print Name  = radius_all, Entries= 0, Total sum= 0
 TH1.Print Name  = rate_mode2_min, Entries= 0, Total sum= 0
 TH1.Print Name  = rate_mode2_sec, Entries= 0, Total sum= 0
 TH1.Print Name  = rate_mode2_intp, Entries= 0, Total sum= 0
 TH1.Print Name  = cdtbtev, Entries= 0, Total sum= 0
 TH1.Print Name  = evsr_all, Entries= 0, Total sum= 0
 TH1.Print Name  = SMAP_allhits, Entries= 0, Total sum= 0
 TH1.Print Name  = SMAP_allhits_sq, Entries= 0, Total sum= 0
 TH1.Print Name  = seghitpat, Entries= 0, Total sum= 0
 TH1.Print Name  = CCe, Entries= 0, Total sum= 0
 TH1.Print Name  = ggCC, Entries= 0, Total sum= 0
 TH1.Print Name  = z_plot, Entries= 0, Total sum= 0
 TH1.Print Name  = crystal_hit, Entries= 0, Total sum= 0
 TH1.Print Name  = SegE, Entries= 0, Total sum= 0
 TH1.Print Name  = crXcr, Entries= 0, Total sum= 0
 ******************************************************************************
*Tree    :tree      : tree                                                   *
*Entries :        0 : Total =            8461 bytes  File  Size =          0 *
*        :          : Tree compression factor =   1.00                       *
******************************************************************************
*Br    0 :runNumber : runNumber/I                                            *
*Entries :        0 : Total  Size=        501 bytes  One basket in memory    *
*Baskets :        0 : Basket Size=      32000 bytes  Compression=   1.00     *
*............................................................................*
*Br    1 :numHits   : numHits/I                                              *
*Entries :        0 : Total  Size=        493 bytes  One basket in memory    *
*Baskets :        0 : Basket Size=      32000 bytes  Compression=   1.00     *
*............................................................................*
*Br    2 :left      : left[numHits]/F                                        *
*Entries :        0 : Total  Size=        580 bytes  One basket in memory    *
*Baskets :        0 : Basket Size=      32000 bytes  Compression=   1.00     *
*............................................................................*
*Br    3 :right     : right[numHits]/F                                       *
*Entries :        0 : Total  Size=        584 bytes  One basket in memory    *
*Baskets :        0 : Basket Size=      32000 bytes  Compression=   1.00     *
*............................................................................*
*Br    4 :up        : up[numHits]/F                                          *
*Entries :        0 : Total  Size=        572 bytes  One basket in memory    *
*Baskets :        0 : Basket Size=      32000 bytes  Compression=   1.00     *
*............................................................................*
*Br    5 :down      : down[numHits]/F                                        *
*Entries :        0 : Total  Size=        580 bytes  One basket in memory    *
*Baskets :        0 : Basket Size=      32000 bytes  Compression=   1.00     *
*............................................................................*
*Br    6 :e1        : e1[numHits]/F                                          *
*Entries :        0 : Total  Size=        572 bytes  One basket in memory    *
*Baskets :        0 : Basket Size=      32000 bytes  Compression=   1.00     *
*............................................................................*
*Br    7 :e2        : e2[numHits]/F                                          *
*Entries :        0 : Total  Size=        572 bytes  One basket in memory    *
*Baskets :        0 : Basket Size=      32000 bytes  Compression=   1.00     *
*............................................................................*
*Br    8 :e3        : e3[numHits]/F                                          *
*Entries :        0 : Total  Size=        572 bytes  One basket in memory    *
*Baskets :        0 : Basket Size=      32000 bytes  Compression=   1.00     *
*............................................................................*
*Br    9 :tac       : tac[numHits]/F                                         *
*Entries :        0 : Total  Size=        576 bytes  One basket in memory    *
*Baskets :        0 : Basket Size=      32000 bytes  Compression=   1.00     *
*............................................................................*
*Br   10 :fmaDeltaTime : fmaDeltaTime[numHits]/F                             *
*Entries :        0 : Total  Size=        612 bytes  One basket in memory    *
*Baskets :        0 : Basket Size=      32000 bytes  Compression=   1.00     *
*............................................................................*
*Br   11 :fmaMult   : fmaMult[10]/I                                          *
*Entries :        0 : Total  Size=        501 bytes  One basket in memory    *
*Baskets :        0 : Basket Size=      32000 bytes  Compression=   1.00     *
*............................................................................*
*Br   12 :gammaMult : gammaMult/I                                            *
*Entries :        0 : Total  Size=        501 bytes  One basket in memory    *
*Baskets :        0 : Basket Size=      32000 bytes  Compression=   1.00     *
*............................................................................*
*Br   13 :gammaEnergy : gammaEnergy[gammaMult]/F                             *
*Entries :        0 : Total  Size=        616 bytes  One basket in memory    *
*Baskets :        0 : Basket Size=      32000 bytes  Compression=   1.00     *
*............................................................................*
*Br   14 :gammaTimestamp : gammaTimestamp[gammaMult]/F                       *
*Entries :        0 : Total  Size=        628 bytes  One basket in memory    *
*Baskets :        0 : Basket Size=      32000 bytes  Compression=   1.00     *
*............................................................................*
*Br   15 :deltaTime : deltaTime[gammaMult]/F                                 *
*Entries :        0 : Total  Size=        608 bytes  One basket in memory    *
*Baskets :        0 : Basket Size=      32000 bytes  Compression=   1.00     *
*............................................................................*
 TH1.Print Name  = eCC_a, Entries= 0, Total sum= 0
 TH1.Print Name  = eCC_b, Entries= 0, Total sum= 0
 TH1.Print Name  = eCC_c, Entries= 0, Total sum= 0
 TH1.Print Name  = eCC_d, Entries= 0, Total sum= 0
 TH1.Print Name  = eSeg, Entries= 0, Total sum= 0
 TH1.Print Name  = mode3_hitpat, Entries= 0, Total sum= 0
 TH1.Print Name  = mode3_hitpat_chan, Entries= 0, Total sum= 0
 TH1.Print Name  = chan0, Entries= 0, Total sum= 0
 TH1.Print Name  = module, Entries= 0, Total sum= 0
 TH1.Print Name  = chan, Entries= 0, Total sum= 0
 TH1.Print Name  = l, Entries= 0, Total sum= 0
 TH1.Print Name  = r, Entries= 0, Total sum= 0
 TH1.Print Name  = up, Entries= 0, Total sum= 0
 TH1.Print Name  = down, Entries= 0, Total sum= 0
 TH1.Print Name  = sumlr, Entries= 0, Total sum= 0
 TH1.Print Name  = sumud, Entries= 0, Total sum= 0
 TH1.Print Name  = x, Entries= 0, Total sum= 0
 TH1.Print Name  = y, Entries= 0, Total sum= 0
 TH1.Print Name  = de1, Entries= 0, Total sum= 0
 TH1.Print Name  = de2, Entries= 0, Total sum= 0
 TH1.Print Name  = de3, Entries= 0, Total sum= 0
 TH1.Print Name  = de12, Entries= 0, Total sum= 0
 TH1.Print Name  = etot, Entries= 0, Total sum= 0
 TH1.Print Name  = rftof, Entries= 0, Total sum= 0
 TH1.Print Name  = lr, Entries= 0, Total sum= 0
 TH1.Print Name  = ud, Entries= 0, Total sum= 0
 TH1.Print Name  = ede1, Entries= 0, Total sum= 0
 TH1.Print Name  = ede1g, Entries= 0, Total sum= 0
 TH1.Print Name  = ede2, Entries= 0, Total sum= 0
 TH1.Print Name  = ede12, Entries= 0, Total sum= 0
 TH1.Print Name  = xde1, Entries= 0, Total sum= 0
 TH1.Print Name  = erftof, Entries= 0, Total sum= 0
 TH1.Print Name  = erftofg, Entries= 0, Total sum= 0
 TH1.Print Name  = sumehi, Entries= 0, Total sum= 0
 TH1.Print Name  = tgppac, Entries= 0, Total sum= 0
 TH1.Print Name  = tgppacg, Entries= 0, Total sum= 0
 TH1.Print Name  = xehi1, Entries= 0, Total sum= 0
 TH1.Print Name  = xehi1g, Entries= 0, Total sum= 0
 TH1.Print Name  = de1ehi, Entries= 0, Total sum= 0
 TH1.Print Name  = de1ehig, Entries= 0, Total sum= 0
 TH1.Print Name  = ng, Entries= 0, Total sum= 0
 TH1.Print Name  = ehiz1, Entries= 0, Total sum= 0
 TH1.Print Name  = ehiz2, Entries= 0, Total sum= 0
 TH1.Print Name  = ehiz3, Entries= 0, Total sum= 0
 TH1.Print Name  = ehiz4, Entries= 0, Total sum= 0
 TH1.Print Name  = ehiz5, Entries= 0, Total sum= 0
 TH1.Print Name  = gg_dt, Entries= 0, Total sum= 0
 TH1.Print Name  = gg, Entries= 0, Total sum= 0
 TH1.Print Name  = gg_z1, Entries= 0, Total sum= 0
 TH1.Print Name  = gg_z2, Entries= 0, Total sum= 0
 TH1.Print Name  = gg_z3, Entries= 0, Total sum= 0
 TH1.Print Name  = gg_z4, Entries= 0, Total sum= 0
 TH1.Print Name  = gg_z5, Entries= 0, Total sum= 0
GRETINA detector angles
mod  1, crystal 0 [  4]: ( 10.07   3.58  15.10) pol   35.30 ,  azi   13.35; pol   35.30 ,  azi   19.58; modCCdopfac[4] 1.0271
mod  1, crystal 1 [  5]: ( 10.11   9.19  12.47) pol   47.60 ,  azi   36.39; pol   47.60 ,  azi   42.30; modCCdopfac[5] 1.0222
mod  1, crystal 2 [  6]: (  5.44   7.69  15.92) pol   30.60 ,  azi   25.77; pol   30.60 ,  azi   54.72; modCCdopfac[6] 1.0287
mod  1, crystal 3 [  7]: (  4.99   1.78  17.72) pol   16.65 ,  azi    5.72; pol   16.65 ,  azi   19.58; modCCdopfac[7] 1.0321
mod  2, crystal 0 [  8]: ( -0.29  10.69  15.10) pol   35.30 ,  azi   35.29; pol   35.30 ,  azi   91.58; modCCdopfac[8] 1.0271
mod  2, crystal 1 [  9]: ( -5.62  12.45  12.47) pol   47.60 ,  azi   44.95; pol   47.60 ,  azi  114.30; modCCdopfac[9] 1.0222
mod  2, crystal 2 [ 10]: ( -5.63   7.55  15.92) pol   30.60 ,  azi   25.36; pol   30.60 ,  azi  126.72; modCCdopfac[10] 1.0287
mod  2, crystal 3 [ 11]: ( -0.15   5.30  17.72) pol   16.65 ,  azi   16.64; pol   16.65 ,  azi   91.58; modCCdopfac[11] 1.0321
mod  3, crystal 0 [ 12]: (-10.25   3.02  15.10) pol   35.30 ,  azi   11.32; pol   35.30 ,  azi  163.58; modCCdopfac[12] 1.0271
mod  3, crystal 1 [ 13]: (-13.58  -1.50  12.47) pol   47.60 ,  azi   -6.85; pol   47.60 ,  azi -173.70; modCCdopfac[13] 1.0222
mod  3, crystal 2 [ 14]: ( -8.92  -3.02  15.92) pol   30.60 ,  azi  -10.75; pol   30.60 ,  azi -161.28; modCCdopfac[14] 1.0287
mod  3, crystal 3 [ 15]: ( -5.08   1.50  17.72) pol   16.65 ,  azi    4.83; pol   16.65 ,  azi  163.58; modCCdopfac[15] 1.0321
mod  4, crystal 0 [ 16]: ( -6.04  -8.82  15.10) pol   35.30 ,  azi  -30.29; pol   35.30 ,  azi -124.42; modCCdopfac[16] 1.0271
mod  4, crystal 1 [ 17]: ( -2.77 -13.38  12.47) pol   47.60 ,  azi  -47.00; pol   47.60 ,  azi -101.70; modCCdopfac[17] 1.0222
mod  4, crystal 2 [ 18]: (  0.12  -9.42  15.92) pol   30.60 ,  azi  -30.60; pol   30.60 ,  azi  -89.28; modCCdopfac[18] 1.0287
mod  4, crystal 3 [ 19]: ( -3.00  -4.37  17.72) pol   16.65 ,  azi  -13.86; pol   16.65 ,  azi -124.42; modCCdopfac[19] 1.0321
mod  5, crystal 0 [ 20]: (  6.52  -8.47  15.10) pol   35.30 ,  azi  -29.30; pol   35.30 ,  azi  -52.42; modCCdopfac[20] 1.0271
mod  5, crystal 1 [ 21]: ( 11.87  -6.77  12.47) pol   47.60 ,  azi  -28.49; pol   47.60 ,  azi  -29.70; modCCdopfac[21] 1.0222
mod  5, crystal 2 [ 22]: (  8.99  -2.80  15.92) pol   30.60 ,  azi   -9.96; pol   30.60 ,  azi  -17.28; modCCdopfac[22] 1.0287
mod  5, crystal 3 [ 23]: (  3.23  -4.20  17.72) pol   16.65 ,  azi  -13.33; pol   16.65 ,  azi  -52.42; modCCdopfac[23] 1.0321
mod  6, crystal 0 [ 24]: (  4.54  16.51   7.02) pol   67.71 ,  azi   66.97; pol   67.71 ,  azi   74.63; modCCdopfac[24] 1.0121
mod  6, crystal 1 [ 25]: ( -0.33  15.15  10.61) pol   55.02 ,  azi   55.01; pol   55.02 ,  azi   91.23; modCCdopfac[25] 1.0187
mod  6, crystal 2 [ 26]: (  5.05  13.00  12.16) pol   48.92 ,  azi   46.92; pol   48.92 ,  azi   68.77; modCCdopfac[26] 1.0216
mod  6, crystal 3 [ 27]: (  9.66  13.57   8.06) pol   64.18 ,  azi   59.29; pol   64.18 ,  azi   54.55; modCCdopfac[27] 1.0140
mod  7, crystal 0 [ 28]: (-14.30   9.42   7.02) pol   67.71 ,  azi   53.31; pol   67.71 ,  azi  146.63; modCCdopfac[28] 1.0121
mod  7, crystal 1 [ 29]: (-14.51   4.37  10.61) pol   55.02 ,  azi   22.40; pol   55.02 ,  azi  163.23; modCCdopfac[29] 1.0187
mod  7, crystal 2 [ 30]: (-10.80   8.82  12.16) pol   48.92 ,  azi   35.96; pol   48.92 ,  azi  140.77; modCCdopfac[30] 1.0216
mod  7, crystal 3 [ 31]: ( -9.92  13.38   8.06) pol   64.18 ,  azi   58.94; pol   64.18 ,  azi  126.55; modCCdopfac[31] 1.0140
mod  8, crystal 0 [ 32]: (-13.37 -10.69   7.02) pol   67.71 ,  azi  -56.71; pol   67.71 ,  azi -141.37; modCCdopfac[32] 1.0121
mod  8, crystal 1 [ 33]: ( -8.64 -12.45  10.61) pol   55.02 ,  azi  -49.58; pol   55.02 ,  azi -124.77; modCCdopfac[33] 1.0187
mod  8, crystal 2 [ 34]: (-11.73  -7.55  12.16) pol   48.92 ,  azi  -31.84; pol   48.92 ,  azi -147.23; modCCdopfac[34] 1.0216
mod  8, crystal 3 [ 35]: (-15.79  -5.30   8.06) pol   64.18 ,  azi  -33.33; pol   64.18 ,  azi -161.45; modCCdopfac[35] 1.0140
mod  9, crystal 0 [ 36]: (  6.03 -16.02   7.02) pol   67.71 ,  azi  -66.35; pol   67.71 ,  azi  -69.37; modCCdopfac[36] 1.0121
mod  9, crystal 1 [ 37]: (  9.17 -12.07  10.61) pol   55.02 ,  azi  -48.69; pol   55.02 ,  azi  -52.77; modCCdopfac[37] 1.0187
mod  9, crystal 2 [ 38]: (  3.56 -13.48  12.16) pol   48.92 ,  azi  -47.96; pol   48.92 ,  azi  -75.23; modCCdopfac[38] 1.0216
mod  9, crystal 3 [ 39]: (  0.16 -16.65   8.06) pol   64.18 ,  azi  -64.18; pol   64.18 ,  azi  -89.45; modCCdopfac[39] 1.0140
mod 10, crystal 0 [ 40]: ( 17.10   0.79   7.02) pol   67.71 ,  azi    6.39; pol   67.71 ,  azi    2.63; modCCdopfac[40] 1.0121
mod 10, crystal 1 [ 41]: ( 14.31   4.99  10.61) pol   55.02 ,  azi   25.21; pol   55.02 ,  azi   19.23; modCCdopfac[41] 1.0187
mod 10, crystal 2 [ 42]: ( 13.92  -0.79  12.16) pol   48.92 ,  azi   -3.70; pol   48.92 ,  azi   -3.23; modCCdopfac[42] 1.0216
mod 10, crystal 3 [ 43]: ( 15.89  -4.99   8.06) pol   64.18 ,  azi  -31.79; pol   64.18 ,  azi  -17.45; modCCdopfac[43] 1.0140
mod 11, crystal 0 [ 44]: ( 18.26   2.80   0.92) pol   87.15 ,  azi   71.78; pol   87.15 ,  azi    8.71; modCCdopfac[44] 1.0011
mod 11, crystal 1 [ 45]: ( 17.30   4.20  -5.04) pol  105.79 ,  azi  140.16; pol  105.79 ,  azi   13.65; modCCdopfac[45] 0.9906
mod 11, crystal 2 [ 46]: ( 16.42   8.47  -0.92) pol   92.85 ,  azi   96.20; pol   92.85 ,  azi   27.29; modCCdopfac[46] 0.9978
mod 11, crystal 3 [ 47]: ( 16.46   6.77   5.04) pol   74.21 ,  azi   53.36; pol   74.21 ,  azi   22.35; modCCdopfac[47] 1.0085
mod 12, crystal 0 [ 48]: ( 12.46  13.48  -2.26) pol   97.01 ,  azi   99.50; pol   97.01 ,  azi   47.25; modCCdopfac[48] 0.9954
mod 12, crystal 1 [ 49]: (  7.28  16.65  -3.46) pol  100.78 ,  azi  101.74; pol  100.78 ,  azi   66.39; modCCdopfac[49] 0.9933
mod 12, crystal 2 [ 50]: (  8.97  16.02   2.26) pol   82.99 ,  azi   81.98; pol   82.99 ,  azi   60.75; modCCdopfac[50] 1.0035
mod 12, crystal 3 [ 51]: ( 13.59  12.07   3.46) pol   79.22 ,  azi   74.00; pol   79.22 ,  azi   41.61; modCCdopfac[51] 1.0057
mod 13, crystal 0 [ 52]: (  2.98  18.23   0.92) pol   87.15 ,  azi   87.11; pol   87.15 ,  azi   80.71; modCCdopfac[52] 1.0011
mod 13, crystal 1 [ 53]: (  1.35  17.75  -5.04) pol  105.79 ,  azi  105.84; pol  105.79 ,  azi   85.65; modCCdopfac[53] 0.9906
mod 13, crystal 2 [ 54]: ( -2.98  18.23  -0.92) pol   92.85 ,  azi   92.89; pol   92.85 ,  azi   99.29; modCCdopfac[54] 0.9978
mod 13, crystal 3 [ 55]: ( -1.35  17.75   5.04) pol   74.21 ,  azi   74.16; pol   74.21 ,  azi   94.35; modCCdopfac[55] 1.0085
mod 14, crystal 0 [ 56]: ( -8.97  16.02  -2.26) pol   97.01 ,  azi   98.02; pol   97.01 ,  azi  119.25; modCCdopfac[56] 0.9954
mod 14, crystal 1 [ 57]: (-13.59  12.07  -3.46) pol  100.78 ,  azi  106.00; pol  100.78 ,  azi  138.39; modCCdopfac[57] 0.9933
mod 14, crystal 2 [ 58]: (-12.46  13.48   2.26) pol   82.99 ,  azi   80.50; pol   82.99 ,  azi  132.75; modCCdopfac[58] 1.0035
mod 14, crystal 3 [ 59]: ( -7.28  16.65   3.46) pol   79.22 ,  azi   78.26; pol   79.22 ,  azi  113.61; modCCdopfac[59] 1.0057
mod 15, crystal 0 [ 60]: (-16.42   8.47   0.92) pol   87.15 ,  azi   83.80; pol   87.15 ,  azi  152.71; modCCdopfac[60] 1.0011
mod 15, crystal 1 [ 61]: (-16.46   6.77  -5.04) pol  105.79 ,  azi  126.64; pol  105.79 ,  azi  157.65; modCCdopfac[61] 0.9906
mod 15, crystal 2 [ 62]: (-18.26   2.80  -0.92) pol   92.85 ,  azi  108.22; pol   92.85 ,  azi  171.29; modCCdopfac[62] 0.9978
mod 15, crystal 3 [ 63]: (-17.30   4.20   5.04) pol   74.21 ,  azi   39.84; pol   74.21 ,  azi  166.35; modCCdopfac[63] 1.0085
mod 16, crystal 0 [ 64]: (-18.01  -3.58  -2.26) pol   97.01 ,  azi -122.21; pol   97.01 ,  azi -168.75; modCCdopfac[64] 0.9954
mod 16, crystal 1 [ 65]: (-15.68  -9.19  -3.46) pol  100.78 ,  azi -110.62; pol  100.78 ,  azi -149.61; modCCdopfac[65] 0.9933
mod 16, crystal 2 [ 66]: (-16.68  -7.69   2.26) pol   82.99 ,  azi  -73.64; pol   82.99 ,  azi -155.25; modCCdopfac[66] 1.0035
mod 16, crystal 3 [ 67]: (-18.09  -1.78   3.46) pol   79.22 ,  azi  -27.18; pol   79.22 ,  azi -174.39; modCCdopfac[67] 1.0057
mod 17, crystal 0 [ 68]: (-13.13 -13.00   0.92) pol   87.15 ,  azi  -85.95; pol   87.15 ,  azi -135.29; modCCdopfac[68] 1.0011
mod 17, crystal 1 [ 69]: (-11.53 -13.57  -5.04) pol  105.79 ,  azi -110.36; pol  105.79 ,  azi -130.35; modCCdopfac[69] 0.9906
mod 17, crystal 2 [ 70]: ( -8.30 -16.51  -0.92) pol   92.85 ,  azi  -93.19; pol   92.85 ,  azi -116.71; modCCdopfac[70] 0.9978
mod 17, crystal 3 [ 71]: ( -9.34 -15.15   5.04) pol   74.21 ,  azi  -71.62; pol   74.21 ,  azi -121.65; modCCdopfac[71] 1.0085
mod 18, crystal 0 [ 72]: ( -2.16 -18.23  -2.26) pol   97.01 ,  azi  -97.05; pol   97.01 ,  azi  -96.75; modCCdopfac[72] 0.9954
mod 18, crystal 1 [ 73]: (  3.90 -17.75  -3.46) pol  100.78 ,  azi -101.03; pol  100.78 ,  azi  -77.61; modCCdopfac[73] 0.9933
mod 18, crystal 2 [ 74]: (  2.16 -18.23   2.26) pol   82.99 ,  azi  -82.95; pol   82.99 ,  azi  -83.25; modCCdopfac[74] 1.0035
mod 18, crystal 3 [ 75]: ( -3.90 -17.75   3.46) pol   79.22 ,  azi  -78.97; pol   79.22 ,  azi -102.39; modCCdopfac[75] 1.0057
mod 19, crystal 0 [ 76]: (  8.30 -16.51   0.92) pol   87.15 ,  azi  -86.81; pol   87.15 ,  azi  -63.29; modCCdopfac[76] 1.0011
mod 19, crystal 1 [ 77]: (  9.34 -15.15  -5.04) pol  105.79 ,  azi -108.38; pol  105.79 ,  azi  -58.35; modCCdopfac[77] 0.9906
mod 19, crystal 2 [ 78]: ( 13.13 -13.00  -0.92) pol   92.85 ,  azi  -94.05; pol   92.85 ,  azi  -44.71; modCCdopfac[78] 0.9978
mod 19, crystal 3 [ 79]: ( 11.53 -13.57   5.04) pol   74.21 ,  azi  -69.64; pol   74.21 ,  azi  -49.65; modCCdopfac[79] 1.0085
mod 20, crystal 0 [ 80]: ( 16.68  -7.69  -2.26) pol   97.01 ,  azi -106.36; pol   97.01 ,  azi  -24.75; modCCdopfac[80] 0.9954
mod 20, crystal 1 [ 81]: ( 18.09  -1.78  -3.46) pol  100.78 ,  azi -152.82; pol  100.78 ,  azi   -5.61; modCCdopfac[81] 0.9933
mod 20, crystal 2 [ 82]: ( 18.01  -3.58   2.26) pol   82.99 ,  azi  -57.79; pol   82.99 ,  azi  -11.25; modCCdopfac[82] 1.0035
mod 20, crystal 3 [ 83]: ( 15.68  -9.19   3.46) pol   79.22 ,  azi  -69.38; pol   79.22 ,  azi  -30.39; modCCdopfac[83] 1.0057
mod 21, crystal 0 [ 84]: ( 14.30   9.42  -7.02) pol  112.29 ,  azi  126.69; pol  112.29 ,  azi   33.37; modCCdopfac[84] 0.9871
mod 21, crystal 1 [ 85]: ( 14.51   4.37 -10.61) pol  124.98 ,  azi  157.60; pol  124.98 ,  azi   16.77; modCCdopfac[85] 0.9809
mod 21, crystal 2 [ 86]: ( 10.80   8.82 -12.16) pol  131.08 ,  azi  144.04; pol  131.08 ,  azi   39.23; modCCdopfac[86] 0.9782
mod 21, crystal 3 [ 87]: (  9.92  13.38  -8.06) pol  115.82 ,  azi  121.06; pol  115.82 ,  azi   53.45; modCCdopfac[87] 0.9853
mod 22, crystal 0 [ 88]: ( -4.54  16.51  -7.02) pol  112.29 ,  azi  113.03; pol  112.29 ,  azi  105.37; modCCdopfac[88] 0.9871
mod 22, crystal 1 [ 89]: (  0.33  15.15 -10.61) pol  124.98 ,  azi  124.99; pol  124.98 ,  azi   88.77; modCCdopfac[89] 0.9809
mod 22, crystal 2 [ 90]: ( -5.05  13.00 -12.16) pol  131.08 ,  azi  133.08; pol  131.08 ,  azi  111.23; modCCdopfac[90] 0.9782
mod 22, crystal 3 [ 91]: ( -9.66  13.57  -8.06) pol  115.82 ,  azi  120.71; pol  115.82 ,  azi  125.45; modCCdopfac[91] 0.9853
mod 23, crystal 0 [ 92]: (-17.10   0.79  -7.02) pol  112.29 ,  azi  173.61; pol  112.29 ,  azi  177.37; modCCdopfac[92] 0.9871
mod 23, crystal 1 [ 93]: (-14.31   4.99 -10.61) pol  124.98 ,  azi  154.79; pol  124.98 ,  azi  160.77; modCCdopfac[93] 0.9809
mod 23, crystal 2 [ 94]: (-13.92  -0.79 -12.16) pol  131.08 ,  azi -176.30; pol  131.08 ,  azi -176.77; modCCdopfac[94] 0.9782
mod 23, crystal 3 [ 95]: (-15.89  -4.99  -8.06) pol  115.82 ,  azi -148.21; pol  115.82 ,  azi -162.55; modCCdopfac[95] 0.9853
mod 24, crystal 0 [ 96]: ( -6.03 -16.02  -7.02) pol  112.29 ,  azi -113.65; pol  112.29 ,  azi -110.63; modCCdopfac[96] 0.9871
mod 24, crystal 1 [ 97]: ( -9.17 -12.07 -10.61) pol  124.98 ,  azi -131.31; pol  124.98 ,  azi -127.23; modCCdopfac[97] 0.9809
mod 24, crystal 2 [ 98]: ( -3.56 -13.48 -12.16) pol  131.08 ,  azi -132.04; pol  131.08 ,  azi -104.77; modCCdopfac[98] 0.9782
mod 24, crystal 3 [ 99]: ( -0.16 -16.65  -8.06) pol  115.82 ,  azi -115.82; pol  115.82 ,  azi  -90.55; modCCdopfac[99] 0.9853
mod 25, crystal 0 [100]: ( 13.37 -10.69  -7.02) pol  112.29 ,  azi -123.29; pol  112.29 ,  azi  -38.63; modCCdopfac[100] 0.9871
mod 25, crystal 1 [101]: (  8.64 -12.45 -10.61) pol  124.98 ,  azi -130.42; pol  124.98 ,  azi  -55.23; modCCdopfac[101] 0.9809
mod 25, crystal 2 [102]: ( 11.73  -7.55 -12.16) pol  131.08 ,  azi -148.16; pol  131.08 ,  azi  -32.77; modCCdopfac[102] 0.9782
mod 25, crystal 3 [103]: ( 15.79  -5.30  -8.06) pol  115.82 ,  azi -146.67; pol  115.82 ,  azi  -18.55; modCCdopfac[103] 0.9853
mod 26, crystal 0 [104]: (  0.29  10.69 -15.10) pol  144.70 ,  azi  144.71; pol  144.70 ,  azi   88.42; modCCdopfac[104] 0.9732
mod 26, crystal 1 [105]: (  5.62  12.45 -12.47) pol  132.40 ,  azi  135.05; pol  132.40 ,  azi   65.70; modCCdopfac[105] 0.9777
mod 26, crystal 2 [106]: (  5.63   7.55 -15.92) pol  149.40 ,  azi  154.64; pol  149.40 ,  azi   53.28; modCCdopfac[106] 0.9718
mod 26, crystal 3 [107]: (  0.15   5.30 -17.72) pol  163.35 ,  azi  163.36; pol  163.35 ,  azi   88.42; modCCdopfac[107] 0.9688
mod 27, crystal 0 [108]: (-10.07   3.58 -15.10) pol  144.70 ,  azi  166.65; pol  144.70 ,  azi  160.42; modCCdopfac[108] 0.9732
mod 27, crystal 1 [109]: (-10.11   9.19 -12.47) pol  132.40 ,  azi  143.61; pol  132.40 ,  azi  137.70; modCCdopfac[109] 0.9777
mod 27, crystal 2 [110]: ( -5.44   7.69 -15.92) pol  149.40 ,  azi  154.23; pol  149.40 ,  azi  125.28; modCCdopfac[110] 0.9718
mod 27, crystal 3 [111]: ( -4.99   1.78 -17.72) pol  163.35 ,  azi  174.28; pol  163.35 ,  azi  160.42; modCCdopfac[111] 0.9688
mod 28, crystal 0 [112]: ( -6.52  -8.47 -15.10) pol  144.70 ,  azi -150.70; pol  144.70 ,  azi -127.58; modCCdopfac[112] 0.9732
mod 28, crystal 1 [113]: (-11.87  -6.77 -12.47) pol  132.40 ,  azi -151.51; pol  132.40 ,  azi -150.30; modCCdopfac[113] 0.9777
mod 28, crystal 2 [114]: ( -8.99  -2.80 -15.92) pol  149.40 ,  azi -170.04; pol  149.40 ,  azi -162.72; modCCdopfac[114] 0.9718
mod 28, crystal 3 [115]: ( -3.23  -4.20 -17.72) pol  163.35 ,  azi -166.67; pol  163.35 ,  azi -127.58; modCCdopfac[115] 0.9688
mod 29, crystal 0 [116]: (  6.04  -8.82 -15.10) pol  144.70 ,  azi -149.71; pol  144.70 ,  azi  -55.58; modCCdopfac[116] 0.9732
mod 29, crystal 1 [117]: (  2.77 -13.38 -12.47) pol  132.40 ,  azi -133.00; pol  132.40 ,  azi  -78.30; modCCdopfac[117] 0.9777
mod 29, crystal 2 [118]: ( -0.12  -9.42 -15.92) pol  149.40 ,  azi -149.40; pol  149.40 ,  azi  -90.72; modCCdopfac[118] 0.9718
mod 29, crystal 3 [119]: (  3.00  -4.37 -17.72) pol  163.35 ,  azi -166.14; pol  163.35 ,  azi  -55.58; modCCdopfac[119] 0.9688
mod 30, crystal 0 [120]: ( 10.25   3.02 -15.10) pol  144.70 ,  azi  168.68; pol  144.70 ,  azi   16.42; modCCdopfac[120] 0.9732
mod 30, crystal 1 [121]: ( 13.58  -1.50 -12.47) pol  132.40 ,  azi -173.15; pol  132.40 ,  azi   -6.30; modCCdopfac[121] 0.9777
mod 30, crystal 2 [122]: (  8.92  -3.02 -15.92) pol  149.40 ,  azi -169.25; pol  149.40 ,  azi  -18.72; modCCdopfac[122] 0.9718
mod 30, crystal 3 [123]: (  5.08   1.50 -17.72) pol  163.35 ,  azi  175.17; pol  163.35 ,  azi   16.42; modCCdopfac[123] 0.9688
setup signal catcher
started sorting... from disk...

Pars.maxTS=4611686018427387904
got initial header, TS=2133534231 ID: 1 length: 464
read initial payload of siz=464 into event position 1
__ptgd[0]->type= 0; ptgd[0]->length=   0; ptgd[0]->timestamp=0
initial ii=1, nn=1
ev#     0 GEB_TYPE_DECOMP        464Bytes TS=2133534503 curTS=2133534231 dTS= 272
t0=2133534231
first event: GEB_event.mult=1
   0/ 0: ( 1,GEB_TYPE_DECOMP      ) TS=          2133534231; dT=0
maxTS=8642133534231
that is 86400.0 seconds or 24h0m0s minutes of sorting
GEBGetEv returned st=0
we have read 960 bytes; CurEvNo=1

+++++++++++++++++++++++++++++++
*start event # 1 with multiplicity 1 looks like this:
 0>  1, GEB_TYPE_DECOMP      , TS=2133534231
entered bin_mode2: 1/10
ptinp->pad= 6, (ptinp->pad&0x000000ff)= 6
updated CCadd with    0.00
total number of hits in array: 0
exit bin_mode2
entered bin_mode3 @ event number: 1 
exit bin_mode3
*end of event # 1
+++++++++++++++++++++++++++++++
ev#     1 GEB_TYPE_DECOMP        464Bytes TS=2133536853 curTS=2133534503 dTS= 2350
GEBGetEv returned st=0
we have read 1440 bytes; CurEvNo=2

+++++++++++++++++++++++++++++++
*start event # 2 with multiplicity 1 looks like this:
 0>  1, GEB_TYPE_DECOMP      , TS=2133534503
entered bin_mode2: 2/10
ptinp->pad= 6, (ptinp->pad&0x000000ff)= 6
updated CCadd with    0.00
total number of hits in array: 0
exit bin_mode2
entered bin_mode3 @ event number: 2 
exit bin_mode3
*end of event # 2
+++++++++++++++++++++++++++++++
ev#     2 GEB_TYPE_DECOMP        464Bytes TS=2133536877 curTS=2133536853 dTS= 24
ev#     2 GEB_TYPE_DECOMP        464Bytes TS=2133679393 curTS=2133536853 dTS= 142540
GEBGetEv returned st=0
we have read 2400 bytes; CurEvNo=3

+++++++++++++++++++++++++++++++
*start event # 3 with multiplicity 2 looks like this:
 0>  1, GEB_TYPE_DECOMP      , TS=2133536853
 1>  1, GEB_TYPE_DECOMP      , TS=2133536877
entered bin_mode2: 3/10
ptinp->pad= 6, (ptinp->pad&0x000000ff)= 6
ptinp->pad= 6, (ptinp->pad&0x000000ff)= 6
updated CCadd with    0.00
total number of hits in array: 0
exit bin_mode2
entered bin_mode3 @ event number: 3 
exit bin_mode3
*end of event # 3
+++++++++++++++++++++++++++++++
ev#     3 GEB_TYPE_DECOMP        464Bytes TS=2133696295 curTS=2133679393 dTS= 16902
GEBGetEv returned st=0
we have read 2880 bytes; CurEvNo=4

+++++++++++++++++++++++++++++++
*start event # 4 with multiplicity 1 looks like this:
 0>  1, GEB_TYPE_DECOMP      , TS=2133679393
entered bin_mode2: 4/10
ptinp->pad= 6, (ptinp->pad&0x000000ff)= 6
updated CCadd with    0.00
total number of hits in array: 0
exit bin_mode2
entered bin_mode3 @ event number: 4 
exit bin_mode3
*end of event # 4
+++++++++++++++++++++++++++++++
ev#     4 GEB_TYPE_DECOMP        464Bytes TS=2133696617 curTS=2133696295 dTS= 322
GEBGetEv returned st=0
we have read 3360 bytes; CurEvNo=5

+++++++++++++++++++++++++++++++
*start event # 5 with multiplicity 1 looks like this:
 0>  1, GEB_TYPE_DECOMP      , TS=2133696295
entered bin_mode2: 5/10
ptinp->pad= 6, (ptinp->pad&0x000000ff)= 6
updated CCadd with    0.00
total number of hits in array: 0
exit bin_mode2
entered bin_mode3 @ event number: 5 
exit bin_mode3
*end of event # 5
+++++++++++++++++++++++++++++++
ev#     5 GEB_TYPE_GT_MOD29      220Bytes TS=2133696687 curTS=2133696617 dTS= 70
ev#     5 GEB_TYPE_DECOMP        464Bytes TS=2133697019 curTS=2133696617 dTS= 402
GEBGetEv returned st=0
we have read 4076 bytes; CurEvNo=6

+++++++++++++++++++++++++++++++
*start event # 6 with multiplicity 2 looks like this:
 0>  1, GEB_TYPE_DECOMP      , TS=2133696617
 1>  8, GEB_TYPE_GT_MOD29    , TS=2133696687
entered bin_mode2: 6/10
ptinp->pad= 6, (ptinp->pad&0x000000ff)= 6
updated CCadd with    0.00
total number of hits in array: 0
exit bin_mode2
entered bin_mode3 @ event number: 6 

bin_mode3:  1>  8, GEB_TYPE_GT_MOD29    , TS=2133696687, 0x7f2da0af; payload length: 220 bytes

---------
new GTheader at pos=0 or 0 words (8):
Event.hdr[ 0]=0x1f37,   7991
Event.hdr[ 1]=0x300a,  12298
Event.hdr[ 2]=0xa0af,  41135
Event.hdr[ 3]=0x7f2d,  32557
Event.hdr[ 4]=0x0000,      0
Event.hdr[ 5]=0x0b35,   2869
Event.hdr[ 6]=0x0e00,   3584
Event.hdr[ 7]=0x0000,      0
Event.hdr[ 8]=0x2d0b,  11531
Event.hdr[ 9]=0xff13,  65299
Event.hdr[10]=0x4fff,  20479
Event.hdr[11]=0xfff9,  65529
Event.hdr[12]=0xb273,  45683
Event.hdr[13]=0x0002,      2
Event.len=  44, Event.traceLen=  12 (in Bytes)
Event.len=  22, Event.traceLen=   6 (in 16 bit words)
Event.len=  11, Event.traceLen=   3 (in 32 bit words)
next start: 0xaaaaaaaa, pos= 44
0x1f37 module_id = 31 crystal_id = 0 digitizer_id = 3 chan_id = 7 ge_id = 124 channel = 37  -> is segment
open superpulse_006_01_01.xy at Event.chan_id = 7
open CCpulse_006_01_01.xy at Event.chan_id = 7
ncrystal=1
wrote trace to CCpulse_006_01_01.xy
two's comp tempE  ::       2869       2869 0x00000b35 |0000|0000|0000|0000|0000|1011|0011|0101|
rawE              ::       2869       2869 0x00000b35 |0000|0000|0000|0000|0000|1011|0011|0101|
rawE (sign change)::       2869       2869 0x00000b35 |0000|0000|0000|0000|0000|1011|0011|0101|
Event.ehi=              89 0x00000059
Event.ehi=8 (gain changed)
Event.LEDts =           2133696687
Event.CFDts =      281440616579084

---------
new GTheader at pos=44 or 22 words (30):
Event.hdr[ 0]=0x1f38,   7992
Event.hdr[ 1]=0x300a,  12298
Event.hdr[ 2]=0xa0af,  41135
Event.hdr[ 3]=0x7f2d,  32557
Event.hdr[ 4]=0x0000,      0
Event.hdr[ 5]=0x8f4d,  36685
Event.hdr[ 6]=0x1ff9,   8185
Event.hdr[ 7]=0x0000,      0
Event.hdr[ 8]=0x2d0b,  11531
Event.hdr[ 9]=0xdf51,  57169
Event.hdr[10]=0xd5fc,  54780
Event.hdr[11]=0xf9ac,  63916
Event.hdr[12]=0x7557,  30039
Event.hdr[13]=0x07f3,   2035
Event.len=  44, Event.traceLen=  12 (in Bytes)
Event.len=  22, Event.traceLen=   6 (in 16 bit words)
Event.len=  11, Event.traceLen=   3 (in 32 bit words)
next start: 0xaaaaaaaa, pos= 88
0x1f38 module_id = 31 crystal_id = 0 digitizer_id = 3 chan_id = 8 ge_id = 124 channel = 38  -> is segment
ncrystal=1
wrote trace to CCpulse_006_01_01.xy
two's comp tempE  ::   16355149   16355149 0x00f98f4d |0000|0000|1111|1001|1000|1111|0100|1101|
rawE              :: 4294545229    -422067 0xfff98f4d |1111|1111|1111|1001|1000|1111|0100|1101|
rawE (sign change)::     422067     422067 0x000670b3 |0000|0000|0000|0110|0111|0000|1011|0011|
Event.ehi=           13189 0x00003385
Event.ehi=1318 (gain changed)
Event.LEDts =           2133696687
Event.CFDts =         335014592524

---------
new GTheader at pos=88 or 44 words (52):
Event.hdr[ 0]=0x1f34,   7988
Event.hdr[ 1]=0x300a,  12298
Event.hdr[ 2]=0xa0af,  41135
Event.hdr[ 3]=0x7f2d,  32557
Event.hdr[ 4]=0x0000,      0
Event.hdr[ 5]=0x0071,    113
Event.hdr[ 6]=0x0e00,   3584
Event.hdr[ 7]=0x0000,      0
Event.hdr[ 8]=0x2d0b,  11531
Event.hdr[ 9]=0x0046,     70
Event.hdr[10]=0x9e00,  40448
Event.hdr[11]=0x0000,      0
Event.hdr[12]=0x0004,      4
Event.hdr[13]=0x0000,      0
Event.len=  44, Event.traceLen=  12 (in Bytes)
Event.len=  22, Event.traceLen=   6 (in 16 bit words)
Event.len=  11, Event.traceLen=   3 (in 32 bit words)
next start: 0xaaaaaaaa, pos= 132
0x1f34 module_id = 31 crystal_id = 0 digitizer_id = 3 chan_id = 4 ge_id = 124 channel = 34  -> is segment
ncrystal=1
wrote trace to CCpulse_006_01_01.xy
two's comp tempE  ::        113        113 0x00000071 |0000|0000|0000|0000|0000|0000|0111|0001|
rawE              ::        113        113 0x00000071 |0000|0000|0000|0000|0000|0000|0111|0001|
rawE (sign change)::        113        113 0x00000071 |0000|0000|0000|0000|0000|0000|0111|0001|
Event.ehi=               3 0x00000003
Event.ehi=0 (gain changed)
Event.LEDts =           2133696687
Event.CFDts =         249112100876

---------
new GTheader at pos=132 or 66 words (74):
Event.hdr[ 0]=0x1f35,   7989
Event.hdr[ 1]=0x300a,  12298
Event.hdr[ 2]=0xa0af,  41135
Event.hdr[ 3]=0x7f2d,  32557
Event.hdr[ 4]=0x0000,      0
Event.hdr[ 5]=0x0000,      0
Event.hdr[ 6]=0x0e00,   3584
Event.hdr[ 7]=0x0000,      0
Event.hdr[ 8]=0x2d0b,  11531
Event.hdr[ 9]=0xf6f4,  63220
Event.hdr[10]=0xebff,  60415
Event.hdr[11]=0x13d5,   5077
Event.hdr[12]=0xee60,  61024
Event.hdr[13]=0x0024,     36
Event.len=  44, Event.traceLen=  12 (in Bytes)
Event.len=  22, Event.traceLen=   6 (in 16 bit words)
Event.len=  11, Event.traceLen=   3 (in 32 bit words)
next start: 0xaaaaaaaa, pos= 176
0x1f35 module_id = 31 crystal_id = 0 digitizer_id = 3 chan_id = 5 ge_id = 124 channel = 35  -> is segment
ncrystal=1
wrote trace to CCpulse_006_01_01.xy
two's comp tempE  ::          0          0 0x00000000 |0000|0000|0000|0000|0000|0000|0000|0000|
rawE              ::          0          0 0x00000000 |0000|0000|0000|0000|0000|0000|0000|0000|
rawE (sign change)::          0          0 0x00000000 |0000|0000|0000|0000|0000|0000|0000|0000|
Event.ehi=               0 0x00000000
Event.ehi=0 (gain changed)
Event.LEDts =           2133696687
Event.CFDts =      281371895988236

---------
new GTheader at pos=176 or 88 words (96):
Event.hdr[ 0]=0x1f36,   7990
Event.hdr[ 1]=0x300a,  12298
Event.hdr[ 2]=0xa0af,  41135
Event.hdr[ 3]=0x7f2d,  32557
Event.hdr[ 4]=0x0000,      0
Event.hdr[ 5]=0x0000,      0
Event.hdr[ 6]=0x0e00,   3584
Event.hdr[ 7]=0x0000,      0
Event.hdr[ 8]=0x2d0b,  11531
Event.hdr[ 9]=0xe741,  59201
Event.hdr[10]=0xd5ff,  54783
Event.hdr[11]=0xfff7,  65527
Event.hdr[12]=0xd30b,  54027
Event.hdr[13]=0x0008,      8
Event.len=  44, Event.traceLen=  12 (in Bytes)
Event.len=  22, Event.traceLen=   6 (in 16 bit words)
Event.len=  11, Event.traceLen=   3 (in 32 bit words)
0x1f36 module_id = 31 crystal_id = 0 digitizer_id = 3 chan_id = 6 ge_id = 124 channel = 36  -> is segment
ncrystal=1
wrote trace to CCpulse_006_01_01.xy
two's comp tempE  ::          0          0 0x00000000 |0000|0000|0000|0000|0000|0000|0000|0000|
rawE              ::          0          0 0x00000000 |0000|0000|0000|0000|0000|0000|0000|0000|
rawE (sign change)::          0          0 0x00000000 |0000|0000|0000|0000|0000|0000|0000|0000|
Event.ehi=               0 0x00000000
Event.ehi=0 (gain changed)
Event.LEDts =           2133696687
Event.CFDts =      281419141283852
exit bin_mode3
*end of event # 6
+++++++++++++++++++++++++++++++
ev#     6 GEB_TYPE_DECOMP        464Bytes TS=2133731577 curTS=2133697019 dTS= 34558
GEBGetEv returned st=0
we have read 4556 bytes; CurEvNo=7

+++++++++++++++++++++++++++++++
*start event # 7 with multiplicity 1 looks like this:
 0>  1, GEB_TYPE_DECOMP      , TS=2133697019
entered bin_mode2: 7/10
ptinp->pad= 6, (ptinp->pad&0x000000ff)= 6
updated CCadd with    0.00
total number of hits in array: 0
exit bin_mode2
entered bin_mode3 @ event number: 7 
exit bin_mode3
*end of event # 7
+++++++++++++++++++++++++++++++
ev#     7 GEB_TYPE_GT_MOD29      440Bytes TS=2133731605 curTS=2133731577 dTS= 28
ev#     7 GEB_TYPE_DECOMP        464Bytes TS=2133731723 curTS=2133731577 dTS= 146
ev#     7 GEB_TYPE_DECOMP        464Bytes TS=2133751873 curTS=2133731577 dTS= 20296
GEBGetEv returned st=0
we have read 5972 bytes; CurEvNo=8

+++++++++++++++++++++++++++++++
*start event # 8 with multiplicity 3 looks like this:
 0>  1, GEB_TYPE_DECOMP      , TS=2133731577
 1>  8, GEB_TYPE_GT_MOD29    , TS=2133731605
 2>  1, GEB_TYPE_DECOMP      , TS=2133731723
entered bin_mode2: 8/10
ptinp->pad= 6, (ptinp->pad&0x000000ff)= 6
ptinp->pad= 0, (ptinp->pad&0x000000ff)= 0
good pad value
mode2 data:  2>  1, GEB_TYPE_DECOMP      , TS=2133731723
number of hits: 3
* 2/3, is GEB_TYPE_DECOMP: num=3
__detno: 59, module: 14, crystalNumber: 3
CCenergies[0]= 408.98
* 0:   28.81,  25.20,  63.43 --> GT:  -13.28,  20.82,   4.70
* 1:   27.27,  15.31,  56.09 --> GT:  -12.34,  20.57,   3.92
* 2:    1.32,  24.56,  75.55 --> GT:  -11.67,  22.47,   6.63
updated CCadd with  408.98
total number of hits in array: 3
exit bin_mode2
entered bin_mode3 @ event number: 8 

bin_mode3:  1>  8, GEB_TYPE_GT_MOD29    , TS=2133731605, 0x7f2e2915; payload length: 440 bytes

---------
new GTheader at pos=0 or 0 words (8):
Event.hdr[ 0]=0x1f35,   7989
Event.hdr[ 1]=0x300a,  12298
Event.hdr[ 2]=0x2915,  10517
Event.hdr[ 3]=0x7f2e,  32558
Event.hdr[ 4]=0x0000,      0
Event.hdr[ 5]=0x0b00,   2816
Event.hdr[ 6]=0x4e09,  19977
Event.hdr[ 7]=0x8865,  34917
Event.hdr[ 8]=0x0000,      0
Event.hdr[ 9]=0x0896,   2198
Event.hdr[10]=0xe809,  59401
Event.hdr[11]=0xffed,  65517
Event.hdr[12]=0xabd7,  43991
Event.hdr[13]=0x0027,     39
Event.len=  44, Event.traceLen=  12 (in Bytes)
Event.len=  22, Event.traceLen=   6 (in 16 bit words)
Event.len=  11, Event.traceLen=   3 (in 32 bit words)
next start: 0xaaaaaaaa, pos= 44
0x1f35 module_id = 31 crystal_id = 0 digitizer_id = 3 chan_id = 5 ge_id = 124 channel = 35  -> is segment
open superpulse_008_01_01.xy at Event.chan_id = 5
open CCpulse_008_01_01.xy at Event.chan_id = 5
ncrystal=1
wrote trace to CCpulse_008_01_01.xy
two's comp tempE  ::     592640     592640 0x00090b00 |0000|0000|0000|1001|0000|1011|0000|0000|
rawE              ::     592640     592640 0x00090b00 |0000|0000|0000|1001|0000|1011|0000|0000|
rawE (sign change)::     592640     592640 0x00090b00 |0000|0000|0000|1001|0000|1011|0000|0000|
Event.ehi=           18520 0x00004858
Event.ehi=1852 (gain changed)
Event.LEDts =           2133731605
Event.CFDts =      268993611235340

---------
new GTheader at pos=44 or 22 words (30):
Event.hdr[ 0]=0x1f36,   7990
Event.hdr[ 1]=0x300a,  12298
Event.hdr[ 2]=0x2915,  10517
Event.hdr[ 3]=0x7f2e,  32558
Event.hdr[ 4]=0x0000,      0
Event.hdr[ 5]=0x9aea,  39658
Event.hdr[ 6]=0x0e03,   3587
Event.hdr[ 7]=0x8865,  34917
Event.hdr[ 8]=0x0000,      0
Event.hdr[ 9]=0x00ec,    236
Event.hdr[10]=0x8203,  33283
Event.hdr[11]=0xffce,  65486
Event.hdr[12]=0xefab,  61355
Event.hdr[13]=0x07ff,   2047
Event.len=  44, Event.traceLen=  12 (in Bytes)
Event.len=  22, Event.traceLen=   6 (in 16 bit words)
Event.len=  11, Event.traceLen=   3 (in 32 bit words)
next start: 0xaaaaaaaa, pos= 88
0x1f36 module_id = 31 crystal_id = 0 digitizer_id = 3 chan_id = 6 ge_id = 124 channel = 36  -> is segment
ncrystal=1
wrote trace to CCpulse_008_01_01.xy
two's comp tempE  ::     236266     236266 0x00039aea |0000|0000|0000|0011|1001|1010|1110|1010|
rawE              ::     236266     236266 0x00039aea |0000|0000|0000|0011|1001|1010|1110|1010|
rawE (sign change)::     236266     236266 0x00039aea |0000|0000|0000|0011|1001|1010|1110|1010|
Event.ehi=            7383 0x00001cd7
Event.ehi=738 (gain changed)
Event.LEDts =           2133731605
Event.CFDts =      281277405134860

---------
new GTheader at pos=88 or 44 words (52):
Event.hdr[ 0]=0x1f37,   7991
Event.hdr[ 1]=0x300a,  12298
Event.hdr[ 2]=0x2915,  10517
Event.hdr[ 3]=0x7f2e,  32558
Event.hdr[ 4]=0x0000,      0
Event.hdr[ 5]=0x9213,  37395
Event.hdr[ 6]=0x0e01,   3585
Event.hdr[ 7]=0x8865,  34917
Event.hdr[ 8]=0x0000,      0
Event.hdr[ 9]=0x2b4b,  11083
Event.hdr[10]=0x2601,   9729
Event.hdr[11]=0xfffe,  65534
Event.hdr[12]=0xf29f,  62111
Event.hdr[13]=0x07ff,   2047
Event.len=  44, Event.traceLen=  12 (in Bytes)
Event.len=  22, Event.traceLen=   6 (in 16 bit words)
Event.len=  11, Event.traceLen=   3 (in 32 bit words)
next start: 0xaaaaaaaa, pos= 132
0x1f37 module_id = 31 crystal_id = 0 digitizer_id = 3 chan_id = 7 ge_id = 124 channel = 37  -> is segment
ncrystal=1
wrote trace to CCpulse_008_01_01.xy
two's comp tempE  ::     102931     102931 0x00019213 |0000|0000|0000|0001|1001|0010|0001|0011|
rawE              ::     102931     102931 0x00019213 |0000|0000|0000|0001|1001|0010|0001|0011|
rawE (sign change)::     102931     102931 0x00019213 |0000|0000|0000|0001|1001|0010|0001|0011|
Event.ehi=            3216 0x00000c90
Event.ehi=321 (gain changed)
Event.LEDts =           2133731605
Event.CFDts =          85900722188

---------
new GTheader at pos=132 or 66 words (74):
Event.hdr[ 0]=0x1f38,   7992
Event.hdr[ 1]=0x300a,  12298
Event.hdr[ 2]=0x2915,  10517
Event.hdr[ 3]=0x7f2e,  32558
Event.hdr[ 4]=0x0000,      0
Event.hdr[ 5]=0x8acd,  35533
Event.hdr[ 6]=0x1ff9,   8185
Event.hdr[ 7]=0x8865,  34917
Event.hdr[ 8]=0x0000,      0
Event.hdr[ 9]=0xd4cf,  54479
Event.hdr[10]=0xa3fc,  41980
Event.hdr[11]=0xf9be,  63934
Event.hdr[12]=0x59ab,  22955
Event.hdr[13]=0x07f3,   2035
Event.len=  44, Event.traceLen=  12 (in Bytes)
Event.len=  22, Event.traceLen=   6 (in 16 bit words)
Event.len=  11, Event.traceLen=   3 (in 32 bit words)
next start: 0xaaaaaaaa, pos= 176
0x1f38 module_id = 31 crystal_id = 0 digitizer_id = 3 chan_id = 8 ge_id = 124 channel = 38  -> is segment
ncrystal=1
wrote trace to CCpulse_008_01_01.xy
two's comp tempE  ::   16353997   16353997 0x00f98acd |0000|0000|1111|1001|1000|1010|1100|1101|
rawE              :: 4294544077    -423219 0xfff98acd |1111|1111|1111|1001|1000|1010|1100|1101|
rawE (sign change)::     423219     423219 0x00067533 |0000|0000|0000|0110|0111|0101|0011|0011|
Event.ehi=           13225 0x000033a9
Event.ehi=1322 (gain changed)
Event.LEDts =           2133731605
Event.CFDts =         390850281484

---------
new GTheader at pos=176 or 88 words (96):
Event.hdr[ 0]=0x1f39,   7993
Event.hdr[ 1]=0x300a,  12298
Event.hdr[ 2]=0x2915,  10517
Event.hdr[ 3]=0x7f2e,  32558
Event.hdr[ 4]=0x0000,      0
Event.hdr[ 5]=0xb3ec,  46060
Event.hdr[ 6]=0x4e0f,  19983
Event.hdr[ 7]=0x8865,  34917
Event.hdr[ 8]=0x0000,      0
Event.hdr[ 9]=0xb224,  45604
Event.hdr[10]=0x220f,   8719
Event.hdr[11]=0xfff2,  65522
Event.hdr[12]=0xd3ab,  54187
Event.hdr[13]=0x07ff,   2047
Event.len=  44, Event.traceLen=  12 (in Bytes)
Event.len=  22, Event.traceLen=   6 (in 16 bit words)
Event.len=  11, Event.traceLen=   3 (in 32 bit words)
next start: 0xaaaaaaaa, pos= 220
0x1f39 module_id = 31 crystal_id = 0 digitizer_id = 3 chan_id = 9 ge_id = 124 channel = 39  -> is CC
ncrystal=1
wrote trace to CCpulse_008_01_01.xy
two's comp tempE  ::    1029100    1029100 0x000fb3ec |0000|0000|0000|1111|1011|0011|1110|1100|
rawE              ::    1029100    1029100 0x000fb3ec |0000|0000|0000|1111|1011|0011|1110|1100|
rawE (sign change)::    1029100    1029100 0x000fb3ec |0000|0000|0000|1111|1011|0011|1110|1100|
Event.ehi=           32159 0x00007d9f
Event.ehi=3215 (gain changed)
Event.LEDts =           2133731605
Event.CFDts =       21161626435596

---------
new GTheader at pos=220 or 110 words (118):
Event.hdr[ 0]=0x1f30,   7984
Event.hdr[ 1]=0x300a,  12298
Event.hdr[ 2]=0x2915,  10517
Event.hdr[ 3]=0x7f2e,  32558
Event.hdr[ 4]=0x0000,      0
Event.hdr[ 5]=0x7c75,  31861
Event.hdr[ 6]=0x4e0c,  19980
Event.hdr[ 7]=0x8865,  34917
Event.hdr[ 8]=0x0000,      0
Event.hdr[ 9]=0x7bff,  31743
Event.hdr[10]=0x400c,  16396
Event.hdr[11]=0x150b,   5387
Event.hdr[12]=0x5ae0,  23264
Event.hdr[13]=0x0032,     50
Event.len=  44, Event.traceLen=  12 (in Bytes)
Event.len=  22, Event.traceLen=   6 (in 16 bit words)
Event.len=  11, Event.traceLen=   3 (in 32 bit words)
next start: 0xaaaaaaaa, pos= 264
0x1f30 module_id = 31 crystal_id = 0 digitizer_id = 3 chan_id = 0 ge_id = 124 channel = 30  -> is segment
ncrystal=1
wrote trace to CCpulse_008_01_01.xy
two's comp tempE  ::     818293     818293 0x000c7c75 |0000|0000|0000|1100|0111|1100|0111|0101|
rawE              ::     818293     818293 0x000c7c75 |0000|0000|0000|1100|0111|1100|0111|0101|
rawE (sign change)::     818293     818293 0x000c7c75 |0000|0000|0000|1100|0111|1100|0111|0101|
Event.ehi=           25571 0x000063e3
Event.ehi=2557 (gain changed)
Event.LEDts =           2133731605
Event.CFDts =      264432286695436

---------
new GTheader at pos=264 or 132 words (140):
Event.hdr[ 0]=0x1f31,   7985
Event.hdr[ 1]=0x300a,  12298
Event.hdr[ 2]=0x2915,  10517
Event.hdr[ 3]=0x7f2e,  32558
Event.hdr[ 4]=0x0000,      0
Event.hdr[ 5]=0xe33c,  58172
Event.hdr[ 6]=0x4e08,  19976
Event.hdr[ 7]=0x8865,  34917
Event.hdr[ 8]=0x0000,      0
Event.hdr[ 9]=0xe12a,  57642
Event.hdr[10]=0x2608,   9736
Event.hdr[11]=0xffdb,  65499
Event.hdr[12]=0x3e7b,  15995
Event.hdr[13]=0x0020,     32
Event.len=  44, Event.traceLen=  12 (in Bytes)
Event.len=  22, Event.traceLen=   6 (in 16 bit words)
Event.len=  11, Event.traceLen=   3 (in 32 bit words)
next start: 0xaaaaaaaa, pos= 308
0x1f31 module_id = 31 crystal_id = 0 digitizer_id = 3 chan_id = 1 ge_id = 124 channel = 31  -> is segment
ncrystal=1
wrote trace to CCpulse_008_01_01.xy
two's comp tempE  ::     582460     582460 0x0008e33c |0000|0000|0000|1000|1110|0011|0011|1100|
rawE              ::     582460     582460 0x0008e33c |0000|0000|0000|1000|1110|0011|0011|1100|
rawE (sign change)::     582460     582460 0x0008e33c |0000|0000|0000|1000|1110|0011|0011|1100|
Event.ehi=           18201 0x00004719
Event.ehi=1820 (gain changed)
Event.LEDts =           2133731605
Event.CFDts =      269779602571276

---------
new GTheader at pos=308 or 154 words (162):
Event.hdr[ 0]=0x1f32,   7986
Event.hdr[ 1]=0x300a,  12298
Event.hdr[ 2]=0x2915,  10517
Event.hdr[ 3]=0x7f2e,  32558
Event.hdr[ 4]=0x0000,      0
Event.hdr[ 5]=0x868b,  34443
Event.hdr[ 6]=0x0e00,   3584
Event.hdr[ 7]=0x8865,  34917
Event.hdr[ 8]=0x0000,      0
Event.hdr[ 9]=0x559c,  21916
Event.hdr[10]=0x1e00,   7680
Event.hdr[11]=0x0005,      5
Event.hdr[12]=0x5b00,  23296
Event.hdr[13]=0x07ff,   2047
Event.len=  44, Event.traceLen=  12 (in Bytes)
Event.len=  22, Event.traceLen=   6 (in 16 bit words)
Event.len=  11, Event.traceLen=   3 (in 32 bit words)
next start: 0xaaaaaaaa, pos= 352
0x1f32 module_id = 31 crystal_id = 0 digitizer_id = 3 chan_id = 2 ge_id = 124 channel = 32  -> is segment
ncrystal=1
wrote trace to CCpulse_008_01_01.xy
two's comp tempE  ::      34443      34443 0x0000868b |0000|0000|0000|0000|1000|0110|1000|1011|
rawE              ::      34443      34443 0x0000868b |0000|0000|0000|0000|1000|0110|1000|1011|
rawE (sign change)::      34443      34443 0x0000868b |0000|0000|0000|0000|1000|0110|1000|1011|
Event.ehi=            1076 0x00000434
Event.ehi=107 (gain changed)
Event.LEDts =           2133731605
Event.CFDts =          21475491852

---------
new GTheader at pos=352 or 176 words (184):
Event.hdr[ 0]=0x1f33,   7987
Event.hdr[ 1]=0x300a,  12298
Event.hdr[ 2]=0x2915,  10517
Event.hdr[ 3]=0x7f2e,  32558
Event.hdr[ 4]=0x0000,      0
Event.hdr[ 5]=0xc652,  50770
Event.hdr[ 6]=0xce0a,  52746
Event.hdr[ 7]=0x8865,  34917
Event.hdr[ 8]=0x0000,      0
Event.hdr[ 9]=0xc592,  50578
Event.hdr[10]=0x7c0a,  31754
Event.hdr[11]=0x19f1,   6641
Event.hdr[12]=0x9cc4,  40132
Event.hdr[13]=0x002a,     42
Event.len=  44, Event.traceLen=  12 (in Bytes)
Event.len=  22, Event.traceLen=   6 (in 16 bit words)
Event.len=  11, Event.traceLen=   3 (in 32 bit words)
next start: 0xaaaaaaaa, pos= 396
0x1f33 module_id = 31 crystal_id = 0 digitizer_id = 3 chan_id = 3 ge_id = 124 channel = 33  -> is segment
ncrystal=1
wrote trace to CCpulse_008_01_01.xy
two's comp tempE  ::     706130     706130 0x000ac652 |0000|0000|0000|1010|1100|0110|0101|0010|
rawE              ::     706130     706130 0x000ac652 |0000|0000|0000|1010|1100|0110|0101|0010|
rawE (sign change)::     706130     706130 0x000ac652 |0000|0000|0000|1010|1100|0110|0101|0010|
Event.ehi=           22066 0x00005632
Event.ehi=2206 (gain changed)
Event.LEDts =           2133731605
Event.CFDts =      266798849654796

---------
new GTheader at pos=396 or 198 words (206):
Event.hdr[ 0]=0x1f34,   7988
Event.hdr[ 1]=0x300a,  12298
Event.hdr[ 2]=0x2915,  10517
Event.hdr[ 3]=0x7f2e,  32558
Event.hdr[ 4]=0x0000,      0
Event.hdr[ 5]=0x006e,    110
Event.hdr[ 6]=0x0e00,   3584
Event.hdr[ 7]=0x8865,  34917
Event.hdr[ 8]=0x0000,      0
Event.hdr[ 9]=0x003c,     60
Event.hdr[10]=0x8c00,  35840
Event.hdr[11]=0x0000,      0
Event.hdr[12]=0x013c,    316
Event.hdr[13]=0x0000,      0
Event.len=  44, Event.traceLen=  12 (in Bytes)
Event.len=  22, Event.traceLen=   6 (in 16 bit words)
Event.len=  11, Event.traceLen=   3 (in 32 bit words)
0x1f34 module_id = 31 crystal_id = 0 digitizer_id = 3 chan_id = 4 ge_id = 124 channel = 34  -> is segment
ncrystal=1
wrote trace to CCpulse_008_01_01.xy
two's comp tempE  ::        110        110 0x0000006e |0000|0000|0000|0000|0000|0000|0110|1110|
rawE              ::        110        110 0x0000006e |0000|0000|0000|0000|0000|0000|0110|1110|
rawE (sign change)::        110        110 0x0000006e |0000|0000|0000|0000|0000|0000|0110|1110|
Event.ehi=               3 0x00000003
Event.ehi=0 (gain changed)
Event.LEDts =           2133731605
Event.CFDts =         244816871436
exit bin_mode3
*end of event # 8
+++++++++++++++++++++++++++++++
ev#     8 GEB_TYPE_GT_MOD29      440Bytes TS=2133752301 curTS=2133751873 dTS= 428
GEBGetEv returned st=0
we have read 6428 bytes; CurEvNo=9

+++++++++++++++++++++++++++++++
*start event # 9 with multiplicity 1 looks like this:
 0>  1, GEB_TYPE_DECOMP      , TS=2133751873
entered bin_mode2: 9/10
ptinp->pad= 6, (ptinp->pad&0x000000ff)= 6
updated CCadd with    0.00
total number of hits in array: 0
exit bin_mode2
entered bin_mode3 @ event number: 9 
exit bin_mode3
*end of event # 9
+++++++++++++++++++++++++++++++
ev#     9 GEB_TYPE_GT_MOD29      440Bytes TS=2133766001 curTS=2133752301 dTS= 13700
GEBGetEv returned st=0
we have read 6884 bytes; CurEvNo=10

+++++++++++++++++++++++++++++++
*start event # 10 with multiplicity 1 looks like this:
 0>  8, GEB_TYPE_GT_MOD29    , TS=2133752301
entered bin_mode2: 10/10
updated CCadd with    0.00
total number of hits in array: 0
exit bin_mode2
entered bin_mode3 @ event number: 10 

bin_mode3:  0>  8, GEB_TYPE_GT_MOD29    , TS=2133752301, 0x7f2e79ed; payload length: 440 bytes

---------
new GTheader at pos=0 or 0 words (8):
Event.hdr[ 0]=0x1f30,   7984
Event.hdr[ 1]=0x300a,  12298
Event.hdr[ 2]=0x79ed,  31213
Event.hdr[ 3]=0x7f2e,  32558
Event.hdr[ 4]=0x0000,      0
Event.hdr[ 5]=0x3e3a,  15930
Event.hdr[ 6]=0x4e0a,  19978
Event.hdr[ 7]=0x50d7,  20695
Event.hdr[ 8]=0x8865,  34917
Event.hdr[ 9]=0x3be6,  15334
Event.hdr[10]=0xfe0a,  65034
Event.hdr[11]=0x18f7,   6391
Event.hdr[12]=0x1680,   5760
Event.hdr[13]=0x002a,     42
Event.len=  44, Event.traceLen=  12 (in Bytes)
Event.len=  22, Event.traceLen=   6 (in 16 bit words)
Event.len=  11, Event.traceLen=   3 (in 32 bit words)
next start: 0xaaaaaaaa, pos= 44
0x1f30 module_id = 31 crystal_id = 0 digitizer_id = 3 chan_id = 0 ge_id = 124 channel = 30  -> is segment
open superpulse_010_00_01.xy at Event.chan_id = 0
open CCpulse_010_00_01.xy at Event.chan_id = 0
ncrystal=1
wrote trace to CCpulse_010_00_01.xy
two's comp tempE  ::     671290     671290 0x000a3e3a |0000|0000|0000|1010|0011|1110|0011|1010|
rawE              ::     671290     671290 0x000a3e3a |0000|0000|0000|1010|0011|1110|0011|1010|
rawE (sign change)::     671290     671290 0x000a3e3a |0000|0000|0000|1010|0011|1110|0011|1010|
Event.ehi=           20977 0x000051f1
Event.ehi=2097 (gain changed)
Event.LEDts =           2133752301
Event.CFDts =      267477464580108

---------
new GTheader at pos=44 or 22 words (30):
Event.hdr[ 0]=0x1f31,   7985
Event.hdr[ 1]=0x300a,  12298
Event.hdr[ 2]=0x79ed,  31213
Event.hdr[ 3]=0x7f2e,  32558
Event.hdr[ 4]=0x0000,      0
Event.hdr[ 5]=0x1bd0,   7120
Event.hdr[ 6]=0x4e09,  19977
Event.hdr[ 7]=0x50d7,  20695
Event.hdr[ 8]=0x8865,  34917
Event.hdr[ 9]=0x1a42,   6722
Event.hdr[10]=0x5409,  21513
Event.hdr[11]=0x11c2,   4546
Event.hdr[12]=0xb64c,  46668
Event.hdr[13]=0x07ff,   2047
Event.len=  44, Event.traceLen=  12 (in Bytes)
Event.len=  22, Event.traceLen=   6 (in 16 bit words)
Event.len=  11, Event.traceLen=   3 (in 32 bit words)
next start: 0xaaaaaaaa, pos= 88
0x1f31 module_id = 31 crystal_id = 0 digitizer_id = 3 chan_id = 1 ge_id = 124 channel = 31  -> is segment
ncrystal=1
wrote trace to CCpulse_010_00_01.xy
two's comp tempE  ::     596944     596944 0x00091bd0 |0000|0000|0000|1001|0001|1011|1101|0000|
rawE              ::     596944     596944 0x00091bd0 |0000|0000|0000|1001|0001|1011|1101|0000|
rawE (sign change)::     596944     596944 0x00091bd0 |0000|0000|0000|1001|0001|1011|1101|0000|
Event.ehi=           18654 0x000048de
Event.ehi=1865 (gain changed)
Event.LEDts =           2133752301
Event.CFDts =      269457474912268

---------
new GTheader at pos=88 or 44 words (52):
Event.hdr[ 0]=0x1f32,   7986
Event.hdr[ 1]=0x300a,  12298
Event.hdr[ 2]=0x79ed,  31213
Event.hdr[ 3]=0x7f2e,  32558
Event.hdr[ 4]=0x0000,      0
Event.hdr[ 5]=0xe88e,  59534
Event.hdr[ 6]=0x0e09,   3593
Event.hdr[ 7]=0x50d7,  20695
Event.hdr[ 8]=0x8865,  34917
Event.hdr[ 9]=0x2656,   9814
Event.hdr[10]=0x3807,  14343
Event.hdr[11]=0x00ab,    171
Event.hdr[12]=0x0a3c,   2620
Event.hdr[13]=0x0000,      0
Event.len=  44, Event.traceLen=  12 (in Bytes)
Event.len=  22, Event.traceLen=   6 (in 16 bit words)
Event.len=  11, Event.traceLen=   3 (in 32 bit words)
next start: 0xaaaaaaaa, pos= 132
0x1f32 module_id = 31 crystal_id = 0 digitizer_id = 3 chan_id = 2 ge_id = 124 channel = 32  -> is segment
ncrystal=1
wrote trace to CCpulse_010_00_01.xy
two's comp tempE  ::     649358     649358 0x0009e88e |0000|0000|0000|1001|1110|1000|1000|1110|
rawE              ::     649358     649358 0x0009e88e |0000|0000|0000|1001|1110|1000|1000|1110|
rawE (sign change)::     649358     649358 0x0009e88e |0000|0000|0000|1001|1110|1000|1000|1110|
Event.ehi=           20292 0x00004f44
Event.ehi=2029 (gain changed)
Event.LEDts =           2133752301
Event.CFDts =          38655295500

---------
new GTheader at pos=132 or 66 words (74):
Event.hdr[ 0]=0x1f33,   7987
Event.hdr[ 1]=0x300a,  12298
Event.hdr[ 2]=0x79ed,  31213
Event.hdr[ 3]=0x7f2e,  32558
Event.hdr[ 4]=0x0000,      0
Event.hdr[ 5]=0x8a07,  35335
Event.hdr[ 6]=0x4e0c,  19980
Event.hdr[ 7]=0x50d7,  20695
Event.hdr[ 8]=0x8865,  34917
Event.hdr[ 9]=0x8934,  35124
Event.hdr[10]=0x240c,   9228
Event.hdr[11]=0x158b,   5515
Event.hdr[12]=0xe2f8,  58104
Event.hdr[13]=0x0033,     51
Event.len=  44, Event.traceLen=  12 (in Bytes)
Event.len=  22, Event.traceLen=   6 (in 16 bit words)
Event.len=  11, Event.traceLen=   3 (in 32 bit words)
next start: 0xaaaaaaaa, pos= 176
0x1f33 module_id = 31 crystal_id = 0 digitizer_id = 3 chan_id = 3 ge_id = 124 channel = 33  -> is segment
ncrystal=1
wrote trace to CCpulse_010_00_01.xy
two's comp tempE  ::     821767     821767 0x000c8a07 |0000|0000|0000|1100|1000|1010|0000|0111|
rawE              ::     821767     821767 0x000c8a07 |0000|0000|0000|1100|1000|1010|0000|0111|
rawE (sign change)::     821767     821767 0x000c8a07 |0000|0000|0000|1100|1000|1010|0000|0111|
Event.ehi=           25680 0x00006450
Event.ehi=2568 (gain changed)
Event.LEDts =           2133752301
Event.CFDts =      264380745908236

---------
new GTheader at pos=176 or 88 words (96):
Event.hdr[ 0]=0x1f34,   7988
Event.hdr[ 1]=0x300a,  12298
Event.hdr[ 2]=0x79ed,  31213
Event.hdr[ 3]=0x7f2e,  32558
Event.hdr[ 4]=0x0000,      0
Event.hdr[ 5]=0x0041,     65
Event.hdr[ 6]=0x0e00,   3584
Event.hdr[ 7]=0x50d7,  20695
Event.hdr[ 8]=0x8865,  34917
Event.hdr[ 9]=0x002d,     45
Event.hdr[10]=0x7800,  30720
Event.hdr[11]=0x0000,      0
Event.hdr[12]=0x0118,    280
Event.hdr[13]=0x0000,      0
Event.len=  44, Event.traceLen=  12 (in Bytes)
Event.len=  22, Event.traceLen=   6 (in 16 bit words)
Event.len=  11, Event.traceLen=   3 (in 32 bit words)
next start: 0xaaaaaaaa, pos= 220
0x1f34 module_id = 31 crystal_id = 0 digitizer_id = 3 chan_id = 4 ge_id = 124 channel = 34  -> is segment
ncrystal=1
wrote trace to CCpulse_010_00_01.xy
two's comp tempE  ::         65         65 0x00000041 |0000|0000|0000|0000|0000|0000|0100|0001|
rawE              ::         65         65 0x00000041 |0000|0000|0000|0000|0000|0000|0100|0001|
rawE (sign change)::         65         65 0x00000041 |0000|0000|0000|0000|0000|0000|0100|0001|
Event.ehi=               2 0x00000002
Event.ehi=0 (gain changed)
Event.LEDts =           2133752301
Event.CFDts =         266291904524

---------
new GTheader at pos=220 or 110 words (118):
Event.hdr[ 0]=0x1f35,   7989
Event.hdr[ 1]=0x300a,  12298
Event.hdr[ 2]=0x79ed,  31213
Event.hdr[ 3]=0x7f2e,  32558
Event.hdr[ 4]=0x0000,      0
Event.hdr[ 5]=0xbd5f,  48479
Event.hdr[ 6]=0x4e08,  19976
Event.hdr[ 7]=0x50d7,  20695
Event.hdr[ 8]=0x8865,  34917
Event.hdr[ 9]=0xb9f4,  47604
Event.hdr[10]=0x2c08,  11272
Event.hdr[11]=0x1211,   4625
Event.hdr[12]=0xdbd0,  56272
Event.hdr[13]=0x07ff,   2047
Event.len=  44, Event.traceLen=  12 (in Bytes)
Event.len=  22, Event.traceLen=   6 (in 16 bit words)
Event.len=  11, Event.traceLen=   3 (in 32 bit words)
next start: 0xaaaaaaaa, pos= 264
0x1f35 module_id = 31 crystal_id = 0 digitizer_id = 3 chan_id = 5 ge_id = 124 channel = 35  -> is segment
ncrystal=1
wrote trace to CCpulse_010_00_01.xy
two's comp tempE  ::     572767     572767 0x0008bd5f |0000|0000|0000|1000|1011|1101|0101|1111|
rawE              ::     572767     572767 0x0008bd5f |0000|0000|0000|1000|1011|1101|0101|1111|
rawE (sign change)::     572767     572767 0x0008bd5f |0000|0000|0000|1000|1011|1101|0101|1111|
Event.ehi=           17898 0x000045ea
Event.ehi=1789 (gain changed)
Event.LEDts =           2133752301
Event.CFDts =      269414524387340

---------
new GTheader at pos=264 or 132 words (140):
Event.hdr[ 0]=0x1f36,   7990
Event.hdr[ 1]=0x300a,  12298
Event.hdr[ 2]=0x79ed,  31213
Event.hdr[ 3]=0x7f2e,  32558
Event.hdr[ 4]=0x0000,      0
Event.hdr[ 5]=0x3844,  14404
Event.hdr[ 6]=0x4e08,  19976
Event.hdr[ 7]=0x50d7,  20695
Event.hdr[ 8]=0x8865,  34917
Event.hdr[ 9]=0x41b8,  16824
Event.hdr[10]=0xd807,  55303
Event.hdr[11]=0x0601,   1537
Event.hdr[12]=0x9d04,  40196
Event.hdr[13]=0x07ff,   2047
Event.len=  44, Event.traceLen=  12 (in Bytes)
Event.len=  22, Event.traceLen=   6 (in 16 bit words)
Event.len=  11, Event.traceLen=   3 (in 32 bit words)
next start: 0xaaaaaaaa, pos= 308
0x1f36 module_id = 31 crystal_id = 0 digitizer_id = 3 chan_id = 6 ge_id = 124 channel = 36  -> is segment
ncrystal=1
wrote trace to CCpulse_010_00_01.xy
two's comp tempE  ::     538692     538692 0x00083844 |0000|0000|0000|1000|0011|1000|0100|0100|
rawE              ::     538692     538692 0x00083844 |0000|0000|0000|1000|0011|1000|0100|0100|
rawE (sign change)::     538692     538692 0x00083844 |0000|0000|0000|1000|0011|1000|0100|0100|
Event.ehi=           16834 0x000041c2
Event.ehi=1683 (gain changed)
Event.LEDts =           2133752301
Event.CFDts =      280779182047244

---------
new GTheader at pos=308 or 154 words (162):
Event.hdr[ 0]=0x1f37,   7991
Event.hdr[ 1]=0x300a,  12298
Event.hdr[ 2]=0x79ed,  31213
Event.hdr[ 3]=0x7f2e,  32558
Event.hdr[ 4]=0x0000,      0
Event.hdr[ 5]=0xc20a,  49674
Event.hdr[ 6]=0x0e06,   3590
Event.hdr[ 7]=0x50d7,  20695
Event.hdr[ 8]=0x8865,  34917
Event.hdr[ 9]=0x8297,  33431
Event.hdr[10]=0x9605,  38405
Event.hdr[11]=0x0256,    598
Event.hdr[12]=0xfc4c,  64588
Event.hdr[13]=0x07ff,   2047
Event.len=  44, Event.traceLen=  12 (in Bytes)
Event.len=  22, Event.traceLen=   6 (in 16 bit words)
Event.len=  11, Event.traceLen=   3 (in 32 bit words)
next start: 0xaaaaaaaa, pos= 352
0x1f37 module_id = 31 crystal_id = 0 digitizer_id = 3 chan_id = 7 ge_id = 124 channel = 37  -> is segment
ncrystal=1
wrote trace to CCpulse_010_00_01.xy
two's comp tempE  ::     442890     442890 0x0006c20a |0000|0000|0000|0110|1100|0010|0000|1010|
rawE              ::     442890     442890 0x0006c20a |0000|0000|0000|0110|1100|0010|0000|1010|
rawE (sign change)::     442890     442890 0x0006c20a |0000|0000|0000|0110|1100|0010|0000|1010|
Event.ehi=           13840 0x00003610
Event.ehi=1384 (gain changed)
Event.LEDts =           2133752301
Event.CFDts =      281427731349516

---------
new GTheader at pos=352 or 176 words (184):
Event.hdr[ 0]=0x1f38,   7992
Event.hdr[ 1]=0x300a,  12298
Event.hdr[ 2]=0x79ed,  31213
Event.hdr[ 3]=0x7f2e,  32558
Event.hdr[ 4]=0x0000,      0
Event.hdr[ 5]=0x8d87,  36231
Event.hdr[ 6]=0x1ff9,   8185
Event.hdr[ 7]=0x50d7,  20695
Event.hdr[ 8]=0x8865,  34917
Event.hdr[ 9]=0xc656,  50774
Event.hdr[10]=0x9ffc,  40956
Event.hdr[11]=0xf9a9,  63913
Event.hdr[12]=0x7d47,  32071
Event.hdr[13]=0x07f3,   2035
Event.len=  44, Event.traceLen=  12 (in Bytes)
Event.len=  22, Event.traceLen=   6 (in 16 bit words)
Event.len=  11, Event.traceLen=   3 (in 32 bit words)
next start: 0xaaaaaaaa, pos= 396
0x1f38 module_id = 31 crystal_id = 0 digitizer_id = 3 chan_id = 8 ge_id = 124 channel = 38  -> is segment
ncrystal=1
wrote trace to CCpulse_010_00_01.xy
two's comp tempE  ::   16354695   16354695 0x00f98d87 |0000|0000|1111|1001|1000|1101|1000|0111|
rawE              :: 4294544775    -422521 0xfff98d87 |1111|1111|1111|1001|1000|1101|1000|0111|
rawE (sign change)::     422521     422521 0x00067279 |0000|0000|0000|0110|0111|0010|0111|1001|
Event.ehi=           13203 0x00003393
Event.ehi=1320 (gain changed)
Event.LEDts =           2133752301
Event.CFDts =         442390872076

---------
new GTheader at pos=396 or 198 words (206):
Event.hdr[ 0]=0x1f39,   7993
Event.hdr[ 1]=0x300a,  12298
Event.hdr[ 2]=0x79ed,  31213
Event.hdr[ 3]=0x7f2e,  32558
Event.hdr[ 4]=0x0000,      0
Event.hdr[ 5]=0x025c,    604
Event.hdr[ 6]=0x0e00,   3584
Event.hdr[ 7]=0x50d7,  20695
Event.hdr[ 8]=0x8865,  34917
Event.hdr[ 9]=0xf158,  61784
Event.hdr[10]=0x49ff,  18943
Event.hdr[11]=0x1f64,   8036
Event.hdr[12]=0xe444,  58436
Event.hdr[13]=0x07ff,   2047
Event.len=  44, Event.traceLen=  12 (in Bytes)
Event.len=  22, Event.traceLen=   6 (in 16 bit words)
Event.len=  11, Event.traceLen=   3 (in 32 bit words)
0x1f39 module_id = 31 crystal_id = 0 digitizer_id = 3 chan_id = 9 ge_id = 124 channel = 39  -> is CC
ncrystal=1
wrote trace to CCpulse_010_00_01.xy
two's comp tempE  ::        604        604 0x0000025c |0000|0000|0000|0000|0000|0010|0101|1100|
rawE              ::        604        604 0x0000025c |0000|0000|0000|0000|0000|0010|0101|1100|
rawE (sign change)::        604        604 0x0000025c |0000|0000|0000|0000|0000|0010|0101|1100|
Event.ehi=              18 0x00000012
Event.ehi=1 (gain changed)
Event.LEDts =           2133752301
Event.CFDts =         128851050508
exit bin_mode3
*end of event # 10
+++++++++++++++++++++++++++++++
ev#    10 GEB_TYPE_DECOMP        464Bytes TS=2133766947 curTS=2133766001 dTS= 946
ev# 50000 GEB_TYPE_DECOMP        464Bytes TS=2697935915 curTS=2697935639 dTS= 276
ev# 100000 GEB_TYPE_DECOMP        464Bytes TS=3278816621 curTS=3278788051 dTS= 28570
ev# 150000 GEB_TYPE_DECOMP        464Bytes TS=3866903379 curTS=3866903261 dTS= 118
ev# 150000 GEB_TYPE_GT_MOD29      440Bytes TS=3866903599 curTS=3866903261 dTS= 338
ev# 200000 GEB_TYPE_DECOMP        464Bytes TS=4452709525 curTS=4452709371 dTS= 154
ev# 250000 GEB_TYPE_DECOMP        464Bytes TS=5030639527 curTS=5030639105 dTS= 422
ev# 300000 GEB_TYPE_DECOMP        464Bytes TS=5636413677 curTS=5636413411 dTS= 266
ev# 350000 GEB_TYPE_DECOMP        464Bytes TS=6264554257 curTS=6264520781 dTS= 33476
ev# 400000 GEB_TYPE_DECOMP        464Bytes TS=6866515993 curTS=6866515587 dTS= 406
batflag:: TS<Pars.curTS, reset it at event # 429237
TS=7125369433, Pars.curTS=7245160097, DT=-119790664
new Pars.curTS=7125369433
we have read 394383296 bytes so far
ev# 450000 GEB_TYPE_DECOMP        464Bytes TS=7506082987 curTS=7506082985 dTS= 2
ev# 450000 GEB_TYPE_GT_MOD29      440Bytes TS=7506083293 curTS=7506082985 dTS= 308
ev# 500000 GEB_TYPE_GT_MOD29      440Bytes TS=8143291871 curTS=8143291339 dTS= 532
ev# 550000 GEB_TYPE_DECOMP        464Bytes TS=8772657885 curTS=8772657795 dTS= 90
ev# 550000 GEB_TYPE_DECOMP        464Bytes TS=8772657889 curTS=8772657795 dTS= 94
ev# 550000 GEB_TYPE_DECOMP        464Bytes TS=8772658009 curTS=8772657795 dTS= 214
ev# 600000 GEB_TYPE_DECOMP        464Bytes TS=9402246167 curTS=9402246031 dTS= 136
ev# 600000 GEB_TYPE_DECOMP        464Bytes TS=9402257049 curTS=9402246031 dTS= 11018
ev# 650000 GEB_TYPE_DECOMP        464Bytes TS=10021517953 curTS=10021510935 dTS= 7018
ev# 700000 GEB_TYPE_DECOMP        464Bytes TS=10648252141 curTS=10648221047 dTS= 31094
batflag:: TS<Pars.curTS, reset it at event # 715592
TS=10834430857, Pars.curTS=10860990421, DT=-26559564
new Pars.curTS=10834430857
we have read 636972984 bytes so far
failed to read 16 bytes for header, got 0
 GEBGetEv returned 1
we have read 638836568 bytes; CurEvNo=718646

Sorting is done
attempting to save root or map file



mean observed polar and azimuth angles
for the detectors we saw (module,crystal)

------------------------------------------
mean pol/azi angle for detector  56 are   96.72/ 119.48
mean pol/azi angle for detector  57 are  100.40/ 138.28
mean pol/azi angle for detector  58 are   83.33/ 132.63
mean pol/azi angle for detector  59 are   79.62/ 114.02
mean pol/azi angle for detector  60 are   87.36/ 152.67
mean pol/azi angle for detector  61 are  105.27/ 157.68
mean pol/azi angle for detector  62 are   93.17/ 168.24
mean pol/azi angle for detector  63 are   73.80/ 165.99
mean pol/azi angle for detector  68 are   87.13/-135.02
mean pol/azi angle for detector  69 are  105.24/-130.00
mean pol/azi angle for detector  70 are   92.89/-116.92
mean pol/azi angle for detector  71 are   74.15/-121.84
mean pol/azi angle for detector  76 are   87.49/ -63.13
mean pol/azi angle for detector  77 are  105.28/ -58.00
mean pol/azi angle for detector  78 are   92.97/ -45.01
mean pol/azi angle for detector  79 are   74.20/ -49.86
mean pol/azi angle for detector  84 are  112.24/  33.61
mean pol/azi angle for detector  85 are  125.27/  17.36
mean pol/azi angle for detector  86 are  130.67/  39.22
mean pol/azi angle for detector  87 are  115.92/  52.96
mean pol/azi angle for detector  88 are  112.38/ 105.51
mean pol/azi angle for detector  89 are  124.90/  89.37
mean pol/azi angle for detector  90 are  130.76/ 111.12
mean pol/azi angle for detector  91 are  115.75/ 124.98
mean pol/azi angle for detector  96 are  112.71/-110.69
mean pol/azi angle for detector  97 are  124.84/-126.61
mean pol/azi angle for detector  98 are  130.84/-104.97
mean pol/azi angle for detector  99 are  115.86/ -90.97
mean pol/azi angle for detector 100 are  112.44/ -38.60
mean pol/azi angle for detector 101 are  124.80/ -55.01
mean pol/azi angle for detector 102 are  130.58/ -32.99
mean pol/azi angle for detector 103 are  115.84/ -19.13
mean pol/azi angle for detector 104 are  144.44/  88.29
mean pol/azi angle for detector 105 are  132.69/  65.86
mean pol/azi angle for detector 106 are  148.88/  53.92
mean pol/azi angle for detector 107 are  162.33/  88.36
mean pol/azi angle for detector 108 are  144.80/ 160.12
mean pol/azi angle for detector 109 are  132.67/ 137.98
mean pol/azi angle for detector 110 are  149.56/ 125.53
mean pol/azi angle for detector 111 are  162.28/ 110.47
mean pol/azi angle for detector 116 are  144.39/ -55.91
mean pol/azi angle for detector 117 are  132.53/ -78.27
mean pol/azi angle for detector 118 are  148.99/ -90.24
mean pol/azi angle for detector 119 are  162.40/ -56.07
we found 44 crystals
------------------------------------------

minimum pol angle between crystals is  18.65
compactness =  64.39%, 85 of 264
module hit statistics
module  14, crystal 0 was hit      60840 times
module  14, crystal 1 was hit      66086 times
module  14, crystal 2 was hit      64601 times
module  14, crystal 3 was hit      57029 times
module  15, crystal 0 was hit      65201 times
module  15, crystal 1 was hit      59249 times
module  15, crystal 2 was hit      55547 times
module  15, crystal 3 was hit      57420 times
module  17, crystal 0 was hit      48246 times
module  17, crystal 1 was hit      47555 times
module  17, crystal 2 was hit      48486 times
module  17, crystal 3 was hit      49799 times
module  19, crystal 0 was hit      45310 times
module  19, crystal 1 was hit      47310 times
module  19, crystal 2 was hit      55797 times
module  19, crystal 3 was hit      54144 times
module  21, crystal 0 was hit      55585 times
module  21, crystal 1 was hit      48700 times
module  21, crystal 2 was hit      58094 times
module  21, crystal 3 was hit      56061 times
module  22, crystal 0 was hit      61082 times
module  22, crystal 1 was hit      56791 times
module  22, crystal 2 was hit      62681 times
module  22, crystal 3 was hit      59257 times
module  24, crystal 0 was hit      26717 times
module  24, crystal 1 was hit      31424 times
module  24, crystal 2 was hit      26958 times
module  24, crystal 3 was hit      24624 times
module  25, crystal 0 was hit      24719 times
module  25, crystal 1 was hit      25732 times
module  25, crystal 2 was hit      25364 times
module  25, crystal 3 was hit      24092 times
module  26, crystal 0 was hit      55345 times
module  26, crystal 1 was hit      54126 times
module  26, crystal 2 was hit      54017 times
module  26, crystal 3 was hit      51248 times
module  27, crystal 0 was hit      57477 times
module  27, crystal 1 was hit      56664 times
module  27, crystal 2 was hit      58021 times
module  27, crystal 3 was hit      52663 times
module  29, crystal 0 was hit      47875 times
module  29, crystal 1 was hit      46707 times
module  29, crystal 2 was hit      51287 times
module  29, crystal 3 was hit      46511 times

bin_mode2: pad distribution
__id   0,       952986, 94.11%
__id   2,          147,  0.01%
__id   3,          300,  0.03%
__id   4,          300,  0.03%
__id   5,         1892,  0.19%
__id   6,         4859,  0.48%
__id 128,        52003,  5.14%
__id 133,           92,  0.01%

bin_mode2 calculated mean CCsum energy to be  742.272 keV
bin_mode2 calculated mean CCadd energy to be  997.515 keV
attempting to close root file...
Pars.f1->Write();
Pars.f1->Print();
TFile: name=/lcrc/project/HELIOS/gretinafma/root_data/run126.root, title=, option=CREATE
TH1.Print Name  = dtbtev, Entries= 1349484, Total sum= 1.34948e+06
TH1.Print Name  = T0, Entries= 0, Total sum= 0
TH1.Print Name  = hitpat, Entries= 952986, Total sum= 952986
TH1.Print Name  = numHitArray2, Entries= 718646, Total sum= 501906
TH1.Print Name  = CCmult, Entries= 718646, Total sum= 718646
TH1.Print Name  = CCsum, Entries= 2182333, Total sum= 952967
TH1.Print Name  = hit2, Entries= 110131, Total sum= 109998
TH1.Print Name  = hit3, Entries= 56982, Total sum= 56579
TH1.Print Name  = hit4, Entries= 29896, Total sum= 29219
TH1.Print Name  = CCsum_nodop, Entries= 2182333, Total sum= 952967
TH1.Print Name  = CCadd, Entries= 718646, Total sum= 497152
TH1.Print Name  = SEGadd_FPGA, Entries= 143729200, Total sum= 952520
TH1.Print Name  = SEGadd_PSA, Entries= 143729200, Total sum= 947789
TH1.Print Name  = SEGsum_FPGA, Entries= 1469254, Total sum= 1.46893e+06
TH1.Print Name  = SEGsum_PSA, Entries= 2182442, Total sum= 2.16533e+06
TH1.Print Name  = radius_all, Entries= 2182441, Total sum= 2.18244e+06
TH1.Print Name  = rate_mode2_min, Entries= 952985, Total sum= 15883.1
TH1.Print Name  = rate_mode2_sec, Entries= 952985, Total sum= 952985
TH1.Print Name  = rate_mode2_intp, Entries= 952985, Total sum= 36374
TH1.Print Name  = cdtbtev, Entries= 231197, Total sum= 231197
TH1.Print Name  = evsr_all, Entries= 2182441, Total sum= 2.13241e+06
TH1.Print Name  = SMAP_allhits, Entries= 2182442, Total sum= 2.18244e+06
TH1.Print Name  = SMAP_allhits_sq, Entries= 2182442, Total sum= 2.18244e+06
TH1.Print Name  = seghitpat, Entries= 2182442, Total sum= 2.18244e+06
TH1.Print Name  = CCe, Entries= 2182333, Total sum= 952967
TH1.Print Name  = ggCC, Entries= 1765292, Total sum= 1.54701e+06
TH1.Print Name  = z_plot, Entries= 2182442, Total sum= 2.1804e+06
TH1.Print Name  = crystal_hit, Entries= 0, Total sum= 0
TH1.Print Name  = SegE, Entries= 2181948, Total sum= 2.18195e+06
TH1.Print Name  = crXcr, Entries= 882646, Total sum= 882646
******************************************************************************
*Tree    :tree      : tree                                                   *
*Entries :   718646 : Total =       109643308 bytes  File  Size =   28678290 *
*        :          : Tree compression factor =   3.82                       *
******************************************************************************
*Br    0 :runNumber : runNumber/I                                            *
*Entries :   718646 : Total  Size=    2884009 bytes  File Size  =      24146 *
*Baskets :       91 : Basket Size=      32000 bytes  Compression= 119.34     *
*............................................................................*
*Br    1 :numHits   : numHits/I                                              *
*Entries :   718646 : Total  Size=    2883819 bytes  File Size  =      23961 *
*Baskets :       91 : Basket Size=      32000 bytes  Compression= 120.25     *
*............................................................................*
*Br    2 :left      : left[numHits]/F                                        *
*Entries :   718646 : Total  Size=    5777485 bytes  File Size  =    2170585 *
*Baskets :      271 : Basket Size=      32000 bytes  Compression=   2.66     *
*............................................................................*
*Br    3 :right     : right[numHits]/F                                       *
*Entries :   718646 : Total  Size=    5777760 bytes  File Size  =    2148485 *
*Baskets :      271 : Basket Size=      32000 bytes  Compression=   2.69     *
*............................................................................*
*Br    4 :up        : up[numHits]/F                                          *
*Entries :   718646 : Total  Size=    5776935 bytes  File Size  =    2142465 *
*Baskets :      271 : Basket Size=      32000 bytes  Compression=   2.69     *
*............................................................................*
*Br    5 :down      : down[numHits]/F                                        *
*Entries :   718646 : Total  Size=    5777485 bytes  File Size  =    2162472 *
*Baskets :      271 : Basket Size=      32000 bytes  Compression=   2.67     *
*............................................................................*
*Br    6 :e1        : e1[numHits]/F                                          *
*Entries :   718646 : Total  Size=    5776935 bytes  File Size  =    2087438 *
*Baskets :      271 : Basket Size=      32000 bytes  Compression=   2.76     *
*............................................................................*
*Br    7 :e2        : e2[numHits]/F                                          *
*Entries :   718646 : Total  Size=    5776935 bytes  File Size  =    2063289 *
*Baskets :      271 : Basket Size=      32000 bytes  Compression=   2.80     *
*............................................................................*
*Br    8 :e3        : e3[numHits]/F                                          *
*Entries :   718646 : Total  Size=    5776935 bytes  File Size  =    2019797 *
*Baskets :      271 : Basket Size=      32000 bytes  Compression=   2.86     *
*............................................................................*
*Br    9 :tac       : tac[numHits]/F                                         *
*Entries :   718646 : Total  Size=    5777210 bytes  File Size  =    1843830 *
*Baskets :      271 : Basket Size=      32000 bytes  Compression=   3.13     *
*............................................................................*
*Br   10 :fmaDeltaTime : fmaDeltaTime[numHits]/F                             *
*Entries :   718646 : Total  Size=    5779685 bytes  File Size  =    2261996 *
*Baskets :      271 : Basket Size=      32000 bytes  Compression=   2.55     *
*............................................................................*
*Br   11 :fmaMult   : fmaMult[10]/I                                          *
*Entries :   718646 : Total  Size=   28834463 bytes  File Size  =     798310 *
*Baskets :      901 : Basket Size=      32000 bytes  Compression=  36.09     *
*............................................................................*
*Br   12 :gammaMult : gammaMult/I                                            *
*Entries :   718646 : Total  Size=    2884009 bytes  File Size  =     496828 *
*Baskets :       91 : Basket Size=      32000 bytes  Compression=   5.80     *
*............................................................................*
*Br   13 :gammaEnergy : gammaEnergy[gammaMult]/F                             *
*Entries :   718646 : Total  Size=    6719968 bytes  File Size  =    4663915 *
*Baskets :      300 : Basket Size=      32000 bytes  Compression=   1.44     *
*............................................................................*
*Br   14 :gammaTimestamp : gammaTimestamp[gammaMult]/F                       *
*Entries :   718646 : Total  Size=    6720880 bytes  File Size  =    2260934 *
*Baskets :      300 : Basket Size=      32000 bytes  Compression=   2.97     *
*............................................................................*
*Br   15 :deltaTime : deltaTime[gammaMult]/F                                 *
*Entries :   718646 : Total  Size=    6719360 bytes  File Size  =    1471308 *
*Baskets :      300 : Basket Size=      32000 bytes  Compression=   4.56     *
*............................................................................*
TH1.Print Name  = eCC_a, Entries= 0, Total sum= 0
TH1.Print Name  = eCC_b, Entries= 0, Total sum= 0
TH1.Print Name  = eCC_c, Entries= 0, Total sum= 0
TH1.Print Name  = eCC_d, Entries= 98170, Total sum= 0
TH1.Print Name  = eSeg, Entries= 0, Total sum= 0
TH1.Print Name  = mode3_hitpat, Entries= 3350174, Total sum= 0
TH1.Print Name  = mode3_hitpat_chan, Entries= 3350174, Total sum= 3.35017e+06
TH1.Print Name  = chan0, Entries= 0, Total sum= 0
TH1.Print Name  = module, Entries= 3350174, Total sum= 3.35017e+06
TH1.Print Name  = chan, Entries= 3350174, Total sum= 3.34817e+06
TH1.Print Name  = l, Entries= 335017, Total sum= 334985
TH1.Print Name  = r, Entries= 335017, Total sum= 335015
TH1.Print Name  = up, Entries= 335016, Total sum= 335016
TH1.Print Name  = down, Entries= 335018, Total sum= 335018
TH1.Print Name  = sumlr, Entries= 325986, Total sum= 325986
TH1.Print Name  = sumud, Entries= 312347, Total sum= 312347
TH1.Print Name  = x, Entries= 325986, Total sum= 325986
TH1.Print Name  = y, Entries= 312347, Total sum= 312347
TH1.Print Name  = de1, Entries= 335018, Total sum= 335004
TH1.Print Name  = de2, Entries= 335018, Total sum= 335018
TH1.Print Name  = de3, Entries= 335017, Total sum= 334184
TH1.Print Name  = de12, Entries= 288687, Total sum= 288687
TH1.Print Name  = etot, Entries= 288687, Total sum= 288687
TH1.Print Name  = rftof, Entries= 335017, Total sum= 334025
TH1.Print Name  = lr, Entries= 718646, Total sum= 718612
TH1.Print Name  = ud, Entries= 718646, Total sum= 718646
TH1.Print Name  = ede1, Entries= 288687, Total sum= 288687
TH1.Print Name  = ede1g, Entries= 48422, Total sum= 48410
TH1.Print Name  = ede2, Entries= 288687, Total sum= 288687
TH1.Print Name  = ede12, Entries= 288687, Total sum= 288687
TH1.Print Name  = xde1, Entries= 288687, Total sum= 288687
TH1.Print Name  = erftof, Entries= 718646, Total sum= 717654
TH1.Print Name  = erftofg, Entries= 23024, Total sum= 22975
TH1.Print Name  = sumehi, Entries= 952986, Total sum= 952978
TH1.Print Name  = tgppac, Entries= 952986, Total sum= 253950
TH1.Print Name  = tgppacg, Entries= 48422, Total sum= 48422
TH1.Print Name  = xehi1, Entries= 952986, Total sum= 952978
TH1.Print Name  = xehi1g, Entries= 48422, Total sum= 48422
TH1.Print Name  = de1ehi, Entries= 952986, Total sum= 952951
TH1.Print Name  = de1ehig, Entries= 48422, Total sum= 48410
TH1.Print Name  = ng, Entries= 718646, Total sum= 718646
TH1.Print Name  = ehiz1, Entries= 0, Total sum= 0
TH1.Print Name  = ehiz2, Entries= 0, Total sum= 0
TH1.Print Name  = ehiz3, Entries= 0, Total sum= 0
TH1.Print Name  = ehiz4, Entries= 0, Total sum= 0
TH1.Print Name  = ehiz5, Entries= 0, Total sum= 0
TH1.Print Name  = gg_dt, Entries= 55093, Total sum= 55093
TH1.Print Name  = gg, Entries= 110186, Total sum= 108686
TH1.Print Name  = gg_z1, Entries= 0, Total sum= 0
TH1.Print Name  = gg_z2, Entries= 0, Total sum= 0
TH1.Print Name  = gg_z3, Entries= 0, Total sum= 0
TH1.Print Name  = gg_z4, Entries= 0, Total sum= 0
TH1.Print Name  = gg_z5, Entries= 0, Total sum= 0
Pars.f1->Close();
done saving rootfile "/lcrc/project/HELIOS/gretinafma/root_data/run126.root


read 718646 events; Pars.beta=0.0330; time since last update 1 minutes
CommandFileName="GEBSort.command"

sorted timestamp range 2133534231-->10916940619: 8783406388
that is 87.8 seconds or 0h1m27s
^^^^^ any timestamp jumps will upset this accounting

hit statistics per type
 1 GEB_TYPE_DECOMP          1012579 ;  11528.32 Hz 
 8 GEB_TYPE_GT_MOD29         336907 ;   3835.72 Hz 
read a total of              1349486 ; header/payloads


nn1=0
nn2=1349487
nn3=1349487

nok_validate= 718646, ntot_validate=718646; validate fraction 100.00%

bytes read=638836568, 609.242027 MB

boniva sancta! ...GEBSort (unexpectedly) did not crash!

 ** GEBSort is done at 
