started GEBSort at we have 9 arguments
1... -input
will take input from disk
file size is 21917892676 bytes or 21404 MBytes

4... -rootfile
rootfile name specified on command line
__will store spectra in rootfile: /lcrc/project/HELIOS/gretinafma/root_data/run146.root
will recreate root file
7... -chat
core file size          (blocks, -c) unlimited
data seg size           (kbytes, -d) unlimited
scheduling priority             (-e) 0
file size               (blocks, -f) unlimited
pending signals                 (-i) 510315
max locked memory       (kbytes, -l) unlimited
max memory size         (kbytes, -m) 128769024
open files                      (-n) 51200
pipe size            (512 bytes, -p) 8
POSIX message queues     (bytes, -q) 819200
real-time priority              (-r) 0
stack size              (kbytes, -s) unlimited
cpu time               (seconds, -t) unlimited
max user processes              (-u) 4096
virtual memory          (kbytes, -v) unlimited
file locks                      (-x) unlimited
will read sorting instructions from chatfile: GEBSort.chat

executing UserDeclare.h code


GEBsort running on: 

initializing

crmat.LINUX is open (input) binary format
read 7936 bytes into Pars.crmat
chat file: <GEBSort.chat> open

will sort a max of 1410065408 events
will sort a max of 1000000 events
will sort 86400 minutes of data
will print details of the first 10 events
will use Pars.Beta (v/c) correction of 0.033000
will sort using a time window of 150
Pars.do_bin_mode2=1
Pars.do_bin_mode3=1
will accept second interaction range between 10.000000 and 500.000000 mm
"1-200"
detector   1 is ENABLED
detector   2 is ENABLED
detector   3 is ENABLED
detector   4 is ENABLED
detector   5 is ENABLED
detector   6 is ENABLED
detector   7 is ENABLED
detector   8 is ENABLED
detector   9 is ENABLED
detector  10 is ENABLED
detector  11 is ENABLED
detector  12 is ENABLED
detector  13 is ENABLED
detector  14 is ENABLED
detector  15 is ENABLED
detector  16 is ENABLED
detector  17 is ENABLED
detector  18 is ENABLED
detector  19 is ENABLED
detector  20 is ENABLED
detector  21 is ENABLED
detector  22 is ENABLED
detector  23 is ENABLED
detector  24 is ENABLED
detector  25 is ENABLED
detector  26 is ENABLED
detector  27 is ENABLED
detector  28 is ENABLED
detector  29 is ENABLED
detector  30 is ENABLED
detector  31 is ENABLED
detector  32 is ENABLED
detector  33 is ENABLED
detector  34 is ENABLED
detector  35 is ENABLED
detector  36 is ENABLED
detector  37 is ENABLED
detector  38 is ENABLED
detector  39 is ENABLED
detector  40 is ENABLED
detector  41 is ENABLED
detector  42 is ENABLED
detector  43 is ENABLED
detector  44 is ENABLED
detector  45 is ENABLED
detector  46 is ENABLED
detector  47 is ENABLED
detector  48 is ENABLED
detector  49 is ENABLED
detector  50 is ENABLED
detector  51 is ENABLED
detector  52 is ENABLED
detector  53 is ENABLED
detector  54 is ENABLED
detector  55 is ENABLED
detector  56 is ENABLED
detector  57 is ENABLED
detector  58 is ENABLED
detector  59 is ENABLED
detector  60 is ENABLED
detector  61 is ENABLED
detector  62 is ENABLED
detector  63 is ENABLED
detector  64 is ENABLED
detector  65 is ENABLED
detector  66 is ENABLED
detector  67 is ENABLED
detector  68 is ENABLED
detector  69 is ENABLED
detector  70 is ENABLED
detector  71 is ENABLED
detector  72 is ENABLED
detector  73 is ENABLED
detector  74 is ENABLED
detector  75 is ENABLED
detector  76 is ENABLED
detector  77 is ENABLED
detector  78 is ENABLED
detector  79 is ENABLED
detector  80 is ENABLED
detector  81 is ENABLED
detector  82 is ENABLED
detector  83 is ENABLED
detector  84 is ENABLED
detector  85 is ENABLED
detector  86 is ENABLED
detector  87 is ENABLED
detector  88 is ENABLED
detector  89 is ENABLED
detector  90 is ENABLED
detector  91 is ENABLED
detector  92 is ENABLED
detector  93 is ENABLED
detector  94 is ENABLED
detector  95 is ENABLED
detector  96 is ENABLED
detector  97 is ENABLED
detector  98 is ENABLED
detector  99 is ENABLED
detector 100 is ENABLED
detector 101 is ENABLED
detector 102 is ENABLED
detector 103 is ENABLED
detector 104 is ENABLED
detector 105 is ENABLED
detector 106 is ENABLED
detector 107 is ENABLED
detector 108 is ENABLED
detector 109 is ENABLED
detector 110 is ENABLED
detector 111 is ENABLED
detector 112 is ENABLED
detector 113 is ENABLED
detector 114 is ENABLED
detector 115 is ENABLED
detector 116 is ENABLED
detector 117 is ENABLED
detector 118 is ENABLED
detector 119 is ENABLED
detector 120 is ENABLED
detector 121 is ENABLED
detector 122 is ENABLED
detector 123 is ENABLED
detector 124 is ENABLED
detector 125 is ENABLED
detector 126 is ENABLED
detector 127 is ENABLED
detector 128 is ENABLED
detector 129 is ENABLED
detector 130 is ENABLED
detector 131 is ENABLED
detector 132 is ENABLED
detector 133 is ENABLED
detector 134 is ENABLED
detector 135 is ENABLED
detector 136 is ENABLED
detector 137 is ENABLED
detector 138 is ENABLED
detector 139 is ENABLED
detector 140 is ENABLED
detector 141 is ENABLED
detector 142 is ENABLED
detector 143 is ENABLED
detector 144 is ENABLED
detector 145 is ENABLED
detector 146 is ENABLED
detector 147 is ENABLED
detector 148 is ENABLED
detector 149 is ENABLED
detector 150 is ENABLED
detector 151 is ENABLED
detector 152 is ENABLED
detector 153 is ENABLED
detector 154 is ENABLED
detector 155 is ENABLED
detector 156 is ENABLED
detector 157 is ENABLED
detector 158 is ENABLED
detector 159 is ENABLED
detector 160 is ENABLED
detector 161 is ENABLED
detector 162 is ENABLED
detector 163 is ENABLED
detector 164 is ENABLED
detector 165 is ENABLED
detector 166 is ENABLED
detector 167 is ENABLED
detector 168 is ENABLED
detector 169 is ENABLED
detector 170 is ENABLED
detector 171 is ENABLED
detector 172 is ENABLED
detector 173 is ENABLED
detector 174 is ENABLED
detector 175 is ENABLED
detector 176 is ENABLED
detector 177 is ENABLED
detector 178 is ENABLED
detector 179 is ENABLED
detector 180 is ENABLED
detector 181 is ENABLED
detector 182 is ENABLED
detector 183 is ENABLED
detector 184 is ENABLED
detector 185 is ENABLED
detector 186 is ENABLED
detector 187 is ENABLED
detector 188 is ENABLED
detector 189 is ENABLED
detector 190 is ENABLED
detector 191 is ENABLED
detector 192 is ENABLED
detector 193 is ENABLED
detector 194 is ENABLED
detector 195 is ENABLED
detector 196 is ENABLED
detector 197 is ENABLED
detector 198 is ENABLED
detector 199 is ENABLED
WARNING: could not open CCcal file "CCenergy.cal", quit
will use beam direction 0.000000 0.000000 1.000000
vector length= 1.000000, normalizing
will use beam direction 0.000000 0.000000 1.000000
Pars.ndetlimlo=1,Pars.ndetlimhi=8
will require mult bt: 1 20
fomlimits, 1, 0.00 ..to.. 0.80
fomlimits, 2, 0.00 ..to.. 0.80
fomlimits, 3, 0.00 ..to.. 0.80
fomlimits, 4, 0.00 ..to.. 0.80
fomlimits, 5, 0.00 ..to.. 0.80
fomlimits, 6, 0.00 ..to.. 0.80
fomlimits, 7, 0.00 ..to.. 0.80
will use M= 350.000000 in bin_dgs
will use PZ file "dgs_pz.cal" in bin_dgs
will use ecal file "dgs_ehi.cal" in bin_dgs
will skip rest of chat file

chat file: <GEBSort.chat> closed
processed 39 sort instructions and 198 lines


sorting this:
Pars.do_bin_mode3 = 1
Pars.do_bin_mode2 = 1
Pars.do_bin_mode1 = 0
Pars.do_bin_dgs = 0
Pars.do_bin_dfma = 0
Pars.do_bin_gtcal = 0
Pars.do_bin_template = 0
Pars.do_bin_final = 0
Pars.do_bin_angcor = 0
Pars.do_bin_angdis = 0
checking proper input of chat file...
input file "/lcrc/project/HELIOS/gretinafma/merged_data/GEBMerged_run146.gtd_000" is open, inData=0x2626ea60
file size is 443056196 bytes or 432 MBs 
input source is set up, supposedly

xyz offset values:

executing ShareMemFileUserInit.h code

deleted \rm -f GEBSort.command
root file </lcrc/project/HELIOS/gretinafma/root_data/run146.root>
base=</lcrc/project/HELIOS/gretinafma/root_data/run146.root:/>
TFile: name=/lcrc/project/HELIOS/gretinafma/root_data/run146.root, title=, option=CREATE

executing UserInit.h code

Created Object "dtbtev", 0x272c4bd0
Created Object "T0", 0x272c4fe0
, "T0"Created Object "hitpat", 0x272c53d0
, "hitpat"Created Object "numHitArray2", 0x272c5e20
, "numHitArray2"Created Object "CCmult", 0x272c6950
, "CC Multiplicity"Created Object "CCsum", 0x27597a70
, "CCsum"Created Object "hit2", 0x275a7880
, "hit2"Created Object "hit3", 0x275b7690
, "hit3"Created Object "hit4", 0x275c74a0
, "hit4"Created Object "CCsum_nodop", 0x275d72b0
, "CCsum_nodop"Created Object "CCadd", 0x275e70c0
, "CCadd"Created Object "SEGadd_FPGA", 0x275f6ed0
Created Object "SEGadd_PSA", 0x275f72e0
Created Object "SEGsum_FPGA", 0x275f76f0
Created Object "SEGsum_PSA", 0x275f7b00
Created Object "radius_all", 0x275f7f10
, "radius (all points)"Created Object "rate_mode2_min", 0x27600320
, "rate_mode2_min headers"Created Object "rate_mode2_sec", 0x27603430
, "rate_mode2_sec headers"Created Object "rate_mode2_intp", 0x27606540
, "rate_mode2 interaction points"Created Object "cdtbtev", 0x27609780
Created Object "evsr_all", 0x276cf760
Created Object "SMAP_allhits", 0x276cfca0
Created Object "SMAP_allhits_sq", 0x277cf630
Created Object "seghitpat", 0x278cefc0
Created Object "CCe", 0x278d73c0
Created Object "ggCC", 0x278d7970
Created Object "z_plot", 0x278d7f20
Created Object "crystal_hit", 0x2798b5f0
Created Object "SegE", 0x2798bbc0
Created Object "crXcr", 0x2798c100
MAXDETPOS=180
Created Object "eCC_a", 0x27a79b60
Created Object "eCC_b", 0x27a79f70
Created Object "eCC_c", 0x27a7a3e0
Created Object "eCC_d", 0x27a7a990
Created Object "eSeg", 0x27a7aed0
Created Object "mode3_hitpat", 0x27a7b480
, "mode3_hitpat"Created Object "mode3_hitpat_chan", 0x27a7bdf0
, "mode3_hitpat_chan"Created Object "chan0", 0x27a7c520
, "chan0"Created Object "module", 0x27a90350
, "module"Created Object "chan", 0x27aa4180
Created Object "l", 0x27b19aa0
, "l"Created Object "r", 0x27b2d8d0
, "r"Created Object "up", 0x27b41690
, "up"Created Object "down", 0x27b55450
, "down"Created Object "sumlr", 0x27b69280
, "sumlr"Created Object "sumud", 0x27b7d0b0
, "sumud"Created Object "x", 0x27b90ee0
, "x"Created Object "y", 0x27ba4d10
, "y"Created Object "de1", 0x27bb8b40
, "de1"Created Object "de2", 0x27bcc900
, "de2"Created Object "de3", 0x27be06c0
, "de3"Created Object "de12", 0x27bf44f0
, "de12"Created Object "etot", 0x27c08320
, "etot"Created Object "rftof", 0x27c1c0e0
, "rftof"Created Object "lr", 0x27c2fea0
Created Object "ud", 0x27c303e0
Created Object "ede1", 0x27c30920
Created Object "ede1g", 0x27c30e60
Created Object "ede2", 0x27c31410
Created Object "ede12", 0x27c319c0
Created Object "xde1", 0x27c31f70
Created Object "erftof", 0x27c324b0
Created Object "erftofg", 0x27c329f0
Created Object "sumehi", 0x27c32fa0
, "sumehi"Created Object "tgppac", 0x27c46d60
, "tgppac"Created Object "tgppacg", 0x27c6e410
, "tgppacg"Created Object "xehi1", 0x27c95ac0
Created Object "xehi1g", 0x27c96000
Created Object "de1ehi", 0x27c965b0
Created Object "de1ehig", 0x27c96af0
Created Object "ng", 0x27c97030
, "ng"Created Object "ehiz1", 0x27caadf0
, "ehiz1"Created Object "ehiz2", 0x27cbebb0
, "ehiz2"Created Object "ehiz3", 0x27cd29e0
, "ehiz3"Created Object "ehiz4", 0x27ce6810
, "ehiz4"Created Object "ehiz5", 0x27cfa640
, "ehiz5"Created Object "gg_dt", 0x27d0e400
, "gg_dt"Created Object "gg", 0x27d12830
Created Object "gg_z1", 0x27d12de0
Created Object "gg_z2", 0x27d13390
Created Object "gg_z3", 0x27d13940
Created Object "gg_z4", 0x27d13ef0
Created Object "gg_z5", 0x27d14430
we have define the following ROOT spectra:
Collection name='THashList', class='THashList', size=84
 TH1.Print Name  = dtbtev, Entries= 0, Total sum= 0
 TH1.Print Name  = T0, Entries= 0, Total sum= 0
 TH1.Print Name  = hitpat, Entries= 0, Total sum= 0
 TH1.Print Name  = numHitArray2, Entries= 0, Total sum= 0
 TH1.Print Name  = CCmult, Entries= 0, Total sum= 0
 TH1.Print Name  = CCsum, Entries= 0, Total sum= 0
 TH1.Print Name  = hit2, Entries= 0, Total sum= 0
 TH1.Print Name  = hit3, Entries= 0, Total sum= 0
 TH1.Print Name  = hit4, Entries= 0, Total sum= 0
 TH1.Print Name  = CCsum_nodop, Entries= 0, Total sum= 0
 TH1.Print Name  = CCadd, Entries= 0, Total sum= 0
 TH1.Print Name  = SEGadd_FPGA, Entries= 0, Total sum= 0
 TH1.Print Name  = SEGadd_PSA, Entries= 0, Total sum= 0
 TH1.Print Name  = SEGsum_FPGA, Entries= 0, Total sum= 0
 TH1.Print Name  = SEGsum_PSA, Entries= 0, Total sum= 0
 TH1.Print Name  = radius_all, Entries= 0, Total sum= 0
 TH1.Print Name  = rate_mode2_min, Entries= 0, Total sum= 0
 TH1.Print Name  = rate_mode2_sec, Entries= 0, Total sum= 0
 TH1.Print Name  = rate_mode2_intp, Entries= 0, Total sum= 0
 TH1.Print Name  = cdtbtev, Entries= 0, Total sum= 0
 TH1.Print Name  = evsr_all, Entries= 0, Total sum= 0
 TH1.Print Name  = SMAP_allhits, Entries= 0, Total sum= 0
 TH1.Print Name  = SMAP_allhits_sq, Entries= 0, Total sum= 0
 TH1.Print Name  = seghitpat, Entries= 0, Total sum= 0
 TH1.Print Name  = CCe, Entries= 0, Total sum= 0
 TH1.Print Name  = ggCC, Entries= 0, Total sum= 0
 TH1.Print Name  = z_plot, Entries= 0, Total sum= 0
 TH1.Print Name  = crystal_hit, Entries= 0, Total sum= 0
 TH1.Print Name  = SegE, Entries= 0, Total sum= 0
 TH1.Print Name  = crXcr, Entries= 0, Total sum= 0
 ******************************************************************************
*Tree    :tree      : tree                                                   *
*Entries :        0 : Total =            8461 bytes  File  Size =          0 *
*        :          : Tree compression factor =   1.00                       *
******************************************************************************
*Br    0 :runNumber : runNumber/I                                            *
*Entries :        0 : Total  Size=        501 bytes  One basket in memory    *
*Baskets :        0 : Basket Size=      32000 bytes  Compression=   1.00     *
*............................................................................*
*Br    1 :numHits   : numHits/I                                              *
*Entries :        0 : Total  Size=        493 bytes  One basket in memory    *
*Baskets :        0 : Basket Size=      32000 bytes  Compression=   1.00     *
*............................................................................*
*Br    2 :left      : left[numHits]/F                                        *
*Entries :        0 : Total  Size=        580 bytes  One basket in memory    *
*Baskets :        0 : Basket Size=      32000 bytes  Compression=   1.00     *
*............................................................................*
*Br    3 :right     : right[numHits]/F                                       *
*Entries :        0 : Total  Size=        584 bytes  One basket in memory    *
*Baskets :        0 : Basket Size=      32000 bytes  Compression=   1.00     *
*............................................................................*
*Br    4 :up        : up[numHits]/F                                          *
*Entries :        0 : Total  Size=        572 bytes  One basket in memory    *
*Baskets :        0 : Basket Size=      32000 bytes  Compression=   1.00     *
*............................................................................*
*Br    5 :down      : down[numHits]/F                                        *
*Entries :        0 : Total  Size=        580 bytes  One basket in memory    *
*Baskets :        0 : Basket Size=      32000 bytes  Compression=   1.00     *
*............................................................................*
*Br    6 :e1        : e1[numHits]/F                                          *
*Entries :        0 : Total  Size=        572 bytes  One basket in memory    *
*Baskets :        0 : Basket Size=      32000 bytes  Compression=   1.00     *
*............................................................................*
*Br    7 :e2        : e2[numHits]/F                                          *
*Entries :        0 : Total  Size=        572 bytes  One basket in memory    *
*Baskets :        0 : Basket Size=      32000 bytes  Compression=   1.00     *
*............................................................................*
*Br    8 :e3        : e3[numHits]/F                                          *
*Entries :        0 : Total  Size=        572 bytes  One basket in memory    *
*Baskets :        0 : Basket Size=      32000 bytes  Compression=   1.00     *
*............................................................................*
*Br    9 :tac       : tac[numHits]/F                                         *
*Entries :        0 : Total  Size=        576 bytes  One basket in memory    *
*Baskets :        0 : Basket Size=      32000 bytes  Compression=   1.00     *
*............................................................................*
*Br   10 :fmaDeltaTime : fmaDeltaTime[numHits]/F                             *
*Entries :        0 : Total  Size=        612 bytes  One basket in memory    *
*Baskets :        0 : Basket Size=      32000 bytes  Compression=   1.00     *
*............................................................................*
*Br   11 :fmaMult   : fmaMult[10]/I                                          *
*Entries :        0 : Total  Size=        501 bytes  One basket in memory    *
*Baskets :        0 : Basket Size=      32000 bytes  Compression=   1.00     *
*............................................................................*
*Br   12 :gammaMult : gammaMult/I                                            *
*Entries :        0 : Total  Size=        501 bytes  One basket in memory    *
*Baskets :        0 : Basket Size=      32000 bytes  Compression=   1.00     *
*............................................................................*
*Br   13 :gammaEnergy : gammaEnergy[gammaMult]/F                             *
*Entries :        0 : Total  Size=        616 bytes  One basket in memory    *
*Baskets :        0 : Basket Size=      32000 bytes  Compression=   1.00     *
*............................................................................*
*Br   14 :gammaTimestamp : gammaTimestamp[gammaMult]/F                       *
*Entries :        0 : Total  Size=        628 bytes  One basket in memory    *
*Baskets :        0 : Basket Size=      32000 bytes  Compression=   1.00     *
*............................................................................*
*Br   15 :deltaTime : deltaTime[gammaMult]/F                                 *
*Entries :        0 : Total  Size=        608 bytes  One basket in memory    *
*Baskets :        0 : Basket Size=      32000 bytes  Compression=   1.00     *
*............................................................................*
 TH1.Print Name  = eCC_a, Entries= 0, Total sum= 0
 TH1.Print Name  = eCC_b, Entries= 0, Total sum= 0
 TH1.Print Name  = eCC_c, Entries= 0, Total sum= 0
 TH1.Print Name  = eCC_d, Entries= 0, Total sum= 0
 TH1.Print Name  = eSeg, Entries= 0, Total sum= 0
 TH1.Print Name  = mode3_hitpat, Entries= 0, Total sum= 0
 TH1.Print Name  = mode3_hitpat_chan, Entries= 0, Total sum= 0
 TH1.Print Name  = chan0, Entries= 0, Total sum= 0
 TH1.Print Name  = module, Entries= 0, Total sum= 0
 TH1.Print Name  = chan, Entries= 0, Total sum= 0
 TH1.Print Name  = l, Entries= 0, Total sum= 0
 TH1.Print Name  = r, Entries= 0, Total sum= 0
 TH1.Print Name  = up, Entries= 0, Total sum= 0
 TH1.Print Name  = down, Entries= 0, Total sum= 0
 TH1.Print Name  = sumlr, Entries= 0, Total sum= 0
 TH1.Print Name  = sumud, Entries= 0, Total sum= 0
 TH1.Print Name  = x, Entries= 0, Total sum= 0
 TH1.Print Name  = y, Entries= 0, Total sum= 0
 TH1.Print Name  = de1, Entries= 0, Total sum= 0
 TH1.Print Name  = de2, Entries= 0, Total sum= 0
 TH1.Print Name  = de3, Entries= 0, Total sum= 0
 TH1.Print Name  = de12, Entries= 0, Total sum= 0
 TH1.Print Name  = etot, Entries= 0, Total sum= 0
 TH1.Print Name  = rftof, Entries= 0, Total sum= 0
 TH1.Print Name  = lr, Entries= 0, Total sum= 0
 TH1.Print Name  = ud, Entries= 0, Total sum= 0
 TH1.Print Name  = ede1, Entries= 0, Total sum= 0
 TH1.Print Name  = ede1g, Entries= 0, Total sum= 0
 TH1.Print Name  = ede2, Entries= 0, Total sum= 0
 TH1.Print Name  = ede12, Entries= 0, Total sum= 0
 TH1.Print Name  = xde1, Entries= 0, Total sum= 0
 TH1.Print Name  = erftof, Entries= 0, Total sum= 0
 TH1.Print Name  = erftofg, Entries= 0, Total sum= 0
 TH1.Print Name  = sumehi, Entries= 0, Total sum= 0
 TH1.Print Name  = tgppac, Entries= 0, Total sum= 0
 TH1.Print Name  = tgppacg, Entries= 0, Total sum= 0
 TH1.Print Name  = xehi1, Entries= 0, Total sum= 0
 TH1.Print Name  = xehi1g, Entries= 0, Total sum= 0
 TH1.Print Name  = de1ehi, Entries= 0, Total sum= 0
 TH1.Print Name  = de1ehig, Entries= 0, Total sum= 0
 TH1.Print Name  = ng, Entries= 0, Total sum= 0
 TH1.Print Name  = ehiz1, Entries= 0, Total sum= 0
 TH1.Print Name  = ehiz2, Entries= 0, Total sum= 0
 TH1.Print Name  = ehiz3, Entries= 0, Total sum= 0
 TH1.Print Name  = ehiz4, Entries= 0, Total sum= 0
 TH1.Print Name  = ehiz5, Entries= 0, Total sum= 0
 TH1.Print Name  = gg_dt, Entries= 0, Total sum= 0
 TH1.Print Name  = gg, Entries= 0, Total sum= 0
 TH1.Print Name  = gg_z1, Entries= 0, Total sum= 0
 TH1.Print Name  = gg_z2, Entries= 0, Total sum= 0
 TH1.Print Name  = gg_z3, Entries= 0, Total sum= 0
 TH1.Print Name  = gg_z4, Entries= 0, Total sum= 0
 TH1.Print Name  = gg_z5, Entries= 0, Total sum= 0
GRETINA detector angles
mod  1, crystal 0 [  4]: ( 10.07   3.58  15.10) pol   35.30 ,  azi   13.35; pol   35.30 ,  azi   19.58; modCCdopfac[4] 1.0271
mod  1, crystal 1 [  5]: ( 10.11   9.19  12.47) pol   47.60 ,  azi   36.39; pol   47.60 ,  azi   42.30; modCCdopfac[5] 1.0222
mod  1, crystal 2 [  6]: (  5.44   7.69  15.92) pol   30.60 ,  azi   25.77; pol   30.60 ,  azi   54.72; modCCdopfac[6] 1.0287
mod  1, crystal 3 [  7]: (  4.99   1.78  17.72) pol   16.65 ,  azi    5.72; pol   16.65 ,  azi   19.58; modCCdopfac[7] 1.0321
mod  2, crystal 0 [  8]: ( -0.29  10.69  15.10) pol   35.30 ,  azi   35.29; pol   35.30 ,  azi   91.58; modCCdopfac[8] 1.0271
mod  2, crystal 1 [  9]: ( -5.62  12.45  12.47) pol   47.60 ,  azi   44.95; pol   47.60 ,  azi  114.30; modCCdopfac[9] 1.0222
mod  2, crystal 2 [ 10]: ( -5.63   7.55  15.92) pol   30.60 ,  azi   25.36; pol   30.60 ,  azi  126.72; modCCdopfac[10] 1.0287
mod  2, crystal 3 [ 11]: ( -0.15   5.30  17.72) pol   16.65 ,  azi   16.64; pol   16.65 ,  azi   91.58; modCCdopfac[11] 1.0321
mod  3, crystal 0 [ 12]: (-10.25   3.02  15.10) pol   35.30 ,  azi   11.32; pol   35.30 ,  azi  163.58; modCCdopfac[12] 1.0271
mod  3, crystal 1 [ 13]: (-13.58  -1.50  12.47) pol   47.60 ,  azi   -6.85; pol   47.60 ,  azi -173.70; modCCdopfac[13] 1.0222
mod  3, crystal 2 [ 14]: ( -8.92  -3.02  15.92) pol   30.60 ,  azi  -10.75; pol   30.60 ,  azi -161.28; modCCdopfac[14] 1.0287
mod  3, crystal 3 [ 15]: ( -5.08   1.50  17.72) pol   16.65 ,  azi    4.83; pol   16.65 ,  azi  163.58; modCCdopfac[15] 1.0321
mod  4, crystal 0 [ 16]: ( -6.04  -8.82  15.10) pol   35.30 ,  azi  -30.29; pol   35.30 ,  azi -124.42; modCCdopfac[16] 1.0271
mod  4, crystal 1 [ 17]: ( -2.77 -13.38  12.47) pol   47.60 ,  azi  -47.00; pol   47.60 ,  azi -101.70; modCCdopfac[17] 1.0222
mod  4, crystal 2 [ 18]: (  0.12  -9.42  15.92) pol   30.60 ,  azi  -30.60; pol   30.60 ,  azi  -89.28; modCCdopfac[18] 1.0287
mod  4, crystal 3 [ 19]: ( -3.00  -4.37  17.72) pol   16.65 ,  azi  -13.86; pol   16.65 ,  azi -124.42; modCCdopfac[19] 1.0321
mod  5, crystal 0 [ 20]: (  6.52  -8.47  15.10) pol   35.30 ,  azi  -29.30; pol   35.30 ,  azi  -52.42; modCCdopfac[20] 1.0271
mod  5, crystal 1 [ 21]: ( 11.87  -6.77  12.47) pol   47.60 ,  azi  -28.49; pol   47.60 ,  azi  -29.70; modCCdopfac[21] 1.0222
mod  5, crystal 2 [ 22]: (  8.99  -2.80  15.92) pol   30.60 ,  azi   -9.96; pol   30.60 ,  azi  -17.28; modCCdopfac[22] 1.0287
mod  5, crystal 3 [ 23]: (  3.23  -4.20  17.72) pol   16.65 ,  azi  -13.33; pol   16.65 ,  azi  -52.42; modCCdopfac[23] 1.0321
mod  6, crystal 0 [ 24]: (  4.54  16.51   7.02) pol   67.71 ,  azi   66.97; pol   67.71 ,  azi   74.63; modCCdopfac[24] 1.0121
mod  6, crystal 1 [ 25]: ( -0.33  15.15  10.61) pol   55.02 ,  azi   55.01; pol   55.02 ,  azi   91.23; modCCdopfac[25] 1.0187
mod  6, crystal 2 [ 26]: (  5.05  13.00  12.16) pol   48.92 ,  azi   46.92; pol   48.92 ,  azi   68.77; modCCdopfac[26] 1.0216
mod  6, crystal 3 [ 27]: (  9.66  13.57   8.06) pol   64.18 ,  azi   59.29; pol   64.18 ,  azi   54.55; modCCdopfac[27] 1.0140
mod  7, crystal 0 [ 28]: (-14.30   9.42   7.02) pol   67.71 ,  azi   53.31; pol   67.71 ,  azi  146.63; modCCdopfac[28] 1.0121
mod  7, crystal 1 [ 29]: (-14.51   4.37  10.61) pol   55.02 ,  azi   22.40; pol   55.02 ,  azi  163.23; modCCdopfac[29] 1.0187
mod  7, crystal 2 [ 30]: (-10.80   8.82  12.16) pol   48.92 ,  azi   35.96; pol   48.92 ,  azi  140.77; modCCdopfac[30] 1.0216
mod  7, crystal 3 [ 31]: ( -9.92  13.38   8.06) pol   64.18 ,  azi   58.94; pol   64.18 ,  azi  126.55; modCCdopfac[31] 1.0140
mod  8, crystal 0 [ 32]: (-13.37 -10.69   7.02) pol   67.71 ,  azi  -56.71; pol   67.71 ,  azi -141.37; modCCdopfac[32] 1.0121
mod  8, crystal 1 [ 33]: ( -8.64 -12.45  10.61) pol   55.02 ,  azi  -49.58; pol   55.02 ,  azi -124.77; modCCdopfac[33] 1.0187
mod  8, crystal 2 [ 34]: (-11.73  -7.55  12.16) pol   48.92 ,  azi  -31.84; pol   48.92 ,  azi -147.23; modCCdopfac[34] 1.0216
mod  8, crystal 3 [ 35]: (-15.79  -5.30   8.06) pol   64.18 ,  azi  -33.33; pol   64.18 ,  azi -161.45; modCCdopfac[35] 1.0140
mod  9, crystal 0 [ 36]: (  6.03 -16.02   7.02) pol   67.71 ,  azi  -66.35; pol   67.71 ,  azi  -69.37; modCCdopfac[36] 1.0121
mod  9, crystal 1 [ 37]: (  9.17 -12.07  10.61) pol   55.02 ,  azi  -48.69; pol   55.02 ,  azi  -52.77; modCCdopfac[37] 1.0187
mod  9, crystal 2 [ 38]: (  3.56 -13.48  12.16) pol   48.92 ,  azi  -47.96; pol   48.92 ,  azi  -75.23; modCCdopfac[38] 1.0216
mod  9, crystal 3 [ 39]: (  0.16 -16.65   8.06) pol   64.18 ,  azi  -64.18; pol   64.18 ,  azi  -89.45; modCCdopfac[39] 1.0140
mod 10, crystal 0 [ 40]: ( 17.10   0.79   7.02) pol   67.71 ,  azi    6.39; pol   67.71 ,  azi    2.63; modCCdopfac[40] 1.0121
mod 10, crystal 1 [ 41]: ( 14.31   4.99  10.61) pol   55.02 ,  azi   25.21; pol   55.02 ,  azi   19.23; modCCdopfac[41] 1.0187
mod 10, crystal 2 [ 42]: ( 13.92  -0.79  12.16) pol   48.92 ,  azi   -3.70; pol   48.92 ,  azi   -3.23; modCCdopfac[42] 1.0216
mod 10, crystal 3 [ 43]: ( 15.89  -4.99   8.06) pol   64.18 ,  azi  -31.79; pol   64.18 ,  azi  -17.45; modCCdopfac[43] 1.0140
mod 11, crystal 0 [ 44]: ( 18.26   2.80   0.92) pol   87.15 ,  azi   71.78; pol   87.15 ,  azi    8.71; modCCdopfac[44] 1.0011
mod 11, crystal 1 [ 45]: ( 17.30   4.20  -5.04) pol  105.79 ,  azi  140.16; pol  105.79 ,  azi   13.65; modCCdopfac[45] 0.9906
mod 11, crystal 2 [ 46]: ( 16.42   8.47  -0.92) pol   92.85 ,  azi   96.20; pol   92.85 ,  azi   27.29; modCCdopfac[46] 0.9978
mod 11, crystal 3 [ 47]: ( 16.46   6.77   5.04) pol   74.21 ,  azi   53.36; pol   74.21 ,  azi   22.35; modCCdopfac[47] 1.0085
mod 12, crystal 0 [ 48]: ( 12.46  13.48  -2.26) pol   97.01 ,  azi   99.50; pol   97.01 ,  azi   47.25; modCCdopfac[48] 0.9954
mod 12, crystal 1 [ 49]: (  7.28  16.65  -3.46) pol  100.78 ,  azi  101.74; pol  100.78 ,  azi   66.39; modCCdopfac[49] 0.9933
mod 12, crystal 2 [ 50]: (  8.97  16.02   2.26) pol   82.99 ,  azi   81.98; pol   82.99 ,  azi   60.75; modCCdopfac[50] 1.0035
mod 12, crystal 3 [ 51]: ( 13.59  12.07   3.46) pol   79.22 ,  azi   74.00; pol   79.22 ,  azi   41.61; modCCdopfac[51] 1.0057
mod 13, crystal 0 [ 52]: (  2.98  18.23   0.92) pol   87.15 ,  azi   87.11; pol   87.15 ,  azi   80.71; modCCdopfac[52] 1.0011
mod 13, crystal 1 [ 53]: (  1.35  17.75  -5.04) pol  105.79 ,  azi  105.84; pol  105.79 ,  azi   85.65; modCCdopfac[53] 0.9906
mod 13, crystal 2 [ 54]: ( -2.98  18.23  -0.92) pol   92.85 ,  azi   92.89; pol   92.85 ,  azi   99.29; modCCdopfac[54] 0.9978
mod 13, crystal 3 [ 55]: ( -1.35  17.75   5.04) pol   74.21 ,  azi   74.16; pol   74.21 ,  azi   94.35; modCCdopfac[55] 1.0085
mod 14, crystal 0 [ 56]: ( -8.97  16.02  -2.26) pol   97.01 ,  azi   98.02; pol   97.01 ,  azi  119.25; modCCdopfac[56] 0.9954
mod 14, crystal 1 [ 57]: (-13.59  12.07  -3.46) pol  100.78 ,  azi  106.00; pol  100.78 ,  azi  138.39; modCCdopfac[57] 0.9933
mod 14, crystal 2 [ 58]: (-12.46  13.48   2.26) pol   82.99 ,  azi   80.50; pol   82.99 ,  azi  132.75; modCCdopfac[58] 1.0035
mod 14, crystal 3 [ 59]: ( -7.28  16.65   3.46) pol   79.22 ,  azi   78.26; pol   79.22 ,  azi  113.61; modCCdopfac[59] 1.0057
mod 15, crystal 0 [ 60]: (-16.42   8.47   0.92) pol   87.15 ,  azi   83.80; pol   87.15 ,  azi  152.71; modCCdopfac[60] 1.0011
mod 15, crystal 1 [ 61]: (-16.46   6.77  -5.04) pol  105.79 ,  azi  126.64; pol  105.79 ,  azi  157.65; modCCdopfac[61] 0.9906
mod 15, crystal 2 [ 62]: (-18.26   2.80  -0.92) pol   92.85 ,  azi  108.22; pol   92.85 ,  azi  171.29; modCCdopfac[62] 0.9978
mod 15, crystal 3 [ 63]: (-17.30   4.20   5.04) pol   74.21 ,  azi   39.84; pol   74.21 ,  azi  166.35; modCCdopfac[63] 1.0085
mod 16, crystal 0 [ 64]: (-18.01  -3.58  -2.26) pol   97.01 ,  azi -122.21; pol   97.01 ,  azi -168.75; modCCdopfac[64] 0.9954
mod 16, crystal 1 [ 65]: (-15.68  -9.19  -3.46) pol  100.78 ,  azi -110.62; pol  100.78 ,  azi -149.61; modCCdopfac[65] 0.9933
mod 16, crystal 2 [ 66]: (-16.68  -7.69   2.26) pol   82.99 ,  azi  -73.64; pol   82.99 ,  azi -155.25; modCCdopfac[66] 1.0035
mod 16, crystal 3 [ 67]: (-18.09  -1.78   3.46) pol   79.22 ,  azi  -27.18; pol   79.22 ,  azi -174.39; modCCdopfac[67] 1.0057
mod 17, crystal 0 [ 68]: (-13.13 -13.00   0.92) pol   87.15 ,  azi  -85.95; pol   87.15 ,  azi -135.29; modCCdopfac[68] 1.0011
mod 17, crystal 1 [ 69]: (-11.53 -13.57  -5.04) pol  105.79 ,  azi -110.36; pol  105.79 ,  azi -130.35; modCCdopfac[69] 0.9906
mod 17, crystal 2 [ 70]: ( -8.30 -16.51  -0.92) pol   92.85 ,  azi  -93.19; pol   92.85 ,  azi -116.71; modCCdopfac[70] 0.9978
mod 17, crystal 3 [ 71]: ( -9.34 -15.15   5.04) pol   74.21 ,  azi  -71.62; pol   74.21 ,  azi -121.65; modCCdopfac[71] 1.0085
mod 18, crystal 0 [ 72]: ( -2.16 -18.23  -2.26) pol   97.01 ,  azi  -97.05; pol   97.01 ,  azi  -96.75; modCCdopfac[72] 0.9954
mod 18, crystal 1 [ 73]: (  3.90 -17.75  -3.46) pol  100.78 ,  azi -101.03; pol  100.78 ,  azi  -77.61; modCCdopfac[73] 0.9933
mod 18, crystal 2 [ 74]: (  2.16 -18.23   2.26) pol   82.99 ,  azi  -82.95; pol   82.99 ,  azi  -83.25; modCCdopfac[74] 1.0035
mod 18, crystal 3 [ 75]: ( -3.90 -17.75   3.46) pol   79.22 ,  azi  -78.97; pol   79.22 ,  azi -102.39; modCCdopfac[75] 1.0057
mod 19, crystal 0 [ 76]: (  8.30 -16.51   0.92) pol   87.15 ,  azi  -86.81; pol   87.15 ,  azi  -63.29; modCCdopfac[76] 1.0011
mod 19, crystal 1 [ 77]: (  9.34 -15.15  -5.04) pol  105.79 ,  azi -108.38; pol  105.79 ,  azi  -58.35; modCCdopfac[77] 0.9906
mod 19, crystal 2 [ 78]: ( 13.13 -13.00  -0.92) pol   92.85 ,  azi  -94.05; pol   92.85 ,  azi  -44.71; modCCdopfac[78] 0.9978
mod 19, crystal 3 [ 79]: ( 11.53 -13.57   5.04) pol   74.21 ,  azi  -69.64; pol   74.21 ,  azi  -49.65; modCCdopfac[79] 1.0085
mod 20, crystal 0 [ 80]: ( 16.68  -7.69  -2.26) pol   97.01 ,  azi -106.36; pol   97.01 ,  azi  -24.75; modCCdopfac[80] 0.9954
mod 20, crystal 1 [ 81]: ( 18.09  -1.78  -3.46) pol  100.78 ,  azi -152.82; pol  100.78 ,  azi   -5.61; modCCdopfac[81] 0.9933
mod 20, crystal 2 [ 82]: ( 18.01  -3.58   2.26) pol   82.99 ,  azi  -57.79; pol   82.99 ,  azi  -11.25; modCCdopfac[82] 1.0035
mod 20, crystal 3 [ 83]: ( 15.68  -9.19   3.46) pol   79.22 ,  azi  -69.38; pol   79.22 ,  azi  -30.39; modCCdopfac[83] 1.0057
mod 21, crystal 0 [ 84]: ( 14.30   9.42  -7.02) pol  112.29 ,  azi  126.69; pol  112.29 ,  azi   33.37; modCCdopfac[84] 0.9871
mod 21, crystal 1 [ 85]: ( 14.51   4.37 -10.61) pol  124.98 ,  azi  157.60; pol  124.98 ,  azi   16.77; modCCdopfac[85] 0.9809
mod 21, crystal 2 [ 86]: ( 10.80   8.82 -12.16) pol  131.08 ,  azi  144.04; pol  131.08 ,  azi   39.23; modCCdopfac[86] 0.9782
mod 21, crystal 3 [ 87]: (  9.92  13.38  -8.06) pol  115.82 ,  azi  121.06; pol  115.82 ,  azi   53.45; modCCdopfac[87] 0.9853
mod 22, crystal 0 [ 88]: ( -4.54  16.51  -7.02) pol  112.29 ,  azi  113.03; pol  112.29 ,  azi  105.37; modCCdopfac[88] 0.9871
mod 22, crystal 1 [ 89]: (  0.33  15.15 -10.61) pol  124.98 ,  azi  124.99; pol  124.98 ,  azi   88.77; modCCdopfac[89] 0.9809
mod 22, crystal 2 [ 90]: ( -5.05  13.00 -12.16) pol  131.08 ,  azi  133.08; pol  131.08 ,  azi  111.23; modCCdopfac[90] 0.9782
mod 22, crystal 3 [ 91]: ( -9.66  13.57  -8.06) pol  115.82 ,  azi  120.71; pol  115.82 ,  azi  125.45; modCCdopfac[91] 0.9853
mod 23, crystal 0 [ 92]: (-17.10   0.79  -7.02) pol  112.29 ,  azi  173.61; pol  112.29 ,  azi  177.37; modCCdopfac[92] 0.9871
mod 23, crystal 1 [ 93]: (-14.31   4.99 -10.61) pol  124.98 ,  azi  154.79; pol  124.98 ,  azi  160.77; modCCdopfac[93] 0.9809
mod 23, crystal 2 [ 94]: (-13.92  -0.79 -12.16) pol  131.08 ,  azi -176.30; pol  131.08 ,  azi -176.77; modCCdopfac[94] 0.9782
mod 23, crystal 3 [ 95]: (-15.89  -4.99  -8.06) pol  115.82 ,  azi -148.21; pol  115.82 ,  azi -162.55; modCCdopfac[95] 0.9853
mod 24, crystal 0 [ 96]: ( -6.03 -16.02  -7.02) pol  112.29 ,  azi -113.65; pol  112.29 ,  azi -110.63; modCCdopfac[96] 0.9871
mod 24, crystal 1 [ 97]: ( -9.17 -12.07 -10.61) pol  124.98 ,  azi -131.31; pol  124.98 ,  azi -127.23; modCCdopfac[97] 0.9809
mod 24, crystal 2 [ 98]: ( -3.56 -13.48 -12.16) pol  131.08 ,  azi -132.04; pol  131.08 ,  azi -104.77; modCCdopfac[98] 0.9782
mod 24, crystal 3 [ 99]: ( -0.16 -16.65  -8.06) pol  115.82 ,  azi -115.82; pol  115.82 ,  azi  -90.55; modCCdopfac[99] 0.9853
mod 25, crystal 0 [100]: ( 13.37 -10.69  -7.02) pol  112.29 ,  azi -123.29; pol  112.29 ,  azi  -38.63; modCCdopfac[100] 0.9871
mod 25, crystal 1 [101]: (  8.64 -12.45 -10.61) pol  124.98 ,  azi -130.42; pol  124.98 ,  azi  -55.23; modCCdopfac[101] 0.9809
mod 25, crystal 2 [102]: ( 11.73  -7.55 -12.16) pol  131.08 ,  azi -148.16; pol  131.08 ,  azi  -32.77; modCCdopfac[102] 0.9782
mod 25, crystal 3 [103]: ( 15.79  -5.30  -8.06) pol  115.82 ,  azi -146.67; pol  115.82 ,  azi  -18.55; modCCdopfac[103] 0.9853
mod 26, crystal 0 [104]: (  0.29  10.69 -15.10) pol  144.70 ,  azi  144.71; pol  144.70 ,  azi   88.42; modCCdopfac[104] 0.9732
mod 26, crystal 1 [105]: (  5.62  12.45 -12.47) pol  132.40 ,  azi  135.05; pol  132.40 ,  azi   65.70; modCCdopfac[105] 0.9777
mod 26, crystal 2 [106]: (  5.63   7.55 -15.92) pol  149.40 ,  azi  154.64; pol  149.40 ,  azi   53.28; modCCdopfac[106] 0.9718
mod 26, crystal 3 [107]: (  0.15   5.30 -17.72) pol  163.35 ,  azi  163.36; pol  163.35 ,  azi   88.42; modCCdopfac[107] 0.9688
mod 27, crystal 0 [108]: (-10.07   3.58 -15.10) pol  144.70 ,  azi  166.65; pol  144.70 ,  azi  160.42; modCCdopfac[108] 0.9732
mod 27, crystal 1 [109]: (-10.11   9.19 -12.47) pol  132.40 ,  azi  143.61; pol  132.40 ,  azi  137.70; modCCdopfac[109] 0.9777
mod 27, crystal 2 [110]: ( -5.44   7.69 -15.92) pol  149.40 ,  azi  154.23; pol  149.40 ,  azi  125.28; modCCdopfac[110] 0.9718
mod 27, crystal 3 [111]: ( -4.99   1.78 -17.72) pol  163.35 ,  azi  174.28; pol  163.35 ,  azi  160.42; modCCdopfac[111] 0.9688
mod 28, crystal 0 [112]: ( -6.52  -8.47 -15.10) pol  144.70 ,  azi -150.70; pol  144.70 ,  azi -127.58; modCCdopfac[112] 0.9732
mod 28, crystal 1 [113]: (-11.87  -6.77 -12.47) pol  132.40 ,  azi -151.51; pol  132.40 ,  azi -150.30; modCCdopfac[113] 0.9777
mod 28, crystal 2 [114]: ( -8.99  -2.80 -15.92) pol  149.40 ,  azi -170.04; pol  149.40 ,  azi -162.72; modCCdopfac[114] 0.9718
mod 28, crystal 3 [115]: ( -3.23  -4.20 -17.72) pol  163.35 ,  azi -166.67; pol  163.35 ,  azi -127.58; modCCdopfac[115] 0.9688
mod 29, crystal 0 [116]: (  6.04  -8.82 -15.10) pol  144.70 ,  azi -149.71; pol  144.70 ,  azi  -55.58; modCCdopfac[116] 0.9732
mod 29, crystal 1 [117]: (  2.77 -13.38 -12.47) pol  132.40 ,  azi -133.00; pol  132.40 ,  azi  -78.30; modCCdopfac[117] 0.9777
mod 29, crystal 2 [118]: ( -0.12  -9.42 -15.92) pol  149.40 ,  azi -149.40; pol  149.40 ,  azi  -90.72; modCCdopfac[118] 0.9718
mod 29, crystal 3 [119]: (  3.00  -4.37 -17.72) pol  163.35 ,  azi -166.14; pol  163.35 ,  azi  -55.58; modCCdopfac[119] 0.9688
mod 30, crystal 0 [120]: ( 10.25   3.02 -15.10) pol  144.70 ,  azi  168.68; pol  144.70 ,  azi   16.42; modCCdopfac[120] 0.9732
mod 30, crystal 1 [121]: ( 13.58  -1.50 -12.47) pol  132.40 ,  azi -173.15; pol  132.40 ,  azi   -6.30; modCCdopfac[121] 0.9777
mod 30, crystal 2 [122]: (  8.92  -3.02 -15.92) pol  149.40 ,  azi -169.25; pol  149.40 ,  azi  -18.72; modCCdopfac[122] 0.9718
mod 30, crystal 3 [123]: (  5.08   1.50 -17.72) pol  163.35 ,  azi  175.17; pol  163.35 ,  azi   16.42; modCCdopfac[123] 0.9688
setup signal catcher
started sorting... from disk...

Pars.maxTS=4611686018427387904
got initial header, TS=2590127138361 ID: 1 length: 464
read initial payload of siz=464 into event position 1
__ptgd[0]->type= 0; ptgd[0]->length=   0; ptgd[0]->timestamp=0
initial ii=1, nn=1
ev#     0 GEB_TYPE_DECOMP        464Bytes TS=2590127197545 curTS=2590127138361 dTS= 59184
t0=2590127138361
first event: GEB_event.mult=1
   0/ 0: ( 1,GEB_TYPE_DECOMP      ) TS=       2590127138361; dT=0
maxTS=11230127138361
that is 86400.0 seconds or 24h0m0s minutes of sorting
GEBGetEv returned st=0
we have read 960 bytes; CurEvNo=1

+++++++++++++++++++++++++++++++
*start event # 1 with multiplicity 1 looks like this:
 0>  1, GEB_TYPE_DECOMP      , TS=2590127138361
entered bin_mode2: 1/10
ptinp->pad= 6, (ptinp->pad&0x000000ff)= 6
updated CCadd with    0.00
total number of hits in array: 0
exit bin_mode2
entered bin_mode3 @ event number: 1 
exit bin_mode3
*end of event # 1
+++++++++++++++++++++++++++++++
ev#     1 GEB_TYPE_DECOMP        464Bytes TS=2590127197755 curTS=2590127197545 dTS= 210
GEBGetEv returned st=0
we have read 1440 bytes; CurEvNo=2

+++++++++++++++++++++++++++++++
*start event # 2 with multiplicity 1 looks like this:
 0>  1, GEB_TYPE_DECOMP      , TS=2590127197545
entered bin_mode2: 2/10
ptinp->pad= 6, (ptinp->pad&0x000000ff)= 6
updated CCadd with    0.00
total number of hits in array: 0
exit bin_mode2
entered bin_mode3 @ event number: 2 
exit bin_mode3
*end of event # 2
+++++++++++++++++++++++++++++++
ev#     2 GEB_TYPE_DECOMP        464Bytes TS=2590127253623 curTS=2590127197755 dTS= 55868
GEBGetEv returned st=0
we have read 1920 bytes; CurEvNo=3

+++++++++++++++++++++++++++++++
*start event # 3 with multiplicity 1 looks like this:
 0>  1, GEB_TYPE_DECOMP      , TS=2590127197755
entered bin_mode2: 3/10
ptinp->pad= 6, (ptinp->pad&0x000000ff)= 6
updated CCadd with    0.00
total number of hits in array: 0
exit bin_mode2
entered bin_mode3 @ event number: 3 
exit bin_mode3
*end of event # 3
+++++++++++++++++++++++++++++++
ev#     3 GEB_TYPE_DECOMP        464Bytes TS=2590127328703 curTS=2590127253623 dTS= 75080
GEBGetEv returned st=0
we have read 2400 bytes; CurEvNo=4

+++++++++++++++++++++++++++++++
*start event # 4 with multiplicity 1 looks like this:
 0>  1, GEB_TYPE_DECOMP      , TS=2590127253623
entered bin_mode2: 4/10
ptinp->pad= 6, (ptinp->pad&0x000000ff)= 6
updated CCadd with    0.00
total number of hits in array: 0
exit bin_mode2
entered bin_mode3 @ event number: 4 
exit bin_mode3
*end of event # 4
+++++++++++++++++++++++++++++++
ev#     4 GEB_TYPE_DECOMP        464Bytes TS=2590127328759 curTS=2590127328703 dTS= 56
ev#     4 GEB_TYPE_DECOMP        464Bytes TS=2590127329447 curTS=2590127328703 dTS= 744
GEBGetEv returned st=0
we have read 3360 bytes; CurEvNo=5

+++++++++++++++++++++++++++++++
*start event # 5 with multiplicity 2 looks like this:
 0>  1, GEB_TYPE_DECOMP      , TS=2590127328703
 1>  1, GEB_TYPE_DECOMP      , TS=2590127328759
entered bin_mode2: 5/10
ptinp->pad= 6, (ptinp->pad&0x000000ff)= 6
ptinp->pad= 6, (ptinp->pad&0x000000ff)= 6
updated CCadd with    0.00
total number of hits in array: 0
exit bin_mode2
entered bin_mode3 @ event number: 5 
exit bin_mode3
*end of event # 5
+++++++++++++++++++++++++++++++
ev#     5 GEB_TYPE_GT_MOD29      440Bytes TS=2590127389181 curTS=2590127329447 dTS= 59734
GEBGetEv returned st=0
we have read 3816 bytes; CurEvNo=6

+++++++++++++++++++++++++++++++
*start event # 6 with multiplicity 1 looks like this:
 0>  1, GEB_TYPE_DECOMP      , TS=2590127329447
entered bin_mode2: 6/10
ptinp->pad= 6, (ptinp->pad&0x000000ff)= 6
updated CCadd with    0.00
total number of hits in array: 0
exit bin_mode2
entered bin_mode3 @ event number: 6 
exit bin_mode3
*end of event # 6
+++++++++++++++++++++++++++++++
ev#     6 GEB_TYPE_DECOMP        464Bytes TS=2590127389249 curTS=2590127389181 dTS= 68
ev#     6 GEB_TYPE_DECOMP        464Bytes TS=2590127411813 curTS=2590127389181 dTS= 22632
GEBGetEv returned st=0
we have read 4776 bytes; CurEvNo=7

+++++++++++++++++++++++++++++++
*start event # 7 with multiplicity 2 looks like this:
 0>  8, GEB_TYPE_GT_MOD29    , TS=2590127389181
 1>  1, GEB_TYPE_DECOMP      , TS=2590127389249
entered bin_mode2: 7/10
ptinp->pad= 6, (ptinp->pad&0x000000ff)= 6
updated CCadd with    0.00
total number of hits in array: 0
exit bin_mode2
entered bin_mode3 @ event number: 7 

bin_mode3:  0>  8, GEB_TYPE_GT_MOD29    , TS=2590127389181, 0x25b0f9f79fd; payload length: 440 bytes

---------
new GTheader at pos=0 or 0 words (8):
Event.hdr[ 0]=0x1f30,   7984
Event.hdr[ 1]=0x300a,  12298
Event.hdr[ 2]=0x79fd,  31229
Event.hdr[ 3]=0x0f9f,   3999
Event.hdr[ 4]=0x025b,    603
Event.hdr[ 5]=0xcb0e,  51982
Event.hdr[ 6]=0x4e0b,  19979
Event.hdr[ 7]=0x0000,      0
Event.hdr[ 8]=0xcff7,  53239
Event.hdr[ 9]=0xca9f,  51871
Event.hdr[10]=0xa60b,  42507
Event.hdr[11]=0x13f1,   5105
Event.hdr[12]=0x033c,    828
Event.hdr[13]=0x0029,     41
Event.len=  44, Event.traceLen=  12 (in Bytes)
Event.len=  22, Event.traceLen=   6 (in 16 bit words)
Event.len=  11, Event.traceLen=   3 (in 32 bit words)
next start: 0xaaaaaaaa, pos= 44
0x1f30 module_id = 31 crystal_id = 0 digitizer_id = 3 chan_id = 0 ge_id = 124 channel = 30  -> is segment
open superpulse_007_00_01.xy at Event.chan_id = 0
open CCpulse_007_00_01.xy at Event.chan_id = 0
ncrystal=1
wrote trace to CCpulse_007_00_01.xy
two's comp tempE  ::     772878     772878 0x000bcb0e |0000|0000|0000|1011|1100|1011|0000|1110|
rawE              ::     772878     772878 0x000bcb0e |0000|0000|0000|1011|1100|1011|0000|1110|
rawE (sign change)::     772878     772878 0x000bcb0e |0000|0000|0000|1011|1100|1011|0000|1110|
Event.ehi=           24152 0x00005e58
Event.ehi=2415 (gain changed)
Event.LEDts =        2590127389181
Event.CFDts =      265347128623116

---------
new GTheader at pos=44 or 22 words (30):
Event.hdr[ 0]=0x1f31,   7985
Event.hdr[ 1]=0x300a,  12298
Event.hdr[ 2]=0x79fd,  31229
Event.hdr[ 3]=0x0f9f,   3999
Event.hdr[ 4]=0x025b,    603
Event.hdr[ 5]=0x8963,  35171
Event.hdr[ 6]=0x4e07,  19975
Event.hdr[ 7]=0x0000,      0
Event.hdr[ 8]=0xcff7,  53239
Event.hdr[ 9]=0x8661,  34401
Event.hdr[10]=0xb007,  45063
Event.hdr[11]=0x1108,   4360
Event.hdr[12]=0x3670,  13936
Event.hdr[13]=0x0025,     37
Event.len=  44, Event.traceLen=  12 (in Bytes)
Event.len=  22, Event.traceLen=   6 (in 16 bit words)
Event.len=  11, Event.traceLen=   3 (in 32 bit words)
next start: 0xaaaaaaaa, pos= 88
0x1f31 module_id = 31 crystal_id = 0 digitizer_id = 3 chan_id = 1 ge_id = 124 channel = 31  -> is segment
ncrystal=1
wrote trace to CCpulse_007_00_01.xy
two's comp tempE  ::     493923     493923 0x00078963 |0000|0000|0000|0111|1000|1001|0110|0011|
rawE              ::     493923     493923 0x00078963 |0000|0000|0000|0111|1000|1001|0110|0011|
rawE (sign change)::     493923     493923 0x00078963 |0000|0000|0000|0111|1000|1001|0110|0011|
Event.ehi=           15435 0x00003c4b
Event.ehi=1543 (gain changed)
Event.LEDts =        2590127389181
Event.CFDts =      272146165465100

---------
new GTheader at pos=88 or 44 words (52):
Event.hdr[ 0]=0x1f32,   7986
Event.hdr[ 1]=0x300a,  12298
Event.hdr[ 2]=0x79fd,  31229
Event.hdr[ 3]=0x0f9f,   3999
Event.hdr[ 4]=0x025b,    603
Event.hdr[ 5]=0x1d70,   7536
Event.hdr[ 6]=0x0e00,   3584
Event.hdr[ 7]=0x0000,      0
Event.hdr[ 8]=0xcff7,  53239
Event.hdr[ 9]=0xd92b,  55595
Event.hdr[10]=0x83ff,  33791
Event.hdr[11]=0xfff4,  65524
Event.hdr[12]=0xb473,  46195
Event.hdr[13]=0x0001,      1
Event.len=  44, Event.traceLen=  12 (in Bytes)
Event.len=  22, Event.traceLen=   6 (in 16 bit words)
Event.len=  11, Event.traceLen=   3 (in 32 bit words)
next start: 0xaaaaaaaa, pos= 132
0x1f32 module_id = 31 crystal_id = 0 digitizer_id = 3 chan_id = 2 ge_id = 124 channel = 32  -> is segment
ncrystal=1
wrote trace to CCpulse_007_00_01.xy
two's comp tempE  ::       7536       7536 0x00001d70 |0000|0000|0000|0000|0001|1101|0111|0000|
rawE              ::       7536       7536 0x00001d70 |0000|0000|0000|0000|0001|1101|0111|0000|
rawE (sign change)::       7536       7536 0x00001d70 |0000|0000|0000|0000|0001|1101|0111|0000|
Event.ehi=             235 0x000000eb
Event.ehi=23 (gain changed)
Event.LEDts =        2590127389181
Event.CFDts =      281432025858060

---------
new GTheader at pos=132 or 66 words (74):
Event.hdr[ 0]=0x1f33,   7987
Event.hdr[ 1]=0x300a,  12298
Event.hdr[ 2]=0x79fd,  31229
Event.hdr[ 3]=0x0f9f,   3999
Event.hdr[ 4]=0x025b,    603
Event.hdr[ 5]=0xcebe,  52926
Event.hdr[ 6]=0x4e0b,  19979
Event.hdr[ 7]=0x0000,      0
Event.hdr[ 8]=0xcff7,  53239
Event.hdr[ 9]=0xce7b,  52859
Event.hdr[10]=0xbc0b,  48139
Event.hdr[11]=0x1a0c,   6668
Event.hdr[12]=0x2c68,  11368
Event.hdr[13]=0x0033,     51
Event.len=  44, Event.traceLen=  12 (in Bytes)
Event.len=  22, Event.traceLen=   6 (in 16 bit words)
Event.len=  11, Event.traceLen=   3 (in 32 bit words)
next start: 0xaaaaaaaa, pos= 176
0x1f33 module_id = 31 crystal_id = 0 digitizer_id = 3 chan_id = 3 ge_id = 124 channel = 33  -> is segment
ncrystal=1
wrote trace to CCpulse_007_00_01.xy
two's comp tempE  ::     773822     773822 0x000bcebe |0000|0000|0000|1011|1100|1110|1011|1110|
rawE              ::     773822     773822 0x000bcebe |0000|0000|0000|1011|1100|1110|1011|1110|
rawE (sign change)::     773822     773822 0x000bcebe |0000|0000|0000|1011|1100|1110|1011|1110|
Event.ehi=           24181 0x00005e75
Event.ehi=2418 (gain changed)
Event.LEDts =        2590127389181
Event.CFDts =      265338538098700

---------
new GTheader at pos=176 or 88 words (96):
Event.hdr[ 0]=0x1f34,   7988
Event.hdr[ 1]=0x300a,  12298
Event.hdr[ 2]=0x79fd,  31229
Event.hdr[ 3]=0x0f9f,   3999
Event.hdr[ 4]=0x025b,    603
Event.hdr[ 5]=0x0020,     32
Event.hdr[ 6]=0x0e00,   3584
Event.hdr[ 7]=0x0000,      0
Event.hdr[ 8]=0xcff7,  53239
Event.hdr[ 9]=0xffc2,  65474
Event.hdr[10]=0xedff,  60927
Event.hdr[11]=0xffff,  65535
Event.hdr[12]=0x0133,    307
Event.hdr[13]=0x0000,      0
Event.len=  44, Event.traceLen=  12 (in Bytes)
Event.len=  22, Event.traceLen=   6 (in 16 bit words)
Event.len=  11, Event.traceLen=   3 (in 32 bit words)
next start: 0xaaaaaaaa, pos= 220
0x1f34 module_id = 31 crystal_id = 0 digitizer_id = 3 chan_id = 4 ge_id = 124 channel = 34  -> is segment
ncrystal=1
wrote trace to CCpulse_007_00_01.xy
two's comp tempE  ::         32         32 0x00000020 |0000|0000|0000|0000|0000|0000|0010|0000|
rawE              ::         32         32 0x00000020 |0000|0000|0000|0000|0000|0000|0010|0000|
rawE (sign change)::         32         32 0x00000020 |0000|0000|0000|0000|0000|0000|0010|0000|
Event.ehi=               1 0x00000001
Event.ehi=0 (gain changed)
Event.LEDts =        2590127389181
Event.CFDts =         261996937228

---------
new GTheader at pos=220 or 110 words (118):
Event.hdr[ 0]=0x1f35,   7989
Event.hdr[ 1]=0x300a,  12298
Event.hdr[ 2]=0x79fd,  31229
Event.hdr[ 3]=0x0f9f,   3999
Event.hdr[ 4]=0x025b,    603
Event.hdr[ 5]=0x1fd4,   8148
Event.hdr[ 6]=0x4e0b,  19979
Event.hdr[ 7]=0x0000,      0
Event.hdr[ 8]=0xcff7,  53239
Event.hdr[ 9]=0x1e8c,   7820
Event.hdr[10]=0x8c0b,  35851
Event.hdr[11]=0x12ea,   4842
Event.hdr[12]=0x6df0,  28144
Event.hdr[13]=0x0023,     35
Event.len=  44, Event.traceLen=  12 (in Bytes)
Event.len=  22, Event.traceLen=   6 (in 16 bit words)
Event.len=  11, Event.traceLen=   3 (in 32 bit words)
next start: 0xaaaaaaaa, pos= 264
0x1f35 module_id = 31 crystal_id = 0 digitizer_id = 3 chan_id = 5 ge_id = 124 channel = 35  -> is segment
ncrystal=1
wrote trace to CCpulse_007_00_01.xy
two's comp tempE  ::     729044     729044 0x000b1fd4 |0000|0000|0000|1011|0001|1111|1101|0100|
rawE              ::     729044     729044 0x000b1fd4 |0000|0000|0000|1011|0001|1111|1101|0100|
rawE (sign change)::     729044     729044 0x000b1fd4 |0000|0000|0000|1011|0001|1111|1101|0100|
Event.ehi=           22782 0x000058fe
Event.ehi=2278 (gain changed)
Event.LEDts =        2590127389181
Event.CFDts =      266111644401676

---------
new GTheader at pos=264 or 132 words (140):
Event.hdr[ 0]=0x1f36,   7990
Event.hdr[ 1]=0x300a,  12298
Event.hdr[ 2]=0x79fd,  31229
Event.hdr[ 3]=0x0f9f,   3999
Event.hdr[ 4]=0x025b,    603
Event.hdr[ 5]=0x16fe,   5886
Event.hdr[ 6]=0x0e00,   3584
Event.hdr[ 7]=0x0000,      0
Event.hdr[ 8]=0xcff7,  53239
Event.hdr[ 9]=0xe9ef,  59887
Event.hdr[10]=0x2fff,  12287
Event.hdr[11]=0x0001,      1
Event.hdr[12]=0x8664,  34404
Event.hdr[13]=0x000d,     13
Event.len=  44, Event.traceLen=  12 (in Bytes)
Event.len=  22, Event.traceLen=   6 (in 16 bit words)
Event.len=  11, Event.traceLen=   3 (in 32 bit words)
next start: 0xaaaaaaaa, pos= 308
0x1f36 module_id = 31 crystal_id = 0 digitizer_id = 3 chan_id = 6 ge_id = 124 channel = 36  -> is segment
ncrystal=1
wrote trace to CCpulse_007_00_01.xy
two's comp tempE  ::       5886       5886 0x000016fe |0000|0000|0000|0000|0001|0110|1111|1110|
rawE              ::       5886       5886 0x000016fe |0000|0000|0000|0000|0001|0110|1111|1110|
rawE (sign change)::       5886       5886 0x000016fe |0000|0000|0000|0000|0001|0110|1111|1110|
Event.ehi=             183 0x000000b7
Event.ehi=18 (gain changed)
Event.LEDts =        2590127389181
Event.CFDts =      281376190824460

---------
new GTheader at pos=308 or 154 words (162):
Event.hdr[ 0]=0x1f37,   7991
Event.hdr[ 1]=0x300a,  12298
Event.hdr[ 2]=0x79fd,  31229
Event.hdr[ 3]=0x0f9f,   3999
Event.hdr[ 4]=0x025b,    603
Event.hdr[ 5]=0x02fe,    766
Event.hdr[ 6]=0x0e00,   3584
Event.hdr[ 7]=0x0000,      0
Event.hdr[ 8]=0xcff7,  53239
Event.hdr[ 9]=0xe89d,  59549
Event.hdr[10]=0xedff,  60927
Event.hdr[11]=0xffb7,  65463
Event.hdr[12]=0x7553,  30035
Event.hdr[13]=0x0005,      5
Event.len=  44, Event.traceLen=  12 (in Bytes)
Event.len=  22, Event.traceLen=   6 (in 16 bit words)
Event.len=  11, Event.traceLen=   3 (in 32 bit words)
next start: 0xaaaaaaaa, pos= 352
0x1f37 module_id = 31 crystal_id = 0 digitizer_id = 3 chan_id = 7 ge_id = 124 channel = 37  -> is segment
ncrystal=1
wrote trace to CCpulse_007_00_01.xy
two's comp tempE  ::        766        766 0x000002fe |0000|0000|0000|0000|0000|0010|1111|1110|
rawE              ::        766        766 0x000002fe |0000|0000|0000|0000|0000|0010|1111|1110|
rawE (sign change)::        766        766 0x000002fe |0000|0000|0000|0000|0000|0010|1111|1110|
Event.ehi=              23 0x00000017
Event.ehi=2 (gain changed)
Event.LEDts =        2590127389181
Event.CFDts =          30065295372

---------
new GTheader at pos=352 or 176 words (184):
Event.hdr[ 0]=0x1f38,   7992
Event.hdr[ 1]=0x300a,  12298
Event.hdr[ 2]=0x79fd,  31229
Event.hdr[ 3]=0x0f9f,   3999
Event.hdr[ 4]=0x025b,    603
Event.hdr[ 5]=0x8a37,  35383
Event.hdr[ 6]=0x1ff9,   8185
Event.hdr[ 7]=0x0000,      0
Event.hdr[ 8]=0xcff7,  53239
Event.hdr[ 9]=0xc85e,  51294
Event.hdr[10]=0x13fc,   5116
Event.hdr[11]=0xf958,  63832
Event.hdr[12]=0x21eb,   8683
Event.hdr[13]=0x07f3,   2035
Event.len=  44, Event.traceLen=  12 (in Bytes)
Event.len=  22, Event.traceLen=   6 (in 16 bit words)
Event.len=  11, Event.traceLen=   3 (in 32 bit words)
next start: 0xaaaaaaaa, pos= 396
0x1f38 module_id = 31 crystal_id = 0 digitizer_id = 3 chan_id = 8 ge_id = 124 channel = 38  -> is segment
ncrystal=1
wrote trace to CCpulse_007_00_01.xy
two's comp tempE  ::   16353847   16353847 0x00f98a37 |0000|0000|1111|1001|1000|1010|0011|0111|
rawE              :: 4294543927    -423369 0xfff98a37 |1111|1111|1111|1001|1000|1010|0011|0111|
rawE (sign change)::     423369     423369 0x000675c9 |0000|0000|0000|0110|0111|0101|1100|1001|
Event.ehi=           13230 0x000033ae
Event.ehi=1323 (gain changed)
Event.LEDts =        2590127389181
Event.CFDts =         455276101644

---------
new GTheader at pos=396 or 198 words (206):
Event.hdr[ 0]=0x1f39,   7993
Event.hdr[ 1]=0x300a,  12298
Event.hdr[ 2]=0x79fd,  31229
Event.hdr[ 3]=0x0f9f,   3999
Event.hdr[ 4]=0x025b,    603
Event.hdr[ 5]=0xac90,  44176
Event.hdr[ 6]=0x4e0e,  19982
Event.hdr[ 7]=0x0000,      0
Event.hdr[ 8]=0xcff7,  53239
Event.hdr[ 9]=0xaaba,  43706
Event.hdr[10]=0x460e,  17934
Event.hdr[11]=0x1f28,   7976
Event.hdr[12]=0xd620,  54816
Event.hdr[13]=0x07ff,   2047
Event.len=  44, Event.traceLen=  12 (in Bytes)
Event.len=  22, Event.traceLen=   6 (in 16 bit words)
Event.len=  11, Event.traceLen=   3 (in 32 bit words)
0x1f39 module_id = 31 crystal_id = 0 digitizer_id = 3 chan_id = 9 ge_id = 124 channel = 39  -> is CC
ncrystal=1
wrote trace to CCpulse_007_00_01.xy
two's comp tempE  ::     961680     961680 0x000eac90 |0000|0000|0000|1110|1010|1100|1001|0000|
rawE              ::     961680     961680 0x000eac90 |0000|0000|0000|1110|1010|1100|1001|0000|
rawE (sign change)::     961680     961680 0x000eac90 |0000|0000|0000|1110|1010|1100|1001|0000|
Event.ehi=           30052 0x00007564
Event.ehi=3005 (gain changed)
Event.LEDts =        2590127389181
Event.CFDts =       19855936520204
exit bin_mode3
*end of event # 7
+++++++++++++++++++++++++++++++
ev#     7 GEB_TYPE_GT_MOD29      440Bytes TS=2590127412357 curTS=2590127411813 dTS= 544
GEBGetEv returned st=0
we have read 5232 bytes; CurEvNo=8

+++++++++++++++++++++++++++++++
*start event # 8 with multiplicity 1 looks like this:
 0>  1, GEB_TYPE_DECOMP      , TS=2590127411813
entered bin_mode2: 8/10
ptinp->pad= 6, (ptinp->pad&0x000000ff)= 6
updated CCadd with    0.00
total number of hits in array: 0
exit bin_mode2
entered bin_mode3 @ event number: 8 
exit bin_mode3
*end of event # 8
+++++++++++++++++++++++++++++++
ev#     8 GEB_TYPE_GT_MOD29      440Bytes TS=2590127433201 curTS=2590127412357 dTS= 20844
GEBGetEv returned st=0
we have read 5688 bytes; CurEvNo=9

+++++++++++++++++++++++++++++++
*start event # 9 with multiplicity 1 looks like this:
 0>  8, GEB_TYPE_GT_MOD29    , TS=2590127412357
entered bin_mode2: 9/10
updated CCadd with    0.00
total number of hits in array: 0
exit bin_mode2
entered bin_mode3 @ event number: 9 

bin_mode3:  0>  8, GEB_TYPE_GT_MOD29    , TS=2590127412357, 0x25b0f9fd485; payload length: 440 bytes

---------
new GTheader at pos=0 or 0 words (8):
Event.hdr[ 0]=0x1f30,   7984
Event.hdr[ 1]=0x300a,  12298
Event.hdr[ 2]=0xd485,  54405
Event.hdr[ 3]=0x0f9f,   3999
Event.hdr[ 4]=0x025b,    603
Event.hdr[ 5]=0x907d,  36989
Event.hdr[ 6]=0x4e0b,  19979
Event.hdr[ 7]=0x5a87,  23175
Event.hdr[ 8]=0x0000,      0
Event.hdr[ 9]=0x9033,  36915
Event.hdr[10]=0x3e0b,  15883
Event.hdr[11]=0x1795,   6037
Event.hdr[12]=0xe34c,  58188
Event.hdr[13]=0x0027,     39
Event.len=  44, Event.traceLen=  12 (in Bytes)
Event.len=  22, Event.traceLen=   6 (in 16 bit words)
Event.len=  11, Event.traceLen=   3 (in 32 bit words)
next start: 0xaaaaaaaa, pos= 44
0x1f30 module_id = 31 crystal_id = 0 digitizer_id = 3 chan_id = 0 ge_id = 124 channel = 30  -> is segment
open superpulse_009_00_01.xy at Event.chan_id = 0
open CCpulse_009_00_01.xy at Event.chan_id = 0
ncrystal=1
wrote trace to CCpulse_009_00_01.xy
two's comp tempE  ::     757885     757885 0x000b907d |0000|0000|0000|1011|1001|0000|0111|1101|
rawE              ::     757885     757885 0x000b907d |0000|0000|0000|1011|1001|0000|0111|1101|
rawE (sign change)::     757885     757885 0x000b907d |0000|0000|0000|1011|1001|0000|0111|1101|
Event.ehi=           23683 0x00005c83
Event.ehi=2368 (gain changed)
Event.LEDts =        2590127412357
Event.CFDts =      265720796545036

---------
new GTheader at pos=44 or 22 words (30):
Event.hdr[ 0]=0x1f31,   7985
Event.hdr[ 1]=0x300a,  12298
Event.hdr[ 2]=0xd485,  54405
Event.hdr[ 3]=0x0f9f,   3999
Event.hdr[ 4]=0x025b,    603
Event.hdr[ 5]=0x0339,    825
Event.hdr[ 6]=0x0e00,   3584
Event.hdr[ 7]=0x5a87,  23175
Event.hdr[ 8]=0x0000,      0
Event.hdr[ 9]=0xe66f,  58991
Event.hdr[10]=0xc3ff,  50175
Event.hdr[11]=0x0f0c,   3852
Event.hdr[12]=0x1160,   4448
Event.hdr[13]=0x0022,     34
Event.len=  44, Event.traceLen=  12 (in Bytes)
Event.len=  22, Event.traceLen=   6 (in 16 bit words)
Event.len=  11, Event.traceLen=   3 (in 32 bit words)
next start: 0xaaaaaaaa, pos= 88
0x1f31 module_id = 31 crystal_id = 0 digitizer_id = 3 chan_id = 1 ge_id = 124 channel = 31  -> is segment
ncrystal=1
wrote trace to CCpulse_009_00_01.xy
two's comp tempE  ::        825        825 0x00000339 |0000|0000|0000|0000|0000|0011|0011|1001|
rawE              ::        825        825 0x00000339 |0000|0000|0000|0000|0000|0011|0011|1001|
rawE (sign change)::        825        825 0x00000339 |0000|0000|0000|0000|0000|0011|0011|1001|
Event.ehi=              25 0x00000019
Event.ehi=2 (gain changed)
Event.LEDts =        2590127412357
Event.CFDts =      281341830889484

---------
new GTheader at pos=88 or 44 words (52):
Event.hdr[ 0]=0x1f32,   7986
Event.hdr[ 1]=0x300a,  12298
Event.hdr[ 2]=0xd485,  54405
Event.hdr[ 3]=0x0f9f,   3999
Event.hdr[ 4]=0x025b,    603
Event.hdr[ 5]=0x222c,   8748
Event.hdr[ 6]=0x0e00,   3584
Event.hdr[ 7]=0x5a87,  23175
Event.hdr[ 8]=0x0000,      0
Event.hdr[ 9]=0xe4ba,  58554
Event.hdr[10]=0x57ff,  22527
Event.hdr[11]=0xffb2,  65458
Event.hdr[12]=0xe907,  59655
Event.hdr[13]=0x07ff,   2047
Event.len=  44, Event.traceLen=  12 (in Bytes)
Event.len=  22, Event.traceLen=   6 (in 16 bit words)
Event.len=  11, Event.traceLen=   3 (in 32 bit words)
next start: 0xaaaaaaaa, pos= 132
0x1f32 module_id = 31 crystal_id = 0 digitizer_id = 3 chan_id = 2 ge_id = 124 channel = 32  -> is segment
ncrystal=1
wrote trace to CCpulse_009_00_01.xy
two's comp tempE  ::       8748       8748 0x0000222c |0000|0000|0000|0000|0010|0010|0010|1100|
rawE              ::       8748       8748 0x0000222c |0000|0000|0000|0000|0010|0010|0010|1100|
rawE (sign change)::       8748       8748 0x0000222c |0000|0000|0000|0000|0010|0010|0010|1100|
Event.ehi=             273 0x00000111
Event.ehi=27 (gain changed)
Event.LEDts =        2590127412357
Event.CFDts =          17180262412

---------
new GTheader at pos=132 or 66 words (74):
Event.hdr[ 0]=0x1f33,   7987
Event.hdr[ 1]=0x300a,  12298
Event.hdr[ 2]=0xd485,  54405
Event.hdr[ 3]=0x0f9f,   3999
Event.hdr[ 4]=0x025b,    603
Event.hdr[ 5]=0xbd70,  48496
Event.hdr[ 6]=0x4e0b,  19979
Event.hdr[ 7]=0x5a87,  23175
Event.hdr[ 8]=0x0000,      0
Event.hdr[ 9]=0xbce3,  48355
Event.hdr[10]=0xf60b,  62987
Event.hdr[11]=0x179c,   6044
Event.hdr[12]=0x1978,   6520
Event.hdr[13]=0x0034,     52
Event.len=  44, Event.traceLen=  12 (in Bytes)
Event.len=  22, Event.traceLen=   6 (in 16 bit words)
Event.len=  11, Event.traceLen=   3 (in 32 bit words)
next start: 0xaaaaaaaa, pos= 176
0x1f33 module_id = 31 crystal_id = 0 digitizer_id = 3 chan_id = 3 ge_id = 124 channel = 33  -> is segment
ncrystal=1
wrote trace to CCpulse_009_00_01.xy
two's comp tempE  ::     769392     769392 0x000bbd70 |0000|0000|0000|1011|1011|1101|0111|0000|
rawE              ::     769392     769392 0x000bbd70 |0000|0000|0000|1011|1011|1101|0111|0000|
rawE (sign change)::     769392     769392 0x000bbd70 |0000|0000|0000|1011|1011|1101|0111|0000|
Event.ehi=           24043 0x00005deb
Event.ehi=2404 (gain changed)
Event.LEDts =        2590127412357
Event.CFDts =      265471684444172

---------
new GTheader at pos=176 or 88 words (96):
Event.hdr[ 0]=0x1f34,   7988
Event.hdr[ 1]=0x300a,  12298
Event.hdr[ 2]=0xd485,  54405
Event.hdr[ 3]=0x0f9f,   3999
Event.hdr[ 4]=0x025b,    603
Event.hdr[ 5]=0x0048,     72
Event.hdr[ 6]=0x0e00,   3584
Event.hdr[ 7]=0x5a87,  23175
Event.hdr[ 8]=0x0000,      0
Event.hdr[ 9]=0xfff8,  65528
Event.hdr[10]=0x85ff,  34303
Event.hdr[11]=0xffff,  65535
Event.hdr[12]=0xffdb,  65499
Event.hdr[13]=0x07ff,   2047
Event.len=  44, Event.traceLen=  12 (in Bytes)
Event.len=  22, Event.traceLen=   6 (in 16 bit words)
Event.len=  11, Event.traceLen=   3 (in 32 bit words)
next start: 0xaaaaaaaa, pos= 220
0x1f34 module_id = 31 crystal_id = 0 digitizer_id = 3 chan_id = 4 ge_id = 124 channel = 34  -> is segment
ncrystal=1
wrote trace to CCpulse_009_00_01.xy
two's comp tempE  ::         72         72 0x00000048 |0000|0000|0000|0000|0000|0000|0100|1000|
rawE              ::         72         72 0x00000048 |0000|0000|0000|0000|0000|0000|0100|1000|
rawE (sign change)::         72         72 0x00000048 |0000|0000|0000|0000|0000|0000|0100|1000|
Event.ehi=               2 0x00000002
Event.ehi=0 (gain changed)
Event.LEDts =        2590127412357
Event.CFDts =         249112297484

---------
new GTheader at pos=220 or 110 words (118):
Event.hdr[ 0]=0x1f35,   7989
Event.hdr[ 1]=0x300a,  12298
Event.hdr[ 2]=0xd485,  54405
Event.hdr[ 3]=0x0f9f,   3999
Event.hdr[ 4]=0x025b,    603
Event.hdr[ 5]=0x0000,      0
Event.hdr[ 6]=0x0e00,   3584
Event.hdr[ 7]=0x5a87,  23175
Event.hdr[ 8]=0x0000,      0
Event.hdr[ 9]=0xf766,  63334
Event.hdr[10]=0x19ff,   6655
Event.hdr[11]=0x163d,   5693
Event.hdr[12]=0xd518,  54552
Event.hdr[13]=0x0025,     37
Event.len=  44, Event.traceLen=  12 (in Bytes)
Event.len=  22, Event.traceLen=   6 (in 16 bit words)
Event.len=  11, Event.traceLen=   3 (in 32 bit words)
next start: 0xaaaaaaaa, pos= 264
0x1f35 module_id = 31 crystal_id = 0 digitizer_id = 3 chan_id = 5 ge_id = 124 channel = 35  -> is segment
ncrystal=1
wrote trace to CCpulse_009_00_01.xy
two's comp tempE  ::          0          0 0x00000000 |0000|0000|0000|0000|0000|0000|0000|0000|
rawE              ::          0          0 0x00000000 |0000|0000|0000|0000|0000|0000|0000|0000|
rawE (sign change)::          0          0 0x00000000 |0000|0000|0000|0000|0000|0000|0000|0000|
Event.ehi=               0 0x00000000
Event.ehi=0 (gain changed)
Event.LEDts =        2590127412357
Event.CFDts =      281316060561420

---------
new GTheader at pos=264 or 132 words (140):
Event.hdr[ 0]=0x1f36,   7990
Event.hdr[ 1]=0x300a,  12298
Event.hdr[ 2]=0xd485,  54405
Event.hdr[ 3]=0x0f9f,   3999
Event.hdr[ 4]=0x025b,    603
Event.hdr[ 5]=0x0e35,   3637
Event.hdr[ 6]=0x0e00,   3584
Event.hdr[ 7]=0x5a87,  23175
Event.hdr[ 8]=0x0000,      0
Event.hdr[ 9]=0xd6c5,  54981
Event.hdr[10]=0xdfff,  57343
Event.hdr[11]=0xffd3,  65491
Event.hdr[12]=0x025f,    607
Event.hdr[13]=0x0000,      0
Event.len=  44, Event.traceLen=  12 (in Bytes)
Event.len=  22, Event.traceLen=   6 (in 16 bit words)
Event.len=  11, Event.traceLen=   3 (in 32 bit words)
next start: 0xaaaaaaaa, pos= 308
0x1f36 module_id = 31 crystal_id = 0 digitizer_id = 3 chan_id = 6 ge_id = 124 channel = 36  -> is segment
ncrystal=1
wrote trace to CCpulse_009_00_01.xy
two's comp tempE  ::       3637       3637 0x00000e35 |0000|0000|0000|0000|0000|1110|0011|0101|
rawE              ::       3637       3637 0x00000e35 |0000|0000|0000|0000|0000|1110|0011|0101|
rawE (sign change)::       3637       3637 0x00000e35 |0000|0000|0000|0000|0000|1110|0011|0101|
Event.ehi=             113 0x00000071
Event.ehi=11 (gain changed)
Event.LEDts =        2590127412357
Event.CFDts =      281389075857420

---------
new GTheader at pos=308 or 154 words (162):
Event.hdr[ 0]=0x1f37,   7991
Event.hdr[ 1]=0x300a,  12298
Event.hdr[ 2]=0xd485,  54405
Event.hdr[ 3]=0x0f9f,   3999
Event.hdr[ 4]=0x025b,    603
Event.hdr[ 5]=0x0bb9,   3001
Event.hdr[ 6]=0x0e00,   3584
Event.hdr[ 7]=0x5a87,  23175
Event.hdr[ 8]=0x0000,      0
Event.hdr[ 9]=0xff8c,  65420
Event.hdr[10]=0x3bff,  15359
Event.hdr[11]=0xffd1,  65489
Event.hdr[12]=0x6fdb,  28635
Event.hdr[13]=0x07ff,   2047
Event.len=  44, Event.traceLen=  12 (in Bytes)
Event.len=  22, Event.traceLen=   6 (in 16 bit words)
Event.len=  11, Event.traceLen=   3 (in 32 bit words)
next start: 0xaaaaaaaa, pos= 352
0x1f37 module_id = 31 crystal_id = 0 digitizer_id = 3 chan_id = 7 ge_id = 124 channel = 37  -> is segment
ncrystal=1
wrote trace to CCpulse_009_00_01.xy
two's comp tempE  ::       3001       3001 0x00000bb9 |0000|0000|0000|0000|0000|1011|1011|1001|
rawE              ::       3001       3001 0x00000bb9 |0000|0000|0000|0000|0000|1011|1011|1001|
rawE (sign change)::       3001       3001 0x00000bb9 |0000|0000|0000|0000|0000|1011|1011|1001|
Event.ehi=              93 0x0000005d
Event.ehi=9 (gain changed)
Event.LEDts =        2590127412357
Event.CFDts =           8590131212

---------
new GTheader at pos=352 or 176 words (184):
Event.hdr[ 0]=0x1f38,   7992
Event.hdr[ 1]=0x300a,  12298
Event.hdr[ 2]=0xd485,  54405
Event.hdr[ 3]=0x0f9f,   3999
Event.hdr[ 4]=0x025b,    603
Event.hdr[ 5]=0x8e06,  36358
Event.hdr[ 6]=0x1ff9,   8185
Event.hdr[ 7]=0x5a87,  23175
Event.hdr[ 8]=0x0000,      0
Event.hdr[ 9]=0xb3ef,  46063
Event.hdr[10]=0xbdfc,  48636
Event.hdr[11]=0xf990,  63888
Event.hdr[12]=0xb027,  45095
Event.hdr[13]=0x07f2,   2034
Event.len=  44, Event.traceLen=  12 (in Bytes)
Event.len=  22, Event.traceLen=   6 (in 16 bit words)
Event.len=  11, Event.traceLen=   3 (in 32 bit words)
next start: 0xaaaaaaaa, pos= 396
0x1f38 module_id = 31 crystal_id = 0 digitizer_id = 3 chan_id = 8 ge_id = 124 channel = 38  -> is segment
ncrystal=1
wrote trace to CCpulse_009_00_01.xy
two's comp tempE  ::   16354822   16354822 0x00f98e06 |0000|0000|1111|1001|1000|1110|0000|0110|
rawE              :: 4294544902    -422394 0xfff98e06 |1111|1111|1111|1001|1000|1110|0000|0110|
rawE (sign change)::     422394     422394 0x000671fa |0000|0000|0000|0110|0111|0001|1111|1010|
Event.ehi=           13199 0x0000338f
Event.ehi=1319 (gain changed)
Event.LEDts =        2590127412357
Event.CFDts =         541177348108

---------
new GTheader at pos=396 or 198 words (206):
Event.hdr[ 0]=0x1f39,   7993
Event.hdr[ 1]=0x300a,  12298
Event.hdr[ 2]=0xd485,  54405
Event.hdr[ 3]=0x0f9f,   3999
Event.hdr[ 4]=0x025b,    603
Event.hdr[ 5]=0xf9a0,  63904
Event.hdr[ 6]=0x4e0d,  19981
Event.hdr[ 7]=0x5a87,  23175
Event.hdr[ 8]=0x0000,      0
Event.hdr[ 9]=0xf877,  63607
Event.hdr[10]=0x740d,  29709
Event.hdr[11]=0x1d55,   7509
Event.hdr[12]=0x508c,  20620
Event.hdr[13]=0x003e,     62
Event.len=  44, Event.traceLen=  12 (in Bytes)
Event.len=  22, Event.traceLen=   6 (in 16 bit words)
Event.len=  11, Event.traceLen=   3 (in 32 bit words)
0x1f39 module_id = 31 crystal_id = 0 digitizer_id = 3 chan_id = 9 ge_id = 124 channel = 39  -> is CC
ncrystal=1
wrote trace to CCpulse_009_00_01.xy
two's comp tempE  ::     915872     915872 0x000df9a0 |0000|0000|0000|1101|1111|1001|1010|0000|
rawE              ::     915872     915872 0x000df9a0 |0000|0000|0000|1101|1111|1001|1010|0000|
rawE (sign change)::     915872     915872 0x000df9a0 |0000|0000|0000|1101|1111|1001|1010|0000|
Event.ehi=           28621 0x00006fcd
Event.ehi=2862 (gain changed)
Event.LEDts =        2590127412357
Event.CFDts =       18872374067212
exit bin_mode3
*end of event # 9
+++++++++++++++++++++++++++++++
ev#     9 GEB_TYPE_DECOMP        464Bytes TS=2590127458749 curTS=2590127433201 dTS= 25548
GEBGetEv returned st=0
we have read 6168 bytes; CurEvNo=10

+++++++++++++++++++++++++++++++
*start event # 10 with multiplicity 1 looks like this:
 0>  8, GEB_TYPE_GT_MOD29    , TS=2590127433201
entered bin_mode2: 10/10
updated CCadd with    0.00
total number of hits in array: 0
exit bin_mode2
entered bin_mode3 @ event number: 10 

bin_mode3:  0>  8, GEB_TYPE_GT_MOD29    , TS=2590127433201, 0x25b0fa025f1; payload length: 440 bytes

---------
new GTheader at pos=0 or 0 words (8):
Event.hdr[ 0]=0x1f31,   7985
Event.hdr[ 1]=0x300a,  12298
Event.hdr[ 2]=0x25f1,   9713
Event.hdr[ 3]=0x0fa0,   4000
Event.hdr[ 4]=0x025b,    603
Event.hdr[ 5]=0xe31b,  58139
Event.hdr[ 6]=0x4e08,  19976
Event.hdr[ 7]=0x516b,  20843
Event.hdr[ 8]=0x5a87,  23175
Event.hdr[ 9]=0xdf4d,  57165
Event.hdr[10]=0xde08,  56840
Event.hdr[11]=0xffcc,  65484
Event.hdr[12]=0x1987,   6535
Event.hdr[13]=0x001e,     30
Event.len=  44, Event.traceLen=  12 (in Bytes)
Event.len=  22, Event.traceLen=   6 (in 16 bit words)
Event.len=  11, Event.traceLen=   3 (in 32 bit words)
next start: 0xaaaaaaaa, pos= 44
0x1f31 module_id = 31 crystal_id = 0 digitizer_id = 3 chan_id = 1 ge_id = 124 channel = 31  -> is segment
open superpulse_010_00_01.xy at Event.chan_id = 1
open CCpulse_010_00_01.xy at Event.chan_id = 1
ncrystal=1
wrote trace to CCpulse_010_00_01.xy
two's comp tempE  ::     582427     582427 0x0008e31b |0000|0000|0000|1000|1110|0011|0001|1011|
rawE              ::     582427     582427 0x0008e31b |0000|0000|0000|1000|1110|0011|0001|1011|
rawE (sign change)::     582427     582427 0x0008e31b |0000|0000|0000|1000|1110|0011|0001|1011|
Event.ehi=           18200 0x00004718
Event.ehi=1820 (gain changed)
Event.LEDts =        2590127433201
Event.CFDts =      270539823513612

---------
new GTheader at pos=44 or 22 words (30):
Event.hdr[ 0]=0x1f32,   7986
Event.hdr[ 1]=0x300a,  12298
Event.hdr[ 2]=0x25f1,   9713
Event.hdr[ 3]=0x0fa0,   4000
Event.hdr[ 4]=0x025b,    603
Event.hdr[ 5]=0xabde,  43998
Event.hdr[ 6]=0x0e01,   3585
Event.hdr[ 7]=0x516b,  20843
Event.hdr[ 8]=0x5a87,  23175
Event.hdr[ 9]=0xad8b,  44427
Event.hdr[10]=0x7400,  29696
Event.hdr[11]=0xffc9,  65481
Event.hdr[12]=0x64af,  25775
Event.hdr[13]=0x07ff,   2047
Event.len=  44, Event.traceLen=  12 (in Bytes)
Event.len=  22, Event.traceLen=   6 (in 16 bit words)
Event.len=  11, Event.traceLen=   3 (in 32 bit words)
next start: 0xaaaaaaaa, pos= 88
0x1f32 module_id = 31 crystal_id = 0 digitizer_id = 3 chan_id = 2 ge_id = 124 channel = 32  -> is segment
ncrystal=1
wrote trace to CCpulse_010_00_01.xy
two's comp tempE  ::     109534     109534 0x0001abde |0000|0000|0000|0001|1010|1011|1101|1110|
rawE              ::     109534     109534 0x0001abde |0000|0000|0000|0001|1010|1011|1101|1110|
rawE (sign change)::     109534     109534 0x0001abde |0000|0000|0000|0001|1010|1011|1101|1110|
Event.ehi=            3422 0x00000d5e
Event.ehi=342 (gain changed)
Event.LEDts =        2590127433201
Event.CFDts =         103080919052

---------
new GTheader at pos=88 or 44 words (52):
Event.hdr[ 0]=0x1f33,   7987
Event.hdr[ 1]=0x300a,  12298
Event.hdr[ 2]=0x25f1,   9713
Event.hdr[ 3]=0x0fa0,   4000
Event.hdr[ 4]=0x025b,    603
Event.hdr[ 5]=0x13b0,   5040
Event.hdr[ 6]=0x4e0b,  19979
Event.hdr[ 7]=0x516b,  20843
Event.hdr[ 8]=0x5a87,  23175
Event.hdr[ 9]=0x1324,   4900
Event.hdr[10]=0xc60b,  50699
Event.hdr[11]=0x1779,   6009
Event.hdr[12]=0x39ec,  14828
Event.hdr[13]=0x002f,     47
Event.len=  44, Event.traceLen=  12 (in Bytes)
Event.len=  22, Event.traceLen=   6 (in 16 bit words)
Event.len=  11, Event.traceLen=   3 (in 32 bit words)
next start: 0xaaaaaaaa, pos= 132
0x1f33 module_id = 31 crystal_id = 0 digitizer_id = 3 chan_id = 3 ge_id = 124 channel = 33  -> is segment
ncrystal=1
wrote trace to CCpulse_010_00_01.xy
two's comp tempE  ::     725936     725936 0x000b13b0 |0000|0000|0000|1011|0001|0011|1011|0000|
rawE              ::     725936     725936 0x000b13b0 |0000|0000|0000|1011|0001|0011|1011|0000|
rawE (sign change)::     725936     725936 0x000b13b0 |0000|0000|0000|1011|0001|0011|1011|0000|
Event.ehi=           22685 0x0000589d
Event.ehi=2268 (gain changed)
Event.LEDts =        2590127433201
Event.CFDts =      266352166043660

---------
new GTheader at pos=132 or 66 words (74):
Event.hdr[ 0]=0x1f34,   7988
Event.hdr[ 1]=0x300a,  12298
Event.hdr[ 2]=0x25f1,   9713
Event.hdr[ 3]=0x0fa0,   4000
Event.hdr[ 4]=0x025b,    603
Event.hdr[ 5]=0x0032,     50
Event.hdr[ 6]=0x0e00,   3584
Event.hdr[ 7]=0x516b,  20843
Event.hdr[ 8]=0x5a87,  23175
Event.hdr[ 9]=0xffc6,  65478
Event.hdr[10]=0xf1ff,  61951
Event.hdr[11]=0xffff,  65535
Event.hdr[12]=0xff0b,  65291
Event.hdr[13]=0x07ff,   2047
Event.len=  44, Event.traceLen=  12 (in Bytes)
Event.len=  22, Event.traceLen=   6 (in 16 bit words)
Event.len=  11, Event.traceLen=   3 (in 32 bit words)
next start: 0xaaaaaaaa, pos= 176
0x1f34 module_id = 31 crystal_id = 0 digitizer_id = 3 chan_id = 4 ge_id = 124 channel = 34  -> is segment
ncrystal=1
wrote trace to CCpulse_010_00_01.xy
two's comp tempE  ::         50         50 0x00000032 |0000|0000|0000|0000|0000|0000|0011|0010|
rawE              ::         50         50 0x00000032 |0000|0000|0000|0000|0000|0000|0011|0010|
rawE (sign change)::         50         50 0x00000032 |0000|0000|0000|0000|0000|0000|0011|0010|
Event.ehi=               1 0x00000001
Event.ehi=0 (gain changed)
Event.LEDts =        2590127433201
Event.CFDts =         253407002636

---------
new GTheader at pos=176 or 88 words (96):
Event.hdr[ 0]=0x1f35,   7989
Event.hdr[ 1]=0x300a,  12298
Event.hdr[ 2]=0x25f1,   9713
Event.hdr[ 3]=0x0fa0,   4000
Event.hdr[ 4]=0x025b,    603
Event.hdr[ 5]=0x37d9,  14297
Event.hdr[ 6]=0x4e09,  19977
Event.hdr[ 7]=0x516b,  20843
Event.hdr[ 8]=0x5a87,  23175
Event.hdr[ 9]=0x3624,  13860
Event.hdr[10]=0xcc09,  52233
Event.hdr[11]=0xffee,  65518
Event.hdr[12]=0x7a33,  31283
Event.hdr[13]=0x002c,     44
Event.len=  44, Event.traceLen=  12 (in Bytes)
Event.len=  22, Event.traceLen=   6 (in 16 bit words)
Event.len=  11, Event.traceLen=   3 (in 32 bit words)
next start: 0xaaaaaaaa, pos= 220
0x1f35 module_id = 31 crystal_id = 0 digitizer_id = 3 chan_id = 5 ge_id = 124 channel = 35  -> is segment
ncrystal=1
wrote trace to CCpulse_010_00_01.xy
two's comp tempE  ::     604121     604121 0x000937d9 |0000|0000|0000|1001|0011|0111|1101|1001|
rawE              ::     604121     604121 0x000937d9 |0000|0000|0000|1001|0011|0111|1101|1001|
rawE (sign change)::     604121     604121 0x000937d9 |0000|0000|0000|1001|0011|0111|1101|1001|
Event.ehi=           18878 0x000049be
Event.ehi=1887 (gain changed)
Event.LEDts =        2590127433201
Event.CFDts =      268710139133964

---------
new GTheader at pos=220 or 110 words (118):
Event.hdr[ 0]=0x1f36,   7990
Event.hdr[ 1]=0x300a,  12298
Event.hdr[ 2]=0x25f1,   9713
Event.hdr[ 3]=0x0fa0,   4000
Event.hdr[ 4]=0x025b,    603
Event.hdr[ 5]=0xff27,  65319
Event.hdr[ 6]=0x0e05,   3589
Event.hdr[ 7]=0x516b,  20843
Event.hdr[ 8]=0x5a87,  23175
Event.hdr[ 9]=0xaacc,  43724
Event.hdr[10]=0x8a04,  35332
Event.hdr[11]=0xffad,  65453
Event.hdr[12]=0xa7bf,  42943
Event.hdr[13]=0x07ff,   2047
Event.len=  44, Event.traceLen=  12 (in Bytes)
Event.len=  22, Event.traceLen=   6 (in 16 bit words)
Event.len=  11, Event.traceLen=   3 (in 32 bit words)
next start: 0xaaaaaaaa, pos= 264
0x1f36 module_id = 31 crystal_id = 0 digitizer_id = 3 chan_id = 6 ge_id = 124 channel = 36  -> is segment
ncrystal=1
wrote trace to CCpulse_010_00_01.xy
two's comp tempE  ::     392999     392999 0x0005ff27 |0000|0000|0000|0101|1111|1111|0010|0111|
rawE              ::     392999     392999 0x0005ff27 |0000|0000|0000|0101|1111|1111|0010|0111|
rawE (sign change)::     392999     392999 0x0005ff27 |0000|0000|0000|0101|1111|1111|0010|0111|
Event.ehi=           12281 0x00002ff9
Event.ehi=1228 (gain changed)
Event.LEDts =        2590127433201
Event.CFDts =      281359010758668

---------
new GTheader at pos=264 or 132 words (140):
Event.hdr[ 0]=0x1f37,   7991
Event.hdr[ 1]=0x300a,  12298
Event.hdr[ 2]=0x25f1,   9713
Event.hdr[ 3]=0x0fa0,   4000
Event.hdr[ 4]=0x025b,    603
Event.hdr[ 5]=0x891b,  35099
Event.hdr[ 6]=0x0e02,   3586
Event.hdr[ 7]=0x516b,  20843
Event.hdr[ 8]=0x5a87,  23175
Event.hdr[ 9]=0x8e74,  36468
Event.hdr[10]=0x1801,   6145
Event.hdr[11]=0xffff,  65535
Event.hdr[12]=0xa277,  41591
Event.hdr[13]=0x07ff,   2047
Event.len=  44, Event.traceLen=  12 (in Bytes)
Event.len=  22, Event.traceLen=   6 (in 16 bit words)
Event.len=  11, Event.traceLen=   3 (in 32 bit words)
next start: 0xaaaaaaaa, pos= 308
0x1f37 module_id = 31 crystal_id = 0 digitizer_id = 3 chan_id = 7 ge_id = 124 channel = 37  -> is segment
ncrystal=1
wrote trace to CCpulse_010_00_01.xy
two's comp tempE  ::     166171     166171 0x0002891b |0000|0000|0000|0010|1000|1001|0001|1011|
rawE              ::     166171     166171 0x0002891b |0000|0000|0000|0010|1000|1001|0001|1011|
rawE (sign change)::     166171     166171 0x0002891b |0000|0000|0000|0010|1000|1001|0001|1011|
Event.ehi=            5192 0x00001448
Event.ehi=519 (gain changed)
Event.LEDts =        2590127433201
Event.CFDts =         137440985100

---------
new GTheader at pos=308 or 154 words (162):
Event.hdr[ 0]=0x1f38,   7992
Event.hdr[ 1]=0x300a,  12298
Event.hdr[ 2]=0x25f1,   9713
Event.hdr[ 3]=0x0fa0,   4000
Event.hdr[ 4]=0x025b,    603
Event.hdr[ 5]=0x8b7b,  35707
Event.hdr[ 6]=0x1ff9,   8185
Event.hdr[ 7]=0x516b,  20843
Event.hdr[ 8]=0x5a87,  23175
Event.hdr[ 9]=0xbcfa,  48378
Event.hdr[10]=0xdffc,  57340
Event.hdr[11]=0xf967,  63847
Event.hdr[12]=0x217b,   8571
Event.hdr[13]=0x07f3,   2035
Event.len=  44, Event.traceLen=  12 (in Bytes)
Event.len=  22, Event.traceLen=   6 (in 16 bit words)
Event.len=  11, Event.traceLen=   3 (in 32 bit words)
next start: 0xaaaaaaaa, pos= 352
0x1f38 module_id = 31 crystal_id = 0 digitizer_id = 3 chan_id = 8 ge_id = 124 channel = 38  -> is segment
ncrystal=1
wrote trace to CCpulse_010_00_01.xy
two's comp tempE  ::   16354171   16354171 0x00f98b7b |0000|0000|1111|1001|1000|1011|0111|1011|
rawE              :: 4294544251    -423045 0xfff98b7b |1111|1111|1111|1001|1000|1011|0111|1011|
rawE (sign change)::     423045     423045 0x00067485 |0000|0000|0000|0110|0111|0100|1000|0101|
Event.ehi=           13220 0x000033a4
Event.ehi=1322 (gain changed)
Event.LEDts =        2590127433201
Event.CFDts =         528291659788

---------
new GTheader at pos=352 or 176 words (184):
Event.hdr[ 0]=0x1f39,   7993
Event.hdr[ 1]=0x300a,  12298
Event.hdr[ 2]=0x25f1,   9713
Event.hdr[ 3]=0x0fa0,   4000
Event.hdr[ 4]=0x025b,    603
Event.hdr[ 5]=0x0288,    648
Event.hdr[ 6]=0x0e00,   3584
Event.hdr[ 7]=0x516b,  20843
Event.hdr[ 8]=0x5a87,  23175
Event.hdr[ 9]=0xf4e3,  62691
Event.hdr[10]=0xefff,  61439
Event.hdr[11]=0x1bf0,   7152
Event.hdr[12]=0xaae8,  43752
Event.hdr[13]=0x003a,     58
Event.len=  44, Event.traceLen=  12 (in Bytes)
Event.len=  22, Event.traceLen=   6 (in 16 bit words)
Event.len=  11, Event.traceLen=   3 (in 32 bit words)
next start: 0xaaaaaaaa, pos= 396
0x1f39 module_id = 31 crystal_id = 0 digitizer_id = 3 chan_id = 9 ge_id = 124 channel = 39  -> is CC
ncrystal=1
wrote trace to CCpulse_010_00_01.xy
two's comp tempE  ::        648        648 0x00000288 |0000|0000|0000|0000|0000|0010|1000|1000|
rawE              ::        648        648 0x00000288 |0000|0000|0000|0000|0000|0010|1000|1000|
rawE (sign change)::        648        648 0x00000288 |0000|0000|0000|0000|0000|0010|1000|1000|
Event.ehi=              20 0x00000014
Event.ehi=2 (gain changed)
Event.LEDts =        2590127433201
Event.CFDts =         210456412172

---------
new GTheader at pos=396 or 198 words (206):
Event.hdr[ 0]=0x1f30,   7984
Event.hdr[ 1]=0x300a,  12298
Event.hdr[ 2]=0x25f1,   9713
Event.hdr[ 3]=0x0fa0,   4000
Event.hdr[ 4]=0x025b,    603
Event.hdr[ 5]=0x01bd,    445
Event.hdr[ 6]=0x4e0c,  19980
Event.hdr[ 7]=0x516b,  20843
Event.hdr[ 8]=0x5a87,  23175
Event.hdr[ 9]=0x0156,    342
Event.hdr[10]=0x660c,  26124
Event.hdr[11]=0x1720,   5920
Event.hdr[12]=0x2a7c,  10876
Event.hdr[13]=0x002f,     47
Event.len=  44, Event.traceLen=  12 (in Bytes)
Event.len=  22, Event.traceLen=   6 (in 16 bit words)
Event.len=  11, Event.traceLen=   3 (in 32 bit words)
0x1f30 module_id = 31 crystal_id = 0 digitizer_id = 3 chan_id = 0 ge_id = 124 channel = 30  -> is segment
ncrystal=1
wrote trace to CCpulse_010_00_01.xy
two's comp tempE  ::     786877     786877 0x000c01bd |0000|0000|0000|1100|0000|0001|1011|1101|
rawE              ::     786877     786877 0x000c01bd |0000|0000|0000|1100|0000|0001|1011|1101|
rawE (sign change)::     786877     786877 0x000c01bd |0000|0000|0000|1100|0000|0001|1011|1101|
Event.ehi=           24589 0x0000600d
Event.ehi=2458 (gain changed)
Event.LEDts =        2590127433201
Event.CFDts =      265059361488908
exit bin_mode3
*end of event # 10
+++++++++++++++++++++++++++++++
ev#    10 GEB_TYPE_DECOMP        464Bytes TS=2590127458829 curTS=2590127458749 dTS= 80
ev#    10 GEB_TYPE_GT_MOD29      440Bytes TS=2590127459109 curTS=2590127458749 dTS= 360
ev# 50000 GEB_TYPE_DECOMP        464Bytes TS=2590641445893 curTS=2590641409739 dTS= 36154
ev# 100000 GEB_TYPE_DECOMP        464Bytes TS=2591157700389 curTS=2591157700389 dTS= 0
ev# 100000 GEB_TYPE_DECOMP        464Bytes TS=2591157700455 curTS=2591157700389 dTS= 66
ev# 100000 GEB_TYPE_DECOMP        464Bytes TS=2591157700589 curTS=2591157700389 dTS= 200
ev# 150000 GEB_TYPE_DECOMP        464Bytes TS=2591674878601 curTS=2591674878595 dTS= 6
ev# 150000 GEB_TYPE_GT_MOD29      440Bytes TS=2591674878821 curTS=2591674878595 dTS= 226
ev# 200000 GEB_TYPE_DECOMP        464Bytes TS=2592194982541 curTS=2592194975181 dTS= 7360
ev# 250000 GEB_TYPE_GT_MOD29      440Bytes TS=2592712470113 curTS=2592712470103 dTS= 10
ev# 250000 GEB_TYPE_DECOMP        464Bytes TS=2592712470131 curTS=2592712470103 dTS= 28
ev# 250000 GEB_TYPE_DECOMP        464Bytes TS=2592712470381 curTS=2592712470103 dTS= 278
ev# 300000 GEB_TYPE_DECOMP        464Bytes TS=2593235942121 curTS=2593235932207 dTS= 9914
ev# 350000 GEB_TYPE_DECOMP        464Bytes TS=2593750257415 curTS=2593750257415 dTS= 0
ev# 350000 GEB_TYPE_GT_MOD29      440Bytes TS=2593750257661 curTS=2593750257415 dTS= 246
ev# 400000 GEB_TYPE_DECOMP        464Bytes TS=2594268696879 curTS=2594268696879 dTS= 0
ev# 400000 GEB_TYPE_GT_MOD29      440Bytes TS=2594268697547 curTS=2594268696879 dTS= 668
ev# 450000 GEB_TYPE_DECOMP        464Bytes TS=2594779087285 curTS=2594779087077 dTS= 208
ev# 500000 GEB_TYPE_DECOMP        464Bytes TS=2595290214639 curTS=2595290214635 dTS= 4
ev# 500000 GEB_TYPE_DECOMP        464Bytes TS=2595290214669 curTS=2595290214635 dTS= 34
ev# 500000 GEB_TYPE_DECOMP        464Bytes TS=2595290214671 curTS=2595290214635 dTS= 36
ev# 500000 GEB_TYPE_DECOMP        464Bytes TS=2595290223609 curTS=2595290214635 dTS= 8974
ev# 550000 GEB_TYPE_DECOMP        464Bytes TS=2595809325119 curTS=2595809325117 dTS= 2
ev# 550000 GEB_TYPE_GT_MOD29      440Bytes TS=2595809325795 curTS=2595809325117 dTS= 678
ev# 600000 GEB_TYPE_DECOMP        464Bytes TS=2596333795025 curTS=2596333794691 dTS= 334
ev# 650000 GEB_TYPE_DECOMP        464Bytes TS=2596851199153 curTS=2596851199151 dTS= 2
ev# 650000 GEB_TYPE_DECOMP        464Bytes TS=2596851199155 curTS=2596851199151 dTS= 4
ev# 650000 GEB_TYPE_GT_MOD29      440Bytes TS=2596851199491 curTS=2596851199151 dTS= 340
ev# 700000 GEB_TYPE_DECOMP        464Bytes TS=2597369205757 curTS=2597369205707 dTS= 50
ev# 700000 GEB_TYPE_GT_MOD29      440Bytes TS=2597369205837 curTS=2597369205707 dTS= 130
ev# 700000 GEB_TYPE_DECOMP        464Bytes TS=2597369206099 curTS=2597369205707 dTS= 392
ev# 750000 GEB_TYPE_GT_MOD29      440Bytes TS=2597900550047 curTS=2597900549689 dTS= 358
ev# 800000 GEB_TYPE_GT_MOD29      440Bytes TS=2598427464057 curTS=2598427463997 dTS= 60
ev# 800000 GEB_TYPE_DECOMP        464Bytes TS=2598427464317 curTS=2598427463997 dTS= 320
ev# 850000 GEB_TYPE_DECOMP        464Bytes TS=2598953370869 curTS=2598953321591 dTS= 49278
ev# 900000 GEB_TYPE_DECOMP        464Bytes TS=2599470888371 curTS=2599470888367 dTS= 4
ev# 900000 GEB_TYPE_DECOMP        464Bytes TS=2599470888371 curTS=2599470888367 dTS= 4
ev# 900000 GEB_TYPE_DECOMP        464Bytes TS=2599470888435 curTS=2599470888367 dTS= 68
ev# 900000 GEB_TYPE_GT_MOD29      440Bytes TS=2599470888939 curTS=2599470888367 dTS= 572
ev# 950000 GEB_TYPE_DECOMP        464Bytes TS=2599984604443 curTS=2599984603025 dTS= 1418

Sorting is done
attempting to save root or map file



mean observed polar and azimuth angles
for the detectors we saw (module,crystal)

------------------------------------------
mean pol/azi angle for detector  56 are   96.73/ 119.47
mean pol/azi angle for detector  57 are  100.41/ 138.30
mean pol/azi angle for detector  58 are   83.37/ 132.62
mean pol/azi angle for detector  59 are   79.56/ 114.08
mean pol/azi angle for detector  60 are   87.37/ 152.61
mean pol/azi angle for detector  61 are  105.21/ 157.66
mean pol/azi angle for detector  62 are   93.14/ 168.43
mean pol/azi angle for detector  63 are   73.80/ 165.95
mean pol/azi angle for detector  68 are   87.15/-134.98
mean pol/azi angle for detector  69 are  105.27/-130.03
mean pol/azi angle for detector  70 are   92.90/-116.91
mean pol/azi angle for detector  71 are   74.15/-121.84
mean pol/azi angle for detector  76 are   87.44/ -63.20
mean pol/azi angle for detector  77 are  105.25/ -58.12
mean pol/azi angle for detector  78 are   92.95/ -45.00
mean pol/azi angle for detector  79 are   74.20/ -49.86
mean pol/azi angle for detector  84 are  112.29/  33.63
mean pol/azi angle for detector  85 are  125.15/  17.33
mean pol/azi angle for detector  86 are  130.64/  39.21
mean pol/azi angle for detector  87 are  115.89/  52.96
mean pol/azi angle for detector  88 are  112.39/ 105.53
mean pol/azi angle for detector  89 are  124.94/  89.35
mean pol/azi angle for detector  90 are  130.79/ 111.13
mean pol/azi angle for detector  91 are  115.77/ 125.01
mean pol/azi angle for detector  96 are  112.60/-110.69
mean pol/azi angle for detector  97 are  124.84/-126.64
mean pol/azi angle for detector  98 are  130.91/-104.91
mean pol/azi angle for detector  99 are  115.82/ -91.01
mean pol/azi angle for detector 100 are  112.42/ -38.62
mean pol/azi angle for detector 101 are  124.74/ -54.99
mean pol/azi angle for detector 102 are  130.63/ -33.00
mean pol/azi angle for detector 103 are  115.76/ -19.03
mean pol/azi angle for detector 104 are  144.42/  88.28
mean pol/azi angle for detector 105 are  132.68/  65.85
mean pol/azi angle for detector 106 are  148.87/  53.93
mean pol/azi angle for detector 107 are  162.38/  88.38
mean pol/azi angle for detector 108 are  144.75/ 160.17
mean pol/azi angle for detector 109 are  132.73/ 137.98
mean pol/azi angle for detector 110 are  149.57/ 125.53
mean pol/azi angle for detector 111 are  162.29/ 109.55
mean pol/azi angle for detector 116 are  144.41/ -55.88
mean pol/azi angle for detector 117 are  132.55/ -78.25
mean pol/azi angle for detector 118 are  148.99/ -90.37
mean pol/azi angle for detector 119 are  162.39/ -56.10
we found 44 crystals
------------------------------------------

minimum pol angle between crystals is  18.65
compactness =  64.39%, 85 of 264
module hit statistics
module  14, crystal 0 was hit      86865 times
module  14, crystal 1 was hit      93883 times
module  14, crystal 2 was hit      91608 times
module  14, crystal 3 was hit      82069 times
module  15, crystal 0 was hit      92150 times
module  15, crystal 1 was hit      85787 times
module  15, crystal 2 was hit      79972 times
module  15, crystal 3 was hit      82535 times
module  17, crystal 0 was hit      69098 times
module  17, crystal 1 was hit      68480 times
module  17, crystal 2 was hit      69462 times
module  17, crystal 3 was hit      71291 times
module  19, crystal 0 was hit      65430 times
module  19, crystal 1 was hit      68787 times
module  19, crystal 2 was hit      80597 times
module  19, crystal 3 was hit      77403 times
module  21, crystal 0 was hit      79993 times
module  21, crystal 1 was hit      69639 times
module  21, crystal 2 was hit      82852 times
module  21, crystal 3 was hit      79679 times
module  22, crystal 0 was hit      86630 times
module  22, crystal 1 was hit      80144 times
module  22, crystal 2 was hit      90262 times
module  22, crystal 3 was hit      83962 times
module  24, crystal 0 was hit      73266 times
module  24, crystal 1 was hit      69768 times
module  24, crystal 2 was hit      72912 times
module  24, crystal 3 was hit      67352 times
module  25, crystal 0 was hit      69676 times
module  25, crystal 1 was hit      71557 times
module  25, crystal 2 was hit      69128 times
module  25, crystal 3 was hit      68049 times
module  26, crystal 0 was hit      80093 times
module  26, crystal 1 was hit      78333 times
module  26, crystal 2 was hit      78147 times
module  26, crystal 3 was hit      73677 times
module  27, crystal 0 was hit      82869 times
module  27, crystal 1 was hit      80692 times
module  27, crystal 2 was hit      82620 times
module  27, crystal 3 was hit      75894 times
module  29, crystal 0 was hit      68069 times
module  29, crystal 1 was hit      67220 times
module  29, crystal 2 was hit      75029 times
module  29, crystal 3 was hit      67832 times

bin_mode2: pad distribution
__id   0,      1473519, 93.67%
__id   2,          190,  0.01%
__id   3,          411,  0.03%
__id   4,          490,  0.03%
__id   5,         2961,  0.19%
__id   6,         8860,  0.56%
__id 128,        86428,  5.49%
__id 133,          162,  0.01%

bin_mode2 calculated mean CCsum energy to be  752.514 keV
bin_mode2 calculated mean CCadd energy to be 1124.062 keV
attempting to close root file...
Pars.f1->Write();
Pars.f1->Print();
TFile: name=/lcrc/project/HELIOS/gretinafma/root_data/run146.root, title=, option=CREATE
TH1.Print Name  = dtbtev, Entries= 2010508, Total sum= 2.01051e+06
TH1.Print Name  = T0, Entries= 0, Total sum= 0
TH1.Print Name  = hitpat, Entries= 1473519, Total sum= 1.47352e+06
TH1.Print Name  = numHitArray2, Entries= 1000000, Total sum= 733507
TH1.Print Name  = CCmult, Entries= 1000000, Total sum= 1e+06
TH1.Print Name  = CCsum, Entries= 3390671, Total sum= 1.4735e+06
TH1.Print Name  = hit2, Entries= 162886, Total sum= 162689
TH1.Print Name  = hit3, Entries= 88193, Total sum= 87538
TH1.Print Name  = hit4, Entries= 49356, Total sum= 48181
TH1.Print Name  = CCsum_nodop, Entries= 3390671, Total sum= 1.4735e+06
TH1.Print Name  = CCadd, Entries= 1000000, Total sum= 724637
TH1.Print Name  = SEGadd_FPGA, Entries= 200000000, Total sum= 1.4729e+06
TH1.Print Name  = SEGadd_PSA, Entries= 200000000, Total sum= 1.46546e+06
TH1.Print Name  = SEGsum_FPGA, Entries= 2280428, Total sum= 2.28002e+06
TH1.Print Name  = SEGsum_PSA, Entries= 3390761, Total sum= 3.36391e+06
TH1.Print Name  = radius_all, Entries= 3390759, Total sum= 3.39076e+06
TH1.Print Name  = rate_mode2_min, Entries= 1473518, Total sum= 24558.6
TH1.Print Name  = rate_mode2_sec, Entries= 1473518, Total sum= 1.47352e+06
TH1.Print Name  = rate_mode2_intp, Entries= 1473518, Total sum= 56512.6
TH1.Print Name  = cdtbtev, Entries= 414859, Total sum= 414859
TH1.Print Name  = evsr_all, Entries= 3390759, Total sum= 3.31235e+06
TH1.Print Name  = SMAP_allhits, Entries= 3390761, Total sum= 3.39076e+06
TH1.Print Name  = SMAP_allhits_sq, Entries= 3390761, Total sum= 3.39076e+06
TH1.Print Name  = seghitpat, Entries= 3390761, Total sum= 3.39076e+06
TH1.Print Name  = CCe, Entries= 3390671, Total sum= 1.4735e+06
TH1.Print Name  = ggCC, Entries= 3027442, Total sum= 2.65129e+06
TH1.Print Name  = z_plot, Entries= 3390761, Total sum= 3.38759e+06
TH1.Print Name  = crystal_hit, Entries= 0, Total sum= 0
TH1.Print Name  = SegE, Entries= 3390125, Total sum= 3.39012e+06
TH1.Print Name  = crXcr, Entries= 1513721, Total sum= 1.51372e+06
******************************************************************************
*Tree    :tree      : tree                                                   *
*Entries :  1000000 : Total =       154207446 bytes  File  Size =   36994984 *
*        :          : Tree compression factor =   4.17                       *
******************************************************************************
*Br    0 :runNumber : runNumber/I                                            *
*Entries :  1000000 : Total  Size=    4010425 bytes  File Size  =      30726 *
*Baskets :      101 : Basket Size=    1331712 bytes  Compression= 130.43     *
*............................................................................*
*Br    1 :numHits   : numHits/I                                              *
*Entries :  1000000 : Total  Size=    4010215 bytes  File Size  =      30523 *
*Baskets :      101 : Basket Size=    1331712 bytes  Compression= 131.29     *
*............................................................................*
*Br    2 :left      : left[numHits]/F                                        *
*Entries :  1000000 : Total  Size=    8031201 bytes  File Size  =    2872068 *
*Baskets :      299 : Basket Size=    9010688 bytes  Compression=   2.79     *
*............................................................................*
*Br    3 :right     : right[numHits]/F                                       *
*Entries :  1000000 : Total  Size=    8031504 bytes  File Size  =    2851664 *
*Baskets :      299 : Basket Size=    9010688 bytes  Compression=   2.81     *
*............................................................................*
*Br    4 :up        : up[numHits]/F                                          *
*Entries :  1000000 : Total  Size=    8030595 bytes  File Size  =    2853484 *
*Baskets :      299 : Basket Size=    9010688 bytes  Compression=   2.81     *
*............................................................................*
*Br    5 :down      : down[numHits]/F                                        *
*Entries :  1000000 : Total  Size=    8031201 bytes  File Size  =    2857154 *
*Baskets :      299 : Basket Size=    9010688 bytes  Compression=   2.81     *
*............................................................................*
*Br    6 :e1        : e1[numHits]/F                                          *
*Entries :  1000000 : Total  Size=    8030595 bytes  File Size  =    2753406 *
*Baskets :      299 : Basket Size=    9010688 bytes  Compression=   2.91     *
*............................................................................*
*Br    7 :e2        : e2[numHits]/F                                          *
*Entries :  1000000 : Total  Size=    8030595 bytes  File Size  =    2707113 *
*Baskets :      299 : Basket Size=    9010688 bytes  Compression=   2.96     *
*............................................................................*
*Br    8 :e3        : e3[numHits]/F                                          *
*Entries :  1000000 : Total  Size=    8030595 bytes  File Size  =    2688998 *
*Baskets :      299 : Basket Size=    9010688 bytes  Compression=   2.98     *
*............................................................................*
*Br    9 :tac       : tac[numHits]/F                                         *
*Entries :  1000000 : Total  Size=    8030898 bytes  File Size  =    2436947 *
*Baskets :      299 : Basket Size=    9010688 bytes  Compression=   3.29     *
*............................................................................*
*Br   10 :fmaDeltaTime : fmaDeltaTime[numHits]/F                             *
*Entries :  1000000 : Total  Size=    8033736 bytes  File Size  =    2085997 *
*Baskets :      300 : Basket Size=    9011712 bytes  Compression=   3.85     *
*............................................................................*
*Br   11 :fmaMult   : fmaMult[10]/I                                          *
*Entries :  1000000 : Total  Size=   40097835 bytes  File Size  =    1049074 *
*Baskets :      995 : Basket Size=   25600000 bytes  Compression=  38.20     *
*............................................................................*
*Br   12 :gammaMult : gammaMult/I                                            *
*Entries :  1000000 : Total  Size=    4010425 bytes  File Size  =     707551 *
*Baskets :      101 : Basket Size=    1331712 bytes  Compression=   5.66     *
*............................................................................*
*Br   13 :gammaEnergy : gammaEnergy[gammaMult]/F                             *
*Entries :  1000000 : Total  Size=    9932576 bytes  File Size  =    7004537 *
*Baskets :      346 : Basket Size=    9640448 bytes  Compression=   1.42     *
*............................................................................*
*Br   14 :gammaTimestamp : gammaTimestamp[gammaMult]/F                       *
*Entries :  1000000 : Total  Size=    9933739 bytes  File Size  =    1612142 *
*Baskets :      347 : Basket Size=    9640960 bytes  Compression=   6.16     *
*............................................................................*
*Br   15 :deltaTime : deltaTime[gammaMult]/F                                 *
*Entries :  1000000 : Total  Size=    9931876 bytes  File Size  =    2411182 *
*Baskets :      346 : Basket Size=    9640448 bytes  Compression=   4.12     *
*............................................................................*
TH1.Print Name  = eCC_a, Entries= 0, Total sum= 0
TH1.Print Name  = eCC_b, Entries= 0, Total sum= 0
TH1.Print Name  = eCC_c, Entries= 0, Total sum= 0
TH1.Print Name  = eCC_d, Entries= 127924, Total sum= 0
TH1.Print Name  = eSeg, Entries= 0, Total sum= 0
TH1.Print Name  = mode3_hitpat, Entries= 4349709, Total sum= 0
TH1.Print Name  = mode3_hitpat_chan, Entries= 4349709, Total sum= 4.34971e+06
TH1.Print Name  = chan0, Entries= 0, Total sum= 0
TH1.Print Name  = module, Entries= 4349709, Total sum= 4.34971e+06
TH1.Print Name  = chan, Entries= 4349709, Total sum= 4.34691e+06
TH1.Print Name  = l, Entries= 434971, Total sum= 434933
TH1.Print Name  = r, Entries= 434971, Total sum= 434970
TH1.Print Name  = up, Entries= 434971, Total sum= 434968
TH1.Print Name  = down, Entries= 434971, Total sum= 434971
TH1.Print Name  = sumlr, Entries= 422765, Total sum= 422765
TH1.Print Name  = sumud, Entries= 408572, Total sum= 408572
TH1.Print Name  = x, Entries= 422765, Total sum= 422765
TH1.Print Name  = y, Entries= 408572, Total sum= 408572
TH1.Print Name  = de1, Entries= 434971, Total sum= 434947
TH1.Print Name  = de2, Entries= 434971, Total sum= 434971
TH1.Print Name  = de3, Entries= 434971, Total sum= 433962
TH1.Print Name  = de12, Entries= 377590, Total sum= 377590
TH1.Print Name  = etot, Entries= 377590, Total sum= 377590
TH1.Print Name  = rftof, Entries= 434971, Total sum= 433449
TH1.Print Name  = lr, Entries= 1000000, Total sum= 999962
TH1.Print Name  = ud, Entries= 1000000, Total sum= 999997
TH1.Print Name  = ede1, Entries= 377590, Total sum= 377590
TH1.Print Name  = ede1g, Entries= 72035, Total sum= 72027
TH1.Print Name  = ede2, Entries= 377590, Total sum= 377590
TH1.Print Name  = ede12, Entries= 377590, Total sum= 377590
TH1.Print Name  = xde1, Entries= 377590, Total sum= 377590
TH1.Print Name  = erftof, Entries= 1000000, Total sum= 998478
TH1.Print Name  = erftofg, Entries= 29814, Total sum= 29753
TH1.Print Name  = sumehi, Entries= 1473519, Total sum= 1.47351e+06
TH1.Print Name  = tgppac, Entries= 1473519, Total sum= 383542
TH1.Print Name  = tgppacg, Entries= 72035, Total sum= 72035
TH1.Print Name  = xehi1, Entries= 1473519, Total sum= 1.47351e+06
TH1.Print Name  = xehi1g, Entries= 72035, Total sum= 72035
TH1.Print Name  = de1ehi, Entries= 1473519, Total sum= 1.47348e+06
TH1.Print Name  = de1ehig, Entries= 72035, Total sum= 72027
TH1.Print Name  = ng, Entries= 1000000, Total sum= 1e+06
TH1.Print Name  = ehiz1, Entries= 0, Total sum= 0
TH1.Print Name  = ehiz2, Entries= 0, Total sum= 0
TH1.Print Name  = ehiz3, Entries= 0, Total sum= 0
TH1.Print Name  = ehiz4, Entries= 0, Total sum= 0
TH1.Print Name  = ehiz5, Entries= 0, Total sum= 0
TH1.Print Name  = gg_dt, Entries= 88144, Total sum= 88144
TH1.Print Name  = gg, Entries= 176288, Total sum= 173690
TH1.Print Name  = gg_z1, Entries= 0, Total sum= 0
TH1.Print Name  = gg_z2, Entries= 0, Total sum= 0
TH1.Print Name  = gg_z3, Entries= 0, Total sum= 0
TH1.Print Name  = gg_z4, Entries= 0, Total sum= 0
TH1.Print Name  = gg_z5, Entries= 0, Total sum= 0
Pars.f1->Close();
done saving rootfile "/lcrc/project/HELIOS/gretinafma/root_data/run146.root


read 1000000 events; Pars.beta=0.0330; time since last update 1 minutes
CommandFileName="GEBSort.command"

sorted timestamp range 2590127138361-->2600472903385: 10345765024
that is 103.5 seconds or 0h1m43s
^^^^^ any timestamp jumps will upset this accounting

hit statistics per type
 1 GEB_TYPE_DECOMP          1573021 ;  15204.49 Hz 
 8 GEB_TYPE_GT_MOD29         437487 ;   4228.66 Hz 
read a total of              2010508 ; header/payloads


nn1=0
nn2=2010509
nn3=2010509

nok_validate= 1000000, ntot_validate=1000000; validate fraction 100.00%

bytes read=953437548, 909.268902 MB

boniva sancta! ...GEBSort (unexpectedly) did not crash!

 ** GEBSort is done at 
