started GEBSort at we have 9 arguments
1... -input
will take input from disk
file size is 43239507732 bytes or 42226 MBytes

4... -rootfile
rootfile name specified on command line
__will store spectra in rootfile: /lcrc/project/HELIOS/gretinafma/root_data/run279.root
will recreate root file
7... -chat
core file size          (blocks, -c) unlimited
data seg size           (kbytes, -d) unlimited
scheduling priority             (-e) 0
file size               (blocks, -f) unlimited
pending signals                 (-i) 510315
max locked memory       (kbytes, -l) unlimited
max memory size         (kbytes, -m) 128769024
open files                      (-n) 51200
pipe size            (512 bytes, -p) 8
POSIX message queues     (bytes, -q) 819200
real-time priority              (-r) 0
stack size              (kbytes, -s) unlimited
cpu time               (seconds, -t) unlimited
max user processes              (-u) 4096
virtual memory          (kbytes, -v) unlimited
file locks                      (-x) unlimited
will read sorting instructions from chatfile: GEBSort.chat

executing UserDeclare.h code


GEBsort running on: 

initializing

crmat.LINUX is open (input) binary format
read 7936 bytes into Pars.crmat
chat file: <GEBSort.chat> open

will sort a max of 1410065408 events
will sort a max of 1000000 events
will sort 86400 minutes of data
will print details of the first 10 events
will use Pars.Beta (v/c) correction of 0.033000
will sort using a time window of 150
Pars.do_bin_mode2=1
Pars.do_bin_mode3=1
will accept second interaction range between 10.000000 and 500.000000 mm
"1-200"
detector   1 is ENABLED
detector   2 is ENABLED
detector   3 is ENABLED
detector   4 is ENABLED
detector   5 is ENABLED
detector   6 is ENABLED
detector   7 is ENABLED
detector   8 is ENABLED
detector   9 is ENABLED
detector  10 is ENABLED
detector  11 is ENABLED
detector  12 is ENABLED
detector  13 is ENABLED
detector  14 is ENABLED
detector  15 is ENABLED
detector  16 is ENABLED
detector  17 is ENABLED
detector  18 is ENABLED
detector  19 is ENABLED
detector  20 is ENABLED
detector  21 is ENABLED
detector  22 is ENABLED
detector  23 is ENABLED
detector  24 is ENABLED
detector  25 is ENABLED
detector  26 is ENABLED
detector  27 is ENABLED
detector  28 is ENABLED
detector  29 is ENABLED
detector  30 is ENABLED
detector  31 is ENABLED
detector  32 is ENABLED
detector  33 is ENABLED
detector  34 is ENABLED
detector  35 is ENABLED
detector  36 is ENABLED
detector  37 is ENABLED
detector  38 is ENABLED
detector  39 is ENABLED
detector  40 is ENABLED
detector  41 is ENABLED
detector  42 is ENABLED
detector  43 is ENABLED
detector  44 is ENABLED
detector  45 is ENABLED
detector  46 is ENABLED
detector  47 is ENABLED
detector  48 is ENABLED
detector  49 is ENABLED
detector  50 is ENABLED
detector  51 is ENABLED
detector  52 is ENABLED
detector  53 is ENABLED
detector  54 is ENABLED
detector  55 is ENABLED
detector  56 is ENABLED
detector  57 is ENABLED
detector  58 is ENABLED
detector  59 is ENABLED
detector  60 is ENABLED
detector  61 is ENABLED
detector  62 is ENABLED
detector  63 is ENABLED
detector  64 is ENABLED
detector  65 is ENABLED
detector  66 is ENABLED
detector  67 is ENABLED
detector  68 is ENABLED
detector  69 is ENABLED
detector  70 is ENABLED
detector  71 is ENABLED
detector  72 is ENABLED
detector  73 is ENABLED
detector  74 is ENABLED
detector  75 is ENABLED
detector  76 is ENABLED
detector  77 is ENABLED
detector  78 is ENABLED
detector  79 is ENABLED
detector  80 is ENABLED
detector  81 is ENABLED
detector  82 is ENABLED
detector  83 is ENABLED
detector  84 is ENABLED
detector  85 is ENABLED
detector  86 is ENABLED
detector  87 is ENABLED
detector  88 is ENABLED
detector  89 is ENABLED
detector  90 is ENABLED
detector  91 is ENABLED
detector  92 is ENABLED
detector  93 is ENABLED
detector  94 is ENABLED
detector  95 is ENABLED
detector  96 is ENABLED
detector  97 is ENABLED
detector  98 is ENABLED
detector  99 is ENABLED
detector 100 is ENABLED
detector 101 is ENABLED
detector 102 is ENABLED
detector 103 is ENABLED
detector 104 is ENABLED
detector 105 is ENABLED
detector 106 is ENABLED
detector 107 is ENABLED
detector 108 is ENABLED
detector 109 is ENABLED
detector 110 is ENABLED
detector 111 is ENABLED
detector 112 is ENABLED
detector 113 is ENABLED
detector 114 is ENABLED
detector 115 is ENABLED
detector 116 is ENABLED
detector 117 is ENABLED
detector 118 is ENABLED
detector 119 is ENABLED
detector 120 is ENABLED
detector 121 is ENABLED
detector 122 is ENABLED
detector 123 is ENABLED
detector 124 is ENABLED
detector 125 is ENABLED
detector 126 is ENABLED
detector 127 is ENABLED
detector 128 is ENABLED
detector 129 is ENABLED
detector 130 is ENABLED
detector 131 is ENABLED
detector 132 is ENABLED
detector 133 is ENABLED
detector 134 is ENABLED
detector 135 is ENABLED
detector 136 is ENABLED
detector 137 is ENABLED
detector 138 is ENABLED
detector 139 is ENABLED
detector 140 is ENABLED
detector 141 is ENABLED
detector 142 is ENABLED
detector 143 is ENABLED
detector 144 is ENABLED
detector 145 is ENABLED
detector 146 is ENABLED
detector 147 is ENABLED
detector 148 is ENABLED
detector 149 is ENABLED
detector 150 is ENABLED
detector 151 is ENABLED
detector 152 is ENABLED
detector 153 is ENABLED
detector 154 is ENABLED
detector 155 is ENABLED
detector 156 is ENABLED
detector 157 is ENABLED
detector 158 is ENABLED
detector 159 is ENABLED
detector 160 is ENABLED
detector 161 is ENABLED
detector 162 is ENABLED
detector 163 is ENABLED
detector 164 is ENABLED
detector 165 is ENABLED
detector 166 is ENABLED
detector 167 is ENABLED
detector 168 is ENABLED
detector 169 is ENABLED
detector 170 is ENABLED
detector 171 is ENABLED
detector 172 is ENABLED
detector 173 is ENABLED
detector 174 is ENABLED
detector 175 is ENABLED
detector 176 is ENABLED
detector 177 is ENABLED
detector 178 is ENABLED
detector 179 is ENABLED
detector 180 is ENABLED
detector 181 is ENABLED
detector 182 is ENABLED
detector 183 is ENABLED
detector 184 is ENABLED
detector 185 is ENABLED
detector 186 is ENABLED
detector 187 is ENABLED
detector 188 is ENABLED
detector 189 is ENABLED
detector 190 is ENABLED
detector 191 is ENABLED
detector 192 is ENABLED
detector 193 is ENABLED
detector 194 is ENABLED
detector 195 is ENABLED
detector 196 is ENABLED
detector 197 is ENABLED
detector 198 is ENABLED
detector 199 is ENABLED
WARNING: could not open CCcal file "CCenergy.cal", quit
will use beam direction 0.000000 0.000000 1.000000
vector length= 1.000000, normalizing
will use beam direction 0.000000 0.000000 1.000000
Pars.ndetlimlo=1,Pars.ndetlimhi=8
will require mult bt: 1 20
fomlimits, 1, 0.00 ..to.. 0.80
fomlimits, 2, 0.00 ..to.. 0.80
fomlimits, 3, 0.00 ..to.. 0.80
fomlimits, 4, 0.00 ..to.. 0.80
fomlimits, 5, 0.00 ..to.. 0.80
fomlimits, 6, 0.00 ..to.. 0.80
fomlimits, 7, 0.00 ..to.. 0.80
will use M= 350.000000 in bin_dgs
will use PZ file "dgs_pz.cal" in bin_dgs
will use ecal file "dgs_ehi.cal" in bin_dgs
will skip rest of chat file

chat file: <GEBSort.chat> closed
processed 39 sort instructions and 198 lines


sorting this:
Pars.do_bin_mode3 = 1
Pars.do_bin_mode2 = 1
Pars.do_bin_mode1 = 0
Pars.do_bin_dgs = 0
Pars.do_bin_dfma = 0
Pars.do_bin_gtcal = 0
Pars.do_bin_template = 0
Pars.do_bin_final = 0
Pars.do_bin_angcor = 0
Pars.do_bin_angdis = 0
checking proper input of chat file...
input file "/lcrc/project/HELIOS/gretinafma/merged_data/GEBMerged_run279.gtd_000" is open, inData=0x26647a60
file size is 289834772 bytes or 283 MBs 
input source is set up, supposedly

xyz offset values:

executing ShareMemFileUserInit.h code

deleted \rm -f GEBSort.command
root file </lcrc/project/HELIOS/gretinafma/root_data/run279.root>
base=</lcrc/project/HELIOS/gretinafma/root_data/run279.root:/>
TFile: name=/lcrc/project/HELIOS/gretinafma/root_data/run279.root, title=, option=CREATE

executing UserInit.h code

Created Object "dtbtev", 0x2769dbc0
Created Object "T0", 0x2769dfd0
, "T0"Created Object "hitpat", 0x2769e3c0
, "hitpat"Created Object "numHitArray2", 0x2769ee10
, "numHitArray2"Created Object "CCmult", 0x2769f8d0
, "CC Multiplicity"Created Object "CCsum", 0x27970ac0
, "CCsum"Created Object "hit2", 0x279808d0
, "hit2"Created Object "hit3", 0x279906e0
, "hit3"Created Object "hit4", 0x279a04f0
, "hit4"Created Object "CCsum_nodop", 0x279b0300
, "CCsum_nodop"Created Object "CCadd", 0x279c0110
, "CCadd"Created Object "SEGadd_FPGA", 0x279cff20
Created Object "SEGadd_PSA", 0x279d0330
Created Object "SEGsum_FPGA", 0x279d0740
Created Object "SEGsum_PSA", 0x279d0b50
Created Object "radius_all", 0x279d0f60
, "radius (all points)"Created Object "rate_mode2_min", 0x279d9370
, "rate_mode2_min headers"Created Object "rate_mode2_sec", 0x279dc480
, "rate_mode2_sec headers"Created Object "rate_mode2_intp", 0x279df590
, "rate_mode2 interaction points"Created Object "cdtbtev", 0x279e26a0
Created Object "evsr_all", 0x27aa8610
Created Object "SMAP_allhits", 0x27aa8b50
Created Object "SMAP_allhits_sq", 0x27ba84e0
Created Object "seghitpat", 0x27ca7e70
Created Object "CCe", 0x27cb0270
Created Object "ggCC", 0x27cb0820
Created Object "z_plot", 0x27cb0dd0
Created Object "crystal_hit", 0x27d644a0
Created Object "SegE", 0x27d64a70
Created Object "crXcr", 0x27d64fb0
MAXDETPOS=180
Created Object "eCC_a", 0x27e52ac0
Created Object "eCC_b", 0x27e52ed0
Created Object "eCC_c", 0x27e53340
Created Object "eCC_d", 0x27e538f0
Created Object "eSeg", 0x27e53e30
Created Object "mode3_hitpat", 0x27e543e0
, "mode3_hitpat"Created Object "mode3_hitpat_chan", 0x27e54d50
, "mode3_hitpat_chan"Created Object "chan0", 0x27e55480
, "chan0"Created Object "module", 0x27e692b0
, "module"Created Object "chan", 0x27e7d0e0
Created Object "l", 0x27ef2a00
, "l"Created Object "r", 0x27f06830
, "r"Created Object "up", 0x27f1a5f0
, "up"Created Object "down", 0x27f2e3b0
, "down"Created Object "sumlr", 0x27f421e0
, "sumlr"Created Object "sumud", 0x27f56010
, "sumud"Created Object "x", 0x27f69e40
, "x"Created Object "y", 0x27f7dc70
, "y"Created Object "de1", 0x27f91aa0
, "de1"Created Object "de2", 0x27fa5860
, "de2"Created Object "de3", 0x27fb9620
, "de3"Created Object "de12", 0x27fcd450
, "de12"Created Object "etot", 0x27fe1280
, "etot"Created Object "rftof", 0x27ff5040
, "rftof"Created Object "lr", 0x28008e00
Created Object "ud", 0x28009340
Created Object "ede1", 0x28009880
Created Object "ede1g", 0x28009dc0
Created Object "ede2", 0x2800a370
Created Object "ede12", 0x2800a920
Created Object "xde1", 0x2800aed0
Created Object "erftof", 0x2800b410
Created Object "erftofg", 0x2800b950
Created Object "sumehi", 0x2800bf00
, "sumehi"Created Object "tgppac", 0x2801fcc0
, "tgppac"Created Object "tgppacg", 0x28047370
, "tgppacg"Created Object "xehi1", 0x2806ea20
Created Object "xehi1g", 0x2806ef60
Created Object "de1ehi", 0x2806f510
Created Object "de1ehig", 0x2806fa50
Created Object "ng", 0x2806ff90
, "ng"Created Object "ehiz1", 0x28083d50
, "ehiz1"Created Object "ehiz2", 0x28097b10
, "ehiz2"Created Object "ehiz3", 0x280ab940
, "ehiz3"Created Object "ehiz4", 0x280bf770
, "ehiz4"Created Object "ehiz5", 0x280d35a0
, "ehiz5"Created Object "gg_dt", 0x280e7360
, "gg_dt"Created Object "gg", 0x280eb790
Created Object "gg_z1", 0x280ebd40
Created Object "gg_z2", 0x280ec2f0
Created Object "gg_z3", 0x280ec8a0
Created Object "gg_z4", 0x280ece50
Created Object "gg_z5", 0x280ed390
we have define the following ROOT spectra:
Collection name='THashList', class='THashList', size=84
 TH1.Print Name  = dtbtev, Entries= 0, Total sum= 0
 TH1.Print Name  = T0, Entries= 0, Total sum= 0
 TH1.Print Name  = hitpat, Entries= 0, Total sum= 0
 TH1.Print Name  = numHitArray2, Entries= 0, Total sum= 0
 TH1.Print Name  = CCmult, Entries= 0, Total sum= 0
 TH1.Print Name  = CCsum, Entries= 0, Total sum= 0
 TH1.Print Name  = hit2, Entries= 0, Total sum= 0
 TH1.Print Name  = hit3, Entries= 0, Total sum= 0
 TH1.Print Name  = hit4, Entries= 0, Total sum= 0
 TH1.Print Name  = CCsum_nodop, Entries= 0, Total sum= 0
 TH1.Print Name  = CCadd, Entries= 0, Total sum= 0
 TH1.Print Name  = SEGadd_FPGA, Entries= 0, Total sum= 0
 TH1.Print Name  = SEGadd_PSA, Entries= 0, Total sum= 0
 TH1.Print Name  = SEGsum_FPGA, Entries= 0, Total sum= 0
 TH1.Print Name  = SEGsum_PSA, Entries= 0, Total sum= 0
 TH1.Print Name  = radius_all, Entries= 0, Total sum= 0
 TH1.Print Name  = rate_mode2_min, Entries= 0, Total sum= 0
 TH1.Print Name  = rate_mode2_sec, Entries= 0, Total sum= 0
 TH1.Print Name  = rate_mode2_intp, Entries= 0, Total sum= 0
 TH1.Print Name  = cdtbtev, Entries= 0, Total sum= 0
 TH1.Print Name  = evsr_all, Entries= 0, Total sum= 0
 TH1.Print Name  = SMAP_allhits, Entries= 0, Total sum= 0
 TH1.Print Name  = SMAP_allhits_sq, Entries= 0, Total sum= 0
 TH1.Print Name  = seghitpat, Entries= 0, Total sum= 0
 TH1.Print Name  = CCe, Entries= 0, Total sum= 0
 TH1.Print Name  = ggCC, Entries= 0, Total sum= 0
 TH1.Print Name  = z_plot, Entries= 0, Total sum= 0
 TH1.Print Name  = crystal_hit, Entries= 0, Total sum= 0
 TH1.Print Name  = SegE, Entries= 0, Total sum= 0
 TH1.Print Name  = crXcr, Entries= 0, Total sum= 0
 ******************************************************************************
*Tree    :tree      : tree                                                   *
*Entries :        0 : Total =            8461 bytes  File  Size =          0 *
*        :          : Tree compression factor =   1.00                       *
******************************************************************************
*Br    0 :runNumber : runNumber/I                                            *
*Entries :        0 : Total  Size=        501 bytes  One basket in memory    *
*Baskets :        0 : Basket Size=      32000 bytes  Compression=   1.00     *
*............................................................................*
*Br    1 :numHits   : numHits/I                                              *
*Entries :        0 : Total  Size=        493 bytes  One basket in memory    *
*Baskets :        0 : Basket Size=      32000 bytes  Compression=   1.00     *
*............................................................................*
*Br    2 :left      : left[numHits]/F                                        *
*Entries :        0 : Total  Size=        580 bytes  One basket in memory    *
*Baskets :        0 : Basket Size=      32000 bytes  Compression=   1.00     *
*............................................................................*
*Br    3 :right     : right[numHits]/F                                       *
*Entries :        0 : Total  Size=        584 bytes  One basket in memory    *
*Baskets :        0 : Basket Size=      32000 bytes  Compression=   1.00     *
*............................................................................*
*Br    4 :up        : up[numHits]/F                                          *
*Entries :        0 : Total  Size=        572 bytes  One basket in memory    *
*Baskets :        0 : Basket Size=      32000 bytes  Compression=   1.00     *
*............................................................................*
*Br    5 :down      : down[numHits]/F                                        *
*Entries :        0 : Total  Size=        580 bytes  One basket in memory    *
*Baskets :        0 : Basket Size=      32000 bytes  Compression=   1.00     *
*............................................................................*
*Br    6 :e1        : e1[numHits]/F                                          *
*Entries :        0 : Total  Size=        572 bytes  One basket in memory    *
*Baskets :        0 : Basket Size=      32000 bytes  Compression=   1.00     *
*............................................................................*
*Br    7 :e2        : e2[numHits]/F                                          *
*Entries :        0 : Total  Size=        572 bytes  One basket in memory    *
*Baskets :        0 : Basket Size=      32000 bytes  Compression=   1.00     *
*............................................................................*
*Br    8 :e3        : e3[numHits]/F                                          *
*Entries :        0 : Total  Size=        572 bytes  One basket in memory    *
*Baskets :        0 : Basket Size=      32000 bytes  Compression=   1.00     *
*............................................................................*
*Br    9 :tac       : tac[numHits]/F                                         *
*Entries :        0 : Total  Size=        576 bytes  One basket in memory    *
*Baskets :        0 : Basket Size=      32000 bytes  Compression=   1.00     *
*............................................................................*
*Br   10 :fmaDeltaTime : fmaDeltaTime[numHits]/F                             *
*Entries :        0 : Total  Size=        612 bytes  One basket in memory    *
*Baskets :        0 : Basket Size=      32000 bytes  Compression=   1.00     *
*............................................................................*
*Br   11 :fmaMult   : fmaMult[10]/I                                          *
*Entries :        0 : Total  Size=        501 bytes  One basket in memory    *
*Baskets :        0 : Basket Size=      32000 bytes  Compression=   1.00     *
*............................................................................*
*Br   12 :gammaMult : gammaMult/I                                            *
*Entries :        0 : Total  Size=        501 bytes  One basket in memory    *
*Baskets :        0 : Basket Size=      32000 bytes  Compression=   1.00     *
*............................................................................*
*Br   13 :gammaEnergy : gammaEnergy[gammaMult]/F                             *
*Entries :        0 : Total  Size=        616 bytes  One basket in memory    *
*Baskets :        0 : Basket Size=      32000 bytes  Compression=   1.00     *
*............................................................................*
*Br   14 :gammaTimestamp : gammaTimestamp[gammaMult]/F                       *
*Entries :        0 : Total  Size=        628 bytes  One basket in memory    *
*Baskets :        0 : Basket Size=      32000 bytes  Compression=   1.00     *
*............................................................................*
*Br   15 :deltaTime : deltaTime[gammaMult]/F                                 *
*Entries :        0 : Total  Size=        608 bytes  One basket in memory    *
*Baskets :        0 : Basket Size=      32000 bytes  Compression=   1.00     *
*............................................................................*
 TH1.Print Name  = eCC_a, Entries= 0, Total sum= 0
 TH1.Print Name  = eCC_b, Entries= 0, Total sum= 0
 TH1.Print Name  = eCC_c, Entries= 0, Total sum= 0
 TH1.Print Name  = eCC_d, Entries= 0, Total sum= 0
 TH1.Print Name  = eSeg, Entries= 0, Total sum= 0
 TH1.Print Name  = mode3_hitpat, Entries= 0, Total sum= 0
 TH1.Print Name  = mode3_hitpat_chan, Entries= 0, Total sum= 0
 TH1.Print Name  = chan0, Entries= 0, Total sum= 0
 TH1.Print Name  = module, Entries= 0, Total sum= 0
 TH1.Print Name  = chan, Entries= 0, Total sum= 0
 TH1.Print Name  = l, Entries= 0, Total sum= 0
 TH1.Print Name  = r, Entries= 0, Total sum= 0
 TH1.Print Name  = up, Entries= 0, Total sum= 0
 TH1.Print Name  = down, Entries= 0, Total sum= 0
 TH1.Print Name  = sumlr, Entries= 0, Total sum= 0
 TH1.Print Name  = sumud, Entries= 0, Total sum= 0
 TH1.Print Name  = x, Entries= 0, Total sum= 0
 TH1.Print Name  = y, Entries= 0, Total sum= 0
 TH1.Print Name  = de1, Entries= 0, Total sum= 0
 TH1.Print Name  = de2, Entries= 0, Total sum= 0
 TH1.Print Name  = de3, Entries= 0, Total sum= 0
 TH1.Print Name  = de12, Entries= 0, Total sum= 0
 TH1.Print Name  = etot, Entries= 0, Total sum= 0
 TH1.Print Name  = rftof, Entries= 0, Total sum= 0
 TH1.Print Name  = lr, Entries= 0, Total sum= 0
 TH1.Print Name  = ud, Entries= 0, Total sum= 0
 TH1.Print Name  = ede1, Entries= 0, Total sum= 0
 TH1.Print Name  = ede1g, Entries= 0, Total sum= 0
 TH1.Print Name  = ede2, Entries= 0, Total sum= 0
 TH1.Print Name  = ede12, Entries= 0, Total sum= 0
 TH1.Print Name  = xde1, Entries= 0, Total sum= 0
 TH1.Print Name  = erftof, Entries= 0, Total sum= 0
 TH1.Print Name  = erftofg, Entries= 0, Total sum= 0
 TH1.Print Name  = sumehi, Entries= 0, Total sum= 0
 TH1.Print Name  = tgppac, Entries= 0, Total sum= 0
 TH1.Print Name  = tgppacg, Entries= 0, Total sum= 0
 TH1.Print Name  = xehi1, Entries= 0, Total sum= 0
 TH1.Print Name  = xehi1g, Entries= 0, Total sum= 0
 TH1.Print Name  = de1ehi, Entries= 0, Total sum= 0
 TH1.Print Name  = de1ehig, Entries= 0, Total sum= 0
 TH1.Print Name  = ng, Entries= 0, Total sum= 0
 TH1.Print Name  = ehiz1, Entries= 0, Total sum= 0
 TH1.Print Name  = ehiz2, Entries= 0, Total sum= 0
 TH1.Print Name  = ehiz3, Entries= 0, Total sum= 0
 TH1.Print Name  = ehiz4, Entries= 0, Total sum= 0
 TH1.Print Name  = ehiz5, Entries= 0, Total sum= 0
 TH1.Print Name  = gg_dt, Entries= 0, Total sum= 0
 TH1.Print Name  = gg, Entries= 0, Total sum= 0
 TH1.Print Name  = gg_z1, Entries= 0, Total sum= 0
 TH1.Print Name  = gg_z2, Entries= 0, Total sum= 0
 TH1.Print Name  = gg_z3, Entries= 0, Total sum= 0
 TH1.Print Name  = gg_z4, Entries= 0, Total sum= 0
 TH1.Print Name  = gg_z5, Entries= 0, Total sum= 0
GRETINA detector angles
mod  1, crystal 0 [  4]: ( 10.07   3.58  15.10) pol   35.30 ,  azi   13.35; pol   35.30 ,  azi   19.58; modCCdopfac[4] 1.0271
mod  1, crystal 1 [  5]: ( 10.11   9.19  12.47) pol   47.60 ,  azi   36.39; pol   47.60 ,  azi   42.30; modCCdopfac[5] 1.0222
mod  1, crystal 2 [  6]: (  5.44   7.69  15.92) pol   30.60 ,  azi   25.77; pol   30.60 ,  azi   54.72; modCCdopfac[6] 1.0287
mod  1, crystal 3 [  7]: (  4.99   1.78  17.72) pol   16.65 ,  azi    5.72; pol   16.65 ,  azi   19.58; modCCdopfac[7] 1.0321
mod  2, crystal 0 [  8]: ( -0.29  10.69  15.10) pol   35.30 ,  azi   35.29; pol   35.30 ,  azi   91.58; modCCdopfac[8] 1.0271
mod  2, crystal 1 [  9]: ( -5.62  12.45  12.47) pol   47.60 ,  azi   44.95; pol   47.60 ,  azi  114.30; modCCdopfac[9] 1.0222
mod  2, crystal 2 [ 10]: ( -5.63   7.55  15.92) pol   30.60 ,  azi   25.36; pol   30.60 ,  azi  126.72; modCCdopfac[10] 1.0287
mod  2, crystal 3 [ 11]: ( -0.15   5.30  17.72) pol   16.65 ,  azi   16.64; pol   16.65 ,  azi   91.58; modCCdopfac[11] 1.0321
mod  3, crystal 0 [ 12]: (-10.25   3.02  15.10) pol   35.30 ,  azi   11.32; pol   35.30 ,  azi  163.58; modCCdopfac[12] 1.0271
mod  3, crystal 1 [ 13]: (-13.58  -1.50  12.47) pol   47.60 ,  azi   -6.85; pol   47.60 ,  azi -173.70; modCCdopfac[13] 1.0222
mod  3, crystal 2 [ 14]: ( -8.92  -3.02  15.92) pol   30.60 ,  azi  -10.75; pol   30.60 ,  azi -161.28; modCCdopfac[14] 1.0287
mod  3, crystal 3 [ 15]: ( -5.08   1.50  17.72) pol   16.65 ,  azi    4.83; pol   16.65 ,  azi  163.58; modCCdopfac[15] 1.0321
mod  4, crystal 0 [ 16]: ( -6.04  -8.82  15.10) pol   35.30 ,  azi  -30.29; pol   35.30 ,  azi -124.42; modCCdopfac[16] 1.0271
mod  4, crystal 1 [ 17]: ( -2.77 -13.38  12.47) pol   47.60 ,  azi  -47.00; pol   47.60 ,  azi -101.70; modCCdopfac[17] 1.0222
mod  4, crystal 2 [ 18]: (  0.12  -9.42  15.92) pol   30.60 ,  azi  -30.60; pol   30.60 ,  azi  -89.28; modCCdopfac[18] 1.0287
mod  4, crystal 3 [ 19]: ( -3.00  -4.37  17.72) pol   16.65 ,  azi  -13.86; pol   16.65 ,  azi -124.42; modCCdopfac[19] 1.0321
mod  5, crystal 0 [ 20]: (  6.52  -8.47  15.10) pol   35.30 ,  azi  -29.30; pol   35.30 ,  azi  -52.42; modCCdopfac[20] 1.0271
mod  5, crystal 1 [ 21]: ( 11.87  -6.77  12.47) pol   47.60 ,  azi  -28.49; pol   47.60 ,  azi  -29.70; modCCdopfac[21] 1.0222
mod  5, crystal 2 [ 22]: (  8.99  -2.80  15.92) pol   30.60 ,  azi   -9.96; pol   30.60 ,  azi  -17.28; modCCdopfac[22] 1.0287
mod  5, crystal 3 [ 23]: (  3.23  -4.20  17.72) pol   16.65 ,  azi  -13.33; pol   16.65 ,  azi  -52.42; modCCdopfac[23] 1.0321
mod  6, crystal 0 [ 24]: (  4.54  16.51   7.02) pol   67.71 ,  azi   66.97; pol   67.71 ,  azi   74.63; modCCdopfac[24] 1.0121
mod  6, crystal 1 [ 25]: ( -0.33  15.15  10.61) pol   55.02 ,  azi   55.01; pol   55.02 ,  azi   91.23; modCCdopfac[25] 1.0187
mod  6, crystal 2 [ 26]: (  5.05  13.00  12.16) pol   48.92 ,  azi   46.92; pol   48.92 ,  azi   68.77; modCCdopfac[26] 1.0216
mod  6, crystal 3 [ 27]: (  9.66  13.57   8.06) pol   64.18 ,  azi   59.29; pol   64.18 ,  azi   54.55; modCCdopfac[27] 1.0140
mod  7, crystal 0 [ 28]: (-14.30   9.42   7.02) pol   67.71 ,  azi   53.31; pol   67.71 ,  azi  146.63; modCCdopfac[28] 1.0121
mod  7, crystal 1 [ 29]: (-14.51   4.37  10.61) pol   55.02 ,  azi   22.40; pol   55.02 ,  azi  163.23; modCCdopfac[29] 1.0187
mod  7, crystal 2 [ 30]: (-10.80   8.82  12.16) pol   48.92 ,  azi   35.96; pol   48.92 ,  azi  140.77; modCCdopfac[30] 1.0216
mod  7, crystal 3 [ 31]: ( -9.92  13.38   8.06) pol   64.18 ,  azi   58.94; pol   64.18 ,  azi  126.55; modCCdopfac[31] 1.0140
mod  8, crystal 0 [ 32]: (-13.37 -10.69   7.02) pol   67.71 ,  azi  -56.71; pol   67.71 ,  azi -141.37; modCCdopfac[32] 1.0121
mod  8, crystal 1 [ 33]: ( -8.64 -12.45  10.61) pol   55.02 ,  azi  -49.58; pol   55.02 ,  azi -124.77; modCCdopfac[33] 1.0187
mod  8, crystal 2 [ 34]: (-11.73  -7.55  12.16) pol   48.92 ,  azi  -31.84; pol   48.92 ,  azi -147.23; modCCdopfac[34] 1.0216
mod  8, crystal 3 [ 35]: (-15.79  -5.30   8.06) pol   64.18 ,  azi  -33.33; pol   64.18 ,  azi -161.45; modCCdopfac[35] 1.0140
mod  9, crystal 0 [ 36]: (  6.03 -16.02   7.02) pol   67.71 ,  azi  -66.35; pol   67.71 ,  azi  -69.37; modCCdopfac[36] 1.0121
mod  9, crystal 1 [ 37]: (  9.17 -12.07  10.61) pol   55.02 ,  azi  -48.69; pol   55.02 ,  azi  -52.77; modCCdopfac[37] 1.0187
mod  9, crystal 2 [ 38]: (  3.56 -13.48  12.16) pol   48.92 ,  azi  -47.96; pol   48.92 ,  azi  -75.23; modCCdopfac[38] 1.0216
mod  9, crystal 3 [ 39]: (  0.16 -16.65   8.06) pol   64.18 ,  azi  -64.18; pol   64.18 ,  azi  -89.45; modCCdopfac[39] 1.0140
mod 10, crystal 0 [ 40]: ( 17.10   0.79   7.02) pol   67.71 ,  azi    6.39; pol   67.71 ,  azi    2.63; modCCdopfac[40] 1.0121
mod 10, crystal 1 [ 41]: ( 14.31   4.99  10.61) pol   55.02 ,  azi   25.21; pol   55.02 ,  azi   19.23; modCCdopfac[41] 1.0187
mod 10, crystal 2 [ 42]: ( 13.92  -0.79  12.16) pol   48.92 ,  azi   -3.70; pol   48.92 ,  azi   -3.23; modCCdopfac[42] 1.0216
mod 10, crystal 3 [ 43]: ( 15.89  -4.99   8.06) pol   64.18 ,  azi  -31.79; pol   64.18 ,  azi  -17.45; modCCdopfac[43] 1.0140
mod 11, crystal 0 [ 44]: ( 18.26   2.80   0.92) pol   87.15 ,  azi   71.78; pol   87.15 ,  azi    8.71; modCCdopfac[44] 1.0011
mod 11, crystal 1 [ 45]: ( 17.30   4.20  -5.04) pol  105.79 ,  azi  140.16; pol  105.79 ,  azi   13.65; modCCdopfac[45] 0.9906
mod 11, crystal 2 [ 46]: ( 16.42   8.47  -0.92) pol   92.85 ,  azi   96.20; pol   92.85 ,  azi   27.29; modCCdopfac[46] 0.9978
mod 11, crystal 3 [ 47]: ( 16.46   6.77   5.04) pol   74.21 ,  azi   53.36; pol   74.21 ,  azi   22.35; modCCdopfac[47] 1.0085
mod 12, crystal 0 [ 48]: ( 12.46  13.48  -2.26) pol   97.01 ,  azi   99.50; pol   97.01 ,  azi   47.25; modCCdopfac[48] 0.9954
mod 12, crystal 1 [ 49]: (  7.28  16.65  -3.46) pol  100.78 ,  azi  101.74; pol  100.78 ,  azi   66.39; modCCdopfac[49] 0.9933
mod 12, crystal 2 [ 50]: (  8.97  16.02   2.26) pol   82.99 ,  azi   81.98; pol   82.99 ,  azi   60.75; modCCdopfac[50] 1.0035
mod 12, crystal 3 [ 51]: ( 13.59  12.07   3.46) pol   79.22 ,  azi   74.00; pol   79.22 ,  azi   41.61; modCCdopfac[51] 1.0057
mod 13, crystal 0 [ 52]: (  2.98  18.23   0.92) pol   87.15 ,  azi   87.11; pol   87.15 ,  azi   80.71; modCCdopfac[52] 1.0011
mod 13, crystal 1 [ 53]: (  1.35  17.75  -5.04) pol  105.79 ,  azi  105.84; pol  105.79 ,  azi   85.65; modCCdopfac[53] 0.9906
mod 13, crystal 2 [ 54]: ( -2.98  18.23  -0.92) pol   92.85 ,  azi   92.89; pol   92.85 ,  azi   99.29; modCCdopfac[54] 0.9978
mod 13, crystal 3 [ 55]: ( -1.35  17.75   5.04) pol   74.21 ,  azi   74.16; pol   74.21 ,  azi   94.35; modCCdopfac[55] 1.0085
mod 14, crystal 0 [ 56]: ( -8.97  16.02  -2.26) pol   97.01 ,  azi   98.02; pol   97.01 ,  azi  119.25; modCCdopfac[56] 0.9954
mod 14, crystal 1 [ 57]: (-13.59  12.07  -3.46) pol  100.78 ,  azi  106.00; pol  100.78 ,  azi  138.39; modCCdopfac[57] 0.9933
mod 14, crystal 2 [ 58]: (-12.46  13.48   2.26) pol   82.99 ,  azi   80.50; pol   82.99 ,  azi  132.75; modCCdopfac[58] 1.0035
mod 14, crystal 3 [ 59]: ( -7.28  16.65   3.46) pol   79.22 ,  azi   78.26; pol   79.22 ,  azi  113.61; modCCdopfac[59] 1.0057
mod 15, crystal 0 [ 60]: (-16.42   8.47   0.92) pol   87.15 ,  azi   83.80; pol   87.15 ,  azi  152.71; modCCdopfac[60] 1.0011
mod 15, crystal 1 [ 61]: (-16.46   6.77  -5.04) pol  105.79 ,  azi  126.64; pol  105.79 ,  azi  157.65; modCCdopfac[61] 0.9906
mod 15, crystal 2 [ 62]: (-18.26   2.80  -0.92) pol   92.85 ,  azi  108.22; pol   92.85 ,  azi  171.29; modCCdopfac[62] 0.9978
mod 15, crystal 3 [ 63]: (-17.30   4.20   5.04) pol   74.21 ,  azi   39.84; pol   74.21 ,  azi  166.35; modCCdopfac[63] 1.0085
mod 16, crystal 0 [ 64]: (-18.01  -3.58  -2.26) pol   97.01 ,  azi -122.21; pol   97.01 ,  azi -168.75; modCCdopfac[64] 0.9954
mod 16, crystal 1 [ 65]: (-15.68  -9.19  -3.46) pol  100.78 ,  azi -110.62; pol  100.78 ,  azi -149.61; modCCdopfac[65] 0.9933
mod 16, crystal 2 [ 66]: (-16.68  -7.69   2.26) pol   82.99 ,  azi  -73.64; pol   82.99 ,  azi -155.25; modCCdopfac[66] 1.0035
mod 16, crystal 3 [ 67]: (-18.09  -1.78   3.46) pol   79.22 ,  azi  -27.18; pol   79.22 ,  azi -174.39; modCCdopfac[67] 1.0057
mod 17, crystal 0 [ 68]: (-13.13 -13.00   0.92) pol   87.15 ,  azi  -85.95; pol   87.15 ,  azi -135.29; modCCdopfac[68] 1.0011
mod 17, crystal 1 [ 69]: (-11.53 -13.57  -5.04) pol  105.79 ,  azi -110.36; pol  105.79 ,  azi -130.35; modCCdopfac[69] 0.9906
mod 17, crystal 2 [ 70]: ( -8.30 -16.51  -0.92) pol   92.85 ,  azi  -93.19; pol   92.85 ,  azi -116.71; modCCdopfac[70] 0.9978
mod 17, crystal 3 [ 71]: ( -9.34 -15.15   5.04) pol   74.21 ,  azi  -71.62; pol   74.21 ,  azi -121.65; modCCdopfac[71] 1.0085
mod 18, crystal 0 [ 72]: ( -2.16 -18.23  -2.26) pol   97.01 ,  azi  -97.05; pol   97.01 ,  azi  -96.75; modCCdopfac[72] 0.9954
mod 18, crystal 1 [ 73]: (  3.90 -17.75  -3.46) pol  100.78 ,  azi -101.03; pol  100.78 ,  azi  -77.61; modCCdopfac[73] 0.9933
mod 18, crystal 2 [ 74]: (  2.16 -18.23   2.26) pol   82.99 ,  azi  -82.95; pol   82.99 ,  azi  -83.25; modCCdopfac[74] 1.0035
mod 18, crystal 3 [ 75]: ( -3.90 -17.75   3.46) pol   79.22 ,  azi  -78.97; pol   79.22 ,  azi -102.39; modCCdopfac[75] 1.0057
mod 19, crystal 0 [ 76]: (  8.30 -16.51   0.92) pol   87.15 ,  azi  -86.81; pol   87.15 ,  azi  -63.29; modCCdopfac[76] 1.0011
mod 19, crystal 1 [ 77]: (  9.34 -15.15  -5.04) pol  105.79 ,  azi -108.38; pol  105.79 ,  azi  -58.35; modCCdopfac[77] 0.9906
mod 19, crystal 2 [ 78]: ( 13.13 -13.00  -0.92) pol   92.85 ,  azi  -94.05; pol   92.85 ,  azi  -44.71; modCCdopfac[78] 0.9978
mod 19, crystal 3 [ 79]: ( 11.53 -13.57   5.04) pol   74.21 ,  azi  -69.64; pol   74.21 ,  azi  -49.65; modCCdopfac[79] 1.0085
mod 20, crystal 0 [ 80]: ( 16.68  -7.69  -2.26) pol   97.01 ,  azi -106.36; pol   97.01 ,  azi  -24.75; modCCdopfac[80] 0.9954
mod 20, crystal 1 [ 81]: ( 18.09  -1.78  -3.46) pol  100.78 ,  azi -152.82; pol  100.78 ,  azi   -5.61; modCCdopfac[81] 0.9933
mod 20, crystal 2 [ 82]: ( 18.01  -3.58   2.26) pol   82.99 ,  azi  -57.79; pol   82.99 ,  azi  -11.25; modCCdopfac[82] 1.0035
mod 20, crystal 3 [ 83]: ( 15.68  -9.19   3.46) pol   79.22 ,  azi  -69.38; pol   79.22 ,  azi  -30.39; modCCdopfac[83] 1.0057
mod 21, crystal 0 [ 84]: ( 14.30   9.42  -7.02) pol  112.29 ,  azi  126.69; pol  112.29 ,  azi   33.37; modCCdopfac[84] 0.9871
mod 21, crystal 1 [ 85]: ( 14.51   4.37 -10.61) pol  124.98 ,  azi  157.60; pol  124.98 ,  azi   16.77; modCCdopfac[85] 0.9809
mod 21, crystal 2 [ 86]: ( 10.80   8.82 -12.16) pol  131.08 ,  azi  144.04; pol  131.08 ,  azi   39.23; modCCdopfac[86] 0.9782
mod 21, crystal 3 [ 87]: (  9.92  13.38  -8.06) pol  115.82 ,  azi  121.06; pol  115.82 ,  azi   53.45; modCCdopfac[87] 0.9853
mod 22, crystal 0 [ 88]: ( -4.54  16.51  -7.02) pol  112.29 ,  azi  113.03; pol  112.29 ,  azi  105.37; modCCdopfac[88] 0.9871
mod 22, crystal 1 [ 89]: (  0.33  15.15 -10.61) pol  124.98 ,  azi  124.99; pol  124.98 ,  azi   88.77; modCCdopfac[89] 0.9809
mod 22, crystal 2 [ 90]: ( -5.05  13.00 -12.16) pol  131.08 ,  azi  133.08; pol  131.08 ,  azi  111.23; modCCdopfac[90] 0.9782
mod 22, crystal 3 [ 91]: ( -9.66  13.57  -8.06) pol  115.82 ,  azi  120.71; pol  115.82 ,  azi  125.45; modCCdopfac[91] 0.9853
mod 23, crystal 0 [ 92]: (-17.10   0.79  -7.02) pol  112.29 ,  azi  173.61; pol  112.29 ,  azi  177.37; modCCdopfac[92] 0.9871
mod 23, crystal 1 [ 93]: (-14.31   4.99 -10.61) pol  124.98 ,  azi  154.79; pol  124.98 ,  azi  160.77; modCCdopfac[93] 0.9809
mod 23, crystal 2 [ 94]: (-13.92  -0.79 -12.16) pol  131.08 ,  azi -176.30; pol  131.08 ,  azi -176.77; modCCdopfac[94] 0.9782
mod 23, crystal 3 [ 95]: (-15.89  -4.99  -8.06) pol  115.82 ,  azi -148.21; pol  115.82 ,  azi -162.55; modCCdopfac[95] 0.9853
mod 24, crystal 0 [ 96]: ( -6.03 -16.02  -7.02) pol  112.29 ,  azi -113.65; pol  112.29 ,  azi -110.63; modCCdopfac[96] 0.9871
mod 24, crystal 1 [ 97]: ( -9.17 -12.07 -10.61) pol  124.98 ,  azi -131.31; pol  124.98 ,  azi -127.23; modCCdopfac[97] 0.9809
mod 24, crystal 2 [ 98]: ( -3.56 -13.48 -12.16) pol  131.08 ,  azi -132.04; pol  131.08 ,  azi -104.77; modCCdopfac[98] 0.9782
mod 24, crystal 3 [ 99]: ( -0.16 -16.65  -8.06) pol  115.82 ,  azi -115.82; pol  115.82 ,  azi  -90.55; modCCdopfac[99] 0.9853
mod 25, crystal 0 [100]: ( 13.37 -10.69  -7.02) pol  112.29 ,  azi -123.29; pol  112.29 ,  azi  -38.63; modCCdopfac[100] 0.9871
mod 25, crystal 1 [101]: (  8.64 -12.45 -10.61) pol  124.98 ,  azi -130.42; pol  124.98 ,  azi  -55.23; modCCdopfac[101] 0.9809
mod 25, crystal 2 [102]: ( 11.73  -7.55 -12.16) pol  131.08 ,  azi -148.16; pol  131.08 ,  azi  -32.77; modCCdopfac[102] 0.9782
mod 25, crystal 3 [103]: ( 15.79  -5.30  -8.06) pol  115.82 ,  azi -146.67; pol  115.82 ,  azi  -18.55; modCCdopfac[103] 0.9853
mod 26, crystal 0 [104]: (  0.29  10.69 -15.10) pol  144.70 ,  azi  144.71; pol  144.70 ,  azi   88.42; modCCdopfac[104] 0.9732
mod 26, crystal 1 [105]: (  5.62  12.45 -12.47) pol  132.40 ,  azi  135.05; pol  132.40 ,  azi   65.70; modCCdopfac[105] 0.9777
mod 26, crystal 2 [106]: (  5.63   7.55 -15.92) pol  149.40 ,  azi  154.64; pol  149.40 ,  azi   53.28; modCCdopfac[106] 0.9718
mod 26, crystal 3 [107]: (  0.15   5.30 -17.72) pol  163.35 ,  azi  163.36; pol  163.35 ,  azi   88.42; modCCdopfac[107] 0.9688
mod 27, crystal 0 [108]: (-10.07   3.58 -15.10) pol  144.70 ,  azi  166.65; pol  144.70 ,  azi  160.42; modCCdopfac[108] 0.9732
mod 27, crystal 1 [109]: (-10.11   9.19 -12.47) pol  132.40 ,  azi  143.61; pol  132.40 ,  azi  137.70; modCCdopfac[109] 0.9777
mod 27, crystal 2 [110]: ( -5.44   7.69 -15.92) pol  149.40 ,  azi  154.23; pol  149.40 ,  azi  125.28; modCCdopfac[110] 0.9718
mod 27, crystal 3 [111]: ( -4.99   1.78 -17.72) pol  163.35 ,  azi  174.28; pol  163.35 ,  azi  160.42; modCCdopfac[111] 0.9688
mod 28, crystal 0 [112]: ( -6.52  -8.47 -15.10) pol  144.70 ,  azi -150.70; pol  144.70 ,  azi -127.58; modCCdopfac[112] 0.9732
mod 28, crystal 1 [113]: (-11.87  -6.77 -12.47) pol  132.40 ,  azi -151.51; pol  132.40 ,  azi -150.30; modCCdopfac[113] 0.9777
mod 28, crystal 2 [114]: ( -8.99  -2.80 -15.92) pol  149.40 ,  azi -170.04; pol  149.40 ,  azi -162.72; modCCdopfac[114] 0.9718
mod 28, crystal 3 [115]: ( -3.23  -4.20 -17.72) pol  163.35 ,  azi -166.67; pol  163.35 ,  azi -127.58; modCCdopfac[115] 0.9688
mod 29, crystal 0 [116]: (  6.04  -8.82 -15.10) pol  144.70 ,  azi -149.71; pol  144.70 ,  azi  -55.58; modCCdopfac[116] 0.9732
mod 29, crystal 1 [117]: (  2.77 -13.38 -12.47) pol  132.40 ,  azi -133.00; pol  132.40 ,  azi  -78.30; modCCdopfac[117] 0.9777
mod 29, crystal 2 [118]: ( -0.12  -9.42 -15.92) pol  149.40 ,  azi -149.40; pol  149.40 ,  azi  -90.72; modCCdopfac[118] 0.9718
mod 29, crystal 3 [119]: (  3.00  -4.37 -17.72) pol  163.35 ,  azi -166.14; pol  163.35 ,  azi  -55.58; modCCdopfac[119] 0.9688
mod 30, crystal 0 [120]: ( 10.25   3.02 -15.10) pol  144.70 ,  azi  168.68; pol  144.70 ,  azi   16.42; modCCdopfac[120] 0.9732
mod 30, crystal 1 [121]: ( 13.58  -1.50 -12.47) pol  132.40 ,  azi -173.15; pol  132.40 ,  azi   -6.30; modCCdopfac[121] 0.9777
mod 30, crystal 2 [122]: (  8.92  -3.02 -15.92) pol  149.40 ,  azi -169.25; pol  149.40 ,  azi  -18.72; modCCdopfac[122] 0.9718
mod 30, crystal 3 [123]: (  5.08   1.50 -17.72) pol  163.35 ,  azi  175.17; pol  163.35 ,  azi   16.42; modCCdopfac[123] 0.9688
setup signal catcher
started sorting... from disk...

Pars.maxTS=4611686018427387904
got initial header, TS=2385132996399 ID: 1 length: 464
read initial payload of siz=464 into event position 1
__ptgd[0]->type= 0; ptgd[0]->length=   0; ptgd[0]->timestamp=0
initial ii=1, nn=1
ev#     0 GEB_TYPE_DECOMP        464Bytes TS=2385132996867 curTS=2385132996399 dTS= 468
t0=2385132996399
first event: GEB_event.mult=1
   0/ 0: ( 1,GEB_TYPE_DECOMP      ) TS=       2385132996399; dT=0
maxTS=11025132996399
that is 86400.0 seconds or 24h0m0s minutes of sorting
GEBGetEv returned st=0
we have read 960 bytes; CurEvNo=1

+++++++++++++++++++++++++++++++
*start event # 1 with multiplicity 1 looks like this:
 0>  1, GEB_TYPE_DECOMP      , TS=2385132996399
entered bin_mode2: 1/10
ptinp->pad= 6, (ptinp->pad&0x000000ff)= 6
updated CCadd with    0.00
total number of hits in array: 0
exit bin_mode2
entered bin_mode3 @ event number: 1 
exit bin_mode3
*end of event # 1
+++++++++++++++++++++++++++++++
ev#     1 GEB_TYPE_DECOMP        464Bytes TS=2385132997873 curTS=2385132996867 dTS= 1006
GEBGetEv returned st=0
we have read 1440 bytes; CurEvNo=2

+++++++++++++++++++++++++++++++
*start event # 2 with multiplicity 1 looks like this:
 0>  1, GEB_TYPE_DECOMP      , TS=2385132996867
entered bin_mode2: 2/10
ptinp->pad= 6, (ptinp->pad&0x000000ff)= 6
updated CCadd with    0.00
total number of hits in array: 0
exit bin_mode2
entered bin_mode3 @ event number: 2 
exit bin_mode3
*end of event # 2
+++++++++++++++++++++++++++++++
ev#     2 GEB_TYPE_DECOMP        464Bytes TS=2385133050277 curTS=2385132997873 dTS= 52404
GEBGetEv returned st=0
we have read 1920 bytes; CurEvNo=3

+++++++++++++++++++++++++++++++
*start event # 3 with multiplicity 1 looks like this:
 0>  1, GEB_TYPE_DECOMP      , TS=2385132997873
entered bin_mode2: 3/10
ptinp->pad= 6, (ptinp->pad&0x000000ff)= 6
updated CCadd with    0.00
total number of hits in array: 0
exit bin_mode2
entered bin_mode3 @ event number: 3 
exit bin_mode3
*end of event # 3
+++++++++++++++++++++++++++++++
ev#     3 GEB_TYPE_GT_MOD29      396Bytes TS=2385133050925 curTS=2385133050277 dTS= 648
GEBGetEv returned st=0
we have read 2332 bytes; CurEvNo=4

+++++++++++++++++++++++++++++++
*start event # 4 with multiplicity 1 looks like this:
 0>  1, GEB_TYPE_DECOMP      , TS=2385133050277
entered bin_mode2: 4/10
ptinp->pad= 6, (ptinp->pad&0x000000ff)= 6
updated CCadd with    0.00
total number of hits in array: 0
exit bin_mode2
entered bin_mode3 @ event number: 4 
exit bin_mode3
*end of event # 4
+++++++++++++++++++++++++++++++
ev#     4 GEB_TYPE_DECOMP        464Bytes TS=2385133052081 curTS=2385133050925 dTS= 1156
GEBGetEv returned st=0
we have read 2812 bytes; CurEvNo=5

+++++++++++++++++++++++++++++++
*start event # 5 with multiplicity 1 looks like this:
 0>  8, GEB_TYPE_GT_MOD29    , TS=2385133050925
entered bin_mode2: 5/10
updated CCadd with    0.00
total number of hits in array: 0
exit bin_mode2
entered bin_mode3 @ event number: 5 

bin_mode3:  0>  8, GEB_TYPE_GT_MOD29    , TS=2385133050925, 0x22b55021c2d; payload length: 396 bytes

---------
new GTheader at pos=0 or 0 words (8):
Event.hdr[ 0]=0x1f30,   7984
Event.hdr[ 1]=0x300a,  12298
Event.hdr[ 2]=0x1c2d,   7213
Event.hdr[ 3]=0x5502,  21762
Event.hdr[ 4]=0x022b,    555
Event.hdr[ 5]=0x7753,  30547
Event.hdr[ 6]=0x4e0b,  19979
Event.hdr[ 7]=0x0000,      0
Event.hdr[ 8]=0x6333,  25395
Event.hdr[ 9]=0x770b,  30475
Event.hdr[10]=0xe40b,  58379
Event.hdr[11]=0x16f5,   5877
Event.hdr[12]=0x2ecc,  11980
Event.hdr[13]=0x002a,     42
Event.len=  44, Event.traceLen=  12 (in Bytes)
Event.len=  22, Event.traceLen=   6 (in 16 bit words)
Event.len=  11, Event.traceLen=   3 (in 32 bit words)
next start: 0xaaaaaaaa, pos= 44
0x1f30 module_id = 31 crystal_id = 0 digitizer_id = 3 chan_id = 0 ge_id = 124 channel = 30  -> is segment
open superpulse_005_00_01.xy at Event.chan_id = 0
open CCpulse_005_00_01.xy at Event.chan_id = 0
ncrystal=1
wrote trace to CCpulse_005_00_01.xy
two's comp tempE  ::     751443     751443 0x000b7753 |0000|0000|0000|1011|0111|0111|0101|0011|
rawE              ::     751443     751443 0x000b7753 |0000|0000|0000|1011|0111|0111|0101|0011|
rawE (sign change)::     751443     751443 0x000b7753 |0000|0000|0000|1011|0111|0111|0101|0011|
Event.ehi=           23482 0x00005bba
Event.ehi=2348 (gain changed)
Event.LEDts =        2385133050925
Event.CFDts =      265862532300812

---------
new GTheader at pos=44 or 22 words (30):
Event.hdr[ 0]=0x1f31,   7985
Event.hdr[ 1]=0x300a,  12298
Event.hdr[ 2]=0x1c2d,   7213
Event.hdr[ 3]=0x5502,  21762
Event.hdr[ 4]=0x022b,    555
Event.hdr[ 5]=0x03a0,    928
Event.hdr[ 6]=0x4e09,  19977
Event.hdr[ 7]=0x0000,      0
Event.hdr[ 8]=0x6333,  25395
Event.hdr[ 9]=0xffe9,  65513
Event.hdr[10]=0x4408,  17416
Event.hdr[11]=0x118b,   4491
Event.hdr[12]=0x1b24,   6948
Event.hdr[13]=0x0026,     38
Event.len=  44, Event.traceLen=  12 (in Bytes)
Event.len=  22, Event.traceLen=   6 (in 16 bit words)
Event.len=  11, Event.traceLen=   3 (in 32 bit words)
next start: 0xaaaaaaaa, pos= 88
0x1f31 module_id = 31 crystal_id = 0 digitizer_id = 3 chan_id = 1 ge_id = 124 channel = 31  -> is segment
ncrystal=1
wrote trace to CCpulse_005_00_01.xy
two's comp tempE  ::     590752     590752 0x000903a0 |0000|0000|0000|1001|0000|0011|1010|0000|
rawE              ::     590752     590752 0x000903a0 |0000|0000|0000|1001|0000|0011|1010|0000|
rawE (sign change)::     590752     590752 0x000903a0 |0000|0000|0000|1001|0000|0011|1010|0000|
Event.ehi=           18461 0x0000481d
Event.ehi=1846 (gain changed)
Event.LEDts =        2385133050925
Event.CFDts =      269895568392204

---------
new GTheader at pos=88 or 44 words (52):
Event.hdr[ 0]=0x1f32,   7986
Event.hdr[ 1]=0x300a,  12298
Event.hdr[ 2]=0x1c2d,   7213
Event.hdr[ 3]=0x5502,  21762
Event.hdr[ 4]=0x022b,    555
Event.hdr[ 5]=0x0c43,   3139
Event.hdr[ 6]=0x0e00,   3584
Event.hdr[ 7]=0x0000,      0
Event.hdr[ 8]=0x6333,  25395
Event.hdr[ 9]=0xcebe,  52926
Event.hdr[10]=0x2fff,  12287
Event.hdr[11]=0xffc4,  65476
Event.hdr[12]=0x928b,  37515
Event.hdr[13]=0x0000,      0
Event.len=  44, Event.traceLen=  12 (in Bytes)
Event.len=  22, Event.traceLen=   6 (in 16 bit words)
Event.len=  11, Event.traceLen=   3 (in 32 bit words)
next start: 0xaaaaaaaa, pos= 132
0x1f32 module_id = 31 crystal_id = 0 digitizer_id = 3 chan_id = 2 ge_id = 124 channel = 32  -> is segment
ncrystal=1
wrote trace to CCpulse_005_00_01.xy
two's comp tempE  ::       3139       3139 0x00000c43 |0000|0000|0000|0000|0000|1100|0100|0011|
rawE              ::       3139       3139 0x00000c43 |0000|0000|0000|0000|0000|1100|0100|0011|
rawE (sign change)::       3139       3139 0x00000c43 |0000|0000|0000|0000|0000|1100|0100|0011|
Event.ehi=              98 0x00000062
Event.ehi=9 (gain changed)
Event.LEDts =        2385133050925
Event.CFDts =          47245295628

---------
new GTheader at pos=132 or 66 words (74):
Event.hdr[ 0]=0x1f33,   7987
Event.hdr[ 1]=0x300a,  12298
Event.hdr[ 2]=0x1c2d,   7213
Event.hdr[ 3]=0x5502,  21762
Event.hdr[ 4]=0x022b,    555
Event.hdr[ 5]=0xc785,  51077
Event.hdr[ 6]=0x4e0b,  19979
Event.hdr[ 7]=0x0000,      0
Event.hdr[ 8]=0x6333,  25395
Event.hdr[ 9]=0xc6f3,  50931
Event.hdr[10]=0xbe0b,  48651
Event.hdr[11]=0x1695,   5781
Event.hdr[12]=0x936c,  37740
Event.hdr[13]=0x0031,     49
Event.len=  44, Event.traceLen=  12 (in Bytes)
Event.len=  22, Event.traceLen=   6 (in 16 bit words)
Event.len=  11, Event.traceLen=   3 (in 32 bit words)
next start: 0xaaaaaaaa, pos= 176
0x1f33 module_id = 31 crystal_id = 0 digitizer_id = 3 chan_id = 3 ge_id = 124 channel = 33  -> is segment
ncrystal=1
wrote trace to CCpulse_005_00_01.xy
two's comp tempE  ::     771973     771973 0x000bc785 |0000|0000|0000|1011|1100|0111|1000|0101|
rawE              ::     771973     771973 0x000bc785 |0000|0000|0000|1011|1100|0111|1000|0101|
rawE (sign change)::     771973     771973 0x000bc785 |0000|0000|0000|1011|1100|0111|1000|0101|
Event.ehi=           24124 0x00005e3c
Event.ehi=2412 (gain changed)
Event.LEDts =        2385133050925
Event.CFDts =      265424438820876

---------
new GTheader at pos=176 or 88 words (96):
Event.hdr[ 0]=0x1f34,   7988
Event.hdr[ 1]=0x300a,  12298
Event.hdr[ 2]=0x1c2d,   7213
Event.hdr[ 3]=0x5502,  21762
Event.hdr[ 4]=0x022b,    555
Event.hdr[ 5]=0x0011,     17
Event.hdr[ 6]=0x0e00,   3584
Event.hdr[ 7]=0x0000,      0
Event.hdr[ 8]=0x6333,  25395
Event.hdr[ 9]=0xffff,  65535
Event.hdr[10]=0x85ff,  34303
Event.hdr[11]=0xffff,  65535
Event.hdr[12]=0xff73,  65395
Event.hdr[13]=0x07ff,   2047
Event.len=  44, Event.traceLen=  12 (in Bytes)
Event.len=  22, Event.traceLen=   6 (in 16 bit words)
Event.len=  11, Event.traceLen=   3 (in 32 bit words)
next start: 0xaaaaaaaa, pos= 220
0x1f34 module_id = 31 crystal_id = 0 digitizer_id = 3 chan_id = 4 ge_id = 124 channel = 34  -> is segment
ncrystal=1
wrote trace to CCpulse_005_00_01.xy
two's comp tempE  ::         17         17 0x00000011 |0000|0000|0000|0000|0000|0000|0001|0001|
rawE              ::         17         17 0x00000011 |0000|0000|0000|0000|0000|0000|0001|0001|
rawE (sign change)::         17         17 0x00000011 |0000|0000|0000|0000|0000|0000|0001|0001|
Event.ehi=               0 0x00000000
Event.ehi=0 (gain changed)
Event.LEDts =        2385133050925
Event.CFDts =         257701838860

---------
new GTheader at pos=220 or 110 words (118):
Event.hdr[ 0]=0x1f35,   7989
Event.hdr[ 1]=0x300a,  12298
Event.hdr[ 2]=0x1c2d,   7213
Event.hdr[ 3]=0x5502,  21762
Event.hdr[ 4]=0x022b,    555
Event.hdr[ 5]=0xcb2c,  52012
Event.hdr[ 6]=0x4e08,  19976
Event.hdr[ 7]=0x0000,      0
Event.hdr[ 8]=0x6333,  25395
Event.hdr[ 9]=0xca4b,  51787
Event.hdr[10]=0xdc08,  56328
Event.hdr[11]=0x11fb,   4603
Event.hdr[12]=0x726c,  29292
Event.hdr[13]=0x0021,     33
Event.len=  44, Event.traceLen=  12 (in Bytes)
Event.len=  22, Event.traceLen=   6 (in 16 bit words)
Event.len=  11, Event.traceLen=   3 (in 32 bit words)
next start: 0xaaaaaaaa, pos= 264
0x1f35 module_id = 31 crystal_id = 0 digitizer_id = 3 chan_id = 5 ge_id = 124 channel = 35  -> is segment
ncrystal=1
wrote trace to CCpulse_005_00_01.xy
two's comp tempE  ::     576300     576300 0x0008cb2c |0000|0000|0000|1000|1100|1011|0010|1100|
rawE              ::     576300     576300 0x0008cb2c |0000|0000|0000|1000|1100|1011|0010|1100|
rawE (sign change)::     576300     576300 0x0008cb2c |0000|0000|0000|1000|1100|1011|0010|1100|
Event.ehi=           18009 0x00004659
Event.ehi=1800 (gain changed)
Event.LEDts =        2385133050925
Event.CFDts =      269380164190220

---------
new GTheader at pos=264 or 132 words (140):
Event.hdr[ 0]=0x1f36,   7990
Event.hdr[ 1]=0x300a,  12298
Event.hdr[ 2]=0x1c2d,   7213
Event.hdr[ 3]=0x5502,  21762
Event.hdr[ 4]=0x022b,    555
Event.hdr[ 5]=0x0262,    610
Event.hdr[ 6]=0x0e00,   3584
Event.hdr[ 7]=0x0000,      0
Event.hdr[ 8]=0x6333,  25395
Event.hdr[ 9]=0x0213,    531
Event.hdr[10]=0x1e00,   7680
Event.hdr[11]=0x03f8,   1016
Event.hdr[12]=0x89f8,  35320
Event.hdr[13]=0x000b,     11
Event.len=  44, Event.traceLen=  12 (in Bytes)
Event.len=  22, Event.traceLen=   6 (in 16 bit words)
Event.len=  11, Event.traceLen=   3 (in 32 bit words)
next start: 0xaaaaaaaa, pos= 308
0x1f36 module_id = 31 crystal_id = 0 digitizer_id = 3 chan_id = 6 ge_id = 124 channel = 36  -> is segment
ncrystal=1
wrote trace to CCpulse_005_00_01.xy
two's comp tempE  ::        610        610 0x00000262 |0000|0000|0000|0000|0000|0010|0110|0010|
rawE              ::        610        610 0x00000262 |0000|0000|0000|0000|0000|0010|0110|0010|
rawE (sign change)::        610        610 0x00000262 |0000|0000|0000|0000|0000|0010|0110|0010|
Event.ehi=              19 0x00000013
Event.ehi=1 (gain changed)
Event.LEDts =        2385133050925
Event.CFDts =      281397666185228

---------
new GTheader at pos=308 or 154 words (162):
Event.hdr[ 0]=0x1f37,   7991
Event.hdr[ 1]=0x300a,  12298
Event.hdr[ 2]=0x1c2d,   7213
Event.hdr[ 3]=0x5502,  21762
Event.hdr[ 4]=0x022b,    555
Event.hdr[ 5]=0x1fda,   8154
Event.hdr[ 6]=0x0e00,   3584
Event.hdr[ 7]=0x0000,      0
Event.hdr[ 8]=0x6333,  25395
Event.hdr[ 9]=0xccb6,  52406
Event.hdr[10]=0x89ff,  35327
Event.hdr[11]=0x0141,    321
Event.hdr[12]=0x63d4,  25556
Event.hdr[13]=0x0003,      3
Event.len=  44, Event.traceLen=  12 (in Bytes)
Event.len=  22, Event.traceLen=   6 (in 16 bit words)
Event.len=  11, Event.traceLen=   3 (in 32 bit words)
next start: 0xaaaaaaaa, pos= 352
0x1f37 module_id = 31 crystal_id = 0 digitizer_id = 3 chan_id = 7 ge_id = 124 channel = 37  -> is segment
ncrystal=1
wrote trace to CCpulse_005_00_01.xy
two's comp tempE  ::       8154       8154 0x00001fda |0000|0000|0000|0000|0001|1111|1101|1010|
rawE              ::       8154       8154 0x00001fda |0000|0000|0000|0000|0001|1111|1101|1010|
rawE (sign change)::       8154       8154 0x00001fda |0000|0000|0000|0000|0001|1111|1101|1010|
Event.ehi=             254 0x000000fe
Event.ehi=25 (gain changed)
Event.LEDts =        2385133050925
Event.CFDts =          34360262668

---------
new GTheader at pos=352 or 176 words (184):
Event.hdr[ 0]=0x1f38,   7992
Event.hdr[ 1]=0x300a,  12298
Event.hdr[ 2]=0x1c2d,   7213
Event.hdr[ 3]=0x5502,  21762
Event.hdr[ 4]=0x022b,    555
Event.hdr[ 5]=0x8ab0,  35504
Event.hdr[ 6]=0x1ff9,   8185
Event.hdr[ 7]=0x0000,      0
Event.hdr[ 8]=0x6333,  25395
Event.hdr[ 9]=0xbc30,  48176
Event.hdr[10]=0x59fc,  23036
Event.hdr[11]=0xf9c6,  63942
Event.hdr[12]=0x98eb,  39147
Event.hdr[13]=0x07f3,   2035
Event.len=  44, Event.traceLen=  12 (in Bytes)
Event.len=  22, Event.traceLen=   6 (in 16 bit words)
Event.len=  11, Event.traceLen=   3 (in 32 bit words)
0x1f38 module_id = 31 crystal_id = 0 digitizer_id = 3 chan_id = 8 ge_id = 124 channel = 38  -> is segment
ncrystal=1
wrote trace to CCpulse_005_00_01.xy
two's comp tempE  ::   16353968   16353968 0x00f98ab0 |0000|0000|1111|1001|1000|1010|1011|0000|
rawE              :: 4294544048    -423248 0xfff98ab0 |1111|1111|1111|1001|1000|1010|1011|0000|
rawE (sign change)::     423248     423248 0x00067550 |0000|0000|0000|0110|0111|0101|0101|0000|
Event.ehi=           13226 0x000033aa
Event.ehi=1322 (gain changed)
Event.LEDts =        2385133050925
Event.CFDts =         489636364300
exit bin_mode3
*end of event # 5
+++++++++++++++++++++++++++++++
ev#     5 GEB_TYPE_GT_MOD29      440Bytes TS=2385133077593 curTS=2385133052081 dTS= 25512
GEBGetEv returned st=0
we have read 3268 bytes; CurEvNo=6

+++++++++++++++++++++++++++++++
*start event # 6 with multiplicity 1 looks like this:
 0>  1, GEB_TYPE_DECOMP      , TS=2385133052081
entered bin_mode2: 6/10
ptinp->pad= 6, (ptinp->pad&0x000000ff)= 6
updated CCadd with    0.00
total number of hits in array: 0
exit bin_mode2
entered bin_mode3 @ event number: 6 
exit bin_mode3
*end of event # 6
+++++++++++++++++++++++++++++++
ev#     6 GEB_TYPE_DECOMP        464Bytes TS=2385133077899 curTS=2385133077593 dTS= 306
GEBGetEv returned st=0
we have read 3748 bytes; CurEvNo=7

+++++++++++++++++++++++++++++++
*start event # 7 with multiplicity 1 looks like this:
 0>  8, GEB_TYPE_GT_MOD29    , TS=2385133077593
entered bin_mode2: 7/10
updated CCadd with    0.00
total number of hits in array: 0
exit bin_mode2
entered bin_mode3 @ event number: 7 

bin_mode3:  0>  8, GEB_TYPE_GT_MOD29    , TS=2385133077593, 0x22b55028459; payload length: 440 bytes

---------
new GTheader at pos=0 or 0 words (8):
Event.hdr[ 0]=0x1f30,   7984
Event.hdr[ 1]=0x300a,  12298
Event.hdr[ 2]=0x8459,  33881
Event.hdr[ 3]=0x5502,  21762
Event.hdr[ 4]=0x022b,    555
Event.hdr[ 5]=0x6d6d,  28013
Event.hdr[ 6]=0x4e0c,  19980
Event.hdr[ 7]=0x6393,  25491
Event.hdr[ 8]=0x0497,   1175
Event.hdr[ 9]=0x6d09,  27913
Event.hdr[10]=0x240c,   9228
Event.hdr[11]=0x18b6,   6326
Event.hdr[12]=0xdc2c,  56364
Event.hdr[13]=0x002d,     45
Event.len=  44, Event.traceLen=  12 (in Bytes)
Event.len=  22, Event.traceLen=   6 (in 16 bit words)
Event.len=  11, Event.traceLen=   3 (in 32 bit words)
next start: 0xaaaaaaaa, pos= 44
0x1f30 module_id = 31 crystal_id = 0 digitizer_id = 3 chan_id = 0 ge_id = 124 channel = 30  -> is segment
open superpulse_007_00_01.xy at Event.chan_id = 0
open CCpulse_007_00_01.xy at Event.chan_id = 0
ncrystal=1
wrote trace to CCpulse_007_00_01.xy
two's comp tempE  ::     814445     814445 0x000c6d6d |0000|0000|0000|1100|0110|1101|0110|1101|
rawE              ::     814445     814445 0x000c6d6d |0000|0000|0000|1100|0110|1101|0110|1101|
rawE (sign change)::     814445     814445 0x000c6d6d |0000|0000|0000|1100|0110|1101|0110|1101|
Event.ehi=           25451 0x0000636b
Event.ehi=2545 (gain changed)
Event.LEDts =        2385133077593
Event.CFDts =      264552547155980

---------
new GTheader at pos=44 or 22 words (30):
Event.hdr[ 0]=0x1f31,   7985
Event.hdr[ 1]=0x300a,  12298
Event.hdr[ 2]=0x8459,  33881
Event.hdr[ 3]=0x5502,  21762
Event.hdr[ 4]=0x022b,    555
Event.hdr[ 5]=0xff93,  65427
Event.hdr[ 6]=0x4e09,  19977
Event.hdr[ 7]=0x6393,  25491
Event.hdr[ 8]=0x0497,   1175
Event.hdr[ 9]=0xfba3,  64419
Event.hdr[10]=0x4609,  17929
Event.hdr[11]=0x1052,   4178
Event.hdr[12]=0xffa4,  65444
Event.hdr[13]=0x0023,     35
Event.len=  44, Event.traceLen=  12 (in Bytes)
Event.len=  22, Event.traceLen=   6 (in 16 bit words)
Event.len=  11, Event.traceLen=   3 (in 32 bit words)
next start: 0xaaaaaaaa, pos= 88
0x1f31 module_id = 31 crystal_id = 0 digitizer_id = 3 chan_id = 1 ge_id = 124 channel = 31  -> is segment
ncrystal=1
wrote trace to CCpulse_007_00_01.xy
two's comp tempE  ::     655251     655251 0x0009ff93 |0000|0000|0000|1001|1111|1111|1001|0011|
rawE              ::     655251     655251 0x0009ff93 |0000|0000|0000|1001|1111|1111|1001|0011|
rawE (sign change)::     655251     655251 0x0009ff93 |0000|0000|0000|1001|1111|1111|1001|0011|
Event.ehi=           20476 0x00004ffc
Event.ehi=2047 (gain changed)
Event.LEDts =        2385133077593
Event.CFDts =      268641418608652

---------
new GTheader at pos=88 or 44 words (52):
Event.hdr[ 0]=0x1f32,   7986
Event.hdr[ 1]=0x300a,  12298
Event.hdr[ 2]=0x8459,  33881
Event.hdr[ 3]=0x5502,  21762
Event.hdr[ 4]=0x022b,    555
Event.hdr[ 5]=0x0cde,   3294
Event.hdr[ 6]=0x0e00,   3584
Event.hdr[ 7]=0x6393,  25491
Event.hdr[ 8]=0x0497,   1175
Event.hdr[ 9]=0xed3b,  60731
Event.hdr[10]=0xcdff,  52735
Event.hdr[11]=0xffe2,  65506
Event.hdr[12]=0x3afb,  15099
Event.hdr[13]=0x07ff,   2047
Event.len=  44, Event.traceLen=  12 (in Bytes)
Event.len=  22, Event.traceLen=   6 (in 16 bit words)
Event.len=  11, Event.traceLen=   3 (in 32 bit words)
next start: 0xaaaaaaaa, pos= 132
0x1f32 module_id = 31 crystal_id = 0 digitizer_id = 3 chan_id = 2 ge_id = 124 channel = 32  -> is segment
ncrystal=1
wrote trace to CCpulse_007_00_01.xy
two's comp tempE  ::       3294       3294 0x00000cde |0000|0000|0000|0000|0000|1100|1101|1110|
rawE              ::       3294       3294 0x00000cde |0000|0000|0000|0000|0000|1100|1101|1110|
rawE (sign change)::       3294       3294 0x00000cde |0000|0000|0000|0000|0000|1100|1101|1110|
Event.ehi=             102 0x00000066
Event.ehi=10 (gain changed)
Event.LEDts =        2385133077593
Event.CFDts =      281453501349900

---------
new GTheader at pos=132 or 66 words (74):
Event.hdr[ 0]=0x1f33,   7987
Event.hdr[ 1]=0x300a,  12298
Event.hdr[ 2]=0x8459,  33881
Event.hdr[ 3]=0x5502,  21762
Event.hdr[ 4]=0x022b,    555
Event.hdr[ 5]=0x09d8,   2520
Event.hdr[ 6]=0x4e0b,  19979
Event.hdr[ 7]=0x6393,  25491
Event.hdr[ 8]=0x0497,   1175
Event.hdr[ 9]=0x0864,   2148
Event.hdr[10]=0x960b,  38411
Event.hdr[11]=0x14c7,   5319
Event.hdr[12]=0x1bcc,   7116
Event.hdr[13]=0x002f,     47
Event.len=  44, Event.traceLen=  12 (in Bytes)
Event.len=  22, Event.traceLen=   6 (in 16 bit words)
Event.len=  11, Event.traceLen=   3 (in 32 bit words)
next start: 0xaaaaaaaa, pos= 176
0x1f33 module_id = 31 crystal_id = 0 digitizer_id = 3 chan_id = 3 ge_id = 124 channel = 33  -> is segment
ncrystal=1
wrote trace to CCpulse_007_00_01.xy
two's comp tempE  ::     723416     723416 0x000b09d8 |0000|0000|0000|1011|0000|1001|1101|1000|
rawE              ::     723416     723416 0x000b09d8 |0000|0000|0000|1011|0000|1001|1101|1000|
rawE (sign change)::     723416     723416 0x000b09d8 |0000|0000|0000|1011|0000|1001|1101|1000|
Event.ehi=           22606 0x0000584e
Event.ehi=2260 (gain changed)
Event.LEDts =        2385133077593
Event.CFDts =      266395116437516

---------
new GTheader at pos=176 or 88 words (96):
Event.hdr[ 0]=0x1f34,   7988
Event.hdr[ 1]=0x300a,  12298
Event.hdr[ 2]=0x8459,  33881
Event.hdr[ 3]=0x5502,  21762
Event.hdr[ 4]=0x022b,    555
Event.hdr[ 5]=0x0018,     24
Event.hdr[ 6]=0x0e00,   3584
Event.hdr[ 7]=0x6393,  25491
Event.hdr[ 8]=0x0497,   1175
Event.hdr[ 9]=0xfffe,  65534
Event.hdr[10]=0xb7ff,  47103
Event.hdr[11]=0xffff,  65535
Event.hdr[12]=0xffff,  65535
Event.hdr[13]=0x07ff,   2047
Event.len=  44, Event.traceLen=  12 (in Bytes)
Event.len=  22, Event.traceLen=   6 (in 16 bit words)
Event.len=  11, Event.traceLen=   3 (in 32 bit words)
next start: 0xaaaaaaaa, pos= 220
0x1f34 module_id = 31 crystal_id = 0 digitizer_id = 3 chan_id = 4 ge_id = 124 channel = 34  -> is segment
ncrystal=1
wrote trace to CCpulse_007_00_01.xy
two's comp tempE  ::         24         24 0x00000018 |0000|0000|0000|0000|0000|0000|0001|1000|
rawE              ::         24         24 0x00000018 |0000|0000|0000|0000|0000|0000|0001|1000|
rawE (sign change)::         24         24 0x00000018 |0000|0000|0000|0000|0000|0000|0001|1000|
Event.ehi=               0 0x00000000
Event.ehi=0 (gain changed)
Event.LEDts =        2385133077593
Event.CFDts =         257701838860

---------
new GTheader at pos=220 or 110 words (118):
Event.hdr[ 0]=0x1f35,   7989
Event.hdr[ 1]=0x300a,  12298
Event.hdr[ 2]=0x8459,  33881
Event.hdr[ 3]=0x5502,  21762
Event.hdr[ 4]=0x022b,    555
Event.hdr[ 5]=0xe569,  58729
Event.hdr[ 6]=0x0e07,   3591
Event.hdr[ 7]=0x6393,  25491
Event.hdr[ 8]=0x0497,   1175
Event.hdr[ 9]=0xe3f3,  58355
Event.hdr[10]=0x2807,  10247
Event.hdr[11]=0x1379,   4985
Event.hdr[12]=0x292c,  10540
Event.hdr[13]=0x0023,     35
Event.len=  44, Event.traceLen=  12 (in Bytes)
Event.len=  22, Event.traceLen=   6 (in 16 bit words)
Event.len=  11, Event.traceLen=   3 (in 32 bit words)
next start: 0xaaaaaaaa, pos= 264
0x1f35 module_id = 31 crystal_id = 0 digitizer_id = 3 chan_id = 5 ge_id = 124 channel = 35  -> is segment
ncrystal=1
wrote trace to CCpulse_007_00_01.xy
two's comp tempE  ::     517481     517481 0x0007e569 |0000|0000|0000|0111|1110|0101|0110|1001|
rawE              ::     517481     517481 0x0007e569 |0000|0000|0000|0111|1110|0101|0110|1001|
rawE (sign change)::     517481     517481 0x0007e569 |0000|0000|0000|0111|1110|0101|0110|1001|
Event.ehi=           16171 0x00003f2b
Event.ehi=1617 (gain changed)
Event.LEDts =        2385133077593
Event.CFDts =      270582773121036

---------
new GTheader at pos=264 or 132 words (140):
Event.hdr[ 0]=0x1f36,   7990
Event.hdr[ 1]=0x300a,  12298
Event.hdr[ 2]=0x8459,  33881
Event.hdr[ 3]=0x5502,  21762
Event.hdr[ 4]=0x022b,    555
Event.hdr[ 5]=0x1383,   4995
Event.hdr[ 6]=0x0e00,   3584
Event.hdr[ 7]=0x6393,  25491
Event.hdr[ 8]=0x0497,   1175
Event.hdr[ 9]=0xe0b7,  57527
Event.hdr[10]=0xabff,  44031
Event.hdr[11]=0x03ee,   1006
Event.hdr[12]=0x084c,   2124
Event.hdr[13]=0x0000,      0
Event.len=  44, Event.traceLen=  12 (in Bytes)
Event.len=  22, Event.traceLen=   6 (in 16 bit words)
Event.len=  11, Event.traceLen=   3 (in 32 bit words)
next start: 0xaaaaaaaa, pos= 308
0x1f36 module_id = 31 crystal_id = 0 digitizer_id = 3 chan_id = 6 ge_id = 124 channel = 36  -> is segment
ncrystal=1
wrote trace to CCpulse_007_00_01.xy
two's comp tempE  ::       4995       4995 0x00001383 |0000|0000|0000|0000|0001|0011|1000|0011|
rawE              ::       4995       4995 0x00001383 |0000|0000|0000|0000|0001|0011|1000|0011|
rawE (sign change)::       4995       4995 0x00001383 |0000|0000|0000|0000|0001|0011|1000|0011|
Event.ehi=             156 0x0000009c
Event.ehi=15 (gain changed)
Event.LEDts =        2385133077593
Event.CFDts =      281367600889868

---------
new GTheader at pos=308 or 154 words (162):
Event.hdr[ 0]=0x1f37,   7991
Event.hdr[ 1]=0x300a,  12298
Event.hdr[ 2]=0x8459,  33881
Event.hdr[ 3]=0x5502,  21762
Event.hdr[ 4]=0x022b,    555
Event.hdr[ 5]=0x1dc3,   7619
Event.hdr[ 6]=0x0e00,   3584
Event.hdr[ 7]=0x6393,  25491
Event.hdr[ 8]=0x0497,   1175
Event.hdr[ 9]=0x083a,   2106
Event.hdr[10]=0xb000,  45056
Event.hdr[11]=0x00fe,    254
Event.hdr[12]=0x32d8,  13016
Event.hdr[13]=0x07ff,   2047
Event.len=  44, Event.traceLen=  12 (in Bytes)
Event.len=  22, Event.traceLen=   6 (in 16 bit words)
Event.len=  11, Event.traceLen=   3 (in 32 bit words)
next start: 0xaaaaaaaa, pos= 352
0x1f37 module_id = 31 crystal_id = 0 digitizer_id = 3 chan_id = 7 ge_id = 124 channel = 37  -> is segment
ncrystal=1
wrote trace to CCpulse_007_00_01.xy
two's comp tempE  ::       7619       7619 0x00001dc3 |0000|0000|0000|0000|0001|1101|1100|0011|
rawE              ::       7619       7619 0x00001dc3 |0000|0000|0000|0000|0001|1101|1100|0011|
rawE (sign change)::       7619       7619 0x00001dc3 |0000|0000|0000|0000|0001|1101|1100|0011|
Event.ehi=             238 0x000000ee
Event.ehi=23 (gain changed)
Event.LEDts =        2385133077593
Event.CFDts =      281419140956172

---------
new GTheader at pos=352 or 176 words (184):
Event.hdr[ 0]=0x1f38,   7992
Event.hdr[ 1]=0x300a,  12298
Event.hdr[ 2]=0x8459,  33881
Event.hdr[ 3]=0x5502,  21762
Event.hdr[ 4]=0x022b,    555
Event.hdr[ 5]=0x8b8f,  35727
Event.hdr[ 6]=0x1ff9,   8185
Event.hdr[ 7]=0x6393,  25491
Event.hdr[ 8]=0x0497,   1175
Event.hdr[ 9]=0xad71,  44401
Event.hdr[10]=0xd5fc,  54780
Event.hdr[11]=0xf982,  63874
Event.hdr[12]=0xf0c3,  61635
Event.hdr[13]=0x07f2,   2034
Event.len=  44, Event.traceLen=  12 (in Bytes)
Event.len=  22, Event.traceLen=   6 (in 16 bit words)
Event.len=  11, Event.traceLen=   3 (in 32 bit words)
next start: 0xaaaaaaaa, pos= 396
0x1f38 module_id = 31 crystal_id = 0 digitizer_id = 3 chan_id = 8 ge_id = 124 channel = 38  -> is segment
ncrystal=1
wrote trace to CCpulse_007_00_01.xy
two's comp tempE  ::   16354191   16354191 0x00f98b8f |0000|0000|1111|1001|1000|1011|1000|1111|
rawE              :: 4294544271    -423025 0xfff98b8f |1111|1111|1111|1001|1000|1011|1000|1111|
rawE (sign change)::     423025     423025 0x00067471 |0000|0000|0000|0110|0111|0100|0111|0001|
Event.ehi=           13219 0x000033a3
Event.ehi=1321 (gain changed)
Event.LEDts =        2385133077593
Event.CFDts =         579832709132

---------
new GTheader at pos=396 or 198 words (206):
Event.hdr[ 0]=0x1f39,   7993
Event.hdr[ 1]=0x300a,  12298
Event.hdr[ 2]=0x8459,  33881
Event.hdr[ 3]=0x5502,  21762
Event.hdr[ 4]=0x022b,    555
Event.hdr[ 5]=0x724d,  29261
Event.hdr[ 6]=0x4e0f,  19983
Event.hdr[ 7]=0x6393,  25491
Event.hdr[ 8]=0x0497,   1175
Event.hdr[ 9]=0x7096,  28822
Event.hdr[10]=0xf80f,  63503
Event.hdr[11]=0x1b86,   7046
Event.hdr[12]=0xd82c,  55340
Event.hdr[13]=0x07ff,   2047
Event.len=  44, Event.traceLen=  12 (in Bytes)
Event.len=  22, Event.traceLen=   6 (in 16 bit words)
Event.len=  11, Event.traceLen=   3 (in 32 bit words)
0x1f39 module_id = 31 crystal_id = 0 digitizer_id = 3 chan_id = 9 ge_id = 124 channel = 39  -> is CC
ncrystal=1
wrote trace to CCpulse_007_00_01.xy
two's comp tempE  ::    1012301    1012301 0x000f724d |0000|0000|0000|1111|0111|0010|0100|1101|
rawE              ::    1012301    1012301 0x000f724d |0000|0000|0000|1111|0111|0010|0100|1101|
rawE (sign change)::    1012301    1012301 0x000f724d |0000|0000|0000|1111|0111|0010|0100|1101|
Event.ehi=           31634 0x00007b92
Event.ehi=3163 (gain changed)
Event.LEDts =        2385133077593
Event.CFDts =       20860974399500
exit bin_mode3
*end of event # 7
+++++++++++++++++++++++++++++++
ev#     7 GEB_TYPE_DECOMP        464Bytes TS=2385133116941 curTS=2385133077899 dTS= 39042
GEBGetEv returned st=0
we have read 4228 bytes; CurEvNo=8

+++++++++++++++++++++++++++++++
*start event # 8 with multiplicity 1 looks like this:
 0>  1, GEB_TYPE_DECOMP      , TS=2385133077899
entered bin_mode2: 8/10
ptinp->pad= 6, (ptinp->pad&0x000000ff)= 6
updated CCadd with    0.00
total number of hits in array: 0
exit bin_mode2
entered bin_mode3 @ event number: 8 
exit bin_mode3
*end of event # 8
+++++++++++++++++++++++++++++++
ev#     8 GEB_TYPE_DECOMP        464Bytes TS=2385133116957 curTS=2385133116941 dTS= 16
ev#     8 GEB_TYPE_DECOMP        464Bytes TS=2385133117083 curTS=2385133116941 dTS= 142
ev#     8 GEB_TYPE_GT_MOD29      440Bytes TS=2385133117299 curTS=2385133116941 dTS= 358
GEBGetEv returned st=0
we have read 5644 bytes; CurEvNo=9

+++++++++++++++++++++++++++++++
*start event # 9 with multiplicity 3 looks like this:
 0>  1, GEB_TYPE_DECOMP      , TS=2385133116941
 1>  1, GEB_TYPE_DECOMP      , TS=2385133116957
 2>  1, GEB_TYPE_DECOMP      , TS=2385133117083
entered bin_mode2: 9/10
ptinp->pad= 6, (ptinp->pad&0x000000ff)= 6
ptinp->pad= 6, (ptinp->pad&0x000000ff)= 6
ptinp->pad= 6, (ptinp->pad&0x000000ff)= 6
updated CCadd with    0.00
total number of hits in array: 0
exit bin_mode2
entered bin_mode3 @ event number: 9 
exit bin_mode3
*end of event # 9
+++++++++++++++++++++++++++++++
ev#     9 GEB_TYPE_GT_MOD29      440Bytes TS=2385133128255 curTS=2385133117299 dTS= 10956
GEBGetEv returned st=0
we have read 6100 bytes; CurEvNo=10

+++++++++++++++++++++++++++++++
*start event # 10 with multiplicity 1 looks like this:
 0>  8, GEB_TYPE_GT_MOD29    , TS=2385133117299
entered bin_mode2: 10/10
updated CCadd with    0.00
total number of hits in array: 0
exit bin_mode2
entered bin_mode3 @ event number: 10 

bin_mode3:  0>  8, GEB_TYPE_GT_MOD29    , TS=2385133117299, 0x22b55031f73; payload length: 440 bytes

---------
new GTheader at pos=0 or 0 words (8):
Event.hdr[ 0]=0x1f36,   7990
Event.hdr[ 1]=0x300a,  12298
Event.hdr[ 2]=0x1f73,   8051
Event.hdr[ 3]=0x5503,  21763
Event.hdr[ 4]=0x022b,    555
Event.hdr[ 5]=0x0000,      0
Event.hdr[ 6]=0x0e00,   3584
Event.hdr[ 7]=0x97e9,  38889
Event.hdr[ 8]=0x032f,    815
Event.hdr[ 9]=0xe3c2,  58306
Event.hdr[10]=0x7bff,  31743
Event.hdr[11]=0x0007,      7
Event.hdr[12]=0x82dc,  33500
Event.hdr[13]=0x07ff,   2047
Event.len=  44, Event.traceLen=  12 (in Bytes)
Event.len=  22, Event.traceLen=   6 (in 16 bit words)
Event.len=  11, Event.traceLen=   3 (in 32 bit words)
next start: 0xaaaaaaaa, pos= 44
0x1f36 module_id = 31 crystal_id = 0 digitizer_id = 3 chan_id = 6 ge_id = 124 channel = 36  -> is segment
open superpulse_010_00_01.xy at Event.chan_id = 6
open CCpulse_010_00_01.xy at Event.chan_id = 6
ncrystal=1
wrote trace to CCpulse_010_00_01.xy
two's comp tempE  ::          0          0 0x00000000 |0000|0000|0000|0000|0000|0000|0000|0000|
rawE              ::          0          0 0x00000000 |0000|0000|0000|0000|0000|0000|0000|0000|
rawE (sign change)::          0          0 0x00000000 |0000|0000|0000|0000|0000|0000|0000|0000|
Event.ehi=               0 0x00000000
Event.ehi=0 (gain changed)
Event.LEDts =        2385133117299
Event.CFDts =      281393371086860

---------
new GTheader at pos=44 or 22 words (30):
Event.hdr[ 0]=0x1f37,   7991
Event.hdr[ 1]=0x300a,  12298
Event.hdr[ 2]=0x1f73,   8051
Event.hdr[ 3]=0x5503,  21763
Event.hdr[ 4]=0x022b,    555
Event.hdr[ 5]=0x1630,   5680
Event.hdr[ 6]=0x0e00,   3584
Event.hdr[ 7]=0x97e9,  38889
Event.hdr[ 8]=0x032f,    815
Event.hdr[ 9]=0xfe41,  65089
Event.hdr[10]=0x39ff,  14847
Event.hdr[11]=0xfff0,  65520
Event.hdr[12]=0x20eb,   8427
Event.hdr[13]=0x0000,      0
Event.len=  44, Event.traceLen=  12 (in Bytes)
Event.len=  22, Event.traceLen=   6 (in 16 bit words)
Event.len=  11, Event.traceLen=   3 (in 32 bit words)
next start: 0xaaaaaaaa, pos= 88
0x1f37 module_id = 31 crystal_id = 0 digitizer_id = 3 chan_id = 7 ge_id = 124 channel = 37  -> is segment
ncrystal=1
wrote trace to CCpulse_010_00_01.xy
two's comp tempE  ::       5680       5680 0x00001630 |0000|0000|0000|0000|0001|0110|0011|0000|
rawE              ::       5680       5680 0x00001630 |0000|0000|0000|0000|0001|0110|0011|0000|
rawE (sign change)::       5680       5680 0x00001630 |0000|0000|0000|0000|0001|0110|0011|0000|
Event.ehi=             177 0x000000b1
Event.ehi=17 (gain changed)
Event.LEDts =        2385133117299
Event.CFDts =         137441181708

---------
new GTheader at pos=88 or 44 words (52):
Event.hdr[ 0]=0x1f38,   7992
Event.hdr[ 1]=0x300a,  12298
Event.hdr[ 2]=0x1f73,   8051
Event.hdr[ 3]=0x5503,  21763
Event.hdr[ 4]=0x022b,    555
Event.hdr[ 5]=0x89e0,  35296
Event.hdr[ 6]=0x1ff9,   8185
Event.hdr[ 7]=0x97e9,  38889
Event.hdr[ 8]=0x032f,    815
Event.hdr[ 9]=0xd8a7,  55463
Event.hdr[10]=0x01fc,    508
Event.hdr[11]=0xf9c3,  63939
Event.hdr[12]=0xb5c7,  46535
Event.hdr[13]=0x07f2,   2034
Event.len=  44, Event.traceLen=  12 (in Bytes)
Event.len=  22, Event.traceLen=   6 (in 16 bit words)
Event.len=  11, Event.traceLen=   3 (in 32 bit words)
next start: 0xaaaaaaaa, pos= 132
0x1f38 module_id = 31 crystal_id = 0 digitizer_id = 3 chan_id = 8 ge_id = 124 channel = 38  -> is segment
ncrystal=1
wrote trace to CCpulse_010_00_01.xy
two's comp tempE  ::   16353760   16353760 0x00f989e0 |0000|0000|1111|1001|1000|1001|1110|0000|
rawE              :: 4294543840    -423456 0xfff989e0 |1111|1111|1111|1001|1000|1001|1110|0000|
rawE (sign change)::     423456     423456 0x00067620 |0000|0000|0000|0110|0111|0110|0010|0000|
Event.ehi=           13233 0x000033b1
Event.ehi=1323 (gain changed)
Event.LEDts =        2385133117299
Event.CFDts =         369374986252

---------
new GTheader at pos=132 or 66 words (74):
Event.hdr[ 0]=0x1f39,   7993
Event.hdr[ 1]=0x300a,  12298
Event.hdr[ 2]=0x1f73,   8051
Event.hdr[ 3]=0x5503,  21763
Event.hdr[ 4]=0x022b,    555
Event.hdr[ 5]=0x963b,  38459
Event.hdr[ 6]=0x4e0f,  19983
Event.hdr[ 7]=0x97e9,  38889
Event.hdr[ 8]=0x032f,    815
Event.hdr[ 9]=0x9476,  38006
Event.hdr[10]=0x7a0f,  31247
Event.hdr[11]=0xffff,  65535
Event.hdr[12]=0xc25b,  49755
Event.hdr[13]=0x003d,     61
Event.len=  44, Event.traceLen=  12 (in Bytes)
Event.len=  22, Event.traceLen=   6 (in 16 bit words)
Event.len=  11, Event.traceLen=   3 (in 32 bit words)
next start: 0xaaaaaaaa, pos= 176
0x1f39 module_id = 31 crystal_id = 0 digitizer_id = 3 chan_id = 9 ge_id = 124 channel = 39  -> is CC
ncrystal=1
wrote trace to CCpulse_010_00_01.xy
two's comp tempE  ::    1021499    1021499 0x000f963b |0000|0000|0000|1111|1001|0110|0011|1011|
rawE              ::    1021499    1021499 0x000f963b |0000|0000|0000|1111|1001|0110|0011|1011|
rawE (sign change)::    1021499    1021499 0x000f963b |0000|0000|0000|1111|1001|0110|0011|1011|
Event.ehi=           31921 0x00007cb1
Event.ehi=3192 (gain changed)
Event.LEDts =        2385133117299
Event.CFDts =       21049955713036

---------
new GTheader at pos=176 or 88 words (96):
Event.hdr[ 0]=0x1f30,   7984
Event.hdr[ 1]=0x300a,  12298
Event.hdr[ 2]=0x1f73,   8051
Event.hdr[ 3]=0x5503,  21763
Event.hdr[ 4]=0x022b,    555
Event.hdr[ 5]=0x5702,  22274
Event.hdr[ 6]=0x4e09,  19977
Event.hdr[ 7]=0x97e9,  38889
Event.hdr[ 8]=0x032f,    815
Event.hdr[ 9]=0x564c,  22092
Event.hdr[10]=0xec09,  60425
Event.hdr[11]=0xffff,  65535
Event.hdr[12]=0xb427,  46119
Event.hdr[13]=0x0031,     49
Event.len=  44, Event.traceLen=  12 (in Bytes)
Event.len=  22, Event.traceLen=   6 (in 16 bit words)
Event.len=  11, Event.traceLen=   3 (in 32 bit words)
next start: 0xaaaaaaaa, pos= 220
0x1f30 module_id = 31 crystal_id = 0 digitizer_id = 3 chan_id = 0 ge_id = 124 channel = 30  -> is segment
ncrystal=1
wrote trace to CCpulse_010_00_01.xy
two's comp tempE  ::     612098     612098 0x00095702 |0000|0000|0000|1001|0101|0111|0000|0010|
rawE              ::     612098     612098 0x00095702 |0000|0000|0000|1001|0101|0111|0000|0010|
rawE (sign change)::     612098     612098 0x00095702 |0000|0000|0000|1001|0101|0111|0000|0010|
Event.ehi=           19128 0x00004ab8
Event.ehi=1912 (gain changed)
Event.LEDts =        2385133117299
Event.CFDts =      268727319134220

---------
new GTheader at pos=220 or 110 words (118):
Event.hdr[ 0]=0x1f31,   7985
Event.hdr[ 1]=0x300a,  12298
Event.hdr[ 2]=0x1f73,   8051
Event.hdr[ 3]=0x5503,  21763
Event.hdr[ 4]=0x022b,    555
Event.hdr[ 5]=0x50c3,  20675
Event.hdr[ 6]=0x4e09,  19977
Event.hdr[ 7]=0x97e9,  38889
Event.hdr[ 8]=0x032f,    815
Event.hdr[ 9]=0x4d3b,  19771
Event.hdr[10]=0xd409,  54281
Event.hdr[11]=0xffaf,  65455
Event.hdr[12]=0xee8f,  61071
Event.hdr[13]=0x0027,     39
Event.len=  44, Event.traceLen=  12 (in Bytes)
Event.len=  22, Event.traceLen=   6 (in 16 bit words)
Event.len=  11, Event.traceLen=   3 (in 32 bit words)
next start: 0xaaaaaaaa, pos= 264
0x1f31 module_id = 31 crystal_id = 0 digitizer_id = 3 chan_id = 1 ge_id = 124 channel = 31  -> is segment
ncrystal=1
wrote trace to CCpulse_010_00_01.xy
two's comp tempE  ::     610499     610499 0x000950c3 |0000|0000|0000|1001|0101|0000|1100|0011|
rawE              ::     610499     610499 0x000950c3 |0000|0000|0000|1001|0101|0000|1100|0011|
rawE (sign change)::     610499     610499 0x000950c3 |0000|0000|0000|1001|0101|0000|1100|0011|
Event.ehi=           19078 0x00004a86
Event.ehi=1907 (gain changed)
Event.LEDts =        2385133117299
Event.CFDts =      269487540338700

---------
new GTheader at pos=264 or 132 words (140):
Event.hdr[ 0]=0x1f32,   7986
Event.hdr[ 1]=0x300a,  12298
Event.hdr[ 2]=0x1f73,   8051
Event.hdr[ 3]=0x5503,  21763
Event.hdr[ 4]=0x022b,    555
Event.hdr[ 5]=0x27ff,  10239
Event.hdr[ 6]=0x0e00,   3584
Event.hdr[ 7]=0x97e9,  38889
Event.hdr[ 8]=0x032f,    815
Event.hdr[ 9]=0xce03,  52739
Event.hdr[10]=0x59ff,  23039
Event.hdr[11]=0xffda,  65498
Event.hdr[12]=0xb4ef,  46319
Event.hdr[13]=0x07ff,   2047
Event.len=  44, Event.traceLen=  12 (in Bytes)
Event.len=  22, Event.traceLen=   6 (in 16 bit words)
Event.len=  11, Event.traceLen=   3 (in 32 bit words)
next start: 0xaaaaaaaa, pos= 308
0x1f32 module_id = 31 crystal_id = 0 digitizer_id = 3 chan_id = 2 ge_id = 124 channel = 32  -> is segment
ncrystal=1
wrote trace to CCpulse_010_00_01.xy
two's comp tempE  ::      10239      10239 0x000027ff |0000|0000|0000|0000|0010|0111|1111|1111|
rawE              ::      10239      10239 0x000027ff |0000|0000|0000|0000|0010|0111|1111|1111|
rawE (sign change)::      10239      10239 0x000027ff |0000|0000|0000|0000|0010|0111|1111|1111|
Event.ehi=             319 0x0000013f
Event.ehi=31 (gain changed)
Event.LEDts =        2385133117299
Event.CFDts =          25770328076

---------
new GTheader at pos=308 or 154 words (162):
Event.hdr[ 0]=0x1f33,   7987
Event.hdr[ 1]=0x300a,  12298
Event.hdr[ 2]=0x1f73,   8051
Event.hdr[ 3]=0x5503,  21763
Event.hdr[ 4]=0x022b,    555
Event.hdr[ 5]=0xfb86,  64390
Event.hdr[ 6]=0x4e0d,  19981
Event.hdr[ 7]=0x97e9,  38889
Event.hdr[ 8]=0x032f,    815
Event.hdr[ 9]=0xfb27,  64295
Event.hdr[10]=0x420d,  16909
Event.hdr[11]=0xffff,  65535
Event.hdr[12]=0x2193,   8595
Event.hdr[13]=0x002c,     44
Event.len=  44, Event.traceLen=  12 (in Bytes)
Event.len=  22, Event.traceLen=   6 (in 16 bit words)
Event.len=  11, Event.traceLen=   3 (in 32 bit words)
next start: 0xaaaaaaaa, pos= 352
0x1f33 module_id = 31 crystal_id = 0 digitizer_id = 3 chan_id = 3 ge_id = 124 channel = 33  -> is segment
ncrystal=1
wrote trace to CCpulse_010_00_01.xy
two's comp tempE  ::     916358     916358 0x000dfb86 |0000|0000|0000|1101|1111|1011|1000|0110|
rawE              ::     916358     916358 0x000dfb86 |0000|0000|0000|1101|1111|1011|1000|0110|
rawE (sign change)::     916358     916358 0x000dfb86 |0000|0000|0000|1101|1111|1011|1000|0110|
Event.ehi=           28636 0x00006fdc
Event.ehi=2863 (gain changed)
Event.LEDts =        2385133117299
Event.CFDts =      262362080804876

---------
new GTheader at pos=352 or 176 words (184):
Event.hdr[ 0]=0x1f34,   7988
Event.hdr[ 1]=0x300a,  12298
Event.hdr[ 2]=0x1f73,   8051
Event.hdr[ 3]=0x5503,  21763
Event.hdr[ 4]=0x022b,    555
Event.hdr[ 5]=0x0000,      0
Event.hdr[ 6]=0x0e00,   3584
Event.hdr[ 7]=0x97e9,  38889
Event.hdr[ 8]=0x032f,    815
Event.hdr[ 9]=0xffe7,  65511
Event.hdr[10]=0x5dff,  24063
Event.hdr[11]=0x0000,      0
Event.hdr[12]=0xfff8,  65528
Event.hdr[13]=0x07ff,   2047
Event.len=  44, Event.traceLen=  12 (in Bytes)
Event.len=  22, Event.traceLen=   6 (in 16 bit words)
Event.len=  11, Event.traceLen=   3 (in 32 bit words)
next start: 0xaaaaaaaa, pos= 396
0x1f34 module_id = 31 crystal_id = 0 digitizer_id = 3 chan_id = 4 ge_id = 124 channel = 34  -> is segment
ncrystal=1
wrote trace to CCpulse_010_00_01.xy
two's comp tempE  ::          0          0 0x00000000 |0000|0000|0000|0000|0000|0000|0000|0000|
rawE              ::          0          0 0x00000000 |0000|0000|0000|0000|0000|0000|0000|0000|
rawE (sign change)::          0          0 0x00000000 |0000|0000|0000|0000|0000|0000|0000|0000|
Event.ehi=               0 0x00000000
Event.ehi=0 (gain changed)
Event.LEDts =        2385133117299
Event.CFDts =         253407133708

---------
new GTheader at pos=396 or 198 words (206):
Event.hdr[ 0]=0x1f35,   7989
Event.hdr[ 1]=0x300a,  12298
Event.hdr[ 2]=0x1f73,   8051
Event.hdr[ 3]=0x5503,  21763
Event.hdr[ 4]=0x022b,    555
Event.hdr[ 5]=0x9679,  38521
Event.hdr[ 6]=0x4e08,  19976
Event.hdr[ 7]=0x97e9,  38889
Event.hdr[ 8]=0x032f,    815
Event.hdr[ 9]=0x9555,  38229
Event.hdr[10]=0x3608,  13832
Event.hdr[11]=0x0003,      3
Event.hdr[12]=0x8fcc,  36812
Event.hdr[13]=0x001f,     31
Event.len=  44, Event.traceLen=  12 (in Bytes)
Event.len=  22, Event.traceLen=   6 (in 16 bit words)
Event.len=  11, Event.traceLen=   3 (in 32 bit words)
0x1f35 module_id = 31 crystal_id = 0 digitizer_id = 3 chan_id = 5 ge_id = 124 channel = 35  -> is segment
ncrystal=1
wrote trace to CCpulse_010_00_01.xy
two's comp tempE  ::     562809     562809 0x00089679 |0000|0000|0000|1000|1001|0110|0111|1001|
rawE              ::     562809     562809 0x00089679 |0000|0000|0000|1000|1001|0110|0111|1001|
rawE (sign change)::     562809     562809 0x00089679 |0000|0000|0000|1000|1001|0110|0111|1001|
Event.ehi=           17587 0x000044b3
Event.ehi=1758 (gain changed)
Event.LEDts =        2385133117299
Event.CFDts =      269629276291084
exit bin_mode3
*end of event # 10
+++++++++++++++++++++++++++++++
ev#    10 GEB_TYPE_DECOMP        464Bytes TS=2385133135435 curTS=2385133128255 dTS= 7180
ev# 50000 GEB_TYPE_DECOMP        464Bytes TS=2385569831361 curTS=2385569831287 dTS= 74
ev# 50000 GEB_TYPE_DECOMP        464Bytes TS=2385569831367 curTS=2385569831287 dTS= 80
ev# 50000 GEB_TYPE_DECOMP        464Bytes TS=2385569831417 curTS=2385569831287 dTS= 130
ev# 50000 GEB_TYPE_DECOMP        464Bytes TS=2385569831419 curTS=2385569831287 dTS= 132
ev# 50000 GEB_TYPE_DECOMP        464Bytes TS=2385569831421 curTS=2385569831287 dTS= 134
ev# 50000 GEB_TYPE_DECOMP        464Bytes TS=2385569831421 curTS=2385569831287 dTS= 134
ev# 50000 GEB_TYPE_DECOMP        464Bytes TS=2385569831425 curTS=2385569831287 dTS= 138
ev# 50000 GEB_TYPE_GT_MOD29      440Bytes TS=2385569831587 curTS=2385569831287 dTS= 300
ev# 100000 GEB_TYPE_DECOMP        464Bytes TS=2386000943095 curTS=2386000943069 dTS= 26
ev# 100000 GEB_TYPE_DECOMP        464Bytes TS=2386000953121 curTS=2386000943069 dTS= 10052
ev# 150000 GEB_TYPE_DECOMP        464Bytes TS=2386445713075 curTS=2386445680627 dTS= 32448
ev# 200000 GEB_TYPE_DECOMP        464Bytes TS=2386884423431 curTS=2386884405855 dTS= 17576
ev# 250000 GEB_TYPE_DECOMP        464Bytes TS=2387313314939 curTS=2387313314931 dTS= 8
ev# 250000 GEB_TYPE_GT_MOD29      440Bytes TS=2387313315123 curTS=2387313314931 dTS= 192
ev# 300000 GEB_TYPE_GT_MOD29      440Bytes TS=2387748145137 curTS=2387748144681 dTS= 456
ev# 350000 GEB_TYPE_GT_MOD29      440Bytes TS=2388184896821 curTS=2388184896785 dTS= 36
ev# 350000 GEB_TYPE_GT_MOD29      440Bytes TS=2388184927909 curTS=2388184896785 dTS= 31124
ev# 400000 GEB_TYPE_GT_MOD29      440Bytes TS=2388623526961 curTS=2388623526843 dTS= 118
ev# 400000 GEB_TYPE_DECOMP        464Bytes TS=2388623528511 curTS=2388623526843 dTS= 1668
ev# 450000 GEB_TYPE_GT_MOD29      440Bytes TS=2389059644047 curTS=2389059643989 dTS= 58
ev# 450000 GEB_TYPE_DECOMP        464Bytes TS=2389059667725 curTS=2389059643989 dTS= 23736
ev# 500000 GEB_TYPE_DECOMP        464Bytes TS=2389495161433 curTS=2389495161433 dTS= 0
ev# 500000 GEB_TYPE_DECOMP        464Bytes TS=2389495161437 curTS=2389495161433 dTS= 4
ev# 500000 GEB_TYPE_DECOMP        464Bytes TS=2389495161437 curTS=2389495161433 dTS= 4
ev# 500000 GEB_TYPE_GT_MOD29      440Bytes TS=2389495162037 curTS=2389495161433 dTS= 604
ev# 550000 GEB_TYPE_DECOMP        464Bytes TS=2389928457867 curTS=2389928457429 dTS= 438
ev# 600000 GEB_TYPE_GT_MOD29      440Bytes TS=2390362842939 curTS=2390362842775 dTS= 164
ev# 650000 GEB_TYPE_GT_MOD29      440Bytes TS=2390793270613 curTS=2390793261731 dTS= 8882
ev# 700000 GEB_TYPE_DECOMP        464Bytes TS=2391225505369 curTS=2391225504887 dTS= 482
ev# 750000 GEB_TYPE_DECOMP        464Bytes TS=2391666141937 curTS=2391666141933 dTS= 4
ev# 750000 GEB_TYPE_DECOMP        464Bytes TS=2391666142289 curTS=2391666141933 dTS= 356
ev# 800000 GEB_TYPE_DECOMP        464Bytes TS=2392110808349 curTS=2392110808027 dTS= 322
ev# 850000 GEB_TYPE_DECOMP        464Bytes TS=2392550076337 curTS=2392550062797 dTS= 13540
ev# 900000 GEB_TYPE_DECOMP        464Bytes TS=2392986696657 curTS=2392986668947 dTS= 27710
ev# 950000 GEB_TYPE_DECOMP        464Bytes TS=2393416430973 curTS=2393416425431 dTS= 5542

Sorting is done
attempting to save root or map file



mean observed polar and azimuth angles
for the detectors we saw (module,crystal)

------------------------------------------
mean pol/azi angle for detector  56 are   96.70/ 119.51
mean pol/azi angle for detector  57 are  100.39/ 138.31
mean pol/azi angle for detector  58 are   83.36/ 132.64
mean pol/azi angle for detector  59 are   79.59/ 114.03
mean pol/azi angle for detector  60 are   87.37/ 152.68
mean pol/azi angle for detector  61 are  105.24/ 157.66
mean pol/azi angle for detector  62 are   93.08/ 168.36
mean pol/azi angle for detector  63 are   73.92/ 165.92
mean pol/azi angle for detector  68 are   87.16/-134.92
mean pol/azi angle for detector  69 are  105.29/-130.05
mean pol/azi angle for detector  70 are   92.90/-116.92
mean pol/azi angle for detector  71 are   74.19/-121.83
mean pol/azi angle for detector  76 are   87.45/ -63.22
mean pol/azi angle for detector  77 are  105.28/ -58.08
mean pol/azi angle for detector  78 are   92.97/ -45.01
mean pol/azi angle for detector  79 are   74.26/ -49.85
mean pol/azi angle for detector  84 are  112.31/  33.66
mean pol/azi angle for detector  85 are  125.19/  17.40
mean pol/azi angle for detector  86 are  130.66/  39.18
mean pol/azi angle for detector  87 are  115.90/  52.96
mean pol/azi angle for detector  88 are  112.41/ 105.53
mean pol/azi angle for detector  89 are  124.93/  89.35
mean pol/azi angle for detector  90 are  130.80/ 111.11
mean pol/azi angle for detector  91 are  115.79/ 125.01
mean pol/azi angle for detector  96 are  112.56/-110.70
mean pol/azi angle for detector  97 are  124.81/-126.63
mean pol/azi angle for detector  98 are  130.93/-104.91
mean pol/azi angle for detector  99 are  115.82/ -91.00
mean pol/azi angle for detector 100 are  112.41/ -38.63
mean pol/azi angle for detector 101 are  124.69/ -55.02
mean pol/azi angle for detector 102 are  130.62/ -32.95
mean pol/azi angle for detector 103 are  115.79/ -19.09
mean pol/azi angle for detector 104 are  144.41/  88.27
mean pol/azi angle for detector 105 are  132.67/  65.88
mean pol/azi angle for detector 106 are  148.80/  53.85
mean pol/azi angle for detector 107 are  162.33/  88.27
mean pol/azi angle for detector 108 are  144.78/ 160.19
mean pol/azi angle for detector 109 are  132.71/ 137.98
mean pol/azi angle for detector 110 are  149.56/ 125.48
mean pol/azi angle for detector 111 are  162.25/ 110.43
mean pol/azi angle for detector 116 are  144.36/ -55.82
mean pol/azi angle for detector 117 are  132.53/ -78.22
mean pol/azi angle for detector 118 are  149.00/ -90.35
mean pol/azi angle for detector 119 are  162.38/ -56.21
we found 44 crystals
------------------------------------------

minimum pol angle between crystals is  18.65
compactness =  64.39%, 85 of 264
module hit statistics
module  14, crystal 0 was hit      92921 times
module  14, crystal 1 was hit      99509 times
module  14, crystal 2 was hit      97389 times
module  14, crystal 3 was hit      87764 times
module  15, crystal 0 was hit      99470 times
module  15, crystal 1 was hit      90183 times
module  15, crystal 2 was hit      86162 times
module  15, crystal 3 was hit      88221 times
module  17, crystal 0 was hit      74558 times
module  17, crystal 1 was hit      72482 times
module  17, crystal 2 was hit      73402 times
module  17, crystal 3 was hit      75893 times
module  19, crystal 0 was hit      69558 times
module  19, crystal 1 was hit      72560 times
module  19, crystal 2 was hit      85396 times
module  19, crystal 3 was hit      82006 times
module  21, crystal 0 was hit      82793 times
module  21, crystal 1 was hit      73575 times
module  21, crystal 2 was hit      87753 times
module  21, crystal 3 was hit      84461 times
module  22, crystal 0 was hit      92021 times
module  22, crystal 1 was hit      84805 times
module  22, crystal 2 was hit      95985 times
module  22, crystal 3 was hit      88971 times
module  24, crystal 0 was hit      78502 times
module  24, crystal 1 was hit      74410 times
module  24, crystal 2 was hit      78982 times
module  24, crystal 3 was hit      72388 times
module  25, crystal 0 was hit      74191 times
module  25, crystal 1 was hit      76262 times
module  25, crystal 2 was hit      74022 times
module  25, crystal 3 was hit      72344 times
module  26, crystal 0 was hit      83121 times
module  26, crystal 1 was hit      83127 times
module  26, crystal 2 was hit      82449 times
module  26, crystal 3 was hit      76128 times
module  27, crystal 0 was hit      87458 times
module  27, crystal 1 was hit      84588 times
module  27, crystal 2 was hit      87034 times
module  27, crystal 3 was hit      80542 times
module  29, crystal 0 was hit      72251 times
module  29, crystal 1 was hit      71521 times
module  29, crystal 2 was hit      78616 times
module  29, crystal 3 was hit      70844 times

bin_mode2: pad distribution
__id   0,      1554569, 92.85%
__id   2,          217,  0.01%
__id   3,          475,  0.03%
__id   4,          497,  0.03%
__id   5,         3244,  0.19%
__id   6,        11899,  0.71%
__id 128,       103130,  6.16%
__id 133,          170,  0.01%

bin_mode2 calculated mean CCsum energy to be  763.136 keV
bin_mode2 calculated mean CCadd energy to be 1202.584 keV
attempting to close root file...
Pars.f1->Write();
Pars.f1->Print();
TFile: name=/lcrc/project/HELIOS/gretinafma/root_data/run279.root, title=, option=CREATE
TH1.Print Name  = dtbtev, Entries= 2086479, Total sum= 2.08648e+06
TH1.Print Name  = T0, Entries= 0, Total sum= 0
TH1.Print Name  = hitpat, Entries= 1554569, Total sum= 1.55457e+06
TH1.Print Name  = numHitArray2, Entries= 1000000, Total sum= 757720
TH1.Print Name  = CCmult, Entries= 1000000, Total sum= 1e+06
TH1.Print Name  = CCsum, Entries= 3596451, Total sum= 1.55453e+06
TH1.Print Name  = hit2, Entries= 173014, Total sum= 172811
TH1.Print Name  = hit3, Entries= 94513, Total sum= 93807
TH1.Print Name  = hit4, Entries= 53014, Total sum= 51796
TH1.Print Name  = CCsum_nodop, Entries= 3596451, Total sum= 1.55453e+06
TH1.Print Name  = CCadd, Entries= 1000000, Total sum= 748104
TH1.Print Name  = SEGadd_FPGA, Entries= 200000000, Total sum= 1.55388e+06
TH1.Print Name  = SEGadd_PSA, Entries= 200000000, Total sum= 1.54581e+06
TH1.Print Name  = SEGsum_FPGA, Entries= 2416242, Total sum= 2.41582e+06
TH1.Print Name  = SEGsum_PSA, Entries= 3596618, Total sum= 3.5668e+06
TH1.Print Name  = radius_all, Entries= 3596616, Total sum= 3.59662e+06
TH1.Print Name  = rate_mode2_min, Entries= 1554568, Total sum= 25909.5
TH1.Print Name  = rate_mode2_sec, Entries= 1554568, Total sum= 1.55457e+06
TH1.Print Name  = rate_mode2_intp, Entries= 1554568, Total sum= 59943.5
TH1.Print Name  = cdtbtev, Entries= 523391, Total sum= 523391
TH1.Print Name  = evsr_all, Entries= 3596616, Total sum= 3.51083e+06
TH1.Print Name  = SMAP_allhits, Entries= 3596618, Total sum= 3.59662e+06
TH1.Print Name  = SMAP_allhits_sq, Entries= 3596618, Total sum= 3.59662e+06
TH1.Print Name  = seghitpat, Entries= 3596618, Total sum= 3.59662e+06
TH1.Print Name  = CCe, Entries= 3596451, Total sum= 1.55453e+06
TH1.Print Name  = ggCC, Entries= 3274500, Total sum= 2.86572e+06
TH1.Print Name  = z_plot, Entries= 3596618, Total sum= 3.59326e+06
TH1.Print Name  = crystal_hit, Entries= 0, Total sum= 0
TH1.Print Name  = SegE, Entries= 3595964, Total sum= 3.59596e+06
TH1.Print Name  = crXcr, Entries= 1637250, Total sum= 1.63725e+06
******************************************************************************
*Tree    :tree      : tree                                                   *
*Entries :  1000000 : Total =       155184562 bytes  File  Size =   36879814 *
*        :          : Tree compression factor =   4.21                       *
******************************************************************************
*Br    0 :runNumber : runNumber/I                                            *
*Entries :  1000000 : Total  Size=    4010425 bytes  File Size  =      30728 *
*Baskets :      101 : Basket Size=    1323520 bytes  Compression= 130.42     *
*............................................................................*
*Br    1 :numHits   : numHits/I                                              *
*Entries :  1000000 : Total  Size=    4010215 bytes  File Size  =      30523 *
*Baskets :      101 : Basket Size=    1323520 bytes  Compression= 131.29     *
*............................................................................*
*Br    2 :left      : left[numHits]/F                                        *
*Entries :  1000000 : Total  Size=    8031304 bytes  File Size  =    2820816 *
*Baskets :      300 : Basket Size=    9015296 bytes  Compression=   2.84     *
*............................................................................*
*Br    3 :right     : right[numHits]/F                                       *
*Entries :  1000000 : Total  Size=    8031608 bytes  File Size  =    2800874 *
*Baskets :      300 : Basket Size=    9015296 bytes  Compression=   2.86     *
*............................................................................*
*Br    4 :up        : up[numHits]/F                                          *
*Entries :  1000000 : Total  Size=    8030696 bytes  File Size  =    2780385 *
*Baskets :      300 : Basket Size=    9014784 bytes  Compression=   2.89     *
*............................................................................*
*Br    5 :down      : down[numHits]/F                                        *
*Entries :  1000000 : Total  Size=    8031304 bytes  File Size  =    2803508 *
*Baskets :      300 : Basket Size=    9015296 bytes  Compression=   2.86     *
*............................................................................*
*Br    6 :e1        : e1[numHits]/F                                          *
*Entries :  1000000 : Total  Size=    8030696 bytes  File Size  =    2709363 *
*Baskets :      300 : Basket Size=    9014784 bytes  Compression=   2.96     *
*............................................................................*
*Br    7 :e2        : e2[numHits]/F                                          *
*Entries :  1000000 : Total  Size=    8030696 bytes  File Size  =    2670039 *
*Baskets :      300 : Basket Size=    9014784 bytes  Compression=   3.00     *
*............................................................................*
*Br    8 :e3        : e3[numHits]/F                                          *
*Entries :  1000000 : Total  Size=    8030696 bytes  File Size  =    2609746 *
*Baskets :      300 : Basket Size=    9014784 bytes  Compression=   3.07     *
*............................................................................*
*Br    9 :tac       : tac[numHits]/F                                         *
*Entries :  1000000 : Total  Size=    8031000 bytes  File Size  =    2401928 *
*Baskets :      300 : Basket Size=    9015296 bytes  Compression=   3.34     *
*............................................................................*
*Br   10 :fmaDeltaTime : fmaDeltaTime[numHits]/F                             *
*Entries :  1000000 : Total  Size=    8033847 bytes  File Size  =    2034343 *
*Baskets :      301 : Basket Size=    9016320 bytes  Compression=   3.95     *
*............................................................................*
*Br   11 :fmaMult   : fmaMult[10]/I                                          *
*Entries :  1000000 : Total  Size=   40098227 bytes  File Size  =    1031687 *
*Baskets :      999 : Basket Size=   25600000 bytes  Compression=  38.84     *
*............................................................................*
*Br   12 :gammaMult : gammaMult/I                                            *
*Entries :  1000000 : Total  Size=    4010425 bytes  File Size  =     714705 *
*Baskets :      101 : Basket Size=    1323520 bytes  Compression=   5.61     *
*............................................................................*
*Br   13 :gammaEnergy : gammaEnergy[gammaMult]/F                             *
*Entries :  1000000 : Total  Size=   10257876 bytes  File Size  =    7308860 *
*Baskets :      356 : Basket Size=    9748992 bytes  Compression=   1.40     *
*............................................................................*
*Br   14 :gammaTimestamp : gammaTimestamp[gammaMult]/F                       *
*Entries :  1000000 : Total  Size=   10258956 bytes  File Size  =    1614985 *
*Baskets :      356 : Basket Size=    9749504 bytes  Compression=   6.35     *
*............................................................................*
*Br   15 :deltaTime : deltaTime[gammaMult]/F                                 *
*Entries :  1000000 : Total  Size=   10257156 bytes  File Size  =    2474572 *
*Baskets :      356 : Basket Size=    9748992 bytes  Compression=   4.14     *
*............................................................................*
TH1.Print Name  = eCC_a, Entries= 0, Total sum= 0
TH1.Print Name  = eCC_b, Entries= 0, Total sum= 0
TH1.Print Name  = eCC_c, Entries= 0, Total sum= 0
TH1.Print Name  = eCC_d, Entries= 116830, Total sum= 0
TH1.Print Name  = eSeg, Entries= 0, Total sum= 0
TH1.Print Name  = mode3_hitpat, Entries= 4098059, Total sum= 0
TH1.Print Name  = mode3_hitpat_chan, Entries= 4098059, Total sum= 4.09806e+06
TH1.Print Name  = chan0, Entries= 0, Total sum= 0
TH1.Print Name  = module, Entries= 4098059, Total sum= 4.09806e+06
TH1.Print Name  = chan, Entries= 4098059, Total sum= 4.09582e+06
TH1.Print Name  = l, Entries= 409806, Total sum= 409769
TH1.Print Name  = r, Entries= 409806, Total sum= 409803
TH1.Print Name  = up, Entries= 409806, Total sum= 409804
TH1.Print Name  = down, Entries= 409806, Total sum= 409806
TH1.Print Name  = sumlr, Entries= 398158, Total sum= 398158
TH1.Print Name  = sumud, Entries= 382157, Total sum= 382157
TH1.Print Name  = x, Entries= 398158, Total sum= 398158
TH1.Print Name  = y, Entries= 382157, Total sum= 382157
TH1.Print Name  = de1, Entries= 409806, Total sum= 409768
TH1.Print Name  = de2, Entries= 409806, Total sum= 409806
TH1.Print Name  = de3, Entries= 409806, Total sum= 409023
TH1.Print Name  = de12, Entries= 354876, Total sum= 354876
TH1.Print Name  = etot, Entries= 354876, Total sum= 354876
TH1.Print Name  = rftof, Entries= 409805, Total sum= 408599
TH1.Print Name  = lr, Entries= 1000000, Total sum= 999962
TH1.Print Name  = ud, Entries= 1000000, Total sum= 999998
TH1.Print Name  = ede1, Entries= 354876, Total sum= 354876
TH1.Print Name  = ede1g, Entries= 68091, Total sum= 68072
TH1.Print Name  = ede2, Entries= 354876, Total sum= 354876
TH1.Print Name  = ede12, Entries= 354876, Total sum= 354876
TH1.Print Name  = xde1, Entries= 354876, Total sum= 354876
TH1.Print Name  = erftof, Entries= 1000000, Total sum= 998794
TH1.Print Name  = erftofg, Entries= 26719, Total sum= 26641
TH1.Print Name  = sumehi, Entries= 1554569, Total sum= 1.55456e+06
TH1.Print Name  = tgppac, Entries= 1554569, Total sum= 391776
TH1.Print Name  = tgppacg, Entries= 68091, Total sum= 68091
TH1.Print Name  = xehi1, Entries= 1554569, Total sum= 1.55456e+06
TH1.Print Name  = xehi1g, Entries= 68091, Total sum= 68090
TH1.Print Name  = de1ehi, Entries= 1554569, Total sum= 1.55451e+06
TH1.Print Name  = de1ehig, Entries= 68091, Total sum= 68071
TH1.Print Name  = ng, Entries= 1000000, Total sum= 1e+06
TH1.Print Name  = ehiz1, Entries= 0, Total sum= 0
TH1.Print Name  = ehiz2, Entries= 0, Total sum= 0
TH1.Print Name  = ehiz3, Entries= 0, Total sum= 0
TH1.Print Name  = ehiz4, Entries= 0, Total sum= 0
TH1.Print Name  = ehiz5, Entries= 0, Total sum= 0
TH1.Print Name  = gg_dt, Entries= 78722, Total sum= 78722
TH1.Print Name  = gg, Entries= 157444, Total sum= 155028
TH1.Print Name  = gg_z1, Entries= 0, Total sum= 0
TH1.Print Name  = gg_z2, Entries= 0, Total sum= 0
TH1.Print Name  = gg_z3, Entries= 0, Total sum= 0
TH1.Print Name  = gg_z4, Entries= 0, Total sum= 0
TH1.Print Name  = gg_z5, Entries= 0, Total sum= 0
Pars.f1->Close();
done saving rootfile "/lcrc/project/HELIOS/gretinafma/root_data/run279.root


read 1000000 events; Pars.beta=0.0330; time since last update 1 minutes
CommandFileName="GEBSort.command"

sorted timestamp range 2385132996399-->2393849999637: 8717003238
that is 87.2 seconds or 0h1m27s
^^^^^ any timestamp jumps will upset this accounting

hit statistics per type
 1 GEB_TYPE_DECOMP          1674201 ;  19206.15 Hz 
 8 GEB_TYPE_GT_MOD29         412278 ;   4729.58 Hz 
read a total of              2086479 ; header/payloads


nn1=0
nn2=2086480
nn3=2086480

nok_validate= 1000000, ntot_validate=1000000; validate fraction 100.00%

bytes read=990528004, 944.641117 MB

boniva sancta! ...GEBSort (unexpectedly) did not crash!

 ** GEBSort is done at 
