started GEBSort at we have 9 arguments
1... -input
will take input from disk
file size is 47118209068 bytes or 46013 MBytes

4... -rootfile
rootfile name specified on command line
__will store spectra in rootfile: /lcrc/project/HELIOS/gretinafma/root_data/run276.root
will recreate root file
7... -chat
core file size          (blocks, -c) unlimited
data seg size           (kbytes, -d) unlimited
scheduling priority             (-e) 0
file size               (blocks, -f) unlimited
pending signals                 (-i) 510315
max locked memory       (kbytes, -l) unlimited
max memory size         (kbytes, -m) 128769024
open files                      (-n) 51200
pipe size            (512 bytes, -p) 8
POSIX message queues     (bytes, -q) 819200
real-time priority              (-r) 0
stack size              (kbytes, -s) unlimited
cpu time               (seconds, -t) unlimited
max user processes              (-u) 4096
virtual memory          (kbytes, -v) unlimited
file locks                      (-x) unlimited
will read sorting instructions from chatfile: GEBSort.chat

executing UserDeclare.h code


GEBsort running on: 

initializing

crmat.LINUX is open (input) binary format
read 7936 bytes into Pars.crmat
chat file: <GEBSort.chat> open

will sort a max of 1410065408 events
will sort a max of 1000000 events
will sort 86400 minutes of data
will print details of the first 10 events
will use Pars.Beta (v/c) correction of 0.033000
will sort using a time window of 150
Pars.do_bin_mode2=1
Pars.do_bin_mode3=1
will accept second interaction range between 10.000000 and 500.000000 mm
"1-200"
detector   1 is ENABLED
detector   2 is ENABLED
detector   3 is ENABLED
detector   4 is ENABLED
detector   5 is ENABLED
detector   6 is ENABLED
detector   7 is ENABLED
detector   8 is ENABLED
detector   9 is ENABLED
detector  10 is ENABLED
detector  11 is ENABLED
detector  12 is ENABLED
detector  13 is ENABLED
detector  14 is ENABLED
detector  15 is ENABLED
detector  16 is ENABLED
detector  17 is ENABLED
detector  18 is ENABLED
detector  19 is ENABLED
detector  20 is ENABLED
detector  21 is ENABLED
detector  22 is ENABLED
detector  23 is ENABLED
detector  24 is ENABLED
detector  25 is ENABLED
detector  26 is ENABLED
detector  27 is ENABLED
detector  28 is ENABLED
detector  29 is ENABLED
detector  30 is ENABLED
detector  31 is ENABLED
detector  32 is ENABLED
detector  33 is ENABLED
detector  34 is ENABLED
detector  35 is ENABLED
detector  36 is ENABLED
detector  37 is ENABLED
detector  38 is ENABLED
detector  39 is ENABLED
detector  40 is ENABLED
detector  41 is ENABLED
detector  42 is ENABLED
detector  43 is ENABLED
detector  44 is ENABLED
detector  45 is ENABLED
detector  46 is ENABLED
detector  47 is ENABLED
detector  48 is ENABLED
detector  49 is ENABLED
detector  50 is ENABLED
detector  51 is ENABLED
detector  52 is ENABLED
detector  53 is ENABLED
detector  54 is ENABLED
detector  55 is ENABLED
detector  56 is ENABLED
detector  57 is ENABLED
detector  58 is ENABLED
detector  59 is ENABLED
detector  60 is ENABLED
detector  61 is ENABLED
detector  62 is ENABLED
detector  63 is ENABLED
detector  64 is ENABLED
detector  65 is ENABLED
detector  66 is ENABLED
detector  67 is ENABLED
detector  68 is ENABLED
detector  69 is ENABLED
detector  70 is ENABLED
detector  71 is ENABLED
detector  72 is ENABLED
detector  73 is ENABLED
detector  74 is ENABLED
detector  75 is ENABLED
detector  76 is ENABLED
detector  77 is ENABLED
detector  78 is ENABLED
detector  79 is ENABLED
detector  80 is ENABLED
detector  81 is ENABLED
detector  82 is ENABLED
detector  83 is ENABLED
detector  84 is ENABLED
detector  85 is ENABLED
detector  86 is ENABLED
detector  87 is ENABLED
detector  88 is ENABLED
detector  89 is ENABLED
detector  90 is ENABLED
detector  91 is ENABLED
detector  92 is ENABLED
detector  93 is ENABLED
detector  94 is ENABLED
detector  95 is ENABLED
detector  96 is ENABLED
detector  97 is ENABLED
detector  98 is ENABLED
detector  99 is ENABLED
detector 100 is ENABLED
detector 101 is ENABLED
detector 102 is ENABLED
detector 103 is ENABLED
detector 104 is ENABLED
detector 105 is ENABLED
detector 106 is ENABLED
detector 107 is ENABLED
detector 108 is ENABLED
detector 109 is ENABLED
detector 110 is ENABLED
detector 111 is ENABLED
detector 112 is ENABLED
detector 113 is ENABLED
detector 114 is ENABLED
detector 115 is ENABLED
detector 116 is ENABLED
detector 117 is ENABLED
detector 118 is ENABLED
detector 119 is ENABLED
detector 120 is ENABLED
detector 121 is ENABLED
detector 122 is ENABLED
detector 123 is ENABLED
detector 124 is ENABLED
detector 125 is ENABLED
detector 126 is ENABLED
detector 127 is ENABLED
detector 128 is ENABLED
detector 129 is ENABLED
detector 130 is ENABLED
detector 131 is ENABLED
detector 132 is ENABLED
detector 133 is ENABLED
detector 134 is ENABLED
detector 135 is ENABLED
detector 136 is ENABLED
detector 137 is ENABLED
detector 138 is ENABLED
detector 139 is ENABLED
detector 140 is ENABLED
detector 141 is ENABLED
detector 142 is ENABLED
detector 143 is ENABLED
detector 144 is ENABLED
detector 145 is ENABLED
detector 146 is ENABLED
detector 147 is ENABLED
detector 148 is ENABLED
detector 149 is ENABLED
detector 150 is ENABLED
detector 151 is ENABLED
detector 152 is ENABLED
detector 153 is ENABLED
detector 154 is ENABLED
detector 155 is ENABLED
detector 156 is ENABLED
detector 157 is ENABLED
detector 158 is ENABLED
detector 159 is ENABLED
detector 160 is ENABLED
detector 161 is ENABLED
detector 162 is ENABLED
detector 163 is ENABLED
detector 164 is ENABLED
detector 165 is ENABLED
detector 166 is ENABLED
detector 167 is ENABLED
detector 168 is ENABLED
detector 169 is ENABLED
detector 170 is ENABLED
detector 171 is ENABLED
detector 172 is ENABLED
detector 173 is ENABLED
detector 174 is ENABLED
detector 175 is ENABLED
detector 176 is ENABLED
detector 177 is ENABLED
detector 178 is ENABLED
detector 179 is ENABLED
detector 180 is ENABLED
detector 181 is ENABLED
detector 182 is ENABLED
detector 183 is ENABLED
detector 184 is ENABLED
detector 185 is ENABLED
detector 186 is ENABLED
detector 187 is ENABLED
detector 188 is ENABLED
detector 189 is ENABLED
detector 190 is ENABLED
detector 191 is ENABLED
detector 192 is ENABLED
detector 193 is ENABLED
detector 194 is ENABLED
detector 195 is ENABLED
detector 196 is ENABLED
detector 197 is ENABLED
detector 198 is ENABLED
detector 199 is ENABLED
WARNING: could not open CCcal file "CCenergy.cal", quit
will use beam direction 0.000000 0.000000 1.000000
vector length= 1.000000, normalizing
will use beam direction 0.000000 0.000000 1.000000
Pars.ndetlimlo=1,Pars.ndetlimhi=8
will require mult bt: 1 20
fomlimits, 1, 0.00 ..to.. 0.80
fomlimits, 2, 0.00 ..to.. 0.80
fomlimits, 3, 0.00 ..to.. 0.80
fomlimits, 4, 0.00 ..to.. 0.80
fomlimits, 5, 0.00 ..to.. 0.80
fomlimits, 6, 0.00 ..to.. 0.80
fomlimits, 7, 0.00 ..to.. 0.80
will use M= 350.000000 in bin_dgs
will use PZ file "dgs_pz.cal" in bin_dgs
will use ecal file "dgs_ehi.cal" in bin_dgs
will skip rest of chat file

chat file: <GEBSort.chat> closed
processed 39 sort instructions and 198 lines


sorting this:
Pars.do_bin_mode3 = 1
Pars.do_bin_mode2 = 1
Pars.do_bin_mode1 = 0
Pars.do_bin_dgs = 0
Pars.do_bin_dfma = 0
Pars.do_bin_gtcal = 0
Pars.do_bin_template = 0
Pars.do_bin_final = 0
Pars.do_bin_angcor = 0
Pars.do_bin_angdis = 0
checking proper input of chat file...
input file "/lcrc/project/HELIOS/gretinafma/merged_data/GEBMerged_run276.gtd_000" is open, inData=0x2605ba60
file size is -126431188 bytes or -123 MBs 
input source is set up, supposedly

xyz offset values:

executing ShareMemFileUserInit.h code

deleted \rm -f GEBSort.command
root file </lcrc/project/HELIOS/gretinafma/root_data/run276.root>
base=</lcrc/project/HELIOS/gretinafma/root_data/run276.root:/>
TFile: name=/lcrc/project/HELIOS/gretinafma/root_data/run276.root, title=, option=CREATE

executing UserInit.h code

Created Object "dtbtev", 0x270b1900
Created Object "T0", 0x270b1d10
, "T0"Created Object "hitpat", 0x270b2100
, "hitpat"Created Object "numHitArray2", 0x270b2bc0
, "numHitArray2"Created Object "CCmult", 0x270b36f0
, "CC Multiplicity"Created Object "CCsum", 0x27384cb0
, "CCsum"Created Object "hit2", 0x27394ac0
, "hit2"Created Object "hit3", 0x273a48d0
, "hit3"Created Object "hit4", 0x273b46e0
, "hit4"Created Object "CCsum_nodop", 0x273c44f0
, "CCsum_nodop"Created Object "CCadd", 0x273d4300
, "CCadd"Created Object "SEGadd_FPGA", 0x273e4110
Created Object "SEGadd_PSA", 0x273e4520
Created Object "SEGsum_FPGA", 0x273e4930
Created Object "SEGsum_PSA", 0x273e4d40
Created Object "radius_all", 0x273e5150
, "radius (all points)"Created Object "rate_mode2_min", 0x273ed560
, "rate_mode2_min headers"Created Object "rate_mode2_sec", 0x273f0670
, "rate_mode2_sec headers"Created Object "rate_mode2_intp", 0x273f3780
, "rate_mode2 interaction points"Created Object "cdtbtev", 0x273f6890
Created Object "evsr_all", 0x274bc740
Created Object "SMAP_allhits", 0x274bcbb0
Created Object "SMAP_allhits_sq", 0x275bc540
Created Object "seghitpat", 0x276bbed0
Created Object "CCe", 0x276c42d0
Created Object "ggCC", 0x276c4880
Created Object "z_plot", 0x276c4e30
Created Object "crystal_hit", 0x27778500
Created Object "SegE", 0x27778ad0
Created Object "crXcr", 0x27779010
MAXDETPOS=180
Created Object "eCC_a", 0x27866ac0
Created Object "eCC_b", 0x27866ed0
Created Object "eCC_c", 0x27867340
Created Object "eCC_d", 0x278678f0
Created Object "eSeg", 0x27867e30
Created Object "mode3_hitpat", 0x278683e0
, "mode3_hitpat"Created Object "mode3_hitpat_chan", 0x27868d50
, "mode3_hitpat_chan"Created Object "chan0", 0x27869480
, "chan0"Created Object "module", 0x2787d2b0
, "module"Created Object "chan", 0x278910e0
Created Object "l", 0x27906a00
, "l"Created Object "r", 0x2791a830
, "r"Created Object "up", 0x2792e5f0
, "up"Created Object "down", 0x279423b0
, "down"Created Object "sumlr", 0x279561e0
, "sumlr"Created Object "sumud", 0x2796a010
, "sumud"Created Object "x", 0x2797de40
, "x"Created Object "y", 0x27991c70
, "y"Created Object "de1", 0x279a5aa0
, "de1"Created Object "de2", 0x279b9860
, "de2"Created Object "de3", 0x279cd620
, "de3"Created Object "de12", 0x279e1450
, "de12"Created Object "etot", 0x279f5280
, "etot"Created Object "rftof", 0x27a09040
, "rftof"Created Object "lr", 0x27a1ce00
Created Object "ud", 0x27a1d340
Created Object "ede1", 0x27a1d880
Created Object "ede1g", 0x27a1ddc0
Created Object "ede2", 0x27a1e370
Created Object "ede12", 0x27a1e920
Created Object "xde1", 0x27a1eed0
Created Object "erftof", 0x27a1f410
Created Object "erftofg", 0x27a1f950
Created Object "sumehi", 0x27a1ff00
, "sumehi"Created Object "tgppac", 0x27a33cc0
, "tgppac"Created Object "tgppacg", 0x27a5b370
, "tgppacg"Created Object "xehi1", 0x27a82a20
Created Object "xehi1g", 0x27a82f60
Created Object "de1ehi", 0x27a83510
Created Object "de1ehig", 0x27a83a50
Created Object "ng", 0x27a83f90
, "ng"Created Object "ehiz1", 0x27a97d50
, "ehiz1"Created Object "ehiz2", 0x27aabb10
, "ehiz2"Created Object "ehiz3", 0x27abf940
, "ehiz3"Created Object "ehiz4", 0x27ad3770
, "ehiz4"Created Object "ehiz5", 0x27ae75a0
, "ehiz5"Created Object "gg_dt", 0x27afb360
, "gg_dt"Created Object "gg", 0x27aff790
Created Object "gg_z1", 0x27affd40
Created Object "gg_z2", 0x27b002f0
Created Object "gg_z3", 0x27b008a0
Created Object "gg_z4", 0x27b00e50
Created Object "gg_z5", 0x27b01390
we have define the following ROOT spectra:
Collection name='THashList', class='THashList', size=84
 TH1.Print Name  = dtbtev, Entries= 0, Total sum= 0
 TH1.Print Name  = T0, Entries= 0, Total sum= 0
 TH1.Print Name  = hitpat, Entries= 0, Total sum= 0
 TH1.Print Name  = numHitArray2, Entries= 0, Total sum= 0
 TH1.Print Name  = CCmult, Entries= 0, Total sum= 0
 TH1.Print Name  = CCsum, Entries= 0, Total sum= 0
 TH1.Print Name  = hit2, Entries= 0, Total sum= 0
 TH1.Print Name  = hit3, Entries= 0, Total sum= 0
 TH1.Print Name  = hit4, Entries= 0, Total sum= 0
 TH1.Print Name  = CCsum_nodop, Entries= 0, Total sum= 0
 TH1.Print Name  = CCadd, Entries= 0, Total sum= 0
 TH1.Print Name  = SEGadd_FPGA, Entries= 0, Total sum= 0
 TH1.Print Name  = SEGadd_PSA, Entries= 0, Total sum= 0
 TH1.Print Name  = SEGsum_FPGA, Entries= 0, Total sum= 0
 TH1.Print Name  = SEGsum_PSA, Entries= 0, Total sum= 0
 TH1.Print Name  = radius_all, Entries= 0, Total sum= 0
 TH1.Print Name  = rate_mode2_min, Entries= 0, Total sum= 0
 TH1.Print Name  = rate_mode2_sec, Entries= 0, Total sum= 0
 TH1.Print Name  = rate_mode2_intp, Entries= 0, Total sum= 0
 TH1.Print Name  = cdtbtev, Entries= 0, Total sum= 0
 TH1.Print Name  = evsr_all, Entries= 0, Total sum= 0
 TH1.Print Name  = SMAP_allhits, Entries= 0, Total sum= 0
 TH1.Print Name  = SMAP_allhits_sq, Entries= 0, Total sum= 0
 TH1.Print Name  = seghitpat, Entries= 0, Total sum= 0
 TH1.Print Name  = CCe, Entries= 0, Total sum= 0
 TH1.Print Name  = ggCC, Entries= 0, Total sum= 0
 TH1.Print Name  = z_plot, Entries= 0, Total sum= 0
 TH1.Print Name  = crystal_hit, Entries= 0, Total sum= 0
 TH1.Print Name  = SegE, Entries= 0, Total sum= 0
 TH1.Print Name  = crXcr, Entries= 0, Total sum= 0
 ******************************************************************************
*Tree    :tree      : tree                                                   *
*Entries :        0 : Total =            8461 bytes  File  Size =          0 *
*        :          : Tree compression factor =   1.00                       *
******************************************************************************
*Br    0 :runNumber : runNumber/I                                            *
*Entries :        0 : Total  Size=        501 bytes  One basket in memory    *
*Baskets :        0 : Basket Size=      32000 bytes  Compression=   1.00     *
*............................................................................*
*Br    1 :numHits   : numHits/I                                              *
*Entries :        0 : Total  Size=        493 bytes  One basket in memory    *
*Baskets :        0 : Basket Size=      32000 bytes  Compression=   1.00     *
*............................................................................*
*Br    2 :left      : left[numHits]/F                                        *
*Entries :        0 : Total  Size=        580 bytes  One basket in memory    *
*Baskets :        0 : Basket Size=      32000 bytes  Compression=   1.00     *
*............................................................................*
*Br    3 :right     : right[numHits]/F                                       *
*Entries :        0 : Total  Size=        584 bytes  One basket in memory    *
*Baskets :        0 : Basket Size=      32000 bytes  Compression=   1.00     *
*............................................................................*
*Br    4 :up        : up[numHits]/F                                          *
*Entries :        0 : Total  Size=        572 bytes  One basket in memory    *
*Baskets :        0 : Basket Size=      32000 bytes  Compression=   1.00     *
*............................................................................*
*Br    5 :down      : down[numHits]/F                                        *
*Entries :        0 : Total  Size=        580 bytes  One basket in memory    *
*Baskets :        0 : Basket Size=      32000 bytes  Compression=   1.00     *
*............................................................................*
*Br    6 :e1        : e1[numHits]/F                                          *
*Entries :        0 : Total  Size=        572 bytes  One basket in memory    *
*Baskets :        0 : Basket Size=      32000 bytes  Compression=   1.00     *
*............................................................................*
*Br    7 :e2        : e2[numHits]/F                                          *
*Entries :        0 : Total  Size=        572 bytes  One basket in memory    *
*Baskets :        0 : Basket Size=      32000 bytes  Compression=   1.00     *
*............................................................................*
*Br    8 :e3        : e3[numHits]/F                                          *
*Entries :        0 : Total  Size=        572 bytes  One basket in memory    *
*Baskets :        0 : Basket Size=      32000 bytes  Compression=   1.00     *
*............................................................................*
*Br    9 :tac       : tac[numHits]/F                                         *
*Entries :        0 : Total  Size=        576 bytes  One basket in memory    *
*Baskets :        0 : Basket Size=      32000 bytes  Compression=   1.00     *
*............................................................................*
*Br   10 :fmaDeltaTime : fmaDeltaTime[numHits]/F                             *
*Entries :        0 : Total  Size=        612 bytes  One basket in memory    *
*Baskets :        0 : Basket Size=      32000 bytes  Compression=   1.00     *
*............................................................................*
*Br   11 :fmaMult   : fmaMult[10]/I                                          *
*Entries :        0 : Total  Size=        501 bytes  One basket in memory    *
*Baskets :        0 : Basket Size=      32000 bytes  Compression=   1.00     *
*............................................................................*
*Br   12 :gammaMult : gammaMult/I                                            *
*Entries :        0 : Total  Size=        501 bytes  One basket in memory    *
*Baskets :        0 : Basket Size=      32000 bytes  Compression=   1.00     *
*............................................................................*
*Br   13 :gammaEnergy : gammaEnergy[gammaMult]/F                             *
*Entries :        0 : Total  Size=        616 bytes  One basket in memory    *
*Baskets :        0 : Basket Size=      32000 bytes  Compression=   1.00     *
*............................................................................*
*Br   14 :gammaTimestamp : gammaTimestamp[gammaMult]/F                       *
*Entries :        0 : Total  Size=        628 bytes  One basket in memory    *
*Baskets :        0 : Basket Size=      32000 bytes  Compression=   1.00     *
*............................................................................*
*Br   15 :deltaTime : deltaTime[gammaMult]/F                                 *
*Entries :        0 : Total  Size=        608 bytes  One basket in memory    *
*Baskets :        0 : Basket Size=      32000 bytes  Compression=   1.00     *
*............................................................................*
 TH1.Print Name  = eCC_a, Entries= 0, Total sum= 0
 TH1.Print Name  = eCC_b, Entries= 0, Total sum= 0
 TH1.Print Name  = eCC_c, Entries= 0, Total sum= 0
 TH1.Print Name  = eCC_d, Entries= 0, Total sum= 0
 TH1.Print Name  = eSeg, Entries= 0, Total sum= 0
 TH1.Print Name  = mode3_hitpat, Entries= 0, Total sum= 0
 TH1.Print Name  = mode3_hitpat_chan, Entries= 0, Total sum= 0
 TH1.Print Name  = chan0, Entries= 0, Total sum= 0
 TH1.Print Name  = module, Entries= 0, Total sum= 0
 TH1.Print Name  = chan, Entries= 0, Total sum= 0
 TH1.Print Name  = l, Entries= 0, Total sum= 0
 TH1.Print Name  = r, Entries= 0, Total sum= 0
 TH1.Print Name  = up, Entries= 0, Total sum= 0
 TH1.Print Name  = down, Entries= 0, Total sum= 0
 TH1.Print Name  = sumlr, Entries= 0, Total sum= 0
 TH1.Print Name  = sumud, Entries= 0, Total sum= 0
 TH1.Print Name  = x, Entries= 0, Total sum= 0
 TH1.Print Name  = y, Entries= 0, Total sum= 0
 TH1.Print Name  = de1, Entries= 0, Total sum= 0
 TH1.Print Name  = de2, Entries= 0, Total sum= 0
 TH1.Print Name  = de3, Entries= 0, Total sum= 0
 TH1.Print Name  = de12, Entries= 0, Total sum= 0
 TH1.Print Name  = etot, Entries= 0, Total sum= 0
 TH1.Print Name  = rftof, Entries= 0, Total sum= 0
 TH1.Print Name  = lr, Entries= 0, Total sum= 0
 TH1.Print Name  = ud, Entries= 0, Total sum= 0
 TH1.Print Name  = ede1, Entries= 0, Total sum= 0
 TH1.Print Name  = ede1g, Entries= 0, Total sum= 0
 TH1.Print Name  = ede2, Entries= 0, Total sum= 0
 TH1.Print Name  = ede12, Entries= 0, Total sum= 0
 TH1.Print Name  = xde1, Entries= 0, Total sum= 0
 TH1.Print Name  = erftof, Entries= 0, Total sum= 0
 TH1.Print Name  = erftofg, Entries= 0, Total sum= 0
 TH1.Print Name  = sumehi, Entries= 0, Total sum= 0
 TH1.Print Name  = tgppac, Entries= 0, Total sum= 0
 TH1.Print Name  = tgppacg, Entries= 0, Total sum= 0
 TH1.Print Name  = xehi1, Entries= 0, Total sum= 0
 TH1.Print Name  = xehi1g, Entries= 0, Total sum= 0
 TH1.Print Name  = de1ehi, Entries= 0, Total sum= 0
 TH1.Print Name  = de1ehig, Entries= 0, Total sum= 0
 TH1.Print Name  = ng, Entries= 0, Total sum= 0
 TH1.Print Name  = ehiz1, Entries= 0, Total sum= 0
 TH1.Print Name  = ehiz2, Entries= 0, Total sum= 0
 TH1.Print Name  = ehiz3, Entries= 0, Total sum= 0
 TH1.Print Name  = ehiz4, Entries= 0, Total sum= 0
 TH1.Print Name  = ehiz5, Entries= 0, Total sum= 0
 TH1.Print Name  = gg_dt, Entries= 0, Total sum= 0
 TH1.Print Name  = gg, Entries= 0, Total sum= 0
 TH1.Print Name  = gg_z1, Entries= 0, Total sum= 0
 TH1.Print Name  = gg_z2, Entries= 0, Total sum= 0
 TH1.Print Name  = gg_z3, Entries= 0, Total sum= 0
 TH1.Print Name  = gg_z4, Entries= 0, Total sum= 0
 TH1.Print Name  = gg_z5, Entries= 0, Total sum= 0
GRETINA detector angles
mod  1, crystal 0 [  4]: ( 10.07   3.58  15.10) pol   35.30 ,  azi   13.35; pol   35.30 ,  azi   19.58; modCCdopfac[4] 1.0271
mod  1, crystal 1 [  5]: ( 10.11   9.19  12.47) pol   47.60 ,  azi   36.39; pol   47.60 ,  azi   42.30; modCCdopfac[5] 1.0222
mod  1, crystal 2 [  6]: (  5.44   7.69  15.92) pol   30.60 ,  azi   25.77; pol   30.60 ,  azi   54.72; modCCdopfac[6] 1.0287
mod  1, crystal 3 [  7]: (  4.99   1.78  17.72) pol   16.65 ,  azi    5.72; pol   16.65 ,  azi   19.58; modCCdopfac[7] 1.0321
mod  2, crystal 0 [  8]: ( -0.29  10.69  15.10) pol   35.30 ,  azi   35.29; pol   35.30 ,  azi   91.58; modCCdopfac[8] 1.0271
mod  2, crystal 1 [  9]: ( -5.62  12.45  12.47) pol   47.60 ,  azi   44.95; pol   47.60 ,  azi  114.30; modCCdopfac[9] 1.0222
mod  2, crystal 2 [ 10]: ( -5.63   7.55  15.92) pol   30.60 ,  azi   25.36; pol   30.60 ,  azi  126.72; modCCdopfac[10] 1.0287
mod  2, crystal 3 [ 11]: ( -0.15   5.30  17.72) pol   16.65 ,  azi   16.64; pol   16.65 ,  azi   91.58; modCCdopfac[11] 1.0321
mod  3, crystal 0 [ 12]: (-10.25   3.02  15.10) pol   35.30 ,  azi   11.32; pol   35.30 ,  azi  163.58; modCCdopfac[12] 1.0271
mod  3, crystal 1 [ 13]: (-13.58  -1.50  12.47) pol   47.60 ,  azi   -6.85; pol   47.60 ,  azi -173.70; modCCdopfac[13] 1.0222
mod  3, crystal 2 [ 14]: ( -8.92  -3.02  15.92) pol   30.60 ,  azi  -10.75; pol   30.60 ,  azi -161.28; modCCdopfac[14] 1.0287
mod  3, crystal 3 [ 15]: ( -5.08   1.50  17.72) pol   16.65 ,  azi    4.83; pol   16.65 ,  azi  163.58; modCCdopfac[15] 1.0321
mod  4, crystal 0 [ 16]: ( -6.04  -8.82  15.10) pol   35.30 ,  azi  -30.29; pol   35.30 ,  azi -124.42; modCCdopfac[16] 1.0271
mod  4, crystal 1 [ 17]: ( -2.77 -13.38  12.47) pol   47.60 ,  azi  -47.00; pol   47.60 ,  azi -101.70; modCCdopfac[17] 1.0222
mod  4, crystal 2 [ 18]: (  0.12  -9.42  15.92) pol   30.60 ,  azi  -30.60; pol   30.60 ,  azi  -89.28; modCCdopfac[18] 1.0287
mod  4, crystal 3 [ 19]: ( -3.00  -4.37  17.72) pol   16.65 ,  azi  -13.86; pol   16.65 ,  azi -124.42; modCCdopfac[19] 1.0321
mod  5, crystal 0 [ 20]: (  6.52  -8.47  15.10) pol   35.30 ,  azi  -29.30; pol   35.30 ,  azi  -52.42; modCCdopfac[20] 1.0271
mod  5, crystal 1 [ 21]: ( 11.87  -6.77  12.47) pol   47.60 ,  azi  -28.49; pol   47.60 ,  azi  -29.70; modCCdopfac[21] 1.0222
mod  5, crystal 2 [ 22]: (  8.99  -2.80  15.92) pol   30.60 ,  azi   -9.96; pol   30.60 ,  azi  -17.28; modCCdopfac[22] 1.0287
mod  5, crystal 3 [ 23]: (  3.23  -4.20  17.72) pol   16.65 ,  azi  -13.33; pol   16.65 ,  azi  -52.42; modCCdopfac[23] 1.0321
mod  6, crystal 0 [ 24]: (  4.54  16.51   7.02) pol   67.71 ,  azi   66.97; pol   67.71 ,  azi   74.63; modCCdopfac[24] 1.0121
mod  6, crystal 1 [ 25]: ( -0.33  15.15  10.61) pol   55.02 ,  azi   55.01; pol   55.02 ,  azi   91.23; modCCdopfac[25] 1.0187
mod  6, crystal 2 [ 26]: (  5.05  13.00  12.16) pol   48.92 ,  azi   46.92; pol   48.92 ,  azi   68.77; modCCdopfac[26] 1.0216
mod  6, crystal 3 [ 27]: (  9.66  13.57   8.06) pol   64.18 ,  azi   59.29; pol   64.18 ,  azi   54.55; modCCdopfac[27] 1.0140
mod  7, crystal 0 [ 28]: (-14.30   9.42   7.02) pol   67.71 ,  azi   53.31; pol   67.71 ,  azi  146.63; modCCdopfac[28] 1.0121
mod  7, crystal 1 [ 29]: (-14.51   4.37  10.61) pol   55.02 ,  azi   22.40; pol   55.02 ,  azi  163.23; modCCdopfac[29] 1.0187
mod  7, crystal 2 [ 30]: (-10.80   8.82  12.16) pol   48.92 ,  azi   35.96; pol   48.92 ,  azi  140.77; modCCdopfac[30] 1.0216
mod  7, crystal 3 [ 31]: ( -9.92  13.38   8.06) pol   64.18 ,  azi   58.94; pol   64.18 ,  azi  126.55; modCCdopfac[31] 1.0140
mod  8, crystal 0 [ 32]: (-13.37 -10.69   7.02) pol   67.71 ,  azi  -56.71; pol   67.71 ,  azi -141.37; modCCdopfac[32] 1.0121
mod  8, crystal 1 [ 33]: ( -8.64 -12.45  10.61) pol   55.02 ,  azi  -49.58; pol   55.02 ,  azi -124.77; modCCdopfac[33] 1.0187
mod  8, crystal 2 [ 34]: (-11.73  -7.55  12.16) pol   48.92 ,  azi  -31.84; pol   48.92 ,  azi -147.23; modCCdopfac[34] 1.0216
mod  8, crystal 3 [ 35]: (-15.79  -5.30   8.06) pol   64.18 ,  azi  -33.33; pol   64.18 ,  azi -161.45; modCCdopfac[35] 1.0140
mod  9, crystal 0 [ 36]: (  6.03 -16.02   7.02) pol   67.71 ,  azi  -66.35; pol   67.71 ,  azi  -69.37; modCCdopfac[36] 1.0121
mod  9, crystal 1 [ 37]: (  9.17 -12.07  10.61) pol   55.02 ,  azi  -48.69; pol   55.02 ,  azi  -52.77; modCCdopfac[37] 1.0187
mod  9, crystal 2 [ 38]: (  3.56 -13.48  12.16) pol   48.92 ,  azi  -47.96; pol   48.92 ,  azi  -75.23; modCCdopfac[38] 1.0216
mod  9, crystal 3 [ 39]: (  0.16 -16.65   8.06) pol   64.18 ,  azi  -64.18; pol   64.18 ,  azi  -89.45; modCCdopfac[39] 1.0140
mod 10, crystal 0 [ 40]: ( 17.10   0.79   7.02) pol   67.71 ,  azi    6.39; pol   67.71 ,  azi    2.63; modCCdopfac[40] 1.0121
mod 10, crystal 1 [ 41]: ( 14.31   4.99  10.61) pol   55.02 ,  azi   25.21; pol   55.02 ,  azi   19.23; modCCdopfac[41] 1.0187
mod 10, crystal 2 [ 42]: ( 13.92  -0.79  12.16) pol   48.92 ,  azi   -3.70; pol   48.92 ,  azi   -3.23; modCCdopfac[42] 1.0216
mod 10, crystal 3 [ 43]: ( 15.89  -4.99   8.06) pol   64.18 ,  azi  -31.79; pol   64.18 ,  azi  -17.45; modCCdopfac[43] 1.0140
mod 11, crystal 0 [ 44]: ( 18.26   2.80   0.92) pol   87.15 ,  azi   71.78; pol   87.15 ,  azi    8.71; modCCdopfac[44] 1.0011
mod 11, crystal 1 [ 45]: ( 17.30   4.20  -5.04) pol  105.79 ,  azi  140.16; pol  105.79 ,  azi   13.65; modCCdopfac[45] 0.9906
mod 11, crystal 2 [ 46]: ( 16.42   8.47  -0.92) pol   92.85 ,  azi   96.20; pol   92.85 ,  azi   27.29; modCCdopfac[46] 0.9978
mod 11, crystal 3 [ 47]: ( 16.46   6.77   5.04) pol   74.21 ,  azi   53.36; pol   74.21 ,  azi   22.35; modCCdopfac[47] 1.0085
mod 12, crystal 0 [ 48]: ( 12.46  13.48  -2.26) pol   97.01 ,  azi   99.50; pol   97.01 ,  azi   47.25; modCCdopfac[48] 0.9954
mod 12, crystal 1 [ 49]: (  7.28  16.65  -3.46) pol  100.78 ,  azi  101.74; pol  100.78 ,  azi   66.39; modCCdopfac[49] 0.9933
mod 12, crystal 2 [ 50]: (  8.97  16.02   2.26) pol   82.99 ,  azi   81.98; pol   82.99 ,  azi   60.75; modCCdopfac[50] 1.0035
mod 12, crystal 3 [ 51]: ( 13.59  12.07   3.46) pol   79.22 ,  azi   74.00; pol   79.22 ,  azi   41.61; modCCdopfac[51] 1.0057
mod 13, crystal 0 [ 52]: (  2.98  18.23   0.92) pol   87.15 ,  azi   87.11; pol   87.15 ,  azi   80.71; modCCdopfac[52] 1.0011
mod 13, crystal 1 [ 53]: (  1.35  17.75  -5.04) pol  105.79 ,  azi  105.84; pol  105.79 ,  azi   85.65; modCCdopfac[53] 0.9906
mod 13, crystal 2 [ 54]: ( -2.98  18.23  -0.92) pol   92.85 ,  azi   92.89; pol   92.85 ,  azi   99.29; modCCdopfac[54] 0.9978
mod 13, crystal 3 [ 55]: ( -1.35  17.75   5.04) pol   74.21 ,  azi   74.16; pol   74.21 ,  azi   94.35; modCCdopfac[55] 1.0085
mod 14, crystal 0 [ 56]: ( -8.97  16.02  -2.26) pol   97.01 ,  azi   98.02; pol   97.01 ,  azi  119.25; modCCdopfac[56] 0.9954
mod 14, crystal 1 [ 57]: (-13.59  12.07  -3.46) pol  100.78 ,  azi  106.00; pol  100.78 ,  azi  138.39; modCCdopfac[57] 0.9933
mod 14, crystal 2 [ 58]: (-12.46  13.48   2.26) pol   82.99 ,  azi   80.50; pol   82.99 ,  azi  132.75; modCCdopfac[58] 1.0035
mod 14, crystal 3 [ 59]: ( -7.28  16.65   3.46) pol   79.22 ,  azi   78.26; pol   79.22 ,  azi  113.61; modCCdopfac[59] 1.0057
mod 15, crystal 0 [ 60]: (-16.42   8.47   0.92) pol   87.15 ,  azi   83.80; pol   87.15 ,  azi  152.71; modCCdopfac[60] 1.0011
mod 15, crystal 1 [ 61]: (-16.46   6.77  -5.04) pol  105.79 ,  azi  126.64; pol  105.79 ,  azi  157.65; modCCdopfac[61] 0.9906
mod 15, crystal 2 [ 62]: (-18.26   2.80  -0.92) pol   92.85 ,  azi  108.22; pol   92.85 ,  azi  171.29; modCCdopfac[62] 0.9978
mod 15, crystal 3 [ 63]: (-17.30   4.20   5.04) pol   74.21 ,  azi   39.84; pol   74.21 ,  azi  166.35; modCCdopfac[63] 1.0085
mod 16, crystal 0 [ 64]: (-18.01  -3.58  -2.26) pol   97.01 ,  azi -122.21; pol   97.01 ,  azi -168.75; modCCdopfac[64] 0.9954
mod 16, crystal 1 [ 65]: (-15.68  -9.19  -3.46) pol  100.78 ,  azi -110.62; pol  100.78 ,  azi -149.61; modCCdopfac[65] 0.9933
mod 16, crystal 2 [ 66]: (-16.68  -7.69   2.26) pol   82.99 ,  azi  -73.64; pol   82.99 ,  azi -155.25; modCCdopfac[66] 1.0035
mod 16, crystal 3 [ 67]: (-18.09  -1.78   3.46) pol   79.22 ,  azi  -27.18; pol   79.22 ,  azi -174.39; modCCdopfac[67] 1.0057
mod 17, crystal 0 [ 68]: (-13.13 -13.00   0.92) pol   87.15 ,  azi  -85.95; pol   87.15 ,  azi -135.29; modCCdopfac[68] 1.0011
mod 17, crystal 1 [ 69]: (-11.53 -13.57  -5.04) pol  105.79 ,  azi -110.36; pol  105.79 ,  azi -130.35; modCCdopfac[69] 0.9906
mod 17, crystal 2 [ 70]: ( -8.30 -16.51  -0.92) pol   92.85 ,  azi  -93.19; pol   92.85 ,  azi -116.71; modCCdopfac[70] 0.9978
mod 17, crystal 3 [ 71]: ( -9.34 -15.15   5.04) pol   74.21 ,  azi  -71.62; pol   74.21 ,  azi -121.65; modCCdopfac[71] 1.0085
mod 18, crystal 0 [ 72]: ( -2.16 -18.23  -2.26) pol   97.01 ,  azi  -97.05; pol   97.01 ,  azi  -96.75; modCCdopfac[72] 0.9954
mod 18, crystal 1 [ 73]: (  3.90 -17.75  -3.46) pol  100.78 ,  azi -101.03; pol  100.78 ,  azi  -77.61; modCCdopfac[73] 0.9933
mod 18, crystal 2 [ 74]: (  2.16 -18.23   2.26) pol   82.99 ,  azi  -82.95; pol   82.99 ,  azi  -83.25; modCCdopfac[74] 1.0035
mod 18, crystal 3 [ 75]: ( -3.90 -17.75   3.46) pol   79.22 ,  azi  -78.97; pol   79.22 ,  azi -102.39; modCCdopfac[75] 1.0057
mod 19, crystal 0 [ 76]: (  8.30 -16.51   0.92) pol   87.15 ,  azi  -86.81; pol   87.15 ,  azi  -63.29; modCCdopfac[76] 1.0011
mod 19, crystal 1 [ 77]: (  9.34 -15.15  -5.04) pol  105.79 ,  azi -108.38; pol  105.79 ,  azi  -58.35; modCCdopfac[77] 0.9906
mod 19, crystal 2 [ 78]: ( 13.13 -13.00  -0.92) pol   92.85 ,  azi  -94.05; pol   92.85 ,  azi  -44.71; modCCdopfac[78] 0.9978
mod 19, crystal 3 [ 79]: ( 11.53 -13.57   5.04) pol   74.21 ,  azi  -69.64; pol   74.21 ,  azi  -49.65; modCCdopfac[79] 1.0085
mod 20, crystal 0 [ 80]: ( 16.68  -7.69  -2.26) pol   97.01 ,  azi -106.36; pol   97.01 ,  azi  -24.75; modCCdopfac[80] 0.9954
mod 20, crystal 1 [ 81]: ( 18.09  -1.78  -3.46) pol  100.78 ,  azi -152.82; pol  100.78 ,  azi   -5.61; modCCdopfac[81] 0.9933
mod 20, crystal 2 [ 82]: ( 18.01  -3.58   2.26) pol   82.99 ,  azi  -57.79; pol   82.99 ,  azi  -11.25; modCCdopfac[82] 1.0035
mod 20, crystal 3 [ 83]: ( 15.68  -9.19   3.46) pol   79.22 ,  azi  -69.38; pol   79.22 ,  azi  -30.39; modCCdopfac[83] 1.0057
mod 21, crystal 0 [ 84]: ( 14.30   9.42  -7.02) pol  112.29 ,  azi  126.69; pol  112.29 ,  azi   33.37; modCCdopfac[84] 0.9871
mod 21, crystal 1 [ 85]: ( 14.51   4.37 -10.61) pol  124.98 ,  azi  157.60; pol  124.98 ,  azi   16.77; modCCdopfac[85] 0.9809
mod 21, crystal 2 [ 86]: ( 10.80   8.82 -12.16) pol  131.08 ,  azi  144.04; pol  131.08 ,  azi   39.23; modCCdopfac[86] 0.9782
mod 21, crystal 3 [ 87]: (  9.92  13.38  -8.06) pol  115.82 ,  azi  121.06; pol  115.82 ,  azi   53.45; modCCdopfac[87] 0.9853
mod 22, crystal 0 [ 88]: ( -4.54  16.51  -7.02) pol  112.29 ,  azi  113.03; pol  112.29 ,  azi  105.37; modCCdopfac[88] 0.9871
mod 22, crystal 1 [ 89]: (  0.33  15.15 -10.61) pol  124.98 ,  azi  124.99; pol  124.98 ,  azi   88.77; modCCdopfac[89] 0.9809
mod 22, crystal 2 [ 90]: ( -5.05  13.00 -12.16) pol  131.08 ,  azi  133.08; pol  131.08 ,  azi  111.23; modCCdopfac[90] 0.9782
mod 22, crystal 3 [ 91]: ( -9.66  13.57  -8.06) pol  115.82 ,  azi  120.71; pol  115.82 ,  azi  125.45; modCCdopfac[91] 0.9853
mod 23, crystal 0 [ 92]: (-17.10   0.79  -7.02) pol  112.29 ,  azi  173.61; pol  112.29 ,  azi  177.37; modCCdopfac[92] 0.9871
mod 23, crystal 1 [ 93]: (-14.31   4.99 -10.61) pol  124.98 ,  azi  154.79; pol  124.98 ,  azi  160.77; modCCdopfac[93] 0.9809
mod 23, crystal 2 [ 94]: (-13.92  -0.79 -12.16) pol  131.08 ,  azi -176.30; pol  131.08 ,  azi -176.77; modCCdopfac[94] 0.9782
mod 23, crystal 3 [ 95]: (-15.89  -4.99  -8.06) pol  115.82 ,  azi -148.21; pol  115.82 ,  azi -162.55; modCCdopfac[95] 0.9853
mod 24, crystal 0 [ 96]: ( -6.03 -16.02  -7.02) pol  112.29 ,  azi -113.65; pol  112.29 ,  azi -110.63; modCCdopfac[96] 0.9871
mod 24, crystal 1 [ 97]: ( -9.17 -12.07 -10.61) pol  124.98 ,  azi -131.31; pol  124.98 ,  azi -127.23; modCCdopfac[97] 0.9809
mod 24, crystal 2 [ 98]: ( -3.56 -13.48 -12.16) pol  131.08 ,  azi -132.04; pol  131.08 ,  azi -104.77; modCCdopfac[98] 0.9782
mod 24, crystal 3 [ 99]: ( -0.16 -16.65  -8.06) pol  115.82 ,  azi -115.82; pol  115.82 ,  azi  -90.55; modCCdopfac[99] 0.9853
mod 25, crystal 0 [100]: ( 13.37 -10.69  -7.02) pol  112.29 ,  azi -123.29; pol  112.29 ,  azi  -38.63; modCCdopfac[100] 0.9871
mod 25, crystal 1 [101]: (  8.64 -12.45 -10.61) pol  124.98 ,  azi -130.42; pol  124.98 ,  azi  -55.23; modCCdopfac[101] 0.9809
mod 25, crystal 2 [102]: ( 11.73  -7.55 -12.16) pol  131.08 ,  azi -148.16; pol  131.08 ,  azi  -32.77; modCCdopfac[102] 0.9782
mod 25, crystal 3 [103]: ( 15.79  -5.30  -8.06) pol  115.82 ,  azi -146.67; pol  115.82 ,  azi  -18.55; modCCdopfac[103] 0.9853
mod 26, crystal 0 [104]: (  0.29  10.69 -15.10) pol  144.70 ,  azi  144.71; pol  144.70 ,  azi   88.42; modCCdopfac[104] 0.9732
mod 26, crystal 1 [105]: (  5.62  12.45 -12.47) pol  132.40 ,  azi  135.05; pol  132.40 ,  azi   65.70; modCCdopfac[105] 0.9777
mod 26, crystal 2 [106]: (  5.63   7.55 -15.92) pol  149.40 ,  azi  154.64; pol  149.40 ,  azi   53.28; modCCdopfac[106] 0.9718
mod 26, crystal 3 [107]: (  0.15   5.30 -17.72) pol  163.35 ,  azi  163.36; pol  163.35 ,  azi   88.42; modCCdopfac[107] 0.9688
mod 27, crystal 0 [108]: (-10.07   3.58 -15.10) pol  144.70 ,  azi  166.65; pol  144.70 ,  azi  160.42; modCCdopfac[108] 0.9732
mod 27, crystal 1 [109]: (-10.11   9.19 -12.47) pol  132.40 ,  azi  143.61; pol  132.40 ,  azi  137.70; modCCdopfac[109] 0.9777
mod 27, crystal 2 [110]: ( -5.44   7.69 -15.92) pol  149.40 ,  azi  154.23; pol  149.40 ,  azi  125.28; modCCdopfac[110] 0.9718
mod 27, crystal 3 [111]: ( -4.99   1.78 -17.72) pol  163.35 ,  azi  174.28; pol  163.35 ,  azi  160.42; modCCdopfac[111] 0.9688
mod 28, crystal 0 [112]: ( -6.52  -8.47 -15.10) pol  144.70 ,  azi -150.70; pol  144.70 ,  azi -127.58; modCCdopfac[112] 0.9732
mod 28, crystal 1 [113]: (-11.87  -6.77 -12.47) pol  132.40 ,  azi -151.51; pol  132.40 ,  azi -150.30; modCCdopfac[113] 0.9777
mod 28, crystal 2 [114]: ( -8.99  -2.80 -15.92) pol  149.40 ,  azi -170.04; pol  149.40 ,  azi -162.72; modCCdopfac[114] 0.9718
mod 28, crystal 3 [115]: ( -3.23  -4.20 -17.72) pol  163.35 ,  azi -166.67; pol  163.35 ,  azi -127.58; modCCdopfac[115] 0.9688
mod 29, crystal 0 [116]: (  6.04  -8.82 -15.10) pol  144.70 ,  azi -149.71; pol  144.70 ,  azi  -55.58; modCCdopfac[116] 0.9732
mod 29, crystal 1 [117]: (  2.77 -13.38 -12.47) pol  132.40 ,  azi -133.00; pol  132.40 ,  azi  -78.30; modCCdopfac[117] 0.9777
mod 29, crystal 2 [118]: ( -0.12  -9.42 -15.92) pol  149.40 ,  azi -149.40; pol  149.40 ,  azi  -90.72; modCCdopfac[118] 0.9718
mod 29, crystal 3 [119]: (  3.00  -4.37 -17.72) pol  163.35 ,  azi -166.14; pol  163.35 ,  azi  -55.58; modCCdopfac[119] 0.9688
mod 30, crystal 0 [120]: ( 10.25   3.02 -15.10) pol  144.70 ,  azi  168.68; pol  144.70 ,  azi   16.42; modCCdopfac[120] 0.9732
mod 30, crystal 1 [121]: ( 13.58  -1.50 -12.47) pol  132.40 ,  azi -173.15; pol  132.40 ,  azi   -6.30; modCCdopfac[121] 0.9777
mod 30, crystal 2 [122]: (  8.92  -3.02 -15.92) pol  149.40 ,  azi -169.25; pol  149.40 ,  azi  -18.72; modCCdopfac[122] 0.9718
mod 30, crystal 3 [123]: (  5.08   1.50 -17.72) pol  163.35 ,  azi  175.17; pol  163.35 ,  azi   16.42; modCCdopfac[123] 0.9688
setup signal catcher
started sorting... from disk...

Pars.maxTS=4611686018427387904
got initial header, TS=1201319495713 ID: 1 length: 464
read initial payload of siz=464 into event position 1
__ptgd[0]->type= 0; ptgd[0]->length=   0; ptgd[0]->timestamp=0
initial ii=1, nn=1
ev#     0 GEB_TYPE_DECOMP        464Bytes TS=1201319495845 curTS=1201319495713 dTS= 132
ev#     0 GEB_TYPE_DECOMP        464Bytes TS=1201319496235 curTS=1201319495713 dTS= 522
t0=1201319495713
first event: GEB_event.mult=2
   0/ 0: ( 1,GEB_TYPE_DECOMP      ) TS=       1201319495713; dT=-132
   0/ 1: ( 1,GEB_TYPE_DECOMP      ) TS=       1201319495845; dT=0
maxTS=9841319495713
that is 86400.0 seconds or 24h0m0s minutes of sorting
GEBGetEv returned st=0
we have read 1440 bytes; CurEvNo=1

+++++++++++++++++++++++++++++++
*start event # 1 with multiplicity 2 looks like this:
 0>  1, GEB_TYPE_DECOMP      , TS=1201319495713
 1>  1, GEB_TYPE_DECOMP      , TS=1201319495845
entered bin_mode2: 1/10
ptinp->pad= 6, (ptinp->pad&0x000000ff)= 6
ptinp->pad= 6, (ptinp->pad&0x000000ff)= 6
updated CCadd with    0.00
total number of hits in array: 0
exit bin_mode2
entered bin_mode3 @ event number: 1 
exit bin_mode3
*end of event # 1
+++++++++++++++++++++++++++++++
ev#     1 GEB_TYPE_DECOMP        464Bytes TS=1201319499143 curTS=1201319496235 dTS= 2908
GEBGetEv returned st=0
we have read 1920 bytes; CurEvNo=2

+++++++++++++++++++++++++++++++
*start event # 2 with multiplicity 1 looks like this:
 0>  1, GEB_TYPE_DECOMP      , TS=1201319496235
entered bin_mode2: 2/10
ptinp->pad= 6, (ptinp->pad&0x000000ff)= 6
updated CCadd with    0.00
total number of hits in array: 0
exit bin_mode2
entered bin_mode3 @ event number: 2 
exit bin_mode3
*end of event # 2
+++++++++++++++++++++++++++++++
ev#     2 GEB_TYPE_DECOMP        464Bytes TS=1201319545013 curTS=1201319499143 dTS= 45870
GEBGetEv returned st=0
we have read 2400 bytes; CurEvNo=3

+++++++++++++++++++++++++++++++
*start event # 3 with multiplicity 1 looks like this:
 0>  1, GEB_TYPE_DECOMP      , TS=1201319499143
entered bin_mode2: 3/10
ptinp->pad= 6, (ptinp->pad&0x000000ff)= 6
updated CCadd with    0.00
total number of hits in array: 0
exit bin_mode2
entered bin_mode3 @ event number: 3 
exit bin_mode3
*end of event # 3
+++++++++++++++++++++++++++++++
ev#     3 GEB_TYPE_GT_MOD29      220Bytes TS=1201319545335 curTS=1201319545013 dTS= 322
GEBGetEv returned st=0
we have read 2636 bytes; CurEvNo=4

+++++++++++++++++++++++++++++++
*start event # 4 with multiplicity 1 looks like this:
 0>  1, GEB_TYPE_DECOMP      , TS=1201319545013
entered bin_mode2: 4/10
ptinp->pad= 6, (ptinp->pad&0x000000ff)= 6
updated CCadd with    0.00
total number of hits in array: 0
exit bin_mode2
entered bin_mode3 @ event number: 4 
exit bin_mode3
*end of event # 4
+++++++++++++++++++++++++++++++
ev#     4 GEB_TYPE_DECOMP        464Bytes TS=1201319560465 curTS=1201319545335 dTS= 15130
GEBGetEv returned st=0
we have read 3116 bytes; CurEvNo=5

+++++++++++++++++++++++++++++++
*start event # 5 with multiplicity 1 looks like this:
 0>  8, GEB_TYPE_GT_MOD29    , TS=1201319545335
entered bin_mode2: 5/10
updated CCadd with    0.00
total number of hits in array: 0
exit bin_mode2
entered bin_mode3 @ event number: 5 

bin_mode3:  0>  8, GEB_TYPE_GT_MOD29    , TS=1201319545335, 0x117b43989f7; payload length: 220 bytes

---------
new GTheader at pos=0 or 0 words (8):
Event.hdr[ 0]=0x1f37,   7991
Event.hdr[ 1]=0x300a,  12298
Event.hdr[ 2]=0x89f7,  35319
Event.hdr[ 3]=0xb439,  46137
Event.hdr[ 4]=0x0117,    279
Event.hdr[ 5]=0x1348,   4936
Event.hdr[ 6]=0x0e00,   3584
Event.hdr[ 7]=0x0000,      0
Event.hdr[ 8]=0x1219,   4633
Event.hdr[ 9]=0xe106,  57606
Event.hdr[10]=0x25ff,   9727
Event.hdr[11]=0x0163,    355
Event.hdr[12]=0xb464,  46180
Event.hdr[13]=0x0001,      1
Event.len=  44, Event.traceLen=  12 (in Bytes)
Event.len=  22, Event.traceLen=   6 (in 16 bit words)
Event.len=  11, Event.traceLen=   3 (in 32 bit words)
next start: 0xaaaaaaaa, pos= 44
0x1f37 module_id = 31 crystal_id = 0 digitizer_id = 3 chan_id = 7 ge_id = 124 channel = 37  -> is segment
open superpulse_005_00_01.xy at Event.chan_id = 7
open CCpulse_005_00_01.xy at Event.chan_id = 7
ncrystal=1
wrote trace to CCpulse_005_00_01.xy
two's comp tempE  ::       4936       4936 0x00001348 |0000|0000|0000|0000|0001|0011|0100|1000|
rawE              ::       4936       4936 0x00001348 |0000|0000|0000|0000|0001|0011|0100|1000|
rawE (sign change)::       4936       4936 0x00001348 |0000|0000|0000|0000|0001|0011|0100|1000|
Event.ehi=             154 0x0000009a
Event.ehi=15 (gain changed)
Event.LEDts =        1201319545335
Event.CFDts =          12885098508

---------
new GTheader at pos=44 or 22 words (30):
Event.hdr[ 0]=0x1f38,   7992
Event.hdr[ 1]=0x300a,  12298
Event.hdr[ 2]=0x89f7,  35319
Event.hdr[ 3]=0xb439,  46137
Event.hdr[ 4]=0x0117,    279
Event.hdr[ 5]=0x8dc2,  36290
Event.hdr[ 6]=0x1ff9,   8185
Event.hdr[ 7]=0x0000,      0
Event.hdr[ 8]=0x1219,   4633
Event.hdr[ 9]=0xe231,  57905
Event.hdr[10]=0x4ffc,  20476
Event.hdr[11]=0xf9c9,  63945
Event.hdr[12]=0x06b3,   1715
Event.hdr[13]=0x07f3,   2035
Event.len=  44, Event.traceLen=  12 (in Bytes)
Event.len=  22, Event.traceLen=   6 (in 16 bit words)
Event.len=  11, Event.traceLen=   3 (in 32 bit words)
next start: 0xaaaaaaaa, pos= 88
0x1f38 module_id = 31 crystal_id = 0 digitizer_id = 3 chan_id = 8 ge_id = 124 channel = 38  -> is segment
ncrystal=1
wrote trace to CCpulse_005_00_01.xy
two's comp tempE  ::   16354754   16354754 0x00f98dc2 |0000|0000|1111|1001|1000|1101|1100|0010|
rawE              :: 4294544834    -422462 0xfff98dc2 |1111|1111|1111|1001|1000|1101|1100|0010|
rawE (sign change)::     422462     422462 0x0006723e |0000|0000|0000|0110|0111|0010|0011|1110|
Event.ehi=           13201 0x00003391
Event.ehi=1320 (gain changed)
Event.LEDts =        1201319545335
Event.CFDts =         335014592524

---------
new GTheader at pos=88 or 44 words (52):
Event.hdr[ 0]=0x1f34,   7988
Event.hdr[ 1]=0x300a,  12298
Event.hdr[ 2]=0x89f7,  35319
Event.hdr[ 3]=0xb439,  46137
Event.hdr[ 4]=0x0117,    279
Event.hdr[ 5]=0x002d,     45
Event.hdr[ 6]=0x0e00,   3584
Event.hdr[ 7]=0x0000,      0
Event.hdr[ 8]=0x1219,   4633
Event.hdr[ 9]=0xffd8,  65496
Event.hdr[10]=0x9bff,  39935
Event.hdr[11]=0x0000,      0
Event.hdr[12]=0xff58,  65368
Event.hdr[13]=0x07ff,   2047
Event.len=  44, Event.traceLen=  12 (in Bytes)
Event.len=  22, Event.traceLen=   6 (in 16 bit words)
Event.len=  11, Event.traceLen=   3 (in 32 bit words)
next start: 0xaaaaaaaa, pos= 132
0x1f34 module_id = 31 crystal_id = 0 digitizer_id = 3 chan_id = 4 ge_id = 124 channel = 34  -> is segment
ncrystal=1
wrote trace to CCpulse_005_00_01.xy
two's comp tempE  ::         45         45 0x0000002d |0000|0000|0000|0000|0000|0000|0010|1101|
rawE              ::         45         45 0x0000002d |0000|0000|0000|0000|0000|0000|0010|1101|
rawE (sign change)::         45         45 0x0000002d |0000|0000|0000|0000|0000|0000|0010|1101|
Event.ehi=               1 0x00000001
Event.ehi=0 (gain changed)
Event.LEDts =        1201319545335
Event.CFDts =         244816936972

---------
new GTheader at pos=132 or 66 words (74):
Event.hdr[ 0]=0x1f35,   7989
Event.hdr[ 1]=0x300a,  12298
Event.hdr[ 2]=0x89f7,  35319
Event.hdr[ 3]=0xb439,  46137
Event.hdr[ 4]=0x0117,    279
Event.hdr[ 5]=0xeb17,  60183
Event.hdr[ 6]=0x4e07,  19975
Event.hdr[ 7]=0x0000,      0
Event.hdr[ 8]=0x1219,   4633
Event.hdr[ 9]=0xea50,  59984
Event.hdr[10]=0xfc07,  64519
Event.hdr[11]=0x1083,   4227
Event.hdr[12]=0x84f8,  34040
Event.hdr[13]=0x0026,     38
Event.len=  44, Event.traceLen=  12 (in Bytes)
Event.len=  22, Event.traceLen=   6 (in 16 bit words)
Event.len=  11, Event.traceLen=   3 (in 32 bit words)
next start: 0xaaaaaaaa, pos= 176
0x1f35 module_id = 31 crystal_id = 0 digitizer_id = 3 chan_id = 5 ge_id = 124 channel = 35  -> is segment
ncrystal=1
wrote trace to CCpulse_005_00_01.xy
two's comp tempE  ::     518935     518935 0x0007eb17 |0000|0000|0000|0111|1110|1011|0001|0111|
rawE              ::     518935     518935 0x0007eb17 |0000|0000|0000|0111|1110|1011|0001|0111|
rawE (sign change)::     518935     518935 0x0007eb17 |0000|0000|0000|0111|1110|1011|0001|0111|
Event.ehi=           16216 0x00003f58
Event.ehi=1621 (gain changed)
Event.LEDts =        1201319545335
Event.CFDts =      270694444105740

---------
new GTheader at pos=176 or 88 words (96):
Event.hdr[ 0]=0x1f36,   7990
Event.hdr[ 1]=0x300a,  12298
Event.hdr[ 2]=0x89f7,  35319
Event.hdr[ 3]=0xb439,  46137
Event.hdr[ 4]=0x0117,    279
Event.hdr[ 5]=0x09bf,   2495
Event.hdr[ 6]=0x0e00,   3584
Event.hdr[ 7]=0x0000,      0
Event.hdr[ 8]=0x1219,   4633
Event.hdr[ 9]=0xe67b,  59003
Event.hdr[10]=0xcfff,  53247
Event.hdr[11]=0x040a,   1034
Event.hdr[12]=0x6928,  26920
Event.hdr[13]=0x0008,      8
Event.len=  44, Event.traceLen=  12 (in Bytes)
Event.len=  22, Event.traceLen=   6 (in 16 bit words)
Event.len=  11, Event.traceLen=   3 (in 32 bit words)
0x1f36 module_id = 31 crystal_id = 0 digitizer_id = 3 chan_id = 6 ge_id = 124 channel = 36  -> is segment
ncrystal=1
wrote trace to CCpulse_005_00_01.xy
two's comp tempE  ::       2495       2495 0x000009bf |0000|0000|0000|0000|0000|1001|1011|1111|
rawE              ::       2495       2495 0x000009bf |0000|0000|0000|0000|0000|1001|1011|1111|
rawE (sign change)::       2495       2495 0x000009bf |0000|0000|0000|0000|0000|1001|1011|1111|
Event.ehi=              77 0x0000004d
Event.ehi=7 (gain changed)
Event.LEDts =        1201319545335
Event.CFDts =           8589869068
exit bin_mode3
*end of event # 5
+++++++++++++++++++++++++++++++
ev#     5 GEB_TYPE_GT_MOD29      440Bytes TS=1201319560919 curTS=1201319560465 dTS= 454
GEBGetEv returned st=0
we have read 3572 bytes; CurEvNo=6

+++++++++++++++++++++++++++++++
*start event # 6 with multiplicity 1 looks like this:
 0>  1, GEB_TYPE_DECOMP      , TS=1201319560465
entered bin_mode2: 6/10
ptinp->pad= 6, (ptinp->pad&0x000000ff)= 6
updated CCadd with    0.00
total number of hits in array: 0
exit bin_mode2
entered bin_mode3 @ event number: 6 
exit bin_mode3
*end of event # 6
+++++++++++++++++++++++++++++++
ev#     6 GEB_TYPE_DECOMP        464Bytes TS=1201319574843 curTS=1201319560919 dTS= 13924
GEBGetEv returned st=0
we have read 4052 bytes; CurEvNo=7

+++++++++++++++++++++++++++++++
*start event # 7 with multiplicity 1 looks like this:
 0>  8, GEB_TYPE_GT_MOD29    , TS=1201319560919
entered bin_mode2: 7/10
updated CCadd with    0.00
total number of hits in array: 0
exit bin_mode2
entered bin_mode3 @ event number: 7 

bin_mode3:  0>  8, GEB_TYPE_GT_MOD29    , TS=1201319560919, 0x117b439c6d7; payload length: 440 bytes

---------
new GTheader at pos=0 or 0 words (8):
Event.hdr[ 0]=0x1f39,   7993
Event.hdr[ 1]=0x300a,  12298
Event.hdr[ 2]=0xc6d7,  50903
Event.hdr[ 3]=0xb439,  46137
Event.hdr[ 4]=0x0117,    279
Event.hdr[ 5]=0x0419,   1049
Event.hdr[ 6]=0x0e00,   3584
Event.hdr[ 7]=0x3cdf,  15583
Event.hdr[ 8]=0x0000,      0
Event.hdr[ 9]=0xec50,  60496
Event.hdr[10]=0xe5ff,  58879
Event.hdr[11]=0x1e20,   7712
Event.hdr[12]=0xcc74,  52340
Event.hdr[13]=0x07ff,   2047
Event.len=  44, Event.traceLen=  12 (in Bytes)
Event.len=  22, Event.traceLen=   6 (in 16 bit words)
Event.len=  11, Event.traceLen=   3 (in 32 bit words)
next start: 0xaaaaaaaa, pos= 44
0x1f39 module_id = 31 crystal_id = 0 digitizer_id = 3 chan_id = 9 ge_id = 124 channel = 39  -> is CC
open superpulse_007_00_01.xy at Event.chan_id = 9
open CCpulse_007_00_01.xy at Event.chan_id = 9
ncrystal=1
wrote trace to CCpulse_007_00_01.xy
two's comp tempE  ::       1049       1049 0x00000419 |0000|0000|0000|0000|0000|0100|0001|1001|
rawE              ::       1049       1049 0x00000419 |0000|0000|0000|0000|0000|0100|0001|1001|
rawE (sign change)::       1049       1049 0x00000419 |0000|0000|0000|0000|0000|0100|0001|1001|
Event.ehi=              32 0x00000020
Event.ehi=3 (gain changed)
Event.LEDts =        1201319560919
Event.CFDts =         158916083724

---------
new GTheader at pos=44 or 22 words (30):
Event.hdr[ 0]=0x1f30,   7984
Event.hdr[ 1]=0x300a,  12298
Event.hdr[ 2]=0xc6d7,  50903
Event.hdr[ 3]=0xb439,  46137
Event.hdr[ 4]=0x0117,    279
Event.hdr[ 5]=0xd75e,  55134
Event.hdr[ 6]=0x4e09,  19977
Event.hdr[ 7]=0x3cdf,  15583
Event.hdr[ 8]=0x0000,      0
Event.hdr[ 9]=0xd498,  54424
Event.hdr[10]=0xb809,  47113
Event.hdr[11]=0x1594,   5524
Event.hdr[12]=0x00ac,    172
Event.hdr[13]=0x002b,     43
Event.len=  44, Event.traceLen=  12 (in Bytes)
Event.len=  22, Event.traceLen=   6 (in 16 bit words)
Event.len=  11, Event.traceLen=   3 (in 32 bit words)
next start: 0xaaaaaaaa, pos= 88
0x1f30 module_id = 31 crystal_id = 0 digitizer_id = 3 chan_id = 0 ge_id = 124 channel = 30  -> is segment
ncrystal=1
wrote trace to CCpulse_007_00_01.xy
two's comp tempE  ::     644958     644958 0x0009d75e |0000|0000|0000|1001|1101|0111|0101|1110|
rawE              ::     644958     644958 0x0009d75e |0000|0000|0000|1001|1101|0111|0101|1110|
rawE (sign change)::     644958     644958 0x0009d75e |0000|0000|0000|1001|1101|0111|0101|1110|
Event.ehi=           20154 0x00004eba
Event.ehi=2015 (gain changed)
Event.LEDts =        1201319560919
Event.CFDts =      267924148125708

---------
new GTheader at pos=88 or 44 words (52):
Event.hdr[ 0]=0x1f31,   7985
Event.hdr[ 1]=0x300a,  12298
Event.hdr[ 2]=0xc6d7,  50903
Event.hdr[ 3]=0xb439,  46137
Event.hdr[ 4]=0x0117,    279
Event.hdr[ 5]=0x9701,  38657
Event.hdr[ 6]=0xce07,  52743
Event.hdr[ 7]=0x3cdf,  15583
Event.hdr[ 8]=0x0000,      0
Event.hdr[ 9]=0x9412,  37906
Event.hdr[10]=0x1a07,   6663
Event.hdr[11]=0x13fe,   5118
Event.hdr[12]=0x037c,    892
Event.hdr[13]=0x0026,     38
Event.len=  44, Event.traceLen=  12 (in Bytes)
Event.len=  22, Event.traceLen=   6 (in 16 bit words)
Event.len=  11, Event.traceLen=   3 (in 32 bit words)
next start: 0xaaaaaaaa, pos= 132
0x1f31 module_id = 31 crystal_id = 0 digitizer_id = 3 chan_id = 1 ge_id = 124 channel = 31  -> is segment
ncrystal=1
wrote trace to CCpulse_007_00_01.xy
two's comp tempE  ::     497409     497409 0x00079701 |0000|0000|0000|0111|1001|0111|0000|0001|
rawE              ::     497409     497409 0x00079701 |0000|0000|0000|0111|1001|0111|0000|0001|
rawE (sign change)::     497409     497409 0x00079701 |0000|0000|0000|0111|1001|0111|0000|0001|
Event.ehi=           15544 0x00003cb8
Event.ehi=1554 (gain changed)
Event.LEDts =        1201319560919
Event.CFDts =      271815447871500

---------
new GTheader at pos=132 or 66 words (74):
Event.hdr[ 0]=0x1f32,   7986
Event.hdr[ 1]=0x300a,  12298
Event.hdr[ 2]=0xc6d7,  50903
Event.hdr[ 3]=0xb439,  46137
Event.hdr[ 4]=0x0117,    279
Event.hdr[ 5]=0xc766,  51046
Event.hdr[ 6]=0x0e0c,   3596
Event.hdr[ 7]=0x3cdf,  15583
Event.hdr[ 8]=0x0000,      0
Event.hdr[ 9]=0x5858,  22616
Event.hdr[10]=0x7409,  29705
Event.hdr[11]=0xff8a,  65418
Event.hdr[12]=0xd8ff,  55551
Event.hdr[13]=0x07ff,   2047
Event.len=  44, Event.traceLen=  12 (in Bytes)
Event.len=  22, Event.traceLen=   6 (in 16 bit words)
Event.len=  11, Event.traceLen=   3 (in 32 bit words)
next start: 0xaaaaaaaa, pos= 176
0x1f32 module_id = 31 crystal_id = 0 digitizer_id = 3 chan_id = 2 ge_id = 124 channel = 32  -> is segment
ncrystal=1
wrote trace to CCpulse_007_00_01.xy
two's comp tempE  ::     837478     837478 0x000cc766 |0000|0000|0000|1100|1100|0111|0110|0110|
rawE              ::     837478     837478 0x000cc766 |0000|0000|0000|1100|1100|0111|0110|0110|
rawE (sign change)::     837478     837478 0x000cc766 |0000|0000|0000|1100|1100|0111|0110|0110|
Event.ehi=           26171 0x0000663b
Event.ehi=2617 (gain changed)
Event.LEDts =        1201319560919
Event.CFDts =         133145886732

---------
new GTheader at pos=176 or 88 words (96):
Event.hdr[ 0]=0x1f33,   7987
Event.hdr[ 1]=0x300a,  12298
Event.hdr[ 2]=0xc6d7,  50903
Event.hdr[ 3]=0xb439,  46137
Event.hdr[ 4]=0x0117,    279
Event.hdr[ 5]=0x1bd5,   7125
Event.hdr[ 6]=0x4e0d,  19981
Event.hdr[ 7]=0x3cdf,  15583
Event.hdr[ 8]=0x0000,      0
Event.hdr[ 9]=0x18f7,   6391
Event.hdr[10]=0x100d,   4109
Event.hdr[11]=0x1851,   6225
Event.hdr[12]=0x3ad8,  15064
Event.hdr[13]=0x0032,     50
Event.len=  44, Event.traceLen=  12 (in Bytes)
Event.len=  22, Event.traceLen=   6 (in 16 bit words)
Event.len=  11, Event.traceLen=   3 (in 32 bit words)
next start: 0xaaaaaaaa, pos= 220
0x1f33 module_id = 31 crystal_id = 0 digitizer_id = 3 chan_id = 3 ge_id = 124 channel = 33  -> is segment
ncrystal=1
wrote trace to CCpulse_007_00_01.xy
two's comp tempE  ::     859093     859093 0x000d1bd5 |0000|0000|0000|1101|0001|1011|1101|0101|
rawE              ::     859093     859093 0x000d1bd5 |0000|0000|0000|1101|0001|1011|1101|0101|
rawE (sign change)::     859093     859093 0x000d1bd5 |0000|0000|0000|1101|0001|1011|1101|0101|
Event.ehi=           26846 0x000068de
Event.ehi=2684 (gain changed)
Event.LEDts =        1201319560919
Event.CFDts =      263453019144204

---------
new GTheader at pos=220 or 110 words (118):
Event.hdr[ 0]=0x1f34,   7988
Event.hdr[ 1]=0x300a,  12298
Event.hdr[ 2]=0xc6d7,  50903
Event.hdr[ 3]=0xb439,  46137
Event.hdr[ 4]=0x0117,    279
Event.hdr[ 5]=0x003b,     59
Event.hdr[ 6]=0x0e00,   3584
Event.hdr[ 7]=0x3cdf,  15583
Event.hdr[ 8]=0x0000,      0
Event.hdr[ 9]=0xfffe,  65534
Event.hdr[10]=0xb1ff,  45567
Event.hdr[11]=0xffff,  65535
Event.hdr[12]=0x0137,    311
Event.hdr[13]=0x0000,      0
Event.len=  44, Event.traceLen=  12 (in Bytes)
Event.len=  22, Event.traceLen=   6 (in 16 bit words)
Event.len=  11, Event.traceLen=   3 (in 32 bit words)
next start: 0xaaaaaaaa, pos= 264
0x1f34 module_id = 31 crystal_id = 0 digitizer_id = 3 chan_id = 4 ge_id = 124 channel = 34  -> is segment
ncrystal=1
wrote trace to CCpulse_007_00_01.xy
two's comp tempE  ::         59         59 0x0000003b |0000|0000|0000|0000|0000|0000|0011|1011|
rawE              ::         59         59 0x0000003b |0000|0000|0000|0000|0000|0000|0011|1011|
rawE (sign change)::         59         59 0x0000003b |0000|0000|0000|0000|0000|0000|0011|1011|
Event.ehi=               1 0x00000001
Event.ehi=0 (gain changed)
Event.LEDts =        1201319560919
Event.CFDts =         261996806156

---------
new GTheader at pos=264 or 132 words (140):
Event.hdr[ 0]=0x1f35,   7989
Event.hdr[ 1]=0x300a,  12298
Event.hdr[ 2]=0xc6d7,  50903
Event.hdr[ 3]=0xb439,  46137
Event.hdr[ 4]=0x0117,    279
Event.hdr[ 5]=0x4055,  16469
Event.hdr[ 6]=0x4e09,  19977
Event.hdr[ 7]=0x3cdf,  15583
Event.hdr[ 8]=0x0000,      0
Event.hdr[ 9]=0x3f66,  16230
Event.hdr[10]=0xa009,  40969
Event.hdr[11]=0x0fd4,   4052
Event.hdr[12]=0x07f8,   2040
Event.hdr[13]=0x0021,     33
Event.len=  44, Event.traceLen=  12 (in Bytes)
Event.len=  22, Event.traceLen=   6 (in 16 bit words)
Event.len=  11, Event.traceLen=   3 (in 32 bit words)
next start: 0xaaaaaaaa, pos= 308
0x1f35 module_id = 31 crystal_id = 0 digitizer_id = 3 chan_id = 5 ge_id = 124 channel = 35  -> is segment
ncrystal=1
wrote trace to CCpulse_007_00_01.xy
two's comp tempE  ::     606293     606293 0x00094055 |0000|0000|0000|1001|0100|0000|0101|0101|
rawE              ::     606293     606293 0x00094055 |0000|0000|0000|1001|0100|0000|0101|0101|
rawE (sign change)::     606293     606293 0x00094055 |0000|0000|0000|1001|0100|0000|0101|0101|
Event.ehi=           18946 0x00004a02
Event.ehi=1894 (gain changed)
Event.LEDts =        1201319560919
Event.CFDts =      268826105217036

---------
new GTheader at pos=308 or 154 words (162):
Event.hdr[ 0]=0x1f36,   7990
Event.hdr[ 1]=0x300a,  12298
Event.hdr[ 2]=0xc6d7,  50903
Event.hdr[ 3]=0xb439,  46137
Event.hdr[ 4]=0x0117,    279
Event.hdr[ 5]=0x8f5a,  36698
Event.hdr[ 6]=0x4e08,  19976
Event.hdr[ 7]=0x3cdf,  15583
Event.hdr[ 8]=0x0000,      0
Event.hdr[ 9]=0x6b7e,  27518
Event.hdr[10]=0xf607,  62983
Event.hdr[11]=0xffcc,  65484
Event.hdr[12]=0x159f,   5535
Event.hdr[13]=0x0008,      8
Event.len=  44, Event.traceLen=  12 (in Bytes)
Event.len=  22, Event.traceLen=   6 (in 16 bit words)
Event.len=  11, Event.traceLen=   3 (in 32 bit words)
next start: 0xaaaaaaaa, pos= 352
0x1f36 module_id = 31 crystal_id = 0 digitizer_id = 3 chan_id = 6 ge_id = 124 channel = 36  -> is segment
ncrystal=1
wrote trace to CCpulse_007_00_01.xy
two's comp tempE  ::     560986     560986 0x00088f5a |0000|0000|0000|1000|1000|1111|0101|1010|
rawE              ::     560986     560986 0x00088f5a |0000|0000|0000|1000|1000|1111|0101|1010|
rawE (sign change)::     560986     560986 0x00088f5a |0000|0000|0000|1000|1000|1111|0101|1010|
Event.ehi=           17530 0x0000447a
Event.ehi=1753 (gain changed)
Event.LEDts =        1201319560919
Event.CFDts =      280856492441612

---------
new GTheader at pos=352 or 176 words (184):
Event.hdr[ 0]=0x1f37,   7991
Event.hdr[ 1]=0x300a,  12298
Event.hdr[ 2]=0xc6d7,  50903
Event.hdr[ 3]=0xb439,  46137
Event.hdr[ 4]=0x0117,    279
Event.hdr[ 5]=0xb5da,  46554
Event.hdr[ 6]=0x0e06,   3590
Event.hdr[ 7]=0x3cdf,  15583
Event.hdr[ 8]=0x0000,      0
Event.hdr[ 9]=0x5fa2,  24482
Event.hdr[10]=0x0c05,   3077
Event.hdr[11]=0xffc2,  65474
Event.hdr[12]=0xc64b,  50763
Event.hdr[13]=0x0002,      2
Event.len=  44, Event.traceLen=  12 (in Bytes)
Event.len=  22, Event.traceLen=   6 (in 16 bit words)
Event.len=  11, Event.traceLen=   3 (in 32 bit words)
next start: 0xaaaaaaaa, pos= 396
0x1f37 module_id = 31 crystal_id = 0 digitizer_id = 3 chan_id = 7 ge_id = 124 channel = 37  -> is segment
ncrystal=1
wrote trace to CCpulse_007_00_01.xy
two's comp tempE  ::     439770     439770 0x0006b5da |0000|0000|0000|0110|1011|0101|1101|1010|
rawE              ::     439770     439770 0x0006b5da |0000|0000|0000|0110|1011|0101|1101|1010|
rawE (sign change)::     439770     439770 0x0006b5da |0000|0000|0000|0110|1011|0101|1101|1010|
Event.ehi=           13742 0x000035ae
Event.ehi=1374 (gain changed)
Event.LEDts =        1201319560919
Event.CFDts =      281389075857420

---------
new GTheader at pos=396 or 198 words (206):
Event.hdr[ 0]=0x1f38,   7992
Event.hdr[ 1]=0x300a,  12298
Event.hdr[ 2]=0xc6d7,  50903
Event.hdr[ 3]=0xb439,  46137
Event.hdr[ 4]=0x0117,    279
Event.hdr[ 5]=0x8b1e,  35614
Event.hdr[ 6]=0x1ff9,   8185
Event.hdr[ 7]=0x3cdf,  15583
Event.hdr[ 8]=0x0000,      0
Event.hdr[ 9]=0xa65d,  42589
Event.hdr[10]=0x63fc,  25596
Event.hdr[11]=0xf9c4,  63940
Event.hdr[12]=0x929f,  37535
Event.hdr[13]=0x07f3,   2035
Event.len=  44, Event.traceLen=  12 (in Bytes)
Event.len=  22, Event.traceLen=   6 (in 16 bit words)
Event.len=  11, Event.traceLen=   3 (in 32 bit words)
0x1f38 module_id = 31 crystal_id = 0 digitizer_id = 3 chan_id = 8 ge_id = 124 channel = 38  -> is segment
ncrystal=1
wrote trace to CCpulse_007_00_01.xy
two's comp tempE  ::   16354078   16354078 0x00f98b1e |0000|0000|1111|1001|1000|1011|0001|1110|
rawE              :: 4294544158    -423138 0xfff98b1e |1111|1111|1111|1001|1000|1011|0001|1110|
rawE (sign change)::     423138     423138 0x000674e2 |0000|0000|0000|0110|0111|0100|1110|0010|
Event.ehi=           13223 0x000033a7
Event.ehi=1322 (gain changed)
Event.LEDts =        1201319560919
Event.CFDts =         635668660236
exit bin_mode3
*end of event # 7
+++++++++++++++++++++++++++++++
ev#     7 GEB_TYPE_DECOMP        464Bytes TS=1201319574853 curTS=1201319574843 dTS= 10
ev#     7 GEB_TYPE_DECOMP        464Bytes TS=1201319574853 curTS=1201319574843 dTS= 10
ev#     7 GEB_TYPE_DECOMP        464Bytes TS=1201319574905 curTS=1201319574843 dTS= 62
ev#     7 GEB_TYPE_DECOMP        464Bytes TS=1201319574907 curTS=1201319574843 dTS= 64
ev#     7 GEB_TYPE_DECOMP        464Bytes TS=1201319574921 curTS=1201319574843 dTS= 78
ev#     7 GEB_TYPE_DECOMP        464Bytes TS=1201319575399 curTS=1201319574843 dTS= 556
GEBGetEv returned st=0
we have read 6932 bytes; CurEvNo=8

+++++++++++++++++++++++++++++++
*start event # 8 with multiplicity 6 looks like this:
 0>  1, GEB_TYPE_DECOMP      , TS=1201319574843
 1>  1, GEB_TYPE_DECOMP      , TS=1201319574853
 2>  1, GEB_TYPE_DECOMP      , TS=1201319574853
 3>  1, GEB_TYPE_DECOMP      , TS=1201319574905
 4>  1, GEB_TYPE_DECOMP      , TS=1201319574907
 5>  1, GEB_TYPE_DECOMP      , TS=1201319574921
entered bin_mode2: 8/10
ptinp->pad= 6, (ptinp->pad&0x000000ff)= 6
ptinp->pad= 6, (ptinp->pad&0x000000ff)= 6
ptinp->pad= 6, (ptinp->pad&0x000000ff)= 6
ptinp->pad= 6, (ptinp->pad&0x000000ff)= 6
ptinp->pad= 6, (ptinp->pad&0x000000ff)= 6
ptinp->pad= 6, (ptinp->pad&0x000000ff)= 6
updated CCadd with    0.00
total number of hits in array: 0
exit bin_mode2
entered bin_mode3 @ event number: 8 
exit bin_mode3
*end of event # 8
+++++++++++++++++++++++++++++++
ev#     8 GEB_TYPE_DECOMP        464Bytes TS=1201319575403 curTS=1201319575399 dTS= 4
ev#     8 GEB_TYPE_DECOMP        464Bytes TS=1201319575405 curTS=1201319575399 dTS= 6
ev#     8 GEB_TYPE_DECOMP        464Bytes TS=1201319575413 curTS=1201319575399 dTS= 14
ev#     8 GEB_TYPE_GT_MOD29      440Bytes TS=1201319575477 curTS=1201319575399 dTS= 78
ev#     8 GEB_TYPE_DECOMP        464Bytes TS=1201319587503 curTS=1201319575399 dTS= 12104
GEBGetEv returned st=0
we have read 9308 bytes; CurEvNo=9

+++++++++++++++++++++++++++++++
*start event # 9 with multiplicity 5 looks like this:
 0>  1, GEB_TYPE_DECOMP      , TS=1201319575399
 1>  1, GEB_TYPE_DECOMP      , TS=1201319575403
 2>  1, GEB_TYPE_DECOMP      , TS=1201319575405
 3>  1, GEB_TYPE_DECOMP      , TS=1201319575413
 4>  8, GEB_TYPE_GT_MOD29    , TS=1201319575477
entered bin_mode2: 9/10
ptinp->pad= 6, (ptinp->pad&0x000000ff)= 6
ptinp->pad= 6, (ptinp->pad&0x000000ff)= 6
ptinp->pad= 6, (ptinp->pad&0x000000ff)= 6
ptinp->pad= 6, (ptinp->pad&0x000000ff)= 6
updated CCadd with    0.00
total number of hits in array: 0
exit bin_mode2
entered bin_mode3 @ event number: 9 

bin_mode3:  4>  8, GEB_TYPE_GT_MOD29    , TS=1201319575477, 0x117b439ffb5; payload length: 440 bytes

---------
new GTheader at pos=0 or 0 words (8):
Event.hdr[ 0]=0x1f32,   7986
Event.hdr[ 1]=0x300a,  12298
Event.hdr[ 2]=0xffb5,  65461
Event.hdr[ 3]=0xb439,  46137
Event.hdr[ 4]=0x0117,    279
Event.hdr[ 5]=0x0000,      0
Event.hdr[ 6]=0x0e00,   3584
Event.hdr[ 7]=0x38dd,  14557
Event.hdr[ 8]=0x3cdf,  15583
Event.hdr[ 9]=0xdb28,  56104
Event.hdr[10]=0xb1ff,  45567
Event.hdr[11]=0x12b0,   4784
Event.hdr[12]=0x14e8,   5352
Event.hdr[13]=0x07ff,   2047
Event.len=  44, Event.traceLen=  12 (in Bytes)
Event.len=  22, Event.traceLen=   6 (in 16 bit words)
Event.len=  11, Event.traceLen=   3 (in 32 bit words)
next start: 0xaaaaaaaa, pos= 44
0x1f32 module_id = 31 crystal_id = 0 digitizer_id = 3 chan_id = 2 ge_id = 124 channel = 32  -> is segment
open superpulse_009_04_01.xy at Event.chan_id = 2
open CCpulse_009_04_01.xy at Event.chan_id = 2
ncrystal=1
wrote trace to CCpulse_009_04_01.xy
two's comp tempE  ::          0          0 0x00000000 |0000|0000|0000|0000|0000|0000|0000|0000|
rawE              ::          0          0 0x00000000 |0000|0000|0000|0000|0000|0000|0000|0000|
rawE (sign change)::          0          0 0x00000000 |0000|0000|0000|0000|0000|0000|0000|0000|
Event.ehi=               0 0x00000000
Event.ehi=0 (gain changed)
Event.LEDts =        1201319575477
Event.CFDts =      281376191021068

---------
new GTheader at pos=44 or 22 words (30):
Event.hdr[ 0]=0x1f33,   7987
Event.hdr[ 1]=0x300a,  12298
Event.hdr[ 2]=0xffb5,  65461
Event.hdr[ 3]=0xb439,  46137
Event.hdr[ 4]=0x0117,    279
Event.hdr[ 5]=0xfaec,  64236
Event.hdr[ 6]=0x4e0b,  19979
Event.hdr[ 7]=0x38dd,  14557
Event.hdr[ 8]=0x3cdf,  15583
Event.hdr[ 9]=0xfa95,  64149
Event.hdr[10]=0xee0b,  60939
Event.hdr[11]=0x1a31,   6705
Event.hdr[12]=0xa220,  41504
Event.hdr[13]=0x0030,     48
Event.len=  44, Event.traceLen=  12 (in Bytes)
Event.len=  22, Event.traceLen=   6 (in 16 bit words)
Event.len=  11, Event.traceLen=   3 (in 32 bit words)
next start: 0xaaaaaaaa, pos= 88
0x1f33 module_id = 31 crystal_id = 0 digitizer_id = 3 chan_id = 3 ge_id = 124 channel = 33  -> is segment
ncrystal=1
wrote trace to CCpulse_009_04_01.xy
two's comp tempE  ::     785132     785132 0x000bfaec |0000|0000|0000|1011|1111|1010|1110|1100|
rawE              ::     785132     785132 0x000bfaec |0000|0000|0000|1011|1111|1010|1110|1100|
rawE (sign change)::     785132     785132 0x000bfaec |0000|0000|0000|1011|1111|1010|1110|1100|
Event.ehi=           24535 0x00005fd7
Event.ehi=2453 (gain changed)
Event.LEDts =        1201319575477
Event.CFDts =      265063656521740

---------
new GTheader at pos=88 or 44 words (52):
Event.hdr[ 0]=0x1f34,   7988
Event.hdr[ 1]=0x300a,  12298
Event.hdr[ 2]=0xffb5,  65461
Event.hdr[ 3]=0xb439,  46137
Event.hdr[ 4]=0x0117,    279
Event.hdr[ 5]=0x0059,     89
Event.hdr[ 6]=0x0e00,   3584
Event.hdr[ 7]=0x38dd,  14557
Event.hdr[ 8]=0x3cdf,  15583
Event.hdr[ 9]=0x000e,     14
Event.hdr[10]=0xfc00,  64512
Event.hdr[11]=0xffff,  65535
Event.hdr[12]=0xff63,  65379
Event.hdr[13]=0x07ff,   2047
Event.len=  44, Event.traceLen=  12 (in Bytes)
Event.len=  22, Event.traceLen=   6 (in 16 bit words)
Event.len=  11, Event.traceLen=   3 (in 32 bit words)
next start: 0xaaaaaaaa, pos= 132
0x1f34 module_id = 31 crystal_id = 0 digitizer_id = 3 chan_id = 4 ge_id = 124 channel = 34  -> is segment
ncrystal=1
wrote trace to CCpulse_009_04_01.xy
two's comp tempE  ::         89         89 0x00000059 |0000|0000|0000|0000|0000|0000|0101|1001|
rawE              ::         89         89 0x00000059 |0000|0000|0000|0000|0000|0000|0101|1001|
rawE (sign change)::         89         89 0x00000059 |0000|0000|0000|0000|0000|0000|0101|1001|
Event.ehi=               2 0x00000002
Event.ehi=0 (gain changed)
Event.LEDts =        1201319575477
Event.CFDts =         257702101004

---------
new GTheader at pos=132 or 66 words (74):
Event.hdr[ 0]=0x1f35,   7989
Event.hdr[ 1]=0x300a,  12298
Event.hdr[ 2]=0xffb5,  65461
Event.hdr[ 3]=0xb439,  46137
Event.hdr[ 4]=0x0117,    279
Event.hdr[ 5]=0x0000,      0
Event.hdr[ 6]=0x0e00,   3584
Event.hdr[ 7]=0x38dd,  14557
Event.hdr[ 8]=0x3cdf,  15583
Event.hdr[ 9]=0xf3ea,  62442
Event.hdr[10]=0xcdff,  52735
Event.hdr[11]=0x127e,   4734
Event.hdr[12]=0xa940,  43328
Event.hdr[13]=0x001f,     31
Event.len=  44, Event.traceLen=  12 (in Bytes)
Event.len=  22, Event.traceLen=   6 (in 16 bit words)
Event.len=  11, Event.traceLen=   3 (in 32 bit words)
next start: 0xaaaaaaaa, pos= 176
0x1f35 module_id = 31 crystal_id = 0 digitizer_id = 3 chan_id = 5 ge_id = 124 channel = 35  -> is segment
ncrystal=1
wrote trace to CCpulse_009_04_01.xy
two's comp tempE  ::          0          0 0x00000000 |0000|0000|0000|0000|0000|0000|0000|0000|
rawE              ::          0          0 0x00000000 |0000|0000|0000|0000|0000|0000|0000|0000|
rawE (sign change)::          0          0 0x00000000 |0000|0000|0000|0000|0000|0000|0000|0000|
Event.ehi=               0 0x00000000
Event.ehi=0 (gain changed)
Event.LEDts =        1201319575477
Event.CFDts =      281371895660556

---------
new GTheader at pos=176 or 88 words (96):
Event.hdr[ 0]=0x1f36,   7990
Event.hdr[ 1]=0x300a,  12298
Event.hdr[ 2]=0xffb5,  65461
Event.hdr[ 3]=0xb439,  46137
Event.hdr[ 4]=0x0117,    279
Event.hdr[ 5]=0x029c,    668
Event.hdr[ 6]=0x0e00,   3584
Event.hdr[ 7]=0x38dd,  14557
Event.hdr[ 8]=0x3cdf,  15583
Event.hdr[ 9]=0xee3f,  60991
Event.hdr[10]=0xfdff,  65023
Event.hdr[11]=0x0ed6,   3798
Event.hdr[12]=0x99ec,  39404
Event.hdr[13]=0x07ff,   2047
Event.len=  44, Event.traceLen=  12 (in Bytes)
Event.len=  22, Event.traceLen=   6 (in 16 bit words)
Event.len=  11, Event.traceLen=   3 (in 32 bit words)
next start: 0xaaaaaaaa, pos= 220
0x1f36 module_id = 31 crystal_id = 0 digitizer_id = 3 chan_id = 6 ge_id = 124 channel = 36  -> is segment
ncrystal=1
wrote trace to CCpulse_009_04_01.xy
two's comp tempE  ::        668        668 0x0000029c |0000|0000|0000|0000|0000|0010|1001|1100|
rawE              ::        668        668 0x0000029c |0000|0000|0000|0000|0000|0010|1001|1100|
rawE (sign change)::        668        668 0x0000029c |0000|0000|0000|0000|0000|0010|1001|1100|
Event.ehi=              20 0x00000014
Event.ehi=2 (gain changed)
Event.LEDts =        1201319575477
Event.CFDts =      281449206579212

---------
new GTheader at pos=220 or 110 words (118):
Event.hdr[ 0]=0x1f37,   7991
Event.hdr[ 1]=0x300a,  12298
Event.hdr[ 2]=0xffb5,  65461
Event.hdr[ 3]=0xb439,  46137
Event.hdr[ 4]=0x0117,    279
Event.hdr[ 5]=0x0cf3,   3315
Event.hdr[ 6]=0x0e00,   3584
Event.hdr[ 7]=0x38dd,  14557
Event.hdr[ 8]=0x3cdf,  15583
Event.hdr[ 9]=0x0aef,   2799
Event.hdr[10]=0x4400,  17408
Event.hdr[11]=0x0abf,   2751
Event.hdr[12]=0x8418,  33816
Event.hdr[13]=0x07ff,   2047
Event.len=  44, Event.traceLen=  12 (in Bytes)
Event.len=  22, Event.traceLen=   6 (in 16 bit words)
Event.len=  11, Event.traceLen=   3 (in 32 bit words)
next start: 0xaaaaaaaa, pos= 264
0x1f37 module_id = 31 crystal_id = 0 digitizer_id = 3 chan_id = 7 ge_id = 124 channel = 37  -> is segment
ncrystal=1
wrote trace to CCpulse_009_04_01.xy
two's comp tempE  ::       3315       3315 0x00000cf3 |0000|0000|0000|0000|0000|1100|1111|0011|
rawE              ::       3315       3315 0x00000cf3 |0000|0000|0000|0000|0000|1100|1111|0011|
rawE (sign change)::       3315       3315 0x00000cf3 |0000|0000|0000|0000|0000|1100|1111|0011|
Event.ehi=             103 0x00000067
Event.ehi=10 (gain changed)
Event.LEDts =        1201319575477
Event.CFDts =      281466386382860

---------
new GTheader at pos=264 or 132 words (140):
Event.hdr[ 0]=0x1f38,   7992
Event.hdr[ 1]=0x300a,  12298
Event.hdr[ 2]=0xffb5,  65461
Event.hdr[ 3]=0xb439,  46137
Event.hdr[ 4]=0x0117,    279
Event.hdr[ 5]=0x8b93,  35731
Event.hdr[ 6]=0x1ff9,   8185
Event.hdr[ 7]=0x38dd,  14557
Event.hdr[ 8]=0x3cdf,  15583
Event.hdr[ 9]=0xabaf,  43951
Event.hdr[10]=0xbbfc,  48124
Event.hdr[11]=0xf94c,  63820
Event.hdr[12]=0x88c7,  35015
Event.hdr[13]=0x07f3,   2035
Event.len=  44, Event.traceLen=  12 (in Bytes)
Event.len=  22, Event.traceLen=   6 (in 16 bit words)
Event.len=  11, Event.traceLen=   3 (in 32 bit words)
next start: 0xaaaaaaaa, pos= 308
0x1f38 module_id = 31 crystal_id = 0 digitizer_id = 3 chan_id = 8 ge_id = 124 channel = 38  -> is segment
ncrystal=1
wrote trace to CCpulse_009_04_01.xy
two's comp tempE  ::   16354195   16354195 0x00f98b93 |0000|0000|1111|1001|1000|1011|1001|0011|
rawE              :: 4294544275    -423021 0xfff98b93 |1111|1111|1111|1001|1000|1011|1001|0011|
rawE (sign change)::     423021     423021 0x0006746d |0000|0000|0000|0110|0111|0100|0110|1101|
Event.ehi=           13219 0x000033a3
Event.ehi=1321 (gain changed)
Event.LEDts =        1201319575477
Event.CFDts =         601308200972

---------
new GTheader at pos=308 or 154 words (162):
Event.hdr[ 0]=0x1f39,   7993
Event.hdr[ 1]=0x300a,  12298
Event.hdr[ 2]=0xffb5,  65461
Event.hdr[ 3]=0xb439,  46137
Event.hdr[ 4]=0x0117,    279
Event.hdr[ 5]=0x01d7,    471
Event.hdr[ 6]=0x0e00,   3584
Event.hdr[ 7]=0x38dd,  14557
Event.hdr[ 8]=0x3cdf,  15583
Event.hdr[ 9]=0xf874,  63604
Event.hdr[10]=0xa1ff,  41471
Event.hdr[11]=0xffd8,  65496
Event.hdr[12]=0x41cb,  16843
Event.hdr[13]=0x003c,     60
Event.len=  44, Event.traceLen=  12 (in Bytes)
Event.len=  22, Event.traceLen=   6 (in 16 bit words)
Event.len=  11, Event.traceLen=   3 (in 32 bit words)
next start: 0xaaaaaaaa, pos= 352
0x1f39 module_id = 31 crystal_id = 0 digitizer_id = 3 chan_id = 9 ge_id = 124 channel = 39  -> is CC
ncrystal=1
wrote trace to CCpulse_009_04_01.xy
two's comp tempE  ::        471        471 0x000001d7 |0000|0000|0000|0000|0000|0001|1101|0111|
rawE              ::        471        471 0x000001d7 |0000|0000|0000|0000|0000|0001|1101|0111|
rawE (sign change)::        471        471 0x000001d7 |0000|0000|0000|0000|0000|0001|1101|0111|
Event.ehi=              14 0x0000000e
Event.ehi=1 (gain changed)
Event.LEDts =        1201319575477
Event.CFDts =         158916149260

---------
new GTheader at pos=352 or 176 words (184):
Event.hdr[ 0]=0x1f30,   7984
Event.hdr[ 1]=0x300a,  12298
Event.hdr[ 2]=0xffb5,  65461
Event.hdr[ 3]=0xb439,  46137
Event.hdr[ 4]=0x0117,    279
Event.hdr[ 5]=0x9b68,  39784
Event.hdr[ 6]=0x4e0a,  19978
Event.hdr[ 7]=0x38dd,  14557
Event.hdr[ 8]=0x3cdf,  15583
Event.hdr[ 9]=0x9acd,  39629
Event.hdr[10]=0x300a,  12298
Event.hdr[11]=0x13a9,   5033
Event.hdr[12]=0x2970,  10608
Event.hdr[13]=0x002b,     43
Event.len=  44, Event.traceLen=  12 (in Bytes)
Event.len=  22, Event.traceLen=   6 (in 16 bit words)
Event.len=  11, Event.traceLen=   3 (in 32 bit words)
next start: 0xaaaaaaaa, pos= 396
0x1f30 module_id = 31 crystal_id = 0 digitizer_id = 3 chan_id = 0 ge_id = 124 channel = 30  -> is segment
ncrystal=1
wrote trace to CCpulse_009_04_01.xy
two's comp tempE  ::     695144     695144 0x000a9b68 |0000|0000|0000|1010|1001|1011|0110|1000|
rawE              ::     695144     695144 0x000a9b68 |0000|0000|0000|1010|1001|1011|0110|1000|
rawE (sign change)::     695144     695144 0x000a9b68 |0000|0000|0000|1010|1001|1011|0110|1000|
Event.ehi=           21723 0x000054db
Event.ehi=2172 (gain changed)
Event.LEDts =        1201319575477
Event.CFDts =      267047960969228

---------
new GTheader at pos=396 or 198 words (206):
Event.hdr[ 0]=0x1f31,   7985
Event.hdr[ 1]=0x300a,  12298
Event.hdr[ 2]=0xffb5,  65461
Event.hdr[ 3]=0xb439,  46137
Event.hdr[ 4]=0x0117,    279
Event.hdr[ 5]=0x022b,    555
Event.hdr[ 6]=0x0e00,   3584
Event.hdr[ 7]=0x38dd,  14557
Event.hdr[ 8]=0x3cdf,  15583
Event.hdr[ 9]=0xecd9,  60633
Event.hdr[10]=0x25ff,   9727
Event.hdr[11]=0x0f28,   3880
Event.hdr[12]=0xfc34,  64564
Event.hdr[13]=0x0027,     39
Event.len=  44, Event.traceLen=  12 (in Bytes)
Event.len=  22, Event.traceLen=   6 (in 16 bit words)
Event.len=  11, Event.traceLen=   3 (in 32 bit words)
0x1f31 module_id = 31 crystal_id = 0 digitizer_id = 3 chan_id = 1 ge_id = 124 channel = 31  -> is segment
ncrystal=1
wrote trace to CCpulse_009_04_01.xy
two's comp tempE  ::        555        555 0x0000022b |0000|0000|0000|0000|0000|0010|0010|1011|
rawE              ::        555        555 0x0000022b |0000|0000|0000|0000|0000|0010|0010|1011|
rawE (sign change)::        555        555 0x0000022b |0000|0000|0000|0000|0000|0010|0010|1011|
Event.ehi=              17 0x00000011
Event.ehi=1 (gain changed)
Event.LEDts =        1201319575477
Event.CFDts =      281389076054028
exit bin_mode3
*end of event # 9
+++++++++++++++++++++++++++++++
ev#     9 GEB_TYPE_GT_MOD29      440Bytes TS=1201319588111 curTS=1201319587503 dTS= 608
GEBGetEv returned st=0
we have read 9764 bytes; CurEvNo=10

+++++++++++++++++++++++++++++++
*start event # 10 with multiplicity 1 looks like this:
 0>  1, GEB_TYPE_DECOMP      , TS=1201319587503
entered bin_mode2: 10/10
ptinp->pad= 6, (ptinp->pad&0x000000ff)= 6
updated CCadd with    0.00
total number of hits in array: 0
exit bin_mode2
entered bin_mode3 @ event number: 10 
exit bin_mode3
*end of event # 10
+++++++++++++++++++++++++++++++
ev#    10 GEB_TYPE_DECOMP        464Bytes TS=1201319594047 curTS=1201319588111 dTS= 5936
ev# 50000 GEB_TYPE_DECOMP        464Bytes TS=1201731256971 curTS=1201731256965 dTS= 6
ev# 50000 GEB_TYPE_DECOMP        464Bytes TS=1201731256999 curTS=1201731256965 dTS= 34
ev# 50000 GEB_TYPE_DECOMP        464Bytes TS=1201731294165 curTS=1201731256965 dTS= 37200
ev# 100000 GEB_TYPE_DECOMP        464Bytes TS=1202142471867 curTS=1202142471865 dTS= 2
ev# 100000 GEB_TYPE_DECOMP        464Bytes TS=1202142471881 curTS=1202142471865 dTS= 16
ev# 100000 GEB_TYPE_DECOMP        464Bytes TS=1202142472019 curTS=1202142471865 dTS= 154
ev# 150000 GEB_TYPE_GT_MOD29      440Bytes TS=1202558869965 curTS=1202558869847 dTS= 118
ev# 150000 GEB_TYPE_DECOMP        464Bytes TS=1202558871387 curTS=1202558869847 dTS= 1540
ev# 200000 GEB_TYPE_DECOMP        464Bytes TS=1202968505403 curTS=1202968505399 dTS= 4
ev# 200000 GEB_TYPE_DECOMP        464Bytes TS=1202968505407 curTS=1202968505399 dTS= 8
ev# 200000 GEB_TYPE_DECOMP        464Bytes TS=1202968505463 curTS=1202968505399 dTS= 64
ev# 200000 GEB_TYPE_DECOMP        464Bytes TS=1202968505465 curTS=1202968505399 dTS= 66
ev# 200000 GEB_TYPE_DECOMP        464Bytes TS=1202968505465 curTS=1202968505399 dTS= 66
ev# 200000 GEB_TYPE_DECOMP        464Bytes TS=1202968505467 curTS=1202968505399 dTS= 68
ev# 200000 GEB_TYPE_DECOMP        464Bytes TS=1202968505471 curTS=1202968505399 dTS= 72
ev# 200000 GEB_TYPE_GT_MOD29      440Bytes TS=1202968506071 curTS=1202968505399 dTS= 672
ev# 250000 GEB_TYPE_DECOMP        464Bytes TS=1203383851285 curTS=1203383851137 dTS= 148
ev# 250000 GEB_TYPE_DECOMP        464Bytes TS=1203383851285 curTS=1203383851137 dTS= 148
ev# 250000 GEB_TYPE_DECOMP        464Bytes TS=1203383851287 curTS=1203383851137 dTS= 150
ev# 300000 GEB_TYPE_DECOMP        464Bytes TS=1203804481049 curTS=1203804481025 dTS= 24
ev# 300000 GEB_TYPE_GT_MOD29      440Bytes TS=1203804481553 curTS=1203804481025 dTS= 528
ev# 350000 GEB_TYPE_DECOMP        464Bytes TS=1204216483259 curTS=1204216483205 dTS= 54
ev# 350000 GEB_TYPE_DECOMP        464Bytes TS=1204216483745 curTS=1204216483205 dTS= 540
ev# 400000 GEB_TYPE_GT_MOD29      440Bytes TS=1204624444329 curTS=1204624444203 dTS= 126
ev# 400000 GEB_TYPE_DECOMP        464Bytes TS=1204624444385 curTS=1204624444203 dTS= 182
ev# 450000 GEB_TYPE_DECOMP        464Bytes TS=1205028835373 curTS=1205028835371 dTS= 2
ev# 450000 GEB_TYPE_DECOMP        464Bytes TS=1205028835373 curTS=1205028835371 dTS= 2
ev# 450000 GEB_TYPE_DECOMP        464Bytes TS=1205028835379 curTS=1205028835371 dTS= 8
ev# 450000 GEB_TYPE_GT_MOD29      440Bytes TS=1205028835629 curTS=1205028835371 dTS= 258
ev# 500000 GEB_TYPE_DECOMP        464Bytes TS=1205433796531 curTS=1205433796401 dTS= 130
ev# 500000 GEB_TYPE_DECOMP        464Bytes TS=1205433796803 curTS=1205433796401 dTS= 402
ev# 550000 GEB_TYPE_DECOMP        464Bytes TS=1205851841073 curTS=1205851841073 dTS= 0
ev# 550000 GEB_TYPE_DECOMP        464Bytes TS=1205851841075 curTS=1205851841073 dTS= 2
ev# 550000 GEB_TYPE_DECOMP        464Bytes TS=1205851841077 curTS=1205851841073 dTS= 4
ev# 550000 GEB_TYPE_DECOMP        464Bytes TS=1205851841123 curTS=1205851841073 dTS= 50
ev# 550000 GEB_TYPE_DECOMP        464Bytes TS=1205851841125 curTS=1205851841073 dTS= 52
ev# 550000 GEB_TYPE_DECOMP        464Bytes TS=1205851841127 curTS=1205851841073 dTS= 54
ev# 550000 GEB_TYPE_GT_MOD29      440Bytes TS=1205851841379 curTS=1205851841073 dTS= 306
ev# 600000 GEB_TYPE_GT_MOD29      440Bytes TS=1206267018301 curTS=1206267017943 dTS= 358
ev# 650000 GEB_TYPE_DECOMP        464Bytes TS=1206685791775 curTS=1206685791733 dTS= 42
ev# 650000 GEB_TYPE_GT_MOD29      440Bytes TS=1206685791939 curTS=1206685791733 dTS= 206
ev# 700000 GEB_TYPE_DECOMP        464Bytes TS=1207101041837 curTS=1207101041835 dTS= 2
ev# 700000 GEB_TYPE_DECOMP        464Bytes TS=1207101042099 curTS=1207101041835 dTS= 264
ev# 750000 GEB_TYPE_GT_MOD29      440Bytes TS=1207508638845 curTS=1207508624259 dTS= 14586
ev# 800000 GEB_TYPE_DECOMP        464Bytes TS=1207927230049 curTS=1207927229881 dTS= 168
ev# 850000 GEB_TYPE_GT_MOD29      440Bytes TS=1208343861063 curTS=1208343860897 dTS= 166
ev# 900000 GEB_TYPE_DECOMP        464Bytes TS=1208760328493 curTS=1208760324325 dTS= 4168
ev# 950000 GEB_TYPE_DECOMP        464Bytes TS=1209182284789 curTS=1209182284497 dTS= 292

Sorting is done
attempting to save root or map file



mean observed polar and azimuth angles
for the detectors we saw (module,crystal)

------------------------------------------
mean pol/azi angle for detector  56 are   96.73/ 119.49
mean pol/azi angle for detector  57 are  100.42/ 138.32
mean pol/azi angle for detector  58 are   83.36/ 132.60
mean pol/azi angle for detector  59 are   79.56/ 114.08
mean pol/azi angle for detector  60 are   87.34/ 152.65
mean pol/azi angle for detector  61 are  105.25/ 157.69
mean pol/azi angle for detector  62 are   93.10/ 168.46
mean pol/azi angle for detector  63 are   73.88/ 165.96
mean pol/azi angle for detector  68 are   87.14/-134.97
mean pol/azi angle for detector  69 are  105.28/-129.98
mean pol/azi angle for detector  70 are   92.89/-116.86
mean pol/azi angle for detector  71 are   74.25/-121.80
mean pol/azi angle for detector  76 are   87.41/ -63.20
mean pol/azi angle for detector  77 are  105.27/ -58.14
mean pol/azi angle for detector  78 are   92.99/ -45.05
mean pol/azi angle for detector  79 are   74.25/ -49.87
mean pol/azi angle for detector  84 are  112.28/  33.61
mean pol/azi angle for detector  85 are  125.19/  17.38
mean pol/azi angle for detector  86 are  130.63/  39.25
mean pol/azi angle for detector  87 are  115.93/  52.90
mean pol/azi angle for detector  88 are  112.43/ 105.48
mean pol/azi angle for detector  89 are  124.94/  89.35
mean pol/azi angle for detector  90 are  130.80/ 111.23
mean pol/azi angle for detector  91 are  115.75/ 125.04
mean pol/azi angle for detector  96 are  112.59/-110.59
mean pol/azi angle for detector  97 are  124.80/-126.59
mean pol/azi angle for detector  98 are  130.91/-104.93
mean pol/azi angle for detector  99 are  115.82/ -91.04
mean pol/azi angle for detector 100 are  112.39/ -38.60
mean pol/azi angle for detector 101 are  124.79/ -55.03
mean pol/azi angle for detector 102 are  130.66/ -33.07
mean pol/azi angle for detector 103 are  115.82/ -19.07
mean pol/azi angle for detector 104 are  144.43/  88.22
mean pol/azi angle for detector 105 are  132.73/  65.88
mean pol/azi angle for detector 106 are  148.87/  53.89
mean pol/azi angle for detector 107 are  162.32/  88.32
mean pol/azi angle for detector 108 are  144.75/ 160.10
mean pol/azi angle for detector 109 are  132.76/ 138.02
mean pol/azi angle for detector 110 are  149.60/ 125.42
mean pol/azi angle for detector 111 are  162.23/ 110.52
mean pol/azi angle for detector 116 are  144.37/ -55.91
mean pol/azi angle for detector 117 are  132.55/ -78.27
mean pol/azi angle for detector 118 are  148.90/ -90.39
mean pol/azi angle for detector 119 are  162.40/ -55.87
we found 44 crystals
------------------------------------------

minimum pol angle between crystals is  18.65
compactness =  64.39%, 85 of 264
module hit statistics
module  14, crystal 0 was hit      93235 times
module  14, crystal 1 was hit     101004 times
module  14, crystal 2 was hit      99574 times
module  14, crystal 3 was hit      88242 times
module  15, crystal 0 was hit      99964 times
module  15, crystal 1 was hit      92288 times
module  15, crystal 2 was hit      86758 times
module  15, crystal 3 was hit      89462 times
module  17, crystal 0 was hit      75938 times
module  17, crystal 1 was hit      74046 times
module  17, crystal 2 was hit      75069 times
module  17, crystal 3 was hit      76605 times
module  19, crystal 0 was hit      71524 times
module  19, crystal 1 was hit      73545 times
module  19, crystal 2 was hit      85601 times
module  19, crystal 3 was hit      82965 times
module  21, crystal 0 was hit      85873 times
module  21, crystal 1 was hit      74888 times
module  21, crystal 2 was hit      88430 times
module  21, crystal 3 was hit      85796 times
module  22, crystal 0 was hit      92386 times
module  22, crystal 1 was hit      85743 times
module  22, crystal 2 was hit      97244 times
module  22, crystal 3 was hit      89914 times
module  24, crystal 0 was hit      79025 times
module  24, crystal 1 was hit      75011 times
module  24, crystal 2 was hit      79242 times
module  24, crystal 3 was hit      72595 times
module  25, crystal 0 was hit      75495 times
module  25, crystal 1 was hit      77358 times
module  25, crystal 2 was hit      75064 times
module  25, crystal 3 was hit      72913 times
module  26, crystal 0 was hit      85343 times
module  26, crystal 1 was hit      84507 times
module  26, crystal 2 was hit      82489 times
module  26, crystal 3 was hit      77673 times
module  27, crystal 0 was hit      89642 times
module  27, crystal 1 was hit      86549 times
module  27, crystal 2 was hit      89471 times
module  27, crystal 3 was hit      80855 times
module  29, crystal 0 was hit      73555 times
module  29, crystal 1 was hit      72176 times
module  29, crystal 2 was hit      79854 times
module  29, crystal 3 was hit      71411 times

bin_mode2: pad distribution
__id   0,      1575937, 92.63%
__id   2,          203,  0.01%
__id   3,          454,  0.03%
__id   4,          488,  0.03%
__id   5,         3340,  0.20%
__id   6,        12831,  0.75%
__id 128,       107820,  6.34%
__id 133,          197,  0.01%

bin_mode2 calculated mean CCsum energy to be  763.349 keV
bin_mode2 calculated mean CCadd energy to be 1219.453 keV
attempting to close root file...
Pars.f1->Write();
Pars.f1->Print();
TFile: name=/lcrc/project/HELIOS/gretinafma/root_data/run276.root, title=, option=CREATE
TH1.Print Name  = dtbtev, Entries= 2106509, Total sum= 2.10651e+06
TH1.Print Name  = T0, Entries= 0, Total sum= 0
TH1.Print Name  = hitpat, Entries= 1575937, Total sum= 1.57594e+06
TH1.Print Name  = numHitArray2, Entries= 1000000, Total sum= 764641
TH1.Print Name  = CCmult, Entries= 1000000, Total sum= 999999
TH1.Print Name  = CCsum, Entries= 3646167, Total sum= 1.57591e+06
TH1.Print Name  = hit2, Entries= 174708, Total sum= 174504
TH1.Print Name  = hit3, Entries= 96353, Total sum= 95647
TH1.Print Name  = hit4, Entries= 53822, Total sum= 52508
TH1.Print Name  = CCsum_nodop, Entries= 3646167, Total sum= 1.57591e+06
TH1.Print Name  = CCadd, Entries= 1000000, Total sum= 754716
TH1.Print Name  = SEGadd_FPGA, Entries= 200000000, Total sum= 1.57522e+06
TH1.Print Name  = SEGadd_PSA, Entries= 200000000, Total sum= 1.56688e+06
TH1.Print Name  = SEGsum_FPGA, Entries= 2450406, Total sum= 2.44993e+06
TH1.Print Name  = SEGsum_PSA, Entries= 3646322, Total sum= 3.61549e+06
TH1.Print Name  = radius_all, Entries= 3646321, Total sum= 3.64632e+06
TH1.Print Name  = rate_mode2_min, Entries= 1575936, Total sum= 26265.6
TH1.Print Name  = rate_mode2_sec, Entries= 1575936, Total sum= 1.57594e+06
TH1.Print Name  = rate_mode2_intp, Entries= 1575936, Total sum= 60772
TH1.Print Name  = cdtbtev, Entries= 559089, Total sum= 559089
TH1.Print Name  = evsr_all, Entries= 3646321, Total sum= 3.55821e+06
TH1.Print Name  = SMAP_allhits, Entries= 3646322, Total sum= 3.64632e+06
TH1.Print Name  = SMAP_allhits_sq, Entries= 3646322, Total sum= 3.64632e+06
TH1.Print Name  = seghitpat, Entries= 3646322, Total sum= 3.64632e+06
TH1.Print Name  = CCe, Entries= 3646167, Total sum= 1.57591e+06
TH1.Print Name  = ggCC, Entries= 3337406, Total sum= 2.92139e+06
TH1.Print Name  = z_plot, Entries= 3646322, Total sum= 3.6428e+06
TH1.Print Name  = crystal_hit, Entries= 0, Total sum= 0
TH1.Print Name  = SegE, Entries= 3645589, Total sum= 3.64559e+06
TH1.Print Name  = crXcr, Entries= 1668913, Total sum= 1.66891e+06
******************************************************************************
*Tree    :tree      : tree                                                   *
*Entries :  1000000 : Total =       155437713 bytes  File  Size =   37176957 *
*        :          : Tree compression factor =   4.18                       *
******************************************************************************
*Br    0 :runNumber : runNumber/I                                            *
*Entries :  1000000 : Total  Size=    4010325 bytes  File Size  =      30614 *
*Baskets :      100 : Basket Size=    1320960 bytes  Compression= 130.91     *
*............................................................................*
*Br    1 :numHits   : numHits/I                                              *
*Entries :  1000000 : Total  Size=    4010117 bytes  File Size  =      30409 *
*Baskets :      100 : Basket Size=    1320960 bytes  Compression= 131.78     *
*............................................................................*
*Br    2 :left      : left[numHits]/F                                        *
*Entries :  1000000 : Total  Size=    8031098 bytes  File Size  =    2801626 *
*Baskets :      298 : Basket Size=    8963584 bytes  Compression=   2.86     *
*............................................................................*
*Br    3 :right     : right[numHits]/F                                       *
*Entries :  1000000 : Total  Size=    8031400 bytes  File Size  =    2783509 *
*Baskets :      298 : Basket Size=    8964096 bytes  Compression=   2.88     *
*............................................................................*
*Br    4 :up        : up[numHits]/F                                          *
*Entries :  1000000 : Total  Size=    8030494 bytes  File Size  =    2774712 *
*Baskets :      298 : Basket Size=    8963584 bytes  Compression=   2.89     *
*............................................................................*
*Br    5 :down      : down[numHits]/F                                        *
*Entries :  1000000 : Total  Size=    8031098 bytes  File Size  =    2790614 *
*Baskets :      298 : Basket Size=    8963584 bytes  Compression=   2.88     *
*............................................................................*
*Br    6 :e1        : e1[numHits]/F                                          *
*Entries :  1000000 : Total  Size=    8030494 bytes  File Size  =    2686463 *
*Baskets :      298 : Basket Size=    8963584 bytes  Compression=   2.99     *
*............................................................................*
*Br    7 :e2        : e2[numHits]/F                                          *
*Entries :  1000000 : Total  Size=    8030494 bytes  File Size  =    2657676 *
*Baskets :      298 : Basket Size=    8963584 bytes  Compression=   3.02     *
*............................................................................*
*Br    8 :e3        : e3[numHits]/F                                          *
*Entries :  1000000 : Total  Size=    8030494 bytes  File Size  =    2617216 *
*Baskets :      298 : Basket Size=    8963584 bytes  Compression=   3.07     *
*............................................................................*
*Br    9 :tac       : tac[numHits]/F                                         *
*Entries :  1000000 : Total  Size=    8030796 bytes  File Size  =    2381544 *
*Baskets :      298 : Basket Size=    8963584 bytes  Compression=   3.37     *
*............................................................................*
*Br   10 :fmaDeltaTime : fmaDeltaTime[numHits]/F                             *
*Entries :  1000000 : Total  Size=    8033514 bytes  File Size  =    2184479 *
*Baskets :      298 : Basket Size=    8964608 bytes  Compression=   3.67     *
*............................................................................*
*Br   11 :fmaMult   : fmaMult[10]/I                                          *
*Entries :  1000000 : Total  Size=   40097443 bytes  File Size  =    1026010 *
*Baskets :      991 : Basket Size=   25600000 bytes  Compression=  39.06     *
*............................................................................*
*Br   12 :gammaMult : gammaMult/I                                            *
*Entries :  1000000 : Total  Size=    4010325 bytes  File Size  =     715852 *
*Baskets :      100 : Basket Size=    1320960 bytes  Compression=   5.60     *
*............................................................................*
*Br   13 :gammaEnergy : gammaEnergy[gammaMult]/F                             *
*Entries :  1000000 : Total  Size=   10343238 bytes  File Size  =    7386223 *
*Baskets :      355 : Basket Size=    9727488 bytes  Compression=   1.40     *
*............................................................................*
*Br   14 :gammaTimestamp : gammaTimestamp[gammaMult]/F                       *
*Entries :  1000000 : Total  Size=   10344428 bytes  File Size  =    1773056 *
*Baskets :      356 : Basket Size=    9727488 bytes  Compression=   5.83     *
*............................................................................*
*Br   15 :deltaTime : deltaTime[gammaMult]/F                                 *
*Entries :  1000000 : Total  Size=   10342520 bytes  File Size  =    2494463 *
*Baskets :      355 : Basket Size=    9726976 bytes  Compression=   4.14     *
*............................................................................*
TH1.Print Name  = eCC_a, Entries= 0, Total sum= 0
TH1.Print Name  = eCC_b, Entries= 0, Total sum= 0
TH1.Print Name  = eCC_c, Entries= 0, Total sum= 0
TH1.Print Name  = eCC_d, Entries= 114903, Total sum= 0
TH1.Print Name  = eSeg, Entries= 0, Total sum= 0
TH1.Print Name  = mode3_hitpat, Entries= 4028145, Total sum= 0
TH1.Print Name  = mode3_hitpat_chan, Entries= 4028145, Total sum= 4.02814e+06
TH1.Print Name  = chan0, Entries= 0, Total sum= 0
TH1.Print Name  = module, Entries= 4028145, Total sum= 4.02814e+06
TH1.Print Name  = chan, Entries= 4028145, Total sum= 4.02596e+06
TH1.Print Name  = l, Entries= 402814, Total sum= 402769
TH1.Print Name  = r, Entries= 402814, Total sum= 402813
TH1.Print Name  = up, Entries= 402814, Total sum= 402813
TH1.Print Name  = down, Entries= 402815, Total sum= 402814
TH1.Print Name  = sumlr, Entries= 391147, Total sum= 391147
TH1.Print Name  = sumud, Entries= 383473, Total sum= 383473
TH1.Print Name  = x, Entries= 391147, Total sum= 391147
TH1.Print Name  = y, Entries= 383473, Total sum= 383473
TH1.Print Name  = de1, Entries= 402815, Total sum= 402783
TH1.Print Name  = de2, Entries= 402815, Total sum= 402815
TH1.Print Name  = de3, Entries= 402814, Total sum= 402134
TH1.Print Name  = de12, Entries= 353111, Total sum= 353111
TH1.Print Name  = etot, Entries= 353111, Total sum= 353111
TH1.Print Name  = rftof, Entries= 402814, Total sum= 401567
TH1.Print Name  = lr, Entries= 1000000, Total sum= 999955
TH1.Print Name  = ud, Entries= 1000000, Total sum= 999998
TH1.Print Name  = ede1, Entries= 353111, Total sum= 353111
TH1.Print Name  = ede1g, Entries= 68989, Total sum= 68979
TH1.Print Name  = ede2, Entries= 353111, Total sum= 353111
TH1.Print Name  = ede12, Entries= 353111, Total sum= 353111
TH1.Print Name  = xde1, Entries= 353111, Total sum= 353111
TH1.Print Name  = erftof, Entries= 1000000, Total sum= 998753
TH1.Print Name  = erftofg, Entries= 26346, Total sum= 26270
TH1.Print Name  = sumehi, Entries= 1575937, Total sum= 1.57592e+06
TH1.Print Name  = tgppac, Entries= 1575937, Total sum= 395871
TH1.Print Name  = tgppacg, Entries= 68989, Total sum= 68989
TH1.Print Name  = xehi1, Entries= 1575937, Total sum= 1.57592e+06
TH1.Print Name  = xehi1g, Entries= 68989, Total sum= 68989
TH1.Print Name  = de1ehi, Entries= 1575937, Total sum= 1.57589e+06
TH1.Print Name  = de1ehig, Entries= 68989, Total sum= 68979
TH1.Print Name  = ng, Entries= 1000000, Total sum= 1e+06
TH1.Print Name  = ehiz1, Entries= 0, Total sum= 0
TH1.Print Name  = ehiz2, Entries= 0, Total sum= 0
TH1.Print Name  = ehiz3, Entries= 0, Total sum= 0
TH1.Print Name  = ehiz4, Entries= 0, Total sum= 0
TH1.Print Name  = ehiz5, Entries= 0, Total sum= 0
TH1.Print Name  = gg_dt, Entries= 80357, Total sum= 80357
TH1.Print Name  = gg, Entries= 160714, Total sum= 158386
TH1.Print Name  = gg_z1, Entries= 0, Total sum= 0
TH1.Print Name  = gg_z2, Entries= 0, Total sum= 0
TH1.Print Name  = gg_z3, Entries= 0, Total sum= 0
TH1.Print Name  = gg_z4, Entries= 0, Total sum= 0
TH1.Print Name  = gg_z5, Entries= 0, Total sum= 0
Pars.f1->Close();
done saving rootfile "/lcrc/project/HELIOS/gretinafma/root_data/run276.root


read 1000000 events; Pars.beta=0.0330; time since last update 1 minutes
CommandFileName="GEBSort.command"

sorted timestamp range 1201319495713-->1209612263985: 8292768272
that is 82.9 seconds or 0h1m22s
^^^^^ any timestamp jumps will upset this accounting

hit statistics per type
 1 GEB_TYPE_DECOMP          1701270 ;  20515.10 Hz 
 8 GEB_TYPE_GT_MOD29         405239 ;   4886.66 Hz 
read a total of              2106509 ; header/payloads


nn1=0
nn2=2106510
nn3=2106510

nok_validate= 1000000, ntot_validate=1000000; validate fraction 100.00%

bytes read=1000332284, 953.991207 MB

boniva sancta! ...GEBSort (unexpectedly) did not crash!

 ** GEBSort is done at 
