

*******************************************************************************
Tue Aug  6 15:40:20 2019


FIT:    data read from 'doppler.dat' u ($1):($2)
        format = x:z
        x range restricted to [60.0000 : 180.000]
        #datapoints = 11
        residuals are weighted equally (unit weight)

function used for fitting: f1(x)
	f1(x) = energy0 * sqrt((1 - beta*beta)/(1 - beta*cos(x/180.0*3.14)))
fitted parameters initialized with current variable values

iter      chisq       delta/lim  lambda   beta          energy0      
   0 6.6694942154e+01   0.00e+00  9.01e+02    6.000000e-02   1.292000e+03
   5 1.2947102544e+00  -2.15e-04  9.01e-03    6.866153e-02   1.295602e+03

After 5 iterations the fit converged.
final sum of squares of residuals : 1.29471
rel. change during last iteration : -2.15297e-09

degrees of freedom    (FIT_NDF)                        : 9
rms of residuals      (FIT_STDFIT) = sqrt(WSSR/ndf)    : 0.379284
variance of residuals (reduced chisquare) = WSSR/ndf   : 0.143857

Final set of parameters            Asymptotic Standard Error
=======================            ==========================
beta            = 0.0686615        +/- 0.0004236    (0.6169%)
energy0         = 1295.6           +/- 0.1856       (0.01433%)

correlation matrix of the fit parameters:
                beta   energy 
beta            1.000 
energy0         0.780  1.000 


*******************************************************************************
Tue Aug  6 15:40:20 2019


FIT:    data read from 'doppler.dat' u ($1):($2)
        format = x:z
        x range restricted to [60.0000 : 180.000]
        #datapoints = 11
        residuals are weighted equally (unit weight)

function used for fitting: f1(x)
	f1(x) = energy0 * sqrt((1 - beta*beta)/(1 - beta*cos(x/180.0*3.14)))
fitted parameters initialized with current variable values

iter      chisq       delta/lim  lambda   beta          energy0      
   0 1.2947102544e+00   0.00e+00  9.02e+02    6.866153e-02   1.295602e+03
   1 1.2947102544e+00  -3.38e-09  9.02e+01    6.866153e-02   1.295602e+03

After 1 iterations the fit converged.
final sum of squares of residuals : 1.29471
rel. change during last iteration : -3.37858e-14

degrees of freedom    (FIT_NDF)                        : 9
rms of residuals      (FIT_STDFIT) = sqrt(WSSR/ndf)    : 0.379284
variance of residuals (reduced chisquare) = WSSR/ndf   : 0.143857

Final set of parameters            Asymptotic Standard Error
=======================            ==========================
beta            = 0.0686615        +/- 0.0004236    (0.6169%)
energy0         = 1295.6           +/- 0.1856       (0.01433%)

correlation matrix of the fit parameters:
                beta   energy 
beta            1.000 
energy0         0.780  1.000 


*******************************************************************************
Tue Aug  6 15:40:20 2019


FIT:    data read from 'doppler.dat' u ($1):($2)
        format = x:z
        x range restricted to [60.0000 : 180.000]
        #datapoints = 11
        residuals are weighted equally (unit weight)

function used for fitting: f1(x)
	f1(x) = energy0 * sqrt((1 - beta*beta)/(1 - beta*cos(x/180.0*3.14)))
fitted parameters initialized with current variable values

iter      chisq       delta/lim  lambda   beta          energy0      
   0 1.2947102544e+00   0.00e+00  9.02e+02    6.866153e-02   1.295602e+03
   1 1.2947102544e+00  -3.76e-09  9.02e+01    6.866153e-02   1.295602e+03

After 1 iterations the fit converged.
final sum of squares of residuals : 1.29471
rel. change during last iteration : -3.75588e-14

degrees of freedom    (FIT_NDF)                        : 9
rms of residuals      (FIT_STDFIT) = sqrt(WSSR/ndf)    : 0.379284
variance of residuals (reduced chisquare) = WSSR/ndf   : 0.143857

Final set of parameters            Asymptotic Standard Error
=======================            ==========================
beta            = 0.0686615        +/- 0.0004236    (0.6169%)
energy0         = 1295.6           +/- 0.1856       (0.01433%)

correlation matrix of the fit parameters:
                beta   energy 
beta            1.000 
energy0         0.780  1.000 


*******************************************************************************
Tue Aug  6 15:40:22 2019


FIT:    data read from 'doppler.dat' u ($1):($2)
        format = x:z
        x range restricted to [60.0000 : 180.000]
        #datapoints = 11
        residuals are weighted equally (unit weight)

function used for fitting: f1(x)
	f1(x) = energy0 * sqrt((1 - beta*beta)/(1 - beta*cos(x/180.0*3.14)))
fitted parameters initialized with current variable values

iter      chisq       delta/lim  lambda   beta          energy0      
   0 6.6694942154e+01   0.00e+00  9.01e+02    6.000000e-02   1.292000e+03
   5 1.2947102544e+00  -2.15e-04  9.01e-03    6.866153e-02   1.295602e+03

After 5 iterations the fit converged.
final sum of squares of residuals : 1.29471
rel. change during last iteration : -2.15297e-09

degrees of freedom    (FIT_NDF)                        : 9
rms of residuals      (FIT_STDFIT) = sqrt(WSSR/ndf)    : 0.379284
variance of residuals (reduced chisquare) = WSSR/ndf   : 0.143857

Final set of parameters            Asymptotic Standard Error
=======================            ==========================
beta            = 0.0686615        +/- 0.0004236    (0.6169%)
energy0         = 1295.6           +/- 0.1856       (0.01433%)

correlation matrix of the fit parameters:
                beta   energy 
beta            1.000 
energy0         0.780  1.000 


*******************************************************************************
Tue Aug  6 15:40:22 2019


FIT:    data read from 'doppler.dat' u ($1):($2)
        format = x:z
        x range restricted to [60.0000 : 180.000]
        #datapoints = 11
        residuals are weighted equally (unit weight)

function used for fitting: f1(x)
	f1(x) = energy0 * sqrt((1 - beta*beta)/(1 - beta*cos(x/180.0*3.14)))
fitted parameters initialized with current variable values

iter      chisq       delta/lim  lambda   beta          energy0      
   0 1.2947102544e+00   0.00e+00  9.02e+02    6.866153e-02   1.295602e+03
   1 1.2947102544e+00  -3.38e-09  9.02e+01    6.866153e-02   1.295602e+03

After 1 iterations the fit converged.
final sum of squares of residuals : 1.29471
rel. change during last iteration : -3.37858e-14

degrees of freedom    (FIT_NDF)                        : 9
rms of residuals      (FIT_STDFIT) = sqrt(WSSR/ndf)    : 0.379284
variance of residuals (reduced chisquare) = WSSR/ndf   : 0.143857

Final set of parameters            Asymptotic Standard Error
=======================            ==========================
beta            = 0.0686615        +/- 0.0004236    (0.6169%)
energy0         = 1295.6           +/- 0.1856       (0.01433%)

correlation matrix of the fit parameters:
                beta   energy 
beta            1.000 
energy0         0.780  1.000 


*******************************************************************************
Tue Aug  6 15:40:22 2019


FIT:    data read from 'doppler.dat' u ($1):($2)
        format = x:z
        x range restricted to [60.0000 : 180.000]
        #datapoints = 11
        residuals are weighted equally (unit weight)

function used for fitting: f1(x)
	f1(x) = energy0 * sqrt((1 - beta*beta)/(1 - beta*cos(x/180.0*3.14)))
fitted parameters initialized with current variable values

iter      chisq       delta/lim  lambda   beta          energy0      
   0 1.2947102544e+00   0.00e+00  9.02e+02    6.866153e-02   1.295602e+03
   1 1.2947102544e+00  -3.76e-09  9.02e+01    6.866153e-02   1.295602e+03

After 1 iterations the fit converged.
final sum of squares of residuals : 1.29471
rel. change during last iteration : -3.75588e-14

degrees of freedom    (FIT_NDF)                        : 9
rms of residuals      (FIT_STDFIT) = sqrt(WSSR/ndf)    : 0.379284
variance of residuals (reduced chisquare) = WSSR/ndf   : 0.143857

Final set of parameters            Asymptotic Standard Error
=======================            ==========================
beta            = 0.0686615        +/- 0.0004236    (0.6169%)
energy0         = 1295.6           +/- 0.1856       (0.01433%)

correlation matrix of the fit parameters:
                beta   energy 
beta            1.000 
energy0         0.780  1.000 


*******************************************************************************
Tue Aug  6 15:44:15 2019


FIT:    data read from 'doppler.dat' u ($1):($2)
        format = x:z
        x range restricted to [60.0000 : 180.000]
        #datapoints = 11
        residuals are weighted equally (unit weight)

function used for fitting: f1(x)
	f1(x) = energy1 * sqrt((1 - beta1*beta1)/(1 - beta1*cos(x/180.0*3.14)))
fitted parameters initialized with current variable values

iter      chisq       delta/lim  lambda   beta1         energy1      
   0 6.6694942154e+01   0.00e+00  9.01e+02    6.000000e-02   1.292000e+03
   5 1.2947102544e+00  -2.15e-04  9.01e-03    6.866153e-02   1.295602e+03

After 5 iterations the fit converged.
final sum of squares of residuals : 1.29471
rel. change during last iteration : -2.15297e-09

degrees of freedom    (FIT_NDF)                        : 9
rms of residuals      (FIT_STDFIT) = sqrt(WSSR/ndf)    : 0.379284
variance of residuals (reduced chisquare) = WSSR/ndf   : 0.143857

Final set of parameters            Asymptotic Standard Error
=======================            ==========================
beta1           = 0.0686615        +/- 0.0004236    (0.6169%)
energy1         = 1295.6           +/- 0.1856       (0.01433%)

correlation matrix of the fit parameters:
                beta1  energy 
beta1           1.000 
energy1         0.780  1.000 


*******************************************************************************
Tue Aug  6 15:44:15 2019


FIT:    data read from 'doppler.dat' u ($1):($3)
        format = x:z
        x range restricted to [60.0000 : 180.000]
        #datapoints = 11
        residuals are weighted equally (unit weight)

function used for fitting: f2(x)
	f2(x) = energy2 * sqrt((1 - beta2*beta2)/(1 - beta2*cos(x/180.0*3.14)))
fitted parameters initialized with current variable values

iter      chisq       delta/lim  lambda   beta2         energy2      
   0 6.2571541373e+05   0.00e+00  9.01e+02    6.000000e-02   1.292000e+03
   5 2.5274871076e+00  -1.10e-05  9.01e-03    6.793507e-02   1.537047e+03

After 5 iterations the fit converged.
final sum of squares of residuals : 2.52749
rel. change during last iteration : -1.10107e-10

degrees of freedom    (FIT_NDF)                        : 9
rms of residuals      (FIT_STDFIT) = sqrt(WSSR/ndf)    : 0.529936
variance of residuals (reduced chisquare) = WSSR/ndf   : 0.280832

Final set of parameters            Asymptotic Standard Error
=======================            ==========================
beta2           = 0.0679351        +/- 0.0004986    (0.7339%)
energy2         = 1537.05          +/- 0.2589       (0.01685%)

correlation matrix of the fit parameters:
                beta2  energy 
beta2           1.000 
energy2         0.779  1.000 


*******************************************************************************
Tue Aug  6 15:47:59 2019


FIT:    data read from 'doppler.dat' u ($1):($2)
        format = x:z
        x range restricted to [60.0000 : 180.000]
        #datapoints = 11
        residuals are weighted equally (unit weight)

function used for fitting: f1(x)
	f1(x) = energy1 * sqrt((1 - beta1*beta1))/(1 - beta1*cos(x/180.0*3.14))
fitted parameters initialized with current variable values

iter      chisq       delta/lim  lambda   beta1         energy1      
   0 4.9715286194e+03   0.00e+00  8.91e+02    6.000000e-02   1.292000e+03
   5 1.2424032011e+00  -1.49e-06  8.91e-03    3.394400e-02   1.293354e+03

After 5 iterations the fit converged.
final sum of squares of residuals : 1.2424
rel. change during last iteration : -1.49376e-11

degrees of freedom    (FIT_NDF)                        : 9
rms of residuals      (FIT_STDFIT) = sqrt(WSSR/ndf)    : 0.371544
variance of residuals (reduced chisquare) = WSSR/ndf   : 0.138045

Final set of parameters            Asymptotic Standard Error
=======================            ==========================
beta1           = 0.033944         +/- 0.0002029    (0.5978%)
energy1         = 1293.35          +/- 0.1611       (0.01246%)

correlation matrix of the fit parameters:
                beta1  energy 
beta1           1.000 
energy1         0.709  1.000 


*******************************************************************************
Tue Aug  6 15:47:59 2019


FIT:    data read from 'doppler.dat' u ($1):($3)
        format = x:z
        x range restricted to [60.0000 : 180.000]
        #datapoints = 11
        residuals are weighted equally (unit weight)

function used for fitting: f2(x)
	f2(x) = energy2 * sqrt((1 - beta2*beta2))/(1 - beta2*cos(x/180.0*3.14))
fitted parameters initialized with current variable values

iter      chisq       delta/lim  lambda   beta2         energy2      
   0 7.1033710584e+05   0.00e+00  8.91e+02    6.000000e-02   1.292000e+03
   5 2.4624030530e+00  -4.41e-07  8.91e-03    3.358878e-02   1.534437e+03

After 5 iterations the fit converged.
final sum of squares of residuals : 2.4624
rel. change during last iteration : -4.41167e-12

degrees of freedom    (FIT_NDF)                        : 9
rms of residuals      (FIT_STDFIT) = sqrt(WSSR/ndf)    : 0.523068
variance of residuals (reduced chisquare) = WSSR/ndf   : 0.2736

Final set of parameters            Asymptotic Standard Error
=======================            ==========================
beta2           = 0.0335888        +/- 0.0002407    (0.7166%)
energy2         = 1534.44          +/- 0.2268       (0.01478%)

correlation matrix of the fit parameters:
                beta2  energy 
beta2           1.000 
energy2         0.709  1.000 
