started GEBSort at we have 9 arguments
1... -input
will take input from disk
file size is 417243000 bytes or 407 MBytes

4... -rootfile
rootfile name specified on command line
__will store spectra in rootfile: /lcrc/project/HELIOS/gretinafma/root_data/run211.root
will recreate root file
7... -chat
core file size          (blocks, -c) unlimited
data seg size           (kbytes, -d) unlimited
scheduling priority             (-e) 0
file size               (blocks, -f) unlimited
pending signals                 (-i) 510311
max locked memory       (kbytes, -l) unlimited
max memory size         (kbytes, -m) 128769024
open files                      (-n) 51200
pipe size            (512 bytes, -p) 8
POSIX message queues     (bytes, -q) 819200
real-time priority              (-r) 0
stack size              (kbytes, -s) unlimited
cpu time               (seconds, -t) unlimited
max user processes              (-u) 4096
virtual memory          (kbytes, -v) unlimited
file locks                      (-x) unlimited
will read sorting instructions from chatfile: GEBSort.chat

executing UserDeclare.h code


GEBsort running on: 

initializing

crmat.LINUX is open (input) binary format
read 7936 bytes into Pars.crmat
chat file: <GEBSort.chat> open

will sort a max of 1410065408 events
will sort 86400 minutes of data
will print details of the first 10 events
will use Pars.Beta (v/c) correction of 0.033000
will sort using a time window of 150
Pars.do_bin_mode2=1
Pars.do_bin_mode3=1
will accept second interaction range between 10.000000 and 500.000000 mm
"1-200"
detector   1 is ENABLED
detector   2 is ENABLED
detector   3 is ENABLED
detector   4 is ENABLED
detector   5 is ENABLED
detector   6 is ENABLED
detector   7 is ENABLED
detector   8 is ENABLED
detector   9 is ENABLED
detector  10 is ENABLED
detector  11 is ENABLED
detector  12 is ENABLED
detector  13 is ENABLED
detector  14 is ENABLED
detector  15 is ENABLED
detector  16 is ENABLED
detector  17 is ENABLED
detector  18 is ENABLED
detector  19 is ENABLED
detector  20 is ENABLED
detector  21 is ENABLED
detector  22 is ENABLED
detector  23 is ENABLED
detector  24 is ENABLED
detector  25 is ENABLED
detector  26 is ENABLED
detector  27 is ENABLED
detector  28 is ENABLED
detector  29 is ENABLED
detector  30 is ENABLED
detector  31 is ENABLED
detector  32 is ENABLED
detector  33 is ENABLED
detector  34 is ENABLED
detector  35 is ENABLED
detector  36 is ENABLED
detector  37 is ENABLED
detector  38 is ENABLED
detector  39 is ENABLED
detector  40 is ENABLED
detector  41 is ENABLED
detector  42 is ENABLED
detector  43 is ENABLED
detector  44 is ENABLED
detector  45 is ENABLED
detector  46 is ENABLED
detector  47 is ENABLED
detector  48 is ENABLED
detector  49 is ENABLED
detector  50 is ENABLED
detector  51 is ENABLED
detector  52 is ENABLED
detector  53 is ENABLED
detector  54 is ENABLED
detector  55 is ENABLED
detector  56 is ENABLED
detector  57 is ENABLED
detector  58 is ENABLED
detector  59 is ENABLED
detector  60 is ENABLED
detector  61 is ENABLED
detector  62 is ENABLED
detector  63 is ENABLED
detector  64 is ENABLED
detector  65 is ENABLED
detector  66 is ENABLED
detector  67 is ENABLED
detector  68 is ENABLED
detector  69 is ENABLED
detector  70 is ENABLED
detector  71 is ENABLED
detector  72 is ENABLED
detector  73 is ENABLED
detector  74 is ENABLED
detector  75 is ENABLED
detector  76 is ENABLED
detector  77 is ENABLED
detector  78 is ENABLED
detector  79 is ENABLED
detector  80 is ENABLED
detector  81 is ENABLED
detector  82 is ENABLED
detector  83 is ENABLED
detector  84 is ENABLED
detector  85 is ENABLED
detector  86 is ENABLED
detector  87 is ENABLED
detector  88 is ENABLED
detector  89 is ENABLED
detector  90 is ENABLED
detector  91 is ENABLED
detector  92 is ENABLED
detector  93 is ENABLED
detector  94 is ENABLED
detector  95 is ENABLED
detector  96 is ENABLED
detector  97 is ENABLED
detector  98 is ENABLED
detector  99 is ENABLED
detector 100 is ENABLED
detector 101 is ENABLED
detector 102 is ENABLED
detector 103 is ENABLED
detector 104 is ENABLED
detector 105 is ENABLED
detector 106 is ENABLED
detector 107 is ENABLED
detector 108 is ENABLED
detector 109 is ENABLED
detector 110 is ENABLED
detector 111 is ENABLED
detector 112 is ENABLED
detector 113 is ENABLED
detector 114 is ENABLED
detector 115 is ENABLED
detector 116 is ENABLED
detector 117 is ENABLED
detector 118 is ENABLED
detector 119 is ENABLED
detector 120 is ENABLED
detector 121 is ENABLED
detector 122 is ENABLED
detector 123 is ENABLED
detector 124 is ENABLED
detector 125 is ENABLED
detector 126 is ENABLED
detector 127 is ENABLED
detector 128 is ENABLED
detector 129 is ENABLED
detector 130 is ENABLED
detector 131 is ENABLED
detector 132 is ENABLED
detector 133 is ENABLED
detector 134 is ENABLED
detector 135 is ENABLED
detector 136 is ENABLED
detector 137 is ENABLED
detector 138 is ENABLED
detector 139 is ENABLED
detector 140 is ENABLED
detector 141 is ENABLED
detector 142 is ENABLED
detector 143 is ENABLED
detector 144 is ENABLED
detector 145 is ENABLED
detector 146 is ENABLED
detector 147 is ENABLED
detector 148 is ENABLED
detector 149 is ENABLED
detector 150 is ENABLED
detector 151 is ENABLED
detector 152 is ENABLED
detector 153 is ENABLED
detector 154 is ENABLED
detector 155 is ENABLED
detector 156 is ENABLED
detector 157 is ENABLED
detector 158 is ENABLED
detector 159 is ENABLED
detector 160 is ENABLED
detector 161 is ENABLED
detector 162 is ENABLED
detector 163 is ENABLED
detector 164 is ENABLED
detector 165 is ENABLED
detector 166 is ENABLED
detector 167 is ENABLED
detector 168 is ENABLED
detector 169 is ENABLED
detector 170 is ENABLED
detector 171 is ENABLED
detector 172 is ENABLED
detector 173 is ENABLED
detector 174 is ENABLED
detector 175 is ENABLED
detector 176 is ENABLED
detector 177 is ENABLED
detector 178 is ENABLED
detector 179 is ENABLED
detector 180 is ENABLED
detector 181 is ENABLED
detector 182 is ENABLED
detector 183 is ENABLED
detector 184 is ENABLED
detector 185 is ENABLED
detector 186 is ENABLED
detector 187 is ENABLED
detector 188 is ENABLED
detector 189 is ENABLED
detector 190 is ENABLED
detector 191 is ENABLED
detector 192 is ENABLED
detector 193 is ENABLED
detector 194 is ENABLED
detector 195 is ENABLED
detector 196 is ENABLED
detector 197 is ENABLED
detector 198 is ENABLED
detector 199 is ENABLED
WARNING: could not open CCcal file "CCenergy.cal", quit
will use beam direction 0.000000 0.000000 1.000000
vector length= 1.000000, normalizing
will use beam direction 0.000000 0.000000 1.000000
Pars.ndetlimlo=1,Pars.ndetlimhi=8
will require mult bt: 1 20
fomlimits, 1, 0.00 ..to.. 0.80
fomlimits, 2, 0.00 ..to.. 0.80
fomlimits, 3, 0.00 ..to.. 0.80
fomlimits, 4, 0.00 ..to.. 0.80
fomlimits, 5, 0.00 ..to.. 0.80
fomlimits, 6, 0.00 ..to.. 0.80
fomlimits, 7, 0.00 ..to.. 0.80
will use M= 350.000000 in bin_dgs
will use PZ file "dgs_pz.cal" in bin_dgs
will use ecal file "dgs_ehi.cal" in bin_dgs
will skip rest of chat file

chat file: <GEBSort.chat> closed
processed 38 sort instructions and 197 lines


sorting this:
Pars.do_bin_mode3 = 1
Pars.do_bin_mode2 = 1
Pars.do_bin_mode1 = 0
Pars.do_bin_dgs = 0
Pars.do_bin_dfma = 0
Pars.do_bin_gtcal = 0
Pars.do_bin_template = 0
Pars.do_bin_final = 0
Pars.do_bin_angcor = 0
Pars.do_bin_angdis = 0
checking proper input of chat file...
input file "/lcrc/project/HELIOS/gretinafma/merged_data/GEBMerged_run211.gtd_000" is open, inData=0x25a22440
file size is 417243000 bytes or 407 MBs 
input source is set up, supposedly

xyz offset values:

executing ShareMemFileUserInit.h code

deleted \rm -f GEBSort.command
root file </lcrc/project/HELIOS/gretinafma/root_data/run211.root>
base=</lcrc/project/HELIOS/gretinafma/root_data/run211.root:/>
TFile: name=/lcrc/project/HELIOS/gretinafma/root_data/run211.root, title=, option=CREATE

executing UserInit.h code

Created Object "dtbtev", 0x26a77c80
Created Object "T0", 0x26a78090
, "T0"Created Object "hitpat", 0x26a78480
, "hitpat"Created Object "numHitArray2", 0x26a78ed0
, "numHitArray2"Created Object "CCmult", 0x26a79990
, "CC Multiplicity"Created Object "CCsum", 0x26d4b2a0
, "CCsum"Created Object "hit2", 0x26d5b0b0
, "hit2"Created Object "hit3", 0x26d6aec0
, "hit3"Created Object "hit4", 0x26d7acd0
, "hit4"Created Object "CCsum_nodop", 0x26d8aae0
, "CCsum_nodop"Created Object "CCadd", 0x26d9a8f0
, "CCadd"Created Object "SEGadd_FPGA", 0x26daa700
Created Object "SEGadd_PSA", 0x26daab10
Created Object "SEGsum_FPGA", 0x26daaf20
Created Object "SEGsum_PSA", 0x26dab330
Created Object "radius_all", 0x26dab740
, "radius (all points)"Created Object "rate_mode2_min", 0x26db3b50
, "rate_mode2_min headers"Created Object "rate_mode2_sec", 0x26db6c60
, "rate_mode2_sec headers"Created Object "rate_mode2_intp", 0x26db9d70
, "rate_mode2 interaction points"Created Object "cdtbtev", 0x26dbd020
Created Object "evsr_all", 0x26e83000
Created Object "SMAP_allhits", 0x26e83540
Created Object "SMAP_allhits_sq", 0x26f82ed0
Created Object "seghitpat", 0x27082860
Created Object "CCe", 0x2708ac60
Created Object "ggCC", 0x2708b210
Created Object "z_plot", 0x2708b7c0
Created Object "crystal_hit", 0x2713ee90
Created Object "SegE", 0x2713f460
Created Object "crXcr", 0x2713f9a0
MAXDETPOS=180
Created Object "eCC_a", 0x27234070
Created Object "eCC_b", 0x27234480
Created Object "eCC_c", 0x27234950
Created Object "eCC_d", 0x27234ed0
Created Object "eSeg", 0x27235410
Created Object "mode3_hitpat", 0x272359c0
, "mode3_hitpat"Created Object "mode3_hitpat_chan", 0x27236330
, "mode3_hitpat_chan"Created Object "chan0", 0x27236a70
, "chan0"Created Object "module", 0x2724a8a0
, "module"Created Object "chan", 0x2725e6d0
Created Object "l", 0x272d3ff0
, "l"Created Object "r", 0x272e7e20
, "r"Created Object "up", 0x272fbbe0
, "up"Created Object "down", 0x2730f9a0
, "down"Created Object "sumlr", 0x273237d0
, "sumlr"Created Object "sumud", 0x27337600
, "sumud"Created Object "x", 0x2734b430
, "x"Created Object "y", 0x2735f260
, "y"Created Object "de1", 0x27373090
, "de1"Created Object "de2", 0x27386e50
, "de2"Created Object "de3", 0x2739ac10
, "de3"Created Object "de12", 0x273aea40
, "de12"Created Object "etot", 0x273c2870
, "etot"Created Object "rftof", 0x273d6630
, "rftof"Created Object "lr", 0x273ea3f0
Created Object "ud", 0x273ea930
Created Object "ede1", 0x273eae70
Created Object "ede1g", 0x273eb3b0
Created Object "ede2", 0x273eb960
Created Object "ede12", 0x273ebf10
Created Object "xde1", 0x273ec4c0
Created Object "erftof", 0x273eca00
Created Object "erftofg", 0x273ecf40
Created Object "sumehi", 0x273ed4f0
, "sumehi"Created Object "tgppac", 0x274012b0
, "tgppac"Created Object "tgppacg", 0x27428960
, "tgppacg"Created Object "xehi1", 0x27450010
Created Object "xehi1g", 0x27450550
Created Object "de1ehi", 0x27450b00
Created Object "de1ehig", 0x27451040
Created Object "ng", 0x27451580
, "ng"Created Object "ehiz1", 0x27465340
, "ehiz1"Created Object "ehiz2", 0x27479100
, "ehiz2"Created Object "ehiz3", 0x2748cf30
, "ehiz3"Created Object "ehiz4", 0x274a0d60
, "ehiz4"Created Object "ehiz5", 0x274b4b90
, "ehiz5"Created Object "gg_dt", 0x274c8950
, "gg_dt"Created Object "gg", 0x274ccd80
Created Object "gg_z1", 0x274cd330
Created Object "gg_z2", 0x274cd8e0
Created Object "gg_z3", 0x274cde90
Created Object "gg_z4", 0x274ce440
Created Object "gg_z5", 0x274ce980
we have define the following ROOT spectra:
Collection name='THashList', class='THashList', size=84
 TH1.Print Name  = dtbtev, Entries= 0, Total sum= 0
 TH1.Print Name  = T0, Entries= 0, Total sum= 0
 TH1.Print Name  = hitpat, Entries= 0, Total sum= 0
 TH1.Print Name  = numHitArray2, Entries= 0, Total sum= 0
 TH1.Print Name  = CCmult, Entries= 0, Total sum= 0
 TH1.Print Name  = CCsum, Entries= 0, Total sum= 0
 TH1.Print Name  = hit2, Entries= 0, Total sum= 0
 TH1.Print Name  = hit3, Entries= 0, Total sum= 0
 TH1.Print Name  = hit4, Entries= 0, Total sum= 0
 TH1.Print Name  = CCsum_nodop, Entries= 0, Total sum= 0
 TH1.Print Name  = CCadd, Entries= 0, Total sum= 0
 TH1.Print Name  = SEGadd_FPGA, Entries= 0, Total sum= 0
 TH1.Print Name  = SEGadd_PSA, Entries= 0, Total sum= 0
 TH1.Print Name  = SEGsum_FPGA, Entries= 0, Total sum= 0
 TH1.Print Name  = SEGsum_PSA, Entries= 0, Total sum= 0
 TH1.Print Name  = radius_all, Entries= 0, Total sum= 0
 TH1.Print Name  = rate_mode2_min, Entries= 0, Total sum= 0
 TH1.Print Name  = rate_mode2_sec, Entries= 0, Total sum= 0
 TH1.Print Name  = rate_mode2_intp, Entries= 0, Total sum= 0
 TH1.Print Name  = cdtbtev, Entries= 0, Total sum= 0
 TH1.Print Name  = evsr_all, Entries= 0, Total sum= 0
 TH1.Print Name  = SMAP_allhits, Entries= 0, Total sum= 0
 TH1.Print Name  = SMAP_allhits_sq, Entries= 0, Total sum= 0
 TH1.Print Name  = seghitpat, Entries= 0, Total sum= 0
 TH1.Print Name  = CCe, Entries= 0, Total sum= 0
 TH1.Print Name  = ggCC, Entries= 0, Total sum= 0
 TH1.Print Name  = z_plot, Entries= 0, Total sum= 0
 TH1.Print Name  = crystal_hit, Entries= 0, Total sum= 0
 TH1.Print Name  = SegE, Entries= 0, Total sum= 0
 TH1.Print Name  = crXcr, Entries= 0, Total sum= 0
 ******************************************************************************
*Tree    :tree      : tree                                                   *
*Entries :        0 : Total =           16301 bytes  File  Size =          0 *
*        :          : Tree compression factor =   1.00                       *
******************************************************************************
*Br    0 :runNumber : runNumber/I                                            *
*Entries :        0 : Total  Size=        501 bytes  One basket in memory    *
*Baskets :        0 : Basket Size=      32000 bytes  Compression=   1.00     *
*............................................................................*
*Br    1 :numHits   : numHits/I                                              *
*Entries :        0 : Total  Size=        493 bytes  One basket in memory    *
*Baskets :        0 : Basket Size=      32000 bytes  Compression=   1.00     *
*............................................................................*
*Br    2 :left      : left[numHits]/F                                        *
*Entries :        0 : Total  Size=        580 bytes  One basket in memory    *
*Baskets :        0 : Basket Size=      32000 bytes  Compression=   1.00     *
*............................................................................*
*Br    3 :right     : right[numHits]/F                                       *
*Entries :        0 : Total  Size=        584 bytes  One basket in memory    *
*Baskets :        0 : Basket Size=      32000 bytes  Compression=   1.00     *
*............................................................................*
*Br    4 :up        : up[numHits]/F                                          *
*Entries :        0 : Total  Size=        572 bytes  One basket in memory    *
*Baskets :        0 : Basket Size=      32000 bytes  Compression=   1.00     *
*............................................................................*
*Br    5 :down      : down[numHits]/F                                        *
*Entries :        0 : Total  Size=        580 bytes  One basket in memory    *
*Baskets :        0 : Basket Size=      32000 bytes  Compression=   1.00     *
*............................................................................*
*Br    6 :e1        : e1[numHits]/F                                          *
*Entries :        0 : Total  Size=        572 bytes  One basket in memory    *
*Baskets :        0 : Basket Size=      32000 bytes  Compression=   1.00     *
*............................................................................*
*Br    7 :e2        : e2[numHits]/F                                          *
*Entries :        0 : Total  Size=        572 bytes  One basket in memory    *
*Baskets :        0 : Basket Size=      32000 bytes  Compression=   1.00     *
*............................................................................*
*Br    8 :e3        : e3[numHits]/F                                          *
*Entries :        0 : Total  Size=        572 bytes  One basket in memory    *
*Baskets :        0 : Basket Size=      32000 bytes  Compression=   1.00     *
*............................................................................*
*Br    9 :tac       : tac[numHits]/F                                         *
*Entries :        0 : Total  Size=        576 bytes  One basket in memory    *
*Baskets :        0 : Basket Size=      32000 bytes  Compression=   1.00     *
*............................................................................*
*Br   10 :fmaDeltaTime : fmaDeltaTime[numHits]/F                             *
*Entries :        0 : Total  Size=        612 bytes  One basket in memory    *
*Baskets :        0 : Basket Size=      32000 bytes  Compression=   1.00     *
*............................................................................*
*Br   11 :fmaMult   : fmaMult[10]/I                                          *
*Entries :        0 : Total  Size=        501 bytes  One basket in memory    *
*Baskets :        0 : Basket Size=      32000 bytes  Compression=   1.00     *
*............................................................................*
*Br   12 :gammaMult : gammaMult/I                                            *
*Entries :        0 : Total  Size=        501 bytes  One basket in memory    *
*Baskets :        0 : Basket Size=      32000 bytes  Compression=   1.00     *
*............................................................................*
*Br   13 :gammaEnergy : gammaEnergy[gammaMult]/F                             *
*Entries :        0 : Total  Size=        616 bytes  One basket in memory    *
*Baskets :        0 : Basket Size=      32000 bytes  Compression=   1.00     *
*............................................................................*
*Br   14 :gammaTimestamp : gammaTimestamp[gammaMult]/F                       *
*Entries :        0 : Total  Size=        628 bytes  One basket in memory    *
*Baskets :        0 : Basket Size=      32000 bytes  Compression=   1.00     *
*............................................................................*
*Br   15 :deltaTime : deltaTime[gammaMult]/F                                 *
*Entries :        0 : Total  Size=        608 bytes  One basket in memory    *
*Baskets :        0 : Basket Size=      32000 bytes  Compression=   1.00     *
*............................................................................*
*Br   16 :gebMult   : gebMult/I                                              *
*Entries :        0 : Total  Size=        493 bytes  One basket in memory    *
*Baskets :        0 : Basket Size=      32000 bytes  Compression=   1.00     *
*............................................................................*
*Br   17 :crysType  : crysType[gebMult]/I                                    *
*Entries :        0 : Total  Size=        589 bytes  One basket in memory    *
*Baskets :        0 : Basket Size=      32000 bytes  Compression=   1.00     *
*............................................................................*
*Br   18 :crysId    : crysId[gebMult]/I                                      *
*Entries :        0 : Total  Size=        581 bytes  One basket in memory    *
*Baskets :        0 : Basket Size=      32000 bytes  Compression=   1.00     *
*............................................................................*
*Br   19 :crysNum   : crysNum[gebMult]/I                                     *
*Entries :        0 : Total  Size=        585 bytes  One basket in memory    *
*Baskets :        0 : Basket Size=      32000 bytes  Compression=   1.00     *
*............................................................................*
*Br   20 :crysTot_e : crysTot_e[gebMult]/F                                   *
*Entries :        0 : Total  Size=        600 bytes  One basket in memory    *
*Baskets :        0 : Basket Size=      32000 bytes  Compression=   1.00     *
*............................................................................*
*Br   21 :crysPolAngle : crysPolAngle[gebMult]/F                             *
*Entries :        0 : Total  Size=        612 bytes  One basket in memory    *
*Baskets :        0 : Basket Size=      32000 bytes  Compression=   1.00     *
*............................................................................*
*Br   22 :intMaxX   : intMaxX[gebMult]/F                                     *
*Entries :        0 : Total  Size=        592 bytes  One basket in memory    *
*Baskets :        0 : Basket Size=      32000 bytes  Compression=   1.00     *
*............................................................................*
*Br   23 :intMaxY   : intMaxY[gebMult]/F                                     *
*Entries :        0 : Total  Size=        592 bytes  One basket in memory    *
*Baskets :        0 : Basket Size=      32000 bytes  Compression=   1.00     *
*............................................................................*
*Br   24 :intMaxZ   : intMaxZ[gebMult]/F                                     *
*Entries :        0 : Total  Size=        592 bytes  One basket in memory    *
*Baskets :        0 : Basket Size=      32000 bytes  Compression=   1.00     *
*............................................................................*
*Br   25 :intMaxE   : intMaxE[gebMult]/F                                     *
*Entries :        0 : Total  Size=        592 bytes  One basket in memory    *
*Baskets :        0 : Basket Size=      32000 bytes  Compression=   1.00     *
*............................................................................*
*Br   26 :intMaxSeg : intMaxSeg[gebMult]/I                                   *
*Entries :        0 : Total  Size=        593 bytes  One basket in memory    *
*Baskets :        0 : Basket Size=      32000 bytes  Compression=   1.00     *
*............................................................................*
*Br   27 :intMaxSegE : intMaxSegE[gebMult]/F                                 *
*Entries :        0 : Total  Size=        604 bytes  One basket in memory    *
*Baskets :        0 : Basket Size=      32000 bytes  Compression=   1.00     *
*............................................................................*
*Br   28 :crysTimestamp : crysTimestamp[gebMult]/L                           *
*Entries :        0 : Total  Size=        624 bytes  One basket in memory    *
*Baskets :        0 : Basket Size=      32000 bytes  Compression=   1.00     *
*............................................................................*
*Br   29 :crysTrigtime : crysTrigtime[gebMult]/D                             *
*Entries :        0 : Total  Size=        620 bytes  One basket in memory    *
*Baskets :        0 : Basket Size=      32000 bytes  Compression=   1.00     *
*............................................................................*
*Br   30 :crysT0    : crysT0[gebMult]/F                                      *
*Entries :        0 : Total  Size=        588 bytes  One basket in memory    *
*Baskets :        0 : Basket Size=      32000 bytes  Compression=   1.00     *
*............................................................................*
 TH1.Print Name  = eCC_a, Entries= 0, Total sum= 0
 TH1.Print Name  = eCC_b, Entries= 0, Total sum= 0
 TH1.Print Name  = eCC_c, Entries= 0, Total sum= 0
 TH1.Print Name  = eCC_d, Entries= 0, Total sum= 0
 TH1.Print Name  = eSeg, Entries= 0, Total sum= 0
 TH1.Print Name  = mode3_hitpat, Entries= 0, Total sum= 0
 TH1.Print Name  = mode3_hitpat_chan, Entries= 0, Total sum= 0
 TH1.Print Name  = chan0, Entries= 0, Total sum= 0
 TH1.Print Name  = module, Entries= 0, Total sum= 0
 TH1.Print Name  = chan, Entries= 0, Total sum= 0
 TH1.Print Name  = l, Entries= 0, Total sum= 0
 TH1.Print Name  = r, Entries= 0, Total sum= 0
 TH1.Print Name  = up, Entries= 0, Total sum= 0
 TH1.Print Name  = down, Entries= 0, Total sum= 0
 TH1.Print Name  = sumlr, Entries= 0, Total sum= 0
 TH1.Print Name  = sumud, Entries= 0, Total sum= 0
 TH1.Print Name  = x, Entries= 0, Total sum= 0
 TH1.Print Name  = y, Entries= 0, Total sum= 0
 TH1.Print Name  = de1, Entries= 0, Total sum= 0
 TH1.Print Name  = de2, Entries= 0, Total sum= 0
 TH1.Print Name  = de3, Entries= 0, Total sum= 0
 TH1.Print Name  = de12, Entries= 0, Total sum= 0
 TH1.Print Name  = etot, Entries= 0, Total sum= 0
 TH1.Print Name  = rftof, Entries= 0, Total sum= 0
 TH1.Print Name  = lr, Entries= 0, Total sum= 0
 TH1.Print Name  = ud, Entries= 0, Total sum= 0
 TH1.Print Name  = ede1, Entries= 0, Total sum= 0
 TH1.Print Name  = ede1g, Entries= 0, Total sum= 0
 TH1.Print Name  = ede2, Entries= 0, Total sum= 0
 TH1.Print Name  = ede12, Entries= 0, Total sum= 0
 TH1.Print Name  = xde1, Entries= 0, Total sum= 0
 TH1.Print Name  = erftof, Entries= 0, Total sum= 0
 TH1.Print Name  = erftofg, Entries= 0, Total sum= 0
 TH1.Print Name  = sumehi, Entries= 0, Total sum= 0
 TH1.Print Name  = tgppac, Entries= 0, Total sum= 0
 TH1.Print Name  = tgppacg, Entries= 0, Total sum= 0
 TH1.Print Name  = xehi1, Entries= 0, Total sum= 0
 TH1.Print Name  = xehi1g, Entries= 0, Total sum= 0
 TH1.Print Name  = de1ehi, Entries= 0, Total sum= 0
 TH1.Print Name  = de1ehig, Entries= 0, Total sum= 0
 TH1.Print Name  = ng, Entries= 0, Total sum= 0
 TH1.Print Name  = ehiz1, Entries= 0, Total sum= 0
 TH1.Print Name  = ehiz2, Entries= 0, Total sum= 0
 TH1.Print Name  = ehiz3, Entries= 0, Total sum= 0
 TH1.Print Name  = ehiz4, Entries= 0, Total sum= 0
 TH1.Print Name  = ehiz5, Entries= 0, Total sum= 0
 TH1.Print Name  = gg_dt, Entries= 0, Total sum= 0
 TH1.Print Name  = gg, Entries= 0, Total sum= 0
 TH1.Print Name  = gg_z1, Entries= 0, Total sum= 0
 TH1.Print Name  = gg_z2, Entries= 0, Total sum= 0
 TH1.Print Name  = gg_z3, Entries= 0, Total sum= 0
 TH1.Print Name  = gg_z4, Entries= 0, Total sum= 0
 TH1.Print Name  = gg_z5, Entries= 0, Total sum= 0
GRETINA detector angles
mod  1, crystal 0 [  4]: ( 10.07   3.58  15.10) pol   35.30 ,  azi   13.35; pol   35.30 ,  azi   19.58; modCCdopfac[4] 1.0271
mod  1, crystal 1 [  5]: ( 10.11   9.19  12.47) pol   47.60 ,  azi   36.39; pol   47.60 ,  azi   42.30; modCCdopfac[5] 1.0222
mod  1, crystal 2 [  6]: (  5.44   7.69  15.92) pol   30.60 ,  azi   25.77; pol   30.60 ,  azi   54.72; modCCdopfac[6] 1.0287
mod  1, crystal 3 [  7]: (  4.99   1.78  17.72) pol   16.65 ,  azi    5.72; pol   16.65 ,  azi   19.58; modCCdopfac[7] 1.0321
mod  2, crystal 0 [  8]: ( -0.29  10.69  15.10) pol   35.30 ,  azi   35.29; pol   35.30 ,  azi   91.58; modCCdopfac[8] 1.0271
mod  2, crystal 1 [  9]: ( -5.62  12.45  12.47) pol   47.60 ,  azi   44.95; pol   47.60 ,  azi  114.30; modCCdopfac[9] 1.0222
mod  2, crystal 2 [ 10]: ( -5.63   7.55  15.92) pol   30.60 ,  azi   25.36; pol   30.60 ,  azi  126.72; modCCdopfac[10] 1.0287
mod  2, crystal 3 [ 11]: ( -0.15   5.30  17.72) pol   16.65 ,  azi   16.64; pol   16.65 ,  azi   91.58; modCCdopfac[11] 1.0321
mod  3, crystal 0 [ 12]: (-10.25   3.02  15.10) pol   35.30 ,  azi   11.32; pol   35.30 ,  azi  163.58; modCCdopfac[12] 1.0271
mod  3, crystal 1 [ 13]: (-13.58  -1.50  12.47) pol   47.60 ,  azi   -6.85; pol   47.60 ,  azi -173.70; modCCdopfac[13] 1.0222
mod  3, crystal 2 [ 14]: ( -8.92  -3.02  15.92) pol   30.60 ,  azi  -10.75; pol   30.60 ,  azi -161.28; modCCdopfac[14] 1.0287
mod  3, crystal 3 [ 15]: ( -5.08   1.50  17.72) pol   16.65 ,  azi    4.83; pol   16.65 ,  azi  163.58; modCCdopfac[15] 1.0321
mod  4, crystal 0 [ 16]: ( -6.04  -8.82  15.10) pol   35.30 ,  azi  -30.29; pol   35.30 ,  azi -124.42; modCCdopfac[16] 1.0271
mod  4, crystal 1 [ 17]: ( -2.77 -13.38  12.47) pol   47.60 ,  azi  -47.00; pol   47.60 ,  azi -101.70; modCCdopfac[17] 1.0222
mod  4, crystal 2 [ 18]: (  0.12  -9.42  15.92) pol   30.60 ,  azi  -30.60; pol   30.60 ,  azi  -89.28; modCCdopfac[18] 1.0287
mod  4, crystal 3 [ 19]: ( -3.00  -4.37  17.72) pol   16.65 ,  azi  -13.86; pol   16.65 ,  azi -124.42; modCCdopfac[19] 1.0321
mod  5, crystal 0 [ 20]: (  6.52  -8.47  15.10) pol   35.30 ,  azi  -29.30; pol   35.30 ,  azi  -52.42; modCCdopfac[20] 1.0271
mod  5, crystal 1 [ 21]: ( 11.87  -6.77  12.47) pol   47.60 ,  azi  -28.49; pol   47.60 ,  azi  -29.70; modCCdopfac[21] 1.0222
mod  5, crystal 2 [ 22]: (  8.99  -2.80  15.92) pol   30.60 ,  azi   -9.96; pol   30.60 ,  azi  -17.28; modCCdopfac[22] 1.0287
mod  5, crystal 3 [ 23]: (  3.23  -4.20  17.72) pol   16.65 ,  azi  -13.33; pol   16.65 ,  azi  -52.42; modCCdopfac[23] 1.0321
mod  6, crystal 0 [ 24]: (  4.54  16.51   7.02) pol   67.71 ,  azi   66.97; pol   67.71 ,  azi   74.63; modCCdopfac[24] 1.0121
mod  6, crystal 1 [ 25]: ( -0.33  15.15  10.61) pol   55.02 ,  azi   55.01; pol   55.02 ,  azi   91.23; modCCdopfac[25] 1.0187
mod  6, crystal 2 [ 26]: (  5.05  13.00  12.16) pol   48.92 ,  azi   46.92; pol   48.92 ,  azi   68.77; modCCdopfac[26] 1.0216
mod  6, crystal 3 [ 27]: (  9.66  13.57   8.06) pol   64.18 ,  azi   59.29; pol   64.18 ,  azi   54.55; modCCdopfac[27] 1.0140
mod  7, crystal 0 [ 28]: (-14.30   9.42   7.02) pol   67.71 ,  azi   53.31; pol   67.71 ,  azi  146.63; modCCdopfac[28] 1.0121
mod  7, crystal 1 [ 29]: (-14.51   4.37  10.61) pol   55.02 ,  azi   22.40; pol   55.02 ,  azi  163.23; modCCdopfac[29] 1.0187
mod  7, crystal 2 [ 30]: (-10.80   8.82  12.16) pol   48.92 ,  azi   35.96; pol   48.92 ,  azi  140.77; modCCdopfac[30] 1.0216
mod  7, crystal 3 [ 31]: ( -9.92  13.38   8.06) pol   64.18 ,  azi   58.94; pol   64.18 ,  azi  126.55; modCCdopfac[31] 1.0140
mod  8, crystal 0 [ 32]: (-13.37 -10.69   7.02) pol   67.71 ,  azi  -56.71; pol   67.71 ,  azi -141.37; modCCdopfac[32] 1.0121
mod  8, crystal 1 [ 33]: ( -8.64 -12.45  10.61) pol   55.02 ,  azi  -49.58; pol   55.02 ,  azi -124.77; modCCdopfac[33] 1.0187
mod  8, crystal 2 [ 34]: (-11.73  -7.55  12.16) pol   48.92 ,  azi  -31.84; pol   48.92 ,  azi -147.23; modCCdopfac[34] 1.0216
mod  8, crystal 3 [ 35]: (-15.79  -5.30   8.06) pol   64.18 ,  azi  -33.33; pol   64.18 ,  azi -161.45; modCCdopfac[35] 1.0140
mod  9, crystal 0 [ 36]: (  6.03 -16.02   7.02) pol   67.71 ,  azi  -66.35; pol   67.71 ,  azi  -69.37; modCCdopfac[36] 1.0121
mod  9, crystal 1 [ 37]: (  9.17 -12.07  10.61) pol   55.02 ,  azi  -48.69; pol   55.02 ,  azi  -52.77; modCCdopfac[37] 1.0187
mod  9, crystal 2 [ 38]: (  3.56 -13.48  12.16) pol   48.92 ,  azi  -47.96; pol   48.92 ,  azi  -75.23; modCCdopfac[38] 1.0216
mod  9, crystal 3 [ 39]: (  0.16 -16.65   8.06) pol   64.18 ,  azi  -64.18; pol   64.18 ,  azi  -89.45; modCCdopfac[39] 1.0140
mod 10, crystal 0 [ 40]: ( 17.10   0.79   7.02) pol   67.71 ,  azi    6.39; pol   67.71 ,  azi    2.63; modCCdopfac[40] 1.0121
mod 10, crystal 1 [ 41]: ( 14.31   4.99  10.61) pol   55.02 ,  azi   25.21; pol   55.02 ,  azi   19.23; modCCdopfac[41] 1.0187
mod 10, crystal 2 [ 42]: ( 13.92  -0.79  12.16) pol   48.92 ,  azi   -3.70; pol   48.92 ,  azi   -3.23; modCCdopfac[42] 1.0216
mod 10, crystal 3 [ 43]: ( 15.89  -4.99   8.06) pol   64.18 ,  azi  -31.79; pol   64.18 ,  azi  -17.45; modCCdopfac[43] 1.0140
mod 11, crystal 0 [ 44]: ( 18.26   2.80   0.92) pol   87.15 ,  azi   71.78; pol   87.15 ,  azi    8.71; modCCdopfac[44] 1.0011
mod 11, crystal 1 [ 45]: ( 17.30   4.20  -5.04) pol  105.79 ,  azi  140.16; pol  105.79 ,  azi   13.65; modCCdopfac[45] 0.9906
mod 11, crystal 2 [ 46]: ( 16.42   8.47  -0.92) pol   92.85 ,  azi   96.20; pol   92.85 ,  azi   27.29; modCCdopfac[46] 0.9978
mod 11, crystal 3 [ 47]: ( 16.46   6.77   5.04) pol   74.21 ,  azi   53.36; pol   74.21 ,  azi   22.35; modCCdopfac[47] 1.0085
mod 12, crystal 0 [ 48]: ( 12.46  13.48  -2.26) pol   97.01 ,  azi   99.50; pol   97.01 ,  azi   47.25; modCCdopfac[48] 0.9954
mod 12, crystal 1 [ 49]: (  7.28  16.65  -3.46) pol  100.78 ,  azi  101.74; pol  100.78 ,  azi   66.39; modCCdopfac[49] 0.9933
mod 12, crystal 2 [ 50]: (  8.97  16.02   2.26) pol   82.99 ,  azi   81.98; pol   82.99 ,  azi   60.75; modCCdopfac[50] 1.0035
mod 12, crystal 3 [ 51]: ( 13.59  12.07   3.46) pol   79.22 ,  azi   74.00; pol   79.22 ,  azi   41.61; modCCdopfac[51] 1.0057
mod 13, crystal 0 [ 52]: (  2.98  18.23   0.92) pol   87.15 ,  azi   87.11; pol   87.15 ,  azi   80.71; modCCdopfac[52] 1.0011
mod 13, crystal 1 [ 53]: (  1.35  17.75  -5.04) pol  105.79 ,  azi  105.84; pol  105.79 ,  azi   85.65; modCCdopfac[53] 0.9906
mod 13, crystal 2 [ 54]: ( -2.98  18.23  -0.92) pol   92.85 ,  azi   92.89; pol   92.85 ,  azi   99.29; modCCdopfac[54] 0.9978
mod 13, crystal 3 [ 55]: ( -1.35  17.75   5.04) pol   74.21 ,  azi   74.16; pol   74.21 ,  azi   94.35; modCCdopfac[55] 1.0085
mod 14, crystal 0 [ 56]: ( -8.97  16.02  -2.26) pol   97.01 ,  azi   98.02; pol   97.01 ,  azi  119.25; modCCdopfac[56] 0.9954
mod 14, crystal 1 [ 57]: (-13.59  12.07  -3.46) pol  100.78 ,  azi  106.00; pol  100.78 ,  azi  138.39; modCCdopfac[57] 0.9933
mod 14, crystal 2 [ 58]: (-12.46  13.48   2.26) pol   82.99 ,  azi   80.50; pol   82.99 ,  azi  132.75; modCCdopfac[58] 1.0035
mod 14, crystal 3 [ 59]: ( -7.28  16.65   3.46) pol   79.22 ,  azi   78.26; pol   79.22 ,  azi  113.61; modCCdopfac[59] 1.0057
mod 15, crystal 0 [ 60]: (-16.42   8.47   0.92) pol   87.15 ,  azi   83.80; pol   87.15 ,  azi  152.71; modCCdopfac[60] 1.0011
mod 15, crystal 1 [ 61]: (-16.46   6.77  -5.04) pol  105.79 ,  azi  126.64; pol  105.79 ,  azi  157.65; modCCdopfac[61] 0.9906
mod 15, crystal 2 [ 62]: (-18.26   2.80  -0.92) pol   92.85 ,  azi  108.22; pol   92.85 ,  azi  171.29; modCCdopfac[62] 0.9978
mod 15, crystal 3 [ 63]: (-17.30   4.20   5.04) pol   74.21 ,  azi   39.84; pol   74.21 ,  azi  166.35; modCCdopfac[63] 1.0085
mod 16, crystal 0 [ 64]: (-18.01  -3.58  -2.26) pol   97.01 ,  azi -122.21; pol   97.01 ,  azi -168.75; modCCdopfac[64] 0.9954
mod 16, crystal 1 [ 65]: (-15.68  -9.19  -3.46) pol  100.78 ,  azi -110.62; pol  100.78 ,  azi -149.61; modCCdopfac[65] 0.9933
mod 16, crystal 2 [ 66]: (-16.68  -7.69   2.26) pol   82.99 ,  azi  -73.64; pol   82.99 ,  azi -155.25; modCCdopfac[66] 1.0035
mod 16, crystal 3 [ 67]: (-18.09  -1.78   3.46) pol   79.22 ,  azi  -27.18; pol   79.22 ,  azi -174.39; modCCdopfac[67] 1.0057
mod 17, crystal 0 [ 68]: (-13.13 -13.00   0.92) pol   87.15 ,  azi  -85.95; pol   87.15 ,  azi -135.29; modCCdopfac[68] 1.0011
mod 17, crystal 1 [ 69]: (-11.53 -13.57  -5.04) pol  105.79 ,  azi -110.36; pol  105.79 ,  azi -130.35; modCCdopfac[69] 0.9906
mod 17, crystal 2 [ 70]: ( -8.30 -16.51  -0.92) pol   92.85 ,  azi  -93.19; pol   92.85 ,  azi -116.71; modCCdopfac[70] 0.9978
mod 17, crystal 3 [ 71]: ( -9.34 -15.15   5.04) pol   74.21 ,  azi  -71.62; pol   74.21 ,  azi -121.65; modCCdopfac[71] 1.0085
mod 18, crystal 0 [ 72]: ( -2.16 -18.23  -2.26) pol   97.01 ,  azi  -97.05; pol   97.01 ,  azi  -96.75; modCCdopfac[72] 0.9954
mod 18, crystal 1 [ 73]: (  3.90 -17.75  -3.46) pol  100.78 ,  azi -101.03; pol  100.78 ,  azi  -77.61; modCCdopfac[73] 0.9933
mod 18, crystal 2 [ 74]: (  2.16 -18.23   2.26) pol   82.99 ,  azi  -82.95; pol   82.99 ,  azi  -83.25; modCCdopfac[74] 1.0035
mod 18, crystal 3 [ 75]: ( -3.90 -17.75   3.46) pol   79.22 ,  azi  -78.97; pol   79.22 ,  azi -102.39; modCCdopfac[75] 1.0057
mod 19, crystal 0 [ 76]: (  8.30 -16.51   0.92) pol   87.15 ,  azi  -86.81; pol   87.15 ,  azi  -63.29; modCCdopfac[76] 1.0011
mod 19, crystal 1 [ 77]: (  9.34 -15.15  -5.04) pol  105.79 ,  azi -108.38; pol  105.79 ,  azi  -58.35; modCCdopfac[77] 0.9906
mod 19, crystal 2 [ 78]: ( 13.13 -13.00  -0.92) pol   92.85 ,  azi  -94.05; pol   92.85 ,  azi  -44.71; modCCdopfac[78] 0.9978
mod 19, crystal 3 [ 79]: ( 11.53 -13.57   5.04) pol   74.21 ,  azi  -69.64; pol   74.21 ,  azi  -49.65; modCCdopfac[79] 1.0085
mod 20, crystal 0 [ 80]: ( 16.68  -7.69  -2.26) pol   97.01 ,  azi -106.36; pol   97.01 ,  azi  -24.75; modCCdopfac[80] 0.9954
mod 20, crystal 1 [ 81]: ( 18.09  -1.78  -3.46) pol  100.78 ,  azi -152.82; pol  100.78 ,  azi   -5.61; modCCdopfac[81] 0.9933
mod 20, crystal 2 [ 82]: ( 18.01  -3.58   2.26) pol   82.99 ,  azi  -57.79; pol   82.99 ,  azi  -11.25; modCCdopfac[82] 1.0035
mod 20, crystal 3 [ 83]: ( 15.68  -9.19   3.46) pol   79.22 ,  azi  -69.38; pol   79.22 ,  azi  -30.39; modCCdopfac[83] 1.0057
mod 21, crystal 0 [ 84]: ( 14.30   9.42  -7.02) pol  112.29 ,  azi  126.69; pol  112.29 ,  azi   33.37; modCCdopfac[84] 0.9871
mod 21, crystal 1 [ 85]: ( 14.51   4.37 -10.61) pol  124.98 ,  azi  157.60; pol  124.98 ,  azi   16.77; modCCdopfac[85] 0.9809
mod 21, crystal 2 [ 86]: ( 10.80   8.82 -12.16) pol  131.08 ,  azi  144.04; pol  131.08 ,  azi   39.23; modCCdopfac[86] 0.9782
mod 21, crystal 3 [ 87]: (  9.92  13.38  -8.06) pol  115.82 ,  azi  121.06; pol  115.82 ,  azi   53.45; modCCdopfac[87] 0.9853
mod 22, crystal 0 [ 88]: ( -4.54  16.51  -7.02) pol  112.29 ,  azi  113.03; pol  112.29 ,  azi  105.37; modCCdopfac[88] 0.9871
mod 22, crystal 1 [ 89]: (  0.33  15.15 -10.61) pol  124.98 ,  azi  124.99; pol  124.98 ,  azi   88.77; modCCdopfac[89] 0.9809
mod 22, crystal 2 [ 90]: ( -5.05  13.00 -12.16) pol  131.08 ,  azi  133.08; pol  131.08 ,  azi  111.23; modCCdopfac[90] 0.9782
mod 22, crystal 3 [ 91]: ( -9.66  13.57  -8.06) pol  115.82 ,  azi  120.71; pol  115.82 ,  azi  125.45; modCCdopfac[91] 0.9853
mod 23, crystal 0 [ 92]: (-17.10   0.79  -7.02) pol  112.29 ,  azi  173.61; pol  112.29 ,  azi  177.37; modCCdopfac[92] 0.9871
mod 23, crystal 1 [ 93]: (-14.31   4.99 -10.61) pol  124.98 ,  azi  154.79; pol  124.98 ,  azi  160.77; modCCdopfac[93] 0.9809
mod 23, crystal 2 [ 94]: (-13.92  -0.79 -12.16) pol  131.08 ,  azi -176.30; pol  131.08 ,  azi -176.77; modCCdopfac[94] 0.9782
mod 23, crystal 3 [ 95]: (-15.89  -4.99  -8.06) pol  115.82 ,  azi -148.21; pol  115.82 ,  azi -162.55; modCCdopfac[95] 0.9853
mod 24, crystal 0 [ 96]: ( -6.03 -16.02  -7.02) pol  112.29 ,  azi -113.65; pol  112.29 ,  azi -110.63; modCCdopfac[96] 0.9871
mod 24, crystal 1 [ 97]: ( -9.17 -12.07 -10.61) pol  124.98 ,  azi -131.31; pol  124.98 ,  azi -127.23; modCCdopfac[97] 0.9809
mod 24, crystal 2 [ 98]: ( -3.56 -13.48 -12.16) pol  131.08 ,  azi -132.04; pol  131.08 ,  azi -104.77; modCCdopfac[98] 0.9782
mod 24, crystal 3 [ 99]: ( -0.16 -16.65  -8.06) pol  115.82 ,  azi -115.82; pol  115.82 ,  azi  -90.55; modCCdopfac[99] 0.9853
mod 25, crystal 0 [100]: ( 13.37 -10.69  -7.02) pol  112.29 ,  azi -123.29; pol  112.29 ,  azi  -38.63; modCCdopfac[100] 0.9871
mod 25, crystal 1 [101]: (  8.64 -12.45 -10.61) pol  124.98 ,  azi -130.42; pol  124.98 ,  azi  -55.23; modCCdopfac[101] 0.9809
mod 25, crystal 2 [102]: ( 11.73  -7.55 -12.16) pol  131.08 ,  azi -148.16; pol  131.08 ,  azi  -32.77; modCCdopfac[102] 0.9782
mod 25, crystal 3 [103]: ( 15.79  -5.30  -8.06) pol  115.82 ,  azi -146.67; pol  115.82 ,  azi  -18.55; modCCdopfac[103] 0.9853
mod 26, crystal 0 [104]: (  0.29  10.69 -15.10) pol  144.70 ,  azi  144.71; pol  144.70 ,  azi   88.42; modCCdopfac[104] 0.9732
mod 26, crystal 1 [105]: (  5.62  12.45 -12.47) pol  132.40 ,  azi  135.05; pol  132.40 ,  azi   65.70; modCCdopfac[105] 0.9777
mod 26, crystal 2 [106]: (  5.63   7.55 -15.92) pol  149.40 ,  azi  154.64; pol  149.40 ,  azi   53.28; modCCdopfac[106] 0.9718
mod 26, crystal 3 [107]: (  0.15   5.30 -17.72) pol  163.35 ,  azi  163.36; pol  163.35 ,  azi   88.42; modCCdopfac[107] 0.9688
mod 27, crystal 0 [108]: (-10.07   3.58 -15.10) pol  144.70 ,  azi  166.65; pol  144.70 ,  azi  160.42; modCCdopfac[108] 0.9732
mod 27, crystal 1 [109]: (-10.11   9.19 -12.47) pol  132.40 ,  azi  143.61; pol  132.40 ,  azi  137.70; modCCdopfac[109] 0.9777
mod 27, crystal 2 [110]: ( -5.44   7.69 -15.92) pol  149.40 ,  azi  154.23; pol  149.40 ,  azi  125.28; modCCdopfac[110] 0.9718
mod 27, crystal 3 [111]: ( -4.99   1.78 -17.72) pol  163.35 ,  azi  174.28; pol  163.35 ,  azi  160.42; modCCdopfac[111] 0.9688
mod 28, crystal 0 [112]: ( -6.52  -8.47 -15.10) pol  144.70 ,  azi -150.70; pol  144.70 ,  azi -127.58; modCCdopfac[112] 0.9732
mod 28, crystal 1 [113]: (-11.87  -6.77 -12.47) pol  132.40 ,  azi -151.51; pol  132.40 ,  azi -150.30; modCCdopfac[113] 0.9777
mod 28, crystal 2 [114]: ( -8.99  -2.80 -15.92) pol  149.40 ,  azi -170.04; pol  149.40 ,  azi -162.72; modCCdopfac[114] 0.9718
mod 28, crystal 3 [115]: ( -3.23  -4.20 -17.72) pol  163.35 ,  azi -166.67; pol  163.35 ,  azi -127.58; modCCdopfac[115] 0.9688
mod 29, crystal 0 [116]: (  6.04  -8.82 -15.10) pol  144.70 ,  azi -149.71; pol  144.70 ,  azi  -55.58; modCCdopfac[116] 0.9732
mod 29, crystal 1 [117]: (  2.77 -13.38 -12.47) pol  132.40 ,  azi -133.00; pol  132.40 ,  azi  -78.30; modCCdopfac[117] 0.9777
mod 29, crystal 2 [118]: ( -0.12  -9.42 -15.92) pol  149.40 ,  azi -149.40; pol  149.40 ,  azi  -90.72; modCCdopfac[118] 0.9718
mod 29, crystal 3 [119]: (  3.00  -4.37 -17.72) pol  163.35 ,  azi -166.14; pol  163.35 ,  azi  -55.58; modCCdopfac[119] 0.9688
mod 30, crystal 0 [120]: ( 10.25   3.02 -15.10) pol  144.70 ,  azi  168.68; pol  144.70 ,  azi   16.42; modCCdopfac[120] 0.9732
mod 30, crystal 1 [121]: ( 13.58  -1.50 -12.47) pol  132.40 ,  azi -173.15; pol  132.40 ,  azi   -6.30; modCCdopfac[121] 0.9777
mod 30, crystal 2 [122]: (  8.92  -3.02 -15.92) pol  149.40 ,  azi -169.25; pol  149.40 ,  azi  -18.72; modCCdopfac[122] 0.9718
mod 30, crystal 3 [123]: (  5.08   1.50 -17.72) pol  163.35 ,  azi  175.17; pol  163.35 ,  azi   16.42; modCCdopfac[123] 0.9688
setup signal catcher
started sorting... from disk...

Pars.maxTS=4611686018427387904
got initial header, TS=65927017225 ID: 1 length: 464
read initial payload of siz=464 into event position 1
__ptgd[0]->type= 0; ptgd[0]->length=   0; ptgd[0]->timestamp=0
initial ii=1, nn=1
ev#     0 GEB_TYPE_DECOMP        464Bytes TS=65927080729 curTS=65927017225 dTS= 63504
t0=65927017225
first event: GEB_event.mult=1
   0/ 0: ( 1,GEB_TYPE_DECOMP      ) TS=         65927017225; dT=0
maxTS=8705927017225
that is 86400.0 seconds or 24h0m0s minutes of sorting
GEBGetEv returned st=0
we have read 960 bytes; CurEvNo=1

+++++++++++++++++++++++++++++++
*start event # 1 with multiplicity 1 looks like this:
 0>  1, GEB_TYPE_DECOMP      , TS=65927017225
entered bin_mode2: 1/10
ptinp->pad= 6, (ptinp->pad&0x000000ff)= 6
updated CCadd with    0.00
total number of hits in array: 0
exit bin_mode2
entered bin_mode3 @ event number: 1 
exit bin_mode3
*end of event # 1
+++++++++++++++++++++++++++++++
ev#     1 GEB_TYPE_DECOMP        464Bytes TS=65927112613 curTS=65927080729 dTS= 31884
GEBGetEv returned st=0
we have read 1440 bytes; CurEvNo=2

+++++++++++++++++++++++++++++++
*start event # 2 with multiplicity 1 looks like this:
 0>  1, GEB_TYPE_DECOMP      , TS=65927080729
entered bin_mode2: 2/10
ptinp->pad= 6, (ptinp->pad&0x000000ff)= 6
updated CCadd with    0.00
total number of hits in array: 0
exit bin_mode2
entered bin_mode3 @ event number: 2 
exit bin_mode3
*end of event # 2
+++++++++++++++++++++++++++++++
ev#     2 GEB_TYPE_DECOMP        464Bytes TS=65927129149 curTS=65927112613 dTS= 16536
GEBGetEv returned st=0
we have read 1920 bytes; CurEvNo=3

+++++++++++++++++++++++++++++++
*start event # 3 with multiplicity 1 looks like this:
 0>  1, GEB_TYPE_DECOMP      , TS=65927112613
entered bin_mode2: 3/10
ptinp->pad= 6, (ptinp->pad&0x000000ff)= 6
updated CCadd with    0.00
total number of hits in array: 0
exit bin_mode2
entered bin_mode3 @ event number: 3 
exit bin_mode3
*end of event # 3
+++++++++++++++++++++++++++++++
ev#     3 GEB_TYPE_DECOMP        464Bytes TS=65927135071 curTS=65927129149 dTS= 5922
GEBGetEv returned st=0
we have read 2400 bytes; CurEvNo=4

+++++++++++++++++++++++++++++++
*start event # 4 with multiplicity 1 looks like this:
 0>  1, GEB_TYPE_DECOMP      , TS=65927129149
entered bin_mode2: 4/10
ptinp->pad= 6, (ptinp->pad&0x000000ff)= 6
updated CCadd with    0.00
total number of hits in array: 0
exit bin_mode2
entered bin_mode3 @ event number: 4 
exit bin_mode3
*end of event # 4
+++++++++++++++++++++++++++++++
ev#     4 GEB_TYPE_DECOMP        464Bytes TS=65927219319 curTS=65927135071 dTS= 84248
GEBGetEv returned st=0
we have read 2880 bytes; CurEvNo=5

+++++++++++++++++++++++++++++++
*start event # 5 with multiplicity 1 looks like this:
 0>  1, GEB_TYPE_DECOMP      , TS=65927135071
entered bin_mode2: 5/10
ptinp->pad= 6, (ptinp->pad&0x000000ff)= 6
updated CCadd with    0.00
total number of hits in array: 0
exit bin_mode2
entered bin_mode3 @ event number: 5 
exit bin_mode3
*end of event # 5
+++++++++++++++++++++++++++++++
ev#     5 GEB_TYPE_DECOMP        464Bytes TS=65927219323 curTS=65927219319 dTS= 4
ev#     5 GEB_TYPE_DECOMP        464Bytes TS=65927247059 curTS=65927219319 dTS= 27740
GEBGetEv returned st=0
we have read 3840 bytes; CurEvNo=6

+++++++++++++++++++++++++++++++
*start event # 6 with multiplicity 2 looks like this:
 0>  1, GEB_TYPE_DECOMP      , TS=65927219319
 1>  1, GEB_TYPE_DECOMP      , TS=65927219323
entered bin_mode2: 6/10
ptinp->pad= 0, (ptinp->pad&0x000000ff)= 0
good pad value
mode2 data:  0>  1, GEB_TYPE_DECOMP      , TS=65927219319
number of hits: 2
* 0/2, is GEB_TYPE_DECOMP: num=2
__detno: 71, module: 17, crystalNumber: 3
CCenergies[0]=1474.12
* 0:  -19.18,  19.56,   6.03 --> GT:   -7.41, -16.60,   6.47
* 1:  -14.09,  12.23,   0.00 --> GT:   -7.87, -15.73,   6.02
ptinp->pad= 0, (ptinp->pad&0x000000ff)= 0
good pad value
mode2 data:  1>  1, GEB_TYPE_DECOMP      , TS=65927219323
number of hits: 2
* 1/2, is GEB_TYPE_DECOMP: num=2
__detno: 116, module: 29, crystalNumber: 0
CCenergies[1]= 239.71
* 0:   13.92, -34.44,  55.93 --> GT:    6.61, -14.70, -18.29
* 1:  -10.32, -37.59,  76.35 --> GT:    9.57, -15.51, -19.13
updated CCadd with 1713.83
total number of hits in array: 4
exit bin_mode2
entered bin_mode3 @ event number: 6 
exit bin_mode3
*end of event # 6
+++++++++++++++++++++++++++++++
ev#     6 GEB_TYPE_DECOMP        464Bytes TS=65927256113 curTS=65927247059 dTS= 9054
GEBGetEv returned st=0
we have read 4320 bytes; CurEvNo=7

+++++++++++++++++++++++++++++++
*start event # 7 with multiplicity 1 looks like this:
 0>  1, GEB_TYPE_DECOMP      , TS=65927247059
entered bin_mode2: 7/10
ptinp->pad= 0, (ptinp->pad&0x000000ff)= 0
good pad value
mode2 data:  0>  1, GEB_TYPE_DECOMP      , TS=65927247059
number of hits: 2
* 0/1, is GEB_TYPE_DECOMP: num=2
__detno: 116, module: 29, crystalNumber: 0
CCenergies[0]= 253.37
* 0:  -29.54,  -0.83,   8.90 --> GT:    9.13,  -8.79, -14.97
* 1:  -27.61,  -0.35,  19.03 --> GT:    9.27,  -9.26, -15.88
updated CCadd with  253.37
total number of hits in array: 2
exit bin_mode2
entered bin_mode3 @ event number: 7 
exit bin_mode3
*end of event # 7
+++++++++++++++++++++++++++++++
ev#     7 GEB_TYPE_DECOMP        464Bytes TS=65927354347 curTS=65927256113 dTS= 98234
GEBGetEv returned st=0
we have read 4800 bytes; CurEvNo=8

+++++++++++++++++++++++++++++++
*start event # 8 with multiplicity 1 looks like this:
 0>  1, GEB_TYPE_DECOMP      , TS=65927256113
entered bin_mode2: 8/10
ptinp->pad= 0, (ptinp->pad&0x000000ff)= 0
good pad value
mode2 data:  0>  1, GEB_TYPE_DECOMP      , TS=65927256113
number of hits: 2
* 0/1, is GEB_TYPE_DECOMP: num=2
__detno: 101, module: 25, crystalNumber: 1
CCenergies[0]=1984.94
* 0:  -14.97, -29.58,  49.27 --> GT:    8.97, -14.98, -15.97
* 1:  -12.23, -25.28,  55.63 --> GT:    9.60, -15.49, -15.96
updated CCadd with 1984.94
total number of hits in array: 2
exit bin_mode2
entered bin_mode3 @ event number: 8 
exit bin_mode3
*end of event # 8
+++++++++++++++++++++++++++++++
ev#     8 GEB_TYPE_GT_MOD29      440Bytes TS=65927354465 curTS=65927354347 dTS= 118
ev#     8 GEB_TYPE_GT_MOD29      440Bytes TS=65927422871 curTS=65927354347 dTS= 68524
GEBGetEv returned st=0
we have read 5712 bytes; CurEvNo=9

+++++++++++++++++++++++++++++++
*start event # 9 with multiplicity 2 looks like this:
 0>  1, GEB_TYPE_DECOMP      , TS=65927354347
 1>  8, GEB_TYPE_GT_MOD29    , TS=65927354465
entered bin_mode2: 9/10
ptinp->pad= 0, (ptinp->pad&0x000000ff)= 0
good pad value
mode2 data:  0>  1, GEB_TYPE_DECOMP      , TS=65927354347
number of hits: 2
* 0/2, is GEB_TYPE_DECOMP: num=2
__detno: 103, module: 25, crystalNumber: 3
CCenergies[0]= 425.72
* 0:   27.18,   4.36,   1.29 --> GT:   14.53,  -7.28,  -9.51
* 1:   29.51,   0.51,  38.10 --> GT:   17.66,  -8.72, -10.89
updated CCadd with  425.72
total number of hits in array: 2
exit bin_mode2
entered bin_mode3 @ event number: 9 

bin_mode3:  1>  8, GEB_TYPE_GT_MOD29    , TS=65927354465, 0xf59939861; payload length: 440 bytes

---------
new GTheader at pos=0 or 0 words (8):
Event.hdr[ 0]=0x1f38,   7992
Event.hdr[ 1]=0x300a,  12298
Event.hdr[ 2]=0x9861,  39009
Event.hdr[ 3]=0x5993,  22931
Event.hdr[ 4]=0x000f,     15
Event.hdr[ 5]=0x8dc7,  36295
Event.hdr[ 6]=0x1ff9,   8185
Event.hdr[ 7]=0x0000,      0
Event.hdr[ 8]=0x59cd,  22989
Event.hdr[ 9]=0xde29,  56873
Event.hdr[10]=0x79fc,  31228
Event.hdr[11]=0xf9ac,  63916
Event.hdr[12]=0x32df,  13023
Event.hdr[13]=0x07f3,   2035
Event.len=  44, Event.traceLen=  12 (in Bytes)
Event.len=  22, Event.traceLen=   6 (in 16 bit words)
Event.len=  11, Event.traceLen=   3 (in 32 bit words)
next start: 0xaaaaaaaa, pos= 44
0x1f38 module_id = 31 crystal_id = 0 digitizer_id = 3 chan_id = 8 ge_id = 124 channel = 38  -> is segment
open superpulse_009_01_01.xy at Event.chan_id = 8
open CCpulse_009_01_01.xy at Event.chan_id = 8
ncrystal=1
wrote trace to CCpulse_009_01_01.xy
two's comp tempE  ::   16354759   16354759 0x00f98dc7 |0000|0000|1111|1001|1000|1101|1100|0111|
rawE              :: 4294544839    -422457 0xfff98dc7 |1111|1111|1111|1001|1000|1101|1100|0111|
rawE (sign change)::     422457     422457 0x00067239 |0000|0000|0000|0110|0111|0010|0011|1001|
Event.ehi=           13201 0x00003391
Event.ehi=1320 (gain changed)
Event.LEDts =          65927354465
Event.CFDts =         369374855180

---------
new GTheader at pos=44 or 22 words (30):
Event.hdr[ 0]=0x1f39,   7993
Event.hdr[ 1]=0x300a,  12298
Event.hdr[ 2]=0x9861,  39009
Event.hdr[ 3]=0x5993,  22931
Event.hdr[ 4]=0x000f,     15
Event.hdr[ 5]=0x03fb,   1019
Event.hdr[ 6]=0x0e00,   3584
Event.hdr[ 7]=0x0000,      0
Event.hdr[ 8]=0x59cd,  22989
Event.hdr[ 9]=0xf8ff,  63743
Event.hdr[10]=0x75ff,  30207
Event.hdr[11]=0xfff0,  65520
Event.hdr[12]=0xdaef,  56047
Event.hdr[13]=0x0037,     55
Event.len=  44, Event.traceLen=  12 (in Bytes)
Event.len=  22, Event.traceLen=   6 (in 16 bit words)
Event.len=  11, Event.traceLen=   3 (in 32 bit words)
next start: 0xaaaaaaaa, pos= 88
0x1f39 module_id = 31 crystal_id = 0 digitizer_id = 3 chan_id = 9 ge_id = 124 channel = 39  -> is CC
ncrystal=1
wrote trace to CCpulse_009_01_01.xy
two's comp tempE  ::       1019       1019 0x000003fb |0000|0000|0000|0000|0000|0011|1111|1011|
rawE              ::       1019       1019 0x000003fb |0000|0000|0000|0000|0000|0011|1111|1011|
rawE (sign change)::       1019       1019 0x000003fb |0000|0000|0000|0000|0000|0011|1111|1011|
Event.ehi=              31 0x0000001f
Event.ehi=3 (gain changed)
Event.LEDts =          65927354465
Event.CFDts =         223341838348

---------
new GTheader at pos=88 or 44 words (52):
Event.hdr[ 0]=0x1f30,   7984
Event.hdr[ 1]=0x300a,  12298
Event.hdr[ 2]=0x9861,  39009
Event.hdr[ 3]=0x5993,  22931
Event.hdr[ 4]=0x000f,     15
Event.hdr[ 5]=0xcee5,  52965
Event.hdr[ 6]=0x4e0a,  19978
Event.hdr[ 7]=0x0000,      0
Event.hdr[ 8]=0x59cd,  22989
Event.hdr[ 9]=0xcdde,  52702
Event.hdr[10]=0x100a,   4106
Event.hdr[11]=0x1586,   5510
Event.hdr[12]=0xbd2c,  48428
Event.hdr[13]=0x0030,     48
Event.len=  44, Event.traceLen=  12 (in Bytes)
Event.len=  22, Event.traceLen=   6 (in 16 bit words)
Event.len=  11, Event.traceLen=   3 (in 32 bit words)
next start: 0xaaaaaaaa, pos= 132
0x1f30 module_id = 31 crystal_id = 0 digitizer_id = 3 chan_id = 0 ge_id = 124 channel = 30  -> is segment
ncrystal=1
wrote trace to CCpulse_009_01_01.xy
two's comp tempE  ::     708325     708325 0x000acee5 |0000|0000|0000|1010|1100|1110|1110|0101|
rawE              ::     708325     708325 0x000acee5 |0000|0000|0000|1010|1100|1110|1110|0101|
rawE (sign change)::     708325     708325 0x000acee5 |0000|0000|0000|1010|1100|1110|1110|0101|
Event.ehi=           22135 0x00005677
Event.ehi=2213 (gain changed)
Event.LEDts =          65927354465
Event.CFDts =      266665703374860

---------
new GTheader at pos=132 or 66 words (74):
Event.hdr[ 0]=0x1f31,   7985
Event.hdr[ 1]=0x300a,  12298
Event.hdr[ 2]=0x9861,  39009
Event.hdr[ 3]=0x5993,  22931
Event.hdr[ 4]=0x000f,     15
Event.hdr[ 5]=0xa996,  43414
Event.hdr[ 6]=0x4e08,  19976
Event.hdr[ 7]=0x0000,      0
Event.hdr[ 8]=0x59cd,  22989
Event.hdr[ 9]=0xa667,  42599
Event.hdr[10]=0x7a08,  31240
Event.hdr[11]=0x11b4,   4532
Event.hdr[12]=0xbf2c,  48940
Event.hdr[13]=0x0023,     35
Event.len=  44, Event.traceLen=  12 (in Bytes)
Event.len=  22, Event.traceLen=   6 (in 16 bit words)
Event.len=  11, Event.traceLen=   3 (in 32 bit words)
next start: 0xaaaaaaaa, pos= 176
0x1f31 module_id = 31 crystal_id = 0 digitizer_id = 3 chan_id = 1 ge_id = 124 channel = 31  -> is segment
ncrystal=1
wrote trace to CCpulse_009_01_01.xy
two's comp tempE  ::     567702     567702 0x0008a996 |0000|0000|0000|1000|1010|1001|1001|0110|
rawE              ::     567702     567702 0x0008a996 |0000|0000|0000|1000|1010|1001|1001|0110|
rawE (sign change)::     567702     567702 0x0008a996 |0000|0000|0000|1000|1010|1001|1001|0110|
Event.ehi=           17740 0x0000454c
Event.ehi=1774 (gain changed)
Event.LEDts =          65927354465
Event.CFDts =      270741689860108

---------
new GTheader at pos=176 or 88 words (96):
Event.hdr[ 0]=0x1f32,   7986
Event.hdr[ 1]=0x300a,  12298
Event.hdr[ 2]=0x9861,  39009
Event.hdr[ 3]=0x5993,  22931
Event.hdr[ 4]=0x000f,     15
Event.hdr[ 5]=0xc050,  49232
Event.hdr[ 6]=0x0e00,   3584
Event.hdr[ 7]=0x0000,      0
Event.hdr[ 8]=0x59cd,  22989
Event.hdr[ 9]=0x52f4,  21236
Event.hdr[10]=0x5a00,  23040
Event.hdr[11]=0xffb7,  65463
Event.hdr[12]=0x73a3,  29603
Event.hdr[13]=0x07ff,   2047
Event.len=  44, Event.traceLen=  12 (in Bytes)
Event.len=  22, Event.traceLen=   6 (in 16 bit words)
Event.len=  11, Event.traceLen=   3 (in 32 bit words)
next start: 0xaaaaaaaa, pos= 220
0x1f32 module_id = 31 crystal_id = 0 digitizer_id = 3 chan_id = 2 ge_id = 124 channel = 32  -> is segment
ncrystal=1
wrote trace to CCpulse_009_01_01.xy
two's comp tempE  ::      49232      49232 0x0000c050 |0000|0000|0000|0000|1100|0000|0101|0000|
rawE              ::      49232      49232 0x0000c050 |0000|0000|0000|0000|1100|0000|0101|0000|
rawE (sign change)::      49232      49232 0x0000c050 |0000|0000|0000|0000|1100|0000|0101|0000|
Event.ehi=            1538 0x00000602
Event.ehi=153 (gain changed)
Event.LEDts =          65927354465
Event.CFDts =      281470681546764

---------
new GTheader at pos=220 or 110 words (118):
Event.hdr[ 0]=0x1f33,   7987
Event.hdr[ 1]=0x300a,  12298
Event.hdr[ 2]=0x9861,  39009
Event.hdr[ 3]=0x5993,  22931
Event.hdr[ 4]=0x000f,     15
Event.hdr[ 5]=0x1abb,   6843
Event.hdr[ 6]=0x4e0d,  19981
Event.hdr[ 7]=0x0000,      0
Event.hdr[ 8]=0x59cd,  22989
Event.hdr[ 9]=0x1a7e,   6782
Event.hdr[10]=0xb40d,  46093
Event.hdr[11]=0x18d4,   6356
Event.hdr[12]=0x3214,  12820
Event.hdr[13]=0x002b,     43
Event.len=  44, Event.traceLen=  12 (in Bytes)
Event.len=  22, Event.traceLen=   6 (in 16 bit words)
Event.len=  11, Event.traceLen=   3 (in 32 bit words)
next start: 0xaaaaaaaa, pos= 264
0x1f33 module_id = 31 crystal_id = 0 digitizer_id = 3 chan_id = 3 ge_id = 124 channel = 33  -> is segment
ncrystal=1
wrote trace to CCpulse_009_01_01.xy
two's comp tempE  ::     858811     858811 0x000d1abb |0000|0000|0000|1101|0001|1010|1011|1011|
rawE              ::     858811     858811 0x000d1abb |0000|0000|0000|1101|0001|1010|1011|1011|
rawE (sign change)::     858811     858811 0x000d1abb |0000|0000|0000|1101|0001|1010|1011|1011|
Event.ehi=           26837 0x000068d5
Event.ehi=2683 (gain changed)
Event.LEDts =          65927354465
Event.CFDts =      263564689866764

---------
new GTheader at pos=264 or 132 words (140):
Event.hdr[ 0]=0x1f34,   7988
Event.hdr[ 1]=0x300a,  12298
Event.hdr[ 2]=0x9861,  39009
Event.hdr[ 3]=0x5993,  22931
Event.hdr[ 4]=0x000f,     15
Event.hdr[ 5]=0x001b,     27
Event.hdr[ 6]=0x0e00,   3584
Event.hdr[ 7]=0x0000,      0
Event.hdr[ 8]=0x59cd,  22989
Event.hdr[ 9]=0xfff2,  65522
Event.hdr[10]=0xc5ff,  50687
Event.hdr[11]=0xffff,  65535
Event.hdr[12]=0xff7f,  65407
Event.hdr[13]=0x07ff,   2047
Event.len=  44, Event.traceLen=  12 (in Bytes)
Event.len=  22, Event.traceLen=   6 (in 16 bit words)
Event.len=  11, Event.traceLen=   3 (in 32 bit words)
next start: 0xaaaaaaaa, pos= 308
0x1f34 module_id = 31 crystal_id = 0 digitizer_id = 3 chan_id = 4 ge_id = 124 channel = 34  -> is segment
ncrystal=1
wrote trace to CCpulse_009_01_01.xy
two's comp tempE  ::         27         27 0x0000001b |0000|0000|0000|0000|0000|0000|0001|1011|
rawE              ::         27         27 0x0000001b |0000|0000|0000|0000|0000|0000|0001|1011|
rawE (sign change)::         27         27 0x0000001b |0000|0000|0000|0000|0000|0000|0001|1011|
Event.ehi=               0 0x00000000
Event.ehi=0 (gain changed)
Event.LEDts =          65927354465
Event.CFDts =         266291838988

---------
new GTheader at pos=308 or 154 words (162):
Event.hdr[ 0]=0x1f35,   7989
Event.hdr[ 1]=0x300a,  12298
Event.hdr[ 2]=0x9861,  39009
Event.hdr[ 3]=0x5993,  22931
Event.hdr[ 4]=0x000f,     15
Event.hdr[ 5]=0x4b89,  19337
Event.hdr[ 6]=0x4e09,  19977
Event.hdr[ 7]=0x0000,      0
Event.hdr[ 8]=0x59cd,  22989
Event.hdr[ 9]=0x49eb,  18923
Event.hdr[10]=0x6a09,  27145
Event.hdr[11]=0x125d,   4701
Event.hdr[12]=0x1720,   5920
Event.hdr[13]=0x0024,     36
Event.len=  44, Event.traceLen=  12 (in Bytes)
Event.len=  22, Event.traceLen=   6 (in 16 bit words)
Event.len=  11, Event.traceLen=   3 (in 32 bit words)
next start: 0xaaaaaaaa, pos= 352
0x1f35 module_id = 31 crystal_id = 0 digitizer_id = 3 chan_id = 5 ge_id = 124 channel = 35  -> is segment
ncrystal=1
wrote trace to CCpulse_009_01_01.xy
two's comp tempE  ::     609161     609161 0x00094b89 |0000|0000|0000|1001|0100|1011|1000|1001|
rawE              ::     609161     609161 0x00094b89 |0000|0000|0000|1001|0100|1011|1000|1001|
rawE (sign change)::     609161     609161 0x00094b89 |0000|0000|0000|1001|0100|1011|1000|1001|
Event.ehi=           19036 0x00004a5c
Event.ehi=1903 (gain changed)
Event.LEDts =          65927354465
Event.CFDts =      268619943510028

---------
new GTheader at pos=352 or 176 words (184):
Event.hdr[ 0]=0x1f36,   7990
Event.hdr[ 1]=0x300a,  12298
Event.hdr[ 2]=0x9861,  39009
Event.hdr[ 3]=0x5993,  22931
Event.hdr[ 4]=0x000f,     15
Event.hdr[ 5]=0xc4e4,  50404
Event.hdr[ 6]=0x0e04,   3588
Event.hdr[ 7]=0x0000,      0
Event.hdr[ 8]=0x59cd,  22989
Event.hdr[ 9]=0x94c3,  38083
Event.hdr[10]=0xa003,  40963
Event.hdr[11]=0x0431,   1073
Event.hdr[12]=0x1414,   5140
Event.hdr[13]=0x0000,      0
Event.len=  44, Event.traceLen=  12 (in Bytes)
Event.len=  22, Event.traceLen=   6 (in 16 bit words)
Event.len=  11, Event.traceLen=   3 (in 32 bit words)
next start: 0xaaaaaaaa, pos= 396
0x1f36 module_id = 31 crystal_id = 0 digitizer_id = 3 chan_id = 6 ge_id = 124 channel = 36  -> is segment
ncrystal=1
wrote trace to CCpulse_009_01_01.xy
two's comp tempE  ::     312548     312548 0x0004c4e4 |0000|0000|0000|0100|1100|0100|1110|0100|
rawE              ::     312548     312548 0x0004c4e4 |0000|0000|0000|0100|1100|0100|1110|0100|
rawE (sign change)::     312548     312548 0x0004c4e4 |0000|0000|0000|0100|1100|0100|1110|0100|
Event.ehi=            9767 0x00002627
Event.ehi=976 (gain changed)
Event.LEDts =          65927354465
Event.CFDts =      281410551283724

---------
new GTheader at pos=396 or 198 words (206):
Event.hdr[ 0]=0x1f37,   7991
Event.hdr[ 1]=0x300a,  12298
Event.hdr[ 2]=0x9861,  39009
Event.hdr[ 3]=0x5993,  22931
Event.hdr[ 4]=0x000f,     15
Event.hdr[ 5]=0xcae5,  51941
Event.hdr[ 6]=0x0e01,   3585
Event.hdr[ 7]=0x0000,      0
Event.hdr[ 8]=0x59cd,  22989
Event.hdr[ 9]=0x4ca0,  19616
Event.hdr[10]=0x7c01,  31745
Event.hdr[11]=0x014e,    334
Event.hdr[12]=0x8c8c,  35980
Event.hdr[13]=0x07ff,   2047
Event.len=  44, Event.traceLen=  12 (in Bytes)
Event.len=  22, Event.traceLen=   6 (in 16 bit words)
Event.len=  11, Event.traceLen=   3 (in 32 bit words)
0x1f37 module_id = 31 crystal_id = 0 digitizer_id = 3 chan_id = 7 ge_id = 124 channel = 37  -> is segment
ncrystal=1
wrote trace to CCpulse_009_01_01.xy
two's comp tempE  ::     117477     117477 0x0001cae5 |0000|0000|0000|0001|1100|1010|1110|0101|
rawE              ::     117477     117477 0x0001cae5 |0000|0000|0000|0001|1100|1010|1110|0101|
rawE (sign change)::     117477     117477 0x0001cae5 |0000|0000|0000|0001|1100|1010|1110|0101|
Event.ehi=            3671 0x00000e57
Event.ehi=367 (gain changed)
Event.LEDts =          65927354465
Event.CFDts =      281333240561676
exit bin_mode3
*end of event # 9
+++++++++++++++++++++++++++++++
ev#     9 GEB_TYPE_DECOMP        464Bytes TS=65927422933 curTS=65927422871 dTS= 62
ev#     9 GEB_TYPE_DECOMP        464Bytes TS=65927423013 curTS=65927422871 dTS= 142
ev#     9 GEB_TYPE_DECOMP        464Bytes TS=65927423067 curTS=65927422871 dTS= 196
GEBGetEv returned st=0
we have read 7152 bytes; CurEvNo=10

+++++++++++++++++++++++++++++++
*start event # 10 with multiplicity 3 looks like this:
 0>  8, GEB_TYPE_GT_MOD29    , TS=65927422871
 1>  1, GEB_TYPE_DECOMP      , TS=65927422933
 2>  1, GEB_TYPE_DECOMP      , TS=65927423013
entered bin_mode2: 10/10
ptinp->pad= 0, (ptinp->pad&0x000000ff)= 0
good pad value
mode2 data:  1>  1, GEB_TYPE_DECOMP      , TS=65927422933
number of hits: 1
* 1/3, is GEB_TYPE_DECOMP: num=1
__detno: 71, module: 17, crystalNumber: 3
CCenergies[0]= 262.46
* 0:    2.34, -30.05,  14.14 --> GT:  -12.49, -14.63,   5.98
ptinp->pad= 6, (ptinp->pad&0x000000ff)= 6
updated CCadd with  262.46
total number of hits in array: 1
exit bin_mode2
entered bin_mode3 @ event number: 10 

bin_mode3:  0>  8, GEB_TYPE_GT_MOD29    , TS=65927422871, 0xf5994a397; payload length: 440 bytes

---------
new GTheader at pos=0 or 0 words (8):
Event.hdr[ 0]=0x1f32,   7986
Event.hdr[ 1]=0x300a,  12298
Event.hdr[ 2]=0xa397,  41879
Event.hdr[ 3]=0x5994,  22932
Event.hdr[ 4]=0x000f,     15
Event.hdr[ 5]=0x0b25,   2853
Event.hdr[ 6]=0x0e00,   3584
Event.hdr[ 7]=0x0000,      0
Event.hdr[ 8]=0x0000,      0
Event.hdr[ 9]=0x0aa2,   2722
Event.hdr[10]=0xe800,  59392
Event.hdr[11]=0x00a5,    165
Event.hdr[12]=0x6eb4,  28340
Event.hdr[13]=0x07ff,   2047
Event.len=  44, Event.traceLen=  12 (in Bytes)
Event.len=  22, Event.traceLen=   6 (in 16 bit words)
Event.len=  11, Event.traceLen=   3 (in 32 bit words)
next start: 0xaaaaaaaa, pos= 44
0x1f32 module_id = 31 crystal_id = 0 digitizer_id = 3 chan_id = 2 ge_id = 124 channel = 32  -> is segment
open superpulse_010_00_01.xy at Event.chan_id = 2
open CCpulse_010_00_01.xy at Event.chan_id = 2
ncrystal=1
wrote trace to CCpulse_010_00_01.xy
two's comp tempE  ::       2853       2853 0x00000b25 |0000|0000|0000|0000|0000|1011|0010|0101|
rawE              ::       2853       2853 0x00000b25 |0000|0000|0000|0000|0000|1011|0010|0101|
rawE (sign change)::       2853       2853 0x00000b25 |0000|0000|0000|0000|0000|1011|0010|0101|
Event.ehi=              89 0x00000059
Event.ehi=8 (gain changed)
Event.LEDts =          65927422871
Event.CFDts =      281311765463052

---------
new GTheader at pos=44 or 22 words (30):
Event.hdr[ 0]=0x1f33,   7987
Event.hdr[ 1]=0x300a,  12298
Event.hdr[ 2]=0xa397,  41879
Event.hdr[ 3]=0x5994,  22932
Event.hdr[ 4]=0x000f,     15
Event.hdr[ 5]=0x05cd,   1485
Event.hdr[ 6]=0x0e00,   3584
Event.hdr[ 7]=0x0000,      0
Event.hdr[ 8]=0x0000,      0
Event.hdr[ 9]=0x0235,    565
Event.hdr[10]=0xfc00,  64512
Event.hdr[11]=0x1a34,   6708
Event.hdr[12]=0xa968,  43368
Event.hdr[13]=0x0031,     49
Event.len=  44, Event.traceLen=  12 (in Bytes)
Event.len=  22, Event.traceLen=   6 (in 16 bit words)
Event.len=  11, Event.traceLen=   3 (in 32 bit words)
next start: 0xaaaaaaaa, pos= 88
0x1f33 module_id = 31 crystal_id = 0 digitizer_id = 3 chan_id = 3 ge_id = 124 channel = 33  -> is segment
ncrystal=1
wrote trace to CCpulse_010_00_01.xy
two's comp tempE  ::       1485       1485 0x000005cd |0000|0000|0000|0000|0000|0101|1100|1101|
rawE              ::       1485       1485 0x000005cd |0000|0000|0000|0000|0000|0101|1100|1101|
rawE (sign change)::       1485       1485 0x000005cd |0000|0000|0000|0000|0000|0101|1100|1101|
Event.ehi=              46 0x0000002e
Event.ehi=4 (gain changed)
Event.LEDts =          65927422871
Event.CFDts =      281470681808908

---------
new GTheader at pos=88 or 44 words (52):
Event.hdr[ 0]=0x1f34,   7988
Event.hdr[ 1]=0x300a,  12298
Event.hdr[ 2]=0xa397,  41879
Event.hdr[ 3]=0x5994,  22932
Event.hdr[ 4]=0x000f,     15
Event.hdr[ 5]=0x0020,     32
Event.hdr[ 6]=0x0e00,   3584
Event.hdr[ 7]=0x0000,      0
Event.hdr[ 8]=0x0000,      0
Event.hdr[ 9]=0xffe7,  65511
Event.hdr[10]=0xe5ff,  58879
Event.hdr[11]=0xffff,  65535
Event.hdr[12]=0xff8b,  65419
Event.hdr[13]=0x07ff,   2047
Event.len=  44, Event.traceLen=  12 (in Bytes)
Event.len=  22, Event.traceLen=   6 (in 16 bit words)
Event.len=  11, Event.traceLen=   3 (in 32 bit words)
next start: 0xaaaaaaaa, pos= 132
0x1f34 module_id = 31 crystal_id = 0 digitizer_id = 3 chan_id = 4 ge_id = 124 channel = 34  -> is segment
ncrystal=1
wrote trace to CCpulse_010_00_01.xy
two's comp tempE  ::         32         32 0x00000020 |0000|0000|0000|0000|0000|0000|0010|0000|
rawE              ::         32         32 0x00000020 |0000|0000|0000|0000|0000|0000|0010|0000|
rawE (sign change)::         32         32 0x00000020 |0000|0000|0000|0000|0000|0000|0010|0000|
Event.ehi=               1 0x00000001
Event.ehi=0 (gain changed)
Event.LEDts =          65927422871
Event.CFDts =         253407068172

---------
new GTheader at pos=132 or 66 words (74):
Event.hdr[ 0]=0x1f35,   7989
Event.hdr[ 1]=0x300a,  12298
Event.hdr[ 2]=0xa397,  41879
Event.hdr[ 3]=0x5994,  22932
Event.hdr[ 4]=0x000f,     15
Event.hdr[ 5]=0x00d5,    213
Event.hdr[ 6]=0x0e00,   3584
Event.hdr[ 7]=0x0000,      0
Event.hdr[ 8]=0x0000,      0
Event.hdr[ 9]=0x0099,    153
Event.hdr[10]=0xd600,  54784
Event.hdr[11]=0x1293,   4755
Event.hdr[12]=0xbad4,  47828
Event.hdr[13]=0x0024,     36
Event.len=  44, Event.traceLen=  12 (in Bytes)
Event.len=  22, Event.traceLen=   6 (in 16 bit words)
Event.len=  11, Event.traceLen=   3 (in 32 bit words)
next start: 0xaaaaaaaa, pos= 176
0x1f35 module_id = 31 crystal_id = 0 digitizer_id = 3 chan_id = 5 ge_id = 124 channel = 35  -> is segment
ncrystal=1
wrote trace to CCpulse_010_00_01.xy
two's comp tempE  ::        213        213 0x000000d5 |0000|0000|0000|0000|0000|0000|1101|0101|
rawE              ::        213        213 0x000000d5 |0000|0000|0000|0000|0000|0000|1101|0101|
rawE (sign change)::        213        213 0x000000d5 |0000|0000|0000|0000|0000|0000|1101|0101|
Event.ehi=               6 0x00000006
Event.ehi=0 (gain changed)
Event.LEDts =          65927422871
Event.CFDts =      281277405134860

---------
new GTheader at pos=176 or 88 words (96):
Event.hdr[ 0]=0x1f36,   7990
Event.hdr[ 1]=0x300a,  12298
Event.hdr[ 2]=0xa397,  41879
Event.hdr[ 3]=0x5994,  22932
Event.hdr[ 4]=0x000f,     15
Event.hdr[ 5]=0x0a40,   2624
Event.hdr[ 6]=0x0e00,   3584
Event.hdr[ 7]=0x0000,      0
Event.hdr[ 8]=0x0000,      0
Event.hdr[ 9]=0x0954,   2388
Event.hdr[10]=0x8600,  34304
Event.hdr[11]=0x0729,   1833
Event.hdr[12]=0x6340,  25408
Event.hdr[13]=0x0008,      8
Event.len=  44, Event.traceLen=  12 (in Bytes)
Event.len=  22, Event.traceLen=   6 (in 16 bit words)
Event.len=  11, Event.traceLen=   3 (in 32 bit words)
next start: 0xaaaaaaaa, pos= 220
0x1f36 module_id = 31 crystal_id = 0 digitizer_id = 3 chan_id = 6 ge_id = 124 channel = 36  -> is segment
ncrystal=1
wrote trace to CCpulse_010_00_01.xy
two's comp tempE  ::       2624       2624 0x00000a40 |0000|0000|0000|0000|0000|1010|0100|0000|
rawE              ::       2624       2624 0x00000a40 |0000|0000|0000|0000|0000|1010|0100|0000|
rawE (sign change)::       2624       2624 0x00000a40 |0000|0000|0000|0000|0000|1010|0100|0000|
Event.ehi=              82 0x00000052
Event.ehi=8 (gain changed)
Event.LEDts =          65927422871
Event.CFDts =      281350420889612

---------
new GTheader at pos=220 or 110 words (118):
Event.hdr[ 0]=0x1f37,   7991
Event.hdr[ 1]=0x300a,  12298
Event.hdr[ 2]=0xa397,  41879
Event.hdr[ 3]=0x5994,  22932
Event.hdr[ 4]=0x000f,     15
Event.hdr[ 5]=0x1dc9,   7625
Event.hdr[ 6]=0x0e00,   3584
Event.hdr[ 7]=0x0000,      0
Event.hdr[ 8]=0x0000,      0
Event.hdr[ 9]=0xfa2f,  64047
Event.hdr[10]=0x41ff,  16895
Event.hdr[11]=0x0299,    665
Event.hdr[12]=0x9cf8,  40184
Event.hdr[13]=0x0002,      2
Event.len=  44, Event.traceLen=  12 (in Bytes)
Event.len=  22, Event.traceLen=   6 (in 16 bit words)
Event.len=  11, Event.traceLen=   3 (in 32 bit words)
next start: 0xaaaaaaaa, pos= 264
0x1f37 module_id = 31 crystal_id = 0 digitizer_id = 3 chan_id = 7 ge_id = 124 channel = 37  -> is segment
ncrystal=1
wrote trace to CCpulse_010_00_01.xy
two's comp tempE  ::       7625       7625 0x00001dc9 |0000|0000|0000|0000|0001|1101|1100|1001|
rawE              ::       7625       7625 0x00001dc9 |0000|0000|0000|0000|0001|1101|1100|1001|
rawE (sign change)::       7625       7625 0x00001dc9 |0000|0000|0000|0000|0001|1101|1100|1001|
Event.ehi=             238 0x000000ee
Event.ehi=23 (gain changed)
Event.LEDts =          65927422871
Event.CFDts =           4294967308

---------
new GTheader at pos=264 or 132 words (140):
Event.hdr[ 0]=0x1f38,   7992
Event.hdr[ 1]=0x300a,  12298
Event.hdr[ 2]=0xa397,  41879
Event.hdr[ 3]=0x5994,  22932
Event.hdr[ 4]=0x000f,     15
Event.hdr[ 5]=0x8e6e,  36462
Event.hdr[ 6]=0x1ff9,   8185
Event.hdr[ 7]=0x0000,      0
Event.hdr[ 8]=0x0000,      0
Event.hdr[ 9]=0xc44b,  50251
Event.hdr[10]=0x53fc,  21500
Event.hdr[11]=0xf9bc,  63932
Event.hdr[12]=0x58f3,  22771
Event.hdr[13]=0x07f3,   2035
Event.len=  44, Event.traceLen=  12 (in Bytes)
Event.len=  22, Event.traceLen=   6 (in 16 bit words)
Event.len=  11, Event.traceLen=   3 (in 32 bit words)
next start: 0xaaaaaaaa, pos= 308
0x1f38 module_id = 31 crystal_id = 0 digitizer_id = 3 chan_id = 8 ge_id = 124 channel = 38  -> is segment
ncrystal=1
wrote trace to CCpulse_010_00_01.xy
two's comp tempE  ::   16354926   16354926 0x00f98e6e |0000|0000|1111|1001|1000|1110|0110|1110|
rawE              :: 4294545006    -422290 0xfff98e6e |1111|1111|1111|1001|1000|1110|0110|1110|
rawE (sign change)::     422290     422290 0x00067192 |0000|0000|0000|0110|0111|0001|1001|0010|
Event.ehi=           13196 0x0000338c
Event.ehi=1319 (gain changed)
Event.LEDts =          65927422871
Event.CFDts =         493931331596

---------
new GTheader at pos=308 or 154 words (162):
Event.hdr[ 0]=0x1f39,   7993
Event.hdr[ 1]=0x300a,  12298
Event.hdr[ 2]=0xa397,  41879
Event.hdr[ 3]=0x5994,  22932
Event.hdr[ 4]=0x000f,     15
Event.hdr[ 5]=0x0545,   1349
Event.hdr[ 6]=0x0e00,   3584
Event.hdr[ 7]=0x0000,      0
Event.hdr[ 8]=0x0000,      0
Event.hdr[ 9]=0xff44,  65348
Event.hdr[10]=0xffff,  65535
Event.hdr[11]=0xfff1,  65521
Event.hdr[12]=0xe0eb,  57579
Event.hdr[13]=0x07ff,   2047
Event.len=  44, Event.traceLen=  12 (in Bytes)
Event.len=  22, Event.traceLen=   6 (in 16 bit words)
Event.len=  11, Event.traceLen=   3 (in 32 bit words)
next start: 0xaaaaaaaa, pos= 352
0x1f39 module_id = 31 crystal_id = 0 digitizer_id = 3 chan_id = 9 ge_id = 124 channel = 39  -> is CC
ncrystal=1
wrote trace to CCpulse_010_00_01.xy
two's comp tempE  ::       1349       1349 0x00000545 |0000|0000|0000|0000|0000|0101|0100|0101|
rawE              ::       1349       1349 0x00000545 |0000|0000|0000|0000|0000|0101|0100|0101|
rawE (sign change)::       1349       1349 0x00000545 |0000|0000|0000|0000|0000|0101|0100|0101|
Event.ehi=              42 0x0000002a
Event.ehi=4 (gain changed)
Event.LEDts =          65927422871
Event.CFDts =         266291904524

---------
new GTheader at pos=352 or 176 words (184):
Event.hdr[ 0]=0x1f30,   7984
Event.hdr[ 1]=0x300a,  12298
Event.hdr[ 2]=0xa397,  41879
Event.hdr[ 3]=0x5994,  22932
Event.hdr[ 4]=0x000f,     15
Event.hdr[ 5]=0x01b1,    433
Event.hdr[ 6]=0x0e00,   3584
Event.hdr[ 7]=0x0000,      0
Event.hdr[ 8]=0x0000,      0
Event.hdr[ 9]=0x010a,    266
Event.hdr[10]=0xbc00,  48128
Event.hdr[11]=0x159b,   5531
Event.hdr[12]=0x0c20,   3104
Event.hdr[13]=0x002b,     43
Event.len=  44, Event.traceLen=  12 (in Bytes)
Event.len=  22, Event.traceLen=   6 (in 16 bit words)
Event.len=  11, Event.traceLen=   3 (in 32 bit words)
next start: 0xaaaaaaaa, pos= 396
0x1f30 module_id = 31 crystal_id = 0 digitizer_id = 3 chan_id = 0 ge_id = 124 channel = 30  -> is segment
ncrystal=1
wrote trace to CCpulse_010_00_01.xy
two's comp tempE  ::        433        433 0x000001b1 |0000|0000|0000|0000|0000|0001|1011|0001|
rawE              ::        433        433 0x000001b1 |0000|0000|0000|0000|0000|0001|1011|0001|
rawE (sign change)::        433        433 0x000001b1 |0000|0000|0000|0000|0000|0001|1011|0001|
Event.ehi=              13 0x0000000d
Event.ehi=1 (gain changed)
Event.LEDts =          65927422871
Event.CFDts =      281359010758668

---------
new GTheader at pos=396 or 198 words (206):
Event.hdr[ 0]=0x1f31,   7985
Event.hdr[ 1]=0x300a,  12298
Event.hdr[ 2]=0xa397,  41879
Event.hdr[ 3]=0x5994,  22932
Event.hdr[ 4]=0x000f,     15
Event.hdr[ 5]=0x055b,   1371
Event.hdr[ 6]=0x0e00,   3584
Event.hdr[ 7]=0x0000,      0
Event.hdr[ 8]=0x0000,      0
Event.hdr[ 9]=0x005a,     90
Event.hdr[10]=0xce00,  52736
Event.hdr[11]=0x114c,   4428
Event.hdr[12]=0x68f4,  26868
Event.hdr[13]=0x0023,     35
Event.len=  44, Event.traceLen=  12 (in Bytes)
Event.len=  22, Event.traceLen=   6 (in 16 bit words)
Event.len=  11, Event.traceLen=   3 (in 32 bit words)
0x1f31 module_id = 31 crystal_id = 0 digitizer_id = 3 chan_id = 1 ge_id = 124 channel = 31  -> is segment
ncrystal=1
wrote trace to CCpulse_010_00_01.xy
two's comp tempE  ::       1371       1371 0x0000055b |0000|0000|0000|0000|0000|0101|0101|1011|
rawE              ::       1371       1371 0x0000055b |0000|0000|0000|0000|0000|0101|0101|1011|
rawE (sign change)::       1371       1371 0x0000055b |0000|0000|0000|0000|0000|0101|0101|1011|
Event.ehi=              42 0x0000002a
Event.ehi=4 (gain changed)
Event.LEDts =          65927422871
Event.CFDts =      281247339905036
exit bin_mode3
*end of event # 10
+++++++++++++++++++++++++++++++
ev#    10 GEB_TYPE_DECOMP        464Bytes TS=65927427095 curTS=65927423067 dTS= 4028
ev# 50000 GEB_TYPE_DECOMP        464Bytes TS=66425148891 curTS=66425148889 dTS= 2
ev# 50000 GEB_TYPE_DECOMP        464Bytes TS=66425148893 curTS=66425148889 dTS= 4
ev# 50000 GEB_TYPE_DECOMP        464Bytes TS=66425148895 curTS=66425148889 dTS= 6
ev# 50000 GEB_TYPE_DECOMP        464Bytes TS=66425148895 curTS=66425148889 dTS= 6
ev# 50000 GEB_TYPE_GT_MOD29      440Bytes TS=66425149159 curTS=66425148889 dTS= 270
ev# 100000 GEB_TYPE_DECOMP        464Bytes TS=66919603069 curTS=66919602945 dTS= 124
ev# 100000 GEB_TYPE_DECOMP        464Bytes TS=66919603081 curTS=66919602945 dTS= 136
ev# 100000 GEB_TYPE_DECOMP        464Bytes TS=66919657329 curTS=66919602945 dTS= 54384
ev# 150000 GEB_TYPE_GT_MOD29      440Bytes TS=67404644205 curTS=67404612657 dTS= 31548
ev# 200000 GEB_TYPE_DECOMP        464Bytes TS=67900466941 curTS=67900465313 dTS= 1628
ev# 250000 GEB_TYPE_DECOMP        464Bytes TS=68391087403 curTS=68391087197 dTS= 206
ev# 300000 GEB_TYPE_DECOMP        464Bytes TS=68881546979 curTS=68881546721 dTS= 258
ev# 350000 GEB_TYPE_DECOMP        464Bytes TS=69372197617 curTS=69372166861 dTS= 30756
ev# 400000 GEB_TYPE_DECOMP        464Bytes TS=69851204771 curTS=69851204661 dTS= 110
ev# 400000 GEB_TYPE_GT_MOD29      440Bytes TS=69851205385 curTS=69851204661 dTS= 724
batflag:: TS<Pars.curTS, reset it at event # 431401
TS=70119384687, Pars.curTS=70156668079, DT=-37283392
new Pars.curTS=70119384687
we have read 415219832 bytes so far
failed to read 16 bytes for header, got 0
 GEBGetEv returned 1
we have read 417243000 bytes; CurEvNo=434175

Sorting is done
attempting to save root or map file



mean observed polar and azimuth angles
for the detectors we saw (module,crystal)

------------------------------------------
mean pol/azi angle for detector  56 are   96.75/ 119.54
mean pol/azi angle for detector  57 are  100.37/ 138.32
mean pol/azi angle for detector  58 are   83.39/ 132.68
mean pol/azi angle for detector  59 are   79.54/ 113.95
mean pol/azi angle for detector  60 are   87.39/ 152.62
mean pol/azi angle for detector  61 are  105.22/ 157.69
mean pol/azi angle for detector  62 are   93.15/ 168.10
mean pol/azi angle for detector  63 are   73.83/ 165.98
mean pol/azi angle for detector  68 are   87.18/-135.00
mean pol/azi angle for detector  69 are  105.23/-130.00
mean pol/azi angle for detector  70 are   92.91/-116.87
mean pol/azi angle for detector  71 are   74.17/-121.81
mean pol/azi angle for detector  76 are   87.42/ -63.19
mean pol/azi angle for detector  77 are  105.27/ -58.10
mean pol/azi angle for detector  78 are   93.05/ -44.98
mean pol/azi angle for detector  79 are   74.20/ -49.87
mean pol/azi angle for detector  84 are  112.25/  33.55
mean pol/azi angle for detector  85 are  124.70/  18.48
mean pol/azi angle for detector  86 are  130.68/  39.23
mean pol/azi angle for detector  87 are  115.93/  52.92
mean pol/azi angle for detector  88 are  112.41/ 105.47
mean pol/azi angle for detector  89 are  124.95/  89.33
mean pol/azi angle for detector  90 are  130.73/ 111.10
mean pol/azi angle for detector  91 are  115.76/ 124.97
mean pol/azi angle for detector  96 are  112.57/-110.58
mean pol/azi angle for detector  97 are  124.80/-126.63
mean pol/azi angle for detector  98 are  130.83/-105.01
mean pol/azi angle for detector  99 are  115.88/ -91.05
mean pol/azi angle for detector 100 are  112.36/ -38.55
mean pol/azi angle for detector 101 are  124.77/ -55.03
mean pol/azi angle for detector 102 are  130.65/ -32.91
mean pol/azi angle for detector 103 are  115.79/ -19.10
mean pol/azi angle for detector 104 are  144.41/  88.14
mean pol/azi angle for detector 105 are  132.75/  65.95
mean pol/azi angle for detector 106 are  148.87/  53.82
mean pol/azi angle for detector 107 are  162.33/  88.32
mean pol/azi angle for detector 108 are  144.75/ 160.13
mean pol/azi angle for detector 109 are  132.75/ 137.96
mean pol/azi angle for detector 110 are  149.57/ 125.45
mean pol/azi angle for detector 111 are  162.33/ 109.65
mean pol/azi angle for detector 116 are  144.35/ -55.92
mean pol/azi angle for detector 117 are  132.51/ -78.34
mean pol/azi angle for detector 118 are  148.99/ -90.42
mean pol/azi angle for detector 119 are  162.40/ -56.32
we found 44 crystals
------------------------------------------

minimum pol angle between crystals is  18.65
compactness =  64.39%, 85 of 264
module hit statistics
module  14, crystal 0 was hit      39089 times
module  14, crystal 1 was hit      43297 times
module  14, crystal 2 was hit      41378 times
module  14, crystal 3 was hit      36581 times
module  15, crystal 0 was hit      41237 times
module  15, crystal 1 was hit      38805 times
module  15, crystal 2 was hit      34738 times
module  15, crystal 3 was hit      37993 times
module  17, crystal 0 was hit      31255 times
module  17, crystal 1 was hit      31043 times
module  17, crystal 2 was hit      31341 times
module  17, crystal 3 was hit      31814 times
module  19, crystal 0 was hit      29470 times
module  19, crystal 1 was hit      30661 times
module  19, crystal 2 was hit      37193 times
module  19, crystal 3 was hit      34893 times
module  21, crystal 0 was hit      36207 times
module  21, crystal 1 was hit        102 times
module  21, crystal 2 was hit      37233 times
module  21, crystal 3 was hit      36423 times
module  22, crystal 0 was hit      38602 times
module  22, crystal 1 was hit      35728 times
module  22, crystal 2 was hit      40394 times
module  22, crystal 3 was hit      37948 times
module  24, crystal 0 was hit      32385 times
module  24, crystal 1 was hit      31742 times
module  24, crystal 2 was hit      33563 times
module  24, crystal 3 was hit      30015 times
module  25, crystal 0 was hit      30817 times
module  25, crystal 1 was hit      32662 times
module  25, crystal 2 was hit      31660 times
module  25, crystal 3 was hit      30963 times
module  26, crystal 0 was hit      35907 times
module  26, crystal 1 was hit      35918 times
module  26, crystal 2 was hit      34771 times
module  26, crystal 3 was hit      33113 times
module  27, crystal 0 was hit      37590 times
module  27, crystal 1 was hit      36704 times
module  27, crystal 2 was hit      37433 times
module  27, crystal 3 was hit      34246 times
module  29, crystal 0 was hit      30544 times
module  29, crystal 1 was hit      30800 times
module  29, crystal 2 was hit      33395 times
module  29, crystal 3 was hit      30153 times

bin_mode2: pad distribution
__id   0,       647153, 93.27%
__id   2,           81,  0.01%
__id   3,          200,  0.03%
__id   4,          225,  0.03%
__id   5,         1400,  0.20%
__id   6,         4328,  0.62%
__id 128,        40414,  5.82%
__id 133,           68,  0.01%

bin_mode2 calculated mean CCsum energy to be  765.027 keV
bin_mode2 calculated mean CCadd energy to be 1155.815 keV
attempting to close root file...
Pars.f1->Write();
Pars.f1->Print();
TFile: name=/lcrc/project/HELIOS/gretinafma/root_data/run211.root, title=, option=CREATE
TH1.Print Name  = dtbtev, Entries= 879530, Total sum= 879530
TH1.Print Name  = T0, Entries= 0, Total sum= 0
TH1.Print Name  = hitpat, Entries= 647153, Total sum= 647153
TH1.Print Name  = numHitArray2, Entries= 434175, Total sum= 322287
TH1.Print Name  = CCmult, Entries= 434175, Total sum= 434175
TH1.Print Name  = CCsum, Entries= 1497717, Total sum= 647137
TH1.Print Name  = hit2, Entries= 73312, Total sum= 73217
TH1.Print Name  = hit3, Entries= 39459, Total sum= 39183
TH1.Print Name  = hit4, Entries= 21782, Total sum= 21242
TH1.Print Name  = CCsum_nodop, Entries= 1497717, Total sum= 647136
TH1.Print Name  = CCadd, Entries= 434175, Total sum= 318498
TH1.Print Name  = SEGadd_FPGA, Entries= 86835000, Total sum= 646843
TH1.Print Name  = SEGadd_PSA, Entries= 86835000, Total sum= 643461
TH1.Print Name  = SEGsum_FPGA, Entries= 1006081, Total sum= 1.00586e+06
TH1.Print Name  = SEGsum_PSA, Entries= 1497806, Total sum= 1.48552e+06
TH1.Print Name  = radius_all, Entries= 1497805, Total sum= 1.4978e+06
TH1.Print Name  = rate_mode2_min, Entries= 647152, Total sum= 10785.9
TH1.Print Name  = rate_mode2_sec, Entries= 647152, Total sum= 647152
TH1.Print Name  = rate_mode2_intp, Entries= 647152, Total sum= 24963.4
TH1.Print Name  = cdtbtev, Entries= 195774, Total sum= 195774
TH1.Print Name  = evsr_all, Entries= 1497805, Total sum= 1.46209e+06
TH1.Print Name  = SMAP_allhits, Entries= 1497806, Total sum= 1.49781e+06
TH1.Print Name  = SMAP_allhits_sq, Entries= 1497806, Total sum= 1.49781e+06
TH1.Print Name  = seghitpat, Entries= 1497806, Total sum= 1.49781e+06
TH1.Print Name  = CCe, Entries= 1497717, Total sum= 647137
TH1.Print Name  = ggCC, Entries= 1310224, Total sum= 1.14536e+06
TH1.Print Name  = z_plot, Entries= 1497806, Total sum= 1.4964e+06
TH1.Print Name  = crystal_hit, Entries= 0, Total sum= 0
TH1.Print Name  = SegE, Entries= 1497470, Total sum= 1.49747e+06
TH1.Print Name  = crXcr, Entries= 655112, Total sum= 655112
******************************************************************************
*Tree    :tree      : tree                                                   *
*Entries :    32048 : Total =        12269668 bytes  File  Size =    5724135 *
*        :          : Tree compression factor =   2.14                       *
******************************************************************************
*Br    0 :runNumber : runNumber/I                                            *
*Entries :    32048 : Total  Size=     129097 bytes  File Size  =       1170 *
*Baskets :        5 : Basket Size=      32000 bytes  Compression= 109.89     *
*............................................................................*
*Br    1 :numHits   : numHits/I                                              *
*Entries :    32048 : Total  Size=     129079 bytes  File Size  =       1160 *
*Baskets :        5 : Basket Size=      32000 bytes  Compression= 110.83     *
*............................................................................*
*Br    2 :left      : left[numHits]/F                                        *
*Entries :    32048 : Total  Size=     258127 bytes  File Size  =     113886 *
*Baskets :       13 : Basket Size=      32000 bytes  Compression=   2.26     *
*............................................................................*
*Br    3 :right     : right[numHits]/F                                       *
*Entries :    32048 : Total  Size=     258144 bytes  File Size  =     113649 *
*Baskets :       13 : Basket Size=      32000 bytes  Compression=   2.27     *
*............................................................................*
*Br    4 :up        : up[numHits]/F                                          *
*Entries :    32048 : Total  Size=     258093 bytes  File Size  =     114031 *
*Baskets :       13 : Basket Size=      32000 bytes  Compression=   2.26     *
*............................................................................*
*Br    5 :down      : down[numHits]/F                                        *
*Entries :    32048 : Total  Size=     258127 bytes  File Size  =     114711 *
*Baskets :       13 : Basket Size=      32000 bytes  Compression=   2.24     *
*............................................................................*
*Br    6 :e1        : e1[numHits]/F                                          *
*Entries :    32048 : Total  Size=     258093 bytes  File Size  =     117898 *
*Baskets :       13 : Basket Size=      32000 bytes  Compression=   2.18     *
*............................................................................*
*Br    7 :e2        : e2[numHits]/F                                          *
*Entries :    32048 : Total  Size=     258093 bytes  File Size  =     115898 *
*Baskets :       13 : Basket Size=      32000 bytes  Compression=   2.22     *
*............................................................................*
*Br    8 :e3        : e3[numHits]/F                                          *
*Entries :    32048 : Total  Size=     258093 bytes  File Size  =     113520 *
*Baskets :       13 : Basket Size=      32000 bytes  Compression=   2.27     *
*............................................................................*
*Br    9 :tac       : tac[numHits]/F                                         *
*Entries :    32048 : Total  Size=     258110 bytes  File Size  =      98971 *
*Baskets :       13 : Basket Size=      32000 bytes  Compression=   2.60     *
*............................................................................*
*Br   10 :fmaDeltaTime : fmaDeltaTime[numHits]/F                             *
*Entries :    32048 : Total  Size=     258263 bytes  File Size  =     149412 *
*Baskets :       13 : Basket Size=      32000 bytes  Compression=   1.72     *
*............................................................................*
*Br   11 :fmaMult   : fmaMult[10]/I                                          *
*Entries :    32048 : Total  Size=    1286263 bytes  File Size  =      19704 *
*Baskets :       41 : Basket Size=      32000 bytes  Compression=  65.21     *
*............................................................................*
*Br   12 :gammaMult : gammaMult/I                                            *
*Entries :    32048 : Total  Size=     129097 bytes  File Size  =      21832 *
*Baskets :        5 : Basket Size=      32000 bytes  Compression=   5.89     *
*............................................................................*
*Br   13 :gammaEnergy : gammaEnergy[gammaMult]/F                             *
*Entries :    32048 : Total  Size=     432200 bytes  File Size  =     330381 *
*Baskets :       18 : Basket Size=      32000 bytes  Compression=   1.31     *
*............................................................................*
*Br   14 :gammaTimestamp : gammaTimestamp[gammaMult]/F                       *
*Entries :    32048 : Total  Size=     432266 bytes  File Size  =     175212 *
*Baskets :       18 : Basket Size=      32000 bytes  Compression=   2.46     *
*............................................................................*
*Br   15 :deltaTime : deltaTime[gammaMult]/F                                 *
*Entries :    32048 : Total  Size=     432156 bytes  File Size  =     164089 *
*Baskets :       18 : Basket Size=      32000 bytes  Compression=   2.63     *
*............................................................................*
*Br   16 :gebMult   : gebMult/I                                              *
*Entries :    32048 : Total  Size=     129079 bytes  File Size  =      22251 *
*Baskets :        5 : Basket Size=      32000 bytes  Compression=   5.78     *
*............................................................................*
*Br   17 :crysType  : crysType[gebMult]/I                                    *
*Entries :    32048 : Total  Size=     444215 bytes  File Size  =      73849 *
*Baskets :       18 : Basket Size=      32000 bytes  Compression=   6.00     *
*............................................................................*
*Br   18 :crysId    : crysId[gebMult]/I                                      *
*Entries :    32048 : Total  Size=     444171 bytes  File Size  =     174192 *
*Baskets :       18 : Basket Size=      32000 bytes  Compression=   2.55     *
*............................................................................*
*Br   19 :crysNum   : crysNum[gebMult]/I                                     *
*Entries :    32048 : Total  Size=     444193 bytes  File Size  =     130128 *
*Baskets :       18 : Basket Size=      32000 bytes  Compression=   3.41     *
*............................................................................*
*Br   20 :crysTot_e : crysTot_e[gebMult]/F                                   *
*Entries :    32048 : Total  Size=     444244 bytes  File Size  =     331280 *
*Baskets :       18 : Basket Size=      32000 bytes  Compression=   1.34     *
*............................................................................*
*Br   21 :crysPolAngle : crysPolAngle[gebMult]/F                             *
*Entries :    32048 : Total  Size=     444310 bytes  File Size  =     161261 *
*Baskets :       18 : Basket Size=      32000 bytes  Compression=   2.75     *
*............................................................................*
*Br   22 :intMaxX   : intMaxX[gebMult]/F                                     *
*Entries :    32048 : Total  Size=     444200 bytes  File Size  =     334599 *
*Baskets :       18 : Basket Size=      32000 bytes  Compression=   1.33     *
*............................................................................*
*Br   23 :intMaxY   : intMaxY[gebMult]/F                                     *
*Entries :    32048 : Total  Size=     444200 bytes  File Size  =     330896 *
*Baskets :       18 : Basket Size=      32000 bytes  Compression=   1.34     *
*............................................................................*
*Br   24 :intMaxZ   : intMaxZ[gebMult]/F                                     *
*Entries :    32048 : Total  Size=     444200 bytes  File Size  =     332559 *
*Baskets :       18 : Basket Size=      32000 bytes  Compression=   1.33     *
*............................................................................*
*Br   25 :intMaxE   : intMaxE[gebMult]/F                                     *
*Entries :    32048 : Total  Size=     444200 bytes  File Size  =     330996 *
*Baskets :       18 : Basket Size=      32000 bytes  Compression=   1.34     *
*............................................................................*
*Br   26 :intMaxSeg : intMaxSeg[gebMult]/I                                   *
*Entries :    32048 : Total  Size=     444237 bytes  File Size  =     168335 *
*Baskets :       18 : Basket Size=      32000 bytes  Compression=   2.63     *
*............................................................................*
*Br   27 :intMaxSegE : intMaxSegE[gebMult]/F                                 *
*Entries :    32048 : Total  Size=     444266 bytes  File Size  =     331437 *
*Baskets :       18 : Basket Size=      32000 bytes  Compression=   1.34     *
*............................................................................*
*Br   28 :crysTimestamp : crysTimestamp[gebMult]/L                           *
*Entries :    32048 : Total  Size=     759144 bytes  File Size  =     340239 *
*Baskets :       28 : Basket Size=      32000 bytes  Compression=   2.23     *
*............................................................................*
*Br   29 :crysTrigtime : crysTrigtime[gebMult]/D                             *
*Entries :    32048 : Total  Size=     759112 bytes  File Size  =     571294 *
*Baskets :       28 : Basket Size=      32000 bytes  Compression=   1.33     *
*............................................................................*
*Br   30 :crysT0    : crysT0[gebMult]/F                                      *
*Entries :    32048 : Total  Size=     444178 bytes  File Size  =     318718 *
*Baskets :       18 : Basket Size=      32000 bytes  Compression=   1.39     *
*............................................................................*
TH1.Print Name  = eCC_a, Entries= 0, Total sum= 0
TH1.Print Name  = eCC_b, Entries= 0, Total sum= 0
TH1.Print Name  = eCC_c, Entries= 0, Total sum= 0
TH1.Print Name  = eCC_d, Entries= 54635, Total sum= 0
TH1.Print Name  = eSeg, Entries= 0, Total sum= 0
TH1.Print Name  = mode3_hitpat, Entries= 1845790, Total sum= 0
TH1.Print Name  = mode3_hitpat_chan, Entries= 1845790, Total sum= 1.84579e+06
TH1.Print Name  = chan0, Entries= 0, Total sum= 0
TH1.Print Name  = module, Entries= 1845790, Total sum= 1.84579e+06
TH1.Print Name  = chan, Entries= 1845790, Total sum= 1.84465e+06
TH1.Print Name  = l, Entries= 184579, Total sum= 184556
TH1.Print Name  = r, Entries= 184579, Total sum= 184575
TH1.Print Name  = up, Entries= 184579, Total sum= 184577
TH1.Print Name  = down, Entries= 184579, Total sum= 184578
TH1.Print Name  = sumlr, Entries= 179367, Total sum= 179367
TH1.Print Name  = sumud, Entries= 172825, Total sum= 172825
TH1.Print Name  = x, Entries= 179367, Total sum= 179367
TH1.Print Name  = y, Entries= 172825, Total sum= 172825
TH1.Print Name  = de1, Entries= 184579, Total sum= 184569
TH1.Print Name  = de2, Entries= 184579, Total sum= 184579
TH1.Print Name  = de3, Entries= 184579, Total sum= 184158
TH1.Print Name  = de12, Entries= 161478, Total sum= 161478
TH1.Print Name  = etot, Entries= 161478, Total sum= 161478
TH1.Print Name  = rftof, Entries= 184579, Total sum= 183987
TH1.Print Name  = lr, Entries= 434175, Total sum= 434150
TH1.Print Name  = ud, Entries= 434175, Total sum= 434173
TH1.Print Name  = ede1, Entries= 161478, Total sum= 161478
TH1.Print Name  = ede1g, Entries= 29513, Total sum= 29505
TH1.Print Name  = ede2, Entries= 161478, Total sum= 161478
TH1.Print Name  = ede12, Entries= 161478, Total sum= 161478
TH1.Print Name  = xde1, Entries= 161478, Total sum= 161478
TH1.Print Name  = erftof, Entries= 434175, Total sum= 433583
TH1.Print Name  = erftofg, Entries= 11983, Total sum= 11949
TH1.Print Name  = sumehi, Entries= 647153, Total sum= 647144
TH1.Print Name  = tgppac, Entries= 647153, Total sum= 165872
TH1.Print Name  = tgppacg, Entries= 29513, Total sum= 29513
TH1.Print Name  = xehi1, Entries= 647153, Total sum= 647144
TH1.Print Name  = xehi1g, Entries= 29513, Total sum= 29513
TH1.Print Name  = de1ehi, Entries= 647153, Total sum= 647120
TH1.Print Name  = de1ehig, Entries= 29513, Total sum= 29505
TH1.Print Name  = ng, Entries= 434175, Total sum= 434175
TH1.Print Name  = ehiz1, Entries= 0, Total sum= 0
TH1.Print Name  = ehiz2, Entries= 0, Total sum= 0
TH1.Print Name  = ehiz3, Entries= 0, Total sum= 0
TH1.Print Name  = ehiz4, Entries= 0, Total sum= 0
TH1.Print Name  = ehiz5, Entries= 0, Total sum= 0
TH1.Print Name  = gg_dt, Entries= 36293, Total sum= 36293
TH1.Print Name  = gg, Entries= 72586, Total sum= 71440
TH1.Print Name  = gg_z1, Entries= 0, Total sum= 0
TH1.Print Name  = gg_z2, Entries= 0, Total sum= 0
TH1.Print Name  = gg_z3, Entries= 0, Total sum= 0
TH1.Print Name  = gg_z4, Entries= 0, Total sum= 0
TH1.Print Name  = gg_z5, Entries= 0, Total sum= 0
Pars.f1->Close();
done saving rootfile "/lcrc/project/HELIOS/gretinafma/root_data/run211.root


read 434175 events; Pars.beta=0.0330; time since last update 0 minutes
CommandFileName="GEBSort.command"

sorted timestamp range 65927017225-->70211873369: 4284856144
that is 42.8 seconds or 0h0m42s
^^^^^ any timestamp jumps will upset this accounting

hit statistics per type
 1 GEB_TYPE_DECOMP           693869 ;  16193.52 Hz 
 8 GEB_TYPE_GT_MOD29         185665 ;   4333.05 Hz 
read a total of              879534 ; header/payloads


nn1=0
nn2=879535
nn3=879535

nok_validate= 434175, ntot_validate=434175; validate fraction 100.00%

bytes read=417243000, 397.913933 MB

boniva sancta! ...GEBSort (unexpectedly) did not crash!

 ** GEBSort is done at 
