started GEBSort at we have 9 arguments
1... -input
will take input from disk
file size is 7057306656 bytes or 6891 MBytes

4... -rootfile
rootfile name specified on command line
__will store spectra in rootfile: /lcrc/project/HELIOS/gretinafma/root_data/run222.root
will recreate root file
7... -chat
core file size          (blocks, -c) unlimited
data seg size           (kbytes, -d) unlimited
scheduling priority             (-e) 0
file size               (blocks, -f) unlimited
pending signals                 (-i) 510311
max locked memory       (kbytes, -l) unlimited
max memory size         (kbytes, -m) 128769024
open files                      (-n) 51200
pipe size            (512 bytes, -p) 8
POSIX message queues     (bytes, -q) 819200
real-time priority              (-r) 0
stack size              (kbytes, -s) unlimited
cpu time               (seconds, -t) unlimited
max user processes              (-u) 4096
virtual memory          (kbytes, -v) unlimited
file locks                      (-x) unlimited
will read sorting instructions from chatfile: GEBSort.chat

executing UserDeclare.h code


GEBsort running on: 

initializing

crmat.LINUX is open (input) binary format
read 7936 bytes into Pars.crmat
chat file: <GEBSort.chat> open

will sort a max of 1410065408 events
will sort 86400 minutes of data
will print details of the first 10 events
will use Pars.Beta (v/c) correction of 0.033000
will sort using a time window of 150
Pars.do_bin_mode2=1
Pars.do_bin_mode3=1
will accept second interaction range between 10.000000 and 500.000000 mm
"1-200"
detector   1 is ENABLED
detector   2 is ENABLED
detector   3 is ENABLED
detector   4 is ENABLED
detector   5 is ENABLED
detector   6 is ENABLED
detector   7 is ENABLED
detector   8 is ENABLED
detector   9 is ENABLED
detector  10 is ENABLED
detector  11 is ENABLED
detector  12 is ENABLED
detector  13 is ENABLED
detector  14 is ENABLED
detector  15 is ENABLED
detector  16 is ENABLED
detector  17 is ENABLED
detector  18 is ENABLED
detector  19 is ENABLED
detector  20 is ENABLED
detector  21 is ENABLED
detector  22 is ENABLED
detector  23 is ENABLED
detector  24 is ENABLED
detector  25 is ENABLED
detector  26 is ENABLED
detector  27 is ENABLED
detector  28 is ENABLED
detector  29 is ENABLED
detector  30 is ENABLED
detector  31 is ENABLED
detector  32 is ENABLED
detector  33 is ENABLED
detector  34 is ENABLED
detector  35 is ENABLED
detector  36 is ENABLED
detector  37 is ENABLED
detector  38 is ENABLED
detector  39 is ENABLED
detector  40 is ENABLED
detector  41 is ENABLED
detector  42 is ENABLED
detector  43 is ENABLED
detector  44 is ENABLED
detector  45 is ENABLED
detector  46 is ENABLED
detector  47 is ENABLED
detector  48 is ENABLED
detector  49 is ENABLED
detector  50 is ENABLED
detector  51 is ENABLED
detector  52 is ENABLED
detector  53 is ENABLED
detector  54 is ENABLED
detector  55 is ENABLED
detector  56 is ENABLED
detector  57 is ENABLED
detector  58 is ENABLED
detector  59 is ENABLED
detector  60 is ENABLED
detector  61 is ENABLED
detector  62 is ENABLED
detector  63 is ENABLED
detector  64 is ENABLED
detector  65 is ENABLED
detector  66 is ENABLED
detector  67 is ENABLED
detector  68 is ENABLED
detector  69 is ENABLED
detector  70 is ENABLED
detector  71 is ENABLED
detector  72 is ENABLED
detector  73 is ENABLED
detector  74 is ENABLED
detector  75 is ENABLED
detector  76 is ENABLED
detector  77 is ENABLED
detector  78 is ENABLED
detector  79 is ENABLED
detector  80 is ENABLED
detector  81 is ENABLED
detector  82 is ENABLED
detector  83 is ENABLED
detector  84 is ENABLED
detector  85 is ENABLED
detector  86 is ENABLED
detector  87 is ENABLED
detector  88 is ENABLED
detector  89 is ENABLED
detector  90 is ENABLED
detector  91 is ENABLED
detector  92 is ENABLED
detector  93 is ENABLED
detector  94 is ENABLED
detector  95 is ENABLED
detector  96 is ENABLED
detector  97 is ENABLED
detector  98 is ENABLED
detector  99 is ENABLED
detector 100 is ENABLED
detector 101 is ENABLED
detector 102 is ENABLED
detector 103 is ENABLED
detector 104 is ENABLED
detector 105 is ENABLED
detector 106 is ENABLED
detector 107 is ENABLED
detector 108 is ENABLED
detector 109 is ENABLED
detector 110 is ENABLED
detector 111 is ENABLED
detector 112 is ENABLED
detector 113 is ENABLED
detector 114 is ENABLED
detector 115 is ENABLED
detector 116 is ENABLED
detector 117 is ENABLED
detector 118 is ENABLED
detector 119 is ENABLED
detector 120 is ENABLED
detector 121 is ENABLED
detector 122 is ENABLED
detector 123 is ENABLED
detector 124 is ENABLED
detector 125 is ENABLED
detector 126 is ENABLED
detector 127 is ENABLED
detector 128 is ENABLED
detector 129 is ENABLED
detector 130 is ENABLED
detector 131 is ENABLED
detector 132 is ENABLED
detector 133 is ENABLED
detector 134 is ENABLED
detector 135 is ENABLED
detector 136 is ENABLED
detector 137 is ENABLED
detector 138 is ENABLED
detector 139 is ENABLED
detector 140 is ENABLED
detector 141 is ENABLED
detector 142 is ENABLED
detector 143 is ENABLED
detector 144 is ENABLED
detector 145 is ENABLED
detector 146 is ENABLED
detector 147 is ENABLED
detector 148 is ENABLED
detector 149 is ENABLED
detector 150 is ENABLED
detector 151 is ENABLED
detector 152 is ENABLED
detector 153 is ENABLED
detector 154 is ENABLED
detector 155 is ENABLED
detector 156 is ENABLED
detector 157 is ENABLED
detector 158 is ENABLED
detector 159 is ENABLED
detector 160 is ENABLED
detector 161 is ENABLED
detector 162 is ENABLED
detector 163 is ENABLED
detector 164 is ENABLED
detector 165 is ENABLED
detector 166 is ENABLED
detector 167 is ENABLED
detector 168 is ENABLED
detector 169 is ENABLED
detector 170 is ENABLED
detector 171 is ENABLED
detector 172 is ENABLED
detector 173 is ENABLED
detector 174 is ENABLED
detector 175 is ENABLED
detector 176 is ENABLED
detector 177 is ENABLED
detector 178 is ENABLED
detector 179 is ENABLED
detector 180 is ENABLED
detector 181 is ENABLED
detector 182 is ENABLED
detector 183 is ENABLED
detector 184 is ENABLED
detector 185 is ENABLED
detector 186 is ENABLED
detector 187 is ENABLED
detector 188 is ENABLED
detector 189 is ENABLED
detector 190 is ENABLED
detector 191 is ENABLED
detector 192 is ENABLED
detector 193 is ENABLED
detector 194 is ENABLED
detector 195 is ENABLED
detector 196 is ENABLED
detector 197 is ENABLED
detector 198 is ENABLED
detector 199 is ENABLED
WARNING: could not open CCcal file "CCenergy.cal", quit
will use beam direction 0.000000 0.000000 1.000000
vector length= 1.000000, normalizing
will use beam direction 0.000000 0.000000 1.000000
Pars.ndetlimlo=1,Pars.ndetlimhi=8
will require mult bt: 1 20
fomlimits, 1, 0.00 ..to.. 0.80
fomlimits, 2, 0.00 ..to.. 0.80
fomlimits, 3, 0.00 ..to.. 0.80
fomlimits, 4, 0.00 ..to.. 0.80
fomlimits, 5, 0.00 ..to.. 0.80
fomlimits, 6, 0.00 ..to.. 0.80
fomlimits, 7, 0.00 ..to.. 0.80
will use M= 350.000000 in bin_dgs
will use PZ file "dgs_pz.cal" in bin_dgs
will use ecal file "dgs_ehi.cal" in bin_dgs
will skip rest of chat file

chat file: <GEBSort.chat> closed
processed 38 sort instructions and 197 lines


sorting this:
Pars.do_bin_mode3 = 1
Pars.do_bin_mode2 = 1
Pars.do_bin_mode1 = 0
Pars.do_bin_dgs = 0
Pars.do_bin_dfma = 0
Pars.do_bin_gtcal = 0
Pars.do_bin_template = 0
Pars.do_bin_final = 0
Pars.do_bin_angcor = 0
Pars.do_bin_angdis = 0
checking proper input of chat file...
input file "/lcrc/project/HELIOS/gretinafma/merged_data/GEBMerged_run222.gtd_000" is open, inData=0x25eac440
file size is -1532627936 bytes or -1496 MBs 
input source is set up, supposedly

xyz offset values:

executing ShareMemFileUserInit.h code

deleted \rm -f GEBSort.command
root file </lcrc/project/HELIOS/gretinafma/root_data/run222.root>
base=</lcrc/project/HELIOS/gretinafma/root_data/run222.root:/>
TFile: name=/lcrc/project/HELIOS/gretinafma/root_data/run222.root, title=, option=CREATE

executing UserInit.h code

Created Object "dtbtev", 0x26f01a00
Created Object "T0", 0x26f01e10
, "T0"Created Object "hitpat", 0x26f02200
, "hitpat"Created Object "numHitArray2", 0x26f02c50
, "numHitArray2"Created Object "CCmult", 0x26f03710
, "CC Multiplicity"Created Object "CCsum", 0x271d5450
, "CCsum"Created Object "hit2", 0x271e5260
, "hit2"Created Object "hit3", 0x271f5070
, "hit3"Created Object "hit4", 0x27204e80
, "hit4"Created Object "CCsum_nodop", 0x27214c90
, "CCsum_nodop"Created Object "CCadd", 0x27224aa0
, "CCadd"Created Object "SEGadd_FPGA", 0x272348b0
Created Object "SEGadd_PSA", 0x27234cc0
Created Object "SEGsum_FPGA", 0x272350d0
Created Object "SEGsum_PSA", 0x272354e0
Created Object "radius_all", 0x272358f0
, "radius (all points)"Created Object "rate_mode2_min", 0x2723dd00
, "rate_mode2_min headers"Created Object "rate_mode2_sec", 0x27240e10
, "rate_mode2_sec headers"Created Object "rate_mode2_intp", 0x27243f20
, "rate_mode2 interaction points"Created Object "cdtbtev", 0x27247030
Created Object "evsr_all", 0x2730d010
Created Object "SMAP_allhits", 0x2730d550
Created Object "SMAP_allhits_sq", 0x2740cee0
Created Object "seghitpat", 0x2750c870
Created Object "CCe", 0x27514c70
Created Object "ggCC", 0x27515220
Created Object "z_plot", 0x275157d0
Created Object "crystal_hit", 0x275c8ea0
Created Object "SegE", 0x275c9470
Created Object "crXcr", 0x275c99b0
MAXDETPOS=180
Created Object "eCC_a", 0x276bdff0
Created Object "eCC_b", 0x276be400
Created Object "eCC_c", 0x276be8d0
Created Object "eCC_d", 0x276bee50
Created Object "eSeg", 0x276bf390
Created Object "mode3_hitpat", 0x276bf940
, "mode3_hitpat"Created Object "mode3_hitpat_chan", 0x276c02b0
, "mode3_hitpat_chan"Created Object "chan0", 0x276c09f0
, "chan0"Created Object "module", 0x276d4820
, "module"Created Object "chan", 0x276e8650
Created Object "l", 0x2775df70
, "l"Created Object "r", 0x27771da0
, "r"Created Object "up", 0x27785b60
, "up"Created Object "down", 0x27799920
, "down"Created Object "sumlr", 0x277ad750
, "sumlr"Created Object "sumud", 0x277c1580
, "sumud"Created Object "x", 0x277d53b0
, "x"Created Object "y", 0x277e91e0
, "y"Created Object "de1", 0x277fd010
, "de1"Created Object "de2", 0x27810dd0
, "de2"Created Object "de3", 0x27824b90
, "de3"Created Object "de12", 0x278389c0
, "de12"Created Object "etot", 0x2784c7f0
, "etot"Created Object "rftof", 0x278605b0
, "rftof"Created Object "lr", 0x27874370
Created Object "ud", 0x278748b0
Created Object "ede1", 0x27874df0
Created Object "ede1g", 0x27875330
Created Object "ede2", 0x278758e0
Created Object "ede12", 0x27875e90
Created Object "xde1", 0x27876440
Created Object "erftof", 0x27876980
Created Object "erftofg", 0x27876ec0
Created Object "sumehi", 0x27877470
, "sumehi"Created Object "tgppac", 0x2788b230
, "tgppac"Created Object "tgppacg", 0x278b28e0
, "tgppacg"Created Object "xehi1", 0x278d9f90
Created Object "xehi1g", 0x278da4d0
Created Object "de1ehi", 0x278daa80
Created Object "de1ehig", 0x278dafc0
Created Object "ng", 0x278db500
, "ng"Created Object "ehiz1", 0x278ef2c0
, "ehiz1"Created Object "ehiz2", 0x27903080
, "ehiz2"Created Object "ehiz3", 0x27916eb0
, "ehiz3"Created Object "ehiz4", 0x2792ace0
, "ehiz4"Created Object "ehiz5", 0x2793eb10
, "ehiz5"Created Object "gg_dt", 0x279528d0
, "gg_dt"Created Object "gg", 0x27956d00
Created Object "gg_z1", 0x279572b0
Created Object "gg_z2", 0x27957860
Created Object "gg_z3", 0x27957e10
Created Object "gg_z4", 0x279583c0
Created Object "gg_z5", 0x27958900
we have define the following ROOT spectra:
Collection name='THashList', class='THashList', size=84
 TH1.Print Name  = dtbtev, Entries= 0, Total sum= 0
 TH1.Print Name  = T0, Entries= 0, Total sum= 0
 TH1.Print Name  = hitpat, Entries= 0, Total sum= 0
 TH1.Print Name  = numHitArray2, Entries= 0, Total sum= 0
 TH1.Print Name  = CCmult, Entries= 0, Total sum= 0
 TH1.Print Name  = CCsum, Entries= 0, Total sum= 0
 TH1.Print Name  = hit2, Entries= 0, Total sum= 0
 TH1.Print Name  = hit3, Entries= 0, Total sum= 0
 TH1.Print Name  = hit4, Entries= 0, Total sum= 0
 TH1.Print Name  = CCsum_nodop, Entries= 0, Total sum= 0
 TH1.Print Name  = CCadd, Entries= 0, Total sum= 0
 TH1.Print Name  = SEGadd_FPGA, Entries= 0, Total sum= 0
 TH1.Print Name  = SEGadd_PSA, Entries= 0, Total sum= 0
 TH1.Print Name  = SEGsum_FPGA, Entries= 0, Total sum= 0
 TH1.Print Name  = SEGsum_PSA, Entries= 0, Total sum= 0
 TH1.Print Name  = radius_all, Entries= 0, Total sum= 0
 TH1.Print Name  = rate_mode2_min, Entries= 0, Total sum= 0
 TH1.Print Name  = rate_mode2_sec, Entries= 0, Total sum= 0
 TH1.Print Name  = rate_mode2_intp, Entries= 0, Total sum= 0
 TH1.Print Name  = cdtbtev, Entries= 0, Total sum= 0
 TH1.Print Name  = evsr_all, Entries= 0, Total sum= 0
 TH1.Print Name  = SMAP_allhits, Entries= 0, Total sum= 0
 TH1.Print Name  = SMAP_allhits_sq, Entries= 0, Total sum= 0
 TH1.Print Name  = seghitpat, Entries= 0, Total sum= 0
 TH1.Print Name  = CCe, Entries= 0, Total sum= 0
 TH1.Print Name  = ggCC, Entries= 0, Total sum= 0
 TH1.Print Name  = z_plot, Entries= 0, Total sum= 0
 TH1.Print Name  = crystal_hit, Entries= 0, Total sum= 0
 TH1.Print Name  = SegE, Entries= 0, Total sum= 0
 TH1.Print Name  = crXcr, Entries= 0, Total sum= 0
 ******************************************************************************
*Tree    :tree      : tree                                                   *
*Entries :        0 : Total =           16301 bytes  File  Size =          0 *
*        :          : Tree compression factor =   1.00                       *
******************************************************************************
*Br    0 :runNumber : runNumber/I                                            *
*Entries :        0 : Total  Size=        501 bytes  One basket in memory    *
*Baskets :        0 : Basket Size=      32000 bytes  Compression=   1.00     *
*............................................................................*
*Br    1 :numHits   : numHits/I                                              *
*Entries :        0 : Total  Size=        493 bytes  One basket in memory    *
*Baskets :        0 : Basket Size=      32000 bytes  Compression=   1.00     *
*............................................................................*
*Br    2 :left      : left[numHits]/F                                        *
*Entries :        0 : Total  Size=        580 bytes  One basket in memory    *
*Baskets :        0 : Basket Size=      32000 bytes  Compression=   1.00     *
*............................................................................*
*Br    3 :right     : right[numHits]/F                                       *
*Entries :        0 : Total  Size=        584 bytes  One basket in memory    *
*Baskets :        0 : Basket Size=      32000 bytes  Compression=   1.00     *
*............................................................................*
*Br    4 :up        : up[numHits]/F                                          *
*Entries :        0 : Total  Size=        572 bytes  One basket in memory    *
*Baskets :        0 : Basket Size=      32000 bytes  Compression=   1.00     *
*............................................................................*
*Br    5 :down      : down[numHits]/F                                        *
*Entries :        0 : Total  Size=        580 bytes  One basket in memory    *
*Baskets :        0 : Basket Size=      32000 bytes  Compression=   1.00     *
*............................................................................*
*Br    6 :e1        : e1[numHits]/F                                          *
*Entries :        0 : Total  Size=        572 bytes  One basket in memory    *
*Baskets :        0 : Basket Size=      32000 bytes  Compression=   1.00     *
*............................................................................*
*Br    7 :e2        : e2[numHits]/F                                          *
*Entries :        0 : Total  Size=        572 bytes  One basket in memory    *
*Baskets :        0 : Basket Size=      32000 bytes  Compression=   1.00     *
*............................................................................*
*Br    8 :e3        : e3[numHits]/F                                          *
*Entries :        0 : Total  Size=        572 bytes  One basket in memory    *
*Baskets :        0 : Basket Size=      32000 bytes  Compression=   1.00     *
*............................................................................*
*Br    9 :tac       : tac[numHits]/F                                         *
*Entries :        0 : Total  Size=        576 bytes  One basket in memory    *
*Baskets :        0 : Basket Size=      32000 bytes  Compression=   1.00     *
*............................................................................*
*Br   10 :fmaDeltaTime : fmaDeltaTime[numHits]/F                             *
*Entries :        0 : Total  Size=        612 bytes  One basket in memory    *
*Baskets :        0 : Basket Size=      32000 bytes  Compression=   1.00     *
*............................................................................*
*Br   11 :fmaMult   : fmaMult[10]/I                                          *
*Entries :        0 : Total  Size=        501 bytes  One basket in memory    *
*Baskets :        0 : Basket Size=      32000 bytes  Compression=   1.00     *
*............................................................................*
*Br   12 :gammaMult : gammaMult/I                                            *
*Entries :        0 : Total  Size=        501 bytes  One basket in memory    *
*Baskets :        0 : Basket Size=      32000 bytes  Compression=   1.00     *
*............................................................................*
*Br   13 :gammaEnergy : gammaEnergy[gammaMult]/F                             *
*Entries :        0 : Total  Size=        616 bytes  One basket in memory    *
*Baskets :        0 : Basket Size=      32000 bytes  Compression=   1.00     *
*............................................................................*
*Br   14 :gammaTimestamp : gammaTimestamp[gammaMult]/F                       *
*Entries :        0 : Total  Size=        628 bytes  One basket in memory    *
*Baskets :        0 : Basket Size=      32000 bytes  Compression=   1.00     *
*............................................................................*
*Br   15 :deltaTime : deltaTime[gammaMult]/F                                 *
*Entries :        0 : Total  Size=        608 bytes  One basket in memory    *
*Baskets :        0 : Basket Size=      32000 bytes  Compression=   1.00     *
*............................................................................*
*Br   16 :gebMult   : gebMult/I                                              *
*Entries :        0 : Total  Size=        493 bytes  One basket in memory    *
*Baskets :        0 : Basket Size=      32000 bytes  Compression=   1.00     *
*............................................................................*
*Br   17 :crysType  : crysType[gebMult]/I                                    *
*Entries :        0 : Total  Size=        589 bytes  One basket in memory    *
*Baskets :        0 : Basket Size=      32000 bytes  Compression=   1.00     *
*............................................................................*
*Br   18 :crysId    : crysId[gebMult]/I                                      *
*Entries :        0 : Total  Size=        581 bytes  One basket in memory    *
*Baskets :        0 : Basket Size=      32000 bytes  Compression=   1.00     *
*............................................................................*
*Br   19 :crysNum   : crysNum[gebMult]/I                                     *
*Entries :        0 : Total  Size=        585 bytes  One basket in memory    *
*Baskets :        0 : Basket Size=      32000 bytes  Compression=   1.00     *
*............................................................................*
*Br   20 :crysTot_e : crysTot_e[gebMult]/F                                   *
*Entries :        0 : Total  Size=        600 bytes  One basket in memory    *
*Baskets :        0 : Basket Size=      32000 bytes  Compression=   1.00     *
*............................................................................*
*Br   21 :crysPolAngle : crysPolAngle[gebMult]/F                             *
*Entries :        0 : Total  Size=        612 bytes  One basket in memory    *
*Baskets :        0 : Basket Size=      32000 bytes  Compression=   1.00     *
*............................................................................*
*Br   22 :intMaxX   : intMaxX[gebMult]/F                                     *
*Entries :        0 : Total  Size=        592 bytes  One basket in memory    *
*Baskets :        0 : Basket Size=      32000 bytes  Compression=   1.00     *
*............................................................................*
*Br   23 :intMaxY   : intMaxY[gebMult]/F                                     *
*Entries :        0 : Total  Size=        592 bytes  One basket in memory    *
*Baskets :        0 : Basket Size=      32000 bytes  Compression=   1.00     *
*............................................................................*
*Br   24 :intMaxZ   : intMaxZ[gebMult]/F                                     *
*Entries :        0 : Total  Size=        592 bytes  One basket in memory    *
*Baskets :        0 : Basket Size=      32000 bytes  Compression=   1.00     *
*............................................................................*
*Br   25 :intMaxE   : intMaxE[gebMult]/F                                     *
*Entries :        0 : Total  Size=        592 bytes  One basket in memory    *
*Baskets :        0 : Basket Size=      32000 bytes  Compression=   1.00     *
*............................................................................*
*Br   26 :intMaxSeg : intMaxSeg[gebMult]/I                                   *
*Entries :        0 : Total  Size=        593 bytes  One basket in memory    *
*Baskets :        0 : Basket Size=      32000 bytes  Compression=   1.00     *
*............................................................................*
*Br   27 :intMaxSegE : intMaxSegE[gebMult]/F                                 *
*Entries :        0 : Total  Size=        604 bytes  One basket in memory    *
*Baskets :        0 : Basket Size=      32000 bytes  Compression=   1.00     *
*............................................................................*
*Br   28 :crysTimestamp : crysTimestamp[gebMult]/L                           *
*Entries :        0 : Total  Size=        624 bytes  One basket in memory    *
*Baskets :        0 : Basket Size=      32000 bytes  Compression=   1.00     *
*............................................................................*
*Br   29 :crysTrigtime : crysTrigtime[gebMult]/D                             *
*Entries :        0 : Total  Size=        620 bytes  One basket in memory    *
*Baskets :        0 : Basket Size=      32000 bytes  Compression=   1.00     *
*............................................................................*
*Br   30 :crysT0    : crysT0[gebMult]/F                                      *
*Entries :        0 : Total  Size=        588 bytes  One basket in memory    *
*Baskets :        0 : Basket Size=      32000 bytes  Compression=   1.00     *
*............................................................................*
 TH1.Print Name  = eCC_a, Entries= 0, Total sum= 0
 TH1.Print Name  = eCC_b, Entries= 0, Total sum= 0
 TH1.Print Name  = eCC_c, Entries= 0, Total sum= 0
 TH1.Print Name  = eCC_d, Entries= 0, Total sum= 0
 TH1.Print Name  = eSeg, Entries= 0, Total sum= 0
 TH1.Print Name  = mode3_hitpat, Entries= 0, Total sum= 0
 TH1.Print Name  = mode3_hitpat_chan, Entries= 0, Total sum= 0
 TH1.Print Name  = chan0, Entries= 0, Total sum= 0
 TH1.Print Name  = module, Entries= 0, Total sum= 0
 TH1.Print Name  = chan, Entries= 0, Total sum= 0
 TH1.Print Name  = l, Entries= 0, Total sum= 0
 TH1.Print Name  = r, Entries= 0, Total sum= 0
 TH1.Print Name  = up, Entries= 0, Total sum= 0
 TH1.Print Name  = down, Entries= 0, Total sum= 0
 TH1.Print Name  = sumlr, Entries= 0, Total sum= 0
 TH1.Print Name  = sumud, Entries= 0, Total sum= 0
 TH1.Print Name  = x, Entries= 0, Total sum= 0
 TH1.Print Name  = y, Entries= 0, Total sum= 0
 TH1.Print Name  = de1, Entries= 0, Total sum= 0
 TH1.Print Name  = de2, Entries= 0, Total sum= 0
 TH1.Print Name  = de3, Entries= 0, Total sum= 0
 TH1.Print Name  = de12, Entries= 0, Total sum= 0
 TH1.Print Name  = etot, Entries= 0, Total sum= 0
 TH1.Print Name  = rftof, Entries= 0, Total sum= 0
 TH1.Print Name  = lr, Entries= 0, Total sum= 0
 TH1.Print Name  = ud, Entries= 0, Total sum= 0
 TH1.Print Name  = ede1, Entries= 0, Total sum= 0
 TH1.Print Name  = ede1g, Entries= 0, Total sum= 0
 TH1.Print Name  = ede2, Entries= 0, Total sum= 0
 TH1.Print Name  = ede12, Entries= 0, Total sum= 0
 TH1.Print Name  = xde1, Entries= 0, Total sum= 0
 TH1.Print Name  = erftof, Entries= 0, Total sum= 0
 TH1.Print Name  = erftofg, Entries= 0, Total sum= 0
 TH1.Print Name  = sumehi, Entries= 0, Total sum= 0
 TH1.Print Name  = tgppac, Entries= 0, Total sum= 0
 TH1.Print Name  = tgppacg, Entries= 0, Total sum= 0
 TH1.Print Name  = xehi1, Entries= 0, Total sum= 0
 TH1.Print Name  = xehi1g, Entries= 0, Total sum= 0
 TH1.Print Name  = de1ehi, Entries= 0, Total sum= 0
 TH1.Print Name  = de1ehig, Entries= 0, Total sum= 0
 TH1.Print Name  = ng, Entries= 0, Total sum= 0
 TH1.Print Name  = ehiz1, Entries= 0, Total sum= 0
 TH1.Print Name  = ehiz2, Entries= 0, Total sum= 0
 TH1.Print Name  = ehiz3, Entries= 0, Total sum= 0
 TH1.Print Name  = ehiz4, Entries= 0, Total sum= 0
 TH1.Print Name  = ehiz5, Entries= 0, Total sum= 0
 TH1.Print Name  = gg_dt, Entries= 0, Total sum= 0
 TH1.Print Name  = gg, Entries= 0, Total sum= 0
 TH1.Print Name  = gg_z1, Entries= 0, Total sum= 0
 TH1.Print Name  = gg_z2, Entries= 0, Total sum= 0
 TH1.Print Name  = gg_z3, Entries= 0, Total sum= 0
 TH1.Print Name  = gg_z4, Entries= 0, Total sum= 0
 TH1.Print Name  = gg_z5, Entries= 0, Total sum= 0
GRETINA detector angles
mod  1, crystal 0 [  4]: ( 10.07   3.58  15.10) pol   35.30 ,  azi   13.35; pol   35.30 ,  azi   19.58; modCCdopfac[4] 1.0271
mod  1, crystal 1 [  5]: ( 10.11   9.19  12.47) pol   47.60 ,  azi   36.39; pol   47.60 ,  azi   42.30; modCCdopfac[5] 1.0222
mod  1, crystal 2 [  6]: (  5.44   7.69  15.92) pol   30.60 ,  azi   25.77; pol   30.60 ,  azi   54.72; modCCdopfac[6] 1.0287
mod  1, crystal 3 [  7]: (  4.99   1.78  17.72) pol   16.65 ,  azi    5.72; pol   16.65 ,  azi   19.58; modCCdopfac[7] 1.0321
mod  2, crystal 0 [  8]: ( -0.29  10.69  15.10) pol   35.30 ,  azi   35.29; pol   35.30 ,  azi   91.58; modCCdopfac[8] 1.0271
mod  2, crystal 1 [  9]: ( -5.62  12.45  12.47) pol   47.60 ,  azi   44.95; pol   47.60 ,  azi  114.30; modCCdopfac[9] 1.0222
mod  2, crystal 2 [ 10]: ( -5.63   7.55  15.92) pol   30.60 ,  azi   25.36; pol   30.60 ,  azi  126.72; modCCdopfac[10] 1.0287
mod  2, crystal 3 [ 11]: ( -0.15   5.30  17.72) pol   16.65 ,  azi   16.64; pol   16.65 ,  azi   91.58; modCCdopfac[11] 1.0321
mod  3, crystal 0 [ 12]: (-10.25   3.02  15.10) pol   35.30 ,  azi   11.32; pol   35.30 ,  azi  163.58; modCCdopfac[12] 1.0271
mod  3, crystal 1 [ 13]: (-13.58  -1.50  12.47) pol   47.60 ,  azi   -6.85; pol   47.60 ,  azi -173.70; modCCdopfac[13] 1.0222
mod  3, crystal 2 [ 14]: ( -8.92  -3.02  15.92) pol   30.60 ,  azi  -10.75; pol   30.60 ,  azi -161.28; modCCdopfac[14] 1.0287
mod  3, crystal 3 [ 15]: ( -5.08   1.50  17.72) pol   16.65 ,  azi    4.83; pol   16.65 ,  azi  163.58; modCCdopfac[15] 1.0321
mod  4, crystal 0 [ 16]: ( -6.04  -8.82  15.10) pol   35.30 ,  azi  -30.29; pol   35.30 ,  azi -124.42; modCCdopfac[16] 1.0271
mod  4, crystal 1 [ 17]: ( -2.77 -13.38  12.47) pol   47.60 ,  azi  -47.00; pol   47.60 ,  azi -101.70; modCCdopfac[17] 1.0222
mod  4, crystal 2 [ 18]: (  0.12  -9.42  15.92) pol   30.60 ,  azi  -30.60; pol   30.60 ,  azi  -89.28; modCCdopfac[18] 1.0287
mod  4, crystal 3 [ 19]: ( -3.00  -4.37  17.72) pol   16.65 ,  azi  -13.86; pol   16.65 ,  azi -124.42; modCCdopfac[19] 1.0321
mod  5, crystal 0 [ 20]: (  6.52  -8.47  15.10) pol   35.30 ,  azi  -29.30; pol   35.30 ,  azi  -52.42; modCCdopfac[20] 1.0271
mod  5, crystal 1 [ 21]: ( 11.87  -6.77  12.47) pol   47.60 ,  azi  -28.49; pol   47.60 ,  azi  -29.70; modCCdopfac[21] 1.0222
mod  5, crystal 2 [ 22]: (  8.99  -2.80  15.92) pol   30.60 ,  azi   -9.96; pol   30.60 ,  azi  -17.28; modCCdopfac[22] 1.0287
mod  5, crystal 3 [ 23]: (  3.23  -4.20  17.72) pol   16.65 ,  azi  -13.33; pol   16.65 ,  azi  -52.42; modCCdopfac[23] 1.0321
mod  6, crystal 0 [ 24]: (  4.54  16.51   7.02) pol   67.71 ,  azi   66.97; pol   67.71 ,  azi   74.63; modCCdopfac[24] 1.0121
mod  6, crystal 1 [ 25]: ( -0.33  15.15  10.61) pol   55.02 ,  azi   55.01; pol   55.02 ,  azi   91.23; modCCdopfac[25] 1.0187
mod  6, crystal 2 [ 26]: (  5.05  13.00  12.16) pol   48.92 ,  azi   46.92; pol   48.92 ,  azi   68.77; modCCdopfac[26] 1.0216
mod  6, crystal 3 [ 27]: (  9.66  13.57   8.06) pol   64.18 ,  azi   59.29; pol   64.18 ,  azi   54.55; modCCdopfac[27] 1.0140
mod  7, crystal 0 [ 28]: (-14.30   9.42   7.02) pol   67.71 ,  azi   53.31; pol   67.71 ,  azi  146.63; modCCdopfac[28] 1.0121
mod  7, crystal 1 [ 29]: (-14.51   4.37  10.61) pol   55.02 ,  azi   22.40; pol   55.02 ,  azi  163.23; modCCdopfac[29] 1.0187
mod  7, crystal 2 [ 30]: (-10.80   8.82  12.16) pol   48.92 ,  azi   35.96; pol   48.92 ,  azi  140.77; modCCdopfac[30] 1.0216
mod  7, crystal 3 [ 31]: ( -9.92  13.38   8.06) pol   64.18 ,  azi   58.94; pol   64.18 ,  azi  126.55; modCCdopfac[31] 1.0140
mod  8, crystal 0 [ 32]: (-13.37 -10.69   7.02) pol   67.71 ,  azi  -56.71; pol   67.71 ,  azi -141.37; modCCdopfac[32] 1.0121
mod  8, crystal 1 [ 33]: ( -8.64 -12.45  10.61) pol   55.02 ,  azi  -49.58; pol   55.02 ,  azi -124.77; modCCdopfac[33] 1.0187
mod  8, crystal 2 [ 34]: (-11.73  -7.55  12.16) pol   48.92 ,  azi  -31.84; pol   48.92 ,  azi -147.23; modCCdopfac[34] 1.0216
mod  8, crystal 3 [ 35]: (-15.79  -5.30   8.06) pol   64.18 ,  azi  -33.33; pol   64.18 ,  azi -161.45; modCCdopfac[35] 1.0140
mod  9, crystal 0 [ 36]: (  6.03 -16.02   7.02) pol   67.71 ,  azi  -66.35; pol   67.71 ,  azi  -69.37; modCCdopfac[36] 1.0121
mod  9, crystal 1 [ 37]: (  9.17 -12.07  10.61) pol   55.02 ,  azi  -48.69; pol   55.02 ,  azi  -52.77; modCCdopfac[37] 1.0187
mod  9, crystal 2 [ 38]: (  3.56 -13.48  12.16) pol   48.92 ,  azi  -47.96; pol   48.92 ,  azi  -75.23; modCCdopfac[38] 1.0216
mod  9, crystal 3 [ 39]: (  0.16 -16.65   8.06) pol   64.18 ,  azi  -64.18; pol   64.18 ,  azi  -89.45; modCCdopfac[39] 1.0140
mod 10, crystal 0 [ 40]: ( 17.10   0.79   7.02) pol   67.71 ,  azi    6.39; pol   67.71 ,  azi    2.63; modCCdopfac[40] 1.0121
mod 10, crystal 1 [ 41]: ( 14.31   4.99  10.61) pol   55.02 ,  azi   25.21; pol   55.02 ,  azi   19.23; modCCdopfac[41] 1.0187
mod 10, crystal 2 [ 42]: ( 13.92  -0.79  12.16) pol   48.92 ,  azi   -3.70; pol   48.92 ,  azi   -3.23; modCCdopfac[42] 1.0216
mod 10, crystal 3 [ 43]: ( 15.89  -4.99   8.06) pol   64.18 ,  azi  -31.79; pol   64.18 ,  azi  -17.45; modCCdopfac[43] 1.0140
mod 11, crystal 0 [ 44]: ( 18.26   2.80   0.92) pol   87.15 ,  azi   71.78; pol   87.15 ,  azi    8.71; modCCdopfac[44] 1.0011
mod 11, crystal 1 [ 45]: ( 17.30   4.20  -5.04) pol  105.79 ,  azi  140.16; pol  105.79 ,  azi   13.65; modCCdopfac[45] 0.9906
mod 11, crystal 2 [ 46]: ( 16.42   8.47  -0.92) pol   92.85 ,  azi   96.20; pol   92.85 ,  azi   27.29; modCCdopfac[46] 0.9978
mod 11, crystal 3 [ 47]: ( 16.46   6.77   5.04) pol   74.21 ,  azi   53.36; pol   74.21 ,  azi   22.35; modCCdopfac[47] 1.0085
mod 12, crystal 0 [ 48]: ( 12.46  13.48  -2.26) pol   97.01 ,  azi   99.50; pol   97.01 ,  azi   47.25; modCCdopfac[48] 0.9954
mod 12, crystal 1 [ 49]: (  7.28  16.65  -3.46) pol  100.78 ,  azi  101.74; pol  100.78 ,  azi   66.39; modCCdopfac[49] 0.9933
mod 12, crystal 2 [ 50]: (  8.97  16.02   2.26) pol   82.99 ,  azi   81.98; pol   82.99 ,  azi   60.75; modCCdopfac[50] 1.0035
mod 12, crystal 3 [ 51]: ( 13.59  12.07   3.46) pol   79.22 ,  azi   74.00; pol   79.22 ,  azi   41.61; modCCdopfac[51] 1.0057
mod 13, crystal 0 [ 52]: (  2.98  18.23   0.92) pol   87.15 ,  azi   87.11; pol   87.15 ,  azi   80.71; modCCdopfac[52] 1.0011
mod 13, crystal 1 [ 53]: (  1.35  17.75  -5.04) pol  105.79 ,  azi  105.84; pol  105.79 ,  azi   85.65; modCCdopfac[53] 0.9906
mod 13, crystal 2 [ 54]: ( -2.98  18.23  -0.92) pol   92.85 ,  azi   92.89; pol   92.85 ,  azi   99.29; modCCdopfac[54] 0.9978
mod 13, crystal 3 [ 55]: ( -1.35  17.75   5.04) pol   74.21 ,  azi   74.16; pol   74.21 ,  azi   94.35; modCCdopfac[55] 1.0085
mod 14, crystal 0 [ 56]: ( -8.97  16.02  -2.26) pol   97.01 ,  azi   98.02; pol   97.01 ,  azi  119.25; modCCdopfac[56] 0.9954
mod 14, crystal 1 [ 57]: (-13.59  12.07  -3.46) pol  100.78 ,  azi  106.00; pol  100.78 ,  azi  138.39; modCCdopfac[57] 0.9933
mod 14, crystal 2 [ 58]: (-12.46  13.48   2.26) pol   82.99 ,  azi   80.50; pol   82.99 ,  azi  132.75; modCCdopfac[58] 1.0035
mod 14, crystal 3 [ 59]: ( -7.28  16.65   3.46) pol   79.22 ,  azi   78.26; pol   79.22 ,  azi  113.61; modCCdopfac[59] 1.0057
mod 15, crystal 0 [ 60]: (-16.42   8.47   0.92) pol   87.15 ,  azi   83.80; pol   87.15 ,  azi  152.71; modCCdopfac[60] 1.0011
mod 15, crystal 1 [ 61]: (-16.46   6.77  -5.04) pol  105.79 ,  azi  126.64; pol  105.79 ,  azi  157.65; modCCdopfac[61] 0.9906
mod 15, crystal 2 [ 62]: (-18.26   2.80  -0.92) pol   92.85 ,  azi  108.22; pol   92.85 ,  azi  171.29; modCCdopfac[62] 0.9978
mod 15, crystal 3 [ 63]: (-17.30   4.20   5.04) pol   74.21 ,  azi   39.84; pol   74.21 ,  azi  166.35; modCCdopfac[63] 1.0085
mod 16, crystal 0 [ 64]: (-18.01  -3.58  -2.26) pol   97.01 ,  azi -122.21; pol   97.01 ,  azi -168.75; modCCdopfac[64] 0.9954
mod 16, crystal 1 [ 65]: (-15.68  -9.19  -3.46) pol  100.78 ,  azi -110.62; pol  100.78 ,  azi -149.61; modCCdopfac[65] 0.9933
mod 16, crystal 2 [ 66]: (-16.68  -7.69   2.26) pol   82.99 ,  azi  -73.64; pol   82.99 ,  azi -155.25; modCCdopfac[66] 1.0035
mod 16, crystal 3 [ 67]: (-18.09  -1.78   3.46) pol   79.22 ,  azi  -27.18; pol   79.22 ,  azi -174.39; modCCdopfac[67] 1.0057
mod 17, crystal 0 [ 68]: (-13.13 -13.00   0.92) pol   87.15 ,  azi  -85.95; pol   87.15 ,  azi -135.29; modCCdopfac[68] 1.0011
mod 17, crystal 1 [ 69]: (-11.53 -13.57  -5.04) pol  105.79 ,  azi -110.36; pol  105.79 ,  azi -130.35; modCCdopfac[69] 0.9906
mod 17, crystal 2 [ 70]: ( -8.30 -16.51  -0.92) pol   92.85 ,  azi  -93.19; pol   92.85 ,  azi -116.71; modCCdopfac[70] 0.9978
mod 17, crystal 3 [ 71]: ( -9.34 -15.15   5.04) pol   74.21 ,  azi  -71.62; pol   74.21 ,  azi -121.65; modCCdopfac[71] 1.0085
mod 18, crystal 0 [ 72]: ( -2.16 -18.23  -2.26) pol   97.01 ,  azi  -97.05; pol   97.01 ,  azi  -96.75; modCCdopfac[72] 0.9954
mod 18, crystal 1 [ 73]: (  3.90 -17.75  -3.46) pol  100.78 ,  azi -101.03; pol  100.78 ,  azi  -77.61; modCCdopfac[73] 0.9933
mod 18, crystal 2 [ 74]: (  2.16 -18.23   2.26) pol   82.99 ,  azi  -82.95; pol   82.99 ,  azi  -83.25; modCCdopfac[74] 1.0035
mod 18, crystal 3 [ 75]: ( -3.90 -17.75   3.46) pol   79.22 ,  azi  -78.97; pol   79.22 ,  azi -102.39; modCCdopfac[75] 1.0057
mod 19, crystal 0 [ 76]: (  8.30 -16.51   0.92) pol   87.15 ,  azi  -86.81; pol   87.15 ,  azi  -63.29; modCCdopfac[76] 1.0011
mod 19, crystal 1 [ 77]: (  9.34 -15.15  -5.04) pol  105.79 ,  azi -108.38; pol  105.79 ,  azi  -58.35; modCCdopfac[77] 0.9906
mod 19, crystal 2 [ 78]: ( 13.13 -13.00  -0.92) pol   92.85 ,  azi  -94.05; pol   92.85 ,  azi  -44.71; modCCdopfac[78] 0.9978
mod 19, crystal 3 [ 79]: ( 11.53 -13.57   5.04) pol   74.21 ,  azi  -69.64; pol   74.21 ,  azi  -49.65; modCCdopfac[79] 1.0085
mod 20, crystal 0 [ 80]: ( 16.68  -7.69  -2.26) pol   97.01 ,  azi -106.36; pol   97.01 ,  azi  -24.75; modCCdopfac[80] 0.9954
mod 20, crystal 1 [ 81]: ( 18.09  -1.78  -3.46) pol  100.78 ,  azi -152.82; pol  100.78 ,  azi   -5.61; modCCdopfac[81] 0.9933
mod 20, crystal 2 [ 82]: ( 18.01  -3.58   2.26) pol   82.99 ,  azi  -57.79; pol   82.99 ,  azi  -11.25; modCCdopfac[82] 1.0035
mod 20, crystal 3 [ 83]: ( 15.68  -9.19   3.46) pol   79.22 ,  azi  -69.38; pol   79.22 ,  azi  -30.39; modCCdopfac[83] 1.0057
mod 21, crystal 0 [ 84]: ( 14.30   9.42  -7.02) pol  112.29 ,  azi  126.69; pol  112.29 ,  azi   33.37; modCCdopfac[84] 0.9871
mod 21, crystal 1 [ 85]: ( 14.51   4.37 -10.61) pol  124.98 ,  azi  157.60; pol  124.98 ,  azi   16.77; modCCdopfac[85] 0.9809
mod 21, crystal 2 [ 86]: ( 10.80   8.82 -12.16) pol  131.08 ,  azi  144.04; pol  131.08 ,  azi   39.23; modCCdopfac[86] 0.9782
mod 21, crystal 3 [ 87]: (  9.92  13.38  -8.06) pol  115.82 ,  azi  121.06; pol  115.82 ,  azi   53.45; modCCdopfac[87] 0.9853
mod 22, crystal 0 [ 88]: ( -4.54  16.51  -7.02) pol  112.29 ,  azi  113.03; pol  112.29 ,  azi  105.37; modCCdopfac[88] 0.9871
mod 22, crystal 1 [ 89]: (  0.33  15.15 -10.61) pol  124.98 ,  azi  124.99; pol  124.98 ,  azi   88.77; modCCdopfac[89] 0.9809
mod 22, crystal 2 [ 90]: ( -5.05  13.00 -12.16) pol  131.08 ,  azi  133.08; pol  131.08 ,  azi  111.23; modCCdopfac[90] 0.9782
mod 22, crystal 3 [ 91]: ( -9.66  13.57  -8.06) pol  115.82 ,  azi  120.71; pol  115.82 ,  azi  125.45; modCCdopfac[91] 0.9853
mod 23, crystal 0 [ 92]: (-17.10   0.79  -7.02) pol  112.29 ,  azi  173.61; pol  112.29 ,  azi  177.37; modCCdopfac[92] 0.9871
mod 23, crystal 1 [ 93]: (-14.31   4.99 -10.61) pol  124.98 ,  azi  154.79; pol  124.98 ,  azi  160.77; modCCdopfac[93] 0.9809
mod 23, crystal 2 [ 94]: (-13.92  -0.79 -12.16) pol  131.08 ,  azi -176.30; pol  131.08 ,  azi -176.77; modCCdopfac[94] 0.9782
mod 23, crystal 3 [ 95]: (-15.89  -4.99  -8.06) pol  115.82 ,  azi -148.21; pol  115.82 ,  azi -162.55; modCCdopfac[95] 0.9853
mod 24, crystal 0 [ 96]: ( -6.03 -16.02  -7.02) pol  112.29 ,  azi -113.65; pol  112.29 ,  azi -110.63; modCCdopfac[96] 0.9871
mod 24, crystal 1 [ 97]: ( -9.17 -12.07 -10.61) pol  124.98 ,  azi -131.31; pol  124.98 ,  azi -127.23; modCCdopfac[97] 0.9809
mod 24, crystal 2 [ 98]: ( -3.56 -13.48 -12.16) pol  131.08 ,  azi -132.04; pol  131.08 ,  azi -104.77; modCCdopfac[98] 0.9782
mod 24, crystal 3 [ 99]: ( -0.16 -16.65  -8.06) pol  115.82 ,  azi -115.82; pol  115.82 ,  azi  -90.55; modCCdopfac[99] 0.9853
mod 25, crystal 0 [100]: ( 13.37 -10.69  -7.02) pol  112.29 ,  azi -123.29; pol  112.29 ,  azi  -38.63; modCCdopfac[100] 0.9871
mod 25, crystal 1 [101]: (  8.64 -12.45 -10.61) pol  124.98 ,  azi -130.42; pol  124.98 ,  azi  -55.23; modCCdopfac[101] 0.9809
mod 25, crystal 2 [102]: ( 11.73  -7.55 -12.16) pol  131.08 ,  azi -148.16; pol  131.08 ,  azi  -32.77; modCCdopfac[102] 0.9782
mod 25, crystal 3 [103]: ( 15.79  -5.30  -8.06) pol  115.82 ,  azi -146.67; pol  115.82 ,  azi  -18.55; modCCdopfac[103] 0.9853
mod 26, crystal 0 [104]: (  0.29  10.69 -15.10) pol  144.70 ,  azi  144.71; pol  144.70 ,  azi   88.42; modCCdopfac[104] 0.9732
mod 26, crystal 1 [105]: (  5.62  12.45 -12.47) pol  132.40 ,  azi  135.05; pol  132.40 ,  azi   65.70; modCCdopfac[105] 0.9777
mod 26, crystal 2 [106]: (  5.63   7.55 -15.92) pol  149.40 ,  azi  154.64; pol  149.40 ,  azi   53.28; modCCdopfac[106] 0.9718
mod 26, crystal 3 [107]: (  0.15   5.30 -17.72) pol  163.35 ,  azi  163.36; pol  163.35 ,  azi   88.42; modCCdopfac[107] 0.9688
mod 27, crystal 0 [108]: (-10.07   3.58 -15.10) pol  144.70 ,  azi  166.65; pol  144.70 ,  azi  160.42; modCCdopfac[108] 0.9732
mod 27, crystal 1 [109]: (-10.11   9.19 -12.47) pol  132.40 ,  azi  143.61; pol  132.40 ,  azi  137.70; modCCdopfac[109] 0.9777
mod 27, crystal 2 [110]: ( -5.44   7.69 -15.92) pol  149.40 ,  azi  154.23; pol  149.40 ,  azi  125.28; modCCdopfac[110] 0.9718
mod 27, crystal 3 [111]: ( -4.99   1.78 -17.72) pol  163.35 ,  azi  174.28; pol  163.35 ,  azi  160.42; modCCdopfac[111] 0.9688
mod 28, crystal 0 [112]: ( -6.52  -8.47 -15.10) pol  144.70 ,  azi -150.70; pol  144.70 ,  azi -127.58; modCCdopfac[112] 0.9732
mod 28, crystal 1 [113]: (-11.87  -6.77 -12.47) pol  132.40 ,  azi -151.51; pol  132.40 ,  azi -150.30; modCCdopfac[113] 0.9777
mod 28, crystal 2 [114]: ( -8.99  -2.80 -15.92) pol  149.40 ,  azi -170.04; pol  149.40 ,  azi -162.72; modCCdopfac[114] 0.9718
mod 28, crystal 3 [115]: ( -3.23  -4.20 -17.72) pol  163.35 ,  azi -166.67; pol  163.35 ,  azi -127.58; modCCdopfac[115] 0.9688
mod 29, crystal 0 [116]: (  6.04  -8.82 -15.10) pol  144.70 ,  azi -149.71; pol  144.70 ,  azi  -55.58; modCCdopfac[116] 0.9732
mod 29, crystal 1 [117]: (  2.77 -13.38 -12.47) pol  132.40 ,  azi -133.00; pol  132.40 ,  azi  -78.30; modCCdopfac[117] 0.9777
mod 29, crystal 2 [118]: ( -0.12  -9.42 -15.92) pol  149.40 ,  azi -149.40; pol  149.40 ,  azi  -90.72; modCCdopfac[118] 0.9718
mod 29, crystal 3 [119]: (  3.00  -4.37 -17.72) pol  163.35 ,  azi -166.14; pol  163.35 ,  azi  -55.58; modCCdopfac[119] 0.9688
mod 30, crystal 0 [120]: ( 10.25   3.02 -15.10) pol  144.70 ,  azi  168.68; pol  144.70 ,  azi   16.42; modCCdopfac[120] 0.9732
mod 30, crystal 1 [121]: ( 13.58  -1.50 -12.47) pol  132.40 ,  azi -173.15; pol  132.40 ,  azi   -6.30; modCCdopfac[121] 0.9777
mod 30, crystal 2 [122]: (  8.92  -3.02 -15.92) pol  149.40 ,  azi -169.25; pol  149.40 ,  azi  -18.72; modCCdopfac[122] 0.9718
mod 30, crystal 3 [123]: (  5.08   1.50 -17.72) pol  163.35 ,  azi  175.17; pol  163.35 ,  azi   16.42; modCCdopfac[123] 0.9688
setup signal catcher
started sorting... from disk...

Pars.maxTS=4611686018427387904
got initial header, TS=4850854259 ID: 1 length: 464
read initial payload of siz=464 into event position 1
__ptgd[0]->type= 0; ptgd[0]->length=   0; ptgd[0]->timestamp=0
initial ii=1, nn=1
ev#     0 GEB_TYPE_DECOMP        464Bytes TS=4850857097 curTS=4850854259 dTS= 2838
t0=4850854259
first event: GEB_event.mult=1
   0/ 0: ( 1,GEB_TYPE_DECOMP      ) TS=          4850854259; dT=0
maxTS=8644850854259
that is 86400.0 seconds or 24h0m0s minutes of sorting
GEBGetEv returned st=0
we have read 960 bytes; CurEvNo=1

+++++++++++++++++++++++++++++++
*start event # 1 with multiplicity 1 looks like this:
 0>  1, GEB_TYPE_DECOMP      , TS=4850854259
entered bin_mode2: 1/10
ptinp->pad= 6, (ptinp->pad&0x000000ff)= 6
updated CCadd with    0.00
total number of hits in array: 0
exit bin_mode2
entered bin_mode3 @ event number: 1 
exit bin_mode3
*end of event # 1
+++++++++++++++++++++++++++++++
ev#     1 GEB_TYPE_DECOMP        464Bytes TS=4850972091 curTS=4850857097 dTS= 114994
GEBGetEv returned st=0
we have read 1440 bytes; CurEvNo=2

+++++++++++++++++++++++++++++++
*start event # 2 with multiplicity 1 looks like this:
 0>  1, GEB_TYPE_DECOMP      , TS=4850857097
entered bin_mode2: 2/10
ptinp->pad= 6, (ptinp->pad&0x000000ff)= 6
updated CCadd with    0.00
total number of hits in array: 0
exit bin_mode2
entered bin_mode3 @ event number: 2 
exit bin_mode3
*end of event # 2
+++++++++++++++++++++++++++++++
ev#     2 GEB_TYPE_DECOMP        464Bytes TS=4850973003 curTS=4850972091 dTS= 912
GEBGetEv returned st=0
we have read 1920 bytes; CurEvNo=3

+++++++++++++++++++++++++++++++
*start event # 3 with multiplicity 1 looks like this:
 0>  1, GEB_TYPE_DECOMP      , TS=4850972091
entered bin_mode2: 3/10
ptinp->pad= 6, (ptinp->pad&0x000000ff)= 6
updated CCadd with    0.00
total number of hits in array: 0
exit bin_mode2
entered bin_mode3 @ event number: 3 
exit bin_mode3
*end of event # 3
+++++++++++++++++++++++++++++++
ev#     3 GEB_TYPE_DECOMP        464Bytes TS=4850976345 curTS=4850973003 dTS= 3342
GEBGetEv returned st=0
we have read 2400 bytes; CurEvNo=4

+++++++++++++++++++++++++++++++
*start event # 4 with multiplicity 1 looks like this:
 0>  1, GEB_TYPE_DECOMP      , TS=4850973003
entered bin_mode2: 4/10
ptinp->pad= 6, (ptinp->pad&0x000000ff)= 6
updated CCadd with    0.00
total number of hits in array: 0
exit bin_mode2
entered bin_mode3 @ event number: 4 
exit bin_mode3
*end of event # 4
+++++++++++++++++++++++++++++++
ev#     4 GEB_TYPE_DECOMP        464Bytes TS=4850976567 curTS=4850976345 dTS= 222
GEBGetEv returned st=0
we have read 2880 bytes; CurEvNo=5

+++++++++++++++++++++++++++++++
*start event # 5 with multiplicity 1 looks like this:
 0>  1, GEB_TYPE_DECOMP      , TS=4850976345
entered bin_mode2: 5/10
ptinp->pad= 6, (ptinp->pad&0x000000ff)= 6
updated CCadd with    0.00
total number of hits in array: 0
exit bin_mode2
entered bin_mode3 @ event number: 5 
exit bin_mode3
*end of event # 5
+++++++++++++++++++++++++++++++
ev#     5 GEB_TYPE_DECOMP        464Bytes TS=4850976581 curTS=4850976567 dTS= 14
ev#     5 GEB_TYPE_DECOMP        464Bytes TS=4850997681 curTS=4850976567 dTS= 21114
GEBGetEv returned st=0
we have read 3840 bytes; CurEvNo=6

+++++++++++++++++++++++++++++++
*start event # 6 with multiplicity 2 looks like this:
 0>  1, GEB_TYPE_DECOMP      , TS=4850976567
 1>  1, GEB_TYPE_DECOMP      , TS=4850976581
entered bin_mode2: 6/10
ptinp->pad= 6, (ptinp->pad&0x000000ff)= 6
ptinp->pad= 6, (ptinp->pad&0x000000ff)= 6
updated CCadd with    0.00
total number of hits in array: 0
exit bin_mode2
entered bin_mode3 @ event number: 6 
exit bin_mode3
*end of event # 6
+++++++++++++++++++++++++++++++
ev#     6 GEB_TYPE_DECOMP        464Bytes TS=4850999331 curTS=4850997681 dTS= 1650
GEBGetEv returned st=0
we have read 4320 bytes; CurEvNo=7

+++++++++++++++++++++++++++++++
*start event # 7 with multiplicity 1 looks like this:
 0>  1, GEB_TYPE_DECOMP      , TS=4850997681
entered bin_mode2: 7/10
ptinp->pad= 6, (ptinp->pad&0x000000ff)= 6
updated CCadd with    0.00
total number of hits in array: 0
exit bin_mode2
entered bin_mode3 @ event number: 7 
exit bin_mode3
*end of event # 7
+++++++++++++++++++++++++++++++
ev#     7 GEB_TYPE_DECOMP        464Bytes TS=4850999619 curTS=4850999331 dTS= 288
GEBGetEv returned st=0
we have read 4800 bytes; CurEvNo=8

+++++++++++++++++++++++++++++++
*start event # 8 with multiplicity 1 looks like this:
 0>  1, GEB_TYPE_DECOMP      , TS=4850999331
entered bin_mode2: 8/10
ptinp->pad= 6, (ptinp->pad&0x000000ff)= 6
updated CCadd with    0.00
total number of hits in array: 0
exit bin_mode2
entered bin_mode3 @ event number: 8 
exit bin_mode3
*end of event # 8
+++++++++++++++++++++++++++++++
ev#     8 GEB_TYPE_DECOMP        464Bytes TS=4851109833 curTS=4850999619 dTS= 110214
GEBGetEv returned st=0
we have read 5280 bytes; CurEvNo=9

+++++++++++++++++++++++++++++++
*start event # 9 with multiplicity 1 looks like this:
 0>  1, GEB_TYPE_DECOMP      , TS=4850999619
entered bin_mode2: 9/10
ptinp->pad= 6, (ptinp->pad&0x000000ff)= 6
updated CCadd with    0.00
total number of hits in array: 0
exit bin_mode2
entered bin_mode3 @ event number: 9 
exit bin_mode3
*end of event # 9
+++++++++++++++++++++++++++++++
ev#     9 GEB_TYPE_DECOMP        464Bytes TS=4851117131 curTS=4851109833 dTS= 7298
GEBGetEv returned st=0
we have read 5760 bytes; CurEvNo=10

+++++++++++++++++++++++++++++++
*start event # 10 with multiplicity 1 looks like this:
 0>  1, GEB_TYPE_DECOMP      , TS=4851109833
entered bin_mode2: 10/10
ptinp->pad= 0, (ptinp->pad&0x000000ff)= 0
good pad value
mode2 data:  0>  1, GEB_TYPE_DECOMP      , TS=4851109833
number of hits: 3
* 0/1, is GEB_TYPE_DECOMP: num=3
__detno: 68, module: 17, crystalNumber: 0
CCenergies[0]= 478.66
* 0:   13.48,  27.96,  52.23 --> GT:  -15.28, -18.08,   3.46
* 1:   31.16,  19.80,  36.11 --> GT:  -13.16, -18.03,   2.09
* 2:    7.18,  18.65,  38.46 --> GT:  -14.94, -16.52,   2.69
updated CCadd with  478.66
total number of hits in array: 3
exit bin_mode2
entered bin_mode3 @ event number: 10 
exit bin_mode3
*end of event # 10
+++++++++++++++++++++++++++++++
ev#    10 GEB_TYPE_DECOMP        464Bytes TS=4851117137 curTS=4851117131 dTS= 6
ev#    10 GEB_TYPE_DECOMP        464Bytes TS=4851117141 curTS=4851117131 dTS= 10
ev#    10 GEB_TYPE_DECOMP        464Bytes TS=4851158729 curTS=4851117131 dTS= 41598
ev# 50000 GEB_TYPE_DECOMP        464Bytes TS=5278460337 curTS=5278460163 dTS= 174
ev# 100000 GEB_TYPE_DECOMP        464Bytes TS=5710544785 curTS=5710543077 dTS= 1708
ev# 150000 GEB_TYPE_DECOMP        464Bytes TS=6146828507 curTS=6146827181 dTS= 1326
ev# 200000 GEB_TYPE_DECOMP        464Bytes TS=6595457249 curTS=6595457243 dTS= 6
ev# 200000 GEB_TYPE_DECOMP        464Bytes TS=6595457251 curTS=6595457243 dTS= 8
ev# 200000 GEB_TYPE_DECOMP        464Bytes TS=6595457453 curTS=6595457243 dTS= 210
ev# 250000 GEB_TYPE_DECOMP        464Bytes TS=7040188275 curTS=7040188275 dTS= 0
ev# 250000 GEB_TYPE_DECOMP        464Bytes TS=7040188277 curTS=7040188275 dTS= 2
ev# 250000 GEB_TYPE_DECOMP        464Bytes TS=7040188279 curTS=7040188275 dTS= 4
ev# 250000 GEB_TYPE_DECOMP        464Bytes TS=7040188281 curTS=7040188275 dTS= 6
ev# 250000 GEB_TYPE_GT_MOD29      440Bytes TS=7040188299 curTS=7040188275 dTS= 24
ev# 250000 GEB_TYPE_DECOMP        464Bytes TS=7040189363 curTS=7040188275 dTS= 1088
ev# 300000 GEB_TYPE_DECOMP        464Bytes TS=7483379009 curTS=7483378915 dTS= 94
ev# 300000 GEB_TYPE_DECOMP        464Bytes TS=7483379205 curTS=7483378915 dTS= 290
ev# 350000 GEB_TYPE_DECOMP        464Bytes TS=7916535497 curTS=7916524387 dTS= 11110
ev# 400000 GEB_TYPE_DECOMP        464Bytes TS=8358208175 curTS=8358207809 dTS= 366
ev# 450000 GEB_TYPE_DECOMP        464Bytes TS=8793555273 curTS=8793513015 dTS= 42258
ev# 500000 GEB_TYPE_DECOMP        464Bytes TS=9232243391 curTS=9232182189 dTS= 61202
ev# 550000 GEB_TYPE_DECOMP        464Bytes TS=9675851857 curTS=9675851855 dTS= 2
ev# 550000 GEB_TYPE_DECOMP        464Bytes TS=9675851903 curTS=9675851855 dTS= 48
ev# 550000 GEB_TYPE_GT_MOD29      440Bytes TS=9675852543 curTS=9675851855 dTS= 688
ev# 600000 GEB_TYPE_DECOMP        464Bytes TS=10118962355 curTS=10118961913 dTS= 442
ev# 650000 GEB_TYPE_GT_MOD29      440Bytes TS=10555878167 curTS=10555872523 dTS= 5644
ev# 700000 GEB_TYPE_DECOMP        464Bytes TS=10989253975 curTS=10989253753 dTS= 222
ev# 750000 GEB_TYPE_GT_MOD29      440Bytes TS=11424081187 curTS=11424080563 dTS= 624
ev# 800000 GEB_TYPE_DECOMP        464Bytes TS=11870969175 curTS=11870968895 dTS= 280
ev# 850000 GEB_TYPE_DECOMP        464Bytes TS=12307533589 curTS=12307504033 dTS= 29556
ev# 900000 GEB_TYPE_GT_MOD29      440Bytes TS=12749170417 curTS=12749170231 dTS= 186
ev# 950000 GEB_TYPE_GT_MOD29      440Bytes TS=13184460003 curTS=13184459623 dTS= 380
ev# 1000000 GEB_TYPE_DECOMP        464Bytes TS=13613278987 curTS=13613278937 dTS= 50
ev# 1000000 GEB_TYPE_DECOMP        464Bytes TS=13613296351 curTS=13613278937 dTS= 17414
ev# 1050000 GEB_TYPE_DECOMP        464Bytes TS=14056055199 curTS=14056055197 dTS= 2
ev# 1050000 GEB_TYPE_DECOMP        464Bytes TS=14056055203 curTS=14056055197 dTS= 6
ev# 1050000 GEB_TYPE_DECOMP        464Bytes TS=14056055205 curTS=14056055197 dTS= 8
ev# 1050000 GEB_TYPE_GT_MOD29      440Bytes TS=14056055231 curTS=14056055197 dTS= 34
ev# 1050000 GEB_TYPE_DECOMP        464Bytes TS=14056055321 curTS=14056055197 dTS= 124
ev# 1050000 GEB_TYPE_DECOMP        464Bytes TS=14056055403 curTS=14056055197 dTS= 206
ev# 1100000 GEB_TYPE_DECOMP        464Bytes TS=14489094397 curTS=14489094397 dTS= 0
ev# 1100000 GEB_TYPE_DECOMP        464Bytes TS=14489094399 curTS=14489094397 dTS= 2
ev# 1100000 GEB_TYPE_DECOMP        464Bytes TS=14489094401 curTS=14489094397 dTS= 4
ev# 1100000 GEB_TYPE_DECOMP        464Bytes TS=14489094413 curTS=14489094397 dTS= 16
ev# 1100000 GEB_TYPE_DECOMP        464Bytes TS=14489094415 curTS=14489094397 dTS= 18
ev# 1100000 GEB_TYPE_DECOMP        464Bytes TS=14489094415 curTS=14489094397 dTS= 18
ev# 1100000 GEB_TYPE_GT_MOD29      440Bytes TS=14489094471 curTS=14489094397 dTS= 74
ev# 1100000 GEB_TYPE_DECOMP        464Bytes TS=14489097331 curTS=14489094397 dTS= 2934
ev# 1150000 GEB_TYPE_DECOMP        464Bytes TS=14930552397 curTS=14930552199 dTS= 198
ev# 1200000 GEB_TYPE_DECOMP        464Bytes TS=15372013779 curTS=15372012365 dTS= 1414
ev# 1250000 GEB_TYPE_DECOMP        464Bytes TS=15813968081 curTS=15813966375 dTS= 1706
ev# 1300000 GEB_TYPE_GT_MOD29      440Bytes TS=16245891127 curTS=16245889221 dTS= 1906
ev# 1350000 GEB_TYPE_DECOMP        464Bytes TS=16686918995 curTS=16686918993 dTS= 2
ev# 1350000 GEB_TYPE_GT_MOD29      440Bytes TS=16686919581 curTS=16686918993 dTS= 588
ev# 1400000 GEB_TYPE_DECOMP        464Bytes TS=17118787993 curTS=17118756977 dTS= 31016
ev# 1450000 GEB_TYPE_DECOMP        464Bytes TS=17559445363 curTS=17559445233 dTS= 130
ev# 1450000 GEB_TYPE_DECOMP        464Bytes TS=17559453671 curTS=17559445233 dTS= 8438
ev# 1500000 GEB_TYPE_DECOMP        464Bytes TS=17994075509 curTS=17994075503 dTS= 6
ev# 1500000 GEB_TYPE_DECOMP        464Bytes TS=17994075515 curTS=17994075503 dTS= 12
ev# 1500000 GEB_TYPE_DECOMP        464Bytes TS=17994075875 curTS=17994075503 dTS= 372
ev# 1550000 GEB_TYPE_DECOMP        464Bytes TS=18446275431 curTS=18446275377 dTS= 54
ev# 1550000 GEB_TYPE_DECOMP        464Bytes TS=18446293411 curTS=18446275377 dTS= 18034
ev# 1600000 GEB_TYPE_DECOMP        464Bytes TS=18885511921 curTS=18885511895 dTS= 26
ev# 1600000 GEB_TYPE_DECOMP        464Bytes TS=18885512171 curTS=18885511895 dTS= 276
ev# 1650000 GEB_TYPE_DECOMP        464Bytes TS=19328805547 curTS=19328805541 dTS= 6
ev# 1650000 GEB_TYPE_DECOMP        464Bytes TS=19328805549 curTS=19328805541 dTS= 8
ev# 1650000 GEB_TYPE_DECOMP        464Bytes TS=19328805555 curTS=19328805541 dTS= 14
ev# 1650000 GEB_TYPE_GT_MOD29      440Bytes TS=19328805569 curTS=19328805541 dTS= 28
ev# 1650000 GEB_TYPE_DECOMP        464Bytes TS=19328838007 curTS=19328805541 dTS= 32466
ev# 1700000 GEB_TYPE_GT_MOD29      440Bytes TS=19766183231 curTS=19766176785 dTS= 6446
ev# 1750000 GEB_TYPE_DECOMP        464Bytes TS=20205588469 curTS=20205544391 dTS= 44078
ev# 1800000 GEB_TYPE_DECOMP        464Bytes TS=20650203599 curTS=20650203455 dTS= 144
ev# 1800000 GEB_TYPE_DECOMP        464Bytes TS=20650203601 curTS=20650203455 dTS= 146
ev# 1800000 GEB_TYPE_GT_MOD29      440Bytes TS=20650203737 curTS=20650203455 dTS= 282
ev# 1850000 GEB_TYPE_DECOMP        464Bytes TS=21099978061 curTS=21099977705 dTS= 356
ev# 1900000 GEB_TYPE_DECOMP        464Bytes TS=21541190061 curTS=21541189915 dTS= 146
ev# 1900000 GEB_TYPE_DECOMP        464Bytes TS=21541190279 curTS=21541189915 dTS= 364
ev# 1950000 GEB_TYPE_DECOMP        464Bytes TS=21976015557 curTS=21976015557 dTS= 0
ev# 1950000 GEB_TYPE_DECOMP        464Bytes TS=21976020299 curTS=21976015557 dTS= 4742
ev# 2000000 GEB_TYPE_DECOMP        464Bytes TS=22413406529 curTS=22413404929 dTS= 1600
ev# 2050000 GEB_TYPE_DECOMP        464Bytes TS=22852334781 curTS=22852325143 dTS= 9638
ev# 2100000 GEB_TYPE_DECOMP        464Bytes TS=23283783145 curTS=23283783145 dTS= 0
ev# 2100000 GEB_TYPE_DECOMP        464Bytes TS=23283783309 curTS=23283783145 dTS= 164
ev# 2150000 GEB_TYPE_DECOMP        464Bytes TS=23715344649 curTS=23715344639 dTS= 10
ev# 2150000 GEB_TYPE_DECOMP        464Bytes TS=23715344653 curTS=23715344639 dTS= 14
ev# 2150000 GEB_TYPE_DECOMP        464Bytes TS=23715351403 curTS=23715344639 dTS= 6764
ev# 2200000 GEB_TYPE_DECOMP        464Bytes TS=24161073957 curTS=24161073955 dTS= 2
ev# 2200000 GEB_TYPE_DECOMP        464Bytes TS=24161074085 curTS=24161073955 dTS= 130
ev# 2200000 GEB_TYPE_GT_MOD29      440Bytes TS=24161074193 curTS=24161073955 dTS= 238
ev# 2250000 GEB_TYPE_GT_MOD29      440Bytes TS=24603342077 curTS=24603341931 dTS= 146
ev# 2250000 GEB_TYPE_DECOMP        464Bytes TS=24603342339 curTS=24603341931 dTS= 408
ev# 2300000 GEB_TYPE_DECOMP        464Bytes TS=25041946963 curTS=25041946939 dTS= 24
ev# 2300000 GEB_TYPE_DECOMP        464Bytes TS=25041946967 curTS=25041946939 dTS= 28
ev# 2300000 GEB_TYPE_DECOMP        464Bytes TS=25041961687 curTS=25041946939 dTS= 14748
ev# 2350000 GEB_TYPE_DECOMP        464Bytes TS=25482299629 curTS=25482299335 dTS= 294
ev# 2400000 GEB_TYPE_DECOMP        464Bytes TS=25915569597 curTS=25915569505 dTS= 92
ev# 2400000 GEB_TYPE_DECOMP        464Bytes TS=25915570503 curTS=25915569505 dTS= 998
ev# 2450000 GEB_TYPE_GT_MOD29      440Bytes TS=26349666423 curTS=26349599283 dTS= 67140
ev# 2500000 GEB_TYPE_DECOMP        464Bytes TS=26781036533 curTS=26781036533 dTS= 0
ev# 2500000 GEB_TYPE_DECOMP        464Bytes TS=26781036535 curTS=26781036533 dTS= 2
ev# 2500000 GEB_TYPE_DECOMP        464Bytes TS=26781036539 curTS=26781036533 dTS= 6
ev# 2500000 GEB_TYPE_DECOMP        464Bytes TS=26781036553 curTS=26781036533 dTS= 20
ev# 2500000 GEB_TYPE_DECOMP        464Bytes TS=26781036921 curTS=26781036533 dTS= 388
ev# 2550000 GEB_TYPE_GT_MOD29      440Bytes TS=27211542523 curTS=27211529243 dTS= 13280
ev# 2600000 GEB_TYPE_DECOMP        464Bytes TS=27644711799 curTS=27644711797 dTS= 2
ev# 2600000 GEB_TYPE_DECOMP        464Bytes TS=27644711801 curTS=27644711797 dTS= 4
ev# 2600000 GEB_TYPE_DECOMP        464Bytes TS=27644711901 curTS=27644711797 dTS= 104
ev# 2600000 GEB_TYPE_GT_MOD29      440Bytes TS=27644712177 curTS=27644711797 dTS= 380
ev# 2650000 GEB_TYPE_DECOMP        464Bytes TS=28070705045 curTS=28070705021 dTS= 24
ev# 2650000 GEB_TYPE_DECOMP        464Bytes TS=28070705219 curTS=28070705021 dTS= 198
ev# 2700000 GEB_TYPE_DECOMP        464Bytes TS=28501249191 curTS=28501248969 dTS= 222
ev# 2750000 GEB_TYPE_DECOMP        464Bytes TS=28932356869 curTS=28932342337 dTS= 14532
ev# 2800000 GEB_TYPE_DECOMP        464Bytes TS=29371870337 curTS=29371869897 dTS= 440
ev# 2850000 GEB_TYPE_DECOMP        464Bytes TS=29816504023 curTS=29816501633 dTS= 2390
ev# 2900000 GEB_TYPE_GT_MOD29      440Bytes TS=30261745253 curTS=30261745045 dTS= 208
ev# 2950000 GEB_TYPE_GT_MOD29      440Bytes TS=30705997761 curTS=30705997545 dTS= 216
ev# 3000000 GEB_TYPE_DECOMP        464Bytes TS=31146740237 curTS=31146706917 dTS= 33320
ev# 3050000 GEB_TYPE_DECOMP        464Bytes TS=31591885911 curTS=31591885909 dTS= 2
ev# 3050000 GEB_TYPE_DECOMP        464Bytes TS=31591885913 curTS=31591885909 dTS= 4
ev# 3050000 GEB_TYPE_GT_MOD29      440Bytes TS=31591886427 curTS=31591885909 dTS= 518
ev# 3100000 GEB_TYPE_DECOMP        464Bytes TS=32028353353 curTS=32028353257 dTS= 96
ev# 3100000 GEB_TYPE_GT_MOD29      440Bytes TS=32028353903 curTS=32028353257 dTS= 646
ev# 3150000 GEB_TYPE_GT_MOD29      440Bytes TS=32460440947 curTS=32460440713 dTS= 234
ev# 3200000 GEB_TYPE_DECOMP        464Bytes TS=32895596877 curTS=32895511843 dTS= 85034
ev# 3250000 GEB_TYPE_DECOMP        464Bytes TS=33330361635 curTS=33330361631 dTS= 4
ev# 3250000 GEB_TYPE_DECOMP        464Bytes TS=33330361849 curTS=33330361631 dTS= 218
ev# 3300000 GEB_TYPE_DECOMP        464Bytes TS=33770220891 curTS=33770212927 dTS= 7964
ev# 3350000 GEB_TYPE_DECOMP        464Bytes TS=34207663339 curTS=34207657569 dTS= 5770
ev# 3400000 GEB_TYPE_GT_MOD29      440Bytes TS=34642681377 curTS=34642681289 dTS= 88
ev# 3400000 GEB_TYPE_DECOMP        464Bytes TS=34642719189 curTS=34642681289 dTS= 37900
ev# 3450000 GEB_TYPE_DECOMP        464Bytes TS=35086317973 curTS=35086317973 dTS= 0
ev# 3450000 GEB_TYPE_DECOMP        464Bytes TS=35086377525 curTS=35086317973 dTS= 59552
ev# 3500000 GEB_TYPE_DECOMP        464Bytes TS=35526673435 curTS=35526673015 dTS= 420
ev# 3550000 GEB_TYPE_GT_MOD29      440Bytes TS=35965089537 curTS=35965089191 dTS= 346
ev# 3600000 GEB_TYPE_DECOMP        464Bytes TS=36406168329 curTS=36406099817 dTS= 68512
ev# 3650000 GEB_TYPE_DECOMP        464Bytes TS=36848348913 curTS=36848348409 dTS= 504
ev# 3700000 GEB_TYPE_DECOMP        464Bytes TS=37287825175 curTS=37287820017 dTS= 5158
ev# 3750000 GEB_TYPE_GT_MOD29      440Bytes TS=37722266229 curTS=37722266213 dTS= 16
ev# 3750000 GEB_TYPE_DECOMP        464Bytes TS=37722266605 curTS=37722266213 dTS= 392
ev# 3800000 GEB_TYPE_DECOMP        464Bytes TS=38160243067 curTS=38160242743 dTS= 324
ev# 3850000 GEB_TYPE_DECOMP        464Bytes TS=38604651109 curTS=38604650875 dTS= 234
ev# 3900000 GEB_TYPE_DECOMP        464Bytes TS=39031859111 curTS=39031848923 dTS= 10188
ev# 3950000 GEB_TYPE_DECOMP        464Bytes TS=39466932109 curTS=39466932017 dTS= 92
ev# 3950000 GEB_TYPE_DECOMP        464Bytes TS=39466932113 curTS=39466932017 dTS= 96
ev# 3950000 GEB_TYPE_DECOMP        464Bytes TS=39466932609 curTS=39466932017 dTS= 592
ev# 4000000 GEB_TYPE_DECOMP        464Bytes TS=39902707199 curTS=39902707035 dTS= 164
ev# 4050000 GEB_TYPE_DECOMP        464Bytes TS=40340632957 curTS=40340632957 dTS= 0
ev# 4050000 GEB_TYPE_DECOMP        464Bytes TS=40340632957 curTS=40340632957 dTS= 0
ev# 4050000 GEB_TYPE_DECOMP        464Bytes TS=40340632957 curTS=40340632957 dTS= 0
ev# 4050000 GEB_TYPE_DECOMP        464Bytes TS=40340633017 curTS=40340632957 dTS= 60
ev# 4050000 GEB_TYPE_DECOMP        464Bytes TS=40340633401 curTS=40340632957 dTS= 444
ev# 4100000 GEB_TYPE_DECOMP        464Bytes TS=40786250925 curTS=40786176109 dTS= 74816
ev# 4150000 GEB_TYPE_DECOMP        464Bytes TS=41228853831 curTS=41228853825 dTS= 6
ev# 4150000 GEB_TYPE_DECOMP        464Bytes TS=41228853839 curTS=41228853825 dTS= 14
ev# 4150000 GEB_TYPE_GT_MOD29      440Bytes TS=41228854031 curTS=41228853825 dTS= 206
ev# 4200000 GEB_TYPE_DECOMP        464Bytes TS=41673096977 curTS=41673094867 dTS= 2110
ev# 4250000 GEB_TYPE_DECOMP        464Bytes TS=42126391899 curTS=42126391423 dTS= 476
ev# 4300000 GEB_TYPE_DECOMP        464Bytes TS=42575484009 curTS=42575484009 dTS= 0
ev# 4300000 GEB_TYPE_DECOMP        464Bytes TS=42575484009 curTS=42575484009 dTS= 0
ev# 4300000 GEB_TYPE_DECOMP        464Bytes TS=42575484013 curTS=42575484009 dTS= 4
ev# 4300000 GEB_TYPE_DECOMP        464Bytes TS=42575484017 curTS=42575484009 dTS= 8
ev# 4300000 GEB_TYPE_DECOMP        464Bytes TS=42575484445 curTS=42575484009 dTS= 436
ev# 4350000 GEB_TYPE_DECOMP        464Bytes TS=43017364301 curTS=43017364257 dTS= 44
ev# 4350000 GEB_TYPE_DECOMP        464Bytes TS=43017364323 curTS=43017364257 dTS= 66
ev# 4350000 GEB_TYPE_DECOMP        464Bytes TS=43017396433 curTS=43017364257 dTS= 32176
ev# 4400000 GEB_TYPE_DECOMP        464Bytes TS=43465174033 curTS=43465173773 dTS= 260
ev# 4450000 GEB_TYPE_GT_MOD29      132Bytes TS=43906333991 curTS=43906333991 dTS= 0
ev# 4450000 GEB_TYPE_DECOMP        464Bytes TS=43906344853 curTS=43906333991 dTS= 10862
ev# 4500000 GEB_TYPE_GT_MOD29      440Bytes TS=44348200511 curTS=44348200477 dTS= 34
ev# 4500000 GEB_TYPE_DECOMP        464Bytes TS=44348206091 curTS=44348200477 dTS= 5614
ev# 4550000 GEB_TYPE_DECOMP        464Bytes TS=44795973167 curTS=44795963617 dTS= 9550
ev# 4600000 GEB_TYPE_DECOMP        464Bytes TS=45236611341 curTS=45236611293 dTS= 48
ev# 4600000 GEB_TYPE_DECOMP        464Bytes TS=45236611343 curTS=45236611293 dTS= 50
ev# 4600000 GEB_TYPE_DECOMP        464Bytes TS=45236611363 curTS=45236611293 dTS= 70
ev# 4600000 GEB_TYPE_DECOMP        464Bytes TS=45236617201 curTS=45236611293 dTS= 5908
ev# 4650000 GEB_TYPE_DECOMP        464Bytes TS=45674762873 curTS=45674762571 dTS= 302
ev# 4700000 GEB_TYPE_GT_MOD29      440Bytes TS=46104749647 curTS=46104749483 dTS= 164
ev# 4750000 GEB_TYPE_DECOMP        464Bytes TS=46543255115 curTS=46543254881 dTS= 234
ev# 4800000 GEB_TYPE_DECOMP        464Bytes TS=46973497721 curTS=46973497499 dTS= 222
ev# 4850000 GEB_TYPE_GT_MOD29      440Bytes TS=47411648295 curTS=47411648155 dTS= 140
ev# 4850000 GEB_TYPE_DECOMP        464Bytes TS=47411648365 curTS=47411648155 dTS= 210
ev# 4900000 GEB_TYPE_DECOMP        464Bytes TS=47854765693 curTS=47854765487 dTS= 206
ev# 4950000 GEB_TYPE_DECOMP        464Bytes TS=48298892279 curTS=48298892275 dTS= 4
ev# 4950000 GEB_TYPE_DECOMP        464Bytes TS=48298892319 curTS=48298892275 dTS= 44
ev# 4950000 GEB_TYPE_GT_MOD29      440Bytes TS=48298892461 curTS=48298892275 dTS= 186
"GEBSort.command" was not found
time since last dump: 10 minute(s)
*---------------------------------
* you cannot update a disk file.  
  you must wait for sort to finish
  or stop the sort! Ignoring you...
*---------------------------------
continuing the sort...
ev# 5000000 GEB_TYPE_DECOMP        464Bytes TS=48728499075 curTS=48728447137 dTS= 51938
ev# 5050000 GEB_TYPE_GT_MOD29      440Bytes TS=49164294395 curTS=49164293835 dTS= 560
ev# 5100000 GEB_TYPE_DECOMP        464Bytes TS=49598922805 curTS=49598922719 dTS= 86
ev# 5100000 GEB_TYPE_DECOMP        464Bytes TS=49598941415 curTS=49598922719 dTS= 18696
ev# 5150000 GEB_TYPE_DECOMP        464Bytes TS=50036875741 curTS=50036857293 dTS= 18448
ev# 5200000 GEB_TYPE_GT_MOD29      440Bytes TS=50477303755 curTS=50477295421 dTS= 8334
ev# 5250000 GEB_TYPE_DECOMP        464Bytes TS=50910030719 curTS=50909975209 dTS= 55510
ev# 5300000 GEB_TYPE_DECOMP        464Bytes TS=51345502609 curTS=51345502419 dTS= 190
ev# 5350000 GEB_TYPE_DECOMP        464Bytes TS=51776918549 curTS=51776918545 dTS= 4
ev# 5350000 GEB_TYPE_GT_MOD29      440Bytes TS=51776918609 curTS=51776918545 dTS= 64
ev# 5350000 GEB_TYPE_DECOMP        464Bytes TS=51776918791 curTS=51776918545 dTS= 246
ev# 5400000 GEB_TYPE_GT_MOD29      132Bytes TS=52200727139 curTS=52200727139 dTS= 0
ev# 5400000 GEB_TYPE_DECOMP        464Bytes TS=52200757589 curTS=52200727139 dTS= 30450
ev# 5450000 GEB_TYPE_GT_MOD29      440Bytes TS=52635370445 curTS=52635352989 dTS= 17456
ev# 5500000 GEB_TYPE_DECOMP        464Bytes TS=53071953855 curTS=53071953637 dTS= 218
ev# 5550000 GEB_TYPE_DECOMP        464Bytes TS=53513111895 curTS=53513111877 dTS= 18
ev# 5550000 GEB_TYPE_GT_MOD29      440Bytes TS=53513111941 curTS=53513111877 dTS= 64
ev# 5550000 GEB_TYPE_DECOMP        464Bytes TS=53513111991 curTS=53513111877 dTS= 114
ev# 5550000 GEB_TYPE_DECOMP        464Bytes TS=53513111997 curTS=53513111877 dTS= 120
ev# 5550000 GEB_TYPE_DECOMP        464Bytes TS=53513112275 curTS=53513111877 dTS= 398
ev# 5600000 GEB_TYPE_GT_MOD29      396Bytes TS=53959808169 curTS=53959808169 dTS= 0
ev# 5600000 GEB_TYPE_DECOMP        464Bytes TS=53959890137 curTS=53959808169 dTS= 81968
ev# 5650000 GEB_TYPE_DECOMP        464Bytes TS=54405637711 curTS=54405637709 dTS= 2
ev# 5650000 GEB_TYPE_GT_MOD29      440Bytes TS=54405637987 curTS=54405637709 dTS= 278
ev# 5700000 GEB_TYPE_GT_MOD29      440Bytes TS=54852066211 curTS=54852066097 dTS= 114
ev# 5700000 GEB_TYPE_DECOMP        464Bytes TS=54852066373 curTS=54852066097 dTS= 276
ev# 5750000 GEB_TYPE_DECOMP        464Bytes TS=55291370203 curTS=55291370199 dTS= 4
ev# 5750000 GEB_TYPE_DECOMP        464Bytes TS=55291370207 curTS=55291370199 dTS= 8
ev# 5750000 GEB_TYPE_DECOMP        464Bytes TS=55291370209 curTS=55291370199 dTS= 10
ev# 5750000 GEB_TYPE_GT_MOD29      440Bytes TS=55291370475 curTS=55291370199 dTS= 276
ev# 5800000 GEB_TYPE_DECOMP        464Bytes TS=55729243755 curTS=55729243597 dTS= 158
ev# 5850000 GEB_TYPE_DECOMP        464Bytes TS=56171315825 curTS=56171315463 dTS= 362
ev# 5900000 GEB_TYPE_DECOMP        464Bytes TS=56618787181 curTS=56618738977 dTS= 48204
ev# 5950000 GEB_TYPE_DECOMP        464Bytes TS=57072194779 curTS=57072190913 dTS= 3866
ev# 6000000 GEB_TYPE_GT_MOD29      440Bytes TS=57511886435 curTS=57511885861 dTS= 574
ev# 6050000 GEB_TYPE_DECOMP        464Bytes TS=57956196467 curTS=57956196167 dTS= 300
ev# 6100000 GEB_TYPE_GT_MOD29      440Bytes TS=58402560689 curTS=58402560403 dTS= 286
ev# 6150000 GEB_TYPE_DECOMP        464Bytes TS=58846871613 curTS=58846799545 dTS= 72068
ev# 6200000 GEB_TYPE_DECOMP        464Bytes TS=59285278571 curTS=59285278473 dTS= 98
ev# 6200000 GEB_TYPE_DECOMP        464Bytes TS=59285278823 curTS=59285278473 dTS= 350
ev# 6250000 GEB_TYPE_DECOMP        464Bytes TS=59723990005 curTS=59723970755 dTS= 19250
ev# 6300000 GEB_TYPE_DECOMP        464Bytes TS=60159309099 curTS=60159295349 dTS= 13750
ev# 6350000 GEB_TYPE_DECOMP        464Bytes TS=60598572825 curTS=60598572673 dTS= 152
ev# 6400000 GEB_TYPE_DECOMP        464Bytes TS=61051096981 curTS=61051096965 dTS= 16
ev# 6400000 GEB_TYPE_DECOMP        464Bytes TS=61051097569 curTS=61051096965 dTS= 604
ev# 6450000 GEB_TYPE_DECOMP        464Bytes TS=61517877497 curTS=61517877497 dTS= 0
ev# 6450000 GEB_TYPE_DECOMP        464Bytes TS=61517877497 curTS=61517877497 dTS= 0
ev# 6450000 GEB_TYPE_DECOMP        464Bytes TS=61517877537 curTS=61517877497 dTS= 40
ev# 6450000 GEB_TYPE_DECOMP        464Bytes TS=61517881115 curTS=61517877497 dTS= 3618
ev# 6500000 GEB_TYPE_DECOMP        464Bytes TS=61979821811 curTS=61979821599 dTS= 212
ev# 6550000 GEB_TYPE_DECOMP        464Bytes TS=62449438931 curTS=62449438861 dTS= 70
ev# 6550000 GEB_TYPE_DECOMP        464Bytes TS=62449438935 curTS=62449438861 dTS= 74
ev# 6550000 GEB_TYPE_DECOMP        464Bytes TS=62449439441 curTS=62449438861 dTS= 580
ev# 6600000 GEB_TYPE_GT_MOD29      440Bytes TS=62916694199 curTS=62916693873 dTS= 326
ev# 6650000 GEB_TYPE_DECOMP        464Bytes TS=63381611399 curTS=63381611275 dTS= 124
ev# 6650000 GEB_TYPE_DECOMP        464Bytes TS=63381611403 curTS=63381611275 dTS= 128
ev# 6650000 GEB_TYPE_DECOMP        464Bytes TS=63381611413 curTS=63381611275 dTS= 138
ev# 6650000 GEB_TYPE_DECOMP        464Bytes TS=63381612663 curTS=63381611275 dTS= 1388
ev# 6700000 GEB_TYPE_DECOMP        464Bytes TS=63847593797 curTS=63847593741 dTS= 56
ev# 6700000 GEB_TYPE_DECOMP        464Bytes TS=63847614519 curTS=63847593741 dTS= 20778
ev# 6750000 GEB_TYPE_GT_MOD29      440Bytes TS=64307201245 curTS=64307168577 dTS= 32668
ev# 6800000 GEB_TYPE_DECOMP        464Bytes TS=64779632209 curTS=64779631887 dTS= 322
ev# 6850000 GEB_TYPE_DECOMP        464Bytes TS=65250243533 curTS=65250208729 dTS= 34804
ev# 6900000 GEB_TYPE_DECOMP        464Bytes TS=65726219967 curTS=65726219967 dTS= 0
ev# 6900000 GEB_TYPE_DECOMP        464Bytes TS=65726231821 curTS=65726219967 dTS= 11854
ev# 6950000 GEB_TYPE_DECOMP        464Bytes TS=66207844685 curTS=66207844403 dTS= 282
ev# 7000000 GEB_TYPE_DECOMP        464Bytes TS=66690750329 curTS=66690740271 dTS= 10058
ev# 7050000 GEB_TYPE_GT_MOD29      440Bytes TS=67160450743 curTS=67160450669 dTS= 74
ev# 7050000 GEB_TYPE_DECOMP        464Bytes TS=67160473981 curTS=67160450669 dTS= 23312
ev# 7100000 GEB_TYPE_GT_MOD29      440Bytes TS=67645997141 curTS=67645996791 dTS= 350
ev# 7150000 GEB_TYPE_GT_MOD29      440Bytes TS=68128043869 curTS=68128043831 dTS= 38
ev# 7150000 GEB_TYPE_DECOMP        464Bytes TS=68128044065 curTS=68128043831 dTS= 234
ev# 7200000 GEB_TYPE_DECOMP        464Bytes TS=68613275139 curTS=68613275137 dTS= 2
ev# 7200000 GEB_TYPE_DECOMP        464Bytes TS=68613275143 curTS=68613275137 dTS= 6
ev# 7200000 GEB_TYPE_GT_MOD29      440Bytes TS=68613275555 curTS=68613275137 dTS= 418
ev# 7250000 GEB_TYPE_DECOMP        464Bytes TS=69094205739 curTS=69094205625 dTS= 114
ev# 7250000 GEB_TYPE_DECOMP        464Bytes TS=69094208731 curTS=69094205625 dTS= 3106
batflag:: TS<Pars.curTS, reset it at event # 7279367
TS=69316294907, Pars.curTS=69382607205, DT=-66312298
new Pars.curTS=69316294907
we have read 7055297024 bytes so far
failed to read 16 bytes for header, got 0
 GEBGetEv returned 1
we have read 7057306656 bytes; CurEvNo=7282531

Sorting is done
attempting to save root or map file



mean observed polar and azimuth angles
for the detectors we saw (module,crystal)

------------------------------------------
mean pol/azi angle for detector  56 are   96.74/ 119.49
mean pol/azi angle for detector  57 are  100.39/ 138.28
mean pol/azi angle for detector  58 are   83.35/ 132.64
mean pol/azi angle for detector  59 are   79.60/ 114.04
mean pol/azi angle for detector  60 are   87.32/ 152.63
mean pol/azi angle for detector  61 are  105.25/ 157.68
mean pol/azi angle for detector  62 are   93.11/ 168.32
mean pol/azi angle for detector  63 are   73.86/ 165.97
mean pol/azi angle for detector  68 are   87.14/-134.97
mean pol/azi angle for detector  69 are  105.28/-130.01
mean pol/azi angle for detector  70 are   92.89/-116.91
mean pol/azi angle for detector  71 are   74.18/-121.84
mean pol/azi angle for detector  76 are   87.42/ -63.18
mean pol/azi angle for detector  77 are  105.28/ -58.11
mean pol/azi angle for detector  78 are   92.99/ -45.01
mean pol/azi angle for detector  79 are   74.24/ -49.86
mean pol/azi angle for detector  84 are  112.27/  33.63
mean pol/azi angle for detector  85 are  125.18/  17.37
mean pol/azi angle for detector  86 are  130.66/  39.21
mean pol/azi angle for detector  87 are  115.92/  52.92
mean pol/azi angle for detector  88 are  112.42/ 105.51
mean pol/azi angle for detector  89 are  124.93/  89.36
mean pol/azi angle for detector  90 are  130.76/ 111.14
mean pol/azi angle for detector  91 are  115.73/ 125.09
mean pol/azi angle for detector  96 are  112.61/-110.67
mean pol/azi angle for detector  97 are  124.82/-126.63
mean pol/azi angle for detector  98 are  130.90/-104.93
mean pol/azi angle for detector  99 are  115.83/ -91.01
mean pol/azi angle for detector 100 are  112.40/ -38.57
mean pol/azi angle for detector 101 are  124.73/ -55.03
mean pol/azi angle for detector 102 are  130.65/ -33.02
mean pol/azi angle for detector 103 are  115.79/ -19.07
mean pol/azi angle for detector 104 are  144.43/  88.26
mean pol/azi angle for detector 105 are  132.70/  65.84
mean pol/azi angle for detector 106 are  148.86/  53.89
mean pol/azi angle for detector 107 are  162.34/  88.33
mean pol/azi angle for detector 108 are  144.75/ 160.16
mean pol/azi angle for detector 109 are  132.70/ 137.97
mean pol/azi angle for detector 110 are  149.57/ 125.45
mean pol/azi angle for detector 111 are  162.29/ 110.03
mean pol/azi angle for detector 116 are  144.38/ -55.89
mean pol/azi angle for detector 117 are  132.57/ -78.28
mean pol/azi angle for detector 118 are  148.96/ -90.31
mean pol/azi angle for detector 119 are  162.39/ -56.10
we found 44 crystals
------------------------------------------

minimum pol angle between crystals is  18.65
compactness =  64.39%, 85 of 264
module hit statistics
module  14, crystal 0 was hit     667627 times
module  14, crystal 1 was hit     720049 times
module  14, crystal 2 was hit     704940 times
module  14, crystal 3 was hit     628381 times
module  15, crystal 0 was hit     716532 times
module  15, crystal 1 was hit     652049 times
module  15, crystal 2 was hit     615736 times
module  15, crystal 3 was hit     634318 times
module  17, crystal 0 was hit     535434 times
module  17, crystal 1 was hit     521875 times
module  17, crystal 2 was hit     528179 times
module  17, crystal 3 was hit     546300 times
module  19, crystal 0 was hit     494323 times
module  19, crystal 1 was hit     522887 times
module  19, crystal 2 was hit     610700 times
module  19, crystal 3 was hit     591240 times
module  21, crystal 0 was hit     610040 times
module  21, crystal 1 was hit     537095 times
module  21, crystal 2 was hit     634531 times
module  21, crystal 3 was hit     606699 times
module  22, crystal 0 was hit     661518 times
module  22, crystal 1 was hit     613905 times
module  22, crystal 2 was hit     691131 times
module  22, crystal 3 was hit     640939 times
module  24, crystal 0 was hit     498233 times
module  24, crystal 1 was hit     477715 times
module  24, crystal 2 was hit     501093 times
module  24, crystal 3 was hit     461110 times
module  25, crystal 0 was hit     473805 times
module  25, crystal 1 was hit     488225 times
module  25, crystal 2 was hit     486962 times
module  25, crystal 3 was hit     458467 times
module  26, crystal 0 was hit     611141 times
module  26, crystal 1 was hit     602251 times
module  26, crystal 2 was hit     596500 times
module  26, crystal 3 was hit     559262 times
module  27, crystal 0 was hit     635659 times
module  27, crystal 1 was hit     610638 times
module  27, crystal 2 was hit     633047 times
module  27, crystal 3 was hit     578332 times
module  29, crystal 0 was hit     469905 times
module  29, crystal 1 was hit     458027 times
module  29, crystal 2 was hit     539475 times
module  29, crystal 3 was hit     455545 times

bin_mode2: pad distribution
__id   0,     10982112, 92.93%
__id   2,         2055,  0.02%
__id   3,         9713,  0.08%
__id   4,         3551,  0.03%
__id   5,        23130,  0.20%
__id   6,        84114,  0.71%
__id 128,       711762,  6.02%
__id 133,         1265,  0.01%

bin_mode2 calculated mean CCsum energy to be  753.545 keV
bin_mode2 calculated mean CCadd energy to be 1151.735 keV
attempting to close root file...
Pars.f1->Write();
Pars.f1->Print();
TFile: name=/lcrc/project/HELIOS/gretinafma/root_data/run222.root, title=, option=CREATE
TH1.Print Name  = dtbtev, Entries= 14872282, Total sum= 1.48723e+07
TH1.Print Name  = T0, Entries= 0, Total sum= 0
TH1.Print Name  = hitpat, Entries= 10982112, Total sum= 1.09821e+07
TH1.Print Name  = numHitArray2, Entries= 7282531, Total sum= 5.45932e+06
TH1.Print Name  = CCmult, Entries= 7282531, Total sum= 7.28253e+06
TH1.Print Name  = CCsum, Entries= 25280809, Total sum= 1.09819e+07
TH1.Print Name  = hit2, Entries= 1237218, Total sum= 1.23573e+06
TH1.Print Name  = hit3, Entries= 663165, Total sum= 658355
TH1.Print Name  = hit4, Entries= 365616, Total sum= 356957
TH1.Print Name  = CCsum_nodop, Entries= 25280809, Total sum= 1.09819e+07
TH1.Print Name  = CCadd, Entries= 7282531, Total sum= 5.39395e+06
TH1.Print Name  = SEGadd_FPGA, Entries= 1456506200, Total sum= 1.09772e+07
TH1.Print Name  = SEGadd_PSA, Entries= 1456506200, Total sum= 1.09201e+07
TH1.Print Name  = SEGsum_FPGA, Entries= 17002376, Total sum= 1.69993e+07
TH1.Print Name  = SEGsum_PSA, Entries= 25281820, Total sum= 2.50722e+07
TH1.Print Name  = radius_all, Entries= 25281800, Total sum= 2.52818e+07
TH1.Print Name  = rate_mode2_min, Entries= 10982111, Total sum= 183035
TH1.Print Name  = rate_mode2_sec, Entries= 10982111, Total sum= 1.09821e+07
TH1.Print Name  = rate_mode2_intp, Entries= 10982111, Total sum= 421364
TH1.Print Name  = cdtbtev, Entries= 3642212, Total sum= 3.64221e+06
TH1.Print Name  = evsr_all, Entries= 25281800, Total sum= 2.46822e+07
TH1.Print Name  = SMAP_allhits, Entries= 25281820, Total sum= 2.52818e+07
TH1.Print Name  = SMAP_allhits_sq, Entries= 25281820, Total sum= 2.52818e+07
TH1.Print Name  = seghitpat, Entries= 25281820, Total sum= 2.52818e+07
TH1.Print Name  = CCe, Entries= 25280809, Total sum= 1.09819e+07
TH1.Print Name  = ggCC, Entries= 22456394, Total sum= 1.96591e+07
TH1.Print Name  = z_plot, Entries= 25281820, Total sum= 2.52577e+07
TH1.Print Name  = crystal_hit, Entries= 0, Total sum= 0
TH1.Print Name  = SegE, Entries= 25277042, Total sum= 2.5277e+07
TH1.Print Name  = crXcr, Entries= 11228428, Total sum= 1.12284e+07
******************************************************************************
*Tree    :tree      : tree                                                   *
*Entries :   530370 : Total =       200952780 bytes  File  Size =   89772271 *
*        :          : Tree compression factor =   2.24                       *
******************************************************************************
*Br    0 :runNumber : runNumber/I                                            *
*Entries :   530370 : Total  Size=    2124305 bytes  File Size  =      13087 *
*Baskets :       25 : Basket Size=     683520 bytes  Compression= 162.25     *
*............................................................................*
*Br    1 :numHits   : numHits/I                                              *
*Entries :   530370 : Total  Size=    2124247 bytes  File Size  =      13035 *
*Baskets :       25 : Basket Size=     683520 bytes  Compression= 162.89     *
*............................................................................*
*Br    2 :left      : left[numHits]/F                                        *
*Entries :   530370 : Total  Size=    4250368 bytes  File Size  =    1754415 *
*Baskets :       68 : Basket Size=    2731520 bytes  Compression=   2.42     *
*............................................................................*
*Br    3 :right     : right[numHits]/F                                       *
*Entries :   530370 : Total  Size=    4250440 bytes  File Size  =    1773192 *
*Baskets :       68 : Basket Size=    2731520 bytes  Compression=   2.40     *
*............................................................................*
*Br    4 :up        : up[numHits]/F                                          *
*Entries :   530370 : Total  Size=    4250224 bytes  File Size  =    1750666 *
*Baskets :       68 : Basket Size=    2731520 bytes  Compression=   2.43     *
*............................................................................*
*Br    5 :down      : down[numHits]/F                                        *
*Entries :   530370 : Total  Size=    4250368 bytes  File Size  =    1758175 *
*Baskets :       68 : Basket Size=    2731520 bytes  Compression=   2.42     *
*............................................................................*
*Br    6 :e1        : e1[numHits]/F                                          *
*Entries :   530370 : Total  Size=    4250224 bytes  File Size  =    1813806 *
*Baskets :       68 : Basket Size=    2731520 bytes  Compression=   2.34     *
*............................................................................*
*Br    7 :e2        : e2[numHits]/F                                          *
*Entries :   530370 : Total  Size=    4250224 bytes  File Size  =    1784143 *
*Baskets :       68 : Basket Size=    2731520 bytes  Compression=   2.38     *
*............................................................................*
*Br    8 :e3        : e3[numHits]/F                                          *
*Entries :   530370 : Total  Size=    4250224 bytes  File Size  =    1749886 *
*Baskets :       68 : Basket Size=    2731520 bytes  Compression=   2.43     *
*............................................................................*
*Br    9 :tac       : tac[numHits]/F                                         *
*Entries :   530370 : Total  Size=    4250296 bytes  File Size  =    1483799 *
*Baskets :       68 : Basket Size=    2731520 bytes  Compression=   2.86     *
*............................................................................*
*Br   10 :fmaDeltaTime : fmaDeltaTime[numHits]/F                             *
*Entries :   530370 : Total  Size=    4250944 bytes  File Size  =    1878558 *
*Baskets :       68 : Basket Size=    2732032 bytes  Compression=   2.26     *
*............................................................................*
*Br   11 :fmaMult   : fmaMult[10]/I                                          *
*Entries :   530370 : Total  Size=   21236391 bytes  File Size  =     252115 *
*Baskets :      217 : Basket Size=    6831104 bytes  Compression=  84.21     *
*............................................................................*
*Br   12 :gammaMult : gammaMult/I                                            *
*Entries :   530370 : Total  Size=    2124305 bytes  File Size  =     351008 *
*Baskets :       25 : Basket Size=     683520 bytes  Compression=   6.05     *
*............................................................................*
*Br   13 :gammaEnergy : gammaEnergy[gammaMult]/F                             *
*Entries :   530370 : Total  Size=    7048060 bytes  File Size  =    5356040 *
*Baskets :       96 : Basket Size=    3654144 bytes  Compression=   1.32     *
*............................................................................*
*Br   14 :gammaTimestamp : gammaTimestamp[gammaMult]/F                       *
*Entries :   530370 : Total  Size=    7048360 bytes  File Size  =    2435836 *
*Baskets :       96 : Basket Size=    3654144 bytes  Compression=   2.89     *
*............................................................................*
*Br   15 :deltaTime : deltaTime[gammaMult]/F                                 *
*Entries :   530370 : Total  Size=    7047860 bytes  File Size  =    2562120 *
*Baskets :       96 : Basket Size=    3653632 bytes  Compression=   2.75     *
*............................................................................*
*Br   16 :gebMult   : gebMult/I                                              *
*Entries :   530370 : Total  Size=    2124247 bytes  File Size  =     358691 *
*Baskets :       25 : Basket Size=     683520 bytes  Compression=   5.92     *
*............................................................................*
*Br   17 :crysType  : crysType[gebMult]/I                                    *
*Entries :   530370 : Total  Size=    7254707 bytes  File Size  =    1145289 *
*Baskets :       98 : Basket Size=    3722240 bytes  Compression=   6.33     *
*............................................................................*
*Br   18 :crysId    : crysId[gebMult]/I                                      *
*Entries :   530370 : Total  Size=    7254503 bytes  File Size  =    2643087 *
*Baskets :       98 : Basket Size=    3722240 bytes  Compression=   2.74     *
*............................................................................*
*Br   19 :crysNum   : crysNum[gebMult]/I                                     *
*Entries :   530370 : Total  Size=    7254605 bytes  File Size  =    1950564 *
*Baskets :       98 : Basket Size=    3722240 bytes  Compression=   3.72     *
*............................................................................*
*Br   20 :crysTot_e : crysTot_e[gebMult]/F                                   *
*Entries :   530370 : Total  Size=    7254816 bytes  File Size  =    5397574 *
*Baskets :       98 : Basket Size=    3722240 bytes  Compression=   1.34     *
*............................................................................*
*Br   21 :crysPolAngle : crysPolAngle[gebMult]/F                             *
*Entries :   530370 : Total  Size=    7255122 bytes  File Size  =    2410054 *
*Baskets :       98 : Basket Size=    3722752 bytes  Compression=   3.01     *
*............................................................................*
*Br   22 :intMaxX   : intMaxX[gebMult]/F                                     *
*Entries :   530370 : Total  Size=    7254612 bytes  File Size  =    5446017 *
*Baskets :       98 : Basket Size=    3722240 bytes  Compression=   1.33     *
*............................................................................*
*Br   23 :intMaxY   : intMaxY[gebMult]/F                                     *
*Entries :   530370 : Total  Size=    7254612 bytes  File Size  =    5387401 *
*Baskets :       98 : Basket Size=    3722240 bytes  Compression=   1.35     *
*............................................................................*
*Br   24 :intMaxZ   : intMaxZ[gebMult]/F                                     *
*Entries :   530370 : Total  Size=    7254612 bytes  File Size  =    5418223 *
*Baskets :       98 : Basket Size=    3722240 bytes  Compression=   1.34     *
*............................................................................*
*Br   25 :intMaxE   : intMaxE[gebMult]/F                                     *
*Entries :   530370 : Total  Size=    7254612 bytes  File Size  =    5391291 *
*Baskets :       98 : Basket Size=    3722240 bytes  Compression=   1.35     *
*............................................................................*
*Br   26 :intMaxSeg : intMaxSeg[gebMult]/I                                   *
*Entries :   530370 : Total  Size=    7254809 bytes  File Size  =    2553702 *
*Baskets :       98 : Basket Size=    3722240 bytes  Compression=   2.84     *
*............................................................................*
*Br   27 :intMaxSegE : intMaxSegE[gebMult]/F                                 *
*Entries :   530370 : Total  Size=    7254918 bytes  File Size  =    5394653 *
*Baskets :       98 : Basket Size=    3722240 bytes  Compression=   1.34     *
*............................................................................*
*Br   28 :crysTimestamp : crysTimestamp[gebMult]/L                           *
*Entries :   530370 : Total  Size=   12383496 bytes  File Size  =    5294321 *
*Baskets :      151 : Basket Size=    5396992 bytes  Compression=   2.34     *
*............................................................................*
*Br   29 :crysTrigtime : crysTrigtime[gebMult]/D                             *
*Entries :   530370 : Total  Size=   12383341 bytes  File Size  =    9195280 *
*Baskets :      151 : Basket Size=    5396480 bytes  Compression=   1.35     *
*............................................................................*
*Br   30 :crysT0    : crysT0[gebMult]/F                                      *
*Entries :   530370 : Total  Size=    7254510 bytes  File Size  =    5031561 *
*Baskets :       98 : Basket Size=    3722240 bytes  Compression=   1.44     *
*............................................................................*
TH1.Print Name  = eCC_a, Entries= 0, Total sum= 0
TH1.Print Name  = eCC_b, Entries= 0, Total sum= 0
TH1.Print Name  = eCC_c, Entries= 0, Total sum= 0
TH1.Print Name  = eCC_d, Entries= 876058, Total sum= 0
TH1.Print Name  = eSeg, Entries= 0, Total sum= 0
TH1.Print Name  = mode3_hitpat, Entries= 30362180, Total sum= 0
TH1.Print Name  = mode3_hitpat_chan, Entries= 30362180, Total sum= 3.03622e+07
TH1.Print Name  = chan0, Entries= 0, Total sum= 0
TH1.Print Name  = module, Entries= 30362180, Total sum= 3.03622e+07
TH1.Print Name  = chan, Entries= 30362180, Total sum= 3.03426e+07
TH1.Print Name  = l, Entries= 3036218, Total sum= 3.03584e+06
TH1.Print Name  = r, Entries= 3036218, Total sum= 3.03618e+06
TH1.Print Name  = up, Entries= 3036218, Total sum= 3.0362e+06
TH1.Print Name  = down, Entries= 3036218, Total sum= 3.03621e+06
TH1.Print Name  = sumlr, Entries= 2952319, Total sum= 2.95232e+06
TH1.Print Name  = sumud, Entries= 2841362, Total sum= 2.84136e+06
TH1.Print Name  = x, Entries= 2952319, Total sum= 2.95232e+06
TH1.Print Name  = y, Entries= 2841362, Total sum= 2.84136e+06
TH1.Print Name  = de1, Entries= 3036218, Total sum= 3.03597e+06
TH1.Print Name  = de2, Entries= 3036218, Total sum= 3.03622e+06
TH1.Print Name  = de3, Entries= 3036218, Total sum= 3.03018e+06
TH1.Print Name  = de12, Entries= 2686096, Total sum= 2.6861e+06
TH1.Print Name  = etot, Entries= 2686096, Total sum= 2.6861e+06
TH1.Print Name  = rftof, Entries= 3036218, Total sum= 3.02521e+06
TH1.Print Name  = lr, Entries= 7282531, Total sum= 7.28213e+06
TH1.Print Name  = ud, Entries= 7282531, Total sum= 7.28252e+06
TH1.Print Name  = ede1, Entries= 2686096, Total sum= 2.6861e+06
TH1.Print Name  = ede1g, Entries= 500433, Total sum= 500319
TH1.Print Name  = ede2, Entries= 2686096, Total sum= 2.6861e+06
TH1.Print Name  = ede12, Entries= 2686096, Total sum= 2.6861e+06
TH1.Print Name  = xde1, Entries= 2686096, Total sum= 2.6861e+06
TH1.Print Name  = erftof, Entries= 7282531, Total sum= 7.27152e+06
TH1.Print Name  = erftofg, Entries= 206096, Total sum= 205522
TH1.Print Name  = sumehi, Entries= 10982112, Total sum= 1.09821e+07
TH1.Print Name  = tgppac, Entries= 10982112, Total sum= 2.79022e+06
TH1.Print Name  = tgppacg, Entries= 500433, Total sum= 500433
TH1.Print Name  = xehi1, Entries= 10982112, Total sum= 1.09821e+07
TH1.Print Name  = xehi1g, Entries= 500433, Total sum= 500431
TH1.Print Name  = de1ehi, Entries= 10982112, Total sum= 1.09817e+07
TH1.Print Name  = de1ehig, Entries= 500433, Total sum= 500317
TH1.Print Name  = ng, Entries= 7282531, Total sum= 7.28253e+06
TH1.Print Name  = ehiz1, Entries= 0, Total sum= 0
TH1.Print Name  = ehiz2, Entries= 0, Total sum= 0
TH1.Print Name  = ehiz3, Entries= 0, Total sum= 0
TH1.Print Name  = ehiz4, Entries= 0, Total sum= 0
TH1.Print Name  = ehiz5, Entries= 0, Total sum= 0
TH1.Print Name  = gg_dt, Entries= 578680, Total sum= 578680
TH1.Print Name  = gg, Entries= 1157360, Total sum= 1.14117e+06
TH1.Print Name  = gg_z1, Entries= 0, Total sum= 0
TH1.Print Name  = gg_z2, Entries= 0, Total sum= 0
TH1.Print Name  = gg_z3, Entries= 0, Total sum= 0
TH1.Print Name  = gg_z4, Entries= 0, Total sum= 0
TH1.Print Name  = gg_z5, Entries= 0, Total sum= 0
Pars.f1->Close();
done saving rootfile "/lcrc/project/HELIOS/gretinafma/root_data/run222.root


read 7282531 events; Pars.beta=0.0330; time since last update 3 minutes
CommandFileName="GEBSort.command"

sorted timestamp range 4850854259-->69436955845: 64586101586
that is 645.9 seconds or 0h10m45s
^^^^^ any timestamp jumps will upset this accounting

hit statistics per type
 1 GEB_TYPE_DECOMP         11817702 ;  18297.59 Hz 
 8 GEB_TYPE_GT_MOD29        3054581 ;   4729.47 Hz 
read a total of              14872283 ; header/payloads


nn1=0
nn2=14872284
nn3=14872284

nok_validate= 7282531, ntot_validate=7282531; validate fraction 100.00%

bytes read=7057306656, 6730.372101 MB

boniva sancta! ...GEBSort (unexpectedly) did not crash!

 ** GEBSort is done at 
