started GEBSort at we have 9 arguments
1... -input
will take input from disk
file size is 439350348 bytes or 429 MBytes

4... -rootfile
rootfile name specified on command line
__will store spectra in rootfile: /lcrc/project/HELIOS/gretinafma/root_data/run280.root
will recreate root file
7... -chat
core file size          (blocks, -c) unlimited
data seg size           (kbytes, -d) unlimited
scheduling priority             (-e) 0
file size               (blocks, -f) unlimited
pending signals                 (-i) 510311
max locked memory       (kbytes, -l) unlimited
max memory size         (kbytes, -m) 128769024
open files                      (-n) 51200
pipe size            (512 bytes, -p) 8
POSIX message queues     (bytes, -q) 819200
real-time priority              (-r) 0
stack size              (kbytes, -s) unlimited
cpu time               (seconds, -t) unlimited
max user processes              (-u) 4096
virtual memory          (kbytes, -v) unlimited
file locks                      (-x) unlimited
will read sorting instructions from chatfile: GEBSort.chat

executing UserDeclare.h code


GEBsort running on: 

initializing

crmat.LINUX is open (input) binary format
read 7936 bytes into Pars.crmat
chat file: <GEBSort.chat> open

will sort a max of 1410065408 events
will sort 86400 minutes of data
will print details of the first 10 events
will use Pars.Beta (v/c) correction of 0.033000
will sort using a time window of 150
Pars.do_bin_mode2=1
Pars.do_bin_mode3=1
will accept second interaction range between 10.000000 and 500.000000 mm
"1-200"
detector   1 is ENABLED
detector   2 is ENABLED
detector   3 is ENABLED
detector   4 is ENABLED
detector   5 is ENABLED
detector   6 is ENABLED
detector   7 is ENABLED
detector   8 is ENABLED
detector   9 is ENABLED
detector  10 is ENABLED
detector  11 is ENABLED
detector  12 is ENABLED
detector  13 is ENABLED
detector  14 is ENABLED
detector  15 is ENABLED
detector  16 is ENABLED
detector  17 is ENABLED
detector  18 is ENABLED
detector  19 is ENABLED
detector  20 is ENABLED
detector  21 is ENABLED
detector  22 is ENABLED
detector  23 is ENABLED
detector  24 is ENABLED
detector  25 is ENABLED
detector  26 is ENABLED
detector  27 is ENABLED
detector  28 is ENABLED
detector  29 is ENABLED
detector  30 is ENABLED
detector  31 is ENABLED
detector  32 is ENABLED
detector  33 is ENABLED
detector  34 is ENABLED
detector  35 is ENABLED
detector  36 is ENABLED
detector  37 is ENABLED
detector  38 is ENABLED
detector  39 is ENABLED
detector  40 is ENABLED
detector  41 is ENABLED
detector  42 is ENABLED
detector  43 is ENABLED
detector  44 is ENABLED
detector  45 is ENABLED
detector  46 is ENABLED
detector  47 is ENABLED
detector  48 is ENABLED
detector  49 is ENABLED
detector  50 is ENABLED
detector  51 is ENABLED
detector  52 is ENABLED
detector  53 is ENABLED
detector  54 is ENABLED
detector  55 is ENABLED
detector  56 is ENABLED
detector  57 is ENABLED
detector  58 is ENABLED
detector  59 is ENABLED
detector  60 is ENABLED
detector  61 is ENABLED
detector  62 is ENABLED
detector  63 is ENABLED
detector  64 is ENABLED
detector  65 is ENABLED
detector  66 is ENABLED
detector  67 is ENABLED
detector  68 is ENABLED
detector  69 is ENABLED
detector  70 is ENABLED
detector  71 is ENABLED
detector  72 is ENABLED
detector  73 is ENABLED
detector  74 is ENABLED
detector  75 is ENABLED
detector  76 is ENABLED
detector  77 is ENABLED
detector  78 is ENABLED
detector  79 is ENABLED
detector  80 is ENABLED
detector  81 is ENABLED
detector  82 is ENABLED
detector  83 is ENABLED
detector  84 is ENABLED
detector  85 is ENABLED
detector  86 is ENABLED
detector  87 is ENABLED
detector  88 is ENABLED
detector  89 is ENABLED
detector  90 is ENABLED
detector  91 is ENABLED
detector  92 is ENABLED
detector  93 is ENABLED
detector  94 is ENABLED
detector  95 is ENABLED
detector  96 is ENABLED
detector  97 is ENABLED
detector  98 is ENABLED
detector  99 is ENABLED
detector 100 is ENABLED
detector 101 is ENABLED
detector 102 is ENABLED
detector 103 is ENABLED
detector 104 is ENABLED
detector 105 is ENABLED
detector 106 is ENABLED
detector 107 is ENABLED
detector 108 is ENABLED
detector 109 is ENABLED
detector 110 is ENABLED
detector 111 is ENABLED
detector 112 is ENABLED
detector 113 is ENABLED
detector 114 is ENABLED
detector 115 is ENABLED
detector 116 is ENABLED
detector 117 is ENABLED
detector 118 is ENABLED
detector 119 is ENABLED
detector 120 is ENABLED
detector 121 is ENABLED
detector 122 is ENABLED
detector 123 is ENABLED
detector 124 is ENABLED
detector 125 is ENABLED
detector 126 is ENABLED
detector 127 is ENABLED
detector 128 is ENABLED
detector 129 is ENABLED
detector 130 is ENABLED
detector 131 is ENABLED
detector 132 is ENABLED
detector 133 is ENABLED
detector 134 is ENABLED
detector 135 is ENABLED
detector 136 is ENABLED
detector 137 is ENABLED
detector 138 is ENABLED
detector 139 is ENABLED
detector 140 is ENABLED
detector 141 is ENABLED
detector 142 is ENABLED
detector 143 is ENABLED
detector 144 is ENABLED
detector 145 is ENABLED
detector 146 is ENABLED
detector 147 is ENABLED
detector 148 is ENABLED
detector 149 is ENABLED
detector 150 is ENABLED
detector 151 is ENABLED
detector 152 is ENABLED
detector 153 is ENABLED
detector 154 is ENABLED
detector 155 is ENABLED
detector 156 is ENABLED
detector 157 is ENABLED
detector 158 is ENABLED
detector 159 is ENABLED
detector 160 is ENABLED
detector 161 is ENABLED
detector 162 is ENABLED
detector 163 is ENABLED
detector 164 is ENABLED
detector 165 is ENABLED
detector 166 is ENABLED
detector 167 is ENABLED
detector 168 is ENABLED
detector 169 is ENABLED
detector 170 is ENABLED
detector 171 is ENABLED
detector 172 is ENABLED
detector 173 is ENABLED
detector 174 is ENABLED
detector 175 is ENABLED
detector 176 is ENABLED
detector 177 is ENABLED
detector 178 is ENABLED
detector 179 is ENABLED
detector 180 is ENABLED
detector 181 is ENABLED
detector 182 is ENABLED
detector 183 is ENABLED
detector 184 is ENABLED
detector 185 is ENABLED
detector 186 is ENABLED
detector 187 is ENABLED
detector 188 is ENABLED
detector 189 is ENABLED
detector 190 is ENABLED
detector 191 is ENABLED
detector 192 is ENABLED
detector 193 is ENABLED
detector 194 is ENABLED
detector 195 is ENABLED
detector 196 is ENABLED
detector 197 is ENABLED
detector 198 is ENABLED
detector 199 is ENABLED
WARNING: could not open CCcal file "CCenergy.cal", quit
will use beam direction 0.000000 0.000000 1.000000
vector length= 1.000000, normalizing
will use beam direction 0.000000 0.000000 1.000000
Pars.ndetlimlo=1,Pars.ndetlimhi=8
will require mult bt: 1 20
fomlimits, 1, 0.00 ..to.. 0.80
fomlimits, 2, 0.00 ..to.. 0.80
fomlimits, 3, 0.00 ..to.. 0.80
fomlimits, 4, 0.00 ..to.. 0.80
fomlimits, 5, 0.00 ..to.. 0.80
fomlimits, 6, 0.00 ..to.. 0.80
fomlimits, 7, 0.00 ..to.. 0.80
will use M= 350.000000 in bin_dgs
will use PZ file "dgs_pz.cal" in bin_dgs
will use ecal file "dgs_ehi.cal" in bin_dgs
will skip rest of chat file

chat file: <GEBSort.chat> closed
processed 38 sort instructions and 197 lines


sorting this:
Pars.do_bin_mode3 = 1
Pars.do_bin_mode2 = 1
Pars.do_bin_mode1 = 0
Pars.do_bin_dgs = 0
Pars.do_bin_dfma = 0
Pars.do_bin_gtcal = 0
Pars.do_bin_template = 0
Pars.do_bin_final = 0
Pars.do_bin_angcor = 0
Pars.do_bin_angdis = 0
checking proper input of chat file...
input file "/lcrc/project/HELIOS/gretinafma/merged_data/GEBMerged_run280.gtd_000" is open, inData=0x24c7f440
file size is 439350348 bytes or 429 MBs 
input source is set up, supposedly

xyz offset values:

executing ShareMemFileUserInit.h code

deleted \rm -f GEBSort.command
root file </lcrc/project/HELIOS/gretinafma/root_data/run280.root>
base=</lcrc/project/HELIOS/gretinafma/root_data/run280.root:/>
TFile: name=/lcrc/project/HELIOS/gretinafma/root_data/run280.root, title=, option=CREATE

executing UserInit.h code

Created Object "dtbtev", 0x25cd4a30
Created Object "T0", 0x25cd4e40
, "T0"Created Object "hitpat", 0x25cd5230
, "hitpat"Created Object "numHitArray2", 0x25cd5c80
, "numHitArray2"Created Object "CCmult", 0x25cd6740
, "CC Multiplicity"Created Object "CCsum", 0x25fa8450
, "CCsum"Created Object "hit2", 0x25fb8260
, "hit2"Created Object "hit3", 0x25fc8070
, "hit3"Created Object "hit4", 0x25fd7e80
, "hit4"Created Object "CCsum_nodop", 0x25fe7c90
, "CCsum_nodop"Created Object "CCadd", 0x25ff7aa0
, "CCadd"Created Object "SEGadd_FPGA", 0x260078b0
Created Object "SEGadd_PSA", 0x26007cc0
Created Object "SEGsum_FPGA", 0x260080d0
Created Object "SEGsum_PSA", 0x260084e0
Created Object "radius_all", 0x260088f0
, "radius (all points)"Created Object "rate_mode2_min", 0x26010d00
, "rate_mode2_min headers"Created Object "rate_mode2_sec", 0x26013e10
, "rate_mode2_sec headers"Created Object "rate_mode2_intp", 0x26016f20
, "rate_mode2 interaction points"Created Object "cdtbtev", 0x2601a030
Created Object "evsr_all", 0x260dffa0
Created Object "SMAP_allhits", 0x260e04e0
Created Object "SMAP_allhits_sq", 0x261dfe70
Created Object "seghitpat", 0x262df800
Created Object "CCe", 0x262e7c00
Created Object "ggCC", 0x262e81b0
Created Object "z_plot", 0x262e8760
Created Object "crystal_hit", 0x2639be30
Created Object "SegE", 0x2639c400
Created Object "crXcr", 0x2639c940
MAXDETPOS=180
Created Object "eCC_a", 0x26491020
Created Object "eCC_b", 0x26491430
Created Object "eCC_c", 0x26491900
Created Object "eCC_d", 0x26491e80
Created Object "eSeg", 0x264923c0
Created Object "mode3_hitpat", 0x26492970
, "mode3_hitpat"Created Object "mode3_hitpat_chan", 0x264932e0
, "mode3_hitpat_chan"Created Object "chan0", 0x26493a20
, "chan0"Created Object "module", 0x264a7850
, "module"Created Object "chan", 0x264bb680
Created Object "l", 0x26530fa0
, "l"Created Object "r", 0x26544dd0
, "r"Created Object "up", 0x26558b90
, "up"Created Object "down", 0x2656c950
, "down"Created Object "sumlr", 0x26580780
, "sumlr"Created Object "sumud", 0x265945b0
, "sumud"Created Object "x", 0x265a83e0
, "x"Created Object "y", 0x265bc210
, "y"Created Object "de1", 0x265d0040
, "de1"Created Object "de2", 0x265e3e00
, "de2"Created Object "de3", 0x265f7bc0
, "de3"Created Object "de12", 0x2660b9f0
, "de12"Created Object "etot", 0x2661f820
, "etot"Created Object "rftof", 0x266335e0
, "rftof"Created Object "lr", 0x266473a0
Created Object "ud", 0x266478e0
Created Object "ede1", 0x26647e20
Created Object "ede1g", 0x26648360
Created Object "ede2", 0x26648910
Created Object "ede12", 0x26648ec0
Created Object "xde1", 0x26649470
Created Object "erftof", 0x266499b0
Created Object "erftofg", 0x26649ef0
Created Object "sumehi", 0x2664a4a0
, "sumehi"Created Object "tgppac", 0x2665e260
, "tgppac"Created Object "tgppacg", 0x26685910
, "tgppacg"Created Object "xehi1", 0x266acfc0
Created Object "xehi1g", 0x266ad500
Created Object "de1ehi", 0x266adab0
Created Object "de1ehig", 0x266adff0
Created Object "ng", 0x266ae530
, "ng"Created Object "ehiz1", 0x266c22f0
, "ehiz1"Created Object "ehiz2", 0x266d60b0
, "ehiz2"Created Object "ehiz3", 0x266e9ee0
, "ehiz3"Created Object "ehiz4", 0x266fdd10
, "ehiz4"Created Object "ehiz5", 0x26711b40
, "ehiz5"Created Object "gg_dt", 0x26725900
, "gg_dt"Created Object "gg", 0x26729d30
Created Object "gg_z1", 0x2672a2e0
Created Object "gg_z2", 0x2672a890
Created Object "gg_z3", 0x2672ae40
Created Object "gg_z4", 0x2672b3f0
Created Object "gg_z5", 0x2672b930
we have define the following ROOT spectra:
Collection name='THashList', class='THashList', size=84
 TH1.Print Name  = dtbtev, Entries= 0, Total sum= 0
 TH1.Print Name  = T0, Entries= 0, Total sum= 0
 TH1.Print Name  = hitpat, Entries= 0, Total sum= 0
 TH1.Print Name  = numHitArray2, Entries= 0, Total sum= 0
 TH1.Print Name  = CCmult, Entries= 0, Total sum= 0
 TH1.Print Name  = CCsum, Entries= 0, Total sum= 0
 TH1.Print Name  = hit2, Entries= 0, Total sum= 0
 TH1.Print Name  = hit3, Entries= 0, Total sum= 0
 TH1.Print Name  = hit4, Entries= 0, Total sum= 0
 TH1.Print Name  = CCsum_nodop, Entries= 0, Total sum= 0
 TH1.Print Name  = CCadd, Entries= 0, Total sum= 0
 TH1.Print Name  = SEGadd_FPGA, Entries= 0, Total sum= 0
 TH1.Print Name  = SEGadd_PSA, Entries= 0, Total sum= 0
 TH1.Print Name  = SEGsum_FPGA, Entries= 0, Total sum= 0
 TH1.Print Name  = SEGsum_PSA, Entries= 0, Total sum= 0
 TH1.Print Name  = radius_all, Entries= 0, Total sum= 0
 TH1.Print Name  = rate_mode2_min, Entries= 0, Total sum= 0
 TH1.Print Name  = rate_mode2_sec, Entries= 0, Total sum= 0
 TH1.Print Name  = rate_mode2_intp, Entries= 0, Total sum= 0
 TH1.Print Name  = cdtbtev, Entries= 0, Total sum= 0
 TH1.Print Name  = evsr_all, Entries= 0, Total sum= 0
 TH1.Print Name  = SMAP_allhits, Entries= 0, Total sum= 0
 TH1.Print Name  = SMAP_allhits_sq, Entries= 0, Total sum= 0
 TH1.Print Name  = seghitpat, Entries= 0, Total sum= 0
 TH1.Print Name  = CCe, Entries= 0, Total sum= 0
 TH1.Print Name  = ggCC, Entries= 0, Total sum= 0
 TH1.Print Name  = z_plot, Entries= 0, Total sum= 0
 TH1.Print Name  = crystal_hit, Entries= 0, Total sum= 0
 TH1.Print Name  = SegE, Entries= 0, Total sum= 0
 TH1.Print Name  = crXcr, Entries= 0, Total sum= 0
 ******************************************************************************
*Tree    :tree      : tree                                                   *
*Entries :        0 : Total =           16301 bytes  File  Size =          0 *
*        :          : Tree compression factor =   1.00                       *
******************************************************************************
*Br    0 :runNumber : runNumber/I                                            *
*Entries :        0 : Total  Size=        501 bytes  One basket in memory    *
*Baskets :        0 : Basket Size=      32000 bytes  Compression=   1.00     *
*............................................................................*
*Br    1 :numHits   : numHits/I                                              *
*Entries :        0 : Total  Size=        493 bytes  One basket in memory    *
*Baskets :        0 : Basket Size=      32000 bytes  Compression=   1.00     *
*............................................................................*
*Br    2 :left      : left[numHits]/F                                        *
*Entries :        0 : Total  Size=        580 bytes  One basket in memory    *
*Baskets :        0 : Basket Size=      32000 bytes  Compression=   1.00     *
*............................................................................*
*Br    3 :right     : right[numHits]/F                                       *
*Entries :        0 : Total  Size=        584 bytes  One basket in memory    *
*Baskets :        0 : Basket Size=      32000 bytes  Compression=   1.00     *
*............................................................................*
*Br    4 :up        : up[numHits]/F                                          *
*Entries :        0 : Total  Size=        572 bytes  One basket in memory    *
*Baskets :        0 : Basket Size=      32000 bytes  Compression=   1.00     *
*............................................................................*
*Br    5 :down      : down[numHits]/F                                        *
*Entries :        0 : Total  Size=        580 bytes  One basket in memory    *
*Baskets :        0 : Basket Size=      32000 bytes  Compression=   1.00     *
*............................................................................*
*Br    6 :e1        : e1[numHits]/F                                          *
*Entries :        0 : Total  Size=        572 bytes  One basket in memory    *
*Baskets :        0 : Basket Size=      32000 bytes  Compression=   1.00     *
*............................................................................*
*Br    7 :e2        : e2[numHits]/F                                          *
*Entries :        0 : Total  Size=        572 bytes  One basket in memory    *
*Baskets :        0 : Basket Size=      32000 bytes  Compression=   1.00     *
*............................................................................*
*Br    8 :e3        : e3[numHits]/F                                          *
*Entries :        0 : Total  Size=        572 bytes  One basket in memory    *
*Baskets :        0 : Basket Size=      32000 bytes  Compression=   1.00     *
*............................................................................*
*Br    9 :tac       : tac[numHits]/F                                         *
*Entries :        0 : Total  Size=        576 bytes  One basket in memory    *
*Baskets :        0 : Basket Size=      32000 bytes  Compression=   1.00     *
*............................................................................*
*Br   10 :fmaDeltaTime : fmaDeltaTime[numHits]/F                             *
*Entries :        0 : Total  Size=        612 bytes  One basket in memory    *
*Baskets :        0 : Basket Size=      32000 bytes  Compression=   1.00     *
*............................................................................*
*Br   11 :fmaMult   : fmaMult[10]/I                                          *
*Entries :        0 : Total  Size=        501 bytes  One basket in memory    *
*Baskets :        0 : Basket Size=      32000 bytes  Compression=   1.00     *
*............................................................................*
*Br   12 :gammaMult : gammaMult/I                                            *
*Entries :        0 : Total  Size=        501 bytes  One basket in memory    *
*Baskets :        0 : Basket Size=      32000 bytes  Compression=   1.00     *
*............................................................................*
*Br   13 :gammaEnergy : gammaEnergy[gammaMult]/F                             *
*Entries :        0 : Total  Size=        616 bytes  One basket in memory    *
*Baskets :        0 : Basket Size=      32000 bytes  Compression=   1.00     *
*............................................................................*
*Br   14 :gammaTimestamp : gammaTimestamp[gammaMult]/F                       *
*Entries :        0 : Total  Size=        628 bytes  One basket in memory    *
*Baskets :        0 : Basket Size=      32000 bytes  Compression=   1.00     *
*............................................................................*
*Br   15 :deltaTime : deltaTime[gammaMult]/F                                 *
*Entries :        0 : Total  Size=        608 bytes  One basket in memory    *
*Baskets :        0 : Basket Size=      32000 bytes  Compression=   1.00     *
*............................................................................*
*Br   16 :gebMult   : gebMult/I                                              *
*Entries :        0 : Total  Size=        493 bytes  One basket in memory    *
*Baskets :        0 : Basket Size=      32000 bytes  Compression=   1.00     *
*............................................................................*
*Br   17 :crysType  : crysType[gebMult]/I                                    *
*Entries :        0 : Total  Size=        589 bytes  One basket in memory    *
*Baskets :        0 : Basket Size=      32000 bytes  Compression=   1.00     *
*............................................................................*
*Br   18 :crysId    : crysId[gebMult]/I                                      *
*Entries :        0 : Total  Size=        581 bytes  One basket in memory    *
*Baskets :        0 : Basket Size=      32000 bytes  Compression=   1.00     *
*............................................................................*
*Br   19 :crysNum   : crysNum[gebMult]/I                                     *
*Entries :        0 : Total  Size=        585 bytes  One basket in memory    *
*Baskets :        0 : Basket Size=      32000 bytes  Compression=   1.00     *
*............................................................................*
*Br   20 :crysTot_e : crysTot_e[gebMult]/F                                   *
*Entries :        0 : Total  Size=        600 bytes  One basket in memory    *
*Baskets :        0 : Basket Size=      32000 bytes  Compression=   1.00     *
*............................................................................*
*Br   21 :crysPolAngle : crysPolAngle[gebMult]/F                             *
*Entries :        0 : Total  Size=        612 bytes  One basket in memory    *
*Baskets :        0 : Basket Size=      32000 bytes  Compression=   1.00     *
*............................................................................*
*Br   22 :intMaxX   : intMaxX[gebMult]/F                                     *
*Entries :        0 : Total  Size=        592 bytes  One basket in memory    *
*Baskets :        0 : Basket Size=      32000 bytes  Compression=   1.00     *
*............................................................................*
*Br   23 :intMaxY   : intMaxY[gebMult]/F                                     *
*Entries :        0 : Total  Size=        592 bytes  One basket in memory    *
*Baskets :        0 : Basket Size=      32000 bytes  Compression=   1.00     *
*............................................................................*
*Br   24 :intMaxZ   : intMaxZ[gebMult]/F                                     *
*Entries :        0 : Total  Size=        592 bytes  One basket in memory    *
*Baskets :        0 : Basket Size=      32000 bytes  Compression=   1.00     *
*............................................................................*
*Br   25 :intMaxE   : intMaxE[gebMult]/F                                     *
*Entries :        0 : Total  Size=        592 bytes  One basket in memory    *
*Baskets :        0 : Basket Size=      32000 bytes  Compression=   1.00     *
*............................................................................*
*Br   26 :intMaxSeg : intMaxSeg[gebMult]/I                                   *
*Entries :        0 : Total  Size=        593 bytes  One basket in memory    *
*Baskets :        0 : Basket Size=      32000 bytes  Compression=   1.00     *
*............................................................................*
*Br   27 :intMaxSegE : intMaxSegE[gebMult]/F                                 *
*Entries :        0 : Total  Size=        604 bytes  One basket in memory    *
*Baskets :        0 : Basket Size=      32000 bytes  Compression=   1.00     *
*............................................................................*
*Br   28 :crysTimestamp : crysTimestamp[gebMult]/L                           *
*Entries :        0 : Total  Size=        624 bytes  One basket in memory    *
*Baskets :        0 : Basket Size=      32000 bytes  Compression=   1.00     *
*............................................................................*
*Br   29 :crysTrigtime : crysTrigtime[gebMult]/D                             *
*Entries :        0 : Total  Size=        620 bytes  One basket in memory    *
*Baskets :        0 : Basket Size=      32000 bytes  Compression=   1.00     *
*............................................................................*
*Br   30 :crysT0    : crysT0[gebMult]/F                                      *
*Entries :        0 : Total  Size=        588 bytes  One basket in memory    *
*Baskets :        0 : Basket Size=      32000 bytes  Compression=   1.00     *
*............................................................................*
 TH1.Print Name  = eCC_a, Entries= 0, Total sum= 0
 TH1.Print Name  = eCC_b, Entries= 0, Total sum= 0
 TH1.Print Name  = eCC_c, Entries= 0, Total sum= 0
 TH1.Print Name  = eCC_d, Entries= 0, Total sum= 0
 TH1.Print Name  = eSeg, Entries= 0, Total sum= 0
 TH1.Print Name  = mode3_hitpat, Entries= 0, Total sum= 0
 TH1.Print Name  = mode3_hitpat_chan, Entries= 0, Total sum= 0
 TH1.Print Name  = chan0, Entries= 0, Total sum= 0
 TH1.Print Name  = module, Entries= 0, Total sum= 0
 TH1.Print Name  = chan, Entries= 0, Total sum= 0
 TH1.Print Name  = l, Entries= 0, Total sum= 0
 TH1.Print Name  = r, Entries= 0, Total sum= 0
 TH1.Print Name  = up, Entries= 0, Total sum= 0
 TH1.Print Name  = down, Entries= 0, Total sum= 0
 TH1.Print Name  = sumlr, Entries= 0, Total sum= 0
 TH1.Print Name  = sumud, Entries= 0, Total sum= 0
 TH1.Print Name  = x, Entries= 0, Total sum= 0
 TH1.Print Name  = y, Entries= 0, Total sum= 0
 TH1.Print Name  = de1, Entries= 0, Total sum= 0
 TH1.Print Name  = de2, Entries= 0, Total sum= 0
 TH1.Print Name  = de3, Entries= 0, Total sum= 0
 TH1.Print Name  = de12, Entries= 0, Total sum= 0
 TH1.Print Name  = etot, Entries= 0, Total sum= 0
 TH1.Print Name  = rftof, Entries= 0, Total sum= 0
 TH1.Print Name  = lr, Entries= 0, Total sum= 0
 TH1.Print Name  = ud, Entries= 0, Total sum= 0
 TH1.Print Name  = ede1, Entries= 0, Total sum= 0
 TH1.Print Name  = ede1g, Entries= 0, Total sum= 0
 TH1.Print Name  = ede2, Entries= 0, Total sum= 0
 TH1.Print Name  = ede12, Entries= 0, Total sum= 0
 TH1.Print Name  = xde1, Entries= 0, Total sum= 0
 TH1.Print Name  = erftof, Entries= 0, Total sum= 0
 TH1.Print Name  = erftofg, Entries= 0, Total sum= 0
 TH1.Print Name  = sumehi, Entries= 0, Total sum= 0
 TH1.Print Name  = tgppac, Entries= 0, Total sum= 0
 TH1.Print Name  = tgppacg, Entries= 0, Total sum= 0
 TH1.Print Name  = xehi1, Entries= 0, Total sum= 0
 TH1.Print Name  = xehi1g, Entries= 0, Total sum= 0
 TH1.Print Name  = de1ehi, Entries= 0, Total sum= 0
 TH1.Print Name  = de1ehig, Entries= 0, Total sum= 0
 TH1.Print Name  = ng, Entries= 0, Total sum= 0
 TH1.Print Name  = ehiz1, Entries= 0, Total sum= 0
 TH1.Print Name  = ehiz2, Entries= 0, Total sum= 0
 TH1.Print Name  = ehiz3, Entries= 0, Total sum= 0
 TH1.Print Name  = ehiz4, Entries= 0, Total sum= 0
 TH1.Print Name  = ehiz5, Entries= 0, Total sum= 0
 TH1.Print Name  = gg_dt, Entries= 0, Total sum= 0
 TH1.Print Name  = gg, Entries= 0, Total sum= 0
 TH1.Print Name  = gg_z1, Entries= 0, Total sum= 0
 TH1.Print Name  = gg_z2, Entries= 0, Total sum= 0
 TH1.Print Name  = gg_z3, Entries= 0, Total sum= 0
 TH1.Print Name  = gg_z4, Entries= 0, Total sum= 0
 TH1.Print Name  = gg_z5, Entries= 0, Total sum= 0
GRETINA detector angles
mod  1, crystal 0 [  4]: ( 10.07   3.58  15.10) pol   35.30 ,  azi   13.35; pol   35.30 ,  azi   19.58; modCCdopfac[4] 1.0271
mod  1, crystal 1 [  5]: ( 10.11   9.19  12.47) pol   47.60 ,  azi   36.39; pol   47.60 ,  azi   42.30; modCCdopfac[5] 1.0222
mod  1, crystal 2 [  6]: (  5.44   7.69  15.92) pol   30.60 ,  azi   25.77; pol   30.60 ,  azi   54.72; modCCdopfac[6] 1.0287
mod  1, crystal 3 [  7]: (  4.99   1.78  17.72) pol   16.65 ,  azi    5.72; pol   16.65 ,  azi   19.58; modCCdopfac[7] 1.0321
mod  2, crystal 0 [  8]: ( -0.29  10.69  15.10) pol   35.30 ,  azi   35.29; pol   35.30 ,  azi   91.58; modCCdopfac[8] 1.0271
mod  2, crystal 1 [  9]: ( -5.62  12.45  12.47) pol   47.60 ,  azi   44.95; pol   47.60 ,  azi  114.30; modCCdopfac[9] 1.0222
mod  2, crystal 2 [ 10]: ( -5.63   7.55  15.92) pol   30.60 ,  azi   25.36; pol   30.60 ,  azi  126.72; modCCdopfac[10] 1.0287
mod  2, crystal 3 [ 11]: ( -0.15   5.30  17.72) pol   16.65 ,  azi   16.64; pol   16.65 ,  azi   91.58; modCCdopfac[11] 1.0321
mod  3, crystal 0 [ 12]: (-10.25   3.02  15.10) pol   35.30 ,  azi   11.32; pol   35.30 ,  azi  163.58; modCCdopfac[12] 1.0271
mod  3, crystal 1 [ 13]: (-13.58  -1.50  12.47) pol   47.60 ,  azi   -6.85; pol   47.60 ,  azi -173.70; modCCdopfac[13] 1.0222
mod  3, crystal 2 [ 14]: ( -8.92  -3.02  15.92) pol   30.60 ,  azi  -10.75; pol   30.60 ,  azi -161.28; modCCdopfac[14] 1.0287
mod  3, crystal 3 [ 15]: ( -5.08   1.50  17.72) pol   16.65 ,  azi    4.83; pol   16.65 ,  azi  163.58; modCCdopfac[15] 1.0321
mod  4, crystal 0 [ 16]: ( -6.04  -8.82  15.10) pol   35.30 ,  azi  -30.29; pol   35.30 ,  azi -124.42; modCCdopfac[16] 1.0271
mod  4, crystal 1 [ 17]: ( -2.77 -13.38  12.47) pol   47.60 ,  azi  -47.00; pol   47.60 ,  azi -101.70; modCCdopfac[17] 1.0222
mod  4, crystal 2 [ 18]: (  0.12  -9.42  15.92) pol   30.60 ,  azi  -30.60; pol   30.60 ,  azi  -89.28; modCCdopfac[18] 1.0287
mod  4, crystal 3 [ 19]: ( -3.00  -4.37  17.72) pol   16.65 ,  azi  -13.86; pol   16.65 ,  azi -124.42; modCCdopfac[19] 1.0321
mod  5, crystal 0 [ 20]: (  6.52  -8.47  15.10) pol   35.30 ,  azi  -29.30; pol   35.30 ,  azi  -52.42; modCCdopfac[20] 1.0271
mod  5, crystal 1 [ 21]: ( 11.87  -6.77  12.47) pol   47.60 ,  azi  -28.49; pol   47.60 ,  azi  -29.70; modCCdopfac[21] 1.0222
mod  5, crystal 2 [ 22]: (  8.99  -2.80  15.92) pol   30.60 ,  azi   -9.96; pol   30.60 ,  azi  -17.28; modCCdopfac[22] 1.0287
mod  5, crystal 3 [ 23]: (  3.23  -4.20  17.72) pol   16.65 ,  azi  -13.33; pol   16.65 ,  azi  -52.42; modCCdopfac[23] 1.0321
mod  6, crystal 0 [ 24]: (  4.54  16.51   7.02) pol   67.71 ,  azi   66.97; pol   67.71 ,  azi   74.63; modCCdopfac[24] 1.0121
mod  6, crystal 1 [ 25]: ( -0.33  15.15  10.61) pol   55.02 ,  azi   55.01; pol   55.02 ,  azi   91.23; modCCdopfac[25] 1.0187
mod  6, crystal 2 [ 26]: (  5.05  13.00  12.16) pol   48.92 ,  azi   46.92; pol   48.92 ,  azi   68.77; modCCdopfac[26] 1.0216
mod  6, crystal 3 [ 27]: (  9.66  13.57   8.06) pol   64.18 ,  azi   59.29; pol   64.18 ,  azi   54.55; modCCdopfac[27] 1.0140
mod  7, crystal 0 [ 28]: (-14.30   9.42   7.02) pol   67.71 ,  azi   53.31; pol   67.71 ,  azi  146.63; modCCdopfac[28] 1.0121
mod  7, crystal 1 [ 29]: (-14.51   4.37  10.61) pol   55.02 ,  azi   22.40; pol   55.02 ,  azi  163.23; modCCdopfac[29] 1.0187
mod  7, crystal 2 [ 30]: (-10.80   8.82  12.16) pol   48.92 ,  azi   35.96; pol   48.92 ,  azi  140.77; modCCdopfac[30] 1.0216
mod  7, crystal 3 [ 31]: ( -9.92  13.38   8.06) pol   64.18 ,  azi   58.94; pol   64.18 ,  azi  126.55; modCCdopfac[31] 1.0140
mod  8, crystal 0 [ 32]: (-13.37 -10.69   7.02) pol   67.71 ,  azi  -56.71; pol   67.71 ,  azi -141.37; modCCdopfac[32] 1.0121
mod  8, crystal 1 [ 33]: ( -8.64 -12.45  10.61) pol   55.02 ,  azi  -49.58; pol   55.02 ,  azi -124.77; modCCdopfac[33] 1.0187
mod  8, crystal 2 [ 34]: (-11.73  -7.55  12.16) pol   48.92 ,  azi  -31.84; pol   48.92 ,  azi -147.23; modCCdopfac[34] 1.0216
mod  8, crystal 3 [ 35]: (-15.79  -5.30   8.06) pol   64.18 ,  azi  -33.33; pol   64.18 ,  azi -161.45; modCCdopfac[35] 1.0140
mod  9, crystal 0 [ 36]: (  6.03 -16.02   7.02) pol   67.71 ,  azi  -66.35; pol   67.71 ,  azi  -69.37; modCCdopfac[36] 1.0121
mod  9, crystal 1 [ 37]: (  9.17 -12.07  10.61) pol   55.02 ,  azi  -48.69; pol   55.02 ,  azi  -52.77; modCCdopfac[37] 1.0187
mod  9, crystal 2 [ 38]: (  3.56 -13.48  12.16) pol   48.92 ,  azi  -47.96; pol   48.92 ,  azi  -75.23; modCCdopfac[38] 1.0216
mod  9, crystal 3 [ 39]: (  0.16 -16.65   8.06) pol   64.18 ,  azi  -64.18; pol   64.18 ,  azi  -89.45; modCCdopfac[39] 1.0140
mod 10, crystal 0 [ 40]: ( 17.10   0.79   7.02) pol   67.71 ,  azi    6.39; pol   67.71 ,  azi    2.63; modCCdopfac[40] 1.0121
mod 10, crystal 1 [ 41]: ( 14.31   4.99  10.61) pol   55.02 ,  azi   25.21; pol   55.02 ,  azi   19.23; modCCdopfac[41] 1.0187
mod 10, crystal 2 [ 42]: ( 13.92  -0.79  12.16) pol   48.92 ,  azi   -3.70; pol   48.92 ,  azi   -3.23; modCCdopfac[42] 1.0216
mod 10, crystal 3 [ 43]: ( 15.89  -4.99   8.06) pol   64.18 ,  azi  -31.79; pol   64.18 ,  azi  -17.45; modCCdopfac[43] 1.0140
mod 11, crystal 0 [ 44]: ( 18.26   2.80   0.92) pol   87.15 ,  azi   71.78; pol   87.15 ,  azi    8.71; modCCdopfac[44] 1.0011
mod 11, crystal 1 [ 45]: ( 17.30   4.20  -5.04) pol  105.79 ,  azi  140.16; pol  105.79 ,  azi   13.65; modCCdopfac[45] 0.9906
mod 11, crystal 2 [ 46]: ( 16.42   8.47  -0.92) pol   92.85 ,  azi   96.20; pol   92.85 ,  azi   27.29; modCCdopfac[46] 0.9978
mod 11, crystal 3 [ 47]: ( 16.46   6.77   5.04) pol   74.21 ,  azi   53.36; pol   74.21 ,  azi   22.35; modCCdopfac[47] 1.0085
mod 12, crystal 0 [ 48]: ( 12.46  13.48  -2.26) pol   97.01 ,  azi   99.50; pol   97.01 ,  azi   47.25; modCCdopfac[48] 0.9954
mod 12, crystal 1 [ 49]: (  7.28  16.65  -3.46) pol  100.78 ,  azi  101.74; pol  100.78 ,  azi   66.39; modCCdopfac[49] 0.9933
mod 12, crystal 2 [ 50]: (  8.97  16.02   2.26) pol   82.99 ,  azi   81.98; pol   82.99 ,  azi   60.75; modCCdopfac[50] 1.0035
mod 12, crystal 3 [ 51]: ( 13.59  12.07   3.46) pol   79.22 ,  azi   74.00; pol   79.22 ,  azi   41.61; modCCdopfac[51] 1.0057
mod 13, crystal 0 [ 52]: (  2.98  18.23   0.92) pol   87.15 ,  azi   87.11; pol   87.15 ,  azi   80.71; modCCdopfac[52] 1.0011
mod 13, crystal 1 [ 53]: (  1.35  17.75  -5.04) pol  105.79 ,  azi  105.84; pol  105.79 ,  azi   85.65; modCCdopfac[53] 0.9906
mod 13, crystal 2 [ 54]: ( -2.98  18.23  -0.92) pol   92.85 ,  azi   92.89; pol   92.85 ,  azi   99.29; modCCdopfac[54] 0.9978
mod 13, crystal 3 [ 55]: ( -1.35  17.75   5.04) pol   74.21 ,  azi   74.16; pol   74.21 ,  azi   94.35; modCCdopfac[55] 1.0085
mod 14, crystal 0 [ 56]: ( -8.97  16.02  -2.26) pol   97.01 ,  azi   98.02; pol   97.01 ,  azi  119.25; modCCdopfac[56] 0.9954
mod 14, crystal 1 [ 57]: (-13.59  12.07  -3.46) pol  100.78 ,  azi  106.00; pol  100.78 ,  azi  138.39; modCCdopfac[57] 0.9933
mod 14, crystal 2 [ 58]: (-12.46  13.48   2.26) pol   82.99 ,  azi   80.50; pol   82.99 ,  azi  132.75; modCCdopfac[58] 1.0035
mod 14, crystal 3 [ 59]: ( -7.28  16.65   3.46) pol   79.22 ,  azi   78.26; pol   79.22 ,  azi  113.61; modCCdopfac[59] 1.0057
mod 15, crystal 0 [ 60]: (-16.42   8.47   0.92) pol   87.15 ,  azi   83.80; pol   87.15 ,  azi  152.71; modCCdopfac[60] 1.0011
mod 15, crystal 1 [ 61]: (-16.46   6.77  -5.04) pol  105.79 ,  azi  126.64; pol  105.79 ,  azi  157.65; modCCdopfac[61] 0.9906
mod 15, crystal 2 [ 62]: (-18.26   2.80  -0.92) pol   92.85 ,  azi  108.22; pol   92.85 ,  azi  171.29; modCCdopfac[62] 0.9978
mod 15, crystal 3 [ 63]: (-17.30   4.20   5.04) pol   74.21 ,  azi   39.84; pol   74.21 ,  azi  166.35; modCCdopfac[63] 1.0085
mod 16, crystal 0 [ 64]: (-18.01  -3.58  -2.26) pol   97.01 ,  azi -122.21; pol   97.01 ,  azi -168.75; modCCdopfac[64] 0.9954
mod 16, crystal 1 [ 65]: (-15.68  -9.19  -3.46) pol  100.78 ,  azi -110.62; pol  100.78 ,  azi -149.61; modCCdopfac[65] 0.9933
mod 16, crystal 2 [ 66]: (-16.68  -7.69   2.26) pol   82.99 ,  azi  -73.64; pol   82.99 ,  azi -155.25; modCCdopfac[66] 1.0035
mod 16, crystal 3 [ 67]: (-18.09  -1.78   3.46) pol   79.22 ,  azi  -27.18; pol   79.22 ,  azi -174.39; modCCdopfac[67] 1.0057
mod 17, crystal 0 [ 68]: (-13.13 -13.00   0.92) pol   87.15 ,  azi  -85.95; pol   87.15 ,  azi -135.29; modCCdopfac[68] 1.0011
mod 17, crystal 1 [ 69]: (-11.53 -13.57  -5.04) pol  105.79 ,  azi -110.36; pol  105.79 ,  azi -130.35; modCCdopfac[69] 0.9906
mod 17, crystal 2 [ 70]: ( -8.30 -16.51  -0.92) pol   92.85 ,  azi  -93.19; pol   92.85 ,  azi -116.71; modCCdopfac[70] 0.9978
mod 17, crystal 3 [ 71]: ( -9.34 -15.15   5.04) pol   74.21 ,  azi  -71.62; pol   74.21 ,  azi -121.65; modCCdopfac[71] 1.0085
mod 18, crystal 0 [ 72]: ( -2.16 -18.23  -2.26) pol   97.01 ,  azi  -97.05; pol   97.01 ,  azi  -96.75; modCCdopfac[72] 0.9954
mod 18, crystal 1 [ 73]: (  3.90 -17.75  -3.46) pol  100.78 ,  azi -101.03; pol  100.78 ,  azi  -77.61; modCCdopfac[73] 0.9933
mod 18, crystal 2 [ 74]: (  2.16 -18.23   2.26) pol   82.99 ,  azi  -82.95; pol   82.99 ,  azi  -83.25; modCCdopfac[74] 1.0035
mod 18, crystal 3 [ 75]: ( -3.90 -17.75   3.46) pol   79.22 ,  azi  -78.97; pol   79.22 ,  azi -102.39; modCCdopfac[75] 1.0057
mod 19, crystal 0 [ 76]: (  8.30 -16.51   0.92) pol   87.15 ,  azi  -86.81; pol   87.15 ,  azi  -63.29; modCCdopfac[76] 1.0011
mod 19, crystal 1 [ 77]: (  9.34 -15.15  -5.04) pol  105.79 ,  azi -108.38; pol  105.79 ,  azi  -58.35; modCCdopfac[77] 0.9906
mod 19, crystal 2 [ 78]: ( 13.13 -13.00  -0.92) pol   92.85 ,  azi  -94.05; pol   92.85 ,  azi  -44.71; modCCdopfac[78] 0.9978
mod 19, crystal 3 [ 79]: ( 11.53 -13.57   5.04) pol   74.21 ,  azi  -69.64; pol   74.21 ,  azi  -49.65; modCCdopfac[79] 1.0085
mod 20, crystal 0 [ 80]: ( 16.68  -7.69  -2.26) pol   97.01 ,  azi -106.36; pol   97.01 ,  azi  -24.75; modCCdopfac[80] 0.9954
mod 20, crystal 1 [ 81]: ( 18.09  -1.78  -3.46) pol  100.78 ,  azi -152.82; pol  100.78 ,  azi   -5.61; modCCdopfac[81] 0.9933
mod 20, crystal 2 [ 82]: ( 18.01  -3.58   2.26) pol   82.99 ,  azi  -57.79; pol   82.99 ,  azi  -11.25; modCCdopfac[82] 1.0035
mod 20, crystal 3 [ 83]: ( 15.68  -9.19   3.46) pol   79.22 ,  azi  -69.38; pol   79.22 ,  azi  -30.39; modCCdopfac[83] 1.0057
mod 21, crystal 0 [ 84]: ( 14.30   9.42  -7.02) pol  112.29 ,  azi  126.69; pol  112.29 ,  azi   33.37; modCCdopfac[84] 0.9871
mod 21, crystal 1 [ 85]: ( 14.51   4.37 -10.61) pol  124.98 ,  azi  157.60; pol  124.98 ,  azi   16.77; modCCdopfac[85] 0.9809
mod 21, crystal 2 [ 86]: ( 10.80   8.82 -12.16) pol  131.08 ,  azi  144.04; pol  131.08 ,  azi   39.23; modCCdopfac[86] 0.9782
mod 21, crystal 3 [ 87]: (  9.92  13.38  -8.06) pol  115.82 ,  azi  121.06; pol  115.82 ,  azi   53.45; modCCdopfac[87] 0.9853
mod 22, crystal 0 [ 88]: ( -4.54  16.51  -7.02) pol  112.29 ,  azi  113.03; pol  112.29 ,  azi  105.37; modCCdopfac[88] 0.9871
mod 22, crystal 1 [ 89]: (  0.33  15.15 -10.61) pol  124.98 ,  azi  124.99; pol  124.98 ,  azi   88.77; modCCdopfac[89] 0.9809
mod 22, crystal 2 [ 90]: ( -5.05  13.00 -12.16) pol  131.08 ,  azi  133.08; pol  131.08 ,  azi  111.23; modCCdopfac[90] 0.9782
mod 22, crystal 3 [ 91]: ( -9.66  13.57  -8.06) pol  115.82 ,  azi  120.71; pol  115.82 ,  azi  125.45; modCCdopfac[91] 0.9853
mod 23, crystal 0 [ 92]: (-17.10   0.79  -7.02) pol  112.29 ,  azi  173.61; pol  112.29 ,  azi  177.37; modCCdopfac[92] 0.9871
mod 23, crystal 1 [ 93]: (-14.31   4.99 -10.61) pol  124.98 ,  azi  154.79; pol  124.98 ,  azi  160.77; modCCdopfac[93] 0.9809
mod 23, crystal 2 [ 94]: (-13.92  -0.79 -12.16) pol  131.08 ,  azi -176.30; pol  131.08 ,  azi -176.77; modCCdopfac[94] 0.9782
mod 23, crystal 3 [ 95]: (-15.89  -4.99  -8.06) pol  115.82 ,  azi -148.21; pol  115.82 ,  azi -162.55; modCCdopfac[95] 0.9853
mod 24, crystal 0 [ 96]: ( -6.03 -16.02  -7.02) pol  112.29 ,  azi -113.65; pol  112.29 ,  azi -110.63; modCCdopfac[96] 0.9871
mod 24, crystal 1 [ 97]: ( -9.17 -12.07 -10.61) pol  124.98 ,  azi -131.31; pol  124.98 ,  azi -127.23; modCCdopfac[97] 0.9809
mod 24, crystal 2 [ 98]: ( -3.56 -13.48 -12.16) pol  131.08 ,  azi -132.04; pol  131.08 ,  azi -104.77; modCCdopfac[98] 0.9782
mod 24, crystal 3 [ 99]: ( -0.16 -16.65  -8.06) pol  115.82 ,  azi -115.82; pol  115.82 ,  azi  -90.55; modCCdopfac[99] 0.9853
mod 25, crystal 0 [100]: ( 13.37 -10.69  -7.02) pol  112.29 ,  azi -123.29; pol  112.29 ,  azi  -38.63; modCCdopfac[100] 0.9871
mod 25, crystal 1 [101]: (  8.64 -12.45 -10.61) pol  124.98 ,  azi -130.42; pol  124.98 ,  azi  -55.23; modCCdopfac[101] 0.9809
mod 25, crystal 2 [102]: ( 11.73  -7.55 -12.16) pol  131.08 ,  azi -148.16; pol  131.08 ,  azi  -32.77; modCCdopfac[102] 0.9782
mod 25, crystal 3 [103]: ( 15.79  -5.30  -8.06) pol  115.82 ,  azi -146.67; pol  115.82 ,  azi  -18.55; modCCdopfac[103] 0.9853
mod 26, crystal 0 [104]: (  0.29  10.69 -15.10) pol  144.70 ,  azi  144.71; pol  144.70 ,  azi   88.42; modCCdopfac[104] 0.9732
mod 26, crystal 1 [105]: (  5.62  12.45 -12.47) pol  132.40 ,  azi  135.05; pol  132.40 ,  azi   65.70; modCCdopfac[105] 0.9777
mod 26, crystal 2 [106]: (  5.63   7.55 -15.92) pol  149.40 ,  azi  154.64; pol  149.40 ,  azi   53.28; modCCdopfac[106] 0.9718
mod 26, crystal 3 [107]: (  0.15   5.30 -17.72) pol  163.35 ,  azi  163.36; pol  163.35 ,  azi   88.42; modCCdopfac[107] 0.9688
mod 27, crystal 0 [108]: (-10.07   3.58 -15.10) pol  144.70 ,  azi  166.65; pol  144.70 ,  azi  160.42; modCCdopfac[108] 0.9732
mod 27, crystal 1 [109]: (-10.11   9.19 -12.47) pol  132.40 ,  azi  143.61; pol  132.40 ,  azi  137.70; modCCdopfac[109] 0.9777
mod 27, crystal 2 [110]: ( -5.44   7.69 -15.92) pol  149.40 ,  azi  154.23; pol  149.40 ,  azi  125.28; modCCdopfac[110] 0.9718
mod 27, crystal 3 [111]: ( -4.99   1.78 -17.72) pol  163.35 ,  azi  174.28; pol  163.35 ,  azi  160.42; modCCdopfac[111] 0.9688
mod 28, crystal 0 [112]: ( -6.52  -8.47 -15.10) pol  144.70 ,  azi -150.70; pol  144.70 ,  azi -127.58; modCCdopfac[112] 0.9732
mod 28, crystal 1 [113]: (-11.87  -6.77 -12.47) pol  132.40 ,  azi -151.51; pol  132.40 ,  azi -150.30; modCCdopfac[113] 0.9777
mod 28, crystal 2 [114]: ( -8.99  -2.80 -15.92) pol  149.40 ,  azi -170.04; pol  149.40 ,  azi -162.72; modCCdopfac[114] 0.9718
mod 28, crystal 3 [115]: ( -3.23  -4.20 -17.72) pol  163.35 ,  azi -166.67; pol  163.35 ,  azi -127.58; modCCdopfac[115] 0.9688
mod 29, crystal 0 [116]: (  6.04  -8.82 -15.10) pol  144.70 ,  azi -149.71; pol  144.70 ,  azi  -55.58; modCCdopfac[116] 0.9732
mod 29, crystal 1 [117]: (  2.77 -13.38 -12.47) pol  132.40 ,  azi -133.00; pol  132.40 ,  azi  -78.30; modCCdopfac[117] 0.9777
mod 29, crystal 2 [118]: ( -0.12  -9.42 -15.92) pol  149.40 ,  azi -149.40; pol  149.40 ,  azi  -90.72; modCCdopfac[118] 0.9718
mod 29, crystal 3 [119]: (  3.00  -4.37 -17.72) pol  163.35 ,  azi -166.14; pol  163.35 ,  azi  -55.58; modCCdopfac[119] 0.9688
mod 30, crystal 0 [120]: ( 10.25   3.02 -15.10) pol  144.70 ,  azi  168.68; pol  144.70 ,  azi   16.42; modCCdopfac[120] 0.9732
mod 30, crystal 1 [121]: ( 13.58  -1.50 -12.47) pol  132.40 ,  azi -173.15; pol  132.40 ,  azi   -6.30; modCCdopfac[121] 0.9777
mod 30, crystal 2 [122]: (  8.92  -3.02 -15.92) pol  149.40 ,  azi -169.25; pol  149.40 ,  azi  -18.72; modCCdopfac[122] 0.9718
mod 30, crystal 3 [123]: (  5.08   1.50 -17.72) pol  163.35 ,  azi  175.17; pol  163.35 ,  azi   16.42; modCCdopfac[123] 0.9688
setup signal catcher
started sorting... from disk...

Pars.maxTS=4611686018427387904
got initial header, TS=2991911126833 ID: 1 length: 464
read initial payload of siz=464 into event position 1
__ptgd[0]->type= 0; ptgd[0]->length=   0; ptgd[0]->timestamp=0
initial ii=1, nn=1
ev#     0 GEB_TYPE_DECOMP        464Bytes TS=2991911197809 curTS=2991911126833 dTS= 70976
t0=2991911126833
first event: GEB_event.mult=1
   0/ 0: ( 1,GEB_TYPE_DECOMP      ) TS=       2991911126833; dT=0
maxTS=11631911126833
that is 86400.0 seconds or 24h0m0s minutes of sorting
GEBGetEv returned st=0
we have read 960 bytes; CurEvNo=1

+++++++++++++++++++++++++++++++
*start event # 1 with multiplicity 1 looks like this:
 0>  1, GEB_TYPE_DECOMP      , TS=2991911126833
entered bin_mode2: 1/10
ptinp->pad= 6, (ptinp->pad&0x000000ff)= 6
updated CCadd with    0.00
total number of hits in array: 0
exit bin_mode2
entered bin_mode3 @ event number: 1 
exit bin_mode3
*end of event # 1
+++++++++++++++++++++++++++++++
ev#     1 GEB_TYPE_DECOMP        464Bytes TS=2991911288053 curTS=2991911197809 dTS= 90244
GEBGetEv returned st=0
we have read 1440 bytes; CurEvNo=2

+++++++++++++++++++++++++++++++
*start event # 2 with multiplicity 1 looks like this:
 0>  1, GEB_TYPE_DECOMP      , TS=2991911197809
entered bin_mode2: 2/10
ptinp->pad= 6, (ptinp->pad&0x000000ff)= 6
updated CCadd with    0.00
total number of hits in array: 0
exit bin_mode2
entered bin_mode3 @ event number: 2 
exit bin_mode3
*end of event # 2
+++++++++++++++++++++++++++++++
ev#     2 GEB_TYPE_DECOMP        464Bytes TS=2991911288055 curTS=2991911288053 dTS= 2
ev#     2 GEB_TYPE_DECOMP        464Bytes TS=2991911288057 curTS=2991911288053 dTS= 4
ev#     2 GEB_TYPE_DECOMP        464Bytes TS=2991911330437 curTS=2991911288053 dTS= 42384
GEBGetEv returned st=0
we have read 2880 bytes; CurEvNo=3

+++++++++++++++++++++++++++++++
*start event # 3 with multiplicity 3 looks like this:
 0>  1, GEB_TYPE_DECOMP      , TS=2991911288053
 1>  1, GEB_TYPE_DECOMP      , TS=2991911288055
 2>  1, GEB_TYPE_DECOMP      , TS=2991911288057
entered bin_mode2: 3/10
ptinp->pad= 0, (ptinp->pad&0x000000ff)= 0
good pad value
mode2 data:  0>  1, GEB_TYPE_DECOMP      , TS=2991911288053
number of hits: 2
* 0/3, is GEB_TYPE_DECOMP: num=2
__detno: 69, module: 17, crystalNumber: 1
CCenergies[0]=1543.13
* 0:   -1.74,  23.91,   8.97 --> GT:  -13.96, -12.80,  -4.82
* 1:  -10.13,  12.59,   3.38 --> GT:  -12.76, -12.72,  -5.74
ptinp->pad= 0, (ptinp->pad&0x000000ff)= 0
good pad value
mode2 data:  1>  1, GEB_TYPE_DECOMP      , TS=2991911288055
number of hits: 2
* 1/3, is GEB_TYPE_DECOMP: num=2
__detno: 71, module: 17, crystalNumber: 3
CCenergies[1]= 207.22
* 0:    2.19,  -1.29,  10.71 --> GT:  -10.06, -15.98,   5.16
* 1:    7.38,   4.05,   9.88 --> GT:   -9.79, -16.25,   4.52
ptinp->pad= 0, (ptinp->pad&0x000000ff)= 0
good pad value
mode2 data:  2>  1, GEB_TYPE_DECOMP      , TS=2991911288057
number of hits: 1
* 2/3, is GEB_TYPE_DECOMP: num=1
__detno: 63, module: 15, crystalNumber: 3
CCenergies[2]= 104.74
* 0:  -33.86,  12.68,  85.54 --> GT:  -25.03,   3.88,  10.17
updated CCadd with 1855.10
total number of hits in array: 5
exit bin_mode2
entered bin_mode3 @ event number: 3 
exit bin_mode3
*end of event # 3
+++++++++++++++++++++++++++++++
ev#     3 GEB_TYPE_DECOMP        464Bytes TS=2991911343663 curTS=2991911330437 dTS= 13226
GEBGetEv returned st=0
we have read 3360 bytes; CurEvNo=4

+++++++++++++++++++++++++++++++
*start event # 4 with multiplicity 1 looks like this:
 0>  1, GEB_TYPE_DECOMP      , TS=2991911330437
entered bin_mode2: 4/10
ptinp->pad= 0, (ptinp->pad&0x000000ff)= 0
good pad value
mode2 data:  0>  1, GEB_TYPE_DECOMP      , TS=2991911330437
number of hits: 2
* 0/1, is GEB_TYPE_DECOMP: num=2
__detno: 116, module: 29, crystalNumber: 0
CCenergies[0]=1069.04
* 0:  -33.21,  -7.64,  35.04 --> GT:   10.34, -10.55, -16.66
* 1:  -29.51,  -2.94,  25.90 --> GT:    9.68,  -9.78, -16.25
updated CCadd with 1069.04
total number of hits in array: 2
exit bin_mode2
entered bin_mode3 @ event number: 4 
exit bin_mode3
*end of event # 4
+++++++++++++++++++++++++++++++
ev#     4 GEB_TYPE_DECOMP        464Bytes TS=2991911343665 curTS=2991911343663 dTS= 2
ev#     4 GEB_TYPE_DECOMP        464Bytes TS=2991911343857 curTS=2991911343663 dTS= 194
GEBGetEv returned st=0
we have read 4320 bytes; CurEvNo=5

+++++++++++++++++++++++++++++++
*start event # 5 with multiplicity 2 looks like this:
 0>  1, GEB_TYPE_DECOMP      , TS=2991911343663
 1>  1, GEB_TYPE_DECOMP      , TS=2991911343665
entered bin_mode2: 5/10
ptinp->pad= 0, (ptinp->pad&0x000000ff)= 0
good pad value
mode2 data:  0>  1, GEB_TYPE_DECOMP      , TS=2991911343663
number of hits: 2
* 0/2, is GEB_TYPE_DECOMP: num=2
__detno: 116, module: 29, crystalNumber: 0
CCenergies[0]= 201.02
* 0:    2.67, -14.14,  82.84 --> GT:    8.52, -14.03, -21.21
* 1:    0.94, -10.48,  76.01 --> GT:    8.45, -13.36, -20.79
ptinp->pad= 6, (ptinp->pad&0x000000ff)= 6
updated CCadd with  201.02
total number of hits in array: 2
exit bin_mode2
entered bin_mode3 @ event number: 5 
exit bin_mode3
*end of event # 5
+++++++++++++++++++++++++++++++
ev#     5 GEB_TYPE_DECOMP        464Bytes TS=2991911344145 curTS=2991911343857 dTS= 288
GEBGetEv returned st=0
we have read 4800 bytes; CurEvNo=6

+++++++++++++++++++++++++++++++
*start event # 6 with multiplicity 1 looks like this:
 0>  1, GEB_TYPE_DECOMP      , TS=2991911343857
entered bin_mode2: 6/10
ptinp->pad= 0, (ptinp->pad&0x000000ff)= 0
good pad value
mode2 data:  0>  1, GEB_TYPE_DECOMP      , TS=2991911343857
number of hits: 1
* 0/1, is GEB_TYPE_DECOMP: num=1
__detno: 87, module: 21, crystalNumber: 3
CCenergies[0]=  57.57
* 0:  -17.91,  10.85,   0.16 --> GT:    8.20,  14.55,  -8.26
updated CCadd with   57.57
total number of hits in array: 1
exit bin_mode2
entered bin_mode3 @ event number: 6 
exit bin_mode3
*end of event # 6
+++++++++++++++++++++++++++++++
ev#     6 GEB_TYPE_DECOMP        464Bytes TS=2991911361071 curTS=2991911344145 dTS= 16926
GEBGetEv returned st=0
we have read 5280 bytes; CurEvNo=7

+++++++++++++++++++++++++++++++
*start event # 7 with multiplicity 1 looks like this:
 0>  1, GEB_TYPE_DECOMP      , TS=2991911344145
entered bin_mode2: 7/10
ptinp->pad= 0, (ptinp->pad&0x000000ff)= 0
good pad value
mode2 data:  0>  1, GEB_TYPE_DECOMP      , TS=2991911344145
number of hits: 2
* 0/1, is GEB_TYPE_DECOMP: num=2
__detno: 111, module: 27, crystalNumber: 3
CCenergies[0]=2117.07
* 0:   17.38,  31.86,  32.84 --> GT:   -4.48,   5.44, -20.93
* 1:   18.71,  27.30,  28.48 --> GT:   -4.79,   5.21, -20.41
updated CCadd with 2117.07
total number of hits in array: 2
exit bin_mode2
entered bin_mode3 @ event number: 7 
exit bin_mode3
*end of event # 7
+++++++++++++++++++++++++++++++
ev#     7 GEB_TYPE_GT_MOD29      308Bytes TS=2991911406881 curTS=2991911361071 dTS= 45810
GEBGetEv returned st=0
we have read 5604 bytes; CurEvNo=8

+++++++++++++++++++++++++++++++
*start event # 8 with multiplicity 1 looks like this:
 0>  1, GEB_TYPE_DECOMP      , TS=2991911361071
entered bin_mode2: 8/10
ptinp->pad= 0, (ptinp->pad&0x000000ff)= 0
good pad value
mode2 data:  0>  1, GEB_TYPE_DECOMP      , TS=2991911361071
number of hits: 2
* 0/1, is GEB_TYPE_DECOMP: num=2
__detno: 111, module: 27, crystalNumber: 3
CCenergies[0]= 138.79
* 0:  -10.90,  21.95,   7.91 --> GT:   -2.89,   2.40, -19.08
* 1:   17.57,  16.75,   0.31 --> GT:   -4.76,   4.19, -17.58
updated CCadd with  138.79
total number of hits in array: 2
exit bin_mode2
entered bin_mode3 @ event number: 8 
exit bin_mode3
*end of event # 8
+++++++++++++++++++++++++++++++
ev#     8 GEB_TYPE_DECOMP        464Bytes TS=2991911407113 curTS=2991911406881 dTS= 232
GEBGetEv returned st=0
we have read 6084 bytes; CurEvNo=9

+++++++++++++++++++++++++++++++
*start event # 9 with multiplicity 1 looks like this:
 0>  8, GEB_TYPE_GT_MOD29    , TS=2991911406881
entered bin_mode2: 9/10
updated CCadd with    0.00
total number of hits in array: 0
exit bin_mode2
entered bin_mode3 @ event number: 9 

bin_mode3:  0>  8, GEB_TYPE_GT_MOD29    , TS=2991911406881, 0x2b89bd10d21; payload length: 308 bytes

---------
new GTheader at pos=0 or 0 words (8):
Event.hdr[ 0]=0x1f35,   7989
Event.hdr[ 1]=0x300a,  12298
Event.hdr[ 2]=0x0d21,   3361
Event.hdr[ 3]=0x9bd1,  39889
Event.hdr[ 4]=0x02b8,    696
Event.hdr[ 5]=0xe20c,  57868
Event.hdr[ 6]=0x4e09,  19977
Event.hdr[ 7]=0x0000,      0
Event.hdr[ 8]=0x1b7f,   7039
Event.hdr[ 9]=0xe1ab,  57771
Event.hdr[10]=0x9209,  37385
Event.hdr[11]=0x127c,   4732
Event.hdr[12]=0xbae0,  47840
Event.hdr[13]=0x0021,     33
Event.len=  44, Event.traceLen=  12 (in Bytes)
Event.len=  22, Event.traceLen=   6 (in 16 bit words)
Event.len=  11, Event.traceLen=   3 (in 32 bit words)
next start: 0xaaaaaaaa, pos= 44
0x1f35 module_id = 31 crystal_id = 0 digitizer_id = 3 chan_id = 5 ge_id = 124 channel = 35  -> is segment
open superpulse_009_00_01.xy at Event.chan_id = 5
open CCpulse_009_00_01.xy at Event.chan_id = 5
ncrystal=1
wrote trace to CCpulse_009_00_01.xy
two's comp tempE  ::     647692     647692 0x0009e20c |0000|0000|0000|1001|1110|0010|0000|1100|
rawE              ::     647692     647692 0x0009e20c |0000|0000|0000|1001|1110|0010|0000|1100|
rawE (sign change)::     647692     647692 0x0009e20c |0000|0000|0000|1001|1110|0010|0000|1100|
Event.ehi=           20240 0x00004f10
Event.ehi=2024 (gain changed)
Event.LEDts =        2991911406881
Event.CFDts =      267812477272076

---------
new GTheader at pos=44 or 22 words (30):
Event.hdr[ 0]=0x1f36,   7990
Event.hdr[ 1]=0x300a,  12298
Event.hdr[ 2]=0x0d21,   3361
Event.hdr[ 3]=0x9bd1,  39889
Event.hdr[ 4]=0x02b8,    696
Event.hdr[ 5]=0xc13f,  49471
Event.hdr[ 6]=0x0e02,   3586
Event.hdr[ 7]=0x0000,      0
Event.hdr[ 8]=0x1b7f,   7039
Event.hdr[ 9]=0x9a88,  39560
Event.hdr[10]=0xa401,  41985
Event.hdr[11]=0x1007,   4103
Event.hdr[12]=0xead8,  60120
Event.hdr[13]=0x07ff,   2047
Event.len=  44, Event.traceLen=  12 (in Bytes)
Event.len=  22, Event.traceLen=   6 (in 16 bit words)
Event.len=  11, Event.traceLen=   3 (in 32 bit words)
next start: 0xaaaaaaaa, pos= 88
0x1f36 module_id = 31 crystal_id = 0 digitizer_id = 3 chan_id = 6 ge_id = 124 channel = 36  -> is segment
ncrystal=1
wrote trace to CCpulse_009_00_01.xy
two's comp tempE  ::     180543     180543 0x0002c13f |0000|0000|0000|0010|1100|0001|0011|1111|
rawE              ::     180543     180543 0x0002c13f |0000|0000|0000|0010|1100|0001|0011|1111|
rawE (sign change)::     180543     180543 0x0002c13f |0000|0000|0000|0010|1100|0001|0011|1111|
Event.ehi=            5641 0x00001609
Event.ehi=564 (gain changed)
Event.LEDts =        2991911406881
Event.CFDts =      281337535725580

---------
new GTheader at pos=88 or 44 words (52):
Event.hdr[ 0]=0x1f37,   7991
Event.hdr[ 1]=0x300a,  12298
Event.hdr[ 2]=0x0d21,   3361
Event.hdr[ 3]=0x9bd1,  39889
Event.hdr[ 4]=0x02b8,    696
Event.hdr[ 5]=0x44a3,  17571
Event.hdr[ 6]=0x0e01,   3585
Event.hdr[ 7]=0x0000,      0
Event.hdr[ 8]=0x1b7f,   7039
Event.hdr[ 9]=0x8d8f,  36239
Event.hdr[10]=0x5e00,  24064
Event.hdr[11]=0x088a,   2186
Event.hdr[12]=0x9314,  37652
Event.hdr[13]=0x07ff,   2047
Event.len=  44, Event.traceLen=  12 (in Bytes)
Event.len=  22, Event.traceLen=   6 (in 16 bit words)
Event.len=  11, Event.traceLen=   3 (in 32 bit words)
next start: 0xaaaaaaaa, pos= 132
0x1f37 module_id = 31 crystal_id = 0 digitizer_id = 3 chan_id = 7 ge_id = 124 channel = 37  -> is segment
ncrystal=1
wrote trace to CCpulse_009_00_01.xy
two's comp tempE  ::      83107      83107 0x000144a3 |0000|0000|0000|0001|0100|0100|1010|0011|
rawE              ::      83107      83107 0x000144a3 |0000|0000|0000|0001|0100|0100|1010|0011|
rawE (sign change)::      83107      83107 0x000144a3 |0000|0000|0000|0001|0100|0100|1010|0011|
Event.ehi=            2597 0x00000a25
Event.ehi=259 (gain changed)
Event.LEDts =        2991911406881
Event.CFDts =          12885098508

---------
new GTheader at pos=132 or 66 words (74):
Event.hdr[ 0]=0x1f38,   7992
Event.hdr[ 1]=0x300a,  12298
Event.hdr[ 2]=0x0d21,   3361
Event.hdr[ 3]=0x9bd1,  39889
Event.hdr[ 4]=0x02b8,    696
Event.hdr[ 5]=0x88b4,  34996
Event.hdr[ 6]=0x1ff9,   8185
Event.hdr[ 7]=0x0000,      0
Event.hdr[ 8]=0x1b7f,   7039
Event.hdr[ 9]=0xc688,  50824
Event.hdr[10]=0x3ffc,  16380
Event.hdr[11]=0xf95c,  63836
Event.hdr[12]=0x49eb,  18923
Event.hdr[13]=0x07f3,   2035
Event.len=  44, Event.traceLen=  12 (in Bytes)
Event.len=  22, Event.traceLen=   6 (in 16 bit words)
Event.len=  11, Event.traceLen=   3 (in 32 bit words)
next start: 0xaaaaaaaa, pos= 176
0x1f38 module_id = 31 crystal_id = 0 digitizer_id = 3 chan_id = 8 ge_id = 124 channel = 38  -> is segment
ncrystal=1
wrote trace to CCpulse_009_00_01.xy
two's comp tempE  ::   16353460   16353460 0x00f988b4 |0000|0000|1111|1001|1000|1000|1011|0100|
rawE              :: 4294543540    -423756 0xfff988b4 |1111|1111|1111|1001|1000|1000|1011|0100|
rawE (sign change)::     423756     423756 0x0006774c |0000|0000|0000|0110|0111|0111|0100|1100|
Event.ehi=           13242 0x000033ba
Event.ehi=1324 (gain changed)
Event.LEDts =        2991911406881
Event.CFDts =         485341462540

---------
new GTheader at pos=176 or 88 words (96):
Event.hdr[ 0]=0x1f32,   7986
Event.hdr[ 1]=0x300a,  12298
Event.hdr[ 2]=0x0d21,   3361
Event.hdr[ 3]=0x9bd1,  39889
Event.hdr[ 4]=0x02b8,    696
Event.hdr[ 5]=0x3a58,  14936
Event.hdr[ 6]=0x0e00,   3584
Event.hdr[ 7]=0x0000,      0
Event.hdr[ 8]=0x1b7f,   7039
Event.hdr[ 9]=0x18ed,   6381
Event.hdr[10]=0xa400,  41984
Event.hdr[11]=0x08e5,   2277
Event.hdr[12]=0x4eac,  20140
Event.hdr[13]=0x0000,      0
Event.len=  44, Event.traceLen=  12 (in Bytes)
Event.len=  22, Event.traceLen=   6 (in 16 bit words)
Event.len=  11, Event.traceLen=   3 (in 32 bit words)
next start: 0xaaaaaaaa, pos= 220
0x1f32 module_id = 31 crystal_id = 0 digitizer_id = 3 chan_id = 2 ge_id = 124 channel = 32  -> is segment
ncrystal=1
wrote trace to CCpulse_009_00_01.xy
two's comp tempE  ::      14936      14936 0x00003a58 |0000|0000|0000|0000|0011|1010|0101|1000|
rawE              ::      14936      14936 0x00003a58 |0000|0000|0000|0000|0011|1010|0101|1000|
rawE (sign change)::      14936      14936 0x00003a58 |0000|0000|0000|0000|0011|1010|0101|1000|
Event.ehi=             466 0x000001d2
Event.ehi=46 (gain changed)
Event.LEDts =        2991911406881
Event.CFDts =      281320355463180

---------
new GTheader at pos=220 or 110 words (118):
Event.hdr[ 0]=0x1f33,   7987
Event.hdr[ 1]=0x300a,  12298
Event.hdr[ 2]=0x0d21,   3361
Event.hdr[ 3]=0x9bd1,  39889
Event.hdr[ 4]=0x02b8,    696
Event.hdr[ 5]=0xe34d,  58189
Event.hdr[ 6]=0x4e0c,  19980
Event.hdr[ 7]=0x0000,      0
Event.hdr[ 8]=0x1b7f,   7039
Event.hdr[ 9]=0xe217,  57879
Event.hdr[10]=0xba0c,  47628
Event.hdr[11]=0x1a5e,   6750
Event.hdr[12]=0x29b0,  10672
Event.hdr[13]=0x0031,     49
Event.len=  44, Event.traceLen=  12 (in Bytes)
Event.len=  22, Event.traceLen=   6 (in 16 bit words)
Event.len=  11, Event.traceLen=   3 (in 32 bit words)
next start: 0xaaaaaaaa, pos= 264
0x1f33 module_id = 31 crystal_id = 0 digitizer_id = 3 chan_id = 3 ge_id = 124 channel = 33  -> is segment
ncrystal=1
wrote trace to CCpulse_009_00_01.xy
two's comp tempE  ::     844621     844621 0x000ce34d |0000|0000|0000|1100|1110|0011|0100|1101|
rawE              ::     844621     844621 0x000ce34d |0000|0000|0000|1100|1110|0011|0100|1101|
rawE (sign change)::     844621     844621 0x000ce34d |0000|0000|0000|1100|1110|0011|0100|1101|
Event.ehi=           26394 0x0000671a
Event.ehi=2639 (gain changed)
Event.LEDts =        2991911406881
Event.CFDts =      263762261573644

---------
new GTheader at pos=264 or 132 words (140):
Event.hdr[ 0]=0x1f34,   7988
Event.hdr[ 1]=0x300a,  12298
Event.hdr[ 2]=0x0d21,   3361
Event.hdr[ 3]=0x9bd1,  39889
Event.hdr[ 4]=0x02b8,    696
Event.hdr[ 5]=0x0039,     57
Event.hdr[ 6]=0x0e00,   3584
Event.hdr[ 7]=0x0000,      0
Event.hdr[ 8]=0x1b7f,   7039
Event.hdr[ 9]=0x0027,     39
Event.hdr[10]=0x3000,  12288
Event.hdr[11]=0x0000,      0
Event.hdr[12]=0xff98,  65432
Event.hdr[13]=0x07ff,   2047
Event.len=  44, Event.traceLen=  12 (in Bytes)
Event.len=  22, Event.traceLen=   6 (in 16 bit words)
Event.len=  11, Event.traceLen=   3 (in 32 bit words)
0x1f34 module_id = 31 crystal_id = 0 digitizer_id = 3 chan_id = 4 ge_id = 124 channel = 34  -> is segment
ncrystal=1
wrote trace to CCpulse_009_00_01.xy
two's comp tempE  ::         57         57 0x00000039 |0000|0000|0000|0000|0000|0000|0011|1001|
rawE              ::         57         57 0x00000039 |0000|0000|0000|0000|0000|0000|0011|1001|
rawE (sign change)::         57         57 0x00000039 |0000|0000|0000|0000|0000|0000|0011|1001|
Event.ehi=               1 0x00000001
Event.ehi=0 (gain changed)
Event.LEDts =        2991911406881
Event.CFDts =         249112035340
exit bin_mode3
*end of event # 9
+++++++++++++++++++++++++++++++
ev#     9 GEB_TYPE_DECOMP        464Bytes TS=2991911421205 curTS=2991911407113 dTS= 14092
GEBGetEv returned st=0
we have read 6564 bytes; CurEvNo=10

+++++++++++++++++++++++++++++++
*start event # 10 with multiplicity 1 looks like this:
 0>  1, GEB_TYPE_DECOMP      , TS=2991911407113
entered bin_mode2: 10/10
ptinp->pad= 0, (ptinp->pad&0x000000ff)= 0
good pad value
mode2 data:  0>  1, GEB_TYPE_DECOMP      , TS=2991911407113
number of hits: 1
* 0/1, is GEB_TYPE_DECOMP: num=1
__detno: 116, module: 29, crystalNumber: 0
CCenergies[0]= 151.63
* 0:   -4.99, -34.32,  48.53 --> GT:    8.15, -14.00, -17.18
updated CCadd with  151.63
total number of hits in array: 1
exit bin_mode2
entered bin_mode3 @ event number: 10 
exit bin_mode3
*end of event # 10
+++++++++++++++++++++++++++++++
ev#    10 GEB_TYPE_DECOMP        464Bytes TS=2991911421353 curTS=2991911421205 dTS= 148
ev#    10 GEB_TYPE_GT_MOD29      440Bytes TS=2991911421751 curTS=2991911421205 dTS= 546
ev# 50000 GEB_TYPE_GT_MOD29      440Bytes TS=2992351205281 curTS=2992351204879 dTS= 402
ev# 100000 GEB_TYPE_GT_MOD29      440Bytes TS=2992780572557 curTS=2992780571925 dTS= 632
ev# 150000 GEB_TYPE_GT_MOD29      132Bytes TS=2993244712359 curTS=2993244712359 dTS= 0
ev# 150000 GEB_TYPE_GT_MOD29      440Bytes TS=2993244716179 curTS=2993244712359 dTS= 3820
ev# 200000 GEB_TYPE_DECOMP        464Bytes TS=2993694943847 curTS=2993694943845 dTS= 2
ev# 200000 GEB_TYPE_DECOMP        464Bytes TS=2993694943867 curTS=2993694943845 dTS= 22
ev# 200000 GEB_TYPE_DECOMP        464Bytes TS=2993694944019 curTS=2993694943845 dTS= 174
ev# 250000 GEB_TYPE_DECOMP        464Bytes TS=2994153623619 curTS=2994153615853 dTS= 7766
ev# 300000 GEB_TYPE_DECOMP        464Bytes TS=2994597759905 curTS=2994597751659 dTS= 8246
ev# 350000 GEB_TYPE_DECOMP        464Bytes TS=2995036967443 curTS=2995036967145 dTS= 298
ev# 400000 GEB_TYPE_GT_MOD29      440Bytes TS=2995471455433 curTS=2995471445453 dTS= 9980
ev# 450000 GEB_TYPE_DECOMP        464Bytes TS=2995910388177 curTS=2995910388153 dTS= 24
ev# 450000 GEB_TYPE_DECOMP        464Bytes TS=2995910388315 curTS=2995910388153 dTS= 162
batflag:: TS<Pars.curTS, reset it at event # 460336
TS=2995949613799, Pars.curTS=2995999653479, DT=-50039680
new Pars.curTS=2995949613799
we have read 436617324 bytes so far
batflag:: TS<Pars.curTS, reset it at event # 461792
TS=2996005114321, Pars.curTS=2996009934925, DT=-4820604
new Pars.curTS=2996005114321
we have read 437685332 bytes so far
failed to read 16 bytes for header, got 0
 GEBGetEv returned 1
we have read 439350348 bytes; CurEvNo=464246

Sorting is done
attempting to save root or map file



mean observed polar and azimuth angles
for the detectors we saw (module,crystal)

------------------------------------------
mean pol/azi angle for detector  56 are   96.70/ 119.53
mean pol/azi angle for detector  57 are  100.42/ 138.32
mean pol/azi angle for detector  58 are   83.38/ 132.63
mean pol/azi angle for detector  59 are   79.63/ 114.05
mean pol/azi angle for detector  60 are   87.33/ 152.62
mean pol/azi angle for detector  61 are  105.23/ 157.71
mean pol/azi angle for detector  62 are   93.16/ 168.45
mean pol/azi angle for detector  63 are   73.84/ 165.94
mean pol/azi angle for detector  68 are   87.11/-134.97
mean pol/azi angle for detector  69 are  105.25/-129.97
mean pol/azi angle for detector  70 are   92.92/-116.95
mean pol/azi angle for detector  71 are   74.17/-121.82
mean pol/azi angle for detector  76 are   87.52/ -63.19
mean pol/azi angle for detector  77 are  105.27/ -58.08
mean pol/azi angle for detector  78 are   93.04/ -44.98
mean pol/azi angle for detector  79 are   74.19/ -49.85
mean pol/azi angle for detector  84 are  112.28/  33.63
mean pol/azi angle for detector  85 are  125.18/  17.43
mean pol/azi angle for detector  86 are  130.56/  39.23
mean pol/azi angle for detector  87 are  115.88/  52.95
mean pol/azi angle for detector  88 are  112.37/ 105.54
mean pol/azi angle for detector  89 are  124.94/  89.31
mean pol/azi angle for detector  90 are  130.83/ 111.14
mean pol/azi angle for detector  91 are  115.77/ 124.97
mean pol/azi angle for detector  96 are  112.65/-110.61
mean pol/azi angle for detector  97 are  124.86/-126.69
mean pol/azi angle for detector  98 are  130.93/-104.92
mean pol/azi angle for detector 101 are  124.75/ -55.03
mean pol/azi angle for detector 102 are  130.69/ -33.00
mean pol/azi angle for detector 103 are  115.79/ -19.11
mean pol/azi angle for detector 104 are  144.41/  88.35
mean pol/azi angle for detector 105 are  132.73/  65.82
mean pol/azi angle for detector 106 are  148.84/  53.84
mean pol/azi angle for detector 107 are  162.33/  88.53
mean pol/azi angle for detector 108 are  144.73/ 160.22
mean pol/azi angle for detector 109 are  132.75/ 137.97
mean pol/azi angle for detector 110 are  149.59/ 125.62
mean pol/azi angle for detector 111 are  162.30/ 109.81
mean pol/azi angle for detector 116 are  144.40/ -55.87
mean pol/azi angle for detector 117 are  132.60/ -78.23
mean pol/azi angle for detector 118 are  148.98/ -90.29
mean pol/azi angle for detector 119 are  162.41/ -56.03
we found 42 crystals
------------------------------------------

minimum pol angle between crystals is  18.65
compactness =  61.11%, 77 of 252
module hit statistics
module  14, crystal 0 was hit      43353 times
module  14, crystal 1 was hit      45383 times
module  14, crystal 2 was hit      45080 times
module  14, crystal 3 was hit      40094 times
module  15, crystal 0 was hit      46097 times
module  15, crystal 1 was hit      41831 times
module  15, crystal 2 was hit      39414 times
module  15, crystal 3 was hit      41240 times
module  17, crystal 0 was hit      34260 times
module  17, crystal 1 was hit      34034 times
module  17, crystal 2 was hit      34612 times
module  17, crystal 3 was hit      35194 times
module  19, crystal 0 was hit      31727 times
module  19, crystal 1 was hit      34124 times
module  19, crystal 2 was hit      39271 times
module  19, crystal 3 was hit      38206 times
module  21, crystal 0 was hit      39688 times
module  21, crystal 1 was hit      34252 times
module  21, crystal 2 was hit      40957 times
module  21, crystal 3 was hit      39250 times
module  22, crystal 0 was hit      41969 times
module  22, crystal 1 was hit      39879 times
module  22, crystal 2 was hit      44167 times
module  22, crystal 3 was hit      41422 times
module  24, crystal 0 was hit      22844 times
module  24, crystal 1 was hit      28485 times
module  24, crystal 2 was hit      36830 times
module  25, crystal 1 was hit      29474 times
module  25, crystal 2 was hit      28290 times
module  25, crystal 3 was hit      33040 times
module  26, crystal 0 was hit      38724 times
module  26, crystal 1 was hit      38203 times
module  26, crystal 2 was hit      38130 times
module  26, crystal 3 was hit      35877 times
module  27, crystal 0 was hit      41081 times
module  27, crystal 1 was hit      39136 times
module  27, crystal 2 was hit      40496 times
module  27, crystal 3 was hit      36697 times
module  29, crystal 0 was hit      34143 times
module  29, crystal 1 was hit      33478 times
module  29, crystal 2 was hit      37048 times
module  29, crystal 3 was hit      32756 times

bin_mode2: pad distribution
__id   0,       679350, 92.70%
__id   2,          118,  0.02%
__id   3,          216,  0.03%
__id   4,          217,  0.03%
__id   5,         1441,  0.20%
__id   6,         5700,  0.78%
__id 128,        45709,  6.24%
__id 133,           81,  0.01%

bin_mode2 calculated mean CCsum energy to be  759.174 keV
bin_mode2 calculated mean CCadd energy to be 1126.074 keV
attempting to close root file...
Pars.f1->Write();
Pars.f1->Print();
TFile: name=/lcrc/project/HELIOS/gretinafma/root_data/run280.root, title=, option=CREATE
TH1.Print Name  = dtbtev, Entries= 926035, Total sum= 926035
TH1.Print Name  = T0, Entries= 0, Total sum= 0
TH1.Print Name  = hitpat, Entries= 679350, Total sum= 679350
TH1.Print Name  = numHitArray2, Entries= 464246, Total sum= 347938
TH1.Print Name  = CCmult, Entries= 464246, Total sum= 464246
TH1.Print Name  = CCsum, Entries= 1570191, Total sum= 679340
TH1.Print Name  = hit2, Entries= 81643, Total sum= 81533
TH1.Print Name  = hit3, Entries= 42268, Total sum= 41970
TH1.Print Name  = hit4, Entries= 22446, Total sum= 21913
TH1.Print Name  = CCsum_nodop, Entries= 1570191, Total sum= 679339
TH1.Print Name  = CCadd, Entries= 464246, Total sum= 344430
TH1.Print Name  = SEGadd_FPGA, Entries= 92849200, Total sum= 679035
TH1.Print Name  = SEGadd_PSA, Entries= 92849200, Total sum= 675479
TH1.Print Name  = SEGsum_FPGA, Entries= 1053256, Total sum= 1.05308e+06
TH1.Print Name  = SEGsum_PSA, Entries= 1570236, Total sum= 1.55684e+06
TH1.Print Name  = radius_all, Entries= 1570236, Total sum= 1.57024e+06
TH1.Print Name  = rate_mode2_min, Entries= 679349, Total sum= 11322.5
TH1.Print Name  = rate_mode2_sec, Entries= 679349, Total sum= 679349
TH1.Print Name  = rate_mode2_intp, Entries= 679349, Total sum= 26170.6
TH1.Print Name  = cdtbtev, Entries= 224255, Total sum= 224255
TH1.Print Name  = evsr_all, Entries= 1570236, Total sum= 1.53251e+06
TH1.Print Name  = SMAP_allhits, Entries= 1570236, Total sum= 1.57024e+06
TH1.Print Name  = SMAP_allhits_sq, Entries= 1570236, Total sum= 1.57024e+06
TH1.Print Name  = seghitpat, Entries= 1570236, Total sum= 1.57024e+06
TH1.Print Name  = CCe, Entries= 1570191, Total sum= 679341
TH1.Print Name  = ggCC, Entries= 1281728, Total sum= 1.12341e+06
TH1.Print Name  = z_plot, Entries= 1570236, Total sum= 1.56875e+06
TH1.Print Name  = crystal_hit, Entries= 0, Total sum= 0
TH1.Print Name  = SegE, Entries= 1569952, Total sum= 1.56995e+06
TH1.Print Name  = crXcr, Entries= 640864, Total sum= 640864
******************************************************************************
*Tree    :tree      : tree                                                   *
*Entries :    32824 : Total =        12204978 bytes  File  Size =    5511645 *
*        :          : Tree compression factor =   2.21                       *
******************************************************************************
*Br    0 :runNumber : runNumber/I                                            *
*Entries :    32824 : Total  Size=     132201 bytes  File Size  =       1196 *
*Baskets :        5 : Basket Size=      32000 bytes  Compression= 110.10     *
*............................................................................*
*Br    1 :numHits   : numHits/I                                              *
*Entries :    32824 : Total  Size=     132183 bytes  File Size  =       1186 *
*Baskets :        5 : Basket Size=      32000 bytes  Compression= 111.02     *
*............................................................................*
*Br    2 :left      : left[numHits]/F                                        *
*Entries :    32824 : Total  Size=     264335 bytes  File Size  =     116642 *
*Baskets :       13 : Basket Size=      32000 bytes  Compression=   2.26     *
*............................................................................*
*Br    3 :right     : right[numHits]/F                                       *
*Entries :    32824 : Total  Size=     264352 bytes  File Size  =     116404 *
*Baskets :       13 : Basket Size=      32000 bytes  Compression=   2.26     *
*............................................................................*
*Br    4 :up        : up[numHits]/F                                          *
*Entries :    32824 : Total  Size=     264301 bytes  File Size  =     116455 *
*Baskets :       13 : Basket Size=      32000 bytes  Compression=   2.26     *
*............................................................................*
*Br    5 :down      : down[numHits]/F                                        *
*Entries :    32824 : Total  Size=     264335 bytes  File Size  =     117556 *
*Baskets :       13 : Basket Size=      32000 bytes  Compression=   2.24     *
*............................................................................*
*Br    6 :e1        : e1[numHits]/F                                          *
*Entries :    32824 : Total  Size=     264301 bytes  File Size  =     120255 *
*Baskets :       13 : Basket Size=      32000 bytes  Compression=   2.19     *
*............................................................................*
*Br    7 :e2        : e2[numHits]/F                                          *
*Entries :    32824 : Total  Size=     264301 bytes  File Size  =     116843 *
*Baskets :       13 : Basket Size=      32000 bytes  Compression=   2.26     *
*............................................................................*
*Br    8 :e3        : e3[numHits]/F                                          *
*Entries :    32824 : Total  Size=     264301 bytes  File Size  =     114457 *
*Baskets :       13 : Basket Size=      32000 bytes  Compression=   2.30     *
*............................................................................*
*Br    9 :tac       : tac[numHits]/F                                         *
*Entries :    32824 : Total  Size=     264318 bytes  File Size  =     101273 *
*Baskets :       13 : Basket Size=      32000 bytes  Compression=   2.60     *
*............................................................................*
*Br   10 :fmaDeltaTime : fmaDeltaTime[numHits]/F                             *
*Entries :    32824 : Total  Size=     264471 bytes  File Size  =     102250 *
*Baskets :       13 : Basket Size=      32000 bytes  Compression=   2.58     *
*............................................................................*
*Br   11 :fmaMult   : fmaMult[10]/I                                          *
*Entries :    32824 : Total  Size=    1317401 bytes  File Size  =      20179 *
*Baskets :       42 : Basket Size=      32000 bytes  Compression=  65.22     *
*............................................................................*
*Br   12 :gammaMult : gammaMult/I                                            *
*Entries :    32824 : Total  Size=     132201 bytes  File Size  =      21607 *
*Baskets :        5 : Basket Size=      32000 bytes  Compression=   6.09     *
*............................................................................*
*Br   13 :gammaEnergy : gammaEnergy[gammaMult]/F                             *
*Entries :    32824 : Total  Size=     423788 bytes  File Size  =     318444 *
*Baskets :       18 : Basket Size=      32000 bytes  Compression=   1.33     *
*............................................................................*
*Br   14 :gammaTimestamp : gammaTimestamp[gammaMult]/F                       *
*Entries :    32824 : Total  Size=     423854 bytes  File Size  =     120051 *
*Baskets :       18 : Basket Size=      32000 bytes  Compression=   3.52     *
*............................................................................*
*Br   15 :deltaTime : deltaTime[gammaMult]/F                                 *
*Entries :    32824 : Total  Size=     423744 bytes  File Size  =     161988 *
*Baskets :       18 : Basket Size=      32000 bytes  Compression=   2.61     *
*............................................................................*
*Br   16 :gebMult   : gebMult/I                                              *
*Entries :    32824 : Total  Size=     132183 bytes  File Size  =      22079 *
*Baskets :        5 : Basket Size=      32000 bytes  Compression=   5.96     *
*............................................................................*
*Br   17 :crysType  : crysType[gebMult]/I                                    *
*Entries :    32824 : Total  Size=     435923 bytes  File Size  =      78748 *
*Baskets :       18 : Basket Size=      32000 bytes  Compression=   5.52     *
*............................................................................*
*Br   18 :crysId    : crysId[gebMult]/I                                      *
*Entries :    32824 : Total  Size=     435879 bytes  File Size  =     170957 *
*Baskets :       18 : Basket Size=      32000 bytes  Compression=   2.54     *
*............................................................................*
*Br   19 :crysNum   : crysNum[gebMult]/I                                     *
*Entries :    32824 : Total  Size=     435901 bytes  File Size  =     130752 *
*Baskets :       18 : Basket Size=      32000 bytes  Compression=   3.33     *
*............................................................................*
*Br   20 :crysTot_e : crysTot_e[gebMult]/F                                   *
*Entries :    32824 : Total  Size=     435952 bytes  File Size  =     322613 *
*Baskets :       18 : Basket Size=      32000 bytes  Compression=   1.35     *
*............................................................................*
*Br   21 :crysPolAngle : crysPolAngle[gebMult]/F                             *
*Entries :    32824 : Total  Size=     436018 bytes  File Size  =     158737 *
*Baskets :       18 : Basket Size=      32000 bytes  Compression=   2.74     *
*............................................................................*
*Br   22 :intMaxX   : intMaxX[gebMult]/F                                     *
*Entries :    32824 : Total  Size=     435908 bytes  File Size  =     325414 *
*Baskets :       18 : Basket Size=      32000 bytes  Compression=   1.34     *
*............................................................................*
*Br   23 :intMaxY   : intMaxY[gebMult]/F                                     *
*Entries :    32824 : Total  Size=     435908 bytes  File Size  =     322546 *
*Baskets :       18 : Basket Size=      32000 bytes  Compression=   1.35     *
*............................................................................*
*Br   24 :intMaxZ   : intMaxZ[gebMult]/F                                     *
*Entries :    32824 : Total  Size=     435908 bytes  File Size  =     324111 *
*Baskets :       18 : Basket Size=      32000 bytes  Compression=   1.34     *
*............................................................................*
*Br   25 :intMaxE   : intMaxE[gebMult]/F                                     *
*Entries :    32824 : Total  Size=     435908 bytes  File Size  =     322475 *
*Baskets :       18 : Basket Size=      32000 bytes  Compression=   1.35     *
*............................................................................*
*Br   26 :intMaxSeg : intMaxSeg[gebMult]/I                                   *
*Entries :    32824 : Total  Size=     435945 bytes  File Size  =     166280 *
*Baskets :       18 : Basket Size=      32000 bytes  Compression=   2.62     *
*............................................................................*
*Br   27 :intMaxSegE : intMaxSegE[gebMult]/F                                 *
*Entries :    32824 : Total  Size=     435974 bytes  File Size  =     322764 *
*Baskets :       18 : Basket Size=      32000 bytes  Compression=   1.35     *
*............................................................................*
*Br   28 :crysTimestamp : crysTimestamp[gebMult]/L                           *
*Entries :    32824 : Total  Size=     739456 bytes  File Size  =     319668 *
*Baskets :       28 : Basket Size=      32000 bytes  Compression=   2.31     *
*............................................................................*
*Br   29 :crysTrigtime : crysTrigtime[gebMult]/D                             *
*Entries :    32824 : Total  Size=     739424 bytes  File Size  =     542534 *
*Baskets :       28 : Basket Size=      32000 bytes  Compression=   1.36     *
*............................................................................*
*Br   30 :crysT0    : crysT0[gebMult]/F                                      *
*Entries :    32824 : Total  Size=     435886 bytes  File Size  =     308575 *
*Baskets :       18 : Basket Size=      32000 bytes  Compression=   1.41     *
*............................................................................*
TH1.Print Name  = eCC_a, Entries= 0, Total sum= 0
TH1.Print Name  = eCC_b, Entries= 0, Total sum= 0
TH1.Print Name  = eCC_c, Entries= 0, Total sum= 0
TH1.Print Name  = eCC_d, Entries= 54883, Total sum= 0
TH1.Print Name  = eSeg, Entries= 0, Total sum= 0
TH1.Print Name  = mode3_hitpat, Entries= 1920437, Total sum= 0
TH1.Print Name  = mode3_hitpat_chan, Entries= 1920437, Total sum= 1.92044e+06
TH1.Print Name  = chan0, Entries= 0, Total sum= 0
TH1.Print Name  = module, Entries= 1920437, Total sum= 1.92044e+06
TH1.Print Name  = chan, Entries= 1920437, Total sum= 1.91933e+06
TH1.Print Name  = l, Entries= 192044, Total sum= 192027
TH1.Print Name  = r, Entries= 192043, Total sum= 192041
TH1.Print Name  = up, Entries= 192043, Total sum= 192042
TH1.Print Name  = down, Entries= 192044, Total sum= 192043
TH1.Print Name  = sumlr, Entries= 186354, Total sum= 186354
TH1.Print Name  = sumud, Entries= 178064, Total sum= 178064
TH1.Print Name  = x, Entries= 186354, Total sum= 186354
TH1.Print Name  = y, Entries= 178064, Total sum= 178064
TH1.Print Name  = de1, Entries= 192044, Total sum= 192032
TH1.Print Name  = de2, Entries= 192044, Total sum= 192044
TH1.Print Name  = de3, Entries= 192044, Total sum= 191661
TH1.Print Name  = de12, Entries= 164466, Total sum= 164466
TH1.Print Name  = etot, Entries= 164466, Total sum= 164466
TH1.Print Name  = rftof, Entries= 192043, Total sum= 191451
TH1.Print Name  = lr, Entries= 464246, Total sum= 464228
TH1.Print Name  = ud, Entries= 464246, Total sum= 464244
TH1.Print Name  = ede1, Entries= 164466, Total sum= 164466
TH1.Print Name  = ede1g, Entries= 27120, Total sum= 27111
TH1.Print Name  = ede2, Entries= 164466, Total sum= 164466
TH1.Print Name  = ede12, Entries= 164466, Total sum= 164466
TH1.Print Name  = xde1, Entries= 164466, Total sum= 164466
TH1.Print Name  = erftof, Entries= 464246, Total sum= 463654
TH1.Print Name  = erftofg, Entries= 12626, Total sum= 12590
TH1.Print Name  = sumehi, Entries= 679350, Total sum= 679347
TH1.Print Name  = tgppac, Entries= 679350, Total sum= 165816
TH1.Print Name  = tgppacg, Entries= 27120, Total sum= 27120
TH1.Print Name  = xehi1, Entries= 679350, Total sum= 679347
TH1.Print Name  = xehi1g, Entries= 27120, Total sum= 27119
TH1.Print Name  = de1ehi, Entries= 679350, Total sum= 679322
TH1.Print Name  = de1ehig, Entries= 27120, Total sum= 27110
TH1.Print Name  = ng, Entries= 464246, Total sum= 464246
TH1.Print Name  = ehiz1, Entries= 0, Total sum= 0
TH1.Print Name  = ehiz2, Entries= 0, Total sum= 0
TH1.Print Name  = ehiz3, Entries= 0, Total sum= 0
TH1.Print Name  = ehiz4, Entries= 0, Total sum= 0
TH1.Print Name  = ehiz5, Entries= 0, Total sum= 0
TH1.Print Name  = gg_dt, Entries= 24989, Total sum= 24989
TH1.Print Name  = gg, Entries= 49978, Total sum= 49268
TH1.Print Name  = gg_z1, Entries= 0, Total sum= 0
TH1.Print Name  = gg_z2, Entries= 0, Total sum= 0
TH1.Print Name  = gg_z3, Entries= 0, Total sum= 0
TH1.Print Name  = gg_z4, Entries= 0, Total sum= 0
TH1.Print Name  = gg_z5, Entries= 0, Total sum= 0
Pars.f1->Close();
done saving rootfile "/lcrc/project/HELIOS/gretinafma/root_data/run280.root


read 464246 events; Pars.beta=0.0330; time since last update 0 minutes
CommandFileName="GEBSort.command"

sorted timestamp range 2991911126833-->2996050861541: 4139734708
that is 41.4 seconds or 0h0m41s
^^^^^ any timestamp jumps will upset this accounting

hit statistics per type
 1 GEB_TYPE_DECOMP           732832 ;  17702.39 Hz 
 8 GEB_TYPE_GT_MOD29         193205 ;   4667.09 Hz 
read a total of              926037 ; header/payloads


nn1=0
nn2=926038
nn3=926038

nok_validate= 464246, ntot_validate=464246; validate fraction 100.00%

bytes read=439350348, 418.997143 MB

boniva sancta! ...GEBSort (unexpectedly) did not crash!

 ** GEBSort is done at 
