started GEBSort at we have 9 arguments
1... -input
will take input from disk
file size is 150250024 bytes or 146 MBytes

4... -rootfile
rootfile name specified on command line
__will store spectra in rootfile: /lcrc/project/HELIOS/gretinafma/root_data/run201.root
will recreate root file
7... -chat
core file size          (blocks, -c) unlimited
data seg size           (kbytes, -d) unlimited
scheduling priority             (-e) 0
file size               (blocks, -f) unlimited
pending signals                 (-i) 510311
max locked memory       (kbytes, -l) unlimited
max memory size         (kbytes, -m) 128769024
open files                      (-n) 51200
pipe size            (512 bytes, -p) 8
POSIX message queues     (bytes, -q) 819200
real-time priority              (-r) 0
stack size              (kbytes, -s) unlimited
cpu time               (seconds, -t) unlimited
max user processes              (-u) 4096
virtual memory          (kbytes, -v) unlimited
file locks                      (-x) unlimited
will read sorting instructions from chatfile: GEBSort.chat

executing UserDeclare.h code


GEBsort running on: 

initializing

crmat.LINUX is open (input) binary format
read 7936 bytes into Pars.crmat
chat file: <GEBSort.chat> open

will sort a max of 1410065408 events
will sort 86400 minutes of data
will print details of the first 10 events
will use Pars.Beta (v/c) correction of 0.033000
will sort using a time window of 150
Pars.do_bin_mode2=1
Pars.do_bin_mode3=1
will accept second interaction range between 10.000000 and 500.000000 mm
"1-200"
detector   1 is ENABLED
detector   2 is ENABLED
detector   3 is ENABLED
detector   4 is ENABLED
detector   5 is ENABLED
detector   6 is ENABLED
detector   7 is ENABLED
detector   8 is ENABLED
detector   9 is ENABLED
detector  10 is ENABLED
detector  11 is ENABLED
detector  12 is ENABLED
detector  13 is ENABLED
detector  14 is ENABLED
detector  15 is ENABLED
detector  16 is ENABLED
detector  17 is ENABLED
detector  18 is ENABLED
detector  19 is ENABLED
detector  20 is ENABLED
detector  21 is ENABLED
detector  22 is ENABLED
detector  23 is ENABLED
detector  24 is ENABLED
detector  25 is ENABLED
detector  26 is ENABLED
detector  27 is ENABLED
detector  28 is ENABLED
detector  29 is ENABLED
detector  30 is ENABLED
detector  31 is ENABLED
detector  32 is ENABLED
detector  33 is ENABLED
detector  34 is ENABLED
detector  35 is ENABLED
detector  36 is ENABLED
detector  37 is ENABLED
detector  38 is ENABLED
detector  39 is ENABLED
detector  40 is ENABLED
detector  41 is ENABLED
detector  42 is ENABLED
detector  43 is ENABLED
detector  44 is ENABLED
detector  45 is ENABLED
detector  46 is ENABLED
detector  47 is ENABLED
detector  48 is ENABLED
detector  49 is ENABLED
detector  50 is ENABLED
detector  51 is ENABLED
detector  52 is ENABLED
detector  53 is ENABLED
detector  54 is ENABLED
detector  55 is ENABLED
detector  56 is ENABLED
detector  57 is ENABLED
detector  58 is ENABLED
detector  59 is ENABLED
detector  60 is ENABLED
detector  61 is ENABLED
detector  62 is ENABLED
detector  63 is ENABLED
detector  64 is ENABLED
detector  65 is ENABLED
detector  66 is ENABLED
detector  67 is ENABLED
detector  68 is ENABLED
detector  69 is ENABLED
detector  70 is ENABLED
detector  71 is ENABLED
detector  72 is ENABLED
detector  73 is ENABLED
detector  74 is ENABLED
detector  75 is ENABLED
detector  76 is ENABLED
detector  77 is ENABLED
detector  78 is ENABLED
detector  79 is ENABLED
detector  80 is ENABLED
detector  81 is ENABLED
detector  82 is ENABLED
detector  83 is ENABLED
detector  84 is ENABLED
detector  85 is ENABLED
detector  86 is ENABLED
detector  87 is ENABLED
detector  88 is ENABLED
detector  89 is ENABLED
detector  90 is ENABLED
detector  91 is ENABLED
detector  92 is ENABLED
detector  93 is ENABLED
detector  94 is ENABLED
detector  95 is ENABLED
detector  96 is ENABLED
detector  97 is ENABLED
detector  98 is ENABLED
detector  99 is ENABLED
detector 100 is ENABLED
detector 101 is ENABLED
detector 102 is ENABLED
detector 103 is ENABLED
detector 104 is ENABLED
detector 105 is ENABLED
detector 106 is ENABLED
detector 107 is ENABLED
detector 108 is ENABLED
detector 109 is ENABLED
detector 110 is ENABLED
detector 111 is ENABLED
detector 112 is ENABLED
detector 113 is ENABLED
detector 114 is ENABLED
detector 115 is ENABLED
detector 116 is ENABLED
detector 117 is ENABLED
detector 118 is ENABLED
detector 119 is ENABLED
detector 120 is ENABLED
detector 121 is ENABLED
detector 122 is ENABLED
detector 123 is ENABLED
detector 124 is ENABLED
detector 125 is ENABLED
detector 126 is ENABLED
detector 127 is ENABLED
detector 128 is ENABLED
detector 129 is ENABLED
detector 130 is ENABLED
detector 131 is ENABLED
detector 132 is ENABLED
detector 133 is ENABLED
detector 134 is ENABLED
detector 135 is ENABLED
detector 136 is ENABLED
detector 137 is ENABLED
detector 138 is ENABLED
detector 139 is ENABLED
detector 140 is ENABLED
detector 141 is ENABLED
detector 142 is ENABLED
detector 143 is ENABLED
detector 144 is ENABLED
detector 145 is ENABLED
detector 146 is ENABLED
detector 147 is ENABLED
detector 148 is ENABLED
detector 149 is ENABLED
detector 150 is ENABLED
detector 151 is ENABLED
detector 152 is ENABLED
detector 153 is ENABLED
detector 154 is ENABLED
detector 155 is ENABLED
detector 156 is ENABLED
detector 157 is ENABLED
detector 158 is ENABLED
detector 159 is ENABLED
detector 160 is ENABLED
detector 161 is ENABLED
detector 162 is ENABLED
detector 163 is ENABLED
detector 164 is ENABLED
detector 165 is ENABLED
detector 166 is ENABLED
detector 167 is ENABLED
detector 168 is ENABLED
detector 169 is ENABLED
detector 170 is ENABLED
detector 171 is ENABLED
detector 172 is ENABLED
detector 173 is ENABLED
detector 174 is ENABLED
detector 175 is ENABLED
detector 176 is ENABLED
detector 177 is ENABLED
detector 178 is ENABLED
detector 179 is ENABLED
detector 180 is ENABLED
detector 181 is ENABLED
detector 182 is ENABLED
detector 183 is ENABLED
detector 184 is ENABLED
detector 185 is ENABLED
detector 186 is ENABLED
detector 187 is ENABLED
detector 188 is ENABLED
detector 189 is ENABLED
detector 190 is ENABLED
detector 191 is ENABLED
detector 192 is ENABLED
detector 193 is ENABLED
detector 194 is ENABLED
detector 195 is ENABLED
detector 196 is ENABLED
detector 197 is ENABLED
detector 198 is ENABLED
detector 199 is ENABLED
WARNING: could not open CCcal file "CCenergy.cal", quit
will use beam direction 0.000000 0.000000 1.000000
vector length= 1.000000, normalizing
will use beam direction 0.000000 0.000000 1.000000
Pars.ndetlimlo=1,Pars.ndetlimhi=8
will require mult bt: 1 20
fomlimits, 1, 0.00 ..to.. 0.80
fomlimits, 2, 0.00 ..to.. 0.80
fomlimits, 3, 0.00 ..to.. 0.80
fomlimits, 4, 0.00 ..to.. 0.80
fomlimits, 5, 0.00 ..to.. 0.80
fomlimits, 6, 0.00 ..to.. 0.80
fomlimits, 7, 0.00 ..to.. 0.80
will use M= 350.000000 in bin_dgs
will use PZ file "dgs_pz.cal" in bin_dgs
will use ecal file "dgs_ehi.cal" in bin_dgs
will skip rest of chat file

chat file: <GEBSort.chat> closed
processed 38 sort instructions and 197 lines


sorting this:
Pars.do_bin_mode3 = 1
Pars.do_bin_mode2 = 1
Pars.do_bin_mode1 = 0
Pars.do_bin_dgs = 0
Pars.do_bin_dfma = 0
Pars.do_bin_gtcal = 0
Pars.do_bin_template = 0
Pars.do_bin_final = 0
Pars.do_bin_angcor = 0
Pars.do_bin_angdis = 0
checking proper input of chat file...
input file "/lcrc/project/HELIOS/gretinafma/merged_data/GEBMerged_run201.gtd_000" is open, inData=0x252fe440
file size is 150250024 bytes or 146 MBs 
input source is set up, supposedly

xyz offset values:

executing ShareMemFileUserInit.h code

deleted \rm -f GEBSort.command
root file </lcrc/project/HELIOS/gretinafma/root_data/run201.root>
base=</lcrc/project/HELIOS/gretinafma/root_data/run201.root:/>
TFile: name=/lcrc/project/HELIOS/gretinafma/root_data/run201.root, title=, option=CREATE

executing UserInit.h code

Created Object "dtbtev", 0x26353880
Created Object "T0", 0x26353c90
, "T0"Created Object "hitpat", 0x26354080
, "hitpat"Created Object "numHitArray2", 0x26354ad0
, "numHitArray2"Created Object "CCmult", 0x26355520
, "CC Multiplicity"Created Object "CCsum", 0x26355a30
, "CCsum"Created Object "hit2", 0x26637090
, "hit2"Created Object "hit3", 0x26646ea0
, "hit3"Created Object "hit4", 0x26656cb0
, "hit4"Created Object "CCsum_nodop", 0x26666ac0
, "CCsum_nodop"Created Object "CCadd", 0x266768d0
, "CCadd"Created Object "SEGadd_FPGA", 0x266866e0
Created Object "SEGadd_PSA", 0x26686af0
Created Object "SEGsum_FPGA", 0x26686f00
Created Object "SEGsum_PSA", 0x26687310
Created Object "radius_all", 0x26687720
, "radius (all points)"Created Object "rate_mode2_min", 0x2668fb30
, "rate_mode2_min headers"Created Object "rate_mode2_sec", 0x26692c40
, "rate_mode2_sec headers"Created Object "rate_mode2_intp", 0x26695db0
, "rate_mode2 interaction points"Created Object "cdtbtev", 0x26699060
Created Object "evsr_all", 0x2675f040
Created Object "SMAP_allhits", 0x2675f580
Created Object "SMAP_allhits_sq", 0x2685ef10
Created Object "seghitpat", 0x2695e8a0
Created Object "CCe", 0x26966ca0
Created Object "ggCC", 0x26967250
Created Object "z_plot", 0x26967800
Created Object "crystal_hit", 0x26a1aed0
Created Object "SegE", 0x26a1b4a0
Created Object "crXcr", 0x26a1b9e0
MAXDETPOS=180
Created Object "eCC_a", 0x26b10090
Created Object "eCC_b", 0x26b104a0
Created Object "eCC_c", 0x26b10970
Created Object "eCC_d", 0x26b10ef0
Created Object "eSeg", 0x26b11430
Created Object "mode3_hitpat", 0x26b119e0
, "mode3_hitpat"Created Object "mode3_hitpat_chan", 0x26b12350
, "mode3_hitpat_chan"Created Object "chan0", 0x26b12a90
, "chan0"Created Object "module", 0x26b268c0
, "module"Created Object "chan", 0x26b3a6f0
Created Object "l", 0x26bb0010
, "l"Created Object "r", 0x26bc3e40
, "r"Created Object "up", 0x26bd7c00
, "up"Created Object "down", 0x26beb9c0
, "down"Created Object "sumlr", 0x26bff7f0
, "sumlr"Created Object "sumud", 0x26c13620
, "sumud"Created Object "x", 0x26c27450
, "x"Created Object "y", 0x26c3b280
, "y"Created Object "de1", 0x26c4f0b0
, "de1"Created Object "de2", 0x26c62e70
, "de2"Created Object "de3", 0x26c76c30
, "de3"Created Object "de12", 0x26c8aa60
, "de12"Created Object "etot", 0x26c9e890
, "etot"Created Object "rftof", 0x26cb2650
, "rftof"Created Object "lr", 0x26cc6410
Created Object "ud", 0x26cc6950
Created Object "ede1", 0x26cc6e90
Created Object "ede1g", 0x26cc73d0
Created Object "ede2", 0x26cc7980
Created Object "ede12", 0x26cc7f30
Created Object "xde1", 0x26cc84e0
Created Object "erftof", 0x26cc8a20
Created Object "erftofg", 0x26cc8f60
Created Object "sumehi", 0x26cc9510
, "sumehi"Created Object "tgppac", 0x26cdd2d0
, "tgppac"Created Object "tgppacg", 0x26d04980
, "tgppacg"Created Object "xehi1", 0x26d2c030
Created Object "xehi1g", 0x26d2c570
Created Object "de1ehi", 0x26d2cb20
Created Object "de1ehig", 0x26d2d060
Created Object "ng", 0x26d2d5a0
, "ng"Created Object "ehiz1", 0x26d41360
, "ehiz1"Created Object "ehiz2", 0x26d55120
, "ehiz2"Created Object "ehiz3", 0x26d68f50
, "ehiz3"Created Object "ehiz4", 0x26d7cd80
, "ehiz4"Created Object "ehiz5", 0x26d90bb0
, "ehiz5"Created Object "gg_dt", 0x26da4970
, "gg_dt"Created Object "gg", 0x26da8da0
Created Object "gg_z1", 0x26da9350
Created Object "gg_z2", 0x26da9900
Created Object "gg_z3", 0x26da9eb0
Created Object "gg_z4", 0x26daa460
Created Object "gg_z5", 0x26daa9a0
we have define the following ROOT spectra:
Collection name='THashList', class='THashList', size=84
 TH1.Print Name  = dtbtev, Entries= 0, Total sum= 0
 TH1.Print Name  = T0, Entries= 0, Total sum= 0
 TH1.Print Name  = hitpat, Entries= 0, Total sum= 0
 TH1.Print Name  = numHitArray2, Entries= 0, Total sum= 0
 TH1.Print Name  = CCmult, Entries= 0, Total sum= 0
 TH1.Print Name  = CCsum, Entries= 0, Total sum= 0
 TH1.Print Name  = hit2, Entries= 0, Total sum= 0
 TH1.Print Name  = hit3, Entries= 0, Total sum= 0
 TH1.Print Name  = hit4, Entries= 0, Total sum= 0
 TH1.Print Name  = CCsum_nodop, Entries= 0, Total sum= 0
 TH1.Print Name  = CCadd, Entries= 0, Total sum= 0
 TH1.Print Name  = SEGadd_FPGA, Entries= 0, Total sum= 0
 TH1.Print Name  = SEGadd_PSA, Entries= 0, Total sum= 0
 TH1.Print Name  = SEGsum_FPGA, Entries= 0, Total sum= 0
 TH1.Print Name  = SEGsum_PSA, Entries= 0, Total sum= 0
 TH1.Print Name  = radius_all, Entries= 0, Total sum= 0
 TH1.Print Name  = rate_mode2_min, Entries= 0, Total sum= 0
 TH1.Print Name  = rate_mode2_sec, Entries= 0, Total sum= 0
 TH1.Print Name  = rate_mode2_intp, Entries= 0, Total sum= 0
 TH1.Print Name  = cdtbtev, Entries= 0, Total sum= 0
 TH1.Print Name  = evsr_all, Entries= 0, Total sum= 0
 TH1.Print Name  = SMAP_allhits, Entries= 0, Total sum= 0
 TH1.Print Name  = SMAP_allhits_sq, Entries= 0, Total sum= 0
 TH1.Print Name  = seghitpat, Entries= 0, Total sum= 0
 TH1.Print Name  = CCe, Entries= 0, Total sum= 0
 TH1.Print Name  = ggCC, Entries= 0, Total sum= 0
 TH1.Print Name  = z_plot, Entries= 0, Total sum= 0
 TH1.Print Name  = crystal_hit, Entries= 0, Total sum= 0
 TH1.Print Name  = SegE, Entries= 0, Total sum= 0
 TH1.Print Name  = crXcr, Entries= 0, Total sum= 0
 ******************************************************************************
*Tree    :tree      : tree                                                   *
*Entries :        0 : Total =           16301 bytes  File  Size =          0 *
*        :          : Tree compression factor =   1.00                       *
******************************************************************************
*Br    0 :runNumber : runNumber/I                                            *
*Entries :        0 : Total  Size=        501 bytes  One basket in memory    *
*Baskets :        0 : Basket Size=      32000 bytes  Compression=   1.00     *
*............................................................................*
*Br    1 :numHits   : numHits/I                                              *
*Entries :        0 : Total  Size=        493 bytes  One basket in memory    *
*Baskets :        0 : Basket Size=      32000 bytes  Compression=   1.00     *
*............................................................................*
*Br    2 :left      : left[numHits]/F                                        *
*Entries :        0 : Total  Size=        580 bytes  One basket in memory    *
*Baskets :        0 : Basket Size=      32000 bytes  Compression=   1.00     *
*............................................................................*
*Br    3 :right     : right[numHits]/F                                       *
*Entries :        0 : Total  Size=        584 bytes  One basket in memory    *
*Baskets :        0 : Basket Size=      32000 bytes  Compression=   1.00     *
*............................................................................*
*Br    4 :up        : up[numHits]/F                                          *
*Entries :        0 : Total  Size=        572 bytes  One basket in memory    *
*Baskets :        0 : Basket Size=      32000 bytes  Compression=   1.00     *
*............................................................................*
*Br    5 :down      : down[numHits]/F                                        *
*Entries :        0 : Total  Size=        580 bytes  One basket in memory    *
*Baskets :        0 : Basket Size=      32000 bytes  Compression=   1.00     *
*............................................................................*
*Br    6 :e1        : e1[numHits]/F                                          *
*Entries :        0 : Total  Size=        572 bytes  One basket in memory    *
*Baskets :        0 : Basket Size=      32000 bytes  Compression=   1.00     *
*............................................................................*
*Br    7 :e2        : e2[numHits]/F                                          *
*Entries :        0 : Total  Size=        572 bytes  One basket in memory    *
*Baskets :        0 : Basket Size=      32000 bytes  Compression=   1.00     *
*............................................................................*
*Br    8 :e3        : e3[numHits]/F                                          *
*Entries :        0 : Total  Size=        572 bytes  One basket in memory    *
*Baskets :        0 : Basket Size=      32000 bytes  Compression=   1.00     *
*............................................................................*
*Br    9 :tac       : tac[numHits]/F                                         *
*Entries :        0 : Total  Size=        576 bytes  One basket in memory    *
*Baskets :        0 : Basket Size=      32000 bytes  Compression=   1.00     *
*............................................................................*
*Br   10 :fmaDeltaTime : fmaDeltaTime[numHits]/F                             *
*Entries :        0 : Total  Size=        612 bytes  One basket in memory    *
*Baskets :        0 : Basket Size=      32000 bytes  Compression=   1.00     *
*............................................................................*
*Br   11 :fmaMult   : fmaMult[10]/I                                          *
*Entries :        0 : Total  Size=        501 bytes  One basket in memory    *
*Baskets :        0 : Basket Size=      32000 bytes  Compression=   1.00     *
*............................................................................*
*Br   12 :gammaMult : gammaMult/I                                            *
*Entries :        0 : Total  Size=        501 bytes  One basket in memory    *
*Baskets :        0 : Basket Size=      32000 bytes  Compression=   1.00     *
*............................................................................*
*Br   13 :gammaEnergy : gammaEnergy[gammaMult]/F                             *
*Entries :        0 : Total  Size=        616 bytes  One basket in memory    *
*Baskets :        0 : Basket Size=      32000 bytes  Compression=   1.00     *
*............................................................................*
*Br   14 :gammaTimestamp : gammaTimestamp[gammaMult]/F                       *
*Entries :        0 : Total  Size=        628 bytes  One basket in memory    *
*Baskets :        0 : Basket Size=      32000 bytes  Compression=   1.00     *
*............................................................................*
*Br   15 :deltaTime : deltaTime[gammaMult]/F                                 *
*Entries :        0 : Total  Size=        608 bytes  One basket in memory    *
*Baskets :        0 : Basket Size=      32000 bytes  Compression=   1.00     *
*............................................................................*
*Br   16 :gebMult   : gebMult/I                                              *
*Entries :        0 : Total  Size=        493 bytes  One basket in memory    *
*Baskets :        0 : Basket Size=      32000 bytes  Compression=   1.00     *
*............................................................................*
*Br   17 :crysType  : crysType[gebMult]/I                                    *
*Entries :        0 : Total  Size=        589 bytes  One basket in memory    *
*Baskets :        0 : Basket Size=      32000 bytes  Compression=   1.00     *
*............................................................................*
*Br   18 :crysId    : crysId[gebMult]/I                                      *
*Entries :        0 : Total  Size=        581 bytes  One basket in memory    *
*Baskets :        0 : Basket Size=      32000 bytes  Compression=   1.00     *
*............................................................................*
*Br   19 :crysNum   : crysNum[gebMult]/I                                     *
*Entries :        0 : Total  Size=        585 bytes  One basket in memory    *
*Baskets :        0 : Basket Size=      32000 bytes  Compression=   1.00     *
*............................................................................*
*Br   20 :crysTot_e : crysTot_e[gebMult]/F                                   *
*Entries :        0 : Total  Size=        600 bytes  One basket in memory    *
*Baskets :        0 : Basket Size=      32000 bytes  Compression=   1.00     *
*............................................................................*
*Br   21 :crysPolAngle : crysPolAngle[gebMult]/F                             *
*Entries :        0 : Total  Size=        612 bytes  One basket in memory    *
*Baskets :        0 : Basket Size=      32000 bytes  Compression=   1.00     *
*............................................................................*
*Br   22 :intMaxX   : intMaxX[gebMult]/F                                     *
*Entries :        0 : Total  Size=        592 bytes  One basket in memory    *
*Baskets :        0 : Basket Size=      32000 bytes  Compression=   1.00     *
*............................................................................*
*Br   23 :intMaxY   : intMaxY[gebMult]/F                                     *
*Entries :        0 : Total  Size=        592 bytes  One basket in memory    *
*Baskets :        0 : Basket Size=      32000 bytes  Compression=   1.00     *
*............................................................................*
*Br   24 :intMaxZ   : intMaxZ[gebMult]/F                                     *
*Entries :        0 : Total  Size=        592 bytes  One basket in memory    *
*Baskets :        0 : Basket Size=      32000 bytes  Compression=   1.00     *
*............................................................................*
*Br   25 :intMaxE   : intMaxE[gebMult]/F                                     *
*Entries :        0 : Total  Size=        592 bytes  One basket in memory    *
*Baskets :        0 : Basket Size=      32000 bytes  Compression=   1.00     *
*............................................................................*
*Br   26 :intMaxSeg : intMaxSeg[gebMult]/I                                   *
*Entries :        0 : Total  Size=        593 bytes  One basket in memory    *
*Baskets :        0 : Basket Size=      32000 bytes  Compression=   1.00     *
*............................................................................*
*Br   27 :intMaxSegE : intMaxSegE[gebMult]/F                                 *
*Entries :        0 : Total  Size=        604 bytes  One basket in memory    *
*Baskets :        0 : Basket Size=      32000 bytes  Compression=   1.00     *
*............................................................................*
*Br   28 :crysTimestamp : crysTimestamp[gebMult]/L                           *
*Entries :        0 : Total  Size=        624 bytes  One basket in memory    *
*Baskets :        0 : Basket Size=      32000 bytes  Compression=   1.00     *
*............................................................................*
*Br   29 :crysTrigtime : crysTrigtime[gebMult]/D                             *
*Entries :        0 : Total  Size=        620 bytes  One basket in memory    *
*Baskets :        0 : Basket Size=      32000 bytes  Compression=   1.00     *
*............................................................................*
*Br   30 :crysT0    : crysT0[gebMult]/F                                      *
*Entries :        0 : Total  Size=        588 bytes  One basket in memory    *
*Baskets :        0 : Basket Size=      32000 bytes  Compression=   1.00     *
*............................................................................*
 TH1.Print Name  = eCC_a, Entries= 0, Total sum= 0
 TH1.Print Name  = eCC_b, Entries= 0, Total sum= 0
 TH1.Print Name  = eCC_c, Entries= 0, Total sum= 0
 TH1.Print Name  = eCC_d, Entries= 0, Total sum= 0
 TH1.Print Name  = eSeg, Entries= 0, Total sum= 0
 TH1.Print Name  = mode3_hitpat, Entries= 0, Total sum= 0
 TH1.Print Name  = mode3_hitpat_chan, Entries= 0, Total sum= 0
 TH1.Print Name  = chan0, Entries= 0, Total sum= 0
 TH1.Print Name  = module, Entries= 0, Total sum= 0
 TH1.Print Name  = chan, Entries= 0, Total sum= 0
 TH1.Print Name  = l, Entries= 0, Total sum= 0
 TH1.Print Name  = r, Entries= 0, Total sum= 0
 TH1.Print Name  = up, Entries= 0, Total sum= 0
 TH1.Print Name  = down, Entries= 0, Total sum= 0
 TH1.Print Name  = sumlr, Entries= 0, Total sum= 0
 TH1.Print Name  = sumud, Entries= 0, Total sum= 0
 TH1.Print Name  = x, Entries= 0, Total sum= 0
 TH1.Print Name  = y, Entries= 0, Total sum= 0
 TH1.Print Name  = de1, Entries= 0, Total sum= 0
 TH1.Print Name  = de2, Entries= 0, Total sum= 0
 TH1.Print Name  = de3, Entries= 0, Total sum= 0
 TH1.Print Name  = de12, Entries= 0, Total sum= 0
 TH1.Print Name  = etot, Entries= 0, Total sum= 0
 TH1.Print Name  = rftof, Entries= 0, Total sum= 0
 TH1.Print Name  = lr, Entries= 0, Total sum= 0
 TH1.Print Name  = ud, Entries= 0, Total sum= 0
 TH1.Print Name  = ede1, Entries= 0, Total sum= 0
 TH1.Print Name  = ede1g, Entries= 0, Total sum= 0
 TH1.Print Name  = ede2, Entries= 0, Total sum= 0
 TH1.Print Name  = ede12, Entries= 0, Total sum= 0
 TH1.Print Name  = xde1, Entries= 0, Total sum= 0
 TH1.Print Name  = erftof, Entries= 0, Total sum= 0
 TH1.Print Name  = erftofg, Entries= 0, Total sum= 0
 TH1.Print Name  = sumehi, Entries= 0, Total sum= 0
 TH1.Print Name  = tgppac, Entries= 0, Total sum= 0
 TH1.Print Name  = tgppacg, Entries= 0, Total sum= 0
 TH1.Print Name  = xehi1, Entries= 0, Total sum= 0
 TH1.Print Name  = xehi1g, Entries= 0, Total sum= 0
 TH1.Print Name  = de1ehi, Entries= 0, Total sum= 0
 TH1.Print Name  = de1ehig, Entries= 0, Total sum= 0
 TH1.Print Name  = ng, Entries= 0, Total sum= 0
 TH1.Print Name  = ehiz1, Entries= 0, Total sum= 0
 TH1.Print Name  = ehiz2, Entries= 0, Total sum= 0
 TH1.Print Name  = ehiz3, Entries= 0, Total sum= 0
 TH1.Print Name  = ehiz4, Entries= 0, Total sum= 0
 TH1.Print Name  = ehiz5, Entries= 0, Total sum= 0
 TH1.Print Name  = gg_dt, Entries= 0, Total sum= 0
 TH1.Print Name  = gg, Entries= 0, Total sum= 0
 TH1.Print Name  = gg_z1, Entries= 0, Total sum= 0
 TH1.Print Name  = gg_z2, Entries= 0, Total sum= 0
 TH1.Print Name  = gg_z3, Entries= 0, Total sum= 0
 TH1.Print Name  = gg_z4, Entries= 0, Total sum= 0
 TH1.Print Name  = gg_z5, Entries= 0, Total sum= 0
GRETINA detector angles
mod  1, crystal 0 [  4]: ( 10.07   3.58  15.10) pol   35.30 ,  azi   13.35; pol   35.30 ,  azi   19.58; modCCdopfac[4] 1.0271
mod  1, crystal 1 [  5]: ( 10.11   9.19  12.47) pol   47.60 ,  azi   36.39; pol   47.60 ,  azi   42.30; modCCdopfac[5] 1.0222
mod  1, crystal 2 [  6]: (  5.44   7.69  15.92) pol   30.60 ,  azi   25.77; pol   30.60 ,  azi   54.72; modCCdopfac[6] 1.0287
mod  1, crystal 3 [  7]: (  4.99   1.78  17.72) pol   16.65 ,  azi    5.72; pol   16.65 ,  azi   19.58; modCCdopfac[7] 1.0321
mod  2, crystal 0 [  8]: ( -0.29  10.69  15.10) pol   35.30 ,  azi   35.29; pol   35.30 ,  azi   91.58; modCCdopfac[8] 1.0271
mod  2, crystal 1 [  9]: ( -5.62  12.45  12.47) pol   47.60 ,  azi   44.95; pol   47.60 ,  azi  114.30; modCCdopfac[9] 1.0222
mod  2, crystal 2 [ 10]: ( -5.63   7.55  15.92) pol   30.60 ,  azi   25.36; pol   30.60 ,  azi  126.72; modCCdopfac[10] 1.0287
mod  2, crystal 3 [ 11]: ( -0.15   5.30  17.72) pol   16.65 ,  azi   16.64; pol   16.65 ,  azi   91.58; modCCdopfac[11] 1.0321
mod  3, crystal 0 [ 12]: (-10.25   3.02  15.10) pol   35.30 ,  azi   11.32; pol   35.30 ,  azi  163.58; modCCdopfac[12] 1.0271
mod  3, crystal 1 [ 13]: (-13.58  -1.50  12.47) pol   47.60 ,  azi   -6.85; pol   47.60 ,  azi -173.70; modCCdopfac[13] 1.0222
mod  3, crystal 2 [ 14]: ( -8.92  -3.02  15.92) pol   30.60 ,  azi  -10.75; pol   30.60 ,  azi -161.28; modCCdopfac[14] 1.0287
mod  3, crystal 3 [ 15]: ( -5.08   1.50  17.72) pol   16.65 ,  azi    4.83; pol   16.65 ,  azi  163.58; modCCdopfac[15] 1.0321
mod  4, crystal 0 [ 16]: ( -6.04  -8.82  15.10) pol   35.30 ,  azi  -30.29; pol   35.30 ,  azi -124.42; modCCdopfac[16] 1.0271
mod  4, crystal 1 [ 17]: ( -2.77 -13.38  12.47) pol   47.60 ,  azi  -47.00; pol   47.60 ,  azi -101.70; modCCdopfac[17] 1.0222
mod  4, crystal 2 [ 18]: (  0.12  -9.42  15.92) pol   30.60 ,  azi  -30.60; pol   30.60 ,  azi  -89.28; modCCdopfac[18] 1.0287
mod  4, crystal 3 [ 19]: ( -3.00  -4.37  17.72) pol   16.65 ,  azi  -13.86; pol   16.65 ,  azi -124.42; modCCdopfac[19] 1.0321
mod  5, crystal 0 [ 20]: (  6.52  -8.47  15.10) pol   35.30 ,  azi  -29.30; pol   35.30 ,  azi  -52.42; modCCdopfac[20] 1.0271
mod  5, crystal 1 [ 21]: ( 11.87  -6.77  12.47) pol   47.60 ,  azi  -28.49; pol   47.60 ,  azi  -29.70; modCCdopfac[21] 1.0222
mod  5, crystal 2 [ 22]: (  8.99  -2.80  15.92) pol   30.60 ,  azi   -9.96; pol   30.60 ,  azi  -17.28; modCCdopfac[22] 1.0287
mod  5, crystal 3 [ 23]: (  3.23  -4.20  17.72) pol   16.65 ,  azi  -13.33; pol   16.65 ,  azi  -52.42; modCCdopfac[23] 1.0321
mod  6, crystal 0 [ 24]: (  4.54  16.51   7.02) pol   67.71 ,  azi   66.97; pol   67.71 ,  azi   74.63; modCCdopfac[24] 1.0121
mod  6, crystal 1 [ 25]: ( -0.33  15.15  10.61) pol   55.02 ,  azi   55.01; pol   55.02 ,  azi   91.23; modCCdopfac[25] 1.0187
mod  6, crystal 2 [ 26]: (  5.05  13.00  12.16) pol   48.92 ,  azi   46.92; pol   48.92 ,  azi   68.77; modCCdopfac[26] 1.0216
mod  6, crystal 3 [ 27]: (  9.66  13.57   8.06) pol   64.18 ,  azi   59.29; pol   64.18 ,  azi   54.55; modCCdopfac[27] 1.0140
mod  7, crystal 0 [ 28]: (-14.30   9.42   7.02) pol   67.71 ,  azi   53.31; pol   67.71 ,  azi  146.63; modCCdopfac[28] 1.0121
mod  7, crystal 1 [ 29]: (-14.51   4.37  10.61) pol   55.02 ,  azi   22.40; pol   55.02 ,  azi  163.23; modCCdopfac[29] 1.0187
mod  7, crystal 2 [ 30]: (-10.80   8.82  12.16) pol   48.92 ,  azi   35.96; pol   48.92 ,  azi  140.77; modCCdopfac[30] 1.0216
mod  7, crystal 3 [ 31]: ( -9.92  13.38   8.06) pol   64.18 ,  azi   58.94; pol   64.18 ,  azi  126.55; modCCdopfac[31] 1.0140
mod  8, crystal 0 [ 32]: (-13.37 -10.69   7.02) pol   67.71 ,  azi  -56.71; pol   67.71 ,  azi -141.37; modCCdopfac[32] 1.0121
mod  8, crystal 1 [ 33]: ( -8.64 -12.45  10.61) pol   55.02 ,  azi  -49.58; pol   55.02 ,  azi -124.77; modCCdopfac[33] 1.0187
mod  8, crystal 2 [ 34]: (-11.73  -7.55  12.16) pol   48.92 ,  azi  -31.84; pol   48.92 ,  azi -147.23; modCCdopfac[34] 1.0216
mod  8, crystal 3 [ 35]: (-15.79  -5.30   8.06) pol   64.18 ,  azi  -33.33; pol   64.18 ,  azi -161.45; modCCdopfac[35] 1.0140
mod  9, crystal 0 [ 36]: (  6.03 -16.02   7.02) pol   67.71 ,  azi  -66.35; pol   67.71 ,  azi  -69.37; modCCdopfac[36] 1.0121
mod  9, crystal 1 [ 37]: (  9.17 -12.07  10.61) pol   55.02 ,  azi  -48.69; pol   55.02 ,  azi  -52.77; modCCdopfac[37] 1.0187
mod  9, crystal 2 [ 38]: (  3.56 -13.48  12.16) pol   48.92 ,  azi  -47.96; pol   48.92 ,  azi  -75.23; modCCdopfac[38] 1.0216
mod  9, crystal 3 [ 39]: (  0.16 -16.65   8.06) pol   64.18 ,  azi  -64.18; pol   64.18 ,  azi  -89.45; modCCdopfac[39] 1.0140
mod 10, crystal 0 [ 40]: ( 17.10   0.79   7.02) pol   67.71 ,  azi    6.39; pol   67.71 ,  azi    2.63; modCCdopfac[40] 1.0121
mod 10, crystal 1 [ 41]: ( 14.31   4.99  10.61) pol   55.02 ,  azi   25.21; pol   55.02 ,  azi   19.23; modCCdopfac[41] 1.0187
mod 10, crystal 2 [ 42]: ( 13.92  -0.79  12.16) pol   48.92 ,  azi   -3.70; pol   48.92 ,  azi   -3.23; modCCdopfac[42] 1.0216
mod 10, crystal 3 [ 43]: ( 15.89  -4.99   8.06) pol   64.18 ,  azi  -31.79; pol   64.18 ,  azi  -17.45; modCCdopfac[43] 1.0140
mod 11, crystal 0 [ 44]: ( 18.26   2.80   0.92) pol   87.15 ,  azi   71.78; pol   87.15 ,  azi    8.71; modCCdopfac[44] 1.0011
mod 11, crystal 1 [ 45]: ( 17.30   4.20  -5.04) pol  105.79 ,  azi  140.16; pol  105.79 ,  azi   13.65; modCCdopfac[45] 0.9906
mod 11, crystal 2 [ 46]: ( 16.42   8.47  -0.92) pol   92.85 ,  azi   96.20; pol   92.85 ,  azi   27.29; modCCdopfac[46] 0.9978
mod 11, crystal 3 [ 47]: ( 16.46   6.77   5.04) pol   74.21 ,  azi   53.36; pol   74.21 ,  azi   22.35; modCCdopfac[47] 1.0085
mod 12, crystal 0 [ 48]: ( 12.46  13.48  -2.26) pol   97.01 ,  azi   99.50; pol   97.01 ,  azi   47.25; modCCdopfac[48] 0.9954
mod 12, crystal 1 [ 49]: (  7.28  16.65  -3.46) pol  100.78 ,  azi  101.74; pol  100.78 ,  azi   66.39; modCCdopfac[49] 0.9933
mod 12, crystal 2 [ 50]: (  8.97  16.02   2.26) pol   82.99 ,  azi   81.98; pol   82.99 ,  azi   60.75; modCCdopfac[50] 1.0035
mod 12, crystal 3 [ 51]: ( 13.59  12.07   3.46) pol   79.22 ,  azi   74.00; pol   79.22 ,  azi   41.61; modCCdopfac[51] 1.0057
mod 13, crystal 0 [ 52]: (  2.98  18.23   0.92) pol   87.15 ,  azi   87.11; pol   87.15 ,  azi   80.71; modCCdopfac[52] 1.0011
mod 13, crystal 1 [ 53]: (  1.35  17.75  -5.04) pol  105.79 ,  azi  105.84; pol  105.79 ,  azi   85.65; modCCdopfac[53] 0.9906
mod 13, crystal 2 [ 54]: ( -2.98  18.23  -0.92) pol   92.85 ,  azi   92.89; pol   92.85 ,  azi   99.29; modCCdopfac[54] 0.9978
mod 13, crystal 3 [ 55]: ( -1.35  17.75   5.04) pol   74.21 ,  azi   74.16; pol   74.21 ,  azi   94.35; modCCdopfac[55] 1.0085
mod 14, crystal 0 [ 56]: ( -8.97  16.02  -2.26) pol   97.01 ,  azi   98.02; pol   97.01 ,  azi  119.25; modCCdopfac[56] 0.9954
mod 14, crystal 1 [ 57]: (-13.59  12.07  -3.46) pol  100.78 ,  azi  106.00; pol  100.78 ,  azi  138.39; modCCdopfac[57] 0.9933
mod 14, crystal 2 [ 58]: (-12.46  13.48   2.26) pol   82.99 ,  azi   80.50; pol   82.99 ,  azi  132.75; modCCdopfac[58] 1.0035
mod 14, crystal 3 [ 59]: ( -7.28  16.65   3.46) pol   79.22 ,  azi   78.26; pol   79.22 ,  azi  113.61; modCCdopfac[59] 1.0057
mod 15, crystal 0 [ 60]: (-16.42   8.47   0.92) pol   87.15 ,  azi   83.80; pol   87.15 ,  azi  152.71; modCCdopfac[60] 1.0011
mod 15, crystal 1 [ 61]: (-16.46   6.77  -5.04) pol  105.79 ,  azi  126.64; pol  105.79 ,  azi  157.65; modCCdopfac[61] 0.9906
mod 15, crystal 2 [ 62]: (-18.26   2.80  -0.92) pol   92.85 ,  azi  108.22; pol   92.85 ,  azi  171.29; modCCdopfac[62] 0.9978
mod 15, crystal 3 [ 63]: (-17.30   4.20   5.04) pol   74.21 ,  azi   39.84; pol   74.21 ,  azi  166.35; modCCdopfac[63] 1.0085
mod 16, crystal 0 [ 64]: (-18.01  -3.58  -2.26) pol   97.01 ,  azi -122.21; pol   97.01 ,  azi -168.75; modCCdopfac[64] 0.9954
mod 16, crystal 1 [ 65]: (-15.68  -9.19  -3.46) pol  100.78 ,  azi -110.62; pol  100.78 ,  azi -149.61; modCCdopfac[65] 0.9933
mod 16, crystal 2 [ 66]: (-16.68  -7.69   2.26) pol   82.99 ,  azi  -73.64; pol   82.99 ,  azi -155.25; modCCdopfac[66] 1.0035
mod 16, crystal 3 [ 67]: (-18.09  -1.78   3.46) pol   79.22 ,  azi  -27.18; pol   79.22 ,  azi -174.39; modCCdopfac[67] 1.0057
mod 17, crystal 0 [ 68]: (-13.13 -13.00   0.92) pol   87.15 ,  azi  -85.95; pol   87.15 ,  azi -135.29; modCCdopfac[68] 1.0011
mod 17, crystal 1 [ 69]: (-11.53 -13.57  -5.04) pol  105.79 ,  azi -110.36; pol  105.79 ,  azi -130.35; modCCdopfac[69] 0.9906
mod 17, crystal 2 [ 70]: ( -8.30 -16.51  -0.92) pol   92.85 ,  azi  -93.19; pol   92.85 ,  azi -116.71; modCCdopfac[70] 0.9978
mod 17, crystal 3 [ 71]: ( -9.34 -15.15   5.04) pol   74.21 ,  azi  -71.62; pol   74.21 ,  azi -121.65; modCCdopfac[71] 1.0085
mod 18, crystal 0 [ 72]: ( -2.16 -18.23  -2.26) pol   97.01 ,  azi  -97.05; pol   97.01 ,  azi  -96.75; modCCdopfac[72] 0.9954
mod 18, crystal 1 [ 73]: (  3.90 -17.75  -3.46) pol  100.78 ,  azi -101.03; pol  100.78 ,  azi  -77.61; modCCdopfac[73] 0.9933
mod 18, crystal 2 [ 74]: (  2.16 -18.23   2.26) pol   82.99 ,  azi  -82.95; pol   82.99 ,  azi  -83.25; modCCdopfac[74] 1.0035
mod 18, crystal 3 [ 75]: ( -3.90 -17.75   3.46) pol   79.22 ,  azi  -78.97; pol   79.22 ,  azi -102.39; modCCdopfac[75] 1.0057
mod 19, crystal 0 [ 76]: (  8.30 -16.51   0.92) pol   87.15 ,  azi  -86.81; pol   87.15 ,  azi  -63.29; modCCdopfac[76] 1.0011
mod 19, crystal 1 [ 77]: (  9.34 -15.15  -5.04) pol  105.79 ,  azi -108.38; pol  105.79 ,  azi  -58.35; modCCdopfac[77] 0.9906
mod 19, crystal 2 [ 78]: ( 13.13 -13.00  -0.92) pol   92.85 ,  azi  -94.05; pol   92.85 ,  azi  -44.71; modCCdopfac[78] 0.9978
mod 19, crystal 3 [ 79]: ( 11.53 -13.57   5.04) pol   74.21 ,  azi  -69.64; pol   74.21 ,  azi  -49.65; modCCdopfac[79] 1.0085
mod 20, crystal 0 [ 80]: ( 16.68  -7.69  -2.26) pol   97.01 ,  azi -106.36; pol   97.01 ,  azi  -24.75; modCCdopfac[80] 0.9954
mod 20, crystal 1 [ 81]: ( 18.09  -1.78  -3.46) pol  100.78 ,  azi -152.82; pol  100.78 ,  azi   -5.61; modCCdopfac[81] 0.9933
mod 20, crystal 2 [ 82]: ( 18.01  -3.58   2.26) pol   82.99 ,  azi  -57.79; pol   82.99 ,  azi  -11.25; modCCdopfac[82] 1.0035
mod 20, crystal 3 [ 83]: ( 15.68  -9.19   3.46) pol   79.22 ,  azi  -69.38; pol   79.22 ,  azi  -30.39; modCCdopfac[83] 1.0057
mod 21, crystal 0 [ 84]: ( 14.30   9.42  -7.02) pol  112.29 ,  azi  126.69; pol  112.29 ,  azi   33.37; modCCdopfac[84] 0.9871
mod 21, crystal 1 [ 85]: ( 14.51   4.37 -10.61) pol  124.98 ,  azi  157.60; pol  124.98 ,  azi   16.77; modCCdopfac[85] 0.9809
mod 21, crystal 2 [ 86]: ( 10.80   8.82 -12.16) pol  131.08 ,  azi  144.04; pol  131.08 ,  azi   39.23; modCCdopfac[86] 0.9782
mod 21, crystal 3 [ 87]: (  9.92  13.38  -8.06) pol  115.82 ,  azi  121.06; pol  115.82 ,  azi   53.45; modCCdopfac[87] 0.9853
mod 22, crystal 0 [ 88]: ( -4.54  16.51  -7.02) pol  112.29 ,  azi  113.03; pol  112.29 ,  azi  105.37; modCCdopfac[88] 0.9871
mod 22, crystal 1 [ 89]: (  0.33  15.15 -10.61) pol  124.98 ,  azi  124.99; pol  124.98 ,  azi   88.77; modCCdopfac[89] 0.9809
mod 22, crystal 2 [ 90]: ( -5.05  13.00 -12.16) pol  131.08 ,  azi  133.08; pol  131.08 ,  azi  111.23; modCCdopfac[90] 0.9782
mod 22, crystal 3 [ 91]: ( -9.66  13.57  -8.06) pol  115.82 ,  azi  120.71; pol  115.82 ,  azi  125.45; modCCdopfac[91] 0.9853
mod 23, crystal 0 [ 92]: (-17.10   0.79  -7.02) pol  112.29 ,  azi  173.61; pol  112.29 ,  azi  177.37; modCCdopfac[92] 0.9871
mod 23, crystal 1 [ 93]: (-14.31   4.99 -10.61) pol  124.98 ,  azi  154.79; pol  124.98 ,  azi  160.77; modCCdopfac[93] 0.9809
mod 23, crystal 2 [ 94]: (-13.92  -0.79 -12.16) pol  131.08 ,  azi -176.30; pol  131.08 ,  azi -176.77; modCCdopfac[94] 0.9782
mod 23, crystal 3 [ 95]: (-15.89  -4.99  -8.06) pol  115.82 ,  azi -148.21; pol  115.82 ,  azi -162.55; modCCdopfac[95] 0.9853
mod 24, crystal 0 [ 96]: ( -6.03 -16.02  -7.02) pol  112.29 ,  azi -113.65; pol  112.29 ,  azi -110.63; modCCdopfac[96] 0.9871
mod 24, crystal 1 [ 97]: ( -9.17 -12.07 -10.61) pol  124.98 ,  azi -131.31; pol  124.98 ,  azi -127.23; modCCdopfac[97] 0.9809
mod 24, crystal 2 [ 98]: ( -3.56 -13.48 -12.16) pol  131.08 ,  azi -132.04; pol  131.08 ,  azi -104.77; modCCdopfac[98] 0.9782
mod 24, crystal 3 [ 99]: ( -0.16 -16.65  -8.06) pol  115.82 ,  azi -115.82; pol  115.82 ,  azi  -90.55; modCCdopfac[99] 0.9853
mod 25, crystal 0 [100]: ( 13.37 -10.69  -7.02) pol  112.29 ,  azi -123.29; pol  112.29 ,  azi  -38.63; modCCdopfac[100] 0.9871
mod 25, crystal 1 [101]: (  8.64 -12.45 -10.61) pol  124.98 ,  azi -130.42; pol  124.98 ,  azi  -55.23; modCCdopfac[101] 0.9809
mod 25, crystal 2 [102]: ( 11.73  -7.55 -12.16) pol  131.08 ,  azi -148.16; pol  131.08 ,  azi  -32.77; modCCdopfac[102] 0.9782
mod 25, crystal 3 [103]: ( 15.79  -5.30  -8.06) pol  115.82 ,  azi -146.67; pol  115.82 ,  azi  -18.55; modCCdopfac[103] 0.9853
mod 26, crystal 0 [104]: (  0.29  10.69 -15.10) pol  144.70 ,  azi  144.71; pol  144.70 ,  azi   88.42; modCCdopfac[104] 0.9732
mod 26, crystal 1 [105]: (  5.62  12.45 -12.47) pol  132.40 ,  azi  135.05; pol  132.40 ,  azi   65.70; modCCdopfac[105] 0.9777
mod 26, crystal 2 [106]: (  5.63   7.55 -15.92) pol  149.40 ,  azi  154.64; pol  149.40 ,  azi   53.28; modCCdopfac[106] 0.9718
mod 26, crystal 3 [107]: (  0.15   5.30 -17.72) pol  163.35 ,  azi  163.36; pol  163.35 ,  azi   88.42; modCCdopfac[107] 0.9688
mod 27, crystal 0 [108]: (-10.07   3.58 -15.10) pol  144.70 ,  azi  166.65; pol  144.70 ,  azi  160.42; modCCdopfac[108] 0.9732
mod 27, crystal 1 [109]: (-10.11   9.19 -12.47) pol  132.40 ,  azi  143.61; pol  132.40 ,  azi  137.70; modCCdopfac[109] 0.9777
mod 27, crystal 2 [110]: ( -5.44   7.69 -15.92) pol  149.40 ,  azi  154.23; pol  149.40 ,  azi  125.28; modCCdopfac[110] 0.9718
mod 27, crystal 3 [111]: ( -4.99   1.78 -17.72) pol  163.35 ,  azi  174.28; pol  163.35 ,  azi  160.42; modCCdopfac[111] 0.9688
mod 28, crystal 0 [112]: ( -6.52  -8.47 -15.10) pol  144.70 ,  azi -150.70; pol  144.70 ,  azi -127.58; modCCdopfac[112] 0.9732
mod 28, crystal 1 [113]: (-11.87  -6.77 -12.47) pol  132.40 ,  azi -151.51; pol  132.40 ,  azi -150.30; modCCdopfac[113] 0.9777
mod 28, crystal 2 [114]: ( -8.99  -2.80 -15.92) pol  149.40 ,  azi -170.04; pol  149.40 ,  azi -162.72; modCCdopfac[114] 0.9718
mod 28, crystal 3 [115]: ( -3.23  -4.20 -17.72) pol  163.35 ,  azi -166.67; pol  163.35 ,  azi -127.58; modCCdopfac[115] 0.9688
mod 29, crystal 0 [116]: (  6.04  -8.82 -15.10) pol  144.70 ,  azi -149.71; pol  144.70 ,  azi  -55.58; modCCdopfac[116] 0.9732
mod 29, crystal 1 [117]: (  2.77 -13.38 -12.47) pol  132.40 ,  azi -133.00; pol  132.40 ,  azi  -78.30; modCCdopfac[117] 0.9777
mod 29, crystal 2 [118]: ( -0.12  -9.42 -15.92) pol  149.40 ,  azi -149.40; pol  149.40 ,  azi  -90.72; modCCdopfac[118] 0.9718
mod 29, crystal 3 [119]: (  3.00  -4.37 -17.72) pol  163.35 ,  azi -166.14; pol  163.35 ,  azi  -55.58; modCCdopfac[119] 0.9688
mod 30, crystal 0 [120]: ( 10.25   3.02 -15.10) pol  144.70 ,  azi  168.68; pol  144.70 ,  azi   16.42; modCCdopfac[120] 0.9732
mod 30, crystal 1 [121]: ( 13.58  -1.50 -12.47) pol  132.40 ,  azi -173.15; pol  132.40 ,  azi   -6.30; modCCdopfac[121] 0.9777
mod 30, crystal 2 [122]: (  8.92  -3.02 -15.92) pol  149.40 ,  azi -169.25; pol  149.40 ,  azi  -18.72; modCCdopfac[122] 0.9718
mod 30, crystal 3 [123]: (  5.08   1.50 -17.72) pol  163.35 ,  azi  175.17; pol  163.35 ,  azi   16.42; modCCdopfac[123] 0.9688
setup signal catcher
started sorting... from disk...

Pars.maxTS=4611686018427387904
got initial header, TS=163298633955 ID: 1 length: 464
read initial payload of siz=464 into event position 1
__ptgd[0]->type= 0; ptgd[0]->length=   0; ptgd[0]->timestamp=0
initial ii=1, nn=1
ev#     0 GEB_TYPE_DECOMP        464Bytes TS=163298633957 curTS=163298633955 dTS= 2
ev#     0 GEB_TYPE_DECOMP        464Bytes TS=163298690413 curTS=163298633955 dTS= 56458
t0=163298633955
first event: GEB_event.mult=2
   0/ 0: ( 1,GEB_TYPE_DECOMP      ) TS=        163298633955; dT=-2
   0/ 1: ( 1,GEB_TYPE_DECOMP      ) TS=        163298633957; dT=0
maxTS=8803298633955
that is 86400.0 seconds or 24h0m0s minutes of sorting
GEBGetEv returned st=0
we have read 1440 bytes; CurEvNo=1

+++++++++++++++++++++++++++++++
*start event # 1 with multiplicity 2 looks like this:
 0>  1, GEB_TYPE_DECOMP      , TS=163298633955
 1>  1, GEB_TYPE_DECOMP      , TS=163298633957
entered bin_mode2: 1/10
ptinp->pad= 6, (ptinp->pad&0x000000ff)= 6
ptinp->pad= 6, (ptinp->pad&0x000000ff)= 6
updated CCadd with    0.00
total number of hits in array: 0
exit bin_mode2
entered bin_mode3 @ event number: 1 
exit bin_mode3
*end of event # 1
+++++++++++++++++++++++++++++++
ev#     1 GEB_TYPE_DECOMP        464Bytes TS=163298690417 curTS=163298690413 dTS= 4
ev#     1 GEB_TYPE_DECOMP        464Bytes TS=163298709559 curTS=163298690413 dTS= 19146
GEBGetEv returned st=0
we have read 2400 bytes; CurEvNo=2

+++++++++++++++++++++++++++++++
*start event # 2 with multiplicity 2 looks like this:
 0>  1, GEB_TYPE_DECOMP      , TS=163298690413
 1>  1, GEB_TYPE_DECOMP      , TS=163298690417
entered bin_mode2: 2/10
ptinp->pad= 6, (ptinp->pad&0x000000ff)= 6
ptinp->pad= 6, (ptinp->pad&0x000000ff)= 6
updated CCadd with    0.00
total number of hits in array: 0
exit bin_mode2
entered bin_mode3 @ event number: 2 
exit bin_mode3
*end of event # 2
+++++++++++++++++++++++++++++++
ev#     2 GEB_TYPE_DECOMP        464Bytes TS=163298717063 curTS=163298709559 dTS= 7504
GEBGetEv returned st=0
we have read 2880 bytes; CurEvNo=3

+++++++++++++++++++++++++++++++
*start event # 3 with multiplicity 1 looks like this:
 0>  1, GEB_TYPE_DECOMP      , TS=163298709559
entered bin_mode2: 3/10
ptinp->pad= 6, (ptinp->pad&0x000000ff)= 6
updated CCadd with    0.00
total number of hits in array: 0
exit bin_mode2
entered bin_mode3 @ event number: 3 
exit bin_mode3
*end of event # 3
+++++++++++++++++++++++++++++++
ev#     3 GEB_TYPE_GT_MOD29       88Bytes TS=163298718949 curTS=163298717063 dTS= 1886
GEBGetEv returned st=0
we have read 2984 bytes; CurEvNo=4

+++++++++++++++++++++++++++++++
*start event # 4 with multiplicity 1 looks like this:
 0>  1, GEB_TYPE_DECOMP      , TS=163298717063
entered bin_mode2: 4/10
ptinp->pad= 6, (ptinp->pad&0x000000ff)= 6
updated CCadd with    0.00
total number of hits in array: 0
exit bin_mode2
entered bin_mode3 @ event number: 4 
exit bin_mode3
*end of event # 4
+++++++++++++++++++++++++++++++
ev#     4 GEB_TYPE_DECOMP        464Bytes TS=163298782429 curTS=163298718949 dTS= 63480
GEBGetEv returned st=0
we have read 3464 bytes; CurEvNo=5

+++++++++++++++++++++++++++++++
*start event # 5 with multiplicity 1 looks like this:
 0>  8, GEB_TYPE_GT_MOD29    , TS=163298718949
entered bin_mode2: 5/10
updated CCadd with    0.00
total number of hits in array: 0
exit bin_mode2
entered bin_mode3 @ event number: 5 

bin_mode3:  0>  8, GEB_TYPE_GT_MOD29    , TS=163298718949, 0x26055cb4e5; payload length: 88 bytes

---------
new GTheader at pos=0 or 0 words (8):
Event.hdr[ 0]=0x1f37,   7991
Event.hdr[ 1]=0x300a,  12298
Event.hdr[ 2]=0xb4e5,  46309
Event.hdr[ 3]=0x055c,   1372
Event.hdr[ 4]=0x0026,     38
Event.hdr[ 5]=0x2b2f,  11055
Event.hdr[ 6]=0x0e01,   3585
Event.hdr[ 7]=0x0000,      0
Event.hdr[ 8]=0x0000,      0
Event.hdr[ 9]=0xfe02,  65026
Event.hdr[10]=0x2000,   8192
Event.hdr[11]=0xfff2,  65522
Event.hdr[12]=0x645f,  25695
Event.hdr[13]=0x0004,      4
Event.len=  44, Event.traceLen=  12 (in Bytes)
Event.len=  22, Event.traceLen=   6 (in 16 bit words)
Event.len=  11, Event.traceLen=   3 (in 32 bit words)
next start: 0xaaaaaaaa, pos= 44
0x1f37 module_id = 31 crystal_id = 0 digitizer_id = 3 chan_id = 7 ge_id = 124 channel = 37  -> is segment
open superpulse_005_00_01.xy at Event.chan_id = 7
open CCpulse_005_00_01.xy at Event.chan_id = 7
ncrystal=1
wrote trace to CCpulse_005_00_01.xy
two's comp tempE  ::      76591      76591 0x00012b2f |0000|0000|0000|0001|0010|1011|0010|1111|
rawE              ::      76591      76591 0x00012b2f |0000|0000|0000|0001|0010|1011|0010|1111|
rawE (sign change)::      76591      76591 0x00012b2f |0000|0000|0000|0001|0010|1011|0010|1111|
Event.ehi=            2393 0x00000959
Event.ehi=239 (gain changed)
Event.LEDts =         163298718949
Event.CFDts =          34360459276

---------
new GTheader at pos=44 or 22 words (30):
Event.hdr[ 0]=0x1f38,   7992
Event.hdr[ 1]=0x300a,  12298
Event.hdr[ 2]=0xb4e5,  46309
Event.hdr[ 3]=0x055c,   1372
Event.hdr[ 4]=0x0026,     38
Event.hdr[ 5]=0x86c1,  34497
Event.hdr[ 6]=0x1ff9,   8185
Event.hdr[ 7]=0x0000,      0
Event.hdr[ 8]=0x0000,      0
Event.hdr[ 9]=0xc2a6,  49830
Event.hdr[10]=0x65fc,  26108
Event.hdr[11]=0xf98d,  63885
Event.hdr[12]=0xa8e7,  43239
Event.hdr[13]=0x07f2,   2034
Event.len=  44, Event.traceLen=  12 (in Bytes)
Event.len=  22, Event.traceLen=   6 (in 16 bit words)
Event.len=  11, Event.traceLen=   3 (in 32 bit words)
0x1f38 module_id = 31 crystal_id = 0 digitizer_id = 3 chan_id = 8 ge_id = 124 channel = 38  -> is segment
ncrystal=1
wrote trace to CCpulse_005_00_01.xy
two's comp tempE  ::   16352961   16352961 0x00f986c1 |0000|0000|1111|1001|1000|0110|1100|0001|
rawE              :: 4294543041    -424255 0xfff986c1 |1111|1111|1111|1001|1000|0110|1100|0001|
rawE (sign change)::     424255     424255 0x0006793f |0000|0000|0000|0110|0111|1001|0011|1111|
Event.ehi=           13257 0x000033c9
Event.ehi=1325 (gain changed)
Event.LEDts =         163298718949
Event.CFDts =         429506101260
exit bin_mode3
*end of event # 5
+++++++++++++++++++++++++++++++
ev#     5 GEB_TYPE_DECOMP        464Bytes TS=163298782737 curTS=163298782429 dTS= 308
GEBGetEv returned st=0
we have read 3944 bytes; CurEvNo=6

+++++++++++++++++++++++++++++++
*start event # 6 with multiplicity 1 looks like this:
 0>  1, GEB_TYPE_DECOMP      , TS=163298782429
entered bin_mode2: 6/10
ptinp->pad= 6, (ptinp->pad&0x000000ff)= 6
updated CCadd with    0.00
total number of hits in array: 0
exit bin_mode2
entered bin_mode3 @ event number: 6 
exit bin_mode3
*end of event # 6
+++++++++++++++++++++++++++++++
ev#     6 GEB_TYPE_DECOMP        464Bytes TS=163298782865 curTS=163298782737 dTS= 128
ev#     6 GEB_TYPE_GT_MOD29      440Bytes TS=163298782917 curTS=163298782737 dTS= 180
GEBGetEv returned st=0
we have read 4880 bytes; CurEvNo=7

+++++++++++++++++++++++++++++++
*start event # 7 with multiplicity 2 looks like this:
 0>  1, GEB_TYPE_DECOMP      , TS=163298782737
 1>  1, GEB_TYPE_DECOMP      , TS=163298782865
entered bin_mode2: 7/10
ptinp->pad= 6, (ptinp->pad&0x000000ff)= 6
ptinp->pad= 0, (ptinp->pad&0x000000ff)= 0
good pad value
mode2 data:  1>  1, GEB_TYPE_DECOMP      , TS=163298782865
number of hits: 1
* 1/2, is GEB_TYPE_DECOMP: num=1
__detno: 99, module: 24, crystalNumber: 3
CCenergies[0]= 118.16
* 0:  -32.58,   4.74,  37.30 --> GT:    2.95, -20.46,  -8.82
updated CCadd with  118.16
total number of hits in array: 1
exit bin_mode2
entered bin_mode3 @ event number: 7 
exit bin_mode3
*end of event # 7
+++++++++++++++++++++++++++++++
ev#     7 GEB_TYPE_DECOMP        464Bytes TS=163298782997 curTS=163298782917 dTS= 80
ev#     7 GEB_TYPE_GT_MOD29      440Bytes TS=163298786779 curTS=163298782917 dTS= 3862
GEBGetEv returned st=0
we have read 5816 bytes; CurEvNo=8

+++++++++++++++++++++++++++++++
*start event # 8 with multiplicity 2 looks like this:
 0>  8, GEB_TYPE_GT_MOD29    , TS=163298782917
 1>  1, GEB_TYPE_DECOMP      , TS=163298782997
entered bin_mode2: 8/10
ptinp->pad= 6, (ptinp->pad&0x000000ff)= 6
updated CCadd with    0.00
total number of hits in array: 0
exit bin_mode2
entered bin_mode3 @ event number: 8 

bin_mode3:  0>  8, GEB_TYPE_GT_MOD29    , TS=163298782917, 0x26055daec5; payload length: 440 bytes

---------
new GTheader at pos=0 or 0 words (8):
Event.hdr[ 0]=0x1f32,   7986
Event.hdr[ 1]=0x300a,  12298
Event.hdr[ 2]=0xaec5,  44741
Event.hdr[ 3]=0x055d,   1373
Event.hdr[ 4]=0x0026,     38
Event.hdr[ 5]=0x204c,   8268
Event.hdr[ 6]=0x0e00,   3584
Event.hdr[ 7]=0xf9df,  63967
Event.hdr[ 8]=0x0000,      0
Event.hdr[ 9]=0xf1a0,  61856
Event.hdr[10]=0x4bff,  19455
Event.hdr[11]=0x001d,     29
Event.hdr[12]=0x4d08,  19720
Event.hdr[13]=0x0000,      0
Event.len=  44, Event.traceLen=  12 (in Bytes)
Event.len=  22, Event.traceLen=   6 (in 16 bit words)
Event.len=  11, Event.traceLen=   3 (in 32 bit words)
next start: 0xaaaaaaaa, pos= 44
0x1f32 module_id = 31 crystal_id = 0 digitizer_id = 3 chan_id = 2 ge_id = 124 channel = 32  -> is segment
open superpulse_008_00_01.xy at Event.chan_id = 2
open CCpulse_008_00_01.xy at Event.chan_id = 2
ncrystal=1
wrote trace to CCpulse_008_00_01.xy
two's comp tempE  ::       8268       8268 0x0000204c |0000|0000|0000|0000|0010|0000|0100|1100|
rawE              ::       8268       8268 0x0000204c |0000|0000|0000|0000|0010|0000|0100|1100|
rawE (sign change)::       8268       8268 0x0000204c |0000|0000|0000|0000|0010|0000|0100|1100|
Event.ehi=             258 0x00000102
Event.ehi=25 (gain changed)
Event.LEDts =         163298782917
Event.CFDts =           4294901772

---------
new GTheader at pos=44 or 22 words (30):
Event.hdr[ 0]=0x1f33,   7987
Event.hdr[ 1]=0x300a,  12298
Event.hdr[ 2]=0xaec5,  44741
Event.hdr[ 3]=0x055d,   1373
Event.hdr[ 4]=0x0026,     38
Event.hdr[ 5]=0x5b84,  23428
Event.hdr[ 6]=0x4e0c,  19980
Event.hdr[ 7]=0xf9df,  63967
Event.hdr[ 8]=0x0000,      0
Event.hdr[ 9]=0x5b02,  23298
Event.hdr[10]=0xcc0c,  52236
Event.hdr[11]=0x1828,   6184
Event.hdr[12]=0x6b20,  27424
Event.hdr[13]=0x0033,     51
Event.len=  44, Event.traceLen=  12 (in Bytes)
Event.len=  22, Event.traceLen=   6 (in 16 bit words)
Event.len=  11, Event.traceLen=   3 (in 32 bit words)
next start: 0xaaaaaaaa, pos= 88
0x1f33 module_id = 31 crystal_id = 0 digitizer_id = 3 chan_id = 3 ge_id = 124 channel = 33  -> is segment
ncrystal=1
wrote trace to CCpulse_008_00_01.xy
two's comp tempE  ::     809860     809860 0x000c5b84 |0000|0000|0000|1100|0101|1011|1000|0100|
rawE              ::     809860     809860 0x000c5b84 |0000|0000|0000|1100|0101|1011|1000|0100|
rawE (sign change)::     809860     809860 0x000c5b84 |0000|0000|0000|1100|0101|1011|1000|0100|
Event.ehi=           25308 0x000062dc
Event.ehi=2530 (gain changed)
Event.LEDts =         163298782917
Event.CFDts =      264647038009356

---------
new GTheader at pos=88 or 44 words (52):
Event.hdr[ 0]=0x1f34,   7988
Event.hdr[ 1]=0x300a,  12298
Event.hdr[ 2]=0xaec5,  44741
Event.hdr[ 3]=0x055d,   1373
Event.hdr[ 4]=0x0026,     38
Event.hdr[ 5]=0x0016,     22
Event.hdr[ 6]=0x0e00,   3584
Event.hdr[ 7]=0xf9df,  63967
Event.hdr[ 8]=0x0000,      0
Event.hdr[ 9]=0xfff3,  65523
Event.hdr[10]=0x19ff,   6655
Event.hdr[11]=0x0000,      0
Event.hdr[12]=0x0050,     80
Event.hdr[13]=0x0000,      0
Event.len=  44, Event.traceLen=  12 (in Bytes)
Event.len=  22, Event.traceLen=   6 (in 16 bit words)
Event.len=  11, Event.traceLen=   3 (in 32 bit words)
next start: 0xaaaaaaaa, pos= 132
0x1f34 module_id = 31 crystal_id = 0 digitizer_id = 3 chan_id = 4 ge_id = 124 channel = 34  -> is segment
ncrystal=1
wrote trace to CCpulse_008_00_01.xy
two's comp tempE  ::         22         22 0x00000016 |0000|0000|0000|0000|0000|0000|0001|0110|
rawE              ::         22         22 0x00000016 |0000|0000|0000|0000|0000|0000|0001|0110|
rawE (sign change)::         22         22 0x00000016 |0000|0000|0000|0000|0000|0000|0001|0110|
Event.ehi=               0 0x00000000
Event.ehi=0 (gain changed)
Event.LEDts =         163298782917
Event.CFDts =         257702166540

---------
new GTheader at pos=132 or 66 words (74):
Event.hdr[ 0]=0x1f35,   7989
Event.hdr[ 1]=0x300a,  12298
Event.hdr[ 2]=0xaec5,  44741
Event.hdr[ 3]=0x055d,   1373
Event.hdr[ 4]=0x0026,     38
Event.hdr[ 5]=0xf5ee,  62958
Event.hdr[ 6]=0x4e08,  19976
Event.hdr[ 7]=0xf9df,  63967
Event.hdr[ 8]=0x0000,      0
Event.hdr[ 9]=0xf4b9,  62649
Event.hdr[10]=0x1c08,   7176
Event.hdr[11]=0x10d2,   4306
Event.hdr[12]=0xd2c8,  53960
Event.hdr[13]=0x07ff,   2047
Event.len=  44, Event.traceLen=  12 (in Bytes)
Event.len=  22, Event.traceLen=   6 (in 16 bit words)
Event.len=  11, Event.traceLen=   3 (in 32 bit words)
next start: 0xaaaaaaaa, pos= 176
0x1f35 module_id = 31 crystal_id = 0 digitizer_id = 3 chan_id = 5 ge_id = 124 channel = 35  -> is segment
ncrystal=1
wrote trace to CCpulse_008_00_01.xy
two's comp tempE  ::     587246     587246 0x0008f5ee |0000|0000|0000|1000|1111|0101|1110|1110|
rawE              ::     587246     587246 0x0008f5ee |0000|0000|0000|1000|1111|0101|1110|1110|
rawE (sign change)::     587246     587246 0x0008f5ee |0000|0000|0000|1000|1111|0101|1110|1110|
Event.ehi=           18351 0x000047af
Event.ehi=1835 (gain changed)
Event.LEDts =         163298782917
Event.CFDts =      269100987449356

---------
new GTheader at pos=176 or 88 words (96):
Event.hdr[ 0]=0x1f36,   7990
Event.hdr[ 1]=0x300a,  12298
Event.hdr[ 2]=0xaec5,  44741
Event.hdr[ 3]=0x055d,   1373
Event.hdr[ 4]=0x0026,     38
Event.hdr[ 5]=0x1930,   6448
Event.hdr[ 6]=0x0e00,   3584
Event.hdr[ 7]=0xf9df,  63967
Event.hdr[ 8]=0x0000,      0
Event.hdr[ 9]=0xf432,  62514
Event.hdr[10]=0xb5ff,  46591
Event.hdr[11]=0x05dc,   1500
Event.hdr[12]=0x7558,  30040
Event.hdr[13]=0x0000,      0
Event.len=  44, Event.traceLen=  12 (in Bytes)
Event.len=  22, Event.traceLen=   6 (in 16 bit words)
Event.len=  11, Event.traceLen=   3 (in 32 bit words)
next start: 0xaaaaaaaa, pos= 220
0x1f36 module_id = 31 crystal_id = 0 digitizer_id = 3 chan_id = 6 ge_id = 124 channel = 36  -> is segment
ncrystal=1
wrote trace to CCpulse_008_00_01.xy
two's comp tempE  ::       6448       6448 0x00001930 |0000|0000|0000|0000|0001|1001|0011|0000|
rawE              ::       6448       6448 0x00001930 |0000|0000|0000|0000|0001|1001|0011|0000|
rawE (sign change)::       6448       6448 0x00001930 |0000|0000|0000|0000|0001|1001|0011|0000|
Event.ehi=             201 0x000000c9
Event.ehi=20 (gain changed)
Event.LEDts =         163298782917
Event.CFDts =      281333240496140

---------
new GTheader at pos=220 or 110 words (118):
Event.hdr[ 0]=0x1f37,   7991
Event.hdr[ 1]=0x300a,  12298
Event.hdr[ 2]=0xaec5,  44741
Event.hdr[ 3]=0x055d,   1373
Event.hdr[ 4]=0x0026,     38
Event.hdr[ 5]=0x29ba,  10682
Event.hdr[ 6]=0x0e00,   3584
Event.hdr[ 7]=0xf9df,  63967
Event.hdr[ 8]=0x0000,      0
Event.hdr[ 9]=0xeb05,  60165
Event.hdr[10]=0x05ff,   1535
Event.hdr[11]=0x01fc,    508
Event.hdr[12]=0xe440,  58432
Event.hdr[13]=0x07ff,   2047
Event.len=  44, Event.traceLen=  12 (in Bytes)
Event.len=  22, Event.traceLen=   6 (in 16 bit words)
Event.len=  11, Event.traceLen=   3 (in 32 bit words)
next start: 0xaaaaaaaa, pos= 264
0x1f37 module_id = 31 crystal_id = 0 digitizer_id = 3 chan_id = 7 ge_id = 124 channel = 37  -> is segment
ncrystal=1
wrote trace to CCpulse_008_00_01.xy
two's comp tempE  ::      10682      10682 0x000029ba |0000|0000|0000|0000|0010|1001|1011|1010|
rawE              ::      10682      10682 0x000029ba |0000|0000|0000|0000|0010|1001|1011|1010|
rawE (sign change)::      10682      10682 0x000029ba |0000|0000|0000|0000|0010|1001|1011|1010|
Event.ehi=             333 0x0000014d
Event.ehi=33 (gain changed)
Event.LEDts =         163298782917
Event.CFDts =         167506280460

---------
new GTheader at pos=264 or 132 words (140):
Event.hdr[ 0]=0x1f38,   7992
Event.hdr[ 1]=0x300a,  12298
Event.hdr[ 2]=0xaec5,  44741
Event.hdr[ 3]=0x055d,   1373
Event.hdr[ 4]=0x0026,     38
Event.hdr[ 5]=0x8f50,  36688
Event.hdr[ 6]=0x1ff9,   8185
Event.hdr[ 7]=0xf9df,  63967
Event.hdr[ 8]=0x0000,      0
Event.hdr[ 9]=0xcefa,  52986
Event.hdr[10]=0x4dfc,  19964
Event.hdr[11]=0xf985,  63877
Event.hdr[12]=0x1acb,   6859
Event.hdr[13]=0x07f3,   2035
Event.len=  44, Event.traceLen=  12 (in Bytes)
Event.len=  22, Event.traceLen=   6 (in 16 bit words)
Event.len=  11, Event.traceLen=   3 (in 32 bit words)
next start: 0xaaaaaaaa, pos= 308
0x1f38 module_id = 31 crystal_id = 0 digitizer_id = 3 chan_id = 8 ge_id = 124 channel = 38  -> is segment
ncrystal=1
wrote trace to CCpulse_008_00_01.xy
two's comp tempE  ::   16355152   16355152 0x00f98f50 |0000|0000|1111|1001|1000|1111|0101|0000|
rawE              :: 4294545232    -422064 0xfff98f50 |1111|1111|1111|1001|1000|1111|0101|0000|
rawE (sign change)::     422064     422064 0x000670b0 |0000|0000|0000|0110|0111|0000|1011|0000|
Event.ehi=           13189 0x00003385
Event.ehi=1318 (gain changed)
Event.LEDts =         163298782917
Event.CFDts =         386555576332

---------
new GTheader at pos=308 or 154 words (162):
Event.hdr[ 0]=0x1f39,   7993
Event.hdr[ 1]=0x300a,  12298
Event.hdr[ 2]=0xaec5,  44741
Event.hdr[ 3]=0x055d,   1373
Event.hdr[ 4]=0x0026,     38
Event.hdr[ 5]=0x82cf,  33487
Event.hdr[ 6]=0x4e0c,  19980
Event.hdr[ 7]=0xf9df,  63967
Event.hdr[ 8]=0x0000,      0
Event.hdr[ 9]=0x810b,  33035
Event.hdr[10]=0xa20c,  41484
Event.hdr[11]=0xffee,  65518
Event.hdr[12]=0xa57b,  42363
Event.hdr[13]=0x0032,     50
Event.len=  44, Event.traceLen=  12 (in Bytes)
Event.len=  22, Event.traceLen=   6 (in 16 bit words)
Event.len=  11, Event.traceLen=   3 (in 32 bit words)
next start: 0xaaaaaaaa, pos= 352
0x1f39 module_id = 31 crystal_id = 0 digitizer_id = 3 chan_id = 9 ge_id = 124 channel = 39  -> is CC
ncrystal=1
wrote trace to CCpulse_008_00_01.xy
two's comp tempE  ::     819919     819919 0x000c82cf |0000|0000|0000|1100|1000|0010|1100|1111|
rawE              ::     819919     819919 0x000c82cf |0000|0000|0000|1100|1000|0010|1100|1111|
rawE (sign change)::     819919     819919 0x000c82cf |0000|0000|0000|1100|1000|0010|1100|1111|
Event.ehi=           25622 0x00006416
Event.ehi=2562 (gain changed)
Event.LEDts =         163298782917
Event.CFDts =       16883773931532

---------
new GTheader at pos=352 or 176 words (184):
Event.hdr[ 0]=0x1f30,   7984
Event.hdr[ 1]=0x300a,  12298
Event.hdr[ 2]=0xaec5,  44741
Event.hdr[ 3]=0x055d,   1373
Event.hdr[ 4]=0x0026,     38
Event.hdr[ 5]=0xd38d,  54157
Event.hdr[ 6]=0x4e0a,  19978
Event.hdr[ 7]=0xf9df,  63967
Event.hdr[ 8]=0x0000,      0
Event.hdr[ 9]=0xd2ca,  53962
Event.hdr[10]=0x4a0a,  18954
Event.hdr[11]=0x15a1,   5537
Event.hdr[12]=0x1fa8,   8104
Event.hdr[13]=0x0029,     41
Event.len=  44, Event.traceLen=  12 (in Bytes)
Event.len=  22, Event.traceLen=   6 (in 16 bit words)
Event.len=  11, Event.traceLen=   3 (in 32 bit words)
next start: 0xaaaaaaaa, pos= 396
0x1f30 module_id = 31 crystal_id = 0 digitizer_id = 3 chan_id = 0 ge_id = 124 channel = 30  -> is segment
ncrystal=1
wrote trace to CCpulse_008_00_01.xy
two's comp tempE  ::     709517     709517 0x000ad38d |0000|0000|0000|1010|1101|0011|1000|1101|
rawE              ::     709517     709517 0x000ad38d |0000|0000|0000|1010|1101|0011|1000|1101|
rawE (sign change)::     709517     709517 0x000ad38d |0000|0000|0000|1010|1101|0011|1000|1101|
Event.ehi=           22172 0x0000569c
Event.ehi=2217 (gain changed)
Event.LEDts =         163298782917
Event.CFDts =      266614163439628

---------
new GTheader at pos=396 or 198 words (206):
Event.hdr[ 0]=0x1f31,   7985
Event.hdr[ 1]=0x300a,  12298
Event.hdr[ 2]=0xaec5,  44741
Event.hdr[ 3]=0x055d,   1373
Event.hdr[ 4]=0x0026,     38
Event.hdr[ 5]=0x1faa,   8106
Event.hdr[ 6]=0x4e09,  19977
Event.hdr[ 7]=0xf9df,  63967
Event.hdr[ 8]=0x0000,      0
Event.hdr[ 9]=0x1d29,   7465
Event.hdr[10]=0x8809,  34825
Event.hdr[11]=0x1318,   4888
Event.hdr[12]=0x8f78,  36728
Event.hdr[13]=0x07ff,   2047
Event.len=  44, Event.traceLen=  12 (in Bytes)
Event.len=  22, Event.traceLen=   6 (in 16 bit words)
Event.len=  11, Event.traceLen=   3 (in 32 bit words)
0x1f31 module_id = 31 crystal_id = 0 digitizer_id = 3 chan_id = 1 ge_id = 124 channel = 31  -> is segment
ncrystal=1
wrote trace to CCpulse_008_00_01.xy
two's comp tempE  ::     597930     597930 0x00091faa |0000|0000|0000|1001|0001|1111|1010|1010|
rawE              ::     597930     597930 0x00091faa |0000|0000|0000|1001|0001|1111|1010|1010|
rawE (sign change)::     597930     597930 0x00091faa |0000|0000|0000|1001|0001|1111|1010|1010|
Event.ehi=           18685 0x000048fd
Event.ehi=1868 (gain changed)
Event.LEDts =         163298782917
Event.CFDts =      270810410516492
exit bin_mode3
*end of event # 8
+++++++++++++++++++++++++++++++
ev#     8 GEB_TYPE_DECOMP        464Bytes TS=163298809283 curTS=163298786779 dTS= 22504
GEBGetEv returned st=0
we have read 6296 bytes; CurEvNo=9

+++++++++++++++++++++++++++++++
*start event # 9 with multiplicity 1 looks like this:
 0>  8, GEB_TYPE_GT_MOD29    , TS=163298786779
entered bin_mode2: 9/10
updated CCadd with    0.00
total number of hits in array: 0
exit bin_mode2
entered bin_mode3 @ event number: 9 

bin_mode3:  0>  8, GEB_TYPE_GT_MOD29    , TS=163298786779, 0x26055dbddb; payload length: 440 bytes

---------
new GTheader at pos=0 or 0 words (8):
Event.hdr[ 0]=0x1f33,   7987
Event.hdr[ 1]=0x300a,  12298
Event.hdr[ 2]=0xbddb,  48603
Event.hdr[ 3]=0x055d,   1373
Event.hdr[ 4]=0x0026,     38
Event.hdr[ 5]=0xc579,  50553
Event.hdr[ 6]=0x4e0a,  19978
Event.hdr[ 7]=0x0f15,   3861
Event.hdr[ 8]=0xf9df,  63967
Event.hdr[ 9]=0xc516,  50454
Event.hdr[10]=0x040a,   1034
Event.hdr[11]=0x18b6,   6326
Event.hdr[12]=0x5198,  20888
Event.hdr[13]=0x0030,     48
Event.len=  44, Event.traceLen=  12 (in Bytes)
Event.len=  22, Event.traceLen=   6 (in 16 bit words)
Event.len=  11, Event.traceLen=   3 (in 32 bit words)
next start: 0xaaaaaaaa, pos= 44
0x1f33 module_id = 31 crystal_id = 0 digitizer_id = 3 chan_id = 3 ge_id = 124 channel = 33  -> is segment
open superpulse_009_00_01.xy at Event.chan_id = 3
open CCpulse_009_00_01.xy at Event.chan_id = 3
ncrystal=1
wrote trace to CCpulse_009_00_01.xy
two's comp tempE  ::     705913     705913 0x000ac579 |0000|0000|0000|1010|1100|0101|0111|1001|
rawE              ::     705913     705913 0x000ac579 |0000|0000|0000|1010|1100|0101|0111|1001|
rawE (sign change)::     705913     705913 0x000ac579 |0000|0000|0000|1010|1100|0101|0111|1001|
Event.ehi=           22059 0x0000562b
Event.ehi=2205 (gain changed)
Event.LEDts =         163298786779
Event.CFDts =      266811734949900

---------
new GTheader at pos=44 or 22 words (30):
Event.hdr[ 0]=0x1f34,   7988
Event.hdr[ 1]=0x300a,  12298
Event.hdr[ 2]=0xbddb,  48603
Event.hdr[ 3]=0x055d,   1373
Event.hdr[ 4]=0x0026,     38
Event.hdr[ 5]=0x0064,    100
Event.hdr[ 6]=0x0e00,   3584
Event.hdr[ 7]=0x0f15,   3861
Event.hdr[ 8]=0xf9df,  63967
Event.hdr[ 9]=0x005f,     95
Event.hdr[10]=0xe600,  58880
Event.hdr[11]=0xffff,  65535
Event.hdr[12]=0x0033,     51
Event.hdr[13]=0x0000,      0
Event.len=  44, Event.traceLen=  12 (in Bytes)
Event.len=  22, Event.traceLen=   6 (in 16 bit words)
Event.len=  11, Event.traceLen=   3 (in 32 bit words)
next start: 0xaaaaaaaa, pos= 88
0x1f34 module_id = 31 crystal_id = 0 digitizer_id = 3 chan_id = 4 ge_id = 124 channel = 34  -> is segment
ncrystal=1
wrote trace to CCpulse_009_00_01.xy
two's comp tempE  ::        100        100 0x00000064 |0000|0000|0000|0000|0000|0000|0110|0100|
rawE              ::        100        100 0x00000064 |0000|0000|0000|0000|0000|0000|0110|0100|
rawE (sign change)::        100        100 0x00000064 |0000|0000|0000|0000|0000|0000|0110|0100|
Event.ehi=               3 0x00000003
Event.ehi=0 (gain changed)
Event.LEDts =         163298786779
Event.CFDts =         240522100748

---------
new GTheader at pos=88 or 44 words (52):
Event.hdr[ 0]=0x1f35,   7989
Event.hdr[ 1]=0x300a,  12298
Event.hdr[ 2]=0xbddb,  48603
Event.hdr[ 3]=0x055d,   1373
Event.hdr[ 4]=0x0026,     38
Event.hdr[ 5]=0xc25d,  49757
Event.hdr[ 6]=0x4e09,  19977
Event.hdr[ 7]=0x0f15,   3861
Event.hdr[ 8]=0xf9df,  63967
Event.hdr[ 9]=0xc187,  49543
Event.hdr[10]=0x7209,  29193
Event.hdr[11]=0x11e9,   4585
Event.hdr[12]=0xa438,  42040
Event.hdr[13]=0x0021,     33
Event.len=  44, Event.traceLen=  12 (in Bytes)
Event.len=  22, Event.traceLen=   6 (in 16 bit words)
Event.len=  11, Event.traceLen=   3 (in 32 bit words)
next start: 0xaaaaaaaa, pos= 132
0x1f35 module_id = 31 crystal_id = 0 digitizer_id = 3 chan_id = 5 ge_id = 124 channel = 35  -> is segment
ncrystal=1
wrote trace to CCpulse_009_00_01.xy
two's comp tempE  ::     639581     639581 0x0009c25d |0000|0000|0000|1001|1100|0010|0101|1101|
rawE              ::     639581     639581 0x0009c25d |0000|0000|0000|1001|1100|0010|0101|1101|
rawE (sign change)::     639581     639581 0x0009c25d |0000|0000|0000|1001|1100|0010|0101|1101|
Event.ehi=           19986 0x00004e12
Event.ehi=1998 (gain changed)
Event.LEDts =         163298786779
Event.CFDts =      268027228979212

---------
new GTheader at pos=132 or 66 words (74):
Event.hdr[ 0]=0x1f36,   7990
Event.hdr[ 1]=0x300a,  12298
Event.hdr[ 2]=0xbddb,  48603
Event.hdr[ 3]=0x055d,   1373
Event.hdr[ 4]=0x0026,     38
Event.hdr[ 5]=0x0000,      0
Event.hdr[ 6]=0x0e00,   3584
Event.hdr[ 7]=0x0f15,   3861
Event.hdr[ 8]=0xf9df,  63967
Event.hdr[ 9]=0xe3e0,  58336
Event.hdr[10]=0x65ff,  26111
Event.hdr[11]=0xffe8,  65512
Event.hdr[12]=0xb96b,  47467
Event.hdr[13]=0x000b,     11
Event.len=  44, Event.traceLen=  12 (in Bytes)
Event.len=  22, Event.traceLen=   6 (in 16 bit words)
Event.len=  11, Event.traceLen=   3 (in 32 bit words)
next start: 0xaaaaaaaa, pos= 176
0x1f36 module_id = 31 crystal_id = 0 digitizer_id = 3 chan_id = 6 ge_id = 124 channel = 36  -> is segment
ncrystal=1
wrote trace to CCpulse_009_00_01.xy
two's comp tempE  ::          0          0 0x00000000 |0000|0000|0000|0000|0000|0000|0000|0000|
rawE              ::          0          0 0x00000000 |0000|0000|0000|0000|0000|0000|0000|0000|
rawE (sign change)::          0          0 0x00000000 |0000|0000|0000|0000|0000|0000|0000|0000|
Event.ehi=               0 0x00000000
Event.ehi=0 (gain changed)
Event.LEDts =         163298786779
Event.CFDts =          12885295116

---------
new GTheader at pos=176 or 88 words (96):
Event.hdr[ 0]=0x1f37,   7991
Event.hdr[ 1]=0x300a,  12298
Event.hdr[ 2]=0xbddb,  48603
Event.hdr[ 3]=0x055d,   1373
Event.hdr[ 4]=0x0026,     38
Event.hdr[ 5]=0x24e5,   9445
Event.hdr[ 6]=0x0e00,   3584
Event.hdr[ 7]=0x0f15,   3861
Event.hdr[ 8]=0xf9df,  63967
Event.hdr[ 9]=0xf235,  62005
Event.hdr[10]=0x0bff,   3071
Event.hdr[11]=0xffd6,  65494
Event.hdr[12]=0xf80b,  63499
Event.hdr[13]=0x0003,      3
Event.len=  44, Event.traceLen=  12 (in Bytes)
Event.len=  22, Event.traceLen=   6 (in 16 bit words)
Event.len=  11, Event.traceLen=   3 (in 32 bit words)
next start: 0xaaaaaaaa, pos= 220
0x1f37 module_id = 31 crystal_id = 0 digitizer_id = 3 chan_id = 7 ge_id = 124 channel = 37  -> is segment
ncrystal=1
wrote trace to CCpulse_009_00_01.xy
two's comp tempE  ::       9445       9445 0x000024e5 |0000|0000|0000|0000|0010|0100|1110|0101|
rawE              ::       9445       9445 0x000024e5 |0000|0000|0000|0000|0010|0100|1110|0101|
rawE (sign change)::       9445       9445 0x000024e5 |0000|0000|0000|0000|0010|0100|1110|0101|
Event.ehi=             295 0x00000127
Event.ehi=29 (gain changed)
Event.LEDts =         163298786779
Event.CFDts =      281470681808908

---------
new GTheader at pos=220 or 110 words (118):
Event.hdr[ 0]=0x1f38,   7992
Event.hdr[ 1]=0x300a,  12298
Event.hdr[ 2]=0xbddb,  48603
Event.hdr[ 3]=0x055d,   1373
Event.hdr[ 4]=0x0026,     38
Event.hdr[ 5]=0x8ee7,  36583
Event.hdr[ 6]=0x1ff9,   8185
Event.hdr[ 7]=0x0f15,   3861
Event.hdr[ 8]=0xf9df,  63967
Event.hdr[ 9]=0xce88,  52872
Event.hdr[10]=0xf5fc,  62972
Event.hdr[11]=0xf99d,  63901
Event.hdr[12]=0x0a9b,   2715
Event.hdr[13]=0x07f3,   2035
Event.len=  44, Event.traceLen=  12 (in Bytes)
Event.len=  22, Event.traceLen=   6 (in 16 bit words)
Event.len=  11, Event.traceLen=   3 (in 32 bit words)
next start: 0xaaaaaaaa, pos= 264
0x1f38 module_id = 31 crystal_id = 0 digitizer_id = 3 chan_id = 8 ge_id = 124 channel = 38  -> is segment
ncrystal=1
wrote trace to CCpulse_009_00_01.xy
two's comp tempE  ::   16355047   16355047 0x00f98ee7 |0000|0000|1111|1001|1000|1110|1110|0111|
rawE              :: 4294545127    -422169 0xfff98ee7 |1111|1111|1111|1001|1000|1110|1110|0111|
rawE (sign change)::     422169     422169 0x00067119 |0000|0000|0000|0110|0111|0001|0001|1001|
Event.ehi=           13192 0x00003388
Event.ehi=1319 (gain changed)
Event.LEDts =         163298786779
Event.CFDts =         395145510924

---------
new GTheader at pos=264 or 132 words (140):
Event.hdr[ 0]=0x1f39,   7993
Event.hdr[ 1]=0x300a,  12298
Event.hdr[ 2]=0xbddb,  48603
Event.hdr[ 3]=0x055d,   1373
Event.hdr[ 4]=0x0026,     38
Event.hdr[ 5]=0x017c,    380
Event.hdr[ 6]=0x0e00,   3584
Event.hdr[ 7]=0x0f15,   3861
Event.hdr[ 8]=0xf9df,  63967
Event.hdr[ 9]=0xf464,  62564
Event.hdr[10]=0x17ff,   6143
Event.hdr[11]=0x1902,   6402
Event.hdr[12]=0xdd44,  56644
Event.hdr[13]=0x07ff,   2047
Event.len=  44, Event.traceLen=  12 (in Bytes)
Event.len=  22, Event.traceLen=   6 (in 16 bit words)
Event.len=  11, Event.traceLen=   3 (in 32 bit words)
next start: 0xaaaaaaaa, pos= 308
0x1f39 module_id = 31 crystal_id = 0 digitizer_id = 3 chan_id = 9 ge_id = 124 channel = 39  -> is CC
ncrystal=1
wrote trace to CCpulse_009_00_01.xy
two's comp tempE  ::        380        380 0x0000017c |0000|0000|0000|0000|0000|0001|0111|1100|
rawE              ::        380        380 0x0000017c |0000|0000|0000|0000|0000|0001|0111|1100|
rawE (sign change)::        380        380 0x0000017c |0000|0000|0000|0000|0000|0001|0111|1100|
Event.ehi=              11 0x0000000b
Event.ehi=1 (gain changed)
Event.LEDts =         163298786779
Event.CFDts =         158916018188

---------
new GTheader at pos=308 or 154 words (162):
Event.hdr[ 0]=0x1f30,   7984
Event.hdr[ 1]=0x300a,  12298
Event.hdr[ 2]=0xbddb,  48603
Event.hdr[ 3]=0x055d,   1373
Event.hdr[ 4]=0x0026,     38
Event.hdr[ 5]=0x537c,  21372
Event.hdr[ 6]=0x4e0c,  19980
Event.hdr[ 7]=0x0f15,   3861
Event.hdr[ 8]=0xf9df,  63967
Event.hdr[ 9]=0x530a,  21258
Event.hdr[10]=0x940c,  37900
Event.hdr[11]=0x15a5,   5541
Event.hdr[12]=0x4294,  17044
Event.hdr[13]=0x002b,     43
Event.len=  44, Event.traceLen=  12 (in Bytes)
Event.len=  22, Event.traceLen=   6 (in 16 bit words)
Event.len=  11, Event.traceLen=   3 (in 32 bit words)
next start: 0xaaaaaaaa, pos= 352
0x1f30 module_id = 31 crystal_id = 0 digitizer_id = 3 chan_id = 0 ge_id = 124 channel = 30  -> is segment
ncrystal=1
wrote trace to CCpulse_009_00_01.xy
two's comp tempE  ::     807804     807804 0x000c537c |0000|0000|0000|1100|0101|0011|0111|1100|
rawE              ::     807804     807804 0x000c537c |0000|0000|0000|1100|0101|0011|0111|1100|
rawE (sign change)::     807804     807804 0x000c537c |0000|0000|0000|1100|0101|0011|0111|1100|
Event.ehi=           25243 0x0000629b
Event.ehi=2524 (gain changed)
Event.LEDts =         163298786779
Event.CFDts =      264621268402188

---------
new GTheader at pos=352 or 176 words (184):
Event.hdr[ 0]=0x1f31,   7985
Event.hdr[ 1]=0x300a,  12298
Event.hdr[ 2]=0xbddb,  48603
Event.hdr[ 3]=0x055d,   1373
Event.hdr[ 4]=0x0026,     38
Event.hdr[ 5]=0x707d,  28797
Event.hdr[ 6]=0x4e08,  19976
Event.hdr[ 7]=0x0f15,   3861
Event.hdr[ 8]=0xf9df,  63967
Event.hdr[ 9]=0x6e5f,  28255
Event.hdr[10]=0x5208,  21000
Event.hdr[11]=0x123a,   4666
Event.hdr[12]=0x3110,  12560
Event.hdr[13]=0x0026,     38
Event.len=  44, Event.traceLen=  12 (in Bytes)
Event.len=  22, Event.traceLen=   6 (in 16 bit words)
Event.len=  11, Event.traceLen=   3 (in 32 bit words)
next start: 0xaaaaaaaa, pos= 396
0x1f31 module_id = 31 crystal_id = 0 digitizer_id = 3 chan_id = 1 ge_id = 124 channel = 31  -> is segment
ncrystal=1
wrote trace to CCpulse_009_00_01.xy
two's comp tempE  ::     553085     553085 0x0008707d |0000|0000|0000|1000|0111|0000|0111|1101|
rawE              ::     553085     553085 0x0008707d |0000|0000|0000|1000|0111|0000|0111|1101|
rawE (sign change)::     553085     553085 0x0008707d |0000|0000|0000|1000|0111|0000|0111|1101|
Event.ehi=           17283 0x00004383
Event.ehi=1728 (gain changed)
Event.LEDts =         163298786779
Event.CFDts =      271626466689036

---------
new GTheader at pos=396 or 198 words (206):
Event.hdr[ 0]=0x1f32,   7986
Event.hdr[ 1]=0x300a,  12298
Event.hdr[ 2]=0xbddb,  48603
Event.hdr[ 3]=0x055d,   1373
Event.hdr[ 4]=0x0026,     38
Event.hdr[ 5]=0x31ed,  12781
Event.hdr[ 6]=0x0e00,   3584
Event.hdr[ 7]=0x0f15,   3861
Event.hdr[ 8]=0xf9df,  63967
Event.hdr[ 9]=0x02ac,    684
Event.hdr[10]=0x4000,  16384
Event.hdr[11]=0xffe3,  65507
Event.hdr[12]=0x3a97,  14999
Event.hdr[13]=0x0000,      0
Event.len=  44, Event.traceLen=  12 (in Bytes)
Event.len=  22, Event.traceLen=   6 (in 16 bit words)
Event.len=  11, Event.traceLen=   3 (in 32 bit words)
0x1f32 module_id = 31 crystal_id = 0 digitizer_id = 3 chan_id = 2 ge_id = 124 channel = 32  -> is segment
ncrystal=1
wrote trace to CCpulse_009_00_01.xy
two's comp tempE  ::      12781      12781 0x000031ed |0000|0000|0000|0000|0011|0001|1110|1101|
rawE              ::      12781      12781 0x000031ed |0000|0000|0000|0000|0011|0001|1110|1101|
rawE (sign change)::      12781      12781 0x000031ed |0000|0000|0000|0000|0011|0001|1110|1101|
Event.ehi=             399 0x0000018f
Event.ehi=39 (gain changed)
Event.LEDts =         163298786779
Event.CFDts =          64425426956
exit bin_mode3
*end of event # 9
+++++++++++++++++++++++++++++++
ev#     9 GEB_TYPE_GT_MOD29      440Bytes TS=163298809621 curTS=163298809283 dTS= 338
GEBGetEv returned st=0
we have read 6752 bytes; CurEvNo=10

+++++++++++++++++++++++++++++++
*start event # 10 with multiplicity 1 looks like this:
 0>  1, GEB_TYPE_DECOMP      , TS=163298809283
entered bin_mode2: 10/10
ptinp->pad= 6, (ptinp->pad&0x000000ff)= 6
updated CCadd with    0.00
total number of hits in array: 0
exit bin_mode2
entered bin_mode3 @ event number: 10 
exit bin_mode3
*end of event # 10
+++++++++++++++++++++++++++++++
ev#    10 GEB_TYPE_DECOMP        464Bytes TS=163298809657 curTS=163298809621 dTS= 36
ev#    10 GEB_TYPE_DECOMP        464Bytes TS=163298809675 curTS=163298809621 dTS= 54
ev#    10 GEB_TYPE_DECOMP        464Bytes TS=163298839699 curTS=163298809621 dTS= 30078
ev# 50000 GEB_TYPE_DECOMP        464Bytes TS=163752403757 curTS=163752403755 dTS= 2
ev# 50000 GEB_TYPE_DECOMP        464Bytes TS=163752403879 curTS=163752403755 dTS= 124
ev# 50000 GEB_TYPE_DECOMP        464Bytes TS=163752404037 curTS=163752403755 dTS= 282
ev# 100000 GEB_TYPE_DECOMP        464Bytes TS=164205019467 curTS=164205019291 dTS= 176
error: sX,sY= (        -nan ,        -nan )
error: sX,sY= (        -nan ,        -nan )
ev# 150000 GEB_TYPE_DECOMP        464Bytes TS=164659135977 curTS=164659135791 dTS= 186
batflag:: TS<Pars.curTS, reset it at event # 152574
TS=164642778397, Pars.curTS=164684489643, DT=-41711246
new Pars.curTS=164642778397
we have read 148433640 bytes so far
failed to read 16 bytes for header, got 0
 GEBGetEv returned 1
we have read 150250024 bytes; CurEvNo=155454

Sorting is done
attempting to save root or map file



mean observed polar and azimuth angles
for the detectors we saw (module,crystal)

------------------------------------------
mean pol/azi angle for detector  56 are   96.64/ 119.52
mean pol/azi angle for detector  57 are  100.37/ 138.29
mean pol/azi angle for detector  58 are   83.39/ 132.61
mean pol/azi angle for detector  59 are   79.51/ 114.06
mean pol/azi angle for detector  60 are   87.34/ 152.64
mean pol/azi angle for detector  61 are  105.22/ 157.71
mean pol/azi angle for detector  62 are   93.18/ 167.86
mean pol/azi angle for detector  63 are   73.87/ 165.91
mean pol/azi angle for detector  68 are   87.03/-134.99
mean pol/azi angle for detector  69 are  105.24/-130.00
mean pol/azi angle for detector  70 are   92.86/-116.91
mean pol/azi angle for detector  71 are    -nan/   -nan
mean pol/azi angle for detector  76 are   87.43/ -63.20
mean pol/azi angle for detector  77 are  105.39/ -58.05
mean pol/azi angle for detector  78 are   92.88/ -44.99
mean pol/azi angle for detector  79 are   74.18/ -49.82
mean pol/azi angle for detector  84 are  112.25/  33.55
mean pol/azi angle for detector  85 are  125.23/  17.30
mean pol/azi angle for detector  86 are  130.64/  39.21
mean pol/azi angle for detector  87 are  116.06/  52.95
mean pol/azi angle for detector  88 are  112.43/ 105.64
mean pol/azi angle for detector  89 are  124.91/  89.32
mean pol/azi angle for detector  90 are  130.78/ 111.19
mean pol/azi angle for detector  91 are  115.81/ 125.05
mean pol/azi angle for detector  96 are  112.57/-110.80
mean pol/azi angle for detector  97 are  124.72/-126.70
mean pol/azi angle for detector  98 are  130.78/-104.81
mean pol/azi angle for detector  99 are  115.90/ -90.96
mean pol/azi angle for detector 100 are  112.31/ -38.67
mean pol/azi angle for detector 101 are  124.82/ -55.04
mean pol/azi angle for detector 102 are  130.64/ -33.05
mean pol/azi angle for detector 103 are  115.81/ -19.09
mean pol/azi angle for detector 104 are  144.34/  88.12
mean pol/azi angle for detector 105 are  132.74/  65.86
mean pol/azi angle for detector 106 are  148.85/  53.92
mean pol/azi angle for detector 107 are  162.36/  87.84
mean pol/azi angle for detector 108 are  144.66/ 160.26
mean pol/azi angle for detector 109 are  132.64/ 138.00
mean pol/azi angle for detector 110 are  149.55/ 125.61
mean pol/azi angle for detector 111 are  162.25/ 107.76
mean pol/azi angle for detector 116 are  144.32/ -55.91
mean pol/azi angle for detector 117 are  132.53/ -78.27
mean pol/azi angle for detector 118 are  148.92/ -90.42
mean pol/azi angle for detector 119 are  162.46/ -56.46
we found 44 crystals
------------------------------------------

minimum pol angle between crystals is  18.65
compactness =  64.39%, 85 of 264
module hit statistics
module  14, crystal 0 was hit      13754 times
module  14, crystal 1 was hit      14982 times
module  14, crystal 2 was hit      14798 times
module  14, crystal 3 was hit      13090 times
module  15, crystal 0 was hit      14890 times
module  15, crystal 1 was hit      13397 times
module  15, crystal 2 was hit      12694 times
module  15, crystal 3 was hit      13122 times
module  17, crystal 0 was hit      11188 times
module  17, crystal 1 was hit      11265 times
module  17, crystal 2 was hit      11156 times
module  17, crystal 3 was hit      11325 times
module  19, crystal 0 was hit       8618 times
module  19, crystal 1 was hit      10898 times
module  19, crystal 2 was hit      12627 times
module  19, crystal 3 was hit      11812 times
module  21, crystal 0 was hit      12849 times
module  21, crystal 1 was hit      11353 times
module  21, crystal 2 was hit      13012 times
module  21, crystal 3 was hit      11911 times
module  22, crystal 0 was hit      13892 times
module  22, crystal 1 was hit      12911 times
module  22, crystal 2 was hit      14514 times
module  22, crystal 3 was hit      13304 times
module  24, crystal 0 was hit      11680 times
module  24, crystal 1 was hit      11123 times
module  24, crystal 2 was hit      11761 times
module  24, crystal 3 was hit      10697 times
module  25, crystal 0 was hit      11238 times
module  25, crystal 1 was hit      11491 times
module  25, crystal 2 was hit      11273 times
module  25, crystal 3 was hit      11084 times
module  26, crystal 0 was hit      12822 times
module  26, crystal 1 was hit      12740 times
module  26, crystal 2 was hit      12227 times
module  26, crystal 3 was hit      11484 times
module  27, crystal 0 was hit      12944 times
module  27, crystal 1 was hit      12792 times
module  27, crystal 2 was hit      13177 times
module  27, crystal 3 was hit      12179 times
module  29, crystal 0 was hit      10951 times
module  29, crystal 1 was hit      10802 times
module  29, crystal 2 was hit      11834 times
module  29, crystal 3 was hit      11167 times

bin_mode2: pad distribution
__id   0,       233818, 93.00%
__id   2,           41,  0.02%
__id   3,           59,  0.02%
__id   4,           67,  0.03%
__id   5,          451,  0.18%
__id   6,         1737,  0.69%
__id 128,        15225,  6.06%
__id 133,           26,  0.01%

bin_mode2 calculated mean CCsum energy to be  756.378 keV
bin_mode2 calculated mean CCadd energy to be 1153.378 keV
attempting to close root file...
Pars.f1->Write();
Pars.f1->Print();
TFile: name=/lcrc/project/HELIOS/gretinafma/root_data/run201.root, title=, option=CREATE
TH1.Print Name  = dtbtev, Entries= 316634, Total sum= 316634
TH1.Print Name  = T0, Entries= 0, Total sum= 0
TH1.Print Name  = hitpat, Entries= 233818, Total sum= 233818
TH1.Print Name  = numHitArray2, Entries= 155454, Total sum= 116121
TH1.Print Name  = CCmult, Entries= 155454, Total sum= 155454
TH1.Print Name  = CCsum, Entries= 538823, Total sum= 233817
TH1.Print Name  = hit2, Entries= 26558, Total sum= 26527
TH1.Print Name  = hit3, Entries= 14060, Total sum= 13946
TH1.Print Name  = hit4, Entries= 7848, Total sum= 7643
TH1.Print Name  = CCsum_nodop, Entries= 538823, Total sum= 233817
TH1.Print Name  = CCadd, Entries= 155454, Total sum= 114696
TH1.Print Name  = SEGadd_FPGA, Entries= 31090800, Total sum= 233719
TH1.Print Name  = SEGadd_PSA, Entries= 31090800, Total sum= 232578
TH1.Print Name  = SEGsum_FPGA, Entries= 361934, Total sum= 361873
TH1.Print Name  = SEGsum_PSA, Entries= 538828, Total sum= 534493
TH1.Print Name  = radius_all, Entries= 538826, Total sum= 538826
TH1.Print Name  = rate_mode2_min, Entries= 233817, Total sum= 3896.95
TH1.Print Name  = rate_mode2_sec, Entries= 233817, Total sum= 233817
TH1.Print Name  = rate_mode2_intp, Entries= 233817, Total sum= 8980.45
TH1.Print Name  = cdtbtev, Entries= 74877, Total sum= 74877
TH1.Print Name  = evsr_all, Entries= 538826, Total sum= 526121
TH1.Print Name  = SMAP_allhits, Entries= 538826, Total sum= 538826
TH1.Print Name  = SMAP_allhits_sq, Entries= 538828, Total sum= 538826
TH1.Print Name  = seghitpat, Entries= 538828, Total sum= 538828
TH1.Print Name  = CCe, Entries= 538823, Total sum= 233817
TH1.Print Name  = ggCC, Entries= 476008, Total sum= 416396
TH1.Print Name  = z_plot, Entries= 538828, Total sum= 538316
TH1.Print Name  = crystal_hit, Entries= 0, Total sum= 0
TH1.Print Name  = SegE, Entries= 538728, Total sum= 538728
TH1.Print Name  = crXcr, Entries= 238004, Total sum= 238004
******************************************************************************
*Tree    :tree      : tree                                                   *
*Entries :    11199 : Total =         4288260 bytes  File  Size =    2000897 *
*        :          : Tree compression factor =   2.14                       *
******************************************************************************
*Br    0 :runNumber : runNumber/I                                            *
*Entries :    11199 : Total  Size=      45461 bytes  File Size  =        440 *
*Baskets :        2 : Basket Size=      32000 bytes  Compression= 102.15     *
*............................................................................*
*Br    1 :numHits   : numHits/I                                              *
*Entries :    11199 : Total  Size=      45449 bytes  File Size  =        437 *
*Baskets :        2 : Basket Size=      32000 bytes  Compression= 102.85     *
*............................................................................*
*Br    2 :left      : left[numHits]/F                                        *
*Entries :    11199 : Total  Size=      90591 bytes  File Size  =      39892 *
*Baskets :        5 : Basket Size=      32000 bytes  Compression=   2.26     *
*............................................................................*
*Br    3 :right     : right[numHits]/F                                       *
*Entries :    11199 : Total  Size=      90600 bytes  File Size  =      39855 *
*Baskets :        5 : Basket Size=      32000 bytes  Compression=   2.26     *
*............................................................................*
*Br    4 :up        : up[numHits]/F                                          *
*Entries :    11199 : Total  Size=      90573 bytes  File Size  =      40193 *
*Baskets :        5 : Basket Size=      32000 bytes  Compression=   2.24     *
*............................................................................*
*Br    5 :down      : down[numHits]/F                                        *
*Entries :    11199 : Total  Size=      90591 bytes  File Size  =      40143 *
*Baskets :        5 : Basket Size=      32000 bytes  Compression=   2.24     *
*............................................................................*
*Br    6 :e1        : e1[numHits]/F                                          *
*Entries :    11199 : Total  Size=      90573 bytes  File Size  =      41262 *
*Baskets :        5 : Basket Size=      32000 bytes  Compression=   2.18     *
*............................................................................*
*Br    7 :e2        : e2[numHits]/F                                          *
*Entries :    11199 : Total  Size=      90573 bytes  File Size  =      40516 *
*Baskets :        5 : Basket Size=      32000 bytes  Compression=   2.22     *
*............................................................................*
*Br    8 :e3        : e3[numHits]/F                                          *
*Entries :    11199 : Total  Size=      90573 bytes  File Size  =      39719 *
*Baskets :        5 : Basket Size=      32000 bytes  Compression=   2.27     *
*............................................................................*
*Br    9 :tac       : tac[numHits]/F                                         *
*Entries :    11199 : Total  Size=      90582 bytes  File Size  =      34645 *
*Baskets :        5 : Basket Size=      32000 bytes  Compression=   2.60     *
*............................................................................*
*Br   10 :fmaDeltaTime : fmaDeltaTime[numHits]/F                             *
*Entries :    11199 : Total  Size=      90663 bytes  File Size  =      54838 *
*Baskets :        5 : Basket Size=      32000 bytes  Compression=   1.64     *
*............................................................................*
*Br   11 :fmaMult   : fmaMult[10]/I                                          *
*Entries :    11199 : Total  Size=     449755 bytes  File Size  =       6956 *
*Baskets :       15 : Basket Size=      32000 bytes  Compression=  64.56     *
*............................................................................*
*Br   12 :gammaMult : gammaMult/I                                            *
*Entries :    11199 : Total  Size=      45461 bytes  File Size  =       7651 *
*Baskets :        2 : Basket Size=      32000 bytes  Compression=   5.87     *
*............................................................................*
*Br   13 :gammaEnergy : gammaEnergy[gammaMult]/F                             *
*Entries :    11199 : Total  Size=     150782 bytes  File Size  =     114844 *
*Baskets :        7 : Basket Size=      32000 bytes  Compression=   1.31     *
*............................................................................*
*Br   14 :gammaTimestamp : gammaTimestamp[gammaMult]/F                       *
*Entries :    11199 : Total  Size=     150815 bytes  File Size  =      61888 *
*Baskets :        7 : Basket Size=      32000 bytes  Compression=   2.43     *
*............................................................................*
*Br   15 :deltaTime : deltaTime[gammaMult]/F                                 *
*Entries :    11199 : Total  Size=     150760 bytes  File Size  =      57329 *
*Baskets :        7 : Basket Size=      32000 bytes  Compression=   2.62     *
*............................................................................*
*Br   16 :gebMult   : gebMult/I                                              *
*Entries :    11199 : Total  Size=      45449 bytes  File Size  =       7809 *
*Baskets :        2 : Basket Size=      32000 bytes  Compression=   5.76     *
*............................................................................*
*Br   17 :crysType  : crysType[gebMult]/I                                    *
*Entries :    11199 : Total  Size=     155114 bytes  File Size  =      26416 *
*Baskets :        7 : Basket Size=      32000 bytes  Compression=   5.85     *
*............................................................................*
*Br   18 :crysId    : crysId[gebMult]/I                                      *
*Entries :    11199 : Total  Size=     155092 bytes  File Size  =      60958 *
*Baskets :        7 : Basket Size=      32000 bytes  Compression=   2.53     *
*............................................................................*
*Br   19 :crysNum   : crysNum[gebMult]/I                                     *
*Entries :    11199 : Total  Size=     155103 bytes  File Size  =      45608 *
*Baskets :        7 : Basket Size=      32000 bytes  Compression=   3.39     *
*............................................................................*
*Br   20 :crysTot_e : crysTot_e[gebMult]/F                                   *
*Entries :    11199 : Total  Size=     155132 bytes  File Size  =     115284 *
*Baskets :        7 : Basket Size=      32000 bytes  Compression=   1.34     *
*............................................................................*
*Br   21 :crysPolAngle : crysPolAngle[gebMult]/F                             *
*Entries :    11199 : Total  Size=     155165 bytes  File Size  =      56251 *
*Baskets :        7 : Basket Size=      32000 bytes  Compression=   2.75     *
*............................................................................*
*Br   22 :intMaxX   : intMaxX[gebMult]/F                                     *
*Entries :    11199 : Total  Size=     155110 bytes  File Size  =     116288 *
*Baskets :        7 : Basket Size=      32000 bytes  Compression=   1.33     *
*............................................................................*
*Br   23 :intMaxY   : intMaxY[gebMult]/F                                     *
*Entries :    11199 : Total  Size=     155110 bytes  File Size  =     115235 *
*Baskets :        7 : Basket Size=      32000 bytes  Compression=   1.34     *
*............................................................................*
*Br   24 :intMaxZ   : intMaxZ[gebMult]/F                                     *
*Entries :    11199 : Total  Size=     155110 bytes  File Size  =     115696 *
*Baskets :        7 : Basket Size=      32000 bytes  Compression=   1.34     *
*............................................................................*
*Br   25 :intMaxE   : intMaxE[gebMult]/F                                     *
*Entries :    11199 : Total  Size=     155110 bytes  File Size  =     115217 *
*Baskets :        7 : Basket Size=      32000 bytes  Compression=   1.34     *
*............................................................................*
*Br   26 :intMaxSeg : intMaxSeg[gebMult]/I                                   *
*Entries :    11199 : Total  Size=     155125 bytes  File Size  =      58903 *
*Baskets :        7 : Basket Size=      32000 bytes  Compression=   2.62     *
*............................................................................*
*Br   27 :intMaxSegE : intMaxSegE[gebMult]/F                                 *
*Entries :    11199 : Total  Size=     155143 bytes  File Size  =     115300 *
*Baskets :        7 : Basket Size=      32000 bytes  Compression=   1.34     *
*............................................................................*
*Br   28 :crysTimestamp : crysTimestamp[gebMult]/L                           *
*Entries :    11199 : Total  Size=     264596 bytes  File Size  =     118627 *
*Baskets :       10 : Basket Size=      32000 bytes  Compression=   2.22     *
*............................................................................*
*Br   29 :crysTrigtime : crysTrigtime[gebMult]/D                             *
*Entries :    11199 : Total  Size=     264582 bytes  File Size  =     197801 *
*Baskets :       10 : Basket Size=      32000 bytes  Compression=   1.33     *
*............................................................................*
*Br   30 :crysT0    : crysT0[gebMult]/F                                      *
*Entries :    11199 : Total  Size=     155099 bytes  File Size  =     110785 *
*Baskets :        7 : Basket Size=      32000 bytes  Compression=   1.39     *
*............................................................................*
TH1.Print Name  = eCC_a, Entries= 0, Total sum= 0
TH1.Print Name  = eCC_b, Entries= 0, Total sum= 0
TH1.Print Name  = eCC_c, Entries= 0, Total sum= 0
TH1.Print Name  = eCC_d, Entries= 19149, Total sum= 0
TH1.Print Name  = eSeg, Entries= 0, Total sum= 0
TH1.Print Name  = mode3_hitpat, Entries= 648242, Total sum= 0
TH1.Print Name  = mode3_hitpat_chan, Entries= 648242, Total sum= 648242
TH1.Print Name  = chan0, Entries= 0, Total sum= 0
TH1.Print Name  = module, Entries= 648242, Total sum= 648242
TH1.Print Name  = chan, Entries= 648242, Total sum= 647855
TH1.Print Name  = l, Entries= 64824, Total sum= 64819
TH1.Print Name  = r, Entries= 64824, Total sum= 64824
TH1.Print Name  = up, Entries= 64824, Total sum= 64824
TH1.Print Name  = down, Entries= 64824, Total sum= 64824
TH1.Print Name  = sumlr, Entries= 63160, Total sum= 63160
TH1.Print Name  = sumud, Entries= 61514, Total sum= 61514
TH1.Print Name  = x, Entries= 63160, Total sum= 63160
TH1.Print Name  = y, Entries= 61514, Total sum= 61514
TH1.Print Name  = de1, Entries= 64824, Total sum= 64820
TH1.Print Name  = de2, Entries= 64825, Total sum= 64825
TH1.Print Name  = de3, Entries= 64824, Total sum= 64676
TH1.Print Name  = de12, Entries= 56957, Total sum= 56957
TH1.Print Name  = etot, Entries= 56957, Total sum= 56957
TH1.Print Name  = rftof, Entries= 64824, Total sum= 64617
TH1.Print Name  = lr, Entries= 155454, Total sum= 155449
TH1.Print Name  = ud, Entries= 155454, Total sum= 155454
TH1.Print Name  = ede1, Entries= 56957, Total sum= 56957
TH1.Print Name  = ede1g, Entries= 10196, Total sum= 10189
TH1.Print Name  = ede2, Entries= 56957, Total sum= 56957
TH1.Print Name  = ede12, Entries= 56957, Total sum= 56957
TH1.Print Name  = xde1, Entries= 56957, Total sum= 56957
TH1.Print Name  = erftof, Entries= 155454, Total sum= 155247
TH1.Print Name  = erftofg, Entries= 4277, Total sum= 4269
TH1.Print Name  = sumehi, Entries= 233818, Total sum= 233818
TH1.Print Name  = tgppac, Entries= 233818, Total sum= 57968
TH1.Print Name  = tgppacg, Entries= 10196, Total sum= 10196
TH1.Print Name  = xehi1, Entries= 233818, Total sum= 233818
TH1.Print Name  = xehi1g, Entries= 10196, Total sum= 10196
TH1.Print Name  = de1ehi, Entries= 233818, Total sum= 233809
TH1.Print Name  = de1ehig, Entries= 10196, Total sum= 10189
TH1.Print Name  = ng, Entries= 155454, Total sum= 155454
TH1.Print Name  = ehiz1, Entries= 0, Total sum= 0
TH1.Print Name  = ehiz2, Entries= 0, Total sum= 0
TH1.Print Name  = ehiz3, Entries= 0, Total sum= 0
TH1.Print Name  = ehiz4, Entries= 0, Total sum= 0
TH1.Print Name  = ehiz5, Entries= 0, Total sum= 0
TH1.Print Name  = gg_dt, Entries= 12069, Total sum= 12069
TH1.Print Name  = gg, Entries= 24138, Total sum= 23720
TH1.Print Name  = gg_z1, Entries= 0, Total sum= 0
TH1.Print Name  = gg_z2, Entries= 0, Total sum= 0
TH1.Print Name  = gg_z3, Entries= 0, Total sum= 0
TH1.Print Name  = gg_z4, Entries= 0, Total sum= 0
TH1.Print Name  = gg_z5, Entries= 0, Total sum= 0
Pars.f1->Close();
done saving rootfile "/lcrc/project/HELIOS/gretinafma/root_data/run201.root


read 155454 events; Pars.beta=0.0330; time since last update 0 minutes
CommandFileName="GEBSort.command"

sorted timestamp range 163298633955-->164731132925: 1432498970
that is 14.3 seconds or 0h0m14s
^^^^^ any timestamp jumps will upset this accounting

hit statistics per type
 1 GEB_TYPE_DECOMP           251424 ;  17551.43 Hz 
 8 GEB_TYPE_GT_MOD29          65211 ;   4552.25 Hz 
read a total of              316635 ; header/payloads


nn1=0
nn2=316636
nn3=316636

nok_validate= 155454, ntot_validate=155454; validate fraction 100.00%

bytes read=150250024, 143.289589 MB

boniva sancta! ...GEBSort (unexpectedly) did not crash!

 ** GEBSort is done at 
