started GEBSort at we have 9 arguments
1... -input
will take input from disk
file size is 1384368572 bytes or 1351 MBytes

4... -rootfile
rootfile name specified on command line
__will store spectra in rootfile: /lcrc/project/HELIOS/gretinafma/root_data/run189.root
will recreate root file
7... -chat
core file size          (blocks, -c) unlimited
data seg size           (kbytes, -d) unlimited
scheduling priority             (-e) 0
file size               (blocks, -f) unlimited
pending signals                 (-i) 510311
max locked memory       (kbytes, -l) unlimited
max memory size         (kbytes, -m) 128769024
open files                      (-n) 51200
pipe size            (512 bytes, -p) 8
POSIX message queues     (bytes, -q) 819200
real-time priority              (-r) 0
stack size              (kbytes, -s) unlimited
cpu time               (seconds, -t) unlimited
max user processes              (-u) 4096
virtual memory          (kbytes, -v) unlimited
file locks                      (-x) unlimited
will read sorting instructions from chatfile: GEBSort.chat

executing UserDeclare.h code


GEBsort running on: 

initializing

crmat.LINUX is open (input) binary format
read 7936 bytes into Pars.crmat
chat file: <GEBSort.chat> open

will sort a max of 1410065408 events
will sort 86400 minutes of data
will print details of the first 10 events
will use Pars.Beta (v/c) correction of 0.033000
will sort using a time window of 150
Pars.do_bin_mode2=1
Pars.do_bin_mode3=1
will accept second interaction range between 10.000000 and 500.000000 mm
"1-200"
detector   1 is ENABLED
detector   2 is ENABLED
detector   3 is ENABLED
detector   4 is ENABLED
detector   5 is ENABLED
detector   6 is ENABLED
detector   7 is ENABLED
detector   8 is ENABLED
detector   9 is ENABLED
detector  10 is ENABLED
detector  11 is ENABLED
detector  12 is ENABLED
detector  13 is ENABLED
detector  14 is ENABLED
detector  15 is ENABLED
detector  16 is ENABLED
detector  17 is ENABLED
detector  18 is ENABLED
detector  19 is ENABLED
detector  20 is ENABLED
detector  21 is ENABLED
detector  22 is ENABLED
detector  23 is ENABLED
detector  24 is ENABLED
detector  25 is ENABLED
detector  26 is ENABLED
detector  27 is ENABLED
detector  28 is ENABLED
detector  29 is ENABLED
detector  30 is ENABLED
detector  31 is ENABLED
detector  32 is ENABLED
detector  33 is ENABLED
detector  34 is ENABLED
detector  35 is ENABLED
detector  36 is ENABLED
detector  37 is ENABLED
detector  38 is ENABLED
detector  39 is ENABLED
detector  40 is ENABLED
detector  41 is ENABLED
detector  42 is ENABLED
detector  43 is ENABLED
detector  44 is ENABLED
detector  45 is ENABLED
detector  46 is ENABLED
detector  47 is ENABLED
detector  48 is ENABLED
detector  49 is ENABLED
detector  50 is ENABLED
detector  51 is ENABLED
detector  52 is ENABLED
detector  53 is ENABLED
detector  54 is ENABLED
detector  55 is ENABLED
detector  56 is ENABLED
detector  57 is ENABLED
detector  58 is ENABLED
detector  59 is ENABLED
detector  60 is ENABLED
detector  61 is ENABLED
detector  62 is ENABLED
detector  63 is ENABLED
detector  64 is ENABLED
detector  65 is ENABLED
detector  66 is ENABLED
detector  67 is ENABLED
detector  68 is ENABLED
detector  69 is ENABLED
detector  70 is ENABLED
detector  71 is ENABLED
detector  72 is ENABLED
detector  73 is ENABLED
detector  74 is ENABLED
detector  75 is ENABLED
detector  76 is ENABLED
detector  77 is ENABLED
detector  78 is ENABLED
detector  79 is ENABLED
detector  80 is ENABLED
detector  81 is ENABLED
detector  82 is ENABLED
detector  83 is ENABLED
detector  84 is ENABLED
detector  85 is ENABLED
detector  86 is ENABLED
detector  87 is ENABLED
detector  88 is ENABLED
detector  89 is ENABLED
detector  90 is ENABLED
detector  91 is ENABLED
detector  92 is ENABLED
detector  93 is ENABLED
detector  94 is ENABLED
detector  95 is ENABLED
detector  96 is ENABLED
detector  97 is ENABLED
detector  98 is ENABLED
detector  99 is ENABLED
detector 100 is ENABLED
detector 101 is ENABLED
detector 102 is ENABLED
detector 103 is ENABLED
detector 104 is ENABLED
detector 105 is ENABLED
detector 106 is ENABLED
detector 107 is ENABLED
detector 108 is ENABLED
detector 109 is ENABLED
detector 110 is ENABLED
detector 111 is ENABLED
detector 112 is ENABLED
detector 113 is ENABLED
detector 114 is ENABLED
detector 115 is ENABLED
detector 116 is ENABLED
detector 117 is ENABLED
detector 118 is ENABLED
detector 119 is ENABLED
detector 120 is ENABLED
detector 121 is ENABLED
detector 122 is ENABLED
detector 123 is ENABLED
detector 124 is ENABLED
detector 125 is ENABLED
detector 126 is ENABLED
detector 127 is ENABLED
detector 128 is ENABLED
detector 129 is ENABLED
detector 130 is ENABLED
detector 131 is ENABLED
detector 132 is ENABLED
detector 133 is ENABLED
detector 134 is ENABLED
detector 135 is ENABLED
detector 136 is ENABLED
detector 137 is ENABLED
detector 138 is ENABLED
detector 139 is ENABLED
detector 140 is ENABLED
detector 141 is ENABLED
detector 142 is ENABLED
detector 143 is ENABLED
detector 144 is ENABLED
detector 145 is ENABLED
detector 146 is ENABLED
detector 147 is ENABLED
detector 148 is ENABLED
detector 149 is ENABLED
detector 150 is ENABLED
detector 151 is ENABLED
detector 152 is ENABLED
detector 153 is ENABLED
detector 154 is ENABLED
detector 155 is ENABLED
detector 156 is ENABLED
detector 157 is ENABLED
detector 158 is ENABLED
detector 159 is ENABLED
detector 160 is ENABLED
detector 161 is ENABLED
detector 162 is ENABLED
detector 163 is ENABLED
detector 164 is ENABLED
detector 165 is ENABLED
detector 166 is ENABLED
detector 167 is ENABLED
detector 168 is ENABLED
detector 169 is ENABLED
detector 170 is ENABLED
detector 171 is ENABLED
detector 172 is ENABLED
detector 173 is ENABLED
detector 174 is ENABLED
detector 175 is ENABLED
detector 176 is ENABLED
detector 177 is ENABLED
detector 178 is ENABLED
detector 179 is ENABLED
detector 180 is ENABLED
detector 181 is ENABLED
detector 182 is ENABLED
detector 183 is ENABLED
detector 184 is ENABLED
detector 185 is ENABLED
detector 186 is ENABLED
detector 187 is ENABLED
detector 188 is ENABLED
detector 189 is ENABLED
detector 190 is ENABLED
detector 191 is ENABLED
detector 192 is ENABLED
detector 193 is ENABLED
detector 194 is ENABLED
detector 195 is ENABLED
detector 196 is ENABLED
detector 197 is ENABLED
detector 198 is ENABLED
detector 199 is ENABLED
WARNING: could not open CCcal file "CCenergy.cal", quit
will use beam direction 0.000000 0.000000 1.000000
vector length= 1.000000, normalizing
will use beam direction 0.000000 0.000000 1.000000
Pars.ndetlimlo=1,Pars.ndetlimhi=8
will require mult bt: 1 20
fomlimits, 1, 0.00 ..to.. 0.80
fomlimits, 2, 0.00 ..to.. 0.80
fomlimits, 3, 0.00 ..to.. 0.80
fomlimits, 4, 0.00 ..to.. 0.80
fomlimits, 5, 0.00 ..to.. 0.80
fomlimits, 6, 0.00 ..to.. 0.80
fomlimits, 7, 0.00 ..to.. 0.80
will use M= 350.000000 in bin_dgs
will use PZ file "dgs_pz.cal" in bin_dgs
will use ecal file "dgs_ehi.cal" in bin_dgs
will skip rest of chat file

chat file: <GEBSort.chat> closed
processed 38 sort instructions and 197 lines


sorting this:
Pars.do_bin_mode3 = 1
Pars.do_bin_mode2 = 1
Pars.do_bin_mode1 = 0
Pars.do_bin_dgs = 0
Pars.do_bin_dfma = 0
Pars.do_bin_gtcal = 0
Pars.do_bin_template = 0
Pars.do_bin_final = 0
Pars.do_bin_angcor = 0
Pars.do_bin_angdis = 0
checking proper input of chat file...
input file "/lcrc/project/HELIOS/gretinafma/merged_data/GEBMerged_run189.gtd_000" is open, inData=0x253fd440
file size is 1384368572 bytes or 1351 MBs 
input source is set up, supposedly

xyz offset values:

executing ShareMemFileUserInit.h code

deleted \rm -f GEBSort.command
root file </lcrc/project/HELIOS/gretinafma/root_data/run189.root>
base=</lcrc/project/HELIOS/gretinafma/root_data/run189.root:/>
TFile: name=/lcrc/project/HELIOS/gretinafma/root_data/run189.root, title=, option=CREATE

executing UserInit.h code

Created Object "dtbtev", 0x26452900
Created Object "T0", 0x26452d10
, "T0"Created Object "hitpat", 0x26453100
, "hitpat"Created Object "numHitArray2", 0x26453b50
, "numHitArray2"Created Object "CCmult", 0x26454610
, "CC Multiplicity"Created Object "CCsum", 0x267265b0
, "CCsum"Created Object "hit2", 0x267363c0
, "hit2"Created Object "hit3", 0x267461d0
, "hit3"Created Object "hit4", 0x26755fe0
, "hit4"Created Object "CCsum_nodop", 0x26765df0
, "CCsum_nodop"Created Object "CCadd", 0x26775c00
, "CCadd"Created Object "SEGadd_FPGA", 0x26785a10
Created Object "SEGadd_PSA", 0x26785e20
Created Object "SEGsum_FPGA", 0x26786230
Created Object "SEGsum_PSA", 0x26786640
Created Object "radius_all", 0x26786a50
, "radius (all points)"Created Object "rate_mode2_min", 0x2678ee60
, "rate_mode2_min headers"Created Object "rate_mode2_sec", 0x26791f70
, "rate_mode2_sec headers"Created Object "rate_mode2_intp", 0x26795080
, "rate_mode2 interaction points"Created Object "cdtbtev", 0x26798190
Created Object "evsr_all", 0x2685e040
Created Object "SMAP_allhits", 0x2685e510
Created Object "SMAP_allhits_sq", 0x2695dea0
Created Object "seghitpat", 0x26a5d830
Created Object "CCe", 0x26a65c30
Created Object "ggCC", 0x26a661e0
Created Object "z_plot", 0x26a66790
Created Object "crystal_hit", 0x26b19e60
Created Object "SegE", 0x26b1a430
Created Object "crXcr", 0x26b1a970
MAXDETPOS=180
Created Object "eCC_a", 0x26c0f040
Created Object "eCC_b", 0x26c0f450
Created Object "eCC_c", 0x26c0f920
Created Object "eCC_d", 0x26c0fea0
Created Object "eSeg", 0x26c103e0
Created Object "mode3_hitpat", 0x26c10990
, "mode3_hitpat"Created Object "mode3_hitpat_chan", 0x26c11300
, "mode3_hitpat_chan"Created Object "chan0", 0x26c11a40
, "chan0"Created Object "module", 0x26c25870
, "module"Created Object "chan", 0x26c396a0
Created Object "l", 0x26caefc0
, "l"Created Object "r", 0x26cc2df0
, "r"Created Object "up", 0x26cd6bb0
, "up"Created Object "down", 0x26cea970
, "down"Created Object "sumlr", 0x26cfe7a0
, "sumlr"Created Object "sumud", 0x26d125d0
, "sumud"Created Object "x", 0x26d26400
, "x"Created Object "y", 0x26d3a230
, "y"Created Object "de1", 0x26d4e060
, "de1"Created Object "de2", 0x26d61e20
, "de2"Created Object "de3", 0x26d75be0
, "de3"Created Object "de12", 0x26d89a10
, "de12"Created Object "etot", 0x26d9d840
, "etot"Created Object "rftof", 0x26db1600
, "rftof"Created Object "lr", 0x26dc53c0
Created Object "ud", 0x26dc5900
Created Object "ede1", 0x26dc5e40
Created Object "ede1g", 0x26dc6380
Created Object "ede2", 0x26dc6930
Created Object "ede12", 0x26dc6ee0
Created Object "xde1", 0x26dc7490
Created Object "erftof", 0x26dc79d0
Created Object "erftofg", 0x26dc7f10
Created Object "sumehi", 0x26dc84c0
, "sumehi"Created Object "tgppac", 0x26ddc280
, "tgppac"Created Object "tgppacg", 0x26e03930
, "tgppacg"Created Object "xehi1", 0x26e2afe0
Created Object "xehi1g", 0x26e2b520
Created Object "de1ehi", 0x26e2bad0
Created Object "de1ehig", 0x26e2c010
Created Object "ng", 0x26e2c550
, "ng"Created Object "ehiz1", 0x26e40310
, "ehiz1"Created Object "ehiz2", 0x26e540d0
, "ehiz2"Created Object "ehiz3", 0x26e67f00
, "ehiz3"Created Object "ehiz4", 0x26e7bd30
, "ehiz4"Created Object "ehiz5", 0x26e8fb60
, "ehiz5"Created Object "gg_dt", 0x26ea3920
, "gg_dt"Created Object "gg", 0x26ea7d50
Created Object "gg_z1", 0x26ea8300
Created Object "gg_z2", 0x26ea88b0
Created Object "gg_z3", 0x26ea8e60
Created Object "gg_z4", 0x26ea9410
Created Object "gg_z5", 0x26ea9950
we have define the following ROOT spectra:
Collection name='THashList', class='THashList', size=84
 TH1.Print Name  = dtbtev, Entries= 0, Total sum= 0
 TH1.Print Name  = T0, Entries= 0, Total sum= 0
 TH1.Print Name  = hitpat, Entries= 0, Total sum= 0
 TH1.Print Name  = numHitArray2, Entries= 0, Total sum= 0
 TH1.Print Name  = CCmult, Entries= 0, Total sum= 0
 TH1.Print Name  = CCsum, Entries= 0, Total sum= 0
 TH1.Print Name  = hit2, Entries= 0, Total sum= 0
 TH1.Print Name  = hit3, Entries= 0, Total sum= 0
 TH1.Print Name  = hit4, Entries= 0, Total sum= 0
 TH1.Print Name  = CCsum_nodop, Entries= 0, Total sum= 0
 TH1.Print Name  = CCadd, Entries= 0, Total sum= 0
 TH1.Print Name  = SEGadd_FPGA, Entries= 0, Total sum= 0
 TH1.Print Name  = SEGadd_PSA, Entries= 0, Total sum= 0
 TH1.Print Name  = SEGsum_FPGA, Entries= 0, Total sum= 0
 TH1.Print Name  = SEGsum_PSA, Entries= 0, Total sum= 0
 TH1.Print Name  = radius_all, Entries= 0, Total sum= 0
 TH1.Print Name  = rate_mode2_min, Entries= 0, Total sum= 0
 TH1.Print Name  = rate_mode2_sec, Entries= 0, Total sum= 0
 TH1.Print Name  = rate_mode2_intp, Entries= 0, Total sum= 0
 TH1.Print Name  = cdtbtev, Entries= 0, Total sum= 0
 TH1.Print Name  = evsr_all, Entries= 0, Total sum= 0
 TH1.Print Name  = SMAP_allhits, Entries= 0, Total sum= 0
 TH1.Print Name  = SMAP_allhits_sq, Entries= 0, Total sum= 0
 TH1.Print Name  = seghitpat, Entries= 0, Total sum= 0
 TH1.Print Name  = CCe, Entries= 0, Total sum= 0
 TH1.Print Name  = ggCC, Entries= 0, Total sum= 0
 TH1.Print Name  = z_plot, Entries= 0, Total sum= 0
 TH1.Print Name  = crystal_hit, Entries= 0, Total sum= 0
 TH1.Print Name  = SegE, Entries= 0, Total sum= 0
 TH1.Print Name  = crXcr, Entries= 0, Total sum= 0
 ******************************************************************************
*Tree    :tree      : tree                                                   *
*Entries :        0 : Total =           16301 bytes  File  Size =          0 *
*        :          : Tree compression factor =   1.00                       *
******************************************************************************
*Br    0 :runNumber : runNumber/I                                            *
*Entries :        0 : Total  Size=        501 bytes  One basket in memory    *
*Baskets :        0 : Basket Size=      32000 bytes  Compression=   1.00     *
*............................................................................*
*Br    1 :numHits   : numHits/I                                              *
*Entries :        0 : Total  Size=        493 bytes  One basket in memory    *
*Baskets :        0 : Basket Size=      32000 bytes  Compression=   1.00     *
*............................................................................*
*Br    2 :left      : left[numHits]/F                                        *
*Entries :        0 : Total  Size=        580 bytes  One basket in memory    *
*Baskets :        0 : Basket Size=      32000 bytes  Compression=   1.00     *
*............................................................................*
*Br    3 :right     : right[numHits]/F                                       *
*Entries :        0 : Total  Size=        584 bytes  One basket in memory    *
*Baskets :        0 : Basket Size=      32000 bytes  Compression=   1.00     *
*............................................................................*
*Br    4 :up        : up[numHits]/F                                          *
*Entries :        0 : Total  Size=        572 bytes  One basket in memory    *
*Baskets :        0 : Basket Size=      32000 bytes  Compression=   1.00     *
*............................................................................*
*Br    5 :down      : down[numHits]/F                                        *
*Entries :        0 : Total  Size=        580 bytes  One basket in memory    *
*Baskets :        0 : Basket Size=      32000 bytes  Compression=   1.00     *
*............................................................................*
*Br    6 :e1        : e1[numHits]/F                                          *
*Entries :        0 : Total  Size=        572 bytes  One basket in memory    *
*Baskets :        0 : Basket Size=      32000 bytes  Compression=   1.00     *
*............................................................................*
*Br    7 :e2        : e2[numHits]/F                                          *
*Entries :        0 : Total  Size=        572 bytes  One basket in memory    *
*Baskets :        0 : Basket Size=      32000 bytes  Compression=   1.00     *
*............................................................................*
*Br    8 :e3        : e3[numHits]/F                                          *
*Entries :        0 : Total  Size=        572 bytes  One basket in memory    *
*Baskets :        0 : Basket Size=      32000 bytes  Compression=   1.00     *
*............................................................................*
*Br    9 :tac       : tac[numHits]/F                                         *
*Entries :        0 : Total  Size=        576 bytes  One basket in memory    *
*Baskets :        0 : Basket Size=      32000 bytes  Compression=   1.00     *
*............................................................................*
*Br   10 :fmaDeltaTime : fmaDeltaTime[numHits]/F                             *
*Entries :        0 : Total  Size=        612 bytes  One basket in memory    *
*Baskets :        0 : Basket Size=      32000 bytes  Compression=   1.00     *
*............................................................................*
*Br   11 :fmaMult   : fmaMult[10]/I                                          *
*Entries :        0 : Total  Size=        501 bytes  One basket in memory    *
*Baskets :        0 : Basket Size=      32000 bytes  Compression=   1.00     *
*............................................................................*
*Br   12 :gammaMult : gammaMult/I                                            *
*Entries :        0 : Total  Size=        501 bytes  One basket in memory    *
*Baskets :        0 : Basket Size=      32000 bytes  Compression=   1.00     *
*............................................................................*
*Br   13 :gammaEnergy : gammaEnergy[gammaMult]/F                             *
*Entries :        0 : Total  Size=        616 bytes  One basket in memory    *
*Baskets :        0 : Basket Size=      32000 bytes  Compression=   1.00     *
*............................................................................*
*Br   14 :gammaTimestamp : gammaTimestamp[gammaMult]/F                       *
*Entries :        0 : Total  Size=        628 bytes  One basket in memory    *
*Baskets :        0 : Basket Size=      32000 bytes  Compression=   1.00     *
*............................................................................*
*Br   15 :deltaTime : deltaTime[gammaMult]/F                                 *
*Entries :        0 : Total  Size=        608 bytes  One basket in memory    *
*Baskets :        0 : Basket Size=      32000 bytes  Compression=   1.00     *
*............................................................................*
*Br   16 :gebMult   : gebMult/I                                              *
*Entries :        0 : Total  Size=        493 bytes  One basket in memory    *
*Baskets :        0 : Basket Size=      32000 bytes  Compression=   1.00     *
*............................................................................*
*Br   17 :crysType  : crysType[gebMult]/I                                    *
*Entries :        0 : Total  Size=        589 bytes  One basket in memory    *
*Baskets :        0 : Basket Size=      32000 bytes  Compression=   1.00     *
*............................................................................*
*Br   18 :crysId    : crysId[gebMult]/I                                      *
*Entries :        0 : Total  Size=        581 bytes  One basket in memory    *
*Baskets :        0 : Basket Size=      32000 bytes  Compression=   1.00     *
*............................................................................*
*Br   19 :crysNum   : crysNum[gebMult]/I                                     *
*Entries :        0 : Total  Size=        585 bytes  One basket in memory    *
*Baskets :        0 : Basket Size=      32000 bytes  Compression=   1.00     *
*............................................................................*
*Br   20 :crysTot_e : crysTot_e[gebMult]/F                                   *
*Entries :        0 : Total  Size=        600 bytes  One basket in memory    *
*Baskets :        0 : Basket Size=      32000 bytes  Compression=   1.00     *
*............................................................................*
*Br   21 :crysPolAngle : crysPolAngle[gebMult]/F                             *
*Entries :        0 : Total  Size=        612 bytes  One basket in memory    *
*Baskets :        0 : Basket Size=      32000 bytes  Compression=   1.00     *
*............................................................................*
*Br   22 :intMaxX   : intMaxX[gebMult]/F                                     *
*Entries :        0 : Total  Size=        592 bytes  One basket in memory    *
*Baskets :        0 : Basket Size=      32000 bytes  Compression=   1.00     *
*............................................................................*
*Br   23 :intMaxY   : intMaxY[gebMult]/F                                     *
*Entries :        0 : Total  Size=        592 bytes  One basket in memory    *
*Baskets :        0 : Basket Size=      32000 bytes  Compression=   1.00     *
*............................................................................*
*Br   24 :intMaxZ   : intMaxZ[gebMult]/F                                     *
*Entries :        0 : Total  Size=        592 bytes  One basket in memory    *
*Baskets :        0 : Basket Size=      32000 bytes  Compression=   1.00     *
*............................................................................*
*Br   25 :intMaxE   : intMaxE[gebMult]/F                                     *
*Entries :        0 : Total  Size=        592 bytes  One basket in memory    *
*Baskets :        0 : Basket Size=      32000 bytes  Compression=   1.00     *
*............................................................................*
*Br   26 :intMaxSeg : intMaxSeg[gebMult]/I                                   *
*Entries :        0 : Total  Size=        593 bytes  One basket in memory    *
*Baskets :        0 : Basket Size=      32000 bytes  Compression=   1.00     *
*............................................................................*
*Br   27 :intMaxSegE : intMaxSegE[gebMult]/F                                 *
*Entries :        0 : Total  Size=        604 bytes  One basket in memory    *
*Baskets :        0 : Basket Size=      32000 bytes  Compression=   1.00     *
*............................................................................*
*Br   28 :crysTimestamp : crysTimestamp[gebMult]/L                           *
*Entries :        0 : Total  Size=        624 bytes  One basket in memory    *
*Baskets :        0 : Basket Size=      32000 bytes  Compression=   1.00     *
*............................................................................*
*Br   29 :crysTrigtime : crysTrigtime[gebMult]/D                             *
*Entries :        0 : Total  Size=        620 bytes  One basket in memory    *
*Baskets :        0 : Basket Size=      32000 bytes  Compression=   1.00     *
*............................................................................*
*Br   30 :crysT0    : crysT0[gebMult]/F                                      *
*Entries :        0 : Total  Size=        588 bytes  One basket in memory    *
*Baskets :        0 : Basket Size=      32000 bytes  Compression=   1.00     *
*............................................................................*
 TH1.Print Name  = eCC_a, Entries= 0, Total sum= 0
 TH1.Print Name  = eCC_b, Entries= 0, Total sum= 0
 TH1.Print Name  = eCC_c, Entries= 0, Total sum= 0
 TH1.Print Name  = eCC_d, Entries= 0, Total sum= 0
 TH1.Print Name  = eSeg, Entries= 0, Total sum= 0
 TH1.Print Name  = mode3_hitpat, Entries= 0, Total sum= 0
 TH1.Print Name  = mode3_hitpat_chan, Entries= 0, Total sum= 0
 TH1.Print Name  = chan0, Entries= 0, Total sum= 0
 TH1.Print Name  = module, Entries= 0, Total sum= 0
 TH1.Print Name  = chan, Entries= 0, Total sum= 0
 TH1.Print Name  = l, Entries= 0, Total sum= 0
 TH1.Print Name  = r, Entries= 0, Total sum= 0
 TH1.Print Name  = up, Entries= 0, Total sum= 0
 TH1.Print Name  = down, Entries= 0, Total sum= 0
 TH1.Print Name  = sumlr, Entries= 0, Total sum= 0
 TH1.Print Name  = sumud, Entries= 0, Total sum= 0
 TH1.Print Name  = x, Entries= 0, Total sum= 0
 TH1.Print Name  = y, Entries= 0, Total sum= 0
 TH1.Print Name  = de1, Entries= 0, Total sum= 0
 TH1.Print Name  = de2, Entries= 0, Total sum= 0
 TH1.Print Name  = de3, Entries= 0, Total sum= 0
 TH1.Print Name  = de12, Entries= 0, Total sum= 0
 TH1.Print Name  = etot, Entries= 0, Total sum= 0
 TH1.Print Name  = rftof, Entries= 0, Total sum= 0
 TH1.Print Name  = lr, Entries= 0, Total sum= 0
 TH1.Print Name  = ud, Entries= 0, Total sum= 0
 TH1.Print Name  = ede1, Entries= 0, Total sum= 0
 TH1.Print Name  = ede1g, Entries= 0, Total sum= 0
 TH1.Print Name  = ede2, Entries= 0, Total sum= 0
 TH1.Print Name  = ede12, Entries= 0, Total sum= 0
 TH1.Print Name  = xde1, Entries= 0, Total sum= 0
 TH1.Print Name  = erftof, Entries= 0, Total sum= 0
 TH1.Print Name  = erftofg, Entries= 0, Total sum= 0
 TH1.Print Name  = sumehi, Entries= 0, Total sum= 0
 TH1.Print Name  = tgppac, Entries= 0, Total sum= 0
 TH1.Print Name  = tgppacg, Entries= 0, Total sum= 0
 TH1.Print Name  = xehi1, Entries= 0, Total sum= 0
 TH1.Print Name  = xehi1g, Entries= 0, Total sum= 0
 TH1.Print Name  = de1ehi, Entries= 0, Total sum= 0
 TH1.Print Name  = de1ehig, Entries= 0, Total sum= 0
 TH1.Print Name  = ng, Entries= 0, Total sum= 0
 TH1.Print Name  = ehiz1, Entries= 0, Total sum= 0
 TH1.Print Name  = ehiz2, Entries= 0, Total sum= 0
 TH1.Print Name  = ehiz3, Entries= 0, Total sum= 0
 TH1.Print Name  = ehiz4, Entries= 0, Total sum= 0
 TH1.Print Name  = ehiz5, Entries= 0, Total sum= 0
 TH1.Print Name  = gg_dt, Entries= 0, Total sum= 0
 TH1.Print Name  = gg, Entries= 0, Total sum= 0
 TH1.Print Name  = gg_z1, Entries= 0, Total sum= 0
 TH1.Print Name  = gg_z2, Entries= 0, Total sum= 0
 TH1.Print Name  = gg_z3, Entries= 0, Total sum= 0
 TH1.Print Name  = gg_z4, Entries= 0, Total sum= 0
 TH1.Print Name  = gg_z5, Entries= 0, Total sum= 0
GRETINA detector angles
mod  1, crystal 0 [  4]: ( 10.07   3.58  15.10) pol   35.30 ,  azi   13.35; pol   35.30 ,  azi   19.58; modCCdopfac[4] 1.0271
mod  1, crystal 1 [  5]: ( 10.11   9.19  12.47) pol   47.60 ,  azi   36.39; pol   47.60 ,  azi   42.30; modCCdopfac[5] 1.0222
mod  1, crystal 2 [  6]: (  5.44   7.69  15.92) pol   30.60 ,  azi   25.77; pol   30.60 ,  azi   54.72; modCCdopfac[6] 1.0287
mod  1, crystal 3 [  7]: (  4.99   1.78  17.72) pol   16.65 ,  azi    5.72; pol   16.65 ,  azi   19.58; modCCdopfac[7] 1.0321
mod  2, crystal 0 [  8]: ( -0.29  10.69  15.10) pol   35.30 ,  azi   35.29; pol   35.30 ,  azi   91.58; modCCdopfac[8] 1.0271
mod  2, crystal 1 [  9]: ( -5.62  12.45  12.47) pol   47.60 ,  azi   44.95; pol   47.60 ,  azi  114.30; modCCdopfac[9] 1.0222
mod  2, crystal 2 [ 10]: ( -5.63   7.55  15.92) pol   30.60 ,  azi   25.36; pol   30.60 ,  azi  126.72; modCCdopfac[10] 1.0287
mod  2, crystal 3 [ 11]: ( -0.15   5.30  17.72) pol   16.65 ,  azi   16.64; pol   16.65 ,  azi   91.58; modCCdopfac[11] 1.0321
mod  3, crystal 0 [ 12]: (-10.25   3.02  15.10) pol   35.30 ,  azi   11.32; pol   35.30 ,  azi  163.58; modCCdopfac[12] 1.0271
mod  3, crystal 1 [ 13]: (-13.58  -1.50  12.47) pol   47.60 ,  azi   -6.85; pol   47.60 ,  azi -173.70; modCCdopfac[13] 1.0222
mod  3, crystal 2 [ 14]: ( -8.92  -3.02  15.92) pol   30.60 ,  azi  -10.75; pol   30.60 ,  azi -161.28; modCCdopfac[14] 1.0287
mod  3, crystal 3 [ 15]: ( -5.08   1.50  17.72) pol   16.65 ,  azi    4.83; pol   16.65 ,  azi  163.58; modCCdopfac[15] 1.0321
mod  4, crystal 0 [ 16]: ( -6.04  -8.82  15.10) pol   35.30 ,  azi  -30.29; pol   35.30 ,  azi -124.42; modCCdopfac[16] 1.0271
mod  4, crystal 1 [ 17]: ( -2.77 -13.38  12.47) pol   47.60 ,  azi  -47.00; pol   47.60 ,  azi -101.70; modCCdopfac[17] 1.0222
mod  4, crystal 2 [ 18]: (  0.12  -9.42  15.92) pol   30.60 ,  azi  -30.60; pol   30.60 ,  azi  -89.28; modCCdopfac[18] 1.0287
mod  4, crystal 3 [ 19]: ( -3.00  -4.37  17.72) pol   16.65 ,  azi  -13.86; pol   16.65 ,  azi -124.42; modCCdopfac[19] 1.0321
mod  5, crystal 0 [ 20]: (  6.52  -8.47  15.10) pol   35.30 ,  azi  -29.30; pol   35.30 ,  azi  -52.42; modCCdopfac[20] 1.0271
mod  5, crystal 1 [ 21]: ( 11.87  -6.77  12.47) pol   47.60 ,  azi  -28.49; pol   47.60 ,  azi  -29.70; modCCdopfac[21] 1.0222
mod  5, crystal 2 [ 22]: (  8.99  -2.80  15.92) pol   30.60 ,  azi   -9.96; pol   30.60 ,  azi  -17.28; modCCdopfac[22] 1.0287
mod  5, crystal 3 [ 23]: (  3.23  -4.20  17.72) pol   16.65 ,  azi  -13.33; pol   16.65 ,  azi  -52.42; modCCdopfac[23] 1.0321
mod  6, crystal 0 [ 24]: (  4.54  16.51   7.02) pol   67.71 ,  azi   66.97; pol   67.71 ,  azi   74.63; modCCdopfac[24] 1.0121
mod  6, crystal 1 [ 25]: ( -0.33  15.15  10.61) pol   55.02 ,  azi   55.01; pol   55.02 ,  azi   91.23; modCCdopfac[25] 1.0187
mod  6, crystal 2 [ 26]: (  5.05  13.00  12.16) pol   48.92 ,  azi   46.92; pol   48.92 ,  azi   68.77; modCCdopfac[26] 1.0216
mod  6, crystal 3 [ 27]: (  9.66  13.57   8.06) pol   64.18 ,  azi   59.29; pol   64.18 ,  azi   54.55; modCCdopfac[27] 1.0140
mod  7, crystal 0 [ 28]: (-14.30   9.42   7.02) pol   67.71 ,  azi   53.31; pol   67.71 ,  azi  146.63; modCCdopfac[28] 1.0121
mod  7, crystal 1 [ 29]: (-14.51   4.37  10.61) pol   55.02 ,  azi   22.40; pol   55.02 ,  azi  163.23; modCCdopfac[29] 1.0187
mod  7, crystal 2 [ 30]: (-10.80   8.82  12.16) pol   48.92 ,  azi   35.96; pol   48.92 ,  azi  140.77; modCCdopfac[30] 1.0216
mod  7, crystal 3 [ 31]: ( -9.92  13.38   8.06) pol   64.18 ,  azi   58.94; pol   64.18 ,  azi  126.55; modCCdopfac[31] 1.0140
mod  8, crystal 0 [ 32]: (-13.37 -10.69   7.02) pol   67.71 ,  azi  -56.71; pol   67.71 ,  azi -141.37; modCCdopfac[32] 1.0121
mod  8, crystal 1 [ 33]: ( -8.64 -12.45  10.61) pol   55.02 ,  azi  -49.58; pol   55.02 ,  azi -124.77; modCCdopfac[33] 1.0187
mod  8, crystal 2 [ 34]: (-11.73  -7.55  12.16) pol   48.92 ,  azi  -31.84; pol   48.92 ,  azi -147.23; modCCdopfac[34] 1.0216
mod  8, crystal 3 [ 35]: (-15.79  -5.30   8.06) pol   64.18 ,  azi  -33.33; pol   64.18 ,  azi -161.45; modCCdopfac[35] 1.0140
mod  9, crystal 0 [ 36]: (  6.03 -16.02   7.02) pol   67.71 ,  azi  -66.35; pol   67.71 ,  azi  -69.37; modCCdopfac[36] 1.0121
mod  9, crystal 1 [ 37]: (  9.17 -12.07  10.61) pol   55.02 ,  azi  -48.69; pol   55.02 ,  azi  -52.77; modCCdopfac[37] 1.0187
mod  9, crystal 2 [ 38]: (  3.56 -13.48  12.16) pol   48.92 ,  azi  -47.96; pol   48.92 ,  azi  -75.23; modCCdopfac[38] 1.0216
mod  9, crystal 3 [ 39]: (  0.16 -16.65   8.06) pol   64.18 ,  azi  -64.18; pol   64.18 ,  azi  -89.45; modCCdopfac[39] 1.0140
mod 10, crystal 0 [ 40]: ( 17.10   0.79   7.02) pol   67.71 ,  azi    6.39; pol   67.71 ,  azi    2.63; modCCdopfac[40] 1.0121
mod 10, crystal 1 [ 41]: ( 14.31   4.99  10.61) pol   55.02 ,  azi   25.21; pol   55.02 ,  azi   19.23; modCCdopfac[41] 1.0187
mod 10, crystal 2 [ 42]: ( 13.92  -0.79  12.16) pol   48.92 ,  azi   -3.70; pol   48.92 ,  azi   -3.23; modCCdopfac[42] 1.0216
mod 10, crystal 3 [ 43]: ( 15.89  -4.99   8.06) pol   64.18 ,  azi  -31.79; pol   64.18 ,  azi  -17.45; modCCdopfac[43] 1.0140
mod 11, crystal 0 [ 44]: ( 18.26   2.80   0.92) pol   87.15 ,  azi   71.78; pol   87.15 ,  azi    8.71; modCCdopfac[44] 1.0011
mod 11, crystal 1 [ 45]: ( 17.30   4.20  -5.04) pol  105.79 ,  azi  140.16; pol  105.79 ,  azi   13.65; modCCdopfac[45] 0.9906
mod 11, crystal 2 [ 46]: ( 16.42   8.47  -0.92) pol   92.85 ,  azi   96.20; pol   92.85 ,  azi   27.29; modCCdopfac[46] 0.9978
mod 11, crystal 3 [ 47]: ( 16.46   6.77   5.04) pol   74.21 ,  azi   53.36; pol   74.21 ,  azi   22.35; modCCdopfac[47] 1.0085
mod 12, crystal 0 [ 48]: ( 12.46  13.48  -2.26) pol   97.01 ,  azi   99.50; pol   97.01 ,  azi   47.25; modCCdopfac[48] 0.9954
mod 12, crystal 1 [ 49]: (  7.28  16.65  -3.46) pol  100.78 ,  azi  101.74; pol  100.78 ,  azi   66.39; modCCdopfac[49] 0.9933
mod 12, crystal 2 [ 50]: (  8.97  16.02   2.26) pol   82.99 ,  azi   81.98; pol   82.99 ,  azi   60.75; modCCdopfac[50] 1.0035
mod 12, crystal 3 [ 51]: ( 13.59  12.07   3.46) pol   79.22 ,  azi   74.00; pol   79.22 ,  azi   41.61; modCCdopfac[51] 1.0057
mod 13, crystal 0 [ 52]: (  2.98  18.23   0.92) pol   87.15 ,  azi   87.11; pol   87.15 ,  azi   80.71; modCCdopfac[52] 1.0011
mod 13, crystal 1 [ 53]: (  1.35  17.75  -5.04) pol  105.79 ,  azi  105.84; pol  105.79 ,  azi   85.65; modCCdopfac[53] 0.9906
mod 13, crystal 2 [ 54]: ( -2.98  18.23  -0.92) pol   92.85 ,  azi   92.89; pol   92.85 ,  azi   99.29; modCCdopfac[54] 0.9978
mod 13, crystal 3 [ 55]: ( -1.35  17.75   5.04) pol   74.21 ,  azi   74.16; pol   74.21 ,  azi   94.35; modCCdopfac[55] 1.0085
mod 14, crystal 0 [ 56]: ( -8.97  16.02  -2.26) pol   97.01 ,  azi   98.02; pol   97.01 ,  azi  119.25; modCCdopfac[56] 0.9954
mod 14, crystal 1 [ 57]: (-13.59  12.07  -3.46) pol  100.78 ,  azi  106.00; pol  100.78 ,  azi  138.39; modCCdopfac[57] 0.9933
mod 14, crystal 2 [ 58]: (-12.46  13.48   2.26) pol   82.99 ,  azi   80.50; pol   82.99 ,  azi  132.75; modCCdopfac[58] 1.0035
mod 14, crystal 3 [ 59]: ( -7.28  16.65   3.46) pol   79.22 ,  azi   78.26; pol   79.22 ,  azi  113.61; modCCdopfac[59] 1.0057
mod 15, crystal 0 [ 60]: (-16.42   8.47   0.92) pol   87.15 ,  azi   83.80; pol   87.15 ,  azi  152.71; modCCdopfac[60] 1.0011
mod 15, crystal 1 [ 61]: (-16.46   6.77  -5.04) pol  105.79 ,  azi  126.64; pol  105.79 ,  azi  157.65; modCCdopfac[61] 0.9906
mod 15, crystal 2 [ 62]: (-18.26   2.80  -0.92) pol   92.85 ,  azi  108.22; pol   92.85 ,  azi  171.29; modCCdopfac[62] 0.9978
mod 15, crystal 3 [ 63]: (-17.30   4.20   5.04) pol   74.21 ,  azi   39.84; pol   74.21 ,  azi  166.35; modCCdopfac[63] 1.0085
mod 16, crystal 0 [ 64]: (-18.01  -3.58  -2.26) pol   97.01 ,  azi -122.21; pol   97.01 ,  azi -168.75; modCCdopfac[64] 0.9954
mod 16, crystal 1 [ 65]: (-15.68  -9.19  -3.46) pol  100.78 ,  azi -110.62; pol  100.78 ,  azi -149.61; modCCdopfac[65] 0.9933
mod 16, crystal 2 [ 66]: (-16.68  -7.69   2.26) pol   82.99 ,  azi  -73.64; pol   82.99 ,  azi -155.25; modCCdopfac[66] 1.0035
mod 16, crystal 3 [ 67]: (-18.09  -1.78   3.46) pol   79.22 ,  azi  -27.18; pol   79.22 ,  azi -174.39; modCCdopfac[67] 1.0057
mod 17, crystal 0 [ 68]: (-13.13 -13.00   0.92) pol   87.15 ,  azi  -85.95; pol   87.15 ,  azi -135.29; modCCdopfac[68] 1.0011
mod 17, crystal 1 [ 69]: (-11.53 -13.57  -5.04) pol  105.79 ,  azi -110.36; pol  105.79 ,  azi -130.35; modCCdopfac[69] 0.9906
mod 17, crystal 2 [ 70]: ( -8.30 -16.51  -0.92) pol   92.85 ,  azi  -93.19; pol   92.85 ,  azi -116.71; modCCdopfac[70] 0.9978
mod 17, crystal 3 [ 71]: ( -9.34 -15.15   5.04) pol   74.21 ,  azi  -71.62; pol   74.21 ,  azi -121.65; modCCdopfac[71] 1.0085
mod 18, crystal 0 [ 72]: ( -2.16 -18.23  -2.26) pol   97.01 ,  azi  -97.05; pol   97.01 ,  azi  -96.75; modCCdopfac[72] 0.9954
mod 18, crystal 1 [ 73]: (  3.90 -17.75  -3.46) pol  100.78 ,  azi -101.03; pol  100.78 ,  azi  -77.61; modCCdopfac[73] 0.9933
mod 18, crystal 2 [ 74]: (  2.16 -18.23   2.26) pol   82.99 ,  azi  -82.95; pol   82.99 ,  azi  -83.25; modCCdopfac[74] 1.0035
mod 18, crystal 3 [ 75]: ( -3.90 -17.75   3.46) pol   79.22 ,  azi  -78.97; pol   79.22 ,  azi -102.39; modCCdopfac[75] 1.0057
mod 19, crystal 0 [ 76]: (  8.30 -16.51   0.92) pol   87.15 ,  azi  -86.81; pol   87.15 ,  azi  -63.29; modCCdopfac[76] 1.0011
mod 19, crystal 1 [ 77]: (  9.34 -15.15  -5.04) pol  105.79 ,  azi -108.38; pol  105.79 ,  azi  -58.35; modCCdopfac[77] 0.9906
mod 19, crystal 2 [ 78]: ( 13.13 -13.00  -0.92) pol   92.85 ,  azi  -94.05; pol   92.85 ,  azi  -44.71; modCCdopfac[78] 0.9978
mod 19, crystal 3 [ 79]: ( 11.53 -13.57   5.04) pol   74.21 ,  azi  -69.64; pol   74.21 ,  azi  -49.65; modCCdopfac[79] 1.0085
mod 20, crystal 0 [ 80]: ( 16.68  -7.69  -2.26) pol   97.01 ,  azi -106.36; pol   97.01 ,  azi  -24.75; modCCdopfac[80] 0.9954
mod 20, crystal 1 [ 81]: ( 18.09  -1.78  -3.46) pol  100.78 ,  azi -152.82; pol  100.78 ,  azi   -5.61; modCCdopfac[81] 0.9933
mod 20, crystal 2 [ 82]: ( 18.01  -3.58   2.26) pol   82.99 ,  azi  -57.79; pol   82.99 ,  azi  -11.25; modCCdopfac[82] 1.0035
mod 20, crystal 3 [ 83]: ( 15.68  -9.19   3.46) pol   79.22 ,  azi  -69.38; pol   79.22 ,  azi  -30.39; modCCdopfac[83] 1.0057
mod 21, crystal 0 [ 84]: ( 14.30   9.42  -7.02) pol  112.29 ,  azi  126.69; pol  112.29 ,  azi   33.37; modCCdopfac[84] 0.9871
mod 21, crystal 1 [ 85]: ( 14.51   4.37 -10.61) pol  124.98 ,  azi  157.60; pol  124.98 ,  azi   16.77; modCCdopfac[85] 0.9809
mod 21, crystal 2 [ 86]: ( 10.80   8.82 -12.16) pol  131.08 ,  azi  144.04; pol  131.08 ,  azi   39.23; modCCdopfac[86] 0.9782
mod 21, crystal 3 [ 87]: (  9.92  13.38  -8.06) pol  115.82 ,  azi  121.06; pol  115.82 ,  azi   53.45; modCCdopfac[87] 0.9853
mod 22, crystal 0 [ 88]: ( -4.54  16.51  -7.02) pol  112.29 ,  azi  113.03; pol  112.29 ,  azi  105.37; modCCdopfac[88] 0.9871
mod 22, crystal 1 [ 89]: (  0.33  15.15 -10.61) pol  124.98 ,  azi  124.99; pol  124.98 ,  azi   88.77; modCCdopfac[89] 0.9809
mod 22, crystal 2 [ 90]: ( -5.05  13.00 -12.16) pol  131.08 ,  azi  133.08; pol  131.08 ,  azi  111.23; modCCdopfac[90] 0.9782
mod 22, crystal 3 [ 91]: ( -9.66  13.57  -8.06) pol  115.82 ,  azi  120.71; pol  115.82 ,  azi  125.45; modCCdopfac[91] 0.9853
mod 23, crystal 0 [ 92]: (-17.10   0.79  -7.02) pol  112.29 ,  azi  173.61; pol  112.29 ,  azi  177.37; modCCdopfac[92] 0.9871
mod 23, crystal 1 [ 93]: (-14.31   4.99 -10.61) pol  124.98 ,  azi  154.79; pol  124.98 ,  azi  160.77; modCCdopfac[93] 0.9809
mod 23, crystal 2 [ 94]: (-13.92  -0.79 -12.16) pol  131.08 ,  azi -176.30; pol  131.08 ,  azi -176.77; modCCdopfac[94] 0.9782
mod 23, crystal 3 [ 95]: (-15.89  -4.99  -8.06) pol  115.82 ,  azi -148.21; pol  115.82 ,  azi -162.55; modCCdopfac[95] 0.9853
mod 24, crystal 0 [ 96]: ( -6.03 -16.02  -7.02) pol  112.29 ,  azi -113.65; pol  112.29 ,  azi -110.63; modCCdopfac[96] 0.9871
mod 24, crystal 1 [ 97]: ( -9.17 -12.07 -10.61) pol  124.98 ,  azi -131.31; pol  124.98 ,  azi -127.23; modCCdopfac[97] 0.9809
mod 24, crystal 2 [ 98]: ( -3.56 -13.48 -12.16) pol  131.08 ,  azi -132.04; pol  131.08 ,  azi -104.77; modCCdopfac[98] 0.9782
mod 24, crystal 3 [ 99]: ( -0.16 -16.65  -8.06) pol  115.82 ,  azi -115.82; pol  115.82 ,  azi  -90.55; modCCdopfac[99] 0.9853
mod 25, crystal 0 [100]: ( 13.37 -10.69  -7.02) pol  112.29 ,  azi -123.29; pol  112.29 ,  azi  -38.63; modCCdopfac[100] 0.9871
mod 25, crystal 1 [101]: (  8.64 -12.45 -10.61) pol  124.98 ,  azi -130.42; pol  124.98 ,  azi  -55.23; modCCdopfac[101] 0.9809
mod 25, crystal 2 [102]: ( 11.73  -7.55 -12.16) pol  131.08 ,  azi -148.16; pol  131.08 ,  azi  -32.77; modCCdopfac[102] 0.9782
mod 25, crystal 3 [103]: ( 15.79  -5.30  -8.06) pol  115.82 ,  azi -146.67; pol  115.82 ,  azi  -18.55; modCCdopfac[103] 0.9853
mod 26, crystal 0 [104]: (  0.29  10.69 -15.10) pol  144.70 ,  azi  144.71; pol  144.70 ,  azi   88.42; modCCdopfac[104] 0.9732
mod 26, crystal 1 [105]: (  5.62  12.45 -12.47) pol  132.40 ,  azi  135.05; pol  132.40 ,  azi   65.70; modCCdopfac[105] 0.9777
mod 26, crystal 2 [106]: (  5.63   7.55 -15.92) pol  149.40 ,  azi  154.64; pol  149.40 ,  azi   53.28; modCCdopfac[106] 0.9718
mod 26, crystal 3 [107]: (  0.15   5.30 -17.72) pol  163.35 ,  azi  163.36; pol  163.35 ,  azi   88.42; modCCdopfac[107] 0.9688
mod 27, crystal 0 [108]: (-10.07   3.58 -15.10) pol  144.70 ,  azi  166.65; pol  144.70 ,  azi  160.42; modCCdopfac[108] 0.9732
mod 27, crystal 1 [109]: (-10.11   9.19 -12.47) pol  132.40 ,  azi  143.61; pol  132.40 ,  azi  137.70; modCCdopfac[109] 0.9777
mod 27, crystal 2 [110]: ( -5.44   7.69 -15.92) pol  149.40 ,  azi  154.23; pol  149.40 ,  azi  125.28; modCCdopfac[110] 0.9718
mod 27, crystal 3 [111]: ( -4.99   1.78 -17.72) pol  163.35 ,  azi  174.28; pol  163.35 ,  azi  160.42; modCCdopfac[111] 0.9688
mod 28, crystal 0 [112]: ( -6.52  -8.47 -15.10) pol  144.70 ,  azi -150.70; pol  144.70 ,  azi -127.58; modCCdopfac[112] 0.9732
mod 28, crystal 1 [113]: (-11.87  -6.77 -12.47) pol  132.40 ,  azi -151.51; pol  132.40 ,  azi -150.30; modCCdopfac[113] 0.9777
mod 28, crystal 2 [114]: ( -8.99  -2.80 -15.92) pol  149.40 ,  azi -170.04; pol  149.40 ,  azi -162.72; modCCdopfac[114] 0.9718
mod 28, crystal 3 [115]: ( -3.23  -4.20 -17.72) pol  163.35 ,  azi -166.67; pol  163.35 ,  azi -127.58; modCCdopfac[115] 0.9688
mod 29, crystal 0 [116]: (  6.04  -8.82 -15.10) pol  144.70 ,  azi -149.71; pol  144.70 ,  azi  -55.58; modCCdopfac[116] 0.9732
mod 29, crystal 1 [117]: (  2.77 -13.38 -12.47) pol  132.40 ,  azi -133.00; pol  132.40 ,  azi  -78.30; modCCdopfac[117] 0.9777
mod 29, crystal 2 [118]: ( -0.12  -9.42 -15.92) pol  149.40 ,  azi -149.40; pol  149.40 ,  azi  -90.72; modCCdopfac[118] 0.9718
mod 29, crystal 3 [119]: (  3.00  -4.37 -17.72) pol  163.35 ,  azi -166.14; pol  163.35 ,  azi  -55.58; modCCdopfac[119] 0.9688
mod 30, crystal 0 [120]: ( 10.25   3.02 -15.10) pol  144.70 ,  azi  168.68; pol  144.70 ,  azi   16.42; modCCdopfac[120] 0.9732
mod 30, crystal 1 [121]: ( 13.58  -1.50 -12.47) pol  132.40 ,  azi -173.15; pol  132.40 ,  azi   -6.30; modCCdopfac[121] 0.9777
mod 30, crystal 2 [122]: (  8.92  -3.02 -15.92) pol  149.40 ,  azi -169.25; pol  149.40 ,  azi  -18.72; modCCdopfac[122] 0.9718
mod 30, crystal 3 [123]: (  5.08   1.50 -17.72) pol  163.35 ,  azi  175.17; pol  163.35 ,  azi   16.42; modCCdopfac[123] 0.9688
setup signal catcher
started sorting... from disk...

Pars.maxTS=4611686018427387904
got initial header, TS=1062007495 ID: 1 length: 464
read initial payload of siz=464 into event position 1
__ptgd[0]->type= 0; ptgd[0]->length=   0; ptgd[0]->timestamp=0
initial ii=1, nn=1
ev#     0 GEB_TYPE_DECOMP        464Bytes TS=1062133513 curTS=1062007495 dTS= 126018
t0=1062007495
first event: GEB_event.mult=1
   0/ 0: ( 1,GEB_TYPE_DECOMP      ) TS=          1062007495; dT=0
maxTS=8641062007495
that is 86400.0 seconds or 24h0m0s minutes of sorting
GEBGetEv returned st=0
we have read 960 bytes; CurEvNo=1

+++++++++++++++++++++++++++++++
*start event # 1 with multiplicity 1 looks like this:
 0>  1, GEB_TYPE_DECOMP      , TS=1062007495
entered bin_mode2: 1/10
ptinp->pad= 6, (ptinp->pad&0x000000ff)= 6
updated CCadd with    0.00
total number of hits in array: 0
exit bin_mode2
entered bin_mode3 @ event number: 1 
exit bin_mode3
*end of event # 1
+++++++++++++++++++++++++++++++
ev#     1 GEB_TYPE_DECOMP        464Bytes TS=1062134075 curTS=1062133513 dTS= 562
GEBGetEv returned st=0
we have read 1440 bytes; CurEvNo=2

+++++++++++++++++++++++++++++++
*start event # 2 with multiplicity 1 looks like this:
 0>  1, GEB_TYPE_DECOMP      , TS=1062133513
entered bin_mode2: 2/10
ptinp->pad= 6, (ptinp->pad&0x000000ff)= 6
updated CCadd with    0.00
total number of hits in array: 0
exit bin_mode2
entered bin_mode3 @ event number: 2 
exit bin_mode3
*end of event # 2
+++++++++++++++++++++++++++++++
ev#     2 GEB_TYPE_DECOMP        464Bytes TS=1062234679 curTS=1062134075 dTS= 100604
GEBGetEv returned st=0
we have read 1920 bytes; CurEvNo=3

+++++++++++++++++++++++++++++++
*start event # 3 with multiplicity 1 looks like this:
 0>  1, GEB_TYPE_DECOMP      , TS=1062134075
entered bin_mode2: 3/10
ptinp->pad= 6, (ptinp->pad&0x000000ff)= 6
updated CCadd with    0.00
total number of hits in array: 0
exit bin_mode2
entered bin_mode3 @ event number: 3 
exit bin_mode3
*end of event # 3
+++++++++++++++++++++++++++++++
ev#     3 GEB_TYPE_DECOMP        464Bytes TS=1062300241 curTS=1062234679 dTS= 65562
GEBGetEv returned st=0
we have read 2400 bytes; CurEvNo=4

+++++++++++++++++++++++++++++++
*start event # 4 with multiplicity 1 looks like this:
 0>  1, GEB_TYPE_DECOMP      , TS=1062234679
entered bin_mode2: 4/10
ptinp->pad= 6, (ptinp->pad&0x000000ff)= 6
updated CCadd with    0.00
total number of hits in array: 0
exit bin_mode2
entered bin_mode3 @ event number: 4 
exit bin_mode3
*end of event # 4
+++++++++++++++++++++++++++++++
ev#     4 GEB_TYPE_DECOMP        464Bytes TS=1062300245 curTS=1062300241 dTS= 4
ev#     4 GEB_TYPE_DECOMP        464Bytes TS=1062361707 curTS=1062300241 dTS= 61466
GEBGetEv returned st=0
we have read 3360 bytes; CurEvNo=5

+++++++++++++++++++++++++++++++
*start event # 5 with multiplicity 2 looks like this:
 0>  1, GEB_TYPE_DECOMP      , TS=1062300241
 1>  1, GEB_TYPE_DECOMP      , TS=1062300245
entered bin_mode2: 5/10
ptinp->pad= 6, (ptinp->pad&0x000000ff)= 6
ptinp->pad= 6, (ptinp->pad&0x000000ff)= 6
updated CCadd with    0.00
total number of hits in array: 0
exit bin_mode2
entered bin_mode3 @ event number: 5 
exit bin_mode3
*end of event # 5
+++++++++++++++++++++++++++++++
ev#     5 GEB_TYPE_DECOMP        464Bytes TS=1062361789 curTS=1062361707 dTS= 82
ev#     5 GEB_TYPE_DECOMP        464Bytes TS=1062361789 curTS=1062361707 dTS= 82
ev#     5 GEB_TYPE_DECOMP        464Bytes TS=1062362151 curTS=1062361707 dTS= 444
GEBGetEv returned st=0
we have read 4800 bytes; CurEvNo=6

+++++++++++++++++++++++++++++++
*start event # 6 with multiplicity 3 looks like this:
 0>  1, GEB_TYPE_DECOMP      , TS=1062361707
 1>  1, GEB_TYPE_DECOMP      , TS=1062361789
 2>  1, GEB_TYPE_DECOMP      , TS=1062361789
entered bin_mode2: 6/10
ptinp->pad= 6, (ptinp->pad&0x000000ff)= 6
ptinp->pad= 6, (ptinp->pad&0x000000ff)= 6
ptinp->pad= 0, (ptinp->pad&0x000000ff)= 0
good pad value
mode2 data:  2>  1, GEB_TYPE_DECOMP      , TS=1062361789
number of hits: 1
* 2/3, is GEB_TYPE_DECOMP: num=1
__detno: 61, module: 15, crystalNumber: 1
CCenergies[0]= 135.42
* 0:    6.86,  11.45,   8.24 --> GT:  -17.09,   8.02,  -4.33
updated CCadd with  135.42
total number of hits in array: 1
exit bin_mode2
entered bin_mode3 @ event number: 6 
exit bin_mode3
*end of event # 6
+++++++++++++++++++++++++++++++
ev#     6 GEB_TYPE_DECOMP        464Bytes TS=1062381031 curTS=1062362151 dTS= 18880
GEBGetEv returned st=0
we have read 5280 bytes; CurEvNo=7

+++++++++++++++++++++++++++++++
*start event # 7 with multiplicity 1 looks like this:
 0>  1, GEB_TYPE_DECOMP      , TS=1062362151
entered bin_mode2: 7/10
ptinp->pad= 0, (ptinp->pad&0x000000ff)= 0
good pad value
mode2 data:  0>  1, GEB_TYPE_DECOMP      , TS=1062362151
number of hits: 3
* 0/1, is GEB_TYPE_DECOMP: num=3
__detno: 69, module: 17, crystalNumber: 1
CCenergies[0]= 622.51
* 0:  -23.59,   1.13,  10.70 --> GT:  -12.36, -13.40,  -7.48
* 1:  -10.68,  -1.16,  23.48 --> GT:  -12.94, -14.95,  -6.69
* 2:   13.04,  -5.99,  28.33 --> GT:  -12.78, -16.47,  -4.75
updated CCadd with  622.51
total number of hits in array: 3
exit bin_mode2
entered bin_mode3 @ event number: 7 
exit bin_mode3
*end of event # 7
+++++++++++++++++++++++++++++++
ev#     7 GEB_TYPE_DECOMP        464Bytes TS=1062381587 curTS=1062381031 dTS= 556
GEBGetEv returned st=0
we have read 5760 bytes; CurEvNo=8

+++++++++++++++++++++++++++++++
*start event # 8 with multiplicity 1 looks like this:
 0>  1, GEB_TYPE_DECOMP      , TS=1062381031
entered bin_mode2: 8/10
ptinp->pad= 0, (ptinp->pad&0x000000ff)= 0
good pad value
mode2 data:  0>  1, GEB_TYPE_DECOMP      , TS=1062381031
number of hits: 1
* 0/1, is GEB_TYPE_DECOMP: num=1
__detno: 110, module: 27, crystalNumber: 2
CCenergies[0]= 168.96
* 0:  -21.12, -15.14,  20.61 --> GT:   -3.56,   8.76, -18.44
updated CCadd with  168.96
total number of hits in array: 1
exit bin_mode2
entered bin_mode3 @ event number: 8 
exit bin_mode3
*end of event # 8
+++++++++++++++++++++++++++++++
ev#     8 GEB_TYPE_DECOMP        464Bytes TS=1062424703 curTS=1062381587 dTS= 43116
GEBGetEv returned st=0
we have read 6240 bytes; CurEvNo=9

+++++++++++++++++++++++++++++++
*start event # 9 with multiplicity 1 looks like this:
 0>  1, GEB_TYPE_DECOMP      , TS=1062381587
entered bin_mode2: 9/10
ptinp->pad= 0, (ptinp->pad&0x000000ff)= 0
good pad value
mode2 data:  0>  1, GEB_TYPE_DECOMP      , TS=1062381587
number of hits: 1
* 0/1, is GEB_TYPE_DECOMP: num=1
__detno: 87, module: 21, crystalNumber: 3
CCenergies[0]=  69.82
* 0:  -24.57,  13.21,  89.85 --> GT:   12.46,  21.48, -12.11
updated CCadd with   69.82
total number of hits in array: 1
exit bin_mode2
entered bin_mode3 @ event number: 9 
exit bin_mode3
*end of event # 9
+++++++++++++++++++++++++++++++
ev#     9 GEB_TYPE_DECOMP        464Bytes TS=1062424811 curTS=1062424703 dTS= 108
ev#     9 GEB_TYPE_DECOMP        464Bytes TS=1062424815 curTS=1062424703 dTS= 112
ev#     9 GEB_TYPE_DECOMP        464Bytes TS=1062424931 curTS=1062424703 dTS= 228
GEBGetEv returned st=0
we have read 7680 bytes; CurEvNo=10

+++++++++++++++++++++++++++++++
*start event # 10 with multiplicity 3 looks like this:
 0>  1, GEB_TYPE_DECOMP      , TS=1062424703
 1>  1, GEB_TYPE_DECOMP      , TS=1062424811
 2>  1, GEB_TYPE_DECOMP      , TS=1062424815
entered bin_mode2: 10/10
ptinp->pad= 6, (ptinp->pad&0x000000ff)= 6
ptinp->pad= 6, (ptinp->pad&0x000000ff)= 6
ptinp->pad= 6, (ptinp->pad&0x000000ff)= 6
updated CCadd with    0.00
total number of hits in array: 0
exit bin_mode2
entered bin_mode3 @ event number: 10 
exit bin_mode3
*end of event # 10
+++++++++++++++++++++++++++++++
ev#    10 GEB_TYPE_DECOMP        464Bytes TS=1062424931 curTS=1062424931 dTS= 0
ev#    10 GEB_TYPE_DECOMP        464Bytes TS=1062424993 curTS=1062424931 dTS= 62
ev#    10 GEB_TYPE_DECOMP        464Bytes TS=1062425105 curTS=1062424931 dTS= 174
batflag:: TS<Pars.curTS, reset it at event # 12561
TS=1062425365, Pars.curTS=1211732611, DT=-149307246
new Pars.curTS=1062425365
we have read 12960016 bytes so far
batflag:: TS<Pars.curTS, reset it at event # 14026
TS=1113188603, Pars.curTS=1219922047, DT=-106733444
new Pars.curTS=1113188603
we have read 14021864 bytes so far
batflag:: TS<Pars.curTS, reset it at event # 15583
TS=1181265211, Pars.curTS=1226612001, DT=-45346790
new Pars.curTS=1181265211
we have read 15077720 bytes so far
batflag:: TS<Pars.curTS, reset it at event # 16865
TS=1208815635, Pars.curTS=1236491873, DT=-27676238
new Pars.curTS=1208815635
we have read 16147416 bytes so far
ev# 50000 GEB_TYPE_DECOMP        464Bytes TS=1590098571 curTS=1590098547 dTS= 24
ev# 50000 GEB_TYPE_DECOMP        464Bytes TS=1590098695 curTS=1590098547 dTS= 148
ev# 50000 GEB_TYPE_DECOMP        464Bytes TS=1590111537 curTS=1590098547 dTS= 12990
batflag:: TS<Pars.curTS, reset it at event # 57794
TS=851977, Pars.curTS=1671917595, DT=-1671065618
new Pars.curTS=851977
we have read 57017104 bytes so far
ev# 100000 GEB_TYPE_DECOMP        464Bytes TS=2122377465 curTS=2122359199 dTS= 18266
ev# 150000 GEB_TYPE_DECOMP        464Bytes TS=2650096425 curTS=2650093755 dTS= 2670
ev# 200000 GEB_TYPE_DECOMP        464Bytes TS=3175572331 curTS=3175571901 dTS= 430
ev# 250000 GEB_TYPE_DECOMP        464Bytes TS=3717449313 curTS=3717449313 dTS= 0
ev# 250000 GEB_TYPE_DECOMP        464Bytes TS=3717449317 curTS=3717449313 dTS= 4
ev# 250000 GEB_TYPE_DECOMP        464Bytes TS=3717449345 curTS=3717449313 dTS= 32
ev# 250000 GEB_TYPE_DECOMP        464Bytes TS=3717449353 curTS=3717449313 dTS= 40
ev# 250000 GEB_TYPE_GT_MOD29      440Bytes TS=3717449383 curTS=3717449313 dTS= 70
ev# 250000 GEB_TYPE_DECOMP        464Bytes TS=3717449485 curTS=3717449313 dTS= 172
ev# 300000 GEB_TYPE_DECOMP        464Bytes TS=4243847933 curTS=4243847933 dTS= 0
ev# 300000 GEB_TYPE_DECOMP        464Bytes TS=4243847935 curTS=4243847933 dTS= 2
ev# 300000 GEB_TYPE_DECOMP        464Bytes TS=4243848003 curTS=4243847933 dTS= 70
ev# 300000 GEB_TYPE_DECOMP        464Bytes TS=4243848309 curTS=4243847933 dTS= 376
ev# 350000 GEB_TYPE_DECOMP        464Bytes TS=4784018007 curTS=4784018003 dTS= 4
ev# 350000 GEB_TYPE_DECOMP        464Bytes TS=4784018753 curTS=4784018003 dTS= 750
ev# 400000 GEB_TYPE_DECOMP        464Bytes TS=5343966325 curTS=5343945005 dTS= 21320
ev# 450000 GEB_TYPE_DECOMP        464Bytes TS=5907950067 curTS=5907950063 dTS= 4
ev# 450000 GEB_TYPE_DECOMP        464Bytes TS=5907950069 curTS=5907950063 dTS= 6
ev# 450000 GEB_TYPE_DECOMP        464Bytes TS=5907950073 curTS=5907950063 dTS= 10
ev# 450000 GEB_TYPE_DECOMP        464Bytes TS=5907990227 curTS=5907950063 dTS= 40164
ev# 500000 GEB_TYPE_DECOMP        464Bytes TS=6458588369 curTS=6458588367 dTS= 2
ev# 500000 GEB_TYPE_DECOMP        464Bytes TS=6458589693 curTS=6458588367 dTS= 1326
ev# 550000 GEB_TYPE_DECOMP        464Bytes TS=7002479711 curTS=7002479709 dTS= 2
ev# 550000 GEB_TYPE_DECOMP        464Bytes TS=7002479711 curTS=7002479709 dTS= 2
ev# 550000 GEB_TYPE_DECOMP        464Bytes TS=7002479711 curTS=7002479709 dTS= 2
ev# 550000 GEB_TYPE_DECOMP        464Bytes TS=7002479711 curTS=7002479709 dTS= 2
ev# 550000 GEB_TYPE_DECOMP        464Bytes TS=7002479717 curTS=7002479709 dTS= 8
ev# 550000 GEB_TYPE_DECOMP        464Bytes TS=7002480111 curTS=7002479709 dTS= 402
ev# 600000 GEB_TYPE_DECOMP        464Bytes TS=7543319033 curTS=7543313347 dTS= 5686
ev# 650000 GEB_TYPE_DECOMP        464Bytes TS=8097376897 curTS=8097376557 dTS= 340
ev# 700000 GEB_TYPE_DECOMP        464Bytes TS=8665718247 curTS=8665718175 dTS= 72
ev# 700000 GEB_TYPE_DECOMP        464Bytes TS=8665718603 curTS=8665718175 dTS= 428
ev# 750000 GEB_TYPE_DECOMP        464Bytes TS=9226704021 curTS=9226703557 dTS= 464
ev# 800000 GEB_TYPE_DECOMP        464Bytes TS=9784267007 curTS=9784267003 dTS= 4
ev# 800000 GEB_TYPE_DECOMP        464Bytes TS=9784267011 curTS=9784267003 dTS= 8
ev# 800000 GEB_TYPE_DECOMP        464Bytes TS=9784267067 curTS=9784267003 dTS= 64
ev# 800000 GEB_TYPE_DECOMP        464Bytes TS=9784267069 curTS=9784267003 dTS= 66
ev# 800000 GEB_TYPE_DECOMP        464Bytes TS=9784267069 curTS=9784267003 dTS= 66
ev# 800000 GEB_TYPE_DECOMP        464Bytes TS=9784267071 curTS=9784267003 dTS= 68
ev# 800000 GEB_TYPE_DECOMP        464Bytes TS=9784267221 curTS=9784267003 dTS= 218
ev# 850000 GEB_TYPE_DECOMP        464Bytes TS=10335839793 curTS=10335839559 dTS= 234
ev# 900000 GEB_TYPE_DECOMP        464Bytes TS=10897681481 curTS=10897681451 dTS= 30
ev# 900000 GEB_TYPE_DECOMP        464Bytes TS=10897681483 curTS=10897681451 dTS= 32
ev# 900000 GEB_TYPE_DECOMP        464Bytes TS=10897681483 curTS=10897681451 dTS= 32
ev# 900000 GEB_TYPE_DECOMP        464Bytes TS=10897681781 curTS=10897681451 dTS= 330
ev# 950000 GEB_TYPE_DECOMP        464Bytes TS=11464157353 curTS=11464157347 dTS= 6
ev# 950000 GEB_TYPE_DECOMP        464Bytes TS=11464157479 curTS=11464157347 dTS= 132
ev# 950000 GEB_TYPE_DECOMP        464Bytes TS=11464157761 curTS=11464157347 dTS= 414
ev# 1000000 GEB_TYPE_DECOMP        464Bytes TS=12026159793 curTS=12026085733 dTS= 74060
ev# 1050000 GEB_TYPE_DECOMP        464Bytes TS=12594761023 curTS=12594761017 dTS= 6
ev# 1050000 GEB_TYPE_DECOMP        464Bytes TS=12594773189 curTS=12594761017 dTS= 12172
ev# 1100000 GEB_TYPE_DECOMP        464Bytes TS=13161342829 curTS=13161342393 dTS= 436
ev# 1150000 GEB_TYPE_DECOMP        464Bytes TS=13709195359 curTS=13709195189 dTS= 170
ev# 1200000 GEB_TYPE_GT_MOD29      440Bytes TS=14287593979 curTS=14287593691 dTS= 288
ev# 1250000 GEB_TYPE_DECOMP        464Bytes TS=14843133117 curTS=14843133113 dTS= 4
ev# 1250000 GEB_TYPE_GT_MOD29      440Bytes TS=14843133245 curTS=14843133113 dTS= 132
ev# 1250000 GEB_TYPE_DECOMP        464Bytes TS=14843134817 curTS=14843133113 dTS= 1704
ev# 1300000 GEB_TYPE_DECOMP        464Bytes TS=15397868121 curTS=15397868099 dTS= 22
ev# 1300000 GEB_TYPE_DECOMP        464Bytes TS=15397868401 curTS=15397868099 dTS= 302
ev# 1350000 GEB_TYPE_DECOMP        464Bytes TS=15949699017 curTS=15949699015 dTS= 2
ev# 1350000 GEB_TYPE_DECOMP        464Bytes TS=15949731645 curTS=15949699015 dTS= 32630
batflag:: TS<Pars.curTS, reset it at event # 1380406
TS=16227485749, Pars.curTS=16290137719, DT=-62651970
new Pars.curTS=16227485749
we have read 1381388236 bytes so far
batflag:: TS<Pars.curTS, reset it at event # 1381695
TS=16287977819, Pars.curTS=16303073877, DT=-15096058
new Pars.curTS=16287977819
we have read 1382463356 bytes so far
failed to read 16 bytes for header, got 0
 GEBGetEv returned 1
we have read 1384368572 bytes; CurEvNo=1384416

Sorting is done
attempting to save root or map file



mean observed polar and azimuth angles
for the detectors we saw (module,crystal)

------------------------------------------
mean pol/azi angle for detector  56 are   96.73/ 119.49
mean pol/azi angle for detector  57 are  100.39/ 138.29
mean pol/azi angle for detector  58 are   83.37/ 132.68
mean pol/azi angle for detector  59 are   79.50/ 114.06
mean pol/azi angle for detector  60 are   87.44/ 152.62
mean pol/azi angle for detector  61 are  105.23/ 157.69
mean pol/azi angle for detector  62 are   93.22/ 168.24
mean pol/azi angle for detector  63 are   73.80/ 165.98
mean pol/azi angle for detector  68 are   87.14/-134.95
mean pol/azi angle for detector  69 are  105.33/-129.99
mean pol/azi angle for detector  70 are   92.86/-116.89
mean pol/azi angle for detector  71 are   74.15/-121.83
mean pol/azi angle for detector  76 are   87.46/ -63.16
mean pol/azi angle for detector  77 are  105.24/ -58.12
mean pol/azi angle for detector  78 are   92.96/ -44.98
mean pol/azi angle for detector  79 are   74.02/ -49.69
mean pol/azi angle for detector  84 are  112.29/  33.61
mean pol/azi angle for detector  85 are  125.17/  17.35
mean pol/azi angle for detector  86 are  130.67/  39.24
mean pol/azi angle for detector  87 are  115.92/  52.97
mean pol/azi angle for detector  88 are  112.40/ 105.52
mean pol/azi angle for detector  89 are  124.94/  89.35
mean pol/azi angle for detector  90 are  130.76/ 111.14
mean pol/azi angle for detector  91 are  115.79/ 125.00
mean pol/azi angle for detector  96 are  112.56/-110.64
mean pol/azi angle for detector  97 are  124.81/-126.63
mean pol/azi angle for detector  98 are  130.88/-104.93
mean pol/azi angle for detector  99 are  115.82/ -91.02
mean pol/azi angle for detector 100 are  112.40/ -38.61
mean pol/azi angle for detector 101 are  124.74/ -55.00
mean pol/azi angle for detector 102 are  130.65/ -33.03
mean pol/azi angle for detector 103 are  115.79/ -19.05
mean pol/azi angle for detector 104 are  144.46/  88.20
mean pol/azi angle for detector 105 are  132.72/  65.85
mean pol/azi angle for detector 106 are  148.86/  53.88
mean pol/azi angle for detector 107 are  162.33/  88.29
mean pol/azi angle for detector 108 are  144.73/ 160.22
mean pol/azi angle for detector 110 are  149.59/ 125.46
mean pol/azi angle for detector 111 are  162.31/ 109.95
mean pol/azi angle for detector 116 are  144.37/ -55.90
mean pol/azi angle for detector 117 are  132.54/ -78.24
mean pol/azi angle for detector 118 are  148.99/ -90.33
mean pol/azi angle for detector 119 are  162.37/ -56.16
we found 43 crystals
------------------------------------------

minimum pol angle between crystals is  18.65
compactness =  62.79%, 81 of 258
module hit statistics
module  14, crystal 0 was hit     149371 times
module  14, crystal 1 was hit     161901 times
module  14, crystal 2 was hit     157851 times
module  14, crystal 3 was hit     141911 times
module  15, crystal 0 was hit     158123 times
module  15, crystal 1 was hit     147970 times
module  15, crystal 2 was hit     136715 times
module  15, crystal 3 was hit     144057 times
module  17, crystal 0 was hit     121619 times
module  17, crystal 1 was hit     118341 times
module  17, crystal 2 was hit     121150 times
module  17, crystal 3 was hit     124477 times
module  19, crystal 0 was hit     113839 times
module  19, crystal 1 was hit     118719 times
module  19, crystal 2 was hit     141429 times
module  19, crystal 3 was hit        537 times
module  21, crystal 0 was hit     138056 times
module  21, crystal 1 was hit     121088 times
module  21, crystal 2 was hit     144186 times
module  21, crystal 3 was hit     137288 times
module  22, crystal 0 was hit     149034 times
module  22, crystal 1 was hit     138050 times
module  22, crystal 2 was hit     154541 times
module  22, crystal 3 was hit     145803 times
module  24, crystal 0 was hit     127134 times
module  24, crystal 1 was hit     121225 times
module  24, crystal 2 was hit     126780 times
module  24, crystal 3 was hit     117086 times
module  25, crystal 0 was hit     121096 times
module  25, crystal 1 was hit     124514 times
module  25, crystal 2 was hit     120280 times
module  25, crystal 3 was hit     116591 times
module  26, crystal 0 was hit     139154 times
module  26, crystal 1 was hit     134911 times
module  26, crystal 2 was hit     134151 times
module  26, crystal 3 was hit     127393 times
module  27, crystal 0 was hit     143444 times
module  27, crystal 2 was hit     143580 times
module  27, crystal 3 was hit     130592 times
module  29, crystal 0 was hit     119628 times
module  29, crystal 1 was hit     117426 times
module  29, crystal 2 was hit     129028 times
module  29, crystal 3 was hit     116639 times

bin_mode2: pad distribution
__id   0,      2428971, 90.54%
__id   2,          310,  0.01%
__id   3,          726,  0.03%
__id   4,          775,  0.03%
__id   5,         5286,  0.20%
__id   6,        90117,  3.36%
__id 128,       156276,  5.83%
__id 133,          267,  0.01%

bin_mode2 calculated mean CCsum energy to be  757.320 keV
bin_mode2 calculated mean CCadd energy to be 1347.436 keV
attempting to close root file...
Pars.f1->Write();
Pars.f1->Print();
TFile: name=/lcrc/project/HELIOS/gretinafma/root_data/run189.root, title=, option=CREATE
TH1.Print Name  = dtbtev, Entries= 2895233, Total sum= 2.89523e+06
TH1.Print Name  = T0, Entries= 0, Total sum= 0
TH1.Print Name  = hitpat, Entries= 2428971, Total sum= 2.42897e+06
TH1.Print Name  = numHitArray2, Entries= 1384416, Total sum= 1.20572e+06
TH1.Print Name  = CCmult, Entries= 1384416, Total sum= 1.38442e+06
TH1.Print Name  = CCsum, Entries= 5596370, Total sum= 2.42891e+06
TH1.Print Name  = hit2, Entries= 275969, Total sum= 275631
TH1.Print Name  = hit3, Entries= 148756, Total sum= 147686
TH1.Print Name  = hit4, Entries= 81585, Total sum= 79701
TH1.Print Name  = CCsum_nodop, Entries= 5596370, Total sum= 2.4289e+06
TH1.Print Name  = CCadd, Entries= 1384416, Total sum= 1.19153e+06
TH1.Print Name  = SEGadd_FPGA, Entries= 276883200, Total sum= 2.42782e+06
TH1.Print Name  = SEGadd_PSA, Entries= 276883200, Total sum= 2.41485e+06
TH1.Print Name  = SEGsum_FPGA, Entries= 3765323, Total sum= 3.76456e+06
TH1.Print Name  = SEGsum_PSA, Entries= 5596708, Total sum= 5.55046e+06
TH1.Print Name  = radius_all, Entries= 5596703, Total sum= 5.5967e+06
TH1.Print Name  = rate_mode2_min, Entries= 2428970, Total sum= 40482.8
TH1.Print Name  = rate_mode2_sec, Entries= 2428970, Total sum= 2.42897e+06
TH1.Print Name  = rate_mode2_intp, Entries= 2428970, Total sum= 93278.4
TH1.Print Name  = cdtbtev, Entries= 777568, Total sum= 777568
TH1.Print Name  = evsr_all, Entries= 5596703, Total sum= 5.46415e+06
TH1.Print Name  = SMAP_allhits, Entries= 5596708, Total sum= 5.59671e+06
TH1.Print Name  = SMAP_allhits_sq, Entries= 5596708, Total sum= 5.59671e+06
TH1.Print Name  = seghitpat, Entries= 5596708, Total sum= 5.59671e+06
TH1.Print Name  = CCe, Entries= 5596370, Total sum= 2.42891e+06
TH1.Print Name  = ggCC, Entries= 4927974, Total sum= 4.31584e+06
TH1.Print Name  = z_plot, Entries= 5596708, Total sum= 5.59123e+06
TH1.Print Name  = crystal_hit, Entries= 0, Total sum= 0
TH1.Print Name  = SegE, Entries= 5595534, Total sum= 5.59553e+06
TH1.Print Name  = crXcr, Entries= 2464197, Total sum= 2.4642e+06
******************************************************************************
*Tree    :tree      : tree                                                   *
*Entries :    31795 : Total =        11924453 bytes  File  Size =    5540993 *
*        :          : Tree compression factor =   2.15                       *
******************************************************************************
*Br    0 :runNumber : runNumber/I                                            *
*Entries :    31795 : Total  Size=     128005 bytes  File Size  =       1065 *
*Baskets :        4 : Basket Size=      32000 bytes  Compression= 119.70     *
*............................................................................*
*Br    1 :numHits   : numHits/I                                              *
*Entries :    31795 : Total  Size=     127989 bytes  File Size  =       1057 *
*Baskets :        4 : Basket Size=      32000 bytes  Compression= 120.60     *
*............................................................................*
*Br    2 :left      : left[numHits]/F                                        *
*Entries :    31795 : Total  Size=     256000 bytes  File Size  =     113121 *
*Baskets :       12 : Basket Size=      32000 bytes  Compression=   2.26     *
*............................................................................*
*Br    3 :right     : right[numHits]/F                                       *
*Entries :    31795 : Total  Size=     256016 bytes  File Size  =     112262 *
*Baskets :       12 : Basket Size=      32000 bytes  Compression=   2.27     *
*............................................................................*
*Br    4 :up        : up[numHits]/F                                          *
*Entries :    31795 : Total  Size=     255968 bytes  File Size  =     114102 *
*Baskets :       12 : Basket Size=      32000 bytes  Compression=   2.24     *
*............................................................................*
*Br    5 :down      : down[numHits]/F                                        *
*Entries :    31795 : Total  Size=     256000 bytes  File Size  =     114641 *
*Baskets :       12 : Basket Size=      32000 bytes  Compression=   2.23     *
*............................................................................*
*Br    6 :e1        : e1[numHits]/F                                          *
*Entries :    31795 : Total  Size=     255968 bytes  File Size  =     112993 *
*Baskets :       12 : Basket Size=      32000 bytes  Compression=   2.26     *
*............................................................................*
*Br    7 :e2        : e2[numHits]/F                                          *
*Entries :    31795 : Total  Size=     255968 bytes  File Size  =     110988 *
*Baskets :       12 : Basket Size=      32000 bytes  Compression=   2.30     *
*............................................................................*
*Br    8 :e3        : e3[numHits]/F                                          *
*Entries :    31795 : Total  Size=     255968 bytes  File Size  =     108386 *
*Baskets :       12 : Basket Size=      32000 bytes  Compression=   2.36     *
*............................................................................*
*Br    9 :tac       : tac[numHits]/F                                         *
*Entries :    31795 : Total  Size=     255984 bytes  File Size  =     112882 *
*Baskets :       12 : Basket Size=      32000 bytes  Compression=   2.26     *
*............................................................................*
*Br   10 :fmaDeltaTime : fmaDeltaTime[numHits]/F                             *
*Entries :    31795 : Total  Size=     256128 bytes  File Size  =     147926 *
*Baskets :       12 : Basket Size=      32000 bytes  Compression=   1.73     *
*............................................................................*
*Br   11 :fmaMult   : fmaMult[10]/I                                          *
*Entries :    31795 : Total  Size=    1276045 bytes  File Size  =      19493 *
*Baskets :       40 : Basket Size=      32000 bytes  Compression=  65.40     *
*............................................................................*
*Br   12 :gammaMult : gammaMult/I                                            *
*Entries :    31795 : Total  Size=     128005 bytes  File Size  =      20985 *
*Baskets :        4 : Basket Size=      32000 bytes  Compression=   6.08     *
*............................................................................*
*Br   13 :gammaEnergy : gammaEnergy[gammaMult]/F                             *
*Entries :    31795 : Total  Size=     412442 bytes  File Size  =     310305 *
*Baskets :       17 : Basket Size=      32000 bytes  Compression=   1.33     *
*............................................................................*
*Br   14 :gammaTimestamp : gammaTimestamp[gammaMult]/F                       *
*Entries :    31795 : Total  Size=     412505 bytes  File Size  =     175486 *
*Baskets :       17 : Basket Size=      32000 bytes  Compression=   2.35     *
*............................................................................*
*Br   15 :deltaTime : deltaTime[gammaMult]/F                                 *
*Entries :    31795 : Total  Size=     412400 bytes  File Size  =     157276 *
*Baskets :       17 : Basket Size=      32000 bytes  Compression=   2.62     *
*............................................................................*
*Br   16 :gebMult   : gebMult/I                                              *
*Entries :    31795 : Total  Size=     127989 bytes  File Size  =      21548 *
*Baskets :        4 : Basket Size=      32000 bytes  Compression=   5.92     *
*............................................................................*
*Br   17 :crysType  : crysType[gebMult]/I                                    *
*Entries :    31795 : Total  Size=     428339 bytes  File Size  =      75370 *
*Baskets :       18 : Basket Size=      32000 bytes  Compression=   5.67     *
*............................................................................*
*Br   18 :crysId    : crysId[gebMult]/I                                      *
*Entries :    31795 : Total  Size=     428295 bytes  File Size  =     168979 *
*Baskets :       18 : Basket Size=      32000 bytes  Compression=   2.53     *
*............................................................................*
*Br   19 :crysNum   : crysNum[gebMult]/I                                     *
*Entries :    31795 : Total  Size=     428317 bytes  File Size  =     127167 *
*Baskets :       18 : Basket Size=      32000 bytes  Compression=   3.36     *
*............................................................................*
*Br   20 :crysTot_e : crysTot_e[gebMult]/F                                   *
*Entries :    31795 : Total  Size=     428368 bytes  File Size  =     317677 *
*Baskets :       18 : Basket Size=      32000 bytes  Compression=   1.35     *
*............................................................................*
*Br   21 :crysPolAngle : crysPolAngle[gebMult]/F                             *
*Entries :    31795 : Total  Size=     428434 bytes  File Size  =     155803 *
*Baskets :       18 : Basket Size=      32000 bytes  Compression=   2.74     *
*............................................................................*
*Br   22 :intMaxX   : intMaxX[gebMult]/F                                     *
*Entries :    31795 : Total  Size=     428324 bytes  File Size  =     320945 *
*Baskets :       18 : Basket Size=      32000 bytes  Compression=   1.33     *
*............................................................................*
*Br   23 :intMaxY   : intMaxY[gebMult]/F                                     *
*Entries :    31795 : Total  Size=     428324 bytes  File Size  =     317768 *
*Baskets :       18 : Basket Size=      32000 bytes  Compression=   1.35     *
*............................................................................*
*Br   24 :intMaxZ   : intMaxZ[gebMult]/F                                     *
*Entries :    31795 : Total  Size=     428324 bytes  File Size  =     318941 *
*Baskets :       18 : Basket Size=      32000 bytes  Compression=   1.34     *
*............................................................................*
*Br   25 :intMaxE   : intMaxE[gebMult]/F                                     *
*Entries :    31795 : Total  Size=     428324 bytes  File Size  =     317538 *
*Baskets :       18 : Basket Size=      32000 bytes  Compression=   1.35     *
*............................................................................*
*Br   26 :intMaxSeg : intMaxSeg[gebMult]/I                                   *
*Entries :    31795 : Total  Size=     428361 bytes  File Size  =     162893 *
*Baskets :       18 : Basket Size=      32000 bytes  Compression=   2.62     *
*............................................................................*
*Br   27 :intMaxSegE : intMaxSegE[gebMult]/F                                 *
*Entries :    31795 : Total  Size=     428390 bytes  File Size  =     317874 *
*Baskets :       18 : Basket Size=      32000 bytes  Compression=   1.34     *
*............................................................................*
*Br   28 :crysTimestamp : crysTimestamp[gebMult]/L                           *
*Entries :    31795 : Total  Size=     728292 bytes  File Size  =     335231 *
*Baskets :       27 : Basket Size=      32000 bytes  Compression=   2.17     *
*............................................................................*
*Br   29 :crysTrigtime : crysTrigtime[gebMult]/D                             *
*Entries :    31795 : Total  Size=     728261 bytes  File Size  =     538962 *
*Baskets :       27 : Basket Size=      32000 bytes  Compression=   1.35     *
*............................................................................*
*Br   30 :crysT0    : crysT0[gebMult]/F                                      *
*Entries :    31795 : Total  Size=     428302 bytes  File Size  =     304870 *
*Baskets :       18 : Basket Size=      32000 bytes  Compression=   1.40     *
*............................................................................*
TH1.Print Name  = eCC_a, Entries= 0, Total sum= 0
TH1.Print Name  = eCC_b, Entries= 0, Total sum= 0
TH1.Print Name  = eCC_c, Entries= 0, Total sum= 0
TH1.Print Name  = eCC_d, Entries= 209575, Total sum= 0
TH1.Print Name  = eSeg, Entries= 0, Total sum= 0
TH1.Print Name  = mode3_hitpat, Entries= 2119507, Total sum= 0
TH1.Print Name  = mode3_hitpat_chan, Entries= 2119507, Total sum= 2.11951e+06
TH1.Print Name  = chan0, Entries= 0, Total sum= 0
TH1.Print Name  = module, Entries= 2119507, Total sum= 2.11951e+06
TH1.Print Name  = chan, Entries= 2119507, Total sum= 2.11646e+06
TH1.Print Name  = l, Entries= 211951, Total sum= 211919
TH1.Print Name  = r, Entries= 211951, Total sum= 211949
TH1.Print Name  = up, Entries= 211951, Total sum= 211950
TH1.Print Name  = down, Entries= 211951, Total sum= 211950
TH1.Print Name  = sumlr, Entries= 206757, Total sum= 206757
TH1.Print Name  = sumud, Entries= 199469, Total sum= 199469
TH1.Print Name  = x, Entries= 206757, Total sum= 206757
TH1.Print Name  = y, Entries= 199469, Total sum= 199469
TH1.Print Name  = de1, Entries= 211950, Total sum= 211937
TH1.Print Name  = de2, Entries= 211950, Total sum= 211950
TH1.Print Name  = de3, Entries= 211951, Total sum= 211563
TH1.Print Name  = de12, Entries= 187618, Total sum= 187618
TH1.Print Name  = etot, Entries= 187618, Total sum= 187618
TH1.Print Name  = rftof, Entries= 211951, Total sum= 209576
TH1.Print Name  = lr, Entries= 1384416, Total sum= 1.38438e+06
TH1.Print Name  = ud, Entries= 1384416, Total sum= 1.38442e+06
TH1.Print Name  = ede1, Entries= 187618, Total sum= 187618
TH1.Print Name  = ede1g, Entries= 22830, Total sum= 22829
TH1.Print Name  = ede2, Entries= 187618, Total sum= 187618
TH1.Print Name  = ede12, Entries= 187618, Total sum= 187618
TH1.Print Name  = xde1, Entries= 187618, Total sum= 187618
TH1.Print Name  = erftof, Entries= 1384416, Total sum= 1.38204e+06
TH1.Print Name  = erftofg, Entries= 9729, Total sum= 9582
TH1.Print Name  = sumehi, Entries= 2428971, Total sum= 2.42895e+06
TH1.Print Name  = tgppac, Entries= 2428971, Total sum= 184073
TH1.Print Name  = tgppacg, Entries= 22830, Total sum= 22830
TH1.Print Name  = xehi1, Entries= 2428971, Total sum= 2.42895e+06
TH1.Print Name  = xehi1g, Entries= 22830, Total sum= 22830
TH1.Print Name  = de1ehi, Entries= 2428971, Total sum= 2.42893e+06
TH1.Print Name  = de1ehig, Entries= 22830, Total sum= 22829
TH1.Print Name  = ng, Entries= 1384416, Total sum= 1.38442e+06
TH1.Print Name  = ehiz1, Entries= 0, Total sum= 0
TH1.Print Name  = ehiz2, Entries= 0, Total sum= 0
TH1.Print Name  = ehiz3, Entries= 0, Total sum= 0
TH1.Print Name  = ehiz4, Entries= 0, Total sum= 0
TH1.Print Name  = ehiz5, Entries= 0, Total sum= 0
TH1.Print Name  = gg_dt, Entries= 21077, Total sum= 21077
TH1.Print Name  = gg, Entries= 42154, Total sum= 41608
TH1.Print Name  = gg_z1, Entries= 0, Total sum= 0
TH1.Print Name  = gg_z2, Entries= 0, Total sum= 0
TH1.Print Name  = gg_z3, Entries= 0, Total sum= 0
TH1.Print Name  = gg_z4, Entries= 0, Total sum= 0
TH1.Print Name  = gg_z5, Entries= 0, Total sum= 0
Pars.f1->Close();
done saving rootfile "/lcrc/project/HELIOS/gretinafma/root_data/run189.root


read 1384416 events; Pars.beta=0.0330; time since last update 1 minutes
CommandFileName="GEBSort.command"

sorted timestamp range 1062007495-->16351006171: 15288998676
that is 152.9 seconds or 0h2m32s
^^^^^ any timestamp jumps will upset this accounting

hit statistics per type
 1 GEB_TYPE_DECOMP          2682728 ;  17546.79 Hz 
 8 GEB_TYPE_GT_MOD29         212523 ;   1390.04 Hz 
read a total of              2895251 ; header/payloads


nn1=0
nn2=2895252
nn3=2895252

nok_validate= 1384416, ntot_validate=1384416; validate fraction 100.00%

bytes read=1384368572, 1320.236752 MB

boniva sancta! ...GEBSort (unexpectedly) did not crash!

 ** GEBSort is done at 
